CONFORMER         crg  vdw0  vdw1  tors  epol  self   occ  Hb     history    ASA
LYS01A0012_001  0.000-12.08  0.42  0.88  0.00-10.78 0.502  00  01O000M000  1.000
LYS01A0012_002  0.000-10.80  1.65  1.49  0.00 -7.67 0.501  00  01E01FM000  1.000
LYS01A0012_003  0.000-10.81  5.29  4.13  0.00 -1.40 0.501  00  01E020M000  1.000
LYS01A0012_004  0.000-11.61  1.95  4.24  0.00 -5.42 0.502  00  01E055M000  1.000
LYS01A0012_005  0.000-11.76  2.12  3.67  0.00 -5.97 0.502  00  01E07CM000  1.000
LYS01A0012_006  0.000-11.92  1.76  0.94  0.00 -9.23 0.502  00  01E090M000  1.000
LYS01A0012_007  0.000 -9.74  5.11  4.09  0.00 -0.55 0.501  00  01E0CDM000  1.000
LYS01A0012_008  0.000 -9.05  0.59  1.57  0.00 -6.89 0.501  00  01E0EFM000  1.000
LYS01A0012_009  0.000 -7.51  1.65  2.13  0.00 -3.74 0.501  00  01E11DM000  1.000
LYS01A0012_010  0.000-10.62  1.65  1.57  0.00 -7.40 0.501  00  01E134M000  1.000
LYS01A0012_011  0.000-10.72  1.74  4.24  0.00 -4.75 0.502  00  01E13CM000  1.000
LYS01A0012_012  0.000 -9.87  1.14  4.33  0.00 -4.40 0.502  00  01E146M000  1.000
LYS01A0012_013  0.000-10.72  1.88  7.03  0.00 -1.81 0.501  00  01E163M000  1.000
LYS01A0012_014  0.000-11.62  2.32  1.57  0.00 -7.73 0.501  00  01T032M000  1.000
LYS01A0012_015  0.000 -6.70  0.75  3.54  0.00 -2.41 0.502  00  01T06CM000  1.000
LYS01A0012_016  0.000-10.74  2.21  6.92  0.00 -1.62 0.502  00  01T09CM000  1.000
LYS01A0012_017  0.000 -9.76  0.38  4.37  0.00 -5.01 0.501  00  01T0F1M000  1.000
LYS01A0012_018  0.000 -8.12  0.57  2.12  0.00 -5.44 0.501  00  01T10EM000  1.000
LYS01A0012_019  0.000 -8.05  1.98  4.82  0.00 -1.25 0.502  00  01T128M000  1.000
LYS01A0012_020  0.000-10.68  2.05  6.94  0.00 -1.70 0.502  00  01T15AM000  1.000
LYS+1A0012_021  1.000-12.12  0.42  0.88  0.00-10.82 0.502  00  +1O000M000  1.000
LYS+1A0012_022  1.000-10.85  1.65  1.49  0.00 -7.72 0.501  00  +1E01FM000  1.000
LYS+1A0012_023  1.000 -6.80  0.74  3.55  0.00 -2.51 0.502  00  +1E06CM000  1.000
LYS+1A0012_024  1.000-11.99  1.76  0.94  0.00 -9.29 0.502  00  +1E090M000  1.000
LYS+1A0012_025  1.000 -9.86  5.10  4.10  0.00 -0.67 0.501  00  +1E0CDM000  1.000
LYS+1A0012_026  1.000 -9.12  0.58  1.57  0.00 -6.97 0.501  00  +1E0EFM000  1.000
LYS+1A0012_027  1.000 -9.84  0.37  4.37  0.00 -5.10 0.501  00  +1E0F1M000  1.000
LYS+1A0012_028  1.000 -8.22  0.56  2.12  0.00 -5.53 0.501  00  +1E10EM000  1.000
LYS+1A0012_029  1.000 -7.74  1.64  2.13  0.00 -3.98 0.501  00  +1E11DM000  1.000
LYS+1A0012_030  1.000 -8.17  1.96  4.84  0.00 -1.36 0.502  00  +1E128M000  1.000
LYS+1A0012_031  1.000-10.73  1.63  1.57  0.00 -7.53 0.501  00  +1E134M000  1.000
LYS+1A0012_032  1.000-10.84  1.77  4.26  0.00 -4.81 0.502  00  +1E13CM000  1.000
LYS+1A0012_033  1.000 -9.96  1.14  4.33  0.00 -4.48 0.502  00  +1E146M000  1.000
LYS+1A0012_034  1.000-10.81  2.04  6.94  0.00 -1.82 0.502  00  +1E15AM000  1.000
LYS+1A0012_035  1.000-10.77  1.88  7.04  0.00 -1.86 0.501  00  +1E163M000  1.000
LYS+1A0012_036  1.000-10.86  5.29  4.13  0.00 -1.44 0.501  00  +1T020M000  1.000
LYS+1A0012_037  1.000-11.62  2.39  1.58  0.00 -7.65 0.501  00  +1T032M000  1.000
LYS+1A0012_038  1.000-11.65  1.95  4.24  0.00 -5.46 0.502  00  +1T055M000  1.000
LYS+1A0012_039  1.000-11.83  2.12  3.69  0.00 -6.01 0.502  00  +1T07CM000  1.000
LYS+1A0012_040  1.000-10.83  2.21  6.93  0.00 -1.69 0.502  00  +1T09CM000  1.000
