iConf CONFORMER     FL  occ    crg   Em0  pKa0 ne nH    vdw0    vdw1    tors    epol   dsolv   extra    history
00001 LYS01A0012_001 f 0.00  0.000     0  0.00  0  0 -12.023   0.424   0.875  -0.008  -0.079   0.000 01O000M000t
00002 LYS01A0012_002 f 0.00  0.000     0  0.00  0  0 -10.799   1.645   1.486  -0.002  -0.047   0.000 01E01FM000t
00003 LYS01A0012_003 f 0.00  0.000     0  0.00  0  0 -10.869   5.297   4.130  -0.012  -0.084   0.000 01E020M000t
00004 LYS01A0012_004 f 0.00  0.000     0  0.00  0  0 -11.602   1.953   4.238  -0.014  -0.057   0.000 01E055M000t
00005 LYS01A0012_005 f 0.00  0.000     0  0.00  0  0 -11.757   2.116   3.674  -0.016  -0.053   0.000 01E07CM000t
00006 LYS01A0012_006 f 0.00  0.000     0  0.00  0  0 -11.922   1.760   0.936  -0.038  -0.053   0.000 01E090M000t
00007 LYS01A0012_007 f 0.00  0.000     0  0.00  0  0  -9.739   5.107   4.088  -0.030   0.078   0.000 01E0CDM000t
00008 LYS01A0012_008 f 0.00  0.000     0  0.00  0  0  -9.044   0.584   1.566  -0.025   0.108   0.000 01E0EFM000t
00009 LYS01A0012_009 f 0.00  0.000     0  0.00  0  0  -7.504   1.643   2.131  -0.007   0.101   0.000 01E11DM000t
00010 LYS01A0012_010 f 0.00  0.000     0  0.00  0  0 -10.616   1.648   1.572  -0.118   0.029   0.000 01E134M000t
00011 LYS01A0012_011 f 0.00  0.000     0  0.00  0  0 -10.729   1.739   4.235  -0.030  -0.125   0.000 01E13CM000t
00012 LYS01A0012_012 f 0.00  0.000     0  0.00  0  0  -9.867   1.149   4.326  -0.019   0.036   0.000 01E146M000t
00013 LYS01A0012_013 f 0.00  0.000     0  0.00  0  0 -10.659   1.888   7.034  -0.018  -0.070   0.000 01E163M000t
00014 LYS01A0012_014 f 0.00  0.000     0  0.00  0  0 -11.620   2.324   1.575  -0.017   0.066   0.000 01T032M000t
00015 LYS01A0012_015 f 0.00  0.000     0  0.00  0  0  -6.705   0.748   3.545  -0.013  -0.093   0.000 01T06CM000t
00016 LYS01A0012_016 f 0.00  0.000     0  0.00  0  0 -10.780   2.214   6.917  -0.016   0.032   0.000 01T09CM000t
00017 LYS01A0012_017 f 0.00  0.000     0  0.00  0  0  -9.757   0.382   4.367  -0.045   0.116   0.000 01T0F1M000t
00018 LYS01A0012_018 f 0.00  0.000     0  0.00  0  0  -8.123   0.571   2.120  -0.007  -0.055   0.000 01T10EM000t
00019 LYS01A0012_019 f 0.00  0.000     0  0.00  0  0  -8.038   1.976   4.824  -0.005  -0.009   0.000 01T128M000t
00020 LYS01A0012_020 f 0.00  0.000     0  0.00  0  0 -10.633   2.056   6.937  -0.057  -0.026   0.000 01T15AM000t
00021 LYS+1A0012_021 f 0.00  1.000     0 10.40  0  1 -12.068   0.423   0.875   0.043  -0.228   0.000 +1O000M000t
00022 LYS+1A0012_022 f 0.00  1.000     0 10.40  0  1 -10.845   1.650   1.486   0.012  -0.275   0.000 +1E01FM000t
00023 LYS+1A0012_023 f 0.00  1.000     0 10.40  0  1  -6.785   0.741   3.551   0.131   0.108   0.000 +1E06CM000t
00024 LYS+1A0012_024 f 0.00  1.000     0 10.40  0  1 -11.994   1.762   0.939   0.145  -0.067   0.000 +1E090M000t
00025 LYS+1A0012_025 f 0.00  1.000     0 10.40  0  1  -9.868   5.098   4.097  -0.041   0.201   0.000 +1E0CDM000t
00026 LYS+1A0012_026 f 0.00  1.000     0 10.40  0  1  -9.119   0.582   1.567   0.075   0.186   0.000 +1E0EFM000t
00027 LYS+1A0012_027 f 0.00  1.000     0 10.40  0  1  -9.841   0.375   4.371   0.219   0.019   0.000 +1E0F1M000t
00028 LYS+1A0012_028 f 0.00  1.000     0 10.40  0  1  -8.213   0.566   2.122   0.062   0.245   0.000 +1E10EM000t
00029 LYS+1A0012_029 f 0.00  1.000     0 10.40  0  1  -7.700   1.639   2.130  -0.132   0.071   0.000 +1E11DM000t
00030 LYS+1A0012_030 f 0.00  1.000     0 10.40  0  1  -8.166   1.964   4.842  -0.024  -0.326   0.000 +1E128M000t
00031 LYS+1A0012_031 f 0.00  1.000     0 10.40  0  1 -10.734   1.635   1.573   0.402   0.031   0.000 +1E134M000t
00032 LYS+1A0012_032 f 0.00  1.000     0 10.40  0  1 -10.842   1.765   4.259   0.132  -0.143   0.000 +1E13CM000t
00033 LYS+1A0012_033 f 0.00  1.000     0 10.40  0  1  -9.962   1.144   4.330   0.080  -0.182   0.000 +1E146M000t
00034 LYS+1A0012_034 f 0.00  1.000     0 10.40  0  1 -10.806   2.046   6.939   0.431   0.109   0.000 +1E15AM000t
00035 LYS+1A0012_035 f 0.00  1.000     0 10.40  0  1 -10.778   1.878   7.037   0.109  -0.108   0.000 +1E163M000t
00036 LYS+1A0012_036 f 0.00  1.000     0 10.40  0  1 -10.859   5.300   4.131   0.055  -0.243   0.000 +1T020M000t
00037 LYS+1A0012_037 f 0.00  1.000     0 10.40  0  1 -11.671   2.395   1.575   0.107  -0.199   0.000 +1T032M000t
00038 LYS+1A0012_038 f 0.00  1.000     0 10.40  0  1 -11.652   1.955   4.239   0.100  -0.218   0.000 +1T055M000t
00039 LYS+1A0012_039 f 0.00  1.000     0 10.40  0  1 -11.830   2.126   3.693   0.093  -0.184   0.000 +1T07CM000t
00040 LYS+1A0012_040 f 0.00  1.000     0 10.40  0  1 -10.832   2.212   6.930   0.071  -0.250   0.000 +1T09CM000t
