   confID        vdw0    sas     sum
LYS01A0012_001   0.604 -12.627 -12.023
LYS01A0012_002   1.561 -12.360 -10.799
LYS01A0012_003   1.543 -12.411 -10.869
LYS01A0012_004   1.411 -13.013 -11.602
LYS01A0012_005   0.905 -12.662 -11.757
LYS01A0012_006   1.215 -13.137 -11.922
LYS01A0012_007   2.332 -12.071  -9.739
LYS01A0012_008   3.050 -12.094  -9.044
LYS01A0012_009   4.590 -12.094  -7.504
LYS01A0012_010   2.235 -12.850 -10.616
LYS01A0012_011   2.140 -12.869 -10.729
LYS01A0012_012   2.278 -12.144  -9.867
LYS01A0012_013   2.126 -12.785 -10.659
LYS01A0012_014   1.387 -13.007 -11.620
LYS01A0012_015   5.521 -12.226  -6.705
LYS01A0012_016   1.621 -12.402 -10.780
LYS01A0012_017   2.379 -12.136  -9.757
LYS01A0012_018   4.338 -12.461  -8.123
LYS01A0012_019   4.486 -12.524  -8.038
LYS01A0012_020   2.118 -12.751 -10.633
LYS+1A0012_021   0.559 -12.627 -12.068
LYS+1A0012_022   1.515 -12.360 -10.845
LYS+1A0012_023   5.441 -12.226  -6.785
LYS+1A0012_024   1.142 -13.137 -11.994
LYS+1A0012_025   2.254 -12.123  -9.868
LYS+1A0012_026   2.975 -12.094  -9.119
LYS+1A0012_027   2.308 -12.148  -9.841
LYS+1A0012_028   4.261 -12.474  -8.213
LYS+1A0012_029   4.512 -12.213  -7.700
LYS+1A0012_030   4.423 -12.589  -8.166
LYS+1A0012_031   2.168 -12.902 -10.734
LYS+1A0012_032   2.094 -12.936 -10.842
LYS+1A0012_033   2.234 -12.196  -9.962
LYS+1A0012_034   2.064 -12.870 -10.806
LYS+1A0012_035   2.075 -12.853 -10.778
LYS+1A0012_036   1.501 -12.360 -10.859
LYS+1A0012_037   1.336 -13.007 -11.671
LYS+1A0012_038   1.361 -13.013 -11.652
LYS+1A0012_039   0.855 -12.685 -11.830
LYS+1A0012_040   1.570 -12.402 -10.832
