CONFORMER         crg  vdw0  vdw1  tors  epol  self   occ  Hb     history    ASA
LYS01A0131_001  0.000 -3.74  0.32  4.20  0.00  0.78 0.000  00  01O000M000  1.000
LYS01A0131_002  0.000-12.04  1.68  6.04  0.00 -4.32 0.501  00  01E04AM000  1.000
LYS01A0131_003  0.000-11.17  0.38  1.62  0.00 -9.17 0.502  00  01E065M000  1.000
LYS01A0131_004  0.000-11.48  3.52  4.70  0.00 -3.26 0.501  00  01E0D0M000  1.000
LYS01A0131_005  0.000-10.86  4.23  1.94  0.00 -4.68 0.502  00  01E0D1M000  1.000
LYS01A0131_006  0.000-11.13  3.86  2.19  0.00 -5.08 0.501  00  01E0FCM000  1.000
LYS01A0131_007  0.000-12.30  2.79  1.71  0.00 -7.81 0.501  00  01E11AM000  1.000
LYS01A0131_008  0.000-10.03  1.89  5.15  0.00 -2.99 0.502  00  01E123M000  1.000
LYS01A0131_009  0.000 -9.87  1.87  2.21  0.00 -5.79 0.501  00  01E134M000  1.000
LYS01A0131_010  0.000-11.94  1.41  1.46  0.00 -9.07 0.501  00  01T023M000  1.000
LYS01A0131_011  0.000-11.09  3.81  1.94  0.00 -5.34 0.502  00  01T030M000  1.000
LYS01A0131_012  0.000-10.90  2.47  6.45  0.00 -1.98 0.501  00  01T054M000  1.000
LYS01A0131_013  0.000-11.07  0.31  1.04  0.00 -9.72 0.501  00  01T05CM000  1.000
LYS01A0131_014  0.000-11.14  3.49  4.08  0.00 -3.57 0.501  00  01T082M000  1.000
LYS01A0131_015  0.000-10.70  3.42  1.63  0.00 -5.66 0.501  00  01T088M000  1.000
LYS01A0131_016  0.000 -9.96  3.87  2.42  0.00 -3.67 0.501  00  01T0ECM000  1.000
LYS01A0131_017  0.000-10.65  4.47  4.91  0.00 -1.27 0.501  00  01T0EFM000  1.000
LYS01A0131_018  0.000 -9.82  1.60  2.41  0.00 -5.81 0.501  00  01T108M000  1.000
LYS01A0131_019  0.000 -7.22  1.16  4.39  0.00 -1.67 0.502  00  01T109M000  1.000
LYS01A0131_020  0.000-10.26  1.50  4.38  0.00 -4.37 0.501  00  01T131M000  1.000
LYS+1A0131_021  1.000 -3.77  0.32  4.20  0.00  0.75 0.000  00  +1O000M000  1.000
LYS+1A0131_022  1.000-12.01  1.39  1.47  0.00 -9.15 0.501  00  +1E023M000  1.000
LYS+1A0131_023  1.000-11.95  1.65  6.06  0.00 -4.23 0.501  00  +1E04AM000  1.000
LYS+1A0131_024  1.000-11.25  0.38  1.62  0.00 -9.25 0.502  00  +1E065M000  1.000
LYS+1A0131_025  1.000-11.48  3.53  4.71  0.00 -3.24 0.501  00  +1E0D0M000  1.000
LYS+1A0131_026  1.000-10.95  4.19  1.95  0.00 -4.82 0.502  00  +1E0D1M000  1.000
LYS+1A0131_027  1.000-10.71  4.47  4.91  0.00 -1.33 0.501  00  +1E0EFM000  1.000
LYS+1A0131_028  1.000-11.19  3.88  2.21  0.00 -5.10 0.501  00  +1E0FCM000  1.000
LYS+1A0131_029  1.000-10.07  1.87  5.17  0.00 -3.04 0.502  00  +1E123M000  1.000
LYS+1A0131_030  1.000-10.12  1.53  4.48  0.00 -4.11 0.501  00  +1E131M000  1.000
LYS+1A0131_031  1.000 -9.91  1.87  2.21  0.00 -5.83 0.501  00  +1E134M000  1.000
LYS+1A0131_032  1.000-11.20  3.84  1.95  0.00 -5.41 0.502  00  +1T030M000  1.000
LYS+1A0131_033  1.000-10.91  2.46  6.46  0.00 -1.99 0.501  00  +1T054M000  1.000
LYS+1A0131_034  1.000-11.10  0.30  1.05  0.00 -9.75 0.501  00  +1T05CM000  1.000
LYS+1A0131_035  1.000-11.25  3.48  4.09  0.00 -3.68 0.501  00  +1T082M000  1.000
LYS+1A0131_036  1.000-10.77  3.41  1.63  0.00 -5.73 0.501  00  +1T088M000  1.000
LYS+1A0131_037  1.000-10.00  3.87  2.43  0.00 -3.71 0.501  00  +1T0ECM000  1.000
LYS+1A0131_038  1.000 -9.87  1.60  2.42  0.00 -5.85 0.501  00  +1T108M000  1.000
LYS+1A0131_039  1.000 -7.37  1.16  4.43  0.00 -1.78 0.502  00  +1T109M000  1.000
LYS+1A0131_040  1.000-12.36  2.81  1.72  0.00 -7.83 0.501  00  +1T11AM000  1.000
