iConf CONFORMER     FL  occ    crg   Em0  pKa0 ne nH    vdw0    vdw1    tors    epol   dsolv   extra    history
00001 LYS01A0131_001 f 0.00  0.000     0  0.00  0  0  -3.730   0.324   4.203  -0.000   0.025   0.000 01O000M000t
00002 LYS01A0131_002 f 0.00  0.000     0  0.00  0  0 -12.032   1.676   6.038  -0.031  -0.109   0.000 01E04AM000t
00003 LYS01A0131_003 f 0.00  0.000     0  0.00  0  0 -11.176   0.381   1.620  -0.009   0.013   0.000 01E065M000t
00004 LYS01A0131_004 f 0.00  0.000     0  0.00  0  0 -11.480   3.516   4.699  -0.113  -0.034   0.000 01E0D0M000t
00005 LYS01A0131_005 f 0.00  0.000     0  0.00  0  0 -10.859   4.225   1.944  -0.118  -0.038   0.000 01E0D1M000t
00006 LYS01A0131_006 f 0.00  0.000     0  0.00  0  0 -11.127   3.869   2.190  -0.004   0.098   0.000 01E0FCM000t
00007 LYS01A0131_007 f 0.00  0.000     0  0.00  0  0 -12.303   2.790   1.712  -0.037  -0.100   0.000 01E11AM000t
00008 LYS01A0131_008 f 0.00  0.000     0  0.00  0  0 -10.025   1.879   5.150  -0.045  -0.056   0.000 01E123M000t
00009 LYS01A0131_009 f 0.00  0.000     0  0.00  0  0  -9.870   1.871   2.206  -0.024   0.056   0.000 01E134M000t
00010 LYS01A0131_010 f 0.00  0.000     0  0.00  0  0 -11.941   1.413   1.464  -0.018   0.072   0.000 01T023M000t
00011 LYS01A0131_011 f 0.00  0.000     0  0.00  0  0 -11.090   3.819   1.941   0.021   0.041   0.000 01T030M000t
00012 LYS01A0131_012 f 0.00  0.000     0  0.00  0  0 -10.898   2.469   6.449  -0.012  -0.223   0.000 01T054M000t
00013 LYS01A0131_013 f 0.00  0.000     0  0.00  0  0 -11.071   0.305   1.046  -0.008  -0.213   0.000 01T05CM000t
00014 LYS01A0131_014 f 0.00  0.000     0  0.00  0  0 -11.149   3.497   4.082  -0.004   0.009   0.000 01T082M000t
00015 LYS01A0131_015 f 0.00  0.000     0  0.00  0  0 -10.697   3.418   1.625   0.009   0.039   0.000 01T088M000t
00016 LYS01A0131_016 f 0.00  0.000     0  0.00  0  0  -9.961   3.872   2.419  -0.011   0.079   0.000 01T0ECM000t
00017 LYS01A0131_017 f 0.00  0.000     0  0.00  0  0 -10.647   4.471   4.908  -0.022   0.093   0.000 01T0EFM000t
00018 LYS01A0131_018 f 0.00  0.000     0  0.00  0  0  -9.826   1.596   2.414  -0.012   0.018   0.000 01T108M000t
00019 LYS01A0131_019 f 0.00  0.000     0  0.00  0  0  -7.229   1.162   4.393  -0.039  -0.016   0.000 01T109M000t
00020 LYS01A0131_020 f 0.00  0.000     0  0.00  0  0 -10.254   1.498   4.384  -0.014  -0.004   0.000 01T131M000t
00021 LYS+1A0131_021 f 0.00  1.000     0 10.40  0  1  -3.761   0.320   4.203   0.096   0.072   0.000 +1O000M000t
00022 LYS+1A0131_022 f 0.00  1.000     0 10.40  0  1 -12.009   1.397   1.469   0.102   0.071   0.000 +1E023M000t
00023 LYS+1A0131_023 f 0.00  1.000     0 10.40  0  1 -11.943   1.649   6.064   0.140  -0.149   0.000 +1E04AM000t
00024 LYS+1A0131_024 f 0.00  1.000     0 10.40  0  1 -11.253   0.379   1.622   0.077   0.060   0.000 +1E065M000t
00025 LYS+1A0131_025 f 0.00  1.000     0 10.40  0  1 -11.477   3.528   4.707   0.487  -0.141   0.000 +1E0D0M000t
00026 LYS+1A0131_026 f 0.00  1.000     0 10.40  0  1 -10.958   4.190   1.947   0.525   0.175   0.000 +1E0D1M000t
00027 LYS+1A0131_027 f 0.00  1.000     0 10.40  0  1 -10.708   4.474   4.910   0.047  -0.101   0.000 +1E0EFM000t
00028 LYS+1A0131_028 f 0.00  1.000     0 10.40  0  1 -11.228   3.887   2.208  -0.004  -0.173   0.000 +1E0FCM000t
00029 LYS+1A0131_029 f 0.00  1.000     0 10.40  0  1 -10.077   1.867   5.167   0.192  -0.038   0.000 +1E123M000t
00030 LYS+1A0131_030 f 0.00  1.000     0 10.40  0  1 -10.114   1.528   4.474   0.076  -0.243   0.000 +1E131M000t
00031 LYS+1A0131_031 f 0.00  1.000     0 10.40  0  1  -9.916   1.874   2.211   0.043   0.059   0.000 +1E134M000t
00032 LYS+1A0131_032 f 0.00  1.000     0 10.40  0  1 -11.204   3.845   1.951  -0.116  -0.153   0.000 +1T030M000t
00033 LYS+1A0131_033 f 0.00  1.000     0 10.40  0  1 -10.907   2.457   6.458   0.062  -0.392   0.000 +1T054M000t
00034 LYS+1A0131_034 f 0.00  1.000     0 10.40  0  1 -11.095   0.303   1.048   0.033  -0.398   0.000 +1T05CM000t
00035 LYS+1A0131_035 f 0.00  1.000     0 10.40  0  1 -11.256   3.480   4.090   0.049  -0.038   0.000 +1T082M000t
00036 LYS+1A0131_036 f 0.00  1.000     0 10.40  0  1 -10.771   3.423   1.629   0.015  -0.006   0.000 +1T088M000t
00037 LYS+1A0131_037 f 0.00  1.000     0 10.40  0  1 -10.001   3.877   2.428  -0.019   0.099   0.000 +1T0ECM000t
00038 LYS+1A0131_038 f 0.00  1.000     0 10.40  0  1  -9.869   1.603   2.424   0.066   0.063   0.000 +1T108M000t
00039 LYS+1A0131_039 f 0.00  1.000     0 10.40  0  1  -7.371   1.150   4.432  -0.110   0.139   0.000 +1T109M000t
00040 LYS+1A0131_040 f 0.00  1.000     0 10.40  0  1 -12.363   2.807   1.723   0.166  -0.353   0.000 +1T11AM000t
