   confID        vdw0    sas     sum
LYS01A0131_001   8.403 -12.133  -3.730
LYS01A0131_002   1.058 -13.090 -12.032
LYS01A0131_003   1.336 -12.513 -11.176
LYS01A0131_004   1.408 -12.888 -11.480
LYS01A0131_005   1.637 -12.497 -10.859
LYS01A0131_006   1.063 -12.190 -11.127
LYS01A0131_007   0.421 -12.724 -12.303
LYS01A0131_008   2.282 -12.306 -10.025
LYS01A0131_009   2.423 -12.294  -9.870
LYS01A0131_010   0.781 -12.722 -11.941
LYS01A0131_011   1.087 -12.177 -11.090
LYS01A0131_012   1.787 -12.685 -10.898
LYS01A0131_013   1.402 -12.473 -11.071
LYS01A0131_014   0.948 -12.097 -11.149
LYS01A0131_015   1.606 -12.303 -10.697
LYS01A0131_016   2.365 -12.325  -9.961
LYS01A0131_017   1.607 -12.254 -10.647
LYS01A0131_018   2.351 -12.178  -9.826
LYS01A0131_019   4.850 -12.078  -7.229
LYS01A0131_020   2.167 -12.422 -10.254
LYS+1A0131_021   8.373 -12.133  -3.761
LYS+1A0131_022   0.712 -12.722 -12.009
LYS+1A0131_023   1.015 -12.959 -11.943
LYS+1A0131_024   1.260 -12.513 -11.253
LYS+1A0131_025   1.359 -12.836 -11.477
LYS+1A0131_026   1.577 -12.535 -10.958
LYS+1A0131_027   1.546 -12.254 -10.708
LYS+1A0131_028   1.025 -12.254 -11.228
LYS+1A0131_029   2.245 -12.322 -10.077
LYS+1A0131_030   2.163 -12.277 -10.114
LYS+1A0131_031   2.378 -12.294  -9.916
LYS+1A0131_032   1.040 -12.244 -11.204
LYS+1A0131_033   1.749 -12.656 -10.907
LYS+1A0131_034   1.378 -12.473 -11.095
LYS+1A0131_035   0.893 -12.148 -11.256
LYS+1A0131_036   1.533 -12.303 -10.771
LYS+1A0131_037   2.324 -12.325 -10.001
LYS+1A0131_038   2.309 -12.178  -9.869
LYS+1A0131_039   4.707 -12.078  -7.371
LYS+1A0131_040   0.377 -12.740 -12.363
