iConf CONFORMER     FL  occ    crg   Em0  pKa0 ne nH    vdw0    vdw1    tors    epol   dsolv   extra    history
00001 ASP01A0022_001 f 0.00  0.000     0  0.00  0  0  -4.418   6.107   2.832   1.970   0.173   0.000 01O000M000t
00002 ASP01A0022_002 f 0.00  0.000     0  0.00  0  0  -4.040   1.910   3.643   0.095  -0.545   0.000 01E006M000t
00003 ASP01A0022_003 f 0.00  0.000     0  0.00  0  0  -4.509   6.108   0.112   0.024   0.609   0.000 01O000M000t
00004 ASP01A0022_004 f 0.00  0.000     0  0.00  0  0  -4.358   1.433   0.294   0.206   0.600   0.000 01E002M000t
00005 ASP01A0022_005 f 0.00  0.000     0  0.00  0  0  -4.069   0.470   0.943   0.106   0.530   0.000 01E005M000t
00006 ASP01A0022_006 f 0.00  0.000     0  0.00  0  0  -3.991   0.840   3.672   0.355  -0.569   0.000 01T003M000t
00007 ASP01A0022_007 f 0.00  0.000     0  0.00  0  0  -4.332   1.433   3.011   0.861  -0.274   0.000 01T002M000t
00008 ASP01A0022_008 f 0.00  0.000     0  0.00  0  0  -4.348   3.925   3.043   1.715  -0.111   0.000 01T004M000t
00009 ASP01A0022_009 f 0.00  0.000     0  0.00  0  0  -4.069   0.470   3.662   0.122  -0.688   0.000 01T005M000t
00010 ASP01A0022_010 f 0.00  0.000     0  0.00  0  0  -4.348   3.925   0.323  -0.025   0.510   0.000 01T004M000t
00011 ASP01A0022_011 f 0.00  0.000     0  0.00  0  0  -4.070   1.915   0.851   0.085   0.609   0.000 01T006M000t
00012 ASP02A0022_012 f 0.00  0.000     0  0.00  0  0  -4.309   4.819   2.832   0.009  -0.547   0.000 02O000M000t
00013 ASP02A0022_013 f 0.00  0.000     0  0.00  0  0  -4.883   1.685   2.817   0.044  -0.462   0.000 02E001M000t
00014 ASP02A0022_014 f 0.00  0.000     0  0.00  0  0  -4.010   1.094   3.670   0.240  -0.131   0.000 02E003M000t
00015 ASP02A0022_015 f 0.00  0.000     0  0.00  0  0  -4.261   3.081   3.093  -0.083  -0.364   0.000 02E004M000t
00016 ASP02A0022_016 f 0.00  0.000     0  0.00  0  0  -4.309   4.819   0.112  -0.042   0.777   0.000 02O000M000t
00017 ASP02A0022_017 f 0.00  0.000     0  0.00  0  0  -4.023   1.079   0.948   0.266   0.733   0.000 02E003M000t
00018 ASP02A0022_018 f 0.00  0.000     0  0.00  0  0  -4.038   2.008   3.603   0.131  -0.109   0.000 02T006M000t
00019 ASP02A0022_019 f 0.00  0.000     0  0.00  0  0  -4.778   1.685   0.092   0.037   0.706   0.000 02T001M000t
00020 ASP02A0022_020 f 0.00  0.000     0  0.00  0  0  -4.274   3.083   0.362  -0.084   0.826   0.000 02T004M000t
00021 ASP02A0022_021 f 0.00  0.000     0  0.00  0  0  -4.038   2.008   0.883   0.118   0.776   0.000 02T006M000t
00022 ASP-1A0022_022 f 0.00 -1.000     0  4.75  0 -1  -4.123   4.841   0.112  -0.729   0.040   0.000 -1O000M000t
00023 ASP-1A0022_023 f 0.00 -1.000     0  4.75  0 -1  -4.550   1.766   0.081  -0.325  -0.112   0.000 -1E001M000t
00024 ASP-1A0022_024 f 0.00 -1.000     0  4.75  0 -1  -4.190   1.174   0.271  -0.525  -0.143   0.000 -1E002M000t
00025 ASP-1A0022_025 f 0.00 -1.000     0  4.75  0 -1  -3.972   1.778   0.885   0.274   0.062   0.000 -1E006M000t
