iConf CONFORMER     FL  occ    crg   Em0  pKa0 ne nH    vdw0    vdw1    tors    epol   dsolv   extra    history
00001 TYR01A0203_001 f 0.00  0.000     0  0.00  0  0  -8.802  -0.404   0.075   0.265  -0.125   0.000 01O000M000t
00002 TYR01A0203_002 f 0.00  0.000     0  0.00  0  0  -9.425   1.671   2.719  -0.003   0.039   0.000 01E001M000t
00003 TYR01A0203_003 f 0.00  0.000     0  0.00  0  0  -9.899   0.589   2.720   0.262  -0.035   0.000 01E003M000t
00004 TYR01A0203_004 f 0.00  0.000     0  0.00  0  0  -9.818  -0.219   0.070   0.238   0.023   0.000 01E004M000t
00005 TYR01A0203_005 f 0.00  0.000     0  0.00  0  0  -9.859   2.672   2.720   0.239  -0.218   0.000 01E008M000t
00006 TYR01A0203_006 f 0.00  0.000     0  0.00  0  0  -9.580  -0.225   0.070   0.100  -0.114   0.000 01T002M000t
00007 TYR01A0203_007 f 0.00  0.000     0  0.00  0  0  -9.901   4.406   2.699   0.272   0.002   0.000 01T007M000t
00008 TYR01A0203_008 f 0.00  0.000     0  0.00  0  0 -10.174   2.276   0.066   0.277  -0.095   0.000 01T009M000t
00009 TYR01A0203_009 f 0.00  0.000     0  0.00  0  0  -9.783   1.844   2.719   0.297  -0.246   0.000 01T005M000t
00010 TYR01A0203_010 f 0.00  0.000     0  0.00  0  0  -9.817   1.548   0.052   0.125  -0.058   0.000 01T006M000t
00011 TYR-1A0203_011 f 0.00 -1.000     0 10.20  0 -1  -8.802  -0.404   0.075   0.148  -0.734   0.000 -1O000M000t
00012 TYR-1A0203_012 f 0.00 -1.000     0 10.20  0 -1  -9.422   1.663   2.718  -0.395  -0.589   0.000 -1E001M000t
00013 TYR-1A0203_013 f 0.00 -1.000     0 10.20  0 -1  -9.814   1.853   2.719   0.218  -0.749   0.000 -1E005M000t
00014 TYR-1A0203_014 f 0.00 -1.000     0 10.20  0 -1  -9.683   4.065   2.695   0.061  -0.992   0.000 -1E007M000t
00015 TYR-1A0203_015 f 0.00 -1.000     0 10.20  0 -1 -10.117   2.360   0.065   0.094  -1.103   0.000 -1E009M000t
00016 TYR-1A0203_016 f 0.00 -1.000     0 10.20  0 -1  -9.573  -0.221   0.069  -0.253  -0.823   0.000 -1T002M000t
00017 TYR-1A0203_017 f 0.00 -1.000     0 10.20  0 -1  -9.915   0.589   2.719   0.045  -0.929   0.000 -1T003M000t
00018 TYR-1A0203_018 f 0.00 -1.000     0 10.20  0 -1  -9.820  -0.224   0.068   0.078  -0.857   0.000 -1T004M000t
00019 TYR-1A0203_019 f 0.00 -1.000     0 10.20  0 -1  -9.866   1.540   0.049  -0.234  -0.858   0.000 -1T006M000t
00020 TYR-1A0203_020 f 0.00 -1.000     0 10.20  0 -1  -9.850   2.722   2.717   0.047  -1.016   0.000 -1T008M000t
