CONFORMER         crg  vdw0  vdw1  tors  epol  self   occ  Hb     history    ASA
TYR01A0203_001  0.000 -8.80 -0.40  0.07  0.00 -9.13 0.547  00  01O000M000  1.000
TYR01A0203_002  0.000 -9.43  1.67  2.72  0.00 -5.04 0.548  00  01E001M000  1.000
TYR01A0203_003  0.000 -9.90  0.59  2.72  0.00 -6.59 0.550  00  01E003M000  1.000
TYR01A0203_004  0.000 -9.82 -0.22  0.07  0.00 -9.97 0.551  00  01E004M000  1.000
TYR01A0203_005  0.000 -9.86  2.67  2.72  0.00 -4.47 0.549  00  01E008M000  1.000
TYR01A0203_006  0.000 -9.58 -0.22  0.07  0.00 -9.73 0.552  00  01T002M000  1.000
TYR01A0203_007  0.000 -9.90  4.41  2.70  0.00 -2.79 0.550  00  01T007M000  1.000
TYR01A0203_008  0.000-10.16  2.28  0.07  0.00 -7.82 0.552  00  01T009M000  1.000
TYR01A0203_009  0.000 -9.79  1.85  2.72  0.00 -5.22 0.550  00  01T005M000  1.000
TYR01A0203_010  0.000 -9.81  1.54  0.05  0.00 -8.22 0.551  00  01T006M000  1.000
TYR-1A0203_011 -1.000 -8.80 -0.40  0.07  0.00 -9.13 0.547  00  -1O000M000  1.000
TYR-1A0203_012 -1.000 -9.43  1.67  2.72  0.00 -5.04 0.548  00  -1E001M000  1.000
TYR-1A0203_013 -1.000 -9.82  1.84  2.72  0.00 -5.26 0.550  00  -1E005M000  1.000
TYR-1A0203_014 -1.000 -9.75  4.06  2.69  0.00 -2.99 0.550  00  -1E007M000  1.000
TYR-1A0203_015 -1.000-10.12  2.37  0.06  0.00 -7.69 0.552  00  -1E009M000  1.000
TYR-1A0203_016 -1.000 -9.58 -0.22  0.07  0.00 -9.73 0.552  00  -1T002M000  1.000
TYR-1A0203_017 -1.000 -9.91  0.59  2.72  0.00 -6.60 0.550  00  -1T003M000  1.000
TYR-1A0203_018 -1.000 -9.77 -0.22  0.07  0.00 -9.92 0.551  00  -1T004M000  1.000
TYR-1A0203_019 -1.000 -9.86  1.53  0.05  0.00 -8.28 0.551  00  -1T006M000  1.000
TYR-1A0203_020 -1.000 -9.84  2.72  2.72  0.00 -4.40 0.549  00  -1T008M000  1.000
