   confID        vdw0    sas     sum
TYR01A0203_001   4.852 -13.654  -8.802
TYR01A0203_002   4.867 -14.293  -9.425
TYR01A0203_003   4.878 -14.665  -9.788
TYR01A0203_004   4.473 -14.647 -10.174
TYR01A0203_005   4.858 -14.674  -9.816
TYR01A0203_006   4.571 -14.415  -9.844
TYR01A0203_007   4.859 -14.438  -9.580
TYR01A0203_008   4.839 -14.748  -9.909
TYR01A0203_009   4.516 -14.417  -9.901
TYR01A0203_010   4.564 -14.381  -9.817
TYR-1A0203_011   4.852 -13.654  -8.802
TYR-1A0203_012   4.871 -14.293  -9.422
TYR-1A0203_013   4.866 -14.438  -9.572
TYR-1A0203_014   4.851 -14.675  -9.824
TYR-1A0203_015   4.562 -14.466  -9.904
TYR-1A0203_016   4.562 -14.374  -9.812
TYR-1A0203_017   4.480 -14.596 -10.117
TYR-1A0203_018   4.833 -14.748  -9.915
TYR-1A0203_019   4.885 -14.665  -9.781
TYR-1A0203_020   4.513 -14.307  -9.794
