iConf CONFORMER     FL  occ    crg   Em0  pKa0 ne nH    vdw0    vdw1    tors    epol   dsolv   extra    history
00001 LYS01A0003_001 f 0.00  0.000     0  0.00  0  0  -7.507   3.197   3.537  -0.019   0.044   0.000 01O000M000t
00002 LYS01A0003_002 f 0.00  0.000     0  0.00  0  0  -8.926   0.156   3.449  -0.014   0.110   0.000 01E00FM000t
00003 LYS01A0003_003 f 0.00  0.000     0  0.00  0  0 -11.408   2.462   2.291  -0.016  -0.011   0.000 01E0C7M000t
00004 LYS01A0003_004 f 0.00  0.000     0  0.00  0  0 -11.820   5.211   3.796  -0.011   0.019   0.000 01E0FDM000t
00005 LYS01A0003_005 f 0.00  0.000     0  0.00  0  0 -10.588   0.225   3.970  -0.010  -0.010   0.000 01E1C3M000t
00006 LYS01A0003_006 f 0.00  0.000     0  0.00  0  0 -11.505   4.581   2.547  -0.004  -0.072   0.000 01E1F7M000t
00007 LYS01A0003_007 f 0.00  0.000     0  0.00  0  0  -9.205   2.503   2.888  -0.015   0.086   0.000 01X000M000t
00008 LYS01A0003_008 f 0.00  0.000     0  0.00  0  0  -8.102   3.191   3.507  -0.010  -0.030   0.000 01T004M000t
00009 LYS01A0003_009 f 0.00  0.000     0  0.00  0  0 -10.524   0.468   2.321  -0.026   0.020   0.000 01T01FM000t
00010 LYS01A0003_010 f 0.00  0.000     0  0.00  0  0 -11.349   0.570   2.153  -0.024   0.068   0.000 01T03CM000t
00011 LYS01A0003_011 f 0.00  0.000     0  0.00  0  0 -10.736   0.464   3.806  -0.015  -0.025   0.000 01T06DM000t
00012 LYS01A0003_012 f 0.00  0.000     0  0.00  0  0 -11.123   4.217   4.759  -0.016   0.055   0.000 01T0A9M000t
00013 LYS01A0003_013 f 0.00  0.000     0  0.00  0  0 -11.705   0.703   2.538  -0.006  -0.049   0.000 01T0DCM000t
00014 LYS01A0003_014 f 0.00  0.000     0  0.00  0  0  -9.521   0.242   3.491  -0.023   0.014   0.000 01T0E6M000t
00015 LYS01A0003_015 f 0.00  0.000     0  0.00  0  0 -10.055   0.389   3.900  -0.013   0.008   0.000 01T0F0M000t
00016 LYS01A0003_016 f 0.00  0.000     0  0.00  0  0 -11.934   2.836   3.910  -0.012  -0.067   0.000 01T12CM000t
00017 LYS01A0003_017 f 0.00  0.000     0  0.00  0  0 -12.735   7.464   2.093  -0.013  -0.006   0.000 01T1D4M000t
00018 LYS01A0003_018 f 0.00  0.000     0  0.00  0  0 -10.555   0.561   3.984  -0.023   0.037   0.000 01T1DBM000t
00019 LYS01A0003_019 f 0.00  0.000     0  0.00  0  0 -11.498   2.834   4.266  -0.013   0.091   0.000 01T21FM000t
00020 LYS01A0003_020 f 0.00  0.000     0  0.00  0  0  -9.431   2.094   4.324  -0.010   0.066   0.000 01T225M000t
00021 LYS01A0003_021 f 0.00  0.000     0  0.00  0  0 -11.569   3.071   2.832  -0.050   0.062   0.000 01T236M000t
00022 LYS+1A0003_022 f 0.00  1.000     0 10.40  0  1  -7.553   3.194   3.537   0.071   0.111   0.000 +1O000M000t
00023 LYS+1A0003_023 f 0.00  1.000     0 10.40  0  1  -8.248   3.166   3.530   0.071   0.086   0.000 +1E004M000t
00024 LYS+1A0003_024 f 0.00  1.000     0 10.40  0  1  -8.964   0.148   3.461   0.078   0.099   0.000 +1E00FM000t
00025 LYS+1A0003_025 f 0.00  1.000     0 10.40  0  1 -10.717   0.471   2.346   0.078   0.166   0.000 +1E01FM000t
00026 LYS+1A0003_026 f 0.00  1.000     0 10.40  0  1 -11.120   4.321   4.880   0.087  -0.297   0.000 +1E0A9M000t
00027 LYS+1A0003_027 f 0.00  1.000     0 10.40  0  1 -11.399   2.445   2.298   0.053  -0.271   0.000 +1E0C7M000t
00028 LYS+1A0003_028 f 0.00  1.000     0 10.40  0  1  -9.552   0.233   3.534   0.103  -0.160   0.000 +1E0E6M000t
00029 LYS+1A0003_029 f 0.00  1.000     0 10.40  0  1  -9.915   0.393   4.034   0.057  -0.145   0.000 +1E0F0M000t
00030 LYS+1A0003_030 f 0.00  1.000     0 10.40  0  1 -10.576   0.228   3.993   0.040  -0.312   0.000 +1E1C3M000t
00031 LYS+1A0003_031 f 0.00  1.000     0 10.40  0  1 -12.878   7.600   2.095   0.081  -0.327   0.000 +1E1D4M000t
00032 LYS+1A0003_032 f 0.00  1.000     0 10.40  0  1 -11.624   2.881   4.440   0.062  -0.448   0.000 +1E21FM000t
00033 LYS+1A0003_033 f 0.00  1.000     0 10.40  0  1  -9.226   2.519   2.902   0.066   0.101   0.000 +1X000M000t
00034 LYS+1A0003_034 f 0.00  1.000     0 10.40  0  1 -11.440   0.556   2.158  -0.005   0.058   0.000 +1T03CM000t
00035 LYS+1A0003_035 f 0.00  1.000     0 10.40  0  1 -10.835   0.468   3.928   0.057  -0.256   0.000 +1T06DM000t
00036 LYS+1A0003_036 f 0.00  1.000     0 10.40  0  1 -11.746   0.710   2.560   0.033  -0.415   0.000 +1T0DCM000t
00037 LYS+1A0003_037 f 0.00  1.000     0 10.40  0  1 -11.794   5.293   3.981   0.088  -0.126   0.000 +1T0FDM000t
00038 LYS+1A0003_038 f 0.00  1.000     0 10.40  0  1 -12.099   2.860   3.978   0.075  -0.262   0.000 +1T12CM000t
00039 LYS+1A0003_039 f 0.00  1.000     0 10.40  0  1 -10.629   0.560   4.056   0.076   0.124   0.000 +1T1DBM000t
00040 LYS+1A0003_040 f 0.00  1.000     0 10.40  0  1 -11.437   4.626   2.560   0.127   0.069   0.000 +1T1F7M000t
00041 LYS+1A0003_041 f 0.00  1.000     0 10.40  0  1  -9.514   2.090   4.365   0.062  -0.188   0.000 +1T225M000t
00042 LYS+1A0003_042 f 0.00  1.000     0 10.40  0  1 -11.636   3.085   2.864   0.164  -0.192   0.000 +1T236M000t
