CONFORMER         crg  vdw0  vdw1  tors  epol  self   occ  Hb     history    ASA
LYS01A0003_001  0.000 -7.51  3.19  3.54  0.00 -0.78 0.501  00  01O000M000  1.000
LYS01A0003_002  0.000 -8.92  0.16  3.45  0.00 -5.32 0.501  00  01E00FM000  1.000
LYS01A0003_003  0.000-11.41  2.46  2.29  0.00 -6.65 0.501  00  01E0C7M000  1.000
LYS01A0003_004  0.000-11.82  5.21  3.80  0.00 -2.82 0.501  00  01E0FDM000  1.000
LYS01A0003_005  0.000-10.59  0.23  3.97  0.00 -6.40 0.501  00  01E1C3M000  1.000
LYS01A0003_006  0.000-11.45  4.57  2.55  0.00 -4.33 0.501  00  01E1F7M000  1.000
LYS01A0003_007  0.000 -9.13  2.50  2.89  0.00 -3.75 0.501  00  01X000M000  1.000
LYS01A0003_008  0.000 -8.10  3.19  3.51  0.00 -1.41 0.500  00  01T004M000  1.000
LYS01A0003_009  0.000-10.52  0.47  2.32  0.00 -7.74 0.501  00  01T01FM000  1.000
LYS01A0003_010  0.000-11.35  0.57  2.15  0.00 -8.63 0.501  00  01T03CM000  1.000
LYS01A0003_011  0.000-10.74  0.47  3.81  0.00 -6.46 0.501  00  01T06DM000  1.000
LYS01A0003_012  0.000-11.12  4.22  4.76  0.00 -2.14 0.501  00  01T0A9M000  1.000
LYS01A0003_013  0.000-11.70  0.70  2.53  0.00 -8.47 0.501  00  01T0DCM000  1.000
LYS01A0003_014  0.000 -9.52  0.24  3.49  0.00 -5.79 0.501  00  01T0E6M000  1.000
LYS01A0003_015  0.000-10.05  0.39  3.90  0.00 -5.77 0.501  00  01T0F0M000  1.000
LYS01A0003_016  0.000-11.93  2.82  3.91  0.00 -5.20 0.501  00  01T12CM000  1.000
LYS01A0003_017  0.000-12.73  7.46  2.09  0.00 -3.18 0.501  00  01T1D4M000  1.000
LYS01A0003_018  0.000-10.55  0.56  3.98  0.00 -6.02 0.501  00  01T1DBM000  1.000
LYS01A0003_019  0.000-11.50  2.83  4.26  0.00 -4.41 0.501  00  01T21FM000  1.000
LYS01A0003_020  0.000 -9.37  2.10  4.32  0.00 -2.95 0.501  00  01T225M000  1.000
LYS01A0003_021  0.000-11.57  3.07  2.83  0.00 -5.66 0.501  00  01T236M000  1.000
LYS+1A0003_022  1.000 -7.55  3.19  3.54  0.00 -0.83 0.501  00  +1O000M000  1.000
LYS+1A0003_023  1.000 -8.25  3.17  3.53  0.00 -1.55 0.500  00  +1E004M000  1.000
LYS+1A0003_024  1.000 -9.00  0.15  3.46  0.00 -5.39 0.501  00  +1E00FM000  1.000
LYS+1A0003_025  1.000-10.59  0.47  2.35  0.00 -7.78 0.501  00  +1E01FM000  1.000
LYS+1A0003_026  1.000-11.12  4.31  4.88  0.00 -1.93 0.501  00  +1E0A9M000  1.000
LYS+1A0003_027  1.000-11.40  2.45  2.30  0.00 -6.65 0.501  00  +1E0C7M000  1.000
LYS+1A0003_028  1.000 -9.56  0.24  3.53  0.00 -5.79 0.501  00  +1E0E6M000  1.000
LYS+1A0003_029  1.000 -9.92  0.39  4.03  0.00 -5.50 0.501  00  +1E0F0M000  1.000
LYS+1A0003_030  1.000-10.58  0.23  3.99  0.00 -6.36 0.501  00  +1E1C3M000  1.000
LYS+1A0003_031  1.000-12.88  7.59  2.09  0.00 -3.19 0.501  00  +1E1D4M000  1.000
LYS+1A0003_032  1.000-11.62  2.88  4.44  0.00 -4.30 0.501  00  +1E21FM000  1.000
LYS+1A0003_033  1.000 -9.23  2.52  2.90  0.00 -3.81 0.501  00  +1X000M000  1.000
LYS+1A0003_034  1.000-11.44  0.56  2.16  0.00 -8.73 0.501  00  +1T03CM000  1.000
LYS+1A0003_035  1.000-10.84  0.47  3.93  0.00 -6.44 0.501  00  +1T06DM000  1.000
LYS+1A0003_036  1.000-11.75  0.71  2.56  0.00 -8.47 0.501  00  +1T0DCM000  1.000
LYS+1A0003_037  1.000-11.79  5.28  3.98  0.00 -2.53 0.501  00  +1T0FDM000  1.000
LYS+1A0003_038  1.000-12.10  2.85  3.98  0.00 -5.26 0.501  00  +1T12CM000  1.000
LYS+1A0003_039  1.000-10.63  0.56  4.05  0.00 -6.02 0.501  00  +1T1DBM000  1.000
LYS+1A0003_040  1.000-11.44  4.61  2.56  0.00 -4.26 0.501  00  +1T1F7M000  1.000
LYS+1A0003_041  1.000 -9.51  2.10  4.36  0.00 -3.05 0.501  00  +1T225M000  1.000
LYS+1A0003_042  1.000-11.64  3.09  2.86  0.00 -5.69 0.501  00  +1T236M000  1.000
