CONFORMER         crg  vdw0  vdw1  tors  epol  self   occ  Hb     history    ASA
LYS01A0120_001  0.000-11.50  2.62  1.15  0.00 -7.74 0.502  00  01O000M000  1.000
LYS01A0120_002  0.000-12.55  6.92  3.54  0.00 -2.08 0.502  00  01E00FM000  1.000
LYS01A0120_003  0.000 -7.74  1.33  2.26  0.00 -4.16 0.501  00  01E03FM000  1.000
LYS01A0120_004  0.000-11.28  2.44  0.98  0.00 -7.85 0.502  00  01E052M000  1.000
LYS01A0120_005  0.000-11.24  2.25  2.66  0.00 -6.33 0.501  00  01E055M000  1.000
LYS01A0120_006  0.000-11.37  2.61  3.49  0.00 -5.27 0.501  00  01E062M000  1.000
LYS01A0120_007  0.000-10.42  2.04  1.42  0.00 -6.96 0.502  00  01E078M000  1.000
LYS01A0120_008  0.000-10.83  2.11  3.40  0.00 -5.33 0.502  00  01E07EM000  1.000
LYS01A0120_009  0.000-10.39  2.30  3.80  0.00 -4.29 0.502  00  01E0BAM000  1.000
LYS01A0120_010  0.000-10.07  2.58  6.03  0.00 -1.46 0.502  00  01E0D5M000  1.000
LYS01A0120_011  0.000-10.49  3.07  3.82  0.00 -3.60 0.501  00  01E0EAM000  1.000
LYS01A0120_012  0.000-11.27  2.83  3.16  0.00 -5.27 0.501  00  01E0F1M000  1.000
LYS01A0120_013  0.000-10.98  2.25  1.12  0.00 -7.61 0.501  00  01T014M000  1.000
LYS01A0120_014  0.000-10.28  1.82  1.66  0.00 -6.79 0.502  00  01T02EM000  1.000
LYS01A0120_015  0.000-11.36  5.09  4.11  0.00 -2.15 0.501  00  01T04CM000  1.000
LYS01A0120_016  0.000 -8.98  1.95  3.23  0.00 -3.80 0.501  00  01T072M000  1.000
LYS01A0120_017  0.000-10.84  1.58  1.43  0.00 -7.83 0.501  00  01T080M000  1.000
LYS01A0120_018  0.000-11.13  3.13  6.09  0.00 -1.91 0.501  00  01T099M000  1.000
LYS01A0120_019  0.000 -9.80  1.81  3.44  0.00 -4.55 0.502  00  01T105M000  1.000
LYS01A0120_020  0.000 -9.14  2.34  4.09  0.00 -2.71 0.502  00  01T13EM000  1.000
LYS+1A0120_021  1.000-11.55  2.62  1.15  0.00 -7.79 0.502  00  +1O000M000  1.000
LYS+1A0120_022  1.000-11.17  2.25  1.14  0.00 -7.78 0.501  00  +1E014M000  1.000
LYS+1A0120_023  1.000 -7.75  1.32  2.27  0.00 -4.16 0.501  00  +1E03FM000  1.000
LYS+1A0120_024  1.000-11.41  2.46  0.99  0.00 -7.97 0.502  00  +1E052M000  1.000
LYS+1A0120_025  1.000-11.00  2.11  3.54  0.00 -5.35 0.502  00  +1E07EM000  1.000
LYS+1A0120_026  1.000-10.06  2.58  6.07  0.00 -1.41 0.502  00  +1E0D5M000  1.000
LYS+1A0120_027  1.000-10.68  3.01  3.92  0.00 -3.76 0.501  00  +1E0EAM000  1.000
LYS+1A0120_028  1.000-11.21  2.76  3.29  0.00 -5.17 0.501  00  +1E0F1M000  1.000
LYS+1A0120_029  1.000-12.65  7.04  3.55  0.00 -2.06 0.502  00  +1T00FM000  1.000
LYS+1A0120_030  1.000-10.36  1.82  1.67  0.00 -6.87 0.502  00  +1T02EM000  1.000
LYS+1A0120_031  1.000-11.44  5.09  4.12  0.00 -2.24 0.501  00  +1T04CM000  1.000
LYS+1A0120_032  1.000-11.59  2.30  2.80  0.00 -6.50 0.501  00  +1T055M000  1.000
LYS+1A0120_033  1.000-11.39  2.61  3.50  0.00 -5.27 0.501  00  +1T062M000  1.000
LYS+1A0120_034  1.000 -9.08  1.95  3.29  0.00 -3.85 0.501  00  +1T072M000  1.000
LYS+1A0120_035  1.000-10.51  2.04  1.43  0.00 -7.04 0.502  00  +1T078M000  1.000
LYS+1A0120_036  1.000-10.91  1.57  1.43  0.00 -7.91 0.501  00  +1T080M000  1.000
LYS+1A0120_037  1.000-11.27  3.13  6.15  0.00 -1.99 0.501  00  +1T099M000  1.000
LYS+1A0120_038  1.000-10.43  2.30  3.89  0.00 -4.24 0.502  00  +1T0BAM000  1.000
LYS+1A0120_039  1.000 -9.78  1.81  3.51  0.00 -4.45 0.502  00  +1T105M000  1.000
LYS+1A0120_040  1.000 -9.24  2.31  4.09  0.00 -2.83 0.502  00  +1T13EM000  1.000
