   confID        vdw0    sas     sum
LYS01A0120_001   0.802 -12.305 -11.503
LYS01A0120_002   0.367 -12.913 -12.546
LYS01A0120_003   4.779 -12.521  -7.741
LYS01A0120_004   1.056 -12.332 -11.276
LYS01A0120_005   0.996 -12.290 -11.294
LYS01A0120_006   0.987 -12.361 -11.374
LYS01A0120_007   1.891 -12.310 -10.419
LYS01A0120_008   1.775 -12.679 -10.904
LYS01A0120_009   2.155 -12.543 -10.388
LYS01A0120_010   2.140 -12.211 -10.071
LYS01A0120_011   1.787 -12.206 -10.419
LYS01A0120_012   1.698 -12.969 -11.271
LYS01A0120_013   1.068 -12.048 -10.979
LYS01A0120_014   2.161 -12.437 -10.275
LYS01A0120_015   1.274 -12.630 -11.357
LYS01A0120_016   3.278 -12.252  -8.975
LYS01A0120_017   1.643 -12.428 -10.786
LYS01A0120_018   1.799 -12.923 -11.124
LYS01A0120_019   2.057 -11.859  -9.801
LYS01A0120_020   3.087 -12.237  -9.149
LYS+1A0120_021   0.757 -12.305 -11.548
LYS+1A0120_022   1.010 -12.183 -11.173
LYS+1A0120_023   4.736 -12.482  -7.746
LYS+1A0120_024   0.985 -12.399 -11.414
LYS+1A0120_025   1.714 -12.715 -11.001
LYS+1A0120_026   2.105 -12.215 -10.110
LYS+1A0120_027   1.760 -12.441 -10.681
LYS+1A0120_028   1.691 -12.901 -11.210
LYS+1A0120_029   0.327 -12.978 -12.651
LYS+1A0120_030   2.074 -12.437 -10.363
LYS+1A0120_031   1.228 -12.669 -11.441
LYS+1A0120_032   0.946 -12.541 -11.595
LYS+1A0120_033   0.916 -12.309 -11.393
LYS+1A0120_034   3.241 -12.394  -9.153
LYS+1A0120_035   1.835 -12.339 -10.503
LYS+1A0120_036   1.570 -12.480 -10.910
LYS+1A0120_037   1.763 -13.029 -11.267
LYS+1A0120_038   2.138 -12.572 -10.435
LYS+1A0120_039   2.010 -11.791  -9.781
LYS+1A0120_040   3.004 -12.237  -9.232
