CONFORMER         crg  vdw0  vdw1  tors  epol  self   occ  Hb     history    ASA
LYS01A0105_001  0.000-11.52  2.15  0.83  0.00 -8.54 0.502  00  01O000M000  1.000
LYS01A0105_002  0.000-10.81  6.34  3.53  0.00 -0.94 0.502  00  01E03CM000  1.000
LYS01A0105_003  0.000 -6.69  2.34  3.58  0.00 -0.76 0.502  00  01E040M000  1.000
LYS01A0105_004  0.000-10.74  2.37  0.82  0.00 -7.54 0.502  00  01E041M000  1.000
LYS01A0105_005  0.000-11.25  3.85  6.34  0.00 -1.06 0.502  00  01E043M000  1.000
LYS01A0105_006  0.000-10.26  2.32  4.25  0.00 -3.69 0.503  00  01E047M000  1.000
LYS01A0105_007  0.000 -7.18  3.55  3.60  0.00 -0.04 0.502  00  01E04EM000  1.000
LYS01A0105_008  0.000 -9.89  2.44  4.25  0.00 -3.19 0.502  00  01E086M000  1.000
LYS01A0105_009  0.000 -8.95  2.47  1.52  0.00 -4.96 0.502  00  01E0ABM000  1.000
LYS01A0105_010  0.000-10.46  2.31  0.89  0.00 -7.26 0.502  00  01T017M000  1.000
LYS01A0105_011  0.000-11.10  4.13  1.51  0.00 -5.46 0.502  00  01T023M000  1.000
LYS01A0105_012  0.000-11.23  3.39  1.51  0.00 -6.33 0.502  00  01T025M000  1.000
LYS01A0105_013  0.000-10.49  2.35  4.26  0.00 -3.87 0.502  00  01T04BM000  1.000
LYS01A0105_014  0.000 -9.88  1.99  1.44  0.00 -6.44 0.502  00  01T06BM000  1.000
LYS01A0105_015  0.000 -9.50  1.90  3.69  0.00 -3.91 0.502  00  01T071M000  1.000
LYS01A0105_016  0.000-10.03  2.09  4.25  0.00 -3.70 0.502  00  01T077M000  1.000
LYS01A0105_017  0.000 -9.63  2.17  1.45  0.00 -6.01 0.502  00  01T07BM000  1.000
LYS01A0105_018  0.000-10.03  2.27  3.68  0.00 -4.07 0.502  00  01T07DM000  1.000
LYS01A0105_019  0.000 -7.21  2.14  4.90  0.00 -0.17 0.502  00  01T097M000  1.000
LYS01A0105_020  0.000-10.63  4.18  1.51  0.00 -4.94 0.502  00  01T09CM000  1.000
LYS+1A0105_021  1.000-11.57  2.15  0.83  0.00 -8.58 0.502  00  +1O000M000  1.000
LYS+1A0105_022  1.000-10.51  2.30  0.89  0.00 -7.31 0.502  00  +1E017M000  1.000
LYS+1A0105_023  1.000-11.26  4.21  1.51  0.00 -5.54 0.502  00  +1E023M000  1.000
LYS+1A0105_024  1.000-10.31  2.32  4.25  0.00 -3.74 0.503  00  +1E047M000  1.000
LYS+1A0105_025  1.000-10.66  2.35  4.27  0.00 -4.04 0.502  00  +1E04BM000  1.000
LYS+1A0105_026  1.000-10.00  1.99  1.44  0.00 -6.56 0.502  00  +1E06BM000  1.000
LYS+1A0105_027  1.000-10.10  2.09  4.25  0.00 -3.76 0.502  00  +1E077M000  1.000
LYS+1A0105_028  1.000 -9.72  2.14  1.45  0.00 -6.12 0.502  00  +1E07BM000  1.000
LYS+1A0105_029  1.000-10.10  2.27  3.69  0.00 -4.15 0.502  00  +1E07DM000  1.000
LYS+1A0105_030  1.000 -9.82  2.44  4.25  0.00 -3.12 0.502  00  +1E086M000  1.000
LYS+1A0105_031  1.000 -8.92  2.49  1.52  0.00 -4.91 0.502  00  +1E0ABM000  1.000
LYS+1A0105_032  1.000-11.28  3.40  1.51  0.00 -6.37 0.502  00  +1T025M000  1.000
LYS+1A0105_033  1.000-10.86  6.35  3.53  0.00 -0.98 0.502  00  +1T03CM000  1.000
LYS+1A0105_034  1.000 -6.72  2.34  3.59  0.00 -0.80 0.502  00  +1T040M000  1.000
LYS+1A0105_035  1.000-10.81  2.37  0.82  0.00 -7.62 0.502  00  +1T041M000  1.000
LYS+1A0105_036  1.000-11.25  3.85  6.34  0.00 -1.06 0.502  00  +1T043M000  1.000
LYS+1A0105_037  1.000 -7.36  3.55  3.60  0.00 -0.22 0.502  00  +1T04EM000  1.000
LYS+1A0105_038  1.000 -9.55  1.89  3.69  0.00 -3.96 0.502  00  +1T071M000  1.000
LYS+1A0105_039  1.000 -7.22  2.14  4.90  0.00 -0.18 0.502  00  +1T097M000  1.000
LYS+1A0105_040  1.000-10.69  4.21  1.51  0.00 -4.97 0.502  00  +1T09CM000  1.000
