iConf CONFORMER     FL  occ    crg   Em0  pKa0 ne nH    vdw0    vdw1    tors    epol   dsolv   extra    history
00001 LYS01A0105_001 f 0.00  0.000     0  0.00  0  0 -11.646   2.153   0.835  -0.007   0.003   0.000 01O000M000t
00002 LYS01A0105_002 f 0.00  0.000     0  0.00  0  0  -9.442   2.224   1.543  -0.006  -0.108   0.000 01E020M000t
00003 LYS01A0105_003 f 0.00  0.000     0  0.00  0  0 -11.298   3.392   1.508  -0.032  -0.132   0.000 01E025M000t
00004 LYS01A0105_004 f 0.00  0.000     0  0.00  0  0 -11.506   3.513   0.871  -0.017  -0.162   0.000 01E04DM000t
00005 LYS01A0105_005 f 0.00  0.000     0  0.00  0  0  -9.966   4.474   4.211  -0.001  -0.124   0.000 01E05FM000t
00006 LYS01A0105_006 f 0.00  0.000     0  0.00  0  0 -11.278   5.353   3.613  -0.012   0.063   0.000 01E062M000t
00007 LYS01A0105_007 f 0.00  0.000     0  0.00  0  0  -7.402   2.333   4.874  -0.002   0.075   0.000 01E08DM000t
00008 LYS01A0105_008 f 0.00  0.000     0  0.00  0  0 -10.757   3.208   4.305  -0.043   0.072   0.000 01E0A2M000t
00009 LYS01A0105_009 f 0.00  0.000     0  0.00  0  0  -6.576   2.404   2.063  -0.116   0.153   0.000 01E0A8M000t
00010 LYS01A0105_010 f 0.00  0.000     0  0.00  0  0  -8.729   2.230   4.309  -0.013   0.010   0.000 01E0BAM000t
00011 LYS01A0105_011 f 0.00  0.000     0  0.00  0  0  -7.043   1.901   2.066   0.030   0.123   0.000 01E0C3M000t
00012 LYS01A0105_012 f 0.00  0.000     0  0.00  0  0 -12.157   5.039   3.680  -0.008   0.066   0.000 01T00BM000t
00013 LYS01A0105_013 f 0.00  0.000     0  0.00  0  0 -10.506   1.975   0.894  -0.007  -0.140   0.000 01T00EM000t
00014 LYS01A0105_014 f 0.00  0.000     0  0.00  0  0 -10.634   3.894   4.185  -0.006   0.003   0.000 01T01BM000t
00015 LYS01A0105_015 f 0.00  0.000     0  0.00  0  0 -11.345   2.445   3.601  -0.002   0.072   0.000 01T042M000t
00016 LYS01A0105_016 f 0.00  0.000     0  0.00  0  0 -11.688   3.609   3.629  -0.007   0.029   0.000 01T04CM000t
00017 LYS01A0105_017 f 0.00  0.000     0  0.00  0  0 -11.492   4.895   6.468  -0.010  -0.211   0.000 01T064M000t
00018 LYS01A0105_018 f 0.00  0.000     0  0.00  0  0 -10.034   2.083   4.251  -0.004  -0.216   0.000 01T077M000t
00019 LYS01A0105_019 f 0.00  0.000     0  0.00  0  0  -9.470   3.583   4.153  -0.054   0.104   0.000 01T08BM000t
00020 LYS01A0105_020 f 0.00  0.000     0  0.00  0  0  -7.543   2.000   4.867   0.025  -0.030   0.000 01T0C2M000t
00021 LYS+1A0105_021 f 0.00  1.000     0 10.40  0  1 -11.691   2.153   0.835   0.019  -0.163   0.000 +1O000M000t
00022 LYS+1A0105_022 f 0.00  1.000     0 10.40  0  1 -12.204   5.044   3.681   0.064  -0.270   0.000 +1E00BM000t
00023 LYS+1A0105_023 f 0.00  1.000     0 10.40  0  1 -10.672   3.871   4.186   0.015  -0.188   0.000 +1E01BM000t
00024 LYS+1A0105_024 f 0.00  1.000     0 10.40  0  1  -9.382   2.222   1.541  -0.004  -0.249   0.000 +1E020M000t
00025 LYS+1A0105_025 f 0.00  1.000     0 10.40  0  1 -11.352   3.395   1.507   0.146  -0.194   0.000 +1E025M000t
00026 LYS+1A0105_026 f 0.00  1.000     0 10.40  0  1 -11.401   2.438   3.605  -0.037  -0.348   0.000 +1E042M000t
00027 LYS+1A0105_027 f 0.00  1.000     0 10.40  0  1 -11.633   3.540   0.872   0.130  -0.044   0.000 +1E04DM000t
00028 LYS+1A0105_028 f 0.00  1.000     0 10.40  0  1  -9.996   4.485   4.212   0.008  -0.153   0.000 +1E05FM000t
00029 LYS+1A0105_029 f 0.00  1.000     0 10.40  0  1 -11.420   5.332   3.614  -0.009  -0.016   0.000 +1E062M000t
00030 LYS+1A0105_030 f 0.00  1.000     0 10.40  0  1 -10.166   2.088   4.255   0.024  -0.248   0.000 +1E077M000t
00031 LYS+1A0105_031 f 0.00  1.000     0 10.40  0  1  -6.641   2.362   2.063   1.119   0.729   0.000 +1E0A8M000t
00032 LYS+1A0105_032 f 0.00  1.000     0 10.40  0  1  -7.100   1.894   2.069  -0.126  -0.129   0.000 +1E0C3M000t
00033 LYS+1A0105_033 f 0.00  1.000     0 10.40  0  1 -10.544   1.975   0.894   0.005  -0.153   0.000 +1T00EM000t
00034 LYS+1A0105_034 f 0.00  1.000     0 10.40  0  1 -11.735   3.647   3.628   0.100  -0.179   0.000 +1T04CM000t
00035 LYS+1A0105_035 f 0.00  1.000     0 10.40  0  1 -11.577   4.894   6.469   0.052  -0.288   0.000 +1T064M000t
00036 LYS+1A0105_036 f 0.00  1.000     0 10.40  0  1  -9.643   3.600   4.162  -0.149   0.432   0.000 +1T08BM000t
00037 LYS+1A0105_037 f 0.00  1.000     0 10.40  0  1  -7.439   2.325   4.876   0.027  -0.309   0.000 +1T08DM000t
00038 LYS+1A0105_038 f 0.00  1.000     0 10.40  0  1 -10.811   3.242   4.303   0.258   0.246   0.000 +1T0A2M000t
00039 LYS+1A0105_039 f 0.00  1.000     0 10.40  0  1  -8.903   2.235   4.320   0.085  -0.251   0.000 +1T0BAM000t
00040 LYS+1A0105_040 f 0.00  1.000     0 10.40  0  1  -7.582   2.000   4.871  -0.130  -0.316   0.000 +1T0C2M000t
