CONFORMER         crg  vdw0  vdw1  tors  epol  self   occ  Hb     history    ASA
GLU01A0238_001  0.000 -2.93 -0.13  3.08  0.00  0.02 0.518  00  01O000M000  1.000
GLU01A0238_002  0.000 -4.20 -0.11  3.63  0.00 -0.67 0.519  00  01E007M000  1.023
GLU01A0238_003  0.000 -3.58  0.03  6.43  0.00  2.87 0.523  00  01E00FM000  1.009
GLU01A0238_004  0.000 -3.99  1.82  3.43  0.00  1.26 0.520  00  01E016M000  1.013
GLU01A0238_005  0.000 -2.93 -0.13  0.36  0.00 -2.70 0.518  00  01O000M000  1.000
GLU01A0238_006  0.000 -4.06 -0.41  0.83  0.00 -3.64 0.517  00  01E011M000  1.000
GLU01A0238_007  0.000 -4.05  1.25  0.68  0.00 -2.11 0.517  00  01E012M000  1.000
GLU01A0238_008  0.000 -3.03  0.36  3.00  0.00  0.33 0.521  00  01T001M000  1.000
GLU01A0238_009  0.000 -4.31  0.22  3.60  0.00 -0.50 0.518  00  01T00BM000  1.010
GLU01A0238_010  0.000 -3.95 -0.20  6.38  0.00  2.23 0.518  00  01T014M000  1.054
GLU01A0238_011  0.000 -3.80  0.37  5.74  0.00  2.32 0.517  00  01T01AM000  1.008
GLU01A0238_012  0.000 -4.15  0.39  3.57  0.00 -0.19 0.518  00  01T009M000  1.011
GLU01A0238_013  0.000 -3.85  0.57  5.73  0.00  2.46 0.516  00  01T00DM000  1.008
GLU01A0238_014  0.000 -2.84 -0.05  6.11  0.00  3.21 0.519  00  01T00EM000  1.000
GLU01A0238_015  0.000 -4.36  2.70  3.52  0.00  1.85 0.518  00  01T010M000  1.025
GLU01A0238_016  0.000 -4.06 -0.41  3.53  0.00 -0.93 0.517  00  01T011M000  1.000
GLU01A0238_017  0.000 -4.05  1.25  3.40  0.00  0.61 0.517  00  01T012M000  1.000
GLU01A0238_018  0.000 -4.41 -0.01  5.98  0.00  1.57 0.518  00  01T019M000  1.048
GLU01A0238_019  0.000 -4.15  0.39  0.85  0.00 -2.91 0.518  00  01T009M000  1.011
GLU01A0238_020  0.000 -4.02  0.20  0.85  0.00 -2.96 0.518  00  01T00BM000  1.000
GLU01A0238_021  0.000 -3.85  0.57  3.01  0.00 -0.26 0.516  00  01T00DM000  1.008
GLU01A0238_022  0.000 -2.84 -0.05  3.39  0.00  0.49 0.519  00  01T00EM000  1.000
GLU01A0238_023  0.000 -4.33  2.70  0.80  0.00 -0.83 0.518  00  01T010M000  1.017
GLU01A0238_024  0.000 -3.86 -0.19  3.59  0.00 -0.46 0.518  00  01T014M000  1.046
GLU01A0238_025  0.000 -3.97  1.88  0.69  0.00 -1.40 0.520  00  01T016M000  1.013
GLU01A0238_026  0.000 -4.48 -0.01  3.26  0.00 -1.22 0.518  00  01T019M000  1.062
GLU01A0238_027  0.000 -3.65  0.37  2.98  0.00 -0.30 0.517  00  01T01AM000  1.008
GLU02A0238_028  0.000 -3.34 -0.12  3.08  0.00 -0.39 0.518  00  02O000M000  1.000
GLU02A0238_029  0.000 -4.58 -0.01  6.11  0.00  1.51 0.518  00  02E019M000  1.062
GLU02A0238_030  0.000 -3.40 -0.12  0.36  0.00 -3.16 0.518  00  02O000M000  1.011
GLU02A0238_031  0.000 -4.05  0.40  0.80  0.00 -2.85 0.518  00  02E009M000  1.011
GLU02A0238_032  0.000 -4.13  0.22  0.80  0.00 -3.11 0.518  00  02E00BM000  1.031
GLU02A0238_033  0.000 -4.21  1.22  0.66  0.00 -2.33 0.517  00  02E012M000  1.000
GLU02A0238_034  0.000 -3.71 -0.19  3.59  0.00 -0.32 0.518  00  02E014M000  1.053
GLU02A0238_035  0.000 -4.14  1.84  0.67  0.00 -1.63 0.520  00  02E016M000  1.022
GLU02A0238_036  0.000 -3.30  0.37  3.00  0.00  0.07 0.521  00  02T001M000  1.000
GLU02A0238_037  0.000 -4.19 -0.12  3.68  0.00 -0.63 0.519  00  02T007M000  1.023
GLU02A0238_038  0.000 -3.89  0.58  5.85  0.00  2.54 0.516  00  02T00DM000  1.008
GLU02A0238_039  0.000 -4.23  0.88  3.42  0.00  0.07 0.517  00  02T012M000  1.000
GLU02A0238_040  0.000 -4.05  0.40  3.51  0.00 -0.14 0.518  00  02T009M000  1.011
GLU02A0238_041  0.000 -4.09  0.22  3.51  0.00 -0.36 0.518  00  02T00BM000  1.023
GLU02A0238_042  0.000 -3.94  0.64  5.74  0.00  2.45 0.520  00  02T00CM000  1.031
GLU02A0238_043  0.000 -2.91 -0.04  6.04  0.00  3.09 0.519  00  02T00EM000  1.000
GLU02A0238_044  0.000 -4.41  2.49  3.46  0.00  1.54 0.518  00  02T010M000  1.022
GLU02A0238_045  0.000 -4.00 -0.40  3.53  0.00 -0.86 0.517  00  02T011M000  1.007
GLU02A0238_046  0.000 -3.71 -0.19  6.30  0.00  2.39 0.518  00  02T014M000  1.053
GLU02A0238_047  0.000 -4.14  1.84  3.38  0.00  1.08 0.520  00  02T016M000  1.022
GLU02A0238_048  0.000 -3.84  0.37  5.69  0.00  2.22 0.517  00  02T01AM000  1.016
GLU02A0238_049  0.000 -4.58 -0.01  3.35  0.00 -1.24 0.518  00  02T019M000  1.062
GLU02A0238_050  0.000 -3.94  0.64  3.02  0.00 -0.27 0.520  00  02T00CM000  1.031
GLU02A0238_051  0.000 -2.91 -0.04  3.32  0.00  0.37 0.519  00  02T00EM000  1.000
GLU02A0238_052  0.000 -4.30  2.49  0.74  0.00 -1.08 0.518  00  02T010M000  1.000
GLU02A0238_053  0.000 -3.96 -0.40  0.81  0.00 -3.55 0.517  00  02T011M000  1.000
GLU02A0238_054  0.000 -3.90  0.37  2.97  0.00 -0.57 0.517  00  02T01AM000  1.030
GLU-1A0238_055 -1.000 -3.19 -0.12  0.36  0.00 -2.95 0.518  00  -1O000M000  1.000
GLU-1A0238_056 -1.000 -3.24  0.37  0.28  0.00 -2.58 0.521  00  -1E001M000  1.000
GLU-1A0238_057 -1.000 -3.75  0.12  0.46  0.00 -3.18 0.519  00  -1E00AM000  1.000
GLU-1A0238_058 -1.000 -4.01  0.58  3.01  0.00 -0.42 0.516  00  -1E00DM000  1.008
GLU-1A0238_059 -1.000 -3.62  0.04  3.65  0.00  0.07 0.523  00  -1E00FM000  1.009
GLU-1A0238_060 -1.000 -4.40  2.24  0.75  0.00 -1.42 0.518  00  -1E010M000  1.030
GLU-1A0238_061 -1.000 -4.10 -0.39  0.84  0.00 -3.65 0.517  00  -1E011M000  1.000
GLU-1A0238_062 -1.000 -4.21  1.11  0.67  0.00 -2.44 0.517  00  -1E012M000  1.000
GLU-1A0238_063 -1.000 -3.92 -0.19  3.59  0.00 -0.53 0.518  00  -1E014M000  1.037
GLU-1A0238_064 -1.000 -4.17  1.71  0.67  0.00 -1.78 0.520  00  -1E016M000  1.018
GLU-1A0238_065 -1.000 -4.48  0.02  3.29  0.00 -1.17 0.518  00  -1E019M000  1.066
GLU-1A0238_066 -1.000 -3.84  0.37  2.97  0.00 -0.50 0.517  00  -1E01AM000  1.006
