iConf CONFORMER     FL  occ    crg   Em0  pKa0 ne nH    vdw0    vdw1    tors    epol   dsolv   extra    history
00001 GLU01A0238_001 f 0.00  0.000     0  0.00  0  0  -2.928  -0.040   3.076   0.117  -0.134   0.000 01O000M000t
00002 GLU01A0238_002 f 0.00  0.000     0  0.00  0  0  -4.197  -0.016   3.633   0.046  -0.534   0.000 01E007M000t
00003 GLU01A0238_003 f 0.00  0.000     0  0.00  0  0  -3.585   0.073   6.431   0.069  -0.616   0.000 01E00FM000t
00004 GLU01A0238_004 f 0.00  0.000     0  0.00  0  0  -3.994   1.818   3.433   0.452  -0.251   0.000 01E016M000t
00005 GLU01A0238_005 f 0.00  0.000     0  0.00  0  0  -2.928  -0.040   0.356   0.034   0.655   0.000 01O000M000t
00006 GLU01A0238_006 f 0.00  0.000     0  0.00  0  0  -4.060  -0.360   0.828   0.078   0.730   0.000 01E011M000t
00007 GLU01A0238_007 f 0.00  0.000     0  0.00  0  0  -4.053   1.300   0.685   0.168   0.724   0.000 01E012M000t
00008 GLU01A0238_008 f 0.00  0.000     0  0.00  0  0  -3.024   0.404   3.002   0.125  -0.186   0.000 01T001M000t
00009 GLU01A0238_009 f 0.00  0.000     0  0.00  0  0  -4.311   0.329   3.597   0.090  -0.556   0.000 01T00BM000t
00010 GLU01A0238_010 f 0.00  0.000     0  0.00  0  0  -3.947  -0.151   6.377   0.030  -0.567   0.000 01T014M000t
00011 GLU01A0238_011 f 0.00  0.000     0  0.00  0  0  -3.796   0.373   5.740   0.219  -0.195   0.000 01T01AM000t
00012 GLU01A0238_012 f 0.00  0.000     0  0.00  0  0  -4.148   0.438   3.569   0.078  -0.538   0.000 01T009M000t
00013 GLU01A0238_013 f 0.00  0.000     0  0.00  0  0  -3.850   0.623   5.731   0.037  -0.573   0.000 01T00DM000t
00014 GLU01A0238_014 f 0.00  0.000     0  0.00  0  0  -2.844  -0.004   6.108   0.143  -0.096   0.000 01T00EM000t
00015 GLU01A0238_015 f 0.00  0.000     0  0.00  0  0  -4.362   2.754   3.516   0.360   0.090   0.000 01T010M000t
00016 GLU01A0238_016 f 0.00  0.000     0  0.00  0  0  -4.060  -0.360   3.532   0.148  -0.546   0.000 01T011M000t
00017 GLU01A0238_017 f 0.00  0.000     0  0.00  0  0  -4.053   1.300   3.405   0.209  -0.237   0.000 01T012M000t
00018 GLU01A0238_018 f 0.00  0.000     0  0.00  0  0  -4.413  -0.008   5.984   0.156  -0.482   0.000 01T019M000t
00019 GLU01A0238_019 f 0.00  0.000     0  0.00  0  0  -4.148   0.438   0.849   0.051   0.658   0.000 01T009M000t
00020 GLU01A0238_020 f 0.00  0.000     0  0.00  0  0  -4.020   0.317   0.854   0.059   0.663   0.000 01T00BM000t
00021 GLU01A0238_021 f 0.00  0.000     0  0.00  0  0  -3.850   0.623   3.011   0.038   0.646   0.000 01T00DM000t
00022 GLU01A0238_022 f 0.00  0.000     0  0.00  0  0  -2.844  -0.004   3.388   0.039   0.666   0.000 01T00EM000t
00023 GLU01A0238_023 f 0.00  0.000     0  0.00  0  0  -4.326   2.754   0.796   0.036   0.646   0.000 01T010M000t
00024 GLU01A0238_024 f 0.00  0.000     0  0.00  0  0  -3.859  -0.147   3.591   0.021   0.725   0.000 01T014M000t
00025 GLU01A0238_025 f 0.00  0.000     0  0.00  0  0  -3.972   1.884   0.695   0.210   0.741   0.000 01T016M000t
00026 GLU01A0238_026 f 0.00  0.000     0  0.00  0  0  -4.477  -0.008   3.264   0.104   0.737   0.000 01T019M000t
00027 GLU01A0238_027 f 0.00  0.000     0  0.00  0  0  -3.667   0.371   2.976   0.077   0.665   0.000 01T01AM000t
00028 GLU02A0238_028 f 0.00  0.000     0  0.00  0  0  -3.343  -0.032   3.076   0.044  -0.503   0.000 02O000M000t
00029 GLU02A0238_029 f 0.00  0.000     0  0.00  0  0  -4.585  -0.008   6.106   0.251  -0.356   0.000 02E019M000t
00030 GLU02A0238_030 f 0.00  0.000     0  0.00  0  0  -3.395  -0.032   0.356   0.029   0.778   0.000 02O000M000t
00031 GLU02A0238_031 f 0.00  0.000     0  0.00  0  0  -4.053   0.440   0.804   0.055   0.660   0.000 02E009M000t
00032 GLU02A0238_032 f 0.00  0.000     0  0.00  0  0  -4.132   0.329   0.801   0.070   0.700   0.000 02E00BM000t
00033 GLU02A0238_033 f 0.00  0.000     0  0.00  0  0  -4.210   1.263   0.657   0.120   0.735   0.000 02E012M000t
00034 GLU02A0238_034 f 0.00  0.000     0  0.00  0  0  -3.714  -0.149   3.587   0.037   0.676   0.000 02E014M000t
00035 GLU02A0238_035 f 0.00  0.000     0  0.00  0  0  -4.136   1.838   0.669   0.160   0.851   0.000 02E016M000t
00036 GLU02A0238_036 f 0.00  0.000     0  0.00  0  0  -3.303   0.411   3.002   0.070  -0.578   0.000 02T001M000t
00037 GLU02A0238_037 f 0.00  0.000     0  0.00  0  0  -4.188  -0.025   3.681   0.096  -0.329   0.000 02T007M000t
00038 GLU02A0238_038 f 0.00  0.000     0  0.00  0  0  -3.886   0.623   5.850   0.103  -0.371   0.000 02T00DM000t
00039 GLU02A0238_039 f 0.00  0.000     0  0.00  0  0  -4.232   0.925   3.423   0.112  -0.467   0.000 02T012M000t
00040 GLU02A0238_040 f 0.00  0.000     0  0.00  0  0  -4.053   0.441   3.513   0.116  -0.407   0.000 02T009M000t
00041 GLU02A0238_041 f 0.00  0.000     0  0.00  0  0  -4.092   0.329   3.510   0.115  -0.336   0.000 02T00BM000t
00042 GLU02A0238_042 f 0.00  0.000     0  0.00  0  0  -3.938   0.690   5.745   0.046  -0.499   0.000 02T00CM000t
00043 GLU02A0238_043 f 0.00  0.000     0  0.00  0  0  -2.919   0.008   6.039   0.061  -0.495   0.000 02T00EM000t
00044 GLU02A0238_044 f 0.00  0.000     0  0.00  0  0  -4.410   2.542   3.457   0.028  -0.380   0.000 02T010M000t
00045 GLU02A0238_045 f 0.00  0.000     0  0.00  0  0  -4.000  -0.349   3.530   0.132  -0.348   0.000 02T011M000t
00046 GLU02A0238_046 f 0.00  0.000     0  0.00  0  0  -3.712  -0.147   6.297   0.201  -0.032   0.000 02T014M000t
00047 GLU02A0238_047 f 0.00  0.000     0  0.00  0  0  -4.136   1.841   3.384   0.169  -0.456   0.000 02T016M000t
00048 GLU02A0238_048 f 0.00  0.000     0  0.00  0  0  -3.842   0.370   5.689   0.042  -0.423   0.000 02T01AM000t
00049 GLU02A0238_049 f 0.00  0.000     0  0.00  0  0  -4.584  -0.011   3.351   0.098   0.692   0.000 02T019M000t
00050 GLU02A0238_050 f 0.00  0.000     0  0.00  0  0  -3.938   0.690   3.025   0.033   0.759   0.000 02T00CM000t
00051 GLU02A0238_051 f 0.00  0.000     0  0.00  0  0  -2.919   0.008   3.319   0.045   0.611   0.000 02T00EM000t
00052 GLU02A0238_052 f 0.00  0.000     0  0.00  0  0  -4.305   2.542   0.737   0.019   0.715   0.000 02T010M000t
00053 GLU02A0238_053 f 0.00  0.000     0  0.00  0  0  -3.965  -0.349   0.810   0.063   0.694   0.000 02T011M000t
00054 GLU02A0238_054 f 0.00  0.000     0  0.00  0  0  -3.907   0.370   2.969   0.044   0.790   0.000 02T01AM000t
00055 GLU-1A0238_055 f 0.00 -1.000     0  4.75  0 -1  -3.191  -0.023   0.356  -0.097  -0.216   0.000 -1O000M000t
00056 GLU-1A0238_056 f 0.00 -1.000     0  4.75  0 -1  -3.242   0.418   0.282  -0.109  -0.245   0.000 -1E001M000t
00057 GLU-1A0238_057 f 0.00 -1.000     0  4.75  0 -1  -3.751   0.226   0.456  -0.101  -0.258   0.000 -1E00AM000t
00058 GLU-1A0238_058 f 0.00 -1.000     0  4.75  0 -1  -4.007   0.630   3.007  -0.084  -0.329   0.000 -1E00DM000t
00059 GLU-1A0238_059 f 0.00 -1.000     0  4.75  0 -1  -3.617   0.082   3.650  -0.074  -0.260   0.000 -1E00FM000t
00060 GLU-1A0238_060 f 0.00 -1.000     0  4.75  0 -1  -4.434   2.289   0.745  -0.186  -0.064   0.000 -1E010M000t
00061 GLU-1A0238_061 f 0.00 -1.000     0  4.75  0 -1  -4.099  -0.340   0.842  -0.141  -0.104   0.000 -1E011M000t
00062 GLU-1A0238_062 f 0.00 -1.000     0  4.75  0 -1  -4.214   1.154   0.668  -0.466   0.075   0.000 -1E012M000t
00063 GLU-1A0238_063 f 0.00 -1.000     0  4.75  0 -1  -3.926  -0.144   3.588  -0.170  -0.159   0.000 -1E014M000t
00064 GLU-1A0238_064 f 0.00 -1.000     0  4.75  0 -1  -4.173   1.712   0.673  -0.718   0.107   0.000 -1E016M000t
00065 GLU-1A0238_065 f 0.00 -1.000     0  4.75  0 -1  -4.478   0.023   3.291  -0.122   0.068   0.000 -1E019M000t
00066 GLU-1A0238_066 f 0.00 -1.000     0  4.75  0 -1  -3.839   0.368   2.972  -0.184  -0.012   0.000 -1E01AM000t
