   confID        vdw0    sas     sum
GLU01A0238_001   1.588  -4.516  -2.928
GLU01A0238_002   0.487  -4.685  -4.197
GLU01A0238_003   0.959  -4.544  -3.585
GLU01A0238_004   0.718  -4.712  -3.994
GLU01A0238_005   1.588  -4.516  -2.928
GLU01A0238_006   0.629  -4.690  -4.060
GLU01A0238_007   0.764  -4.817  -4.053
GLU01A0238_008   1.561  -4.585  -3.024
GLU01A0238_009   0.486  -4.797  -4.311
GLU01A0238_010   0.923  -4.870  -3.947
GLU01A0238_011   0.908  -4.704  -3.796
GLU01A0238_012   0.571  -4.719  -4.148
GLU01A0238_013   0.657  -4.507  -3.850
GLU01A0238_014   1.746  -4.590  -2.844
GLU01A0238_015   0.481  -4.843  -4.362
GLU01A0238_016   0.629  -4.690  -4.060
GLU01A0238_017   0.764  -4.817  -4.053
GLU01A0238_018   0.522  -4.934  -4.413
GLU01A0238_019   0.571  -4.719  -4.148
GLU01A0238_020   0.575  -4.595  -4.020
GLU01A0238_021   0.657  -4.507  -3.850
GLU01A0238_022   1.746  -4.590  -2.844
GLU01A0238_023   0.481  -4.807  -4.326
GLU01A0238_024   1.024  -4.883  -3.859
GLU01A0238_025   0.751  -4.723  -3.972
GLU01A0238_026   0.522  -4.999  -4.477
GLU01A0238_027   0.986  -4.653  -3.667
GLU02A0238_028   1.236  -4.579  -3.343
GLU02A0238_029   0.507  -5.091  -4.585
GLU02A0238_030   1.236  -4.630  -3.395
GLU02A0238_031   0.581  -4.634  -4.053
GLU02A0238_032   0.581  -4.712  -4.132
GLU02A0238_033   0.675  -4.884  -4.210
GLU02A0238_034   1.079  -4.793  -3.714
GLU02A0238_035   0.661  -4.797  -4.136
GLU02A0238_036   1.215  -4.519  -3.303
GLU02A0238_037   0.559  -4.747  -4.188
GLU02A0238_038   0.671  -4.557  -3.886
GLU02A0238_039   0.652  -4.884  -4.232
GLU02A0238_040   0.582  -4.634  -4.053
GLU02A0238_041   0.581  -4.674  -4.092
GLU02A0238_042   0.798  -4.736  -3.938
GLU02A0238_043   1.730  -4.649  -2.919
GLU02A0238_044   0.479  -4.889  -4.410
GLU02A0238_045   0.665  -4.665  -4.000
GLU02A0238_046   1.080  -4.793  -3.712
GLU02A0238_047   0.661  -4.797  -4.136
GLU02A0238_048   0.842  -4.684  -3.842
GLU02A0238_049   0.507  -5.091  -4.584
GLU02A0238_050   0.798  -4.736  -3.938
GLU02A0238_051   1.730  -4.649  -2.919
GLU02A0238_052   0.479  -4.783  -4.305
GLU02A0238_053   0.665  -4.630  -3.965
GLU02A0238_054   0.842  -4.748  -3.907
GLU-1A0238_055   1.180  -4.371  -3.191
GLU-1A0238_056   1.159  -4.401  -3.242
GLU-1A0238_057   0.719  -4.470  -3.751
GLU-1A0238_058   0.519  -4.526  -4.007
GLU-1A0238_059   0.947  -4.564  -3.617
GLU-1A0238_060   0.383  -4.816  -4.434
GLU-1A0238_061   0.498  -4.597  -4.099
GLU-1A0238_062   0.569  -4.782  -4.214
GLU-1A0238_063   0.866  -4.792  -3.926
GLU-1A0238_064   0.561  -4.735  -4.173
GLU-1A0238_065   0.407  -4.885  -4.478
GLU-1A0238_066   0.737  -4.576  -3.839
