CONFORMER         crg  vdw0  vdw1  tors  epol  self   occ  Hb     history    ASA
LYS01A0209_001  0.000-10.94  1.04  1.19  0.00 -8.71 0.501  00  01O000M000  1.000
LYS01A0209_002  0.000 -9.94  1.01  1.79  0.00 -7.14 0.502  00  01E014M000  1.000
LYS01A0209_003  0.000 -8.43  1.61  1.58  0.00 -5.25 0.501  00  01E02FM000  1.000
LYS01A0209_004  0.000 -9.09  1.93  4.18  0.00 -2.98 0.501  00  01E04FM000  1.000
LYS01A0209_005  0.000-10.03  0.61  4.09  0.00 -5.33 0.502  00  01E062M000  1.000
LYS01A0209_006  0.000 -8.43  0.59  1.42  0.00 -6.43 0.502  00  01E064M000  1.000
LYS01A0209_007  0.000 -9.96  0.45  3.42  0.00 -6.09 0.502  00  01E086M000  1.000
LYS01A0209_008  0.000 -8.35  0.86  4.03  0.00 -3.47 0.502  00  01E0F0M000  1.000
LYS01A0209_009  0.000 -8.31  1.40  6.84  0.00 -0.06 0.502  00  01E126M000  1.000
LYS01A0209_010  0.000 -9.30  1.56  1.45  0.00 -6.29 0.501  00  01T03BM000  1.000
LYS01A0209_011  0.000 -8.54  1.89  0.97  0.00 -5.68 0.502  00  01T075M000  1.000
LYS01A0209_012  0.000 -8.27  1.10  1.26  0.00 -5.90 0.501  00  01T088M000  1.000
LYS01A0209_013  0.000 -7.68  0.74  1.50  0.00 -5.44 0.502  00  01T0C5M000  1.000
LYS01A0209_014  0.000 -5.95  0.21  1.41  0.00 -4.33 0.501  00  01T0CFM000  1.000
LYS01A0209_015  0.000 -5.68  1.18  1.99  0.00 -2.50 0.502  00  01T0DAM000  1.000
LYS01A0209_016  0.000 -8.22  1.71  4.26  0.00 -2.25 0.502  00  01T0DCM000  1.000
LYS01A0209_017  0.000 -7.53  1.71  1.61  0.00 -4.21 0.502  00  01T0DDM000  1.000
LYS01A0209_018  0.000 -7.77  1.86  1.54  0.00 -4.38 0.502  00  01T0E4M000  1.000
LYS01A0209_019  0.000 -5.48  1.13  1.87  0.00 -2.47 0.502  00  01T0E9M000  1.000
LYS01A0209_020  0.000 -5.42  1.19  1.92  0.00 -2.30 0.502  00  01T111M000  1.000
LYS+1A0209_021  1.000-10.99  1.04  1.19  0.00 -8.76 0.501  00  +1O000M000  1.000
LYS+1A0209_022  1.000 -9.99  1.01  1.79  0.00 -7.20 0.502  00  +1E014M000  1.000
LYS+1A0209_023  1.000 -9.37  1.54  1.45  0.00 -6.38 0.501  00  +1E03BM000  1.000
LYS+1A0209_024  1.000 -9.15  1.93  4.18  0.00 -3.04 0.501  00  +1E04FM000  1.000
LYS+1A0209_025  1.000 -8.49  0.57  1.42  0.00 -6.50 0.502  00  +1E064M000  1.000
LYS+1A0209_026  1.000 -8.48  1.86  0.97  0.00 -5.66 0.502  00  +1E075M000  1.000
LYS+1A0209_027  1.000 -9.96  0.45  3.49  0.00 -6.02 0.502  00  +1E086M000  1.000
LYS+1A0209_028  1.000 -8.35  1.09  1.27  0.00 -6.00 0.501  00  +1E088M000  1.000
LYS+1A0209_029  1.000 -7.74  0.73  1.49  0.00 -5.52 0.502  00  +1E0C5M000  1.000
LYS+1A0209_030  1.000 -5.99  0.19  1.42  0.00 -4.38 0.501  00  +1E0CFM000  1.000
LYS+1A0209_031  1.000 -5.71  1.18  1.99  0.00 -2.54 0.502  00  +1E0DAM000  1.000
LYS+1A0209_032  1.000 -7.53  1.71  1.61  0.00 -4.21 0.502  00  +1E0DDM000  1.000
LYS+1A0209_033  1.000 -5.46  1.13  1.87  0.00 -2.46 0.502  00  +1E0E9M000  1.000
LYS+1A0209_034  1.000 -8.52  1.61  1.58  0.00 -5.32 0.501  00  +1T02FM000  1.000
LYS+1A0209_035  1.000-10.07  0.60  4.10  0.00 -5.37 0.502  00  +1T062M000  1.000
LYS+1A0209_036  1.000 -8.26  1.71  4.28  0.00 -2.28 0.502  00  +1T0DCM000  1.000
LYS+1A0209_037  1.000 -7.88  1.87  1.54  0.00 -4.46 0.502  00  +1T0E4M000  1.000
LYS+1A0209_038  1.000 -8.34  0.86  4.04  0.00 -3.44 0.502  00  +1T0F0M000  1.000
LYS+1A0209_039  1.000 -5.44  1.19  1.92  0.00 -2.33 0.502  00  +1T111M000  1.000
LYS+1A0209_040  1.000 -8.19  1.41  6.85  0.00  0.07 0.502  00  +1T126M000  1.000
