iConf CONFORMER     FL  occ    crg   Em0  pKa0 ne nH    vdw0    vdw1    tors    epol   dsolv   extra    history
00001 LYS01A0209_001 f 0.00  0.000     0  0.00  0  0 -10.935   1.038   1.192  -0.014   0.027   0.000 01O000M000t
00002 LYS01A0209_002 f 0.00  0.000     0  0.00  0  0  -9.942   1.014   1.787  -0.016  -0.003   0.000 01E014M000t
00003 LYS01A0209_003 f 0.00  0.000     0  0.00  0  0  -8.437   1.612   1.577  -0.030   0.050   0.000 01E02FM000t
00004 LYS01A0209_004 f 0.00  0.000     0  0.00  0  0  -9.085   1.936   4.180  -0.037   0.075   0.000 01E04FM000t
00005 LYS01A0209_005 f 0.00  0.000     0  0.00  0  0 -10.026   0.608   4.090  -0.013  -0.120   0.000 01E062M000t
00006 LYS01A0209_006 f 0.00  0.000     0  0.00  0  0  -8.426   0.584   1.417  -0.040   0.118   0.000 01E064M000t
00007 LYS01A0209_007 f 0.00  0.000     0  0.00  0  0  -9.964   0.455   3.424  -0.018   0.048   0.000 01E086M000t
00008 LYS01A0209_008 f 0.00  0.000     0  0.00  0  0  -8.352   0.859   4.026  -0.015   0.073   0.000 01E0F0M000t
00009 LYS01A0209_009 f 0.00  0.000     0  0.00  0  0  -8.306   1.403   6.836  -0.015   0.030   0.000 01E126M000t
00010 LYS01A0209_010 f 0.00  0.000     0  0.00  0  0  -9.307   1.563   1.455  -0.050   0.044   0.000 01T03BM000t
00011 LYS01A0209_011 f 0.00  0.000     0  0.00  0  0  -8.530   1.888   0.967  -0.026  -0.125   0.000 01T075M000t
00012 LYS01A0209_012 f 0.00  0.000     0  0.00  0  0  -8.280   1.099   1.265  -0.014  -0.154   0.000 01T088M000t
00013 LYS01A0209_013 f 0.00  0.000     0  0.00  0  0  -7.682   0.737   1.495  -0.015  -0.079   0.000 01T0C5M000t
00014 LYS01A0209_014 f 0.00  0.000     0  0.00  0  0  -5.941   0.208   1.414  -0.047   0.144   0.000 01T0CFM000t
00015 LYS01A0209_015 f 0.00  0.000     0  0.00  0  0  -5.720   1.182   1.993  -0.028  -0.017   0.000 01T0DAM000t
00016 LYS01A0209_016 f 0.00  0.000     0  0.00  0  0  -8.231   1.714   4.262  -0.015   0.030   0.000 01T0DCM000t
00017 LYS01A0209_017 f 0.00  0.000     0  0.00  0  0  -7.535   1.710   1.606  -0.045   0.009   0.000 01T0DDM000t
00018 LYS01A0209_018 f 0.00  0.000     0  0.00  0  0  -7.773   1.854   1.536  -0.005   0.154   0.000 01T0E4M000t
00019 LYS01A0209_019 f 0.00  0.000     0  0.00  0  0  -5.472   1.133   1.873  -0.018   0.087   0.000 01T0E9M000t
00020 LYS01A0209_020 f 0.00  0.000     0  0.00  0  0  -5.350   1.194   1.920  -0.018   0.099   0.000 01T111M000t
00021 LYS+1A0209_021 f 0.00  1.000     0 10.40  0  1 -10.986   1.037   1.192   0.095  -0.133   0.000 +1O000M000t
00022 LYS+1A0209_022 f 0.00  1.000     0 10.40  0  1  -9.995   1.014   1.788   0.105  -0.151   0.000 +1E014M000t
00023 LYS+1A0209_023 f 0.00  1.000     0 10.40  0  1  -9.374   1.542   1.454   0.265  -0.192   0.000 +1E03BM000t
00024 LYS+1A0209_024 f 0.00  1.000     0 10.40  0  1  -9.149   1.931   4.181   0.190  -0.186   0.000 +1E04FM000t
00025 LYS+1A0209_025 f 0.00  1.000     0 10.40  0  1  -8.491   0.573   1.416   0.193   0.356   0.000 +1E064M000t
00026 LYS+1A0209_026 f 0.00  1.000     0 10.40  0  1  -8.487   1.862   0.970  -0.033   0.000   0.000 +1E075M000t
00027 LYS+1A0209_027 f 0.00  1.000     0 10.40  0  1  -9.964   0.451   3.488   0.100  -0.108   0.000 +1E086M000t
00028 LYS+1A0209_028 f 0.00  1.000     0 10.40  0  1  -8.356   1.088   1.269   0.165  -0.208   0.000 +1E088M000t
00029 LYS+1A0209_029 f 0.00  1.000     0 10.40  0  1  -7.742   0.731   1.494   0.087   0.163   0.000 +1E0C5M000t
00030 LYS+1A0209_030 f 0.00  1.000     0 10.40  0  1  -5.980   0.193   1.417   0.233   0.337   0.000 +1E0CFM000t
00031 LYS+1A0209_031 f 0.00  1.000     0 10.40  0  1  -5.700   1.173   1.993   0.017   0.094   0.000 +1E0DAM000t
00032 LYS+1A0209_032 f 0.00  1.000     0 10.40  0  1  -7.528   1.707   1.607  -0.003   0.165   0.000 +1E0DDM000t
00033 LYS+1A0209_033 f 0.00  1.000     0 10.40  0  1  -5.529   1.126   1.872   0.110   0.086   0.000 +1E0E9M000t
00034 LYS+1A0209_034 f 0.00  1.000     0 10.40  0  1  -8.517   1.612   1.579   0.125  -0.098   0.000 +1T02FM000t
00035 LYS+1A0209_035 f 0.00  1.000     0 10.40  0  1 -10.073   0.604   4.100   0.057  -0.130   0.000 +1T062M000t
00036 LYS+1A0209_036 f 0.00  1.000     0 10.40  0  1  -8.264   1.714   4.277   0.036  -0.476   0.000 +1T0DCM000t
00037 LYS+1A0209_037 f 0.00  1.000     0 10.40  0  1  -7.874   1.874   1.541   0.059   0.181   0.000 +1T0E4M000t
00038 LYS+1A0209_038 f 0.00  1.000     0 10.40  0  1  -8.372   0.855   4.045   0.005  -0.044   0.000 +1T0F0M000t
00039 LYS+1A0209_039 f 0.00  1.000     0 10.40  0  1  -5.441   1.189   1.924   0.122   0.151   0.000 +1T111M000t
00040 LYS+1A0209_040 f 0.00  1.000     0 10.40  0  1  -8.186   1.406   6.852   0.071  -0.076   0.000 +1T126M000t
