   confID        vdw0    sas     sum
LYS01A0209_001   1.496 -12.431 -10.935
LYS01A0209_002   2.695 -12.637  -9.942
LYS01A0209_003   3.466 -11.903  -8.437
LYS01A0209_004   3.426 -12.511  -9.085
LYS01A0209_005   2.836 -12.862 -10.026
LYS01A0209_006   3.890 -12.316  -8.426
LYS01A0209_007   2.354 -12.319  -9.964
LYS01A0209_008   3.706 -12.058  -8.352
LYS01A0209_009   4.109 -12.415  -8.306
LYS01A0209_010   3.266 -12.572  -9.307
LYS01A0209_011   3.879 -12.410  -8.530
LYS01A0209_012   3.347 -11.627  -8.280
LYS01A0209_013   4.348 -12.029  -7.682
LYS01A0209_014   6.235 -12.175  -5.941
LYS01A0209_015   6.294 -12.013  -5.720
LYS01A0209_016   4.123 -12.353  -8.231
LYS01A0209_017   4.523 -12.058  -7.535
LYS01A0209_018   4.408 -12.181  -7.773
LYS01A0209_019   6.223 -11.696  -5.472
LYS01A0209_020   6.629 -11.978  -5.350
LYS+1A0209_021   1.445 -12.431 -10.986
LYS+1A0209_022   2.642 -12.637  -9.995
LYS+1A0209_023   3.250 -12.624  -9.374
LYS+1A0209_024   3.362 -12.511  -9.149
LYS+1A0209_025   3.877 -12.368  -8.491
LYS+1A0209_026   3.897 -12.384  -8.487
LYS+1A0209_027   2.306 -12.270  -9.964
LYS+1A0209_028   3.271 -11.627  -8.356
LYS+1A0209_029   4.287 -12.029  -7.742
LYS+1A0209_030   6.196 -12.175  -5.980
LYS+1A0209_031   6.259 -11.959  -5.700
LYS+1A0209_032   4.479 -12.007  -7.528
LYS+1A0209_033   6.083 -11.612  -5.529
LYS+1A0209_034   3.386 -11.903  -8.517
LYS+1A0209_035   2.789 -12.862 -10.073
LYS+1A0209_036   4.090 -12.353  -8.264
LYS+1A0209_037   4.359 -12.233  -7.874
LYS+1A0209_038   3.686 -12.058  -8.372
LYS+1A0209_039   6.566 -12.007  -5.441
LYS+1A0209_040   4.087 -12.273  -8.186
