iConf CONFORMER     FL  occ    crg   Em0  pKa0 ne nH    vdw0    vdw1    tors    epol   dsolv   extra    history
00001 ASP01A0116_001 f 0.00  0.000     0  0.00  0  0  -4.217   3.616   6.260   0.274  -0.556   0.000 01O000M000t
00002 ASP01A0116_002 f 0.00  0.000     0  0.00  0  0  -4.193   1.372   3.672   0.265  -0.860   0.000 01E003M000t
00003 ASP01A0116_003 f 0.00  0.000     0  0.00  0  0  -3.702   1.650   3.693   0.503  -0.731   0.000 01E004M000t
00004 ASP01A0116_004 f 0.00  0.000     0  0.00  0  0  -4.111   3.618   3.540   0.250   0.315   0.000 01O000M000t
00005 ASP01A0116_005 f 0.00  0.000     0  0.00  0  0  -4.213   2.347   0.931   0.149   0.299   0.000 01E001M000t
00006 ASP01A0116_006 f 0.00  0.000     0  0.00  0  0  -3.945   3.251   0.972   0.332   0.246   0.000 01E002M000t
00007 ASP01A0116_007 f 0.00  0.000     0  0.00  0  0  -4.213   2.347   3.650   0.260  -0.684   0.000 01T001M000t
00008 ASP01A0116_008 f 0.00  0.000     0  0.00  0  0  -3.919   3.251   3.692   0.386  -0.496   0.000 01T002M000t
00009 ASP01A0116_009 f 0.00  0.000     0  0.00  0  0  -4.157   1.372   0.948   0.252   0.294   0.000 01T003M000t
00010 ASP01A0116_010 f 0.00  0.000     0  0.00  0  0  -3.782   1.724   0.968   0.423   0.271   0.000 01T004M000t
00011 ASP02A0116_011 f 0.00  0.000     0  0.00  0  0  -4.005   3.415   6.260   0.383  -0.348   0.000 02O000M000t
00012 ASP02A0116_012 f 0.00  0.000     0  0.00  0  0  -3.775   3.002   3.680   0.469  -0.102   0.000 02E002M000t
00013 ASP02A0116_013 f 0.00  0.000     0  0.00  0  0  -4.110   1.483   3.675   0.305  -0.279   0.000 02E003M000t
00014 ASP02A0116_014 f 0.00  0.000     0  0.00  0  0  -3.856   1.868   3.697   0.500  -0.174   0.000 02E004M000t
00015 ASP02A0116_015 f 0.00  0.000     0  0.00  0  0  -3.969   3.415   3.540   0.276   0.645   0.000 02O000M000t
00016 ASP02A0116_016 f 0.00  0.000     0  0.00  0  0  -4.315   2.238   3.605   0.199  -0.425   0.000 02T001M000t
00017 ASP02A0116_017 f 0.00  0.000     0  0.00  0  0  -3.800   3.002   0.951   0.320   0.628   0.000 02T002M000t
00018 ASP02A0116_018 f 0.00  0.000     0  0.00  0  0  -4.109   1.482   0.947   0.218   0.665   0.000 02T003M000t
00019 ASP02A0116_019 f 0.00  0.000     0  0.00  0  0  -3.893   1.866   0.975   0.426   0.587   0.000 02T004M000t
00020 ASP02A0116_020 f 0.00  0.000     0  0.00  0  0  -4.244   2.238   0.885   0.175   0.574   0.000 02T001M000t
00021 ASP-1A0116_021 f 0.00 -1.000     0  4.75  0 -1  -4.028   3.350   3.540  -0.268   0.043   0.000 -1O000M000t
00022 ASP-1A0116_022 f 0.00 -1.000     0  4.75  0 -1  -4.190   2.045   0.894  -0.427   0.198   0.000 -1E001M000t
00023 ASP-1A0116_023 f 0.00 -1.000     0  4.75  0 -1  -3.925   2.863   0.926  -0.517   0.217   0.000 -1E002M000t
00024 ASP-1A0116_024 f 0.00 -1.000     0  4.75  0 -1  -4.016   1.340   0.921  -0.344  -0.011   0.000 -1E003M000t
00025 ASP-1A0116_025 f 0.00 -1.000     0  4.75  0 -1  -3.669   1.671   0.944  -0.344   0.049   0.000 -1E004M000t
