   confID        vdw0    sas     sum
ASP01A0116_001   0.376  -4.593  -4.217
ASP01A0116_002   0.499  -4.692  -4.193
ASP01A0116_003   0.511  -4.213  -3.702
ASP01A0116_004   0.377  -4.488  -4.111
ASP01A0116_005   0.400  -4.613  -4.213
ASP01A0116_006   0.392  -4.337  -3.945
ASP01A0116_007   0.400  -4.613  -4.213
ASP01A0116_008   0.392  -4.311  -3.919
ASP01A0116_009   0.501  -4.658  -4.157
ASP01A0116_010   0.501  -4.284  -3.782
ASP02A0116_011   0.446  -4.451  -4.005
ASP02A0116_012   0.485  -4.260  -3.775
ASP02A0116_013   0.499  -4.609  -4.110
ASP02A0116_014   0.519  -4.375  -3.856
ASP02A0116_015   0.446  -4.415  -3.969
ASP02A0116_016   0.512  -4.827  -4.315
ASP02A0116_017   0.486  -4.286  -3.800
ASP02A0116_018   0.499  -4.609  -4.109
ASP02A0116_019   0.521  -4.414  -3.893
ASP02A0116_020   0.512  -4.757  -4.244
ASP-1A0116_021   0.334  -4.362  -4.028
ASP-1A0116_022   0.370  -4.560  -4.190
ASP-1A0116_023   0.363  -4.289  -3.925
ASP-1A0116_024   0.402  -4.418  -4.016
ASP-1A0116_025   0.418  -4.086  -3.669
