CONFORMER         crg  vdw0  vdw1  tors  epol  self   occ  Hb     history    ASA
GLU01A0222_001  0.000 -3.86  0.85  3.48  0.00  0.47 0.586  00  01O000M000  1.000
GLU01A0222_002  0.000 -3.87  1.59  3.11  0.00  0.84 0.581  00  01E001M000  1.043
GLU01A0222_003  0.000 -4.82  1.27  4.04  0.00  0.49 0.584  00  01E004M000  1.075
GLU01A0222_004  0.000 -3.86  0.85  0.76  0.00 -2.25 0.586  00  01O000M000  1.000
GLU01A0222_005  0.000 -3.69  2.73  0.61  0.00 -0.35 0.582  00  01E005M000  1.003
GLU01A0222_006  0.000 -4.55  0.88  4.17  0.00  0.50 0.580  00  01T003M000  1.042
GLU01A0222_007  0.000 -3.69  2.73  3.32  0.00  2.36 0.582  00  01T005M000  1.003
GLU01A0222_008  0.000 -3.87  1.59  0.39  0.00 -1.89 0.581  00  01T001M000  1.043
GLU02A0222_009  0.000 -3.54  0.84  3.48  0.00  0.78 0.586  00  02O000M000  1.000
GLU02A0222_010  0.000 -3.73  1.81  3.12  0.00  1.19 0.581  00  02E001M000  1.042
GLU02A0222_011  0.000 -3.54  0.84  0.76  0.00 -1.94 0.586  00  02O000M000  1.000
GLU02A0222_012  0.000 -4.38  0.88  4.18  0.00  0.68 0.580  00  02T003M000  1.021
GLU02A0222_013  0.000 -3.31  3.10  3.33  0.00  3.11 0.582  00  02T005M000  1.005
GLU02A0222_014  0.000 -4.83  1.21  3.98  0.00  0.36 0.584  00  02T004M000  1.081
GLU02A0222_015  0.000 -3.31  3.10  0.61  0.00  0.39 0.582  00  02T005M000  1.005
GLU02A0222_016  0.000 -4.83  1.21  1.26  0.00 -2.36 0.584  00  02T004M000  1.081
GLU-1A0222_017 -1.000 -3.78  0.86  0.76  0.00 -2.17 0.586  00  -1O000M000  1.000
GLU-1A0222_018 -1.000 -3.80  1.67  0.39  0.00 -1.74 0.581  00  -1E001M000  1.027
GLU-1A0222_019 -1.000 -3.68  3.02  0.57  0.00 -0.08 0.582  00  -1E005M000  1.003
