iConf CONFORMER     FL  occ    crg   Em0  pKa0 ne nH    vdw0    vdw1    tors    epol   dsolv   extra    history
00001 GLU01A0222_001 f 0.00  0.000     0  0.00  0  0  -3.856   0.849   3.480   0.069  -0.585   0.000 01O000M000t
00002 GLU01A0222_002 f 0.00  0.000     0  0.00  0  0  -3.864   1.586   3.112   0.041  -0.545   0.000 01E001M000t
00003 GLU01A0222_003 f 0.00  0.000     0  0.00  0  0  -4.816   1.263   4.042   0.087  -0.659   0.000 01E004M000t
00004 GLU01A0222_004 f 0.00  0.000     0  0.00  0  0  -3.856   0.849   0.760   0.045   0.663   0.000 01O000M000t
00005 GLU01A0222_005 f 0.00  0.000     0  0.00  0  0  -3.691   2.729   0.612   0.134   0.751   0.000 01E005M000t
00006 GLU01A0222_006 f 0.00  0.000     0  0.00  0  0  -4.547   0.885   4.170   0.049  -0.408   0.000 01T003M000t
00007 GLU01A0222_007 f 0.00  0.000     0  0.00  0  0  -3.689   2.730   3.324   0.173  -0.555   0.000 01T005M000t
00008 GLU01A0222_008 f 0.00  0.000     0  0.00  0  0  -3.864   1.586   0.389   0.012   0.724   0.000 01T001M000t
00009 GLU02A0222_009 f 0.00  0.000     0  0.00  0  0  -3.543   0.842   3.480   0.089  -0.331   0.000 02O000M000t
00010 GLU02A0222_010 f 0.00  0.000     0  0.00  0  0  -3.735   1.808   3.118   0.355  -0.063   0.000 02E001M000t
00011 GLU02A0222_011 f 0.00  0.000     0  0.00  0  0  -3.543   0.842   0.760   0.043   0.685   0.000 02O000M000t
00012 GLU02A0222_012 f 0.00  0.000     0  0.00  0  0  -4.384   0.880   4.182   0.108  -0.793   0.000 02T003M000t
00013 GLU02A0222_013 f 0.00  0.000     0  0.00  0  0  -3.313   3.091   3.327   0.160  -0.338   0.000 02T005M000t
00014 GLU02A0222_014 f 0.00  0.000     0  0.00  0  0  -4.833   1.207   3.980   0.354  -0.197   0.000 02T004M000t
00015 GLU02A0222_015 f 0.00  0.000     0  0.00  0  0  -3.313   3.091   0.607   0.143   0.704   0.000 02T005M000t
00016 GLU02A0222_016 f 0.00  0.000     0  0.00  0  0  -4.833   1.207   1.260   0.077   0.750   0.000 02T004M000t
00017 GLU-1A0222_017 f 0.00 -1.000     0  4.75  0 -1  -3.785   0.859   0.760  -0.093  -0.253   0.000 -1O000M000t
00018 GLU-1A0222_018 f 0.00 -1.000     0  4.75  0 -1  -3.797   1.663   0.392  -0.353  -0.002   0.000 -1E001M000t
00019 GLU-1A0222_019 f 0.00 -1.000     0  4.75  0 -1  -3.675   3.027   0.573  -0.290   0.061   0.000 -1E005M000t
