   confID        vdw0    sas     sum
GLU01A0222_001   0.886  -4.742  -3.856
GLU01A0222_002   0.951  -4.816  -3.864
GLU01A0222_003   0.274  -5.090  -4.816
GLU01A0222_004   0.886  -4.742  -3.856
GLU01A0222_005   1.096  -4.787  -3.691
GLU01A0222_006   0.315  -4.863  -4.547
GLU01A0222_007   1.098  -4.787  -3.689
GLU01A0222_008   0.952  -4.816  -3.864
GLU02A0222_009   1.111  -4.654  -3.543
GLU02A0222_010   1.168  -4.904  -3.735
GLU02A0222_011   1.111  -4.654  -3.543
GLU02A0222_012   0.343  -4.727  -4.384
GLU02A0222_013   1.416  -4.728  -3.313
GLU02A0222_014   0.327  -5.160  -4.833
GLU02A0222_015   1.416  -4.728  -3.313
GLU02A0222_016   0.327  -5.160  -4.833
GLU-1A0222_017   0.823  -4.608  -3.785
GLU-1A0222_018   0.886  -4.683  -3.797
GLU-1A0222_019   1.043  -4.718  -3.675
