iConf CONFORMER     FL  occ    crg   Em0  pKa0 ne nH    vdw0    vdw1    tors    epol   dsolv   extra    history
00001 TYR01A0075_001 f 0.00  0.000     0  0.00  0  0 -10.221  -0.360   0.603   0.265  -0.001   0.000 01O000M000t
00002 TYR01A0075_002 f 0.00  0.000     0  0.00  0  0 -10.220   1.342   2.162   0.241   0.031   0.000 01E001M000t
00003 TYR01A0075_003 f 0.00  0.000     0  0.00  0  0 -10.269   2.855   2.144   0.294  -0.109   0.000 01E00DM000t
00004 TYR01A0075_004 f 0.00  0.000     0  0.00  0  0 -10.738  -0.336   0.568   0.036  -0.063   0.000 01E010M000t
00005 TYR01A0075_005 f 0.00  0.000     0  0.00  0  0 -10.461   0.186   2.161   0.202  -0.073   0.000 01E013M000t
00006 TYR01A0075_006 f 0.00  0.000     0  0.00  0  0 -11.126   2.000   0.414   0.299  -0.151   0.000 01E00AM000t
00007 TYR01A0075_007 f 0.00  0.000     0  0.00  0  0 -10.564   3.489   2.135   0.275  -0.137   0.000 01E00BM000t
00008 TYR01A0075_008 f 0.00  0.000     0  0.00  0  0  -9.930   0.058   0.575   0.350  -0.108   0.000 01T00EM000t
00009 TYR01A0075_009 f 0.00  0.000     0  0.00  0  0 -11.134   6.177   2.037   0.220  -0.193   0.000 01T015M000t
00010 TYR01A0075_010 f 0.00  0.000     0  0.00  0  0  -9.681  -0.320   0.570   0.313  -0.071   0.000 01T002M000t
00011 TYR01A0075_011 f 0.00  0.000     0  0.00  0  0 -10.194   0.940   2.163   0.183  -0.006   0.000 01T003M000t
00012 TYR01A0075_012 f 0.00  0.000     0  0.00  0  0 -10.637   1.122   0.536   0.257  -0.166   0.000 01T006M000t
00013 TYR01A0075_013 f 0.00  0.000     0  0.00  0  0 -10.681   5.209   0.504   0.320  -0.233   0.000 01T007M000t
00014 TYR01A0075_014 f 0.00  0.000     0  0.00  0  0 -10.022  -0.389   0.568   0.029   0.010   0.000 01T004M000t
00015 TYR01A0075_015 f 0.00  0.000     0  0.00  0  0  -9.974   1.325   2.158   0.193   0.042   0.000 01T00FM000t
00016 TYR01A0075_016 f 0.00  0.000     0  0.00  0  0 -10.511   0.642   2.134   0.241   0.042   0.000 01T014M000t
00017 TYR01A0075_017 f 0.00  0.000     0  0.00  0  0 -10.895   0.245   0.531   0.261  -0.202   0.000 01T009M000t
00018 TYR01A0075_018 f 0.00  0.000     0  0.00  0  0 -10.878   1.733   2.159   0.233  -0.018   0.000 01T00CM000t
00019 TYR01A0075_019 f 0.00  0.000     0  0.00  0  0 -10.564   3.650   0.376   0.171  -0.076   0.000 01T011M000t
00020 TYR01A0075_020 f 0.00  0.000     0  0.00  0  0 -10.049   1.091   2.138   0.278  -0.093   0.000 01T012M000t
00021 TYR-1A0075_021 f 0.00 -1.000     0 10.20  0 -1 -10.221  -0.360   0.603   0.100  -0.916   0.000 -1O000M000t
00022 TYR-1A0075_022 f 0.00 -1.000     0 10.20  0 -1  -9.562  -0.282   0.564   0.340  -0.908   0.000 -1E002M000t
00023 TYR-1A0075_023 f 0.00 -1.000     0 10.20  0 -1 -10.050   0.953   2.155   0.020  -0.793   0.000 -1E003M000t
00024 TYR-1A0075_024 f 0.00 -1.000     0 10.20  0 -1  -9.977  -0.389   0.560  -0.304  -0.633   0.000 -1E004M000t
00025 TYR-1A0075_025 f 0.00 -1.000     0 10.20  0 -1 -10.383   5.182   0.500   0.153  -0.992   0.000 -1E007M000t
00026 TYR-1A0075_026 f 0.00 -1.000     0 10.20  0 -1 -10.765   0.262   0.518   0.117  -1.139   0.000 -1E009M000t
00027 TYR-1A0075_027 f 0.00 -1.000     0 10.20  0 -1 -11.122   2.012   0.407   0.145  -0.925   0.000 -1E00AM000t
00028 TYR-1A0075_028 f 0.00 -1.000     0 10.20  0 -1 -10.572   3.480   2.123   0.089  -0.877   0.000 -1E00BM000t
00029 TYR-1A0075_029 f 0.00 -1.000     0 10.20  0 -1 -10.915   1.743   2.148   0.125  -0.875   0.000 -1E00CM000t
00030 TYR-1A0075_030 f 0.00 -1.000     0 10.20  0 -1 -10.029   0.116   0.570   0.352  -1.021   0.000 -1E00EM000t
00031 TYR-1A0075_031 f 0.00 -1.000     0 10.20  0 -1  -9.913   1.344   2.149   0.002  -0.627   0.000 -1E00FM000t
00032 TYR-1A0075_032 f 0.00 -1.000     0 10.20  0 -1 -10.409   0.660   2.121   0.012  -1.049   0.000 -1E014M000t
00033 TYR-1A0075_033 f 0.00 -1.000     0 10.20  0 -1 -10.227   1.321   2.150   0.147  -0.916   0.000 -1T001M000t
00034 TYR-1A0075_034 f 0.00 -1.000     0 10.20  0 -1 -10.685   1.104   0.526   0.109  -0.856   0.000 -1T006M000t
00035 TYR-1A0075_035 f 0.00 -1.000     0 10.20  0 -1 -10.294   2.783   2.129   0.096  -1.062   0.000 -1T00DM000t
00036 TYR-1A0075_036 f 0.00 -1.000     0 10.20  0 -1 -10.724  -0.338   0.557  -0.293  -0.734   0.000 -1T010M000t
00037 TYR-1A0075_037 f 0.00 -1.000     0 10.20  0 -1 -10.493   3.632   0.353  -0.190  -0.938   0.000 -1T011M000t
00038 TYR-1A0075_038 f 0.00 -1.000     0 10.20  0 -1 -10.052   1.108   2.125   0.031  -0.977   0.000 -1T012M000t
00039 TYR-1A0075_039 f 0.00 -1.000     0 10.20  0 -1 -10.557   0.183   2.152  -0.038  -0.819   0.000 -1T013M000t
00040 TYR-1A0075_040 f 0.00 -1.000     0 10.20  0 -1 -11.120   6.136   2.027   0.005  -1.082   0.000 -1T015M000t
