CONFORMER         crg  vdw0  vdw1  tors  epol  self   occ  Hb     history    ASA
TYR01A0075_001  0.000-10.22 -0.36  0.60  0.00 -9.98 0.521  00  01O000M000  1.000
TYR01A0075_002  0.000-10.22  1.34  2.16  0.00 -6.72 0.521  00  01E001M000  1.000
TYR01A0075_003  0.000-10.27  2.85  2.14  0.00 -5.27 0.522  00  01E00DM000  1.000
TYR01A0075_004  0.000-10.74 -0.34  0.57  0.00-10.51 0.522  00  01E010M000  1.000
TYR01A0075_005  0.000-10.46  0.19  2.16  0.00 -8.11 0.524  00  01E013M000  1.000
TYR01A0075_006  0.000-11.12  2.00  0.41  0.00 -8.71 0.522  00  01E00AM000  1.000
TYR01A0075_007  0.000-10.57  3.50  2.14  0.00 -4.94 0.524  00  01E00BM000  1.000
TYR01A0075_008  0.000 -9.92  0.06  0.57  0.00 -9.29 0.523  00  01T00EM000  1.000
TYR01A0075_009  0.000-11.13  6.15  2.04  0.00 -2.94 0.523  00  01T015M000  1.000
TYR01A0075_010  0.000 -9.68 -0.32  0.57  0.00 -9.43 0.524  00  01T002M000  1.000
TYR01A0075_011  0.000-10.20  0.95  2.16  0.00 -7.09 0.522  00  01T003M000  1.000
TYR01A0075_012  0.000-10.64  1.12  0.54  0.00 -8.98 0.525  00  01T006M000  1.000
TYR01A0075_013  0.000-10.67  5.20  0.50  0.00 -4.96 0.526  00  01T007M000  1.000
TYR01A0075_014  0.000-10.03 -0.39  0.57  0.00 -9.85 0.520  00  01T004M000  1.000
TYR01A0075_015  0.000 -9.98  1.32  2.16  0.00 -6.50 0.523  00  01T00FM000  1.000
TYR01A0075_016  0.000-10.52  0.64  2.13  0.00 -7.74 0.523  00  01T014M000  1.000
TYR01A0075_017  0.000-10.89  0.25  0.53  0.00-10.11 0.523  00  01T009M000  1.000
TYR01A0075_018  0.000-10.88  1.73  2.16  0.00 -7.00 0.524  00  01T00CM000  1.000
TYR01A0075_019  0.000-10.56  3.65  0.38  0.00 -6.54 0.524  00  01T011M000  1.000
TYR01A0075_020  0.000-10.05  1.09  2.14  0.00 -6.82 0.524  00  01T012M000  1.000
TYR-1A0075_021 -1.000-10.22 -0.36  0.60  0.00 -9.98 0.521  00  -1O000M000  1.000
TYR-1A0075_022 -1.000 -9.57 -0.28  0.56  0.00 -9.28 0.524  00  -1E002M000  1.000
TYR-1A0075_023 -1.000-10.05  0.95  2.15  0.00 -6.94 0.522  00  -1E003M000  1.000
TYR-1A0075_024 -1.000 -9.98 -0.39  0.56  0.00 -9.81 0.520  00  -1E004M000  1.000
TYR-1A0075_025 -1.000-10.45  5.20  0.50  0.00 -4.75 0.526  00  -1E007M000  1.000
TYR-1A0075_026 -1.000-10.77  0.26  0.52  0.00 -9.99 0.523  00  -1E009M000  1.000
TYR-1A0075_027 -1.000-11.13  2.02  0.41  0.00 -8.70 0.522  00  -1E00AM000  1.000
TYR-1A0075_028 -1.000-10.58  3.49  2.12  0.00 -4.97 0.524  00  -1E00BM000  1.000
TYR-1A0075_029 -1.000-10.91  1.74  2.15  0.00 -7.03 0.524  00  -1E00CM000  1.000
TYR-1A0075_030 -1.000-10.03  0.11  0.57  0.00 -9.35 0.523  00  -1E00EM000  1.000
TYR-1A0075_031 -1.000 -9.92  1.34  2.15  0.00 -6.43 0.523  00  -1E00FM000  1.000
TYR-1A0075_032 -1.000-10.41  0.66  2.12  0.00 -7.63 0.523  00  -1E014M000  1.000
TYR-1A0075_033 -1.000-10.22  1.32  2.15  0.00 -6.75 0.521  00  -1T001M000  1.000
TYR-1A0075_034 -1.000-10.69  1.10  0.52  0.00 -9.06 0.525  00  -1T006M000  1.000
TYR-1A0075_035 -1.000-10.30  2.78  2.13  0.00 -5.39 0.522  00  -1T00DM000  1.000
TYR-1A0075_036 -1.000-10.72 -0.34  0.56  0.00-10.50 0.522  00  -1T010M000  1.000
TYR-1A0075_037 -1.000-10.50  3.63  0.35  0.00 -6.51 0.524  00  -1T011M000  1.000
TYR-1A0075_038 -1.000-10.05  1.11  2.12  0.00 -6.82 0.524  00  -1T012M000  1.000
TYR-1A0075_039 -1.000-10.55  0.18  2.15  0.00 -8.22 0.524  00  -1T013M000  1.000
TYR-1A0075_040 -1.000-11.13  6.11  2.02  0.00 -3.00 0.523  00  -1T015M000  1.000
