   confID        vdw0    sas     sum
TYR01A0075_001   4.432 -14.653 -10.221
TYR01A0075_002   4.434 -14.654 -10.220
TYR01A0075_003   4.369 -14.638 -10.269
TYR01A0075_004   4.204 -14.943 -10.738
TYR01A0075_005   4.216 -14.676 -10.461
TYR01A0075_006   4.017 -15.144 -11.126
TYR01A0075_007   4.102 -14.665 -10.564
TYR01A0075_008   4.225 -14.155  -9.930
TYR01A0075_009   4.044 -15.177 -11.134
TYR01A0075_010   4.438 -14.120  -9.681
TYR01A0075_011   4.442 -14.635 -10.194
TYR01A0075_012   4.085 -14.722 -10.637
TYR01A0075_013   3.888 -14.569 -10.681
TYR01A0075_014   4.433 -14.455 -10.022
TYR01A0075_015   4.245 -14.220  -9.974
TYR01A0075_016   4.358 -14.869 -10.511
TYR01A0075_017   4.357 -15.252 -10.895
TYR01A0075_018   4.238 -15.116 -10.878
TYR01A0075_019   4.028 -14.592 -10.564
TYR01A0075_020   4.073 -14.123 -10.049
TYR-1A0075_021   4.432 -14.653 -10.221
TYR-1A0075_022   4.439 -14.001  -9.562
TYR-1A0075_023   4.434 -14.484 -10.050
TYR-1A0075_024   4.428 -14.404  -9.977
TYR-1A0075_025   3.898 -14.281 -10.383
TYR-1A0075_026   4.368 -15.133 -10.765
TYR-1A0075_027   4.022 -15.144 -11.122
TYR-1A0075_028   4.093 -14.665 -10.572
TYR-1A0075_029   4.234 -15.150 -10.915
TYR-1A0075_030   4.228 -14.257 -10.029
TYR-1A0075_031   4.240 -14.153  -9.913
TYR-1A0075_032   4.359 -14.768 -10.409
TYR-1A0075_033   4.427 -14.654 -10.227
TYR-1A0075_034   4.089 -14.774 -10.685
TYR-1A0075_035   4.377 -14.671 -10.294
TYR-1A0075_036   4.201 -14.926 -10.724
TYR-1A0075_037   4.031 -14.524 -10.493
TYR-1A0075_038   4.071 -14.123 -10.052
TYR-1A0075_039   4.211 -14.768 -10.557
TYR-1A0075_040   4.057 -15.177 -11.120
