iConf CONFORMER     FL  occ    crg   Em0  pKa0 ne nH    vdw0    vdw1    tors    epol   dsolv   extra    history
00001 GLU01A0172_001 f 0.00  0.000     0  0.00  0  0  -2.568   1.416   3.604   0.111  -0.291   0.000 01O000M000t
00002 GLU01A0172_002 f 0.00  0.000     0  0.00  0  0  -3.649   1.268   4.145   0.071  -0.602   0.000 01E003M000t
00003 GLU01A0172_003 f 0.00  0.000     0  0.00  0  0  -3.851   1.585   4.154   0.125  -0.517   0.000 01E004M000t
00004 GLU01A0172_004 f 0.00  0.000     0  0.00  0  0  -3.715   1.724   4.159   0.108  -0.443   0.000 01E005M000t
00005 GLU01A0172_005 f 0.00  0.000     0  0.00  0  0  -2.568   1.416   0.884   0.042   0.592   0.000 01O000M000t
00006 GLU01A0172_006 f 0.00  0.000     0  0.00  0  0  -3.900   1.171   1.510   0.148   0.576   0.000 01E006M000t
00007 GLU01A0172_007 f 0.00  0.000     0  0.00  0  0  -2.046   1.608   3.200   0.145  -0.174   0.000 01T001M000t
00008 GLU01A0172_008 f 0.00  0.000     0  0.00  0  0  -2.338   1.735   3.193   0.160  -0.209   0.000 01T002M000t
00009 GLU01A0172_009 f 0.00  0.000     0  0.00  0  0  -3.933   1.179   4.223   0.178  -0.361   0.000 01T006M000t
00010 GLU01A0172_010 f 0.00  0.000     0  0.00  0  0  -2.364   1.735   0.473   0.067   0.573   0.000 01T002M000t
00011 GLU01A0172_011 f 0.00  0.000     0  0.00  0  0  -3.851   1.585   1.432   0.086   0.560   0.000 01T004M000t
00012 GLU02A0172_012 f 0.00  0.000     0  0.00  0  0  -3.035   1.422   3.604   0.068  -0.561   0.000 02O000M000t
00013 GLU02A0172_013 f 0.00  0.000     0  0.00  0  0  -2.893   1.422   0.884   0.040   0.588   0.000 02O000M000t
00014 GLU02A0172_014 f 0.00  0.000     0  0.00  0  0  -2.577   1.767   0.483   0.049   0.541   0.000 02E002M000t
00015 GLU02A0172_015 f 0.00  0.000     0  0.00  0  0  -3.681   1.267   4.138   0.088  -0.562   0.000 02T003M000t
00016 GLU02A0172_016 f 0.00  0.000     0  0.00  0  0  -3.815   1.595   4.150   0.105  -0.503   0.000 02T004M000t
00017 GLU02A0172_017 f 0.00  0.000     0  0.00  0  0  -3.701   1.750   4.147   0.081  -0.501   0.000 02T005M000t
00018 GLU02A0172_018 f 0.00  0.000     0  0.00  0  0  -2.338   1.612   3.192   0.091  -0.619   0.000 02T001M000t
00019 GLU02A0172_019 f 0.00  0.000     0  0.00  0  0  -2.575   1.767   3.192   0.038  -0.686   0.000 02T002M000t
00020 GLU02A0172_020 f 0.00  0.000     0  0.00  0  0  -3.939   1.177   4.234   0.046  -0.145   0.000 02T006M000t
00021 GLU02A0172_021 f 0.00  0.000     0  0.00  0  0  -2.451   1.610   0.473   0.072   0.600   0.000 02T001M000t
00022 GLU02A0172_022 f 0.00  0.000     0  0.00  0  0  -3.812   1.200   1.506   0.124   0.563   0.000 02T006M000t
00023 GLU-1A0172_023 f 0.00 -1.000     0  4.75  0 -1  -2.970   1.434   0.884  -0.089  -0.064   0.000 -1O000M000t
00024 GLU-1A0172_024 f 0.00 -1.000     0  4.75  0 -1  -3.923   1.606   1.401  -0.101  -0.128   0.000 -1E004M000t
00025 GLU-1A0172_025 f 0.00 -1.000     0  4.75  0 -1  -3.845   1.687   1.396  -0.078  -0.129   0.000 -1E005M000t
00026 GLU-1A0172_026 f 0.00 -1.000     0  4.75  0 -1  -4.009   1.146   1.477  -0.091   0.112   0.000 -1E006M000t
