CONFORMER         crg  vdw0  vdw1  tors  epol  self   occ  Hb     history    ASA
GLU01A0172_001  0.000 -2.57  1.42  3.60  0.00  2.45 0.572  00  01O000M000  1.000
GLU01A0172_002  0.000 -3.65  1.27  4.15  0.00  1.77 0.570  00  01E003M000  1.000
GLU01A0172_003  0.000 -3.85  1.58  4.16  0.00  1.89 0.567  00  01E004M000  1.025
GLU01A0172_004  0.000 -3.72  1.73  4.16  0.00  2.17 0.572  00  01E005M000  1.008
GLU01A0172_005  0.000 -2.57  1.42  0.88  0.00 -0.27 0.572  00  01O000M000  1.000
GLU01A0172_006  0.000 -3.90  1.17  1.51  0.00 -1.22 0.573  00  01E006M000  1.000
GLU01A0172_007  0.000 -2.05  1.61  3.20  0.00  2.76 0.570  00  01T001M000  1.023
GLU01A0172_008  0.000 -2.34  1.74  3.19  0.00  2.60 0.576  00  01T002M000  1.057
GLU01A0172_009  0.000 -3.93  1.18  4.22  0.00  1.46 0.573  00  01T006M000  1.007
GLU01A0172_010  0.000 -2.36  1.74  0.47  0.00 -0.15 0.576  00  01T002M000  1.063
GLU01A0172_011  0.000 -3.85  1.59  1.43  0.00 -0.83 0.567  00  01T004M000  1.025
GLU02A0172_012  0.000 -3.03  1.42  3.60  0.00  1.99 0.572  00  02O000M000  1.031
GLU02A0172_013  0.000 -2.89  1.42  0.88  0.00 -0.59 0.572  00  02O000M000  1.000
GLU02A0172_014  0.000 -2.58  1.77  0.48  0.00 -0.33 0.576  00  02E002M000  1.063
GLU02A0172_015  0.000 -3.68  1.27  4.14  0.00  1.72 0.570  00  02T003M000  1.000
GLU02A0172_016  0.000 -3.85  1.59  4.15  0.00  1.89 0.567  00  02T004M000  1.025
GLU02A0172_017  0.000 -3.70  1.75  4.15  0.00  2.20 0.572  00  02T005M000  1.000
GLU02A0172_018  0.000 -2.34  1.61  3.19  0.00  2.46 0.570  00  02T001M000  1.000
GLU02A0172_019  0.000 -2.58  1.77  3.19  0.00  2.38 0.576  00  02T002M000  1.063
GLU02A0172_020  0.000 -3.94  1.18  4.23  0.00  1.47 0.573  00  02T006M000  1.022
GLU02A0172_021  0.000 -2.45  1.61  0.47  0.00 -0.36 0.570  00  02T001M000  1.008
GLU02A0172_022  0.000 -3.81  1.20  1.51  0.00 -1.11 0.573  00  02T006M000  1.000
GLU-1A0172_023 -1.000 -2.97  1.43  0.88  0.00 -0.65 0.572  00  -1O000M000  1.008
GLU-1A0172_024 -1.000 -3.92  1.61  1.40  0.00 -0.92 0.567  00  -1E004M000  1.026
GLU-1A0172_025 -1.000 -3.85  1.69  1.40  0.00 -0.76 0.572  00  -1E005M000  1.000
GLU-1A0172_026 -1.000 -4.01  1.15  1.48  0.00 -1.39 0.573  00  -1E006M000  1.007
