   confID        vdw0    sas     sum
GLU01A0172_001   2.035  -4.604  -2.568
GLU01A0172_002   0.837  -4.487  -3.649
GLU01A0172_003   0.847  -4.698  -3.851
GLU01A0172_004   0.850  -4.565  -3.715
GLU01A0172_005   2.035  -4.604  -2.568
GLU01A0172_006   0.919  -4.819  -3.900
GLU01A0172_007   2.494  -4.540  -2.046
GLU01A0172_008   2.510  -4.848  -2.338
GLU01A0172_009   0.920  -4.853  -3.933
GLU01A0172_010   2.510  -4.874  -2.364
GLU01A0172_011   0.846  -4.698  -3.851
GLU02A0172_012   1.737  -4.772  -3.035
GLU02A0172_013   1.737  -4.631  -2.893
GLU02A0172_014   2.192  -4.768  -2.577
GLU02A0172_015   0.818  -4.499  -3.681
GLU02A0172_016   0.826  -4.641  -3.815
GLU02A0172_017   0.825  -4.526  -3.701
GLU02A0172_018   2.186  -4.523  -2.338
GLU02A0172_019   2.193  -4.768  -2.575
GLU02A0172_020   0.872  -4.810  -3.939
GLU02A0172_021   2.064  -4.515  -2.451
GLU02A0172_022   0.845  -4.658  -3.812
GLU-1A0172_023   1.621  -4.591  -2.970
GLU-1A0172_024   0.693  -4.616  -3.923
GLU-1A0172_025   0.694  -4.539  -3.845
GLU-1A0172_026   0.713  -4.723  -4.009
