iConf CONFORMER     FL  occ    crg   Em0  pKa0 ne nH    vdw0    vdw1    tors    epol   dsolv   extra    history
00001 HIS01A0202_001 f 0.00  0.000     0  0.00  0  0 -11.889  -0.598   0.113   0.502   0.458   0.000 01O000M000t
00002 HIS01A0202_002 f 0.00  0.000     0  0.00  0  0 -11.816   1.297   0.062   0.449   0.637   0.000 01E007M000t
00003 HIS01A0202_003 f 0.00  0.000     0  0.00  0  0 -11.783  -0.673   0.099   0.322   0.451   0.000 01E009M000t
00004 HIS01A0202_004 f 0.00  0.000     0  0.00  0  0 -11.394   1.519   2.669   0.318   0.428   0.000 01E00CM000t
00005 HIS01A0202_005 f 0.00  0.000     0  0.00  0  0 -11.498   1.122   0.063  -0.041   0.509   0.000 01E00EM000t
00006 HIS01A0202_006 f 0.00  0.000     0  0.00  0  0 -12.629  -0.126   0.083   0.283   0.289   0.000 01E00FM000t
00007 HIS01A0202_007 f 0.00  0.000     0  0.00  0  0 -12.070   0.500   0.068   0.567   0.443   0.000 01E011M000t
00008 HIS01A0202_008 f 0.00  0.000     0  0.00  0  0 -12.269  -0.354   0.085   0.466   0.238   0.000 01E012M000t
00009 HIS01A0202_009 f 0.00  0.000     0  0.00  0  0 -11.887   1.325   2.578   0.482   0.413   0.000 01E016M000t
00010 HIS01A0202_010 f 0.00  0.000     0  0.00  0  0 -11.872   1.465   0.071   0.240   0.370   0.000 01E019M000t
00011 HIS01A0202_011 f 0.00  0.000     0  0.00  0  0 -11.842  -0.497   0.097   0.421   0.500   0.000 01E01AM000t
00012 HIS01A0202_012 f 0.00  0.000     0  0.00  0  0 -11.793   1.707   0.069   0.525   0.201   0.000 01T00BM000t
00013 HIS01A0202_013 f 0.00  0.000     0  0.00  0  0 -11.932   3.566   2.663   0.534   0.276   0.000 01T00DM000t
00014 HIS01A0202_014 f 0.00  0.000     0  0.00  0  0 -11.638  -0.413   0.100   0.453   0.341   0.000 01T010M000t
00015 HIS01A0202_015 f 0.00  0.000     0  0.00  0  0 -12.139   2.098   2.605   0.329   0.418   0.000 01T013M000t
00016 HIS01A0202_016 f 0.00  0.000     0  0.00  0  0 -12.200   0.069   0.058   0.463   0.246   0.000 01T01BM000t
00017 HIS01A0202_017 f 0.00  0.000     0  0.00  0  0 -12.185   1.012   0.074   0.513   0.467   0.000 01T01CM000t
00018 HIS01A0202_018 f 0.00  0.000     0  0.00  0  0 -11.523   3.537   2.667   0.519   0.606   0.000 01T01DM000t
00019 HIS01A0202_019 f 0.00  0.000     0  0.00  0  0 -11.830   0.995   2.668   0.447   0.380   0.000 01T01EM000t
00020 HIS02A0202_020 f 0.00  0.000     0  0.00  0  0 -11.907  -0.637   0.113   0.276   0.214   0.000 02O000M000t
00021 HIS02A0202_021 f 0.00  0.000     0  0.00  0  0 -11.791   1.270   0.057  -0.052   0.549   0.000 02E007M000t
00022 HIS02A0202_022 f 0.00  0.000     0  0.00  0  0 -11.804  -0.691   0.096   0.294  -0.080   0.000 02E009M000t
00023 HIS02A0202_023 f 0.00  0.000     0  0.00  0  0 -12.623  -0.182   0.079   0.233   0.103   0.000 02E00FM000t
00024 HIS02A0202_024 f 0.00  0.000     0  0.00  0  0 -11.773  -0.429   0.097   0.312   0.200   0.000 02E010M000t
00025 HIS02A0202_025 f 0.00  0.000     0  0.00  0  0 -12.041   1.347   2.587   0.337   0.231   0.000 02E016M000t
00026 HIS02A0202_026 f 0.00  0.000     0  0.00  0  0 -11.956   1.350   0.063   0.903   0.267   0.000 02E019M000t
00027 HIS02A0202_027 f 0.00  0.000     0  0.00  0  0 -11.955   0.066   0.062   0.401   0.138   0.000 02E01BM000t
00028 HIS02A0202_028 f 0.00  0.000     0  0.00  0  0 -11.802   0.977   2.665   0.412   0.252   0.000 02E01EM000t
00029 HIS02A0202_029 f 0.00  0.000     0  0.00  0  0 -11.751   1.772   0.067   0.467   0.217   0.000 02T00BM000t
00030 HIS02A0202_030 f 0.00  0.000     0  0.00  0  0 -11.479   1.499   2.665   0.117   0.341   0.000 02T00CM000t
00031 HIS02A0202_031 f 0.00  0.000     0  0.00  0  0 -12.053   3.541   2.660   0.350   0.247   0.000 02T00DM000t
00032 HIS02A0202_032 f 0.00  0.000     0  0.00  0  0 -11.445   1.024   0.064   0.627   0.235   0.000 02T00EM000t
00033 HIS02A0202_033 f 0.00  0.000     0  0.00  0  0 -12.020   0.508   0.073   0.456   0.322   0.000 02T011M000t
00034 HIS02A0202_034 f 0.00  0.000     0  0.00  0  0 -12.223  -0.362   0.082   0.253   0.016   0.000 02T012M000t
00035 HIS02A0202_035 f 0.00  0.000     0  0.00  0  0 -12.162   2.013   2.610   0.373   0.341   0.000 02T013M000t
00036 HIS02A0202_036 f 0.00  0.000     0  0.00  0  0 -11.928  -0.518   0.096   0.327   0.321   0.000 02T01AM000t
00037 HIS02A0202_037 f 0.00  0.000     0  0.00  0  0 -12.272   1.006   0.072   0.531   0.255   0.000 02T01CM000t
00038 HIS02A0202_038 f 0.00  0.000     0  0.00  0  0 -11.688   3.779   2.668   0.255   0.453   0.000 02T01DM000t
00039 HIS+1A0202_039 f 0.00  1.000     0  6.98  0  1 -11.934  -0.640   0.113   0.702  -0.333   0.000 +1O000M000t
00040 HIS+1A0202_040 f 0.00  1.000     0  6.98  0  1 -11.879  -0.604   0.113   0.656  -0.307   0.000 +1R001M000t
00041 HIS+1A0202_041 f 0.00  1.000     0  6.98  0  1 -11.814   1.271   0.059   0.357   0.021   0.000 +1E007M000t
00042 HIS+1A0202_042 f 0.00  1.000     0  6.98  0  1 -11.799  -0.433   0.101   0.940  -0.345   0.000 +1E010M000t
00043 HIS+1A0202_043 f 0.00  1.000     0  6.98  0  1 -12.114   0.485   0.075   1.086  -0.358   0.000 +1E011M000t
00044 HIS+1A0202_044 f 0.00  1.000     0  6.98  0  1 -12.385  -0.361   0.087   0.871  -0.369   0.000 +1E012M000t
00045 HIS+1A0202_045 f 0.00  1.000     0  6.98  0  1 -11.929   0.066   0.064   0.733  -0.432   0.000 +1E01BM000t
00046 HIS+1A0202_046 f 0.00  1.000     0  6.98  0  1 -11.778   1.817   0.072   0.881  -0.258   0.000 +1T00BM000t
00047 HIS+1A0202_047 f 0.00  1.000     0  6.98  0  1 -11.551   1.505   2.671   0.909  -0.364   0.000 +1T00CM000t
00048 HIS+1A0202_048 f 0.00  1.000     0  6.98  0  1 -11.980   3.584   2.666   1.175  -0.317   0.000 +1T00DM000t
00049 HIS+1A0202_049 f 0.00  1.000     0  6.98  0  1 -11.471   1.016   0.068   1.400  -0.110   0.000 +1T00EM000t
00050 HIS+1A0202_050 f 0.00  1.000     0  6.98  0  1 -12.670  -0.182   0.084   0.832  -0.438   0.000 +1T00FM000t
00051 HIS+1A0202_051 f 0.00  1.000     0  6.98  0  1 -12.136   2.020   2.615   0.745  -0.228   0.000 +1T013M000t
00052 HIS+1A0202_052 f 0.00  1.000     0  6.98  0  1 -12.047   1.371   2.593   0.731  -0.386   0.000 +1T016M000t
00053 HIS+1A0202_053 f 0.00  1.000     0  6.98  0  1 -11.817   1.380   0.070   1.402  -0.057   0.000 +1T019M000t
00054 HIS+1A0202_054 f 0.00  1.000     0  6.98  0  1 -11.955  -0.518   0.099   0.639  -0.317   0.000 +1T01AM000t
00055 HIS+1A0202_055 f 0.00  1.000     0  6.98  0  1 -12.234   1.035   0.077   0.882  -0.380   0.000 +1T01CM000t
00056 HIS+1A0202_056 f 0.00  1.000     0  6.98  0  1 -11.650   3.777   2.671   0.430  -0.274   0.000 +1T01DM000t
00057 HIS+1A0202_057 f 0.00  1.000     0  6.98  0  1 -11.877   0.979   2.669   0.609  -0.219   0.000 +1T01EM000t
