CONFORMER         crg  vdw0  vdw1  tors  epol  self   occ  Hb     history    ASA
HIS01A0202_001  0.000-11.89 -0.60  0.11  0.00-12.37 0.515  00  01O000M000  1.000
HIS01A0202_002  0.000-11.96 -0.34  0.10  0.00-12.20 0.517  00  01E003M000  1.000
HIS01A0202_003  0.000-12.11  2.13  0.07  0.00 -9.91 0.516  00  01E008M000  1.000
HIS01A0202_004  0.000-11.61  0.55  0.06  0.00-11.00 0.515  00  01E00AM000  1.000
HIS01A0202_005  0.000-11.50  1.01  0.06  0.00-10.42 0.515  00  01E00EM000  1.000
HIS01A0202_006  0.000-11.75 -0.47  0.10  0.00-12.13 0.517  00  01E010M000  1.000
HIS01A0202_007  0.000-12.07  0.37  0.07  0.00-11.63 0.515  00  01E011M000  1.000
HIS01A0202_008  0.000-12.19  0.92  0.07  0.00-11.19 0.515  00  01E01CM000  1.000
HIS01A0202_009  0.000-11.45  1.61  2.67  0.00 -7.17 0.516  00  01T002M000  1.000
HIS01A0202_010  0.000-11.51  1.11  2.67  0.00 -7.72 0.517  00  01T006M000  1.000
HIS01A0202_011  0.000-11.77  1.25  0.06  0.00-10.46 0.516  00  01T007M000  1.000
HIS01A0202_012  0.000-11.73 -0.67  0.10  0.00-12.31 0.514  00  01T009M000  1.000
HIS01A0202_013  0.000-11.40  1.52  2.67  0.00 -7.21 0.517  00  01T00CM000  1.000
HIS01A0202_014  0.000-12.08  0.50  2.67  0.00 -8.91 0.516  00  01T015M000  1.000
HIS01A0202_015  0.000-11.94  0.72  2.65  0.00 -8.57 0.515  00  01T017M000  1.000
HIS01A0202_016  0.000-12.19  0.48  0.05  0.00-11.66 0.512  00  01T018M000  1.000
HIS01A0202_017  0.000-11.78  1.42  0.07  0.00-10.28 0.514  00  01T019M000  1.000
HIS01A0202_018  0.000-11.91 -0.54  0.10  0.00-12.35 0.518  00  01T01AM000  1.000
HIS01A0202_019  0.000-11.59  3.54  2.67  0.00 -5.39 0.514  00  01T01DM000  1.000
HIS01A0202_020  0.000-11.83  1.00  2.67  0.00 -8.16 0.513  00  01T01EM000  1.000
HIS02A0202_021  0.000-11.91 -0.64  0.11  0.00-12.43 0.515  00  02O000M000  1.000
HIS02A0202_022  0.000-11.65  1.61  2.67  0.00 -7.38 0.516  00  02E002M000  1.000
HIS02A0202_023  0.000-11.59  1.09  2.67  0.00 -7.84 0.517  00  02E006M000  1.000
HIS02A0202_024  0.000-12.26  2.11  0.06  0.00-10.09 0.516  00  02E008M000  1.000
HIS02A0202_025  0.000-11.63  0.54  0.06  0.00-11.03 0.515  00  02E00AM000  1.000
HIS02A0202_026  0.000-11.51  0.92  0.06  0.00-10.52 0.515  00  02E00EM000  1.000
HIS02A0202_027  0.000-12.09  0.37  0.07  0.00-11.65 0.515  00  02E011M000  1.000
HIS02A0202_028  0.000-11.86 -0.56  0.10  0.00-12.33 0.518  00  02E01AM000  1.000
HIS02A0202_029  0.000-11.96 -0.38  0.10  0.00-12.24 0.517  00  02T003M000  1.000
HIS02A0202_030  0.000-11.82  1.23  0.06  0.00-10.54 0.516  00  02T007M000  1.000
HIS02A0202_031  0.000-11.78 -0.69  0.10  0.00-12.38 0.514  00  02T009M000  1.000
HIS02A0202_032  0.000-11.48  1.50  2.66  0.00 -7.32 0.517  00  02T00CM000  1.000
HIS02A0202_033  0.000-11.66 -0.49  0.10  0.00-12.05 0.517  00  02T010M000  1.000
HIS02A0202_034  0.000-12.10  0.49  2.67  0.00 -8.95 0.516  00  02T015M000  1.000
HIS02A0202_035  0.000-12.02  0.72  2.64  0.00 -8.66 0.515  00  02T017M000  1.000
HIS02A0202_036  0.000-12.09  0.45  0.05  0.00-11.59 0.512  00  02T018M000  1.000
HIS02A0202_037  0.000-11.79  1.31  0.06  0.00-10.42 0.514  00  02T019M000  1.000
HIS02A0202_038  0.000-12.27  0.97  0.07  0.00-11.24 0.515  00  02T01CM000  1.000
HIS02A0202_039  0.000-11.69  3.78  2.67  0.00 -5.24 0.514  00  02T01DM000  1.000
HIS02A0202_040  0.000-11.85  0.98  2.67  0.00 -8.20 0.513  00  02T01EM000  1.000
HIS+1A0202_041  1.000-11.93 -0.64  0.11  0.00-12.46 0.515  00  +1O000M000  1.000
HIS+1A0202_042  1.000-11.68  1.61  2.67  0.00 -7.40 0.516  00  +1E002M000  1.000
HIS+1A0202_043  1.000-11.81  1.22  0.06  0.00-10.54 0.516  00  +1E007M000  1.000
HIS+1A0202_044  1.000-11.76 -0.69  0.10  0.00-12.36 0.514  00  +1E009M000  1.000
HIS+1A0202_045  1.000-11.66  0.54  0.06  0.00-11.06 0.515  00  +1E00AM000  1.000
HIS+1A0202_046  1.000-11.54  0.91  0.07  0.00-10.56 0.515  00  +1E00EM000  1.000
HIS+1A0202_047  1.000-11.80 -0.49  0.10  0.00-12.19 0.517  00  +1E010M000  1.000
HIS+1A0202_048  1.000-12.11  0.36  0.07  0.00-11.68 0.515  00  +1E011M000  1.000
HIS+1A0202_049  1.000-12.21  0.44  0.06  0.00-11.72 0.512  00  +1E018M000  1.000
HIS+1A0202_050  1.000-11.91  1.34  0.07  0.00-10.50 0.514  00  +1E019M000  1.000
HIS+1A0202_051  1.000-11.98 -0.39  0.10  0.00-12.27 0.517  00  +1T003M000  1.000
HIS+1A0202_052  1.000-11.55  1.09  2.67  0.00 -7.79 0.517  00  +1T006M000  1.000
HIS+1A0202_053  1.000-12.29  2.18  0.06  0.00-10.04 0.516  00  +1T008M000  1.000
HIS+1A0202_054  1.000-11.55  1.50  2.67  0.00 -7.38 0.517  00  +1T00CM000  1.000
HIS+1A0202_055  1.000-12.12  0.49  2.67  0.00 -8.97 0.516  00  +1T015M000  1.000
HIS+1A0202_056  1.000-11.93  0.71  2.65  0.00 -8.56 0.515  00  +1T017M000  1.000
HIS+1A0202_057  1.000-11.95 -0.56  0.10  0.00-12.41 0.518  00  +1T01AM000  1.000
HIS+1A0202_058  1.000-12.23  0.99  0.08  0.00-11.17 0.515  00  +1T01CM000  1.000
HIS+1A0202_059  1.000-11.65  3.77  2.67  0.00 -5.21 0.514  00  +1T01DM000  1.000
HIS+1A0202_060  1.000-11.88  0.98  2.67  0.00 -8.23 0.513  00  +1T01EM000  1.000
