   confID        vdw0    sas     sum
HIS01A0202_001  -0.157 -11.733 -11.889
HIS01A0202_002  -0.325 -11.491 -11.816
HIS01A0202_003  -0.102 -11.681 -11.783
HIS01A0202_004  -0.105 -11.289 -11.394
HIS01A0202_005  -0.329 -11.170 -11.498
HIS01A0202_006  -0.266 -12.363 -12.629
HIS01A0202_007  -0.229 -11.840 -12.070
HIS01A0202_008  -0.136 -12.133 -12.269
HIS01A0202_009  -0.227 -11.660 -11.887
HIS01A0202_010  -0.259 -11.613 -11.872
HIS01A0202_011  -0.106 -11.736 -11.842
HIS01A0202_012  -0.126 -11.666 -11.793
HIS01A0202_013  -0.126 -11.806 -11.932
HIS01A0202_014  -0.106 -11.532 -11.638
HIS01A0202_015  -0.329 -11.810 -12.139
HIS01A0202_016  -0.228 -11.972 -12.200
HIS01A0202_017  -0.131 -12.054 -12.185
HIS01A0202_018  -0.255 -11.268 -11.523
HIS01A0202_019  -0.100 -11.730 -11.830
HIS02A0202_020  -0.175 -11.733 -11.907
HIS02A0202_021  -0.341 -11.450 -11.791
HIS02A0202_022  -0.123 -11.681 -11.804
HIS02A0202_023  -0.281 -12.342 -12.623
HIS02A0202_024  -0.126 -11.647 -11.773
HIS02A0202_025  -0.250 -11.792 -12.041
HIS02A0202_026  -0.275 -11.681 -11.956
HIS02A0202_027  -0.246 -11.708 -11.955
HIS02A0202_028  -0.121 -11.681 -11.802
HIS02A0202_029  -0.153 -11.599 -11.751
HIS02A0202_030  -0.124 -11.355 -11.479
HIS02A0202_031  -0.148 -11.905 -12.053
HIS02A0202_032  -0.343 -11.102 -11.445
HIS02A0202_033  -0.248 -11.773 -12.020
HIS02A0202_034  -0.158 -12.065 -12.223
HIS02A0202_035  -0.342 -11.820 -12.162
HIS02A0202_036  -0.125 -11.803 -11.928
HIS02A0202_037  -0.154 -12.118 -12.272
HIS02A0202_038  -0.275 -11.413 -11.688
HIS+1A0202_039  -0.201 -11.733 -11.934
HIS+1A0202_040  -0.160 -11.719 -11.879
HIS+1A0202_041  -0.366 -11.447 -11.814
HIS+1A0202_042  -0.152 -11.647 -11.799
HIS+1A0202_043  -0.274 -11.840 -12.114
HIS+1A0202_044  -0.185 -12.200 -12.385
HIS+1A0202_045  -0.272 -11.657 -11.929
HIS+1A0202_046  -0.180 -11.599 -11.778
HIS+1A0202_047  -0.149 -11.402 -11.551
HIS+1A0202_048  -0.174 -11.806 -11.980
HIS+1A0202_049  -0.369 -11.102 -11.471
HIS+1A0202_050  -0.308 -12.363 -12.670
HIS+1A0202_051  -0.368 -11.768 -12.136
HIS+1A0202_052  -0.276 -11.771 -12.047
HIS+1A0202_053  -0.300 -11.517 -11.817
HIS+1A0202_054  -0.152 -11.803 -11.955
HIS+1A0202_055  -0.180 -12.054 -12.234
HIS+1A0202_056  -0.301 -11.349 -11.650
HIS+1A0202_057  -0.147 -11.730 -11.877
