CONFORMER         crg  vdw0  vdw1  tors  epol  self   occ  Hb     history    ASA
LYS01A0233_001  0.000-11.94  0.22  0.88  0.00-10.84 0.501  00  01O000M000  1.000
LYS01A0233_002  0.000-12.08  0.87  0.85  0.00-10.36 0.502  00  01E004M000  1.000
LYS01A0233_003  0.000-10.94  0.20  1.46  0.00 -9.27 0.502  00  01E012M000  1.000
LYS01A0233_004  0.000-11.20  1.32  1.57  0.00 -8.31 0.501  00  01E033M000  1.000
LYS01A0233_005  0.000 -6.18  1.02  4.26  0.00 -0.90 0.501  00  01E088M000  1.000
LYS01A0233_006  0.000 -7.02  0.51  4.91  0.00 -1.60 0.502  00  01E0EDM000  1.000
LYS01A0233_007  0.000-10.63  1.99  4.36  0.00 -4.27 0.502  00  01E0FEM000  1.000
LYS01A0233_008  0.000 -6.94  0.88  2.15  0.00 -3.91 0.501  00  01E120M000  1.000
LYS01A0233_009  0.000-10.51  1.59  7.00  0.00 -1.92 0.502  00  01E161M000  1.000
LYS01A0233_010  0.000-10.78  0.39  4.28  0.00 -6.11 0.502  00  01T07CM000  1.000
LYS01A0233_011  0.000-11.39  2.15  3.56  0.00 -5.67 0.501  00  01T09EM000  1.000
LYS01A0233_012  0.000 -7.10  0.48  2.15  0.00 -4.48 0.502  00  01T0EEM000  1.000
LYS01A0233_013  0.000 -9.26  0.34  4.35  0.00 -4.57 0.501  00  01T0F3M000  1.000
LYS01A0233_014  0.000-10.66  1.14  4.37  0.00 -5.16 0.501  00  01T102M000  1.000
LYS01A0233_015  0.000 -8.48  1.15  1.58  0.00 -5.75 0.502  00  01T119M000  1.000
LYS01A0233_016  0.000 -7.37  0.58  4.94  0.00 -1.86 0.501  00  01T135M000  1.000
LYS01A0233_017  0.000-10.42  1.65  1.57  0.00 -7.20 0.501  00  01T139M000  1.000
LYS01A0233_018  0.000 -9.78  1.64  7.01  0.00 -1.13 0.501  00  01T150M000  1.000
LYS01A0233_019  0.000 -9.86  1.30  7.01  0.00 -1.55 0.501  00  01T153M000  1.000
LYS01A0233_020  0.000-10.29  1.80  4.24  0.00 -4.26 0.502  00  01T168M000  1.000
LYS+1A0233_021  1.000-11.99  0.22  0.88  0.00-10.89 0.501  00  +1O000M000  1.000
LYS+1A0233_022  1.000-10.98  0.20  1.47  0.00 -9.31 0.502  00  +1E012M000  1.000
LYS+1A0233_023  1.000 -7.07  0.51  4.91  0.00 -1.65 0.502  00  +1E0EDM000  1.000
LYS+1A0233_024  1.000 -7.18  0.48  2.15  0.00 -4.55 0.502  00  +1E0EEM000  1.000
LYS+1A0233_025  1.000 -9.45  0.33  4.36  0.00 -4.75 0.501  00  +1E0F3M000  1.000
LYS+1A0233_026  1.000-10.68  1.16  4.37  0.00 -5.16 0.501  00  +1E102M000  1.000
LYS+1A0233_027  1.000 -6.90  0.87  2.14  0.00 -3.89 0.501  00  +1E120M000  1.000
LYS+1A0233_028  1.000 -7.37  0.57  4.95  0.00 -1.86 0.501  00  +1E135M000  1.000
LYS+1A0233_029  1.000 -9.84  1.64  7.01  0.00 -1.19 0.501  00  +1E150M000  1.000
LYS+1A0233_030  1.000 -9.92  1.29  7.01  0.00 -1.62 0.501  00  +1E153M000  1.000
LYS+1A0233_031  1.000-10.37  1.79  4.24  0.00 -4.35 0.502  00  +1E168M000  1.000
LYS+1A0233_032  1.000-12.12  0.87  0.85  0.00-10.41 0.502  00  +1T004M000  1.000
LYS+1A0233_033  1.000-11.31  1.33  1.57  0.00 -8.41 0.501  00  +1T033M000  1.000
LYS+1A0233_034  1.000-10.83  0.39  4.28  0.00 -6.16 0.502  00  +1T07CM000  1.000
LYS+1A0233_035  1.000 -6.26  1.02  4.26  0.00 -0.98 0.501  00  +1T088M000  1.000
LYS+1A0233_036  1.000-11.45  2.14  3.56  0.00 -5.74 0.501  00  +1T09EM000  1.000
LYS+1A0233_037  1.000-10.58  2.00  4.36  0.00 -4.21 0.502  00  +1T0FEM000  1.000
LYS+1A0233_038  1.000 -8.47  1.15  1.58  0.00 -5.74 0.502  00  +1T119M000  1.000
LYS+1A0233_039  1.000-10.49  1.64  1.58  0.00 -7.27 0.501  00  +1T139M000  1.000
LYS+1A0233_040  1.000-10.55  1.59  7.00  0.00 -1.97 0.502  00  +1T161M000  1.000
