iConf CONFORMER     FL  occ    crg   Em0  pKa0 ne nH    vdw0    vdw1    tors    epol   dsolv   extra    history
00001 LYS01A0233_001 f 0.00  0.000     0  0.00  0  0 -11.944   0.317   0.884  -0.008   0.069   0.000 01O000M000t
00002 LYS01A0233_002 f 0.00  0.000     0  0.00  0  0 -12.082   0.989   0.846  -0.016  -0.031   0.000 01E004M000t
00003 LYS01A0233_003 f 0.00  0.000     0  0.00  0  0 -10.935   0.304   1.464  -0.008  -0.070   0.000 01E012M000t
00004 LYS01A0233_004 f 0.00  0.000     0  0.00  0  0 -11.204   1.370   1.572  -0.032   0.051   0.000 01E033M000t
00005 LYS01A0233_005 f 0.00  0.000     0  0.00  0  0  -6.169   1.021   4.258  -0.025   0.160   0.000 01E088M000t
00006 LYS01A0233_006 f 0.00  0.000     0  0.00  0  0  -7.018   0.555   4.909  -0.009  -0.186   0.000 01E0EDM000t
00007 LYS01A0233_007 f 0.00  0.000     0  0.00  0  0 -10.634   2.038   4.365  -0.019   0.034   0.000 01E0FEM000t
00008 LYS01A0233_008 f 0.00  0.000     0  0.00  0  0  -6.938   0.882   2.146  -0.011  -0.126   0.000 01E120M000t
00009 LYS01A0233_009 f 0.00  0.000     0  0.00  0  0 -10.510   1.585   7.001  -0.031   0.000   0.000 01E161M000t
00010 LYS01A0233_010 f 0.00  0.000     0  0.00  0  0 -10.781   0.438   4.280  -0.010   0.059   0.000 01T07CM000t
00011 LYS01A0233_011 f 0.00  0.000     0  0.00  0  0 -11.385   2.144   3.563  -0.033   0.119   0.000 01T09EM000t
00012 LYS01A0233_012 f 0.00  0.000     0  0.00  0  0  -7.103   0.522   2.148  -0.010   0.099   0.000 01T0EEM000t
00013 LYS01A0233_013 f 0.00  0.000     0  0.00  0  0  -9.322   0.388   4.353  -0.026  -0.111   0.000 01T0F3M000t
00014 LYS01A0233_014 f 0.00  0.000     0  0.00  0  0 -10.614   1.185   4.371  -0.047   0.072   0.000 01T102M000t
00015 LYS01A0233_015 f 0.00  0.000     0  0.00  0  0  -8.485   1.151   1.577  -0.011  -0.024   0.000 01T119M000t
00016 LYS01A0233_016 f 0.00  0.000     0  0.00  0  0  -7.383   0.639   4.944  -0.134  -0.023   0.000 01T135M000t
00017 LYS01A0233_017 f 0.00  0.000     0  0.00  0  0 -10.387   1.724   1.572  -0.114  -0.147   0.000 01T139M000t
00018 LYS01A0233_018 f 0.00  0.000     0  0.00  0  0  -9.782   1.643   7.010  -0.020   0.080   0.000 01T150M000t
00019 LYS01A0233_019 f 0.00  0.000     0  0.00  0  0  -9.862   1.301   7.012  -0.166   0.103   0.000 01T153M000t
00020 LYS01A0233_020 f 0.00  0.000     0  0.00  0  0 -10.298   1.798   4.239  -0.032  -0.035   0.000 01T168M000t
00021 LYS+1A0233_021 f 0.00  1.000     0 10.40  0  1 -11.989   0.317   0.884   0.047  -0.346   0.000 +1O000M000t
00022 LYS+1A0233_022 f 0.00  1.000     0 10.40  0  1 -10.976   0.302   1.466   0.037  -0.171   0.000 +1E012M000t
00023 LYS+1A0233_023 f 0.00  1.000     0 10.40  0  1  -7.078   0.558   4.911   0.066  -0.205   0.000 +1E0EDM000t
00024 LYS+1A0233_024 f 0.00  1.000     0 10.40  0  1  -7.181   0.522   2.150   0.069  -0.012   0.000 +1E0EEM000t
00025 LYS+1A0233_025 f 0.00  1.000     0 10.40  0  1  -9.445   0.380   4.365   0.147   0.006   0.000 +1E0F3M000t
00026 LYS+1A0233_026 f 0.00  1.000     0 10.40  0  1 -10.683   1.205   4.369   0.279   0.201   0.000 +1E102M000t
00027 LYS+1A0233_027 f 0.00  1.000     0 10.40  0  1  -6.911   0.870   2.144  -0.099  -0.042   0.000 +1E120M000t
00028 LYS+1A0233_028 f 0.00  1.000     0 10.40  0  1  -7.368   0.629   4.946   0.131   0.186   0.000 +1E135M000t
00029 LYS+1A0233_029 f 0.00  1.000     0 10.40  0  1  -9.838   1.637   7.012   0.093  -0.139   0.000 +1E150M000t
00030 LYS+1A0233_030 f 0.00  1.000     0 10.40  0  1  -9.918   1.283   7.012   0.428   0.154   0.000 +1E153M000t
00031 LYS+1A0233_031 f 0.00  1.000     0 10.40  0  1 -10.374   1.783   4.240   0.122   0.078   0.000 +1E168M000t
00032 LYS+1A0233_032 f 0.00  1.000     0 10.40  0  1 -12.127   0.992   0.846   0.066  -0.455   0.000 +1T004M000t
00033 LYS+1A0233_033 f 0.00  1.000     0 10.40  0  1 -11.251   1.377   1.572   0.181  -0.166   0.000 +1T033M000t
00034 LYS+1A0233_034 f 0.00  1.000     0 10.40  0  1 -10.833   0.437   4.283   0.053  -0.334   0.000 +1T07CM000t
00035 LYS+1A0233_035 f 0.00  1.000     0 10.40  0  1  -6.262   1.015   4.263  -0.060  -0.127   0.000 +1T088M000t
00036 LYS+1A0233_036 f 0.00  1.000     0 10.40  0  1 -11.451   2.139   3.565   0.165   0.009   0.000 +1T09EM000t
00037 LYS+1A0233_037 f 0.00  1.000     0 10.40  0  1 -10.582   2.046   4.365   0.138  -0.136   0.000 +1T0FEM000t
00038 LYS+1A0233_038 f 0.00  1.000     0 10.40  0  1  -8.470   1.144   1.579   0.070  -0.013   0.000 +1T119M000t
00039 LYS+1A0233_039 f 0.00  1.000     0 10.40  0  1 -10.484   1.704   1.576   0.395  -0.061   0.000 +1T139M000t
00040 LYS+1A0233_040 f 0.00  1.000     0 10.40  0  1 -10.552   1.583   7.002   0.158  -0.344   0.000 +1T161M000t
