CONFORMER         crg  vdw0  vdw1  tors  epol  self   occ  Hb     history    ASA
ARG01A0182_001  0.000-13.89  0.69  0.59  0.00-12.60 0.502  00  01O000M000  1.000
ARG01A0182_002  0.000-14.50  1.69  3.36  0.00 -9.45 0.502  00  01E051M000  1.000
ARG01A0182_003  0.000-13.78  3.03  0.90  0.00 -9.85 0.501  00  01E05DM000  1.000
ARG01A0182_004  0.000-14.14  1.92  1.05  0.00-11.17 0.502  00  01E086M000  1.000
ARG01A0182_005  0.000-13.95  1.24  0.59  0.00-12.11 0.501  00  01E0AEM000  1.000
ARG01A0182_006  0.000-10.10  0.54  0.64  0.00 -8.92 0.501  00  01E0B7M000  1.000
ARG01A0182_007  0.000-13.22  2.90  0.90  0.00 -9.41 0.502  00  01E0C9M000  1.000
ARG01A0182_008  0.000-13.25  0.67  3.59  0.00 -8.98 0.501  00  01E0EDM000  1.000
ARG01A0182_009  0.000-12.71  0.73  3.74  0.00 -8.24 0.501  00  01E12AM000  1.000
ARG01A0182_010  0.000-12.75  1.80  3.57  0.00 -7.38 0.502  00  01E12FM000  1.000
ARG01A0182_011  0.000-13.23  0.72  3.73  0.00 -8.78 0.501  00  01E144M000  1.000
ARG01A0182_012  0.000-12.92  1.50  3.29  0.00 -8.12 0.501  00  01T01EM000  1.000
ARG01A0182_013  0.000-12.94  1.75  3.56  0.00 -7.63 0.501  00  01T044M000  1.000
ARG01A0182_014  0.000-13.94  3.53  0.82  0.00 -9.59 0.502  00  01T05EM000  1.000
ARG01A0182_015  0.000-14.15  3.11  0.40  0.00-10.64 0.502  00  01T05FM000  1.000
ARG01A0182_016  0.000-10.41  0.37  3.37  0.00 -6.67 0.501  00  01T094M000  1.000
ARG01A0182_017  0.000-13.30  1.34  6.02  0.00 -5.94 0.501  00  01T098M000  1.000
ARG01A0182_018  0.000-13.39  1.63  3.34  0.00 -8.41 0.501  00  01T0BFM000  1.000
ARG01A0182_019  0.000-13.39  1.08  0.79  0.00-11.52 0.502  00  01T115M000  1.000
ARG01A0182_020  0.000-10.81  1.59  3.60  0.00 -5.62 0.502  00  01T12DM000  1.000
ARG02A0182_021  0.000-14.16  3.42  0.82  0.00 -9.92 0.502  00  02E05EM000  1.000
ARG02A0182_022  0.000-13.85  0.69  0.59  0.00-12.57 0.502  00  02O000M000  1.000
ARG02A0182_023  0.000-14.46  1.69  3.35  0.00 -9.42 0.502  00  02E051M000  1.000
ARG02A0182_024  0.000-12.65  0.73  3.73  0.00 -8.19 0.501  00  02E12AM000  1.000
ARG02A0182_025  0.000-14.07  3.27  0.84  0.00 -9.96 0.501  00  02T05DM000  1.000
ARG02A0182_026  0.000-14.23  3.33  0.37  0.00-10.53 0.502  00  02T05FM000  1.000
ARG02A0182_027  0.000-14.21  1.34  0.56  0.00-12.31 0.501  00  02T0AEM000  1.000
ARG02A0182_028  0.000-13.33  1.67  3.29  0.00 -8.36 0.501  00  02T0BFM000  1.000
ARG02A0182_029  0.000-13.00  1.51  3.29  0.00 -8.20 0.501  00  02T01EM000  1.000
ARG02A0182_030  0.000-12.87  1.78  3.55  0.00 -7.55 0.501  00  02T044M000  1.000
ARG02A0182_031  0.000-14.16  1.79  1.00  0.00-11.37 0.502  00  02T086M000  1.000
ARG02A0182_032  0.000-13.43  1.39  6.01  0.00 -6.02 0.501  00  02T098M000  1.000
ARG02A0182_033  0.000-13.09  3.09  0.80  0.00 -9.20 0.502  00  02T0C9M000  1.000
ARG02A0182_034  0.000-13.39  0.71  3.58  0.00 -9.10 0.501  00  02T0EDM000  1.000
ARG02A0182_035  0.000-13.38  1.08  0.79  0.00-11.51 0.502  00  02T115M000  1.000
ARG02A0182_036  0.000-12.73  1.80  3.57  0.00 -7.37 0.502  00  02T12FM000  1.000
ARG02A0182_037  0.000-10.60  0.34  3.31  0.00 -6.95 0.501  00  02T094M000  1.000
ARG02A0182_038  0.000-10.05  0.58  0.60  0.00 -8.87 0.501  00  02T0B7M000  1.000
ARG02A0182_039  0.000-10.91  1.61  3.58  0.00 -5.72 0.502  00  02T12DM000  1.000
ARG02A0182_040  0.000-13.20  0.75  3.72  0.00 -8.73 0.501  00  02T144M000  1.000
ARG03A0182_041  0.000-13.91  0.69  0.59  0.00-12.63 0.502  00  03O000M000  1.000
ARG03A0182_042  0.000-13.08  1.51  3.29  0.00 -8.27 0.501  00  03E01EM000  1.000
ARG03A0182_043  0.000-12.94  1.77  3.55  0.00 -7.62 0.501  00  03E044M000  1.000
ARG03A0182_044  0.000-13.42  0.66  3.59  0.00 -9.17 0.501  00  03E0EDM000  1.000
ARG03A0182_045  0.000-12.85  1.79  3.57  0.00 -7.49 0.502  00  03E12FM000  1.000
ARG03A0182_046  0.000-14.54  1.68  3.36  0.00 -9.50 0.502  00  03E051M000  1.000
ARG03A0182_047  0.000-13.57  1.07  0.79  0.00-11.71 0.502  00  03E115M000  1.000
ARG03A0182_048  0.000-12.72  0.73  3.73  0.00 -8.26 0.501  00  03T12AM000  1.000
ARG03A0182_049  0.000-13.20  0.73  3.72  0.00 -8.76 0.501  00  03T144M000  1.000
ARG03A0182_050  0.000-14.27  1.77  1.00  0.00-11.51 0.502  00  03T086M000  1.000
ARG03A0182_051  0.000-13.64  1.36  6.01  0.00 -6.27 0.501  00  03T098M000  1.000
ARG03A0182_052  0.000 -9.56  0.55  0.60  0.00 -8.41 0.501  00  03T0B7M000  1.000
ARG03A0182_053  0.000-14.19  3.31  0.84  0.00-10.05 0.501  00  03T05DM000  1.000
ARG03A0182_054  0.000-14.20  3.43  0.82  0.00 -9.96 0.502  00  03T05EM000  1.000
ARG03A0182_055  0.000-14.11  3.38  0.37  0.00-10.36 0.502  00  03T05FM000  1.000
ARG03A0182_056  0.000 -9.78  0.33  3.32  0.00 -6.14 0.501  00  03T094M000  1.000
ARG03A0182_057  0.000-14.15  1.33  0.56  0.00-12.25 0.501  00  03T0AEM000  1.000
ARG03A0182_058  0.000-13.37  1.67  3.30  0.00 -8.41 0.501  00  03T0BFM000  1.000
ARG03A0182_059  0.000-13.08  3.10  0.80  0.00 -9.18 0.502  00  03T0C9M000  1.000
ARG03A0182_060  0.000-10.57  1.59  3.58  0.00 -5.40 0.502  00  03T12DM000  1.000
ARG+1A0182_061  1.000-13.95  0.69  0.59  0.00-12.67 0.502  00  +1O000M000  1.000
ARG+1A0182_062  1.000-13.11  1.51  3.29  0.00 -8.31 0.501  00  +1E01EM000  1.000
ARG+1A0182_063  1.000-13.03  1.77  3.55  0.00 -7.71 0.501  00  +1E044M000  1.000
ARG+1A0182_064  1.000-14.17  3.28  0.84  0.00-10.05 0.501  00  +1E05DM000  1.000
ARG+1A0182_065  1.000-14.31  3.41  0.82  0.00-10.08 0.502  00  +1E05EM000  1.000
ARG+1A0182_066  1.000-14.27  3.40  0.37  0.00-10.50 0.502  00  +1E05FM000  1.000
ARG+1A0182_067  1.000-14.26  1.33  0.57  0.00-12.37 0.501  00  +1E0AEM000  1.000
ARG+1A0182_068  1.000 -9.49  0.55  0.61  0.00 -8.33 0.501  00  +1E0B7M000  1.000
ARG+1A0182_069  1.000-13.35  1.67  3.29  0.00 -8.38 0.501  00  +1E0BFM000  1.000
ARG+1A0182_070  1.000-13.12  3.09  0.80  0.00 -9.23 0.502  00  +1E0C9M000  1.000
ARG+1A0182_071  1.000-13.51  0.67  3.58  0.00 -9.26 0.501  00  +1E0EDM000  1.000
ARG+1A0182_072  1.000-13.47  1.08  0.79  0.00-11.61 0.502  00  +1E115M000  1.000
ARG+1A0182_073  1.000-12.76  0.73  3.73  0.00 -8.30 0.501  00  +1E12AM000  1.000
ARG+1A0182_074  1.000-12.89  1.79  3.57  0.00 -7.53 0.502  00  +1E12FM000  1.000
ARG+1A0182_075  1.000-14.51  1.68  3.36  0.00 -9.47 0.502  00  +1T051M000  1.000
ARG+1A0182_076  1.000-14.31  1.77  1.00  0.00-11.54 0.502  00  +1T086M000  1.000
ARG+1A0182_077  1.000 -9.91  0.32  3.32  0.00 -6.27 0.501  00  +1T094M000  1.000
ARG+1A0182_078  1.000-13.58  1.37  6.02  0.00 -6.19 0.501  00  +1T098M000  1.000
ARG+1A0182_079  1.000-10.58  1.59  3.59  0.00 -5.41 0.502  00  +1T12DM000  1.000
ARG+1A0182_080  1.000-13.24  0.73  3.72  0.00 -8.80 0.501  00  +1T144M000  1.000
