   confID        vdw0    sas     sum
ARG01A0182_001   0.457 -14.342 -13.885
ARG01A0182_002   0.327 -14.822 -14.495
ARG01A0182_003   0.744 -14.519 -13.775
ARG01A0182_004   0.726 -14.867 -14.141
ARG01A0182_005   0.537 -14.543 -14.006
ARG01A0182_006   3.716 -13.814 -10.099
ARG01A0182_007   1.448 -14.669 -13.222
ARG01A0182_008   1.086 -14.330 -13.245
ARG01A0182_009   1.478 -14.185 -12.707
ARG01A0182_010   1.805 -14.616 -12.811
ARG01A0182_011   1.778 -15.006 -13.228
ARG01A0182_012   1.130 -14.042 -12.912
ARG01A0182_013   1.753 -14.689 -12.936
ARG01A0182_014   0.518 -14.458 -13.940
ARG01A0182_015   0.209 -14.358 -14.149
ARG01A0182_016   3.169 -13.570 -10.401
ARG01A0182_017   1.007 -14.305 -13.297
ARG01A0182_018   1.029 -14.420 -13.392
ARG01A0182_019   1.067 -14.460 -13.393
ARG01A0182_020   3.595 -14.403 -10.808
ARG02A0182_021   0.475 -14.631 -14.156
ARG02A0182_022   0.490 -14.342 -13.852
ARG02A0182_023   0.406 -14.874 -14.468
ARG02A0182_024   1.534 -14.185 -12.650
ARG02A0182_025   0.766 -14.831 -14.065
ARG02A0182_026   0.244 -14.474 -14.230
ARG02A0182_027   0.486 -14.694 -14.208
ARG02A0182_028   1.067 -14.394 -13.327
ARG02A0182_029   1.166 -14.170 -13.004
ARG02A0182_030   1.786 -14.657 -12.871
ARG02A0182_031   0.821 -14.976 -14.155
ARG02A0182_032   1.049 -14.481 -13.432
ARG02A0182_033   1.451 -14.537 -13.086
ARG02A0182_034   1.114 -14.497 -13.383
ARG02A0182_035   1.081 -14.460 -13.379
ARG02A0182_036   1.818 -14.552 -12.734
ARG02A0182_037   3.148 -13.750 -10.602
ARG02A0182_038   3.651 -13.699 -10.048
ARG02A0182_039   3.519 -14.416 -10.897
ARG02A0182_040   1.788 -14.993 -13.205
ARG03A0182_041   0.430 -14.342 -13.912
ARG03A0182_042   1.095 -14.170 -13.075
ARG03A0182_043   1.725 -14.657 -12.932
ARG03A0182_044   1.026 -14.446 -13.420
ARG03A0182_045   1.762 -14.616 -12.854
ARG03A0182_046   0.335 -14.874 -14.539
ARG03A0182_047   1.020 -14.592 -13.572
ARG03A0182_048   1.466 -14.185 -12.719
ARG03A0182_049   1.740 -14.942 -13.202
ARG03A0182_050   0.779 -15.052 -14.273
ARG03A0182_051   0.953 -14.597 -13.644
ARG03A0182_052   4.203 -13.766  -9.563
ARG03A0182_053   0.764 -14.959 -14.195
ARG03A0182_054   0.472 -14.679 -14.207
ARG03A0182_055   0.239 -14.346 -14.107
ARG03A0182_056   3.713 -13.502  -9.789
ARG03A0182_057   0.489 -14.642 -14.153
ARG03A0182_058   1.067 -14.446 -13.378
ARG03A0182_059   1.389 -14.470 -13.081
ARG03A0182_060   3.832 -14.400 -10.567
ARG+1A0182_061   0.391 -14.342 -13.950
ARG+1A0182_062   1.057 -14.170 -13.114
ARG+1A0182_063   1.689 -14.721 -13.032
ARG+1A0182_064   0.727 -14.895 -14.168
ARG+1A0182_065   0.433 -14.743 -14.310
ARG+1A0182_066   0.197 -14.474 -14.277
ARG+1A0182_067   0.445 -14.707 -14.262
ARG+1A0182_068   4.134 -13.631  -9.497
ARG+1A0182_069   1.030 -14.378 -13.348
ARG+1A0182_070   1.345 -14.470 -13.124
ARG+1A0182_071   1.006 -14.510 -13.504
ARG+1A0182_072   0.989 -14.460 -13.471
ARG+1A0182_073   1.424 -14.185 -12.760
ARG+1A0182_074   1.721 -14.616 -12.895
ARG+1A0182_075   0.296 -14.809 -14.513
ARG+1A0182_076   0.735 -15.040 -14.305
ARG+1A0182_077   3.774 -13.699  -9.924
ARG+1A0182_078   0.906 -14.481 -13.575
ARG+1A0182_079   3.825 -14.403 -10.578
ARG+1A0182_080   1.698 -14.942 -13.243
