CONFORMER         crg  vdw0  vdw1  tors  epol  self   occ  Hb     history    ASA
TRP01A0057_001  0.000-13.60 -0.64  0.86  0.00-13.38 0.519  00  01O000M000  1.000
TRP01A0057_002  0.000-13.22  0.40  1.91  0.00-10.92 0.521  00  01E003M000  1.000
TRP01A0057_003  0.000-13.45  0.37  1.92  0.00-11.16 0.521  00  01E005M000  1.000
TRP01A0057_004  0.000-13.68 -0.51  0.83  0.00-13.36 0.521  00  01E006M000  1.000
TRP01A0057_005  0.000-14.17  0.25  0.58  0.00-13.34 0.523  00  01E007M000  1.000
TRP01A0057_006  0.000-13.99 -0.13  0.82  0.00-13.30 0.523  00  01E008M000  1.000
TRP01A0057_007  0.000-13.57  0.60  0.82  0.00-12.15 0.523  00  01E010M000  1.000
TRP01A0057_008  0.000-13.27  1.22  0.83  0.00-11.22 0.521  00  01E011M000  1.000
TRP01A0057_009  0.000-13.69  0.33  0.81  0.00-12.55 0.523  00  01E012M000  1.000
TRP01A0057_010  0.000-13.46 -0.30  1.90  0.00-11.86 0.522  00  01E014M000  1.000
TRP01A0057_011  0.000-13.64  1.93  0.82  0.00-10.89 0.523  00  01T002M000  1.000
TRP01A0057_012  0.000-13.30  1.68  0.82  0.00-10.80 0.522  00  01T004M000  1.000
TRP01A0057_013  0.000-13.20  1.08  1.90  0.00-10.21 0.520  00  01T009M000  1.000
TRP01A0057_014  0.000-13.65  5.40  1.88  0.00 -6.37 0.521  00  01T00AM000  1.000
TRP01A0057_015  0.000-13.60  5.64  0.87  0.00 -7.09 0.524  00  01T00BM000  1.000
TRP01A0057_016  0.000-12.91  1.20  0.83  0.00-10.89 0.521  00  01T00CM000  1.000
TRP01A0057_017  0.000-13.30  0.28  1.90  0.00-11.11 0.521  00  01T00EM000  1.000
TRP01A0057_018  0.000-14.25  0.09  1.89  0.00-12.28 0.522  00  01T013M000  1.000
TRP01A0057_019  0.000-12.93  0.52  1.77  0.00-10.65 0.520  00  01T015M000  1.000
TRP01A0057_020  0.000-13.73 -0.07  1.89  0.00-11.91 0.522  00  01T016M000  1.000
