   confID        vdw0    sas     sum
TRP01A0057_001   2.943 -16.543 -13.600
TRP01A0057_002   2.943 -16.158 -13.215
TRP01A0057_003   2.935 -16.392 -13.456
TRP01A0057_004   3.023 -16.693 -13.670
TRP01A0057_005   2.828 -16.997 -14.170
TRP01A0057_006   3.000 -16.981 -13.982
TRP01A0057_007   2.931 -16.498 -13.567
TRP01A0057_008   3.014 -16.288 -13.274
TRP01A0057_009   2.998 -16.738 -13.741
TRP01A0057_010   3.012 -16.472 -13.461
TRP01A0057_011   2.944 -16.657 -13.712
TRP01A0057_012   2.948 -16.294 -13.346
TRP01A0057_013   3.018 -16.210 -13.191
TRP01A0057_014   3.011 -16.661 -13.651
TRP01A0057_015   2.938 -16.528 -13.590
TRP01A0057_016   3.021 -15.926 -12.905
TRP01A0057_017   2.997 -16.308 -13.311
TRP01A0057_018   2.928 -17.248 -14.320
TRP01A0057_019   2.829 -15.744 -12.915
TRP01A0057_020   2.992 -16.727 -13.734
