CONFORMER         crg  vdw0  vdw1  tors  epol  self   occ  Hb     history    ASA
LYS01A0262_001  0.000-11.65  4.49  1.59  0.00 -5.57 0.502  00  01O000M000  1.000
LYS01A0262_002  0.000 -9.77  3.30  1.00  0.00 -5.47 0.501  00  01E01DM000  1.000
LYS01A0262_003  0.000-10.63  4.48  1.60  0.00 -4.55 0.503  00  01E074M000  1.000
LYS01A0262_004  0.000-11.49  3.40  3.09  0.00 -5.01 0.502  00  01E0ADM000  1.000
LYS01A0262_005  0.000-11.81  3.17  2.60  0.00 -6.04 0.502  00  01E0BBM000  1.000
LYS01A0262_006  0.000 -9.42  3.55  2.57  0.00 -3.30 0.502  00  01E0E3M000  1.000
LYS01A0262_007  0.000-12.44  2.45  3.82  0.00 -6.16 0.501  00  01T001M000  1.000
LYS01A0262_008  0.000-11.46  4.09  1.39  0.00 -5.97 0.502  00  01T010M000  1.000
LYS01A0262_009  0.000-11.09  5.42  4.89  0.00 -0.78 0.502  00  01T026M000  1.000
LYS01A0262_010  0.000-11.05  6.57  4.45  0.00 -0.03 0.502  00  01T050M000  1.000
LYS01A0262_011  0.000-11.34  2.82  1.64  0.00 -6.88 0.502  00  01T058M000  1.000
LYS01A0262_012  0.000-11.59  5.90  2.20  0.00 -3.49 0.501  00  01T06DM000  1.000
LYS01A0262_013  0.000-10.75  4.31  3.07  0.00 -3.37 0.501  00  01T072M000  1.000
LYS01A0262_014  0.000-10.42  2.31  3.98  0.00 -4.13 0.501  00  01T090M000  1.000
LYS01A0262_015  0.000 -9.85  2.67  1.99  0.00 -5.19 0.501  00  01T0A1M000  1.000
LYS01A0262_016  0.000 -8.56  3.10  2.27  0.00 -3.19 0.502  00  01T0B0M000  1.000
LYS01A0262_017  0.000-11.45  3.49  3.03  0.00 -4.93 0.502  00  01T0DBM000  1.000
LYS01A0262_018  0.000-10.67  2.85  2.07  0.00 -5.75 0.502  00  01T0DFM000  1.000
LYS01A0262_019  0.000-10.80  3.69  2.76  0.00 -4.35 0.502  00  01T0FFM000  1.000
LYS01A0262_020  0.000-11.01  4.34  3.25  0.00 -3.42 0.502  00  01T106M000  1.000
LYS+1A0262_021  1.000-11.69  4.49  1.59  0.00 -5.61 0.502  00  +1O000M000  1.000
LYS+1A0262_022  1.000 -9.85  3.31  1.02  0.00 -5.52 0.501  00  +1E01DM000  1.000
LYS+1A0262_023  1.000-11.16  5.39  4.90  0.00 -0.87 0.502  00  +1E026M000  1.000
LYS+1A0262_024  1.000-11.20  6.55  4.48  0.00 -0.18 0.502  00  +1E050M000  1.000
LYS+1A0262_025  1.000-11.38  2.81  1.66  0.00 -6.90 0.502  00  +1E058M000  1.000
LYS+1A0262_026  1.000-10.76  4.46  1.63  0.00 -4.67 0.503  00  +1E074M000  1.000
LYS+1A0262_027  1.000-10.44  2.31  4.01  0.00 -4.13 0.501  00  +1E090M000  1.000
LYS+1A0262_028  1.000-10.04  2.69  2.12  0.00 -5.23 0.501  00  +1E0A1M000  1.000
LYS+1A0262_029  1.000-11.47  3.39  3.17  0.00 -4.92 0.502  00  +1E0ADM000  1.000
LYS+1A0262_030  1.000-11.49  3.54  3.14  0.00 -4.81 0.502  00  +1E0DBM000  1.000
LYS+1A0262_031  1.000-10.37  2.77  2.18  0.00 -5.43 0.502  00  +1E0DFM000  1.000
LYS+1A0262_032  1.000 -9.35  3.54  2.68  0.00 -3.14 0.502  00  +1E0E3M000  1.000
LYS+1A0262_033  1.000-10.92  3.70  2.84  0.00 -4.39 0.502  00  +1E0FFM000  1.000
LYS+1A0262_034  1.000-12.40  2.48  3.87  0.00 -6.05 0.501  00  +1T001M000  1.000
LYS+1A0262_035  1.000-11.69  4.09  1.41  0.00 -6.19 0.502  00  +1T010M000  1.000
LYS+1A0262_036  1.000-11.59  5.89  2.31  0.00 -3.40 0.501  00  +1T06DM000  1.000
LYS+1A0262_037  1.000-10.75  4.32  3.13  0.00 -3.30 0.501  00  +1T072M000  1.000
LYS+1A0262_038  1.000 -8.66  3.09  2.38  0.00 -3.19 0.502  00  +1T0B0M000  1.000
LYS+1A0262_039  1.000-11.89  3.16  2.66  0.00 -6.07 0.502  00  +1T0BBM000  1.000
LYS+1A0262_040  1.000-11.10  4.34  3.34  0.00 -3.42 0.502  00  +1T106M000  1.000
