iConf CONFORMER     FL  occ    crg   Em0  pKa0 ne nH    vdw0    vdw1    tors    epol   dsolv   extra    history
00001 LYS01A0262_001 f 0.00  0.000     0  0.00  0  0 -11.649   4.609   1.589  -0.002   0.049   0.000 01O000M000t
00002 LYS01A0262_002 f 0.00  0.000     0  0.00  0  0  -9.819   3.361   1.001  -0.020  -0.131   0.000 01E01DM000t
00003 LYS01A0262_003 f 0.00  0.000     0  0.00  0  0 -10.628   4.607   1.595  -0.024   0.110   0.000 01E074M000t
00004 LYS01A0262_004 f 0.00  0.000     0  0.00  0  0 -11.492   3.446   3.085  -0.027  -0.221   0.000 01E0ADM000t
00005 LYS01A0262_005 f 0.00  0.000     0  0.00  0  0 -11.813   3.212   2.603  -0.014  -0.028   0.000 01E0BBM000t
00006 LYS01A0262_006 f 0.00  0.000     0  0.00  0  0  -9.411   3.600   2.567  -0.052   0.052   0.000 01E0E3M000t
00007 LYS01A0262_007 f 0.00  0.000     0  0.00  0  0 -12.440   2.510   3.822  -0.007  -0.086   0.000 01T001M000t
00008 LYS01A0262_008 f 0.00  0.000     0  0.00  0  0 -11.452   4.200   1.394  -0.011  -0.075   0.000 01T010M000t
00009 LYS01A0262_009 f 0.00  0.000     0  0.00  0  0 -11.094   5.420   4.885  -0.022  -0.025   0.000 01T026M000t
00010 LYS01A0262_010 f 0.00  0.000     0  0.00  0  0 -11.115   6.651   4.452  -0.008   0.034   0.000 01T050M000t
00011 LYS01A0262_011 f 0.00  0.000     0  0.00  0  0 -11.404   2.920   1.644  -0.001  -0.130   0.000 01T058M000t
00012 LYS01A0262_012 f 0.00  0.000     0  0.00  0  0 -11.593   5.902   2.202  -0.012  -0.013   0.000 01T06DM000t
00013 LYS01A0262_013 f 0.00  0.000     0  0.00  0  0 -10.753   4.424   3.070  -0.019  -0.086   0.000 01T072M000t
00014 LYS01A0262_014 f 0.00  0.000     0  0.00  0  0 -10.424   2.364   3.984  -0.025   0.106   0.000 01T090M000t
00015 LYS01A0262_015 f 0.00  0.000     0  0.00  0  0  -9.784   2.779   1.988  -0.031   0.161   0.000 01T0A1M000t
00016 LYS01A0262_016 f 0.00  0.000     0  0.00  0  0  -8.560   3.166   2.265  -0.035   0.135   0.000 01T0B0M000t
00017 LYS01A0262_017 f 0.00  0.000     0  0.00  0  0 -11.450   3.541   3.034  -0.016  -0.226   0.000 01T0DBM000t
00018 LYS01A0262_018 f 0.00  0.000     0  0.00  0  0 -10.674   2.905   2.072  -0.045  -0.036   0.000 01T0DFM000t
00019 LYS01A0262_019 f 0.00  0.000     0  0.00  0  0 -10.799   3.743   2.764  -0.013   0.098   0.000 01T0FFM000t
00020 LYS01A0262_020 f 0.00  0.000     0  0.00  0  0 -11.014   4.338   3.251  -0.053  -0.168   0.000 01T106M000t
00021 LYS+1A0262_021 f 0.00  1.000     0 10.40  0  1 -11.693   4.608   1.589   0.010  -0.214   0.000 +1O000M000t
00022 LYS+1A0262_022 f 0.00  1.000     0 10.40  0  1  -9.852   3.360   1.016   0.089  -0.367   0.000 +1E01DM000t
00023 LYS+1A0262_023 f 0.00  1.000     0 10.40  0  1 -11.162   5.394   4.902   0.110  -0.300   0.000 +1E026M000t
00024 LYS+1A0262_024 f 0.00  1.000     0 10.40  0  1 -11.201   6.611   4.478   0.046  -0.107   0.000 +1E050M000t
00025 LYS+1A0262_025 f 0.00  1.000     0 10.40  0  1 -11.379   2.917   1.662   0.084  -0.100   0.000 +1E058M000t
00026 LYS+1A0262_026 f 0.00  1.000     0 10.40  0  1 -10.765   4.585   1.636   0.087   0.166   0.000 +1E074M000t
00027 LYS+1A0262_027 f 0.00  1.000     0 10.40  0  1 -10.447   2.364   4.008  -0.005  -0.104   0.000 +1E090M000t
00028 LYS+1A0262_028 f 0.00  1.000     0 10.40  0  1 -10.048   2.789   2.127   0.055   0.218   0.000 +1E0A1M000t
00029 LYS+1A0262_029 f 0.00  1.000     0 10.40  0  1 -11.474   3.450   3.169   0.074  -0.336   0.000 +1E0ADM000t
00030 LYS+1A0262_030 f 0.00  1.000     0 10.40  0  1 -11.491   3.589   3.148   0.022  -0.226   0.000 +1E0DBM000t
00031 LYS+1A0262_031 f 0.00  1.000     0 10.40  0  1 -10.416   2.813   2.183   0.064  -0.066   0.000 +1E0DFM000t
00032 LYS+1A0262_032 f 0.00  1.000     0 10.40  0  1  -9.354   3.585   2.674   0.215  -0.105   0.000 +1E0E3M000t
00033 LYS+1A0262_033 f 0.00  1.000     0 10.40  0  1 -10.923   3.744   2.842   0.110  -0.029   0.000 +1E0FFM000t
00034 LYS+1A0262_034 f 0.00  1.000     0 10.40  0  1 -12.398   2.538   3.867   0.034  -0.265   0.000 +1T001M000t
00035 LYS+1A0262_035 f 0.00  1.000     0 10.40  0  1 -11.687   4.218   1.406   0.055  -0.302   0.000 +1T010M000t
00036 LYS+1A0262_036 f 0.00  1.000     0 10.40  0  1 -11.520   5.888   2.311   0.076  -0.435   0.000 +1T06DM000t
00037 LYS+1A0262_037 f 0.00  1.000     0 10.40  0  1 -10.750   4.442   3.139   0.005  -0.240   0.000 +1T072M000t
00038 LYS+1A0262_038 f 0.00  1.000     0 10.40  0  1  -8.664   3.150   2.385   0.085   0.000   0.000 +1T0B0M000t
00039 LYS+1A0262_039 f 0.00  1.000     0 10.40  0  1 -11.932   3.213   2.659   0.057  -0.235   0.000 +1T0BBM000t
00040 LYS+1A0262_040 f 0.00  1.000     0 10.40  0  1 -11.096   4.323   3.341   0.117   0.155   0.000 +1T106M000t
