   confID        vdw0    sas     sum
LYS01A0262_001   0.688 -12.337 -11.649
LYS01A0262_002   2.351 -12.170  -9.819
LYS01A0262_003   1.045 -11.673 -10.628
LYS01A0262_004   0.959 -12.450 -11.492
LYS01A0262_005   0.933 -12.746 -11.813
LYS01A0262_006   2.854 -12.265  -9.411
LYS01A0262_007   0.513 -12.952 -12.440
LYS01A0262_008   0.508 -11.961 -11.452
LYS01A0262_009   1.581 -12.675 -11.094
LYS01A0262_010   1.261 -12.377 -11.115
LYS01A0262_011   1.307 -12.712 -11.404
LYS01A0262_012   0.838 -12.431 -11.593
LYS01A0262_013   1.138 -11.890 -10.753
LYS01A0262_014   1.686 -12.110 -10.424
LYS01A0262_015   2.420 -12.204  -9.784
LYS01A0262_016   3.255 -11.814  -8.560
LYS01A0262_017   1.013 -12.463 -11.450
LYS01A0262_018   2.246 -12.921 -10.674
LYS01A0262_019   1.790 -12.590 -10.799
LYS01A0262_020   1.203 -12.217 -11.014
LYS+1A0262_021   0.645 -12.337 -11.693
LYS+1A0262_022   2.318 -12.170  -9.852
LYS+1A0262_023   1.552 -12.714 -11.162
LYS+1A0262_024   1.159 -12.361 -11.201
LYS+1A0262_025   1.255 -12.634 -11.379
LYS+1A0262_026   0.921 -11.686 -10.765
LYS+1A0262_027   1.667 -12.113 -10.447
LYS+1A0262_028   2.365 -12.413 -10.048
LYS+1A0262_029   0.902 -12.376 -11.474
LYS+1A0262_030   0.956 -12.447 -11.491
LYS+1A0262_031   2.386 -12.802 -10.416
LYS+1A0262_032   2.936 -12.290  -9.354
LYS+1A0262_033   1.734 -12.657 -10.923
LYS+1A0262_034   0.490 -12.888 -12.398
LYS+1A0262_035   0.458 -12.144 -11.687
LYS+1A0262_036   0.821 -12.340 -11.520
LYS+1A0262_037   1.102 -11.852 -10.750
LYS+1A0262_038   3.125 -11.788  -8.664
LYS+1A0262_039   0.885 -12.817 -11.932
LYS+1A0262_040   1.120 -12.217 -11.096
