CONFORMER         crg  vdw0  vdw1  tors  epol  self   occ  Hb     history    ASA
TRP01A0058_001  0.000-12.20 -0.34  0.95  0.00-11.59 0.526  00  01O000M000  1.000
TRP01A0058_002  0.000-13.26  1.71  1.81  0.00 -9.74 0.526  00  01E001M000  1.000
TRP01A0058_003  0.000-13.51  1.20  1.82  0.00-10.49 0.525  00  01E002M000  1.000
TRP01A0058_004  0.000-12.57  2.92  0.91  0.00 -8.74 0.528  00  01E003M000  1.000
TRP01A0058_005  0.000-12.66  0.56  0.90  0.00-11.20 0.528  00  01E006M000  1.000
TRP01A0058_006  0.000-13.25  3.90  0.93  0.00 -8.42 0.524  00  01E008M000  1.000
TRP01A0058_007  0.000-13.07  3.24  0.90  0.00 -8.93 0.529  00  01E009M000  1.000
TRP01A0058_008  0.000-12.52  1.42  0.90  0.00-10.21 0.525  00  01E00AM000  1.000
TRP01A0058_009  0.000-12.74  0.65  1.81  0.00-10.28 0.526  00  01E00BM000  1.000
TRP01A0058_010  0.000-12.59  1.10  0.91  0.00-10.58 0.526  00  01E00CM000  1.000
TRP01A0058_011  0.000-12.23  2.28  0.90  0.00 -9.05 0.525  00  01E00DM000  1.000
TRP01A0058_012  0.000-12.29  0.13  1.81  0.00-10.34 0.526  00  01E010M000  1.000
TRP01A0058_013  0.000-13.08  2.63  1.59  0.00 -8.86 0.527  00  01E011M000  1.000
TRP01A0058_014  0.000-12.79  0.31  1.80  0.00-10.68 0.523  00  01E012M000  1.000
TRP01A0058_015  0.000-12.31 -0.13  0.91  0.00-11.53 0.526  00  01T004M000  1.000
TRP01A0058_016  0.000-12.90  2.22  0.66  0.00-10.02 0.526  00  01T005M000  1.000
TRP01A0058_017  0.000-12.79  2.08  1.81  0.00 -8.90 0.531  00  01T007M000  1.000
TRP01A0058_018  0.000-12.12  1.14  0.90  0.00-10.08 0.527  00  01T00EM000  1.000
TRP01A0058_019  0.000-12.46  0.16  1.80  0.00-10.50 0.526  00  01T00FM000  1.000
