iConf CONFORMER     FL  occ    crg   Em0  pKa0 ne nH    vdw0    vdw1    tors    epol   dsolv   extra    history
00001 TRP01A0058_001 f 0.00  0.000     0  0.00  0  0 -12.150  -0.338   0.949   0.000   0.000   0.000 01O000M000t
00002 TRP01A0058_002 f 0.00  0.000     0  0.00  0  0 -13.254   1.706   1.808   0.000   0.000   0.000 01E001M000t
00003 TRP01A0058_003 f 0.00  0.000     0  0.00  0  0 -13.515   1.207   1.819   0.000   0.000   0.000 01E002M000t
00004 TRP01A0058_004 f 0.00  0.000     0  0.00  0  0 -12.563   2.914   0.907   0.000   0.000   0.000 01E003M000t
00005 TRP01A0058_005 f 0.00  0.000     0  0.00  0  0 -12.668   0.558   0.904   0.000   0.000   0.000 01E006M000t
00006 TRP01A0058_006 f 0.00  0.000     0  0.00  0  0 -13.251   3.901   0.933   0.000   0.000   0.000 01E008M000t
00007 TRP01A0058_007 f 0.00  0.000     0  0.00  0  0 -13.068   3.244   0.896   0.000   0.000   0.000 01E009M000t
00008 TRP01A0058_008 f 0.00  0.000     0  0.00  0  0 -12.534   1.415   0.897   0.000   0.000   0.000 01E00AM000t
00009 TRP01A0058_009 f 0.00  0.000     0  0.00  0  0 -12.733   0.645   1.813   0.000   0.000   0.000 01E00BM000t
00010 TRP01A0058_010 f 0.00  0.000     0  0.00  0  0 -12.535   1.106   0.908   0.000   0.000   0.000 01E00CM000t
00011 TRP01A0058_011 f 0.00  0.000     0  0.00  0  0 -12.225   2.281   0.902   0.000   0.000   0.000 01E00DM000t
00012 TRP01A0058_012 f 0.00  0.000     0  0.00  0  0 -12.287   0.129   1.814   0.000   0.000   0.000 01E010M000t
00013 TRP01A0058_013 f 0.00  0.000     0  0.00  0  0 -13.080   2.625   1.595   0.000   0.000   0.000 01E011M000t
00014 TRP01A0058_014 f 0.00  0.000     0  0.00  0  0 -12.655   0.311   1.801   0.000   0.000   0.000 01E012M000t
00015 TRP01A0058_015 f 0.00  0.000     0  0.00  0  0 -12.310  -0.128   0.911   0.000   0.000   0.000 01T004M000t
00016 TRP01A0058_016 f 0.00  0.000     0  0.00  0  0 -12.890   2.214   0.659   0.000   0.000   0.000 01T005M000t
00017 TRP01A0058_017 f 0.00  0.000     0  0.00  0  0 -12.794   2.078   1.810   0.000   0.000   0.000 01T007M000t
00018 TRP01A0058_018 f 0.00  0.000     0  0.00  0  0 -12.113   1.139   0.899   0.000   0.000   0.000 01T00EM000t
00019 TRP01A0058_019 f 0.00  0.000     0  0.00  0  0 -12.458   0.162   1.798   0.000   0.000   0.000 01T00FM000t
