   confID        vdw0    sas     sum
TRP01A0058_001   3.583 -15.733 -12.150
TRP01A0058_002   3.587 -16.841 -13.254
TRP01A0058_003   3.581 -17.095 -13.515
TRP01A0058_004   3.606 -16.169 -12.563
TRP01A0058_005   3.597 -16.265 -12.668
TRP01A0058_006   3.561 -16.812 -13.251
TRP01A0058_007   3.649 -16.717 -13.068
TRP01A0058_008   3.593 -16.127 -12.534
TRP01A0058_009   3.639 -16.372 -12.733
TRP01A0058_010   3.566 -16.101 -12.535
TRP01A0058_011   3.654 -15.878 -12.225
TRP01A0058_012   3.633 -15.921 -12.287
TRP01A0058_013   3.258 -16.338 -13.080
TRP01A0058_014   3.598 -16.253 -12.655
TRP01A0058_015   3.638 -15.948 -12.310
TRP01A0058_016   3.263 -16.153 -12.890
TRP01A0058_017   3.632 -16.426 -12.794
TRP01A0058_018   3.611 -15.724 -12.113
TRP01A0058_019   3.563 -16.021 -12.458
