   confID        vdw0    sas     sum
LYS01A0143_001   0.426 -12.105 -11.679
LYS01A0143_002   1.338 -12.460 -11.122
LYS01A0143_003   1.052 -12.299 -11.247
LYS01A0143_004   2.403 -11.923  -9.520
LYS01A0143_005   2.294 -12.352 -10.058
LYS01A0143_006   2.069 -11.881  -9.812
LYS01A0143_007   2.419 -12.268  -9.849
LYS01A0143_008   2.063 -12.431 -10.368
LYS01A0143_009   3.844 -12.484  -8.640
LYS01A0143_010   3.724 -12.116  -8.392
LYS01A0143_011   3.143 -11.740  -8.597
LYS01A0143_012   3.845 -12.054  -8.209
LYS01A0143_013   3.606 -12.134  -8.528
LYS01A0143_014   5.142 -12.241  -7.098
LYS01A0143_015   2.917 -12.675  -9.759
LYS01A0143_016   1.327 -12.296 -10.969
LYS01A0143_017   1.848 -12.120 -10.272
LYS01A0143_018   0.925 -12.485 -11.560
LYS01A0143_019   2.401 -11.791  -9.390
LYS01A0143_020   2.110 -12.348 -10.238
LYS+1A0143_021   0.380 -12.105 -11.725
LYS+1A0143_022   1.296 -12.341 -11.045
LYS+1A0143_023   5.096 -12.292  -7.197
LYS+1A0143_024   2.876 -12.675  -9.799
LYS+1A0143_025   1.786 -12.188 -10.401
LYS+1A0143_026   0.875 -12.434 -11.559
LYS+1A0143_027   2.347 -11.923  -9.577
LYS+1A0143_028   2.037 -11.881  -9.844
LYS+1A0143_029   3.637 -12.116  -8.479
LYS+1A0143_030   1.018 -12.299 -11.281
LYS+1A0143_031   1.274 -12.296 -11.022
LYS+1A0143_032   2.226 -12.403 -10.178
LYS+1A0143_033   2.348 -11.791  -9.443
LYS+1A0143_034   2.020 -12.348 -10.328
LYS+1A0143_035   2.360 -12.268  -9.908
LYS+1A0143_036   1.986 -12.431 -10.446
LYS+1A0143_037   3.817 -12.536  -8.719
LYS+1A0143_038   3.105 -11.808  -8.703
LYS+1A0143_039   3.790 -12.054  -8.264
LYS+1A0143_040   3.529 -12.179  -8.650
