CONFORMER         crg  vdw0  vdw1  tors  epol  self   occ  Hb     history    ASA
ARG01A0131_001  0.000-12.56  1.35  0.61  0.00-10.60 0.502  00  01O000M000  1.000
ARG01A0131_002  0.000-13.01  1.52  4.11  0.00 -7.38 0.501  00  01E00DM000  1.000
ARG01A0131_003  0.000-11.81  1.83  6.97  0.00 -3.01 0.502  00  01E03EM000  1.000
ARG01A0131_004  0.000-12.44  1.22  1.22  0.00-10.00 0.502  00  01E073M000  1.000
ARG01A0131_005  0.000-12.28  1.95  3.93  0.00 -6.40 0.502  00  01E077M000  1.000
ARG01A0131_006  0.000-11.02  2.31  3.05  0.00 -5.65 0.501  00  01E0E7M000  1.000
ARG01A0131_007  0.000-12.90  2.66  3.01  0.00 -7.23 0.501  00  01E0EEM000  1.000
ARG01A0131_008  0.000-10.84  1.50  3.64  0.00 -5.70 0.502  00  01E0F4M000  1.000
ARG01A0131_009  0.000-12.34  0.63  1.22  0.00-10.49 0.501  00  01E13BM000  1.000
ARG01A0131_010  0.000-13.46  4.27  3.11  0.00 -6.08 0.502  00  01T036M000  1.000
ARG01A0131_011  0.000-11.64  0.62  4.27  0.00 -6.74 0.502  00  01T056M000  1.000
ARG01A0131_012  0.000-12.03  2.53  3.52  0.00 -5.98 0.502  00  01T07BM000  1.000
ARG01A0131_013  0.000-12.98  6.41  3.30  0.00 -3.26 0.502  00  01T094M000  1.000
ARG01A0131_014  0.000-11.84  5.20  3.34  0.00 -3.31 0.502  00  01T0BBM000  1.000
ARG01A0131_015  0.000-10.80  1.39  1.21  0.00 -8.19 0.502  00  01T0F0M000  1.000
ARG01A0131_016  0.000-10.06  1.35  3.63  0.00 -5.08 0.502  00  01T0F3M000  1.000
ARG01A0131_017  0.000-10.87  1.37  3.79  0.00 -5.71 0.502  00  01T0FDM000  1.000
ARG01A0131_018  0.000-10.51  1.90  6.14  0.00 -2.46 0.502  00  01T0FFM000  1.000
ARG01A0131_019  0.000-12.68  2.91  5.80  0.00 -3.97 0.502  00  01T115M000  1.000
ARG01A0131_020  0.000-11.87  0.62  1.13  0.00-10.12 0.502  00  01T126M000  1.000
ARG02A0131_021  0.000-12.24  1.95  3.89  0.00 -6.39 0.502  00  02E077M000  1.000
ARG02A0131_022  0.000-12.89  6.39  3.29  0.00 -3.21 0.502  00  02E094M000  1.000
ARG02A0131_023  0.000-12.57  1.33  0.61  0.00-10.62 0.502  00  02O000M000  1.000
ARG02A0131_024  0.000-10.84  1.36  3.79  0.00 -5.69 0.502  00  02E0FDM000  1.000
ARG02A0131_025  0.000-12.68  2.91  5.80  0.00 -3.97 0.502  00  02E115M000  1.000
ARG02A0131_026  0.000-11.90  0.64  1.13  0.00-10.12 0.502  00  02E126M000  1.000
ARG02A0131_027  0.000-13.12  1.43  3.92  0.00 -7.77 0.501  00  02T00DM000  1.000
ARG02A0131_028  0.000-12.86  2.67  3.00  0.00 -7.19 0.501  00  02T0EEM000  1.000
ARG02A0131_029  0.000-10.45  1.89  6.16  0.00 -2.40 0.502  00  02T0FFM000  1.000
ARG02A0131_030  0.000-12.34  0.67  1.19  0.00-10.48 0.501  00  02T13BM000  1.000
ARG02A0131_031  0.000-13.43  3.36  2.74  0.00 -7.33 0.502  00  02T036M000  1.000
ARG02A0131_032  0.000-11.62  1.88  6.00  0.00 -3.74 0.502  00  02T03EM000  1.000
ARG02A0131_033  0.000-12.18  2.33  3.50  0.00 -6.35 0.502  00  02T07BM000  1.000
ARG02A0131_034  0.000-11.62  0.47  3.40  0.00 -7.75 0.502  00  02T056M000  1.000
ARG02A0131_035  0.000-12.28  1.27  1.16  0.00 -9.85 0.502  00  02T073M000  1.000
ARG02A0131_036  0.000-11.84  5.09  3.28  0.00 -3.47 0.502  00  02T0BBM000  1.000
ARG02A0131_037  0.000-11.05  2.62  2.98  0.00 -5.45 0.501  00  02T0E7M000  1.000
ARG02A0131_038  0.000-10.38  1.29  1.11  0.00 -7.98 0.502  00  02T0F0M000  1.000
ARG02A0131_039  0.000 -9.90  1.36  3.63  0.00 -4.90 0.502  00  02T0F3M000  1.000
ARG02A0131_040  0.000-10.75  1.53  3.62  0.00 -5.60 0.502  00  02T0F4M000  1.000
ARG03A0131_041  0.000-13.37  3.34  2.71  0.00 -7.32 0.502  00  03E036M000  1.000
ARG03A0131_042  0.000-12.35  1.27  1.16  0.00 -9.92 0.502  00  03E073M000  1.000
ARG03A0131_043  0.000-12.10  1.95  3.90  0.00 -6.24 0.502  00  03E077M000  1.000
ARG03A0131_044  0.000-11.98  0.62  1.13  0.00-10.23 0.502  00  03E126M000  1.000
ARG03A0131_045  0.000-12.62  1.33  0.61  0.00-10.68 0.502  00  03O000M000  1.000
ARG03A0131_046  0.000-11.54  0.48  3.36  0.00 -7.70 0.502  00  03E056M000  1.000
ARG03A0131_047  0.000-12.36  0.67  1.19  0.00-10.50 0.501  00  03T13BM000  1.000
ARG03A0131_048  0.000-12.92  1.43  3.91  0.00 -7.58 0.501  00  03T00DM000  1.000
ARG03A0131_049  0.000-10.85  2.63  2.99  0.00 -5.23 0.501  00  03T0E7M000  1.000
ARG03A0131_050  0.000-12.86  2.67  3.00  0.00 -7.19 0.501  00  03T0EEM000  1.000
ARG03A0131_051  0.000-10.84  1.53  3.61  0.00 -5.70 0.502  00  03T0F4M000  1.000
ARG03A0131_052  0.000-12.78  2.92  5.79  0.00 -4.07 0.502  00  03T115M000  1.000
ARG03A0131_053  0.000-11.88  1.88  5.94  0.00 -4.06 0.502  00  03T03EM000  1.000
ARG03A0131_054  0.000-11.85  5.09  3.27  0.00 -3.49 0.502  00  03T0BBM000  1.000
ARG03A0131_055  0.000-12.30  2.81  3.52  0.00 -5.98 0.502  00  03T07BM000  1.000
ARG03A0131_056  0.000-12.88  6.41  3.30  0.00 -3.17 0.502  00  03T094M000  1.000
ARG03A0131_057  0.000-10.57  1.31  1.10  0.00 -8.17 0.502  00  03T0F0M000  1.000
ARG03A0131_058  0.000 -9.88  1.35  3.63  0.00 -4.90 0.502  00  03T0F3M000  1.000
ARG03A0131_059  0.000-10.99  1.37  3.79  0.00 -5.84 0.502  00  03T0FDM000  1.000
ARG03A0131_060  0.000-10.53  1.89  6.14  0.00 -2.50 0.502  00  03T0FFM000  1.000
ARG+1A0131_061  1.000-12.67  1.33  0.61  0.00-10.72 0.502  00  +1O000M000  1.000
ARG+1A0131_062  1.000-13.10  1.43  3.92  0.00 -7.74 0.501  00  +1E00DM000  1.000
ARG+1A0131_063  1.000-11.82  1.88  6.01  0.00 -3.93 0.502  00  +1E03EM000  1.000
ARG+1A0131_064  1.000-11.66  0.46  3.41  0.00 -7.79 0.502  00  +1E056M000  1.000
ARG+1A0131_065  1.000-12.38  1.26  1.16  0.00 -9.96 0.502  00  +1E073M000  1.000
ARG+1A0131_066  1.000-12.21  1.95  3.90  0.00 -6.36 0.502  00  +1E077M000  1.000
ARG+1A0131_067  1.000-10.85  2.62  2.99  0.00 -5.24 0.501  00  +1E0E7M000  1.000
ARG+1A0131_068  1.000-10.48  1.29  1.12  0.00 -8.07 0.502  00  +1E0F0M000  1.000
ARG+1A0131_069  1.000-10.07  1.35  3.64  0.00 -5.08 0.502  00  +1E0F3M000  1.000
ARG+1A0131_070  1.000-10.79  1.53  3.62  0.00 -5.64 0.502  00  +1E0F4M000  1.000
ARG+1A0131_071  1.000-10.94  1.35  3.79  0.00 -5.80 0.502  00  +1E0FDM000  1.000
ARG+1A0131_072  1.000-10.49  1.89  6.17  0.00 -2.43 0.502  00  +1E0FFM000  1.000
ARG+1A0131_073  1.000-12.02  0.62  1.13  0.00-10.27 0.502  00  +1E126M000  1.000
ARG+1A0131_074  1.000-13.47  3.37  2.74  0.00 -7.35 0.502  00  +1T036M000  1.000
ARG+1A0131_075  1.000-12.61  2.86  3.52  0.00 -6.22 0.502  00  +1T07BM000  1.000
ARG+1A0131_076  1.000-13.05  6.40  3.30  0.00 -3.35 0.502  00  +1T094M000  1.000
ARG+1A0131_077  1.000-11.94  5.09  3.28  0.00 -3.57 0.502  00  +1T0BBM000  1.000
ARG+1A0131_078  1.000-12.90  2.65  3.00  0.00 -7.24 0.501  00  +1T0EEM000  1.000
ARG+1A0131_079  1.000-12.82  2.91  5.80  0.00 -4.11 0.502  00  +1T115M000  1.000
ARG+1A0131_080  1.000-12.34  0.67  1.20  0.00-10.48 0.501  00  +1T13BM000  1.000
