CONFORMER         crg  vdw0  vdw1  tors  epol  self   occ  Hb     history    ASA
GLU01A0017_001  0.000 -3.45  1.36  3.07  0.00  0.98 0.552  00  01O000M000  1.024
GLU01A0017_002  0.000 -4.42  0.72  3.93  0.00  0.23 0.546  00  01E003M000  1.030
GLU01A0017_003  0.000 -3.35  1.36  0.35  0.00 -1.63 0.552  00  01O000M000  1.003
GLU01A0017_004  0.000 -2.77  0.79  3.04  0.00  1.06 0.555  00  01T004M000  1.051
GLU01A0017_005  0.000 -4.26  0.84  3.93  0.00  0.50 0.550  00  01T007M000  1.015
GLU01A0017_006  0.000 -4.07  1.04  3.95  0.00  0.92 0.548  00  01T009M000  1.008
GLU01A0017_007  0.000 -4.19  0.84  1.21  0.00 -2.15 0.550  00  01T007M000  1.000
GLU01A0017_008  0.000 -4.03  1.04  1.23  0.00 -1.76 0.548  00  01T009M000  1.000
GLU01A0017_009  0.000 -2.62  0.74  0.31  0.00 -1.57 0.548  00  01T001M000  1.003
GLU02A0017_010  0.000 -3.68  1.13  3.07  0.00  0.53 0.552  00  02O000M000  1.007
GLU02A0017_011  0.000 -2.99  0.75  3.03  0.00  0.79 0.548  00  02E001M000  1.003
GLU02A0017_012  0.000 -3.29  1.04  3.02  0.00  0.78 0.551  00  02E002M000  1.054
GLU02A0017_013  0.000 -4.49  0.66  3.94  0.00  0.12 0.546  00  02E003M000  1.007
GLU02A0017_014  0.000 -3.65  1.13  0.35  0.00 -2.16 0.552  00  02O000M000  1.003
GLU02A0017_015  0.000 -4.22  0.78  3.96  0.00  0.53 0.549  00  02T005M000  1.000
GLU02A0017_016  0.000 -4.31  0.91  3.92  0.00  0.51 0.550  00  02T007M000  1.008
GLU02A0017_017  0.000 -4.18  1.05  3.96  0.00  0.82 0.548  00  02T009M000  1.000
GLU02A0017_018  0.000 -4.22  0.79  1.24  0.00 -2.19 0.549  00  02T005M000  1.000
GLU02A0017_019  0.000 -4.18  1.04  1.24  0.00 -1.91 0.548  00  02T009M000  1.000
GLU02A0017_020  0.000 -4.28  0.91  1.20  0.00 -2.17 0.550  00  02T007M000  1.000
GLU-1A0017_021 -1.000 -3.58  1.16  0.35  0.00 -2.07 0.552  00  -1O000M000  1.010
GLU-1A0017_022 -1.000 -4.13  0.80  1.23  0.00 -2.09 0.549  00  -1E005M000  1.000
GLU-1A0017_023 -1.000 -3.28  0.95  0.32  0.00 -2.00 0.549  00  -1E006M000  1.000
GLU-1A0017_024 -1.000 -4.11  1.04  1.23  0.00 -1.84 0.548  00  -1E009M000  1.000
