iConf CONFORMER     FL  occ    crg   Em0  pKa0 ne nH    vdw0    vdw1    tors    epol   dsolv   extra    history
00001 GLU01A0017_001 f 0.00  0.000     0  0.00  0  0  -3.452   1.358   3.075   0.298  -0.081   0.000 01O000M000t
00002 GLU01A0017_002 f 0.00  0.000     0  0.00  0  0  -4.420   0.720   3.932   0.326  -0.155   0.000 01E003M000t
00003 GLU01A0017_003 f 0.00  0.000     0  0.00  0  0  -3.347   1.358   0.355   0.051   0.579   0.000 01O000M000t
00004 GLU01A0017_004 f 0.00  0.000     0  0.00  0  0  -2.772   0.789   3.045   0.125  -0.228   0.000 01T004M000t
00005 GLU01A0017_005 f 0.00  0.000     0  0.00  0  0  -4.265   0.838   3.932   0.121  -0.549   0.000 01T007M000t
00006 GLU01A0017_006 f 0.00  0.000     0  0.00  0  0  -4.069   1.039   3.954   0.106  -0.420   0.000 01T009M000t
00007 GLU01A0017_007 f 0.00  0.000     0  0.00  0  0  -4.194   0.838   1.212   0.103   0.575   0.000 01T007M000t
00008 GLU01A0017_008 f 0.00  0.000     0  0.00  0  0  -4.034   1.039   1.234   0.075   0.607   0.000 01T009M000t
00009 GLU01A0017_009 f 0.00  0.000     0  0.00  0  0  -2.615   0.743   0.306   0.035   0.548   0.000 01T001M000t
00010 GLU02A0017_010 f 0.00  0.000     0  0.00  0  0  -3.676   1.133   3.075   0.037  -0.521   0.000 02O000M000t
00011 GLU02A0017_011 f 0.00  0.000     0  0.00  0  0  -2.988   0.755   3.026   0.066  -0.575   0.000 02E001M000t
00012 GLU02A0017_012 f 0.00  0.000     0  0.00  0  0  -3.289   1.044   3.023   0.104  -0.583   0.000 02E002M000t
00013 GLU02A0017_013 f 0.00  0.000     0  0.00  0  0  -4.490   0.667   3.940   0.063  -0.299   0.000 02E003M000t
00014 GLU02A0017_014 f 0.00  0.000     0  0.00  0  0  -3.653   1.133   0.355   0.030   0.622   0.000 02O000M000t
00015 GLU02A0017_015 f 0.00  0.000     0  0.00  0  0  -4.217   0.784   3.961   0.030  -0.655   0.000 02T005M000t
00016 GLU02A0017_016 f 0.00  0.000     0  0.00  0  0  -4.275   0.904   3.922   0.513  -0.174   0.000 02T007M000t
00017 GLU02A0017_017 f 0.00  0.000     0  0.00  0  0  -4.180   1.047   3.958   0.135  -0.546   0.000 02T009M000t
00018 GLU02A0017_018 f 0.00  0.000     0  0.00  0  0  -4.216   0.787   1.239   0.034   0.569   0.000 02T005M000t
00019 GLU02A0017_019 f 0.00  0.000     0  0.00  0  0  -4.185   1.043   1.235   0.095   0.557   0.000 02T009M000t
00020 GLU02A0017_020 f 0.00  0.000     0  0.00  0  0  -4.239   0.904   1.202   0.134   0.598   0.000 02T007M000t
00021 GLU-1A0017_021 f 0.00 -1.000     0  4.75  0 -1  -3.582   1.156   0.355  -0.285   0.053   0.000 -1O000M000t
00022 GLU-1A0017_022 f 0.00 -1.000     0  4.75  0 -1  -4.128   0.802   1.234  -0.053  -0.175   0.000 -1E005M000t
00023 GLU-1A0017_023 f 0.00 -1.000     0  4.75  0 -1  -3.271   0.955   0.317  -0.332   0.057   0.000 -1E006M000t
00024 GLU-1A0017_024 f 0.00 -1.000     0  4.75  0 -1  -4.112   1.044   1.227  -0.071  -0.195   0.000 -1E009M000t
