   confID        vdw0    sas     sum
GLU01A0017_001   1.566  -5.018  -3.452
GLU01A0017_002   0.471  -4.891  -4.420
GLU01A0017_003   1.566  -4.913  -3.347
GLU01A0017_004   1.958  -4.729  -2.772
GLU01A0017_005   0.506  -4.771  -4.265
GLU01A0017_006   0.492  -4.560  -4.069
GLU01A0017_007   0.506  -4.701  -4.194
GLU01A0017_008   0.492  -4.526  -4.034
GLU01A0017_009   1.896  -4.511  -2.615
GLU02A0017_010   1.254  -4.930  -3.676
GLU02A0017_011   1.502  -4.490  -2.988
GLU02A0017_012   1.498  -4.787  -3.289
GLU02A0017_013   0.416  -4.905  -4.490
GLU02A0017_014   1.254  -4.907  -3.653
GLU02A0017_015   0.435  -4.652  -4.217
GLU02A0017_016   0.452  -4.727  -4.275
GLU02A0017_017   0.437  -4.616  -4.180
GLU02A0017_018   0.436  -4.652  -4.216
GLU02A0017_019   0.431  -4.616  -4.185
GLU02A0017_020   0.452  -4.691  -4.239
GLU-1A0017_021   1.188  -4.769  -3.582
GLU-1A0017_022   0.354  -4.483  -4.128
GLU-1A0017_023   1.344  -4.615  -3.271
GLU-1A0017_024   0.353  -4.465  -4.112
