iConf CONFORMER     FL  occ    crg   Em0  pKa0 ne nH    vdw0    vdw1    tors    epol   dsolv   extra    history
00001 ARG01A0125_001 f 0.00  0.000     0  0.00  0  0 -12.550   0.513   0.529   0.050   0.015   0.000 01O000M000t
00002 ARG01A0125_002 f 0.00  0.000     0  0.00  0  0 -12.544   2.515   5.768   0.089  -0.068   0.000 01E02DM000t
00003 ARG01A0125_003 f 0.00  0.000     0  0.00  0  0 -12.639   2.427   3.925   0.039  -0.021   0.000 01E054M000t
00004 ARG01A0125_004 f 0.00  0.000     0  0.00  0  0 -12.693   0.776   2.906   0.008  -0.102   0.000 01E069M000t
00005 ARG01A0125_005 f 0.00  0.000     0  0.00  0  0 -12.366   3.773   3.179   0.030  -0.026   0.000 01E095M000t
00006 ARG01A0125_006 f 0.00  0.000     0  0.00  0  0 -12.524   2.646   3.897   0.032  -0.151   0.000 01E0BAM000t
00007 ARG01A0125_007 f 0.00  0.000     0  0.00  0  0 -13.228   2.494   3.429   0.135  -0.269   0.000 01E0C2M000t
00008 ARG01A0125_008 f 0.00  0.000     0  0.00  0  0 -12.357   1.848   3.474  -0.030   0.070   0.000 01E0C9M000t
00009 ARG01A0125_009 f 0.00  0.000     0  0.00  0  0 -12.457   1.686   3.228   0.013  -0.317   0.000 01T001M000t
00010 ARG01A0125_010 f 0.00  0.000     0  0.00  0  0  -9.588   0.546   0.455   0.038  -0.201   0.000 01T01BM000t
00011 ARG01A0125_011 f 0.00  0.000     0  0.00  0  0 -10.624   0.705   3.678   0.047  -0.012   0.000 01T022M000t
00012 ARG01A0125_012 f 0.00  0.000     0  0.00  0  0 -13.278   2.317   3.343  -0.041   0.072   0.000 01T052M000t
00013 ARG01A0125_013 f 0.00  0.000     0  0.00  0  0 -12.185   0.900   1.116  -0.052   0.023   0.000 01T056M000t
00014 ARG01A0125_014 f 0.00  0.000     0  0.00  0  0 -12.368   6.518   1.162  -0.012   0.204   0.000 01T05EM000t
00015 ARG01A0125_015 f 0.00  0.000     0  0.00  0  0 -12.461   0.924   0.513   0.032   0.056   0.000 01T085M000t
00016 ARG01A0125_016 f 0.00  0.000     0  0.00  0  0 -12.556   4.103   5.806   0.050  -0.378   0.000 01T092M000t
00017 ARG01A0125_017 f 0.00  0.000     0  0.00  0  0 -13.892   2.609   3.458   0.079  -0.297   0.000 01T0CFM000t
00018 ARG01A0125_018 f 0.00  0.000     0  0.00  0  0 -12.695   2.532   3.978   0.032  -0.148   0.000 01T0D4M000t
00019 ARG01A0125_019 f 0.00  0.000     0  0.00  0  0 -12.843   2.643   4.019   0.023  -0.168   0.000 01T0D5M000t
00020 ARG01A0125_020 f 0.00  0.000     0  0.00  0  0 -10.894   1.018   3.741   0.043  -0.360   0.000 01T0E1M000t
00021 ARG02A0125_021 f 0.00  0.000     0  0.00  0  0 -13.626   2.277   3.273  -0.059   1.095   0.000 02E052M000t
00022 ARG02A0125_022 f 0.00  0.000     0  0.00  0  0 -12.487   2.635   3.857   0.048   0.757   0.000 02E0BAM000t
00023 ARG02A0125_023 f 0.00  0.000     0  0.00  0  0 -12.506   0.510   0.529   0.014   0.751   0.000 02O000M000t
00024 ARG02A0125_024 f 0.00  0.000     0  0.00  0  0 -12.111   0.907   1.069  -0.008   0.674   0.000 02E056M000t
00025 ARG02A0125_025 f 0.00  0.000     0  0.00  0  0 -10.226   0.591   0.458   0.043   0.889   0.000 02T01BM000t
00026 ARG02A0125_026 f 0.00  0.000     0  0.00  0  0 -12.312   3.772   3.165   0.027   1.127   0.000 02T095M000t
00027 ARG02A0125_027 f 0.00  0.000     0  0.00  0  0 -13.137   2.595   3.899   0.042   0.926   0.000 02T0D5M000t
00028 ARG02A0125_028 f 0.00  0.000     0  0.00  0  0 -12.730   2.457   5.744   0.090   0.884   0.000 02T02DM000t
00029 ARG02A0125_029 f 0.00  0.000     0  0.00  0  0 -12.355   0.903   0.440   0.007   0.585   0.000 02T085M000t
00030 ARG02A0125_030 f 0.00  0.000     0  0.00  0  0 -14.025   3.170   3.277   0.095   0.829   0.000 02T0CFM000t
00031 ARG02A0125_031 f 0.00  0.000     0  0.00  0  0 -12.433   1.683   3.183  -0.023   0.795   0.000 02T001M000t
00032 ARG02A0125_032 f 0.00  0.000     0  0.00  0  0 -10.538   0.714   3.676   0.053   0.360   0.000 02T022M000t
00033 ARG02A0125_033 f 0.00  0.000     0  0.00  0  0 -10.467   1.176   3.617   0.022   0.521   0.000 02T0E1M000t
00034 ARG02A0125_034 f 0.00  0.000     0  0.00  0  0 -12.321   2.456   3.881   0.012   0.390   0.000 02T054M000t
00035 ARG02A0125_035 f 0.00  0.000     0  0.00  0  0 -12.183   6.794   1.128  -0.053   0.824   0.000 02T05EM000t
00036 ARG02A0125_036 f 0.00  0.000     0  0.00  0  0 -12.636   0.773   2.897   0.013   0.468   0.000 02T069M000t
00037 ARG02A0125_037 f 0.00  0.000     0  0.00  0  0 -12.677   4.147   5.675  -0.007   0.429   0.000 02T092M000t
00038 ARG02A0125_038 f 0.00  0.000     0  0.00  0  0 -13.637   2.267   3.364   0.115   0.338   0.000 02T0C2M000t
00039 ARG02A0125_039 f 0.00  0.000     0  0.00  0  0 -12.602   1.945   3.335   0.066   0.637   0.000 02T0C9M000t
00040 ARG02A0125_040 f 0.00  0.000     0  0.00  0  0 -12.508   2.529   3.871   0.022   0.295   0.000 02T0D4M000t
00041 ARG03A0125_041 f 0.00  0.000     0  0.00  0  0 -12.229   0.907   1.072  -0.003   0.838   0.000 03E056M000t
00042 ARG03A0125_042 f 0.00  0.000     0  0.00  0  0 -12.355   6.767   1.128  -0.054   1.014   0.000 03E05EM000t
00043 ARG03A0125_043 f 0.00  0.000     0  0.00  0  0 -12.731   0.778   2.885   0.016   0.930   0.000 03E069M000t
00044 ARG03A0125_044 f 0.00  0.000     0  0.00  0  0 -12.588   0.509   0.529   0.049   0.915   0.000 03O000M000t
00045 ARG03A0125_045 f 0.00  0.000     0  0.00  0  0 -10.549   0.701   3.674   0.046   0.932   0.000 03E022M000t
00046 ARG03A0125_046 f 0.00  0.000     0  0.00  0  0 -12.686   2.454   5.759   0.097   0.808   0.000 03E02DM000t
00047 ARG03A0125_047 f 0.00  0.000     0  0.00  0  0 -13.636   2.263   3.364   0.140   0.626   0.000 03E0C2M000t
00048 ARG03A0125_048 f 0.00  0.000     0  0.00  0  0 -13.110   2.590   3.901   0.038   0.841   0.000 03T0D5M000t
00049 ARG03A0125_049 f 0.00  0.000     0  0.00  0  0 -10.618   1.177   3.611   0.038   0.734   0.000 03T0E1M000t
00050 ARG03A0125_050 f 0.00  0.000     0  0.00  0  0 -12.663   1.962   3.334   0.084   0.829   0.000 03T0C9M000t
00051 ARG03A0125_051 f 0.00  0.000     0  0.00  0  0 -14.010   3.163   3.279   0.088   0.655   0.000 03T0CFM000t
00052 ARG03A0125_052 f 0.00  0.000     0  0.00  0  0 -12.527   1.679   3.183   0.003   0.675   0.000 03T001M000t
00053 ARG03A0125_053 f 0.00  0.000     0  0.00  0  0  -9.836   0.559   0.448   0.026   0.987   0.000 03T01BM000t
00054 ARG03A0125_054 f 0.00  0.000     0  0.00  0  0 -13.613   2.261   3.274  -0.048   0.977   0.000 03T052M000t
00055 ARG03A0125_055 f 0.00  0.000     0  0.00  0  0 -12.485   0.903   0.439   0.027   0.683   0.000 03T085M000t
00056 ARG03A0125_056 f 0.00  0.000     0  0.00  0  0 -12.936   4.161   5.653   0.022   0.822   0.000 03T092M000t
00057 ARG03A0125_057 f 0.00  0.000     0  0.00  0  0 -12.371   2.452   3.882   0.037   0.479   0.000 03T054M000t
00058 ARG03A0125_058 f 0.00  0.000     0  0.00  0  0 -12.264   3.770   3.160   0.041   0.871   0.000 03T095M000t
00059 ARG03A0125_059 f 0.00  0.000     0  0.00  0  0 -12.545   2.640   3.860   0.040   0.584   0.000 03T0BAM000t
00060 ARG03A0125_060 f 0.00  0.000     0  0.00  0  0 -12.569   2.529   3.873   0.036   0.674   0.000 03T0D4M000t
00061 ARG+1A0125_061 f 0.00  1.000     0 12.50  0  1 -12.633   0.508   0.529   0.068  -0.273   0.000 +1O000M000t
00062 ARG+1A0125_062 f 0.00  1.000     0 12.50  0  1  -9.683   0.552   0.454   0.051  -0.113   0.000 +1E01BM000t
00063 ARG+1A0125_063 f 0.00  1.000     0 12.50  0  1 -10.710   0.701   3.678   0.105  -0.142   0.000 +1E022M000t
00064 ARG+1A0125_064 f 0.00  1.000     0 12.50  0  1 -13.667   2.273   3.274   0.215  -0.285   0.000 +1E052M000t
00065 ARG+1A0125_065 f 0.00  1.000     0 12.50  0  1 -12.357   2.455   3.884   0.105  -0.234   0.000 +1E054M000t
00066 ARG+1A0125_066 f 0.00  1.000     0 12.50  0  1 -12.213   0.904   1.073   0.183  -0.147   0.000 +1E056M000t
00067 ARG+1A0125_067 f 0.00  1.000     0 12.50  0  1 -12.287   6.841   1.132  -0.066   0.282   0.000 +1E05EM000t
00068 ARG+1A0125_068 f 0.00  1.000     0 12.50  0  1 -12.400   0.902   0.442   0.028  -0.242   0.000 +1E085M000t
00069 ARG+1A0125_069 f 0.00  1.000     0 12.50  0  1 -12.285   3.766   3.167   0.017   0.012   0.000 +1E095M000t
00070 ARG+1A0125_070 f 0.00  1.000     0 12.50  0  1 -13.682   2.261   3.367   0.298  -0.378   0.000 +1E0C2M000t
00071 ARG+1A0125_071 f 0.00  1.000     0 12.50  0  1 -14.052   3.158   3.281   0.230  -0.156   0.000 +1E0CFM000t
00072 ARG+1A0125_072 f 0.00  1.000     0 12.50  0  1 -12.547   2.525   3.875   0.126  -0.305   0.000 +1E0D4M000t
00073 ARG+1A0125_073 f 0.00  1.000     0 12.50  0  1 -10.651   1.175   3.620   0.095  -0.388   0.000 +1E0E1M000t
00074 ARG+1A0125_074 f 0.00  1.000     0 12.50  0  1 -12.571   1.679   3.183   0.071  -0.301   0.000 +1T001M000t
00075 ARG+1A0125_075 f 0.00  1.000     0 12.50  0  1 -12.776   2.460   5.763   0.221  -0.423   0.000 +1T02DM000t
00076 ARG+1A0125_076 f 0.00  1.000     0 12.50  0  1 -12.758   0.773   2.901   0.111  -0.505   0.000 +1T069M000t
00077 ARG+1A0125_077 f 0.00  1.000     0 12.50  0  1 -12.849   4.151   5.679  -0.032  -0.220   0.000 +1T092M000t
00078 ARG+1A0125_078 f 0.00  1.000     0 12.50  0  1 -12.591   2.645   3.861   0.134  -0.228   0.000 +1T0BAM000t
00079 ARG+1A0125_079 f 0.00  1.000     0 12.50  0  1 -12.641   1.936   3.337   0.472   0.115   0.000 +1T0C9M000t
00080 ARG+1A0125_080 f 0.00  1.000     0 12.50  0  1 -13.228   2.598   3.903   0.120  -0.224   0.000 +1T0D5M000t
