   confID        vdw0    sas     sum
ARG01A0125_001   1.423 -13.973 -12.550
ARG01A0125_002   1.549 -14.093 -12.544
ARG01A0125_003   2.143 -14.782 -12.639
ARG01A0125_004   1.921 -14.614 -12.693
ARG01A0125_005   2.016 -14.383 -12.366
ARG01A0125_006   1.941 -14.465 -12.524
ARG01A0125_007   1.350 -14.578 -13.228
ARG01A0125_008   2.013 -14.371 -12.357
ARG01A0125_009   1.588 -14.044 -12.457
ARG01A0125_010   4.229 -13.817  -9.588
ARG01A0125_011   3.373 -13.997 -10.624
ARG01A0125_012   1.336 -14.614 -13.278
ARG01A0125_013   2.137 -14.322 -12.185
ARG01A0125_014   2.018 -14.386 -12.368
ARG01A0125_015   2.014 -14.475 -12.461
ARG01A0125_016   1.877 -14.432 -12.556
ARG01A0125_017   0.856 -14.748 -13.892
ARG01A0125_018   2.078 -14.773 -12.695
ARG01A0125_019   1.651 -14.494 -12.843
ARG01A0125_020   3.700 -14.594 -10.894
ARG02A0125_021   1.344 -14.970 -13.626
ARG02A0125_022   1.863 -14.349 -12.487
ARG02A0125_023   1.467 -13.973 -12.506
ARG02A0125_024   2.188 -14.299 -12.111
ARG02A0125_025   3.636 -13.862 -10.226
ARG02A0125_026   2.022 -14.335 -12.312
ARG02A0125_027   1.759 -14.896 -13.137
ARG02A0125_028   1.560 -14.290 -12.730
ARG02A0125_029   2.040 -14.394 -12.355
ARG02A0125_030   0.961 -14.986 -14.025
ARG02A0125_031   1.608 -14.041 -12.433
ARG02A0125_032   3.472 -14.010 -10.538
ARG02A0125_033   3.708 -14.175 -10.467
ARG02A0125_034   2.172 -14.493 -12.321
ARG02A0125_035   2.049 -14.231 -12.183
ARG02A0125_036   1.978 -14.614 -12.636
ARG02A0125_037   1.884 -14.561 -12.677
ARG02A0125_038   1.281 -14.919 -13.637
ARG02A0125_039   2.000 -14.602 -12.602
ARG02A0125_040   1.951 -14.459 -12.508
ARG03A0125_041   2.134 -14.363 -12.229
ARG03A0125_042   1.992 -14.347 -12.355
ARG03A0125_043   1.883 -14.614 -12.731
ARG03A0125_044   1.386 -13.973 -12.588
ARG03A0125_045   3.332 -13.881 -10.549
ARG03A0125_046   1.555 -14.242 -12.686
ARG03A0125_047   1.218 -14.854 -13.636
ARG03A0125_048   1.766 -14.876 -13.110
ARG03A0125_049   3.621 -14.240 -10.618
ARG03A0125_050   1.939 -14.602 -12.663
ARG03A0125_051   0.973 -14.983 -14.010
ARG03A0125_052   1.514 -14.041 -12.527
ARG03A0125_053   4.094 -13.930  -9.836
ARG03A0125_054   1.358 -14.970 -13.613
ARG03A0125_055   2.038 -14.523 -12.485
ARG03A0125_056   1.811 -14.748 -12.936
ARG03A0125_057   2.122 -14.493 -12.371
ARG03A0125_058   2.003 -14.267 -12.264
ARG03A0125_059   1.869 -14.414 -12.545
ARG03A0125_060   1.891 -14.459 -12.569
ARG+1A0125_061   1.340 -13.973 -12.633
ARG+1A0125_062   4.182 -13.865  -9.683
ARG+1A0125_063   3.300 -14.010 -10.710
ARG+1A0125_064   1.303 -14.970 -13.667
ARG+1A0125_065   2.071 -14.428 -12.357
ARG+1A0125_066   2.086 -14.299 -12.213
ARG+1A0125_067   1.945 -14.231 -12.287
ARG+1A0125_068   1.994 -14.394 -12.400
ARG+1A0125_069   1.982 -14.267 -12.285
ARG+1A0125_070   1.172 -14.854 -13.682
ARG+1A0125_071   0.930 -14.983 -14.052
ARG+1A0125_072   1.848 -14.395 -12.547
ARG+1A0125_073   3.589 -14.240 -10.651
ARG+1A0125_074   1.470 -14.041 -12.571
ARG+1A0125_075   1.517 -14.293 -12.776
ARG+1A0125_076   1.856 -14.614 -12.758
ARG+1A0125_077   1.779 -14.628 -12.849
ARG+1A0125_078   1.822 -14.414 -12.591
ARG+1A0125_079   1.913 -14.554 -12.641
ARG+1A0125_080   1.716 -14.944 -13.228
