iConf CONFORMER     FL  occ    crg   Em0  pKa0 ne nH    vdw0    vdw1    tors    epol   dsolv   extra    history
00001 LYS01A0105_001 f 0.00  0.000     0  0.00  0  0 -11.646   2.153   0.835  -0.007   0.003   0.000 01O000M000t
00002 LYS01A0105_002 f 0.00  0.000     0  0.00  0  0 -11.421   6.413   3.532  -0.005   0.075   0.000 01E001M000t
00003 LYS01A0105_003 f 0.00  0.000     0  0.00  0  0  -9.835   2.025   1.517  -0.029   0.070   0.000 01E027M000t
00004 LYS01A0105_004 f 0.00  0.000     0  0.00  0  0  -7.905   2.433   2.109  -0.002  -0.134   0.000 01E02AM000t
00005 LYS01A0105_005 f 0.00  0.000     0  0.00  0  0  -6.743   2.344   3.583  -0.009   0.142   0.000 01E040M000t
00006 LYS01A0105_006 f 0.00  0.000     0  0.00  0  0  -7.226   3.543   3.594  -0.024   0.040   0.000 01E04EM000t
00007 LYS01A0105_007 f 0.00  0.000     0  0.00  0  0 -10.685   2.474   4.192   0.005   0.007   0.000 01E05AM000t
00008 LYS01A0105_008 f 0.00  0.000     0  0.00  0  0  -9.958   1.964   3.685  -0.003   0.054   0.000 01E06EM000t
00009 LYS01A0105_009 f 0.00  0.000     0  0.00  0  0  -9.604   2.315   3.695  -0.011   0.053   0.000 01E080M000t
00010 LYS01A0105_010 f 0.00  0.000     0  0.00  0  0  -9.750   2.611   4.312  -0.033  -0.167   0.000 01E0AAM000t
00011 LYS01A0105_011 f 0.00  0.000     0  0.00  0  0 -10.245   6.243   3.570  -0.002   0.025   0.000 01T013M000t
00012 LYS01A0105_012 f 0.00  0.000     0  0.00  0  0 -10.634   3.894   4.185  -0.006   0.003   0.000 01T01BM000t
00013 LYS01A0105_013 f 0.00  0.000     0  0.00  0  0  -9.836   2.425   1.511   0.000   0.040   0.000 01T02FM000t
00014 LYS01A0105_014 f 0.00  0.000     0  0.00  0  0 -11.345   2.445   3.601  -0.001   0.245   0.000 01T042M000t
00015 LYS01A0105_015 f 0.00  0.000     0  0.00  0  0 -11.149   3.863   6.336  -0.002  -0.181   0.000 01T046M000t
00016 LYS01A0105_016 f 0.00  0.000     0  0.00  0  0 -10.235   2.494   1.436   0.007   0.113   0.000 01T05BM000t
00017 LYS01A0105_017 f 0.00  0.000     0  0.00  0  0 -10.042   2.378   4.233   0.004  -0.151   0.000 01T079M000t
00018 LYS01A0105_018 f 0.00  0.000     0  0.00  0  0 -10.252   2.933   3.656  -0.019  -0.059   0.000 01T09FM000t
00019 LYS01A0105_019 f 0.00  0.000     0  0.00  0  0  -7.163   2.362   4.867  -0.003  -0.036   0.000 01T0B4M000t
00020 LYS01A0105_020 f 0.00  0.000     0  0.00  0  0  -7.023   1.900   2.066   0.030   0.133   0.000 01T0C3M000t
00021 LYS+1A0105_021 f 0.00  1.000     0 10.40  0  1 -11.691   2.153   0.835   0.019  -0.163   0.000 +1O000M000t
00022 LYS+1A0105_022 f 0.00  1.000     0 10.40  0  1 -10.247   6.244   3.572  -0.016  -0.177   0.000 +1E013M000t
00023 LYS+1A0105_023 f 0.00  1.000     0 10.40  0  1 -10.672   3.871   4.186   0.015  -0.189   0.000 +1E01BM000t
00024 LYS+1A0105_024 f 0.00  1.000     0 10.40  0  1  -8.012   2.431   2.110   0.020  -0.224   0.000 +1E02AM000t
00025 LYS+1A0105_025 f 0.00  1.000     0 10.40  0  1  -9.915   2.436   1.517  -0.071  -0.396   0.000 +1E02FM000t
00026 LYS+1A0105_026 f 0.00  1.000     0 10.40  0  1 -11.401   2.438   3.605  -0.036  -0.125   0.000 +1E042M000t
00027 LYS+1A0105_027 f 0.00  1.000     0 10.40  0  1 -11.218   3.863   6.337   0.017  -0.298   0.000 +1E046M000t
00028 LYS+1A0105_028 f 0.00  1.000     0 10.40  0  1  -7.488   3.549   3.603   0.094  -0.252   0.000 +1E04EM000t
00029 LYS+1A0105_029 f 0.00  1.000     0 10.40  0  1 -10.058   2.373   4.237  -0.025  -0.262   0.000 +1E079M000t
00030 LYS+1A0105_030 f 0.00  1.000     0 10.40  0  1  -9.661   2.307   3.694   0.026  -0.030   0.000 +1E080M000t
00031 LYS+1A0105_031 f 0.00  1.000     0 10.40  0  1 -10.277   2.911   3.658   0.086  -0.165   0.000 +1E09FM000t
00032 LYS+1A0105_032 f 0.00  1.000     0 10.40  0  1  -9.726   2.618   4.311   0.167  -0.285   0.000 +1E0AAM000t
00033 LYS+1A0105_033 f 0.00  1.000     0 10.40  0  1  -7.100   1.894   2.069  -0.126  -0.123   0.000 +1E0C3M000t
00034 LYS+1A0105_034 f 0.00  1.000     0 10.40  0  1 -11.467   6.411   3.532   0.016  -0.233   0.000 +1T001M000t
00035 LYS+1A0105_035 f 0.00  1.000     0 10.40  0  1  -9.786   2.017   1.514   0.120  -0.559   0.000 +1T027M000t
00036 LYS+1A0105_036 f 0.00  1.000     0 10.40  0  1  -6.792   2.345   3.585  -0.007   0.056   0.000 +1T040M000t
00037 LYS+1A0105_037 f 0.00  1.000     0 10.40  0  1 -10.794   2.487   4.198  -0.033  -0.186   0.000 +1T05AM000t
00038 LYS+1A0105_038 f 0.00  1.000     0 10.40  0  1 -10.289   2.488   1.436  -0.014  -0.247   0.000 +1T05BM000t
00039 LYS+1A0105_039 f 0.00  1.000     0 10.40  0  1 -10.007   1.961   3.686   0.029  -0.472   0.000 +1T06EM000t
00040 LYS+1A0105_040 f 0.00  1.000     0 10.40  0  1  -7.212   2.369   4.869   0.010  -0.147   0.000 +1T0B4M000t
