CONFORMER         crg  vdw0  vdw1  tors  epol  self   occ  Hb     history    ASA
LYS01A0105_001  0.000-11.65  2.05  0.83  0.00 -8.76 0.502  00  01O000M000  1.000
LYS01A0105_002  0.000-11.42  6.35  3.53  0.00 -1.54 0.503  00  01E001M000  1.000
LYS01A0105_003  0.000 -9.84  1.97  1.52  0.00 -6.35 0.502  00  01E027M000  1.000
LYS01A0105_004  0.000 -7.94  2.43  2.11  0.00 -3.40 0.503  00  01E02AM000  1.000
LYS01A0105_005  0.000 -6.74  2.29  3.58  0.00 -0.87 0.502  00  01E040M000  1.000
LYS01A0105_006  0.000 -7.23  3.50  3.60  0.00 -0.14 0.503  00  01E04EM000  1.000
LYS01A0105_007  0.000-10.68  2.48  4.19  0.00 -4.02 0.503  00  01E05AM000  1.000
LYS01A0105_008  0.000 -9.96  1.86  3.68  0.00 -4.41 0.502  00  01E06EM000  1.000
LYS01A0105_009  0.000 -9.60  2.26  3.69  0.00 -3.65 0.502  00  01E080M000  1.000
LYS01A0105_010  0.000 -9.75  2.56  4.31  0.00 -2.88 0.502  00  01E0AAM000  1.000
LYS01A0105_011  0.000-10.25  6.19  3.57  0.00 -0.49 0.503  00  01T013M000  1.000
LYS01A0105_012  0.000-10.67  3.83  4.18  0.00 -2.66 0.503  00  01T01BM000  1.000
LYS01A0105_013  0.000 -9.84  2.42  1.51  0.00 -5.91 0.503  00  01T02FM000  1.000
LYS01A0105_014  0.000-11.35  2.39  3.60  0.00 -5.36 0.503  00  01T042M000  1.000
LYS01A0105_015  0.000-11.15  3.81  6.34  0.00 -1.01 0.502  00  01T046M000  1.000
LYS01A0105_016  0.000-10.23  2.49  1.44  0.00 -6.31 0.503  00  01T05BM000  1.000
LYS01A0105_017  0.000-10.05  2.33  4.23  0.00 -3.49 0.503  00  01T079M000  1.000
LYS01A0105_018  0.000-10.25  2.88  3.66  0.00 -3.71 0.502  00  01T09FM000  1.000
LYS01A0105_019  0.000 -7.16  2.36  4.87  0.00  0.07 0.502  00  01T0B4M000  1.000
LYS01A0105_020  0.000 -7.03  1.90  2.07  0.00 -3.06 0.502  00  01T0C3M000  1.000
LYS+1A0105_021  1.000-11.69  2.05  0.83  0.00 -8.81 0.502  00  +1O000M000  1.000
LYS+1A0105_022  1.000-10.25  6.19  3.57  0.00 -0.48 0.503  00  +1E013M000  1.000
LYS+1A0105_023  1.000-10.63  3.82  4.19  0.00 -2.62 0.503  00  +1E01BM000  1.000
LYS+1A0105_024  1.000 -7.95  2.43  2.11  0.00 -3.41 0.503  00  +1E02AM000  1.000
LYS+1A0105_025  1.000 -9.92  2.43  1.52  0.00 -5.97 0.503  00  +1E02FM000  1.000
LYS+1A0105_026  1.000-11.40  2.38  3.60  0.00 -5.41 0.503  00  +1E042M000  1.000
LYS+1A0105_027  1.000-11.22  3.80  6.34  0.00 -1.08 0.502  00  +1E046M000  1.000
LYS+1A0105_028  1.000 -7.42  3.50  3.60  0.00 -0.32 0.503  00  +1E04EM000  1.000
LYS+1A0105_029  1.000-10.06  2.32  4.24  0.00 -3.50 0.503  00  +1E079M000  1.000
LYS+1A0105_030  1.000 -9.66  2.25  3.69  0.00 -3.72 0.502  00  +1E080M000  1.000
LYS+1A0105_031  1.000-10.28  2.86  3.66  0.00 -3.76 0.502  00  +1E09FM000  1.000
LYS+1A0105_032  1.000 -9.73  2.57  4.31  0.00 -2.85 0.502  00  +1E0AAM000  1.000
LYS+1A0105_033  1.000 -7.10  1.90  2.07  0.00 -3.14 0.502  00  +1E0C3M000  1.000
LYS+1A0105_034  1.000-11.47  6.36  3.53  0.00 -1.58 0.503  00  +1T001M000  1.000
LYS+1A0105_035  1.000 -9.79  1.97  1.51  0.00 -6.30 0.502  00  +1T027M000  1.000
LYS+1A0105_036  1.000 -6.78  2.28  3.59  0.00 -0.91 0.502  00  +1T040M000  1.000
LYS+1A0105_037  1.000-10.79  2.49  4.20  0.00 -4.11 0.503  00  +1T05AM000  1.000
LYS+1A0105_038  1.000-10.29  2.49  1.44  0.00 -6.37 0.503  00  +1T05BM000  1.000
LYS+1A0105_039  1.000-10.00  1.86  3.69  0.00 -4.45 0.502  00  +1T06EM000  1.000
LYS+1A0105_040  1.000 -7.21  2.36  4.87  0.00  0.02 0.502  00  +1T0B4M000  1.000
