CONFORMER         crg  vdw0  vdw1  tors  epol  self   occ  Hb     history    ASA
HIS01A0142_001  0.000-11.34  3.94  0.01  0.00 -7.40 0.523  00  01O000M000  1.000
HIS01A0142_002  0.000-11.78  2.66  0.00  0.00 -9.12 0.526  00  01R001M000  1.000
HIS01A0142_003  0.000-11.26  1.82  0.01  0.00 -9.44 0.524  00  01E005M000  1.000
HIS01A0142_004  0.000-11.59  1.21  0.01  0.00-10.38 0.526  00  01E006M000  1.000
HIS01A0142_005  0.000-12.03  1.11  0.01  0.00-10.91 0.524  00  01E009M000  1.000
HIS01A0142_006  0.000-11.26  6.26  0.00  0.00 -5.00 0.524  00  01E00CM000  1.000
HIS01A0142_007  0.000-11.69  3.80  0.01  0.00 -7.88 0.522  00  01E00FM000  1.000
HIS01A0142_008  0.000-11.81  5.10  2.79  0.00 -3.92 0.521  00  01E010M000  1.000
HIS01A0142_009  0.000-11.36  5.30  2.79  0.00 -3.28 0.526  00  01E011M000  1.000
HIS01A0142_010  0.000-11.29  3.89  0.00  0.00 -7.40 0.524  00  01T002M000  1.000
HIS01A0142_011  0.000-11.33  6.02  0.05  0.00 -5.26 0.526  00  01T003M000  1.000
HIS01A0142_012  0.000-11.79  7.97  2.80  0.00 -1.02 0.524  00  01T004M000  1.000
HIS01A0142_013  0.000-11.61  2.10  0.00  0.00 -9.51 0.523  00  01T008M000  1.000
HIS01A0142_014  0.000-11.64  2.57  0.01  0.00 -9.06 0.522  00  01T00AM000  1.000
HIS01A0142_015  0.000-11.62  4.61  0.00  0.00 -7.00 0.524  00  01T00BM000  1.000
HIS01A0142_016  0.000-11.44  2.46  0.01  0.00 -8.97 0.524  00  01T00DM000  1.000
HIS01A0142_017  0.000-12.01  3.64  0.01  0.00 -8.35 0.522  00  01T00EM000  1.000
HIS01A0142_018  0.000-11.79  7.99  2.80  0.00 -1.00 0.523  00  01T012M000  1.000
HIS01A0142_019  0.000-11.69  5.20  2.79  0.00 -3.69 0.524  00  01T013M000  1.000
HIS01A0142_020  0.000-11.56  5.20  2.79  0.00 -3.57 0.524  00  01T014M000  1.000
HIS02A0142_021  0.000-11.36  3.93  0.01  0.00 -7.42 0.523  00  02O000M000  1.000
HIS02A0142_022  0.000-11.48  6.04  0.05  0.00 -5.40 0.526  00  02E003M000  1.000
HIS02A0142_023  0.000-11.28  1.80  0.00  0.00 -9.47 0.524  00  02E005M000  1.000
HIS02A0142_024  0.000-11.36  6.30  0.00  0.00 -5.06 0.524  00  02E00CM000  1.000
HIS02A0142_025  0.000-11.94  3.72  0.01  0.00 -8.21 0.522  00  02E00EM000  1.000
HIS02A0142_026  0.000-11.57  3.77  0.01  0.00 -7.79 0.522  00  02E00FM000  1.000
HIS02A0142_027  0.000-11.83  5.09  2.79  0.00 -3.95 0.521  00  02E010M000  1.000
HIS02A0142_028  0.000-11.68  8.05  2.80  0.00 -0.83 0.523  00  02E012M000  1.000
HIS02A0142_029  0.000-11.66  5.16  2.79  0.00 -3.71 0.524  00  02E013M000  1.000
HIS02A0142_030  0.000-11.53  5.18  2.79  0.00 -3.56 0.524  00  02E014M000  1.000
HIS02A0142_031  0.000-11.85  2.53  0.00  0.00 -9.32 0.526  00  02T001M000  1.000
HIS02A0142_032  0.000-11.31  3.91  0.00  0.00 -7.40 0.524  00  02T002M000  1.000
HIS02A0142_033  0.000-11.81  7.96  2.80  0.00 -1.05 0.524  00  02T004M000  1.000
HIS02A0142_034  0.000-11.54  1.17  0.01  0.00-10.36 0.526  00  02T006M000  1.000
HIS02A0142_035  0.000-11.63  2.11  0.00  0.00 -9.52 0.523  00  02T008M000  1.000
HIS02A0142_036  0.000-12.16  1.09  0.01  0.00-11.06 0.524  00  02T009M000  1.000
HIS02A0142_037  0.000-11.66  2.58  0.01  0.00 -9.08 0.522  00  02T00AM000  1.000
HIS02A0142_038  0.000-11.68  4.49  0.00  0.00 -7.19 0.524  00  02T00BM000  1.000
HIS02A0142_039  0.000-11.44  2.40  0.01  0.00 -9.03 0.524  00  02T00DM000  1.000
HIS02A0142_040  0.000-11.36  5.24  2.79  0.00 -3.33 0.526  00  02T011M000  1.000
HIS+1A0142_041  1.000-11.39  3.93  0.01  0.00 -7.45 0.523  00  +1O000M000  1.000
HIS+1A0142_042  1.000-11.76  2.52  0.00  0.00 -9.24 0.526  00  +1R001M000  1.000
HIS+1A0142_043  1.000-11.47  3.92  0.00  0.00 -7.55 0.524  00  +1E002M000  1.000
HIS+1A0142_044  1.000-11.46  6.17  0.05  0.00 -5.24 0.526  00  +1E003M000  1.000
HIS+1A0142_045  1.000-11.77  7.95  2.80  0.00 -1.03 0.524  00  +1E004M000  1.000
HIS+1A0142_046  1.000-11.31  1.80  0.00  0.00 -9.50 0.524  00  +1E005M000  1.000
HIS+1A0142_047  1.000-11.57  1.17  0.01  0.00-10.39 0.526  00  +1E006M000  1.000
HIS+1A0142_048  1.000-11.73  2.57  0.01  0.00 -9.16 0.522  00  +1E00AM000  1.000
HIS+1A0142_049  1.000-11.90  3.78  0.01  0.00 -8.11 0.522  00  +1E00EM000  1.000
HIS+1A0142_050  1.000-11.85  5.08  2.79  0.00 -3.98 0.521  00  +1E010M000  1.000
HIS+1A0142_051  1.000-11.34  5.22  2.79  0.00 -3.33 0.526  00  +1E011M000  1.000
HIS+1A0142_052  1.000-11.68  5.16  2.79  0.00 -3.73 0.524  00  +1E013M000  1.000
HIS+1A0142_053  1.000-11.55  2.11  0.00  0.00 -9.44 0.523  00  +1T008M000  1.000
HIS+1A0142_054  1.000-12.19  1.09  0.01  0.00-11.09 0.524  00  +1T009M000  1.000
HIS+1A0142_055  1.000-11.70  4.49  0.00  0.00 -7.21 0.524  00  +1T00BM000  1.000
HIS+1A0142_056  1.000-11.46  6.69  0.00  0.00 -4.77 0.524  00  +1T00CM000  1.000
HIS+1A0142_057  1.000-11.47  2.40  0.01  0.00 -9.06 0.524  00  +1T00DM000  1.000
HIS+1A0142_058  1.000-11.78  3.82  0.01  0.00 -7.95 0.522  00  +1T00FM000  1.000
HIS+1A0142_059  1.000-11.70  8.04  2.80  0.00 -0.87 0.523  00  +1T012M000  1.000
HIS+1A0142_060  1.000-11.54  5.18  2.79  0.00 -3.57 0.524  00  +1T014M000  1.000
