   confID        vdw0    sas     sum
HIS01A0142_001  -0.288 -11.056 -11.344
HIS01A0142_002  -0.275 -11.504 -11.779
HIS01A0142_003  -0.125 -11.134 -11.259
HIS01A0142_004  -0.211 -11.384 -11.594
HIS01A0142_005  -0.143 -11.884 -12.027
HIS01A0142_006  -0.173 -11.088 -11.261
HIS01A0142_007  -0.194 -11.501 -11.695
HIS01A0142_008  -0.131 -11.745 -11.876
HIS01A0142_009  -0.211 -11.106 -11.317
HIS01A0142_010  -0.288 -11.006 -11.294
HIS01A0142_011  -0.283 -11.052 -11.335
HIS01A0142_012  -0.288 -11.504 -11.792
HIS01A0142_013  -0.185 -11.431 -11.616
HIS01A0142_014  -0.201 -11.440 -11.641
HIS01A0142_015  -0.330 -11.289 -11.619
HIS01A0142_016  -0.142 -11.300 -11.442
HIS01A0142_017  -0.131 -11.874 -12.005
HIS01A0142_018  -0.330 -11.460 -11.790
HIS01A0142_019  -0.197 -11.494 -11.691
HIS01A0142_020  -0.142 -11.419 -11.561
HIS02A0142_021  -0.306 -11.056 -11.362
HIS02A0142_022  -0.302 -11.233 -11.535
HIS02A0142_023  -0.143 -11.134 -11.277
HIS02A0142_024  -0.190 -11.168 -11.358
HIS02A0142_025  -0.148 -11.791 -11.939
HIS02A0142_026  -0.209 -11.365 -11.574
HIS02A0142_027  -0.150 -11.745 -11.895
HIS02A0142_028  -0.342 -11.335 -11.677
HIS02A0142_029  -0.211 -11.447 -11.658
HIS02A0142_030  -0.161 -11.370 -11.531
HIS02A0142_031  -0.286 -11.516 -11.803
HIS02A0142_032  -0.306 -11.006 -11.312
HIS02A0142_033  -0.306 -11.504 -11.810
HIS02A0142_034  -0.224 -11.316 -11.540
HIS02A0142_035  -0.201 -11.429 -11.630
HIS02A0142_036  -0.161 -11.999 -12.160
HIS02A0142_037  -0.219 -11.440 -11.659
HIS02A0142_038  -0.342 -11.334 -11.676
HIS02A0142_039  -0.160 -11.281 -11.441
HIS02A0142_040  -0.222 -11.139 -11.361
HIS+1A0142_041  -0.333 -11.056 -11.389
HIS+1A0142_042  -0.312 -11.516 -11.828
HIS+1A0142_043  -0.333 -11.141 -11.475
HIS+1A0142_044  -0.328 -11.136 -11.465
HIS+1A0142_045  -0.333 -11.387 -11.720
HIS+1A0142_046  -0.170 -11.134 -11.304
HIS+1A0142_047  -0.251 -11.316 -11.567
HIS+1A0142_048  -0.247 -11.487 -11.733
HIS+1A0142_049  -0.175 -11.723 -11.898
HIS+1A0142_050  -0.177 -11.677 -11.854
HIS+1A0142_051  -0.250 -11.090 -11.340
HIS+1A0142_052  -0.239 -11.494 -11.732
HIS+1A0142_053  -0.229 -11.321 -11.550
HIS+1A0142_054  -0.190 -11.999 -12.188
HIS+1A0142_055  -0.369 -11.334 -11.703
HIS+1A0142_056  -0.219 -11.238 -11.457
HIS+1A0142_057  -0.188 -11.281 -11.469
HIS+1A0142_058  -0.236 -11.548 -11.784
HIS+1A0142_059  -0.369 -11.335 -11.704
HIS+1A0142_060  -0.188 -11.351 -11.539
