CONFORMER         crg  vdw0  vdw1  tors  epol  self   occ  Hb     history    ASA
LYS01A0215_001  0.000-12.09  0.46  0.88  0.00-10.75 0.502  00  01O000M000  1.000
LYS01A0215_002  0.000-11.20  1.61  4.14  0.00 -5.44 0.501  00  01E00DM000  1.000
LYS01A0215_003  0.000 -5.24  0.28  0.80  0.00 -4.15 0.502  00  01E013M000  1.000
LYS01A0215_004  0.000-11.24  4.40  6.25  0.00 -0.60 0.501  00  01E053M000  1.000
LYS01A0215_005  0.000-10.59  4.02  0.85  0.00 -5.72 0.502  00  01E05CM000  1.000
LYS01A0215_006  0.000-10.09  0.41  4.22  0.00 -5.46 0.502  00  01E095M000  1.000
LYS01A0215_007  0.000 -9.79  4.12  3.72  0.00 -1.95 0.501  00  01E0BAM000  1.000
LYS01A0215_008  0.000 -9.82  0.94  6.85  0.00 -2.03 0.502  00  01E0CFM000  1.000
LYS01A0215_009  0.000-10.27  1.45  1.59  0.00 -7.23 0.502  00  01T03AM000  1.000
LYS01A0215_010  0.000-10.81  5.72  3.44  0.00 -1.64 0.501  00  01T059M000  1.000
LYS01A0215_011  0.000-10.93  1.43  4.29  0.00 -5.22 0.501  00  01T076M000  1.000
LYS01A0215_012  0.000-10.16  0.45  4.24  0.00 -5.47 0.502  00  01T092M000  1.000
LYS01A0215_013  0.000 -9.36  0.25  0.89  0.00 -8.21 0.501  00  01T09AM000  1.000
LYS01A0215_014  0.000-10.25  0.44  4.28  0.00 -5.53 0.501  00  01T09FM000  1.000
LYS01A0215_015  0.000 -9.45  0.82  0.94  0.00 -7.68 0.502  00  01T0ABM000  1.000
LYS01A0215_016  0.000-10.28  4.08  3.71  0.00 -2.48 0.502  00  01T0B8M000  1.000
LYS01A0215_017  0.000 -9.76  0.97  4.13  0.00 -4.67 0.501  00  01T0C3M000  1.000
LYS01A0215_018  0.000 -7.77  0.49  4.94  0.00 -2.34 0.501  00  01T0DAM000  1.000
LYS01A0215_019  0.000 -7.49  1.23  4.94  0.00 -1.32 0.502  00  01T104M000  1.000
LYS01A0215_020  0.000 -9.60  1.68  6.99  0.00 -0.93 0.502  00  01T131M000  1.000
LYS+1A0215_021  1.000-12.14  0.46  0.88  0.00-10.80 0.502  00  +1O000M000  1.000
LYS+1A0215_022  1.000-11.24  1.62  4.15  0.00 -5.48 0.501  00  +1E00DM000  1.000
LYS+1A0215_023  1.000-10.32  1.46  1.59  0.00 -7.27 0.502  00  +1E03AM000  1.000
LYS+1A0215_024  1.000-11.30  4.41  6.26  0.00 -0.63 0.501  00  +1E053M000  1.000
LYS+1A0215_025  1.000-10.56  4.04  0.85  0.00 -5.67 0.502  00  +1E05CM000  1.000
LYS+1A0215_026  1.000-10.98  1.43  4.30  0.00 -5.26 0.501  00  +1E076M000  1.000
LYS+1A0215_027  1.000 -9.52  0.24  0.89  0.00 -8.39 0.501  00  +1E09AM000  1.000
LYS+1A0215_028  1.000-10.30  0.44  4.29  0.00 -5.57 0.501  00  +1E09FM000  1.000
LYS+1A0215_029  1.000 -9.58  0.82  0.95  0.00 -7.82 0.502  00  +1E0ABM000  1.000
LYS+1A0215_030  1.000 -9.98  4.13  3.73  0.00 -2.12 0.501  00  +1E0BAM000  1.000
LYS+1A0215_031  1.000 -9.78  0.96  4.13  0.00 -4.68 0.501  00  +1E0C3M000  1.000
LYS+1A0215_032  1.000 -9.87  0.94  6.85  0.00 -2.07 0.502  00  +1E0CFM000  1.000
LYS+1A0215_033  1.000 -7.84  0.48  4.94  0.00 -2.41 0.501  00  +1E0DAM000  1.000
LYS+1A0215_034  1.000 -7.61  1.23  4.94  0.00 -1.44 0.502  00  +1E104M000  1.000
LYS+1A0215_035  1.000 -5.35  0.28  0.80  0.00 -4.26 0.502  00  +1T013M000  1.000
LYS+1A0215_036  1.000-10.86  5.74  3.45  0.00 -1.68 0.501  00  +1T059M000  1.000
LYS+1A0215_037  1.000-10.09  0.44  4.25  0.00 -5.40 0.502  00  +1T092M000  1.000
LYS+1A0215_038  1.000-10.15  0.41  4.22  0.00 -5.51 0.502  00  +1T095M000  1.000
LYS+1A0215_039  1.000-10.35  4.14  3.72  0.00 -2.49 0.502  00  +1T0B8M000  1.000
LYS+1A0215_040  1.000 -9.65  1.68  6.99  0.00 -0.98 0.502  00  +1T131M000  1.000
