iConf CONFORMER     FL  occ    crg   Em0  pKa0 ne nH    vdw0    vdw1    tors    epol   dsolv   extra    history
00001 LYS01A0215_001 f 0.00  0.000     0  0.00  0  0 -12.092   0.561   0.882  -0.008  -0.138   0.000 01O000M000t
00002 LYS01A0215_002 f 0.00  0.000     0  0.00  0  0 -11.195   1.605   4.143  -0.007   0.017   0.000 01E00DM000t
00003 LYS01A0215_003 f 0.00  0.000     0  0.00  0  0  -5.239   0.385   0.802  -0.014  -0.102   0.000 01E013M000t
00004 LYS01A0215_004 f 0.00  0.000     0  0.00  0  0 -11.242   4.450   6.249  -0.009   0.014   0.000 01E053M000t
00005 LYS01A0215_005 f 0.00  0.000     0  0.00  0  0 -10.589   4.134   0.850  -0.028  -0.170   0.000 01E05CM000t
00006 LYS01A0215_006 f 0.00  0.000     0  0.00  0  0 -10.145   0.514   4.224  -0.011   0.030   0.000 01E095M000t
00007 LYS01A0215_007 f 0.00  0.000     0  0.00  0  0  -9.785   4.247   3.720  -0.014   0.159   0.000 01E0BAM000t
00008 LYS01A0215_008 f 0.00  0.000     0  0.00  0  0  -9.812   0.997   6.848  -0.003  -0.074   0.000 01E0CFM000t
00009 LYS01A0215_009 f 0.00  0.000     0  0.00  0  0 -10.275   1.453   1.586  -0.035   0.049   0.000 01T03AM000t
00010 LYS01A0215_010 f 0.00  0.000     0  0.00  0  0 -10.813   5.785   3.445  -0.006  -0.172   0.000 01T059M000t
00011 LYS01A0215_011 f 0.00  0.000     0  0.00  0  0 -10.933   1.428   4.289  -0.010  -0.097   0.000 01T076M000t
00012 LYS01A0215_012 f 0.00  0.000     0  0.00  0  0 -10.147   0.547   4.242  -0.009   0.007   0.000 01T092M000t
00013 LYS01A0215_013 f 0.00  0.000     0  0.00  0  0  -9.414   0.356   0.891  -0.029   0.191   0.000 01T09AM000t
00014 LYS01A0215_014 f 0.00  0.000     0  0.00  0  0 -10.249   0.541   4.283  -0.006   0.021   0.000 01T09FM000t
00015 LYS01A0215_015 f 0.00  0.000     0  0.00  0  0  -9.494   0.876   0.944  -0.023  -0.135   0.000 01T0ABM000t
00016 LYS01A0215_016 f 0.00  0.000     0  0.00  0  0 -10.277   4.190   3.716  -0.013  -0.074   0.000 01T0B8M000t
00017 LYS01A0215_017 f 0.00  0.000     0  0.00  0  0  -9.763   1.020   4.129  -0.010   0.054   0.000 01T0C3M000t
00018 LYS01A0215_018 f 0.00  0.000     0  0.00  0  0  -7.766   0.535   4.938  -0.027  -0.092   0.000 01T0DAM000t
00019 LYS01A0215_019 f 0.00  0.000     0  0.00  0  0  -7.492   1.234   4.937  -0.012   0.036   0.000 01T104M000t
00020 LYS01A0215_020 f 0.00  0.000     0  0.00  0  0  -9.607   1.683   6.994  -0.014   0.081   0.000 01T131M000t
00021 LYS+1A0215_021 f 0.00  1.000     0 10.40  0  1 -12.137   0.560   0.882   0.034  -0.337   0.000 +1O000M000t
00022 LYS+1A0215_022 f 0.00  1.000     0 10.40  0  1 -11.189   1.616   4.145  -0.026  -0.198   0.000 +1E00DM000t
00023 LYS+1A0215_023 f 0.00  1.000     0 10.40  0  1 -10.318   1.459   1.586   0.150  -0.170   0.000 +1E03AM000t
00024 LYS+1A0215_024 f 0.00  1.000     0 10.40  0  1 -11.297   4.470   6.259   0.048  -0.192   0.000 +1E053M000t
00025 LYS+1A0215_025 f 0.00  1.000     0 10.40  0  1 -10.554   4.156   0.851  -0.067  -0.320   0.000 +1E05CM000t
00026 LYS+1A0215_026 f 0.00  1.000     0 10.40  0  1 -10.979   1.424   4.296   0.040  -0.401   0.000 +1E076M000t
00027 LYS+1A0215_027 f 0.00  1.000     0 10.40  0  1  -9.519   0.345   0.894   0.030   0.022   0.000 +1E09AM000t
00028 LYS+1A0215_028 f 0.00  1.000     0 10.40  0  1 -10.309   0.542   4.289   0.036  -0.176   0.000 +1E09FM000t
00029 LYS+1A0215_029 f 0.00  1.000     0 10.40  0  1  -9.580   0.871   0.948   0.090  -0.140   0.000 +1E0ABM000t
00030 LYS+1A0215_030 f 0.00  1.000     0 10.40  0  1  -9.977   4.261   3.727   0.077  -0.402   0.000 +1E0BAM000t
00031 LYS+1A0215_031 f 0.00  1.000     0 10.40  0  1  -9.780   1.015   4.130   0.039  -0.403   0.000 +1E0C3M000t
00032 LYS+1A0215_032 f 0.00  1.000     0 10.40  0  1  -9.862   0.993   6.854  -0.001  -0.174   0.000 +1E0CFM000t
00033 LYS+1A0215_033 f 0.00  1.000     0 10.40  0  1  -7.839   0.530   4.940   0.025  -0.222   0.000 +1E0DAM000t
00034 LYS+1A0215_034 f 0.00  1.000     0 10.40  0  1  -7.614   1.226   4.940   0.065  -0.172   0.000 +1E104M000t
00035 LYS+1A0215_035 f 0.00  1.000     0 10.40  0  1  -5.344   0.380   0.802   0.056  -0.180   0.000 +1T013M000t
00036 LYS+1A0215_036 f 0.00  1.000     0 10.40  0  1 -10.865   5.794   3.447   0.050  -0.159   0.000 +1T059M000t
00037 LYS+1A0215_037 f 0.00  1.000     0 10.40  0  1 -10.089   0.546   4.248   0.050  -0.258   0.000 +1T092M000t
00038 LYS+1A0215_038 f 0.00  1.000     0 10.40  0  1 -10.147   0.510   4.225   0.058  -0.122   0.000 +1T095M000t
00039 LYS+1A0215_039 f 0.00  1.000     0 10.40  0  1 -10.349   4.257   3.722   0.034  -0.341   0.000 +1T0B8M000t
00040 LYS+1A0215_040 f 0.00  1.000     0 10.40  0  1  -9.654   1.677   6.993   0.054  -0.295   0.000 +1T131M000t
