   confID        vdw0    sas     sum
LYS01A0215_001   0.513 -12.605 -12.092
LYS01A0215_002   1.135 -12.331 -11.195
LYS01A0215_003   6.748 -11.987  -5.239
LYS01A0215_004   1.037 -12.280 -11.242
LYS01A0215_005   1.344 -11.933 -10.589
LYS01A0215_006   2.242 -12.386 -10.145
LYS01A0215_007   1.897 -11.682  -9.785
LYS01A0215_008   2.329 -12.141  -9.812
LYS01A0215_009   1.998 -12.273 -10.275
LYS01A0215_010   1.177 -11.991 -10.813
LYS01A0215_011   1.652 -12.585 -10.933
LYS01A0215_012   2.325 -12.472 -10.147
LYS01A0215_013   2.603 -12.017  -9.414
LYS01A0215_014   2.324 -12.572 -10.249
LYS01A0215_015   2.202 -11.695  -9.494
LYS01A0215_016   1.957 -12.234 -10.277
LYS01A0215_017   2.298 -12.061  -9.763
LYS01A0215_018   4.733 -12.499  -7.766
LYS01A0215_019   4.791 -12.282  -7.492
LYS01A0215_020   2.586 -12.193  -9.607
LYS+1A0215_021   0.468 -12.605 -12.137
LYS+1A0215_022   1.090 -12.279 -11.189
LYS+1A0215_023   1.954 -12.273 -10.318
LYS+1A0215_024   0.983 -12.280 -11.297
LYS+1A0215_025   1.276 -11.830 -10.554
LYS+1A0215_026   1.606 -12.585 -10.979
LYS+1A0215_027   2.498 -12.017  -9.519
LYS+1A0215_028   2.264 -12.572 -10.309
LYS+1A0215_029   2.115 -11.695  -9.580
LYS+1A0215_030   1.807 -11.785  -9.977
LYS+1A0215_031   2.229 -12.010  -9.780
LYS+1A0215_032   2.279 -12.141  -9.862
LYS+1A0215_033   4.660 -12.499  -7.839
LYS+1A0215_034   4.720 -12.334  -7.614
LYS+1A0215_035   6.710 -12.054  -5.344
LYS+1A0215_036   1.126 -11.991 -10.865
LYS+1A0215_037   2.281 -12.370 -10.089
LYS+1A0215_038   2.188 -12.335 -10.147
LYS+1A0215_039   1.885 -12.234 -10.349
LYS+1A0215_040   2.538 -12.193  -9.654
