iConf CONFORMER     FL  occ    crg   Em0  pKa0 ne nH    vdw0    vdw1    tors    epol   dsolv   extra    history
00001 LYS01A0129_001 f 0.00  0.000     0  0.00  0  0 -11.716   0.605   0.812  -0.013  -0.023   0.000 01O000M000t
00002 LYS01A0129_002 f 0.00  0.000     0  0.00  0  0 -10.570   2.815   0.808  -0.008   0.140   0.000 01E06AM000t
00003 LYS01A0129_003 f 0.00  0.000     0  0.00  0  0 -12.182   2.949   6.438  -0.018  -0.033   0.000 01E084M000t
00004 LYS01A0129_004 f 0.00  0.000     0  0.00  0  0  -8.115   0.892   4.887  -0.026   0.038   0.000 01E0FAM000t
00005 LYS01A0129_005 f 0.00  0.000     0  0.00  0  0  -8.585   0.904   1.522  -0.038   0.107   0.000 01E102M000t
00006 LYS01A0129_006 f 0.00  0.000     0  0.00  0  0  -9.759   0.952   4.320  -0.020   0.046   0.000 01E103M000t
00007 LYS01A0129_007 f 0.00  0.000     0  0.00  0  0  -7.832   2.233   4.844  -0.025   0.059   0.000 01E109M000t
00008 LYS01A0129_008 f 0.00  0.000     0  0.00  0  0  -7.785   0.819   2.056  -0.021  -0.033   0.000 01E13CM000t
00009 LYS01A0129_009 f 0.00  0.000     0  0.00  0  0  -8.167   0.585   4.886  -0.027   0.053   0.000 01E149M000t
00010 LYS01A0129_010 f 0.00  0.000     0  0.00  0  0 -11.114   0.726   1.445  -0.007  -0.050   0.000 01T01CM000t
00011 LYS01A0129_011 f 0.00  0.000     0  0.00  0  0 -10.874   4.273   4.227  -0.006  -0.046   0.000 01T024M000t
00012 LYS01A0129_012 f 0.00  0.000     0  0.00  0  0 -10.276   0.893   1.495  -0.013  -0.120   0.000 01T044M000t
00013 LYS01A0129_013 f 0.00  0.000     0  0.00  0  0 -10.809   0.973   4.246  -0.017   0.035   0.000 01T07BM000t
00014 LYS01A0129_014 f 0.00  0.000     0  0.00  0  0 -11.786   2.904   6.432  -0.020   0.018   0.000 01T087M000t
00015 LYS01A0129_015 f 0.00  0.000     0  0.00  0  0 -10.548   2.229   4.238  -0.010   0.069   0.000 01T089M000t
00016 LYS01A0129_016 f 0.00  0.000     0  0.00  0  0 -11.570   1.622   3.696  -0.014   0.016   0.000 01T091M000t
00017 LYS01A0129_017 f 0.00  0.000     0  0.00  0  0 -10.054   1.257   7.005  -0.009  -0.009   0.000 01T0B1M000t
00018 LYS01A0129_018 f 0.00  0.000     0  0.00  0  0  -7.803   0.839   4.856  -0.013   0.083   0.000 01T0E1M000t
00019 LYS01A0129_019 f 0.00  0.000     0  0.00  0  0  -8.000   1.013   4.887  -0.013   0.075   0.000 01T107M000t
00020 LYS01A0129_020 f 0.00  0.000     0  0.00  0  0 -10.041   1.806   4.331  -0.026   0.079   0.000 01T113M000t
00021 LYS+1A0129_021 f 0.00  1.000     0 10.40  0  1 -11.761   0.604   0.812   0.051  -0.197   0.000 +1O000M000t
00022 LYS+1A0129_022 f 0.00  1.000     0 10.40  0  1 -11.160   0.725   1.446   0.027  -0.307   0.000 +1E01CM000t
00023 LYS+1A0129_023 f 0.00  1.000     0 10.40  0  1 -10.923   4.276   4.227   0.035  -0.218   0.000 +1E024M000t
00024 LYS+1A0129_024 f 0.00  1.000     0 10.40  0  1 -10.255   0.906   1.495   0.077  -0.322   0.000 +1E044M000t
00025 LYS+1A0129_025 f 0.00  1.000     0 10.40  0  1 -10.737   2.811   0.807  -0.092  -0.224   0.000 +1E06AM000t
00026 LYS+1A0129_026 f 0.00  1.000     0 10.40  0  1 -10.912   0.968   4.250   0.107  -0.185   0.000 +1E07BM000t
00027 LYS+1A0129_027 f 0.00  1.000     0 10.40  0  1 -12.228   2.944   6.440   0.094  -0.263   0.000 +1E084M000t
00028 LYS+1A0129_028 f 0.00  1.000     0 10.40  0  1 -11.833   2.919   6.436   0.125  -0.190   0.000 +1E087M000t
00029 LYS+1A0129_029 f 0.00  1.000     0 10.40  0  1 -10.663   2.230   4.237   0.075  -0.044   0.000 +1E089M000t
00030 LYS+1A0129_030 f 0.00  1.000     0 10.40  0  1 -11.618   1.609   3.698   0.124  -0.082   0.000 +1E091M000t
00031 LYS+1A0129_031 f 0.00  1.000     0 10.40  0  1  -8.198   0.896   4.888   0.124  -0.267   0.000 +1E0FAM000t
00032 LYS+1A0129_032 f 0.00  1.000     0 10.40  0  1  -8.692   0.896   1.523   0.080   0.110   0.000 +1E102M000t
00033 LYS+1A0129_033 f 0.00  1.000     0 10.40  0  1  -9.874   0.946   4.322   0.078  -0.174   0.000 +1E103M000t
00034 LYS+1A0129_034 f 0.00  1.000     0 10.40  0  1  -7.893   2.230   4.843   0.065   0.229   0.000 +1E109M000t
00035 LYS+1A0129_035 f 0.00  1.000     0 10.40  0  1  -7.925   0.818   2.057   0.124  -0.135   0.000 +1E13CM000t
00036 LYS+1A0129_036 f 0.00  1.000     0 10.40  0  1 -10.041   1.252   7.006   0.061  -0.173   0.000 +1T0B1M000t
00037 LYS+1A0129_037 f 0.00  1.000     0 10.40  0  1  -7.860   0.839   4.856   0.064  -0.300   0.000 +1T0E1M000t
00038 LYS+1A0129_038 f 0.00  1.000     0 10.40  0  1  -8.050   1.014   4.888   0.075  -0.619   0.000 +1T107M000t
00039 LYS+1A0129_039 f 0.00  1.000     0 10.40  0  1 -10.032   1.806   4.333   0.117   0.044   0.000 +1T113M000t
00040 LYS+1A0129_040 f 0.00  1.000     0 10.40  0  1  -8.212   0.587   4.886   0.121  -0.156   0.000 +1T149M000t
