CONFORMER         crg  vdw0  vdw1  tors  epol  self   occ  Hb     history    ASA
LYS01A0129_001  0.000-11.72  0.61  0.81  0.00-10.30 0.502  00  01O000M000  1.000
LYS01A0129_002  0.000-10.57  2.82  0.81  0.00 -6.95 0.502  00  01E06AM000  1.000
LYS01A0129_003  0.000-12.18  2.95  6.44  0.00 -2.79 0.501  00  01E084M000  1.000
LYS01A0129_004  0.000 -8.10  0.89  4.89  0.00 -2.32 0.501  00  01E0FAM000  1.000
LYS01A0129_005  0.000 -8.59  0.90  1.52  0.00 -6.16 0.501  00  01E102M000  1.000
LYS01A0129_006  0.000 -9.76  0.95  4.32  0.00 -4.49 0.502  00  01E103M000  1.000
LYS01A0129_007  0.000 -7.82  2.24  4.84  0.00 -0.74 0.502  00  01E109M000  1.000
LYS01A0129_008  0.000 -7.78  0.82  2.06  0.00 -4.91 0.501  00  01E13CM000  1.000
LYS01A0129_009  0.000 -8.18  0.59  4.89  0.00 -2.71 0.502  00  01E149M000  1.000
LYS01A0129_010  0.000-11.12  0.73  1.45  0.00 -8.94 0.502  00  01T01CM000  1.000
LYS01A0129_011  0.000-10.87  4.27  4.23  0.00 -2.38 0.502  00  01T024M000  1.000
LYS01A0129_012  0.000-10.28  0.89  1.50  0.00 -7.89 0.502  00  01T044M000  1.000
LYS01A0129_013  0.000-10.81  0.97  4.25  0.00 -5.59 0.502  00  01T07BM000  1.000
LYS01A0129_014  0.000-11.79  2.91  6.43  0.00 -2.44 0.501  00  01T087M000  1.000
LYS01A0129_015  0.000-10.55  2.24  4.24  0.00 -4.08 0.501  00  01T089M000  1.000
LYS01A0129_016  0.000-11.57  1.62  3.70  0.00 -6.25 0.502  00  01T091M000  1.000
LYS01A0129_017  0.000-10.05  1.26  7.00  0.00 -1.79 0.501  00  01T0B1M000  1.000
LYS01A0129_018  0.000 -7.81  0.84  4.86  0.00 -2.11 0.502  00  01T0E1M000  1.000
LYS01A0129_019  0.000 -7.99  1.01  4.89  0.00 -2.09 0.501  00  01T107M000  1.000
LYS01A0129_020  0.000-10.10  1.81  4.33  0.00 -3.96 0.501  00  01T113M000  1.000
LYS+1A0129_021  1.000-11.76  0.61  0.81  0.00-10.34 0.502  00  +1O000M000  1.000
LYS+1A0129_022  1.000-11.16  0.73  1.45  0.00 -8.99 0.502  00  +1E01CM000  1.000
LYS+1A0129_023  1.000-10.92  4.27  4.23  0.00 -2.42 0.502  00  +1E024M000  1.000
LYS+1A0129_024  1.000-10.25  0.90  1.50  0.00 -7.86 0.502  00  +1E044M000  1.000
LYS+1A0129_025  1.000-10.74  2.81  0.81  0.00 -7.12 0.502  00  +1E06AM000  1.000
LYS+1A0129_026  1.000-10.91  0.97  4.25  0.00 -5.69 0.502  00  +1E07BM000  1.000
LYS+1A0129_027  1.000-12.23  2.94  6.44  0.00 -2.85 0.501  00  +1E084M000  1.000
LYS+1A0129_028  1.000-11.89  2.92  6.44  0.00 -2.53 0.501  00  +1E087M000  1.000
LYS+1A0129_029  1.000-10.61  2.23  4.24  0.00 -4.14 0.501  00  +1E089M000  1.000
LYS+1A0129_030  1.000-11.62  1.61  3.70  0.00 -6.31 0.502  00  +1E091M000  1.000
LYS+1A0129_031  1.000 -8.15  0.89  4.89  0.00 -2.37 0.501  00  +1E0FAM000  1.000
LYS+1A0129_032  1.000 -8.69  0.89  1.52  0.00 -6.27 0.501  00  +1E102M000  1.000
LYS+1A0129_033  1.000 -9.88  0.95  4.32  0.00 -4.61 0.502  00  +1E103M000  1.000
LYS+1A0129_034  1.000 -7.90  2.23  4.84  0.00 -0.83 0.502  00  +1E109M000  1.000
LYS+1A0129_035  1.000 -7.92  0.82  2.06  0.00 -5.05 0.501  00  +1E13CM000  1.000
LYS+1A0129_036  1.000-10.04  1.26  7.01  0.00 -1.77 0.501  00  +1T0B1M000  1.000
LYS+1A0129_037  1.000 -7.86  0.84  4.86  0.00 -2.16 0.502  00  +1T0E1M000  1.000
LYS+1A0129_038  1.000 -8.05  1.02  4.89  0.00 -2.14 0.501  00  +1T107M000  1.000
LYS+1A0129_039  1.000-10.04  1.81  4.33  0.00 -3.90 0.501  00  +1T113M000  1.000
LYS+1A0129_040  1.000 -8.21  0.59  4.89  0.00 -2.74 0.502  00  +1T149M000  1.000
