   confID        vdw0    sas     sum
LYS01A0129_001   0.599 -12.315 -11.716
LYS01A0129_002   1.152 -12.357 -11.205
LYS01A0129_003   1.150 -12.466 -11.316
LYS01A0129_004   1.146 -12.073 -10.928
LYS01A0129_005   1.568 -12.685 -11.117
LYS01A0129_006   2.393 -12.318  -9.925
LYS01A0129_007   3.572 -11.768  -8.196
LYS01A0129_008   1.400 -12.226 -10.825
LYS01A0129_009   2.077 -12.141 -10.064
LYS01A0129_010   2.171 -11.988  -9.817
LYS01A0129_011   0.599 -12.208 -11.609
LYS01A0129_012   1.706 -12.505 -10.799
LYS01A0129_013   7.000 -12.064  -5.064
LYS01A0129_014   1.565 -12.363 -10.798
LYS01A0129_015   4.430 -12.527  -8.097
LYS01A0129_016   4.334 -12.363  -8.029
LYS01A0129_017   4.373 -12.079  -7.707
LYS01A0129_018   2.219 -12.612 -10.393
LYS01A0129_019   4.314 -12.411  -8.097
LYS01A0129_020   4.429 -12.257  -7.828
LYS+1A0129_021   0.554 -12.315 -11.761
LYS+1A0129_022   1.108 -12.357 -11.249
LYS+1A0129_023   1.106 -12.534 -11.428
LYS+1A0129_024   6.930 -12.064  -5.133
LYS+1A0129_025   1.523 -12.363 -10.840
LYS+1A0129_026   2.332 -12.289  -9.957
LYS+1A0129_027   3.526 -11.729  -8.203
LYS+1A0129_028   1.354 -12.226 -10.872
LYS+1A0129_029   2.027 -12.180 -10.153
LYS+1A0129_030   4.367 -12.565  -8.198
LYS+1A0129_031   4.288 -12.363  -8.075
LYS+1A0129_032   4.283 -12.079  -7.796
LYS+1A0129_033   2.131 -12.561 -10.430
LYS+1A0129_034   4.221 -12.292  -8.071
LYS+1A0129_035   4.363 -12.257  -7.894
LYS+1A0129_036   0.554 -12.208 -11.654
LYS+1A0129_037   1.107 -12.073 -10.966
LYS+1A0129_038   1.659 -12.505 -10.845
LYS+1A0129_039   1.526 -12.685 -11.159
LYS+1A0129_040   2.070 -11.920  -9.850
