iConf CONFORMER     FL  occ    crg   Em0  pKa0 ne nH    vdw0    vdw1    tors    epol   dsolv   extra    history
00001 ARG01A0073_001 f 0.00  0.000     0  0.00  0  0 -13.908   1.446   1.585   0.060  -0.126   0.000 01O000M000t
00002 ARG01A0073_002 f 0.00  0.000     0  0.00  0  0 -13.718   0.887   1.476  -0.038   0.079   0.000 01E00BM000t
00003 ARG01A0073_003 f 0.00  0.000     0  0.00  0  0 -14.056   2.779   1.390  -0.137   0.188   0.000 01E00CM000t
00004 ARG01A0073_004 f 0.00  0.000     0  0.00  0  0 -13.390   5.222   2.021  -0.095  -0.255   0.000 01E00FM000t
00005 ARG01A0073_005 f 0.00  0.000     0  0.00  0  0 -13.833   2.528   1.769   0.173   0.117   0.000 01E052M000t
00006 ARG01A0073_006 f 0.00  0.000     0  0.00  0  0 -13.610   1.323   0.848   0.012  -0.112   0.000 01E07EM000t
00007 ARG01A0073_007 f 0.00  0.000     0  0.00  0  0 -10.864   0.703   1.044   0.031   0.034   0.000 01E09BM000t
00008 ARG01A0073_008 f 0.00  0.000     0  0.00  0  0 -13.358   5.332   3.513   0.028  -0.260   0.000 01E0B1M000t
00009 ARG01A0073_009 f 0.00  0.000     0  0.00  0  0 -13.141   0.984   3.155   0.028  -0.069   0.000 01E136M000t
00010 ARG01A0073_010 f 0.00  0.000     0  0.00  0  0 -13.777   0.954   2.385  -0.117   0.082   0.000 01E141M000t
00011 ARG01A0073_011 f 0.00  0.000     0  0.00  0  0 -12.988   6.392   3.090  -0.037  -0.001   0.000 01E156M000t
00012 ARG01A0073_012 f 0.00  0.000     0  0.00  0  0 -12.967   4.847   2.892   0.029  -0.159   0.000 01T03EM000t
00013 ARG01A0073_013 f 0.00  0.000     0  0.00  0  0 -14.183   3.844   4.714   0.034  -0.058   0.000 01T060M000t
00014 ARG01A0073_014 f 0.00  0.000     0  0.00  0  0 -12.850   1.749   2.105   0.011  -0.130   0.000 01T07BM000t
00015 ARG01A0073_015 f 0.00  0.000     0  0.00  0  0 -13.566   6.785   3.681   0.053  -0.230   0.000 01T0B0M000t
00016 ARG01A0073_016 f 0.00  0.000     0  0.00  0  0 -14.560   8.288   5.086  -0.066   0.141   0.000 01T100M000t
00017 ARG01A0073_017 f 0.00  0.000     0  0.00  0  0 -13.539   1.132   1.752   0.042  -0.148   0.000 01T117M000t
00018 ARG01A0073_018 f 0.00  0.000     0  0.00  0  0 -13.664   1.098   3.616   0.038  -0.053   0.000 01T119M000t
00019 ARG01A0073_019 f 0.00  0.000     0  0.00  0  0 -13.976   2.430   2.281   0.050  -0.147   0.000 01T12CM000t
00020 ARG01A0073_020 f 0.00  0.000     0  0.00  0  0 -13.187   9.138   3.704  -0.065  -0.094   0.000 01T155M000t
00021 ARG02A0073_021 f 0.00  0.000     0  0.00  0  0 -13.900   1.861   1.298  -0.047   1.283   0.000 02E052M000t
00022 ARG02A0073_022 f 0.00  0.000     0  0.00  0  0 -14.145   3.647   4.028   0.033   0.891   0.000 02E060M000t
00023 ARG02A0073_023 f 0.00  0.000     0  0.00  0  0 -12.118   1.799   1.837   0.004   0.953   0.000 02E07BM000t
00024 ARG02A0073_024 f 0.00  0.000     0  0.00  0  0 -13.684   1.116   1.650   0.032   1.124   0.000 02E117M000t
00025 ARG02A0073_025 f 0.00  0.000     0  0.00  0  0 -13.609   5.748   2.849  -0.047   0.660   0.000 02E155M000t
00026 ARG02A0073_026 f 0.00  0.000     0  0.00  0  0 -13.846   1.447   1.585   0.030   0.520   0.000 02O000M000t
00027 ARG02A0073_027 f 0.00  0.000     0  0.00  0  0 -12.619   0.983   2.979   0.052   0.453   0.000 02E136M000t
00028 ARG02A0073_028 f 0.00  0.000     0  0.00  0  0 -14.077   2.659   1.382  -0.085   1.341   0.000 02T00CM000t
00029 ARG02A0073_029 f 0.00  0.000     0  0.00  0  0 -12.923   1.113   2.780   0.041   0.819   0.000 02T119M000t
00030 ARG02A0073_030 f 0.00  0.000     0  0.00  0  0 -13.842   2.205   2.148   0.072   1.072   0.000 02T12CM000t
00031 ARG02A0073_031 f 0.00  0.000     0  0.00  0  0 -13.178   0.697   1.363  -0.037   1.153   0.000 02T141M000t
00032 ARG02A0073_032 f 0.00  0.000     0  0.00  0  0 -13.177   5.374   3.326  -0.017   0.870   0.000 02T0B1M000t
00033 ARG02A0073_033 f 0.00  0.000     0  0.00  0  0 -12.720   5.732   2.992  -0.060   1.412   0.000 02T156M000t
00034 ARG02A0073_034 f 0.00  0.000     0  0.00  0  0 -13.325   0.835   1.433  -0.039   0.715   0.000 02T00BM000t
00035 ARG02A0073_035 f 0.00  0.000     0  0.00  0  0 -13.612   1.223   0.650  -0.001   0.740   0.000 02T07EM000t
00036 ARG02A0073_036 f 0.00  0.000     0  0.00  0  0 -10.602   0.847   0.755  -0.006   0.790   0.000 02T09BM000t
00037 ARG02A0073_037 f 0.00  0.000     0  0.00  0  0 -13.439   6.890   3.777   0.012   0.612   0.000 02T0B0M000t
00038 ARG02A0073_038 f 0.00  0.000     0  0.00  0  0 -13.348   5.328   1.936  -0.075   0.736   0.000 02T00FM000t
00039 ARG02A0073_039 f 0.00  0.000     0  0.00  0  0 -12.973   4.826   2.854   0.057   0.532   0.000 02T03EM000t
00040 ARG02A0073_040 f 0.00  0.000     0  0.00  0  0 -14.538   5.213   4.739   0.074   0.555   0.000 02T100M000t
00041 ARG03A0073_041 f 0.00  0.000     0  0.00  0  0 -13.284   5.325   1.924  -0.081   0.957   0.000 03E00FM000t
00042 ARG03A0073_042 f 0.00  0.000     0  0.00  0  0 -13.845   1.219   0.627   0.017   0.924   0.000 03E07EM000t
00043 ARG03A0073_043 f 0.00  0.000     0  0.00  0  0 -13.932   1.443   1.585   0.055   0.832   0.000 03O000M000t
00044 ARG03A0073_044 f 0.00  0.000     0  0.00  0  0 -14.117   2.488   1.412  -0.107   1.073   0.000 03E00CM000t
00045 ARG03A0073_045 f 0.00  0.000     0  0.00  0  0 -13.678   1.119   1.632   0.033   0.781   0.000 03E117M000t
00046 ARG03A0073_046 f 0.00  0.000     0  0.00  0  0 -13.901   1.865   1.285  -0.045   1.231   0.000 03T052M000t
00047 ARG03A0073_047 f 0.00  0.000     0  0.00  0  0 -12.677   5.716   2.986  -0.060   1.206   0.000 03T156M000t
00048 ARG03A0073_048 f 0.00  0.000     0  0.00  0  0 -13.182   5.378   3.302  -0.016   0.948   0.000 03T0B1M000t
00049 ARG03A0073_049 f 0.00  0.000     0  0.00  0  0 -12.930   1.105   2.693   0.039   0.964   0.000 03T119M000t
00050 ARG03A0073_050 f 0.00  0.000     0  0.00  0  0 -12.627   0.979   2.967   0.032   0.714   0.000 03T136M000t
00051 ARG03A0073_051 f 0.00  0.000     0  0.00  0  0 -13.120   4.814   2.844   0.040   0.748   0.000 03T03EM000t
00052 ARG03A0073_052 f 0.00  0.000     0  0.00  0  0 -11.097   1.802   1.768  -0.005   0.702   0.000 03T07BM000t
00053 ARG03A0073_053 f 0.00  0.000     0  0.00  0  0 -13.557   6.942   3.703   0.041   0.916   0.000 03T0B0M000t
00054 ARG03A0073_054 f 0.00  0.000     0  0.00  0  0 -13.498   0.833   1.405  -0.033   0.954   0.000 03T00BM000t
00055 ARG03A0073_055 f 0.00  0.000     0  0.00  0  0 -14.213   3.662   3.994   0.036   0.466   0.000 03T060M000t
00056 ARG03A0073_056 f 0.00  0.000     0  0.00  0  0 -10.732   0.848   0.723   0.027   0.680   0.000 03T09BM000t
00057 ARG03A0073_057 f 0.00  0.000     0  0.00  0  0 -14.624   5.462   4.685   0.065   0.815   0.000 03T100M000t
00058 ARG03A0073_058 f 0.00  0.000     0  0.00  0  0 -13.730   2.221   2.158   0.065   0.763   0.000 03T12CM000t
00059 ARG03A0073_059 f 0.00  0.000     0  0.00  0  0 -13.272   0.703   1.336  -0.003   0.780   0.000 03T141M000t
00060 ARG03A0073_060 f 0.00  0.000     0  0.00  0  0 -13.385   5.779   2.728  -0.046   0.658   0.000 03T155M000t
00061 ARG+1A0073_061 f 0.00  1.000     0 12.50  0  1 -13.977   1.442   1.585   0.088  -0.380   0.000 +1O000M000t
00062 ARG+1A0073_062 f 0.00  1.000     0 12.50  0  1 -14.149   2.519   1.411   0.306  -0.335   0.000 +1E00CM000t
00063 ARG+1A0073_063 f 0.00  1.000     0 12.50  0  1 -13.213   4.813   2.863  -0.025  -0.292   0.000 +1E03EM000t
00064 ARG+1A0073_064 f 0.00  1.000     0 12.50  0  1 -14.185   3.647   4.030   0.119  -0.105   0.000 +1E060M000t
00065 ARG+1A0073_065 f 0.00  1.000     0 12.50  0  1 -11.209   1.792   1.844   0.142  -0.194   0.000 +1E07BM000t
00066 ARG+1A0073_066 f 0.00  1.000     0 12.50  0  1 -13.518   1.219   0.670   0.122  -0.179   0.000 +1E07EM000t
00067 ARG+1A0073_067 f 0.00  1.000     0 12.50  0  1 -13.723   1.121   1.635   0.114  -0.342   0.000 +1E117M000t
00068 ARG+1A0073_068 f 0.00  1.000     0 12.50  0  1 -13.750   2.164   2.178   0.221  -0.217   0.000 +1E12CM000t
00069 ARG+1A0073_069 f 0.00  1.000     0 12.50  0  1 -13.222   0.691   1.366   0.108   0.433   0.000 +1E141M000t
00070 ARG+1A0073_070 f 0.00  1.000     0 12.50  0  1 -13.682   5.717   2.869  -0.150  -0.337   0.000 +1E155M000t
00071 ARG+1A0073_071 f 0.00  1.000     0 12.50  0  1 -12.761   5.705   3.005  -0.168  -0.063   0.000 +1E156M000t
00072 ARG+1A0073_072 f 0.00  1.000     0 12.50  0  1 -13.377   0.825   1.443   0.160  -0.364   0.000 +1T00BM000t
00073 ARG+1A0073_073 f 0.00  1.000     0 12.50  0  1 -13.515   5.324   1.954  -0.145  -0.171   0.000 +1T00FM000t
00074 ARG+1A0073_074 f 0.00  1.000     0 12.50  0  1 -14.007   1.910   1.315  -0.174   0.488   0.000 +1T052M000t
00075 ARG+1A0073_075 f 0.00  1.000     0 12.50  0  1 -10.580   0.844   0.754   0.093  -0.147   0.000 +1T09BM000t
00076 ARG+1A0073_076 f 0.00  1.000     0 12.50  0  1 -13.514   7.017   3.762  -0.007  -0.335   0.000 +1T0B0M000t
00077 ARG+1A0073_077 f 0.00  1.000     0 12.50  0  1 -13.209   5.370   3.328  -0.004  -0.151   0.000 +1T0B1M000t
00078 ARG+1A0073_078 f 0.00  1.000     0 12.50  0  1 -14.458   5.182   4.777   0.419   0.154   0.000 +1T100M000t
00079 ARG+1A0073_079 f 0.00  1.000     0 12.50  0  1 -12.800   1.111   2.821   0.104  -0.183   0.000 +1T119M000t
00080 ARG+1A0073_080 f 0.00  1.000     0 12.50  0  1 -12.586   0.985   2.991   0.101  -0.453   0.000 +1T136M000t
