CONFORMER         crg  vdw0  vdw1  tors  epol  self   occ  Hb     history    ASA
ARG01A0073_001  0.000-13.91  1.44  1.58  0.00-10.88 0.501  00  01O000M000  1.000
ARG01A0073_002  0.000-13.72  0.89  1.47  0.00-11.35 0.501  00  01E00BM000  1.000
ARG01A0073_003  0.000-14.06  2.79  1.39  0.00 -9.88 0.501  00  01E00CM000  1.000
ARG01A0073_004  0.000-13.39  5.22  2.02  0.00 -6.15 0.502  00  01E00FM000  1.000
ARG01A0073_005  0.000-13.84  2.53  1.78  0.00 -9.52 0.502  00  01E052M000  1.000
ARG01A0073_006  0.000-13.61  1.33  0.85  0.00-11.44 0.503  00  01E07EM000  1.000
ARG01A0073_007  0.000-10.79  0.70  1.04  0.00 -9.05 0.501  00  01E09BM000  1.000
ARG01A0073_008  0.000-13.36  5.33  3.50  0.00 -4.52 0.502  00  01E0B1M000  1.000
ARG01A0073_009  0.000-13.14  0.98  3.14  0.00 -9.02 0.501  00  01E136M000  1.000
ARG01A0073_010  0.000-13.78  0.95  2.38  0.00-10.44 0.501  00  01E141M000  1.000
ARG01A0073_011  0.000-12.87  6.39  3.09  0.00 -3.39 0.501  00  01E156M000  1.000
ARG01A0073_012  0.000-13.03  4.85  2.89  0.00 -5.29 0.501  00  01T03EM000  1.000
ARG01A0073_013  0.000-14.18  3.86  4.71  0.00 -5.61 0.502  00  01T060M000  1.000
ARG01A0073_014  0.000-12.79  1.75  2.10  0.00 -8.93 0.502  00  01T07BM000  1.000
ARG01A0073_015  0.000-13.56  6.79  3.68  0.00 -3.10 0.501  00  01T0B0M000  1.000
ARG01A0073_016  0.000-14.56  8.33  5.09  0.00 -1.15 0.502  00  01T100M000  1.000
ARG01A0073_017  0.000-13.54  1.13  1.75  0.00-10.65 0.501  00  01T117M000  1.000
ARG01A0073_018  0.000-13.67  1.10  3.61  0.00 -8.96 0.502  00  01T119M000  1.000
ARG01A0073_019  0.000-13.98  2.44  2.28  0.00 -9.27 0.501  00  01T12CM000  1.000
ARG01A0073_020  0.000-13.19  9.14  3.72  0.00 -0.33 0.501  00  01T155M000  1.000
ARG02A0073_021  0.000-13.90  1.86  1.30  0.00-10.74 0.502  00  02E052M000  1.000
ARG02A0073_022  0.000-14.15  3.65  4.03  0.00 -6.47 0.502  00  02E060M000  1.000
ARG02A0073_023  0.000-12.12  1.80  1.84  0.00 -8.48 0.502  00  02E07BM000  1.000
ARG02A0073_024  0.000-13.68  1.12  1.65  0.00-10.91 0.501  00  02E117M000  1.000
ARG02A0073_025  0.000-13.61  5.74  2.85  0.00 -5.03 0.501  00  02E155M000  1.000
ARG02A0073_026  0.000-13.85  1.45  1.58  0.00-10.82 0.501  00  02O000M000  1.000
ARG02A0073_027  0.000-12.56  0.98  2.98  0.00 -8.59 0.501  00  02E136M000  1.000
ARG02A0073_028  0.000-14.08  2.66  1.38  0.00-10.03 0.501  00  02T00CM000  1.000
ARG02A0073_029  0.000-12.92  1.11  2.78  0.00 -9.03 0.502  00  02T119M000  1.000
ARG02A0073_030  0.000-13.84  2.21  2.15  0.00 -9.48 0.501  00  02T12CM000  1.000
ARG02A0073_031  0.000-13.18  0.69  1.36  0.00-11.12 0.501  00  02T141M000  1.000
ARG02A0073_032  0.000-13.16  5.38  3.33  0.00 -4.46 0.502  00  02T0B1M000  1.000
ARG02A0073_033  0.000-12.72  5.73  2.99  0.00 -4.00 0.501  00  02T156M000  1.000
ARG02A0073_034  0.000-13.33  0.84  1.43  0.00-11.06 0.501  00  02T00BM000  1.000
ARG02A0073_035  0.000-13.61  1.22  0.65  0.00-11.74 0.503  00  02T07EM000  1.000
ARG02A0073_036  0.000-10.60  0.85  0.75  0.00 -9.00 0.501  00  02T09BM000  1.000
ARG02A0073_037  0.000-13.44  6.89  3.77  0.00 -2.78 0.501  00  02T0B0M000  1.000
ARG02A0073_038  0.000-13.35  5.32  1.93  0.00 -6.10 0.502  00  02T00FM000  1.000
ARG02A0073_039  0.000-12.97  4.83  2.85  0.00 -5.29 0.501  00  02T03EM000  1.000
ARG02A0073_040  0.000-14.54  5.22  4.74  0.00 -4.58 0.502  00  02T100M000  1.000
ARG03A0073_041  0.000-13.28  5.31  1.92  0.00 -6.04 0.502  00  03E00FM000  1.000
ARG03A0073_042  0.000-13.84  1.21  0.63  0.00-12.00 0.503  00  03E07EM000  1.000
ARG03A0073_043  0.000-13.93  1.44  1.58  0.00-10.91 0.501  00  03O000M000  1.000
ARG03A0073_044  0.000-14.12  2.50  1.41  0.00-10.21 0.501  00  03E00CM000  1.000
ARG03A0073_045  0.000-13.68  1.12  1.63  0.00-10.93 0.501  00  03E117M000  1.000
ARG03A0073_046  0.000-13.90  1.86  1.29  0.00-10.75 0.502  00  03T052M000  1.000
ARG03A0073_047  0.000-12.68  5.71  2.99  0.00 -3.98 0.501  00  03T156M000  1.000
ARG03A0073_048  0.000-13.18  5.37  3.30  0.00 -4.51 0.502  00  03T0B1M000  1.000
ARG03A0073_049  0.000-12.93  1.11  2.70  0.00 -9.13 0.502  00  03T119M000  1.000
ARG03A0073_050  0.000-12.62  0.98  2.97  0.00 -8.67 0.501  00  03T136M000  1.000
ARG03A0073_051  0.000-13.12  4.83  2.84  0.00 -5.45 0.501  00  03T03EM000  1.000
ARG03A0073_052  0.000-11.11  1.80  1.77  0.00 -7.54 0.502  00  03T07BM000  1.000
ARG03A0073_053  0.000-13.55  6.94  3.71  0.00 -2.91 0.501  00  03T0B0M000  1.000
ARG03A0073_054  0.000-13.50  0.83  1.41  0.00-11.26 0.501  00  03T00BM000  1.000
ARG03A0073_055  0.000-14.21  3.67  3.99  0.00 -6.55 0.502  00  03T060M000  1.000
ARG03A0073_056  0.000-10.73  0.85  0.72  0.00 -9.16 0.501  00  03T09BM000  1.000
ARG03A0073_057  0.000-14.63  5.48  4.69  0.00 -4.46 0.502  00  03T100M000  1.000
ARG03A0073_058  0.000-13.78  2.23  2.15  0.00 -9.40 0.501  00  03T12CM000  1.000
ARG03A0073_059  0.000-13.27  0.71  1.34  0.00-11.23 0.501  00  03T141M000  1.000
ARG03A0073_060  0.000-13.39  5.78  2.73  0.00 -4.88 0.501  00  03T155M000  1.000
ARG+1A0073_061  1.000-13.98  1.44  1.58  0.00-10.95 0.501  00  +1O000M000  1.000
ARG+1A0073_062  1.000-14.15  2.53  1.41  0.00-10.21 0.501  00  +1E00CM000  1.000
ARG+1A0073_063  1.000-13.21  4.81  2.86  0.00 -5.53 0.501  00  +1E03EM000  1.000
ARG+1A0073_064  1.000-14.19  3.66  4.03  0.00 -6.50 0.502  00  +1E060M000  1.000
ARG+1A0073_065  1.000-11.20  1.79  1.84  0.00 -7.56 0.502  00  +1E07BM000  1.000
ARG+1A0073_066  1.000-13.52  1.22  0.67  0.00-11.63 0.503  00  +1E07EM000  1.000
ARG+1A0073_067  1.000-13.65  1.12  1.64  0.00-10.90 0.501  00  +1E117M000  1.000
ARG+1A0073_068  1.000-13.75  2.17  2.18  0.00 -9.40 0.501  00  +1E12CM000  1.000
ARG+1A0073_069  1.000-13.22  0.69  1.37  0.00-11.16 0.501  00  +1E141M000  1.000
ARG+1A0073_070  1.000-13.68  5.73  2.87  0.00 -5.09 0.501  00  +1E155M000  1.000
ARG+1A0073_071  1.000-12.77  5.70  3.01  0.00 -4.06 0.501  00  +1E156M000  1.000
ARG+1A0073_072  1.000-13.38  0.83  1.44  0.00-11.11 0.501  00  +1T00BM000  1.000
ARG+1A0073_073  1.000-13.52  5.32  1.95  0.00 -6.25 0.502  00  +1T00FM000  1.000
ARG+1A0073_074  1.000-14.01  1.91  1.31  0.00-10.79 0.502  00  +1T052M000  1.000
ARG+1A0073_075  1.000-10.58  0.85  0.76  0.00 -8.98 0.501  00  +1T09BM000  1.000
ARG+1A0073_076  1.000-13.52  7.01  3.76  0.00 -2.75 0.501  00  +1T0B0M000  1.000
ARG+1A0073_077  1.000-13.21  5.38  3.33  0.00 -4.51 0.502  00  +1T0B1M000  1.000
ARG+1A0073_078  1.000-14.46  5.19  4.78  0.00 -4.49 0.502  00  +1T100M000  1.000
ARG+1A0073_079  1.000-12.80  1.11  2.82  0.00 -8.87 0.502  00  +1T119M000  1.000
ARG+1A0073_080  1.000-12.59  0.98  2.99  0.00 -8.61 0.501  00  +1T136M000  1.000
