   confID        vdw0    sas     sum
HIS01A0181_001  -0.247 -11.390 -11.636
HIS01A0181_002  -0.251 -11.557 -11.807
HIS01A0181_003  -0.286 -11.291 -11.576
HIS01A0181_004  -0.136 -11.573 -11.710
HIS01A0181_005  -0.239 -11.706 -11.945
HIS01A0181_006  -0.234 -11.881 -12.115
HIS01A0181_007  -0.137 -11.192 -11.330
HIS01A0181_008  -0.132 -11.512 -11.644
HIS01A0181_009  -0.287 -11.910 -12.197
HIS01A0181_010  -0.246 -11.697 -11.943
HIS01A0181_011  -0.358 -11.451 -11.809
HIS01A0181_012  -0.130 -11.992 -12.122
HIS01A0181_013  -0.130 -11.673 -11.803
HIS01A0181_014  -0.126 -11.327 -11.453
HIS01A0181_015  -0.285 -11.430 -11.715
HIS01A0181_016  -0.221 -11.231 -11.452
HIS01A0181_017  -0.219 -11.304 -11.523
HIS01A0181_018  -0.359 -11.806 -12.165
HIS02A0181_019  -0.263 -11.390 -11.652
HIS02A0181_020  -0.235 -11.772 -12.007
HIS02A0181_021  -0.267 -11.676 -11.942
HIS02A0181_022  -0.306 -11.490 -11.796
HIS02A0181_023  -0.253 -11.841 -12.094
HIS02A0181_024  -0.256 -11.793 -12.049
HIS02A0181_025  -0.246 -11.229 -11.475
HIS02A0181_026  -0.146 -11.447 -11.593
HIS02A0181_027  -0.158 -11.308 -11.466
HIS02A0181_028  -0.239 -11.520 -11.759
HIS02A0181_029  -0.261 -11.761 -12.022
HIS02A0181_030  -0.372 -11.654 -12.026
HIS02A0181_031  -0.152 -12.041 -12.193
HIS02A0181_032  -0.152 -11.741 -11.892
HIS02A0181_033  -0.148 -11.327 -11.475
HIS02A0181_034  -0.306 -11.217 -11.523
HIS02A0181_035  -0.373 -11.728 -12.100
HIS02A0181_036  -0.154 -11.445 -11.598
HIS02A0181_037  -0.307 -11.858 -12.165
HIS+1A0181_038  -0.289 -11.390 -11.678
HIS+1A0181_039  -0.176 -12.090 -12.266
HIS+1A0181_040  -0.183 -11.522 -11.705
HIS+1A0181_041  -0.178 -11.818 -11.995
HIS+1A0181_042  -0.174 -11.327 -11.501
HIS+1A0181_043  -0.332 -11.221 -11.554
HIS+1A0181_044  -0.173 -11.494 -11.667
HIS+1A0181_045  -0.178 -11.512 -11.690
HIS+1A0181_046  -0.287 -11.761 -12.048
HIS+1A0181_047  -0.398 -11.451 -11.849
HIS+1A0181_048  -0.291 -11.575 -11.867
HIS+1A0181_049  -0.332 -11.539 -11.871
HIS+1A0181_050  -0.280 -11.706 -11.986
HIS+1A0181_051  -0.281 -11.891 -12.172
HIS+1A0181_052  -0.272 -11.143 -11.415
HIS+1A0181_053  -0.184 -11.125 -11.309
HIS+1A0181_054  -0.267 -11.361 -11.628
HIS+1A0181_055  -0.398 -11.728 -12.126
HIS+1A0181_056  -0.332 -11.858 -12.190
