iConf CONFORMER     FL  occ    crg   Em0  pKa0 ne nH    vdw0    vdw1    tors    epol   dsolv   extra    history
00001 ARG01A0193_001 f 0.00  0.000     0  0.00  0  0 -13.622   2.512   0.621   0.095   0.096   0.000 01O000M000t
00002 ARG01A0193_002 f 0.00  0.000     0  0.00  0  0 -13.509   3.592   3.281  -0.024  -0.169   0.000 01E033M000t
00003 ARG01A0193_003 f 0.00  0.000     0  0.00  0  0 -13.336   2.166   0.435  -0.008  -0.270   0.000 01E048M000t
00004 ARG01A0193_004 f 0.00  0.000     0  0.00  0  0 -12.537   2.090   3.272   0.001  -0.208   0.000 01E070M000t
00005 ARG01A0193_005 f 0.00  0.000     0  0.00  0  0 -12.519   2.132   3.271   0.023  -0.353   0.000 01E07BM000t
00006 ARG01A0193_006 f 0.00  0.000     0  0.00  0  0 -12.166   2.039   1.062   0.034  -0.131   0.000 01E081M000t
00007 ARG01A0193_007 f 0.00  0.000     0  0.00  0  0 -12.257   6.734   3.154   0.024  -0.135   0.000 01E089M000t
00008 ARG01A0193_008 f 0.00  0.000     0  0.00  0  0 -12.890   2.246   0.471  -0.010   0.023   0.000 01E09FM000t
00009 ARG01A0193_009 f 0.00  0.000     0  0.00  0  0 -12.679   2.639   3.143   0.040  -0.244   0.000 01E0C3M000t
00010 ARG01A0193_010 f 0.00  0.000     0  0.00  0  0 -13.725   4.935   3.211   0.081  -0.243   0.000 01T00AM000t
00011 ARG01A0193_011 f 0.00  0.000     0  0.00  0  0 -13.021   4.012   5.936   0.034  -0.078   0.000 01T028M000t
00012 ARG01A0193_012 f 0.00  0.000     0  0.00  0  0 -13.548   2.124   0.437   0.006  -0.180   0.000 01T03BM000t
00013 ARG01A0193_013 f 0.00  0.000     0  0.00  0  0 -13.420   2.892   3.147   0.021  -0.440   0.000 01T056M000t
00014 ARG01A0193_014 f 0.00  0.000     0  0.00  0  0 -13.077   3.273   3.723   0.015  -0.381   0.000 01T057M000t
00015 ARG01A0193_015 f 0.00  0.000     0  0.00  0  0 -12.038   1.927   1.107   0.055  -0.137   0.000 01T06AM000t
00016 ARG01A0193_016 f 0.00  0.000     0  0.00  0  0  -7.602   1.880   3.253   0.007  -0.173   0.000 01T075M000t
00017 ARG01A0193_017 f 0.00  0.000     0  0.00  0  0 -11.529   1.686   1.038  -0.009   0.076   0.000 01T082M000t
00018 ARG01A0193_018 f 0.00  0.000     0  0.00  0  0 -11.891   2.659   1.047   0.020  -0.024   0.000 01T0A7M000t
00019 ARG01A0193_019 f 0.00  0.000     0  0.00  0  0 -11.863   2.444   1.054  -0.065   0.100   0.000 01T0AAM000t
00020 ARG01A0193_020 f 0.00  0.000     0  0.00  0  0 -12.702   2.745   6.065  -0.006  -0.006   0.000 01T0BEM000t
00021 ARG02A0193_021 f 0.00  0.000     0  0.00  0  0 -13.566   2.527   0.621   0.019   0.746   0.000 02O000M000t
00022 ARG02A0193_022 f 0.00  0.000     0  0.00  0  0 -13.636   5.403   3.138   0.063   0.685   0.000 02E00AM000t
00023 ARG02A0193_023 f 0.00  0.000     0  0.00  0  0 -12.911   3.975   5.934   0.055   0.616   0.000 02E028M000t
00024 ARG02A0193_024 f 0.00  0.000     0  0.00  0  0  -7.787   1.863   3.245   0.028   0.893   0.000 02T075M000t
00025 ARG02A0193_025 f 0.00  0.000     0  0.00  0  0 -13.086   3.322   3.702  -0.002   1.092   0.000 02T057M000t
00026 ARG02A0193_026 f 0.00  0.000     0  0.00  0  0 -12.520   2.098   3.250   0.023   0.886   0.000 02T070M000t
00027 ARG02A0193_027 f 0.00  0.000     0  0.00  0  0 -12.487   2.085   1.029   0.024   0.903   0.000 02T081M000t
00028 ARG02A0193_028 f 0.00  0.000     0  0.00  0  0 -12.313   6.704   3.147   0.011   1.076   0.000 02T089M000t
00029 ARG02A0193_029 f 0.00  0.000     0  0.00  0  0 -12.812   2.211   0.443   0.020   1.003   0.000 02T09FM000t
00030 ARG02A0193_030 f 0.00  0.000     0  0.00  0  0 -12.719   2.637   3.142   0.046   1.077   0.000 02T0C3M000t
00031 ARG02A0193_031 f 0.00  0.000     0  0.00  0  0 -12.033   1.926   1.105   0.020   0.523   0.000 02T06AM000t
00032 ARG02A0193_032 f 0.00  0.000     0  0.00  0  0 -12.475   2.122   3.246   0.016   0.605   0.000 02T07BM000t
00033 ARG02A0193_033 f 0.00  0.000     0  0.00  0  0 -11.683   2.416   1.036   0.145   0.858   0.000 02T0AAM000t
00034 ARG02A0193_034 f 0.00  0.000     0  0.00  0  0 -13.596   3.556   3.263   0.022   0.606   0.000 02T033M000t
00035 ARG02A0193_035 f 0.00  0.000     0  0.00  0  0 -13.521   2.121   0.437   0.030   0.470   0.000 02T03BM000t
00036 ARG02A0193_036 f 0.00  0.000     0  0.00  0  0 -13.333   2.175   0.436   0.036   0.828   0.000 02T048M000t
00037 ARG02A0193_037 f 0.00  0.000     0  0.00  0  0 -13.206   2.923   3.136   0.034   0.457   0.000 02T056M000t
00038 ARG02A0193_038 f 0.00  0.000     0  0.00  0  0 -11.504   1.683   1.040  -0.060   0.635   0.000 02T082M000t
00039 ARG02A0193_039 f 0.00  0.000     0  0.00  0  0 -11.883   2.678   1.032  -0.011   0.574   0.000 02T0A7M000t
00040 ARG02A0193_040 f 0.00  0.000     0  0.00  0  0 -12.904   2.685   5.714   0.009   0.752   0.000 02T0BEM000t
00041 ARG03A0193_041 f 0.00  0.000     0  0.00  0  0 -13.649   2.512   0.621   0.073   0.896   0.000 03O000M000t
00042 ARG03A0193_042 f 0.00  0.000     0  0.00  0  0 -13.779   5.384   3.138   0.080   0.964   0.000 03E00AM000t
00043 ARG03A0193_043 f 0.00  0.000     0  0.00  0  0 -13.320   2.928   3.140   0.031   0.861   0.000 03E056M000t
00044 ARG03A0193_044 f 0.00  0.000     0  0.00  0  0 -13.584   2.121   0.437   0.016   0.822   0.000 03E03BM000t
00045 ARG03A0193_045 f 0.00  0.000     0  0.00  0  0 -12.490   2.088   1.030   0.034   0.804   0.000 03E081M000t
00046 ARG03A0193_046 f 0.00  0.000     0  0.00  0  0 -12.094   1.922   1.107   0.045   0.738   0.000 03T06AM000t
00047 ARG03A0193_047 f 0.00  0.000     0  0.00  0  0 -12.312   6.700   3.149   0.013   0.513   0.000 03T089M000t
00048 ARG03A0193_048 f 0.00  0.000     0  0.00  0  0 -12.865   2.218   0.444   0.019   0.675   0.000 03T09FM000t
00049 ARG03A0193_049 f 0.00  0.000     0  0.00  0  0 -11.906   2.410   1.036   0.170   1.085   0.000 03T0AAM000t
00050 ARG03A0193_050 f 0.00  0.000     0  0.00  0  0 -12.948   2.688   5.722   0.007   0.968   0.000 03T0BEM000t
00051 ARG03A0193_051 f 0.00  0.000     0  0.00  0  0 -13.744   3.550   3.264  -0.009   0.664   0.000 03T033M000t
00052 ARG03A0193_052 f 0.00  0.000     0  0.00  0  0 -13.352   2.169   0.436  -0.008   0.871   0.000 03T048M000t
00053 ARG03A0193_053 f 0.00  0.000     0  0.00  0  0 -13.083   3.320   3.704   0.003   0.774   0.000 03T057M000t
00054 ARG03A0193_054 f 0.00  0.000     0  0.00  0  0  -7.605   1.864   3.245   0.041   0.821   0.000 03T075M000t
00055 ARG03A0193_055 f 0.00  0.000     0  0.00  0  0 -12.763   2.641   3.141   0.045   0.939   0.000 03T0C3M000t
00056 ARG03A0193_056 f 0.00  0.000     0  0.00  0  0 -13.046   3.994   5.935   0.060   0.803   0.000 03T028M000t
00057 ARG03A0193_057 f 0.00  0.000     0  0.00  0  0 -12.590   2.097   3.251   0.017   0.586   0.000 03T070M000t
00058 ARG03A0193_058 f 0.00  0.000     0  0.00  0  0 -12.648   2.128   3.248   0.025   0.623   0.000 03T07BM000t
00059 ARG03A0193_059 f 0.00  0.000     0  0.00  0  0 -11.568   1.676   1.039  -0.027   0.846   0.000 03T082M000t
00060 ARG03A0193_060 f 0.00  0.000     0  0.00  0  0 -11.944   2.694   1.033   0.015   0.794   0.000 03T0A7M000t
00061 ARG+1A0193_061 f 0.00  1.000     0 12.50  0  1 -13.687   2.512   0.621   0.209  -0.142   0.000 +1O000M000t
00062 ARG+1A0193_062 f 0.00  1.000     0 12.50  0  1 -13.750   5.405   3.137   0.159  -0.196   0.000 +1E00AM000t
00063 ARG+1A0193_063 f 0.00  1.000     0 12.50  0  1 -13.014   3.991   5.934   0.190  -0.137   0.000 +1E028M000t
00064 ARG+1A0193_064 f 0.00  1.000     0 12.50  0  1 -13.136   3.314   3.703  -0.008  -0.245   0.000 +1E057M000t
00065 ARG+1A0193_065 f 0.00  1.000     0 12.50  0  1 -12.135   1.921   1.106   0.104  -0.300   0.000 +1E06AM000t
00066 ARG+1A0193_066 f 0.00  1.000     0 12.50  0  1 -12.565   2.096   3.251   0.084  -0.205   0.000 +1E070M000t
00067 ARG+1A0193_067 f 0.00  1.000     0 12.50  0  1  -7.765   1.867   3.244   0.062  -0.123   0.000 +1E075M000t
00068 ARG+1A0193_068 f 0.00  1.000     0 12.50  0  1 -12.580   2.125   3.248   0.054  -0.188   0.000 +1E07BM000t
00069 ARG+1A0193_069 f 0.00  1.000     0 12.50  0  1 -11.630   1.680   1.040   0.052   0.072   0.000 +1E082M000t
00070 ARG+1A0193_070 f 0.00  1.000     0 12.50  0  1 -11.989   2.680   1.033   0.059   0.049   0.000 +1E0A7M000t
00071 ARG+1A0193_071 f 0.00  1.000     0 12.50  0  1 -11.843   2.417   1.036   0.378   0.409   0.000 +1E0AAM000t
00072 ARG+1A0193_072 f 0.00  1.000     0 12.50  0  1 -12.989   2.706   5.735   0.060  -0.173   0.000 +1E0BEM000t
00073 ARG+1A0193_073 f 0.00  1.000     0 12.50  0  1 -13.788   3.553   3.264  -0.028  -0.282   0.000 +1T033M000t
00074 ARG+1A0193_074 f 0.00  1.000     0 12.50  0  1 -13.626   2.120   0.437   0.070  -0.249   0.000 +1T03BM000t
00075 ARG+1A0193_075 f 0.00  1.000     0 12.50  0  1 -13.397   2.168   0.436   0.003  -0.143   0.000 +1T048M000t
00076 ARG+1A0193_076 f 0.00  1.000     0 12.50  0  1 -13.301   2.924   3.138   0.040  -0.324   0.000 +1T056M000t
00077 ARG+1A0193_077 f 0.00  1.000     0 12.50  0  1 -12.526   2.089   1.030   0.051  -0.272   0.000 +1T081M000t
00078 ARG+1A0193_078 f 0.00  1.000     0 12.50  0  1 -12.350   6.718   3.149   0.024  -0.226   0.000 +1T089M000t
00079 ARG+1A0193_079 f 0.00  1.000     0 12.50  0  1 -12.864   2.217   0.444   0.064   0.090   0.000 +1T09FM000t
00080 ARG+1A0193_080 f 0.00  1.000     0 12.50  0  1 -12.760   2.639   3.142   0.022  -0.358   0.000 +1T0C3M000t
