iConf CONFORMER     FL  occ    crg   Em0  pKa0 ne nH    vdw0    vdw1    tors    epol   dsolv   extra    history
00001 ARG01A0328_001 f 0.00  0.000     0  0.00  0  0  -9.983   2.214   3.126   0.024  -0.045   0.000 01O000M000t
00002 ARG01A0328_002 f 0.00  0.000     0  0.00  0  0  -9.554   4.090   2.895   0.042  -0.199   0.000 01E003M000t
00003 ARG01A0328_003 f 0.00  0.000     0  0.00  0  0 -11.405   3.955   2.568  -0.453   0.535   0.000 01E021M000t
00004 ARG01A0328_004 f 0.00  0.000     0  0.00  0  0 -11.340   3.709   0.914   0.091  -0.061   0.000 01E058M000t
00005 ARG01A0328_005 f 0.00  0.000     0  0.00  0  0 -11.347   6.555   1.322  -0.013  -0.171   0.000 01E05BM000t
00006 ARG01A0328_006 f 0.00  0.000     0  0.00  0  0  -9.484   3.329   5.193   0.042  -0.018   0.000 01E0A8M000t
00007 ARG01A0328_007 f 0.00  0.000     0  0.00  0  0 -11.356   1.910   5.329  -0.017  -0.040   0.000 01E0ABM000t
00008 ARG01A0328_008 f 0.00  0.000     0  0.00  0  0  -8.221   1.881   3.557   0.012  -0.113   0.000 01E0C0M000t
00009 ARG01A0328_009 f 0.00  0.000     0  0.00  0  0  -8.802   1.737   4.906   0.044  -0.166   0.000 01E0D8M000t
00010 ARG01A0328_010 f 0.00  0.000     0  0.00  0  0  -8.108   5.915   0.867  -0.024  -0.105   0.000 01E0E7M000t
00011 ARG01A0328_011 f 0.00  0.000     0  0.00  0  0  -9.691   1.571   1.045   0.043   0.022   0.000 01E0F7M000t
00012 ARG01A0328_012 f 0.00  0.000     0  0.00  0  0 -10.552   6.437   1.093  -0.202  -0.027   0.000 01E107M000t
00013 ARG01A0328_013 f 0.00  0.000     0  0.00  0  0  -9.026   1.316   2.922  -0.033  -0.006   0.000 01T016M000t
00014 ARG01A0328_014 f 0.00  0.000     0  0.00  0  0  -8.494   2.374   2.921   0.563   0.458   0.000 01T018M000t
00015 ARG01A0328_015 f 0.00  0.000     0  0.00  0  0  -8.464   2.101   3.035  -0.015  -0.060   0.000 01T02EM000t
00016 ARG01A0328_016 f 0.00  0.000     0  0.00  0  0  -9.584   2.077   0.879   0.008  -0.247   0.000 01T052M000t
00017 ARG01A0328_017 f 0.00  0.000     0  0.00  0  0 -11.438   5.674   0.938   0.042  -0.094   0.000 01T063M000t
00018 ARG01A0328_018 f 0.00  0.000     0  0.00  0  0 -10.829   6.579   0.908   0.297  -0.205   0.000 01T071M000t
00019 ARG01A0328_019 f 0.00  0.000     0  0.00  0  0  -9.346   1.984   2.991   0.253   0.150   0.000 01T085M000t
00020 ARG01A0328_020 f 0.00  0.000     0  0.00  0  0  -9.188   1.781   1.182   0.056  -0.170   0.000 01T10AM000t
00021 ARG02A0328_021 f 0.00  0.000     0  0.00  0  0  -9.991   2.213   3.126   0.030   1.046   0.000 02O000M000t
00022 ARG02A0328_022 f 0.00  0.000     0  0.00  0  0 -11.326   3.712   2.572   0.069   1.357   0.000 02E021M000t
00023 ARG02A0328_023 f 0.00  0.000     0  0.00  0  0  -9.411   1.760   1.178   0.036   1.039   0.000 02E10AM000t
00024 ARG02A0328_024 f 0.00  0.000     0  0.00  0  0  -9.785   4.930   2.893   0.056   0.522   0.000 02E003M000t
00025 ARG02A0328_025 f 0.00  0.000     0  0.00  0  0 -11.643   7.528   1.245   0.027   0.328   0.000 02E05BM000t
00026 ARG02A0328_026 f 0.00  0.000     0  0.00  0  0 -10.683   5.688   0.960   0.295   0.592   0.000 02E071M000t
00027 ARG02A0328_027 f 0.00  0.000     0  0.00  0  0 -11.097   1.950   5.296  -0.031   0.725   0.000 02E0ABM000t
00028 ARG02A0328_028 f 0.00  0.000     0  0.00  0  0  -8.966   1.322   2.928  -0.072   1.221   0.000 02T016M000t
00029 ARG02A0328_029 f 0.00  0.000     0  0.00  0  0  -8.596   2.124   3.039   0.008   1.123   0.000 02T02EM000t
00030 ARG02A0328_030 f 0.00  0.000     0  0.00  0  0 -12.013   6.473   0.849   0.013   0.936   0.000 02T063M000t
00031 ARG02A0328_031 f 0.00  0.000     0  0.00  0  0  -9.355   1.890   2.940  -0.509   1.000   0.000 02T085M000t
00032 ARG02A0328_032 f 0.00  0.000     0  0.00  0  0  -8.169   1.892   3.266   0.014   0.886   0.000 02T0C0M000t
00033 ARG02A0328_033 f 0.00  0.000     0  0.00  0  0 -10.957   3.477   0.897   0.073   0.625   0.000 02T058M000t
00034 ARG02A0328_034 f 0.00  0.000     0  0.00  0  0  -8.746   1.752   4.939   0.010   0.785   0.000 02T0D8M000t
00035 ARG02A0328_035 f 0.00  0.000     0  0.00  0  0  -8.117   5.958   0.870  -0.040   1.025   0.000 02T0E7M000t
00036 ARG02A0328_036 f 0.00  0.000     0  0.00  0  0  -9.686   1.560   0.926  -0.010   0.597   0.000 02T0F7M000t
00037 ARG02A0328_037 f 0.00  0.000     0  0.00  0  0  -8.581   2.207   2.929   0.663   1.286   0.000 02T018M000t
00038 ARG02A0328_038 f 0.00  0.000     0  0.00  0  0  -9.662   2.109   0.885   0.033   0.792   0.000 02T052M000t
00039 ARG02A0328_039 f 0.00  0.000     0  0.00  0  0  -9.376   3.188   5.160   0.070   0.863   0.000 02T0A8M000t
00040 ARG02A0328_040 f 0.00  0.000     0  0.00  0  0 -10.027   6.969   1.151   0.099   0.787   0.000 02T107M000t
00041 ARG03A0328_041 f 0.00  0.000     0  0.00  0  0 -10.001   2.213   3.126   0.029   0.974   0.000 03O000M000t
00042 ARG03A0328_042 f 0.00  0.000     0  0.00  0  0  -8.080   5.952   0.870  -0.035   0.992   0.000 03E0E7M000t
00043 ARG03A0328_043 f 0.00  0.000     0  0.00  0  0 -10.165   6.707   1.143   0.101   1.034   0.000 03E107M000t
00044 ARG03A0328_044 f 0.00  0.000     0  0.00  0  0  -9.357   1.757   1.179   0.029   1.005   0.000 03E10AM000t
00045 ARG03A0328_045 f 0.00  0.000     0  0.00  0  0  -9.037   1.312   2.925  -0.052   0.844   0.000 03E016M000t
00046 ARG03A0328_046 f 0.00  0.000     0  0.00  0  0  -8.588   2.113   3.035  -0.005   0.867   0.000 03E02EM000t
00047 ARG03A0328_047 f 0.00  0.000     0  0.00  0  0 -11.447   3.731   2.578   0.028   1.237   0.000 03T021M000t
00048 ARG03A0328_048 f 0.00  0.000     0  0.00  0  0 -10.891   3.485   0.898   0.098   0.851   0.000 03T058M000t
00049 ARG03A0328_049 f 0.00  0.000     0  0.00  0  0  -8.468   2.300   2.933   0.606   1.102   0.000 03T018M000t
00050 ARG03A0328_050 f 0.00  0.000     0  0.00  0  0  -9.468   2.109   0.886   0.013   0.818   0.000 03T052M000t
00051 ARG03A0328_051 f 0.00  0.000     0  0.00  0  0 -12.027   6.459   0.849   0.023   0.471   0.000 03T063M000t
00052 ARG03A0328_052 f 0.00  0.000     0  0.00  0  0 -10.622   5.640   0.967   0.292   0.892   0.000 03T071M000t
00053 ARG03A0328_053 f 0.00  0.000     0  0.00  0  0 -11.150   1.934   5.303  -0.022   0.582   0.000 03T0ABM000t
00054 ARG03A0328_054 f 0.00  0.000     0  0.00  0  0  -8.199   1.886   3.268   0.007   0.704   0.000 03T0C0M000t
00055 ARG03A0328_055 f 0.00  0.000     0  0.00  0  0  -9.879   4.913   2.888   0.051   0.625   0.000 03T003M000t
00056 ARG03A0328_056 f 0.00  0.000     0  0.00  0  0 -11.774   7.452   1.243  -0.006   0.821   0.000 03T05BM000t
00057 ARG03A0328_057 f 0.00  0.000     0  0.00  0  0  -9.374   1.883   2.927  -0.394   0.754   0.000 03T085M000t
00058 ARG03A0328_058 f 0.00  0.000     0  0.00  0  0  -9.286   3.257   5.165   0.072   0.860   0.000 03T0A8M000t
00059 ARG03A0328_059 f 0.00  0.000     0  0.00  0  0  -8.721   1.747   4.921   0.029   0.757   0.000 03T0D8M000t
00060 ARG03A0328_060 f 0.00  0.000     0  0.00  0  0  -9.404   1.566   0.927   0.031   0.806   0.000 03T0F7M000t
00061 ARG+1A0328_061 f 0.00  1.000     0 12.50  0  1 -10.040   2.213   3.126   0.090  -0.158   0.000 +1O000M000t
00062 ARG+1A0328_062 f 0.00  1.000     0 12.50  0  1 -11.414   3.671   2.588   0.984   0.065   0.000 +1E021M000t
00063 ARG+1A0328_063 f 0.00  1.000     0 12.50  0  1  -9.626   2.105   0.887   0.051  -0.277   0.000 +1E052M000t
00064 ARG+1A0328_064 f 0.00  1.000     0 12.50  0  1 -12.059   6.455   0.853  -0.012  -0.294   0.000 +1E063M000t
00065 ARG+1A0328_065 f 0.00  1.000     0 12.50  0  1 -10.606   5.631   0.966   0.626  -0.231   0.000 +1E071M000t
00066 ARG+1A0328_066 f 0.00  1.000     0 12.50  0  1  -9.274   3.235   5.162   0.303  -0.073   0.000 +1E0A8M000t
00067 ARG+1A0328_067 f 0.00  1.000     0 12.50  0  1 -11.183   1.939   5.310   0.222  -0.053   0.000 +1E0ABM000t
00068 ARG+1A0328_068 f 0.00  1.000     0 12.50  0  1 -10.083   6.863   1.156   0.584   0.342   0.000 +1E107M000t
00069 ARG+1A0328_069 f 0.00  1.000     0 12.50  0  1  -9.936   4.941   2.896   0.129  -0.591   0.000 +1T003M000t
00070 ARG+1A0328_070 f 0.00  1.000     0 12.50  0  1  -9.066   1.317   2.928   0.083  -0.219   0.000 +1T016M000t
00071 ARG+1A0328_071 f 0.00  1.000     0 12.50  0  1  -8.551   2.348   2.929  -0.064  -0.067   0.000 +1T018M000t
00072 ARG+1A0328_072 f 0.00  1.000     0 12.50  0  1  -8.628   2.126   3.039   0.081  -0.245   0.000 +1T02EM000t
00073 ARG+1A0328_073 f 0.00  1.000     0 12.50  0  1 -10.897   3.476   0.908   0.248  -0.262   0.000 +1T058M000t
00074 ARG+1A0328_074 f 0.00  1.000     0 12.50  0  1 -11.751   7.549   1.250   0.046  -0.126   0.000 +1T05BM000t
00075 ARG+1A0328_075 f 0.00  1.000     0 12.50  0  1  -9.445   1.900   2.943  -1.021   0.104   0.000 +1T085M000t
00076 ARG+1A0328_076 f 0.00  1.000     0 12.50  0  1  -8.209   1.897   3.284   0.070  -0.276   0.000 +1T0C0M000t
00077 ARG+1A0328_077 f 0.00  1.000     0 12.50  0  1  -8.807   1.748   4.941   0.008  -0.296   0.000 +1T0D8M000t
00078 ARG+1A0328_078 f 0.00  1.000     0 12.50  0  1  -8.258   5.960   0.873   0.044  -0.170   0.000 +1T0E7M000t
00079 ARG+1A0328_079 f 0.00  1.000     0 12.50  0  1  -9.511   1.570   0.928   0.040  -0.111   0.000 +1T0F7M000t
00080 ARG+1A0328_080 f 0.00  1.000     0 12.50  0  1  -9.339   1.771   1.184   0.271  -0.019   0.000 +1T10AM000t
