CONFORMER         crg  vdw0  vdw1  tors  epol  self   occ  Hb     history    ASA
ARG01A0328_001  0.000 -9.99  2.22  3.13  0.00 -4.64 0.502  00  01O000M000  1.000
ARG01A0328_002  0.000 -9.55  4.09  2.90  0.00 -2.56 0.502  00  01E003M000  1.000
ARG01A0328_003  0.000-11.40  3.95  2.57  0.00 -4.88 0.501  00  01E021M000  1.000
ARG01A0328_004  0.000-11.30  3.71  0.91  0.00 -6.68 0.503  00  01E058M000  1.000
ARG01A0328_005  0.000-11.34  6.54  1.32  0.00 -3.48 0.502  00  01E05BM000  1.000
ARG01A0328_006  0.000 -9.46  3.32  5.19  0.00 -0.94 0.502  00  01E0A8M000  1.000
ARG01A0328_007  0.000-11.35  1.92  5.33  0.00 -4.10 0.502  00  01E0ABM000  1.000
ARG01A0328_008  0.000 -8.24  1.88  3.56  0.00 -2.81 0.503  00  01E0C0M000  1.000
ARG01A0328_009  0.000 -8.81  1.74  4.90  0.00 -2.17 0.503  00  01E0D8M000  1.000
ARG01A0328_010  0.000 -8.13  5.93  0.87  0.00 -1.33 0.502  00  01E0E7M000  1.000
ARG01A0328_011  0.000 -9.70  1.57  1.04  0.00 -7.09 0.502  00  01E0F7M000  1.000
ARG01A0328_012  0.000-10.56  6.44  1.09  0.00 -3.02 0.501  00  01E107M000  1.000
ARG01A0328_013  0.000 -9.03  1.32  2.92  0.00 -4.80 0.502  00  01T016M000  1.000
ARG01A0328_014  0.000 -8.50  2.37  2.92  0.00 -3.21 0.502  00  01T018M000  1.000
ARG01A0328_015  0.000 -8.40  2.10  3.03  0.00 -3.26 0.501  00  01T02EM000  1.000
ARG01A0328_016  0.000 -9.57  2.08  0.88  0.00 -6.61 0.502  00  01T052M000  1.000
ARG01A0328_017  0.000-11.43  5.67  0.94  0.00 -4.82 0.502  00  01T063M000  1.000
ARG01A0328_018  0.000-10.83  6.58  0.91  0.00 -3.34 0.502  00  01T071M000  1.000
ARG01A0328_019  0.000 -9.35  1.98  2.99  0.00 -4.38 0.502  00  01T085M000  1.000
ARG01A0328_020  0.000 -9.19  1.78  1.18  0.00 -6.23 0.502  00  01T10AM000  1.000
ARG02A0328_021  0.000 -9.99  2.21  3.13  0.00 -4.65 0.502  00  02O000M000  1.000
ARG02A0328_022  0.000-11.33  3.72  2.57  0.00 -5.04 0.501  00  02E021M000  1.000
ARG02A0328_023  0.000 -9.41  1.76  1.18  0.00 -6.47 0.502  00  02E10AM000  1.000
ARG02A0328_024  0.000 -9.78  4.93  2.89  0.00 -1.95 0.502  00  02E003M000  1.000
ARG02A0328_025  0.000-11.64  7.52  1.24  0.00 -2.88 0.502  00  02E05BM000  1.000
ARG02A0328_026  0.000-10.70  5.69  0.96  0.00 -4.05 0.502  00  02E071M000  1.000
ARG02A0328_027  0.000-11.09  1.95  5.29  0.00 -3.85 0.502  00  02E0ABM000  1.000
ARG02A0328_028  0.000 -8.97  1.32  2.93  0.00 -4.72 0.502  00  02T016M000  1.000
ARG02A0328_029  0.000 -8.58  2.12  3.04  0.00 -3.42 0.501  00  02T02EM000  1.000
ARG02A0328_030  0.000-12.01  6.46  0.85  0.00 -4.70 0.502  00  02T063M000  1.000
ARG02A0328_031  0.000 -9.35  1.89  2.94  0.00 -4.53 0.502  00  02T085M000  1.000
ARG02A0328_032  0.000 -8.16  1.89  3.27  0.00 -3.01 0.503  00  02T0C0M000  1.000
ARG02A0328_033  0.000-10.97  3.49  0.90  0.00 -6.58 0.503  00  02T058M000  1.000
ARG02A0328_034  0.000 -8.75  1.75  4.94  0.00 -2.06 0.503  00  02T0D8M000  1.000
ARG02A0328_035  0.000 -8.12  5.96  0.87  0.00 -1.29 0.502  00  02T0E7M000  1.000
ARG02A0328_036  0.000 -9.68  1.56  0.93  0.00 -7.19 0.502  00  02T0F7M000  1.000
ARG02A0328_037  0.000 -8.57  2.20  2.93  0.00 -3.45 0.502  00  02T018M000  1.000
ARG02A0328_038  0.000 -9.66  2.10  0.88  0.00 -6.68 0.502  00  02T052M000  1.000
ARG02A0328_039  0.000 -9.38  3.19  5.16  0.00 -1.04 0.502  00  02T0A8M000  1.000
ARG02A0328_040  0.000-10.04  6.98  1.15  0.00 -1.91 0.501  00  02T107M000  1.000
ARG03A0328_041  0.000-10.00  2.21  3.13  0.00 -4.66 0.502  00  03O000M000  1.000
ARG03A0328_042  0.000 -8.09  5.95  0.87  0.00 -1.27 0.502  00  03E0E7M000  1.000
ARG03A0328_043  0.000-10.11  6.71  1.14  0.00 -2.26 0.501  00  03E107M000  1.000
ARG03A0328_044  0.000 -9.34  1.76  1.18  0.00 -6.40 0.502  00  03E10AM000  1.000
ARG03A0328_045  0.000 -9.10  1.31  2.92  0.00 -4.86 0.502  00  03E016M000  1.000
ARG03A0328_046  0.000 -8.58  2.11  3.03  0.00 -3.44 0.501  00  03E02EM000  1.000
ARG03A0328_047  0.000-11.45  3.73  2.58  0.00 -5.14 0.501  00  03T021M000  1.000
ARG03A0328_048  0.000-10.88  3.49  0.90  0.00 -6.50 0.503  00  03T058M000  1.000
ARG03A0328_049  0.000 -8.46  2.30  2.93  0.00 -3.23 0.502  00  03T018M000  1.000
ARG03A0328_050  0.000 -9.46  2.11  0.89  0.00 -6.47 0.502  00  03T052M000  1.000
ARG03A0328_051  0.000-12.02  6.47  0.85  0.00 -4.70 0.502  00  03T063M000  1.000
ARG03A0328_052  0.000-10.62  5.64  0.97  0.00 -4.01 0.502  00  03T071M000  1.000
ARG03A0328_053  0.000-11.15  1.93  5.30  0.00 -3.91 0.502  00  03T0ABM000  1.000
ARG03A0328_054  0.000 -8.21  1.89  3.27  0.00 -3.05 0.503  00  03T0C0M000  1.000
ARG03A0328_055  0.000 -9.88  4.91  2.89  0.00 -2.08 0.502  00  03T003M000  1.000
ARG03A0328_056  0.000-11.77  7.45  1.24  0.00 -3.08 0.502  00  03T05BM000  1.000
ARG03A0328_057  0.000 -9.36  1.88  2.93  0.00 -4.55 0.502  00  03T085M000  1.000
ARG03A0328_058  0.000 -9.28  3.25  5.16  0.00 -0.87 0.502  00  03T0A8M000  1.000
ARG03A0328_059  0.000 -8.79  1.74  4.92  0.00 -2.12 0.503  00  03T0D8M000  1.000
ARG03A0328_060  0.000 -9.40  1.57  0.93  0.00 -6.90 0.502  00  03T0F7M000  1.000
ARG+1A0328_061  1.000-10.04  2.22  3.13  0.00 -4.70 0.502  00  +1O000M000  1.000
ARG+1A0328_062  1.000-11.41  3.68  2.59  0.00 -5.15 0.501  00  +1E021M000  1.000
ARG+1A0328_063  1.000 -9.64  2.11  0.89  0.00 -6.64 0.502  00  +1E052M000  1.000
ARG+1A0328_064  1.000-12.06  6.47  0.85  0.00 -4.74 0.502  00  +1E063M000  1.000
ARG+1A0328_065  1.000-10.60  5.63  0.96  0.00 -4.00 0.502  00  +1E071M000  1.000
ARG+1A0328_066  1.000 -9.26  3.24  5.16  0.00 -0.86 0.502  00  +1E0A8M000  1.000
ARG+1A0328_067  1.000-11.19  1.94  5.31  0.00 -3.94 0.502  00  +1E0ABM000  1.000
ARG+1A0328_068  1.000-10.08  6.87  1.16  0.00 -2.06 0.501  00  +1E107M000  1.000
ARG+1A0328_069  1.000 -9.93  4.94  2.90  0.00 -2.09 0.502  00  +1T003M000  1.000
ARG+1A0328_070  1.000 -9.07  1.32  2.93  0.00 -4.82 0.502  00  +1T016M000  1.000
ARG+1A0328_071  1.000 -8.55  2.34  2.93  0.00 -3.28 0.502  00  +1T018M000  1.000
ARG+1A0328_072  1.000 -8.62  2.12  3.04  0.00 -3.46 0.501  00  +1T02EM000  1.000
ARG+1A0328_073  1.000-10.90  3.48  0.91  0.00 -6.52 0.503  00  +1T058M000  1.000
ARG+1A0328_074  1.000-11.75  7.54  1.25  0.00 -2.96 0.502  00  +1T05BM000  1.000
ARG+1A0328_075  1.000 -9.44  1.90  2.94  0.00 -4.60 0.502  00  +1T085M000  1.000
ARG+1A0328_076  1.000 -8.20  1.90  3.28  0.00 -3.02 0.503  00  +1T0C0M000  1.000
ARG+1A0328_077  1.000 -8.81  1.75  4.94  0.00 -2.11 0.503  00  +1T0D8M000  1.000
ARG+1A0328_078  1.000 -8.25  5.96  0.87  0.00 -1.42 0.502  00  +1T0E7M000  1.000
ARG+1A0328_079  1.000 -9.50  1.57  0.93  0.00 -7.00 0.502  00  +1T0F7M000  1.000
ARG+1A0328_080  1.000 -9.34  1.78  1.18  0.00 -6.38 0.502  00  +1T10AM000  1.000
