   confID        vdw0    sas     sum
LYS01A0116_001   0.818 -12.392 -11.575
LYS01A0116_002   2.243 -12.621 -10.379
LYS01A0116_003   2.553 -12.370  -9.816
LYS01A0116_004   2.402 -12.184  -9.782
LYS01A0116_005   2.412 -12.599 -10.188
LYS01A0116_006   5.530 -12.033  -6.503
LYS01A0116_007   5.320 -12.541  -7.220
LYS01A0116_008   1.586 -12.727 -11.141
LYS01A0116_009   1.507 -12.316 -10.809
LYS01A0116_010   1.203 -12.662 -11.459
LYS01A0116_011   1.189 -12.206 -11.016
LYS01A0116_012   2.255 -12.045  -9.791
LYS01A0116_013   2.104 -12.033  -9.929
LYS01A0116_014   2.199 -12.376 -10.177
LYS01A0116_015   2.363 -12.326  -9.963
LYS01A0116_016   2.753 -12.046  -9.293
LYS01A0116_017   5.572 -12.518  -6.946
LYS01A0116_018   2.298 -12.595 -10.297
LYS01A0116_019   2.262 -12.841 -10.579
LYS01A0116_020   2.364 -12.364 -10.000
LYS+1A0116_021   0.773 -12.392 -11.620
LYS+1A0116_022   1.142 -12.202 -11.060
LYS+1A0116_023   2.117 -12.376 -10.259
LYS+1A0116_024   2.260 -12.377 -10.117
LYS+1A0116_025   5.493 -12.479  -6.986
LYS+1A0116_026   2.353 -12.500 -10.146
LYS+1A0116_027   1.539 -12.727 -11.188
LYS+1A0116_028   1.444 -12.381 -10.936
LYS+1A0116_029   1.167 -12.798 -11.631
LYS+1A0116_030   2.198 -11.994  -9.796
LYS+1A0116_031   2.139 -12.608 -10.469
LYS+1A0116_032   2.010 -12.046 -10.036
LYS+1A0116_033   2.519 -12.476  -9.956
LYS+1A0116_034   2.303 -12.184  -9.882
LYS+1A0116_035   2.704 -12.082  -9.378
LYS+1A0116_036   2.301 -12.599 -10.298
LYS+1A0116_037   5.454 -12.033  -6.579
LYS+1A0116_038   2.260 -12.663 -10.403
LYS+1A0116_039   2.224 -12.825 -10.601
LYS+1A0116_040   5.273 -12.592  -7.319
