iConf CONFORMER     FL  occ    crg   Em0  pKa0 ne nH    vdw0    vdw1    tors    epol   dsolv   extra    history
00001 LYS01A0033_001 f 0.00  0.000     0  0.00  0  0 -11.914   0.268   0.875  -0.012  -0.023   0.000 01O000M000t
00002 LYS01A0033_002 f 0.00  0.000     0  0.00  0  0 -10.936   1.662   6.976  -0.012   0.020   0.000 01E092M000t
00003 LYS01A0033_003 f 0.00  0.000     0  0.00  0  0 -10.500   0.649   4.289  -0.017   0.081   0.000 01E0A1M000t
00004 LYS01A0033_004 f 0.00  0.000     0  0.00  0  0  -9.687   0.549   4.343  -0.067   0.091   0.000 01E0F5M000t
00005 LYS01A0033_005 f 0.00  0.000     0  0.00  0  0 -10.768   1.415   4.313  -0.219   0.239   0.000 01E0FFM000t
00006 LYS01A0033_006 f 0.00  0.000     0  0.00  0  0  -9.916   1.282   3.719  -0.076  -0.126   0.000 01E124M000t
00007 LYS01A0033_007 f 0.00  0.000     0  0.00  0  0 -10.540   0.182   0.917  -0.018   0.036   0.000 01T013M000t
00008 LYS01A0033_008 f 0.00  0.000     0  0.00  0  0  -8.518   0.687   2.138  -0.011   0.005   0.000 01T050M000t
00009 LYS01A0033_009 f 0.00  0.000     0  0.00  0  0  -9.927   2.678   1.563  -0.038   0.022   0.000 01T056M000t
00010 LYS01A0033_010 f 0.00  0.000     0  0.00  0  0 -10.449   1.727   4.129  -0.018   0.147   0.000 01T085M000t
00011 LYS01A0033_011 f 0.00  0.000     0  0.00  0  0  -6.775   1.204   3.771  -0.031   0.079   0.000 01T09AM000t
00012 LYS01A0033_012 f 0.00  0.000     0  0.00  0  0 -10.108   0.234   4.295  -0.016   0.082   0.000 01T0ADM000t
00013 LYS01A0033_013 f 0.00  0.000     0  0.00  0  0  -9.507   3.704   3.520  -0.039   0.163   0.000 01T0EBM000t
00014 LYS01A0033_014 f 0.00  0.000     0  0.00  0  0  -7.705   0.422   2.087  -0.031   0.089   0.000 01T0F0M000t
00015 LYS01A0033_015 f 0.00  0.000     0  0.00  0  0  -7.680   1.735   4.756  -0.010  -0.072   0.000 01T115M000t
00016 LYS01A0033_016 f 0.00  0.000     0  0.00  0  0  -9.830   0.995   4.245  -0.085   0.169   0.000 01T137M000t
00017 LYS01A0033_017 f 0.00  0.000     0  0.00  0  0  -9.917   0.699   4.305  -0.021   0.093   0.000 01T144M000t
00018 LYS01A0033_018 f 0.00  0.000     0  0.00  0  0  -9.912   0.559   4.336  -0.029  -0.105   0.000 01T147M000t
00019 LYS01A0033_019 f 0.00  0.000     0  0.00  0  0  -7.636   0.501   2.083   0.004  -0.111   0.000 01T149M000t
00020 LYS01A0033_020 f 0.00  0.000     0  0.00  0  0  -7.905   0.458   4.941  -0.033  -0.142   0.000 01T157M000t
00021 LYS+1A0033_021 f 0.00  1.000     0 10.40  0  1 -11.959   0.267   0.875   0.057  -0.221   0.000 +1O000M000t
00022 LYS+1A0033_022 f 0.00  1.000     0 10.40  0  1 -10.584   0.178   0.919   0.084  -0.195   0.000 +1E013M000t
00023 LYS+1A0033_023 f 0.00  1.000     0 10.40  0  1 -10.026   2.752   1.567   0.158  -0.429   0.000 +1E056M000t
00024 LYS+1A0033_024 f 0.00  1.000     0 10.40  0  1 -10.991   1.664   6.977   0.087  -0.269   0.000 +1E092M000t
00025 LYS+1A0033_025 f 0.00  1.000     0 10.40  0  1 -10.850   1.447   4.318   0.657  -0.061   0.000 +1E0FFM000t
00026 LYS+1A0033_026 f 0.00  1.000     0 10.40  0  1  -9.994   1.280   3.721   0.259   0.173   0.000 +1E124M000t
00027 LYS+1A0033_027 f 0.00  1.000     0 10.40  0  1  -9.924   0.967   4.251   0.401   0.558   0.000 +1E137M000t
00028 LYS+1A0033_028 f 0.00  1.000     0 10.40  0  1  -9.916   0.702   4.308   0.118  -0.009   0.000 +1E144M000t
00029 LYS+1A0033_029 f 0.00  1.000     0 10.40  0  1  -7.956   0.461   4.942   0.141  -0.217   0.000 +1E157M000t
00030 LYS+1A0033_030 f 0.00  1.000     0 10.40  0  1  -8.583   0.687   2.139   0.025  -0.218   0.000 +1T050M000t
00031 LYS+1A0033_031 f 0.00  1.000     0 10.40  0  1 -10.584   1.729   4.130   0.081   0.012   0.000 +1T085M000t
00032 LYS+1A0033_032 f 0.00  1.000     0 10.40  0  1  -6.866   1.199   3.774   0.114   0.227   0.000 +1T09AM000t
00033 LYS+1A0033_033 f 0.00  1.000     0 10.40  0  1 -10.552   0.654   4.293   0.072  -0.220   0.000 +1T0A1M000t
00034 LYS+1A0033_034 f 0.00  1.000     0 10.40  0  1 -10.102   0.233   4.297   0.088  -0.085   0.000 +1T0ADM000t
00035 LYS+1A0033_035 f 0.00  1.000     0 10.40  0  1  -9.564   3.720   3.531   0.006   0.172   0.000 +1T0EBM000t
00036 LYS+1A0033_036 f 0.00  1.000     0 10.40  0  1  -7.797   0.422   2.087   0.090   0.196   0.000 +1T0F0M000t
00037 LYS+1A0033_037 f 0.00  1.000     0 10.40  0  1  -9.744   0.575   4.343   0.122   0.094   0.000 +1T0F5M000t
00038 LYS+1A0033_038 f 0.00  1.000     0 10.40  0  1  -7.739   1.729   4.757   0.079   0.033   0.000 +1T115M000t
00039 LYS+1A0033_039 f 0.00  1.000     0 10.40  0  1  -9.980   0.555   4.337   0.151  -0.110   0.000 +1T147M000t
00040 LYS+1A0033_040 f 0.00  1.000     0 10.40  0  1  -7.689   0.487   2.084   0.222   0.417   0.000 +1T149M000t
