CONFORMER         crg  vdw0  vdw1  tors  epol  self   occ  Hb     history    ASA
LYS01A0033_001  0.000-11.91  0.27  0.88  0.00-10.77 0.502  00  01O000M000  1.000
LYS01A0033_002  0.000-10.94  1.66  6.98  0.00 -2.30 0.502  00  01E092M000  1.000
LYS01A0033_003  0.000-10.50  0.65  4.29  0.00 -5.56 0.502  00  01E0A1M000  1.000
LYS01A0033_004  0.000 -9.69  0.55  4.34  0.00 -4.80 0.501  00  01E0F5M000  1.000
LYS01A0033_005  0.000-10.77  1.41  4.31  0.00 -5.05 0.502  00  01E0FFM000  1.000
LYS01A0033_006  0.000 -9.91  1.28  3.72  0.00 -4.92 0.501  00  01E124M000  1.000
LYS01A0033_007  0.000-10.54  0.18  0.92  0.00 -9.44 0.501  00  01T013M000  1.000
LYS01A0033_008  0.000 -8.54  0.69  2.14  0.00 -5.71 0.502  00  01T050M000  1.000
LYS01A0033_009  0.000 -9.93  2.68  1.56  0.00 -5.69 0.501  00  01T056M000  1.000
LYS01A0033_010  0.000-10.45  1.73  4.13  0.00 -4.59 0.501  00  01T085M000  1.000
LYS01A0033_011  0.000 -6.78  1.20  3.77  0.00 -1.81 0.501  00  01T09AM000  1.000
LYS01A0033_012  0.000-10.11  0.23  4.30  0.00 -5.58 0.502  00  01T0ADM000  1.000
LYS01A0033_013  0.000 -9.47  3.71  3.52  0.00 -2.24 0.501  00  01T0EBM000  1.000
LYS01A0033_014  0.000 -7.71  0.42  2.09  0.00 -5.20 0.501  00  01T0F0M000  1.000
LYS01A0033_015  0.000 -7.66  1.73  4.76  0.00 -1.18 0.501  00  01T115M000  1.000
LYS01A0033_016  0.000 -9.83  0.99  4.25  0.00 -4.59 0.501  00  01T137M000  1.000
LYS01A0033_017  0.000 -9.92  0.70  4.30  0.00 -4.91 0.501  00  01T144M000  1.000
LYS01A0033_018  0.000 -9.91  0.56  4.34  0.00 -5.01 0.502  00  01T147M000  1.000
LYS01A0033_019  0.000 -7.63  0.50  2.08  0.00 -5.04 0.501  00  01T149M000  1.000
LYS01A0033_020  0.000 -7.87  0.46  4.94  0.00 -2.46 0.501  00  01T157M000  1.000
LYS+1A0033_021  1.000-11.96  0.27  0.88  0.00-10.82 0.502  00  +1O000M000  1.000
LYS+1A0033_022  1.000-10.58  0.18  0.92  0.00 -9.49 0.501  00  +1E013M000  1.000
LYS+1A0033_023  1.000-10.02  2.75  1.57  0.00 -5.71 0.501  00  +1E056M000  1.000
LYS+1A0033_024  1.000-10.99  1.66  6.98  0.00 -2.35 0.502  00  +1E092M000  1.000
LYS+1A0033_025  1.000-10.90  1.45  4.32  0.00 -5.13 0.502  00  +1E0FFM000  1.000
LYS+1A0033_026  1.000 -9.99  1.28  3.72  0.00 -5.00 0.501  00  +1E124M000  1.000
LYS+1A0033_027  1.000 -9.92  0.97  4.25  0.00 -4.70 0.501  00  +1E137M000  1.000
LYS+1A0033_028  1.000 -9.92  0.70  4.31  0.00 -4.91 0.501  00  +1E144M000  1.000
LYS+1A0033_029  1.000 -7.96  0.47  4.94  0.00 -2.56 0.501  00  +1E157M000  1.000
LYS+1A0033_030  1.000 -8.58  0.69  2.14  0.00 -5.75 0.502  00  +1T050M000  1.000
LYS+1A0033_031  1.000-10.59  1.73  4.13  0.00 -4.73 0.501  00  +1T085M000  1.000
LYS+1A0033_032  1.000 -6.87  1.20  3.77  0.00 -1.90 0.501  00  +1T09AM000  1.000
LYS+1A0033_033  1.000-10.55  0.65  4.29  0.00 -5.60 0.502  00  +1T0A1M000  1.000
LYS+1A0033_034  1.000-10.17  0.23  4.30  0.00 -5.64 0.502  00  +1T0ADM000  1.000
LYS+1A0033_035  1.000 -9.60  3.72  3.53  0.00 -2.35 0.501  00  +1T0EBM000  1.000
LYS+1A0033_036  1.000 -7.80  0.42  2.09  0.00 -5.29 0.501  00  +1T0F0M000  1.000
LYS+1A0033_037  1.000 -9.74  0.58  4.34  0.00 -4.83 0.501  00  +1T0F5M000  1.000
LYS+1A0033_038  1.000 -7.72  1.73  4.76  0.00 -1.24 0.501  00  +1T115M000  1.000
LYS+1A0033_039  1.000 -9.98  0.56  4.34  0.00 -5.09 0.502  00  +1T147M000  1.000
LYS+1A0033_040  1.000 -7.69  0.49  2.08  0.00 -5.11 0.501  00  +1T149M000  1.000
