   confID        vdw0    sas     sum
LYS01A0033_001   0.627 -12.540 -11.914
LYS01A0033_002   1.675 -12.611 -10.936
LYS01A0033_003   1.673 -12.173 -10.500
LYS01A0033_004   2.548 -12.236  -9.687
LYS01A0033_005   2.083 -12.851 -10.768
LYS01A0033_006   2.555 -12.470  -9.916
LYS01A0033_007   2.061 -12.601 -10.540
LYS01A0033_008   3.858 -12.376  -8.518
LYS01A0033_009   2.155 -12.083  -9.927
LYS01A0033_010   1.893 -12.342 -10.449
LYS01A0033_011   5.384 -12.159  -6.775
LYS01A0033_012   2.285 -12.392 -10.108
LYS01A0033_013   2.353 -11.859  -9.507
LYS01A0033_014   4.498 -12.203  -7.705
LYS01A0033_015   4.623 -12.303  -7.680
LYS01A0033_016   2.722 -12.552  -9.830
LYS01A0033_017   2.418 -12.335  -9.917
LYS01A0033_018   2.512 -12.424  -9.912
LYS01A0033_019   4.642 -12.278  -7.636
LYS01A0033_020   4.645 -12.550  -7.905
LYS+1A0033_021   0.582 -12.540 -11.959
LYS+1A0033_022   2.018 -12.601 -10.584
LYS+1A0033_023   2.056 -12.083 -10.026
LYS+1A0033_024   1.621 -12.611 -10.991
LYS+1A0033_025   2.027 -12.877 -10.850
LYS+1A0033_026   2.476 -12.470  -9.994
LYS+1A0033_027   2.629 -12.552  -9.924
LYS+1A0033_028   2.368 -12.284  -9.916
LYS+1A0033_029   4.594 -12.550  -7.956
LYS+1A0033_030   3.793 -12.376  -8.583
LYS+1A0033_031   1.809 -12.393 -10.584
LYS+1A0033_032   5.292 -12.159  -6.866
LYS+1A0033_033   1.621 -12.173 -10.552
LYS+1A0033_034   2.227 -12.328 -10.102
LYS+1A0033_035   2.218 -11.782  -9.564
LYS+1A0033_036   4.407 -12.203  -7.797
LYS+1A0033_037   2.491 -12.236  -9.744
LYS+1A0033_038   4.564 -12.303  -7.739
LYS+1A0033_039   2.444 -12.424  -9.980
LYS+1A0033_040   4.589 -12.278  -7.689
