iConf CONFORMER     FL  occ    crg   Em0  pKa0 ne nH    vdw0    vdw1    tors    epol   dsolv   extra    history
00001 GLU01A0114_001 f 0.00  0.000     0  0.00  0  0  -2.907   0.526   2.932   0.110  -0.177   0.000 01O000M000t
00002 GLU01A0114_002 f 0.00  0.000     0  0.00  0  0  -3.759   0.570   3.222   0.071  -0.515   0.000 01E004M000t
00003 GLU01A0114_003 f 0.00  0.000     0  0.00  0  0  -4.311   0.586   3.268   0.135  -0.403   0.000 01E00DM000t
00004 GLU01A0114_004 f 0.00  0.000     0  0.00  0  0  -2.984   0.526   0.212   0.055   0.683   0.000 01O000M000t
00005 GLU01A0114_005 f 0.00  0.000     0  0.00  0  0  -3.858   2.432   0.598   0.361   0.765   0.000 01E008M000t
00006 GLU01A0114_006 f 0.00  0.000     0  0.00  0  0  -4.346   2.756   0.808   0.048   0.684   0.000 01E00CM000t
00007 GLU01A0114_007 f 0.00  0.000     0  0.00  0  0  -3.917   0.779   3.196   0.071  -0.597   0.000 01T006M000t
00008 GLU01A0114_008 f 0.00  0.000     0  0.00  0  0  -3.433   0.407   6.207   0.193   0.195   0.000 01T007M000t
00009 GLU01A0114_009 f 0.00  0.000     0  0.00  0  0  -4.215   3.059   3.408  -0.028  -0.526   0.000 01T00AM000t
00010 GLU01A0114_010 f 0.00  0.000     0  0.00  0  0  -4.080   1.068   6.172   0.134  -0.361   0.000 01T00BM000t
00011 GLU01A0114_011 f 0.00  0.000     0  0.00  0  0  -4.204   2.539   3.558   0.324  -0.020   0.000 01T00CM000t
00012 GLU01A0114_012 f 0.00  0.000     0  0.00  0  0  -3.857   2.433   3.312   0.445  -0.480   0.000 01T008M000t
00013 GLU01A0114_013 f 0.00  0.000     0  0.00  0  0  -3.948   0.307   3.323   0.233  -0.357   0.000 01T009M000t
00014 GLU01A0114_014 f 0.00  0.000     0  0.00  0  0  -3.742   0.771   0.432   0.047   0.693   0.000 01T006M000t
00015 GLU01A0114_015 f 0.00  0.000     0  0.00  0  0  -3.463   0.403   3.486   0.093   0.732   0.000 01T007M000t
00016 GLU01A0114_016 f 0.00  0.000     0  0.00  0  0  -3.948   0.307   0.603   0.140   0.720   0.000 01T009M000t
00017 GLU01A0114_017 f 0.00  0.000     0  0.00  0  0  -4.039   1.082   3.402   0.084   0.754   0.000 01T00BM000t
00018 GLU01A0114_018 f 0.00  0.000     0  0.00  0  0  -4.166   0.592   0.504   0.058   0.698   0.000 01T00DM000t
00019 GLU02A0114_019 f 0.00  0.000     0  0.00  0  0  -3.280   0.533   2.932   0.090  -0.551   0.000 02O000M000t
00020 GLU02A0114_020 f 0.00  0.000     0  0.00  0  0  -3.439   0.823   2.925   0.059  -0.465   0.000 02E001M000t
00021 GLU02A0114_021 f 0.00  0.000     0  0.00  0  0  -3.432   0.364   6.312   0.152  -0.470   0.000 02E007M000t
00022 GLU02A0114_022 f 0.00  0.000     0  0.00  0  0  -3.280   0.533   0.212   0.061   0.717   0.000 02O000M000t
00023 GLU02A0114_023 f 0.00  0.000     0  0.00  0  0  -4.027   1.070   3.368   0.066   0.676   0.000 02E00BM000t
00024 GLU02A0114_024 f 0.00  0.000     0  0.00  0  0  -3.499   0.566   3.219   0.133  -0.259   0.000 02T004M000t
00025 GLU02A0114_025 f 0.00  0.000     0  0.00  0  0  -3.917   2.385   3.357   0.339  -0.247   0.000 02T008M000t
00026 GLU02A0114_026 f 0.00  0.000     0  0.00  0  0  -3.592   0.772   3.148   0.048  -0.231   0.000 02T006M000t
00027 GLU02A0114_027 f 0.00  0.000     0  0.00  0  0  -4.008   0.283   3.299   0.248  -0.435   0.000 02T009M000t
00028 GLU02A0114_028 f 0.00  0.000     0  0.00  0  0  -4.239   3.435   3.450   0.983   0.211   0.000 02T00AM000t
00029 GLU02A0114_029 f 0.00  0.000     0  0.00  0  0  -4.028   1.070   6.076   0.118  -0.463   0.000 02T00BM000t
00030 GLU02A0114_030 f 0.00  0.000     0  0.00  0  0  -4.171   2.364   3.494   0.011  -0.511   0.000 02T00CM000t
00031 GLU02A0114_031 f 0.00  0.000     0  0.00  0  0  -3.917   2.385   0.637   0.265   0.804   0.000 02T008M000t
00032 GLU02A0114_032 f 0.00  0.000     0  0.00  0  0  -4.163   2.121   0.826   0.005   0.796   0.000 02T00CM000t
00033 GLU02A0114_033 f 0.00  0.000     0  0.00  0  0  -3.644   0.772   0.428   0.035   0.651   0.000 02T006M000t
00034 GLU02A0114_034 f 0.00  0.000     0  0.00  0  0  -3.256   0.368   3.399   0.111   0.736   0.000 02T007M000t
00035 GLU02A0114_035 f 0.00  0.000     0  0.00  0  0  -4.008   0.283   0.579   0.152   0.681   0.000 02T009M000t
00036 GLU02A0114_036 f 0.00  0.000     0  0.00  0  0  -4.239   3.435   0.730   0.024   0.750   0.000 02T00AM000t
00037 GLU-1A0114_037 f 0.00 -1.000     0  4.75  0 -1  -3.213   0.544   0.212  -0.075  -0.207   0.000 -1O000M000t
00038 GLU-1A0114_038 f 0.00 -1.000     0  4.75  0 -1  -3.706   1.442   0.214  -0.375  -0.060   0.000 -1E002M000t
00039 GLU-1A0114_039 f 0.00 -1.000     0  4.75  0 -1  -3.735   0.779   0.440  -0.050  -0.270   0.000 -1E006M000t
00040 GLU-1A0114_040 f 0.00 -1.000     0  4.75  0 -1  -3.442   0.376   3.455  -0.068  -0.079   0.000 -1E007M000t
00041 GLU-1A0114_041 f 0.00 -1.000     0  4.75  0 -1  -4.078   2.221   0.619  -0.395   0.193   0.000 -1E008M000t
00042 GLU-1A0114_042 f 0.00 -1.000     0  4.75  0 -1  -4.086   1.082   3.391  -0.257   0.018   0.000 -1E00BM000t
00043 GLU-1A0114_043 f 0.00 -1.000     0  4.75  0 -1  -4.181   2.315   0.789  -0.300   0.007   0.000 -1E00CM000t
