CONFORMER         crg  vdw0  vdw1  tors  epol  self   occ  Hb     history    ASA
ARG01A0040_001  0.000-13.79  0.23  0.67  0.00-12.88 0.502  00  01O000M000  1.000
ARG01A0040_002  0.000-14.62  1.08  0.72  0.00-12.81 0.501  00  01E007M000  1.000
ARG01A0040_003  0.000-12.33  0.72  0.66  0.00-10.95 0.501  00  01E01FM000  1.000
ARG01A0040_004  0.000-12.27  0.28  3.58  0.00 -8.41 0.501  00  01E02FM000  1.000
ARG01A0040_005  0.000-14.08  0.28  0.62  0.00-13.18 0.502  00  01E050M000  1.000
ARG01A0040_006  0.000-13.62  1.20  0.62  0.00-11.80 0.502  00  01E05CM000  1.000
ARG01A0040_007  0.000-13.53  3.87  2.92  0.00 -6.75 0.501  00  01E0BDM000  1.000
ARG01A0040_008  0.000-13.06  1.23  2.98  0.00 -8.85 0.502  00  01E0C2M000  1.000
ARG01A0040_009  0.000-12.99  0.81  2.69  0.00 -9.49 0.501  00  01E0C4M000  1.000
ARG01A0040_010  0.000 -8.90  1.00  1.20  0.00 -6.70 0.501  00  01E107M000  1.000
ARG01A0040_011  0.000-11.96  3.94  1.25  0.00 -6.76 0.502  00  01E133M000  1.000
ARG01A0040_012  0.000-14.07  1.30  6.22  0.00 -6.55 0.502  00  01E148M000  1.000
ARG01A0040_013  0.000-12.99  0.83  2.81  0.00 -9.34 0.501  00  01T028M000  1.000
ARG01A0040_014  0.000-11.31  0.62  0.60  0.00-10.08 0.501  00  01T0B2M000  1.000
ARG01A0040_015  0.000-12.09  1.35  3.91  0.00 -6.83 0.502  00  01T0FFM000  1.000
ARG01A0040_016  0.000-12.64  0.99  4.45  0.00 -7.19 0.502  00  01T100M000  1.000
ARG01A0040_017  0.000-12.58  1.30  1.20  0.00-10.07 0.501  00  01T104M000  1.000
ARG01A0040_018  0.000-11.92  2.77  3.72  0.00 -5.44 0.501  00  01T12EM000  1.000
ARG01A0040_019  0.000-12.26  3.69  1.46  0.00 -7.11 0.502  00  01T132M000  1.000
ARG01A0040_020  0.000-12.43  1.15  6.88  0.00 -4.39 0.501  00  01T140M000  1.000
ARG02A0040_021  0.000-11.43  0.63  0.61  0.00-10.19 0.501  00  02E0B2M000  1.000
ARG02A0040_022  0.000-12.03  3.65  1.16  0.00 -7.21 0.502  00  02E133M000  1.000
ARG02A0040_023  0.000-13.73  0.24  0.67  0.00-12.82 0.502  00  02O000M000  1.000
ARG02A0040_024  0.000-12.08  0.27  3.58  0.00 -8.24 0.501  00  02E02FM000  1.000
ARG02A0040_025  0.000-11.93  3.12  3.66  0.00 -5.15 0.501  00  02E12EM000  1.000
ARG02A0040_026  0.000-14.12  0.28  0.61  0.00-13.23 0.502  00  02T050M000  1.000
ARG02A0040_027  0.000-12.46  1.27  6.24  0.00 -4.95 0.501  00  02T140M000  1.000
ARG02A0040_028  0.000-12.87  0.82  2.71  0.00 -9.34 0.501  00  02T0C4M000  1.000
ARG02A0040_029  0.000-12.87  1.31  1.20  0.00-10.37 0.501  00  02T104M000  1.000
ARG02A0040_030  0.000 -9.60  0.98  1.22  0.00 -7.41 0.501  00  02T107M000  1.000
ARG02A0040_031  0.000-12.40  0.73  0.63  0.00-11.04 0.501  00  02T01FM000  1.000
ARG02A0040_032  0.000-12.97  0.81  2.75  0.00 -9.41 0.501  00  02T028M000  1.000
ARG02A0040_033  0.000-13.77  1.20  0.62  0.00-11.94 0.502  00  02T05CM000  1.000
ARG02A0040_034  0.000-12.03  3.30  1.16  0.00 -7.57 0.502  00  02T132M000  1.000
ARG02A0040_035  0.000-14.40  1.16  0.69  0.00-12.55 0.501  00  02T007M000  1.000
ARG02A0040_036  0.000-13.61  3.87  2.91  0.00 -6.83 0.501  00  02T0BDM000  1.000
ARG02A0040_037  0.000-13.30  0.90  2.62  0.00 -9.78 0.502  00  02T0C2M000  1.000
ARG02A0040_038  0.000-11.98  1.40  3.76  0.00 -6.82 0.502  00  02T0FFM000  1.000
ARG02A0040_039  0.000-12.60  1.39  3.69  0.00 -7.52 0.502  00  02T100M000  1.000
ARG02A0040_040  0.000-13.74  0.65  5.71  0.00 -7.38 0.502  00  02T148M000  1.000
ARG03A0040_041  0.000-13.81  0.23  0.67  0.00-12.91 0.502  00  03O000M000  1.000
ARG03A0040_042  0.000-13.83  1.20  0.62  0.00-12.01 0.502  00  03E05CM000  1.000
ARG03A0040_043  0.000-12.76  1.30  1.20  0.00-10.26 0.501  00  03E104M000  1.000
ARG03A0040_044  0.000-14.55  1.14  0.69  0.00-12.72 0.501  00  03E007M000  1.000
ARG03A0040_045  0.000-13.67  3.86  2.91  0.00 -6.89 0.501  00  03E0BDM000  1.000
ARG03A0040_046  0.000-13.49  0.91  2.58  0.00 -9.99 0.502  00  03E0C2M000  1.000
ARG03A0040_047  0.000-11.94  3.16  3.67  0.00 -5.11 0.501  00  03E12EM000  1.000
ARG03A0040_048  0.000-14.06  0.28  0.61  0.00-13.17 0.502  00  03T050M000  1.000
ARG03A0040_049  0.000-12.83  0.81  2.69  0.00 -9.33 0.501  00  03T0C4M000  1.000
ARG03A0040_050  0.000-13.25  0.79  2.72  0.00 -9.74 0.501  00  03T028M000  1.000
ARG03A0040_051  0.000-12.53  1.38  3.67  0.00 -7.48 0.502  00  03T100M000  1.000
ARG03A0040_052  0.000 -8.82  0.96  1.20  0.00 -6.65 0.501  00  03T107M000  1.000
ARG03A0040_053  0.000-13.67  0.61  5.70  0.00 -7.36 0.502  00  03T148M000  1.000
ARG03A0040_054  0.000-12.43  0.73  0.63  0.00-11.07 0.501  00  03T01FM000  1.000
ARG03A0040_055  0.000-12.15  3.28  1.16  0.00 -7.71 0.502  00  03T132M000  1.000
ARG03A0040_056  0.000-12.28  0.26  3.59  0.00 -8.43 0.501  00  03T02FM000  1.000
ARG03A0040_057  0.000-11.36  0.62  0.60  0.00-10.14 0.501  00  03T0B2M000  1.000
ARG03A0040_058  0.000-12.05  1.40  3.75  0.00 -6.89 0.502  00  03T0FFM000  1.000
ARG03A0040_059  0.000-11.96  3.70  1.17  0.00 -7.10 0.502  00  03T133M000  1.000
ARG03A0040_060  0.000-12.39  1.26  6.22  0.00 -4.91 0.501  00  03T140M000  1.000
ARG+1A0040_061  1.000-13.85  0.23  0.67  0.00-12.95 0.502  00  +1O000M000  1.000
ARG+1A0040_062  1.000-13.15  0.80  2.75  0.00 -9.59 0.501  00  +1E028M000  1.000
ARG+1A0040_063  1.000-12.19  0.26  3.60  0.00 -8.33 0.501  00  +1E02FM000  1.000
ARG+1A0040_064  1.000-11.43  0.62  0.61  0.00-10.20 0.501  00  +1E0B2M000  1.000
ARG+1A0040_065  1.000-13.65  3.87  2.92  0.00 -6.87 0.501  00  +1E0BDM000  1.000
ARG+1A0040_066  1.000-13.34  0.91  2.65  0.00 -9.78 0.502  00  +1E0C2M000  1.000
ARG+1A0040_067  1.000-12.91  0.82  2.71  0.00 -9.38 0.501  00  +1E0C4M000  1.000
ARG+1A0040_068  1.000-12.61  1.38  3.70  0.00 -7.52 0.502  00  +1E100M000  1.000
ARG+1A0040_069  1.000-12.35  1.26  6.25  0.00 -4.84 0.501  00  +1E140M000  1.000
ARG+1A0040_070  1.000-13.76  0.62  5.72  0.00 -7.41 0.502  00  +1E148M000  1.000
ARG+1A0040_071  1.000-14.59  1.15  0.70  0.00-12.74 0.501  00  +1T007M000  1.000
ARG+1A0040_072  1.000-12.63  0.73  0.63  0.00-11.26 0.501  00  +1T01FM000  1.000
ARG+1A0040_073  1.000-14.10  0.28  0.62  0.00-13.20 0.502  00  +1T050M000  1.000
ARG+1A0040_074  1.000-13.87  1.21  0.62  0.00-12.04 0.502  00  +1T05CM000  1.000
ARG+1A0040_075  1.000-12.09  1.40  3.76  0.00 -6.92 0.502  00  +1T0FFM000  1.000
ARG+1A0040_076  1.000-12.93  1.31  1.21  0.00-10.41 0.501  00  +1T104M000  1.000
ARG+1A0040_077  1.000 -8.91  0.98  1.20  0.00 -6.72 0.501  00  +1T107M000  1.000
ARG+1A0040_078  1.000-11.93  3.18  3.68  0.00 -5.07 0.501  00  +1T12EM000  1.000
ARG+1A0040_079  1.000-12.18  3.29  1.16  0.00 -7.73 0.502  00  +1T132M000  1.000
ARG+1A0040_080  1.000-12.01  3.70  1.17  0.00 -7.14 0.502  00  +1T133M000  1.000
