iConf CONFORMER     FL  occ    crg   Em0  pKa0 ne nH    vdw0    vdw1    tors    epol   dsolv   extra    history
00001 ARG01A0040_001 f 0.00  0.000     0  0.00  0  0 -13.787   0.234   0.672   0.031  -0.156   0.000 01O000M000t
00002 ARG01A0040_002 f 0.00  0.000     0  0.00  0  0 -13.339   0.185   1.299   0.092   0.053   0.000 01E009M000t
00003 ARG01A0040_003 f 0.00  0.000     0  0.00  0  0 -13.783   1.394   3.257   0.060  -0.340   0.000 01E011M000t
00004 ARG01A0040_004 f 0.00  0.000     0  0.00  0  0 -12.937   1.869   5.638   0.089   0.021   0.000 01E049M000t
00005 ARG01A0040_005 f 0.00  0.000     0  0.00  0  0 -14.143   4.062   2.902   0.013  -0.207   0.000 01E054M000t
00006 ARG01A0040_006 f 0.00  0.000     0  0.00  0  0 -14.059   2.306   0.668   0.100  -0.064   0.000 01E07BM000t
00007 ARG01A0040_007 f 0.00  0.000     0  0.00  0  0 -13.663   1.686   0.602   0.110  -0.121   0.000 01E07CM000t
00008 ARG01A0040_008 f 0.00  0.000     0  0.00  0  0 -13.283   0.107   0.650  -0.008  -0.163   0.000 01E091M000t
00009 ARG01A0040_009 f 0.00  0.000     0  0.00  0  0 -12.795   3.875   5.704   0.066  -0.082   0.000 01E0B8M000t
00010 ARG01A0040_010 f 0.00  0.000     0  0.00  0  0 -13.723   0.512   3.766   0.071  -0.196   0.000 01E0EAM000t
00011 ARG01A0040_011 f 0.00  0.000     0  0.00  0  0 -13.335   0.867   3.276   0.073  -0.027   0.000 01E146M000t
00012 ARG01A0040_012 f 0.00  0.000     0  0.00  0  0 -12.151   1.765   6.522   0.037  -0.090   0.000 01E159M000t
00013 ARG01A0040_013 f 0.00  0.000     0  0.00  0  0 -11.721   3.323   1.199  -0.007   0.173   0.000 01T044M000t
00014 ARG01A0040_014 f 0.00  0.000     0  0.00  0  0 -13.732   4.096   2.915   0.013  -0.294   0.000 01T055M000t
00015 ARG01A0040_015 f 0.00  0.000     0  0.00  0  0 -13.131   4.022   5.695   0.018  -0.189   0.000 01T09DM000t
00016 ARG01A0040_016 f 0.00  0.000     0  0.00  0  0 -12.373   3.887   5.753   0.008  -0.126   0.000 01T0A6M000t
00017 ARG01A0040_017 f 0.00  0.000     0  0.00  0  0 -12.924   0.807   2.691   0.041  -0.312   0.000 01T0C4M000t
00018 ARG01A0040_018 f 0.00  0.000     0  0.00  0  0 -12.389   2.526   1.461  -0.178  -0.031   0.000 01T11FM000t
00019 ARG01A0040_019 f 0.00  0.000     0  0.00  0  0 -13.010   1.753   0.523  -0.067  -0.014   0.000 01T127M000t
00020 ARG01A0040_020 f 0.00  0.000     0  0.00  0  0 -12.861   3.467   1.272  -0.016   0.044   0.000 01T12FM000t
00021 ARG02A0040_021 f 0.00  0.000     0  0.00  0  0 -13.804   0.233   0.672   0.022   1.072   0.000 02O000M000t
00022 ARG02A0040_022 f 0.00  0.000     0  0.00  0  0 -13.833   1.351   3.226   0.058   1.171   0.000 02E011M000t
00023 ARG02A0040_023 f 0.00  0.000     0  0.00  0  0 -13.157   1.371   5.651   0.077   0.896   0.000 02E049M000t
00024 ARG02A0040_024 f 0.00  0.000     0  0.00  0  0 -13.856   4.080   2.905   0.017   1.073   0.000 02E055M000t
00025 ARG02A0040_025 f 0.00  0.000     0  0.00  0  0 -13.149   1.738   0.512   0.027   1.122   0.000 02E127M000t
00026 ARG02A0040_026 f 0.00  0.000     0  0.00  0  0 -12.823   3.536   1.238  -0.030   1.149   0.000 02E12FM000t
00027 ARG02A0040_027 f 0.00  0.000     0  0.00  0  0 -13.352   1.732   0.578   0.060   1.003   0.000 02T07CM000t
00028 ARG02A0040_028 f 0.00  0.000     0  0.00  0  0 -11.701   3.084   1.234   0.245   0.979   0.000 02T11FM000t
00029 ARG02A0040_029 f 0.00  0.000     0  0.00  0  0 -11.659   3.367   1.197   0.008   1.084   0.000 02T044M000t
00030 ARG02A0040_030 f 0.00  0.000     0  0.00  0  0 -13.069   0.199   1.270  -0.002   0.819   0.000 02T009M000t
00031 ARG02A0040_031 f 0.00  0.000     0  0.00  0  0 -12.613   3.923   5.702   0.002   0.856   0.000 02T0A6M000t
00032 ARG02A0040_032 f 0.00  0.000     0  0.00  0  0 -12.695   3.865   5.701   0.035   0.507   0.000 02T0B8M000t
00033 ARG02A0040_033 f 0.00  0.000     0  0.00  0  0 -13.638   0.509   3.253   0.067   0.362   0.000 02T0EAM000t
00034 ARG02A0040_034 f 0.00  0.000     0  0.00  0  0 -12.172   1.675   6.257   0.033   0.541   0.000 02T159M000t
00035 ARG02A0040_035 f 0.00  0.000     0  0.00  0  0 -14.057   4.063   2.899   0.026   0.312   0.000 02T054M000t
00036 ARG02A0040_036 f 0.00  0.000     0  0.00  0  0 -13.779   1.737   0.572   0.105   0.420   0.000 02T07BM000t
00037 ARG02A0040_037 f 0.00  0.000     0  0.00  0  0 -13.250   0.103   0.647  -0.007   0.700   0.000 02T091M000t
00038 ARG02A0040_038 f 0.00  0.000     0  0.00  0  0 -13.081   4.015   5.699   0.009   0.802   0.000 02T09DM000t
00039 ARG02A0040_039 f 0.00  0.000     0  0.00  0  0 -12.798   0.819   2.710   0.047   0.547   0.000 02T0C4M000t
00040 ARG02A0040_040 f 0.00  0.000     0  0.00  0  0 -13.399   0.826   3.274  -0.012   0.515   0.000 02T146M000t
00041 ARG03A0040_041 f 0.00  0.000     0  0.00  0  0 -13.806   0.233   0.672   0.024   0.775   0.000 03O000M000t
00042 ARG03A0040_042 f 0.00  0.000     0  0.00  0  0 -13.138   1.388   5.659   0.075   0.677   0.000 03E049M000t
00043 ARG03A0040_043 f 0.00  0.000     0  0.00  0  0 -11.723   3.094   1.233   0.197   0.939   0.000 03E11FM000t
00044 ARG03A0040_044 f 0.00  0.000     0  0.00  0  0 -13.272   0.835   3.272   0.024   0.786   0.000 03E146M000t
00045 ARG03A0040_045 f 0.00  0.000     0  0.00  0  0 -13.420   1.732   0.574   0.059   0.815   0.000 03T07CM000t
00046 ARG03A0040_046 f 0.00  0.000     0  0.00  0  0 -13.157   4.016   5.695   0.021   0.953   0.000 03T09DM000t
00047 ARG03A0040_047 f 0.00  0.000     0  0.00  0  0 -12.777   3.887   5.698   0.054   0.889   0.000 03T0B8M000t
00048 ARG03A0040_048 f 0.00  0.000     0  0.00  0  0 -13.796   1.735   0.574   0.113   0.740   0.000 03T07BM000t
00049 ARG03A0040_049 f 0.00  0.000     0  0.00  0  0 -13.431   0.097   0.646   0.001   0.809   0.000 03T091M000t
00050 ARG03A0040_050 f 0.00  0.000     0  0.00  0  0 -12.817   0.810   2.692   0.041   0.881   0.000 03T0C4M000t
00051 ARG03A0040_051 f 0.00  0.000     0  0.00  0  0 -13.668   0.500   3.248   0.072   0.615   0.000 03T0EAM000t
00052 ARG03A0040_052 f 0.00  0.000     0  0.00  0  0 -13.036   1.775   0.508   0.007   0.616   0.000 03T127M000t
00053 ARG03A0040_053 f 0.00  0.000     0  0.00  0  0 -12.883   3.536   1.236  -0.019   0.972   0.000 03T12FM000t
00054 ARG03A0040_054 f 0.00  0.000     0  0.00  0  0 -13.270   0.185   1.275   0.075   0.948   0.000 03T009M000t
00055 ARG03A0040_055 f 0.00  0.000     0  0.00  0  0 -13.839   1.341   3.234   0.056   0.814   0.000 03T011M000t
00056 ARG03A0040_056 f 0.00  0.000     0  0.00  0  0 -11.788   3.333   1.199  -0.001   0.990   0.000 03T044M000t
00057 ARG03A0040_057 f 0.00  0.000     0  0.00  0  0 -14.039   4.072   2.901   0.020   0.751   0.000 03T054M000t
00058 ARG03A0040_058 f 0.00  0.000     0  0.00  0  0 -13.929   4.099   2.914   0.016   0.666   0.000 03T055M000t
00059 ARG03A0040_059 f 0.00  0.000     0  0.00  0  0 -12.705   3.923   5.708   0.004   0.755   0.000 03T0A6M000t
00060 ARG03A0040_060 f 0.00  0.000     0  0.00  0  0 -12.247   1.670   6.244   0.043   0.752   0.000 03T159M000t
00061 ARG+1A0040_061 f 0.00  1.000     0 12.50  0  1 -13.849   0.232   0.672   0.093  -0.183   0.000 +1O000M000t
00062 ARG+1A0040_062 f 0.00  1.000     0 12.50  0  1 -13.879   1.345   3.234   0.064  -0.359   0.000 +1E011M000t
00063 ARG+1A0040_063 f 0.00  1.000     0 12.50  0  1 -13.909   4.101   2.915   0.096  -0.349   0.000 +1E055M000t
00064 ARG+1A0040_064 f 0.00  1.000     0 12.50  0  1 -13.767   1.749   0.572   0.079  -0.129   0.000 +1E07BM000t
00065 ARG+1A0040_065 f 0.00  1.000     0 12.50  0  1 -13.397   1.739   0.577   0.038  -0.183   0.000 +1E07CM000t
00066 ARG+1A0040_066 f 0.00  1.000     0 12.50  0  1 -13.194   4.015   5.701   0.099  -0.178   0.000 +1E09DM000t
00067 ARG+1A0040_067 f 0.00  1.000     0 12.50  0  1 -13.712   0.503   3.259   0.145  -0.194   0.000 +1E0EAM000t
00068 ARG+1A0040_068 f 0.00  1.000     0 12.50  0  1 -11.744   3.087   1.234   0.664   0.401   0.000 +1E11FM000t
00069 ARG+1A0040_069 f 0.00  1.000     0 12.50  0  1 -13.182   1.759   0.512   0.154   0.242   0.000 +1E127M000t
00070 ARG+1A0040_070 f 0.00  1.000     0 12.50  0  1 -12.811   3.570   1.240   0.109  -0.051   0.000 +1E12FM000t
00071 ARG+1A0040_071 f 0.00  1.000     0 12.50  0  1 -12.226   1.669   6.261   0.114  -0.111   0.000 +1E159M000t
00072 ARG+1A0040_072 f 0.00  1.000     0 12.50  0  1 -13.299   0.187   1.276   0.184  -0.049   0.000 +1T009M000t
00073 ARG+1A0040_073 f 0.00  1.000     0 12.50  0  1 -11.764   3.370   1.202   0.118   0.029   0.000 +1T044M000t
00074 ARG+1A0040_074 f 0.00  1.000     0 12.50  0  1 -13.184   1.383   5.666   0.126  -0.183   0.000 +1T049M000t
00075 ARG+1A0040_075 f 0.00  1.000     0 12.50  0  1 -14.146   4.077   2.902   0.100  -0.490   0.000 +1T054M000t
00076 ARG+1A0040_076 f 0.00  1.000     0 12.50  0  1 -13.317   0.102   0.648   0.109  -0.246   0.000 +1T091M000t
00077 ARG+1A0040_077 f 0.00  1.000     0 12.50  0  1 -12.873   3.912   5.710   0.095  -0.289   0.000 +1T0A6M000t
00078 ARG+1A0040_078 f 0.00  1.000     0 12.50  0  1 -12.928   3.884   5.705   0.102  -0.457   0.000 +1T0B8M000t
00079 ARG+1A0040_079 f 0.00  1.000     0 12.50  0  1 -12.912   0.824   2.716   0.079  -0.480   0.000 +1T0C4M000t
00080 ARG+1A0040_080 f 0.00  1.000     0 12.50  0  1 -13.585   0.839   3.273  -0.036   0.109   0.000 +1T146M000t
