iConf CONFORMER     FL  occ    crg   Em0  pKa0 ne nH    vdw0    vdw1    tors    epol   dsolv   extra    history
00001 LYS01A0183_001 f 0.00  0.000     0  0.00  0  0 -11.734   0.525   0.846  -0.007  -0.007   0.000 01O000M000t
00002 LYS01A0183_002 f 0.00  0.000     0  0.00  0  0 -11.002   4.441   3.652  -0.012  -0.036   0.000 01E019M000t
00003 LYS01A0183_003 f 0.00  0.000     0  0.00  0  0 -10.631   2.533   0.833  -0.007  -0.015   0.000 01E05FM000t
00004 LYS01A0183_004 f 0.00  0.000     0  0.00  0  0 -10.713   0.569   4.190  -0.017  -0.124   0.000 01E07CM000t
00005 LYS01A0183_005 f 0.00  0.000     0  0.00  0  0  -9.700   1.173   3.584  -0.004   0.058   0.000 01E0D9M000t
00006 LYS01A0183_006 f 0.00  0.000     0  0.00  0  0 -10.323   1.262   6.436  -0.012  -0.065   0.000 01E0DDM000t
00007 LYS01A0183_007 f 0.00  0.000     0  0.00  0  0  -8.877   0.598   1.522  -0.023   0.054   0.000 01E0E7M000t
00008 LYS01A0183_008 f 0.00  0.000     0  0.00  0  0 -10.671   2.311   4.251  -0.020   0.115   0.000 01E155M000t
00009 LYS01A0183_009 f 0.00  0.000     0  0.00  0  0  -9.768   2.083   7.073  -0.013   0.033   0.000 01E15BM000t
00010 LYS01A0183_010 f 0.00  0.000     0  0.00  0  0 -11.981   0.574   0.820  -0.011  -0.011   0.000 01T004M000t
00011 LYS01A0183_011 f 0.00  0.000     0  0.00  0  0  -8.513   2.228   4.817  -0.010  -0.070   0.000 01T049M000t
00012 LYS01A0183_012 f 0.00  0.000     0  0.00  0  0 -10.278   2.250   1.478   0.010   0.025   0.000 01T083M000t
00013 LYS01A0183_013 f 0.00  0.000     0  0.00  0  0  -9.862   0.466   4.221  -0.013  -0.013   0.000 01T0A7M000t
00014 LYS01A0183_014 f 0.00  0.000     0  0.00  0  0  -9.648   2.499   3.672  -0.016   0.018   0.000 01T0BCM000t
00015 LYS01A0183_015 f 0.00  0.000     0  0.00  0  0 -10.249   0.448   3.661  -0.022  -0.006   0.000 01T0CCM000t
00016 LYS01A0183_016 f 0.00  0.000     0  0.00  0  0  -7.277   0.575   2.089  -0.019   0.021   0.000 01T0EEM000t
00017 LYS01A0183_017 f 0.00  0.000     0  0.00  0  0 -10.269   1.329   3.687  -0.035  -0.092   0.000 01T0F4M000t
00018 LYS01A0183_018 f 0.00  0.000     0  0.00  0  0  -7.674   0.644   4.808  -0.009  -0.145   0.000 01T108M000t
00019 LYS01A0183_019 f 0.00  0.000     0  0.00  0  0  -7.921   1.800   2.091   0.199   0.233   0.000 01T122M000t
00020 LYS01A0183_020 f 0.00  0.000     0  0.00  0  0  -7.522   0.873   2.092  -0.025   0.060   0.000 01T13AM000t
00021 LYS+1A0183_021 f 0.00  1.000     0 10.40  0  1 -11.779   0.525   0.846   0.036  -0.209   0.000 +1O000M000t
00022 LYS+1A0183_022 f 0.00  1.000     0 10.40  0  1 -12.054   0.572   0.820   0.042  -0.252   0.000 +1E004M000t
00023 LYS+1A0183_023 f 0.00  1.000     0 10.40  0  1  -8.589   2.232   4.817   0.050  -0.183   0.000 +1E049M000t
00024 LYS+1A0183_024 f 0.00  1.000     0 10.40  0  1 -10.697   2.532   0.834  -0.052  -0.009   0.000 +1E05FM000t
00025 LYS+1A0183_025 f 0.00  1.000     0 10.40  0  1 -10.873   0.561   4.210   0.069  -0.144   0.000 +1E07CM000t
00026 LYS+1A0183_026 f 0.00  1.000     0 10.40  0  1  -8.949   0.593   1.522   0.061  -0.044   0.000 +1E0E7M000t
00027 LYS+1A0183_027 f 0.00  1.000     0 10.40  0  1  -7.358   0.571   2.088   0.113  -0.022   0.000 +1E0EEM000t
00028 LYS+1A0183_028 f 0.00  1.000     0 10.40  0  1  -7.845   0.638   4.828   0.045  -0.234   0.000 +1E108M000t
00029 LYS+1A0183_029 f 0.00  1.000     0 10.40  0  1  -7.993   1.941   2.096   0.398   1.039   0.000 +1E122M000t
00030 LYS+1A0183_030 f 0.00  1.000     0 10.40  0  1 -10.643   2.299   4.251   0.089  -0.093   0.000 +1E155M000t
00031 LYS+1A0183_031 f 0.00  1.000     0 10.40  0  1  -9.896   2.079   7.075   0.071   0.129   0.000 +1E15BM000t
00032 LYS+1A0183_032 f 0.00  1.000     0 10.40  0  1 -11.063   4.466   3.657   0.052  -0.397   0.000 +1T019M000t
00033 LYS+1A0183_033 f 0.00  1.000     0 10.40  0  1 -10.345   2.214   1.481  -0.261   0.160   0.000 +1T083M000t
00034 LYS+1A0183_034 f 0.00  1.000     0 10.40  0  1  -9.922   0.471   4.225   0.007  -0.345   0.000 +1T0A7M000t
00035 LYS+1A0183_035 f 0.00  1.000     0 10.40  0  1  -9.734   2.512   3.673   0.015  -0.256   0.000 +1T0BCM000t
00036 LYS+1A0183_036 f 0.00  1.000     0 10.40  0  1 -10.280   0.445   3.670   0.072  -0.103   0.000 +1T0CCM000t
00037 LYS+1A0183_037 f 0.00  1.000     0 10.40  0  1  -9.757   1.171   3.587   0.108   0.048   0.000 +1T0D9M000t
00038 LYS+1A0183_038 f 0.00  1.000     0 10.40  0  1 -10.361   1.265   6.435   0.065  -0.297   0.000 +1T0DDM000t
00039 LYS+1A0183_039 f 0.00  1.000     0 10.40  0  1 -10.229   1.313   3.693   0.165  -0.263   0.000 +1T0F4M000t
00040 LYS+1A0183_040 f 0.00  1.000     0 10.40  0  1  -7.489   0.872   2.093   0.056   0.182   0.000 +1T13AM000t
