   confID        vdw0    sas     sum
LYS01A0183_001   0.648 -12.383 -11.734
LYS01A0183_002   1.436 -12.437 -11.002
LYS01A0183_003   1.218 -11.849 -10.631
LYS01A0183_004   1.721 -12.435 -10.713
LYS01A0183_005   2.513 -12.213  -9.700
LYS01A0183_006   1.850 -12.173 -10.323
LYS01A0183_007   3.156 -12.033  -8.877
LYS01A0183_008   2.115 -12.786 -10.671
LYS01A0183_009   2.426 -12.193  -9.768
LYS01A0183_010   0.643 -12.624 -11.981
LYS01A0183_011   4.172 -12.685  -8.513
LYS01A0183_012   2.003 -12.281 -10.278
LYS01A0183_013   2.244 -12.106  -9.862
LYS01A0183_014   2.242 -11.890  -9.648
LYS01A0183_015   2.112 -12.361 -10.249
LYS01A0183_016   4.913 -12.191  -7.277
LYS01A0183_017   2.413 -12.682 -10.269
LYS01A0183_018   4.873 -12.547  -7.674
LYS01A0183_019   4.729 -12.650  -7.921
LYS01A0183_020   4.707 -12.229  -7.522
LYS+1A0183_021   0.603 -12.383 -11.779
LYS+1A0183_022   0.599 -12.653 -12.054
LYS+1A0183_023   4.096 -12.685  -8.589
LYS+1A0183_024   1.152 -11.849 -10.697
LYS+1A0183_025   1.665 -12.538 -10.873
LYS+1A0183_026   3.084 -12.033  -8.949
LYS+1A0183_027   4.833 -12.191  -7.358
LYS+1A0183_028   4.821 -12.666  -7.845
LYS+1A0183_029   4.657 -12.650  -7.993
LYS+1A0183_030   2.046 -12.689 -10.643
LYS+1A0183_031   2.365 -12.261  -9.896
LYS+1A0183_032   1.362 -12.425 -11.063
LYS+1A0183_033   1.936 -12.281 -10.345
LYS+1A0183_034   2.184 -12.106  -9.922
LYS+1A0183_035   2.220 -11.954  -9.734
LYS+1A0183_036   2.014 -12.293 -10.280
LYS+1A0183_037   2.457 -12.213  -9.757
LYS+1A0183_038   1.812 -12.173 -10.361
LYS+1A0183_039   2.389 -12.618 -10.229
LYS+1A0183_040   4.650 -12.139  -7.489
