CONFORMER         crg  vdw0  vdw1  tors  epol  self   occ  Hb     history    ASA
HIS01A0199_001  0.000-11.92 -0.43  0.01  0.00-12.34 0.515  00  01O000M000  1.000
HIS01A0199_002  0.000-11.95 -0.34  0.01  0.00-12.28 0.517  00  01R001M000  1.000
HIS01A0199_003  0.000-12.02 -0.15  0.01  0.00-12.15 0.518  00  01E003M000  1.000
HIS01A0199_004  0.000-12.10  0.36  2.79  0.00 -8.95 0.515  00  01E004M000  1.000
HIS01A0199_005  0.000-11.80  1.59  2.78  0.00 -7.43 0.512  00  01E006M000  1.000
HIS01A0199_006  0.000-12.66  2.37  0.01  0.00-10.28 0.517  00  01E007M000  1.000
HIS01A0199_007  0.000-11.53  1.65  0.01  0.00 -9.88 0.518  00  01E008M000  1.000
HIS01A0199_008  0.000-11.90  1.88  0.01  0.00-10.01 0.515  00  01E00EM000  1.000
HIS01A0199_009  0.000-11.81 -0.37  0.01  0.00-12.17 0.513  00  01E010M000  1.000
HIS01A0199_010  0.000-11.84 -0.15  0.01  0.00-11.98 0.514  00  01T00FM000  1.000
HIS01A0199_011  0.000-11.64  1.05  0.01  0.00-10.58 0.515  00  01T011M000  1.000
HIS01A0199_012  0.000-12.04 -0.41  0.01  0.00-12.44 0.516  00  01T012M000  1.000
HIS01A0199_013  0.000-12.61  2.83  2.77  0.00 -7.00 0.515  00  01T013M000  1.000
HIS01A0199_014  0.000-12.33  1.76  2.76  0.00 -7.81 0.513  00  01T016M000  1.000
HIS01A0199_015  0.000-12.43  0.57  2.78  0.00 -9.08 0.515  00  01T017M000  1.000
HIS01A0199_016  0.000-12.04  0.86  0.01  0.00-11.18 0.515  00  01T018M000  1.000
HIS01A0199_017  0.000-11.79  1.44  0.01  0.00-10.35 0.516  00  01T019M000  1.000
HIS01A0199_018  0.000-11.85 -0.58  0.01  0.00-12.42 0.516  00  01T01AM000  1.000
HIS01A0199_019  0.000-12.07  0.16  0.01  0.00-11.90 0.518  00  01T01BM000  1.000
HIS02A0199_020  0.000-11.94 -0.48  0.01  0.00-12.40 0.515  00  02O000M000  1.000
HIS02A0199_021  0.000-11.96 -0.35  0.01  0.00-12.31 0.517  00  02R001M000  1.000
HIS02A0199_022  0.000-12.05 -0.21  0.01  0.00-12.24 0.518  00  02E003M000  1.000
HIS02A0199_023  0.000-11.82  1.59  2.78  0.00 -7.44 0.512  00  02E006M000  1.000
HIS02A0199_024  0.000-12.54  2.30  0.01  0.00-10.23 0.517  00  02E007M000  1.000
HIS02A0199_025  0.000-11.66  1.09  0.00  0.00-10.57 0.518  00  02E00BM000  1.000
HIS02A0199_026  0.000-11.71  1.82  0.01  0.00 -9.88 0.515  00  02E00EM000  1.000
HIS02A0199_027  0.000-11.86 -0.21  0.01  0.00-12.06 0.514  00  02E00FM000  1.000
HIS02A0199_028  0.000-11.99 -0.42  0.01  0.00-12.40 0.516  00  02E012M000  1.000
HIS02A0199_029  0.000-12.24  1.74  2.76  0.00 -7.73 0.513  00  02E016M000  1.000
HIS02A0199_030  0.000-12.57  0.57  2.78  0.00 -9.22 0.515  00  02E017M000  1.000
HIS02A0199_031  0.000-11.86  1.33  0.00  0.00-10.53 0.516  00  02E019M000  1.000
HIS02A0199_032  0.000-11.95  0.17  0.00  0.00-11.77 0.518  00  02E01BM000  1.000
HIS02A0199_033  0.000-12.12  0.34  2.78  0.00 -9.00 0.515  00  02T004M000  1.000
HIS02A0199_034  0.000-11.48  1.66  0.00  0.00 -9.82 0.518  00  02T008M000  1.000
HIS02A0199_035  0.000-11.88 -0.39  0.01  0.00-12.26 0.513  00  02T010M000  1.000
HIS02A0199_036  0.000-11.60  1.05  0.01  0.00-10.54 0.515  00  02T011M000  1.000
HIS02A0199_037  0.000-12.45  2.82  2.77  0.00 -6.86 0.515  00  02T013M000  1.000
HIS02A0199_038  0.000-12.05  0.81  0.01  0.00-11.23 0.515  00  02T018M000  1.000
HIS02A0199_039  0.000-11.87 -0.60  0.01  0.00-12.46 0.516  00  02T01AM000  1.000
HIS+1A0199_040  1.000-11.97 -0.48  0.01  0.00-12.43 0.515  00  +1O000M000  1.000
HIS+1A0199_041  1.000-11.99 -0.36  0.01  0.00-12.34 0.517  00  +1R001M000  1.000
HIS+1A0199_042  1.000-11.85  1.59  2.78  0.00 -7.48 0.512  00  +1E006M000  1.000
HIS+1A0199_043  1.000-11.44  1.72  0.00  0.00 -9.72 0.518  00  +1E008M000  1.000
HIS+1A0199_044  1.000-11.93 -0.39  0.01  0.00-12.30 0.513  00  +1E010M000  1.000
HIS+1A0199_045  1.000-12.02 -0.42  0.01  0.00-12.43 0.516  00  +1E012M000  1.000
HIS+1A0199_046  1.000-12.45  2.82  2.77  0.00 -6.86 0.515  00  +1E013M000  1.000
HIS+1A0199_047  1.000-11.89  1.36  0.01  0.00-10.53 0.516  00  +1E019M000  1.000
HIS+1A0199_048  1.000-11.85 -0.60  0.01  0.00-12.43 0.516  00  +1E01AM000  1.000
HIS+1A0199_049  1.000-12.07 -0.22  0.01  0.00-12.28 0.518  00  +1T003M000  1.000
HIS+1A0199_050  1.000-12.14  0.34  2.79  0.00 -9.02 0.515  00  +1T004M000  1.000
HIS+1A0199_051  1.000-12.52  2.31  0.01  0.00-10.19 0.517  00  +1T007M000  1.000
HIS+1A0199_052  1.000-11.62  1.12  0.01  0.00-10.50 0.518  00  +1T00BM000  1.000
HIS+1A0199_053  1.000-11.79  1.80  0.01  0.00 -9.97 0.515  00  +1T00EM000  1.000
HIS+1A0199_054  1.000-11.88 -0.21  0.01  0.00-12.08 0.514  00  +1T00FM000  1.000
HIS+1A0199_055  1.000-11.69  1.04  0.01  0.00-10.64 0.515  00  +1T011M000  1.000
HIS+1A0199_056  1.000-12.45  1.77  2.76  0.00 -7.91 0.513  00  +1T016M000  1.000
HIS+1A0199_057  1.000-12.42  0.57  2.78  0.00 -9.07 0.515  00  +1T017M000  1.000
HIS+1A0199_058  1.000-12.03  0.81  0.01  0.00-11.22 0.515  00  +1T018M000  1.000
HIS+1A0199_059  1.000-12.11  0.16  0.01  0.00-11.95 0.518  00  +1T01BM000  1.000
