iConf CONFORMER     FL  occ    crg   Em0  pKa0 ne nH    vdw0    vdw1    tors    epol   dsolv   extra    history
00001 HIS01A0199_001 f 0.00  0.000     0  0.00  0  0 -11.922  -0.428   0.013   0.494   0.465   0.000 01O000M000t
00002 HIS01A0199_002 f 0.00  0.000     0  0.00  0  0 -11.951  -0.342   0.013   0.345   0.277   0.000 01R001M000t
00003 HIS01A0199_003 f 0.00  0.000     0  0.00  0  0 -12.017  -0.151   0.012   0.127   0.417   0.000 01E003M000t
00004 HIS01A0199_004 f 0.00  0.000     0  0.00  0  0 -12.100   0.359   2.786   0.321   0.326   0.000 01E004M000t
00005 HIS01A0199_005 f 0.00  0.000     0  0.00  0  0 -11.799   1.588   2.784   0.305   0.591   0.000 01E006M000t
00006 HIS01A0199_006 f 0.00  0.000     0  0.00  0  0 -12.724   2.365   0.014   0.436   0.599   0.000 01E007M000t
00007 HIS01A0199_007 f 0.00  0.000     0  0.00  0  0 -11.530   1.648   0.005   0.145   0.501   0.000 01E008M000t
00008 HIS01A0199_008 f 0.00  0.000     0  0.00  0  0 -11.898   1.881   0.012  -0.087   0.572   0.000 01E00EM000t
00009 HIS01A0199_009 f 0.00  0.000     0  0.00  0  0 -11.812  -0.369   0.012   0.443   0.392   0.000 01E010M000t
00010 HIS01A0199_010 f 0.00  0.000     0  0.00  0  0 -11.844  -0.151   0.010   0.234   0.269   0.000 01T00FM000t
00011 HIS01A0199_011 f 0.00  0.000     0  0.00  0  0 -11.643   1.057   0.011   0.553   0.425   0.000 01T011M000t
00012 HIS01A0199_012 f 0.00  0.000     0  0.00  0  0 -12.040  -0.407   0.011   0.436   0.431   0.000 01T012M000t
00013 HIS01A0199_013 f 0.00  0.000     0  0.00  0  0 -12.610   2.827   2.774   0.265   0.446   0.000 01T013M000t
00014 HIS01A0199_014 f 0.00  0.000     0  0.00  0  0 -12.330   1.762   2.760   0.443   0.409   0.000 01T016M000t
00015 HIS01A0199_015 f 0.00  0.000     0  0.00  0  0 -12.435   0.571   2.783   0.408   0.313   0.000 01T017M000t
00016 HIS01A0199_016 f 0.00  0.000     0  0.00  0  0 -12.038   0.858   0.006   0.199   0.605   0.000 01T018M000t
00017 HIS01A0199_017 f 0.00  0.000     0  0.00  0  0 -11.790   1.434   0.006   0.070   0.404   0.000 01T019M000t
00018 HIS01A0199_018 f 0.00  0.000     0  0.00  0  0 -11.852  -0.578   0.012   0.390   0.459   0.000 01T01AM000t
00019 HIS01A0199_019 f 0.00  0.000     0  0.00  0  0 -12.066   0.163   0.005   0.447   0.402   0.000 01T01BM000t
00020 HIS02A0199_020 f 0.00  0.000     0  0.00  0  0 -11.940  -0.478   0.013   0.296  -0.069   0.000 02O000M000t
00021 HIS02A0199_021 f 0.00  0.000     0  0.00  0  0 -11.965  -0.355   0.013   0.253   0.370   0.000 02R001M000t
00022 HIS02A0199_022 f 0.00  0.000     0  0.00  0  0 -12.048  -0.209   0.012   0.229   0.140   0.000 02E003M000t
00023 HIS02A0199_023 f 0.00  0.000     0  0.00  0  0 -11.820   1.588   2.784   0.361   0.291   0.000 02E006M000t
00024 HIS02A0199_024 f 0.00  0.000     0  0.00  0  0 -12.542   2.301   0.011  -0.052   0.586   0.000 02E007M000t
00025 HIS02A0199_025 f 0.00  0.000     0  0.00  0  0 -11.664   1.092   0.005   0.436   0.325   0.000 02E00BM000t
00026 HIS02A0199_026 f 0.00  0.000     0  0.00  0  0 -11.711   1.814   0.014   0.640   0.477   0.000 02E00EM000t
00027 HIS02A0199_027 f 0.00  0.000     0  0.00  0  0 -11.856  -0.215   0.009   0.191   0.232   0.000 02E00FM000t
00028 HIS02A0199_028 f 0.00  0.000     0  0.00  0  0 -11.993  -0.422   0.010   0.218   0.257   0.000 02E012M000t
00029 HIS02A0199_029 f 0.00  0.000     0  0.00  0  0 -12.236   1.745   2.761   0.344   0.260   0.000 02E016M000t
00030 HIS02A0199_030 f 0.00  0.000     0  0.00  0  0 -12.568   0.567   2.783   0.302   0.199   0.000 02E017M000t
00031 HIS02A0199_031 f 0.00  0.000     0  0.00  0  0 -11.862   1.330   0.004   0.754   0.362   0.000 02E019M000t
00032 HIS02A0199_032 f 0.00  0.000     0  0.00  0  0 -11.951   0.170   0.005   0.390   0.096   0.000 02E01BM000t
00033 HIS02A0199_033 f 0.00  0.000     0  0.00  0  0 -12.117   0.338   2.785   0.314   0.379   0.000 02T004M000t
00034 HIS02A0199_034 f 0.00  0.000     0  0.00  0  0 -11.480   1.654   0.003   0.522   0.491   0.000 02T008M000t
00035 HIS02A0199_035 f 0.00  0.000     0  0.00  0  0 -11.880  -0.392   0.012   0.287   0.119   0.000 02T010M000t
00036 HIS02A0199_036 f 0.00  0.000     0  0.00  0  0 -11.595   1.049   0.011   0.437   0.248   0.000 02T011M000t
00037 HIS02A0199_037 f 0.00  0.000     0  0.00  0  0 -12.445   2.817   2.769   0.345   0.189   0.000 02T013M000t
00038 HIS02A0199_038 f 0.00  0.000     0  0.00  0  0 -12.003   0.813   0.006   0.370   0.392   0.000 02T018M000t
00039 HIS02A0199_039 f 0.00  0.000     0  0.00  0  0 -11.871  -0.596   0.012   0.264   0.310   0.000 02T01AM000t
00040 HIS+1A0199_040 f 0.00  1.000     0  6.98  0  1 -11.966  -0.481   0.013   0.667  -0.244   0.000 +1O000M000t
00041 HIS+1A0199_041 f 0.00  1.000     0  6.98  0  1 -11.991  -0.359   0.013   0.607  -0.429   0.000 +1R001M000t
00042 HIS+1A0199_042 f 0.00  1.000     0  6.98  0  1 -11.846   1.584   2.784   0.577  -0.282   0.000 +1E006M000t
00043 HIS+1A0199_043 f 0.00  1.000     0  6.98  0  1 -11.441   1.721   0.004   0.987   0.043   0.000 +1E008M000t
00044 HIS+1A0199_044 f 0.00  1.000     0  6.98  0  1 -11.926  -0.390   0.013   0.918  -0.316   0.000 +1E010M000t
00045 HIS+1A0199_045 f 0.00  1.000     0  6.98  0  1 -12.021  -0.419   0.010   0.834  -0.503   0.000 +1E012M000t
00046 HIS+1A0199_046 f 0.00  1.000     0  6.98  0  1 -12.451   2.814   2.770   0.768  -0.439   0.000 +1E013M000t
00047 HIS+1A0199_047 f 0.00  1.000     0  6.98  0  1 -11.938   1.354   0.005   1.248  -0.154   0.000 +1E019M000t
00048 HIS+1A0199_048 f 0.00  1.000     0  6.98  0  1 -11.850  -0.598   0.013   0.580  -0.320   0.000 +1E01AM000t
00049 HIS+1A0199_049 f 0.00  1.000     0  6.98  0  1 -12.073  -0.214   0.012   0.953  -0.321   0.000 +1T003M000t
00050 HIS+1A0199_050 f 0.00  1.000     0  6.98  0  1 -12.144   0.333   2.786   0.713  -0.457   0.000 +1T004M000t
00051 HIS+1A0199_051 f 0.00  1.000     0  6.98  0  1 -12.516   2.317   0.011   0.238   0.329   0.000 +1T007M000t
00052 HIS+1A0199_052 f 0.00  1.000     0  6.98  0  1 -11.623   1.116   0.006   0.805  -0.342   0.000 +1T00BM000t
00053 HIS+1A0199_053 f 0.00  1.000     0  6.98  0  1 -11.738   1.809   0.015   1.474   0.101   0.000 +1T00EM000t
00054 HIS+1A0199_054 f 0.00  1.000     0  6.98  0  1 -11.883  -0.209   0.010   0.817  -0.409   0.000 +1T00FM000t
00055 HIS+1A0199_055 f 0.00  1.000     0  6.98  0  1 -11.689   1.038   0.012   1.133  -0.244   0.000 +1T011M000t
00056 HIS+1A0199_056 f 0.00  1.000     0  6.98  0  1 -12.450   1.770   2.762   0.712  -0.290   0.000 +1T016M000t
00057 HIS+1A0199_057 f 0.00  1.000     0  6.98  0  1 -12.416   0.563   2.784   0.701  -0.424   0.000 +1T017M000t
00058 HIS+1A0199_058 f 0.00  1.000     0  6.98  0  1 -12.078   0.807   0.007   0.728  -0.191   0.000 +1T018M000t
00059 HIS+1A0199_059 f 0.00  1.000     0  6.98  0  1 -12.113   0.154   0.006   0.690  -0.399   0.000 +1T01BM000t
