iConf CONFORMER     FL  occ    crg   Em0  pKa0 ne nH    vdw0    vdw1    tors    epol   dsolv   extra    history
00001 HIS01A0142_001 f 0.00  0.000     0  0.00  0  0 -11.344   4.045   0.007   0.432   0.371   0.000 01O000M000t
00002 HIS01A0142_002 f 0.00  0.000     0  0.00  0  0 -11.811   8.035   2.796   0.346   0.111   0.000 01E004M000t
00003 HIS01A0142_003 f 0.00  0.000     0  0.00  0  0 -11.259   1.859   0.005   0.374   0.126   0.000 01E005M000t
00004 HIS01A0142_004 f 0.00  0.000     0  0.00  0  0 -11.594   1.254   0.007   0.219   0.497   0.000 01E006M000t
00005 HIS01A0142_005 f 0.00  0.000     0  0.00  0  0 -11.530   3.918   0.000  -0.001   0.600   0.000 01E007M000t
00006 HIS01A0142_006 f 0.00  0.000     0  0.00  0  0 -12.027   1.156   0.007   0.303   0.230   0.000 01E009M000t
00007 HIS01A0142_007 f 0.00  0.000     0  0.00  0  0 -11.594   2.574   0.007   0.332   0.491   0.000 01E00AM000t
00008 HIS01A0142_008 f 0.00  0.000     0  0.00  0  0 -11.667   4.659   0.000   0.288   0.483   0.000 01E00BM000t
00009 HIS01A0142_009 f 0.00  0.000     0  0.00  0  0 -11.876   5.101   2.792   0.334   0.356   0.000 01E010M000t
00010 HIS01A0142_010 f 0.00  0.000     0  0.00  0  0 -11.317   5.292   2.792   0.227   0.384   0.000 01E011M000t
00011 HIS01A0142_011 f 0.00  0.000     0  0.00  0  0 -11.294   3.962   0.000   0.375   0.374   0.000 01T002M000t
00012 HIS01A0142_012 f 0.00  0.000     0  0.00  0  0 -11.335   6.147   0.054   0.440   0.281   0.000 01T003M000t
00013 HIS01A0142_013 f 0.00  0.000     0  0.00  0  0 -11.351   6.255   0.000   0.683   0.520   0.000 01T00CM000t
00014 HIS01A0142_014 f 0.00  0.000     0  0.00  0  0 -11.442   2.459   0.008   0.467   0.367   0.000 01T00DM000t
00015 HIS01A0142_015 f 0.00  0.000     0  0.00  0  0 -12.005   3.706   0.012   0.598   0.308   0.000 01T00EM000t
00016 HIS01A0142_016 f 0.00  0.000     0  0.00  0  0 -11.809   3.861   0.012   0.281   0.493   0.000 01T00FM000t
00017 HIS01A0142_017 f 0.00  0.000     0  0.00  0  0 -11.790   8.039   2.799   0.143   0.301   0.000 01T012M000t
00018 HIS01A0142_018 f 0.00  0.000     0  0.00  0  0 -11.691   5.200   2.792   0.221   0.334   0.000 01T013M000t
00019 HIS01A0142_019 f 0.00  0.000     0  0.00  0  0 -11.561   5.211   2.792   0.292   0.157   0.000 01T014M000t
00020 HIS02A0142_020 f 0.00  0.000     0  0.00  0  0 -11.362   4.042   0.007   0.390   0.273   0.000 02O000M000t
00021 HIS02A0142_021 f 0.00  0.000     0  0.00  0  0 -11.803   2.624   0.001   0.504   0.376   0.000 02R001M000t
00022 HIS02A0142_022 f 0.00  0.000     0  0.00  0  0 -11.312   3.992   0.001   0.308   0.309   0.000 02E002M000t
00023 HIS02A0142_023 f 0.00  0.000     0  0.00  0  0 -11.535   6.164   0.049   0.361   0.242   0.000 02E003M000t
00024 HIS02A0142_024 f 0.00  0.000     0  0.00  0  0 -11.277   1.843   0.005   0.282   0.107   0.000 02E005M000t
00025 HIS02A0142_025 f 0.00  0.000     0  0.00  0  0 -11.358   6.289   0.001  -0.406   0.619   0.000 02E00CM000t
00026 HIS02A0142_026 f 0.00  0.000     0  0.00  0  0 -11.939   3.775   0.012   0.357   0.390   0.000 02E00EM000t
00027 HIS02A0142_027 f 0.00  0.000     0  0.00  0  0 -11.574   3.829   0.012   0.289   0.317   0.000 02E00FM000t
00028 HIS02A0142_028 f 0.00  0.000     0  0.00  0  0 -11.312   5.223   2.792   0.195   0.007   0.000 02E011M000t
00029 HIS02A0142_029 f 0.00  0.000     0  0.00  0  0 -11.658   5.162   2.792   0.205   0.318   0.000 02E013M000t
00030 HIS02A0142_030 f 0.00  0.000     0  0.00  0  0 -11.810   8.021   2.796   0.284   0.312   0.000 02T004M000t
00031 HIS02A0142_031 f 0.00  0.000     0  0.00  0  0 -11.540   1.216   0.007   0.196   0.396   0.000 02T006M000t
00032 HIS02A0142_032 f 0.00  0.000     0  0.00  0  0 -12.160   1.135   0.007   0.190   0.187   0.000 02T009M000t
00033 HIS02A0142_033 f 0.00  0.000     0  0.00  0  0 -11.659   2.577   0.008   0.192   0.508   0.000 02T00AM000t
00034 HIS02A0142_034 f 0.00  0.000     0  0.00  0  0 -11.676   4.541   0.000   0.361   0.515   0.000 02T00BM000t
00035 HIS02A0142_035 f 0.00  0.000     0  0.00  0  0 -11.441   2.401   0.008   0.278   0.201   0.000 02T00DM000t
00036 HIS02A0142_036 f 0.00  0.000     0  0.00  0  0 -11.895   5.086   2.792   0.192   0.299   0.000 02T010M000t
00037 HIS02A0142_037 f 0.00  0.000     0  0.00  0  0 -11.677   8.107   2.796   0.272   0.181   0.000 02T012M000t
00038 HIS02A0142_038 f 0.00  0.000     0  0.00  0  0 -11.514   5.201   2.792   0.247   0.168   0.000 02T014M000t
00039 HIS+1A0142_039 f 0.00  1.000     0  6.98  0  1 -11.389   4.038   0.007   0.672  -0.462   0.000 +1O000M000t
00040 HIS+1A0142_040 f 0.00  1.000     0  6.98  0  1 -11.465   6.304   0.055   0.365  -0.256   0.000 +1E003M000t
00041 HIS+1A0142_041 f 0.00  1.000     0  6.98  0  1 -11.720   7.995   2.796   0.515  -0.300   0.000 +1E004M000t
00042 HIS+1A0142_042 f 0.00  1.000     0  6.98  0  1 -11.733   2.568   0.008   0.158  -0.050   0.000 +1E00AM000t
00043 HIS+1A0142_043 f 0.00  1.000     0  6.98  0  1 -11.539   2.455   0.009   0.260  -0.342   0.000 +1E00DM000t
00044 HIS+1A0142_044 f 0.00  1.000     0  6.98  0  1 -11.340   5.221   2.792   0.474  -0.259   0.000 +1E011M000t
00045 HIS+1A0142_045 f 0.00  1.000     0  6.98  0  1 -11.877   2.616   0.001   0.860  -0.155   0.000 +1T001M000t
00046 HIS+1A0142_046 f 0.00  1.000     0  6.98  0  1 -11.475   3.974   0.001   0.326  -0.256   0.000 +1T002M000t
00047 HIS+1A0142_047 f 0.00  1.000     0  6.98  0  1 -11.305   1.817   0.005   0.602  -0.298   0.000 +1T005M000t
00048 HIS+1A0142_048 f 0.00  1.000     0  6.98  0  1 -11.567   1.212   0.007   0.481  -0.327   0.000 +1T006M000t
00049 HIS+1A0142_049 f 0.00  1.000     0  6.98  0  1 -12.188   1.134   0.007   0.477  -0.421   0.000 +1T009M000t
00050 HIS+1A0142_050 f 0.00  1.000     0  6.98  0  1 -11.703   4.542   0.000   0.450   0.157   0.000 +1T00BM000t
00051 HIS+1A0142_051 f 0.00  1.000     0  6.98  0  1 -11.457   6.690   0.000  -0.628   0.141   0.000 +1T00CM000t
00052 HIS+1A0142_052 f 0.00  1.000     0  6.98  0  1 -12.013   3.848   0.011   0.328  -0.323   0.000 +1T00EM000t
00053 HIS+1A0142_053 f 0.00  1.000     0  6.98  0  1 -11.784   3.882   0.011   0.230  -0.415   0.000 +1T00FM000t
00054 HIS+1A0142_054 f 0.00  1.000     0  6.98  0  1 -11.855   5.086   2.792   0.434  -0.420   0.000 +1T010M000t
00055 HIS+1A0142_055 f 0.00  1.000     0  6.98  0  1 -11.704   8.091   2.796   0.515  -0.244   0.000 +1T012M000t
00056 HIS+1A0142_056 f 0.00  1.000     0  6.98  0  1 -11.732   5.162   2.792   0.454  -0.263   0.000 +1T013M000t
00057 HIS+1A0142_057 f 0.00  1.000     0  6.98  0  1 -11.539   5.173   2.792   0.482  -0.260   0.000 +1T014M000t
