iConf CONFORMER     FL  occ    crg   Em0  pKa0 ne nH    vdw0    vdw1    tors    epol   dsolv   extra    history
00001 ARG01A0160_001 f 0.00  0.000     0  0.00  0  0 -10.868   0.546   0.481  -0.012  -0.064   0.000 01O000M000t
00002 ARG01A0160_002 f 0.00  0.000     0  0.00  0  0 -11.148   1.397   3.181  -0.016   0.032   0.000 01E004M000t
00003 ARG01A0160_003 f 0.00  0.000     0  0.00  0  0 -10.638   1.674   3.804  -0.109   0.233   0.000 01E00CM000t
00004 ARG01A0160_004 f 0.00  0.000     0  0.00  0  0 -11.302   1.504   6.063   0.014  -0.139   0.000 01E01EM000t
00005 ARG01A0160_005 f 0.00  0.000     0  0.00  0  0 -11.634   2.963   6.511   0.051  -0.161   0.000 01E03BM000t
00006 ARG01A0160_006 f 0.00  0.000     0  0.00  0  0 -10.860   0.622   0.447   0.017   0.025   0.000 01E06BM000t
00007 ARG01A0160_007 f 0.00  0.000     0  0.00  0  0 -10.385   1.308   3.397   0.085  -0.136   0.000 01E0B3M000t
00008 ARG01A0160_008 f 0.00  0.000     0  0.00  0  0  -7.485   0.677   3.914   0.057   0.047   0.000 01E0B9M000t
00009 ARG01A0160_009 f 0.00  0.000     0  0.00  0  0  -7.621   1.388   3.898   0.108  -0.213   0.000 01E0D0M000t
00010 ARG01A0160_010 f 0.00  0.000     0  0.00  0  0 -12.125   3.918   0.547   0.002   0.016   0.000 01E0DEM000t
00011 ARG01A0160_011 f 0.00  0.000     0  0.00  0  0  -9.405   1.164   3.742   0.143   0.275   0.000 01E0E0M000t
00012 ARG01A0160_012 f 0.00  0.000     0  0.00  0  0  -8.724   1.478   4.122   0.022  -0.027   0.000 01T02BM000t
00013 ARG01A0160_013 f 0.00  0.000     0  0.00  0  0  -7.000   0.342   0.497   0.011   0.144   0.000 01T064M000t
00014 ARG01A0160_014 f 0.00  0.000     0  0.00  0  0  -9.679   1.144   0.478   0.008  -0.105   0.000 01T078M000t
00015 ARG01A0160_015 f 0.00  0.000     0  0.00  0  0 -10.640   1.211   3.288   0.022  -0.076   0.000 01T079M000t
00016 ARG01A0160_016 f 0.00  0.000     0  0.00  0  0 -10.572   1.215   3.143   0.041   0.011   0.000 01T081M000t
00017 ARG01A0160_017 f 0.00  0.000     0  0.00  0  0 -10.158   2.756   3.234   0.039   0.012   0.000 01T088M000t
00018 ARG01A0160_018 f 0.00  0.000     0  0.00  0  0  -7.491   0.694   3.972  -0.060   0.172   0.000 01T0D6M000t
00019 ARG01A0160_019 f 0.00  0.000     0  0.00  0  0 -11.174   4.969   1.266   0.111   0.105   0.000 01T0D7M000t
00020 ARG01A0160_020 f 0.00  0.000     0  0.00  0  0 -10.741   5.444   3.292   0.052   0.045   0.000 01T0DAM000t
00021 ARG02A0160_021 f 0.00  0.000     0  0.00  0  0 -10.779   1.605   3.800   0.114   1.136   0.000 02E00CM000t
00022 ARG02A0160_022 f 0.00  0.000     0  0.00  0  0  -8.804   1.268   3.721   0.019   0.910   0.000 02E02BM000t
00023 ARG02A0160_023 f 0.00  0.000     0  0.00  0  0  -7.588   1.471   3.857   0.119   0.747   0.000 02E0D0M000t
00024 ARG02A0160_024 f 0.00  0.000     0  0.00  0  0 -10.892   0.531   0.481   0.023   0.498   0.000 02O000M000t
00025 ARG02A0160_025 f 0.00  0.000     0  0.00  0  0 -10.604   1.198   3.123   0.020   0.778   0.000 02E079M000t
00026 ARG02A0160_026 f 0.00  0.000     0  0.00  0  0 -12.184   4.280   0.459   0.267   0.560   0.000 02E0DEM000t
00027 ARG02A0160_027 f 0.00  0.000     0  0.00  0  0 -10.616   1.208   3.148   0.029   0.825   0.000 02T081M000t
00028 ARG02A0160_028 f 0.00  0.000     0  0.00  0  0 -10.503   1.360   3.359   0.080   1.043   0.000 02T0B3M000t
00029 ARG02A0160_029 f 0.00  0.000     0  0.00  0  0  -9.680   1.140   0.463   0.025   0.986   0.000 02T078M000t
00030 ARG02A0160_030 f 0.00  0.000     0  0.00  0  0 -10.657   6.433   1.068   0.118   0.720   0.000 02T0D7M000t
00031 ARG02A0160_031 f 0.00  0.000     0  0.00  0  0 -11.198   1.383   3.158   0.029   0.699   0.000 02T004M000t
00032 ARG02A0160_032 f 0.00  0.000     0  0.00  0  0 -11.096   1.529   5.933   0.028   0.252   0.000 02T01EM000t
00033 ARG02A0160_033 f 0.00  0.000     0  0.00  0  0 -11.621   3.512   6.028   0.103   0.788   0.000 02T03BM000t
00034 ARG02A0160_034 f 0.00  0.000     0  0.00  0  0 -11.294   0.622   0.438   0.016   0.742   0.000 02T06BM000t
00035 ARG02A0160_035 f 0.00  0.000     0  0.00  0  0  -7.277   0.656   3.822   0.013   0.742   0.000 02T0D6M000t
00036 ARG02A0160_036 f 0.00  0.000     0  0.00  0  0 -10.829   5.491   3.249   0.021   0.744   0.000 02T0DAM000t
00037 ARG02A0160_037 f 0.00  0.000     0  0.00  0  0  -9.179   1.197   3.702  -0.043   0.883   0.000 02T0E0M000t
00038 ARG02A0160_038 f 0.00  0.000     0  0.00  0  0  -7.404   0.354   0.486  -0.023   0.967   0.000 02T064M000t
00039 ARG02A0160_039 f 0.00  0.000     0  0.00  0  0 -10.083   2.545   3.108  -0.005   0.515   0.000 02T088M000t
00040 ARG02A0160_040 f 0.00  0.000     0  0.00  0  0  -7.616   0.673   3.867   0.032   0.643   0.000 02T0B9M000t
00041 ARG03A0160_041 f 0.00  0.000     0  0.00  0  0 -10.955   0.531   0.481   0.022   0.917   0.000 03O000M000t
00042 ARG03A0160_042 f 0.00  0.000     0  0.00  0  0  -6.677   0.335   0.489   0.014   1.088   0.000 03E064M000t
00043 ARG03A0160_043 f 0.00  0.000     0  0.00  0  0 -10.776   0.611   0.436   0.021   1.051   0.000 03E06BM000t
00044 ARG03A0160_044 f 0.00  0.000     0  0.00  0  0  -8.816   1.266   3.708   0.009   0.939   0.000 03E02BM000t
00045 ARG03A0160_045 f 0.00  0.000     0  0.00  0  0 -10.691   1.208   3.142   0.028   0.692   0.000 03E081M000t
00046 ARG03A0160_046 f 0.00  0.000     0  0.00  0  0 -10.225   1.376   3.353   0.079   1.037   0.000 03T0B3M000t
00047 ARG03A0160_047 f 0.00  0.000     0  0.00  0  0  -9.235   1.223   3.707  -0.016   1.007   0.000 03T0E0M000t
00048 ARG03A0160_048 f 0.00  0.000     0  0.00  0  0 -10.812   1.615   3.798   0.109   1.072   0.000 03T00CM000t
00049 ARG03A0160_049 f 0.00  0.000     0  0.00  0  0 -11.300   1.533   5.938   0.028   0.531   0.000 03T01EM000t
00050 ARG03A0160_050 f 0.00  0.000     0  0.00  0  0  -9.691   1.143   0.461   0.028   0.802   0.000 03T078M000t
00051 ARG03A0160_051 f 0.00  0.000     0  0.00  0  0 -11.201   1.379   3.157   0.011   0.818   0.000 03T004M000t
00052 ARG03A0160_052 f 0.00  0.000     0  0.00  0  0 -10.668   1.192   3.129   0.023   0.562   0.000 03T079M000t
00053 ARG03A0160_053 f 0.00  0.000     0  0.00  0  0  -7.635   1.476   3.859   0.115   0.669   0.000 03T0D0M000t
00054 ARG03A0160_054 f 0.00  0.000     0  0.00  0  0  -7.274   0.602   3.829  -0.082   0.851   0.000 03T0D6M000t
00055 ARG03A0160_055 f 0.00  0.000     0  0.00  0  0 -10.641   6.454   1.064   0.096   0.671   0.000 03T0D7M000t
00056 ARG03A0160_056 f 0.00  0.000     0  0.00  0  0 -10.835   5.502   3.248   0.042   0.908   0.000 03T0DAM000t
00057 ARG03A0160_057 f 0.00  0.000     0  0.00  0  0 -11.728   3.466   6.014   0.032   0.731   0.000 03T03BM000t
00058 ARG03A0160_058 f 0.00  0.000     0  0.00  0  0 -10.134   2.534   3.114   0.022   0.518   0.000 03T088M000t
00059 ARG03A0160_059 f 0.00  0.000     0  0.00  0  0  -7.682   0.667   3.868   0.058   0.628   0.000 03T0B9M000t
00060 ARG03A0160_060 f 0.00  0.000     0  0.00  0  0 -12.149   4.224   0.457  -0.019   0.955   0.000 03T0DEM000t
00061 ARG+1A0160_061 f 0.00  1.000     0 12.50  0  1 -10.994   0.530   0.481   0.129  -0.216   0.000 +1O000M000t
00062 ARG+1A0160_062 f 0.00  1.000     0 12.50  0  1 -10.870   1.606   3.800   0.381   0.337   0.000 +1E00CM000t
00063 ARG+1A0160_063 f 0.00  1.000     0 12.50  0  1  -6.736   0.339   0.489   0.071  -0.052   0.000 +1E064M000t
00064 ARG+1A0160_064 f 0.00  1.000     0 12.50  0  1 -10.665   1.207   3.148   0.112  -0.284   0.000 +1E081M000t
00065 ARG+1A0160_065 f 0.00  1.000     0 12.50  0  1 -10.167   2.543   3.121   0.060  -0.283   0.000 +1E088M000t
00066 ARG+1A0160_066 f 0.00  1.000     0 12.50  0  1  -7.707   1.470   3.858   0.244  -0.483   0.000 +1E0D0M000t
00067 ARG+1A0160_067 f 0.00  1.000     0 12.50  0  1 -10.916   5.503   3.250   0.083  -0.084   0.000 +1E0DAM000t
00068 ARG+1A0160_068 f 0.00  1.000     0 12.50  0  1 -12.265   4.242   0.459  -0.154  -0.236   0.000 +1E0DEM000t
00069 ARG+1A0160_069 f 0.00  1.000     0 12.50  0  1 -11.279   1.382   3.158   0.133  -0.041   0.000 +1T004M000t
00070 ARG+1A0160_070 f 0.00  1.000     0 12.50  0  1 -11.267   1.525   5.937   0.093  -0.474   0.000 +1T01EM000t
00071 ARG+1A0160_071 f 0.00  1.000     0 12.50  0  1  -8.888   1.272   3.728   0.129  -0.051   0.000 +1T02BM000t
00072 ARG+1A0160_072 f 0.00  1.000     0 12.50  0  1 -11.833   3.521   6.032   0.036  -0.214   0.000 +1T03BM000t
00073 ARG+1A0160_073 f 0.00  1.000     0 12.50  0  1 -10.978   0.609   0.439   0.086  -0.159   0.000 +1T06BM000t
00074 ARG+1A0160_074 f 0.00  1.000     0 12.50  0  1  -9.766   1.142   0.463   0.147  -0.164   0.000 +1T078M000t
00075 ARG+1A0160_075 f 0.00  1.000     0 12.50  0  1 -10.686   1.190   3.132   0.120  -0.250   0.000 +1T079M000t
00076 ARG+1A0160_076 f 0.00  1.000     0 12.50  0  1 -10.383   1.389   3.353   0.156  -0.113   0.000 +1T0B3M000t
00077 ARG+1A0160_077 f 0.00  1.000     0 12.50  0  1  -7.743   0.666   3.868   0.142  -0.137   0.000 +1T0B9M000t
00078 ARG+1A0160_078 f 0.00  1.000     0 12.50  0  1  -7.375   0.611   3.827   0.150  -0.155   0.000 +1T0D6M000t
00079 ARG+1A0160_079 f 0.00  1.000     0 12.50  0  1 -10.683   6.446   1.069   0.062  -0.009   0.000 +1T0D7M000t
00080 ARG+1A0160_080 f 0.00  1.000     0 12.50  0  1  -9.314   1.209   3.703  -0.256   0.496   0.000 +1T0E0M000t
