   confID        vdw0    sas     sum
ARG01A0160_001   3.097 -13.965 -10.868
ARG01A0160_002   3.122 -14.270 -11.148
ARG01A0160_003   3.465 -14.104 -10.638
ARG01A0160_004   2.770 -14.072 -11.302
ARG01A0160_005   2.492 -14.126 -11.634
ARG01A0160_006   3.253 -14.112 -10.860
ARG01A0160_007   3.762 -14.147 -10.385
ARG01A0160_008   6.626 -14.112  -7.485
ARG01A0160_009   6.653 -14.274  -7.621
ARG01A0160_010   1.958 -14.083 -12.125
ARG01A0160_011   4.740 -14.145  -9.405
ARG01A0160_012   5.683 -14.407  -8.724
ARG01A0160_013   6.483 -13.483  -7.000
ARG01A0160_014   4.016 -13.695  -9.679
ARG01A0160_015   3.402 -14.043 -10.640
ARG01A0160_016   3.749 -14.321 -10.572
ARG01A0160_017   3.437 -13.595 -10.158
ARG01A0160_018   6.488 -13.980  -7.491
ARG01A0160_019   3.147 -14.321 -11.174
ARG01A0160_020   3.181 -13.922 -10.741
ARG02A0160_021   3.392 -14.171 -10.779
ARG02A0160_022   5.626 -14.430  -8.804
ARG02A0160_023   6.731 -14.319  -7.588
ARG02A0160_024   3.074 -13.965 -10.892
ARG02A0160_025   3.567 -14.171 -10.604
ARG02A0160_026   2.070 -14.253 -12.184
ARG02A0160_027   3.704 -14.321 -10.616
ARG02A0160_028   3.737 -14.240 -10.503
ARG02A0160_029   3.951 -13.631  -9.680
ARG02A0160_030   3.237 -13.893 -10.657
ARG02A0160_031   3.123 -14.322 -11.198
ARG02A0160_032   2.809 -13.905 -11.096
ARG02A0160_033   2.588 -14.210 -11.621
ARG02A0160_034   3.015 -14.308 -11.294
ARG02A0160_035   6.658 -13.935  -7.277
ARG02A0160_036   3.211 -14.041 -10.829
ARG02A0160_037   5.024 -14.203  -9.179
ARG02A0160_038   6.143 -13.547  -7.404
ARG02A0160_039   3.561 -13.644 -10.083
ARG02A0160_040   6.679 -14.295  -7.616
ARG03A0160_041   3.010 -13.965 -10.955
ARG03A0160_042   6.754 -13.431  -6.677
ARG03A0160_043   3.317 -14.093 -10.776
ARG03A0160_044   5.614 -14.430  -8.816
ARG03A0160_045   3.697 -14.388 -10.691
ARG03A0160_046   4.002 -14.227 -10.225
ARG03A0160_047   4.972 -14.207  -9.235
ARG03A0160_048   3.410 -14.223 -10.812
ARG03A0160_049   2.740 -14.040 -11.300
ARG03A0160_050   3.940 -13.631  -9.691
ARG03A0160_051   3.137 -14.338 -11.201
ARG03A0160_052   3.516 -14.184 -10.668
ARG03A0160_053   6.748 -14.383  -7.635
ARG03A0160_054   6.613 -13.887  -7.274
ARG03A0160_055   3.252 -13.893 -10.641
ARG03A0160_056   3.158 -13.993 -10.835
ARG03A0160_057   2.529 -14.258 -11.728
ARG03A0160_058   3.510 -13.644 -10.134
ARG03A0160_059   6.613 -14.295  -7.682
ARG03A0160_060   2.037 -14.186 -12.149
ARG+1A0160_061   2.972 -13.965 -10.994
ARG+1A0160_062   3.352 -14.223 -10.870
ARG+1A0160_063   6.695 -13.431  -6.736
ARG+1A0160_064   3.656 -14.321 -10.665
ARG+1A0160_065   3.477 -13.644 -10.167
ARG+1A0160_066   6.676 -14.383  -7.707
ARG+1A0160_067   3.124 -14.041 -10.916
ARG+1A0160_068   1.989 -14.253 -12.265
ARG+1A0160_069   3.059 -14.338 -11.279
ARG+1A0160_070   2.705 -13.973 -11.267
ARG+1A0160_071   5.607 -14.495  -8.888
ARG+1A0160_072   2.489 -14.322 -11.833
ARG+1A0160_073   3.250 -14.228 -10.978
ARG+1A0160_074   3.916 -13.683  -9.766
ARG+1A0160_075   3.485 -14.171 -10.686
ARG+1A0160_076   3.908 -14.291 -10.383
ARG+1A0160_077   6.552 -14.295  -7.743
ARG+1A0160_078   6.560 -13.935  -7.375
ARG+1A0160_079   3.210 -13.893 -10.683
ARG+1A0160_080   4.941 -14.255  -9.314
