CONFORMER         crg  vdw0  vdw1  tors  epol  self   occ  Hb     history    ASA
HIS01A0082_001  0.000-11.69  0.30  0.00  0.00-11.40 0.520  00  01O000M000  1.000
HIS01A0082_002  0.000-12.17  0.28  0.00  0.00-11.89 0.520  00  01R001M000  1.000
HIS01A0082_003  0.000-11.90  1.01  2.80  0.00 -8.10 0.519  00  01E004M000  1.000
HIS01A0082_004  0.000-11.90  5.17  0.00  0.00 -6.72 0.521  00  01E006M000  1.000
HIS01A0082_005  0.000-11.60  3.95  0.01  0.00 -7.64 0.518  00  01E009M000  1.000
HIS01A0082_006  0.000-11.79  4.64  0.01  0.00 -7.15 0.521  00  01E00EM000  1.000
HIS01A0082_007  0.000-11.43  2.00  0.00  0.00 -9.42 0.520  00  01E00FM000  1.000
HIS01A0082_008  0.000-11.33  5.64  2.80  0.00 -2.88 0.520  00  01E010M000  1.000
HIS01A0082_009  0.000-11.64  3.42  0.00  0.00 -8.22 0.521  00  01E012M000  1.000
HIS01A0082_010  0.000-11.85  1.07  0.00  0.00-10.78 0.518  00  01E013M000  1.000
HIS01A0082_011  0.000-12.55  2.95  2.80  0.00 -6.80 0.521  00  01E017M000  1.000
HIS01A0082_012  0.000-11.80  2.21  0.00  0.00 -9.59 0.521  00  01T005M000  1.000
HIS01A0082_013  0.000-12.05  7.15  2.80  0.00 -2.10 0.520  00  01T00AM000  1.000
HIS01A0082_014  0.000-11.76  5.83  0.01  0.00 -5.92 0.520  00  01T00BM000  1.000
HIS01A0082_015  0.000-11.83  0.55  0.00  0.00-11.29 0.517  00  01T00DM000  1.000
HIS01A0082_016  0.000-11.71  1.10  0.00  0.00-10.61 0.517  00  01T011M000  1.000
HIS01A0082_017  0.000-12.09  4.31  2.80  0.00 -4.98 0.520  00  01T014M000  1.000
HIS01A0082_018  0.000-12.10  1.79  2.80  0.00 -7.51 0.518  00  01T015M000  1.000
HIS01A0082_019  0.000-11.48  1.54  2.80  0.00 -7.14 0.522  00  01T018M000  1.000
HIS02A0082_020  0.000-11.71  0.27  0.00  0.00-11.44 0.520  00  02O000M000  1.000
HIS02A0082_021  0.000-12.18  0.26  0.00  0.00-11.92 0.520  00  02R001M000  1.000
HIS02A0082_022  0.000-11.92  0.97  2.80  0.00 -8.15 0.519  00  02E004M000  1.000
HIS02A0082_023  0.000-11.86  2.17  0.00  0.00 -9.69 0.521  00  02E005M000  1.000
HIS02A0082_024  0.000-11.73  0.52  0.00  0.00-11.21 0.517  00  02E00DM000  1.000
HIS02A0082_025  0.000-11.81  4.64  0.01  0.00 -7.16 0.521  00  02E00EM000  1.000
HIS02A0082_026  0.000-11.45  2.00  0.00  0.00 -9.45 0.520  00  02E00FM000  1.000
HIS02A0082_027  0.000-11.35  3.79  0.00  0.00 -7.56 0.521  00  02E012M000  1.000
HIS02A0082_028  0.000-12.24  1.79  2.80  0.00 -7.66 0.518  00  02E015M000  1.000
HIS02A0082_029  0.000-11.76  4.96  0.00  0.00 -6.80 0.521  00  02T006M000  1.000
HIS02A0082_030  0.000-11.91  4.75  0.01  0.00 -7.15 0.518  00  02T009M000  1.000
HIS02A0082_031  0.000-12.00  7.12  2.80  0.00 -2.08 0.520  00  02T00AM000  1.000
HIS02A0082_032  0.000-11.63  5.77  0.01  0.00 -5.85 0.520  00  02T00BM000  1.000
HIS02A0082_033  0.000-11.35  5.63  2.80  0.00 -2.92 0.520  00  02T010M000  1.000
HIS02A0082_034  0.000-11.60  1.18  0.00  0.00-10.42 0.517  00  02T011M000  1.000
HIS02A0082_035  0.000-11.94  1.06  0.00  0.00-10.88 0.518  00  02T013M000  1.000
HIS02A0082_036  0.000-12.09  4.26  2.80  0.00 -5.03 0.520  00  02T014M000  1.000
HIS02A0082_037  0.000-12.61  2.95  2.80  0.00 -6.87 0.521  00  02T017M000  1.000
HIS02A0082_038  0.000-11.50  1.53  2.80  0.00 -7.17 0.522  00  02T018M000  1.000
HIS+1A0082_039  1.000-11.74  0.27  0.00  0.00-11.46 0.520  00  +1O000M000  1.000
HIS+1A0082_040  1.000-11.95  0.97  2.80  0.00 -8.18 0.519  00  +1E004M000  1.000
HIS+1A0082_041  1.000-11.89  2.17  0.00  0.00 -9.72 0.521  00  +1E005M000  1.000
HIS+1A0082_042  1.000-11.87  5.06  0.00  0.00 -6.81 0.521  00  +1E006M000  1.000
HIS+1A0082_043  1.000-11.92  0.25  0.00  0.00-11.67 0.522  00  +1E007M000  1.000
HIS+1A0082_044  1.000-11.97  4.45  0.01  0.00 -7.52 0.518  00  +1E009M000  1.000
HIS+1A0082_045  1.000-11.76  0.52  0.00  0.00-11.24 0.517  00  +1E00DM000  1.000
HIS+1A0082_046  1.000-11.48  2.01  0.00  0.00 -9.46 0.520  00  +1E00FM000  1.000
HIS+1A0082_047  1.000-11.39  5.67  2.80  0.00 -2.92 0.520  00  +1E010M000  1.000
HIS+1A0082_048  1.000-11.44  3.88  0.00  0.00 -7.56 0.521  00  +1E012M000  1.000
HIS+1A0082_049  1.000-11.90  1.07  0.00  0.00-10.83 0.518  00  +1E013M000  1.000
HIS+1A0082_050  1.000-12.20  1.79  2.80  0.00 -7.62 0.518  00  +1E015M000  1.000
HIS+1A0082_051  1.000-12.64  2.96  2.80  0.00 -6.88 0.521  00  +1E017M000  1.000
HIS+1A0082_052  1.000-11.53  1.53  2.80  0.00 -7.19 0.522  00  +1E018M000  1.000
HIS+1A0082_053  1.000-12.03  7.12  2.80  0.00 -2.10 0.520  00  +1T00AM000  1.000
HIS+1A0082_054  1.000-11.81  5.95  0.01  0.00 -5.85 0.520  00  +1T00BM000  1.000
HIS+1A0082_055  1.000-11.89  4.77  0.01  0.00 -7.11 0.521  00  +1T00EM000  1.000
HIS+1A0082_056  1.000-11.62  1.19  0.00  0.00-10.44 0.517  00  +1T011M000  1.000
HIS+1A0082_057  1.000-12.12  4.27  2.80  0.00 -5.05 0.520  00  +1T014M000  1.000
