iConf CONFORMER     FL  occ    crg   Em0  pKa0 ne nH    vdw0    vdw1    tors    epol   dsolv   extra    history
00001 HIS01A0082_001 f 0.00  0.000     0  0.00  0  0 -11.693   0.295   0.000   0.300   0.261   0.000 01O000M000t
00002 HIS01A0082_002 f 0.00  0.000     0  0.00  0  0 -12.170   0.282   0.000   0.220   0.271   0.000 01R001M000t
00003 HIS01A0082_003 f 0.00  0.000     0  0.00  0  0 -11.903   1.003   2.800   0.341   0.370   0.000 01E004M000t
00004 HIS01A0082_004 f 0.00  0.000     0  0.00  0  0 -11.900   5.173   0.002  -0.160   0.274   0.000 01E006M000t
00005 HIS01A0082_005 f 0.00  0.000     0  0.00  0  0 -11.604   3.947   0.008   0.527   0.275   0.000 01E009M000t
00006 HIS01A0082_006 f 0.00  0.000     0  0.00  0  0 -11.792   4.641   0.006   0.327   0.354   0.000 01E00EM000t
00007 HIS01A0082_007 f 0.00  0.000     0  0.00  0  0 -11.429   2.002   0.001   0.380   0.426   0.000 01E00FM000t
00008 HIS01A0082_008 f 0.00  0.000     0  0.00  0  0 -11.326   5.652   2.800   0.552   0.398   0.000 01E010M000t
00009 HIS01A0082_009 f 0.00  0.000     0  0.00  0  0 -11.642   3.424   0.000   0.312   0.444   0.000 01E012M000t
00010 HIS01A0082_010 f 0.00  0.000     0  0.00  0  0 -11.854   1.070   0.000   0.411   0.405   0.000 01E013M000t
00011 HIS01A0082_011 f 0.00  0.000     0  0.00  0  0 -12.547   2.948   2.800   0.373   0.381   0.000 01E017M000t
00012 HIS01A0082_012 f 0.00  0.000     0  0.00  0  0 -11.804   2.209   0.000   0.117   0.470   0.000 01T005M000t
00013 HIS01A0082_013 f 0.00  0.000     0  0.00  0  0 -12.049   7.157   2.800   0.283   0.446   0.000 01T00AM000t
00014 HIS01A0082_014 f 0.00  0.000     0  0.00  0  0 -11.757   5.843   0.009   0.172   0.552   0.000 01T00BM000t
00015 HIS01A0082_015 f 0.00  0.000     0  0.00  0  0 -11.831   0.543   0.000   0.300   0.281   0.000 01T00DM000t
00016 HIS01A0082_016 f 0.00  0.000     0  0.00  0  0 -11.712   1.099   0.000   0.382   0.468   0.000 01T011M000t
00017 HIS01A0082_017 f 0.00  0.000     0  0.00  0  0 -12.095   4.306   2.800   0.245   0.344   0.000 01T014M000t
00018 HIS01A0082_018 f 0.00  0.000     0  0.00  0  0 -12.097   1.794   2.800   0.247   0.489   0.000 01T015M000t
00019 HIS01A0082_019 f 0.00  0.000     0  0.00  0  0 -11.481   1.541   2.800   0.381   0.257   0.000 01T018M000t
00020 HIS02A0082_020 f 0.00  0.000     0  0.00  0  0 -11.709   0.273   0.000   0.157   0.049   0.000 02O000M000t
00021 HIS02A0082_021 f 0.00  0.000     0  0.00  0  0 -12.183   0.264   0.000   0.142   0.235   0.000 02R001M000t
00022 HIS02A0082_022 f 0.00  0.000     0  0.00  0  0 -11.919   0.966   2.800   0.164   0.336   0.000 02E004M000t
00023 HIS02A0082_023 f 0.00  0.000     0  0.00  0  0 -11.864   2.175   0.000   0.219   0.427   0.000 02E005M000t
00024 HIS02A0082_024 f 0.00  0.000     0  0.00  0  0 -11.732   0.521   0.000   0.155   0.261   0.000 02E00DM000t
00025 HIS02A0082_025 f 0.00  0.000     0  0.00  0  0 -11.812   4.638   0.005   0.237   0.198   0.000 02E00EM000t
00026 HIS02A0082_026 f 0.00  0.000     0  0.00  0  0 -11.449   1.994   0.001   0.351   0.377   0.000 02E00FM000t
00027 HIS02A0082_027 f 0.00  0.000     0  0.00  0  0 -11.346   3.787   0.000   0.211   0.254   0.000 02E012M000t
00028 HIS02A0082_028 f 0.00  0.000     0  0.00  0  0 -12.177   1.782   2.800   0.243   0.396   0.000 02E015M000t
00029 HIS02A0082_029 f 0.00  0.000     0  0.00  0  0 -11.763   4.967   0.005   1.223   0.239   0.000 02T006M000t
00030 HIS02A0082_030 f 0.00  0.000     0  0.00  0  0 -11.909   4.750   0.007   0.474   0.200   0.000 02T009M000t
00031 HIS02A0082_031 f 0.00  0.000     0  0.00  0  0 -12.001   7.133   2.800   0.264   0.195   0.000 02T00AM000t
00032 HIS02A0082_032 f 0.00  0.000     0  0.00  0  0 -11.632   5.759   0.013   0.051   0.328   0.000 02T00BM000t
00033 HIS02A0082_033 f 0.00  0.000     0  0.00  0  0 -11.345   5.631   2.799   0.389   0.331   0.000 02T010M000t
00034 HIS02A0082_034 f 0.00  0.000     0  0.00  0  0 -11.598   1.187   0.000   0.352   0.466   0.000 02T011M000t
00035 HIS02A0082_035 f 0.00  0.000     0  0.00  0  0 -12.005   1.060   0.000   0.342   0.365   0.000 02T013M000t
00036 HIS02A0082_036 f 0.00  0.000     0  0.00  0  0 -12.089   4.256   2.799   0.272   0.401   0.000 02T014M000t
00037 HIS02A0082_037 f 0.00  0.000     0  0.00  0  0 -12.613   2.941   2.800   0.276   0.114   0.000 02T017M000t
00038 HIS02A0082_038 f 0.00  0.000     0  0.00  0  0 -11.500   1.530   2.800   0.225   0.272   0.000 02T018M000t
00039 HIS+1A0082_039 f 0.00  1.000     0  6.98  0  1 -11.736   0.271   0.000   0.457  -0.392   0.000 +1O000M000t
00040 HIS+1A0082_040 f 0.00  1.000     0  6.98  0  1 -11.945   0.964   2.800   0.404  -0.273   0.000 +1E004M000t
00041 HIS+1A0082_041 f 0.00  1.000     0  6.98  0  1 -11.891   2.166   0.000   0.575  -0.012   0.000 +1E005M000t
00042 HIS+1A0082_042 f 0.00  1.000     0  6.98  0  1 -11.874   5.051   0.004   2.117  -0.264   0.000 +1E006M000t
00043 HIS+1A0082_043 f 0.00  1.000     0  6.98  0  1 -11.921   0.249   0.000   0.488  -0.290   0.000 +1E007M000t
00044 HIS+1A0082_044 f 0.00  1.000     0  6.98  0  1 -11.905   4.439   0.006   0.863  -0.307   0.000 +1E009M000t
00045 HIS+1A0082_045 f 0.00  1.000     0  6.98  0  1 -11.760   0.521   0.000   0.393  -0.375   0.000 +1E00DM000t
00046 HIS+1A0082_046 f 0.00  1.000     0  6.98  0  1 -11.476   2.009   0.001   0.669  -0.291   0.000 +1E00FM000t
00047 HIS+1A0082_047 f 0.00  1.000     0  6.98  0  1 -11.391   5.660   2.800   0.439  -0.308   0.000 +1E010M000t
00048 HIS+1A0082_048 f 0.00  1.000     0  6.98  0  1 -11.440   3.877   0.000   0.204  -0.378   0.000 +1E012M000t
00049 HIS+1A0082_049 f 0.00  1.000     0  6.98  0  1 -11.900   1.069   0.000   0.349  -0.366   0.000 +1E013M000t
00050 HIS+1A0082_050 f 0.00  1.000     0  6.98  0  1 -12.204   1.782   2.800   0.503  -0.149   0.000 +1E015M000t
00051 HIS+1A0082_051 f 0.00  1.000     0  6.98  0  1 -12.644   2.959   2.800   0.499  -0.367   0.000 +1E017M000t
00052 HIS+1A0082_052 f 0.00  1.000     0  6.98  0  1 -11.526   1.528   2.800   0.457  -0.318   0.000 +1E018M000t
00053 HIS+1A0082_053 f 0.00  1.000     0  6.98  0  1 -12.094   7.127   2.800   0.518  -0.416   0.000 +1T00AM000t
00054 HIS+1A0082_054 f 0.00  1.000     0  6.98  0  1 -11.807   5.956   0.008   0.349   0.127   0.000 +1T00BM000t
00055 HIS+1A0082_055 f 0.00  1.000     0  6.98  0  1 -11.885   4.771   0.005   0.487  -0.387   0.000 +1T00EM000t
00056 HIS+1A0082_056 f 0.00  1.000     0  6.98  0  1 -11.692   1.182   0.000   0.376  -0.223   0.000 +1T011M000t
00057 HIS+1A0082_057 f 0.00  1.000     0  6.98  0  1 -12.116   4.269   2.800   0.505  -0.115   0.000 +1T014M000t
