   confID        vdw0    sas     sum
HIS01A0082_001  -0.256 -11.437 -11.693
HIS01A0082_002  -0.232 -11.938 -12.170
HIS01A0082_003  -0.256 -11.647 -11.903
HIS01A0082_004  -0.310 -11.591 -11.900
HIS01A0082_005  -0.228 -11.376 -11.604
HIS01A0082_006  -0.312 -11.480 -11.792
HIS01A0082_007  -0.235 -11.194 -11.429
HIS01A0082_008  -0.199 -11.127 -11.326
HIS01A0082_009  -0.207 -11.435 -11.642
HIS01A0082_010  -0.237 -11.618 -11.854
HIS01A0082_011  -0.309 -12.238 -12.547
HIS01A0082_012  -0.359 -11.444 -11.804
HIS01A0082_013  -0.201 -11.848 -12.049
HIS01A0082_014  -0.366 -11.392 -11.757
HIS01A0082_015  -0.202 -11.629 -11.831
HIS01A0082_016  -0.311 -11.401 -11.712
HIS01A0082_017  -0.360 -11.736 -12.095
HIS01A0082_018  -0.312 -11.785 -12.097
HIS01A0082_019  -0.237 -11.243 -11.481
HIS02A0082_020  -0.272 -11.437 -11.709
HIS02A0082_021  -0.244 -11.938 -12.183
HIS02A0082_022  -0.272 -11.647 -11.919
HIS02A0082_023  -0.373 -11.492 -11.864
HIS02A0082_024  -0.219 -11.512 -11.732
HIS02A0082_025  -0.332 -11.480 -11.812
HIS02A0082_026  -0.255 -11.194 -11.449
HIS02A0082_027  -0.224 -11.123 -11.346
HIS02A0082_028  -0.328 -11.849 -12.177
HIS02A0082_029  -0.323 -11.440 -11.763
HIS02A0082_030  -0.252 -11.657 -11.909
HIS02A0082_031  -0.220 -11.780 -12.001
HIS02A0082_032  -0.377 -11.255 -11.632
HIS02A0082_033  -0.219 -11.127 -11.345
HIS02A0082_034  -0.329 -11.270 -11.598
HIS02A0082_035  -0.255 -11.750 -12.005
HIS02A0082_036  -0.373 -11.717 -12.089
HIS02A0082_037  -0.327 -12.285 -12.613
HIS02A0082_038  -0.257 -11.243 -11.500
HIS+1A0082_039  -0.299 -11.437 -11.736
HIS+1A0082_040  -0.299 -11.647 -11.945
HIS+1A0082_041  -0.399 -11.492 -11.891
HIS+1A0082_042  -0.350 -11.523 -11.874
HIS+1A0082_043  -0.249 -11.672 -11.921
HIS+1A0082_044  -0.278 -11.627 -11.905
HIS+1A0082_045  -0.247 -11.512 -11.760
HIS+1A0082_046  -0.282 -11.194 -11.476
HIS+1A0082_047  -0.246 -11.146 -11.391
HIS+1A0082_048  -0.250 -11.190 -11.440
HIS+1A0082_049  -0.282 -11.618 -11.900
HIS+1A0082_050  -0.355 -11.849 -12.204
HIS+1A0082_051  -0.354 -12.290 -12.644
HIS+1A0082_052  -0.283 -11.243 -11.526
HIS+1A0082_053  -0.246 -11.848 -12.094
HIS+1A0082_054  -0.402 -11.404 -11.807
HIS+1A0082_055  -0.358 -11.527 -11.885
HIS+1A0082_056  -0.355 -11.337 -11.692
HIS+1A0082_057  -0.399 -11.717 -12.116
