CONFORMER         crg  vdw0  vdw1  tors  epol  self   occ  Hb     history    ASA
GLU01A0090_001  0.000 -2.81 10.36  3.84  0.00 11.39 0.000  00  01O000M000  1.024
GLU01A0090_002  0.000 -2.96  1.08  3.24  0.00  1.35 0.548  00  01E001M000  1.032
GLU01A0090_003  0.000 -4.39  1.04  3.72  0.00  0.36 0.544  00  01E006M000  1.024
GLU01A0090_004  0.000 -4.52  1.92  3.75  0.00  1.15 0.544  00  01E009M000  1.038
GLU01A0090_005  0.000 -4.02  1.14  5.20  0.00  2.33 0.547  00  01E00BM000  1.000
GLU01A0090_006  0.000 -2.81 10.36  1.12  0.00  8.67 0.000  00  01O000M000  1.024
GLU01A0090_007  0.000 -4.55  2.49  1.15  0.00 -0.92 0.549  00  01E007M000  1.041
GLU01A0090_008  0.000 -3.11  1.82  3.25  0.00  1.95 0.543  00  01T002M000  1.071
GLU01A0090_009  0.000 -3.53  2.68  3.93  0.00  3.08 0.545  00  01T004M000  1.000
GLU01A0090_010  0.000 -4.55  2.49  3.82  0.00  1.76 0.549  00  01T007M000  1.041
GLU01A0090_011  0.000 -4.02  1.08  4.79  0.00  1.86 0.545  00  01T00AM000  1.068
GLU01A0090_012  0.000 -2.65  4.28  3.73  0.00  5.36 0.000  00  01T000M000  1.034
GLU01A0090_013  0.000 -2.96  1.08  0.51  0.00 -1.37 0.548  00  01T001M000  1.032
GLU01A0090_014  0.000 -3.11  1.82  0.53  0.00 -0.77 0.543  00  01T002M000  1.071
GLU01A0090_015  0.000 -3.63  2.51  1.22  0.00  0.11 0.546  00  01T003M000  1.038
GLU01A0090_016  0.000 -3.53  2.68  1.21  0.00  0.36 0.545  00  01T004M000  1.000
GLU01A0090_017  0.000 -4.25  1.03  0.97  0.00 -2.26 0.544  00  01T006M000  1.024
GLU01A0090_018  0.000 -4.43  1.93  1.00  0.00 -1.50 0.544  00  01T009M000  1.088
GLU01A0090_019  0.000 -4.02  1.08  2.07  0.00 -0.86 0.545  00  01T00AM000  1.068
GLU01A0090_020  0.000 -2.65  4.28  1.01  0.00  2.64 0.000  00  01T000M000  1.034
GLU02A0090_021  0.000 -3.26  8.56  3.84  0.00  9.14 0.000  00  02O000M000  1.008
GLU02A0090_022  0.000 -4.44  1.94  3.79  0.00  1.29 0.544  00  02E009M000  1.047
GLU02A0090_023  0.000 -3.29  8.56  1.12  0.00  6.40 0.000  00  02O000M000  1.014
GLU02A0090_024  0.000 -3.37  1.09  0.60  0.00 -1.68 0.548  00  02E001M000  1.031
GLU02A0090_025  0.000 -3.78  2.73  1.22  0.00  0.17 0.545  00  02E004M000  1.008
GLU02A0090_026  0.000 -4.17  1.82  1.10  0.00 -1.25 0.544  00  02E008M000  1.072
GLU02A0090_027  0.000 -4.68  2.36  3.93  0.00  1.61 0.549  00  02T007M000  1.036
GLU02A0090_028  0.000 -3.81  1.12  5.18  0.00  2.48 0.547  00  02T00BM000  1.000
GLU02A0090_029  0.000 -3.33  1.09  3.30  0.00  1.06 0.548  00  02T001M000  1.023
GLU02A0090_030  0.000 -3.78  2.74  3.94  0.00  2.90 0.545  00  02T004M000  1.008
GLU02A0090_031  0.000 -4.17  1.82  3.82  0.00  1.47 0.544  00  02T008M000  1.072
GLU02A0090_032  0.000 -4.66  2.42  1.20  0.00 -1.04 0.549  00  02T007M000  1.052
GLU02A0090_033  0.000 -3.76  1.15  2.41  0.00 -0.19 0.547  00  02T00BM000  1.000
GLU02A0090_034  0.000 -3.16  3.78  1.06  0.00  1.67 0.000  00  02T000M000  1.054
GLU-1A0090_035 -1.000 -3.19  8.58  1.12  0.00  6.52 0.000  00  -1O000M000  1.006
GLU-1A0090_036 -1.000 -3.85  2.73  1.17  0.00  0.05 0.546  00  -1E003M000  1.016
GLU-1A0090_037 -1.000 -3.85  2.84  1.16  0.00  0.15 0.545  00  -1E004M000  1.008
GLU-1A0090_038 -1.000 -4.04  1.04  0.86  0.00 -2.14 0.544  00  -1E006M000  1.008
GLU-1A0090_039 -1.000 -4.62  2.22  1.10  0.00 -1.31 0.549  00  -1E007M000  1.044
GLU-1A0090_040 -1.000 -4.42  1.92  0.89  0.00 -1.61 0.544  00  -1E009M000  1.048
GLU-1A0090_041 -1.000 -3.99  1.11  2.30  0.00 -0.57 0.547  00  -1E00BM000  1.000
