iConf CONFORMER     FL  occ    crg   Em0  pKa0 ne nH    vdw0    vdw1    tors    epol   dsolv   extra    history
00001 GLU01A0090_001 f 0.00  0.000     0  0.00  0  0  -2.811  10.360   3.845   0.145   0.132   0.000 01O000M000t
00002 GLU01A0090_002 f 0.00  0.000     0  0.00  0  0  -2.971   1.078   3.240   0.114  -0.252   0.000 01E001M000t
00003 GLU01A0090_003 f 0.00  0.000     0  0.00  0  0  -4.392   1.037   3.720   0.059  -0.560   0.000 01E006M000t
00004 GLU01A0090_004 f 0.00  0.000     0  0.00  0  0  -4.520   1.913   3.752   0.103  -0.690   0.000 01E009M000t
00005 GLU01A0090_005 f 0.00  0.000     0  0.00  0  0  -4.018   1.142   5.208   0.066  -0.641   0.000 01E00BM000t
00006 GLU01A0090_006 f 0.00  0.000     0  0.00  0  0  -2.811  10.360   1.125   0.163   0.704   0.000 01O000M000t
00007 GLU01A0090_007 f 0.00  0.000     0  0.00  0  0  -4.551   2.497   1.146   0.117   0.712   0.000 01E007M000t
00008 GLU01A0090_008 f 0.00  0.000     0  0.00  0  0  -3.099   1.821   3.249   0.132  -0.325   0.000 01T002M000t
00009 GLU01A0090_009 f 0.00  0.000     0  0.00  0  0  -3.528   2.679   3.935   0.520  -0.325   0.000 01T004M000t
00010 GLU01A0090_010 f 0.00  0.000     0  0.00  0  0  -4.552   2.494   3.817   0.265  -0.535   0.000 01T007M000t
00011 GLU01A0090_011 f 0.00  0.000     0  0.00  0  0  -4.016   1.080   4.798   0.135  -0.369   0.000 01T00AM000t
00012 GLU01A0090_012 f 0.00  0.000     0  0.00  0  0  -2.646   4.288   3.725   0.261  -0.214   0.000 01T000M000t
00013 GLU01A0090_013 f 0.00  0.000     0  0.00  0  0  -2.971   1.082   0.515   0.039   0.635   0.000 01T001M000t
00014 GLU01A0090_014 f 0.00  0.000     0  0.00  0  0  -3.099   1.821   0.529   0.066   0.590   0.000 01T002M000t
00015 GLU01A0090_015 f 0.00  0.000     0  0.00  0  0  -3.627   2.513   1.226   0.135   0.604   0.000 01T003M000t
00016 GLU01A0090_016 f 0.00  0.000     0  0.00  0  0  -3.528   2.679   1.215   0.345   0.668   0.000 01T004M000t
00017 GLU01A0090_017 f 0.00  0.000     0  0.00  0  0  -4.212   1.026   0.966   0.044   0.742   0.000 01T006M000t
00018 GLU01A0090_018 f 0.00  0.000     0  0.00  0  0  -4.427   1.932   0.997   0.066   0.659   0.000 01T009M000t
00019 GLU01A0090_019 f 0.00  0.000     0  0.00  0  0  -4.016   1.080   2.078   0.062   0.707   0.000 01T00AM000t
00020 GLU01A0090_020 f 0.00  0.000     0  0.00  0  0  -2.646   4.288   1.005   0.196   0.664   0.000 01T000M000t
00021 GLU02A0090_021 f 0.00  0.000     0  0.00  0  0  -3.259   8.560   3.845   0.163  -0.590   0.000 02O000M000t
00022 GLU02A0090_022 f 0.00  0.000     0  0.00  0  0  -4.439   1.937   3.790   0.104  -0.576   0.000 02E009M000t
00023 GLU02A0090_023 f 0.00  0.000     0  0.00  0  0  -3.285   8.561   1.125   0.149   0.777   0.000 02O000M000t
00024 GLU02A0090_024 f 0.00  0.000     0  0.00  0  0  -3.374   1.090   0.603   0.041   0.666   0.000 02E001M000t
00025 GLU02A0090_025 f 0.00  0.000     0  0.00  0  0  -3.780   2.730   1.222   0.355   0.618   0.000 02E004M000t
00026 GLU02A0090_026 f 0.00  0.000     0  0.00  0  0  -4.170   1.817   1.097   0.059   0.710   0.000 02E008M000t
00027 GLU02A0090_027 f 0.00  0.000     0  0.00  0  0  -4.687   2.364   3.929   0.167  -0.467   0.000 02T007M000t
00028 GLU02A0090_028 f 0.00  0.000     0  0.00  0  0  -3.813   1.117   5.180   0.113  -0.437   0.000 02T00BM000t
00029 GLU02A0090_029 f 0.00  0.000     0  0.00  0  0  -3.335   1.091   3.301   0.058  -0.638   0.000 02T001M000t
00030 GLU02A0090_030 f 0.00  0.000     0  0.00  0  0  -3.782   2.737   3.942   0.500  -0.574   0.000 02T004M000t
00031 GLU02A0090_031 f 0.00  0.000     0  0.00  0  0  -4.170   1.823   3.817   0.081  -0.583   0.000 02T008M000t
00032 GLU02A0090_032 f 0.00  0.000     0  0.00  0  0  -4.654   2.432   1.196   0.099   0.718   0.000 02T007M000t
00033 GLU02A0090_033 f 0.00  0.000     0  0.00  0  0  -3.756   1.149   2.417   0.065   0.704   0.000 02T00BM000t
00034 GLU02A0090_034 f 0.00  0.000     0  0.00  0  0  -3.156   3.782   1.055   0.178   0.730   0.000 02T000M000t
00035 GLU-1A0090_035 f 0.00 -1.000     0  4.75  0 -1  -3.190   8.584   1.125  -0.348   0.173   0.000 -1O000M000t
00036 GLU-1A0090_036 f 0.00 -1.000     0  4.75  0 -1  -3.846   2.732   1.173  -0.415  -0.021   0.000 -1E003M000t
00037 GLU-1A0090_037 f 0.00 -1.000     0  4.75  0 -1  -3.850   2.833   1.161  -0.477   0.100   0.000 -1E004M000t
00038 GLU-1A0090_038 f 0.00 -1.000     0  4.75  0 -1  -4.042   1.046   0.863  -0.079  -0.316   0.000 -1E006M000t
00039 GLU-1A0090_039 f 0.00 -1.000     0  4.75  0 -1  -4.626   2.218   1.098  -0.350   0.058   0.000 -1E007M000t
00040 GLU-1A0090_040 f 0.00 -1.000     0  4.75  0 -1  -4.418   1.918   0.893  -0.107  -0.240   0.000 -1E009M000t
00041 GLU-1A0090_041 f 0.00 -1.000     0  4.75  0 -1  -3.987   1.115   2.301  -0.069  -0.344   0.000 -1E00BM000t
