iConf CONFORMER     FL  occ    crg   Em0  pKa0 ne nH    vdw0    vdw1    tors    epol   dsolv   extra    history
00001 ARG01A0200_001 f 0.00  0.000     0  0.00  0  0 -13.567   0.617   0.881  -0.011  -0.033   0.000 01O000M000t
00002 ARG01A0200_002 f 0.00  0.000     0  0.00  0  0 -14.080   0.575   1.058   0.116  -0.139   0.000 01E049M000t
00003 ARG01A0200_003 f 0.00  0.000     0  0.00  0  0 -14.122   0.942   6.324   0.056  -0.246   0.000 01E057M000t
00004 ARG01A0200_004 f 0.00  0.000     0  0.00  0  0 -12.864   0.745   4.548   0.011  -0.195   0.000 01E06AM000t
00005 ARG01A0200_005 f 0.00  0.000     0  0.00  0  0 -12.013   0.860   1.289  -0.235   0.260   0.000 01E085M000t
00006 ARG01A0200_006 f 0.00  0.000     0  0.00  0  0 -11.598   1.226   1.255   0.099  -0.161   0.000 01E11DM000t
00007 ARG01A0200_007 f 0.00  0.000     0  0.00  0  0 -13.303   5.199   3.292   0.310  -0.088   0.000 01E128M000t
00008 ARG01A0200_008 f 0.00  0.000     0  0.00  0  0 -11.708  -0.644   1.244  -0.352   0.310   0.000 01E12CM000t
00009 ARG01A0200_009 f 0.00  0.000     0  0.00  0  0 -12.043   0.107   3.681   0.122  -0.119   0.000 01E139M000t
00010 ARG01A0200_010 f 0.00  0.000     0  0.00  0  0 -13.934   0.218   1.056   0.121  -0.115   0.000 01E149M000t
00011 ARG01A0200_011 f 0.00  0.000     0  0.00  0  0 -13.692   0.706   0.849   0.110  -0.058   0.000 01E19CM000t
00012 ARG01A0200_012 f 0.00  0.000     0  0.00  0  0 -12.751   2.991   5.645  -0.022  -0.100   0.000 01E1BCM000t
00013 ARG01A0200_013 f 0.00  0.000     0  0.00  0  0 -14.306   0.856   1.234   0.021  -0.113   0.000 01T012M000t
00014 ARG01A0200_014 f 0.00  0.000     0  0.00  0  0 -13.399   1.251   1.739   0.058  -0.251   0.000 01T033M000t
00015 ARG01A0200_015 f 0.00  0.000     0  0.00  0  0 -11.803   0.688   3.236   0.018  -0.212   0.000 01T078M000t
00016 ARG01A0200_016 f 0.00  0.000     0  0.00  0  0 -13.274   3.369   3.247   0.068   0.023   0.000 01T0B9M000t
00017 ARG01A0200_017 f 0.00  0.000     0  0.00  0  0 -11.642   0.069   3.001   0.059   0.007   0.000 01T0CCM000t
00018 ARG01A0200_018 f 0.00  0.000     0  0.00  0  0 -13.112   0.312   2.986  -0.225  -0.110   0.000 01T199M000t
00019 ARG01A0200_019 f 0.00  0.000     0  0.00  0  0 -11.995   0.740   1.393   0.012  -0.164   0.000 01T1ABM000t
00020 ARG01A0200_020 f 0.00  0.000     0  0.00  0  0  -9.059   0.628   3.658   0.076  -0.149   0.000 01T1ADM000t
00021 ARG02A0200_021 f 0.00  0.000     0  0.00  0  0 -13.436   3.392   3.243   0.053   0.932   0.000 02E0B9M000t
00022 ARG02A0200_022 f 0.00  0.000     0  0.00  0  0 -13.574   0.610   0.881   0.035   0.655   0.000 02O000M000t
00023 ARG02A0200_023 f 0.00  0.000     0  0.00  0  0 -13.774   0.720   0.787   0.004   0.690   0.000 02E19CM000t
00024 ARG02A0200_024 f 0.00  0.000     0  0.00  0  0  -8.970   0.694   3.667  -0.017   0.599   0.000 02E1ADM000t
00025 ARG02A0200_025 f 0.00  0.000     0  0.00  0  0 -14.263   0.598   0.769   0.059   0.898   0.000 02T012M000t
00026 ARG02A0200_026 f 0.00  0.000     0  0.00  0  0 -13.912   0.857   5.426   0.063   0.873   0.000 02T057M000t
00027 ARG02A0200_027 f 0.00  0.000     0  0.00  0  0 -11.945   0.135   3.568   0.109   1.003   0.000 02T139M000t
00028 ARG02A0200_028 f 0.00  0.000     0  0.00  0  0 -11.627   0.689   3.134   0.008   1.226   0.000 02T078M000t
00029 ARG02A0200_029 f 0.00  0.000     0  0.00  0  0 -11.786  -0.651   1.237  -0.164   1.240   0.000 02T12CM000t
00030 ARG02A0200_030 f 0.00  0.000     0  0.00  0  0 -13.526   0.194   0.935   0.116   1.018   0.000 02T149M000t
00031 ARG02A0200_031 f 0.00  0.000     0  0.00  0  0 -13.669   1.668   1.334   0.039   0.679   0.000 02T033M000t
00032 ARG02A0200_032 f 0.00  0.000     0  0.00  0  0 -12.626   0.833   3.453   0.045   0.462   0.000 02T06AM000t
00033 ARG02A0200_033 f 0.00  0.000     0  0.00  0  0 -12.170   0.800   1.193  -0.201   0.661   0.000 02T085M000t
00034 ARG02A0200_034 f 0.00  0.000     0  0.00  0  0 -11.387   1.531   1.182   0.065   0.741   0.000 02T11DM000t
00035 ARG02A0200_035 f 0.00  0.000     0  0.00  0  0 -12.553   2.860   5.557   0.011   0.581   0.000 02T1BCM000t
00036 ARG02A0200_036 f 0.00  0.000     0  0.00  0  0 -14.868   0.289   0.895   0.096   0.615   0.000 02T049M000t
00037 ARG02A0200_037 f 0.00  0.000     0  0.00  0  0 -11.771   0.072   3.011   0.004   0.677   0.000 02T0CCM000t
00038 ARG02A0200_038 f 0.00  0.000     0  0.00  0  0 -13.226   4.973   3.216   0.268   0.208   0.000 02T128M000t
00039 ARG02A0200_039 f 0.00  0.000     0  0.00  0  0 -13.267   0.331   2.955  -0.364   1.213   0.000 02T199M000t
00040 ARG02A0200_040 f 0.00  0.000     0  0.00  0  0 -11.879   0.741   1.384   0.023   0.704   0.000 02T1ABM000t
00041 ARG03A0200_041 f 0.00  0.000     0  0.00  0  0 -13.636   0.610   0.881   0.039   0.869   0.000 03O000M000t
00042 ARG03A0200_042 f 0.00  0.000     0  0.00  0  0 -11.912   0.136   3.570   0.099   0.770   0.000 03E139M000t
00043 ARG03A0200_043 f 0.00  0.000     0  0.00  0  0 -14.330   0.576   0.749   0.058   0.798   0.000 03E012M000t
00044 ARG03A0200_044 f 0.00  0.000     0  0.00  0  0 -12.619   0.831   3.398   0.041   0.560   0.000 03E06AM000t
00045 ARG03A0200_045 f 0.00  0.000     0  0.00  0  0 -13.294   0.349   2.964  -0.258   1.141   0.000 03E199M000t
00046 ARG03A0200_046 f 0.00  0.000     0  0.00  0  0 -12.723   2.861   5.550   0.006   0.502   0.000 03E1BCM000t
00047 ARG03A0200_047 f 0.00  0.000     0  0.00  0  0 -14.030   0.857   5.386   0.061   0.903   0.000 03T057M000t
00048 ARG03A0200_048 f 0.00  0.000     0  0.00  0  0 -13.302   5.008   3.212   0.301   0.731   0.000 03T128M000t
00049 ARG03A0200_049 f 0.00  0.000     0  0.00  0  0 -11.836   0.061   2.996   0.054   1.089   0.000 03T0CCM000t
00050 ARG03A0200_050 f 0.00  0.000     0  0.00  0  0 -11.870  -0.644   1.243  -0.169   1.202   0.000 03T12CM000t
00051 ARG03A0200_051 f 0.00  0.000     0  0.00  0  0 -13.844   0.684   0.786   0.117   0.950   0.000 03T19CM000t
00052 ARG03A0200_052 f 0.00  0.000     0  0.00  0  0 -14.999   0.289   0.886   0.113   0.717   0.000 03T049M000t
00053 ARG03A0200_053 f 0.00  0.000     0  0.00  0  0 -12.356   0.800   1.197  -0.185   0.615   0.000 03T085M000t
00054 ARG03A0200_054 f 0.00  0.000     0  0.00  0  0 -13.237   3.388   3.242   0.059   0.912   0.000 03T0B9M000t
00055 ARG03A0200_055 f 0.00  0.000     0  0.00  0  0 -13.460   0.192   0.931   0.117   0.813   0.000 03T149M000t
00056 ARG03A0200_056 f 0.00  0.000     0  0.00  0  0  -8.585   0.669   3.658   0.069   0.815   0.000 03T1ADM000t
00057 ARG03A0200_057 f 0.00  0.000     0  0.00  0  0 -13.848   1.664   1.312   0.057   0.846   0.000 03T033M000t
00058 ARG03A0200_058 f 0.00  0.000     0  0.00  0  0 -11.177   0.677   3.131   0.017   0.915   0.000 03T078M000t
00059 ARG03A0200_059 f 0.00  0.000     0  0.00  0  0 -10.905   1.565   1.192   0.096   0.826   0.000 03T11DM000t
00060 ARG03A0200_060 f 0.00  0.000     0  0.00  0  0 -11.977   0.742   1.378   0.025   0.792   0.000 03T1ABM000t
00061 ARG+1A0200_061 f 0.00  1.000     0 12.50  0  1 -13.674   0.610   0.881   0.154  -0.055   0.000 +1O000M000t
00062 ARG+1A0200_062 f 0.00  1.000     0 12.50  0  1 -14.274   0.593   0.771   0.277  -0.265   0.000 +1E012M000t
00063 ARG+1A0200_063 f 0.00  1.000     0 12.50  0  1 -13.940   1.671   1.340   0.049  -0.235   0.000 +1E033M000t
00064 ARG+1A0200_064 f 0.00  1.000     0 12.50  0  1 -11.071   0.677   3.145   0.116  -0.098   0.000 +1E078M000t
00065 ARG+1A0200_065 f 0.00  1.000     0 12.50  0  1 -11.878   0.064   3.015   0.181  -0.292   0.000 +1E0CCM000t
00066 ARG+1A0200_066 f 0.00  1.000     0 12.50  0  1 -10.832   1.564   1.191   0.156  -0.283   0.000 +1E11DM000t
00067 ARG+1A0200_067 f 0.00  1.000     0 12.50  0  1 -13.391   4.993   3.224   0.666  -0.390   0.000 +1E128M000t
00068 ARG+1A0200_068 f 0.00  1.000     0 12.50  0  1 -13.492   0.191   0.939   0.302  -0.283   0.000 +1E149M000t
00069 ARG+1A0200_069 f 0.00  1.000     0 12.50  0  1 -13.816   0.686   0.792   0.317  -0.053   0.000 +1E19CM000t
00070 ARG+1A0200_070 f 0.00  1.000     0 12.50  0  1 -14.906   0.285   0.900   0.291  -0.484   0.000 +1T049M000t
00071 ARG+1A0200_071 f 0.00  1.000     0 12.50  0  1 -13.993   0.853   5.434   0.195  -0.360   0.000 +1T057M000t
00072 ARG+1A0200_072 f 0.00  1.000     0 12.50  0  1 -12.716   0.830   3.462   0.122  -0.304   0.000 +1T06AM000t
00073 ARG+1A0200_073 f 0.00  1.000     0 12.50  0  1 -12.475   0.808   1.205   0.321  -0.020   0.000 +1T085M000t
00074 ARG+1A0200_074 f 0.00  1.000     0 12.50  0  1 -13.299   3.394   3.248   0.163  -0.096   0.000 +1T0B9M000t
00075 ARG+1A0200_075 f 0.00  1.000     0 12.50  0  1 -11.890  -0.649   1.247   0.476  -0.087   0.000 +1T12CM000t
00076 ARG+1A0200_076 f 0.00  1.000     0 12.50  0  1 -11.936   0.133   3.578   0.245  -0.181   0.000 +1T139M000t
00077 ARG+1A0200_077 f 0.00  1.000     0 12.50  0  1 -13.246   0.344   2.985   0.296  -0.171   0.000 +1T199M000t
00078 ARG+1A0200_078 f 0.00  1.000     0 12.50  0  1 -12.005   0.742   1.389   0.101   0.017   0.000 +1T1ABM000t
00079 ARG+1A0200_079 f 0.00  1.000     0 12.50  0  1  -8.796   0.670   3.663   0.156   0.096   0.000 +1T1ADM000t
00080 ARG+1A0200_080 f 0.00  1.000     0 12.50  0  1 -12.696   2.858   5.564  -0.004  -0.064   0.000 +1T1BCM000t
