CONFORMER         crg  vdw0  vdw1  tors  epol  self   occ  Hb     history    ASA
ARG01A0200_001  0.000-13.57  0.57  0.88  0.00-12.12 0.501  00  01O000M000  1.000
ARG01A0200_002  0.000-14.13  0.51  1.06  0.00-12.56 0.501  00  01E049M000  1.000
ARG01A0200_003  0.000-14.12  0.94  6.31  0.00 -6.86 0.501  00  01E057M000  1.000
ARG01A0200_004  0.000-12.87  0.70  4.55  0.00 -7.63 0.502  00  01E06AM000  1.000
ARG01A0200_005  0.000-12.01  0.87  1.29  0.00 -9.86 0.501  00  01E085M000  1.000
ARG01A0200_006  0.000-11.60  1.22  1.25  0.00 -9.13 0.501  00  01E11DM000  1.000
ARG01A0200_007  0.000-13.31  5.20  3.29  0.00 -4.82 0.501  00  01E128M000  1.000
ARG01A0200_008  0.000-11.71 -0.71  1.25  0.00-11.17 0.501  00  01E12CM000  1.000
ARG01A0200_009  0.000-12.04  0.04  3.68  0.00 -8.32 0.502  00  01E139M000  1.000
ARG01A0200_010  0.000-13.94  0.15  1.06  0.00-12.73 0.502  00  01E149M000  1.000
ARG01A0200_011  0.000-13.69  0.66  0.85  0.00-12.18 0.501  00  01E19CM000  1.000
ARG01A0200_012  0.000-12.75  2.99  5.65  0.00 -4.10 0.501  00  01E1BCM000  1.000
ARG01A0200_013  0.000-14.24  0.81  1.23  0.00-12.20 0.501  00  01T012M000  1.000
ARG01A0200_014  0.000-13.40  1.25  1.73  0.00-10.42 0.502  00  01T033M000  1.000
ARG01A0200_015  0.000-11.81  0.64  3.24  0.00 -7.93 0.501  00  01T078M000  1.000
ARG01A0200_016  0.000-13.28  3.32  3.25  0.00 -6.71 0.501  00  01T0B9M000  1.000
ARG01A0200_017  0.000-11.64 -0.05  3.00  0.00 -8.69 0.501  00  01T0CCM000  1.000
ARG01A0200_018  0.000-13.11  0.26  2.98  0.00 -9.86 0.501  00  01T199M000  1.000
ARG01A0200_019  0.000-11.99  0.69  1.39  0.00 -9.91 0.502  00  01T1ABM000  1.000
ARG01A0200_020  0.000 -9.06  0.58  3.66  0.00 -4.82 0.501  00  01T1ADM000  1.000
ARG02A0200_021  0.000-13.43  3.34  3.24  0.00 -6.85 0.501  00  02E0B9M000  1.000
ARG02A0200_022  0.000-13.57  0.56  0.88  0.00-12.14 0.501  00  02O000M000  1.000
ARG02A0200_023  0.000-13.77  0.67  0.79  0.00-12.32 0.501  00  02E19CM000  1.000
ARG02A0200_024  0.000 -8.97  0.65  3.66  0.00 -4.65 0.501  00  02E1ADM000  1.000
ARG02A0200_025  0.000-14.26  0.55  0.77  0.00-12.95 0.501  00  02T012M000  1.000
ARG02A0200_026  0.000-13.91  0.86  5.42  0.00 -7.63 0.501  00  02T057M000  1.000
ARG02A0200_027  0.000-11.94  0.07  3.57  0.00 -8.30 0.502  00  02T139M000  1.000
ARG02A0200_028  0.000-11.62  0.64  3.13  0.00 -7.85 0.501  00  02T078M000  1.000
ARG02A0200_029  0.000-11.79 -0.72  1.24  0.00-11.27 0.501  00  02T12CM000  1.000
ARG02A0200_030  0.000-13.52  0.13  0.93  0.00-12.46 0.502  00  02T149M000  1.000
ARG02A0200_031  0.000-13.67  1.66  1.33  0.00-10.67 0.502  00  02T033M000  1.000
ARG02A0200_032  0.000-12.62  0.78  3.45  0.00 -8.39 0.502  00  02T06AM000  1.000
ARG02A0200_033  0.000-12.17  0.80  1.19  0.00-10.18 0.501  00  02T085M000  1.000
ARG02A0200_034  0.000-11.38  1.53  1.18  0.00 -8.67 0.501  00  02T11DM000  1.000
ARG02A0200_035  0.000-12.55  2.85  5.56  0.00 -4.14 0.501  00  02T1BCM000  1.000
ARG02A0200_036  0.000-14.87  0.23  0.90  0.00-13.75 0.501  00  02T049M000  1.000
ARG02A0200_037  0.000-11.77 -0.05  3.01  0.00 -8.81 0.501  00  02T0CCM000  1.000
ARG02A0200_038  0.000-13.23  4.98  3.22  0.00 -5.04 0.501  00  02T128M000  1.000
ARG02A0200_039  0.000-13.27  0.28  2.96  0.00-10.03 0.501  00  02T199M000  1.000
ARG02A0200_040  0.000-11.88  0.69  1.38  0.00 -9.80 0.502  00  02T1ABM000  1.000
ARG03A0200_041  0.000-13.64  0.56  0.88  0.00-12.20 0.501  00  03O000M000  1.000
ARG03A0200_042  0.000-11.97  0.07  3.57  0.00 -8.33 0.502  00  03E139M000  1.000
ARG03A0200_043  0.000-14.33  0.53  0.75  0.00-13.05 0.501  00  03E012M000  1.000
ARG03A0200_044  0.000-12.62  0.78  3.40  0.00 -8.44 0.502  00  03E06AM000  1.000
ARG03A0200_045  0.000-13.29  0.30  2.97  0.00-10.02 0.501  00  03E199M000  1.000
ARG03A0200_046  0.000-12.68  2.86  5.55  0.00 -4.26 0.501  00  03E1BCM000  1.000
ARG03A0200_047  0.000-14.03  0.86  5.39  0.00 -7.79 0.501  00  03T057M000  1.000
ARG03A0200_048  0.000-13.30  5.01  3.21  0.00 -5.08 0.501  00  03T128M000  1.000
ARG03A0200_049  0.000-11.83 -0.06  3.00  0.00 -8.89 0.501  00  03T0CCM000  1.000
ARG03A0200_050  0.000-11.86 -0.71  1.24  0.00-11.33 0.501  00  03T12CM000  1.000
ARG03A0200_051  0.000-13.85  0.64  0.79  0.00-12.42 0.501  00  03T19CM000  1.000
ARG03A0200_052  0.000-15.00  0.23  0.89  0.00-13.89 0.501  00  03T049M000  1.000
ARG03A0200_053  0.000-12.36  0.80  1.20  0.00-10.37 0.501  00  03T085M000  1.000
ARG03A0200_054  0.000-13.25  3.34  3.24  0.00 -6.67 0.501  00  03T0B9M000  1.000
ARG03A0200_055  0.000-13.46  0.13  0.93  0.00-12.40 0.502  00  03T149M000  1.000
ARG03A0200_056  0.000 -8.59  0.63  3.66  0.00 -4.31 0.501  00  03T1ADM000  1.000
ARG03A0200_057  0.000-13.85  1.66  1.31  0.00-10.88 0.502  00  03T033M000  1.000
ARG03A0200_058  0.000-11.18  0.62  3.13  0.00 -7.43 0.501  00  03T078M000  1.000
ARG03A0200_059  0.000-10.91  1.57  1.19  0.00 -8.16 0.501  00  03T11DM000  1.000
ARG03A0200_060  0.000-11.99  0.69  1.38  0.00 -9.91 0.502  00  03T1ABM000  1.000
ARG+1A0200_061  1.000-13.67  0.56  0.88  0.00-12.24 0.501  00  +1O000M000  1.000
ARG+1A0200_062  1.000-14.28  0.54  0.77  0.00-12.96 0.501  00  +1E012M000  1.000
ARG+1A0200_063  1.000-13.94  1.67  1.34  0.00-10.93 0.502  00  +1E033M000  1.000
ARG+1A0200_064  1.000-11.01  0.62  3.14  0.00 -7.24 0.501  00  +1E078M000  1.000
ARG+1A0200_065  1.000-11.94 -0.06  3.01  0.00 -8.98 0.501  00  +1E0CCM000  1.000
ARG+1A0200_066  1.000-10.83  1.56  1.19  0.00 -8.08 0.501  00  +1E11DM000  1.000
ARG+1A0200_067  1.000-13.39  4.99  3.22  0.00 -5.17 0.501  00  +1E128M000  1.000
ARG+1A0200_068  1.000-13.50  0.12  0.94  0.00-12.44 0.502  00  +1E149M000  1.000
ARG+1A0200_069  1.000-13.75  0.64  0.79  0.00-12.32 0.501  00  +1E19CM000  1.000
ARG+1A0200_070  1.000-14.91  0.22  0.90  0.00-13.79 0.501  00  +1T049M000  1.000
ARG+1A0200_071  1.000-14.00  0.86  5.43  0.00 -7.71 0.501  00  +1T057M000  1.000
ARG+1A0200_072  1.000-12.71  0.78  3.46  0.00 -8.47 0.502  00  +1T06AM000  1.000
ARG+1A0200_073  1.000-12.48  0.81  1.20  0.00-10.46 0.501  00  +1T085M000  1.000
ARG+1A0200_074  1.000-13.30  3.34  3.25  0.00 -6.72 0.501  00  +1T0B9M000  1.000
ARG+1A0200_075  1.000-11.89 -0.72  1.25  0.00-11.36 0.501  00  +1T12CM000  1.000
ARG+1A0200_076  1.000-11.93  0.07  3.58  0.00 -8.29 0.502  00  +1T139M000  1.000
ARG+1A0200_077  1.000-13.25  0.30  2.99  0.00 -9.96 0.501  00  +1T199M000  1.000
ARG+1A0200_078  1.000-12.01  0.69  1.39  0.00 -9.93 0.502  00  +1T1ABM000  1.000
ARG+1A0200_079  1.000 -8.73  0.62  3.66  0.00 -4.45 0.501  00  +1T1ADM000  1.000
ARG+1A0200_080  1.000-12.69  2.86  5.56  0.00 -4.27 0.501  00  +1T1BCM000  1.000
