iConf CONFORMER     FL  occ    crg   Em0  pKa0 ne nH    vdw0    vdw1    tors    epol   dsolv   extra    history
00001 GLU01A0144_001 f 0.00  0.000     0  0.00  0  0   0.386  24.711   4.268   0.384   0.632   0.000 01O000M000t
00002 GLU01A0144_002 f 0.00  0.000     0  0.00  0  0  -3.825   0.695   5.276   0.133  -0.256   0.000 01E004M000t
00003 GLU01A0144_003 f 0.00  0.000     0  0.00  0  0  -3.597   0.530   5.382   0.131  -0.342   0.000 01E00BM000t
00004 GLU01A0144_004 f 0.00  0.000     0  0.00  0  0   0.360  24.711   1.548  -0.273   0.727   0.000 01O000M000t
00005 GLU01A0144_005 f 0.00  0.000     0  0.00  0  0  -3.919   0.571   2.067   0.059   0.595   0.000 01E008M000t
00006 GLU01A0144_006 f 0.00  0.000     0  0.00  0  0   5.797   6.214   1.520  -0.009   0.624   0.000 01X000M000t
00007 GLU01A0144_007 f 0.00  0.000     0  0.00  0  0  -3.511   0.588   5.391   0.192  -0.275   0.000 01T009M000t
00008 GLU01A0144_008 f 0.00  0.000     0  0.00  0  0  -4.096   1.792   4.813  -0.246  -0.565   0.000 01T001M000t
00009 GLU01A0144_009 f 0.00  0.000     0  0.00  0  0  -2.710   1.142   3.771   0.111  -0.426   0.000 01T002M000t
00010 GLU01A0144_010 f 0.00  0.000     0  0.00  0  0  -3.731   0.790   5.283   0.073  -0.380   0.000 01T003M000t
00011 GLU01A0144_011 f 0.00  0.000     0  0.00  0  0  -3.275   0.549   3.796   0.058  -0.482   0.000 01T006M000t
00012 GLU01A0144_012 f 0.00  0.000     0  0.00  0  0  -3.916   0.570   4.785   0.103  -0.301   0.000 01T008M000t
00013 GLU01A0144_013 f 0.00  0.000     0  0.00  0  0  -3.894   0.915   5.270   0.111  -0.417   0.000 01T00CM000t
00014 GLU01A0144_014 f 0.00  0.000     0  0.00  0  0  -3.674   0.867   5.318   0.267  -0.228   0.000 01T00DM000t
00015 GLU01A0144_015 f 0.00  0.000     0  0.00  0  0   5.904   6.216   4.234   0.221   0.438   0.000 01T000M000t
00016 GLU01A0144_016 f 0.00  0.000     0  0.00  0  0  -4.073   2.043   2.043  -0.135   0.770   0.000 01T001M000t
00017 GLU01A0144_017 f 0.00  0.000     0  0.00  0  0  -3.848   0.694   2.555   0.052   0.574   0.000 01T004M000t
00018 GLU01A0144_018 f 0.00  0.000     0  0.00  0  0  -2.710   1.142   1.051   0.090   0.658   0.000 01T002M000t
00019 GLU01A0144_019 f 0.00  0.000     0  0.00  0  0  -3.731   0.790   2.563   0.053   0.568   0.000 01T003M000t
00020 GLU01A0144_020 f 0.00  0.000     0  0.00  0  0  -3.275   0.549   1.076   0.038   0.571   0.000 01T006M000t
00021 GLU01A0144_021 f 0.00  0.000     0  0.00  0  0  -3.571   0.574   2.733   0.087   0.609   0.000 01T009M000t
00022 GLU01A0144_022 f 0.00  0.000     0  0.00  0  0  -3.594   0.524   2.741   0.091   0.588   0.000 01T00BM000t
00023 GLU01A0144_023 f 0.00  0.000     0  0.00  0  0  -3.894   0.915   2.550   0.081   0.607   0.000 01T00CM000t
00024 GLU01A0144_024 f 0.00  0.000     0  0.00  0  0  -3.674   0.867   2.598   0.067   0.586   0.000 01T00DM000t
00025 GLU02A0144_025 f 0.00  0.000     0  0.00  0  0  -0.799  19.654   4.268  -0.385  -0.615   0.000 02O000M000t
00026 GLU02A0144_026 f 0.00  0.000     0  0.00  0  0  -2.392   1.411   3.737   0.210  -0.367   0.000 02E002M000t
00027 GLU02A0144_027 f 0.00  0.000     0  0.00  0  0  -3.087   0.530   3.742   0.125  -0.476   0.000 02E006M000t
00028 GLU02A0144_028 f 0.00  0.000     0  0.00  0  0  -2.519   0.923   4.324   0.412   0.055   0.000 02E00AM000t
00029 GLU02A0144_029 f 0.00  0.000     0  0.00  0  0  -3.844   0.918   5.269   0.188  -0.596   0.000 02E00CM000t
00030 GLU02A0144_030 f 0.00  0.000     0  0.00  0  0  -3.796   0.856   5.228   0.076  -0.676   0.000 02E00DM000t
00031 GLU02A0144_031 f 0.00  0.000     0  0.00  0  0  -0.799  19.654   1.548  -0.283   0.673   0.000 02O000M000t
00032 GLU02A0144_032 f 0.00  0.000     0  0.00  0  0  -3.640   0.538   2.719   0.086   0.505   0.000 02E009M000t
00033 GLU02A0144_033 f 0.00  0.000     0  0.00  0  0   2.526   6.353   4.393  -0.086  -0.603   0.000 02X000M000t
00034 GLU02A0144_034 f 0.00  0.000     0  0.00  0  0  -3.944   0.758   5.280   0.112  -0.547   0.000 02T003M000t
00035 GLU02A0144_035 f 0.00  0.000     0  0.00  0  0  -4.205   2.422   4.799   0.629  -0.286   0.000 02T001M000t
00036 GLU02A0144_036 f 0.00  0.000     0  0.00  0  0  -3.931   0.724   5.322   0.061  -0.610   0.000 02T004M000t
00037 GLU02A0144_037 f 0.00  0.000     0  0.00  0  0  -3.815   0.571   4.755   0.068  -0.752   0.000 02T008M000t
00038 GLU02A0144_038 f 0.00  0.000     0  0.00  0  0  -3.640   0.538   5.436   0.116  -0.788   0.000 02T009M000t
00039 GLU02A0144_039 f 0.00  0.000     0  0.00  0  0  -3.843   0.918   2.544   0.090   0.489   0.000 02T00CM000t
00040 GLU02A0144_040 f 0.00  0.000     0  0.00  0  0  -3.796   0.857   2.508   0.054   0.493   0.000 02T00DM000t
00041 GLU02A0144_041 f 0.00  0.000     0  0.00  0  0  -4.171   2.422   2.079  -0.096   0.600   0.000 02T001M000t
00042 GLU02A0144_042 f 0.00  0.000     0  0.00  0  0  -2.200   1.546   1.026   0.138   0.551   0.000 02T002M000t
00043 GLU02A0144_043 f 0.00  0.000     0  0.00  0  0  -3.880   0.766   2.575   0.065   0.553   0.000 02T003M000t
00044 GLU02A0144_044 f 0.00  0.000     0  0.00  0  0  -3.931   0.724   2.602   0.043   0.468   0.000 02T004M000t
00045 GLU02A0144_045 f 0.00  0.000     0  0.00  0  0  -3.799   0.587   2.095   0.066   0.559   0.000 02T005M000t
00046 GLU02A0144_046 f 0.00  0.000     0  0.00  0  0  -3.815   0.571   2.035   0.048   0.477   0.000 02T008M000t
00047 GLU02A0144_047 f 0.00  0.000     0  0.00  0  0  -3.716   0.535   2.740   0.082   0.387   0.000 02T00BM000t
00048 GLU02A0144_048 f 0.00  0.000     0  0.00  0  0   3.159   5.310   1.580  -0.051   0.578   0.000 02T000M000t
00049 GLU-1A0144_049 f 0.00 -1.000     0  4.75  0 -1  -0.688  19.674   1.548  -0.744   0.463   0.000 -1O000M000t
00050 GLU-1A0144_050 f 0.00 -1.000     0  4.75  0 -1  -4.179   2.429   1.919  -0.621   0.173   0.000 -1E001M000t
00051 GLU-1A0144_051 f 0.00 -1.000     0  4.75  0 -1  -2.602   1.416   0.963  -0.380   0.289   0.000 -1E002M000t
00052 GLU-1A0144_052 f 0.00 -1.000     0  4.75  0 -1  -3.706   0.768   2.391  -0.117  -0.070   0.000 -1E003M000t
00053 GLU-1A0144_053 f 0.00 -1.000     0  4.75  0 -1  -3.891   0.714   2.406  -0.130  -0.071   0.000 -1E004M000t
00054 GLU-1A0144_054 f 0.00 -1.000     0  4.75  0 -1  -2.857   0.810   1.573  -0.176   0.111   0.000 -1E00AM000t
00055 GLU-1A0144_055 f 0.00 -1.000     0  4.75  0 -1  -3.840   0.914   2.371  -0.152  -0.173   0.000 -1E00CM000t
00056 GLU-1A0144_056 f 0.00 -1.000     0  4.75  0 -1  -3.880   0.863   2.396  -0.193  -0.115   0.000 -1E00DM000t
