CONFORMER         crg  vdw0  vdw1  tors  epol  self   occ  Hb     history    ASA
GLU01A0144_001  0.000  0.39 24.71  4.27  0.00 29.37 0.000  00  01O000M000  1.059
GLU01A0144_002  0.000 -3.82  0.70  5.27  0.00  2.15 0.538  00  01E004M000  1.042
GLU01A0144_003  0.000 -3.59  0.53  5.38  0.00  2.32 0.536  00  01E00BM000  1.003
GLU01A0144_004  0.000  0.36 24.71  1.55  0.00 26.62 0.000  00  01O000M000  1.064
GLU01A0144_005  0.000 -3.92  0.57  2.06  0.00 -1.28 0.539  00  01E008M000  1.023
GLU01A0144_006  0.000  5.83  6.23  1.52  0.00 13.59 0.000  00  01X000M000  1.067
GLU01A0144_007  0.000 -3.51  0.59  5.39  0.00  2.47 0.541  00  01T009M000  1.006
GLU01A0144_008  0.000 -4.10  1.79  4.81  0.00  2.51 0.539  00  01T001M000  1.021
GLU01A0144_009  0.000 -2.71  1.14  3.77  0.00  2.20 0.539  00  01T002M000  1.020
GLU01A0144_010  0.000 -3.73  0.79  5.28  0.00  2.34 0.538  00  01T003M000  1.021
GLU01A0144_011  0.000 -3.28  0.55  3.79  0.00  1.07 0.538  00  01T006M000  1.057
GLU01A0144_012  0.000 -3.91  0.57  4.78  0.00  1.44 0.539  00  01T008M000  1.023
GLU01A0144_013  0.000 -3.89  0.92  5.27  0.00  2.29 0.538  00  01T00CM000  1.037
GLU01A0144_014  0.000 -3.67  0.86  5.32  0.00  2.51 0.538  00  01T00DM000  1.031
GLU01A0144_015  0.000  5.90  6.23  4.24  0.00 16.37 0.000  00  01T000M000  1.059
GLU01A0144_016  0.000 -4.08  2.05  2.04  0.00  0.02 0.539  00  01T001M000  1.021
GLU01A0144_017  0.000 -3.85  0.70  2.55  0.00 -0.60 0.538  00  01T004M000  1.047
GLU01A0144_018  0.000 -2.71  1.14  1.05  0.00 -0.52 0.539  00  01T002M000  1.020
GLU01A0144_019  0.000 -3.73  0.79  2.56  0.00 -0.38 0.538  00  01T003M000  1.021
GLU01A0144_020  0.000 -3.28  0.55  1.07  0.00 -1.65 0.538  00  01T006M000  1.057
GLU01A0144_021  0.000 -3.57  0.57  2.73  0.00 -0.27 0.541  00  01T009M000  1.013
GLU01A0144_022  0.000 -3.59  0.53  2.74  0.00 -0.33 0.536  00  01T00BM000  1.005
GLU01A0144_023  0.000 -3.89  0.92  2.55  0.00 -0.43 0.538  00  01T00CM000  1.037
GLU01A0144_024  0.000 -3.67  0.86  2.60  0.00 -0.21 0.538  00  01T00DM000  1.031
GLU02A0144_025  0.000 -0.80 19.66  4.27  0.00 23.13 0.000  00  02O000M000  1.051
GLU02A0144_026  0.000 -2.39  1.41  3.74  0.00  2.76 0.539  00  02E002M000  1.013
GLU02A0144_027  0.000 -3.08  0.53  3.74  0.00  1.19 0.538  00  02E006M000  1.047
GLU02A0144_028  0.000 -2.53  0.93  4.32  0.00  2.72 0.538  00  02E00AM000  1.043
GLU02A0144_029  0.000 -3.84  0.92  5.27  0.00  2.34 0.538  00  02E00CM000  1.023
GLU02A0144_030  0.000 -3.80  0.86  5.23  0.00  2.29 0.538  00  02E00DM000  1.023
GLU02A0144_031  0.000 -0.80 19.66  1.55  0.00 20.41 0.000  00  02O000M000  1.051
GLU02A0144_032  0.000 -3.64  0.54  2.72  0.00 -0.38 0.541  00  02E009M000  1.008
GLU02A0144_033  0.000  2.53  6.35  4.40  0.00 13.28 0.000  00  02X000M000  1.074
GLU02A0144_034  0.000 -3.98  0.76  5.28  0.00  2.06 0.538  00  02T003M000  1.063
GLU02A0144_035  0.000 -4.20  2.43  4.80  0.00  3.02 0.539  00  02T001M000  1.029
GLU02A0144_036  0.000 -3.93  0.72  5.32  0.00  2.11 0.538  00  02T004M000  1.033
GLU02A0144_037  0.000 -3.81  0.57  4.75  0.00  1.51 0.539  00  02T008M000  1.000
GLU02A0144_038  0.000 -3.64  0.54  5.44  0.00  2.34 0.541  00  02T009M000  1.008
GLU02A0144_039  0.000 -3.84  0.92  2.54  0.00 -0.38 0.538  00  02T00CM000  1.023
GLU02A0144_040  0.000 -3.80  0.86  2.51  0.00 -0.43 0.538  00  02T00DM000  1.023
GLU02A0144_041  0.000 -4.17  2.43  2.08  0.00  0.34 0.539  00  02T001M000  1.022
GLU02A0144_042  0.000 -2.21  1.54  1.02  0.00  0.36 0.539  00  02T002M000  1.029
GLU02A0144_043  0.000 -3.88  0.77  2.57  0.00 -0.54 0.538  00  02T003M000  1.040
GLU02A0144_044  0.000 -3.93  0.72  2.60  0.00 -0.61 0.538  00  02T004M000  1.033
GLU02A0144_045  0.000 -3.78  0.59  2.09  0.00 -1.10 0.539  00  02T005M000  1.023
GLU02A0144_046  0.000 -3.81  0.57  2.03  0.00 -1.21 0.539  00  02T008M000  1.000
GLU02A0144_047  0.000 -3.72  0.54  2.74  0.00 -0.44 0.536  00  02T00BM000  1.000
GLU02A0144_048  0.000  3.19  5.32  1.58  0.00 10.10 0.000  00  02T000M000  1.073
GLU-1A0144_049 -1.000 -0.69 19.68  1.55  0.00 20.54 0.000  00  -1O000M000  1.050
GLU-1A0144_050 -1.000 -4.18  2.43  1.92  0.00  0.17 0.539  00  -1E001M000  1.021
GLU-1A0144_051 -1.000 -2.60  1.42  0.96  0.00 -0.22 0.539  00  -1E002M000  1.014
GLU-1A0144_052 -1.000 -3.70  0.77  2.39  0.00 -0.55 0.538  00  -1E003M000  1.015
GLU-1A0144_053 -1.000 -3.89  0.72  2.41  0.00 -0.77 0.538  00  -1E004M000  1.023
GLU-1A0144_054 -1.000 -2.84  0.81  1.57  0.00 -0.46 0.538  00  -1E00AM000  1.047
GLU-1A0144_055 -1.000 -3.84  0.91  2.37  0.00 -0.56 0.538  00  -1E00CM000  1.023
GLU-1A0144_056 -1.000 -3.88  0.86  2.39  0.00 -0.62 0.538  00  -1E00DM000  1.030
