iConf CONFORMER     FL  occ    crg   Em0  pKa0 ne nH    vdw0    vdw1    tors    epol   dsolv   extra    history
00001 PHE01A0064_001 f 0.00  0.000     0  0.00  0  0  -9.727   1.182   0.053   0.000   0.000   0.000 01O000M000t
00002 PHE01A0064_002 f 0.00  0.000     0  0.00  0  0 -10.496   0.087   0.053   0.000   0.000   0.000 01R002M000t
00003 PHE01A0064_003 f 0.00  0.000     0  0.00  0  0 -10.167   0.086   0.053   0.000   0.000   0.000 01R004M000t
00004 PHE01A0064_004 f 0.00  0.000     0  0.00  0  0 -10.091   0.856   0.053   0.000   0.000   0.000 01R007M000t
00005 PHE01A0064_005 f 0.00  0.000     0  0.00  0  0  -9.956   0.615   0.053   0.000   0.000   0.000 01R008M000t
00006 PHE01A0064_006 f 0.00  0.000     0  0.00  0  0 -10.057   1.620   0.053   0.000   0.000   0.000 01R00CM000t
00007 PHE01A0064_007 f 0.00  0.000     0  0.00  0  0 -10.243   0.803   0.053   0.000   0.000   0.000 01R00EM000t
00008 PHE01A0064_008 f 0.00  0.000     0  0.00  0  0  -9.936   1.328   2.747   0.000   0.000   0.000 01R010M000t
00009 PHE01A0064_009 f 0.00  0.000     0  0.00  0  0 -10.036   1.368   2.747   0.000   0.000   0.000 01R013M000t
00010 PHE01A0064_010 f 0.00  0.000     0  0.00  0  0 -10.138   2.473   2.735   0.000   0.000   0.000 01T001M000t
00011 PHE01A0064_011 f 0.00  0.000     0  0.00  0  0 -10.485   3.285   0.035   0.000   0.000   0.000 01T003M000t
00012 PHE01A0064_012 f 0.00  0.000     0  0.00  0  0 -10.040   3.018   2.741   0.000   0.000   0.000 01T005M000t
00013 PHE01A0064_013 f 0.00  0.000     0  0.00  0  0 -10.349   2.868   2.742   0.000   0.000   0.000 01T006M000t
00014 PHE01A0064_014 f 0.00  0.000     0  0.00  0  0 -10.014   5.982   2.739   0.000   0.000   0.000 01T009M000t
00015 PHE01A0064_015 f 0.00  0.000     0  0.00  0  0  -9.702   5.350   2.742   0.000   0.000   0.000 01T00AM000t
00016 PHE01A0064_016 f 0.00  0.000     0  0.00  0  0  -9.988   4.995   0.028   0.000   0.000   0.000 01T00BM000t
00017 PHE01A0064_017 f 0.00  0.000     0  0.00  0  0 -10.893   5.058   0.037   0.000   0.000   0.000 01T00DM000t
00018 PHE01A0064_018 f 0.00  0.000     0  0.00  0  0 -10.076   4.463   2.732   0.000   0.000   0.000 01T00FM000t
00019 PHE01A0064_019 f 0.00  0.000     0  0.00  0  0 -10.302   4.539   2.744   0.000   0.000   0.000 01T011M000t
00020 PHE01A0064_020 f 0.00  0.000     0  0.00  0  0 -10.815   5.428   2.734   0.000   0.000   0.000 01T012M000t
