CONFORMER         crg  vdw0  vdw1  tors  epol  self   occ  Hb     history    ASA
PHE01A0064_001  0.000 -9.73  1.18  0.05  0.00 -8.49 0.526  00  01O000M000  1.000
PHE01A0064_002  0.000-10.50  0.09  0.05  0.00-10.36 0.523  00  01R002M000  1.000
PHE01A0064_003  0.000-10.17  0.08  0.05  0.00-10.03 0.526  00  01R004M000  1.000
PHE01A0064_004  0.000-10.10  0.86  0.05  0.00 -9.19 0.526  00  01R007M000  1.000
PHE01A0064_005  0.000 -9.96  0.62  0.05  0.00 -9.29 0.528  00  01R008M000  1.000
PHE01A0064_006  0.000-10.06  1.63  0.05  0.00 -8.39 0.525  00  01R00CM000  1.000
PHE01A0064_007  0.000-10.29  0.81  0.05  0.00 -9.44 0.521  00  01R00EM000  1.000
PHE01A0064_008  0.000 -9.94  1.33  2.75  0.00 -5.86 0.526  00  01R010M000  1.000
PHE01A0064_009  0.000 -9.97  1.37  2.75  0.00 -5.85 0.526  00  01R013M000  1.000
PHE01A0064_010  0.000-10.14  2.47  2.74  0.00 -4.93 0.527  00  01T001M000  1.000
PHE01A0064_011  0.000-10.48  3.28  0.04  0.00 -7.17 0.524  00  01T003M000  1.000
PHE01A0064_012  0.000-10.10  3.01  2.74  0.00 -4.34 0.525  00  01T005M000  1.000
PHE01A0064_013  0.000-10.35  2.87  2.74  0.00 -4.75 0.524  00  01T006M000  1.000
PHE01A0064_014  0.000 -9.97  5.99  2.74  0.00 -1.24 0.523  00  01T009M000  1.000
PHE01A0064_015  0.000 -9.70  5.35  2.74  0.00 -1.61 0.525  00  01T00AM000  1.000
PHE01A0064_016  0.000 -9.99  5.00  0.03  0.00 -4.97 0.527  00  01T00BM000  1.000
PHE01A0064_017  0.000-10.89  5.07  0.04  0.00 -5.79 0.525  00  01T00DM000  1.000
PHE01A0064_018  0.000-10.08  4.46  2.73  0.00 -2.89 0.524  00  01T00FM000  1.000
PHE01A0064_019  0.000-10.26  4.54  2.74  0.00 -2.97 0.526  00  01T011M000  1.000
PHE01A0064_020  0.000-10.82  5.43  2.73  0.00 -2.66 0.525  00  01T012M000  1.000
