   confID        vdw0    sas     sum
PHE01A0064_001   3.663 -13.390  -9.727
PHE01A0064_002   3.770 -14.267 -10.496
PHE01A0064_003   3.861 -14.028 -10.167
PHE01A0064_004   3.781 -13.872 -10.091
PHE01A0064_005   3.862 -13.817  -9.956
PHE01A0064_006   3.778 -13.835 -10.057
PHE01A0064_007   3.860 -14.103 -10.243
PHE01A0064_008   3.776 -13.712  -9.936
PHE01A0064_009   3.862 -13.898 -10.036
PHE01A0064_010   3.676 -13.814 -10.138
PHE01A0064_011   3.515 -14.000 -10.485
PHE01A0064_012   3.776 -13.816 -10.040
PHE01A0064_013   3.872 -14.220 -10.349
PHE01A0064_014   3.769 -13.783 -10.014
PHE01A0064_015   3.876 -13.578  -9.702
PHE01A0064_016   3.712 -13.700  -9.988
PHE01A0064_017   3.471 -14.363 -10.893
PHE01A0064_018   3.702 -13.778 -10.076
PHE01A0064_019   3.514 -13.816 -10.302
PHE01A0064_020   3.471 -14.286 -10.815
