VDW_RAD  C12BK  C1    1.91
VDW_EPS  C12BK  C1    0.11
VDW_RAD  C12BK  N2    1.82
VDW_EPS  C12BK  N2    0.17
VDW_RAD  C12BK  CA2   1.91
VDW_EPS  C12BK  CA2   0.11
VDW_RAD  C12BK  CG1   1.91
VDW_EPS  C12BK  CG1   0.11
VDW_RAD  C12BK  OG1   1.66
VDW_EPS  C12BK  OG1   0.21
VDW_RAD  C12BK  C2    1.91
VDW_EPS  C12BK  C2    0.11
VDW_RAD  C12BK  O2    1.66
VDW_EPS  C12BK  O2    0.21
VDW_RAD  C12BK  N3    1.82
VDW_EPS  C12BK  N3    0.17
VDW_RAD  C12BK  CA1   1.91
VDW_EPS  C12BK  CA1   0.11
VDW_RAD  C12BK  N1    1.82
VDW_EPS  C12BK  N1    0.17
VDW_RAD  C12BK  CB1   1.91
VDW_EPS  C12BK  CB1   0.11
VDW_RAD  C12BK  CA3   1.91
VDW_EPS  C12BK  CA3   0.11
VDW_RAD  C12BK  C3    1.91
VDW_EPS  C12BK  C3    0.11
VDW_RAD  C12BK  O3    1.66
VDW_EPS  C12BK  O3    0.21
VDW_RAD  C12BK  CB2   1.91
VDW_EPS  C12BK  CB2   0.11
VDW_RAD  C12BK  CG2   1.91
VDW_EPS  C12BK  CG2   0.11
VDW_RAD  C12BK  CD1   1.91
VDW_EPS  C12BK  CD1   0.11
VDW_RAD  C12BK  CE1   1.91
VDW_EPS  C12BK  CE1   0.11
VDW_RAD  C12BK  CD2   1.91
VDW_EPS  C12BK  CD2   0.11
VDW_RAD  C12BK  CE2   1.91
VDW_EPS  C12BK  CE2   0.11
VDW_RAD  C12BK  CZ    1.91
VDW_EPS  C12BK  CZ    0.11
VDW_RAD  C12BK  OH    1.66
VDW_EPS  C12BK  OH    0.21
RADIUS   C12    C1    1.70
RADIUS   C12    N2    1.70
RADIUS   C12    CA2   1.70
RADIUS   C12    CG1   1.70
RADIUS   C12    OG1   1.70
RADIUS   C12    C2    1.70
RADIUS   C12    O2    1.70
RADIUS   C12    N3    1.70
RADIUS   C12    CA1   1.70
RADIUS   C12    N1    1.70
RADIUS   C12    CB1   1.70
RADIUS   C12    CA3   1.70
RADIUS   C12    C3    1.70
RADIUS   C12    O3    1.70
RADIUS   C12    CB2   1.70
RADIUS   C12    CG2   1.70
RADIUS   C12    CD1   1.70
RADIUS   C12    CE1   1.70
RADIUS   C12    CD2   1.70
RADIUS   C12    CE2   1.70
RADIUS   C12    CZ    1.70
RADIUS   C12    OH    1.70
CHARGE   C12BK  C1      0.000
CHARGE   C12BK  N2      0.000
CHARGE   C12BK  CA2     0.000
CHARGE   C12BK  CG1     0.000
CHARGE   C12BK  OG1     0.000
CHARGE   C12BK  C2      0.000
CHARGE   C12BK  O2      0.000
CHARGE   C12BK  N3      0.000
CHARGE   C12BK  CA1     0.000
CHARGE   C12BK  N1      0.000
CHARGE   C12BK  CB1     0.000
CHARGE   C12BK  CA3     0.000
CHARGE   C12BK  C3      0.000
CHARGE   C12BK  O3      0.000
CHARGE   C12BK  CB2     0.000
CHARGE   C12BK  CG2     0.000
CHARGE   C12BK  CD1     0.000
CHARGE   C12BK  CE1     0.000
CHARGE   C12BK  CD2     0.000
CHARGE   C12BK  CE2     0.000
CHARGE   C12BK  CZ      0.000
CHARGE   C12BK  OH      0.000
