iConf CONFORMER     FL  occ    crg   Em0  pKa0 ne nH    vdw0    vdw1    tors    epol   dsolv   extra    history
00001 LYS01A0118_001 f 0.00  0.000     0  0.00  0  0 -11.941   0.521   0.841  -0.006   0.101   0.000 01O000M000t
00002 LYS01A0118_002 f 0.00  0.000     0  0.00  0  0 -10.775   0.679   1.466  -0.011  -0.097   0.000 01E01EM000t
00003 LYS01A0118_003 f 0.00  0.000     0  0.00  0  0 -10.920   1.993   4.324  -0.064  -0.103   0.000 01E044M000t
00004 LYS01A0118_004 f 0.00  0.000     0  0.00  0  0 -10.335   4.933   1.447   0.036   0.099   0.000 01E078M000t
00005 LYS01A0118_005 f 0.00  0.000     0  0.00  0  0  -7.186   0.699   2.115  -0.019   0.045   0.000 01E0DBM000t
00006 LYS01A0118_006 f 0.00  0.000     0  0.00  0  0 -10.263   1.623   0.866  -0.051  -0.053   0.000 01E0ECM000t
00007 LYS01A0118_007 f 0.00  0.000     0  0.00  0  0  -7.313   0.425   4.912  -0.006  -0.060   0.000 01E105M000t
00008 LYS01A0118_008 f 0.00  0.000     0  0.00  0  0 -10.122   1.975   1.607  -0.258   0.198   0.000 01E111M000t
00009 LYS01A0118_009 f 0.00  0.000     0  0.00  0  0  -7.215   0.375   2.053  -0.048   0.185   0.000 01E11CM000t
00010 LYS01A0118_010 f 0.00  0.000     0  0.00  0  0 -10.551   3.366   4.231  -0.064   0.008   0.000 01E12DM000t
00011 LYS01A0118_011 f 0.00  0.000     0  0.00  0  0  -9.926   2.032   7.126  -0.016  -0.169   0.000 01E137M000t
00012 LYS01A0118_012 f 0.00  0.000     0  0.00  0  0 -12.619   2.109   0.836  -0.016  -0.184   0.000 01T006M000t
00013 LYS01A0118_013 f 0.00  0.000     0  0.00  0  0 -10.505   0.581   1.501  -0.008  -0.083   0.000 01T032M000t
00014 LYS01A0118_014 f 0.00  0.000     0  0.00  0  0 -11.307   1.996   0.837  -0.023  -0.146   0.000 01T06CM000t
00015 LYS01A0118_015 f 0.00  0.000     0  0.00  0  0  -9.703   3.000   4.223  -0.022   0.033   0.000 01T0A7M000t
00016 LYS01A0118_016 f 0.00  0.000     0  0.00  0  0  -6.865   0.110   4.884  -0.012  -0.043   0.000 01T10EM000t
00017 LYS01A0118_017 f 0.00  0.000     0  0.00  0  0  -8.559   0.223   1.470   0.005   0.110   0.000 01T11FM000t
00018 LYS01A0118_018 f 0.00  0.000     0  0.00  0  0  -9.972   0.637   4.286  -0.013  -0.050   0.000 01T123M000t
00019 LYS01A0118_019 f 0.00  0.000     0  0.00  0  0 -10.466   3.261   3.638  -0.098   0.106   0.000 01T12EM000t
00020 LYS01A0118_020 f 0.00  0.000     0  0.00  0  0 -10.216   2.062   4.344  -0.018  -0.034   0.000 01T139M000t
00021 LYS+1A0118_021 f 0.00  1.000     0 10.40  0  1 -11.987   0.520   0.841   0.028  -0.229   0.000 +1O000M000t
00022 LYS+1A0118_022 f 0.00  1.000     0 10.40  0  1 -10.977   1.990   4.325   0.245  -0.173   0.000 +1E044M000t
00023 LYS+1A0118_023 f 0.00  1.000     0 10.40  0  1 -11.370   2.003   0.837   0.121   0.091   0.000 +1E06CM000t
00024 LYS+1A0118_024 f 0.00  1.000     0 10.40  0  1  -9.877   2.990   4.225  -0.089   0.265   0.000 +1E0A7M000t
00025 LYS+1A0118_025 f 0.00  1.000     0 10.40  0  1  -7.267   0.694   2.115   0.032   0.209   0.000 +1E0DBM000t
00026 LYS+1A0118_026 f 0.00  1.000     0 10.40  0  1 -10.296   1.638   0.867   0.179   0.153   0.000 +1E0ECM000t
00027 LYS+1A0118_027 f 0.00  1.000     0 10.40  0  1  -8.608   0.208   1.468   0.302   0.153   0.000 +1E11FM000t
00028 LYS+1A0118_028 f 0.00  1.000     0 10.40  0  1  -9.941   0.637   4.297   0.043  -0.226   0.000 +1E123M000t
00029 LYS+1A0118_029 f 0.00  1.000     0 10.40  0  1 -10.634   3.269   3.641   0.317   0.328   0.000 +1E12EM000t
00030 LYS+1A0118_030 f 0.00  1.000     0 10.40  0  1  -9.981   2.025   7.130   0.090  -0.381   0.000 +1E137M000t
00031 LYS+1A0118_031 f 0.00  1.000     0 10.40  0  1 -12.614   2.113   0.836   0.102  -0.256   0.000 +1T006M000t
00032 LYS+1A0118_032 f 0.00  1.000     0 10.40  0  1 -10.854   0.676   1.467   0.036  -0.203   0.000 +1T01EM000t
00033 LYS+1A0118_033 f 0.00  1.000     0 10.40  0  1 -10.567   0.578   1.505  -0.003  -0.193   0.000 +1T032M000t
00034 LYS+1A0118_034 f 0.00  1.000     0 10.40  0  1 -10.348   4.912   1.446  -0.325   0.334   0.000 +1T078M000t
00035 LYS+1A0118_035 f 0.00  1.000     0 10.40  0  1  -7.295   0.425   4.913   0.022  -0.512   0.000 +1T105M000t
00036 LYS+1A0118_036 f 0.00  1.000     0 10.40  0  1  -6.840   0.108   4.884   0.046  -0.201   0.000 +1T10EM000t
00037 LYS+1A0118_037 f 0.00  1.000     0 10.40  0  1 -10.189   1.954   1.604   1.379   1.048   0.000 +1T111M000t
00038 LYS+1A0118_038 f 0.00  1.000     0 10.40  0  1  -7.312   0.345   2.052   0.244   0.264   0.000 +1T11CM000t
00039 LYS+1A0118_039 f 0.00  1.000     0 10.40  0  1 -10.639   3.347   4.232   0.129   0.003   0.000 +1T12DM000t
00040 LYS+1A0118_040 f 0.00  1.000     0 10.40  0  1 -10.299   2.059   4.345   0.079   0.051   0.000 +1T139M000t
