   confID        vdw0    sas     sum
LYS01A0118_001   0.589 -12.530 -11.941
LYS01A0118_002   1.627 -12.402 -10.775
LYS01A0118_003   1.913 -12.833 -10.920
LYS01A0118_004   1.949 -12.284 -10.335
LYS01A0118_005   4.808 -11.995  -7.186
LYS01A0118_006   2.076 -12.339 -10.263
LYS01A0118_007   5.002 -12.315  -7.313
LYS01A0118_008   2.013 -12.135 -10.122
LYS01A0118_009   4.986 -12.201  -7.215
LYS01A0118_010   1.843 -12.394 -10.551
LYS01A0118_011   2.174 -12.100  -9.926
LYS01A0118_012   0.368 -12.987 -12.619
LYS01A0118_013   1.980 -12.485 -10.505
LYS01A0118_014   0.973 -12.281 -11.307
LYS01A0118_015   2.176 -11.879  -9.703
LYS01A0118_016   5.092 -11.958  -6.865
LYS01A0118_017   3.655 -12.214  -8.559
LYS01A0118_018   2.388 -12.360  -9.972
LYS01A0118_019   2.041 -12.506 -10.466
LYS01A0118_020   2.148 -12.364 -10.216
LYS+1A0118_021   0.544 -12.530 -11.987
LYS+1A0118_022   1.856 -12.833 -10.977
LYS+1A0118_023   0.911 -12.281 -11.370
LYS+1A0118_024   2.070 -11.947  -9.877
LYS+1A0118_025   4.727 -11.995  -7.267
LYS+1A0118_026   1.976 -12.271 -10.296
LYS+1A0118_027   3.606 -12.214  -8.608
LYS+1A0118_028   2.316 -12.257  -9.941
LYS+1A0118_029   1.940 -12.574 -10.634
LYS+1A0118_030   2.119 -12.100  -9.981
LYS+1A0118_031   0.322 -12.936 -12.614
LYS+1A0118_032   1.586 -12.440 -10.854
LYS+1A0118_033   1.915 -12.482 -10.567
LYS+1A0118_034   1.884 -12.233 -10.348
LYS+1A0118_035   4.968 -12.263  -7.295
LYS+1A0118_036   5.050 -11.890  -6.840
LYS+1A0118_037   1.947 -12.135 -10.189
LYS+1A0118_038   4.889 -12.201  -7.312
LYS+1A0118_039   1.755 -12.394 -10.639
LYS+1A0118_040   2.065 -12.364 -10.299
