CONFORMER         crg  vdw0  vdw1  tors  epol  self   occ  Hb     history    ASA
HIS01A0252_001  0.000-11.75  0.34  0.59  0.00-10.82 0.519  00  01O000M000  1.000
HIS01A0252_002  0.000-11.63  0.62  0.59  0.00-10.41 0.518  00  01R001M000  1.000
HIS01A0252_003  0.000-11.74 -0.03  0.50  0.00-11.27 0.518  00  01E006M000  1.000
HIS01A0252_004  0.000-12.38  1.01  0.36  0.00-11.00 0.521  00  01E007M000  1.000
HIS01A0252_005  0.000-11.30  2.43  0.55  0.00 -8.32 0.516  00  01E00FM000  1.000
HIS01A0252_006  0.000-11.67  2.29  0.46  0.00 -8.91 0.518  00  01E011M000  1.000
HIS01A0252_007  0.000-11.94  2.88  0.34  0.00 -8.72 0.519  00  01E012M000  1.000
HIS01A0252_008  0.000-11.99  4.69  0.38  0.00 -6.92 0.519  00  01E015M000  1.000
HIS01A0252_009  0.000-11.26  3.14  0.55  0.00 -7.56 0.517  00  01T002M000  1.000
HIS01A0252_010  0.000-11.56  4.76  2.13  0.00 -4.66 0.518  00  01T003M000  1.000
HIS01A0252_011  0.000-11.80  0.75  2.13  0.00 -8.91 0.521  00  01T005M000  1.000
HIS01A0252_012  0.000-12.21  4.89  2.11  0.00 -5.21 0.518  00  01T00DM000  1.000
HIS01A0252_013  0.000-12.05 -0.01  0.52  0.00-11.55 0.518  00  01T013M000  1.000
HIS01A0252_014  0.000-11.78  3.80  0.48  0.00 -7.50 0.517  00  01T014M000  1.000
HIS01A0252_015  0.000-12.16  0.73  2.11  0.00 -9.31 0.518  00  01T016M000  1.000
HIS01A0252_016  0.000-12.01  0.96  2.11  0.00 -8.94 0.519  00  01T019M000  1.000
HIS01A0252_017  0.000-12.09  4.97  1.90  0.00 -5.22 0.517  00  01T01AM000  1.000
HIS02A0252_018  0.000-11.76  0.27  0.59  0.00-10.90 0.519  00  02O000M000  1.000
HIS02A0252_019  0.000-11.64  0.62  0.59  0.00-10.43 0.518  00  02R001M000  1.000
HIS02A0252_020  0.000-11.51  4.88  2.11  0.00 -4.51 0.518  00  02E003M000  1.000
HIS02A0252_021  0.000-11.81  0.71  2.12  0.00 -8.98 0.521  00  02E005M000  1.000
HIS02A0252_022  0.000-11.83 -0.04  0.49  0.00-11.38 0.518  00  02E006M000  1.000
HIS02A0252_023  0.000-12.46  1.02  0.39  0.00-11.06 0.521  00  02E007M000  1.000
HIS02A0252_024  0.000-11.69  2.35  0.45  0.00 -8.88 0.518  00  02E011M000  1.000
HIS02A0252_025  0.000-12.00  2.75  0.34  0.00 -8.91 0.519  00  02E012M000  1.000
HIS02A0252_026  0.000-12.01 -0.04  0.51  0.00-11.54 0.518  00  02E013M000  1.000
HIS02A0252_027  0.000-12.06  4.93  0.37  0.00 -6.75 0.519  00  02E015M000  1.000
HIS02A0252_028  0.000-11.96  0.91  2.10  0.00 -8.94 0.519  00  02E019M000  1.000
HIS02A0252_029  0.000-12.11  4.96  1.91  0.00 -5.24 0.517  00  02E01AM000  1.000
HIS02A0252_030  0.000-11.60  4.94  2.11  0.00 -4.56 0.518  00  02T00CM000  1.000
HIS02A0252_031  0.000-11.70  4.33  0.45  0.00 -6.92 0.517  00  02T00EM000  1.000
HIS02A0252_032  0.000-11.30  2.38  0.54  0.00 -8.38 0.516  00  02T00FM000  1.000
HIS02A0252_033  0.000-11.48  3.67  0.46  0.00 -7.36 0.517  00  02T014M000  1.000
HIS02A0252_034  0.000-12.06  0.72  2.10  0.00 -9.24 0.518  00  02T016M000  1.000
HIS+1A0252_035  1.000-11.79  0.27  0.59  0.00-10.93 0.519  00  +1O000M000  1.000
HIS+1A0252_036  1.000-11.60  4.89  2.13  0.00 -4.57 0.518  00  +1E003M000  1.000
HIS+1A0252_037  1.000-12.49  1.01  0.39  0.00-11.09 0.521  00  +1E007M000  1.000
HIS+1A0252_038  1.000-11.65 -0.00  0.53  0.00-11.12 0.520  00  +1E008M000  1.000
HIS+1A0252_039  1.000-11.72  2.42  0.47  0.00 -8.82 0.518  00  +1E011M000  1.000
HIS+1A0252_040  1.000-12.03  2.79  0.35  0.00 -8.89 0.519  00  +1E012M000  1.000
HIS+1A0252_041  1.000-12.10  4.94  0.38  0.00 -6.77 0.519  00  +1E015M000  1.000
HIS+1A0252_042  1.000-11.32  3.49  0.56  0.00 -7.27 0.517  00  +1T002M000  1.000
HIS+1A0252_043  1.000-11.91  0.72  2.14  0.00 -9.04 0.521  00  +1T005M000  1.000
HIS+1A0252_044  1.000-11.79 -0.04  0.50  0.00-11.32 0.518  00  +1T006M000  1.000
HIS+1A0252_045  1.000-11.69  4.97  2.14  0.00 -4.59 0.518  00  +1T00CM000  1.000
HIS+1A0252_046  1.000-11.46  2.42  0.55  0.00 -8.49 0.516  00  +1T00FM000  1.000
HIS+1A0252_047  1.000-12.01 -0.03  0.52  0.00-11.52 0.518  00  +1T013M000  1.000
HIS+1A0252_048  1.000-11.76  3.84  0.48  0.00 -7.43 0.517  00  +1T014M000  1.000
HIS+1A0252_049  1.000-12.22  0.72  2.12  0.00 -9.38 0.518  00  +1T016M000  1.000
HIS+1A0252_050  1.000-12.10  0.91  2.12  0.00 -9.07 0.519  00  +1T019M000  1.000
HIS+1A0252_051  1.000-12.33  4.97  1.92  0.00 -5.45 0.517  00  +1T01AM000  1.000
