   confID        vdw0    sas     sum
HIS01A0252_001  -0.203 -11.546 -11.749
HIS01A0252_002  -0.169 -11.456 -11.626
HIS01A0252_003  -0.110 -11.631 -11.741
HIS01A0252_004  -0.273 -12.107 -12.380
HIS01A0252_005  -0.090 -11.208 -11.298
HIS01A0252_006  -0.102 -11.565 -11.666
HIS01A0252_007  -0.270 -11.669 -11.938
HIS01A0252_008  -0.343 -11.645 -11.988
HIS01A0252_009  -0.183 -11.073 -11.256
HIS01A0252_010  -0.179 -11.447 -11.626
HIS01A0252_011  -0.194 -11.602 -11.796
HIS01A0252_012  -0.227 -12.054 -12.282
HIS01A0252_013  -0.097 -11.954 -12.051
HIS01A0252_014  -0.222 -11.557 -11.779
HIS01A0252_015  -0.111 -12.049 -12.161
HIS01A0252_016  -0.240 -11.774 -12.014
HIS01A0252_017  -0.348 -11.744 -12.092
HIS02A0252_018  -0.219 -11.546 -11.765
HIS02A0252_019  -0.183 -11.456 -11.639
HIS02A0252_020  -0.197 -11.310 -11.507
HIS02A0252_021  -0.209 -11.602 -11.812
HIS02A0252_022  -0.131 -11.698 -11.830
HIS02A0252_023  -0.290 -12.218 -12.507
HIS02A0252_024  -0.125 -11.561 -11.687
HIS02A0252_025  -0.287 -11.714 -12.001
HIS02A0252_026  -0.117 -11.890 -12.007
HIS02A0252_027  -0.357 -11.764 -12.121
HIS02A0252_028  -0.257 -11.699 -11.956
HIS02A0252_029  -0.359 -11.818 -12.178
HIS02A0252_030  -0.109 -11.494 -11.603
HIS02A0252_031  -0.121 -11.573 -11.695
HIS02A0252_032  -0.109 -11.189 -11.298
HIS02A0252_033  -0.238 -11.245 -11.483
HIS02A0252_034  -0.133 -11.930 -12.063
HIS+1A0252_035  -0.246 -11.546 -11.792
HIS+1A0252_036  -0.225 -11.374 -11.598
HIS+1A0252_037  -0.317 -12.171 -12.488
HIS+1A0252_038  -0.143 -11.510 -11.653
HIS+1A0252_039  -0.151 -11.565 -11.716
HIS+1A0252_040  -0.314 -11.718 -12.032
HIS+1A0252_041  -0.384 -11.712 -12.096
HIS+1A0252_042  -0.233 -11.090 -11.323
HIS+1A0252_043  -0.237 -11.602 -11.839
HIS+1A0252_044  -0.159 -11.631 -11.791
HIS+1A0252_045  -0.137 -11.558 -11.695
HIS+1A0252_046  -0.135 -11.324 -11.459
HIS+1A0252_047  -0.143 -11.869 -12.012
HIS+1A0252_048  -0.266 -11.490 -11.755
HIS+1A0252_049  -0.159 -12.062 -12.221
HIS+1A0252_050  -0.283 -11.821 -12.104
HIS+1A0252_051  -0.387 -11.947 -12.334
