iConf CONFORMER     FL  occ    crg   Em0  pKa0 ne nH    vdw0    vdw1    tors    epol   dsolv   extra    history
00001 LYS01A0027_001 f 0.00  0.000     0  0.00  0  0 -11.849   0.581   0.863  -0.008   0.001   0.000 01O000M000t
00002 LYS01A0027_002 f 0.00  0.000     0  0.00  0  0 -13.023   2.391   3.594  -0.027  -0.024   0.000 01E00FM000t
00003 LYS01A0027_003 f 0.00  0.000     0  0.00  0  0 -10.593   0.611   1.565  -0.035  -0.161   0.000 01E030M000t
00004 LYS01A0027_004 f 0.00  0.000     0  0.00  0  0  -9.658   1.342   1.555  -0.024  -0.083   0.000 01E042M000t
00005 LYS01A0027_005 f 0.00  0.000     0  0.00  0  0 -10.787   0.865   4.287  -0.009  -0.033   0.000 01E071M000t
00006 LYS01A0027_006 f 0.00  0.000     0  0.00  0  0 -10.335   1.444   1.490  -0.030  -0.075   0.000 01E089M000t
00007 LYS01A0027_007 f 0.00  0.000     0  0.00  0  0 -10.421   1.047   4.245  -0.015  -0.077   0.000 01E0C8M000t
00008 LYS01A0027_008 f 0.00  0.000     0  0.00  0  0 -10.267   1.015   4.272  -0.023   0.000   0.000 01E0D2M000t
00009 LYS01A0027_009 f 0.00  0.000     0  0.00  0  0 -10.100   1.184   6.878  -0.013   0.013   0.000 01E0E3M000t
00010 LYS01A0027_010 f 0.00  0.000     0  0.00  0  0  -9.527   1.901   4.311  -0.012  -0.138   0.000 01E10FM000t
00011 LYS01A0027_011 f 0.00  0.000     0  0.00  0  0 -10.670   1.998   7.053  -0.021   0.044   0.000 01E15DM000t
00012 LYS01A0027_012 f 0.00  0.000     0  0.00  0  0 -10.109   2.167   7.016  -0.014   0.071   0.000 01E168M000t
00013 LYS01A0027_013 f 0.00  0.000     0  0.00  0  0 -11.028   5.008   3.500  -0.020   0.106   0.000 01T067M000t
00014 LYS01A0027_014 f 0.00  0.000     0  0.00  0  0 -11.494   2.388   3.599  -0.033   0.097   0.000 01T09AM000t
00015 LYS01A0027_015 f 0.00  0.000     0  0.00  0  0  -9.429   0.948   0.917  -0.015   0.033   0.000 01T0CDM000t
00016 LYS01A0027_016 f 0.00  0.000     0  0.00  0  0  -7.605   1.931   2.132  -0.013   0.068   0.000 01T10CM000t
00017 LYS01A0027_017 f 0.00  0.000     0  0.00  0  0  -8.145   1.531   4.925   0.032   0.054   0.000 01T112M000t
00018 LYS01A0027_018 f 0.00  0.000     0  0.00  0  0 -10.699   2.010   4.359  -0.093  -0.111   0.000 01T12BM000t
00019 LYS01A0027_019 f 0.00  0.000     0  0.00  0  0 -10.256   1.775   7.044  -0.146  -0.101   0.000 01T148M000t
00020 LYS01A0027_020 f 0.00  0.000     0  0.00  0  0 -10.430   2.069   4.252  -0.024  -0.116   0.000 01T15FM000t
00021 LYS+1A0027_021 f 0.00  1.000     0 10.40  0  1 -11.894   0.580   0.863   0.048  -0.377   0.000 +1O000M000t
00022 LYS+1A0027_022 f 0.00  1.000     0 10.40  0  1 -13.005   2.399   3.597   0.145  -0.227   0.000 +1E00FM000t
00023 LYS+1A0027_023 f 0.00  1.000     0 10.40  0  1 -10.631   0.611   1.566   0.182  -0.131   0.000 +1E030M000t
00024 LYS+1A0027_024 f 0.00  1.000     0 10.40  0  1 -10.835   0.863   4.288   0.091  -0.331   0.000 +1E071M000t
00025 LYS+1A0027_025 f 0.00  1.000     0 10.40  0  1 -10.475   1.046   4.247   0.076  -0.192   0.000 +1E0C8M000t
00026 LYS+1A0027_026 f 0.00  1.000     0 10.40  0  1  -9.571   0.955   0.921   0.153   0.027   0.000 +1E0CDM000t
00027 LYS+1A0027_027 f 0.00  1.000     0 10.40  0  1 -10.315   1.021   4.272   0.031  -0.219   0.000 +1E0D2M000t
00028 LYS+1A0027_028 f 0.00  1.000     0 10.40  0  1  -7.666   1.928   2.132  -0.021  -0.263   0.000 +1E10CM000t
00029 LYS+1A0027_029 f 0.00  1.000     0 10.40  0  1 -10.794   2.011   4.359   0.370  -0.380   0.000 +1E12BM000t
00030 LYS+1A0027_030 f 0.00  1.000     0 10.40  0  1 -10.321   1.755   7.044   0.387   0.237   0.000 +1E148M000t
00031 LYS+1A0027_031 f 0.00  1.000     0 10.40  0  1 -10.658   2.010   7.054   0.118  -0.300   0.000 +1E15DM000t
00032 LYS+1A0027_032 f 0.00  1.000     0 10.40  0  1 -10.171   2.160   7.019   0.071  -0.180   0.000 +1E168M000t
00033 LYS+1A0027_033 f 0.00  1.000     0 10.40  0  1  -9.687   1.351   1.555   0.055  -0.563   0.000 +1T042M000t
00034 LYS+1A0027_034 f 0.00  1.000     0 10.40  0  1 -11.104   5.013   3.499   0.066   0.051   0.000 +1T067M000t
00035 LYS+1A0027_035 f 0.00  1.000     0 10.40  0  1 -10.407   1.451   1.489   0.122   0.030   0.000 +1T089M000t
00036 LYS+1A0027_036 f 0.00  1.000     0 10.40  0  1 -11.618   2.368   3.602   0.131  -0.247   0.000 +1T09AM000t
00037 LYS+1A0027_037 f 0.00  1.000     0 10.40  0  1 -10.144   1.184   6.882   0.075  -0.260   0.000 +1T0E3M000t
00038 LYS+1A0027_038 f 0.00  1.000     0 10.40  0  1  -9.646   1.898   4.312   0.046  -0.277   0.000 +1T10FM000t
00039 LYS+1A0027_039 f 0.00  1.000     0 10.40  0  1  -8.207   1.517   4.925   0.061  -0.018   0.000 +1T112M000t
00040 LYS+1A0027_040 f 0.00  1.000     0 10.40  0  1 -10.562   2.063   4.252   0.103  -0.189   0.000 +1T15FM000t
