CONFORMER         crg  vdw0  vdw1  tors  epol  self   occ  Hb     history    ASA
LYS01A0027_001  0.000-11.85  0.48  0.86  0.00-10.51 0.501  00  01O000M000  1.000
LYS01A0027_002  0.000-10.25  4.95  3.54  0.00 -1.77 0.501  00  01E021M000  1.000
LYS01A0027_003  0.000 -5.42  0.98  3.44  0.00 -1.00 0.501  00  01E02BM000  1.000
LYS01A0027_004  0.000-11.03  4.96  3.50  0.00 -2.57 0.502  00  01E067M000  1.000
LYS01A0027_005  0.000-10.40  1.92  1.49  0.00 -6.99 0.501  00  01E081M000  1.000
LYS01A0027_006  0.000-10.92  1.26  4.27  0.00 -5.38 0.501  00  01E087M000  1.000
LYS01A0027_007  0.000-11.19  2.23  6.96  0.00 -1.99 0.501  00  01E097M000  1.000
LYS01A0027_008  0.000-10.31  0.36  3.72  0.00 -6.23 0.502  00  01E0A8M000  1.000
LYS01A0027_009  0.000 -9.67  1.47  1.48  0.00 -6.72 0.502  00  01E0C0M000  1.000
LYS01A0027_010  0.000-10.03  4.87  4.07  0.00 -1.09 0.501  00  01E0C7M000  1.000
LYS01A0027_011  0.000-10.50  1.69  3.72  0.00 -5.09 0.501  00  01E0F6M000  1.000
LYS01A0027_012  0.000-10.81  1.61  3.75  0.00 -5.45 0.501  00  01E0F8M000  1.000
LYS01A0027_013  0.000-11.45  1.62  1.48  0.00 -8.35 0.501  00  01T00DM000  1.000
LYS01A0027_014  0.000-11.49  2.04  1.55  0.00 -7.90 0.501  00  01T047M000  1.000
LYS01A0027_015  0.000-11.02  0.46  0.85  0.00 -9.71 0.502  00  01T05BM000  1.000
LYS01A0027_016  0.000-10.83  1.47  0.84  0.00 -8.52 0.501  00  01T062M000  1.000
LYS01A0027_017  0.000 -9.58  4.79  3.60  0.00 -1.19 0.502  00  01T0C5M000  1.000
LYS01A0027_018  0.000-10.26  0.90  4.27  0.00 -5.10 0.501  00  01T0D2M000  1.000
LYS01A0027_019  0.000-10.93  2.61  6.46  0.00 -1.85 0.501  00  01T153M000  1.000
LYS01A0027_020  0.000 -9.22  2.12  4.22  0.00 -2.89 0.501  00  01T167M000  1.000
LYS+1A0027_021  1.000-11.89  0.48  0.86  0.00-10.55 0.501  00  +1O000M000  1.000
LYS+1A0027_022  1.000-11.55  1.64  1.48  0.00 -8.43 0.501  00  +1E00DM000  1.000
LYS+1A0027_023  1.000-10.31  4.95  3.54  0.00 -1.82 0.501  00  +1E021M000  1.000
LYS+1A0027_024  1.000 -5.47  0.98  3.44  0.00 -1.05 0.501  00  +1E02BM000  1.000
LYS+1A0027_025  1.000-11.52  2.03  1.55  0.00 -7.93 0.501  00  +1E047M000  1.000
LYS+1A0027_026  1.000-11.09  0.45  0.85  0.00 -9.79 0.502  00  +1E05BM000  1.000
LYS+1A0027_027  1.000-10.90  1.46  0.84  0.00 -8.59 0.501  00  +1E062M000  1.000
LYS+1A0027_028  1.000-11.11  4.95  3.50  0.00 -2.66 0.502  00  +1E067M000  1.000
LYS+1A0027_029  1.000-10.47  1.92  1.49  0.00 -7.06 0.501  00  +1E081M000  1.000
LYS+1A0027_030  1.000-10.97  1.28  4.27  0.00 -5.42 0.501  00  +1E087M000  1.000
LYS+1A0027_031  1.000-11.24  2.23  6.96  0.00 -2.04 0.501  00  +1E097M000  1.000
LYS+1A0027_032  1.000-10.34  0.36  3.72  0.00 -6.27 0.502  00  +1E0A8M000  1.000
LYS+1A0027_033  1.000 -9.69  1.46  1.48  0.00 -6.75 0.502  00  +1E0C0M000  1.000
LYS+1A0027_034  1.000 -9.66  4.78  3.61  0.00 -1.27 0.502  00  +1E0C5M000  1.000
LYS+1A0027_035  1.000-10.65  1.67  3.72  0.00 -5.26 0.501  00  +1E0F6M000  1.000
LYS+1A0027_036  1.000-10.98  1.61  3.76  0.00 -5.60 0.501  00  +1E0F8M000  1.000
LYS+1A0027_037  1.000-10.02  4.86  4.08  0.00 -1.08 0.501  00  +1T0C7M000  1.000
LYS+1A0027_038  1.000-10.32  0.90  4.27  0.00 -5.14 0.501  00  +1T0D2M000  1.000
LYS+1A0027_039  1.000-11.07  2.66  6.46  0.00 -1.95 0.501  00  +1T153M000  1.000
LYS+1A0027_040  1.000 -9.26  2.12  4.22  0.00 -2.92 0.501  00  +1T167M000  1.000
