   confID        vdw0    sas     sum
LYS01A0027_001   0.511 -12.360 -11.849
LYS01A0027_002   1.837 -12.090 -10.253
LYS01A0027_003   7.089 -12.518  -5.429
LYS01A0027_004   1.461 -12.489 -11.028
LYS01A0027_005   1.961 -12.364 -10.403
LYS01A0027_006   1.614 -12.527 -10.913
LYS01A0027_007   1.613 -12.795 -11.182
LYS01A0027_008   2.091 -12.402 -10.311
LYS01A0027_009   2.596 -12.264  -9.669
LYS01A0027_010   2.481 -12.506 -10.025
LYS01A0027_011   2.347 -12.917 -10.570
LYS01A0027_012   2.242 -13.051 -10.809
LYS01A0027_013   1.083 -12.534 -11.451
LYS01A0027_014   1.426 -12.913 -11.487
LYS01A0027_015   1.379 -12.393 -11.014
LYS01A0027_016   1.393 -12.222 -10.830
LYS01A0027_017   2.517 -12.094  -9.577
LYS01A0027_018   2.411 -12.676 -10.265
LYS01A0027_019   1.900 -12.829 -10.929
LYS01A0027_020   3.022 -12.242  -9.220
LYS+1A0027_021   0.466 -12.360 -11.894
LYS+1A0027_022   1.038 -12.585 -11.548
LYS+1A0027_023   1.788 -12.090 -10.302
LYS+1A0027_024   7.056 -12.518  -5.462
LYS+1A0027_025   1.378 -12.900 -11.522
LYS+1A0027_026   1.308 -12.393 -11.085
LYS+1A0027_027   1.331 -12.222 -10.892
LYS+1A0027_028   1.385 -12.489 -11.104
LYS+1A0027_029   1.890 -12.364 -10.474
LYS+1A0027_030   1.565 -12.527 -10.963
LYS+1A0027_031   1.555 -12.795 -11.240
LYS+1A0027_032   2.054 -12.402 -10.348
LYS+1A0027_033   2.529 -12.225  -9.697
LYS+1A0027_034   2.435 -12.094  -9.659
LYS+1A0027_035   2.320 -13.036 -10.716
LYS+1A0027_036   2.126 -13.102 -10.976
LYS+1A0027_037   2.428 -12.438 -10.010
LYS+1A0027_038   2.366 -12.676 -10.310
LYS+1A0027_039   1.826 -12.893 -11.067
LYS+1A0027_040   2.924 -12.175  -9.250
