CONFORMER         crg  vdw0  vdw1  tors  epol  self   occ  Hb     history    ASA
ARG01A0125_001  0.000-12.55  0.51  0.53  0.00-11.51 0.502  00  01O000M000  1.000
ARG01A0125_002  0.000-12.92  4.45  0.67  0.00 -7.80 0.502  00  01E00BM000  1.000
ARG01A0125_003  0.000-11.59  1.43  3.23  0.00 -6.92 0.502  00  01E040M000  1.000
ARG01A0125_004  0.000-11.78  4.41  1.49  0.00 -5.87 0.502  00  01E05DM000  1.000
ARG01A0125_005  0.000-13.22  0.71  0.49  0.00-12.02 0.501  00  01E066M000  1.000
ARG01A0125_006  0.000 -7.32  0.41  2.61  0.00 -4.31 0.502  00  01E06FM000  1.000
ARG01A0125_007  0.000-13.67  7.26  0.68  0.00 -5.74 0.502  00  01E0A3M000  1.000
ARG01A0125_008  0.000-12.61  2.42  4.05  0.00 -6.14 0.502  00  01E0BEM000  1.000
ARG01A0125_009  0.000-12.63  2.23  5.89  0.00 -4.50 0.503  00  01E0C7M000  1.000
ARG01A0125_010  0.000-12.77  1.23  3.37  0.00 -8.16 0.502  00  01E0E7M000  1.000
ARG01A0125_011  0.000-13.05  1.79  3.18  0.00 -8.09 0.502  00  01E0EEM000  1.000
ARG01A0125_012  0.000-13.03  3.93  3.20  0.00 -5.90 0.503  00  01T044M000  1.000
ARG01A0125_013  0.000-12.20  0.90  1.16  0.00-10.14 0.502  00  01T04DM000  1.000
ARG01A0125_014  0.000-12.11  6.93  1.11  0.00 -4.07 0.502  00  01T060M000  1.000
ARG01A0125_015  0.000-12.89  0.82  2.95  0.00 -9.13 0.502  00  01T068M000  1.000
ARG01A0125_016  0.000-13.08  3.90  3.16  0.00 -6.02 0.502  00  01T090M000  1.000
ARG01A0125_017  0.000-13.01  1.38  3.40  0.00 -8.23 0.502  00  01T0A5M000  1.000
ARG01A0125_018  0.000-12.82  1.32  3.22  0.00 -8.28 0.502  00  01T0ACM000  1.000
ARG01A0125_019  0.000-13.23  2.50  3.42  0.00 -7.31 0.502  00  01T0C2M000  1.000
ARG01A0125_020  0.000-12.15  2.12  4.15  0.00 -5.88 0.503  00  01T0D8M000  1.000
ARG02A0125_021  0.000-12.59  0.51  0.53  0.00-11.55 0.502  00  02O000M000  1.000
ARG02A0125_022  0.000-13.10  3.89  3.16  0.00 -6.05 0.502  00  02E090M000  1.000
ARG02A0125_023  0.000-13.81  7.10  0.64  0.00 -6.06 0.502  00  02E0A3M000  1.000
ARG02A0125_024  0.000-12.71  2.22  5.89  0.00 -4.59 0.503  00  02E0C7M000  1.000
ARG02A0125_025  0.000-12.87  4.40  0.67  0.00 -7.80 0.502  00  02E00BM000  1.000
ARG02A0125_026  0.000-13.00  3.93  3.20  0.00 -5.86 0.503  00  02E044M000  1.000
ARG02A0125_027  0.000-12.83  0.81  2.83  0.00 -9.19 0.502  00  02T068M000  1.000
ARG02A0125_028  0.000-11.86  2.02  3.84  0.00 -6.00 0.503  00  02T0D8M000  1.000
ARG02A0125_029  0.000-11.51  1.44  3.19  0.00 -6.88 0.502  00  02T040M000  1.000
ARG02A0125_030  0.000-11.97  0.91  1.10  0.00 -9.96 0.502  00  02T04DM000  1.000
ARG02A0125_031  0.000-11.84  6.32  1.13  0.00 -4.40 0.502  00  02T05DM000  1.000
ARG02A0125_032  0.000 -7.37  0.41  2.61  0.00 -4.34 0.502  00  02T06FM000  1.000
ARG02A0125_033  0.000-12.91  1.49  3.01  0.00 -8.41 0.502  00  02T0A5M000  1.000
ARG02A0125_034  0.000-12.98  1.13  3.05  0.00 -8.81 0.502  00  02T0ACM000  1.000
ARG02A0125_035  0.000-11.80  2.50  3.86  0.00 -5.45 0.502  00  02T0BEM000  1.000
ARG02A0125_036  0.000-12.79  1.37  3.12  0.00 -8.30 0.502  00  02T0E7M000  1.000
ARG02A0125_037  0.000-12.03  6.64  1.10  0.00 -4.29 0.502  00  02T060M000  1.000
ARG02A0125_038  0.000-13.16  0.71  0.48  0.00-11.97 0.501  00  02T066M000  1.000
ARG02A0125_039  0.000-13.57  2.26  3.36  0.00 -7.94 0.502  00  02T0C2M000  1.000
ARG02A0125_040  0.000-13.05  1.78  3.18  0.00 -8.09 0.502  00  02T0EEM000  1.000
ARG03A0125_041  0.000-12.59  0.51  0.53  0.00-11.56 0.502  00  03O000M000  1.000
ARG03A0125_042  0.000-13.16  3.90  3.16  0.00 -6.11 0.502  00  03E090M000  1.000
ARG03A0125_043  0.000-11.91  2.50  3.86  0.00 -5.56 0.502  00  03E0BEM000  1.000
ARG03A0125_044  0.000-13.04  3.92  3.20  0.00 -5.92 0.503  00  03E044M000  1.000
ARG03A0125_045  0.000-11.85  6.32  1.13  0.00 -4.40 0.502  00  03E05DM000  1.000
ARG03A0125_046  0.000-12.84  0.82  2.80  0.00 -9.23 0.502  00  03E068M000  1.000
ARG03A0125_047  0.000-13.07  1.48  3.00  0.00 -8.59 0.502  00  03E0A5M000  1.000
ARG03A0125_048  0.000-13.13  1.78  3.17  0.00 -8.17 0.502  00  03E0EEM000  1.000
ARG03A0125_049  0.000-11.40  1.42  3.20  0.00 -6.78 0.502  00  03T040M000  1.000
ARG03A0125_050  0.000-12.04  0.91  1.10  0.00-10.03 0.502  00  03T04DM000  1.000
ARG03A0125_051  0.000 -7.53  0.40  2.62  0.00 -4.51 0.502  00  03T06FM000  1.000
ARG03A0125_052  0.000-13.06  1.11  3.04  0.00 -8.91 0.502  00  03T0ACM000  1.000
ARG03A0125_053  0.000-13.69  7.11  0.65  0.00 -5.93 0.502  00  03T0A3M000  1.000
ARG03A0125_054  0.000-12.09  6.66  1.10  0.00 -4.33 0.502  00  03T060M000  1.000
ARG03A0125_055  0.000-13.24  0.71  0.48  0.00-12.05 0.501  00  03T066M000  1.000
ARG03A0125_056  0.000-13.64  2.26  3.36  0.00 -8.01 0.502  00  03T0C2M000  1.000
ARG03A0125_057  0.000-12.71  2.24  5.89  0.00 -4.58 0.503  00  03T0C7M000  1.000
ARG03A0125_058  0.000-13.02  4.40  0.67  0.00 -7.94 0.502  00  03T00BM000  1.000
ARG03A0125_059  0.000-11.85  2.02  3.84  0.00 -5.99 0.503  00  03T0D8M000  1.000
ARG03A0125_060  0.000-12.84  1.36  3.12  0.00 -8.37 0.502  00  03T0E7M000  1.000
ARG+1A0125_061  1.000-12.63  0.51  0.53  0.00-11.60 0.502  00  +1O000M000  1.000
ARG+1A0125_062  1.000-12.99  4.39  0.67  0.00 -7.93 0.502  00  +1E00BM000  1.000
ARG+1A0125_063  1.000-11.36  1.43  3.20  0.00 -6.73 0.502  00  +1E040M000  1.000
ARG+1A0125_064  1.000-12.13  0.91  1.10  0.00-10.12 0.502  00  +1E04DM000  1.000
ARG+1A0125_065  1.000-12.01  6.35  1.13  0.00 -4.54 0.502  00  +1E05DM000  1.000
ARG+1A0125_066  1.000-12.26  6.69  1.10  0.00 -4.46 0.502  00  +1E060M000  1.000
ARG+1A0125_067  1.000-12.89  0.81  2.84  0.00 -9.24 0.502  00  +1E068M000  1.000
ARG+1A0125_068  1.000-13.20  3.90  3.16  0.00 -6.14 0.502  00  +1E090M000  1.000
ARG+1A0125_069  1.000-13.73  7.16  0.64  0.00 -5.93 0.502  00  +1E0A3M000  1.000
ARG+1A0125_070  1.000-13.15  1.12  3.05  0.00 -8.98 0.502  00  +1E0ACM000  1.000
ARG+1A0125_071  1.000-11.95  2.49  3.86  0.00 -5.60 0.502  00  +1E0BEM000  1.000
ARG+1A0125_072  1.000-13.74  2.26  3.37  0.00 -8.12 0.502  00  +1E0C2M000  1.000
ARG+1A0125_073  1.000-11.88  2.02  3.85  0.00 -6.02 0.503  00  +1E0D8M000  1.000
ARG+1A0125_074  1.000-13.23  1.77  3.18  0.00 -8.28 0.502  00  +1E0EEM000  1.000
ARG+1A0125_075  1.000-13.09  3.93  3.20  0.00 -5.96 0.503  00  +1T044M000  1.000
ARG+1A0125_076  1.000-13.28  0.71  0.49  0.00-12.09 0.501  00  +1T066M000  1.000
ARG+1A0125_077  1.000 -7.59  0.40  2.63  0.00 -4.56 0.502  00  +1T06FM000  1.000
ARG+1A0125_078  1.000-12.98  1.49  3.02  0.00 -8.47 0.502  00  +1T0A5M000  1.000
ARG+1A0125_079  1.000-12.80  2.23  5.90  0.00 -4.68 0.503  00  +1T0C7M000  1.000
ARG+1A0125_080  1.000-12.84  1.36  3.12  0.00 -8.36 0.502  00  +1T0E7M000  1.000
