iConf CONFORMER     FL  occ    crg   Em0  pKa0 ne nH    vdw0    vdw1    tors    epol   dsolv   extra    history
00001 ARG01A0125_001 f 0.00  0.000     0  0.00  0  0 -12.550   0.513   0.529   0.050   0.015   0.000 01O000M000t
00002 ARG01A0125_002 f 0.00  0.000     0  0.00  0  0 -12.922   4.446   0.673  -0.280   0.136   0.000 01E00BM000t
00003 ARG01A0125_003 f 0.00  0.000     0  0.00  0  0 -11.584   1.429   3.229  -0.005  -0.073   0.000 01E040M000t
00004 ARG01A0125_004 f 0.00  0.000     0  0.00  0  0 -11.780   4.416   1.487  -0.002   0.271   0.000 01E05DM000t
00005 ARG01A0125_005 f 0.00  0.000     0  0.00  0  0 -13.218   0.711   0.485   0.012  -0.014   0.000 01E066M000t
00006 ARG01A0125_006 f 0.00  0.000     0  0.00  0  0  -7.331   0.408   2.608   0.013   0.062   0.000 01E06FM000t
00007 ARG01A0125_007 f 0.00  0.000     0  0.00  0  0 -13.671   7.259   0.674   0.250  -0.282   0.000 01E0A3M000t
00008 ARG01A0125_008 f 0.00  0.000     0  0.00  0  0 -12.612   2.418   4.039   0.033  -0.291   0.000 01E0BEM000t
00009 ARG01A0125_009 f 0.00  0.000     0  0.00  0  0 -12.624   2.237   5.894   0.118  -0.027   0.000 01E0C7M000t
00010 ARG01A0125_010 f 0.00  0.000     0  0.00  0  0 -12.773   1.239   3.375   0.023   0.037   0.000 01E0E7M000t
00011 ARG01A0125_011 f 0.00  0.000     0  0.00  0  0 -13.053   1.785   3.175   0.064   0.001   0.000 01E0EEM000t
00012 ARG01A0125_012 f 0.00  0.000     0  0.00  0  0 -13.027   3.931   3.196  -0.024  -0.063   0.000 01T044M000t
00013 ARG01A0125_013 f 0.00  0.000     0  0.00  0  0 -12.155   0.902   1.157   0.043  -0.081   0.000 01T04DM000t
00014 ARG01A0125_014 f 0.00  0.000     0  0.00  0  0 -12.112   6.924   1.112  -0.081  -0.267   0.000 01T060M000t
00015 ARG01A0125_015 f 0.00  0.000     0  0.00  0  0 -12.891   0.815   2.949   0.007  -0.224   0.000 01T068M000t
00016 ARG01A0125_016 f 0.00  0.000     0  0.00  0  0 -13.078   3.892   3.162   0.035  -0.452   0.000 01T090M000t
00017 ARG01A0125_017 f 0.00  0.000     0  0.00  0  0 -13.011   1.382   3.400   0.172  -0.235   0.000 01T0A5M000t
00018 ARG01A0125_018 f 0.00  0.000     0  0.00  0  0 -12.826   1.323   3.224  -0.105  -0.202   0.000 01T0ACM000t
00019 ARG01A0125_019 f 0.00  0.000     0  0.00  0  0 -13.228   2.494   3.427   0.134  -0.161   0.000 01T0C2M000t
00020 ARG01A0125_020 f 0.00  0.000     0  0.00  0  0 -12.149   2.115   4.154  -0.079   0.163   0.000 01T0D8M000t
00021 ARG02A0125_021 f 0.00  0.000     0  0.00  0  0 -12.587   0.509   0.529   0.039   0.985   0.000 02O000M000t
00022 ARG02A0125_022 f 0.00  0.000     0  0.00  0  0 -13.162   3.898   3.158   0.012   1.042   0.000 02E090M000t
00023 ARG02A0125_023 f 0.00  0.000     0  0.00  0  0 -13.815   7.103   0.643   0.237   0.856   0.000 02E0A3M000t
00024 ARG02A0125_024 f 0.00  0.000     0  0.00  0  0 -12.756   2.225   5.894   0.113   1.054   0.000 02E0C7M000t
00025 ARG02A0125_025 f 0.00  0.000     0  0.00  0  0 -12.872   4.413   0.672  -0.218   1.099   0.000 02E00BM000t
00026 ARG02A0125_026 f 0.00  0.000     0  0.00  0  0 -12.991   3.922   3.204   0.016   0.657   0.000 02E044M000t
00027 ARG02A0125_027 f 0.00  0.000     0  0.00  0  0 -12.827   0.809   2.832   0.037   0.798   0.000 02T068M000t
00028 ARG02A0125_028 f 0.00  0.000     0  0.00  0  0 -11.795   2.020   3.845   0.157   1.035   0.000 02T0D8M000t
00029 ARG02A0125_029 f 0.00  0.000     0  0.00  0  0 -11.504   1.439   3.188  -0.011   0.596   0.000 02T040M000t
00030 ARG02A0125_030 f 0.00  0.000     0  0.00  0  0 -11.921   0.919   1.096   0.015   0.680   0.000 02T04DM000t
00031 ARG02A0125_031 f 0.00  0.000     0  0.00  0  0 -11.846   6.301   1.131   0.107   0.623   0.000 02T05DM000t
00032 ARG02A0125_032 f 0.00  0.000     0  0.00  0  0  -7.361   0.404   2.615  -0.045   0.727   0.000 02T06FM000t
00033 ARG02A0125_033 f 0.00  0.000     0  0.00  0  0 -12.921   1.496   3.007   0.128   0.636   0.000 02T0A5M000t
00034 ARG02A0125_034 f 0.00  0.000     0  0.00  0  0 -12.980   1.129   3.049   0.175   0.701   0.000 02T0ACM000t
00035 ARG02A0125_035 f 0.00  0.000     0  0.00  0  0 -11.801   2.493   3.856   0.028   0.628   0.000 02T0BEM000t
00036 ARG02A0125_036 f 0.00  0.000     0  0.00  0  0 -12.787   1.374   3.117  -0.011   0.520   0.000 02T0E7M000t
00037 ARG02A0125_037 f 0.00  0.000     0  0.00  0  0 -12.032   6.645   1.098  -0.058   0.651   0.000 02T060M000t
00038 ARG02A0125_038 f 0.00  0.000     0  0.00  0  0 -13.155   0.711   0.484   0.032   0.679   0.000 02T066M000t
00039 ARG02A0125_039 f 0.00  0.000     0  0.00  0  0 -13.637   2.267   3.364   0.100   0.260   0.000 02T0C2M000t
00040 ARG02A0125_040 f 0.00  0.000     0  0.00  0  0 -13.046   1.778   3.178   0.057   0.754   0.000 02T0EEM000t
00041 ARG03A0125_041 f 0.00  0.000     0  0.00  0  0 -12.594   0.508   0.529   0.044   0.962   0.000 03O000M000t
00042 ARG03A0125_042 f 0.00  0.000     0  0.00  0  0 -13.166   3.893   3.161   0.011   0.722   0.000 03E090M000t
00043 ARG03A0125_043 f 0.00  0.000     0  0.00  0  0 -11.977   2.497   3.856   0.038   0.289   0.000 03E0BEM000t
00044 ARG03A0125_044 f 0.00  0.000     0  0.00  0  0 -13.039   3.920   3.197  -0.003   0.833   0.000 03E044M000t
00045 ARG03A0125_045 f 0.00  0.000     0  0.00  0  0 -11.843   6.316   1.127   0.063   0.704   0.000 03E05DM000t
00046 ARG03A0125_046 f 0.00  0.000     0  0.00  0  0 -12.839   0.818   2.799   0.024   0.747   0.000 03E068M000t
00047 ARG03A0125_047 f 0.00  0.000     0  0.00  0  0 -13.065   1.477   3.003   0.166   0.545   0.000 03E0A5M000t
00048 ARG03A0125_048 f 0.00  0.000     0  0.00  0  0 -13.131   1.791   3.174   0.074   0.860   0.000 03E0EEM000t
00049 ARG03A0125_049 f 0.00  0.000     0  0.00  0  0 -11.398   1.424   3.202   0.013   0.808   0.000 03T040M000t
00050 ARG03A0125_050 f 0.00  0.000     0  0.00  0  0 -12.038   0.916   1.095   0.033   0.613   0.000 03T04DM000t
00051 ARG03A0125_051 f 0.00  0.000     0  0.00  0  0  -7.537   0.403   2.614  -0.022   1.185   0.000 03T06FM000t
00052 ARG03A0125_052 f 0.00  0.000     0  0.00  0  0 -13.065   1.117   3.042   0.173   0.848   0.000 03T0ACM000t
00053 ARG03A0125_053 f 0.00  0.000     0  0.00  0  0 -13.691   7.116   0.645   0.252   0.542   0.000 03T0A3M000t
00054 ARG03A0125_054 f 0.00  0.000     0  0.00  0  0 -12.094   6.647   1.104  -0.084   0.592   0.000 03T060M000t
00055 ARG03A0125_055 f 0.00  0.000     0  0.00  0  0 -13.241   0.708   0.483   0.010   0.843   0.000 03T066M000t
00056 ARG03A0125_056 f 0.00  0.000     0  0.00  0  0 -13.635   2.261   3.366   0.122   0.656   0.000 03T0C2M000t
00057 ARG03A0125_057 f 0.00  0.000     0  0.00  0  0 -12.705   2.240   5.893   0.118   0.880   0.000 03T0C7M000t
00058 ARG03A0125_058 f 0.00  0.000     0  0.00  0  0 -13.017   4.422   0.673  -0.218   1.120   0.000 03T00BM000t
00059 ARG03A0125_059 f 0.00  0.000     0  0.00  0  0 -11.851   2.030   3.841   0.141   0.734   0.000 03T0D8M000t
00060 ARG03A0125_060 f 0.00  0.000     0  0.00  0  0 -12.845   1.368   3.114   0.012   0.699   0.000 03T0E7M000t
00061 ARG+1A0125_061 f 0.00  1.000     0 12.50  0  1 -12.633   0.508   0.529   0.068  -0.273   0.000 +1O000M000t
00062 ARG+1A0125_062 f 0.00  1.000     0 12.50  0  1 -12.997   4.404   0.672   0.342   0.089   0.000 +1E00BM000t
00063 ARG+1A0125_063 f 0.00  1.000     0 12.50  0  1 -11.370   1.429   3.204   0.064  -0.338   0.000 +1E040M000t
00064 ARG+1A0125_064 f 0.00  1.000     0 12.50  0  1 -12.083   0.914   1.096   0.143  -0.420   0.000 +1E04DM000t
00065 ARG+1A0125_065 f 0.00  1.000     0 12.50  0  1 -12.014   6.349   1.130   0.134   0.376   0.000 +1E05DM000t
00066 ARG+1A0125_066 f 0.00  1.000     0 12.50  0  1 -12.204   6.694   1.105  -0.060  -0.050   0.000 +1E060M000t
00067 ARG+1A0125_067 f 0.00  1.000     0 12.50  0  1 -12.882   0.812   2.836   0.121  -0.299   0.000 +1E068M000t
00068 ARG+1A0125_068 f 0.00  1.000     0 12.50  0  1 -13.195   3.896   3.162   0.021  -0.594   0.000 +1E090M000t
00069 ARG+1A0125_069 f 0.00  1.000     0 12.50  0  1 -13.732   7.150   0.643   0.468  -0.226   0.000 +1E0A3M000t
00070 ARG+1A0125_070 f 0.00  1.000     0 12.50  0  1 -13.155   1.122   3.055   0.720   0.048   0.000 +1E0ACM000t
00071 ARG+1A0125_071 f 0.00  1.000     0 12.50  0  1 -11.953   2.492   3.858   0.114  -0.249   0.000 +1E0BEM000t
00072 ARG+1A0125_072 f 0.00  1.000     0 12.50  0  1 -13.682   2.261   3.367   0.283  -0.434   0.000 +1E0C2M000t
00073 ARG+1A0125_073 f 0.00  1.000     0 12.50  0  1 -11.881   2.016   3.846   0.433   0.221   0.000 +1E0D8M000t
00074 ARG+1A0125_074 f 0.00  1.000     0 12.50  0  1 -13.225   1.771   3.179   0.198  -0.323   0.000 +1E0EEM000t
00075 ARG+1A0125_075 f 0.00  1.000     0 12.50  0  1 -13.098   3.928   3.202   0.076   0.002   0.000 +1T044M000t
00076 ARG+1A0125_076 f 0.00  1.000     0 12.50  0  1 -13.282   0.709   0.485   0.085  -0.197   0.000 +1T066M000t
00077 ARG+1A0125_077 f 0.00  1.000     0 12.50  0  1  -7.588   0.402   2.624   0.072  -0.478   0.000 +1T06FM000t
00078 ARG+1A0125_078 f 0.00  1.000     0 12.50  0  1 -12.984   1.492   3.016   0.337  -0.440   0.000 +1T0A5M000t
00079 ARG+1A0125_079 f 0.00  1.000     0 12.50  0  1 -12.799   2.227   5.903   0.283  -0.107   0.000 +1T0C7M000t
00080 ARG+1A0125_080 f 0.00  1.000     0 12.50  0  1 -12.840   1.359   3.120   0.235  -0.421   0.000 +1T0E7M000t
