CONFORMER         crg  vdw0  vdw1  tors  epol  self   occ  Hb     history    ASA
LYS01A0212_001  0.000-12.34  0.37  1.13  0.00-10.84 0.501  00  01O000M000  1.000
LYS01A0212_002  0.000-11.37  0.77  1.32  0.00 -9.28 0.501  00  01E010M000  1.000
LYS01A0212_003  0.000-11.10  2.57  1.72  0.00 -6.81 0.501  00  01E01CM000  1.000
LYS01A0212_004  0.000-10.89  2.83  1.73  0.00 -6.33 0.502  00  01E01FM000  1.000
LYS01A0212_005  0.000-11.43  1.09  4.45  0.00 -5.89 0.501  00  01E020M000  1.000
LYS01A0212_006  0.000-10.88  0.39  1.51  0.00 -8.97 0.501  00  01E03DM000  1.000
LYS01A0212_007  0.000-10.75  0.51  1.50  0.00 -8.74 0.501  00  01E04AM000  1.000
LYS01A0212_008  0.000 -9.99  0.21  1.45  0.00 -8.33 0.501  00  01E054M000  1.000
LYS01A0212_009  0.000 -9.43 -0.05  3.69  0.00 -5.78 0.501  00  01E0C1M000  1.000
LYS01A0212_010  0.000 -9.55  0.92  6.19  0.00 -2.44 0.501  00  01E181M000  1.000
LYS01A0212_011  0.000-11.99  5.30  1.11  0.00 -5.57 0.502  00  01T002M000  1.000
LYS01A0212_012  0.000-11.99  0.26  0.90  0.00-10.83 0.501  00  01T006M000  1.000
LYS01A0212_013  0.000 -9.83  0.41  1.60  0.00 -7.82 0.501  00  01T037M000  1.000
LYS01A0212_014  0.000-11.14  1.06  4.21  0.00 -5.87 0.501  00  01T060M000  1.000
LYS01A0212_015  0.000-11.93  0.41  3.32  0.00 -8.19 0.501  00  01T065M000  1.000
LYS01A0212_016  0.000-10.66  0.15  3.58  0.00 -6.93 0.502  00  01T0F1M000  1.000
LYS01A0212_017  0.000-10.20  0.94  3.96  0.00 -5.30 0.502  00  01T149M000  1.000
LYS01A0212_018  0.000-10.14  0.06  1.53  0.00 -8.55 0.500  00  01T155M000  1.000
LYS01A0212_019  0.000 -7.86  0.72  4.52  0.00 -2.62 0.501  00  01T16EM000  1.000
LYS01A0212_020  0.000-10.65  3.23  3.56  0.00 -3.86 0.501  00  01T170M000  1.000
LYS+1A0212_021  1.000-12.38  0.36  1.13  0.00-10.88 0.501  00  +1O000M000  1.000
LYS+1A0212_022  1.000-11.97  5.40  1.11  0.00 -5.46 0.502  00  +1E002M000  1.000
LYS+1A0212_023  1.000-12.03  0.26  0.90  0.00-10.87 0.501  00  +1E006M000  1.000
LYS+1A0212_024  1.000-10.86  0.39  1.52  0.00 -8.95 0.501  00  +1E03DM000  1.000
LYS+1A0212_025  1.000-10.88  0.51  1.50  0.00 -8.87 0.501  00  +1E04AM000  1.000
LYS+1A0212_026  1.000-11.97  0.40  3.35  0.00 -8.21 0.501  00  +1E065M000  1.000
LYS+1A0212_027  1.000-10.30  0.96  3.98  0.00 -5.37 0.502  00  +1E149M000  1.000
LYS+1A0212_028  1.000-10.19  0.05  1.54  0.00 -8.60 0.500  00  +1E155M000  1.000
LYS+1A0212_029  1.000-11.33  0.79  1.32  0.00 -9.22 0.501  00  +1T010M000  1.000
LYS+1A0212_030  1.000-11.28  2.61  1.72  0.00 -6.95 0.501  00  +1T01CM000  1.000
LYS+1A0212_031  1.000-10.93  2.88  1.73  0.00 -6.33 0.502  00  +1T01FM000  1.000
LYS+1A0212_032  1.000-11.41  1.09  4.45  0.00 -5.87 0.501  00  +1T020M000  1.000
LYS+1A0212_033  1.000 -9.89  0.42  1.61  0.00 -7.86 0.501  00  +1T037M000  1.000
LYS+1A0212_034  1.000-10.06  0.22  1.45  0.00 -8.39 0.501  00  +1T054M000  1.000
LYS+1A0212_035  1.000-11.19  1.07  4.21  0.00 -5.91 0.501  00  +1T060M000  1.000
LYS+1A0212_036  1.000 -9.78 -0.07  3.74  0.00 -6.10 0.501  00  +1T0C1M000  1.000
LYS+1A0212_037  1.000-10.78  0.15  3.60  0.00 -7.03 0.502  00  +1T0F1M000  1.000
LYS+1A0212_038  1.000 -7.97  0.71  4.57  0.00 -2.70 0.501  00  +1T16EM000  1.000
LYS+1A0212_039  1.000-10.75  3.23  3.56  0.00 -3.96 0.501  00  +1T170M000  1.000
LYS+1A0212_040  1.000 -9.44  0.92  6.20  0.00 -2.32 0.501  00  +1T181M000  1.000
