   confID        vdw0    sas     sum
LYS01A0212_001   0.666 -13.007 -12.340
LYS01A0212_002   1.171 -12.540 -11.370
LYS01A0212_003   1.700 -12.869 -11.169
LYS01A0212_004   1.736 -12.624 -10.888
LYS01A0212_005   1.539 -12.971 -11.433
LYS01A0212_006   1.668 -12.546 -10.878
LYS01A0212_007   1.864 -12.614 -10.750
LYS01A0212_008   2.398 -12.392  -9.994
LYS01A0212_009   2.804 -12.234  -9.430
LYS01A0212_010   3.047 -12.608  -9.561
LYS01A0212_011   0.724 -12.714 -11.990
LYS01A0212_012   0.729 -12.720 -11.991
LYS01A0212_013   2.274 -12.106  -9.831
LYS01A0212_014   1.660 -12.798 -11.137
LYS01A0212_015   0.991 -12.920 -11.928
LYS01A0212_016   1.732 -12.393 -10.661
LYS01A0212_017   2.232 -12.431 -10.199
LYS01A0212_018   2.408 -12.552 -10.143
LYS01A0212_019   4.519 -12.383  -7.864
LYS01A0212_020   1.674 -12.323 -10.649
LYS+1A0212_021   0.621 -13.007 -12.386
LYS+1A0212_022   0.675 -12.650 -11.975
LYS+1A0212_023   0.688 -12.720 -12.032
LYS+1A0212_024   1.627 -12.482 -10.856
LYS+1A0212_025   1.837 -12.717 -10.880
LYS+1A0212_026   0.954 -12.881 -11.927
LYS+1A0212_027   2.181 -12.482 -10.301
LYS+1A0212_028   2.321 -12.500 -10.179
LYS+1A0212_029   1.126 -12.460 -11.334
LYS+1A0212_030   1.658 -12.933 -11.275
LYS+1A0212_031   1.688 -12.624 -10.936
LYS+1A0212_032   1.495 -12.907 -11.413
LYS+1A0212_033   2.177 -12.067  -9.890
LYS+1A0212_034   2.334 -12.392 -10.058
LYS+1A0212_035   1.615 -12.798 -11.183
LYS+1A0212_036   2.616 -12.401  -9.785
LYS+1A0212_037   1.683 -12.460 -10.778
LYS+1A0212_038   4.486 -12.447  -7.960
LYS+1A0212_039   1.572 -12.323 -10.750
LYS+1A0212_040   3.059 -12.544  -9.485
