iConf CONFORMER     FL  occ    crg   Em0  pKa0 ne nH    vdw0    vdw1    tors    epol   dsolv   extra    history
00001 GLU01A0225_001 f 0.00  0.000     0  0.00  0  0  -0.673   0.468   3.113   0.126  -0.132   0.000 01O000M000t
00002 GLU01A0225_002 f 0.00  0.000     0  0.00  0  0  -3.379   0.910   3.549   0.135  -0.439   0.000 01E007M000t
00003 GLU01A0225_003 f 0.00  0.000     0  0.00  0  0  -3.679   1.918   3.746   0.050  -0.503   0.000 01E00AM000t
00004 GLU01A0225_004 f 0.00  0.000     0  0.00  0  0  -0.673   0.468   0.393   0.035   0.740   0.000 01O000M000t
00005 GLU01A0225_005 f 0.00  0.000     0  0.00  0  0  -1.834   1.098   0.562   0.045   0.708   0.000 01E004M000t
00006 GLU01A0225_006 f 0.00  0.000     0  0.00  0  0  -3.503   0.611   0.908   0.064   0.702   0.000 01E008M000t
00007 GLU01A0225_007 f 0.00  0.000     0  0.00  0  0  -3.567   2.187   0.977   0.023   0.795   0.000 01E00AM000t
00008 GLU01A0225_008 f 0.00  0.000     0  0.00  0  0  -0.646   0.772   2.982   0.187  -0.101   0.000 01T001M000t
00009 GLU01A0225_009 f 0.00  0.000     0  0.00  0  0  -3.186   0.432   3.513   0.086  -0.635   0.000 01T003M000t
00010 GLU01A0225_010 f 0.00  0.000     0  0.00  0  0  -2.182   1.115   3.313   0.102  -0.238   0.000 01T004M000t
00011 GLU01A0225_011 f 0.00  0.000     0  0.00  0  0  -3.524   0.601   3.672   0.211  -0.321   0.000 01T008M000t
00012 GLU01A0225_012 f 0.00  0.000     0  0.00  0  0  -0.646   0.772   0.262   0.079   0.732   0.000 01T001M000t
00013 GLU01A0225_013 f 0.00  0.000     0  0.00  0  0  -3.225   0.432   0.793   0.051   0.705   0.000 01T003M000t
00014 GLU01A0225_014 f 0.00  0.000     0  0.00  0  0  -3.379   0.910   0.803   0.086   0.725   0.000 01T007M000t
00015 GLU02A0225_015 f 0.00  0.000     0  0.00  0  0  -1.405   0.477   3.113   0.057  -0.559   0.000 02O000M000t
00016 GLU02A0225_016 f 0.00  0.000     0  0.00  0  0  -2.999   0.423   3.632   0.059  -0.353   0.000 02E003M000t
00017 GLU02A0225_017 f 0.00  0.000     0  0.00  0  0  -2.534   0.603   3.316   0.240  -0.571   0.000 02E009M000t
00018 GLU02A0225_018 f 0.00  0.000     0  0.00  0  0  -1.327   0.477   0.393   0.030   0.693   0.000 02O000M000t
00019 GLU02A0225_019 f 0.00  0.000     0  0.00  0  0  -2.249   1.105   0.556   0.034   0.742   0.000 02E004M000t
00020 GLU02A0225_020 f 0.00  0.000     0  0.00  0  0  -3.254   1.093   3.608   0.115  -0.411   0.000 02T005M000t
00021 GLU02A0225_021 f 0.00  0.000     0  0.00  0  0  -2.409   0.762   3.305   0.135  -0.488   0.000 02T006M000t
00022 GLU02A0225_022 f 0.00  0.000     0  0.00  0  0  -2.248   1.105   3.276   0.024  -0.579   0.000 02T004M000t
00023 GLU02A0225_023 f 0.00  0.000     0  0.00  0  0  -3.207   0.934   3.450   0.161  -0.348   0.000 02T007M000t
00024 GLU02A0225_024 f 0.00  0.000     0  0.00  0  0  -3.529   0.620   3.638   0.156  -0.303   0.000 02T008M000t
00025 GLU02A0225_025 f 0.00  0.000     0  0.00  0  0  -2.409   0.762   0.585   0.090   0.839   0.000 02T006M000t
00026 GLU02A0225_026 f 0.00  0.000     0  0.00  0  0  -3.556   0.600   1.007   0.064   0.741   0.000 02T008M000t
00027 GLU02A0225_027 f 0.00  0.000     0  0.00  0  0  -2.536   0.598   0.570   0.164   0.748   0.000 02T009M000t
00028 GLU-1A0225_028 f 0.00 -1.000     0  4.75  0 -1  -1.289   0.487   0.393  -0.102  -0.220   0.000 -1O000M000t
00029 GLU-1A0225_029 f 0.00 -1.000     0  4.75  0 -1  -2.417   1.136   0.555  -0.069  -0.268   0.000 -1E004M000t
00030 GLU-1A0225_030 f 0.00 -1.000     0  4.75  0 -1  -2.400   0.757   0.549  -0.141  -0.235   0.000 -1E006M000t
00031 GLU-1A0225_031 f 0.00 -1.000     0  4.75  0 -1  -3.473   0.593   0.923  -0.338  -0.034   0.000 -1E008M000t
00032 GLU-1A0225_032 f 0.00 -1.000     0  4.75  0 -1  -2.596   0.633   0.557  -0.373  -0.126   0.000 -1E009M000t
