CONFORMER         crg  vdw0  vdw1  tors  epol  self   occ  Hb     history    ASA
GLU01A0225_001  0.000 -0.67  0.47  3.11  0.00  2.90 0.546  00  01O000M000  1.003
GLU01A0225_002  0.000 -3.18  0.43  3.54  0.00  0.78 0.543  00  01E003M000  1.008
GLU01A0225_003  0.000 -3.68  1.92  3.75  0.00  1.99 0.547  00  01E00AM000  1.011
GLU01A0225_004  0.000 -0.67  0.47  0.39  0.00  0.18 0.546  00  01O000M000  1.003
GLU01A0225_005  0.000 -2.15  0.66  0.57  0.00 -0.92 0.545  00  01E009M000  1.020
GLU01A0225_006  0.000 -2.18  1.11  3.31  0.00  2.24 0.544  00  01T004M000  1.000
GLU01A0225_007  0.000 -0.75  0.79  3.00  0.00  3.04 0.545  00  01T001M000  1.048
GLU01A0225_008  0.000 -3.30  1.09  3.48  0.00  1.27 0.545  00  01T005M000  1.089
GLU01A0225_009  0.000 -3.21  0.92  3.48  0.00  1.19 0.545  00  01T007M000  1.038
GLU01A0225_010  0.000 -3.50  0.61  3.61  0.00  0.72 0.546  00  01T008M000  1.010
GLU01A0225_011  0.000 -2.12  0.66  3.27  0.00  1.81 0.545  00  01T009M000  1.015
GLU01A0225_012  0.000 -3.22  0.43  0.79  0.00 -2.00 0.543  00  01T003M000  1.017
GLU01A0225_013  0.000 -2.18  1.11  0.59  0.00 -0.48 0.544  00  01T004M000  1.000
GLU01A0225_014  0.000 -3.49  0.60  0.95  0.00 -1.94 0.546  00  01T008M000  1.007
GLU01A0225_015  0.000 -3.21  0.92  0.76  0.00 -1.53 0.545  00  01T007M000  1.038
GLU02A0225_016  0.000 -1.41  0.48  3.11  0.00  2.18 0.546  00  02O000M000  1.035
GLU02A0225_017  0.000 -3.00  0.42  3.63  0.00  1.06 0.543  00  02E003M000  1.019
GLU02A0225_018  0.000 -1.33  0.48  0.39  0.00 -0.46 0.546  00  02O000M000  1.018
GLU02A0225_019  0.000 -2.39  0.77  0.55  0.00 -1.07 0.546  00  02E006M000  1.062
GLU02A0225_020  0.000 -3.70  0.60  3.73  0.00  0.63 0.546  00  02T008M000  1.037
GLU02A0225_021  0.000 -2.25  1.11  3.28  0.00  2.14 0.544  00  02T004M000  1.008
GLU02A0225_022  0.000 -2.39  0.77  3.27  0.00  1.65 0.546  00  02T006M000  1.062
GLU02A0225_023  0.000 -3.61  2.43  3.74  0.00  2.56 0.547  00  02T00AM000  1.008
GLU02A0225_024  0.000 -2.25  1.11  0.56  0.00 -0.58 0.544  00  02T004M000  1.008
GLU02A0225_025  0.000 -3.39  0.62  0.92  0.00 -1.85 0.546  00  02T008M000  1.007
GLU02A0225_026  0.000 -3.61  2.43  1.02  0.00 -0.16 0.547  00  02T00AM000  1.008
GLU-1A0225_027 -1.000 -1.29  0.49  0.39  0.00 -0.41 0.546  00  -1O000M000  1.003
GLU-1A0225_028 -1.000 -2.42  1.13  0.55  0.00 -0.73 0.544  00  -1E004M000  1.008
GLU-1A0225_029 -1.000 -2.40  0.76  0.55  0.00 -1.09 0.546  00  -1E006M000  1.056
GLU-1A0225_030 -1.000 -3.48  0.59  0.92  0.00 -1.96 0.546  00  -1E008M000  1.023
GLU-1A0225_031 -1.000 -3.74  2.19  0.97  0.00 -0.58 0.547  00  -1E00AM000  1.008
