   confID        vdw0    sas     sum
GLU01A0225_001   4.014  -4.687  -0.673
GLU01A0225_002   1.369  -4.748  -3.379
GLU01A0225_003   1.088  -4.768  -3.679
GLU01A0225_004   4.014  -4.687  -0.673
GLU01A0225_005   2.813  -4.647  -1.834
GLU01A0225_006   1.373  -4.876  -3.503
GLU01A0225_007   1.125  -4.693  -3.567
GLU01A0225_008   4.043  -4.689  -0.646
GLU01A0225_009   1.378  -4.564  -3.186
GLU01A0225_010   2.550  -4.732  -2.182
GLU01A0225_011   1.286  -4.811  -3.524
GLU01A0225_012   4.043  -4.689  -0.646
GLU01A0225_013   1.378  -4.603  -3.225
GLU01A0225_014   1.369  -4.748  -3.379
GLU02A0225_015   3.260  -4.664  -1.405
GLU02A0225_016   1.531  -4.530  -2.999
GLU02A0225_017   2.131  -4.664  -2.534
GLU02A0225_018   3.260  -4.587  -1.327
GLU02A0225_019   2.324  -4.573  -2.249
GLU02A0225_020   1.533  -4.787  -3.254
GLU02A0225_021   2.271  -4.681  -2.409
GLU02A0225_022   2.325  -4.573  -2.248
GLU02A0225_023   1.552  -4.759  -3.207
GLU02A0225_024   1.394  -4.923  -3.529
GLU02A0225_025   2.271  -4.681  -2.409
GLU02A0225_026   1.286  -4.842  -3.556
GLU02A0225_027   2.163  -4.699  -2.536
GLU-1A0225_028   3.164  -4.453  -1.289
GLU-1A0225_029   2.152  -4.569  -2.417
GLU-1A0225_030   2.152  -4.552  -2.400
GLU-1A0225_031   1.150  -4.623  -3.473
GLU-1A0225_032   2.010  -4.606  -2.596
