iConf CONFORMER     FL  occ    crg   Em0  pKa0 ne nH    vdw0    vdw1    tors    epol   dsolv   extra    history
00001 GLU01A0034_001 f 0.00  0.000     0  0.00  0  0  -2.592   1.056   3.455   0.131  -0.374   0.000 01O000M000t
00002 GLU01A0034_002 f 0.00  0.000     0  0.00  0  0  -3.236   0.854   3.281   0.345  -0.233   0.000 01E003M000t
00003 GLU01A0034_003 f 0.00  0.000     0  0.00  0  0  -3.959   1.084   3.200   0.026  -0.818   0.000 01E005M000t
00004 GLU01A0034_004 f 0.00  0.000     0  0.00  0  0  -3.816   1.040   3.207   0.120  -0.698   0.000 01E007M000t
00005 GLU01A0034_005 f 0.00  0.000     0  0.00  0  0  -3.913   0.762   3.193   0.066  -0.661   0.000 01E009M000t
00006 GLU01A0034_006 f 0.00  0.000     0  0.00  0  0  -3.845   1.018   6.212   0.973  -0.139   0.000 01E00AM000t
00007 GLU01A0034_007 f 0.00  0.000     0  0.00  0  0  -4.493   0.813   6.488   0.111  -0.539   0.000 01E00EM000t
00008 GLU01A0034_008 f 0.00  0.000     0  0.00  0  0  -4.904   2.197   4.220   0.837  -0.102   0.000 01E00FM000t
00009 GLU01A0034_009 f 0.00  0.000     0  0.00  0  0  -2.592   1.056   0.735   0.053   0.689   0.000 01O000M000t
00010 GLU01A0034_010 f 0.00  0.000     0  0.00  0  0  -3.777   1.006   3.505   0.061   0.815   0.000 01E00AM000t
00011 GLU01A0034_011 f 0.00  0.000     0  0.00  0  0  -4.329   3.186   3.451   0.065  -0.435   0.000 01T00CM000t
00012 GLU01A0034_012 f 0.00  0.000     0  0.00  0  0  -4.300   0.795   4.106   0.095  -0.563   0.000 01T008M000t
00013 GLU01A0034_013 f 0.00  0.000     0  0.00  0  0  -3.993   0.760   6.110   0.119  -0.474   0.000 01T00DM000t
00014 GLU01A0034_014 f 0.00  0.000     0  0.00  0  0  -3.880   0.763   0.467   0.040   0.652   0.000 01T009M000t
00015 GLU01A0034_015 f 0.00  0.000     0  0.00  0  0  -4.329   3.186   0.731   0.062   0.849   0.000 01T00CM000t
00016 GLU01A0034_016 f 0.00  0.000     0  0.00  0  0  -3.810   1.061   0.482   0.082   0.736   0.000 01T007M000t
00017 GLU01A0034_017 f 0.00  0.000     0  0.00  0  0  -3.980   0.760   3.390   0.082   0.672   0.000 01T00DM000t
00018 GLU01A0034_018 f 0.00  0.000     0  0.00  0  0  -4.416   0.809   3.703   0.118   0.725   0.000 01T00EM000t
00019 GLU01A0034_019 f 0.00  0.000     0  0.00  0  0  -4.057   1.827   0.689   0.057   0.759   0.000 01T010M000t
00020 GLU02A0034_020 f 0.00  0.000     0  0.00  0  0  -3.103   1.063   3.455   0.031  -0.649   0.000 02O000M000t
00021 GLU02A0034_021 f 0.00  0.000     0  0.00  0  0  -3.573   0.966   3.162   0.128  -0.655   0.000 02E001M000t
00022 GLU02A0034_022 f 0.00  0.000     0  0.00  0  0  -3.576   0.778   3.278   0.178  -0.603   0.000 02E003M000t
00023 GLU02A0034_023 f 0.00  0.000     0  0.00  0  0  -4.202   3.510   3.519   0.667   0.084   0.000 02E00CM000t
00024 GLU02A0034_024 f 0.00  0.000     0  0.00  0  0  -4.053   0.747   6.115   0.158  -0.548   0.000 02E00DM000t
00025 GLU02A0034_025 f 0.00  0.000     0  0.00  0  0  -3.069   1.063   0.735   0.038   0.727   0.000 02O000M000t
00026 GLU02A0034_026 f 0.00  0.000     0  0.00  0  0  -4.065   0.868   3.472   0.035   0.811   0.000 02E00AM000t
00027 GLU02A0034_027 f 0.00  0.000     0  0.00  0  0  -3.584   0.806   3.158   0.046  -0.632   0.000 02T002M000t
00028 GLU02A0034_028 f 0.00  0.000     0  0.00  0  0  -3.756   1.074   3.211   0.135  -0.275   0.000 02T005M000t
00029 GLU02A0034_029 f 0.00  0.000     0  0.00  0  0  -4.641   0.835   6.447   0.178  -0.558   0.000 02T00EM000t
00030 GLU02A0034_030 f 0.00  0.000     0  0.00  0  0  -3.506   1.054   3.209   0.159  -0.267   0.000 02T007M000t
00031 GLU02A0034_031 f 0.00  0.000     0  0.00  0  0  -3.579   0.744   3.190   0.088  -0.387   0.000 02T009M000t
00032 GLU02A0034_032 f 0.00  0.000     0  0.00  0  0  -4.064   0.872   6.186   0.056  -0.666   0.000 02T00AM000t
00033 GLU02A0034_033 f 0.00  0.000     0  0.00  0  0  -3.942   1.775   3.457   0.279  -0.268   0.000 02T010M000t
00034 GLU02A0034_034 f 0.00  0.000     0  0.00  0  0  -3.576   0.778   0.557   0.153   0.759   0.000 02T003M000t
00035 GLU02A0034_035 f 0.00  0.000     0  0.00  0  0  -4.213   3.510   0.794   0.092   0.674   0.000 02T00CM000t
00036 GLU02A0034_036 f 0.00  0.000     0  0.00  0  0  -4.009   0.748   3.369   0.090   0.716   0.000 02T00DM000t
00037 GLU02A0034_037 f 0.00  0.000     0  0.00  0  0  -4.641   0.835   3.727   0.116   0.785   0.000 02T00EM000t
00038 GLU02A0034_038 f 0.00  0.000     0  0.00  0  0  -3.506   1.054   0.489   0.083   0.722   0.000 02T007M000t
00039 GLU02A0034_039 f 0.00  0.000     0  0.00  0  0  -3.545   0.744   0.470   0.039   0.650   0.000 02T009M000t
00040 GLU02A0034_040 f 0.00  0.000     0  0.00  0  0  -3.942   1.775   0.737   0.088   0.631   0.000 02T010M000t
00041 GLU-1A0034_041 f 0.00 -1.000     0  4.75  0 -1  -2.920   1.074   0.735  -0.078  -0.323   0.000 -1O000M000t
00042 GLU-1A0034_042 f 0.00 -1.000     0  4.75  0 -1  -3.348   0.818   0.427  -0.103  -0.273   0.000 -1E002M000t
00043 GLU-1A0034_043 f 0.00 -1.000     0  4.75  0 -1  -4.364   0.990   1.375  -0.115  -0.408   0.000 -1E006M000t
00044 GLU-1A0034_044 f 0.00 -1.000     0  4.75  0 -1  -3.983   1.067   3.339  -0.476  -0.120   0.000 -1E00AM000t
00045 GLU-1A0034_045 f 0.00 -1.000     0  4.75  0 -1  -4.240   3.141   0.723  -0.387  -0.083   0.000 -1E00CM000t
00046 GLU-1A0034_046 f 0.00 -1.000     0  4.75  0 -1  -4.031   0.735   3.239  -0.144  -0.369   0.000 -1E00DM000t
00047 GLU-1A0034_047 f 0.00 -1.000     0  4.75  0 -1  -4.442   0.832   3.700  -0.240  -0.138   0.000 -1E00EM000t
00048 GLU-1A0034_048 f 0.00 -1.000     0  4.75  0 -1  -4.027   1.647   0.678  -0.354  -0.052   0.000 -1E010M000t
