CONFORMER         crg  vdw0  vdw1  tors  epol  self   occ  Hb     history    ASA
GLU01A0034_001  0.000 -2.59  1.06  3.45  0.00  1.92 0.529  00  01O000M000  1.000
GLU01A0034_002  0.000 -3.25  0.86  3.28  0.00  0.89 0.525  00  01E003M000  1.022
GLU01A0034_003  0.000 -3.96  1.08  3.20  0.00  0.33 0.530  00  01E005M000  1.045
GLU01A0034_004  0.000 -3.82  1.04  3.21  0.00  0.43 0.530  00  01E007M000  1.007
GLU01A0034_005  0.000 -3.91  0.76  3.19  0.00  0.04 0.531  00  01E009M000  1.007
GLU01A0034_006  0.000 -3.85  1.02  6.21  0.00  3.39 0.530  00  01E00AM000  1.000
GLU01A0034_007  0.000 -4.49  0.81  6.49  0.00  2.81 0.528  00  01E00EM000  1.000
GLU01A0034_008  0.000 -4.90  2.20  4.22  0.00  1.51 0.530  00  01E00FM000  1.044
GLU01A0034_009  0.000 -2.59  1.06  0.73  0.00 -0.80 0.529  00  01O000M000  1.000
GLU01A0034_010  0.000 -3.78  1.00  3.50  0.00  0.73 0.530  00  01E00AM000  1.000
GLU01A0034_011  0.000 -4.33  3.18  3.45  0.00  2.31 0.529  00  01T00CM000  1.049
GLU01A0034_012  0.000 -4.30  0.80  4.11  0.00  0.60 0.529  00  01T008M000  1.008
GLU01A0034_013  0.000 -3.99  0.76  6.11  0.00  2.87 0.530  00  01T00DM000  1.003
GLU01A0034_014  0.000 -3.88  0.76  0.47  0.00 -2.65 0.531  00  01T009M000  1.000
GLU01A0034_015  0.000 -4.33  3.18  0.73  0.00 -0.41 0.529  00  01T00CM000  1.049
GLU01A0034_016  0.000 -3.81  1.06  0.48  0.00 -2.26 0.530  00  01T007M000  1.000
GLU01A0034_017  0.000 -3.98  0.76  3.39  0.00  0.16 0.530  00  01T00DM000  1.000
GLU01A0034_018  0.000 -4.42  0.81  3.70  0.00  0.10 0.528  00  01T00EM000  1.010
GLU01A0034_019  0.000 -4.06  1.82  0.69  0.00 -1.54 0.530  00  01T010M000  1.003
GLU02A0034_020  0.000 -3.10  1.06  3.45  0.00  1.41 0.529  00  02O000M000  1.007
GLU02A0034_021  0.000 -3.57  0.97  3.16  0.00  0.55 0.533  00  02E001M000  1.052
GLU02A0034_022  0.000 -3.58  0.78  3.28  0.00  0.48 0.525  00  02E003M000  1.005
GLU02A0034_023  0.000 -4.20  3.50  3.52  0.00  2.82 0.529  00  02E00CM000  1.041
GLU02A0034_024  0.000 -4.07  0.75  6.11  0.00  2.80 0.530  00  02E00DM000  1.015
GLU02A0034_025  0.000 -3.07  1.06  0.73  0.00 -1.27 0.529  00  02O000M000  1.000
GLU02A0034_026  0.000 -4.07  0.87  3.47  0.00  0.27 0.530  00  02E00AM000  1.008
GLU02A0034_027  0.000 -3.59  0.81  3.16  0.00  0.38 0.529  00  02T002M000  1.014
GLU02A0034_028  0.000 -3.75  1.08  3.21  0.00  0.53 0.530  00  02T005M000  1.050
GLU02A0034_029  0.000 -4.64  0.83  6.45  0.00  2.64 0.528  00  02T00EM000  1.000
GLU02A0034_030  0.000 -3.51  1.05  3.21  0.00  0.76 0.530  00  02T007M000  1.000
GLU02A0034_031  0.000 -3.58  0.74  3.19  0.00  0.36 0.531  00  02T009M000  1.007
GLU02A0034_032  0.000 -4.07  0.87  6.18  0.00  2.99 0.530  00  02T00AM000  1.008
GLU02A0034_033  0.000 -3.94  1.77  3.46  0.00  1.29 0.530  00  02T010M000  1.000
GLU02A0034_034  0.000 -3.57  0.78  0.56  0.00 -2.24 0.525  00  02T003M000  1.005
GLU02A0034_035  0.000 -4.21  3.50  0.80  0.00  0.08 0.529  00  02T00CM000  1.044
GLU02A0034_036  0.000 -4.02  0.75  3.37  0.00  0.09 0.530  00  02T00DM000  1.005
GLU02A0034_037  0.000 -4.64  0.83  3.73  0.00 -0.08 0.528  00  02T00EM000  1.000
GLU02A0034_038  0.000 -3.51  1.05  0.49  0.00 -1.96 0.530  00  02T007M000  1.000
GLU02A0034_039  0.000 -3.54  0.74  0.47  0.00 -2.33 0.531  00  02T009M000  1.000
GLU02A0034_040  0.000 -3.94  1.77  0.74  0.00 -1.43 0.530  00  02T010M000  1.000
GLU-1A0034_041 -1.000 -2.92  1.08  0.73  0.00 -1.11 0.529  00  -1O000M000  1.000
GLU-1A0034_042 -1.000 -3.35  0.82  0.43  0.00 -2.10 0.529  00  -1E002M000  1.000
GLU-1A0034_043 -1.000 -4.36  0.99  1.38  0.00 -2.00 0.527  00  -1E006M000  1.000
GLU-1A0034_044 -1.000 -3.98  1.07  3.34  0.00  0.42 0.530  00  -1E00AM000  1.000
GLU-1A0034_045 -1.000 -4.24  3.13  0.72  0.00 -0.38 0.529  00  -1E00CM000  1.050
GLU-1A0034_046 -1.000 -4.03  0.74  3.23  0.00 -0.06 0.530  00  -1E00DM000  1.015
GLU-1A0034_047 -1.000 -4.44  0.83  3.70  0.00  0.09 0.528  00  -1E00EM000  1.000
GLU-1A0034_048 -1.000 -4.04  1.65  0.68  0.00 -1.71 0.530  00  -1E010M000  1.000
