   confID        vdw0    sas     sum
TYR01A0203_001   4.852 -13.654  -8.802
TYR01A0203_002   4.843 -14.748  -9.905
TYR01A0203_003   4.562 -14.381  -9.819
TYR01A0203_004   4.571 -14.415  -9.844
TYR01A0203_005   4.880 -14.326  -9.446
TYR01A0203_006   4.856 -14.742  -9.885
TYR01A0203_007   4.516 -14.417  -9.901
TYR01A0203_008   4.860 -14.438  -9.578
TYR01A0203_009   4.883 -14.665  -9.783
TYR01A0203_010   4.474 -14.647 -10.173
TYR-1A0203_011   4.852 -13.654  -8.802
TYR-1A0203_012   4.866 -14.438  -9.572
TYR-1A0203_013   4.840 -14.748  -9.908
TYR-1A0203_014   4.562 -14.466  -9.904
TYR-1A0203_015   4.506 -14.189  -9.683
TYR-1A0203_016   4.881 -14.326  -9.445
TYR-1A0203_017   4.854 -14.674  -9.820
TYR-1A0203_018   4.885 -14.665  -9.781
TYR-1A0203_019   4.565 -14.415  -9.850
TYR-1A0203_020   4.479 -14.647 -10.168
