CONFORMER         crg  vdw0  vdw1  tors  epol  self   occ  Hb     history    ASA
GLU01A0186_001  0.000  1.54  2.46  4.86  0.00  8.86 0.000  00  01O000M000  1.028
GLU01A0186_002  0.000  1.65  2.46  2.14  0.00  6.24 0.000  00  01O000M000  1.005
GLU01A0186_003  0.000 -3.82  1.37  2.00  0.00 -0.45 0.599  00  01E002M000  1.022
GLU01A0186_004  0.000 -2.96  1.38  3.77  0.00  2.19 0.599  00  01T004M000  1.043
GLU01A0186_005  0.000 -3.33  1.94  4.24  0.00  2.84 0.604  00  01T001M000  1.076
GLU01A0186_006  0.000 -3.82  1.38  4.72  0.00  2.27 0.599  00  01T002M000  1.022
GLU01A0186_007  0.000 -3.33  1.94  1.52  0.00  0.12 0.604  00  01T001M000  1.076
GLU01A0186_008  0.000 -2.95  1.38  1.06  0.00 -0.51 0.599  00  01T004M000  1.043
GLU02A0186_009  0.000  0.19  2.27  4.86  0.00  7.32 0.000  00  02O000M000  1.025
GLU02A0186_010  0.000 -3.24  1.92  4.25  0.00  2.93 0.604  00  02E001M000  1.068
GLU02A0186_011  0.000 -3.95  1.38  4.74  0.00  2.16 0.599  00  02E002M000  1.039
GLU02A0186_012  0.000  0.30  2.27  2.14  0.00  4.70 0.000  00  02O000M000  1.003
GLU02A0186_013  0.000 -3.94  1.38  1.99  0.00 -0.56 0.599  00  02E002M000  1.023
GLU02A0186_014  0.000 -2.74  1.37  1.06  0.00 -0.31 0.599  00  02E004M000  1.058
GLU02A0186_015  0.000 -2.74  1.37  3.77  0.00  2.41 0.599  00  02T004M000  1.058
GLU02A0186_016  0.000 -3.20  1.93  1.51  0.00  0.25 0.604  00  02T001M000  1.071
GLU-1A0186_017 -1.000  0.32  2.29  2.14  0.00  4.75 0.000  00  -1O000M000  1.033
GLU-1A0186_018 -1.000 -3.30  1.93  1.51  0.00  0.13 0.604  00  -1E001M000  1.083
GLU-1A0186_019 -1.000 -3.02  1.39  1.03  0.00 -0.60 0.599  00  -1E004M000  1.052
