iConf CONFORMER     FL  occ    crg   Em0  pKa0 ne nH    vdw0    vdw1    tors    epol   dsolv   extra    history
00001 GLU01A0186_001 f 0.00  0.000     0  0.00  0  0   1.536   2.462   4.857   0.309   0.126   0.000 01O000M000t
00002 GLU01A0186_002 f 0.00  0.000     0  0.00  0  0   1.641   2.462   2.137   0.070   0.605   0.000 01O000M000t
00003 GLU01A0186_003 f 0.00  0.000     0  0.00  0  0  -3.821   1.372   2.003   0.053   0.608   0.000 01E002M000t
00004 GLU01A0186_004 f 0.00  0.000     0  0.00  0  0  -2.992   1.377   3.767   0.078  -0.371   0.000 01T004M000t
00005 GLU01A0186_005 f 0.00  0.000     0  0.00  0  0  -3.330   1.940   4.236   0.022  -0.275   0.000 01T001M000t
00006 GLU01A0186_006 f 0.00  0.000     0  0.00  0  0  -3.822   1.376   4.721   0.071  -0.337   0.000 01T002M000t
00007 GLU01A0186_007 f 0.00  0.000     0  0.00  0  0  -3.330   1.940   1.516   0.040   0.768   0.000 01T001M000t
00008 GLU01A0186_008 f 0.00  0.000     0  0.00  0  0  -2.944   1.379   1.056   0.049   0.551   0.000 01T004M000t
00009 GLU02A0186_009 f 0.00  0.000     0  0.00  0  0   0.198   2.272   4.857   0.005  -0.671   0.000 02O000M000t
00010 GLU02A0186_010 f 0.00  0.000     0  0.00  0  0  -3.252   1.922   4.255   0.130  -0.527   0.000 02E001M000t
00011 GLU02A0186_011 f 0.00  0.000     0  0.00  0  0  -3.950   1.380   4.737   0.096  -0.767   0.000 02E002M000t
00012 GLU02A0186_012 f 0.00  0.000     0  0.00  0  0   0.303   2.272   2.137   0.027   0.566   0.000 02O000M000t
00013 GLU02A0186_013 f 0.00  0.000     0  0.00  0  0  -3.937   1.379   1.997   0.064   0.443   0.000 02E002M000t
00014 GLU02A0186_014 f 0.00  0.000     0  0.00  0  0  -2.736   1.376   1.059   0.041   0.457   0.000 02E004M000t
00015 GLU02A0186_015 f 0.00  0.000     0  0.00  0  0  -2.733   1.374   3.770   0.101  -0.435   0.000 02T004M000t
00016 GLU02A0186_016 f 0.00  0.000     0  0.00  0  0  -3.195   1.934   1.516   0.054   0.424   0.000 02T001M000t
00017 GLU-1A0186_017 f 0.00 -1.000     0  4.75  0 -1   0.325   2.297   2.137  -0.226   0.185   0.000 -1O000M000t
00018 GLU-1A0186_018 f 0.00 -1.000     0  4.75  0 -1  -3.304   1.937   1.507  -0.053  -0.119   0.000 -1E001M000t
00019 GLU-1A0186_019 f 0.00 -1.000     0  4.75  0 -1  -3.025   1.391   1.030  -0.080  -0.080   0.000 -1E004M000t
