   confID        vdw0    sas     sum
GLU01A0186_001   6.379  -4.843   1.536
GLU01A0186_002   6.379  -4.738   1.641
GLU01A0186_003   0.912  -4.733  -3.821
GLU01A0186_004   1.764  -4.755  -2.992
GLU01A0186_005   1.413  -4.743  -3.330
GLU01A0186_006   0.911  -4.733  -3.822
GLU01A0186_007   1.413  -4.743  -3.330
GLU01A0186_008   1.775  -4.719  -2.944
GLU02A0186_009   5.040  -4.843   0.198
GLU02A0186_010   1.596  -4.848  -3.252
GLU02A0186_011   0.734  -4.685  -3.950
GLU02A0186_012   5.040  -4.738   0.303
GLU02A0186_013   0.759  -4.696  -3.937
GLU02A0186_014   2.093  -4.829  -2.736
GLU02A0186_015   2.096  -4.829  -2.733
GLU02A0186_016   1.618  -4.813  -3.195
GLU-1A0186_017   4.992  -4.667   0.325
GLU-1A0186_018   1.286  -4.590  -3.304
GLU-1A0186_019   1.626  -4.651  -3.025
