CONFORMER         crg  vdw0  vdw1  tors  epol  self   occ  Hb     history    ASA
LYS01A0169_001  0.000-11.98  0.43  0.90  0.00-10.65 0.501  00  01O000M000  1.000
LYS01A0169_002  0.000-11.69  0.78  0.84  0.00-10.06 0.502  00  01E004M000  1.000
LYS01A0169_003  0.000-10.11  4.03  3.52  0.00 -2.56 0.502  00  01E018M000  1.000
LYS01A0169_004  0.000-11.21  4.17  4.06  0.00 -2.98 0.502  00  01E01AM000  1.000
LYS01A0169_005  0.000 -8.00  0.61  2.12  0.00 -5.27 0.502  00  01E03FM000  1.000
LYS01A0169_006  0.000-11.81  0.44  3.44  0.00 -7.93 0.502  00  01E055M000  1.000
LYS01A0169_007  0.000 -9.28  0.27  0.90  0.00 -8.12 0.501  00  01E0ABM000  1.000
LYS01A0169_008  0.000-10.30  1.18  1.57  0.00 -7.54 0.501  00  01E0F8M000  1.000
LYS01A0169_009  0.000 -9.00  0.64  1.57  0.00 -6.78 0.502  00  01E132M000  1.000
LYS01A0169_010  0.000 -9.08  1.46  4.24  0.00 -3.38 0.502  00  01E13EM000  1.000
LYS01A0169_011  0.000-11.11  2.37  1.50  0.00 -7.24 0.501  00  01T009M000  1.000
LYS01A0169_012  0.000-11.27  2.17  4.15  0.00 -4.95 0.501  00  01T011M000  1.000
LYS01A0169_013  0.000-10.96  0.43  1.49  0.00 -9.03 0.501  00  01T016M000  1.000
LYS01A0169_014  0.000 -8.14  0.55  2.13  0.00 -5.46 0.501  00  01T02CM000  1.000
LYS01A0169_015  0.000 -9.31  2.18  1.48  0.00 -5.64 0.502  00  01T0B9M000  1.000
LYS01A0169_016  0.000 -9.99  1.24  1.00  0.00 -7.75 0.501  00  01T0F4M000  1.000
LYS01A0169_017  0.000 -6.86  0.37  4.88  0.00 -1.61 0.502  00  01T120M000  1.000
LYS01A0169_018  0.000 -7.04  1.06  4.73  0.00 -1.25 0.501  00  01T137M000  1.000
LYS01A0169_019  0.000-10.65  1.98  6.38  0.00 -2.28 0.501  00  01T145M000  1.000
LYS01A0169_020  0.000-10.15  2.37  4.22  0.00 -3.56 0.502  00  01T154M000  1.000
LYS+1A0169_021  1.000-12.02  0.43  0.90  0.00-10.70 0.501  00  +1O000M000  1.000
LYS+1A0169_022  1.000-11.74  0.78  0.84  0.00-10.11 0.502  00  +1E004M000  1.000
LYS+1A0169_023  1.000-11.30  2.16  4.16  0.00 -4.98 0.501  00  +1E011M000  1.000
LYS+1A0169_024  1.000-11.20  4.18  4.06  0.00 -2.97 0.502  00  +1E01AM000  1.000
LYS+1A0169_025  1.000-11.78  0.44  3.47  0.00 -7.87 0.502  00  +1E055M000  1.000
LYS+1A0169_026  1.000 -9.45  0.26  0.90  0.00 -8.30 0.501  00  +1E0ABM000  1.000
LYS+1A0169_027  1.000-10.14  1.25  1.01  0.00 -7.88 0.501  00  +1E0F4M000  1.000
LYS+1A0169_028  1.000 -6.92  0.36  4.89  0.00 -1.68 0.502  00  +1E120M000  1.000
LYS+1A0169_029  1.000 -7.05  1.07  4.75  0.00 -1.23 0.501  00  +1E137M000  1.000
LYS+1A0169_030  1.000-10.22  2.35  4.22  0.00 -3.65 0.502  00  +1E154M000  1.000
LYS+1A0169_031  1.000-11.15  2.36  1.50  0.00 -7.29 0.501  00  +1T009M000  1.000
LYS+1A0169_032  1.000-10.95  0.43  1.49  0.00 -9.03 0.501  00  +1T016M000  1.000
LYS+1A0169_033  1.000-10.14  4.03  3.53  0.00 -2.59 0.502  00  +1T018M000  1.000
LYS+1A0169_034  1.000 -8.19  0.55  2.13  0.00 -5.51 0.501  00  +1T02CM000  1.000
LYS+1A0169_035  1.000 -8.03  0.61  2.12  0.00 -5.29 0.502  00  +1T03FM000  1.000
LYS+1A0169_036  1.000 -9.46  2.15  1.49  0.00 -5.82 0.502  00  +1T0B9M000  1.000
LYS+1A0169_037  1.000-10.40  1.20  1.57  0.00 -7.63 0.501  00  +1T0F8M000  1.000
LYS+1A0169_038  1.000 -9.08  0.63  1.57  0.00 -6.88 0.502  00  +1T132M000  1.000
LYS+1A0169_039  1.000 -9.17  1.43  4.24  0.00 -3.50 0.502  00  +1T13EM000  1.000
LYS+1A0169_040  1.000-10.63  1.96  6.39  0.00 -2.27 0.501  00  +1T145M000  1.000
