   confID        vdw0    sas     sum
LYS01A0169_001   0.569 -12.549 -11.980
LYS01A0169_002   0.566 -12.257 -11.691
LYS01A0169_003   2.102 -12.212 -10.109
LYS01A0169_004   1.581 -12.791 -11.210
LYS01A0169_005   4.374 -12.360  -7.986
LYS01A0169_006   1.068 -12.884 -11.816
LYS01A0169_007   2.757 -12.101  -9.344
LYS01A0169_008   2.256 -12.554 -10.298
LYS01A0169_009   3.055 -12.082  -9.027
LYS01A0169_010   3.152 -12.237  -9.085
LYS01A0169_011   1.252 -12.357 -11.104
LYS01A0169_012   1.246 -12.457 -11.211
LYS01A0169_013   1.597 -12.553 -10.956
LYS01A0169_014   4.385 -12.514  -8.129
LYS01A0169_015   2.469 -11.721  -9.253
LYS01A0169_016   2.313 -12.307  -9.994
LYS01A0169_017   5.120 -11.982  -6.862
LYS01A0169_018   5.066 -12.122  -7.056
LYS01A0169_019   2.097 -12.739 -10.642
LYS01A0169_020   2.277 -12.419 -10.142
LYS+1A0169_021   0.524 -12.549 -12.026
LYS+1A0169_022   0.522 -12.257 -11.735
LYS+1A0169_023   1.206 -12.508 -11.302
LYS+1A0169_024   1.541 -12.740 -11.199
LYS+1A0169_025   1.028 -12.804 -11.776
LYS+1A0169_026   2.643 -12.101  -9.457
LYS+1A0169_027   2.209 -12.345 -10.136
LYS+1A0169_028   5.067 -11.982  -6.915
LYS+1A0169_029   5.017 -12.070  -7.053
LYS+1A0169_030   2.199 -12.419 -10.220
LYS+1A0169_031   1.208 -12.357 -11.148
LYS+1A0169_032   1.552 -12.501 -10.949
LYS+1A0169_033   2.066 -12.212 -10.146
LYS+1A0169_034   4.330 -12.514  -8.184
LYS+1A0169_035   4.347 -12.360  -8.013
LYS+1A0169_036   2.378 -11.773  -9.395
LYS+1A0169_037   2.182 -12.593 -10.410
LYS+1A0169_038   2.965 -12.082  -9.117
LYS+1A0169_039   3.063 -12.185  -9.122
LYS+1A0169_040   2.061 -12.688 -10.627
