iConf CONFORMER     FL  occ    crg   Em0  pKa0 ne nH    vdw0    vdw1    tors    epol   dsolv   extra    history
00001 TYR01A0327_001 f 0.00  0.000     0  0.00  0  0 -10.681  -0.239   0.029   0.056  -0.007   0.000 01O000M000t
00002 TYR01A0327_002 f 0.00  0.000     0  0.00  0  0 -10.330   0.996   2.769   0.191  -0.127   0.000 01E001M000t
00003 TYR01A0327_003 f 0.00  0.000     0  0.00  0  0 -11.121   3.486   0.012   0.179  -0.085   0.000 01E008M000t
00004 TYR01A0327_004 f 0.00  0.000     0  0.00  0  0 -10.681  -0.239   0.029   0.061   0.023   0.000 01O000M000t
00005 TYR01A0327_005 f 0.00  0.000     0  0.00  0  0 -11.256   6.082   0.016   0.186  -0.049   0.000 01E005M000t
00006 TYR01A0327_006 f 0.00  0.000     0  0.00  0  0 -11.009   1.528   2.769   0.215  -0.340   0.000 01E009M000t
00007 TYR01A0327_007 f 0.00  0.000     0  0.00  0  0 -10.468   0.123   0.027   0.204  -0.010   0.000 01E00EM000t
00008 TYR01A0327_008 f 0.00  0.000     0  0.00  0  0 -10.237   4.141   2.769   0.114  -0.089   0.000 01T004M000t
00009 TYR01A0327_009 f 0.00  0.000     0  0.00  0  0 -10.847   0.389   0.025   0.202  -0.167   0.000 01T00CM000t
00010 TYR01A0327_010 f 0.00  0.000     0  0.00  0  0 -10.822   5.328   0.038   0.303   0.028   0.000 01T00FM000t
00011 TYR01A0327_011 f 0.00  0.000     0  0.00  0  0 -11.126  -0.140   0.028   0.063  -0.095   0.000 01T006M000t
00012 TYR01A0327_012 f 0.00  0.000     0  0.00  0  0 -10.642   4.383   2.770   0.117   0.007   0.000 01T011M000t
00013 TYR01A0327_013 f 0.00  0.000     0  0.00  0  0 -10.288   4.602   2.767   0.229  -0.072   0.000 01T003M000t
00014 TYR01A0327_014 f 0.00  0.000     0  0.00  0  0 -10.319   4.452   0.019   0.134  -0.070   0.000 01T007M000t
00015 TYR01A0327_015 f 0.00  0.000     0  0.00  0  0 -10.226   1.250   2.768   0.208  -0.336   0.000 01T00BM000t
00016 TYR01A0327_016 f 0.00  0.000     0  0.00  0  0 -10.872   2.025   0.031   0.210  -0.012   0.000 01T00DM000t
00017 TYR01A0327_017 f 0.00  0.000     0  0.00  0  0 -10.875   1.256   0.031   0.239  -0.061   0.000 01T002M000t
00018 TYR01A0327_018 f 0.00  0.000     0  0.00  0  0 -10.422   1.077   2.769   0.174  -0.199   0.000 01T00AM000t
00019 TYR01A0327_019 f 0.00  0.000     0  0.00  0  0 -10.537   4.949   2.768   0.210  -0.097   0.000 01T010M000t
00020 TYR-1A0327_020 f 0.00 -1.000     0 10.20  0 -1 -10.681  -0.239   0.029  -0.251  -0.888   0.000 -1O000M000t
00021 TYR-1A0327_021 f 0.00 -1.000     0 10.20  0 -1 -10.278   4.153   2.769  -0.088  -0.876   0.000 -1E004M000t
00022 TYR-1A0327_022 f 0.00 -1.000     0 10.20  0 -1 -11.250   6.069   0.015  -0.139  -0.794   0.000 -1E005M000t
00023 TYR-1A0327_023 f 0.00 -1.000     0 10.20  0 -1 -11.063  -0.140   0.027  -0.257  -0.960   0.000 -1E006M000t
00024 TYR-1A0327_024 f 0.00 -1.000     0 10.20  0 -1 -10.358   3.859   0.017  -0.154  -0.909   0.000 -1E007M000t
00025 TYR-1A0327_025 f 0.00 -1.000     0 10.20  0 -1 -11.011   1.536   2.769   0.029  -0.945   0.000 -1E009M000t
00026 TYR-1A0327_026 f 0.00 -1.000     0 10.20  0 -1 -10.428   1.077   2.769   0.001  -1.105   0.000 -1E00AM000t
00027 TYR-1A0327_027 f 0.00 -1.000     0 10.20  0 -1 -10.204   1.260   2.767  -0.006  -0.938   0.000 -1E00BM000t
00028 TYR-1A0327_028 f 0.00 -1.000     0 10.20  0 -1 -10.871   0.435   0.025   0.046  -0.931   0.000 -1E00CM000t
00029 TYR-1A0327_029 f 0.00 -1.000     0 10.20  0 -1 -10.866   1.802   0.031   0.042  -0.840   0.000 -1E00DM000t
00030 TYR-1A0327_030 f 0.00 -1.000     0 10.20  0 -1 -10.592   4.964   2.767   0.184  -0.895   0.000 -1E010M000t
00031 TYR-1A0327_031 f 0.00 -1.000     0 10.20  0 -1 -10.480   4.417   2.770  -0.089  -0.906   0.000 -1E011M000t
00032 TYR-1A0327_032 f 0.00 -1.000     0 10.20  0 -1 -10.377   0.999   2.769   0.000  -1.020   0.000 -1T001M000t
00033 TYR-1A0327_033 f 0.00 -1.000     0 10.20  0 -1 -10.968   1.260   0.031   0.051  -0.889   0.000 -1T002M000t
00034 TYR-1A0327_034 f 0.00 -1.000     0 10.20  0 -1 -10.276   4.572   2.766   0.178  -0.950   0.000 -1T003M000t
00035 TYR-1A0327_035 f 0.00 -1.000     0 10.20  0 -1 -11.158   3.695   0.010  -0.139  -1.186   0.000 -1T008M000t
00036 TYR-1A0327_036 f 0.00 -1.000     0 10.20  0 -1 -10.359   0.111   0.026   0.057  -0.887   0.000 -1T00EM000t
00037 TYR-1A0327_037 f 0.00 -1.000     0 10.20  0 -1 -10.700   5.283   0.038   0.096  -0.965   0.000 -1T00FM000t
