CONFORMER         crg  vdw0  vdw1  tors  epol  self   occ  Hb     history    ASA
TYR01A0327_001  0.000-10.68 -0.24  0.03  0.00-10.89 0.529  00  01O000M000  1.000
TYR01A0327_002  0.000-10.33  1.00  2.77  0.00 -6.56 0.528  00  01E001M000  1.000
TYR01A0327_003  0.000-11.19  3.48  0.01  0.00 -7.70 0.530  00  01E008M000  1.000
TYR01A0327_004  0.000-10.68 -0.24  0.03  0.00-10.89 0.529  00  01O000M000  1.000
TYR01A0327_005  0.000-11.25  6.07  0.02  0.00 -5.16 0.530  00  01E005M000  1.000
TYR01A0327_006  0.000-11.01  1.53  2.77  0.00 -6.71 0.526  00  01E009M000  1.000
TYR01A0327_007  0.000-10.47  0.12  0.03  0.00-10.32 0.530  00  01E00EM000  1.000
TYR01A0327_008  0.000-10.19  4.14  2.77  0.00 -3.28 0.530  00  01T004M000  1.000
TYR01A0327_009  0.000-10.85  0.39  0.02  0.00-10.43 0.528  00  01T00CM000  1.000
TYR01A0327_010  0.000-10.81  5.32  0.04  0.00 -5.45 0.524  00  01T00FM000  1.000
TYR01A0327_011  0.000-11.13 -0.14  0.03  0.00-11.24 0.527  00  01T006M000  1.000
TYR01A0327_012  0.000-10.64  4.38  2.77  0.00 -3.49 0.529  00  01T011M000  1.000
TYR01A0327_013  0.000-10.28  4.60  2.77  0.00 -2.92 0.526  00  01T003M000  1.000
TYR01A0327_014  0.000-10.26  4.44  0.02  0.00 -5.80 0.527  00  01T007M000  1.000
TYR01A0327_015  0.000-10.22  1.25  2.77  0.00 -6.21 0.528  00  01T00BM000  1.000
TYR01A0327_016  0.000-10.87  2.03  0.03  0.00 -8.82 0.530  00  01T00DM000  1.000
TYR01A0327_017  0.000-10.88  1.26  0.03  0.00 -9.59 0.524  00  01T002M000  1.000
TYR01A0327_018  0.000-10.43  1.08  2.77  0.00 -6.58 0.525  00  01T00AM000  1.000
TYR01A0327_019  0.000-10.53  4.95  2.77  0.00 -2.82 0.529  00  01T010M000  1.000
TYR-1A0327_020 -1.000-10.68 -0.24  0.03  0.00-10.89 0.529  00  -1O000M000  1.000
TYR-1A0327_021 -1.000-10.27  4.15  2.77  0.00 -3.35 0.530  00  -1E004M000  1.000
TYR-1A0327_022 -1.000-11.25  6.08  0.01  0.00 -5.16 0.530  00  -1E005M000  1.000
TYR-1A0327_023 -1.000-11.06 -0.14  0.03  0.00-11.17 0.527  00  -1E006M000  1.000
TYR-1A0327_024 -1.000-10.35  3.86  0.02  0.00 -6.47 0.527  00  -1E007M000  1.000
TYR-1A0327_025 -1.000-11.01  1.53  2.77  0.00 -6.71 0.526  00  -1E009M000  1.000
TYR-1A0327_026 -1.000-10.43  1.07  2.77  0.00 -6.59 0.525  00  -1E00AM000  1.000
TYR-1A0327_027 -1.000-10.21  1.26  2.77  0.00 -6.18 0.528  00  -1E00BM000  1.000
TYR-1A0327_028 -1.000-10.87  0.43  0.02  0.00-10.42 0.528  00  -1E00CM000  1.000
TYR-1A0327_029 -1.000-10.86  1.80  0.03  0.00 -9.03 0.530  00  -1E00DM000  1.000
TYR-1A0327_030 -1.000-10.59  4.98  2.77  0.00 -2.85 0.529  00  -1E010M000  1.000
TYR-1A0327_031 -1.000-10.54  4.41  2.77  0.00 -3.36 0.529  00  -1E011M000  1.000
TYR-1A0327_032 -1.000-10.38  1.00  2.77  0.00 -6.62 0.528  00  -1T001M000  1.000
TYR-1A0327_033 -1.000-10.97  1.26  0.03  0.00 -9.68 0.524  00  -1T002M000  1.000
TYR-1A0327_034 -1.000-10.35  4.58  2.77  0.00 -3.00 0.526  00  -1T003M000  1.000
TYR-1A0327_035 -1.000-11.16  3.71  0.01  0.00 -7.44 0.530  00  -1T008M000  1.000
TYR-1A0327_036 -1.000-10.37  0.11  0.03  0.00-10.23 0.530  00  -1T00EM000  1.000
TYR-1A0327_037 -1.000-10.70  5.29  0.04  0.00 -5.37 0.524  00  -1T00FM000  1.000
