   confID        vdw0    sas     sum
TYR01A0327_001   4.060 -14.741 -10.681
TYR01A0327_002   4.059 -14.389 -10.330
TYR01A0327_003   3.629 -14.750 -11.121
TYR01A0327_004   4.060 -14.741 -10.681
TYR01A0327_005   3.539 -14.795 -11.256
TYR01A0327_006   3.803 -14.812 -11.009
TYR01A0327_007   4.031 -14.499 -10.468
TYR01A0327_008   4.074 -14.311 -10.237
TYR01A0327_009   3.807 -14.654 -10.847
TYR01A0327_010   3.616 -14.438 -10.822
TYR01A0327_011   3.869 -14.995 -11.126
TYR01A0327_012   3.892 -14.534 -10.642
TYR01A0327_013   4.065 -14.353 -10.288
TYR01A0327_014   4.061 -14.380 -10.319
TYR01A0327_015   4.037 -14.262 -10.226
TYR01A0327_016   3.896 -14.767 -10.872
TYR01A0327_017   4.073 -14.948 -10.875
TYR01A0327_018   3.876 -14.298 -10.422
TYR01A0327_019   3.893 -14.430 -10.537
TYR-1A0327_020   4.060 -14.741 -10.681
TYR-1A0327_021   4.067 -14.345 -10.278
TYR-1A0327_022   3.545 -14.795 -11.250
TYR-1A0327_023   3.864 -14.927 -11.063
TYR-1A0327_024   4.054 -14.412 -10.358
TYR-1A0327_025   3.801 -14.812 -11.011
TYR-1A0327_026   3.871 -14.298 -10.428
TYR-1A0327_027   4.041 -14.245 -10.204
TYR-1A0327_028   3.809 -14.680 -10.871
TYR-1A0327_029   3.894 -14.760 -10.866
TYR-1A0327_030   3.898 -14.490 -10.592
TYR-1A0327_031   3.885 -14.366 -10.480
TYR-1A0327_032   4.063 -14.440 -10.377
TYR-1A0327_033   4.065 -15.033 -10.968
TYR-1A0327_034   4.078 -14.353 -10.276
TYR-1A0327_035   3.626 -14.784 -11.158
TYR-1A0327_036   4.039 -14.398 -10.359
TYR-1A0327_037   3.620 -14.320 -10.700
