iConf CONFORMER     FL  occ    crg   Em0  pKa0 ne nH    vdw0    vdw1    tors    epol   dsolv   extra    history
00001 LYS01A0107_001 f 0.00  0.000     0  0.00  0  0  -7.846   0.593   2.204  -0.027   0.160   0.000 01O000M000t
00002 LYS01A0107_002 f 0.00  0.000     0  0.00  0  0  -9.113   0.735   2.398  -0.018   0.127   0.000 01E007M000t
00003 LYS01A0107_003 f 0.00  0.000     0  0.00  0  0  -9.700   2.289   2.436  -0.027   0.177   0.000 01E02FM000t
00004 LYS01A0107_004 f 0.00  0.000     0  0.00  0  0 -10.052   2.258   2.894  -0.028  -0.161   0.000 01E032M000t
00005 LYS01A0107_005 f 0.00  0.000     0  0.00  0  0  -9.752   4.051   5.180  -0.007   0.035   0.000 01E055M000t
00006 LYS01A0107_006 f 0.00  0.000     0  0.00  0  0  -9.408   0.547   2.533   0.015   0.154   0.000 01E069M000t
00007 LYS01A0107_007 f 0.00  0.000     0  0.00  0  0 -11.574   1.601   4.966  -0.022  -0.012   0.000 01E0CBM000t
00008 LYS01A0107_008 f 0.00  0.000     0  0.00  0  0  -8.287   0.825   5.663  -0.012   0.008   0.000 01E0D3M000t
00009 LYS01A0107_009 f 0.00  0.000     0  0.00  0  0  -8.694   0.686   5.814  -0.022   0.058   0.000 01E0D9M000t
00010 LYS01A0107_010 f 0.00  0.000     0  0.00  0  0  -9.074   3.947   3.023   0.026  -0.003   0.000 01E0F1M000t
00011 LYS01A0107_011 f 0.00  0.000     0  0.00  0  0  -8.845   2.842   2.419  -0.025   0.158   0.000 01T019M000t
00012 LYS01A0107_012 f 0.00  0.000     0  0.00  0  0 -10.596   2.889   2.212  -0.041   0.022   0.000 01T058M000t
00013 LYS01A0107_013 f 0.00  0.000     0  0.00  0  0 -11.775   2.896   1.847  -0.012   0.069   0.000 01T09AM000t
00014 LYS01A0107_014 f 0.00  0.000     0  0.00  0  0  -9.035   0.734   2.691   0.008   0.146   0.000 01T0A8M000t
00015 LYS01A0107_015 f 0.00  0.000     0  0.00  0  0 -11.829   0.953   2.636  -0.011  -0.024   0.000 01T0BAM000t
00016 LYS01A0107_016 f 0.00  0.000     0  0.00  0  0 -11.313   1.530   2.793  -0.062  -0.040   0.000 01T0CEM000t
00017 LYS01A0107_017 f 0.00  0.000     0  0.00  0  0  -8.363   1.901   5.892  -0.023   0.014   0.000 01T0FAM000t
00018 LYS01A0107_018 f 0.00  0.000     0  0.00  0  0  -8.625   1.850   5.821  -0.010   0.099   0.000 01T0FCM000t
00019 LYS01A0107_019 f 0.00  0.000     0  0.00  0  0  -8.721   2.147   6.153  -0.015  -0.051   0.000 01T125M000t
00020 LYS01A0107_020 f 0.00  0.000     0  0.00  0  0 -10.055   1.443   5.812  -0.016   0.096   0.000 01T136M000t
00021 LYS+1A0107_021 f 0.00  1.000     0 10.40  0  1  -7.937   0.582   2.204   0.170   0.127   0.000 +1O000M000t
00022 LYS+1A0107_022 f 0.00  1.000     0 10.40  0  1  -9.764   2.340   2.454   0.147  -0.183   0.000 +1E02FM000t
00023 LYS+1A0107_023 f 0.00  1.000     0 10.40  0  1  -9.877   4.063   5.180   0.025  -0.198   0.000 +1E055M000t
00024 LYS+1A0107_024 f 0.00  1.000     0 10.40  0  1 -10.604   2.911   2.228   0.198  -0.225   0.000 +1E058M000t
00025 LYS+1A0107_025 f 0.00  1.000     0 10.40  0  1  -8.957   0.731   2.719   0.157   0.277   0.000 +1E0A8M000t
00026 LYS+1A0107_026 f 0.00  1.000     0 10.40  0  1  -8.778   0.681   5.833   0.086   0.068   0.000 +1E0D9M000t
00027 LYS+1A0107_027 f 0.00  1.000     0 10.40  0  1  -8.508   1.940   5.927   0.014  -0.099   0.000 +1E0FAM000t
00028 LYS+1A0107_028 f 0.00  1.000     0 10.40  0  1  -8.633   1.845   5.817   0.037  -0.175   0.000 +1E0FCM000t
00029 LYS+1A0107_029 f 0.00  1.000     0 10.40  0  1  -8.834   2.141   6.150   0.078  -0.568   0.000 +1E125M000t
00030 LYS+1A0107_030 f 0.00  1.000     0 10.40  0  1 -10.117   1.443   5.819   0.086  -0.272   0.000 +1E136M000t
00031 LYS+1A0107_031 f 0.00  1.000     0 10.40  0  1  -9.222   0.734   2.404   0.074   0.181   0.000 +1T007M000t
00032 LYS+1A0107_032 f 0.00  1.000     0 10.40  0  1  -9.003   2.874   2.443   0.123   0.227   0.000 +1T019M000t
00033 LYS+1A0107_033 f 0.00  1.000     0 10.40  0  1 -10.067   2.273   2.905   0.102  -0.232   0.000 +1T032M000t
00034 LYS+1A0107_034 f 0.00  1.000     0 10.40  0  1  -9.587   0.551   2.550   0.159   0.101   0.000 +1T069M000t
00035 LYS+1A0107_035 f 0.00  1.000     0 10.40  0  1 -11.778   2.937   1.862   0.033  -0.213   0.000 +1T09AM000t
00036 LYS+1A0107_036 f 0.00  1.000     0 10.40  0  1 -11.875   0.959   2.648   0.075  -0.301   0.000 +1T0BAM000t
00037 LYS+1A0107_037 f 0.00  1.000     0 10.40  0  1 -11.627   1.592   4.981   0.072  -0.263   0.000 +1T0CBM000t
00038 LYS+1A0107_038 f 0.00  1.000     0 10.40  0  1 -11.401   1.553   2.801   0.228  -0.313   0.000 +1T0CEM000t
00039 LYS+1A0107_039 f 0.00  1.000     0 10.40  0  1  -8.360   0.829   5.676   0.030  -0.235   0.000 +1T0D3M000t
00040 LYS+1A0107_040 f 0.00  1.000     0 10.40  0  1  -9.091   3.994   3.039  -0.132  -0.183   0.000 +1T0F1M000t
