CONFORMER         crg  vdw0  vdw1  tors  epol  self   occ  Hb     history    ASA
LYS01A0107_001  0.000 -7.85  0.59  2.20  0.00 -5.06 0.502  00  01O000M000  1.000
LYS01A0107_002  0.000 -9.11  0.74  2.40  0.00 -5.98 0.502  00  01E007M000  1.000
LYS01A0107_003  0.000 -9.71  2.30  2.44  0.00 -4.97 0.502  00  01E02FM000  1.000
LYS01A0107_004  0.000-10.05  2.26  2.89  0.00 -4.90 0.502  00  01E032M000  1.000
LYS01A0107_005  0.000 -9.75  4.06  5.18  0.00 -0.51 0.501  00  01E055M000  1.000
LYS01A0107_006  0.000 -9.41  0.55  2.53  0.00 -6.33 0.501  00  01E069M000  1.000
LYS01A0107_007  0.000-11.57  1.61  4.97  0.00 -5.00 0.501  00  01E0CBM000  1.000
LYS01A0107_008  0.000 -8.28  0.82  5.66  0.00 -1.79 0.502  00  01E0D3M000  1.000
LYS01A0107_009  0.000 -8.68  0.69  5.81  0.00 -2.18 0.501  00  01E0D9M000  1.000
LYS01A0107_010  0.000 -9.07  3.95  3.02  0.00 -2.10 0.501  00  01E0F1M000  1.000
LYS01A0107_011  0.000 -8.85  2.84  2.42  0.00 -3.59 0.501  00  01T019M000  1.000
LYS01A0107_012  0.000-10.60  2.89  2.21  0.00 -5.49 0.502  00  01T058M000  1.000
LYS01A0107_013  0.000-11.77  2.89  1.85  0.00 -7.04 0.502  00  01T09AM000  1.000
LYS01A0107_014  0.000 -8.99  0.73  2.69  0.00 -5.57 0.502  00  01T0A8M000  1.000
LYS01A0107_015  0.000-11.83  0.95  2.63  0.00 -8.24 0.501  00  01T0BAM000  1.000
LYS01A0107_016  0.000-11.36  1.53  2.79  0.00 -7.03 0.501  00  01T0CEM000  1.000
LYS01A0107_017  0.000 -8.37  1.90  5.89  0.00 -0.58 0.502  00  01T0FAM000  1.000
LYS01A0107_018  0.000 -8.62  1.85  5.82  0.00 -0.94 0.502  00  01T0FCM000  1.000
LYS01A0107_019  0.000 -8.72  2.15  6.15  0.00 -0.41 0.501  00  01T125M000  1.000
LYS01A0107_020  0.000 -9.99  1.44  5.81  0.00 -2.74 0.502  00  01T136M000  1.000
LYS+1A0107_021  1.000 -7.95  0.58  2.20  0.00 -5.16 0.502  00  +1O000M000  1.000
LYS+1A0107_022  1.000 -9.76  2.34  2.45  0.00 -4.98 0.502  00  +1E02FM000  1.000
LYS+1A0107_023  1.000 -9.88  4.07  5.18  0.00 -0.63 0.501  00  +1E055M000  1.000
LYS+1A0107_024  1.000-10.60  2.91  2.23  0.00 -5.46 0.502  00  +1E058M000  1.000
LYS+1A0107_025  1.000 -8.96  0.73  2.72  0.00 -5.51 0.502  00  +1E0A8M000  1.000
LYS+1A0107_026  1.000 -8.78  0.68  5.83  0.00 -2.26 0.501  00  +1E0D9M000  1.000
LYS+1A0107_027  1.000 -8.57  1.94  5.93  0.00 -0.70 0.502  00  +1E0FAM000  1.000
LYS+1A0107_028  1.000 -8.63  1.85  5.82  0.00 -0.97 0.502  00  +1E0FCM000  1.000
LYS+1A0107_029  1.000 -8.83  2.15  6.15  0.00 -0.53 0.501  00  +1E125M000  1.000
LYS+1A0107_030  1.000-10.11  1.44  5.82  0.00 -2.85 0.502  00  +1E136M000  1.000
LYS+1A0107_031  1.000 -9.22  0.73  2.40  0.00 -6.09 0.502  00  +1T007M000  1.000
LYS+1A0107_032  1.000 -9.00  2.88  2.44  0.00 -3.68 0.501  00  +1T019M000  1.000
LYS+1A0107_033  1.000-10.07  2.28  2.90  0.00 -4.89 0.502  00  +1T032M000  1.000
LYS+1A0107_034  1.000 -9.59  0.55  2.55  0.00 -6.49 0.501  00  +1T069M000  1.000
LYS+1A0107_035  1.000-11.78  2.93  1.86  0.00 -6.98 0.502  00  +1T09AM000  1.000
LYS+1A0107_036  1.000-11.88  0.96  2.65  0.00 -8.27 0.501  00  +1T0BAM000  1.000
LYS+1A0107_037  1.000-11.62  1.59  4.98  0.00 -5.05 0.501  00  +1T0CBM000  1.000
LYS+1A0107_038  1.000-11.40  1.56  2.80  0.00 -7.05 0.501  00  +1T0CEM000  1.000
LYS+1A0107_039  1.000 -8.36  0.83  5.68  0.00 -1.85 0.502  00  +1T0D3M000  1.000
LYS+1A0107_040  1.000 -9.10  3.99  3.04  0.00 -2.07 0.501  00  +1T0F1M000  1.000
