CONFORMER         crg  vdw0  vdw1  tors  epol  self   occ  Hb     history    ASA
GLU01A0006_001  0.000 -4.00  0.99  3.45  0.00  0.44 0.525  00  01O000M000  1.021
GLU01A0006_002  0.000 -4.41  0.89  3.66  0.00  0.14 0.524  00  01E00CM000  1.015
GLU01A0006_003  0.000 -4.02  1.59  3.12  0.00  0.69 0.525  00  01E00DM000  1.013
GLU01A0006_004  0.000 -4.01  0.99  0.73  0.00 -2.29 0.525  00  01O000M000  1.023
GLU01A0006_005  0.000 -3.80  0.65  2.63  0.00 -0.52 0.527  00  01E001M000  1.014
GLU01A0006_006  0.000 -4.42  0.74  3.50  0.00 -0.19 0.524  00  01E008M000  1.014
GLU01A0006_007  0.000 -3.84  0.24  3.90  0.00  0.31 0.525  00  01E00FM000  1.015
GLU01A0006_008  0.000 -5.08  1.49  1.23  0.00 -2.36 0.524  00  01E010M000  1.055
GLU01A0006_009  0.000 -4.34  0.15  3.30  0.00 -0.89 0.524  00  01T004M000  1.026
GLU01A0006_010  0.000 -5.07  2.51  3.91  0.00  1.34 0.524  00  01T011M000  1.049
GLU01A0006_011  0.000 -3.95  1.01  3.30  0.00  0.36 0.526  00  01T003M000  1.005
GLU01A0006_012  0.000 -4.35  0.79  3.63  0.00  0.06 0.525  00  01T006M000  1.011
GLU01A0006_013  0.000 -4.42  0.74  6.21  0.00  2.53 0.524  00  01T008M000  1.014
GLU01A0006_014  0.000 -4.40  0.21  3.65  0.00 -0.54 0.527  00  01T00AM000  1.000
GLU01A0006_015  0.000 -4.63  0.66  6.11  0.00  2.14 0.525  00  01T00EM000  1.000
GLU01A0006_016  0.000 -3.84  0.25  6.61  0.00  3.01 0.525  00  01T00FM000  1.015
GLU01A0006_017  0.000 -5.08  1.49  3.94  0.00  0.36 0.524  00  01T010M000  1.055
GLU01A0006_018  0.000 -3.82  0.20  6.56  0.00  2.93 0.527  00  01T012M000  1.005
GLU01A0006_019  0.000 -4.88  1.90  3.83  0.00  0.84 0.524  00  01T013M000  1.012
GLU01A0006_020  0.000 -4.46  0.79  0.92  0.00 -2.75 0.525  00  01T006M000  1.025
GLU01A0006_021  0.000 -4.46  0.89  0.92  0.00 -2.66 0.524  00  01T00CM000  1.027
GLU01A0006_022  0.000 -4.58  0.65  3.42  0.00 -0.51 0.525  00  01T00EM000  1.000
GLU01A0006_023  0.000 -5.07  2.51  1.19  0.00 -1.38 0.524  00  01T011M000  1.049
GLU01A0006_024  0.000 -4.24  0.17  0.58  0.00 -3.49 0.524  00  01T004M000  1.026
GLU01A0006_025  0.000 -4.40  0.21  0.93  0.00 -3.26 0.527  00  01T00AM000  1.000
GLU01A0006_026  0.000 -4.02  1.58  0.40  0.00 -2.03 0.525  00  01T00DM000  1.016
GLU01A0006_027  0.000 -3.82  0.20  3.84  0.00  0.21 0.527  00  01T012M000  1.005
GLU01A0006_028  0.000 -4.88  1.90  1.11  0.00 -1.88 0.524  00  01T013M000  1.012
GLU02A0006_029  0.000 -3.89  0.99  3.45  0.00  0.54 0.525  00  02O000M000  1.038
GLU02A0006_030  0.000 -3.79  1.00  3.34  0.00  0.55 0.526  00  02E003M000  1.021
GLU02A0006_031  0.000 -4.35  0.21  3.74  0.00 -0.40 0.527  00  02E00AM000  1.000
GLU02A0006_032  0.000 -3.69  1.82  3.12  0.00  1.25 0.525  00  02E00DM000  1.021
GLU02A0006_033  0.000 -3.82  0.99  0.73  0.00 -2.11 0.525  00  02O000M000  1.023
GLU02A0006_034  0.000 -3.97  0.17  0.57  0.00 -3.23 0.525  00  02E002M000  1.042
GLU02A0006_035  0.000 -4.44  0.74  3.47  0.00 -0.23 0.524  00  02E008M000  1.022
GLU02A0006_036  0.000 -3.64  1.75  0.41  0.00 -1.48 0.525  00  02E00DM000  1.021
GLU02A0006_037  0.000 -5.11  1.44  1.27  0.00 -2.40 0.524  00  02E010M000  1.060
GLU02A0006_038  0.000 -4.04  0.20  3.32  0.00 -0.52 0.524  00  02T004M000  1.029
GLU02A0006_039  0.000 -4.45  0.89  3.68  0.00  0.13 0.524  00  02T00CM000  1.029
GLU02A0006_040  0.000 -3.76  0.24  6.67  0.00  3.14 0.525  00  02T00FM000  1.007
GLU02A0006_041  0.000 -3.97  0.17  3.29  0.00 -0.51 0.525  00  02T002M000  1.042
GLU02A0006_042  0.000 -4.37  0.78  3.58  0.00 -0.01 0.525  00  02T006M000  1.014
GLU02A0006_043  0.000 -4.44  0.74  6.18  0.00  2.49 0.524  00  02T008M000  1.022
GLU02A0006_044  0.000 -4.62  0.64  6.14  0.00  2.16 0.525  00  02T00EM000  1.000
GLU02A0006_045  0.000 -5.11  1.44  3.99  0.00  0.31 0.524  00  02T010M000  1.060
GLU02A0006_046  0.000 -4.87  2.59  3.88  0.00  1.60 0.524  00  02T011M000  1.036
GLU02A0006_047  0.000 -3.88  0.21  6.54  0.00  2.87 0.527  00  02T012M000  1.008
GLU02A0006_048  0.000 -4.82  1.87  3.82  0.00  0.88 0.524  00  02T013M000  1.022
GLU02A0006_049  0.000 -4.29  0.79  0.98  0.00 -2.52 0.525  00  02T006M000  1.014
GLU02A0006_050  0.000 -4.37  0.21  1.00  0.00 -3.16 0.527  00  02T00AM000  1.003
GLU02A0006_051  0.000 -3.76  0.24  3.95  0.00  0.42 0.525  00  02T00FM000  1.007
GLU02A0006_052  0.000 -4.91  2.66  1.24  0.00 -1.02 0.524  00  02T011M000  1.035
GLU02A0006_053  0.000 -4.89  1.89  1.15  0.00 -1.85 0.524  00  02T013M000  1.032
GLU02A0006_054  0.000 -4.02  0.20  0.58  0.00 -3.25 0.524  00  02T004M000  1.029
GLU02A0006_055  0.000 -3.15  0.92  0.31  0.00 -1.92 0.527  00  02T00BM000  1.062
GLU02A0006_056  0.000 -4.62  0.64  3.42  0.00 -0.56 0.525  00  02T00EM000  1.000
GLU02A0006_057  0.000 -3.89  0.21  3.82  0.00  0.14 0.527  00  02T012M000  1.011
GLU-1A0006_058 -1.000 -3.98  1.00  0.73  0.00 -2.25 0.525  00  -1O000M000  1.033
GLU-1A0006_059 -1.000 -3.62  0.66  2.63  0.00 -0.34 0.527  00  -1E001M000  1.003
GLU-1A0006_060 -1.000 -3.99  0.19  0.58  0.00 -3.22 0.525  00  -1E002M000  1.018
GLU-1A0006_061 -1.000 -4.18  0.19  0.57  0.00 -3.42 0.524  00  -1E004M000  1.027
GLU-1A0006_062 -1.000 -4.32  0.78  0.89  0.00 -2.64 0.525  00  -1E006M000  1.011
GLU-1A0006_063 -1.000 -4.37  0.75  3.49  0.00 -0.12 0.524  00  -1E008M000  1.011
GLU-1A0006_064 -1.000 -3.32  0.93  0.31  0.00 -2.08 0.527  00  -1E00BM000  1.055
GLU-1A0006_065 -1.000 -3.79  1.57  0.38  0.00 -1.84 0.525  00  -1E00DM000  1.014
GLU-1A0006_066 -1.000 -4.58  0.66  3.41  0.00 -0.51 0.525  00  -1E00EM000  1.000
GLU-1A0006_067 -1.000 -3.83  0.26  3.90  0.00  0.34 0.525  00  -1E00FM000  1.007
GLU-1A0006_068 -1.000 -4.98  1.37  1.23  0.00 -2.38 0.524  00  -1E010M000  1.061
GLU-1A0006_069 -1.000 -4.88  2.55  1.19  0.00 -1.14 0.524  00  -1E011M000  1.050
GLU-1A0006_070 -1.000 -3.77  0.23  3.83  0.00  0.29 0.527  00  -1E012M000  1.006
GLU-1A0006_071 -1.000 -4.80  1.88  1.11  0.00 -1.81 0.524  00  -1E013M000  1.020
