   confID        vdw0    sas     sum
GLU01A0006_001   0.627  -4.632  -4.006
GLU01A0006_002   0.300  -4.709  -4.408
GLU01A0006_003   0.972  -4.989  -4.017
GLU01A0006_004   0.627  -4.639  -4.012
GLU01A0006_005   0.917  -4.716  -3.800
GLU01A0006_006   0.241  -4.666  -4.424
GLU01A0006_007   1.037  -4.879  -3.842
GLU01A0006_008   0.072  -5.149  -5.077
GLU01A0006_009   0.726  -5.062  -4.337
GLU01A0006_010   0.175  -5.251  -5.076
GLU01A0006_011   0.784  -4.729  -3.945
GLU01A0006_012   0.357  -4.706  -4.350
GLU01A0006_013   0.242  -4.666  -4.424
GLU01A0006_014   0.355  -4.756  -4.401
GLU01A0006_015   0.265  -4.900  -4.635
GLU01A0006_016   1.037  -4.879  -3.843
GLU01A0006_017   0.071  -5.149  -5.078
GLU01A0006_018   0.969  -4.794  -3.825
GLU01A0006_019   0.159  -5.042  -4.883
GLU01A0006_020   0.298  -4.760  -4.462
GLU01A0006_021   0.299  -4.764  -4.465
GLU01A0006_022   0.232  -4.813  -4.581
GLU01A0006_023   0.175  -5.251  -5.076
GLU01A0006_024   0.786  -5.028  -4.242
GLU01A0006_025   0.355  -4.756  -4.401
GLU01A0006_026   0.971  -4.989  -4.018
GLU01A0006_027   0.969  -4.794  -3.825
GLU01A0006_028   0.159  -5.042  -4.883
GLU02A0006_029   0.827  -4.722  -3.895
GLU02A0006_030   0.937  -4.733  -3.795
GLU02A0006_031   0.380  -4.734  -4.354
GLU02A0006_032   1.328  -5.021  -3.692
GLU02A0006_033   0.827  -4.651  -3.825
GLU02A0006_034   0.906  -4.878  -3.972
GLU02A0006_035   0.269  -4.708  -4.439
GLU02A0006_036   1.267  -4.903  -3.636
GLU02A0006_037   0.066  -5.174  -5.107
GLU02A0006_038   0.957  -4.998  -4.041
GLU02A0006_039   0.384  -4.830  -4.446
GLU02A0006_040   1.043  -4.800  -3.757
GLU02A0006_041   0.909  -4.878  -3.969
GLU02A0006_042   0.409  -4.779  -4.370
GLU02A0006_043   0.268  -4.708  -4.440
GLU02A0006_044   0.307  -4.927  -4.620
GLU02A0006_045   0.066  -5.174  -5.107
GLU02A0006_046   0.244  -5.118  -4.874
GLU02A0006_047   1.061  -4.939  -3.878
GLU02A0006_048   0.198  -5.014  -4.815
GLU02A0006_049   0.386  -4.674  -4.288
GLU02A0006_050   0.381  -4.747  -4.366
GLU02A0006_051   1.043  -4.800  -3.757
GLU02A0006_052   0.239  -5.154  -4.915
GLU02A0006_053   0.176  -5.064  -4.889
GLU02A0006_054   0.975  -4.998  -4.023
GLU02A0006_055   1.786  -4.933  -3.147
GLU02A0006_056   0.307  -4.927  -4.620
GLU02A0006_057   1.061  -4.952  -3.891
GLU-1A0006_058   0.597  -4.582  -3.984
GLU-1A0006_059   0.887  -4.509  -3.622
GLU-1A0006_060   0.688  -4.681  -3.993
GLU-1A0006_061   0.726  -4.902  -4.177
GLU-1A0006_062   0.291  -4.612  -4.321
GLU-1A0006_063   0.191  -4.560  -4.369
GLU-1A0006_064   1.333  -4.651  -3.317
GLU-1A0006_065   0.955  -4.748  -3.793
GLU-1A0006_066   0.203  -4.787  -4.584
GLU-1A0006_067   0.968  -4.796  -3.828
GLU-1A0006_068   0.035  -5.019  -4.984
GLU-1A0006_069   0.164  -5.045  -4.881
GLU-1A0006_070   0.928  -4.697  -3.769
GLU-1A0006_071   0.106  -4.902  -4.796
