iConf CONFORMER     FL  occ    crg   Em0  pKa0 ne nH    vdw0    vdw1    tors    epol   dsolv   extra    history
00001 ARG01A0171_001 f 0.00  0.000     0  0.00  0  0 -13.805   1.249   0.623   0.073  -0.269   0.000 01O000M000t
00002 ARG01A0171_002 f 0.00  0.000     0  0.00  0  0 -13.366   2.433   3.906   0.033  -0.148   0.000 01E00FM000t
00003 ARG01A0171_003 f 0.00  0.000     0  0.00  0  0 -13.178   1.570   6.343   0.050  -0.006   0.000 01E01AM000t
00004 ARG01A0171_004 f 0.00  0.000     0  0.00  0  0 -12.711   0.553   0.440   0.023  -0.155   0.000 01E078M000t
00005 ARG01A0171_005 f 0.00  0.000     0  0.00  0  0 -10.268   0.895   0.952   0.055  -0.161   0.000 01E07EM000t
00006 ARG01A0171_006 f 0.00  0.000     0  0.00  0  0 -11.749   2.401   3.862   0.033  -0.055   0.000 01E083M000t
00007 ARG01A0171_007 f 0.00  0.000     0  0.00  0  0 -12.814   1.777   3.232   0.021  -0.148   0.000 01E089M000t
00008 ARG01A0171_008 f 0.00  0.000     0  0.00  0  0 -12.152   4.400   3.493  -0.465   0.423   0.000 01E0A0M000t
00009 ARG01A0171_009 f 0.00  0.000     0  0.00  0  0 -12.103   1.119   0.448   0.001  -0.232   0.000 01E0BBM000t
00010 ARG01A0171_010 f 0.00  0.000     0  0.00  0  0 -10.100   0.935   3.738   0.043  -0.004   0.000 01E0C3M000t
00011 ARG01A0171_011 f 0.00  0.000     0  0.00  0  0 -10.169   0.992   3.814  -0.009  -0.271   0.000 01E0F1M000t
00012 ARG01A0171_012 f 0.00  0.000     0  0.00  0  0 -10.663   1.133   3.814   0.074  -0.335   0.000 01E0FDM000t
00013 ARG01A0171_013 f 0.00  0.000     0  0.00  0  0 -10.852   0.166   3.213   0.036  -0.054   0.000 01E10BM000t
00014 ARG01A0171_014 f 0.00  0.000     0  0.00  0  0  -9.130   0.590   3.723   0.040  -0.086   0.000 01E118M000t
00015 ARG01A0171_015 f 0.00  0.000     0  0.00  0  0 -13.414   1.011   1.025   0.026  -0.272   0.000 01T005M000t
00016 ARG01A0171_016 f 0.00  0.000     0  0.00  0  0 -12.714   1.266   3.515   0.068  -0.144   0.000 01T012M000t
00017 ARG01A0171_017 f 0.00  0.000     0  0.00  0  0 -11.759   1.090   3.367   0.000  -0.076   0.000 01T098M000t
00018 ARG01A0171_018 f 0.00  0.000     0  0.00  0  0  -9.979   0.684   1.075   0.047  -0.145   0.000 01T0AAM000t
00019 ARG01A0171_019 f 0.00  0.000     0  0.00  0  0 -10.439   0.130   0.467   0.034  -0.215   0.000 01T108M000t
00020 ARG01A0171_020 f 0.00  0.000     0  0.00  0  0 -11.727   1.687   3.244   0.015   0.003   0.000 01T12DM000t
00021 ARG02A0171_021 f 0.00  0.000     0  0.00  0  0 -10.112   0.932   3.703   0.047   1.063   0.000 02E0C3M000t
00022 ARG02A0171_022 f 0.00  0.000     0  0.00  0  0 -10.280   0.981   3.812   0.049   1.114   0.000 02E0F1M000t
00023 ARG02A0171_023 f 0.00  0.000     0  0.00  0  0 -11.012   0.172   3.188   0.071   1.125   0.000 02E10BM000t
00024 ARG02A0171_024 f 0.00  0.000     0  0.00  0  0 -13.784   1.248   0.623   0.052   0.646   0.000 02O000M000t
00025 ARG02A0171_025 f 0.00  0.000     0  0.00  0  0 -12.155   4.543   3.444   0.465   0.953   0.000 02E0A0M000t
00026 ARG02A0171_026 f 0.00  0.000     0  0.00  0  0 -10.779   0.930   0.927   0.041   1.148   0.000 02T07EM000t
00027 ARG02A0171_027 f 0.00  0.000     0  0.00  0  0 -11.845   1.035   3.339   0.069   1.101   0.000 02T098M000t
00028 ARG02A0171_028 f 0.00  0.000     0  0.00  0  0 -11.900   2.395   3.859   0.046   0.927   0.000 02T083M000t
00029 ARG02A0171_029 f 0.00  0.000     0  0.00  0  0 -10.103   0.678   1.056   0.017   1.207   0.000 02T0AAM000t
00030 ARG02A0171_030 f 0.00  0.000     0  0.00  0  0 -13.309   0.981   0.949   0.028   0.490   0.000 02T005M000t
00031 ARG02A0171_031 f 0.00  0.000     0  0.00  0  0 -13.443   2.394   3.850   0.034   0.458   0.000 02T00FM000t
00032 ARG02A0171_032 f 0.00  0.000     0  0.00  0  0 -12.721   1.781   3.230   0.018   0.560   0.000 02T089M000t
00033 ARG02A0171_033 f 0.00  0.000     0  0.00  0  0 -12.180   1.112   0.446   0.003   0.468   0.000 02T0BBM000t
00034 ARG02A0171_034 f 0.00  0.000     0  0.00  0  0 -10.512   1.127   3.815   0.047   0.667   0.000 02T0FDM000t
00035 ARG02A0171_035 f 0.00  0.000     0  0.00  0  0 -10.464   0.149   0.424  -0.004   0.779   0.000 02T108M000t
00036 ARG02A0171_036 f 0.00  0.000     0  0.00  0  0  -9.264   0.580   3.727  -0.061   0.904   0.000 02T118M000t
00037 ARG02A0171_037 f 0.00  0.000     0  0.00  0  0 -11.935   1.680   3.241   0.000   0.539   0.000 02T12DM000t
00038 ARG02A0171_038 f 0.00  0.000     0  0.00  0  0 -12.715   1.355   3.313   0.044   0.678   0.000 02T012M000t
00039 ARG02A0171_039 f 0.00  0.000     0  0.00  0  0 -13.176   1.617   6.105   0.032   0.366   0.000 02T01AM000t
00040 ARG02A0171_040 f 0.00  0.000     0  0.00  0  0 -12.649   0.554   0.440   0.048   0.619   0.000 02T078M000t
00041 ARG03A0171_041 f 0.00  0.000     0  0.00  0  0 -13.848   1.246   0.623   0.073   0.932   0.000 03O000M000t
00042 ARG03A0171_042 f 0.00  0.000     0  0.00  0  0 -12.694   0.552   0.440   0.041   0.613   0.000 03E078M000t
00043 ARG03A0171_043 f 0.00  0.000     0  0.00  0  0 -11.861   1.032   3.342   0.070   0.820   0.000 03E098M000t
00044 ARG03A0171_044 f 0.00  0.000     0  0.00  0  0  -9.124   0.583   3.721  -0.020   0.801   0.000 03E118M000t
00045 ARG03A0171_045 f 0.00  0.000     0  0.00  0  0 -11.760   1.680   3.244   0.009   0.844   0.000 03E12DM000t
00046 ARG03A0171_046 f 0.00  0.000     0  0.00  0  0 -13.376   0.980   0.949   0.034   0.620   0.000 03E005M000t
00047 ARG03A0171_047 f 0.00  0.000     0  0.00  0  0 -10.305   0.951   0.924   0.041   0.726   0.000 03E07EM000t
00048 ARG03A0171_048 f 0.00  0.000     0  0.00  0  0 -12.098   1.116   0.447   0.011   0.769   0.000 03E0BBM000t
00049 ARG03A0171_049 f 0.00  0.000     0  0.00  0  0 -10.663   0.146   3.192   0.033   0.741   0.000 03E10BM000t
00050 ARG03A0171_050 f 0.00  0.000     0  0.00  0  0 -11.844   2.401   3.859   0.045   0.864   0.000 03T083M000t
00051 ARG03A0171_051 f 0.00  0.000     0  0.00  0  0 -10.237   0.934   3.704   0.045   0.876   0.000 03T0C3M000t
00052 ARG03A0171_052 f 0.00  0.000     0  0.00  0  0 -10.560   1.123   3.813   0.070   0.833   0.000 03T0FDM000t
00053 ARG03A0171_053 f 0.00  0.000     0  0.00  0  0 -13.375   2.382   3.851   0.040   0.744   0.000 03T00FM000t
00054 ARG03A0171_054 f 0.00  0.000     0  0.00  0  0 -12.723   1.343   3.317   0.066   0.620   0.000 03T012M000t
00055 ARG03A0171_055 f 0.00  0.000     0  0.00  0  0 -13.228   1.606   6.111   0.038   0.544   0.000 03T01AM000t
00056 ARG03A0171_056 f 0.00  0.000     0  0.00  0  0 -12.825   1.780   3.230   0.023   0.701   0.000 03T089M000t
00057 ARG03A0171_057 f 0.00  0.000     0  0.00  0  0 -12.369   4.612   3.442   0.464   0.952   0.000 03T0A0M000t
00058 ARG03A0171_058 f 0.00  0.000     0  0.00  0  0  -9.739   0.665   1.054   0.040   0.871   0.000 03T0AAM000t
00059 ARG03A0171_059 f 0.00  0.000     0  0.00  0  0 -10.104   0.987   3.812   0.031   0.791   0.000 03T0F1M000t
00060 ARG03A0171_060 f 0.00  0.000     0  0.00  0  0  -9.996   0.113   0.425   0.032   1.011   0.000 03T108M000t
00061 ARG+1A0171_061 f 0.00  1.000     0 12.50  0  1 -13.887   1.246   0.623   0.204  -0.101   0.000 +1O000M000t
00062 ARG+1A0171_062 f 0.00  1.000     0 12.50  0  1 -12.832   1.341   3.320   0.189  -0.106   0.000 +1E012M000t
00063 ARG+1A0171_063 f 0.00  1.000     0 12.50  0  1 -13.277   1.603   6.112   0.303  -0.051   0.000 +1E01AM000t
00064 ARG+1A0171_064 f 0.00  1.000     0 12.50  0  1 -12.774   0.552   0.440   0.110  -0.260   0.000 +1E078M000t
00065 ARG+1A0171_065 f 0.00  1.000     0 12.50  0  1 -10.357   0.965   0.924   0.125  -0.420   0.000 +1E07EM000t
00066 ARG+1A0171_066 f 0.00  1.000     0 12.50  0  1 -11.949   2.391   3.859   0.133  -0.293   0.000 +1E083M000t
00067 ARG+1A0171_067 f 0.00  1.000     0 12.50  0  1 -12.870   1.781   3.230   0.106  -0.226   0.000 +1E089M000t
00068 ARG+1A0171_068 f 0.00  1.000     0 12.50  0  1 -11.820   1.032   3.341   0.279   0.019   0.000 +1E098M000t
00069 ARG+1A0171_069 f 0.00  1.000     0 12.50  0  1  -9.813   0.661   1.056   0.077  -0.141   0.000 +1E0AAM000t
00070 ARG+1A0171_070 f 0.00  1.000     0 12.50  0  1 -12.264   1.115   0.447   0.096  -0.238   0.000 +1E0BBM000t
00071 ARG+1A0171_071 f 0.00  1.000     0 12.50  0  1 -10.607   1.125   3.816   0.171  -0.285   0.000 +1E0FDM000t
00072 ARG+1A0171_072 f 0.00  1.000     0 12.50  0  1  -9.986   0.110   0.426   0.095  -0.155   0.000 +1E108M000t
00073 ARG+1A0171_073 f 0.00  1.000     0 12.50  0  1 -10.645   0.144   3.196   0.094   0.055   0.000 +1E10BM000t
00074 ARG+1A0171_074 f 0.00  1.000     0 12.50  0  1 -13.417   0.979   0.949   0.115  -0.359   0.000 +1T005M000t
00075 ARG+1A0171_075 f 0.00  1.000     0 12.50  0  1 -13.481   2.387   3.850   0.140  -0.113   0.000 +1T00FM000t
00076 ARG+1A0171_076 f 0.00  1.000     0 12.50  0  1 -12.353   4.606   3.442   1.502   0.715   0.000 +1T0A0M000t
00077 ARG+1A0171_077 f 0.00  1.000     0 12.50  0  1 -10.211   0.933   3.705   0.110  -0.375   0.000 +1T0C3M000t
00078 ARG+1A0171_078 f 0.00  1.000     0 12.50  0  1 -10.246   0.982   3.814   0.243  -0.117   0.000 +1T0F1M000t
00079 ARG+1A0171_079 f 0.00  1.000     0 12.50  0  1  -9.178   0.581   3.723   0.092  -0.062   0.000 +1T118M000t
00080 ARG+1A0171_080 f 0.00  1.000     0 12.50  0  1 -11.889   1.679   3.242   0.079  -0.089   0.000 +1T12DM000t
