CONFORMER         crg  vdw0  vdw1  tors  epol  self   occ  Hb     history    ASA
ARG01A0171_001  0.000-13.80  1.25  0.62  0.00-11.93 0.502  00  01O000M000  1.000
ARG01A0171_002  0.000-13.37  2.43  3.91  0.00 -7.02 0.502  00  01E00FM000  1.000
ARG01A0171_003  0.000-13.17  1.56  6.35  0.00 -5.26 0.502  00  01E01AM000  1.000
ARG01A0171_004  0.000-12.66  0.55  0.44  0.00-11.66 0.502  00  01E078M000  1.000
ARG01A0171_005  0.000-10.28  0.90  0.95  0.00 -8.43 0.501  00  01E07EM000  1.000
ARG01A0171_006  0.000-11.81  2.40  3.86  0.00 -5.55 0.502  00  01E083M000  1.000
ARG01A0171_007  0.000-12.81  1.78  3.23  0.00 -7.80 0.502  00  01E089M000  1.000
ARG01A0171_008  0.000-12.21  4.41  3.49  0.00 -4.31 0.502  00  01E0A0M000  1.000
ARG01A0171_009  0.000-12.10  1.12  0.45  0.00-10.53 0.501  00  01E0BBM000  1.000
ARG01A0171_010  0.000-10.11  0.94  3.74  0.00 -5.44 0.501  00  01E0C3M000  1.000
ARG01A0171_011  0.000-10.10  0.99  3.81  0.00 -5.30 0.502  00  01E0F1M000  1.000
ARG01A0171_012  0.000-10.66  1.13  3.81  0.00 -5.72 0.501  00  01E0FDM000  1.000
ARG01A0171_013  0.000-10.86  0.17  3.21  0.00 -7.48 0.502  00  01E10BM000  1.000
ARG01A0171_014  0.000 -9.13  0.59  3.72  0.00 -4.82 0.502  00  01E118M000  1.000
ARG01A0171_015  0.000-13.41  1.01  1.03  0.00-11.38 0.501  00  01T005M000  1.000
ARG01A0171_016  0.000-12.71  1.27  3.52  0.00 -7.93 0.502  00  01T012M000  1.000
ARG01A0171_017  0.000-11.75  1.09  3.37  0.00 -7.30 0.502  00  01T098M000  1.000
ARG01A0171_018  0.000 -9.99  0.68  1.07  0.00 -8.23 0.502  00  01T0AAM000  1.000
ARG01A0171_019  0.000-10.43  0.13  0.47  0.00 -9.83 0.501  00  01T108M000  1.000
ARG01A0171_020  0.000-11.72  1.68  3.24  0.00 -6.79 0.502  00  01T12DM000  1.000
ARG02A0171_021  0.000-10.11  0.93  3.70  0.00 -5.48 0.501  00  02E0C3M000  1.000
ARG02A0171_022  0.000-10.27  0.98  3.81  0.00 -5.48 0.502  00  02E0F1M000  1.000
ARG02A0171_023  0.000-11.01  0.17  3.19  0.00 -7.65 0.502  00  02E10BM000  1.000
ARG02A0171_024  0.000-13.78  1.25  0.62  0.00-11.91 0.502  00  02O000M000  1.000
ARG02A0171_025  0.000-12.16  4.55  3.44  0.00 -4.16 0.502  00  02E0A0M000  1.000
ARG02A0171_026  0.000-10.77  0.93  0.93  0.00 -8.91 0.501  00  02T07EM000  1.000
ARG02A0171_027  0.000-11.85  1.04  3.34  0.00 -7.47 0.502  00  02T098M000  1.000
ARG02A0171_028  0.000-11.90  2.39  3.86  0.00 -5.65 0.502  00  02T083M000  1.000
ARG02A0171_029  0.000-10.10  0.68  1.06  0.00 -8.37 0.502  00  02T0AAM000  1.000
ARG02A0171_030  0.000-13.31  0.98  0.95  0.00-11.38 0.501  00  02T005M000  1.000
ARG02A0171_031  0.000-13.44  2.39  3.85  0.00 -7.20 0.502  00  02T00FM000  1.000
ARG02A0171_032  0.000-12.72  1.78  3.23  0.00 -7.71 0.502  00  02T089M000  1.000
ARG02A0171_033  0.000-12.18  1.11  0.45  0.00-10.62 0.501  00  02T0BBM000  1.000
ARG02A0171_034  0.000-10.52  1.13  3.81  0.00 -5.58 0.501  00  02T0FDM000  1.000
ARG02A0171_035  0.000-10.47  0.15  0.42  0.00 -9.90 0.501  00  02T108M000  1.000
ARG02A0171_036  0.000 -9.26  0.58  3.73  0.00 -4.95 0.502  00  02T118M000  1.000
ARG02A0171_037  0.000-11.94  1.68  3.24  0.00 -7.02 0.502  00  02T12DM000  1.000
ARG02A0171_038  0.000-12.71  1.35  3.31  0.00 -8.05 0.502  00  02T012M000  1.000
ARG02A0171_039  0.000-13.18  1.61  6.10  0.00 -5.46 0.502  00  02T01AM000  1.000
ARG02A0171_040  0.000-12.65  0.55  0.44  0.00-11.65 0.502  00  02T078M000  1.000
ARG03A0171_041  0.000-13.85  1.25  0.62  0.00-11.98 0.502  00  03O000M000  1.000
ARG03A0171_042  0.000-12.69  0.55  0.44  0.00-11.70 0.502  00  03E078M000  1.000
ARG03A0171_043  0.000-11.86  1.03  3.34  0.00 -7.48 0.502  00  03E098M000  1.000
ARG03A0171_044  0.000 -9.12  0.58  3.72  0.00 -4.82 0.502  00  03E118M000  1.000
ARG03A0171_045  0.000-11.80  1.68  3.24  0.00 -6.88 0.502  00  03E12DM000  1.000
ARG03A0171_046  0.000-13.37  0.98  0.95  0.00-11.45 0.501  00  03E005M000  1.000
ARG03A0171_047  0.000-10.31  0.95  0.92  0.00 -8.43 0.501  00  03E07EM000  1.000
ARG03A0171_048  0.000-12.10  1.11  0.45  0.00-10.54 0.501  00  03E0BBM000  1.000
ARG03A0171_049  0.000-10.66  0.15  3.19  0.00 -7.32 0.502  00  03E10BM000  1.000
ARG03A0171_050  0.000-11.84  2.39  3.86  0.00 -5.59 0.502  00  03T083M000  1.000
ARG03A0171_051  0.000-10.24  0.93  3.70  0.00 -5.60 0.501  00  03T0C3M000  1.000
ARG03A0171_052  0.000-10.56  1.12  3.81  0.00 -5.62 0.501  00  03T0FDM000  1.000
ARG03A0171_053  0.000-13.37  2.39  3.85  0.00 -7.14 0.502  00  03T00FM000  1.000
ARG03A0171_054  0.000-12.72  1.34  3.32  0.00 -8.06 0.502  00  03T012M000  1.000
ARG03A0171_055  0.000-13.23  1.61  6.11  0.00 -5.51 0.502  00  03T01AM000  1.000
ARG03A0171_056  0.000-12.82  1.78  3.23  0.00 -7.82 0.502  00  03T089M000  1.000
ARG03A0171_057  0.000-12.37  4.62  3.44  0.00 -4.31 0.502  00  03T0A0M000  1.000
ARG03A0171_058  0.000 -9.74  0.66  1.05  0.00 -8.02 0.502  00  03T0AAM000  1.000
ARG03A0171_059  0.000-10.10  0.98  3.81  0.00 -5.31 0.502  00  03T0F1M000  1.000
ARG03A0171_060  0.000 -9.99  0.11  0.43  0.00 -9.45 0.501  00  03T108M000  1.000
ARG+1A0171_061  1.000-13.89  1.25  0.62  0.00-12.02 0.502  00  +1O000M000  1.000
ARG+1A0171_062  1.000-12.83  1.34  3.32  0.00 -8.17 0.502  00  +1E012M000  1.000
ARG+1A0171_063  1.000-13.28  1.61  6.11  0.00 -5.56 0.502  00  +1E01AM000  1.000
ARG+1A0171_064  1.000-12.78  0.55  0.44  0.00-11.79 0.502  00  +1E078M000  1.000
ARG+1A0171_065  1.000-10.36  0.96  0.92  0.00 -8.47 0.501  00  +1E07EM000  1.000
ARG+1A0171_066  1.000-11.95  2.39  3.86  0.00 -5.69 0.502  00  +1E083M000  1.000
ARG+1A0171_067  1.000-12.87  1.78  3.23  0.00 -7.87 0.502  00  +1E089M000  1.000
ARG+1A0171_068  1.000-11.82  1.03  3.34  0.00 -7.45 0.502  00  +1E098M000  1.000
ARG+1A0171_069  1.000 -9.82  0.66  1.06  0.00 -8.10 0.502  00  +1E0AAM000  1.000
ARG+1A0171_070  1.000-12.26  1.12  0.45  0.00-10.70 0.501  00  +1E0BBM000  1.000
ARG+1A0171_071  1.000-10.61  1.12  3.81  0.00 -5.67 0.501  00  +1E0FDM000  1.000
ARG+1A0171_072  1.000 -9.98  0.11  0.43  0.00 -9.44 0.501  00  +1E108M000  1.000
ARG+1A0171_073  1.000-10.65  0.14  3.20  0.00 -7.31 0.502  00  +1E10BM000  1.000
ARG+1A0171_074  1.000-13.42  0.98  0.95  0.00-11.49 0.501  00  +1T005M000  1.000
ARG+1A0171_075  1.000-13.48  2.39  3.85  0.00 -7.24 0.502  00  +1T00FM000  1.000
ARG+1A0171_076  1.000-12.35  4.59  3.44  0.00 -4.31 0.502  00  +1T0A0M000  1.000
ARG+1A0171_077  1.000-10.21  0.93  3.71  0.00 -5.58 0.501  00  +1T0C3M000  1.000
ARG+1A0171_078  1.000-10.24  0.98  3.81  0.00 -5.44 0.502  00  +1T0F1M000  1.000
ARG+1A0171_079  1.000 -9.18  0.58  3.72  0.00 -4.88 0.502  00  +1T118M000  1.000
ARG+1A0171_080  1.000-11.89  1.68  3.24  0.00 -6.97 0.502  00  +1T12DM000  1.000
