   confID        vdw0    sas     sum
ARG01A0171_001   0.959 -14.763 -13.805
ARG01A0171_002   1.463 -14.829 -13.366
ARG01A0171_003   1.756 -14.934 -13.178
ARG01A0171_004   1.929 -14.641 -12.711
ARG01A0171_005   3.388 -13.656 -10.268
ARG01A0171_006   2.375 -14.124 -11.749
ARG01A0171_007   1.891 -14.705 -12.814
ARG01A0171_008   2.030 -14.182 -12.152
ARG01A0171_009   2.319 -14.422 -12.103
ARG01A0171_010   3.988 -14.088 -10.100
ARG01A0171_011   4.187 -14.356 -10.169
ARG01A0171_012   4.159 -14.822 -10.663
ARG01A0171_013   2.874 -13.726 -10.852
ARG01A0171_014   4.866 -13.996  -9.130
ARG01A0171_015   1.452 -14.866 -13.414
ARG01A0171_016   1.718 -14.432 -12.714
ARG01A0171_017   2.756 -14.515 -11.759
ARG01A0171_018   4.166 -14.145  -9.979
ARG01A0171_019   3.125 -13.563 -10.439
ARG01A0171_020   2.337 -14.064 -11.727
ARG02A0171_021   3.979 -14.092 -10.112
ARG02A0171_022   4.144 -14.424 -10.280
ARG02A0171_023   2.846 -13.858 -11.012
ARG02A0171_024   0.979 -14.763 -13.784
ARG02A0171_025   2.069 -14.224 -12.155
ARG02A0171_026   2.996 -13.775 -10.779
ARG02A0171_027   2.728 -14.573 -11.845
ARG02A0171_028   2.355 -14.256 -11.900
ARG02A0171_029   3.974 -14.077 -10.103
ARG02A0171_030   1.460 -14.769 -13.309
ARG02A0171_031   1.463 -14.906 -13.443
ARG02A0171_032   1.920 -14.641 -12.721
ARG02A0171_033   2.306 -14.486 -12.180
ARG02A0171_034   4.179 -14.691 -10.512
ARG02A0171_035   3.180 -13.644 -10.464
ARG02A0171_036   4.732 -13.996  -9.264
ARG02A0171_037   2.325 -14.260 -11.935
ARG02A0171_038   1.765 -14.480 -12.715
ARG02A0171_039   1.806 -14.982 -13.176
ARG02A0171_040   1.944 -14.593 -12.649
ARG03A0171_041   0.915 -14.763 -13.848
ARG03A0171_042   1.899 -14.593 -12.694
ARG03A0171_043   2.709 -14.570 -11.861
ARG03A0171_044   4.872 -13.996  -9.124
ARG03A0171_045   2.269 -14.029 -11.760
ARG03A0171_046   1.394 -14.769 -13.376
ARG03A0171_047   3.467 -13.771 -10.305
ARG03A0171_048   2.273 -14.370 -12.098
ARG03A0171_049   3.063 -13.726 -10.663
ARG03A0171_050   2.348 -14.192 -11.844
ARG03A0171_051   3.983 -14.220 -10.237
ARG03A0171_052   4.131 -14.691 -10.560
ARG03A0171_053   1.399 -14.774 -13.375
ARG03A0171_054   1.709 -14.432 -12.723
ARG03A0171_055   1.754 -14.982 -13.228
ARG03A0171_056   1.880 -14.705 -12.825
ARG03A0171_057   2.035 -14.404 -12.369
ARG03A0171_058   4.422 -14.161  -9.739
ARG03A0171_059   4.157 -14.260 -10.104
ARG03A0171_060   3.587 -13.583  -9.996
ARG+1A0171_061   0.876 -14.763 -13.887
ARG+1A0171_062   1.664 -14.496 -12.832
ARG+1A0171_063   1.704 -14.982 -13.277
ARG+1A0171_064   1.867 -14.641 -12.774
ARG+1A0171_065   3.466 -13.823 -10.357
ARG+1A0171_066   2.306 -14.256 -11.949
ARG+1A0171_067   1.835 -14.705 -12.870
ARG+1A0171_068   2.686 -14.506 -11.820
ARG+1A0171_069   4.460 -14.273  -9.813
ARG+1A0171_070   2.222 -14.486 -12.264
ARG+1A0171_071   4.084 -14.691 -10.607
ARG+1A0171_072   3.594 -13.580  -9.986
ARG+1A0171_073   3.081 -13.726 -10.645
ARG+1A0171_074   1.352 -14.769 -13.417
ARG+1A0171_075   1.357 -14.838 -13.481
ARG+1A0171_076   1.987 -14.340 -12.353
ARG+1A0171_077   3.945 -14.156 -10.211
ARG+1A0171_078   4.110 -14.356 -10.246
ARG+1A0171_079   4.818 -13.996  -9.178
ARG+1A0171_080   2.239 -14.128 -11.889
