CONFORMER         crg  vdw0  vdw1  tors  epol  self   occ  Hb     history    ASA
ARG01A0040_001  0.000-13.79  0.23  0.67  0.00-12.88 0.501  00  01O000M000  1.000
ARG01A0040_002  0.000-11.78  0.18  1.23  0.00-10.37 0.502  00  01E035M000  1.000
ARG01A0040_003  0.000-13.05  2.08  3.19  0.00 -7.78 0.502  00  01E04BM000  1.000
ARG01A0040_004  0.000-12.19  0.14  4.11  0.00 -7.95 0.502  00  01E0F3M000  1.000
ARG01A0040_005  0.000-12.77  1.12  1.26  0.00-10.39 0.501  00  01E106M000  1.000
ARG01A0040_006  0.000-13.34  0.87  3.28  0.00 -9.19 0.502  00  01E146M000  1.000
ARG01A0040_007  0.000-13.28  3.03  1.33  0.00 -8.91 0.501  00  01T00FM000  1.000
ARG01A0040_008  0.000-14.31  1.82  3.21  0.00 -9.28 0.501  00  01T012M000  1.000
ARG01A0040_009  0.000-11.86  1.32  3.82  0.00 -6.72 0.501  00  01T03DM000  1.000
ARG01A0040_010  0.000-13.51  3.53  1.46  0.00 -8.53 0.501  00  01T07EM000  1.000
ARG01A0040_011  0.000-13.21  0.27  3.03  0.00 -9.91 0.501  00  01T08CM000  1.000
ARG01A0040_012  0.000-11.84 -0.05  0.61  0.00-11.28 0.502  00  01T097M000  1.000
ARG01A0040_013  0.000-12.94  0.70  2.99  0.00 -9.25 0.502  00  01T0B5M000  1.000
ARG01A0040_014  0.000-12.07  0.45  3.91  0.00 -7.71 0.501  00  01T0DDM000  1.000
ARG01A0040_015  0.000-13.23  0.13  1.35  0.00-11.75 0.501  00  01T0F7M000  1.000
ARG01A0040_016  0.000-11.97  2.76  3.77  0.00 -5.45 0.502  00  01T11BM000  1.000
ARG01A0040_017  0.000-13.22  2.02  3.30  0.00 -7.90 0.502  00  01T12BM000  1.000
ARG01A0040_018  0.000-11.92  2.77  3.72  0.00 -5.44 0.502  00  01T12EM000  1.000
ARG01A0040_019  0.000-12.86  3.46  1.27  0.00 -8.13 0.501  00  01T12FM000  1.000
ARG01A0040_020  0.000-11.60  1.60  6.40  0.00 -3.60 0.501  00  01T153M000  1.000
ARG02A0040_021  0.000-13.80  0.23  0.67  0.00-12.90 0.501  00  02O000M000  1.000
ARG02A0040_022  0.000-13.53  0.10  1.25  0.00-12.18 0.501  00  02E0F7M000  1.000
ARG02A0040_023  0.000-11.55  3.07  3.75  0.00 -4.73 0.502  00  02E11BM000  1.000
ARG02A0040_024  0.000-12.90  1.98  3.17  0.00 -7.74 0.502  00  02T04BM000  1.000
ARG02A0040_025  0.000-12.98  0.33  2.66  0.00 -9.99 0.501  00  02T08CM000  1.000
ARG02A0040_026  0.000-12.04 -0.05  0.61  0.00-11.48 0.502  00  02T097M000  1.000
ARG02A0040_027  0.000-13.17  3.47  1.19  0.00 -8.51 0.501  00  02T07EM000  1.000
ARG02A0040_028  0.000-12.00  0.45  3.77  0.00 -7.79 0.501  00  02T0DDM000  1.000
ARG02A0040_029  0.000-12.55  1.14  1.18  0.00-10.23 0.501  00  02T106M000  1.000
ARG02A0040_030  0.000-12.77  3.55  1.24  0.00 -7.98 0.501  00  02T12FM000  1.000
ARG02A0040_031  0.000-14.37  1.84  3.20  0.00 -9.33 0.501  00  02T012M000  1.000
ARG02A0040_032  0.000-11.82  0.18  1.22  0.00-10.42 0.502  00  02T035M000  1.000
ARG02A0040_033  0.000-12.69  0.68  2.84  0.00 -9.17 0.502  00  02T0B5M000  1.000
ARG02A0040_034  0.000-12.10  0.04  3.62  0.00 -8.44 0.502  00  02T0F3M000  1.000
ARG02A0040_035  0.000-11.93  3.14  3.66  0.00 -5.13 0.502  00  02T12EM000  1.000
ARG02A0040_036  0.000-13.39  0.82  3.27  0.00 -9.30 0.502  00  02T146M000  1.000
ARG02A0040_037  0.000-13.02  3.33  1.25  0.00 -8.44 0.501  00  02T00FM000  1.000
ARG02A0040_038  0.000-11.80  1.32  3.82  0.00 -6.66 0.501  00  02T03DM000  1.000
ARG02A0040_039  0.000-13.04  2.10  3.25  0.00 -7.69 0.502  00  02T12BM000  1.000
ARG02A0040_040  0.000-11.70  1.62  6.36  0.00 -3.71 0.501  00  02T153M000  1.000
ARG03A0040_041  0.000-13.47  0.10  1.26  0.00-12.12 0.501  00  03E0F7M000  1.000
ARG03A0040_042  0.000-13.36  0.84  3.27  0.00 -9.25 0.502  00  03E146M000  1.000
ARG03A0040_043  0.000-13.81  0.23  0.67  0.00-12.90 0.501  00  03O000M000  1.000
ARG03A0040_044  0.000-11.85 -0.06  0.61  0.00-11.30 0.502  00  03E097M000  1.000
ARG03A0040_045  0.000-12.83  3.54  1.23  0.00 -8.06 0.501  00  03E12FM000  1.000
ARG03A0040_046  0.000-13.12  3.36  1.25  0.00 -8.51 0.501  00  03T00FM000  1.000
ARG03A0040_047  0.000-13.03  1.95  3.18  0.00 -7.89 0.502  00  03T04BM000  1.000
ARG03A0040_048  0.000-14.39  1.84  3.20  0.00 -9.36 0.501  00  03T012M000  1.000
ARG03A0040_049  0.000-13.03  0.33  2.61  0.00-10.09 0.501  00  03T08CM000  1.000
ARG03A0040_050  0.000-12.96  2.08  3.25  0.00 -7.63 0.502  00  03T12BM000  1.000
ARG03A0040_051  0.000-11.77  1.62  6.36  0.00 -3.79 0.501  00  03T153M000  1.000
ARG03A0040_052  0.000-11.82  1.33  3.82  0.00 -6.68 0.501  00  03T03DM000  1.000
ARG03A0040_053  0.000-12.78  0.67  2.84  0.00 -9.27 0.502  00  03T0B5M000  1.000
ARG03A0040_054  0.000-11.92  0.45  3.77  0.00 -7.71 0.501  00  03T0DDM000  1.000
ARG03A0040_055  0.000-12.05  0.05  3.60  0.00 -8.40 0.502  00  03T0F3M000  1.000
ARG03A0040_056  0.000-11.94  3.15  3.66  0.00 -5.13 0.502  00  03T12EM000  1.000
ARG03A0040_057  0.000-11.88  0.18  1.22  0.00-10.48 0.502  00  03T035M000  1.000
ARG03A0040_058  0.000-13.17  3.49  1.19  0.00 -8.49 0.501  00  03T07EM000  1.000
ARG03A0040_059  0.000-12.63  1.14  1.17  0.00-10.32 0.501  00  03T106M000  1.000
ARG03A0040_060  0.000-11.67  3.08  3.75  0.00 -4.84 0.502  00  03T11BM000  1.000
ARG+1A0040_061  1.000-13.85  0.23  0.67  0.00-12.95 0.501  00  +1O000M000  1.000
ARG+1A0040_062  1.000-14.43  1.83  3.21  0.00 -9.40 0.501  00  +1E012M000  1.000
ARG+1A0040_063  1.000-12.87  1.95  3.18  0.00 -7.74 0.502  00  +1E04BM000  1.000
ARG+1A0040_064  1.000-13.21  3.49  1.19  0.00 -8.53 0.501  00  +1E07EM000  1.000
ARG+1A0040_065  1.000-13.01  0.33  2.68  0.00-10.00 0.501  00  +1E08CM000  1.000
ARG+1A0040_066  1.000-12.82  0.67  2.86  0.00 -9.28 0.502  00  +1E0B5M000  1.000
ARG+1A0040_067  1.000-12.03  0.45  3.77  0.00 -7.81 0.501  00  +1E0DDM000  1.000
ARG+1A0040_068  1.000-13.13  2.08  3.25  0.00 -7.80 0.502  00  +1E12BM000  1.000
ARG+1A0040_069  1.000-13.59  0.84  3.27  0.00 -9.48 0.502  00  +1E146M000  1.000
ARG+1A0040_070  1.000-11.76  1.62  6.37  0.00 -3.78 0.501  00  +1E153M000  1.000
ARG+1A0040_071  1.000-13.16  3.37  1.26  0.00 -8.53 0.501  00  +1T00FM000  1.000
ARG+1A0040_072  1.000-11.92  0.18  1.22  0.00-10.52 0.502  00  +1T035M000  1.000
ARG+1A0040_073  1.000-11.92  1.32  3.82  0.00 -6.78 0.501  00  +1T03DM000  1.000
ARG+1A0040_074  1.000-11.91 -0.06  0.61  0.00-11.35 0.502  00  +1T097M000  1.000
ARG+1A0040_075  1.000-12.20  0.04  3.63  0.00 -8.53 0.502  00  +1T0F3M000  1.000
ARG+1A0040_076  1.000-13.57  0.09  1.26  0.00-12.23 0.501  00  +1T0F7M000  1.000
ARG+1A0040_077  1.000-12.66  1.14  1.18  0.00-10.35 0.501  00  +1T106M000  1.000
ARG+1A0040_078  1.000-11.66  3.08  3.75  0.00 -4.82 0.502  00  +1T11BM000  1.000
ARG+1A0040_079  1.000-11.93  3.18  3.68  0.00 -5.07 0.502  00  +1T12EM000  1.000
ARG+1A0040_080  1.000-12.81  3.57  1.24  0.00 -8.01 0.501  00  +1T12FM000  1.000
