iConf CONFORMER     FL  occ    crg   Em0  pKa0 ne nH    vdw0    vdw1    tors    epol   dsolv   extra    history
00001 ARG01A0040_001 f 0.00  0.000     0  0.00  0  0 -13.787   0.234   0.672   0.031  -0.156   0.000 01O000M000t
00002 ARG01A0040_002 f 0.00  0.000     0  0.00  0  0 -11.832   0.182   1.226   0.016  -0.127   0.000 01E035M000t
00003 ARG01A0040_003 f 0.00  0.000     0  0.00  0  0 -13.054   2.079   3.187  -0.054   0.187   0.000 01E04BM000t
00004 ARG01A0040_004 f 0.00  0.000     0  0.00  0  0 -12.189   0.135   4.109  -0.002  -0.087   0.000 01E0F3M000t
00005 ARG01A0040_005 f 0.00  0.000     0  0.00  0  0 -12.765   1.119   1.260  -0.072   0.172   0.000 01E106M000t
00006 ARG01A0040_006 f 0.00  0.000     0  0.00  0  0 -13.335   0.867   3.276   0.076  -0.054   0.000 01E146M000t
00007 ARG01A0040_007 f 0.00  0.000     0  0.00  0  0 -13.277   3.033   1.332   0.043  -0.039   0.000 01T00FM000t
00008 ARG01A0040_008 f 0.00  0.000     0  0.00  0  0 -14.310   1.821   3.204   0.074  -0.297   0.000 01T012M000t
00009 ARG01A0040_009 f 0.00  0.000     0  0.00  0  0 -11.854   1.325   3.818   0.094   0.052   0.000 01T03DM000t
00010 ARG01A0040_010 f 0.00  0.000     0  0.00  0  0 -13.562   3.521   1.458   0.070  -0.196   0.000 01T07EM000t
00011 ARG01A0040_011 f 0.00  0.000     0  0.00  0  0 -13.206   0.267   3.031   0.012  -0.100   0.000 01T08CM000t
00012 ARG01A0040_012 f 0.00  0.000     0  0.00  0  0 -11.842  -0.049   0.609   0.010  -0.051   0.000 01T097M000t
00013 ARG01A0040_013 f 0.00  0.000     0  0.00  0  0 -12.941   0.704   2.987   0.018   0.028   0.000 01T0B5M000t
00014 ARG01A0040_014 f 0.00  0.000     0  0.00  0  0 -12.065   0.447   3.916   0.026  -0.313   0.000 01T0DDM000t
00015 ARG01A0040_015 f 0.00  0.000     0  0.00  0  0 -13.230   0.131   1.349  -0.176   0.317   0.000 01T0F7M000t
00016 ARG01A0040_016 f 0.00  0.000     0  0.00  0  0 -11.973   2.751   3.766   0.045  -0.042   0.000 01T11BM000t
00017 ARG01A0040_017 f 0.00  0.000     0  0.00  0  0 -13.219   2.028   3.298   0.062  -0.083   0.000 01T12BM000t
00018 ARG01A0040_018 f 0.00  0.000     0  0.00  0  0 -11.922   2.772   3.720   0.072  -0.115   0.000 01T12EM000t
00019 ARG01A0040_019 f 0.00  0.000     0  0.00  0  0 -12.861   3.467   1.272  -0.016   0.004   0.000 01T12FM000t
00020 ARG01A0040_020 f 0.00  0.000     0  0.00  0  0 -11.605   1.595   6.403   0.018  -0.001   0.000 01T153M000t
00021 ARG02A0040_021 f 0.00  0.000     0  0.00  0  0 -13.804   0.233   0.672   0.022   1.072   0.000 02O000M000t
00022 ARG02A0040_022 f 0.00  0.000     0  0.00  0  0 -13.528   0.096   1.255   0.250   1.133   0.000 02E0F7M000t
00023 ARG02A0040_023 f 0.00  0.000     0  0.00  0  0 -11.554   3.058   3.752   0.081   0.643   0.000 02E11BM000t
00024 ARG02A0040_024 f 0.00  0.000     0  0.00  0  0 -12.901   1.978   3.173   0.072   1.161   0.000 02T04BM000t
00025 ARG02A0040_025 f 0.00  0.000     0  0.00  0  0 -12.982   0.334   2.663   0.022   1.255   0.000 02T08CM000t
00026 ARG02A0040_026 f 0.00  0.000     0  0.00  0  0 -11.979  -0.048   0.613  -0.002   1.257   0.000 02T097M000t
00027 ARG02A0040_027 f 0.00  0.000     0  0.00  0  0 -13.169   3.461   1.192   0.042   0.829   0.000 02T07EM000t
00028 ARG02A0040_028 f 0.00  0.000     0  0.00  0  0 -12.003   0.444   3.768   0.034   0.830   0.000 02T0DDM000t
00029 ARG02A0040_029 f 0.00  0.000     0  0.00  0  0 -12.557   1.143   1.175   0.141   0.851   0.000 02T106M000t
00030 ARG02A0040_030 f 0.00  0.000     0  0.00  0  0 -12.760   3.554   1.237  -0.023   1.099   0.000 02T12FM000t
00031 ARG02A0040_031 f 0.00  0.000     0  0.00  0  0 -14.375   1.844   3.205   0.080   0.792   0.000 02T012M000t
00032 ARG02A0040_032 f 0.00  0.000     0  0.00  0  0 -11.812   0.177   1.216   0.021   0.726   0.000 02T035M000t
00033 ARG02A0040_033 f 0.00  0.000     0  0.00  0  0 -12.690   0.678   2.841   0.002   0.784   0.000 02T0B5M000t
00034 ARG02A0040_034 f 0.00  0.000     0  0.00  0  0 -12.096   0.037   3.621  -0.028   0.678   0.000 02T0F3M000t
00035 ARG02A0040_035 f 0.00  0.000     0  0.00  0  0 -11.929   3.141   3.659   0.051   0.414   0.000 02T12EM000t
00036 ARG02A0040_036 f 0.00  0.000     0  0.00  0  0 -13.392   0.827   3.273  -0.007   0.530   0.000 02T146M000t
00037 ARG02A0040_037 f 0.00  0.000     0  0.00  0  0 -13.023   3.328   1.250   0.066   0.233   0.000 02T00FM000t
00038 ARG02A0040_038 f 0.00  0.000     0  0.00  0  0 -11.806   1.325   3.819   0.069   0.686   0.000 02T03DM000t
00039 ARG02A0040_039 f 0.00  0.000     0  0.00  0  0 -13.044   2.106   3.248  -0.012   0.772   0.000 02T12BM000t
00040 ARG02A0040_040 f 0.00  0.000     0  0.00  0  0 -11.695   1.622   6.363   0.037   0.683   0.000 02T153M000t
00041 ARG03A0040_041 f 0.00  0.000     0  0.00  0  0 -13.476   0.104   1.257   0.287   1.074   0.000 03E0F7M000t
00042 ARG03A0040_042 f 0.00  0.000     0  0.00  0  0 -13.358   0.835   3.271   0.006   1.006   0.000 03E146M000t
00043 ARG03A0040_043 f 0.00  0.000     0  0.00  0  0 -13.806   0.233   0.672   0.024   0.775   0.000 03O000M000t
00044 ARG03A0040_044 f 0.00  0.000     0  0.00  0  0 -11.850  -0.054   0.609   0.004   0.854   0.000 03E097M000t
00045 ARG03A0040_045 f 0.00  0.000     0  0.00  0  0 -12.832   3.542   1.234  -0.012   0.919   0.000 03E12FM000t
00046 ARG03A0040_046 f 0.00  0.000     0  0.00  0  0 -13.122   3.357   1.251   0.054   0.848   0.000 03T00FM000t
00047 ARG03A0040_047 f 0.00  0.000     0  0.00  0  0 -13.026   1.954   3.178   0.072   1.030   0.000 03T04BM000t
00048 ARG03A0040_048 f 0.00  0.000     0  0.00  0  0 -14.397   1.832   3.204   0.077   1.027   0.000 03T012M000t
00049 ARG03A0040_049 f 0.00  0.000     0  0.00  0  0 -13.028   0.333   2.608   0.023   0.735   0.000 03T08CM000t
00050 ARG03A0040_050 f 0.00  0.000     0  0.00  0  0 -12.962   2.086   3.246   0.036   0.907   0.000 03T12BM000t
00051 ARG03A0040_051 f 0.00  0.000     0  0.00  0  0 -11.771   1.619   6.359   0.042   0.915   0.000 03T153M000t
00052 ARG03A0040_052 f 0.00  0.000     0  0.00  0  0 -11.820   1.329   3.818   0.088   0.662   0.000 03T03DM000t
00053 ARG03A0040_053 f 0.00  0.000     0  0.00  0  0 -12.774   0.668   2.842   0.018   0.716   0.000 03T0B5M000t
00054 ARG03A0040_054 f 0.00  0.000     0  0.00  0  0 -11.924   0.447   3.765   0.025   0.573   0.000 03T0DDM000t
00055 ARG03A0040_055 f 0.00  0.000     0  0.00  0  0 -12.051   0.046   3.603  -0.019   0.672   0.000 03T0F3M000t
00056 ARG03A0040_056 f 0.00  0.000     0  0.00  0  0 -11.949   3.154   3.662   0.070   0.770   0.000 03T12EM000t
00057 ARG03A0040_057 f 0.00  0.000     0  0.00  0  0 -11.881   0.179   1.222   0.025   0.906   0.000 03T035M000t
00058 ARG03A0040_058 f 0.00  0.000     0  0.00  0  0 -13.172   3.489   1.192   0.049   0.385   0.000 03T07EM000t
00059 ARG03A0040_059 f 0.00  0.000     0  0.00  0  0 -12.685   1.142   1.173   0.098   0.779   0.000 03T106M000t
00060 ARG03A0040_060 f 0.00  0.000     0  0.00  0  0 -11.675   3.086   3.748   0.046   0.854   0.000 03T11BM000t
00061 ARG+1A0040_061 f 0.00  1.000     0 12.50  0  1 -13.849   0.232   0.672   0.093  -0.183   0.000 +1O000M000t
00062 ARG+1A0040_062 f 0.00  1.000     0 12.50  0  1 -14.436   1.833   3.206   0.161  -0.231   0.000 +1E012M000t
00063 ARG+1A0040_063 f 0.00  1.000     0 12.50  0  1 -12.869   1.947   3.179   0.372   0.241   0.000 +1E04BM000t
00064 ARG+1A0040_064 f 0.00  1.000     0 12.50  0  1 -13.214   3.484   1.194   0.064  -0.255   0.000 +1E07EM000t
00065 ARG+1A0040_065 f 0.00  1.000     0 12.50  0  1 -13.006   0.330   2.680   0.104  -0.014   0.000 +1E08CM000t
00066 ARG+1A0040_066 f 0.00  1.000     0 12.50  0  1 -12.812   0.674   2.866   0.127  -0.058   0.000 +1E0B5M000t
00067 ARG+1A0040_067 f 0.00  1.000     0 12.50  0  1 -11.963   0.443   3.773   0.092  -0.200   0.000 +1E0DDM000t
00068 ARG+1A0040_068 f 0.00  1.000     0 12.50  0  1 -13.134   2.085   3.251   0.117   0.028   0.000 +1E12BM000t
00069 ARG+1A0040_069 f 0.00  1.000     0 12.50  0  1 -13.584   0.834   3.274  -0.033   0.165   0.000 +1E146M000t
00070 ARG+1A0040_070 f 0.00  1.000     0 12.50  0  1 -11.759   1.617   6.363   0.118  -0.133   0.000 +1E153M000t
00071 ARG+1A0040_071 f 0.00  1.000     0 12.50  0  1 -13.156   3.373   1.255   0.064  -0.309   0.000 +1T00FM000t
00072 ARG+1A0040_072 f 0.00  1.000     0 12.50  0  1 -11.921   0.176   1.223   0.151  -0.228   0.000 +1T035M000t
00073 ARG+1A0040_073 f 0.00  1.000     0 12.50  0  1 -11.865   1.324   3.820   0.201  -0.118   0.000 +1T03DM000t
00074 ARG+1A0040_074 f 0.00  1.000     0 12.50  0  1 -11.913  -0.056   0.613   0.079  -0.458   0.000 +1T097M000t
00075 ARG+1A0040_075 f 0.00  1.000     0 12.50  0  1 -12.201   0.042   3.632   0.172  -0.363   0.000 +1T0F3M000t
00076 ARG+1A0040_076 f 0.00  1.000     0 12.50  0  1 -13.509   0.090   1.257   0.662   0.546   0.000 +1T0F7M000t
00077 ARG+1A0040_077 f 0.00  1.000     0 12.50  0  1 -12.656   1.141   1.177   0.448   0.248   0.000 +1T106M000t
00078 ARG+1A0040_078 f 0.00  1.000     0 12.50  0  1 -11.667   3.085   3.755   0.100  -0.210   0.000 +1T11BM000t
00079 ARG+1A0040_079 f 0.00  1.000     0 12.50  0  1 -11.920   3.170   3.675   0.066  -0.213   0.000 +1T12EM000t
00080 ARG+1A0040_080 f 0.00  1.000     0 12.50  0  1 -12.811   3.568   1.240   0.115   0.013   0.000 +1T12FM000t
