   confID        vdw0    sas     sum
ARG01A0040_001   0.599 -14.386 -13.787
ARG01A0040_002   2.300 -14.131 -11.832
ARG01A0040_003   1.121 -14.175 -13.054
ARG01A0040_004   2.516 -14.706 -12.189
ARG01A0040_005   2.010 -14.775 -12.765
ARG01A0040_006   0.959 -14.294 -13.335
ARG01A0040_007   1.173 -14.450 -13.277
ARG01A0040_008   0.509 -14.820 -14.310
ARG01A0040_009   2.623 -14.477 -11.854
ARG01A0040_010   1.220 -14.782 -13.562
ARG01A0040_011   1.451 -14.656 -13.206
ARG01A0040_012   1.825 -13.667 -11.842
ARG01A0040_013   1.194 -14.134 -12.941
ARG01A0040_014   2.834 -14.899 -12.065
ARG01A0040_015   1.532 -14.762 -13.230
ARG01A0040_016   2.848 -14.821 -11.973
ARG01A0040_017   1.111 -14.329 -13.219
ARG01A0040_018   2.508 -14.429 -11.922
ARG01A0040_019   1.424 -14.286 -12.861
ARG01A0040_020   2.760 -14.364 -11.605
ARG02A0040_021   0.581 -14.386 -13.804
ARG02A0040_022   1.408 -14.937 -13.528
ARG02A0040_023   2.871 -14.426 -11.554
ARG02A0040_024   1.098 -13.998 -12.901
ARG02A0040_025   1.431 -14.413 -12.982
ARG02A0040_026   1.752 -13.731 -11.979
ARG02A0040_027   1.096 -14.265 -13.169
ARG02A0040_028   2.802 -14.806 -12.003
ARG02A0040_029   1.963 -14.520 -12.557
ARG02A0040_030   1.410 -14.170 -12.760
ARG02A0040_031   0.576 -14.952 -14.375
ARG02A0040_032   2.319 -14.131 -11.812
ARG02A0040_033   1.274 -13.964 -12.690
ARG02A0040_034   2.678 -14.774 -12.096
ARG02A0040_035   2.603 -14.532 -11.929
ARG02A0040_036   0.986 -14.378 -13.392
ARG02A0040_037   1.196 -14.219 -13.023
ARG02A0040_038   2.671 -14.477 -11.806
ARG02A0040_039   1.173 -14.217 -13.044
ARG02A0040_040   2.765 -14.461 -11.695
ARG03A0040_041   1.393 -14.869 -13.476
ARG03A0040_042   0.895 -14.253 -13.358
ARG03A0040_043   0.579 -14.386 -13.806
ARG03A0040_044   1.817 -13.667 -11.850
ARG03A0040_045   1.405 -14.238 -12.832
ARG03A0040_046   1.097 -14.219 -13.122
ARG03A0040_047   1.101 -14.127 -13.026
ARG03A0040_048   0.487 -14.884 -14.397
ARG03A0040_049   1.405 -14.433 -13.028
ARG03A0040_050   1.072 -14.033 -12.962
ARG03A0040_051   2.690 -14.461 -11.771
ARG03A0040_052   2.589 -14.409 -11.820
ARG03A0040_053   1.174 -13.948 -12.774
ARG03A0040_054   2.794 -14.718 -11.924
ARG03A0040_055   2.594 -14.646 -12.051
ARG03A0040_056   2.536 -14.484 -11.949
ARG03A0040_057   2.250 -14.131 -11.881
ARG03A0040_058   1.093 -14.265 -13.172
ARG03A0040_059   1.968 -14.652 -12.685
ARG03A0040_060   2.798 -14.474 -11.675
ARG+1A0040_061   0.536 -14.386 -13.849
ARG+1A0040_062   0.448 -14.884 -14.436
ARG+1A0040_063   1.066 -13.934 -12.869
ARG+1A0040_064   1.051 -14.265 -13.214
ARG+1A0040_065   1.379 -14.385 -13.006
ARG+1A0040_066   1.136 -13.948 -12.812
ARG+1A0040_067   2.756 -14.718 -11.963
ARG+1A0040_068   1.031 -14.165 -13.134
ARG+1A0040_069   0.861 -14.445 -13.584
ARG+1A0040_070   2.654 -14.413 -11.759
ARG+1A0040_071   1.062 -14.219 -13.156
ARG+1A0040_072   2.210 -14.131 -11.921
ARG+1A0040_073   2.544 -14.409 -11.865
ARG+1A0040_074   1.754 -13.667 -11.913
ARG+1A0040_075   2.573 -14.774 -12.201
ARG+1A0040_076   1.364 -14.872 -13.509
ARG+1A0040_077   1.928 -14.584 -12.656
ARG+1A0040_078   2.758 -14.426 -11.667
ARG+1A0040_079   2.516 -14.436 -11.920
ARG+1A0040_080   1.359 -14.170 -12.811
