CONFORMER         crg  vdw0  vdw1  tors  epol  self   occ  Hb     history    ASA
LYS01A0033_001  0.000-12.03  0.21  0.88  0.00-10.95 0.501  00  01O000M000  1.000
LYS01A0033_002  0.000-12.13  2.62  6.35  0.00 -3.15 0.501  00  01E08EM000  1.000
LYS01A0033_003  0.000 -9.43  0.83  3.53  0.00 -5.07 0.502  00  01E0C0M000  1.000
LYS01A0033_004  0.000 -9.52  1.26  1.49  0.00 -6.77 0.501  00  01E0DBM000  1.000
LYS01A0033_005  0.000 -9.75  1.16  1.49  0.00 -7.09 0.501  00  01E0DCM000  1.000
LYS01A0033_006  0.000 -9.76  0.74  4.34  0.00 -4.68 0.502  00  01E0F7M000  1.000
LYS01A0033_007  0.000 -7.35  0.12  2.09  0.00 -5.14 0.501  00  01E0FAM000  1.000
LYS01A0033_008  0.000 -7.90  1.70  4.76  0.00 -1.44 0.502  00  01E116M000  1.000
LYS01A0033_009  0.000 -9.27  1.23  6.98  0.00 -1.06 0.501  00  01E11AM000  1.000
LYS01A0033_010  0.000-10.45  2.37  6.96  0.00 -1.13 0.501  00  01E12AM000  1.000
LYS01A0033_011  0.000-11.19  2.62  6.42  0.00 -2.15 0.501  00  01E12DM000  1.000
LYS01A0033_012  0.000 -8.95  0.31  1.54  0.00 -7.10 0.502  00  01E146M000  1.000
LYS01A0033_013  0.000 -7.93  0.33  2.14  0.00 -5.47 0.501  00  01E158M000  1.000
LYS01A0033_014  0.000 -9.52  1.61  4.34  0.00 -3.57 0.502  00  01E169M000  1.000
LYS01A0033_015  0.000-11.98  0.63  0.85  0.00-10.50 0.501  00  01T002M000  1.000
LYS01A0033_016  0.000-10.62  1.30  3.72  0.00 -5.60 0.501  00  01T03DM000  1.000
LYS01A0033_017  0.000-11.53  3.50  6.27  0.00 -1.76 0.501  00  01T06AM000  1.000
LYS01A0033_018  0.000-11.30  3.89  6.28  0.00 -1.13 0.502  00  01T070M000  1.000
LYS01A0033_019  0.000 -9.70  1.25  1.47  0.00 -6.98 0.501  00  01T0E5M000  1.000
LYS01A0033_020  0.000-10.13  1.18  0.94  0.00 -8.01 0.502  00  01T101M000  1.000
LYS+1A0033_021  1.000-12.08  0.21  0.88  0.00-10.99 0.501  00  +1O000M000  1.000
LYS+1A0033_022  1.000-10.76  1.29  3.73  0.00 -5.74 0.501  00  +1E03DM000  1.000
LYS+1A0033_023  1.000 -9.61  0.83  3.54  0.00 -5.24 0.502  00  +1E0C0M000  1.000
LYS+1A0033_024  1.000 -9.57  1.26  1.50  0.00 -6.82 0.501  00  +1E0DBM000  1.000
LYS+1A0033_025  1.000 -9.83  0.76  4.33  0.00 -4.73 0.502  00  +1E0F7M000  1.000
LYS+1A0033_026  1.000-10.24  1.18  0.94  0.00 -8.12 0.502  00  +1E101M000  1.000
LYS+1A0033_027  1.000 -9.40  1.22  6.99  0.00 -1.19 0.501  00  +1E11AM000  1.000
LYS+1A0033_028  1.000-11.25  2.64  6.42  0.00 -2.19 0.501  00  +1E12DM000  1.000
LYS+1A0033_029  1.000 -9.05  0.29  1.54  0.00 -7.22 0.502  00  +1E146M000  1.000
LYS+1A0033_030  1.000 -7.99  0.32  2.14  0.00 -5.53 0.501  00  +1E158M000  1.000
LYS+1A0033_031  1.000-11.96  0.63  0.85  0.00-10.48 0.501  00  +1T002M000  1.000
LYS+1A0033_032  1.000-11.58  3.50  6.27  0.00 -1.81 0.501  00  +1T06AM000  1.000
LYS+1A0033_033  1.000-11.35  3.89  6.28  0.00 -1.18 0.502  00  +1T070M000  1.000
LYS+1A0033_034  1.000-12.18  2.62  6.35  0.00 -3.21 0.501  00  +1T08EM000  1.000
LYS+1A0033_035  1.000 -9.84  1.16  1.49  0.00 -7.19 0.501  00  +1T0DCM000  1.000
LYS+1A0033_036  1.000 -9.76  1.25  1.48  0.00 -7.04 0.501  00  +1T0E5M000  1.000
LYS+1A0033_037  1.000 -7.43  0.12  2.09  0.00 -5.22 0.501  00  +1T0FAM000  1.000
LYS+1A0033_038  1.000 -7.98  1.70  4.76  0.00 -1.52 0.502  00  +1T116M000  1.000
LYS+1A0033_039  1.000-10.45  2.38  6.96  0.00 -1.12 0.501  00  +1T12AM000  1.000
LYS+1A0033_040  1.000 -9.57  1.61  4.34  0.00 -3.62 0.502  00  +1T169M000  1.000
