iConf CONFORMER     FL  occ    crg   Em0  pKa0 ne nH    vdw0    vdw1    tors    epol   dsolv   extra    history
00001 LYS01A0033_001 f 0.00  0.000     0  0.00  0  0 -12.034   0.268   0.875  -0.012  -0.023   0.000 01O000M000t
00002 LYS01A0033_002 f 0.00  0.000     0  0.00  0  0 -12.132   2.624   6.353  -0.019   0.023   0.000 01E08EM000t
00003 LYS01A0033_003 f 0.00  0.000     0  0.00  0  0  -9.430   0.886   3.531  -0.028  -0.007   0.000 01E0C0M000t
00004 LYS01A0033_004 f 0.00  0.000     0  0.00  0  0  -9.519   1.311   1.494  -0.032   0.071   0.000 01E0DBM000t
00005 LYS01A0033_005 f 0.00  0.000     0  0.00  0  0  -9.744   1.218   1.493  -0.024   0.074   0.000 01E0DCM000t
00006 LYS01A0033_006 f 0.00  0.000     0  0.00  0  0  -9.699   0.739   4.337  -0.061   0.047   0.000 01E0F7M000t
00007 LYS01A0033_007 f 0.00  0.000     0  0.00  0  0  -7.423   0.123   2.088  -0.058  -0.041   0.000 01E0FAM000t
00008 LYS01A0033_008 f 0.00  0.000     0  0.00  0  0  -7.900   1.701   4.761  -0.026   0.079   0.000 01E116M000t
00009 LYS01A0033_009 f 0.00  0.000     0  0.00  0  0  -9.267   1.224   6.982  -0.107  -0.125   0.000 01E11AM000t
00010 LYS01A0033_010 f 0.00  0.000     0  0.00  0  0 -10.455   2.375   6.955  -0.030   0.071   0.000 01E12AM000t
00011 LYS01A0033_011 f 0.00  0.000     0  0.00  0  0 -11.187   2.610   6.417   0.665   0.135   0.000 01E12DM000t
00012 LYS01A0033_012 f 0.00  0.000     0  0.00  0  0  -8.955   0.358   1.538  -0.048   0.201   0.000 01E146M000t
00013 LYS01A0033_013 f 0.00  0.000     0  0.00  0  0  -7.927   0.371   2.142  -0.040   0.051   0.000 01E158M000t
00014 LYS01A0033_014 f 0.00  0.000     0  0.00  0  0  -9.595   1.621   4.340  -0.021   0.019   0.000 01E169M000t
00015 LYS01A0033_015 f 0.00  0.000     0  0.00  0  0 -11.981   0.730   0.848  -0.008   0.056   0.000 01T002M000t
00016 LYS01A0033_016 f 0.00  0.000     0  0.00  0  0 -10.667   1.305   3.724  -0.075   0.002   0.000 01T03DM000t
00017 LYS01A0033_017 f 0.00  0.000     0  0.00  0  0 -11.529   3.548   6.273  -0.004  -0.087   0.000 01T06AM000t
00018 LYS01A0033_018 f 0.00  0.000     0  0.00  0  0 -11.304   3.942   6.276  -0.015   0.032   0.000 01T070M000t
00019 LYS01A0033_019 f 0.00  0.000     0  0.00  0  0  -9.698   1.303   1.471   0.000  -0.023   0.000 01T0E5M000t
00020 LYS01A0033_020 f 0.00  0.000     0  0.00  0  0 -10.081   1.185   0.939  -0.066   0.130   0.000 01T101M000t
00021 LYS+1A0033_021 f 0.00  1.000     0 10.40  0  1 -12.079   0.267   0.875   0.057  -0.221   0.000 +1O000M000t
00022 LYS+1A0033_022 f 0.00  1.000     0 10.40  0  1 -10.760   1.293   3.730   0.285  -0.526   0.000 +1E03DM000t
00023 LYS+1A0033_023 f 0.00  1.000     0 10.40  0  1  -9.607   0.885   3.543   0.141   0.075   0.000 +1E0C0M000t
00024 LYS+1A0033_024 f 0.00  1.000     0 10.40  0  1  -9.517   1.307   1.495  -0.054   0.033   0.000 +1E0DBM000t
00025 LYS+1A0033_025 f 0.00  1.000     0 10.40  0  1  -9.791   0.760   4.335   0.192  -0.174   0.000 +1E0F7M000t
00026 LYS+1A0033_026 f 0.00  1.000     0 10.40  0  1 -10.189   1.180   0.940   0.219   0.075   0.000 +1E101M000t
00027 LYS+1A0033_027 f 0.00  1.000     0 10.40  0  1  -9.401   1.217   6.988   0.288  -0.131   0.000 +1E11AM000t
00028 LYS+1A0033_028 f 0.00  1.000     0 10.40  0  1 -11.188   2.634   6.422   1.474   0.496   0.000 +1E12DM000t
00029 LYS+1A0033_029 f 0.00  1.000     0 10.40  0  1  -9.046   0.335   1.539   0.253   0.196   0.000 +1E146M000t
00030 LYS+1A0033_030 f 0.00  1.000     0 10.40  0  1  -7.991   0.367   2.143   0.221   0.073   0.000 +1E158M000t
00031 LYS+1A0033_031 f 0.00  1.000     0 10.40  0  1 -11.960   0.729   0.848   0.041  -0.213   0.000 +1T002M000t
00032 LYS+1A0033_032 f 0.00  1.000     0 10.40  0  1 -11.584   3.549   6.272  -0.012  -0.294   0.000 +1T06AM000t
00033 LYS+1A0033_033 f 0.00  1.000     0 10.40  0  1 -11.349   3.943   6.279   0.008  -0.266   0.000 +1T070M000t
00034 LYS+1A0033_034 f 0.00  1.000     0 10.40  0  1 -12.186   2.623   6.355   0.121  -0.257   0.000 +1T08EM000t
00035 LYS+1A0033_035 f 0.00  1.000     0 10.40  0  1  -9.840   1.208   1.494   0.073   0.332   0.000 +1T0DCM000t
00036 LYS+1A0033_036 f 0.00  1.000     0 10.40  0  1  -9.769   1.307   1.476   0.039   0.120   0.000 +1T0E5M000t
00037 LYS+1A0033_037 f 0.00  1.000     0 10.40  0  1  -7.420   0.119   2.088   0.214   0.125   0.000 +1T0FAM000t
00038 LYS+1A0033_038 f 0.00  1.000     0 10.40  0  1  -7.993   1.697   4.761   0.069   0.214   0.000 +1T116M000t
00039 LYS+1A0033_039 f 0.00  1.000     0 10.40  0  1 -10.441   2.381   6.956   0.151  -0.313   0.000 +1T12AM000t
00040 LYS+1A0033_040 f 0.00  1.000     0 10.40  0  1  -9.573   1.609   4.340   0.114   0.072   0.000 +1T169M000t
