iConf CONFORMER     FL  occ    crg   Em0  pKa0 ne nH    vdw0    vdw1    tors    epol   dsolv   extra    history
00001 LYS01A0110_001 f 0.00  0.000     0  0.00  0  0 -12.041   1.499   1.032  -0.025  -0.071   0.000 01O000M000t
00002 LYS01A0110_002 f 0.00  0.000     0  0.00  0  0 -11.197   6.119   1.384   0.012   0.054   0.000 01E00EM000t
00003 LYS01A0110_003 f 0.00  0.000     0  0.00  0  0 -11.054   3.552   1.730  -0.165   0.058   0.000 01E017M000t
00004 LYS01A0110_004 f 0.00  0.000     0  0.00  0  0 -11.019   2.519   6.915  -0.012  -0.054   0.000 01E066M000t
00005 LYS01A0110_005 f 0.00  0.000     0  0.00  0  0 -11.257   1.627   6.267  -0.008   0.111   0.000 01E06AM000t
00006 LYS01A0110_006 f 0.00  0.000     0  0.00  0  0 -10.055   6.256   1.487   0.004   0.103   0.000 01E08FM000t
00007 LYS01A0110_007 f 0.00  0.000     0  0.00  0  0 -10.134   1.147   3.891  -0.034  -0.033   0.000 01E094M000t
00008 LYS01A0110_008 f 0.00  0.000     0  0.00  0  0  -7.714   0.595   4.875  -0.018  -0.047   0.000 01E0C7M000t
00009 LYS01A0110_009 f 0.00  0.000     0  0.00  0  0  -9.659   1.453   3.637  -0.003  -0.164   0.000 01E0D9M000t
00010 LYS01A0110_010 f 0.00  0.000     0  0.00  0  0  -9.903   1.870   7.084  -0.181   0.203   0.000 01E0E4M000t
00011 LYS01A0110_011 f 0.00  0.000     0  0.00  0  0 -11.459   2.383   4.224  -0.013   0.106   0.000 01T007M000t
00012 LYS01A0110_012 f 0.00  0.000     0  0.00  0  0 -10.227   0.828   0.942  -0.006  -0.016   0.000 01T020M000t
00013 LYS01A0110_013 f 0.00  0.000     0  0.00  0  0 -10.587   3.525   0.923  -0.006  -0.085   0.000 01T04BM000t
00014 LYS01A0110_014 f 0.00  0.000     0  0.00  0  0 -10.110   0.801   1.351  -0.020   0.150   0.000 01T05AM000t
00015 LYS01A0110_015 f 0.00  0.000     0  0.00  0  0  -9.708   1.866   1.660  -0.285   0.116   0.000 01T092M000t
00016 LYS01A0110_016 f 0.00  0.000     0  0.00  0  0  -9.417   0.562   4.157  -0.029  -0.048   0.000 01T0ACM000t
00017 LYS01A0110_017 f 0.00  0.000     0  0.00  0  0  -7.527   0.552   2.095  -0.030   0.123   0.000 01T0C6M000t
00018 LYS01A0110_018 f 0.00  0.000     0  0.00  0  0  -9.027   0.682   4.202  -0.036   0.005   0.000 01T0F3M000t
00019 LYS01A0110_019 f 0.00  0.000     0  0.00  0  0  -8.817   0.385   0.946  -0.022   0.115   0.000 01T103M000t
00020 LYS01A0110_020 f 0.00  0.000     0  0.00  0  0  -9.198   3.513   1.489  -0.020   0.047   0.000 01T124M000t
00021 LYS+1A0110_021 f 0.00  1.000     0 10.40  0  1 -12.087   1.498   1.032   0.127  -0.240   0.000 +1O000M000t
00022 LYS+1A0110_022 f 0.00  1.000     0 10.40  0  1 -11.509   2.379   4.225   0.075  -0.254   0.000 +1E007M000t
00023 LYS+1A0110_023 f 0.00  1.000     0 10.40  0  1 -10.639   3.542   0.923   0.032  -0.317   0.000 +1E04BM000t
00024 LYS+1A0110_024 f 0.00  1.000     0 10.40  0  1 -10.197   0.796   1.351   0.129  -0.001   0.000 +1E05AM000t
00025 LYS+1A0110_025 f 0.00  1.000     0 10.40  0  1 -11.021   2.517   6.918   0.053  -0.240   0.000 +1E066M000t
00026 LYS+1A0110_026 f 0.00  1.000     0 10.40  0  1 -10.122   6.340   1.482  -0.068   0.009   0.000 +1E08FM000t
00027 LYS+1A0110_027 f 0.00  1.000     0 10.40  0  1  -9.796   1.806   1.659   1.361   0.918   0.000 +1E092M000t
00028 LYS+1A0110_028 f 0.00  1.000     0 10.40  0  1  -9.485   0.562   4.158   0.165  -0.562   0.000 +1E0ACM000t
00029 LYS+1A0110_029 f 0.00  1.000     0 10.40  0  1  -7.778   0.589   4.882   0.004  -0.359   0.000 +1E0C7M000t
00030 LYS+1A0110_030 f 0.00  1.000     0 10.40  0  1  -9.735   1.444   3.638   0.093  -0.006   0.000 +1E0D9M000t
00031 LYS+1A0110_031 f 0.00  1.000     0 10.40  0  1  -9.930   1.851   7.092   0.459   0.267   0.000 +1E0E4M000t
00032 LYS+1A0110_032 f 0.00  1.000     0 10.40  0  1  -9.031   0.670   4.207  -0.009  -0.108   0.000 +1E0F3M000t
00033 LYS+1A0110_033 f 0.00  1.000     0 10.40  0  1  -9.262   3.522   1.489  -0.107  -0.096   0.000 +1E124M000t
00034 LYS+1A0110_034 f 0.00  1.000     0 10.40  0  1 -11.290   6.224   1.382  -0.074  -0.232   0.000 +1T00EM000t
00035 LYS+1A0110_035 f 0.00  1.000     0 10.40  0  1 -11.075   3.616   1.728   0.468  -0.129   0.000 +1T017M000t
00036 LYS+1A0110_036 f 0.00  1.000     0 10.40  0  1 -10.152   0.839   0.942   0.022  -0.216   0.000 +1T020M000t
00037 LYS+1A0110_037 f 0.00  1.000     0 10.40  0  1 -11.303   1.624   6.279   0.063  -0.221   0.000 +1T06AM000t
00038 LYS+1A0110_038 f 0.00  1.000     0 10.40  0  1 -10.239   1.141   3.894   0.260   0.106   0.000 +1T094M000t
00039 LYS+1A0110_039 f 0.00  1.000     0 10.40  0  1  -7.667   0.553   2.097   0.059   0.163   0.000 +1T0C6M000t
00040 LYS+1A0110_040 f 0.00  1.000     0 10.40  0  1  -8.995   0.374   0.948   0.143  -0.103   0.000 +1T103M000t
