   confID        vdw0    sas     sum
LYS01A0110_001   0.666 -12.708 -12.041
LYS01A0110_002   1.278 -12.475 -11.197
LYS01A0110_003   1.837 -12.891 -11.054
LYS01A0110_004   1.746 -12.766 -11.019
LYS01A0110_005   1.168 -12.425 -11.257
LYS01A0110_006   2.062 -12.116 -10.055
LYS01A0110_007   2.302 -12.435 -10.134
LYS01A0110_008   4.518 -12.232  -7.714
LYS01A0110_009   2.455 -12.114  -9.659
LYS01A0110_010   2.356 -12.259  -9.903
LYS01A0110_011   1.262 -12.720 -11.459
LYS01A0110_012   2.394 -12.621 -10.227
LYS01A0110_013   1.512 -12.099 -10.587
LYS01A0110_014   2.148 -12.258 -10.110
LYS01A0110_015   2.395 -12.103  -9.708
LYS01A0110_016   2.876 -12.293  -9.417
LYS01A0110_017   4.451 -11.978  -7.527
LYS01A0110_018   2.976 -12.004  -9.027
LYS01A0110_019   3.236 -12.052  -8.817
LYS01A0110_020   2.858 -12.055  -9.198
LYS+1A0110_021   0.621 -12.708 -12.087
LYS+1A0110_022   1.212 -12.720 -11.509
LYS+1A0110_023   1.460 -12.099 -10.639
LYS+1A0110_024   2.061 -12.258 -10.197
LYS+1A0110_025   1.693 -12.714 -11.021
LYS+1A0110_026   1.994 -12.116 -10.122
LYS+1A0110_027   2.307 -12.103  -9.796
LYS+1A0110_028   2.808 -12.293  -9.485
LYS+1A0110_029   4.453 -12.232  -7.778
LYS+1A0110_030   2.378 -12.114  -9.735
LYS+1A0110_031   2.291 -12.221  -9.930
LYS+1A0110_032   2.973 -12.004  -9.031
LYS+1A0110_033   2.816 -12.078  -9.262
LYS+1A0110_034   1.237 -12.527 -11.290
LYS+1A0110_035   1.787 -12.862 -11.075
LYS+1A0110_036   2.417 -12.569 -10.152
LYS+1A0110_037   1.121 -12.425 -11.303
LYS+1A0110_038   2.247 -12.487 -10.239
LYS+1A0110_039   4.350 -12.017  -7.667
LYS+1A0110_040   3.125 -12.120  -8.995
