iConf CONFORMER     FL  occ    crg   Em0  pKa0 ne nH    vdw0    vdw1    tors    epol   dsolv   extra    history
00001 ASP01A0318_001 f 0.00  0.000     0  0.00  0  0  -4.603   3.154   2.809   0.478  -0.095   0.000 01O000M000t
00002 ASP01A0318_002 f 0.00  0.000     0  0.00  0  0  -3.973   0.216   3.554   0.230  -0.586   0.000 01E002M000t
00003 ASP01A0318_003 f 0.00  0.000     0  0.00  0  0  -4.616   3.154   0.089   0.123   0.428   0.000 01O000M000t
00004 ASP01A0318_004 f 0.00  0.000     0  0.00  0  0  -4.110   0.254   0.832   0.202   0.473   0.000 01E002M000t
00005 ASP01A0318_005 f 0.00  0.000     0  0.00  0  0  -4.171   2.894   3.346   1.538  -0.094   0.000 01T003M000t
00006 ASP01A0318_006 f 0.00  0.000     0  0.00  0  0  -4.212   1.429   3.289   0.558  -0.373   0.000 01T005M000t
00007 ASP01A0318_007 f 0.00  0.000     0  0.00  0  0  -4.185   3.122   0.584   0.060   0.476   0.000 01T003M000t
00008 ASP01A0318_008 f 0.00  0.000     0  0.00  0  0  -3.544   2.033   0.902   0.312   0.479   0.000 01T006M000t
00009 ASP02A0318_009 f 0.00  0.000     0  0.00  0  0  -4.474   2.410   2.809   0.119  -0.650   0.000 02O000M000t
00010 ASP02A0318_010 f 0.00  0.000     0  0.00  0  0  -4.474   2.410   0.089   0.089   0.537   0.000 02O000M000t
00011 ASP02A0318_011 f 0.00  0.000     0  0.00  0  0  -4.174   1.300   3.564   0.294  -0.435   0.000 02T004M000t
00012 ASP02A0318_012 f 0.00  0.000     0  0.00  0  0  -4.137   0.324   3.509   0.306  -0.672   0.000 02T002M000t
00013 ASP02A0318_013 f 0.00  0.000     0  0.00  0  0  -4.285   2.571   3.268   0.049  -0.626   0.000 02T003M000t
00014 ASP02A0318_014 f 0.00  0.000     0  0.00  0  0  -3.738   2.327   3.639   0.869  -0.312   0.000 02T006M000t
00015 ASP02A0318_015 f 0.00  0.000     0  0.00  0  0  -4.294   0.307   0.872   0.194   0.455   0.000 02T002M000t
00016 ASP02A0318_016 f 0.00  0.000     0  0.00  0  0  -4.174   1.300   0.844   0.356   0.508   0.000 02T004M000t
00017 ASP02A0318_017 f 0.00  0.000     0  0.00  0  0  -3.825   2.386   0.901   0.306   0.524   0.000 02T006M000t
00018 ASP-1A0318_018 f 0.00 -1.000     0  4.75  0 -1  -4.332   2.430   0.089  -0.356   0.120   0.000 -1O000M000t
00019 ASP-1A0318_019 f 0.00 -1.000     0  4.75  0 -1  -4.046   0.244   0.816  -0.251  -0.056   0.000 -1E002M000t
00020 ASP-1A0318_020 f 0.00 -1.000     0  4.75  0 -1  -4.128   1.044   0.825  -0.327   0.040   0.000 -1E004M000t
00021 ASP-1A0318_021 f 0.00 -1.000     0  4.75  0 -1  -3.720   1.983   0.888  -0.323   0.148   0.000 -1E006M000t
