   confID        vdw0    sas     sum
ASP01A0318_001   0.095  -4.699  -4.603
ASP01A0318_002   0.739  -4.713  -3.973
ASP01A0318_003   0.095  -4.712  -4.616
ASP01A0318_004   0.718  -4.829  -4.110
ASP01A0318_005   0.322  -4.493  -4.171
ASP01A0318_006   0.313  -4.525  -4.212
ASP01A0318_007   0.308  -4.493  -4.185
ASP01A0318_008   0.748  -4.292  -3.544
ASP02A0318_009   0.171  -4.645  -4.474
ASP02A0318_010   0.171  -4.645  -4.474
ASP02A0318_011   0.619  -4.793  -4.174
ASP02A0318_012   0.590  -4.727  -4.137
ASP02A0318_013   0.389  -4.674  -4.285
ASP02A0318_014   0.631  -4.368  -3.738
ASP02A0318_015   0.581  -4.875  -4.294
ASP02A0318_016   0.619  -4.793  -4.174
ASP02A0318_017   0.629  -4.454  -3.825
ASP-1A0318_018   0.091  -4.422  -4.332
ASP-1A0318_019   0.548  -4.595  -4.046
ASP-1A0318_020   0.570  -4.698  -4.128
ASP-1A0318_021   0.574  -4.293  -3.720
