CONFORMER         crg  vdw0  vdw1  tors  epol  self   occ  Hb     history    ASA
LYS01A0035_001  0.000-12.13  0.10  0.84  0.00-11.19 0.502  00  01O000M000  1.000
LYS01A0035_002  0.000-11.20 -0.02  0.91  0.00-10.31 0.501  00  01E013M000  1.000
LYS01A0035_003  0.000-11.64  1.34  4.31  0.00 -6.00 0.501  00  01E054M000  1.000
LYS01A0035_004  0.000-11.81  1.16  3.72  0.00 -6.93 0.501  00  01E091M000  1.000
LYS01A0035_005  0.000-11.00  1.49  7.01  0.00 -2.50 0.501  00  01E099M000  1.000
LYS01A0035_006  0.000 -9.64  0.54  4.33  0.00 -4.77 0.501  00  01E10AM000  1.000
LYS01A0035_007  0.000 -7.08  0.81  2.10  0.00 -4.16 0.502  00  01E12EM000  1.000
LYS01A0035_008  0.000 -7.69  0.96  4.86  0.00 -1.88 0.502  00  01E141M000  1.000
LYS01A0035_009  0.000 -9.83  0.71  4.33  0.00 -4.80 0.502  00  01E147M000  1.000
LYS01A0035_010  0.000-10.21  1.61  7.03  0.00 -1.58 0.502  00  01E160M000  1.000
LYS01A0035_011  0.000-11.33  0.93  4.19  0.00 -6.21 0.501  00  01T029M000  1.000
LYS01A0035_012  0.000 -6.55  1.18  3.65  0.00 -1.72 0.502  00  01T079M000  1.000
LYS01A0035_013  0.000-11.43  1.63  3.68  0.00 -6.13 0.502  00  01T0A0M000  1.000
LYS01A0035_014  0.000-10.56 -0.07  3.70  0.00 -6.93 0.501  00  01T0ACM000  1.000
LYS01A0035_015  0.000 -9.83  2.88  6.40  0.00 -0.55 0.501  00  01T0B7M000  1.000
LYS01A0035_016  0.000 -9.74  0.31  4.33  0.00 -5.10 0.502  00  01T0EFM000  1.000
LYS01A0035_017  0.000-10.21  1.49  4.31  0.00 -4.41 0.501  00  01T0FCM000  1.000
LYS01A0035_018  0.000 -9.40  0.64  4.34  0.00 -4.41 0.501  00  01T118M000  1.000
LYS01A0035_019  0.000 -9.86  0.77  4.32  0.00 -4.77 0.502  00  01T145M000  1.000
LYS01A0035_020  0.000 -9.58  0.91  4.30  0.00 -4.38 0.501  00  01T148M000  1.000
LYS+1A0035_021  1.000-12.17  0.10  0.84  0.00-11.24 0.502  00  +1O000M000  1.000
LYS+1A0035_022  1.000-11.73  1.33  4.31  0.00 -6.09 0.501  00  +1E054M000  1.000
LYS+1A0035_023  1.000 -6.63  1.18  3.66  0.00 -1.80 0.502  00  +1E079M000  1.000
LYS+1A0035_024  1.000-11.79  1.15  3.72  0.00 -6.92 0.501  00  +1E091M000  1.000
LYS+1A0035_025  1.000-11.51  1.62  3.67  0.00 -6.22 0.502  00  +1E0A0M000  1.000
LYS+1A0035_026  1.000 -9.86  2.88  6.41  0.00 -0.58 0.501  00  +1E0B7M000  1.000
LYS+1A0035_027  1.000-10.40  1.52  4.31  0.00 -4.57 0.501  00  +1E0FCM000  1.000
LYS+1A0035_028  1.000 -9.48  0.64  4.34  0.00 -4.50 0.501  00  +1E118M000  1.000
LYS+1A0035_029  1.000 -9.87  0.71  4.32  0.00 -4.84 0.502  00  +1E147M000  1.000
LYS+1A0035_030  1.000 -9.60  0.92  4.30  0.00 -4.38 0.501  00  +1E148M000  1.000
LYS+1A0035_031  1.000-11.24 -0.02  0.91  0.00-10.35 0.501  00  +1T013M000  1.000
LYS+1A0035_032  1.000-11.39  0.93  4.19  0.00 -6.27 0.501  00  +1T029M000  1.000
LYS+1A0035_033  1.000-11.12  1.49  7.01  0.00 -2.61 0.501  00  +1T099M000  1.000
LYS+1A0035_034  1.000-10.60 -0.07  3.71  0.00 -6.96 0.501  00  +1T0ACM000  1.000
LYS+1A0035_035  1.000 -9.80  0.31  4.33  0.00 -5.16 0.502  00  +1T0EFM000  1.000
LYS+1A0035_036  1.000 -9.70  0.54  4.33  0.00 -4.83 0.501  00  +1T10AM000  1.000
LYS+1A0035_037  1.000 -7.16  0.81  2.10  0.00 -4.25 0.502  00  +1T12EM000  1.000
LYS+1A0035_038  1.000 -7.73  0.96  4.86  0.00 -1.91 0.502  00  +1T141M000  1.000
LYS+1A0035_039  1.000 -9.92  0.76  4.32  0.00 -4.83 0.502  00  +1T145M000  1.000
LYS+1A0035_040  1.000-10.26  1.61  7.02  0.00 -1.62 0.502  00  +1T160M000  1.000
