CONFORMER         crg  vdw0  vdw1  tors  epol  self   occ  Hb     history    ASA
ARG01A0120_001  0.000-13.26  1.39  0.42  0.00-11.45 0.503  00  01O000M000  1.000
ARG01A0120_002  0.000-12.89  2.70  3.82  0.00 -6.37 0.502  00  01E00AM000  1.000
ARG01A0120_003  0.000-12.21  5.23  3.17  0.00 -3.80 0.501  00  01E014M000  1.000
ARG01A0120_004  0.000-12.12  2.12  5.98  0.00 -4.02 0.502  00  01E01DM000  1.000
ARG01A0120_005  0.000-10.72  1.55  1.07  0.00 -8.09 0.502  00  01E04AM000  1.000
ARG01A0120_006  0.000 -9.91  1.04  0.44  0.00 -8.44 0.502  00  01E074M000  1.000
ARG01A0120_007  0.000-11.34  1.85  3.17  0.00 -6.32 0.502  00  01E095M000  1.000
ARG01A0120_008  0.000-10.25  1.26  1.06  0.00 -7.93 0.502  00  01E0A1M000  1.000
ARG01A0120_009  0.000-11.63  2.32  3.28  0.00 -6.03 0.502  00  01E0ABM000  1.000
ARG01A0120_010  0.000 -8.87  1.54  3.84  0.00 -3.49 0.502  00  01E0BDM000  1.000
ARG01A0120_011  0.000-12.76  1.53  1.04  0.00-10.19 0.502  00  01T006M000  1.000
ARG01A0120_012  0.000-11.29  1.58  0.42  0.00 -9.30 0.503  00  01T042M000  1.000
ARG01A0120_013  0.000-11.16  1.81  0.50  0.00 -8.85 0.503  00  01T04DM000  1.000
ARG01A0120_014  0.000-11.31  1.43  1.04  0.00 -8.84 0.502  00  01T053M000  1.000
ARG01A0120_015  0.000 -9.56  1.09  0.45  0.00 -8.02 0.502  00  01T083M000  1.000
ARG01A0120_016  0.000 -8.63  1.55  3.87  0.00 -3.22 0.502  00  01T09CM000  1.000
ARG01A0120_017  0.000-10.80  2.31  3.31  0.00 -5.18 0.502  00  01T0A9M000  1.000
ARG01A0120_018  0.000 -8.14  1.15  3.87  0.00 -3.12 0.502  00  01T0B3M000  1.000
ARG01A0120_019  0.000 -8.75  1.84  3.85  0.00 -3.06 0.502  00  01T0BEM000  1.000
ARG01A0120_020  0.000 -8.92  1.69  3.83  0.00 -3.40 0.502  00  01T0D6M000  1.000
ARG02A0120_021  0.000-12.26  5.23  3.17  0.00 -3.86 0.501  00  02E014M000  1.000
ARG02A0120_022  0.000 -8.85  1.84  3.85  0.00 -3.16 0.502  00  02E0BEM000  1.000
ARG02A0120_023  0.000-13.24  1.39  0.42  0.00-11.43 0.503  00  02O000M000  1.000
ARG02A0120_024  0.000-10.24  1.27  1.06  0.00 -7.92 0.502  00  02E0A1M000  1.000
ARG02A0120_025  0.000-10.68  2.43  3.27  0.00 -4.98 0.502  00  02E0A9M000  1.000
ARG02A0120_026  0.000 -8.05  1.16  3.85  0.00 -3.03 0.502  00  02E0B3M000  1.000
ARG02A0120_027  0.000 -8.87  1.54  3.84  0.00 -3.49 0.502  00  02E0BDM000  1.000
ARG02A0120_028  0.000-11.24  1.85  3.17  0.00 -6.22 0.502  00  02T095M000  1.000
ARG02A0120_029  0.000-12.21  2.11  5.93  0.00 -4.17 0.502  00  02T01DM000  1.000
ARG02A0120_030  0.000-10.02  1.04  0.42  0.00 -8.55 0.502  00  02T074M000  1.000
ARG02A0120_031  0.000-11.54  1.59  0.42  0.00 -9.53 0.503  00  02T042M000  1.000
ARG02A0120_032  0.000-10.87  1.55  1.05  0.00 -8.27 0.502  00  02T04AM000  1.000
ARG02A0120_033  0.000-11.62  1.92  0.47  0.00 -9.24 0.503  00  02T04DM000  1.000
ARG02A0120_034  0.000 -9.82  1.13  0.43  0.00 -8.26 0.502  00  02T083M000  1.000
ARG02A0120_035  0.000-11.61  2.33  3.28  0.00 -6.01 0.502  00  02T0ABM000  1.000
ARG02A0120_036  0.000 -8.92  1.69  3.83  0.00 -3.40 0.502  00  02T0D6M000  1.000
ARG02A0120_037  0.000-12.73  1.52  1.04  0.00-10.17 0.502  00  02T006M000  1.000
ARG02A0120_038  0.000-12.86  2.70  3.82  0.00 -6.34 0.502  00  02T00AM000  1.000
ARG02A0120_039  0.000-11.44  1.44  1.04  0.00 -8.96 0.502  00  02T053M000  1.000
ARG02A0120_040  0.000 -8.34  1.56  3.85  0.00 -2.94 0.502  00  02T09CM000  1.000
ARG03A0120_041  0.000-13.31  1.39  0.42  0.00-11.50 0.503  00  03O000M000  1.000
ARG03A0120_042  0.000-12.26  5.23  3.17  0.00 -3.86 0.501  00  03E014M000  1.000
ARG03A0120_043  0.000-11.30  1.57  0.42  0.00 -9.31 0.503  00  03E042M000  1.000
ARG03A0120_044  0.000-10.81  1.54  1.05  0.00 -8.22 0.502  00  03E04AM000  1.000
ARG03A0120_045  0.000 -9.76  1.04  0.42  0.00 -8.30 0.502  00  03E074M000  1.000
ARG03A0120_046  0.000 -8.97  1.69  3.83  0.00 -3.45 0.502  00  03E0D6M000  1.000
ARG03A0120_047  0.000-12.03  2.11  5.94  0.00 -3.97 0.502  00  03T01DM000  1.000
ARG03A0120_048  0.000-11.73  2.31  3.28  0.00 -6.14 0.502  00  03T0ABM000  1.000
ARG03A0120_049  0.000 -8.92  1.84  3.85  0.00 -3.23 0.502  00  03T0BEM000  1.000
ARG03A0120_050  0.000 -8.13  1.55  3.85  0.00 -2.73 0.502  00  03T09CM000  1.000
ARG03A0120_051  0.000-10.29  1.26  1.06  0.00 -7.97 0.502  00  03T0A1M000  1.000
ARG03A0120_052  0.000-12.87  2.70  3.82  0.00 -6.36 0.502  00  03T00AM000  1.000
ARG03A0120_053  0.000-11.47  1.43  1.04  0.00 -9.00 0.502  00  03T053M000  1.000
ARG03A0120_054  0.000-11.25  1.85  3.17  0.00 -6.23 0.502  00  03T095M000  1.000
ARG03A0120_055  0.000-10.35  2.44  3.27  0.00 -4.63 0.502  00  03T0A9M000  1.000
ARG03A0120_056  0.000 -7.85  1.15  3.85  0.00 -2.85 0.502  00  03T0B3M000  1.000
ARG03A0120_057  0.000-12.79  1.52  1.04  0.00-10.23 0.502  00  03T006M000  1.000
ARG03A0120_058  0.000-11.14  1.94  0.46  0.00 -8.74 0.503  00  03T04DM000  1.000
ARG03A0120_059  0.000 -9.06  1.08  0.43  0.00 -7.55 0.502  00  03T083M000  1.000
ARG03A0120_060  0.000 -8.96  1.54  3.84  0.00 -3.58 0.502  00  03T0BDM000  1.000
ARG+1A0120_061  1.000-13.35  1.39  0.42  0.00-11.54 0.503  00  +1O000M000  1.000
ARG+1A0120_062  1.000-12.84  1.52  1.04  0.00-10.28 0.502  00  +1E006M000  1.000
ARG+1A0120_063  1.000-12.97  2.70  3.82  0.00 -6.45 0.502  00  +1E00AM000  1.000
ARG+1A0120_064  1.000-12.08  2.11  5.94  0.00 -4.03 0.502  00  +1E01DM000  1.000
ARG+1A0120_065  1.000-11.39  1.56  0.42  0.00 -9.41 0.503  00  +1E042M000  1.000
ARG+1A0120_066  1.000 -9.10  1.08  0.43  0.00 -7.58 0.502  00  +1E083M000  1.000
ARG+1A0120_067  1.000-11.35  1.84  3.17  0.00 -6.33 0.502  00  +1E095M000  1.000
ARG+1A0120_068  1.000 -8.16  1.56  3.85  0.00 -2.75 0.502  00  +1E09CM000  1.000
ARG+1A0120_069  1.000-10.42  2.45  3.27  0.00 -4.70 0.502  00  +1E0A9M000  1.000
ARG+1A0120_070  1.000 -8.90  1.84  3.85  0.00 -3.21 0.502  00  +1E0BEM000  1.000
ARG+1A0120_071  1.000 -9.01  1.69  3.83  0.00 -3.49 0.502  00  +1E0D6M000  1.000
ARG+1A0120_072  1.000-12.36  5.23  3.17  0.00 -3.96 0.501  00  +1T014M000  1.000
ARG+1A0120_073  1.000-10.87  1.54  1.05  0.00 -8.29 0.502  00  +1T04AM000  1.000
ARG+1A0120_074  1.000-11.06  1.96  0.46  0.00 -8.64 0.503  00  +1T04DM000  1.000
ARG+1A0120_075  1.000-11.51  1.43  1.04  0.00 -9.05 0.502  00  +1T053M000  1.000
ARG+1A0120_076  1.000 -9.89  1.04  0.42  0.00 -8.44 0.502  00  +1T074M000  1.000
ARG+1A0120_077  1.000-10.32  1.26  1.06  0.00 -8.00 0.502  00  +1T0A1M000  1.000
ARG+1A0120_078  1.000-11.70  2.31  3.28  0.00 -6.11 0.502  00  +1T0ABM000  1.000
ARG+1A0120_079  1.000 -7.78  1.16  3.85  0.00 -2.78 0.502  00  +1T0B3M000  1.000
ARG+1A0120_080  1.000 -8.94  1.54  3.84  0.00 -3.56 0.502  00  +1T0BDM000  1.000
