CONFORMER         crg  vdw0  vdw1  tors  epol  self   occ  Hb     history    ASA
ARG01A0120_001  0.000-13.26  1.29  0.42  0.00-11.55 0.501  00  01O000M000  1.000
ARG01A0120_002  0.000-10.65  1.50  3.84  0.00 -5.31 0.502  00  01E028M000  1.000
ARG01A0120_003  0.000-11.50  1.73  1.07  0.00 -8.70 0.503  00  01E02AM000  1.000
ARG01A0120_004  0.000-10.25  2.94  3.26  0.00 -4.06 0.502  00  01E060M000  1.000
ARG01A0120_005  0.000-11.48  1.23  3.21  0.00 -7.04 0.502  00  01E06AM000  1.000
ARG01A0120_006  0.000 -8.98  1.41  3.87  0.00 -3.71 0.502  00  01E09DM000  1.000
ARG01A0120_007  0.000-10.69  3.22  1.07  0.00 -6.40 0.503  00  01E0CFM000  1.000
ARG01A0120_008  0.000-10.33  1.20  1.04  0.00 -8.08 0.502  00  01E0D0M000  1.000
ARG01A0120_009  0.000 -8.93  1.69  3.83  0.00 -3.41 0.502  00  01E0D6M000  1.000
ARG01A0120_010  0.000-13.69  2.15  3.17  0.00 -8.38 0.502  00  01T003M000  1.000
ARG01A0120_011  0.000-12.89  2.70  3.82  0.00 -6.36 0.502  00  01T00AM000  1.000
ARG01A0120_012  0.000-12.20  5.18  3.17  0.00 -3.85 0.502  00  01T014M000  1.000
ARG01A0120_013  0.000-11.50  2.76  3.81  0.00 -4.94 0.503  00  01T038M000  1.000
ARG01A0120_014  0.000-11.72  1.68  0.41  0.00 -9.63 0.502  00  01T040M000  1.000
ARG01A0120_015  0.000 -9.92  0.94  0.43  0.00 -8.55 0.501  00  01T074M000  1.000
ARG01A0120_016  0.000-11.22  5.06  3.17  0.00 -2.99 0.503  00  01T07CM000  1.000
ARG01A0120_017  0.000 -9.99  1.45  3.20  0.00 -5.34 0.502  00  01T07FM000  1.000
ARG01A0120_018  0.000 -9.56  1.04  0.45  0.00 -8.07 0.503  00  01T083M000  1.000
ARG01A0120_019  0.000-10.61  2.49  1.11  0.00 -7.01 0.502  00  01T0CEM000  1.000
ARG01A0120_020  0.000-10.95  2.57  3.81  0.00 -4.57 0.502  00  01T0D7M000  1.000
ARG02A0120_021  0.000-12.86  2.70  3.82  0.00 -6.34 0.502  00  02E00AM000  1.000
ARG02A0120_022  0.000-11.61  1.75  1.05  0.00 -8.81 0.503  00  02E02AM000  1.000
ARG02A0120_023  0.000-10.95  2.55  3.81  0.00 -4.59 0.502  00  02E0D7M000  1.000
ARG02A0120_024  0.000-13.24  1.29  0.42  0.00-11.53 0.501  00  02O000M000  1.000
ARG02A0120_025  0.000-11.21  5.06  3.17  0.00 -2.99 0.503  00  02E07CM000  1.000
ARG02A0120_026  0.000-11.51  1.23  3.21  0.00 -7.07 0.502  00  02T06AM000  1.000
ARG02A0120_027  0.000 -9.90  1.07  0.43  0.00 -8.40 0.503  00  02T083M000  1.000
ARG02A0120_028  0.000 -8.98  1.40  3.85  0.00 -3.73 0.502  00  02T09DM000  1.000
ARG02A0120_029  0.000-10.77  3.04  3.23  0.00 -4.50 0.502  00  02T060M000  1.000
ARG02A0120_030  0.000-10.02  0.94  0.42  0.00 -8.65 0.501  00  02T074M000  1.000
ARG02A0120_031  0.000-10.50  2.86  1.03  0.00 -6.61 0.502  00  02T0CEM000  1.000
ARG02A0120_032  0.000-12.19  5.18  3.17  0.00 -3.85 0.502  00  02T014M000  1.000
ARG02A0120_033  0.000-10.62  1.50  3.84  0.00 -5.29 0.502  00  02T028M000  1.000
ARG02A0120_034  0.000-11.56  2.77  3.80  0.00 -4.99 0.503  00  02T038M000  1.000
ARG02A0120_035  0.000-10.60  3.34  1.05  0.00 -6.21 0.503  00  02T0CFM000  1.000
ARG02A0120_036  0.000-10.15  1.24  1.04  0.00 -7.87 0.502  00  02T0D0M000  1.000
ARG02A0120_037  0.000-13.71  2.14  3.17  0.00 -8.40 0.502  00  02T003M000  1.000
ARG02A0120_038  0.000-11.85  1.67  0.41  0.00 -9.76 0.502  00  02T040M000  1.000
ARG02A0120_039  0.000-10.15  1.47  3.20  0.00 -5.48 0.502  00  02T07FM000  1.000
ARG02A0120_040  0.000 -8.88  1.69  3.83  0.00 -3.35 0.502  00  02T0D6M000  1.000
ARG03A0120_041  0.000-13.78  2.14  3.17  0.00 -8.47 0.502  00  03E003M000  1.000
ARG03A0120_042  0.000 -9.92  1.45  3.20  0.00 -5.27 0.502  00  03E07FM000  1.000
ARG03A0120_043  0.000 -8.98  1.02  0.43  0.00 -7.53 0.503  00  03E083M000  1.000
ARG03A0120_044  0.000-13.30  1.29  0.42  0.00-11.60 0.501  00  03O000M000  1.000
ARG03A0120_045  0.000-11.66  1.76  1.05  0.00 -8.85 0.503  00  03E02AM000  1.000
ARG03A0120_046  0.000-11.72  2.77  3.80  0.00 -5.15 0.503  00  03E038M000  1.000
ARG03A0120_047  0.000 -8.87  1.39  3.86  0.00 -3.62 0.502  00  03E09DM000  1.000
ARG03A0120_048  0.000-12.93  2.70  3.82  0.00 -6.41 0.502  00  03T00AM000  1.000
ARG03A0120_049  0.000-11.02  2.55  3.81  0.00 -4.66 0.502  00  03T0D7M000  1.000
ARG03A0120_050  0.000-12.38  5.17  3.17  0.00 -4.04 0.502  00  03T014M000  1.000
ARG03A0120_051  0.000-10.68  1.50  3.84  0.00 -5.35 0.502  00  03T028M000  1.000
ARG03A0120_052  0.000-11.75  1.67  0.41  0.00 -9.66 0.502  00  03T040M000  1.000
ARG03A0120_053  0.000-11.45  1.23  3.21  0.00 -7.01 0.502  00  03T06AM000  1.000
ARG03A0120_054  0.000-11.19  5.06  3.17  0.00 -2.96 0.503  00  03T07CM000  1.000
ARG03A0120_055  0.000-10.44  2.91  1.03  0.00 -6.49 0.502  00  03T0CEM000  1.000
ARG03A0120_056  0.000-10.23  1.20  1.04  0.00 -7.98 0.502  00  03T0D0M000  1.000
ARG03A0120_057  0.000-10.25  3.03  3.23  0.00 -3.99 0.502  00  03T060M000  1.000
ARG03A0120_058  0.000 -9.77  0.93  0.42  0.00 -8.42 0.501  00  03T074M000  1.000
ARG03A0120_059  0.000-10.85  3.13  1.06  0.00 -6.66 0.503  00  03T0CFM000  1.000
ARG03A0120_060  0.000 -8.96  1.69  3.83  0.00 -3.43 0.502  00  03T0D6M000  1.000
ARG+1A0120_061  1.000-13.35  1.29  0.42  0.00-11.64 0.501  00  +1O000M000  1.000
ARG+1A0120_062  1.000-12.97  2.70  3.82  0.00 -6.45 0.502  00  +1E00AM000  1.000
ARG+1A0120_063  1.000-12.36  5.17  3.17  0.00 -4.02 0.502  00  +1E014M000  1.000
ARG+1A0120_064  1.000-10.73  1.49  3.84  0.00 -5.40 0.502  00  +1E028M000  1.000
ARG+1A0120_065  1.000-11.86  1.67  0.41  0.00 -9.78 0.502  00  +1E040M000  1.000
ARG+1A0120_066  1.000-11.56  1.23  3.21  0.00 -7.12 0.502  00  +1E06AM000  1.000
ARG+1A0120_067  1.000-10.63  3.41  1.05  0.00 -6.17 0.503  00  +1E0CFM000  1.000
ARG+1A0120_068  1.000-10.35  1.20  1.04  0.00 -8.10 0.502  00  +1E0D0M000  1.000
ARG+1A0120_069  1.000-11.07  2.55  3.81  0.00 -4.71 0.502  00  +1E0D7M000  1.000
ARG+1A0120_070  1.000-13.82  2.14  3.17  0.00 -8.51 0.502  00  +1T003M000  1.000
ARG+1A0120_071  1.000-11.65  1.76  1.05  0.00 -8.83 0.503  00  +1T02AM000  1.000
ARG+1A0120_072  1.000-11.71  2.77  3.80  0.00 -5.13 0.503  00  +1T038M000  1.000
ARG+1A0120_073  1.000-10.16  3.06  3.23  0.00 -3.88 0.502  00  +1T060M000  1.000
ARG+1A0120_074  1.000 -9.89  0.93  0.42  0.00 -8.54 0.501  00  +1T074M000  1.000
ARG+1A0120_075  1.000-11.29  5.05  3.17  0.00 -3.07 0.503  00  +1T07CM000  1.000
ARG+1A0120_076  1.000 -9.98  1.45  3.20  0.00 -5.33 0.502  00  +1T07FM000  1.000
ARG+1A0120_077  1.000 -9.07  1.03  0.43  0.00 -7.62 0.503  00  +1T083M000  1.000
ARG+1A0120_078  1.000 -8.74  1.39  3.86  0.00 -3.49 0.502  00  +1T09DM000  1.000
ARG+1A0120_079  1.000-10.43  2.93  1.03  0.00 -6.47 0.502  00  +1T0CEM000  1.000
ARG+1A0120_080  1.000 -9.00  1.69  3.83  0.00 -3.48 0.502  00  +1T0D6M000  1.000
