iConf CONFORMER     FL  occ    crg   Em0  pKa0 ne nH    vdw0    vdw1    tors    epol   dsolv   extra    history
00001 ARG01A0120_001 f 0.00  0.000     0  0.00  0  0 -13.265   1.392   0.419   0.009  -0.250   0.000 01O000M000t
00002 ARG01A0120_002 f 0.00  0.000     0  0.00  0  0 -10.641   1.541   3.839   0.049  -0.412   0.000 01E028M000t
00003 ARG01A0120_003 f 0.00  0.000     0  0.00  0  0 -11.504   1.729   1.076   0.013  -0.202   0.000 01E02AM000t
00004 ARG01A0120_004 f 0.00  0.000     0  0.00  0  0 -10.257   2.935   3.256   0.040  -0.009   0.000 01E060M000t
00005 ARG01A0120_005 f 0.00  0.000     0  0.00  0  0 -11.486   1.336   3.209   0.006  -0.065   0.000 01E06AM000t
00006 ARG01A0120_006 f 0.00  0.000     0  0.00  0  0  -8.968   1.454   3.869   0.040  -0.047   0.000 01E09DM000t
00007 ARG01A0120_007 f 0.00  0.000     0  0.00  0  0 -10.698   3.221   1.069   0.456   0.346   0.000 01E0CFM000t
00008 ARG01A0120_008 f 0.00  0.000     0  0.00  0  0 -10.337   1.208   1.045  -0.068   0.148   0.000 01E0D0M000t
00009 ARG01A0120_009 f 0.00  0.000     0  0.00  0  0  -8.886   1.691   3.835   0.040  -0.238   0.000 01E0D6M000t
00010 ARG01A0120_010 f 0.00  0.000     0  0.00  0  0 -13.687   2.200   3.168   0.026  -0.183   0.000 01T003M000t
00011 ARG01A0120_011 f 0.00  0.000     0  0.00  0  0 -12.882   2.703   3.821   0.007  -0.261   0.000 01T00AM000t
00012 ARG01A0120_012 f 0.00  0.000     0  0.00  0  0 -12.207   5.233   3.170   0.003  -0.192   0.000 01T014M000t
00013 ARG01A0120_013 f 0.00  0.000     0  0.00  0  0 -11.501   2.755   3.806   0.019  -0.094   0.000 01T038M000t
00014 ARG01A0120_014 f 0.00  0.000     0  0.00  0  0 -11.834   1.729   0.413   0.033  -0.181   0.000 01T040M000t
00015 ARG01A0120_015 f 0.00  0.000     0  0.00  0  0  -9.862   1.038   0.435   0.030   0.130   0.000 01T074M000t
00016 ARG01A0120_016 f 0.00  0.000     0  0.00  0  0 -11.218   5.105   3.170  -0.008  -0.128   0.000 01T07CM000t
00017 ARG01A0120_017 f 0.00  0.000     0  0.00  0  0  -9.985   1.502   3.199   0.051  -0.078   0.000 01T07FM000t
00018 ARG01A0120_018 f 0.00  0.000     0  0.00  0  0  -9.554   1.094   0.449   0.043   0.129   0.000 01T083M000t
00019 ARG01A0120_019 f 0.00  0.000     0  0.00  0  0 -10.613   2.487   1.114   0.279   0.215   0.000 01T0CEM000t
00020 ARG01A0120_020 f 0.00  0.000     0  0.00  0  0 -10.886   2.572   3.814   0.011  -0.314   0.000 01T0D7M000t
00021 ARG02A0120_021 f 0.00  0.000     0  0.00  0  0 -12.861   2.696   3.821   0.008   1.051   0.000 02E00AM000t
00022 ARG02A0120_022 f 0.00  0.000     0  0.00  0  0 -11.618   1.760   1.053   0.016   0.954   0.000 02E02AM000t
00023 ARG02A0120_023 f 0.00  0.000     0  0.00  0  0 -10.958   2.549   3.814   0.008   0.908   0.000 02E0D7M000t
00024 ARG02A0120_024 f 0.00  0.000     0  0.00  0  0 -13.242   1.390   0.419   0.031   0.276   0.000 02O000M000t
00025 ARG02A0120_025 f 0.00  0.000     0  0.00  0  0 -11.263   5.110   3.170   0.009   0.809   0.000 02E07CM000t
00026 ARG02A0120_026 f 0.00  0.000     0  0.00  0  0 -11.518   1.333   3.210   0.014   0.862   0.000 02T06AM000t
00027 ARG02A0120_027 f 0.00  0.000     0  0.00  0  0  -9.894   1.123   0.428   0.063   0.839   0.000 02T083M000t
00028 ARG02A0120_028 f 0.00  0.000     0  0.00  0  0  -8.971   1.440   3.854   0.041   1.346   0.000 02T09DM000t
00029 ARG02A0120_029 f 0.00  0.000     0  0.00  0  0 -10.771   3.036   3.232   0.027   0.920   0.000 02T060M000t
00030 ARG02A0120_030 f 0.00  0.000     0  0.00  0  0 -10.019   1.042   0.422   0.014   1.179   0.000 02T074M000t
00031 ARG02A0120_031 f 0.00  0.000     0  0.00  0  0 -10.429   2.870   1.031  -0.418   1.214   0.000 02T0CEM000t
00032 ARG02A0120_032 f 0.00  0.000     0  0.00  0  0 -12.144   5.234   3.169   0.026   0.510   0.000 02T014M000t
00033 ARG02A0120_033 f 0.00  0.000     0  0.00  0  0 -10.623   1.539   3.839   0.035   0.581   0.000 02T028M000t
00034 ARG02A0120_034 f 0.00  0.000     0  0.00  0  0 -11.561   2.777   3.799   0.008   0.575   0.000 02T038M000t
00035 ARG02A0120_035 f 0.00  0.000     0  0.00  0  0 -10.605   3.334   1.052   0.424   1.160   0.000 02T0CFM000t
00036 ARG02A0120_036 f 0.00  0.000     0  0.00  0  0 -10.148   1.238   1.041   0.087   0.720   0.000 02T0D0M000t
00037 ARG02A0120_037 f 0.00  0.000     0  0.00  0  0 -13.715   2.200   3.167   0.027   0.459   0.000 02T003M000t
00038 ARG02A0120_038 f 0.00  0.000     0  0.00  0  0 -11.895   1.728   0.413   0.012   0.479   0.000 02T040M000t
00039 ARG02A0120_039 f 0.00  0.000     0  0.00  0  0 -10.146   1.521   3.202   0.012   0.797   0.000 02T07FM000t
00040 ARG02A0120_040 f 0.00  0.000     0  0.00  0  0  -8.943   1.690   3.834   0.042   0.768   0.000 02T0D6M000t
00041 ARG03A0120_041 f 0.00  0.000     0  0.00  0  0 -13.779   2.201   3.169   0.023   0.824   0.000 03E003M000t
00042 ARG03A0120_042 f 0.00  0.000     0  0.00  0  0  -9.929   1.507   3.199   0.034   1.058   0.000 03E07FM000t
00043 ARG03A0120_043 f 0.00  0.000     0  0.00  0  0  -9.032   1.076   0.428   0.049   0.700   0.000 03E083M000t
00044 ARG03A0120_044 f 0.00  0.000     0  0.00  0  0 -13.304   1.389   0.419   0.022   0.834   0.000 03O000M000t
00045 ARG03A0120_045 f 0.00  0.000     0  0.00  0  0 -11.664   1.758   1.053   0.019   0.783   0.000 03E02AM000t
00046 ARG03A0120_046 f 0.00  0.000     0  0.00  0  0 -11.723   2.769   3.800   0.018   0.657   0.000 03E038M000t
00047 ARG03A0120_047 f 0.00  0.000     0  0.00  0  0  -8.876   1.444   3.855   0.030   0.993   0.000 03E09DM000t
00048 ARG03A0120_048 f 0.00  0.000     0  0.00  0  0 -12.931   2.702   3.820   0.012   0.866   0.000 03T00AM000t
00049 ARG03A0120_049 f 0.00  0.000     0  0.00  0  0 -11.092   2.561   3.813   0.002   0.768   0.000 03T0D7M000t
00050 ARG03A0120_050 f 0.00  0.000     0  0.00  0  0 -12.380   5.222   3.167   0.023   0.675   0.000 03T014M000t
00051 ARG03A0120_051 f 0.00  0.000     0  0.00  0  0 -10.689   1.545   3.839   0.047   0.538   0.000 03T028M000t
00052 ARG03A0120_052 f 0.00  0.000     0  0.00  0  0 -11.816   1.726   0.413   0.023   0.647   0.000 03T040M000t
00053 ARG03A0120_053 f 0.00  0.000     0  0.00  0  0 -11.367   1.332   3.210   0.009   0.695   0.000 03T06AM000t
00054 ARG03A0120_054 f 0.00  0.000     0  0.00  0  0 -11.244   5.114   3.170  -0.005   0.867   0.000 03T07CM000t
00055 ARG03A0120_055 f 0.00  0.000     0  0.00  0  0 -10.441   2.909   1.031  -0.242   0.792   0.000 03T0CEM000t
00056 ARG03A0120_056 f 0.00  0.000     0  0.00  0  0 -10.235   1.206   1.042  -0.087   1.098   0.000 03T0D0M000t
00057 ARG03A0120_057 f 0.00  0.000     0  0.00  0  0 -10.258   3.030   3.231   0.047   0.904   0.000 03T060M000t
00058 ARG03A0120_058 f 0.00  0.000     0  0.00  0  0  -9.757   1.035   0.421   0.026   0.959   0.000 03T074M000t
00059 ARG03A0120_059 f 0.00  0.000     0  0.00  0  0 -10.792   3.132   1.056   0.496   0.979   0.000 03T0CFM000t
00060 ARG03A0120_060 f 0.00  0.000     0  0.00  0  0  -8.949   1.688   3.835   0.033   0.809   0.000 03T0D6M000t
00061 ARG+1A0120_061 f 0.00  1.000     0 12.50  0  1 -13.346   1.389   0.419   0.077  -0.334   0.000 +1O000M000t
00062 ARG+1A0120_062 f 0.00  1.000     0 12.50  0  1 -12.968   2.699   3.821  -0.006  -0.282   0.000 +1E00AM000t
00063 ARG+1A0120_063 f 0.00  1.000     0 12.50  0  1 -12.361   5.232   3.169   0.081  -0.293   0.000 +1E014M000t
00064 ARG+1A0120_064 f 0.00  1.000     0 12.50  0  1 -10.729   1.541   3.839   0.093  -0.113   0.000 +1E028M000t
00065 ARG+1A0120_065 f 0.00  1.000     0 12.50  0  1 -11.861   1.726   0.413   0.069  -0.331   0.000 +1E040M000t
00066 ARG+1A0120_066 f 0.00  1.000     0 12.50  0  1 -11.556   1.330   3.210   0.080  -0.126   0.000 +1E06AM000t
00067 ARG+1A0120_067 f 0.00  1.000     0 12.50  0  1 -10.634   3.405   1.051  -0.134   0.163   0.000 +1E0CFM000t
00068 ARG+1A0120_068 f 0.00  1.000     0 12.50  0  1 -10.306   1.207   1.043  -0.070  -0.083   0.000 +1E0D0M000t
00069 ARG+1A0120_069 f 0.00  1.000     0 12.50  0  1 -11.066   2.551   3.814  -0.008  -0.014   0.000 +1E0D7M000t
00070 ARG+1A0120_070 f 0.00  1.000     0 12.50  0  1 -13.814   2.199   3.167   0.039  -0.226   0.000 +1T003M000t
00071 ARG+1A0120_071 f 0.00  1.000     0 12.50  0  1 -11.645   1.758   1.053   0.092   0.036   0.000 +1T02AM000t
00072 ARG+1A0120_072 f 0.00  1.000     0 12.50  0  1 -11.701   2.776   3.800   0.091  -0.404   0.000 +1T038M000t
00073 ARG+1A0120_073 f 0.00  1.000     0 12.50  0  1 -10.171   3.057   3.226   0.055   0.048   0.000 +1T060M000t
00074 ARG+1A0120_074 f 0.00  1.000     0 12.50  0  1  -9.894   1.039   0.422   0.046  -0.086   0.000 +1T074M000t
00075 ARG+1A0120_075 f 0.00  1.000     0 12.50  0  1 -11.341   5.111   3.170   0.059  -0.119   0.000 +1T07CM000t
00076 ARG+1A0120_076 f 0.00  1.000     0 12.50  0  1  -9.976   1.504   3.197   0.041  -0.029   0.000 +1T07FM000t
00077 ARG+1A0120_077 f 0.00  1.000     0 12.50  0  1  -9.106   1.083   0.429   0.038  -0.157   0.000 +1T083M000t
00078 ARG+1A0120_078 f 0.00  1.000     0 12.50  0  1  -8.746   1.440   3.859   0.089   0.117   0.000 +1T09DM000t
00079 ARG+1A0120_079 f 0.00  1.000     0 12.50  0  1 -10.441   2.933   1.031  -1.028   0.122   0.000 +1T0CEM000t
00080 ARG+1A0120_080 f 0.00  1.000     0 12.50  0  1  -9.016   1.688   3.834   0.068  -0.152   0.000 +1T0D6M000t
