CONFORMER         crg  vdw0  vdw1  tors  epol  self   occ  Hb     history    ASA
ARG01A0112_001  0.000-14.80  0.07  2.97  0.00-11.75 0.501  00  01O000M000  1.000
ARG01A0112_002  0.000-14.92  0.04  4.74  0.00-10.14 0.501  00  01E011M000  1.000
ARG01A0112_003  0.000-15.59  0.54  1.87  0.00-13.17 0.501  00  01E033M000  1.000
ARG01A0112_004  0.000-13.76 -0.28  1.68  0.00-12.37 0.501  00  01E05CM000  1.000
ARG01A0112_005  0.000-14.12  0.20  3.14  0.00-10.79 0.501  00  01E099M000  1.000
ARG01A0112_006  0.000-13.38 -0.04  3.32  0.00-10.10 0.501  00  01E0A6M000  1.000
ARG01A0112_007  0.000-14.61  0.65  3.49  0.00-10.46 0.501  00  01E126M000  1.000
ARG01A0112_008  0.000-13.74  0.70  3.43  0.00 -9.61 0.501  00  01E131M000  1.000
ARG01A0112_009  0.000-13.24  1.39  3.26  0.00 -8.60 0.501  00  01E15BM000  1.000
ARG01A0112_010  0.000-13.96  1.92  3.29  0.00 -8.75 0.501  00  01E1EDM000  1.000
ARG01A0112_011  0.000-15.03  8.43  4.30  0.00 -2.30 0.501  00  01T010M000  1.000
ARG01A0112_012  0.000-14.79  1.02  1.47  0.00-12.30 0.501  00  01T044M000  1.000
ARG01A0112_013  0.000-10.96 -0.20  3.43  0.00 -7.73 0.501  00  01T051M000  1.000
ARG01A0112_014  0.000-13.91 -0.03  1.36  0.00-12.58 0.501  00  01T066M000  1.000
ARG01A0112_015  0.000-14.81  0.08  1.46  0.00-13.26 0.501  00  01T068M000  1.000
ARG01A0112_016  0.000-13.99  0.37  3.24  0.00-10.38 0.502  00  01T0AFM000  1.000
ARG01A0112_017  0.000-13.97  0.72  6.32  0.00 -6.94 0.501  00  01T0C1M000  1.000
ARG01A0112_018  0.000-14.98  0.85  6.04  0.00 -8.10 0.501  00  01T1EBM000  1.000
ARG01A0112_019  0.000-14.56  1.20  5.95  0.00 -7.41 0.501  00  01T200M000  1.000
ARG01A0112_020  0.000-13.87  1.17  5.75  0.00 -6.95 0.501  00  01T201M000  1.000
ARG02A0112_021  0.000-14.84  0.07  2.97  0.00-11.80 0.501  00  02O000M000  1.000
ARG02A0112_022  0.000-13.75  1.09  3.16  0.00 -9.50 0.501  00  02E15BM000  1.000
ARG02A0112_023  0.000-14.79  0.17  1.07  0.00-13.55 0.501  00  02E068M000  1.000
ARG02A0112_024  0.000-14.33  0.67  6.07  0.00 -7.60 0.501  00  02E0C1M000  1.000
ARG02A0112_025  0.000-15.30  0.66  1.23  0.00-13.41 0.501  00  02T033M000  1.000
ARG02A0112_026  0.000-13.99  0.22  3.09  0.00-10.67 0.501  00  02T099M000  1.000
ARG02A0112_027  0.000-14.44  1.92  5.10  0.00 -7.41 0.501  00  02T1EBM000  1.000
ARG02A0112_028  0.000-13.94  1.79  3.30  0.00 -8.85 0.501  00  02T1EDM000  1.000
ARG02A0112_029  0.000-12.17  2.23  2.27  0.00 -7.67 0.501  00  02T051M000  1.000
ARG02A0112_030  0.000-13.23 -0.05  3.27  0.00-10.01 0.501  00  02T0A6M000  1.000
ARG02A0112_031  0.000-13.74  0.70  3.38  0.00 -9.66 0.501  00  02T131M000  1.000
ARG02A0112_032  0.000-14.89  0.23  2.95  0.00-11.71 0.501  00  02T011M000  1.000
ARG02A0112_033  0.000-15.18  0.66  1.08  0.00-13.44 0.501  00  02T044M000  1.000
ARG02A0112_034  0.000-13.41 -0.21  1.13  0.00-12.49 0.501  00  02T05CM000  1.000
ARG02A0112_035  0.000-14.13  5.96  2.27  0.00 -5.89 0.501  00  02T010M000  1.000
ARG02A0112_036  0.000-13.64 -0.12  0.96  0.00-12.79 0.501  00  02T066M000  1.000
ARG02A0112_037  0.000-14.01  0.38  3.15  0.00-10.47 0.502  00  02T0AFM000  1.000
ARG02A0112_038  0.000-14.68  0.64  3.40  0.00-10.65 0.501  00  02T126M000  1.000
ARG02A0112_039  0.000-14.50  1.21  5.79  0.00 -7.51 0.501  00  02T200M000  1.000
ARG02A0112_040  0.000-13.58  1.14  5.64  0.00 -6.80 0.501  00  02T201M000  1.000
ARG03A0112_041  0.000-14.85  0.07  2.97  0.00-11.80 0.501  00  03O000M000  1.000
ARG03A0112_042  0.000-14.84  0.23  2.90  0.00-11.71 0.501  00  03E011M000  1.000
ARG03A0112_043  0.000-13.49 -0.20  1.11  0.00-12.59 0.501  00  03E05CM000  1.000
ARG03A0112_044  0.000-13.34 -0.05  3.27  0.00-10.11 0.501  00  03E0A6M000  1.000
ARG03A0112_045  0.000-14.10  0.38  3.14  0.00-10.59 0.502  00  03E0AFM000  1.000
ARG03A0112_046  0.000-14.47  1.80  5.06  0.00 -7.61 0.501  00  03E1EBM000  1.000
ARG03A0112_047  0.000-13.97  1.79  3.30  0.00 -8.89 0.501  00  03E1EDM000  1.000
ARG03A0112_048  0.000-14.66  5.73  2.15  0.00 -6.79 0.501  00  03E010M000  1.000
ARG03A0112_049  0.000-15.08  0.66  1.06  0.00-13.37 0.501  00  03E044M000  1.000
ARG03A0112_050  0.000-12.07  1.75  2.14  0.00 -8.18 0.501  00  03E051M000  1.000
ARG03A0112_051  0.000-13.77 -0.11  0.95  0.00-12.93 0.501  00  03E066M000  1.000
ARG03A0112_052  0.000-13.40  0.69  3.39  0.00 -9.32 0.501  00  03E131M000  1.000
ARG03A0112_053  0.000-14.09  0.23  3.09  0.00-10.76 0.501  00  03T099M000  1.000
ARG03A0112_054  0.000-14.66  0.64  3.40  0.00-10.63 0.501  00  03T126M000  1.000
ARG03A0112_055  0.000-13.65  2.29  3.20  0.00 -8.16 0.501  00  03T15BM000  1.000
ARG03A0112_056  0.000-15.36  0.66  1.21  0.00-13.50 0.501  00  03T033M000  1.000
ARG03A0112_057  0.000-14.82  0.16  1.06  0.00-13.60 0.501  00  03T068M000  1.000
ARG03A0112_058  0.000-14.36  0.67  6.06  0.00 -7.63 0.501  00  03T0C1M000  1.000
ARG03A0112_059  0.000-14.57  1.21  5.75  0.00 -7.61 0.501  00  03T200M000  1.000
ARG03A0112_060  0.000-13.61  1.13  5.64  0.00 -6.84 0.501  00  03T201M000  1.000
ARG+1A0112_061  1.000-14.88  0.07  2.97  0.00-11.84 0.501  00  +1O000M000  1.000
ARG+1A0112_062  1.000-15.47  0.65  1.23  0.00-13.58 0.501  00  +1E033M000  1.000
ARG+1A0112_063  1.000-12.26  2.19  2.35  0.00 -7.72 0.501  00  +1E051M000  1.000
ARG+1A0112_064  1.000-13.54 -0.21  1.13  0.00-12.62 0.501  00  +1E05CM000  1.000
ARG+1A0112_065  1.000-14.05  0.24  3.10  0.00-10.71 0.501  00  +1E099M000  1.000
ARG+1A0112_066  1.000-13.45 -0.05  3.29  0.00-10.21 0.501  00  +1E0A6M000  1.000
ARG+1A0112_067  1.000-14.71  0.64  3.40  0.00-10.67 0.501  00  +1E126M000  1.000
ARG+1A0112_068  1.000-13.88  2.21  3.20  0.00 -8.46 0.501  00  +1E15BM000  1.000
ARG+1A0112_069  1.000-14.53  1.89  5.14  0.00 -7.49 0.501  00  +1E1EBM000  1.000
ARG+1A0112_070  1.000-13.89  1.81  3.30  0.00 -8.78 0.501  00  +1E1EDM000  1.000
ARG+1A0112_071  1.000-13.64  1.14  5.67  0.00 -6.83 0.501  00  +1E201M000  1.000
ARG+1A0112_072  1.000-14.50  6.00  2.32  0.00 -6.19 0.501  00  +1T010M000  1.000
ARG+1A0112_073  1.000-14.77  0.24  2.96  0.00-11.58 0.501  00  +1T011M000  1.000
ARG+1A0112_074  1.000-15.32  0.66  1.08  0.00-13.58 0.501  00  +1T044M000  1.000
ARG+1A0112_075  1.000-13.63 -0.11  0.97  0.00-12.77 0.501  00  +1T066M000  1.000
ARG+1A0112_076  1.000-14.79  0.16  1.08  0.00-13.55 0.501  00  +1T068M000  1.000
ARG+1A0112_077  1.000-14.09  0.38  3.16  0.00-10.55 0.502  00  +1T0AFM000  1.000
ARG+1A0112_078  1.000-14.40  0.66  6.08  0.00 -7.66 0.501  00  +1T0C1M000  1.000
ARG+1A0112_079  1.000-13.55  0.69  3.40  0.00 -9.46 0.501  00  +1T131M000  1.000
ARG+1A0112_080  1.000-14.58  1.21  5.80  0.00 -7.58 0.501  00  +1T200M000  1.000
