   confID        vdw0    sas     sum
ARG01A0112_001   0.522 -15.319 -14.797
ARG01A0112_002   0.148 -15.065 -14.917
ARG01A0112_003   0.033 -15.623 -15.590
ARG01A0112_004   0.982 -14.742 -13.760
ARG01A0112_005   0.639 -14.764 -14.125
ARG01A0112_006   1.275 -14.652 -13.377
ARG01A0112_007  -0.058 -14.554 -14.612
ARG01A0112_008   0.945 -14.681 -13.736
ARG01A0112_009   0.748 -13.996 -13.248
ARG01A0112_010   0.495 -14.384 -13.889
ARG01A0112_011   0.265 -15.297 -15.033
ARG01A0112_012   0.138 -14.926 -14.788
ARG01A0112_013   3.581 -14.532 -10.951
ARG01A0112_014   0.887 -14.789 -13.903
ARG01A0112_015   0.140 -14.944 -14.804
ARG01A0112_016   0.734 -14.725 -13.990
ARG01A0112_017   0.705 -14.680 -13.976
ARG01A0112_018  -0.048 -14.936 -14.984
ARG01A0112_019   0.720 -15.280 -14.559
ARG01A0112_020   0.633 -14.500 -13.867
ARG02A0112_021   0.477 -15.319 -14.842
ARG02A0112_022   0.758 -14.513 -13.756
ARG02A0112_023   0.066 -14.781 -14.715
ARG02A0112_024   0.792 -15.118 -14.326
ARG02A0112_025   0.113 -15.413 -15.300
ARG02A0112_026   0.637 -14.629 -13.991
ARG02A0112_027   0.100 -14.537 -14.437
ARG02A0112_028   0.414 -14.356 -13.942
ARG02A0112_029   2.573 -14.692 -12.118
ARG02A0112_030   1.157 -14.383 -13.226
ARG02A0112_031   1.017 -14.761 -13.744
ARG02A0112_032   0.452 -15.344 -14.892
ARG02A0112_033   0.066 -15.245 -15.179
ARG02A0112_034   1.185 -14.591 -13.406
ARG02A0112_035   0.349 -14.477 -14.128
ARG02A0112_036   0.977 -14.613 -13.636
ARG02A0112_037   0.829 -14.885 -14.056
ARG02A0112_038  -0.008 -14.677 -14.685
ARG02A0112_039   0.709 -15.212 -14.504
ARG02A0112_040   0.816 -14.397 -13.581
ARG03A0112_041   0.475 -15.319 -14.843
ARG03A0112_042   0.410 -15.247 -14.837
ARG03A0112_043   1.107 -14.642 -13.535
ARG03A0112_044   1.141 -14.479 -13.338
ARG03A0112_045   0.778 -14.817 -14.040
ARG03A0112_046   0.080 -14.554 -14.474
ARG03A0112_047   0.381 -14.356 -13.975
ARG03A0112_048   0.293 -14.953 -14.660
ARG03A0112_049   0.032 -15.113 -15.080
ARG03A0112_050   2.482 -14.553 -12.071
ARG03A0112_051   0.901 -14.674 -13.773
ARG03A0112_052   1.039 -14.434 -13.395
ARG03A0112_053   0.672 -14.764 -14.092
ARG03A0112_054  -0.050 -14.680 -14.730
ARG03A0112_055   0.890 -14.536 -13.647
ARG03A0112_056   0.112 -15.477 -15.365
ARG03A0112_057   0.034 -14.781 -14.747
ARG03A0112_058   0.752 -15.118 -14.366
ARG03A0112_059   0.654 -15.228 -14.575
ARG03A0112_060   0.785 -14.397 -13.612
ARG+1A0112_061   0.438 -15.319 -14.881
ARG+1A0112_062   0.074 -15.541 -15.468
ARG+1A0112_063   2.611 -14.868 -12.257
ARG+1A0112_064   1.120 -14.658 -13.538
ARG+1A0112_065   0.643 -14.629 -13.985
ARG+1A0112_066   1.090 -14.547 -13.457
ARG+1A0112_067  -0.093 -14.612 -14.705
ARG+1A0112_068   0.840 -14.713 -13.873
ARG+1A0112_069   0.062 -14.589 -14.527
ARG+1A0112_070   0.349 -14.240 -13.891
ARG+1A0112_071   0.759 -14.397 -13.638
ARG+1A0112_072   0.284 -14.789 -14.506
ARG+1A0112_073   0.376 -15.147 -14.772
ARG+1A0112_074  -0.010 -15.309 -15.319
ARG+1A0112_075   0.915 -14.545 -13.630
ARG+1A0112_076  -0.010 -14.781 -14.791
ARG+1A0112_077   0.751 -14.837 -14.086
ARG+1A0112_078   0.713 -15.118 -14.405
ARG+1A0112_079   1.017 -14.562 -13.545
ARG+1A0112_080   0.635 -15.212 -14.577
