CONFORMER         crg  vdw0  vdw1  tors  epol  self   occ  Hb     history    ASA
ARG01A0081_001  0.000-12.59  0.67  0.69  0.00-11.23 0.501  00  01O000M000  1.000
ARG01A0081_002  0.000-13.05  0.94  2.86  0.00 -9.25 0.502  00  01E00FM000  1.000
ARG01A0081_003  0.000-13.56  1.01  1.01  0.00-11.53 0.503  00  01E026M000  1.000
ARG01A0081_004  0.000-11.44  3.90  0.68  0.00 -6.86 0.502  00  01E050M000  1.000
ARG01A0081_005  0.000-11.74  0.22  0.79  0.00-10.73 0.501  00  01E059M000  1.000
ARG01A0081_006  0.000-11.57  0.68  0.67  0.00-10.22 0.502  00  01E06EM000  1.000
ARG01A0081_007  0.000 -9.82  0.50  3.15  0.00 -6.17 0.502  00  01E070M000  1.000
ARG01A0081_008  0.000-11.46  1.23  0.67  0.00 -9.56 0.502  00  01E07FM000  1.000
ARG01A0081_009  0.000 -9.61  1.01  5.78  0.00 -2.82 0.502  00  01E09EM000  1.000
ARG01A0081_010  0.000-10.70  0.90  3.65  0.00 -6.15 0.502  00  01E0B3M000  1.000
ARG01A0081_011  0.000-10.78  0.14  3.74  0.00 -6.90 0.502  00  01E0D2M000  1.000
ARG01A0081_012  0.000-12.16  6.09  0.73  0.00 -5.33 0.501  00  01E0DFM000  1.000
ARG01A0081_013  0.000 -6.14  1.84  1.28  0.00 -3.01 0.502  00  01E0E2M000  1.000
ARG01A0081_014  0.000-12.28  1.55  3.69  0.00 -7.05 0.502  00  01E0F2M000  1.000
ARG01A0081_015  0.000-11.78  1.59  4.08  0.00 -6.10 0.501  00  01T034M000  1.000
ARG01A0081_016  0.000-13.19  4.99  5.70  0.00 -2.50 0.502  00  01T03FM000  1.000
ARG01A0081_017  0.000-10.79  1.12  3.02  0.00 -6.66 0.502  00  01T052M000  1.000
ARG01A0081_018  0.000-12.12  2.10  3.39  0.00 -6.64 0.502  00  01T066M000  1.000
ARG01A0081_019  0.000-10.78  0.75  3.82  0.00 -6.21 0.501  00  01T0CBM000  1.000
ARG01A0081_020  0.000-10.97  0.85  3.47  0.00 -6.65 0.502  00  01T0EFM000  1.000
ARG02A0081_021  0.000-12.66  0.65  0.69  0.00-11.32 0.501  00  02O000M000  1.000
ARG02A0081_022  0.000-13.31  4.32  5.33  0.00 -3.67 0.502  00  02E03FM000  1.000
ARG02A0081_023  0.000-10.02  0.88  3.61  0.00 -5.53 0.502  00  02E0B3M000  1.000
ARG02A0081_024  0.000-10.71  0.76  3.78  0.00 -6.17 0.501  00  02E0CBM000  1.000
ARG02A0081_025  0.000-12.22  1.69  3.62  0.00 -6.91 0.502  00  02E0F2M000  1.000
ARG02A0081_026  0.000-13.70  1.26  0.74  0.00-11.70 0.503  00  02E026M000  1.000
ARG02A0081_027  0.000-10.52  0.12  3.63  0.00 -6.76 0.502  00  02E0D2M000  1.000
ARG02A0081_028  0.000 -9.46  0.51  3.09  0.00 -5.86 0.502  00  02T070M000  1.000
ARG02A0081_029  0.000-12.20  6.44  0.66  0.00 -5.10 0.501  00  02T0DFM000  1.000
ARG02A0081_030  0.000-12.84  0.89  2.70  0.00 -9.25 0.502  00  02T00FM000  1.000
ARG02A0081_031  0.000-11.44  3.99  0.64  0.00 -6.80 0.502  00  02T050M000  1.000
ARG02A0081_032  0.000-12.15  1.93  3.36  0.00 -6.86 0.502  00  02T066M000  1.000
ARG02A0081_033  0.000-11.60  0.67  0.66  0.00-10.27 0.502  00  02T06EM000  1.000
ARG02A0081_034  0.000-11.27  1.23  0.62  0.00 -9.42 0.502  00  02T07FM000  1.000
ARG02A0081_035  0.000-10.02  1.04  5.78  0.00 -3.20 0.502  00  02T09EM000  1.000
ARG02A0081_036  0.000-11.17  2.15  3.69  0.00 -5.32 0.501  00  02T034M000  1.000
ARG02A0081_037  0.000-10.61  1.12  2.98  0.00 -6.51 0.502  00  02T052M000  1.000
ARG02A0081_038  0.000-11.66  0.27  0.77  0.00-10.63 0.501  00  02T059M000  1.000
ARG02A0081_039  0.000 -6.47  1.85  1.27  0.00 -3.35 0.502  00  02T0E2M000  1.000
ARG02A0081_040  0.000-10.58  0.87  3.47  0.00 -6.24 0.502  00  02T0EFM000  1.000
ARG03A0081_041  0.000-12.66  0.65  0.69  0.00-11.32 0.501  00  03O000M000  1.000
ARG03A0081_042  0.000-12.11  1.69  3.62  0.00 -6.80 0.502  00  03E0F2M000  1.000
ARG03A0081_043  0.000-10.60  1.10  2.97  0.00 -6.52 0.502  00  03E052M000  1.000
ARG03A0081_044  0.000-11.64  0.23  0.78  0.00-10.63 0.501  00  03E059M000  1.000
ARG03A0081_045  0.000-11.65  0.67  0.67  0.00-10.31 0.502  00  03E06EM000  1.000
ARG03A0081_046  0.000-10.73  0.89  3.47  0.00 -6.37 0.502  00  03E0EFM000  1.000
ARG03A0081_047  0.000-11.39  1.23  0.62  0.00 -9.54 0.502  00  03T07FM000  1.000
ARG03A0081_048  0.000 -9.58  1.01  5.78  0.00 -2.80 0.502  00  03T09EM000  1.000
ARG03A0081_049  0.000-10.72  0.76  3.78  0.00 -6.18 0.501  00  03T0CBM000  1.000
ARG03A0081_050  0.000-11.97  6.60  0.65  0.00 -4.72 0.501  00  03T0DFM000  1.000
ARG03A0081_051  0.000-13.70  1.25  0.74  0.00-11.71 0.503  00  03T026M000  1.000
ARG03A0081_052  0.000-11.29  2.16  3.68  0.00 -5.45 0.501  00  03T034M000  1.000
ARG03A0081_053  0.000-13.20  4.29  5.30  0.00 -3.61 0.502  00  03T03FM000  1.000
ARG03A0081_054  0.000-11.98  1.90  3.36  0.00 -6.72 0.502  00  03T066M000  1.000
ARG03A0081_055  0.000-10.56  0.10  3.64  0.00 -6.82 0.502  00  03T0D2M000  1.000
ARG03A0081_056  0.000-12.86  0.90  2.64  0.00 -9.32 0.502  00  03T00FM000  1.000
ARG03A0081_057  0.000-11.59  3.98  0.64  0.00 -6.96 0.502  00  03T050M000  1.000
ARG03A0081_058  0.000 -9.46  0.50  3.11  0.00 -5.85 0.502  00  03T070M000  1.000
ARG03A0081_059  0.000-10.03  0.88  3.60  0.00 -5.55 0.502  00  03T0B3M000  1.000
ARG03A0081_060  0.000 -6.16  1.86  1.28  0.00 -3.03 0.502  00  03T0E2M000  1.000
ARG+1A0081_061  1.000-12.70  0.65  0.69  0.00-11.36 0.501  00  +1O000M000  1.000
ARG+1A0081_062  1.000-11.27  2.14  3.70  0.00 -5.43 0.501  00  +1E034M000  1.000
ARG+1A0081_063  1.000-11.74  0.23  0.78  0.00-10.74 0.501  00  +1E059M000  1.000
ARG+1A0081_064  1.000-11.68  0.67  0.67  0.00-10.35 0.502  00  +1E06EM000  1.000
ARG+1A0081_065  1.000-11.38  1.23  0.62  0.00 -9.53 0.502  00  +1E07FM000  1.000
ARG+1A0081_066  1.000-10.06  0.88  3.62  0.00 -5.56 0.502  00  +1E0B3M000  1.000
ARG+1A0081_067  1.000-10.75  0.76  3.79  0.00 -6.21 0.501  00  +1E0CBM000  1.000
ARG+1A0081_068  1.000-10.60  0.09  3.65  0.00 -6.86 0.502  00  +1E0D2M000  1.000
ARG+1A0081_069  1.000-11.96  6.57  0.65  0.00 -4.74 0.501  00  +1E0DFM000  1.000
ARG+1A0081_070  1.000 -6.13  1.88  1.28  0.00 -2.97 0.502  00  +1E0E2M000  1.000
ARG+1A0081_071  1.000-12.26  1.69  3.62  0.00 -6.95 0.502  00  +1E0F2M000  1.000
ARG+1A0081_072  1.000-12.88  0.89  2.71  0.00 -9.29 0.502  00  +1T00FM000  1.000
ARG+1A0081_073  1.000-13.74  1.25  0.75  0.00-11.74 0.503  00  +1T026M000  1.000
ARG+1A0081_074  1.000-13.16  4.33  5.34  0.00 -3.49 0.502  00  +1T03FM000  1.000
ARG+1A0081_075  1.000-11.49  4.00  0.65  0.00 -6.84 0.502  00  +1T050M000  1.000
ARG+1A0081_076  1.000-10.63  1.11  2.98  0.00 -6.55 0.502  00  +1T052M000  1.000
ARG+1A0081_077  1.000-12.13  1.94  3.36  0.00 -6.83 0.502  00  +1T066M000  1.000
ARG+1A0081_078  1.000 -9.09  0.50  3.10  0.00 -5.49 0.502  00  +1T070M000  1.000
ARG+1A0081_079  1.000 -9.53  1.01  5.77  0.00 -2.75 0.502  00  +1T09EM000  1.000
ARG+1A0081_080  1.000-10.74  0.87  3.48  0.00 -6.39 0.502  00  +1T0EFM000  1.000
