iConf CONFORMER     FL  occ    crg   Em0  pKa0 ne nH    vdw0    vdw1    tors    epol   dsolv   extra    history
00001 ARG01A0081_001 f 0.00  0.000     0  0.00  0  0 -12.589   0.769   0.692  -0.007  -0.127   0.000 01O000M000t
00002 ARG01A0081_002 f 0.00  0.000     0  0.00  0  0 -13.048   1.043   2.858   0.030  -0.083   0.000 01E00FM000t
00003 ARG01A0081_003 f 0.00  0.000     0  0.00  0  0 -13.562   1.064   1.013   0.045  -0.284   0.000 01E026M000t
00004 ARG01A0081_004 f 0.00  0.000     0  0.00  0  0 -11.441   3.955   0.680  -0.004  -0.239   0.000 01E050M000t
00005 ARG01A0081_005 f 0.00  0.000     0  0.00  0  0 -11.741   0.266   0.793   0.059   0.049   0.000 01E059M000t
00006 ARG01A0081_006 f 0.00  0.000     0  0.00  0  0 -11.573   0.780   0.670   0.013  -0.031   0.000 01E06EM000t
00007 ARG01A0081_007 f 0.00  0.000     0  0.00  0  0  -9.816   0.606   3.149   0.033   0.128   0.000 01E070M000t
00008 ARG01A0081_008 f 0.00  0.000     0  0.00  0  0 -11.468   1.283   0.676  -0.006   0.024   0.000 01E07FM000t
00009 ARG01A0081_009 f 0.00  0.000     0  0.00  0  0  -9.606   1.064   5.779   0.088   0.071   0.000 01E09EM000t
00010 ARG01A0081_010 f 0.00  0.000     0  0.00  0  0 -10.707   0.948   3.651   0.023  -0.374   0.000 01E0B3M000t
00011 ARG01A0081_011 f 0.00  0.000     0  0.00  0  0 -10.779   0.189   3.747  -0.097  -0.107   0.000 01E0D2M000t
00012 ARG01A0081_012 f 0.00  0.000     0  0.00  0  0 -12.157   6.081   0.734   0.287   0.076   0.000 01E0DFM000t
00013 ARG01A0081_013 f 0.00  0.000     0  0.00  0  0  -6.136   1.845   1.285   0.082   0.235   0.000 01E0E2M000t
00014 ARG01A0081_014 f 0.00  0.000     0  0.00  0  0 -12.279   1.545   3.684   0.013  -0.051   0.000 01E0F2M000t
00015 ARG01A0081_015 f 0.00  0.000     0  0.00  0  0 -11.774   1.596   4.085   0.108  -0.437   0.000 01T034M000t
00016 ARG01A0081_016 f 0.00  0.000     0  0.00  0  0 -13.197   4.996   5.703   0.057  -0.073   0.000 01T03FM000t
00017 ARG01A0081_017 f 0.00  0.000     0  0.00  0  0 -10.797   1.170   3.016  -0.024  -0.002   0.000 01T052M000t
00018 ARG01A0081_018 f 0.00  0.000     0  0.00  0  0 -12.117   2.097   3.385   0.116   0.035   0.000 01T066M000t
00019 ARG01A0081_019 f 0.00  0.000     0  0.00  0  0 -10.781   0.800   3.817   0.055  -0.021   0.000 01T0CBM000t
00020 ARG01A0081_020 f 0.00  0.000     0  0.00  0  0 -10.971   0.856   3.470   0.223   0.387   0.000 01T0EFM000t
00021 ARG02A0081_021 f 0.00  0.000     0  0.00  0  0 -12.661   0.755   0.692   0.026   0.907   0.000 02O000M000t
00022 ARG02A0081_022 f 0.00  0.000     0  0.00  0  0 -13.318   4.312   5.331   0.066   0.879   0.000 02E03FM000t
00023 ARG02A0081_023 f 0.00  0.000     0  0.00  0  0 -10.013   0.928   3.611   0.027   0.927   0.000 02E0B3M000t
00024 ARG02A0081_024 f 0.00  0.000     0  0.00  0  0 -10.652   0.804   3.785   0.051   1.021   0.000 02E0CBM000t
00025 ARG02A0081_025 f 0.00  0.000     0  0.00  0  0 -12.217   1.691   3.620   0.032   0.897   0.000 02E0F2M000t
00026 ARG02A0081_026 f 0.00  0.000     0  0.00  0  0 -13.699   1.306   0.743   0.065   0.560   0.000 02E026M000t
00027 ARG02A0081_027 f 0.00  0.000     0  0.00  0  0 -10.514   0.171   3.633  -0.185   0.750   0.000 02E0D2M000t
00028 ARG02A0081_028 f 0.00  0.000     0  0.00  0  0  -9.457   0.616   3.087   0.064   1.109   0.000 02T070M000t
00029 ARG02A0081_029 f 0.00  0.000     0  0.00  0  0 -12.210   6.425   0.662   0.312   0.990   0.000 02T0DFM000t
00030 ARG02A0081_030 f 0.00  0.000     0  0.00  0  0 -12.835   0.996   2.700   0.030   0.844   0.000 02T00FM000t
00031 ARG02A0081_031 f 0.00  0.000     0  0.00  0  0 -11.434   4.048   0.644  -0.015   1.182   0.000 02T050M000t
00032 ARG02A0081_032 f 0.00  0.000     0  0.00  0  0 -12.100   1.933   3.358   0.031   0.567   0.000 02T066M000t
00033 ARG02A0081_033 f 0.00  0.000     0  0.00  0  0 -11.600   0.774   0.665   0.011   0.691   0.000 02T06EM000t
00034 ARG02A0081_034 f 0.00  0.000     0  0.00  0  0 -11.271   1.288   0.621   0.015   0.557   0.000 02T07FM000t
00035 ARG02A0081_035 f 0.00  0.000     0  0.00  0  0 -10.021   1.098   5.778   0.007   0.829   0.000 02T09EM000t
00036 ARG02A0081_036 f 0.00  0.000     0  0.00  0  0 -11.164   2.156   3.695   0.110   0.256   0.000 02T034M000t
00037 ARG02A0081_037 f 0.00  0.000     0  0.00  0  0 -10.611   1.172   2.977  -0.029   0.826   0.000 02T052M000t
00038 ARG02A0081_038 f 0.00  0.000     0  0.00  0  0 -11.659   0.309   0.768  -0.009   1.037   0.000 02T059M000t
00039 ARG02A0081_039 f 0.00  0.000     0  0.00  0  0  -6.477   1.848   1.266   0.000   0.921   0.000 02T0E2M000t
00040 ARG02A0081_040 f 0.00  0.000     0  0.00  0  0 -10.587   0.869   3.472   0.109   0.795   0.000 02T0EFM000t
00041 ARG03A0081_041 f 0.00  0.000     0  0.00  0  0 -12.665   0.755   0.692   0.024   0.800   0.000 03O000M000t
00042 ARG03A0081_042 f 0.00  0.000     0  0.00  0  0 -12.113   1.691   3.617   0.027   0.839   0.000 03E0F2M000t
00043 ARG03A0081_043 f 0.00  0.000     0  0.00  0  0 -10.595   1.162   2.974  -0.033   1.006   0.000 03E052M000t
00044 ARG03A0081_044 f 0.00  0.000     0  0.00  0  0 -11.648   0.277   0.775   0.051   0.811   0.000 03E059M000t
00045 ARG03A0081_045 f 0.00  0.000     0  0.00  0  0 -11.653   0.772   0.664   0.029   0.630   0.000 03E06EM000t
00046 ARG03A0081_046 f 0.00  0.000     0  0.00  0  0 -10.739   0.893   3.469   0.162   1.041   0.000 03E0EFM000t
00047 ARG03A0081_047 f 0.00  0.000     0  0.00  0  0 -11.396   1.287   0.620   0.009   1.110   0.000 03T07FM000t
00048 ARG03A0081_048 f 0.00  0.000     0  0.00  0  0  -9.576   1.061   5.776   0.089   1.167   0.000 03T09EM000t
00049 ARG03A0081_049 f 0.00  0.000     0  0.00  0  0 -10.710   0.806   3.779   0.059   0.829   0.000 03T0CBM000t
00050 ARG03A0081_050 f 0.00  0.000     0  0.00  0  0 -11.973   6.596   0.649   0.289   1.038   0.000 03T0DFM000t
00051 ARG03A0081_051 f 0.00  0.000     0  0.00  0  0 -13.697   1.294   0.740   0.065   0.818   0.000 03T026M000t
00052 ARG03A0081_052 f 0.00  0.000     0  0.00  0  0 -11.297   2.159   3.683   0.098   0.849   0.000 03T034M000t
00053 ARG03A0081_053 f 0.00  0.000     0  0.00  0  0 -13.206   4.297   5.299   0.061   0.690   0.000 03T03FM000t
00054 ARG03A0081_054 f 0.00  0.000     0  0.00  0  0 -11.982   1.903   3.362   0.041   0.540   0.000 03T066M000t
00055 ARG03A0081_055 f 0.00  0.000     0  0.00  0  0 -10.566   0.143   3.641  -0.149   0.688   0.000 03T0D2M000t
00056 ARG03A0081_056 f 0.00  0.000     0  0.00  0  0 -12.855   0.997   2.640   0.031   0.675   0.000 03T00FM000t
00057 ARG03A0081_057 f 0.00  0.000     0  0.00  0  0 -11.585   4.030   0.642  -0.014   0.909   0.000 03T050M000t
00058 ARG03A0081_058 f 0.00  0.000     0  0.00  0  0  -9.411   0.604   3.105   0.027   1.029   0.000 03T070M000t
00059 ARG03A0081_059 f 0.00  0.000     0  0.00  0  0 -10.034   0.928   3.600   0.027   0.839   0.000 03T0B3M000t
00060 ARG03A0081_060 f 0.00  0.000     0  0.00  0  0  -6.103   1.853   1.279   0.041   1.018   0.000 03T0E2M000t
00061 ARG+1A0081_061 f 0.00  1.000     0 12.50  0  1 -12.704   0.755   0.692   0.116  -0.292   0.000 +1O000M000t
00062 ARG+1A0081_062 f 0.00  1.000     0 12.50  0  1 -11.275   2.146   3.701   0.208  -0.071   0.000 +1E034M000t
00063 ARG+1A0081_063 f 0.00  1.000     0 12.50  0  1 -11.742   0.271   0.776   0.160  -0.170   0.000 +1E059M000t
00064 ARG+1A0081_064 f 0.00  1.000     0 12.50  0  1 -11.688   0.771   0.668   0.070  -0.103   0.000 +1E06EM000t
00065 ARG+1A0081_065 f 0.00  1.000     0 12.50  0  1 -11.374   1.282   0.622   0.107  -0.147   0.000 +1E07FM000t
00066 ARG+1A0081_066 f 0.00  1.000     0 12.50  0  1 -10.062   0.931   3.615   0.084  -0.432   0.000 +1E0B3M000t
00067 ARG+1A0081_067 f 0.00  1.000     0 12.50  0  1 -10.750   0.800   3.787   0.134  -0.195   0.000 +1E0CBM000t
00068 ARG+1A0081_068 f 0.00  1.000     0 12.50  0  1 -10.597   0.144   3.646   0.167  -0.295   0.000 +1E0D2M000t
00069 ARG+1A0081_069 f 0.00  1.000     0 12.50  0  1 -11.957   6.561   0.654   0.556  -0.033   0.000 +1E0DFM000t
00070 ARG+1A0081_070 f 0.00  1.000     0 12.50  0  1  -6.084   1.882   1.279   0.170   0.112   0.000 +1E0E2M000t
00071 ARG+1A0081_071 f 0.00  1.000     0 12.50  0  1 -12.267   1.692   3.620   0.016  -0.148   0.000 +1E0F2M000t
00072 ARG+1A0081_072 f 0.00  1.000     0 12.50  0  1 -12.889   0.990   2.708   0.071  -0.615   0.000 +1T00FM000t
00073 ARG+1A0081_073 f 0.00  1.000     0 12.50  0  1 -13.739   1.299   0.749   0.153  -0.258   0.000 +1T026M000t
00074 ARG+1A0081_074 f 0.00  1.000     0 12.50  0  1 -13.158   4.330   5.339   0.190  -0.114   0.000 +1T03FM000t
00075 ARG+1A0081_075 f 0.00  1.000     0 12.50  0  1 -11.490   4.056   0.648   0.062  -0.131   0.000 +1T050M000t
00076 ARG+1A0081_076 f 0.00  1.000     0 12.50  0  1 -10.637   1.161   2.978   0.089  -0.048   0.000 +1T052M000t
00077 ARG+1A0081_077 f 0.00  1.000     0 12.50  0  1 -12.124   1.939   3.359  -0.167   0.259   0.000 +1T066M000t
00078 ARG+1A0081_078 f 0.00  1.000     0 12.50  0  1  -9.098   0.600   3.101   0.089   0.166   0.000 +1T070M000t
00079 ARG+1A0081_079 f 0.00  1.000     0 12.50  0  1  -9.536   1.062   5.774   0.109  -0.247   0.000 +1T09EM000t
00080 ARG+1A0081_080 f 0.00  1.000     0 12.50  0  1 -10.734   0.875   3.475  -0.144   0.359   0.000 +1T0EFM000t
