   confID        vdw0    sas     sum
ARG01A0081_001   1.537 -14.126 -12.589
ARG01A0081_002   1.613 -14.661 -13.048
ARG01A0081_003   0.951 -14.513 -13.562
ARG01A0081_004   2.345 -13.786 -11.441
ARG01A0081_005   2.338 -14.079 -11.741
ARG01A0081_006   2.725 -14.298 -11.573
ARG01A0081_007   4.112 -13.928  -9.816
ARG01A0081_008   2.385 -13.853 -11.468
ARG01A0081_009   4.046 -13.652  -9.606
ARG01A0081_010   3.787 -14.493 -10.707
ARG01A0081_011   3.728 -14.506 -10.779
ARG01A0081_012   1.804 -13.961 -12.157
ARG01A0081_013   7.096 -13.231  -6.136
ARG01A0081_014   2.270 -14.549 -12.279
ARG01A0081_015   2.844 -14.618 -11.774
ARG01A0081_016   1.441 -14.638 -13.197
ARG01A0081_017   2.840 -13.638 -10.797
ARG01A0081_018   2.310 -14.427 -12.117
ARG01A0081_019   3.929 -14.710 -10.781
ARG01A0081_020   3.397 -14.367 -10.971
ARG02A0081_021   1.465 -14.126 -12.661
ARG02A0081_022   1.397 -14.715 -13.318
ARG02A0081_023   4.088 -14.101 -10.013
ARG02A0081_024   3.984 -14.637 -10.652
ARG02A0081_025   2.399 -14.616 -12.217
ARG02A0081_026   0.919 -14.618 -13.699
ARG02A0081_027   3.916 -14.430 -10.514
ARG02A0081_028   4.140 -13.597  -9.457
ARG02A0081_029   1.764 -13.974 -12.210
ARG02A0081_030   1.713 -14.548 -12.835
ARG02A0081_031   2.297 -13.731 -11.434
ARG02A0081_032   2.343 -14.443 -12.100
ARG02A0081_033   2.698 -14.298 -11.600
ARG02A0081_034   2.483 -13.754 -11.271
ARG02A0081_035   3.675 -13.696 -10.021
ARG02A0081_036   3.159 -14.323 -11.164
ARG02A0081_037   2.975 -13.586 -10.611
ARG02A0081_038   2.365 -14.024 -11.659
ARG02A0081_039   6.738 -13.215  -6.477
ARG02A0081_040   3.577 -14.164 -10.587
ARG03A0081_041   1.461 -14.126 -12.665
ARG03A0081_042   2.388 -14.501 -12.113
ARG03A0081_043   3.011 -13.606 -10.595
ARG03A0081_044   2.264 -13.912 -11.648
ARG03A0081_045   2.644 -14.298 -11.653
ARG03A0081_046   3.481 -14.219 -10.739
ARG03A0081_047   2.409 -13.805 -11.396
ARG03A0081_048   4.064 -13.639  -9.576
ARG03A0081_049   3.991 -14.701 -10.710
ARG03A0081_050   2.001 -13.974 -11.973
ARG03A0081_051   0.857 -14.554 -13.697
ARG03A0081_052   3.077 -14.374 -11.297
ARG03A0081_053   1.393 -14.600 -13.206
ARG03A0081_054   2.313 -14.295 -11.982
ARG03A0081_055   3.877 -14.442 -10.566
ARG03A0081_056   1.693 -14.548 -12.855
ARG03A0081_057   2.278 -13.863 -11.585
ARG03A0081_058   4.402 -13.813  -9.411
ARG03A0081_059   4.067 -14.101 -10.034
ARG03A0081_060   7.128 -13.231  -6.103
ARG+1A0081_061   1.422 -14.126 -12.704
ARG+1A0081_062   3.048 -14.323 -11.275
ARG+1A0081_063   2.234 -13.976 -11.742
ARG+1A0081_064   2.610 -14.298 -11.688
ARG+1A0081_065   2.380 -13.754 -11.374
ARG+1A0081_066   4.039 -14.101 -10.062
ARG+1A0081_067   3.951 -14.701 -10.750
ARG+1A0081_068   3.846 -14.442 -10.597
ARG+1A0081_069   1.952 -13.910 -11.957
ARG+1A0081_070   7.215 -13.299  -6.084
ARG+1A0081_071   2.349 -14.616 -12.267
ARG+1A0081_072   1.659 -14.548 -12.889
ARG+1A0081_073   0.815 -14.554 -13.739
ARG+1A0081_074   1.361 -14.519 -13.158
ARG+1A0081_075   2.241 -13.731 -11.490
ARG+1A0081_076   2.968 -13.606 -10.637
ARG+1A0081_077   2.252 -14.376 -12.124
ARG+1A0081_078   4.435 -13.533  -9.098
ARG+1A0081_079   4.048 -13.584  -9.536
ARG+1A0081_080   3.498 -14.232 -10.734
