CONFORMER         crg  vdw0  vdw1  tors  epol  self   occ  Hb     history    ASA
MET01A0079_001  0.000-11.27  0.92  0.15  0.00-10.21 0.507  00  01O000M000  1.000
MET01A0079_002  0.000-11.07  1.26  0.15  0.00 -9.67 0.507  00  01R002M000  1.000
MET01A0079_003  0.000-11.05  0.88  2.95  0.00 -7.22 0.506  00  01R004M000  1.000
MET01A0079_004  0.000-11.09  1.42  2.95  0.00 -6.72 0.508  00  01R009M000  1.000
MET01A0079_005  0.000-11.94  1.00  1.93  0.00 -9.01 0.507  00  01R00CM000  1.000
MET01A0079_006  0.000 -8.47  0.81  1.93  0.00 -5.74 0.507  00  01R010M000  1.000
MET01A0079_007  0.000-10.41  1.16  0.15  0.00 -9.10 0.508  00  01R018M000  1.000
MET01A0079_008  0.000-10.04  1.59  2.88  0.00 -5.57 0.507  00  01R01DM000  1.000
MET01A0079_009  0.000 -8.49  1.51  4.65  0.00 -2.32 0.506  00  01R01EM000  1.000
MET01A0079_010  0.000 -9.90  1.10  2.95  0.00 -5.85 0.508  00  01R02EM000  1.000
MET01A0079_011  0.000-11.17  1.41  4.72  0.00 -5.04 0.506  00  01R031M000  1.000
MET01A0079_012  0.000-11.31  1.59  2.95  0.00 -6.77 0.506  00  01R032M000  1.000
MET01A0079_013  0.000-11.83  4.29  0.25  0.00 -7.29 0.506  00  01R03AM000  1.000
MET01A0079_014  0.000-11.08  1.50  4.72  0.00 -4.85 0.508  00  01R03CM000  1.000
MET01A0079_015  0.000-11.15  2.00  7.43  0.00 -1.72 0.506  00  01R03FM000  1.000
MET01A0079_016  0.000-11.79  2.20  4.60  0.00 -4.98 0.507  00  01R045M000  1.000
MET01A0079_017  0.000-11.16  2.06  7.27  0.00 -1.83 0.507  00  01R04BM000  1.000
MET01A0079_018  0.000-11.63  4.13  4.24  0.00 -3.25 0.507  00  01T013M000  1.000
MET01A0079_019  0.000-12.40  2.39  2.85  0.00 -7.16 0.508  00  01T044M000  1.000
MET01A0079_020  0.000-11.58  2.14  7.33  0.00 -2.12 0.507  00  01T049M000  1.000
