iConf CONFORMER     FL  occ    crg   Em0  pKa0 ne nH    vdw0    vdw1    tors    epol   dsolv   extra    history
00001 MET01A0079_001 f 0.00  0.000     0  0.00  0  0 -11.274   0.990   0.151   0.029   0.044   0.000 01O000M000t
00002 MET01A0079_002 f 0.00  0.000     0  0.00  0  0 -11.072   1.329   0.149   0.045   0.044   0.000 01R002M000t
00003 MET01A0079_003 f 0.00  0.000     0  0.00  0  0 -11.045   0.874   2.949   0.034   0.044   0.000 01R004M000t
00004 MET01A0079_004 f 0.00  0.000     0  0.00  0  0 -11.089   1.418   2.947   0.040   0.045   0.000 01R009M000t
00005 MET01A0079_005 f 0.00  0.000     0  0.00  0  0 -11.944   1.077   1.926   0.029   0.042   0.000 01R00CM000t
00006 MET01A0079_006 f 0.00  0.000     0  0.00  0  0  -8.476   0.883   1.925   0.031   0.042   0.000 01R010M000t
00007 MET01A0079_007 f 0.00  0.000     0  0.00  0  0 -10.410   1.236   0.149   0.039   0.044   0.000 01R018M000t
00008 MET01A0079_008 f 0.00  0.000     0  0.00  0  0 -10.038   1.664   2.877   0.043   0.043   0.000 01R01DM000t
00009 MET01A0079_009 f 0.00  0.000     0  0.00  0  0  -8.489   1.588   4.651   0.039   0.042   0.000 01R01EM000t
00010 MET01A0079_010 f 0.00  0.000     0  0.00  0  0  -9.904   1.101   2.949   0.040   0.044   0.000 01R02EM000t
00011 MET01A0079_011 f 0.00  0.000     0  0.00  0  0 -11.099   1.408   4.724   0.040   0.043   0.000 01R031M000t
00012 MET01A0079_012 f 0.00  0.000     0  0.00  0  0 -11.305   1.590   2.947   0.039   0.043   0.000 01R032M000t
00013 MET01A0079_013 f 0.00  0.000     0  0.00  0  0 -11.830   4.284   0.252  -0.011   0.047   0.000 01R03AM000t
00014 MET01A0079_014 f 0.00  0.000     0  0.00  0  0 -11.030   1.505   4.723   0.041   0.045   0.000 01R03CM000t
00015 MET01A0079_015 f 0.00  0.000     0  0.00  0  0 -11.079   1.997   7.431   0.038   0.044   0.000 01R03FM000t
00016 MET01A0079_016 f 0.00  0.000     0  0.00  0  0 -11.790   2.201   4.604   0.053   0.047   0.000 01R045M000t
00017 MET01A0079_017 f 0.00  0.000     0  0.00  0  0 -11.157   2.063   7.267   0.035   0.042   0.000 01R04BM000t
00018 MET01A0079_018 f 0.00  0.000     0  0.00  0  0 -11.625   4.197   4.242   0.021   0.043   0.000 01T013M000t
00019 MET01A0079_019 f 0.00  0.000     0  0.00  0  0 -12.398   2.387   2.848   0.052   0.047   0.000 01T044M000t
00020 MET01A0079_020 f 0.00  0.000     0  0.00  0  0 -11.575   2.136   7.326   0.029   0.045   0.000 01T049M000t
