   confID        vdw0    sas     sum
MET01A0079_001   0.065 -11.339 -11.274
MET01A0079_002   0.066 -11.138 -11.072
MET01A0079_003   0.455 -11.500 -11.045
MET01A0079_004   0.433 -11.522 -11.089
MET01A0079_005  -0.024 -11.920 -11.944
MET01A0079_006   2.379 -10.855  -8.476
MET01A0079_007   0.842 -11.252 -10.410
MET01A0079_008   0.841 -10.878 -10.038
MET01A0079_009   2.379 -10.867  -8.489
MET01A0079_010   1.687 -11.591  -9.904
MET01A0079_011   0.455 -11.554 -11.099
MET01A0079_012   0.362 -11.667 -11.305
MET01A0079_013  -0.140 -11.690 -11.830
MET01A0079_014   0.439 -11.470 -11.030
MET01A0079_015   0.454 -11.533 -11.079
MET01A0079_016  -0.121 -11.669 -11.790
MET01A0079_017   0.411 -11.568 -11.157
MET01A0079_018  -0.083 -11.542 -11.625
MET01A0079_019  -0.172 -12.226 -12.398
MET01A0079_020   0.434 -12.009 -11.575
