iConf CONFORMER     FL  occ    crg   Em0  pKa0 ne nH    vdw0    vdw1    tors    epol   dsolv   extra    history
00001 LYS01A0113_001 f 0.00  0.000     0  0.00  0  0  -9.203   2.360   1.367  -0.028   0.069   0.000 01O000M000t
00002 LYS01A0113_002 f 0.00  0.000     0  0.00  0  0  -9.912   1.480   3.599  -0.009  -0.089   0.000 01E03DM000t
00003 LYS01A0113_003 f 0.00  0.000     0  0.00  0  0  -9.295   1.920   3.678  -0.087   0.184   0.000 01E044M000t
00004 LYS01A0113_004 f 0.00  0.000     0  0.00  0  0 -10.261   6.652   3.421  -0.029   0.016   0.000 01E050M000t
00005 LYS01A0113_005 f 0.00  0.000     0  0.00  0  0  -9.290   2.506   3.505  -0.055   0.075   0.000 01E08FM000t
00006 LYS01A0113_006 f 0.00  0.000     0  0.00  0  0  -8.979   2.526   4.512  -0.021   0.035   0.000 01E0B2M000t
00007 LYS01A0113_007 f 0.00  0.000     0  0.00  0  0  -6.948   1.016   1.614  -0.018  -0.004   0.000 01T008M000t
00008 LYS01A0113_008 f 0.00  0.000     0  0.00  0  0  -6.187   0.947   1.535   0.021   0.212   0.000 01T016M000t
00009 LYS01A0113_009 f 0.00  0.000     0  0.00  0  0  -6.020   2.391   1.792  -0.040   0.141   0.000 01T01FM000t
00010 LYS01A0113_010 f 0.00  0.000     0  0.00  0  0  -7.755   1.073   1.633  -0.021   0.027   0.000 01T023M000t
00011 LYS01A0113_011 f 0.00  0.000     0  0.00  0  0  -7.647   2.283   1.808  -0.004   0.144   0.000 01T02CM000t
00012 LYS01A0113_012 f 0.00  0.000     0  0.00  0  0  -9.465   2.475   6.433  -0.040  -0.034   0.000 01T04BM000t
00013 LYS01A0113_013 f 0.00  0.000     0  0.00  0  0  -8.349   2.762   4.272  -0.014   0.050   0.000 01T04EM000t
00014 LYS01A0113_014 f 0.00  0.000     0  0.00  0  0  -8.520   2.447   3.798  -0.019  -0.117   0.000 01T056M000t
00015 LYS01A0113_015 f 0.00  0.000     0  0.00  0  0  -7.347   1.034   1.404  -0.082   0.110   0.000 01T063M000t
00016 LYS01A0113_016 f 0.00  0.000     0  0.00  0  0  -9.124   2.236   6.174  -0.016  -0.202   0.000 01T070M000t
00017 LYS01A0113_017 f 0.00  0.000     0  0.00  0  0  -7.819   3.332   1.546  -0.032  -0.020   0.000 01T087M000t
00018 LYS01A0113_018 f 0.00  0.000     0  0.00  0  0  -8.429   1.416   4.184  -0.031  -0.029   0.000 01T08DM000t
00019 LYS01A0113_019 f 0.00  0.000     0  0.00  0  0  -7.938   2.353   4.594  -0.069  -0.057   0.000 01T0A7M000t
00020 LYS01A0113_020 f 0.00  0.000     0  0.00  0  0  -7.885   2.762   4.579  -0.013  -0.150   0.000 01T0B3M000t
00021 LYS+1A0113_021 f 0.00  1.000     0 10.40  0  1  -9.275   2.357   1.367  -0.008   0.085   0.000 +1O000M000t
00022 LYS+1A0113_022 f 0.00  1.000     0 10.40  0  1  -7.787   1.071   1.645   0.101  -0.031   0.000 +1E023M000t
00023 LYS+1A0113_023 f 0.00  1.000     0 10.40  0  1  -7.644   2.301   1.821   0.208   0.323   0.000 +1E02CM000t
00024 LYS+1A0113_024 f 0.00  1.000     0 10.40  0  1  -9.389   1.940   3.769   0.325   0.012   0.000 +1E044M000t
00025 LYS+1A0113_025 f 0.00  1.000     0 10.40  0  1  -9.781   2.488   6.511   0.187   0.085   0.000 +1E04BM000t
00026 LYS+1A0113_026 f 0.00  1.000     0 10.40  0  1  -9.240   2.233   6.272   0.083  -0.137   0.000 +1E070M000t
00027 LYS+1A0113_027 f 0.00  1.000     0 10.40  0  1  -8.461   1.399   4.223   0.124  -0.246   0.000 +1E08DM000t
00028 LYS+1A0113_028 f 0.00  1.000     0 10.40  0  1  -6.903   1.017   1.622   0.136   0.023   0.000 +1T008M000t
00029 LYS+1A0113_029 f 0.00  1.000     0 10.40  0  1  -6.079   0.939   1.533   0.247   0.549   0.000 +1T016M000t
00030 LYS+1A0113_030 f 0.00  1.000     0 10.40  0  1  -5.818   2.395   1.792   0.212   0.348   0.000 +1T01FM000t
00031 LYS+1A0113_031 f 0.00  1.000     0 10.40  0  1  -9.765   1.484   3.665   0.060  -0.142   0.000 +1T03DM000t
00032 LYS+1A0113_032 f 0.00  1.000     0 10.40  0  1  -8.277   2.764   4.279   0.073  -0.193   0.000 +1T04EM000t
00033 LYS+1A0113_033 f 0.00  1.000     0 10.40  0  1 -10.334   6.557   3.455   0.137  -0.131   0.000 +1T050M000t
00034 LYS+1A0113_034 f 0.00  1.000     0 10.40  0  1  -8.559   2.446   3.831   0.063  -0.179   0.000 +1T056M000t
00035 LYS+1A0113_035 f 0.00  1.000     0 10.40  0  1  -7.366   1.003   1.410   0.271   0.256   0.000 +1T063M000t
00036 LYS+1A0113_036 f 0.00  1.000     0 10.40  0  1  -7.977   3.312   1.545  -0.007  -0.008   0.000 +1T087M000t
00037 LYS+1A0113_037 f 0.00  1.000     0 10.40  0  1  -9.374   2.368   3.640   0.207  -0.140   0.000 +1T08FM000t
00038 LYS+1A0113_038 f 0.00  1.000     0 10.40  0  1  -7.950   2.346   4.608   0.303  -0.191   0.000 +1T0A7M000t
00039 LYS+1A0113_039 f 0.00  1.000     0 10.40  0  1  -9.091   2.522   4.509   0.108  -0.154   0.000 +1T0B2M000t
00040 LYS+1A0113_040 f 0.00  1.000     0 10.40  0  1  -7.845   2.765   4.596   0.065  -0.167   0.000 +1T0B3M000t
