   confID        vdw0    sas     sum
LYS01A0113_001   2.668 -11.872  -9.203
LYS01A0113_002   2.896 -12.807  -9.912
LYS01A0113_003   2.873 -12.168  -9.295
LYS01A0113_004   2.312 -12.573 -10.261
LYS01A0113_005   3.219 -12.509  -9.290
LYS01A0113_006   3.224 -12.203  -8.979
LYS01A0113_007   5.034 -11.981  -6.948
LYS01A0113_008   5.602 -11.789  -6.187
LYS01A0113_009   6.216 -12.236  -6.020
LYS01A0113_010   4.526 -12.281  -7.755
LYS01A0113_011   4.506 -12.153  -7.647
LYS01A0113_012   2.842 -12.307  -9.465
LYS01A0113_013   4.230 -12.579  -8.349
LYS01A0113_014   3.495 -12.015  -8.520
LYS01A0113_015   4.864 -12.210  -7.347
LYS01A0113_016   3.274 -12.399  -9.124
LYS01A0113_017   4.262 -12.081  -7.819
LYS01A0113_018   3.982 -12.412  -8.429
LYS01A0113_019   4.245 -12.183  -7.938
LYS01A0113_020   4.610 -12.495  -7.885
LYS+1A0113_021   2.597 -11.872  -9.275
LYS+1A0113_022   4.493 -12.281  -7.787
LYS+1A0113_023   4.431 -12.075  -7.644
LYS+1A0113_024   2.792 -12.181  -9.389
LYS+1A0113_025   2.761 -12.542  -9.781
LYS+1A0113_026   3.277 -12.518  -9.240
LYS+1A0113_027   3.950 -12.412  -8.461
LYS+1A0113_028   5.011 -11.914  -6.903
LYS+1A0113_029   5.659 -11.738  -6.079
LYS+1A0113_030   6.284 -12.101  -5.818
LYS+1A0113_031   2.868 -12.633  -9.765
LYS+1A0113_032   4.237 -12.514  -8.277
LYS+1A0113_033   2.252 -12.586 -10.334
LYS+1A0113_034   3.456 -12.015  -8.559
LYS+1A0113_035   4.912 -12.278  -7.366
LYS+1A0113_036   4.172 -12.149  -7.977
LYS+1A0113_037   3.267 -12.641  -9.374
LYS+1A0113_038   4.285 -12.234  -7.950
LYS+1A0113_039   3.163 -12.254  -9.091
LYS+1A0113_040   4.650 -12.495  -7.845
