CONFORMER         crg  vdw0  vdw1  tors  epol  self   occ  Hb     history    ASA
TYR01A0109_001  0.000 -9.19  0.67  0.08  0.00 -8.44 0.523  00  01O000M000  1.000
TYR01A0109_002  0.000 -8.61  5.29  0.04  0.00 -3.28 0.520  00  01E001M000  1.000
TYR01A0109_003  0.000 -9.19  0.67  0.08  0.00 -8.44 0.523  00  01O000M000  1.000
TYR01A0109_004  0.000 -9.29 -0.52  0.08  0.00 -9.73 0.523  00  01E00AM000  1.000
TYR01A0109_005  0.000 -9.07  1.90  2.69  0.00 -4.48 0.521  00  01T002M000  1.000
TYR01A0109_006  0.000 -9.22  2.78  0.08  0.00 -6.36 0.521  00  01T003M000  1.000
TYR01A0109_007  0.000 -9.04  2.58  2.67  0.00 -3.79 0.522  00  01T012M000  1.000
TYR01A0109_008  0.000 -9.39  2.58  2.70  0.00 -4.12 0.522  00  01T014M000  1.000
TYR01A0109_009  0.000 -8.49 -0.45  0.08  0.00 -8.86 0.521  00  01T00BM000  1.000
TYR01A0109_010  0.000 -8.74  1.48  2.71  0.00 -4.55 0.522  00  01T00DM000  1.000
TYR01A0109_011  0.000 -8.53 -0.38  0.08  0.00 -8.84 0.520  00  01T004M000  1.000
TYR01A0109_012  0.000 -9.63  0.51  0.07  0.00 -9.06 0.520  00  01T00EM000  1.000
TYR01A0109_013  0.000 -8.98 -0.27  0.08  0.00 -9.17 0.525  00  01T00FM000  1.000
TYR01A0109_014  0.000 -9.82  1.55  0.05  0.00 -8.22 0.521  00  01T005M000  1.000
TYR01A0109_015  0.000 -9.46  5.90  0.12  0.00 -3.43 0.521  00  01T006M000  1.000
TYR01A0109_016  0.000 -8.44 -0.37  0.08  0.00 -8.73 0.520  00  01T007M000  1.000
TYR01A0109_017  0.000 -8.78  0.90  2.71  0.00 -5.17 0.520  00  01T008M000  1.000
TYR01A0109_018  0.000 -8.92  1.46  2.71  0.00 -4.75 0.521  00  01T00CM000  1.000
TYR01A0109_019  0.000 -9.46  1.16  0.07  0.00 -8.23 0.523  00  01T010M000  1.000
TYR01A0109_020  0.000 -9.40  3.77  2.68  0.00 -2.95 0.527  00  01T015M000  1.000
TYR01A0109_021  0.000 -9.33  0.99  2.71  0.00 -5.64 0.522  00  01T016M000  1.000
TYR-1A0109_022 -1.000 -9.19  0.67  0.08  0.00 -8.44 0.523  00  -1O000M000  1.000
TYR-1A0109_023 -1.000 -8.66  5.20  0.04  0.00 -3.42 0.520  00  -1E001M000  1.000
TYR-1A0109_024 -1.000 -9.89  1.45  0.05  0.00 -8.39 0.521  00  -1E005M000  1.000
TYR-1A0109_025 -1.000 -9.21  5.78  0.12  0.00 -3.30 0.521  00  -1E006M000  1.000
TYR-1A0109_026 -1.000 -8.75  0.90  2.71  0.00 -5.15 0.520  00  -1E008M000  1.000
TYR-1A0109_027 -1.000 -9.42 -0.53  0.08  0.00 -9.87 0.523  00  -1E00AM000  1.000
TYR-1A0109_028 -1.000 -8.52 -0.43  0.08  0.00 -8.87 0.521  00  -1E00BM000  1.000
TYR-1A0109_029 -1.000 -8.90  1.46  2.71  0.00 -4.74 0.521  00  -1E00CM000  1.000
TYR-1A0109_030 -1.000 -9.67  0.55  0.06  0.00 -9.05 0.520  00  -1E00EM000  1.000
TYR-1A0109_031 -1.000 -9.04 -0.26  0.08  0.00 -9.22 0.525  00  -1E00FM000  1.000
TYR-1A0109_032 -1.000 -9.36  1.23  0.07  0.00 -8.06 0.523  00  -1E010M000  1.000
TYR-1A0109_033 -1.000 -9.20  2.44  2.67  0.00 -4.09 0.522  00  -1E012M000  1.000
TYR-1A0109_034 -1.000 -9.50  2.59  2.69  0.00 -4.22 0.522  00  -1E014M000  1.000
TYR-1A0109_035 -1.000 -9.02  1.91  2.69  0.00 -4.42 0.521  00  -1T002M000  1.000
TYR-1A0109_036 -1.000 -9.27  2.79  0.08  0.00 -6.41 0.521  00  -1T003M000  1.000
TYR-1A0109_037 -1.000 -8.48 -0.38  0.08  0.00 -8.79 0.520  00  -1T004M000  1.000
TYR-1A0109_038 -1.000 -8.44 -0.37  0.08  0.00 -8.73 0.520  00  -1T007M000  1.000
TYR-1A0109_039 -1.000 -8.80  1.48  2.71  0.00 -4.61 0.522  00  -1T00DM000  1.000
TYR-1A0109_040 -1.000 -9.21  3.76  2.68  0.00 -2.77 0.527  00  -1T015M000  1.000
TYR-1A0109_041 -1.000 -9.33  0.99  2.71  0.00 -5.64 0.522  00  -1T016M000  1.000
