iConf CONFORMER     FL  occ    crg   Em0  pKa0 ne nH    vdw0    vdw1    tors    epol   dsolv   extra    history
00001 TYR01A0109_001 f 0.00  0.000     0  0.00  0  0  -9.193   0.673   0.085   0.321   0.001   0.000 01O000M000t
00002 TYR01A0109_002 f 0.00  0.000     0  0.00  0  0  -8.552   5.271   0.043   0.314  -0.076   0.000 01E001M000t
00003 TYR01A0109_003 f 0.00  0.000     0  0.00  0  0  -9.193   0.673   0.085   0.321  -0.121   0.000 01O000M000t
00004 TYR01A0109_004 f 0.00  0.000     0  0.00  0  0  -9.435  -0.521   0.080   0.389  -0.105   0.000 01E00AM000t
00005 TYR01A0109_005 f 0.00  0.000     0  0.00  0  0  -9.076   1.902   2.694   0.301  -0.087   0.000 01T002M000t
00006 TYR01A0109_006 f 0.00  0.000     0  0.00  0  0  -9.218   2.781   0.080   0.444   0.029   0.000 01T003M000t
00007 TYR01A0109_007 f 0.00  0.000     0  0.00  0  0  -9.040   2.582   2.674   0.287  -0.129   0.000 01T012M000t
00008 TYR01A0109_008 f 0.00  0.000     0  0.00  0  0  -9.391   2.575   2.699   0.348  -0.075   0.000 01T014M000t
00009 TYR01A0109_009 f 0.00  0.000     0  0.00  0  0  -8.486  -0.452   0.080   0.380  -0.068   0.000 01T00BM000t
00010 TYR01A0109_010 f 0.00  0.000     0  0.00  0  0  -8.690   1.482   2.708   0.168  -0.049   0.000 01T00DM000t
00011 TYR01A0109_011 f 0.00  0.000     0  0.00  0  0  -8.528  -0.383   0.079   0.328   0.025   0.000 01T004M000t
00012 TYR01A0109_012 f 0.00  0.000     0  0.00  0  0  -9.622   0.562   0.067   0.211  -0.034   0.000 01T00EM000t
00013 TYR01A0109_013 f 0.00  0.000     0  0.00  0  0  -8.981  -0.215   0.078   0.150  -0.129   0.000 01T00FM000t
00014 TYR01A0109_014 f 0.00  0.000     0  0.00  0  0  -9.819   1.548   0.055   0.342   0.023   0.000 01T005M000t
00015 TYR01A0109_015 f 0.00  0.000     0  0.00  0  0  -9.400   5.891   0.117   0.429   0.189   0.000 01T006M000t
00016 TYR01A0109_016 f 0.00  0.000     0  0.00  0  0  -8.432  -0.365   0.078   0.297  -0.025   0.000 01T007M000t
00017 TYR01A0109_017 f 0.00  0.000     0  0.00  0  0  -8.782   0.894   2.708   0.327   0.038   0.000 01T008M000t
00018 TYR01A0109_018 f 0.00  0.000     0  0.00  0  0  -8.930   1.463   2.708   0.197   0.082   0.000 01T00CM000t
00019 TYR01A0109_019 f 0.00  0.000     0  0.00  0  0  -9.462   1.221   0.069   0.213  -0.024   0.000 01T010M000t
00020 TYR01A0109_020 f 0.00  0.000     0  0.00  0  0  -9.393   3.767   2.681   0.282  -0.078   0.000 01T015M000t
00021 TYR01A0109_021 f 0.00  0.000     0  0.00  0  0  -9.339   0.986   2.708   0.293  -0.208   0.000 01T016M000t
00022 TYR-1A0109_022 f 0.00 -1.000     0 10.20  0 -1  -9.193   0.673   0.085   0.177  -0.982   0.000 -1O000M000t
00023 TYR-1A0109_023 f 0.00 -1.000     0 10.20  0 -1  -8.661   5.179   0.038   0.302  -0.848   0.000 -1E001M000t
00024 TYR-1A0109_024 f 0.00 -1.000     0 10.20  0 -1  -9.894   1.451   0.052   0.173  -1.048   0.000 -1E005M000t
00025 TYR-1A0109_025 f 0.00 -1.000     0 10.20  0 -1  -9.203   5.790   0.122   0.325  -1.003   0.000 -1E006M000t
00026 TYR-1A0109_026 f 0.00 -1.000     0 10.20  0 -1  -8.758   0.896   2.706   0.268  -0.761   0.000 -1E008M000t
00027 TYR-1A0109_027 f 0.00 -1.000     0 10.20  0 -1  -9.423  -0.525   0.079   0.364  -0.862   0.000 -1E00AM000t
00028 TYR-1A0109_028 f 0.00 -1.000     0 10.20  0 -1  -8.512  -0.431   0.079   0.369  -0.852   0.000 -1E00BM000t
00029 TYR-1A0109_029 f 0.00 -1.000     0 10.20  0 -1  -8.970   1.456   2.707  -0.029  -0.666   0.000 -1E00CM000t
00030 TYR-1A0109_030 f 0.00 -1.000     0 10.20  0 -1  -9.670   0.608   0.063  -0.081  -0.967   0.000 -1E00EM000t
00031 TYR-1A0109_031 f 0.00 -1.000     0 10.20  0 -1  -9.046  -0.200   0.077  -0.146  -1.226   0.000 -1E00FM000t
00032 TYR-1A0109_032 f 0.00 -1.000     0 10.20  0 -1  -9.359   1.292   0.065  -0.094  -0.964   0.000 -1E010M000t
00033 TYR-1A0109_033 f 0.00 -1.000     0 10.20  0 -1  -9.204   2.442   2.666   0.081  -1.040   0.000 -1E012M000t
00034 TYR-1A0109_034 f 0.00 -1.000     0 10.20  0 -1  -9.397   2.591   2.694   0.128  -0.970   0.000 -1E014M000t
00035 TYR-1A0109_035 f 0.00 -1.000     0 10.20  0 -1  -9.025   1.906   2.689   0.097  -1.152   0.000 -1T002M000t
00036 TYR-1A0109_036 f 0.00 -1.000     0 10.20  0 -1  -9.276   2.791   0.079   0.290  -0.932   0.000 -1T003M000t
00037 TYR-1A0109_037 f 0.00 -1.000     0 10.20  0 -1  -8.485  -0.383   0.078   0.164  -0.899   0.000 -1T004M000t
00038 TYR-1A0109_038 f 0.00 -1.000     0 10.20  0 -1  -8.443  -0.364   0.077   0.143  -0.959   0.000 -1T007M000t
00039 TYR-1A0109_039 f 0.00 -1.000     0 10.20  0 -1  -8.800   1.480   2.708  -0.050  -1.048   0.000 -1T00DM000t
00040 TYR-1A0109_040 f 0.00 -1.000     0 10.20  0 -1  -9.212   3.759   2.677   0.096  -1.023   0.000 -1T015M000t
00041 TYR-1A0109_041 f 0.00 -1.000     0 10.20  0 -1  -9.341   0.989   2.706   0.085  -1.056   0.000 -1T016M000t
