   confID        vdw0    sas     sum
TYR01A0109_001   5.199 -14.392  -9.193
TYR01A0109_002   5.254 -13.806  -8.552
TYR01A0109_003   5.199 -14.392  -9.193
TYR01A0109_004   5.401 -14.836  -9.435
TYR01A0109_005   5.185 -14.260  -9.076
TYR01A0109_006   5.158 -14.376  -9.218
TYR01A0109_007   5.165 -14.205  -9.040
TYR01A0109_008   4.939 -14.330  -9.391
TYR01A0109_009   5.434 -13.920  -8.486
TYR01A0109_010   5.438 -14.127  -8.690
TYR01A0109_011   5.391 -13.918  -8.528
TYR01A0109_012   5.153 -14.775  -9.622
TYR01A0109_013   5.422 -14.403  -8.981
TYR01A0109_014   4.944 -14.763  -9.819
TYR01A0109_015   4.923 -14.323  -9.400
TYR01A0109_016   5.390 -13.822  -8.432
TYR01A0109_017   5.383 -14.165  -8.782
TYR01A0109_018   5.428 -14.358  -8.930
TYR01A0109_019   4.913 -14.375  -9.462
TYR01A0109_020   4.947 -14.340  -9.393
TYR01A0109_021   5.369 -14.707  -9.339
TYR-1A0109_022   5.199 -14.392  -9.193
TYR-1A0109_023   5.247 -13.908  -8.661
TYR-1A0109_024   4.937 -14.831  -9.894
TYR-1A0109_025   4.917 -14.121  -9.203
TYR-1A0109_026   5.389 -14.147  -8.758
TYR-1A0109_027   5.413 -14.836  -9.423
TYR-1A0109_028   5.426 -13.938  -8.512
TYR-1A0109_029   5.405 -14.375  -8.970
TYR-1A0109_030   5.154 -14.825  -9.670
TYR-1A0109_031   5.407 -14.453  -9.046
TYR-1A0109_032   4.914 -14.273  -9.359
TYR-1A0109_033   5.159 -14.363  -9.204
TYR-1A0109_034   4.941 -14.337  -9.397
TYR-1A0109_035   5.185 -14.210  -9.025
TYR-1A0109_036   5.151 -14.427  -9.276
TYR-1A0109_037   5.383 -13.868  -8.485
TYR-1A0109_038   5.379 -13.822  -8.443
TYR-1A0109_039   5.439 -14.239  -8.800
TYR-1A0109_040   4.942 -14.154  -9.212
TYR-1A0109_041   5.367 -14.707  -9.341
