CONFORMER         crg  vdw0  vdw1  tors  epol  self   occ  Hb     history    ASA
LYS01A0026_001  0.000-10.23  0.95  1.56  0.00 -7.72 0.502  00  01O000M000  1.000
LYS01A0026_002  0.000 -8.26  1.64  2.31  0.00 -4.32 0.503  00  01E01AM000  1.000
LYS01A0026_003  0.000-10.42  2.27  4.00  0.00 -4.14 0.502  00  01E02AM000  1.000
LYS01A0026_004  0.000-11.66  2.39  1.39  0.00 -7.88 0.502  00  01E02BM000  1.000
LYS01A0026_005  0.000-10.29  1.36  4.49  0.00 -4.45 0.503  00  01E032M000  1.000
LYS01A0026_006  0.000-10.49  1.48  4.69  0.00 -4.31 0.502  00  01E03AM000  1.000
LYS01A0026_007  0.000 -9.90  0.98  1.30  0.00 -7.62 0.502  00  01E053M000  1.000
LYS01A0026_008  0.000 -9.24  1.17  5.00  0.00 -3.06 0.502  00  01E091M000  1.000
LYS01A0026_009  0.000-10.94  1.69  3.42  0.00 -5.83 0.503  00  01E0AFM000  1.000
LYS01A0026_010  0.000-10.65  3.46  6.43  0.00 -0.75 0.503  00  01E0C7M000  1.000
LYS01A0026_011  0.000 -7.56  1.32  2.16  0.00 -4.08 0.502  00  01T016M000  1.000
LYS01A0026_012  0.000-10.53  2.31  4.09  0.00 -4.13 0.503  00  01T02CM000  1.000
LYS01A0026_013  0.000 -9.79  1.27  1.73  0.00 -6.79 0.502  00  01T039M000  1.000
LYS01A0026_014  0.000-10.78  1.81  6.13  0.00 -2.85 0.503  00  01T03EM000  1.000
LYS01A0026_015  0.000-10.33  2.27  4.38  0.00 -3.68 0.502  00  01T06EM000  1.000
LYS01A0026_016  0.000-10.55  1.78  3.70  0.00 -5.08 0.502  00  01T078M000  1.000
LYS01A0026_017  0.000 -8.54  1.68  3.75  0.00 -3.11 0.502  00  01T085M000  1.000
LYS01A0026_018  0.000 -8.98  1.36  5.00  0.00 -2.62 0.503  00  01T0A0M000  1.000
LYS01A0026_019  0.000-10.10  2.07  6.35  0.00 -1.68 0.502  00  01T0BCM000  1.000
LYS01A0026_020  0.000 -8.95  1.61  4.12  0.00 -3.21 0.503  00  01T0C4M000  1.000
LYS+1A0026_021  1.000-10.32  0.94  1.56  0.00 -7.82 0.502  00  +1O000M000  1.000
LYS+1A0026_022  1.000-10.41  2.28  4.03  0.00 -4.10 0.502  00  +1E02AM000  1.000
LYS+1A0026_023  1.000-11.67  2.41  1.40  0.00 -7.86 0.502  00  +1E02BM000  1.000
LYS+1A0026_024  1.000-10.66  2.33  4.10  0.00 -4.23 0.503  00  +1E02CM000  1.000
LYS+1A0026_025  1.000-10.35  1.36  4.49  0.00 -4.50 0.503  00  +1E032M000  1.000
LYS+1A0026_026  1.000 -9.92  1.25  1.73  0.00 -6.93 0.502  00  +1E039M000  1.000
LYS+1A0026_027  1.000-10.54  1.48  4.70  0.00 -4.36 0.502  00  +1E03AM000  1.000
LYS+1A0026_028  1.000-10.00  0.98  1.31  0.00 -7.71 0.502  00  +1E053M000  1.000
LYS+1A0026_029  1.000-10.60  1.78  3.70  0.00 -5.12 0.502  00  +1E078M000  1.000
LYS+1A0026_030  1.000 -8.57  1.68  3.75  0.00 -3.13 0.502  00  +1E085M000  1.000
LYS+1A0026_031  1.000 -9.27  1.18  5.02  0.00 -3.07 0.502  00  +1E091M000  1.000
LYS+1A0026_032  1.000 -9.05  1.36  5.00  0.00 -2.69 0.503  00  +1E0A0M000  1.000
LYS+1A0026_033  1.000-10.17  2.07  6.35  0.00 -1.74 0.502  00  +1E0BCM000  1.000
LYS+1A0026_034  1.000-10.64  3.56  6.44  0.00 -0.65 0.503  00  +1E0C7M000  1.000
LYS+1A0026_035  1.000 -7.65  1.32  2.16  0.00 -4.17 0.502  00  +1T016M000  1.000
LYS+1A0026_036  1.000 -8.31  1.60  2.31  0.00 -4.40 0.503  00  +1T01AM000  1.000
LYS+1A0026_037  1.000-10.82  1.81  6.14  0.00 -2.87 0.503  00  +1T03EM000  1.000
LYS+1A0026_038  1.000-10.31  2.27  4.38  0.00 -3.67 0.502  00  +1T06EM000  1.000
LYS+1A0026_039  1.000-11.02  1.71  3.44  0.00 -5.87 0.503  00  +1T0AFM000  1.000
LYS+1A0026_040  1.000 -8.91  1.61  4.13  0.00 -3.17 0.503  00  +1T0C4M000  1.000
