iConf CONFORMER     FL  occ    crg   Em0  pKa0 ne nH    vdw0    vdw1    tors    epol   dsolv   extra    history
00001 LYS01A0026_001 f 0.00  0.000     0  0.00  0  0 -10.227   0.996   1.560  -0.013  -0.008   0.000 01O000M000t
00002 LYS01A0026_002 f 0.00  0.000     0  0.00  0  0  -8.259   1.637   2.308   0.104   0.114   0.000 01E01AM000t
00003 LYS01A0026_003 f 0.00  0.000     0  0.00  0  0 -10.418   2.330   4.003  -0.018   0.079   0.000 01E02AM000t
00004 LYS01A0026_004 f 0.00  0.000     0  0.00  0  0 -11.699   2.453   1.389  -0.015  -0.087   0.000 01E02BM000t
00005 LYS01A0026_005 f 0.00  0.000     0  0.00  0  0 -10.294   1.363   4.487  -0.013  -0.094   0.000 01E032M000t
00006 LYS01A0026_006 f 0.00  0.000     0  0.00  0  0 -10.490   1.483   4.695  -0.025   0.050   0.000 01E03AM000t
00007 LYS01A0026_007 f 0.00  0.000     0  0.00  0  0  -9.905   1.040   1.300  -0.015  -0.020   0.000 01E053M000t
00008 LYS01A0026_008 f 0.00  0.000     0  0.00  0  0  -9.234   1.176   5.005  -0.015   0.011   0.000 01E091M000t
00009 LYS01A0026_009 f 0.00  0.000     0  0.00  0  0 -10.941   1.683   3.423  -0.017  -0.088   0.000 01E0AFM000t
00010 LYS01A0026_010 f 0.00  0.000     0  0.00  0  0 -10.653   3.462   6.433  -0.049  -0.171   0.000 01E0C7M000t
00011 LYS01A0026_011 f 0.00  0.000     0  0.00  0  0  -7.593   1.323   2.160  -0.021   0.121   0.000 01T016M000t
00012 LYS01A0026_012 f 0.00  0.000     0  0.00  0  0 -10.594   2.367   4.090  -0.021  -0.022   0.000 01T02CM000t
00013 LYS01A0026_013 f 0.00  0.000     0  0.00  0  0  -9.792   1.273   1.727  -0.014  -0.081   0.000 01T039M000t
00014 LYS01A0026_014 f 0.00  0.000     0  0.00  0  0 -10.781   1.802   6.129  -0.016   0.080   0.000 01T03EM000t
00015 LYS01A0026_015 f 0.00  0.000     0  0.00  0  0 -10.330   2.319   4.380  -0.024   0.070   0.000 01T06EM000t
00016 LYS01A0026_016 f 0.00  0.000     0  0.00  0  0 -10.552   1.832   3.698  -0.015  -0.148   0.000 01T078M000t
00017 LYS01A0026_017 f 0.00  0.000     0  0.00  0  0  -8.537   1.728   3.751  -0.018  -0.016   0.000 01T085M000t
00018 LYS01A0026_018 f 0.00  0.000     0  0.00  0  0  -9.032   1.359   5.002  -0.036  -0.001   0.000 01T0A0M000t
00019 LYS01A0026_019 f 0.00  0.000     0  0.00  0  0 -10.097   2.071   6.354  -0.040  -0.015   0.000 01T0BCM000t
00020 LYS01A0026_020 f 0.00  0.000     0  0.00  0  0  -9.005   1.610   4.122  -0.027  -0.027   0.000 01T0C4M000t
00021 LYS+1A0026_021 f 0.00  1.000     0 10.40  0  1 -10.318   0.991   1.560   0.096   0.064   0.000 +1O000M000t
00022 LYS+1A0026_022 f 0.00  1.000     0 10.40  0  1 -10.410   2.338   4.034   0.094  -0.316   0.000 +1E02AM000t
00023 LYS+1A0026_023 f 0.00  1.000     0 10.40  0  1 -11.672   2.469   1.398   0.067  -0.203   0.000 +1E02BM000t
00024 LYS+1A0026_024 f 0.00  1.000     0 10.40  0  1 -10.658   2.382   4.100   0.057  -0.460   0.000 +1E02CM000t
00025 LYS+1A0026_025 f 0.00  1.000     0 10.40  0  1 -10.355   1.362   4.492   0.063  -0.239   0.000 +1E032M000t
00026 LYS+1A0026_026 f 0.00  1.000     0 10.40  0  1  -9.872   1.256   1.734   0.161   0.246   0.000 +1E039M000t
00027 LYS+1A0026_027 f 0.00  1.000     0 10.40  0  1 -10.547   1.479   4.707   0.113  -0.140   0.000 +1E03AM000t
00028 LYS+1A0026_028 f 0.00  1.000     0 10.40  0  1 -10.010   1.039   1.312   0.061  -0.200   0.000 +1E053M000t
00029 LYS+1A0026_029 f 0.00  1.000     0 10.40  0  1 -10.607   1.831   3.702   0.075  -0.248   0.000 +1E078M000t
00030 LYS+1A0026_030 f 0.00  1.000     0 10.40  0  1  -8.573   1.735   3.757   0.114   0.279   0.000 +1E085M000t
00031 LYS+1A0026_031 f 0.00  1.000     0 10.40  0  1  -9.269   1.177   5.022   0.150  -0.319   0.000 +1E091M000t
00032 LYS+1A0026_032 f 0.00  1.000     0 10.40  0  1  -9.049   1.360   4.997   0.196  -0.286   0.000 +1E0A0M000t
00033 LYS+1A0026_033 f 0.00  1.000     0 10.40  0  1 -10.167   2.073   6.352   0.171  -0.110   0.000 +1E0BCM000t
00034 LYS+1A0026_034 f 0.00  1.000     0 10.40  0  1 -10.708   3.560   6.436   0.226  -0.140   0.000 +1E0C7M000t
00035 LYS+1A0026_035 f 0.00  1.000     0 10.40  0  1  -7.654   1.313   2.165   0.058   0.161   0.000 +1T016M000t
00036 LYS+1A0026_036 f 0.00  1.000     0 10.40  0  1  -8.317   1.601   2.311   1.009   0.272   0.000 +1T01AM000t
00037 LYS+1A0026_037 f 0.00  1.000     0 10.40  0  1 -10.824   1.808   6.144   0.080  -0.210   0.000 +1T03EM000t
00038 LYS+1A0026_038 f 0.00  1.000     0 10.40  0  1 -10.261   2.318   4.379   0.138  -0.214   0.000 +1T06EM000t
00039 LYS+1A0026_039 f 0.00  1.000     0 10.40  0  1 -11.062   1.707   3.441   0.069  -0.207   0.000 +1T0AFM000t
00040 LYS+1A0026_040 f 0.00  1.000     0 10.40  0  1  -8.912   1.601   4.127   0.166   0.140   0.000 +1T0C4M000t
