   confID        vdw0    sas     sum
LYS01A0026_001   2.205 -12.432 -10.227
LYS01A0026_002   4.011 -12.270  -8.259
LYS01A0026_003   1.605 -12.023 -10.418
LYS01A0026_004   0.877 -12.576 -11.699
LYS01A0026_005   1.969 -12.264 -10.294
LYS01A0026_006   1.939 -12.428 -10.490
LYS01A0026_007   2.304 -12.209  -9.905
LYS01A0026_008   3.226 -12.460  -9.234
LYS01A0026_009   1.316 -12.257 -10.941
LYS01A0026_010   2.080 -12.733 -10.653
LYS01A0026_011   4.328 -11.921  -7.593
LYS01A0026_012   1.605 -12.199 -10.594
LYS01A0026_013   2.725 -12.516  -9.792
LYS01A0026_014   1.856 -12.637 -10.781
LYS01A0026_015   1.998 -12.328 -10.330
LYS01A0026_016   2.210 -12.762 -10.552
LYS01A0026_017   3.500 -12.037  -8.537
LYS01A0026_018   3.370 -12.402  -9.032
LYS01A0026_019   2.045 -12.141 -10.097
LYS01A0026_020   3.598 -12.603  -9.005
LYS+1A0026_021   2.114 -12.432 -10.318
LYS+1A0026_022   1.561 -11.971 -10.410
LYS+1A0026_023   0.826 -12.498 -11.672
LYS+1A0026_024   1.548 -12.206 -10.658
LYS+1A0026_025   1.908 -12.264 -10.355
LYS+1A0026_026   2.709 -12.581  -9.872
LYS+1A0026_027   1.894 -12.441 -10.547
LYS+1A0026_028   2.199 -12.209 -10.010
LYS+1A0026_029   2.155 -12.762 -10.607
LYS+1A0026_030   3.412 -11.985  -8.573
LYS+1A0026_031   3.191 -12.460  -9.269
LYS+1A0026_032   3.302 -12.350  -9.049
LYS+1A0026_033   1.975 -12.141 -10.167
LYS+1A0026_034   2.025 -12.733 -10.708
LYS+1A0026_035   4.267 -11.921  -7.654
LYS+1A0026_036   4.005 -12.321  -8.317
LYS+1A0026_037   1.813 -12.637 -10.824
LYS+1A0026_038   1.935 -12.196 -10.261
LYS+1A0026_039   1.272 -12.334 -11.062
LYS+1A0026_040   3.533 -12.445  -8.912
