CONFORMER         crg  vdw0  vdw1  tors  epol  self   occ  Hb     history    ASA
LYS01A0161_001  0.000-12.36  1.39  0.93  0.00-10.04 0.501  00  01O000M000  1.000
LYS01A0161_002  0.000-10.90  1.11  0.96  0.00 -8.84 0.502  00  01E012M000  1.000
LYS01A0161_003  0.000-10.45  0.93  1.46  0.00 -8.07 0.502  00  01E058M000  1.000
LYS01A0161_004  0.000 -6.04  1.13  4.20  0.00 -0.71 0.502  00  01E06CM000  1.000
LYS01A0161_005  0.000-10.80  1.17  4.22  0.00 -5.42 0.502  00  01E06EM000  1.000
LYS01A0161_006  0.000 -6.88  1.03  3.57  0.00 -2.29 0.502  00  01E071M000  1.000
LYS01A0161_007  0.000-10.56  2.43  4.25  0.00 -3.88 0.501  00  01E08AM000  1.000
LYS01A0161_008  0.000-11.38  1.76  6.39  0.00 -3.23 0.502  00  01E08DM000  1.000
LYS01A0161_009  0.000 -9.73  1.07  0.96  0.00 -7.70 0.502  00  01E09AM000  1.000
LYS01A0161_010  0.000 -8.74  0.90  1.44  0.00 -6.40 0.501  00  01E0C9M000  1.000
LYS01A0161_011  0.000 -9.87  5.50  0.92  0.00 -3.45 0.501  00  01E107M000  1.000
LYS01A0161_012  0.000-10.61  2.48  7.04  0.00 -1.09 0.502  00  01E10DM000  1.000
LYS01A0161_013  0.000-12.09  2.15  3.72  0.00 -6.23 0.502  00  01T001M000  1.000
LYS01A0161_014  0.000-11.71  3.59  6.42  0.00 -1.70 0.502  00  01T088M000  1.000
LYS01A0161_015  0.000-10.25  1.69  1.57  0.00 -6.98 0.502  00  01T096M000  1.000
LYS01A0161_016  0.000-10.40  0.99  3.75  0.00 -5.66 0.501  00  01T09BM000  1.000
LYS01A0161_017  0.000-10.03  0.77  4.29  0.00 -4.97 0.501  00  01T0CDM000  1.000
LYS01A0161_018  0.000 -9.40  5.50  1.54  0.00 -2.36 0.501  00  01T101M000  1.000
LYS01A0161_019  0.000-10.77  2.68  7.02  0.00 -1.07 0.501  00  01T111M000  1.000
LYS01A0161_020  0.000 -9.45  1.70  4.25  0.00 -3.50 0.502  00  01T120M000  1.000
LYS+1A0161_021  1.000-12.41  1.39  0.93  0.00-10.08 0.501  00  +1O000M000  1.000
LYS+1A0161_022  1.000-12.07  2.14  3.72  0.00 -6.21 0.502  00  +1E001M000  1.000
LYS+1A0161_023  1.000-10.85  1.09  0.96  0.00 -8.80 0.502  00  +1E012M000  1.000
LYS+1A0161_024  1.000-10.51  0.92  1.46  0.00 -8.13 0.502  00  +1E058M000  1.000
LYS+1A0161_025  1.000 -6.20  1.13  4.21  0.00 -0.86 0.502  00  +1E06CM000  1.000
LYS+1A0161_026  1.000-10.68  1.15  4.23  0.00 -5.30 0.502  00  +1E06EM000  1.000
LYS+1A0161_027  1.000-11.52  1.76  6.39  0.00 -3.37 0.502  00  +1E08DM000  1.000
LYS+1A0161_028  1.000-10.30  1.70  1.57  0.00 -7.04 0.502  00  +1E096M000  1.000
LYS+1A0161_029  1.000 -9.85  1.07  0.96  0.00 -7.83 0.502  00  +1E09AM000  1.000
LYS+1A0161_030  1.000-10.43  0.93  3.75  0.00 -5.75 0.501  00  +1E09BM000  1.000
LYS+1A0161_031  1.000-10.10  0.76  4.30  0.00 -5.04 0.501  00  +1E0CDM000  1.000
LYS+1A0161_032  1.000 -9.43  5.55  1.54  0.00 -2.33 0.501  00  +1E101M000  1.000
LYS+1A0161_033  1.000 -9.97  5.54  0.92  0.00 -3.52 0.501  00  +1E107M000  1.000
LYS+1A0161_034  1.000 -9.54  1.70  4.25  0.00 -3.60 0.502  00  +1E120M000  1.000
LYS+1A0161_035  1.000 -6.97  1.02  3.57  0.00 -2.38 0.502  00  +1T071M000  1.000
LYS+1A0161_036  1.000-11.69  3.56  6.43  0.00 -1.70 0.502  00  +1T088M000  1.000
LYS+1A0161_037  1.000-10.61  2.43  4.25  0.00 -3.94 0.501  00  +1T08AM000  1.000
LYS+1A0161_038  1.000 -8.79  0.89  1.44  0.00 -6.45 0.501  00  +1T0C9M000  1.000
LYS+1A0161_039  1.000-10.57  2.41  7.05  0.00 -1.10 0.502  00  +1T10DM000  1.000
LYS+1A0161_040  1.000-10.75  2.70  7.02  0.00 -1.04 0.501  00  +1T111M000  1.000
