iConf CONFORMER     FL  occ    crg   Em0  pKa0 ne nH    vdw0    vdw1    tors    epol   dsolv   extra    history
00001 LYS01A0161_001 f 0.00  0.000     0  0.00  0  0 -12.363   1.444   0.932  -0.013   0.038   0.000 01O000M000t
00002 LYS01A0161_002 f 0.00  0.000     0  0.00  0  0 -10.899   1.158   0.959  -0.023  -0.235   0.000 01E012M000t
00003 LYS01A0161_003 f 0.00  0.000     0  0.00  0  0 -10.451   0.974   1.456  -0.017   0.141   0.000 01E058M000t
00004 LYS01A0161_004 f 0.00  0.000     0  0.00  0  0  -6.034   1.133   4.204  -0.011   0.091   0.000 01E06CM000t
00005 LYS01A0161_005 f 0.00  0.000     0  0.00  0  0 -10.739   1.166   4.221  -0.018  -0.217   0.000 01E06EM000t
00006 LYS01A0161_006 f 0.00  0.000     0  0.00  0  0  -6.860   1.080   3.570  -0.013   0.113   0.000 01E071M000t
00007 LYS01A0161_007 f 0.00  0.000     0  0.00  0  0 -10.557   2.428   4.251  -0.015  -0.142   0.000 01E08AM000t
00008 LYS01A0161_008 f 0.00  0.000     0  0.00  0  0 -11.383   1.813   6.387  -0.009  -0.193   0.000 01E08DM000t
00009 LYS01A0161_009 f 0.00  0.000     0  0.00  0  0  -9.680   1.118   0.957  -0.025   0.050   0.000 01E09AM000t
00010 LYS01A0161_010 f 0.00  0.000     0  0.00  0  0  -8.797   0.945   1.443  -0.008   0.078   0.000 01E0C9M000t
00011 LYS01A0161_011 f 0.00  0.000     0  0.00  0  0  -9.933   5.613   0.923  -0.005  -0.036   0.000 01E107M000t
00012 LYS01A0161_012 f 0.00  0.000     0  0.00  0  0 -10.617   2.479   7.043  -0.053   0.183   0.000 01E10DM000t
00013 LYS01A0161_013 f 0.00  0.000     0  0.00  0  0 -12.091   2.141   3.716  -0.006  -0.033   0.000 01T001M000t
00014 LYS01A0161_014 f 0.00  0.000     0  0.00  0  0 -11.714   3.598   6.421  -0.012   0.021   0.000 01T088M000t
00015 LYS01A0161_015 f 0.00  0.000     0  0.00  0  0 -10.246   1.742   1.567  -0.013   0.037   0.000 01T096M000t
00016 LYS01A0161_016 f 0.00  0.000     0  0.00  0  0 -10.396   1.034   3.748  -0.068   0.086   0.000 01T09BM000t
00017 LYS01A0161_017 f 0.00  0.000     0  0.00  0  0 -10.077   0.819   4.290  -0.013  -0.090   0.000 01T0CDM000t
00018 LYS01A0161_018 f 0.00  0.000     0  0.00  0  0  -9.403   5.552   1.537  -0.023   0.101   0.000 01T101M000t
00019 LYS01A0161_019 f 0.00  0.000     0  0.00  0  0 -10.772   2.671   7.015  -0.012   0.053   0.000 01T111M000t
00020 LYS01A0161_020 f 0.00  0.000     0  0.00  0  0  -9.455   1.760   4.247  -0.007  -0.157   0.000 01T120M000t
00021 LYS+1A0161_021 f 0.00  1.000     0 10.40  0  1 -12.407   1.442   0.932   0.063  -0.238   0.000 +1O000M000t
00022 LYS+1A0161_022 f 0.00  1.000     0 10.40  0  1 -12.134   2.142   3.716  -0.028  -0.465   0.000 +1E001M000t
00023 LYS+1A0161_023 f 0.00  1.000     0 10.40  0  1 -10.850   1.134   0.962   0.073  -0.140   0.000 +1E012M000t
00024 LYS+1A0161_024 f 0.00  1.000     0 10.40  0  1 -10.514   0.970   1.455   0.062  -0.135   0.000 +1E058M000t
00025 LYS+1A0161_025 f 0.00  1.000     0 10.40  0  1  -6.162   1.127   4.208   0.068   0.180   0.000 +1E06CM000t
00026 LYS+1A0161_026 f 0.00  1.000     0 10.40  0  1 -10.685   1.152   4.232   0.004  -0.332   0.000 +1E06EM000t
00027 LYS+1A0161_027 f 0.00  1.000     0 10.40  0  1 -11.523   1.817   6.389  -0.004  -0.383   0.000 +1E08DM000t
00028 LYS+1A0161_028 f 0.00  1.000     0 10.40  0  1 -10.299   1.746   1.570   0.054  -0.005   0.000 +1E096M000t
00029 LYS+1A0161_029 f 0.00  1.000     0 10.40  0  1  -9.800   1.115   0.958   0.069   0.173   0.000 +1E09AM000t
00030 LYS+1A0161_030 f 0.00  1.000     0 10.40  0  1 -10.430   0.972   3.750   0.109   0.196   0.000 +1E09BM000t
00031 LYS+1A0161_031 f 0.00  1.000     0 10.40  0  1 -10.105   0.812   4.301   0.066  -0.202   0.000 +1E0CDM000t
00032 LYS+1A0161_032 f 0.00  1.000     0 10.40  0  1  -9.425   5.626   1.540   0.141   0.454   0.000 +1E101M000t
00033 LYS+1A0161_033 f 0.00  1.000     0 10.40  0  1 -10.041   5.655   0.923  -0.058  -0.049   0.000 +1E107M000t
00034 LYS+1A0161_034 f 0.00  1.000     0 10.40  0  1  -9.612   1.750   4.247   0.051   0.049   0.000 +1E120M000t
00035 LYS+1A0161_035 f 0.00  1.000     0 10.40  0  1  -6.960   1.076   3.572   0.045   0.249   0.000 +1T071M000t
00036 LYS+1A0161_036 f 0.00  1.000     0 10.40  0  1 -11.742   3.566   6.431   0.050  -0.197   0.000 +1T088M000t
00037 LYS+1A0161_037 f 0.00  1.000     0 10.40  0  1 -10.612   2.429   4.251   0.017  -0.232   0.000 +1T08AM000t
00038 LYS+1A0161_038 f 0.00  1.000     0 10.40  0  1  -8.782   0.940   1.441   0.042   0.146   0.000 +1T0C9M000t
00039 LYS+1A0161_039 f 0.00  1.000     0 10.40  0  1 -10.568   2.410   7.052   0.182   0.085   0.000 +1T10DM000t
00040 LYS+1A0161_040 f 0.00  1.000     0 10.40  0  1 -10.749   2.699   7.015   0.111  -0.084   0.000 +1T111M000t
