   confID        vdw0    sas     sum
LYS01A0161_001   0.383 -12.746 -12.363
LYS01A0161_002   1.676 -12.576 -10.899
LYS01A0161_003   1.703 -12.155 -10.451
LYS01A0161_004   5.684 -11.718  -6.034
LYS01A0161_005   1.531 -12.270 -10.739
LYS01A0161_006   5.125 -11.985  -6.860
LYS01A0161_007   1.708 -12.265 -10.557
LYS01A0161_008   0.964 -12.347 -11.383
LYS01A0161_009   2.421 -12.101  -9.680
LYS01A0161_010   2.988 -11.785  -8.797
LYS01A0161_011   1.914 -11.847  -9.933
LYS01A0161_012   1.951 -12.567 -10.617
LYS01A0161_013   0.375 -12.466 -12.091
LYS01A0161_014   0.804 -12.518 -11.714
LYS01A0161_015   2.195 -12.441 -10.246
LYS01A0161_016   2.213 -12.609 -10.396
LYS01A0161_017   2.199 -12.276 -10.077
LYS01A0161_018   2.763 -12.166  -9.403
LYS01A0161_019   1.920 -12.692 -10.772
LYS01A0161_020   2.323 -11.778  -9.455
LYS+1A0161_021   0.339 -12.746 -12.407
LYS+1A0161_022   0.332 -12.466 -12.134
LYS+1A0161_023   1.674 -12.524 -10.850
LYS+1A0161_024   1.641 -12.155 -10.514
LYS+1A0161_025   5.582 -11.744  -6.162
LYS+1A0161_026   1.482 -12.167 -10.685
LYS+1A0161_027   0.914 -12.437 -11.523
LYS+1A0161_028   2.142 -12.441 -10.299
LYS+1A0161_029   2.352 -12.152  -9.800
LYS+1A0161_030   2.179 -12.609 -10.430
LYS+1A0161_031   2.120 -12.225 -10.105
LYS+1A0161_032   2.676 -12.102  -9.425
LYS+1A0161_033   1.806 -11.847 -10.041
LYS+1A0161_034   2.272 -11.885  -9.612
LYS+1A0161_035   5.025 -11.985  -6.960
LYS+1A0161_036   0.760 -12.502 -11.742
LYS+1A0161_037   1.652 -12.265 -10.612
LYS+1A0161_038   2.952 -11.733  -8.782
LYS+1A0161_039   1.909 -12.477 -10.568
LYS+1A0161_040   1.876 -12.624 -10.749
