iConf CONFORMER     FL  occ    crg   Em0  pKa0 ne nH    vdw0    vdw1    tors    epol   dsolv   extra    history
00001 LYS01A0006_001 f 0.00  0.000     0  0.00  0  0 -11.383   0.064   0.924  -0.020  -0.073   0.000 01O000M000t
00002 LYS01A0006_002 f 0.00  0.000     0  0.00  0  0 -10.394   0.911   4.181  -0.011  -0.223   0.000 01E016M000t
00003 LYS01A0006_003 f 0.00  0.000     0  0.00  0  0 -11.898   0.547   3.276  -0.009   0.088   0.000 01E052M000t
00004 LYS01A0006_004 f 0.00  0.000     0  0.00  0  0 -11.749   3.315   5.862  -0.007   0.039   0.000 01E058M000t
00005 LYS01A0006_005 f 0.00  0.000     0  0.00  0  0 -11.593   0.451   1.498  -0.013   0.019   0.000 01E08EM000t
00006 LYS01A0006_006 f 0.00  0.000     0  0.00  0  0 -11.195   0.102   1.522  -0.008  -0.038   0.000 01E09EM000t
00007 LYS01A0006_007 f 0.00  0.000     0  0.00  0  0 -11.072   0.043   0.994  -0.015  -0.067   0.000 01E0A6M000t
00008 LYS01A0006_008 f 0.00  0.000     0  0.00  0  0 -11.493   2.348   1.461  -0.009  -0.066   0.000 01E106M000t
00009 LYS01A0006_009 f 0.00  0.000     0  0.00  0  0  -7.849   0.599   4.661  -0.009   0.087   0.000 01E114M000t
00010 LYS01A0006_010 f 0.00  0.000     0  0.00  0  0 -10.046   1.002   6.850  -0.014  -0.173   0.000 01E11DM000t
00011 LYS01A0006_011 f 0.00  0.000     0  0.00  0  0  -7.951   0.437   4.601  -0.018  -0.147   0.000 01E150M000t
00012 LYS01A0006_012 f 0.00  0.000     0  0.00  0  0 -11.705   1.033   1.635  -0.012   0.001   0.000 01E153M000t
00013 LYS01A0006_013 f 0.00  0.000     0  0.00  0  0  -7.968   0.579   4.698  -0.015  -0.152   0.000 01E169M000t
00014 LYS01A0006_014 f 0.00  0.000     0  0.00  0  0 -10.451   1.420   4.204  -0.015   0.068   0.000 01T07DM000t
00015 LYS01A0006_015 f 0.00  0.000     0  0.00  0  0 -10.313   0.122   4.145  -0.010   0.002   0.000 01T09FM000t
00016 LYS01A0006_016 f 0.00  0.000     0  0.00  0  0 -10.457   0.935   6.694  -0.006   0.032   0.000 01T0BBM000t
00017 LYS01A0006_017 f 0.00  0.000     0  0.00  0  0  -7.842   0.519   4.685  -0.014   0.076   0.000 01T0EFM000t
00018 LYS01A0006_018 f 0.00  0.000     0  0.00  0  0  -7.651   0.255   4.608   0.001   0.016   0.000 01T0FCM000t
00019 LYS01A0006_019 f 0.00  0.000     0  0.00  0  0 -10.747   1.205   6.814  -0.006  -0.067   0.000 01T125M000t
00020 LYS01A0006_020 f 0.00  0.000     0  0.00  0  0 -10.756   0.350   1.577  -0.013   0.037   0.000 01T14BM000t
00021 LYS+1A0006_021 f 0.00  1.000     0 10.40  0  1 -11.447   0.062   0.924  -0.008  -0.453   0.000 +1O000M000t
00022 LYS+1A0006_022 f 0.00  1.000     0 10.40  0  1 -10.528   0.910   4.180   0.060  -0.183   0.000 +1E016M000t
00023 LYS+1A0006_023 f 0.00  1.000     0 10.40  0  1 -10.521   1.420   4.208   0.052  -0.019   0.000 +1E07DM000t
00024 LYS+1A0006_024 f 0.00  1.000     0 10.40  0  1 -11.639   0.450   1.501   0.087  -0.439   0.000 +1E08EM000t
00025 LYS+1A0006_025 f 0.00  1.000     0 10.40  0  1 -10.427   0.118   4.168   0.022  -0.147   0.000 +1E09FM000t
00026 LYS+1A0006_026 f 0.00  1.000     0 10.40  0  1 -11.242   0.041   1.006   0.069  -0.230   0.000 +1E0A6M000t
00027 LYS+1A0006_027 f 0.00  1.000     0 10.40  0  1  -7.842   0.606   4.710   0.012  -0.187   0.000 +1E114M000t
00028 LYS+1A0006_028 f 0.00  1.000     0 10.40  0  1  -9.968   0.997   6.880  -0.018  -0.300   0.000 +1E11DM000t
00029 LYS+1A0006_029 f 0.00  1.000     0 10.40  0  1 -10.874   0.351   1.583   0.060  -0.407   0.000 +1E14BM000t
00030 LYS+1A0006_030 f 0.00  1.000     0 10.40  0  1 -11.755   1.049   1.637   0.039  -0.239   0.000 +1E153M000t
00031 LYS+1A0006_031 f 0.00  1.000     0 10.40  0  1  -8.093   0.575   4.733   0.059  -0.388   0.000 +1E169M000t
00032 LYS+1A0006_032 f 0.00  1.000     0 10.40  0  1 -11.983   0.562   3.351   0.066  -0.454   0.000 +1T052M000t
00033 LYS+1A0006_033 f 0.00  1.000     0 10.40  0  1 -11.784   3.317   5.931   0.052  -0.195   0.000 +1T058M000t
00034 LYS+1A0006_034 f 0.00  1.000     0 10.40  0  1 -11.230   0.104   1.525   0.036  -0.251   0.000 +1T09EM000t
00035 LYS+1A0006_035 f 0.00  1.000     0 10.40  0  1 -10.554   0.928   6.709   0.027  -0.163   0.000 +1T0BBM000t
00036 LYS+1A0006_036 f 0.00  1.000     0 10.40  0  1  -8.005   0.534   4.723   0.064  -0.235   0.000 +1T0EFM000t
00037 LYS+1A0006_037 f 0.00  1.000     0 10.40  0  1  -7.690   0.223   4.628   0.022  -0.038   0.000 +1T0FCM000t
00038 LYS+1A0006_038 f 0.00  1.000     0 10.40  0  1 -11.539   2.382   1.457   0.014  -0.246   0.000 +1T106M000t
00039 LYS+1A0006_039 f 0.00  1.000     0 10.40  0  1 -10.723   1.189   6.831   0.005  -0.211   0.000 +1T125M000t
00040 LYS+1A0006_040 f 0.00  1.000     0 10.40  0  1  -8.009   0.437   4.624   0.036  -0.109   0.000 +1T150M000t
