CONFORMER         crg  vdw0  vdw1  tors  epol  self   occ  Hb     history    ASA
LYS01A0006_001  0.000-11.38  0.06  0.92  0.00-10.40 0.501  00  01O000M000  1.000
LYS01A0006_002  0.000-10.39  0.91  4.18  0.00 -5.30 0.502  00  01E016M000  1.000
LYS01A0006_003  0.000-11.90  0.55  3.27  0.00 -8.08 0.501  00  01E052M000  1.000
LYS01A0006_004  0.000-11.75  3.31  5.86  0.00 -2.57 0.501  00  01E058M000  1.000
LYS01A0006_005  0.000-11.59  0.45  1.50  0.00 -9.65 0.501  00  01E08EM000  1.000
LYS01A0006_006  0.000-11.20  0.10  1.52  0.00 -9.57 0.502  00  01E09EM000  1.000
LYS01A0006_007  0.000-11.12  0.04  0.99  0.00-10.08 0.501  00  01E0A6M000  1.000
LYS01A0006_008  0.000-11.49  2.35  1.46  0.00 -7.68 0.501  00  01E106M000  1.000
LYS01A0006_009  0.000 -7.86  0.59  4.66  0.00 -2.60 0.501  00  01E114M000  1.000
LYS01A0006_010  0.000-10.04  1.00  6.85  0.00 -2.19 0.501  00  01E11DM000  1.000
LYS01A0006_011  0.000 -7.89  0.43  4.60  0.00 -2.86 0.501  00  01E150M000  1.000
LYS01A0006_012  0.000-11.71  1.03  1.64  0.00 -9.03 0.501  00  01E153M000  1.000
LYS01A0006_013  0.000 -7.98  0.58  4.70  0.00 -2.70 0.501  00  01E169M000  1.000
LYS01A0006_014  0.000-10.45  1.42  4.20  0.00 -4.83 0.501  00  01T07DM000  1.000
LYS01A0006_015  0.000-10.32  0.12  4.15  0.00 -6.05 0.502  00  01T09FM000  1.000
LYS01A0006_016  0.000-10.46  0.94  6.69  0.00 -2.83 0.501  00  01T0BBM000  1.000
LYS01A0006_017  0.000 -7.85  0.52  4.69  0.00 -2.64 0.501  00  01T0EFM000  1.000
LYS01A0006_018  0.000 -7.64  0.25  4.61  0.00 -2.78 0.502  00  01T0FCM000  1.000
LYS01A0006_019  0.000-10.75  1.20  6.81  0.00 -2.73 0.501  00  01T125M000  1.000
LYS01A0006_020  0.000-10.75  0.35  1.58  0.00 -8.83 0.501  00  01T14BM000  1.000
LYS+1A0006_021  1.000-11.45  0.06  0.92  0.00-10.46 0.501  00  +1O000M000  1.000
LYS+1A0006_022  1.000-10.53  0.91  4.18  0.00 -5.44 0.502  00  +1E016M000  1.000
LYS+1A0006_023  1.000-10.52  1.42  4.21  0.00 -4.90 0.501  00  +1E07DM000  1.000
LYS+1A0006_024  1.000-11.64  0.45  1.50  0.00 -9.68 0.501  00  +1E08EM000  1.000
LYS+1A0006_025  1.000-10.38  0.12  4.17  0.00 -6.09 0.502  00  +1E09FM000  1.000
LYS+1A0006_026  1.000-11.24  0.04  1.01  0.00-10.19 0.501  00  +1E0A6M000  1.000
LYS+1A0006_027  1.000 -7.85  0.60  4.71  0.00 -2.53 0.501  00  +1E114M000  1.000
LYS+1A0006_028  1.000 -9.97  1.00  6.88  0.00 -2.09 0.501  00  +1E11DM000  1.000
LYS+1A0006_029  1.000-10.88  0.35  1.58  0.00 -8.94 0.501  00  +1E14BM000  1.000
LYS+1A0006_030  1.000-11.76  1.05  1.64  0.00 -9.07 0.501  00  +1E153M000  1.000
LYS+1A0006_031  1.000 -8.03  0.57  4.73  0.00 -2.72 0.501  00  +1E169M000  1.000
LYS+1A0006_032  1.000-11.98  0.56  3.35  0.00 -8.07 0.501  00  +1T052M000  1.000
LYS+1A0006_033  1.000-11.78  3.32  5.93  0.00 -2.53 0.501  00  +1T058M000  1.000
LYS+1A0006_034  1.000-11.23  0.10  1.52  0.00 -9.60 0.502  00  +1T09EM000  1.000
LYS+1A0006_035  1.000-10.56  0.93  6.71  0.00 -2.92 0.501  00  +1T0BBM000  1.000
LYS+1A0006_036  1.000 -8.00  0.53  4.72  0.00 -2.74 0.501  00  +1T0EFM000  1.000
LYS+1A0006_037  1.000 -7.68  0.22  4.63  0.00 -2.83 0.502  00  +1T0FCM000  1.000
LYS+1A0006_038  1.000-11.54  2.38  1.46  0.00 -7.70 0.501  00  +1T106M000  1.000
LYS+1A0006_039  1.000-10.72  1.19  6.83  0.00 -2.70 0.501  00  +1T125M000  1.000
LYS+1A0006_040  1.000 -8.08  0.44  4.62  0.00 -3.02 0.501  00  +1T150M000  1.000
