   confID        vdw0    sas     sum
LYS01A0006_001   0.962 -12.345 -11.383
LYS01A0006_002   1.996 -12.390 -10.394
LYS01A0006_003   0.961 -12.859 -11.898
LYS01A0006_004   0.955 -12.704 -11.749
LYS01A0006_005   1.205 -12.798 -11.593
LYS01A0006_006   1.477 -12.672 -11.195
LYS01A0006_007   1.078 -12.151 -11.072
LYS01A0006_008   1.211 -12.704 -11.493
LYS01A0006_009   4.581 -12.431  -7.849
LYS01A0006_010   2.140 -12.186 -10.046
LYS01A0006_011   4.619 -12.569  -7.951
LYS01A0006_012   1.353 -13.058 -11.705
LYS01A0006_013   4.560 -12.528  -7.968
LYS01A0006_014   1.874 -12.325 -10.451
LYS01A0006_015   2.092 -12.405 -10.313
LYS01A0006_016   2.051 -12.508 -10.457
LYS01A0006_017   4.563 -12.406  -7.842
LYS01A0006_018   4.636 -12.287  -7.651
LYS01A0006_019   1.884 -12.630 -10.747
LYS01A0006_020   1.961 -12.717 -10.756
LYS+1A0006_021   0.898 -12.345 -11.447
LYS+1A0006_022   1.929 -12.457 -10.528
LYS+1A0006_023   1.804 -12.325 -10.521
LYS+1A0006_024   1.159 -12.798 -11.639
LYS+1A0006_025   2.046 -12.473 -10.427
LYS+1A0006_026   1.011 -12.254 -11.242
LYS+1A0006_027   4.537 -12.379  -7.842
LYS+1A0006_028   2.116 -12.083  -9.968
LYS+1A0006_029   1.895 -12.769 -10.874
LYS+1A0006_030   1.303 -13.058 -11.755
LYS+1A0006_031   4.493 -12.586  -8.093
LYS+1A0006_032   0.918 -12.901 -11.983
LYS+1A0006_033   0.920 -12.704 -11.784
LYS+1A0006_034   1.426 -12.656 -11.230
LYS+1A0006_035   2.006 -12.560 -10.554
LYS+1A0006_036   4.520 -12.525  -8.005
LYS+1A0006_037   4.596 -12.287  -7.690
LYS+1A0006_038   1.165 -12.704 -11.539
LYS+1A0006_039   1.840 -12.563 -10.723
LYS+1A0006_040   4.593 -12.602  -8.009
