CONFORMER         crg  vdw0  vdw1  tors  epol  self   occ  Hb     history    ASA
GLN01A0180_001  0.000 -3.99 -0.04  0.87  0.00 -3.16 0.512  00  01O000M000  1.003
GLN01A0180_002  0.000 -4.48  2.07  0.97  0.00 -1.44 0.512  00  01E00CM000  1.000
GLN01A0180_003  0.000 -4.36  0.73  0.95  0.00 -2.69 0.512  00  01E00DM000  1.000
GLN01A0180_004  0.000 -3.40  0.18  3.46  0.00  0.25 0.509  00  01E010M000  1.040
GLN01A0180_005  0.000 -3.19 -0.21  3.45  0.00  0.05 0.512  00  01E018M000  1.000
GLN01A0180_006  0.000 -3.96  0.06  0.91  0.00 -2.98 0.512  00  01E01FM000  1.008
GLN01A0180_007  0.000 -2.73  0.22  3.11  0.00  0.60 0.511  00  01E022M000  1.016
GLN01A0180_008  0.000 -3.62  0.22  3.44  0.00  0.04 0.511  00  01E023M000  1.031
GLN01A0180_009  0.000 -3.98  0.76  0.89  0.00 -2.33 0.511  00  01E026M000  1.076
GLN01A0180_010  0.000 -4.02  1.11  0.73  0.00 -2.18 0.512  00  01T003M000  1.005
GLN01A0180_011  0.000 -3.54  0.24  3.14  0.00 -0.16 0.512  00  01T00AM000  1.034
GLN01A0180_012  0.000 -3.61  0.98  0.74  0.00 -1.89 0.511  00  01T00FM000  1.026
GLN01A0180_013  0.000 -3.46  0.18  3.46  0.00  0.18 0.510  00  01T011M000  1.024
GLN01A0180_014  0.000 -3.03  0.16  0.69  0.00 -2.18 0.510  00  01T014M000  1.020
GLN01A0180_015  0.000 -3.25 -0.19  3.45  0.00  0.01 0.511  00  01T017M000  1.018
GLN01A0180_016  0.000 -3.78  0.05  0.89  0.00 -2.84 0.513  00  01T01CM000  1.000
GLN01A0180_017  0.000 -3.02  0.07  0.70  0.00 -2.26 0.510  00  01T01EM000  1.000
GLN01A0180_018  0.000 -4.37 -0.04  0.84  0.00 -3.57 0.510  00  01T025M000  1.010
GLN01A0180_019  0.000 -1.03  0.70  0.32  0.00 -0.01 0.513  00  01T027M000  1.010
