iConf CONFORMER     FL  occ    crg   Em0  pKa0 ne nH    vdw0    vdw1    tors    epol   dsolv   extra    history
00001 GLN01A0180_001 f 0.00  0.000     0  0.00  0  0  -3.988  -0.041   0.868   0.150  -0.124   0.000 01O000M000t
00002 GLN01A0180_002 f 0.00  0.000     0  0.00  0  0  -4.481   2.076   0.970   0.535   0.205   0.000 01E00CM000t
00003 GLN01A0180_003 f 0.00  0.000     0  0.00  0  0  -4.358   0.730   0.944  -0.050  -0.080   0.000 01E00DM000t
00004 GLN01A0180_004 f 0.00  0.000     0  0.00  0  0  -3.397   0.184   3.464   0.120  -0.062   0.000 01E010M000t
00005 GLN01A0180_005 f 0.00  0.000     0  0.00  0  0  -3.187  -0.213   3.448   0.187   0.008   0.000 01E018M000t
00006 GLN01A0180_006 f 0.00  0.000     0  0.00  0  0  -3.959   0.062   0.912   0.058  -0.033   0.000 01E01FM000t
00007 GLN01A0180_007 f 0.00  0.000     0  0.00  0  0  -2.716   0.216   3.108   0.134   0.078   0.000 01E022M000t
00008 GLN01A0180_008 f 0.00  0.000     0  0.00  0  0  -3.621   0.223   3.445   0.063  -0.257   0.000 01E023M000t
00009 GLN01A0180_009 f 0.00  0.000     0  0.00  0  0  -3.980   0.757   0.889   0.031  -0.065   0.000 01E026M000t
00010 GLN01A0180_010 f 0.00  0.000     0  0.00  0  0  -4.015   1.112   0.726   0.138  -0.062   0.000 01T003M000t
00011 GLN01A0180_011 f 0.00  0.000     0  0.00  0  0  -3.532   0.233   3.144   0.002  -0.053   0.000 01T00AM000t
00012 GLN01A0180_012 f 0.00  0.000     0  0.00  0  0  -3.602   0.978   0.738   0.082   0.027   0.000 01T00FM000t
00013 GLN01A0180_013 f 0.00  0.000     0  0.00  0  0  -3.457   0.182   3.463   0.045  -0.112   0.000 01T011M000t
00014 GLN01A0180_014 f 0.00  0.000     0  0.00  0  0  -3.041   0.160   0.695   0.059  -0.063   0.000 01T014M000t
00015 GLN01A0180_015 f 0.00  0.000     0  0.00  0  0  -3.248  -0.188   3.448   0.122  -0.005   0.000 01T017M000t
00016 GLN01A0180_016 f 0.00  0.000     0  0.00  0  0  -3.780   0.054   0.886   0.021   0.014   0.000 01T01CM000t
00017 GLN01A0180_017 f 0.00  0.000     0  0.00  0  0  -3.022   0.066   0.701   0.061  -0.192   0.000 01T01EM000t
00018 GLN01A0180_018 f 0.00  0.000     0  0.00  0  0  -4.370  -0.040   0.838   0.072  -0.063   0.000 01T025M000t
00019 GLN01A0180_019 f 0.00  0.000     0  0.00  0  0  -1.024   0.698   0.316   0.067   0.106   0.000 01T027M000t
