CONFORMER         crg  vdw0  vdw1  tors  epol  self   occ  Hb     history    ASA
LYS01A0233_001  0.000-11.94  0.22  0.88  0.00-10.84 0.502  00  01O000M000  1.000
LYS01A0233_002  0.000-12.40  2.47  3.60  0.00 -6.32 0.501  00  01E010M000  1.000
LYS01A0233_003  0.000-11.20  1.32  1.57  0.00 -8.31 0.501  00  01E033M000  1.000
LYS01A0233_004  0.000-10.17  0.29  1.57  0.00 -8.31 0.501  00  01E036M000  1.000
LYS01A0233_005  0.000 -8.41  1.74  4.76  0.00 -1.91 0.502  00  01E04BM000  1.000
LYS01A0233_006  0.000 -8.48  1.66  4.77  0.00 -2.04 0.501  00  01E055M000  1.000
LYS01A0233_007  0.000-11.19  0.19  0.86  0.00-10.14 0.502  00  01E05AM000  1.000
LYS01A0233_008  0.000-10.92  0.89  0.86  0.00 -9.18 0.502  00  01E063M000  1.000
LYS01A0233_009  0.000 -5.92  0.32  4.26  0.00 -1.33 0.502  00  01E07EM000  1.000
LYS01A0233_010  0.000-11.43  2.42  3.60  0.00 -5.41 0.501  00  01E0A3M000  1.000
LYS01A0233_011  0.000 -9.98  0.16  1.46  0.00 -8.36 0.502  00  01E0AAM000  1.000
LYS01A0233_012  0.000-10.39  0.84  3.73  0.00 -5.81 0.502  00  01E0C1M000  1.000
LYS01A0233_013  0.000 -8.91  3.19  1.59  0.00 -4.12 0.501  00  01E11CM000  1.000
LYS01A0233_014  0.000-10.11  1.35  6.92  0.00 -1.84 0.502  00  01E16DM000  1.000
LYS01A0233_015  0.000-12.05  3.70  3.46  0.00 -4.90 0.502  00  01T001M000  1.000
LYS01A0233_016  0.000-11.14  0.37  1.50  0.00 -9.26 0.501  00  01T008M000  1.000
LYS01A0233_017  0.000 -8.20  1.15  2.14  0.00 -4.91 0.502  00  01T040M000  1.000
LYS01A0233_018  0.000 -6.74  0.14  3.61  0.00 -2.99 0.501  00  01T05BM000  1.000
LYS01A0233_019  0.000 -7.22  1.24  4.90  0.00 -1.09 0.502  00  01T114M000  1.000
LYS01A0233_020  0.000-10.65  2.31  4.17  0.00 -4.16 0.501  00  01T158M000  1.000
LYS+1A0233_021  1.000-11.99  0.22  0.88  0.00-10.89 0.502  00  +1O000M000  1.000
LYS+1A0233_022  1.000-12.45  2.50  3.60  0.00 -6.34 0.501  00  +1E010M000  1.000
LYS+1A0233_023  1.000-10.25  0.29  1.58  0.00 -8.38 0.501  00  +1E036M000  1.000
LYS+1A0233_024  1.000 -8.46  1.74  4.76  0.00 -1.95 0.502  00  +1E04BM000  1.000
LYS+1A0233_025  1.000-11.26  0.19  0.86  0.00-10.21 0.502  00  +1E05AM000  1.000
LYS+1A0233_026  1.000 -6.84  0.14  3.61  0.00 -3.09 0.501  00  +1E05BM000  1.000
LYS+1A0233_027  1.000-10.99  0.88  0.86  0.00 -9.25 0.502  00  +1E063M000  1.000
LYS+1A0233_028  1.000-10.04  0.16  1.46  0.00 -8.42 0.502  00  +1E0AAM000  1.000
LYS+1A0233_029  1.000-10.39  0.84  3.74  0.00 -5.82 0.502  00  +1E0C1M000  1.000
LYS+1A0233_030  1.000-12.10  3.70  3.46  0.00 -4.94 0.502  00  +1T001M000  1.000
LYS+1A0233_031  1.000-11.18  0.37  1.50  0.00 -9.31 0.501  00  +1T008M000  1.000
LYS+1A0233_032  1.000-11.31  1.33  1.57  0.00 -8.41 0.501  00  +1T033M000  1.000
LYS+1A0233_033  1.000 -8.26  1.15  2.15  0.00 -4.96 0.502  00  +1T040M000  1.000
LYS+1A0233_034  1.000 -8.58  1.66  4.77  0.00 -2.14 0.501  00  +1T055M000  1.000
LYS+1A0233_035  1.000 -5.99  0.32  4.26  0.00 -1.41 0.502  00  +1T07EM000  1.000
LYS+1A0233_036  1.000-11.51  2.41  3.60  0.00 -5.50 0.501  00  +1T0A3M000  1.000
LYS+1A0233_037  1.000 -7.24  1.24  4.90  0.00 -1.10 0.502  00  +1T114M000  1.000
LYS+1A0233_038  1.000 -8.99  3.41  1.59  0.00 -3.99 0.501  00  +1T11CM000  1.000
LYS+1A0233_039  1.000-10.76  2.31  4.18  0.00 -4.27 0.501  00  +1T158M000  1.000
LYS+1A0233_040  1.000-10.15  1.35  6.92  0.00 -1.87 0.502  00  +1T16DM000  1.000
