   confID        vdw0    sas     sum
LYS01A0233_001   0.564 -12.508 -11.944
LYS01A0233_002   0.422 -12.875 -12.453
LYS01A0233_003   1.424 -12.627 -11.204
LYS01A0233_004   2.406 -12.572 -10.166
LYS01A0233_005   4.312 -12.720  -8.408
LYS01A0233_006   4.313 -12.804  -8.491
LYS01A0233_007   1.306 -12.493 -11.187
LYS01A0233_008   1.316 -12.236 -10.919
LYS01A0233_009   5.955 -11.882  -5.928
LYS01A0233_010   1.179 -12.609 -11.430
LYS01A0233_011   2.334 -12.313  -9.979
LYS01A0233_012   2.105 -12.495 -10.390
LYS01A0233_013   3.043 -11.947  -8.904
LYS01A0233_014   2.891 -13.000 -10.110
LYS01A0233_015   0.568 -12.620 -12.053
LYS01A0233_016   1.239 -12.373 -11.134
LYS01A0233_017   4.324 -12.514  -8.190
LYS01A0233_018   5.344 -12.094  -6.751
LYS01A0233_019   5.115 -12.337  -7.222
LYS01A0233_020   2.208 -12.850 -10.643
LYS+1A0233_021   0.519 -12.508 -11.989
LYS+1A0233_022   0.374 -12.823 -12.449
LYS+1A0233_023   2.325 -12.572 -10.247
LYS+1A0233_024   4.269 -12.788  -8.519
LYS+1A0233_025   1.240 -12.493 -11.253
LYS+1A0233_026   5.244 -12.094  -6.850
LYS+1A0233_027   1.251 -12.236 -10.985
LYS+1A0233_028   2.272 -12.313 -10.041
LYS+1A0233_029   2.054 -12.443 -10.390
LYS+1A0233_030   0.522 -12.620 -12.099
LYS+1A0233_031   1.194 -12.373 -11.178
LYS+1A0233_032   1.376 -12.627 -11.251
LYS+1A0233_033   4.275 -12.514  -8.240
LYS+1A0233_034   4.298 -12.868  -8.571
LYS+1A0233_035   5.886 -11.882  -5.996
LYS+1A0233_036   1.100 -12.609 -11.509
LYS+1A0233_037   5.064 -12.311  -7.247
LYS+1A0233_038   2.949 -11.947  -8.998
LYS+1A0233_039   2.154 -12.914 -10.760
LYS+1A0233_040   2.849 -13.000 -10.151
