iConf CONFORMER     FL  occ    crg   Em0  pKa0 ne nH    vdw0    vdw1    tors    epol   dsolv   extra    history
00001 GLU01A0172_001 f 0.00  0.000     0  0.00  0  0  -2.407   0.656   5.172   0.141  -0.301   0.000 01O000M000t
00002 GLU01A0172_002 f 0.00  0.000     0  0.00  0  0  -2.373   0.656   2.452   0.079   0.613   0.000 01O000M000t
00003 GLU01A0172_003 f 0.00  0.000     0  0.00  0  0  -3.396   0.918   1.755   0.016   0.664   0.000 01E002M000t
00004 GLU01A0172_004 f 0.00  0.000     0  0.00  0  0  -3.876   0.900   1.923   0.063   0.683   0.000 01E005M000t
00005 GLU01A0172_005 f 0.00  0.000     0  0.00  0  0  -3.485   1.028   1.599   0.050   0.697   0.000 01E009M000t
00006 GLU01A0172_006 f 0.00  0.000     0  0.00  0  0  -3.668   1.007   4.357   0.005  -0.478   0.000 01T006M000t
00007 GLU01A0172_007 f 0.00  0.000     0  0.00  0  0  -3.641   0.924   4.388   0.056  -0.426   0.000 01T008M000t
00008 GLU01A0172_008 f 0.00  0.000     0  0.00  0  0  -3.396   0.923   4.451   0.005  -0.461   0.000 01T002M000t
00009 GLU01A0172_009 f 0.00  0.000     0  0.00  0  0  -4.092   2.351   5.189   0.333   0.262   0.000 01T004M000t
00010 GLU01A0172_010 f 0.00  0.000     0  0.00  0  0  -3.883   0.903   4.631   0.075  -0.377   0.000 01T005M000t
00011 GLU01A0172_011 f 0.00  0.000     0  0.00  0  0  -3.433   1.029   4.307   0.110  -0.227   0.000 01T009M000t
00012 GLU01A0172_012 f 0.00  0.000     0  0.00  0  0  -3.706   1.007   1.637   0.040   0.645   0.000 01T006M000t
00013 GLU01A0172_013 f 0.00  0.000     0  0.00  0  0  -4.092   2.351   2.469   0.035   0.729   0.000 01T004M000t
00014 GLU02A0172_014 f 0.00  0.000     0  0.00  0  0  -2.747   0.656   5.172   0.044  -0.715   0.000 02O000M000t
00015 GLU02A0172_015 f 0.00  0.000     0  0.00  0  0  -3.213   1.131   4.382   0.312  -0.054   0.000 02E002M000t
00016 GLU02A0172_016 f 0.00  0.000     0  0.00  0  0  -4.189   2.031   5.154   0.023  -0.448   0.000 02E004M000t
00017 GLU02A0172_017 f 0.00  0.000     0  0.00  0  0  -3.818   1.005   4.422  -0.001  -0.694   0.000 02E009M000t
00018 GLU02A0172_018 f 0.00  0.000     0  0.00  0  0  -2.747   0.656   2.452   0.057   0.601   0.000 02O000M000t
00019 GLU02A0172_019 f 0.00  0.000     0  0.00  0  0  -3.646   1.032   1.934   0.105   0.564   0.000 02E005M000t
00020 GLU02A0172_020 f 0.00  0.000     0  0.00  0  0  -3.804   1.050   1.523   0.060   0.543   0.000 02E006M000t
00021 GLU02A0172_021 f 0.00  0.000     0  0.00  0  0  -3.646   1.032   4.587   0.166  -0.458   0.000 02T005M000t
00022 GLU02A0172_022 f 0.00  0.000     0  0.00  0  0  -3.741   1.054   4.237   0.107  -0.518   0.000 02T006M000t
00023 GLU02A0172_023 f 0.00  0.000     0  0.00  0  0  -3.541   0.921   4.320   0.082  -0.596   0.000 02T008M000t
00024 GLU02A0172_024 f 0.00  0.000     0  0.00  0  0  -4.189   2.031   2.403   0.017   0.713   0.000 02T004M000t
00025 GLU-1A0172_025 f 0.00 -1.000     0  4.75  0 -1  -2.719   0.678   2.452  -0.126  -0.069   0.000 -1O000M000t
00026 GLU-1A0172_026 f 0.00 -1.000     0  4.75  0 -1  -3.518   1.014   1.672  -0.192   0.095   0.000 -1E002M000t
00027 GLU-1A0172_027 f 0.00 -1.000     0  4.75  0 -1  -4.147   2.336   2.357  -0.193   0.021   0.000 -1E004M000t
00028 GLU-1A0172_028 f 0.00 -1.000     0  4.75  0 -1  -3.842   0.957   1.823  -0.282  -0.012   0.000 -1E005M000t
00029 GLU-1A0172_029 f 0.00 -1.000     0  4.75  0 -1  -3.622   1.057   1.444  -0.016  -0.225   0.000 -1E006M000t
00030 GLU-1A0172_030 f 0.00 -1.000     0  4.75  0 -1  -3.582   1.040   1.492  -0.029  -0.207   0.000 -1E009M000t
