CONFORMER         crg  vdw0  vdw1  tors  epol  self   occ  Hb     history    ASA
GLU01A0172_001  0.000 -2.41  0.66  5.17  0.00  3.42 0.000  00  01O000M000  1.007
GLU01A0172_002  0.000 -2.37  0.66  2.45  0.00  0.74 0.000  00  01O000M000  1.000
GLU01A0172_003  0.000 -3.40  0.92  1.75  0.00 -0.72 0.557  00  01E002M000  1.023
GLU01A0172_004  0.000 -3.87  0.90  1.92  0.00 -1.05 0.558  00  01E005M000  1.019
GLU01A0172_005  0.000 -3.49  1.03  1.60  0.00 -0.86 0.553  00  01E009M000  1.026
GLU01A0172_006  0.000 -3.67  1.01  4.36  0.00  1.70 0.551  00  01T006M000  1.020
GLU01A0172_007  0.000 -3.64  0.93  4.39  0.00  1.67 0.554  00  01T008M000  1.024
GLU01A0172_008  0.000 -3.40  0.92  4.45  0.00  1.97 0.557  00  01T002M000  1.023
GLU01A0172_009  0.000 -4.09  2.36  5.19  0.00  3.46 0.554  00  01T004M000  1.000
GLU01A0172_010  0.000 -3.89  0.91  4.63  0.00  1.65 0.558  00  01T005M000  1.022
GLU01A0172_011  0.000 -3.43  1.03  4.31  0.00  1.90 0.553  00  01T009M000  1.015
GLU01A0172_012  0.000 -3.71  1.01  1.64  0.00 -1.06 0.551  00  01T006M000  1.029
GLU01A0172_013  0.000 -4.09  2.36  2.47  0.00  0.74 0.554  00  01T004M000  1.000
GLU02A0172_014  0.000 -2.75  0.66  5.17  0.00  3.08 0.000  00  02O000M000  1.000
GLU02A0172_015  0.000 -3.22  1.13  4.38  0.00  2.30 0.557  00  02E002M000  1.023
GLU02A0172_016  0.000 -4.23  2.03  5.15  0.00  2.95 0.554  00  02E004M000  1.000
GLU02A0172_017  0.000 -3.82  1.00  4.42  0.00  1.61 0.553  00  02E009M000  1.020
GLU02A0172_018  0.000 -2.75  0.66  2.45  0.00  0.36 0.000  00  02O000M000  1.000
GLU02A0172_019  0.000 -3.65  1.03  1.93  0.00 -0.69 0.558  00  02E005M000  1.019
GLU02A0172_020  0.000 -3.80  1.05  1.52  0.00 -1.23 0.551  00  02E006M000  1.025
GLU02A0172_021  0.000 -3.65  1.03  4.58  0.00  1.97 0.558  00  02T005M000  1.019
GLU02A0172_022  0.000 -3.74  1.05  4.23  0.00  1.55 0.551  00  02T006M000  1.011
GLU02A0172_023  0.000 -3.54  0.92  4.32  0.00  1.70 0.554  00  02T008M000  1.029
GLU02A0172_024  0.000 -4.23  2.03  2.40  0.00  0.21 0.554  00  02T004M000  1.000
GLU-1A0172_025 -1.000 -2.72  0.68  2.45  0.00  0.41 0.000  00  -1O000M000  1.008
GLU-1A0172_026 -1.000 -3.52  1.01  1.67  0.00 -0.83 0.557  00  -1E002M000  1.022
GLU-1A0172_027 -1.000 -4.15  2.34  2.36  0.00  0.55 0.554  00  -1E004M000  1.000
GLU-1A0172_028 -1.000 -3.84  0.96  1.82  0.00 -1.07 0.558  00  -1E005M000  1.020
GLU-1A0172_029 -1.000 -3.62  1.05  1.45  0.00 -1.12 0.551  00  -1E006M000  1.012
GLU-1A0172_030 -1.000 -3.58  1.04  1.49  0.00 -1.05 0.553  00  -1E009M000  1.012
