   confID        vdw0    sas     sum
GLU01A0172_001   2.267  -4.675  -2.407
GLU01A0172_002   2.267  -4.640  -2.373
GLU01A0172_003   1.324  -4.720  -3.396
GLU01A0172_004   1.000  -4.876  -3.876
GLU01A0172_005   1.069  -4.554  -3.485
GLU01A0172_006   0.854  -4.521  -3.668
GLU01A0172_007   1.009  -4.650  -3.641
GLU01A0172_008   1.324  -4.720  -3.396
GLU01A0172_009   0.656  -4.748  -4.092
GLU01A0172_010   1.006  -4.889  -3.883
GLU01A0172_011   1.069  -4.503  -3.433
GLU01A0172_012   0.854  -4.560  -3.706
GLU01A0172_013   0.656  -4.748  -4.092
GLU02A0172_014   1.833  -4.580  -2.747
GLU02A0172_015   1.541  -4.754  -3.213
GLU02A0172_016   0.575  -4.765  -4.189
GLU02A0172_017   0.788  -4.606  -3.818
GLU02A0172_018   1.833  -4.580  -2.747
GLU02A0172_019   1.192  -4.839  -3.646
GLU02A0172_020   0.895  -4.699  -3.804
GLU02A0172_021   1.192  -4.839  -3.646
GLU02A0172_022   0.894  -4.635  -3.741
GLU02A0172_023   1.155  -4.696  -3.541
GLU02A0172_024   0.575  -4.765  -4.189
GLU-1A0172_025   1.754  -4.473  -2.719
GLU-1A0172_026   1.188  -4.706  -3.518
GLU-1A0172_027   0.511  -4.658  -4.147
GLU-1A0172_028   0.863  -4.705  -3.842
GLU-1A0172_029   0.740  -4.362  -3.622
GLU-1A0172_030   0.806  -4.388  -3.582
