iConf CONFORMER     FL  occ    crg   Em0  pKa0 ne nH    vdw0    vdw1    tors    epol   dsolv   extra    history
00001 ARG01A0031_001 f 0.00  0.000     0  0.00  0  0 -13.590   0.595   0.425   0.039  -0.248   0.000 01O000M000t
00002 ARG01A0031_002 f 0.00  0.000     0  0.00  0  0 -13.186   0.574   1.065   0.017  -0.056   0.000 01E00FM000t
00003 ARG01A0031_003 f 0.00  0.000     0  0.00  0  0 -12.911   2.094   3.263  -0.084  -0.412   0.000 01E02CM000t
00004 ARG01A0031_004 f 0.00  0.000     0  0.00  0  0 -12.968   2.747   6.001   0.092  -0.174   0.000 01E03AM000t
00005 ARG01A0031_005 f 0.00  0.000     0  0.00  0  0 -10.786   0.934   0.997   0.066  -0.244   0.000 01E066M000t
00006 ARG01A0031_006 f 0.00  0.000     0  0.00  0  0 -10.042   0.446   3.208   0.044  -0.247   0.000 01E092M000t
00007 ARG01A0031_007 f 0.00  0.000     0  0.00  0  0  -9.596   0.968   3.783   0.067   0.017   0.000 01E0D3M000t
00008 ARG01A0031_008 f 0.00  0.000     0  0.00  0  0 -13.073   2.114   3.864   0.037  -0.187   0.000 01T00CM000t
00009 ARG01A0031_009 f 0.00  0.000     0  0.00  0  0 -12.309   0.725   3.255   0.006  -0.159   0.000 01T01FM000t
00010 ARG01A0031_010 f 0.00  0.000     0  0.00  0  0 -12.943   0.549   3.400  -0.015   0.022   0.000 01T043M000t
00011 ARG01A0031_011 f 0.00  0.000     0  0.00  0  0 -11.703   4.378   1.144   0.022   0.372   0.000 01T04DM000t
00012 ARG01A0031_012 f 0.00  0.000     0  0.00  0  0 -11.257   3.005   3.262   0.127   0.017   0.000 01T078M000t
00013 ARG01A0031_013 f 0.00  0.000     0  0.00  0  0 -11.264   0.777   0.549   0.224   0.089   0.000 01T082M000t
00014 ARG01A0031_014 f 0.00  0.000     0  0.00  0  0  -6.284   0.340   3.176  -0.010   0.312   0.000 01T099M000t
00015 ARG01A0031_015 f 0.00  0.000     0  0.00  0  0 -11.189   0.669   3.216   0.027  -0.110   0.000 01T0AEM000t
00016 ARG01A0031_016 f 0.00  0.000     0  0.00  0  0 -10.583   0.305   0.987  -0.052  -0.075   0.000 01T0D9M000t
00017 ARG01A0031_017 f 0.00  0.000     0  0.00  0  0  -9.992   0.755   3.784   0.044  -0.165   0.000 01T10EM000t
00018 ARG01A0031_018 f 0.00  0.000     0  0.00  0  0 -11.319   0.686   0.989   0.017  -0.235   0.000 01T112M000t
00019 ARG01A0031_019 f 0.00  0.000     0  0.00  0  0 -11.644   0.989   0.572   0.005  -0.081   0.000 01T120M000t
00020 ARG01A0031_020 f 0.00  0.000     0  0.00  0  0  -9.377   1.881   3.852  -0.002  -0.388   0.000 01T149M000t
00021 ARG02A0031_021 f 0.00  0.000     0  0.00  0  0 -13.629   0.592   0.425   0.060   0.787   0.000 02O000M000t
00022 ARG02A0031_022 f 0.00  0.000     0  0.00  0  0 -13.326   0.580   1.052   0.027   0.966   0.000 02E00FM000t
00023 ARG02A0031_023 f 0.00  0.000     0  0.00  0  0 -12.242   5.002   1.056  -0.103   1.308   0.000 02E04DM000t
00024 ARG02A0031_024 f 0.00  0.000     0  0.00  0  0 -11.372   0.787   0.540   0.213   1.138   0.000 02E082M000t
00025 ARG02A0031_025 f 0.00  0.000     0  0.00  0  0 -12.979   0.546   3.330   0.029   0.561   0.000 02E043M000t
00026 ARG02A0031_026 f 0.00  0.000     0  0.00  0  0 -10.942   0.981   0.988   0.037   0.589   0.000 02E066M000t
00027 ARG02A0031_027 f 0.00  0.000     0  0.00  0  0  -9.792   0.743   3.769   0.024   0.445   0.000 02E10EM000t
00028 ARG02A0031_028 f 0.00  0.000     0  0.00  0  0 -11.314   0.679   0.986   0.028   0.780   0.000 02E112M000t
00029 ARG02A0031_029 f 0.00  0.000     0  0.00  0  0 -12.995   2.747   5.998   0.089   0.929   0.000 02T03AM000t
00030 ARG02A0031_030 f 0.00  0.000     0  0.00  0  0 -11.274   0.663   3.215   0.019   1.103   0.000 02T0AEM000t
00031 ARG02A0031_031 f 0.00  0.000     0  0.00  0  0  -9.622   0.968   3.782   0.085   1.102   0.000 02T0D3M000t
00032 ARG02A0031_032 f 0.00  0.000     0  0.00  0  0 -12.860   2.012   3.219   0.034   0.971   0.000 02T02CM000t
00033 ARG02A0031_033 f 0.00  0.000     0  0.00  0  0 -11.693   0.940   0.555   0.078   1.132   0.000 02T120M000t
00034 ARG02A0031_034 f 0.00  0.000     0  0.00  0  0 -13.033   2.130   3.848   0.040   0.704   0.000 02T00CM000t
00035 ARG02A0031_035 f 0.00  0.000     0  0.00  0  0 -12.477   0.725   3.197   0.029   0.645   0.000 02T01FM000t
00036 ARG02A0031_036 f 0.00  0.000     0  0.00  0  0 -11.467   3.227   3.231   0.044   0.773   0.000 02T078M000t
00037 ARG02A0031_037 f 0.00  0.000     0  0.00  0  0 -10.064   0.455   3.210  -0.002   0.813   0.000 02T092M000t
00038 ARG02A0031_038 f 0.00  0.000     0  0.00  0  0  -6.314   0.331   3.174   0.024   0.494   0.000 02T099M000t
00039 ARG02A0031_039 f 0.00  0.000     0  0.00  0  0 -10.609   0.239   0.981  -0.134   0.941   0.000 02T0D9M000t
00040 ARG02A0031_040 f 0.00  0.000     0  0.00  0  0  -9.191   1.870   3.842   0.055   0.607   0.000 02T149M000t
00041 ARG03A0031_041 f 0.00  0.000     0  0.00  0  0 -13.635   0.592   0.425   0.059   0.644   0.000 03O000M000t
00042 ARG03A0031_042 f 0.00  0.000     0  0.00  0  0 -13.265   0.578   1.054   0.032   0.642   0.000 03E00FM000t
00043 ARG03A0031_043 f 0.00  0.000     0  0.00  0  0 -12.986   2.716   6.002   0.096   0.921   0.000 03E03AM000t
00044 ARG03A0031_044 f 0.00  0.000     0  0.00  0  0 -10.394   0.977   0.981   0.062   0.877   0.000 03E066M000t
00045 ARG03A0031_045 f 0.00  0.000     0  0.00  0  0  -9.959   0.446   3.206   0.036   1.055   0.000 03E092M000t
00046 ARG03A0031_046 f 0.00  0.000     0  0.00  0  0  -6.359   0.328   3.174   0.023   1.289   0.000 03E099M000t
00047 ARG03A0031_047 f 0.00  0.000     0  0.00  0  0 -11.711   0.931   0.557   0.079   0.880   0.000 03E120M000t
00048 ARG03A0031_048 f 0.00  0.000     0  0.00  0  0  -9.898   0.739   3.770   0.041   0.752   0.000 03E10EM000t
00049 ARG03A0031_049 f 0.00  0.000     0  0.00  0  0 -13.154   2.129   3.849   0.047   0.731   0.000 03T00CM000t
00050 ARG03A0031_050 f 0.00  0.000     0  0.00  0  0 -12.182   4.969   1.056  -0.112   0.996   0.000 03T04DM000t
00051 ARG03A0031_051 f 0.00  0.000     0  0.00  0  0 -10.954   3.379   3.222   0.118   0.948   0.000 03T078M000t
00052 ARG03A0031_052 f 0.00  0.000     0  0.00  0  0 -10.658   0.237   0.983  -0.108   1.076   0.000 03T0D9M000t
00053 ARG03A0031_053 f 0.00  0.000     0  0.00  0  0 -13.111   0.541   3.331   0.051   0.766   0.000 03T043M000t
00054 ARG03A0031_054 f 0.00  0.000     0  0.00  0  0  -9.568   0.967   3.783   0.074   0.950   0.000 03T0D3M000t
00055 ARG03A0031_055 f 0.00  0.000     0  0.00  0  0 -11.396   0.674   0.986   0.039   0.897   0.000 03T112M000t
00056 ARG03A0031_056 f 0.00  0.000     0  0.00  0  0 -11.214   0.662   3.215   0.020   0.814   0.000 03T0AEM000t
00057 ARG03A0031_057 f 0.00  0.000     0  0.00  0  0 -12.476   0.724   3.201   0.016   0.812   0.000 03T01FM000t
00058 ARG03A0031_058 f 0.00  0.000     0  0.00  0  0 -12.868   2.043   3.218   0.023   0.787   0.000 03T02CM000t
00059 ARG03A0031_059 f 0.00  0.000     0  0.00  0  0 -11.282   0.790   0.526   0.186   0.731   0.000 03T082M000t
00060 ARG03A0031_060 f 0.00  0.000     0  0.00  0  0  -9.271   1.868   3.842   0.011   0.611   0.000 03T149M000t
00061 ARG+1A0031_061 f 0.00  1.000     0 12.50  0  1 -13.673   0.592   0.425   0.160  -0.332   0.000 +1O000M000t
00062 ARG+1A0031_062 f 0.00  1.000     0 12.50  0  1 -13.038   2.739   5.999   0.246  -0.092   0.000 +1E03AM000t
00063 ARG+1A0031_063 f 0.00  1.000     0 12.50  0  1 -13.072   0.543   3.334   0.299  -0.212   0.000 +1E043M000t
00064 ARG+1A0031_064 f 0.00  1.000     0 12.50  0  1 -10.024   0.445   3.207   0.171  -0.062   0.000 +1E092M000t
00065 ARG+1A0031_065 f 0.00  1.000     0 12.50  0  1  -9.669   0.966   3.783   0.188  -0.130   0.000 +1E0D3M000t
00066 ARG+1A0031_066 f 0.00  1.000     0 12.50  0  1  -9.873   0.739   3.770   0.110  -0.237   0.000 +1E10EM000t
00067 ARG+1A0031_067 f 0.00  1.000     0 12.50  0  1 -11.430   0.678   0.985   0.140  -0.032   0.000 +1E112M000t
00068 ARG+1A0031_068 f 0.00  1.000     0 12.50  0  1 -13.197   2.134   3.849   0.149  -0.115   0.000 +1T00CM000t
00069 ARG+1A0031_069 f 0.00  1.000     0 12.50  0  1 -13.310   0.584   1.053   0.114  -0.157   0.000 +1T00FM000t
00070 ARG+1A0031_070 f 0.00  1.000     0 12.50  0  1 -12.583   0.726   3.201   0.104  -0.283   0.000 +1T01FM000t
00071 ARG+1A0031_071 f 0.00  1.000     0 12.50  0  1 -12.909   2.043   3.218   0.578  -0.054   0.000 +1T02CM000t
00072 ARG+1A0031_072 f 0.00  1.000     0 12.50  0  1 -12.237   5.139   1.058  -0.168   0.932   0.000 +1T04DM000t
00073 ARG+1A0031_073 f 0.00  1.000     0 12.50  0  1 -10.576   0.985   0.978   0.205  -0.341   0.000 +1T066M000t
00074 ARG+1A0031_074 f 0.00  1.000     0 12.50  0  1 -11.075   3.371   3.221   0.291  -0.172   0.000 +1T078M000t
00075 ARG+1A0031_075 f 0.00  1.000     0 12.50  0  1 -11.213   0.798   0.523   0.365  -0.153   0.000 +1T082M000t
00076 ARG+1A0031_076 f 0.00  1.000     0 12.50  0  1  -6.391   0.328   3.177   0.154  -0.413   0.000 +1T099M000t
00077 ARG+1A0031_077 f 0.00  1.000     0 12.50  0  1 -11.268   0.663   3.216   0.082  -0.196   0.000 +1T0AEM000t
00078 ARG+1A0031_078 f 0.00  1.000     0 12.50  0  1 -10.685   0.239   0.981   0.065   0.386   0.000 +1T0D9M000t
00079 ARG+1A0031_079 f 0.00  1.000     0 12.50  0  1 -11.741   0.936   0.556   0.312  -0.101   0.000 +1T120M000t
00080 ARG+1A0031_080 f 0.00  1.000     0 12.50  0  1  -9.162   1.851   3.844   0.024  -0.185   0.000 +1T149M000t
