CONFORMER         crg  vdw0  vdw1  tors  epol  self   occ  Hb     history    ASA
ARG01A0031_001  0.000-13.59  0.47  0.43  0.00-12.69 0.501  00  01O000M000  1.000
ARG01A0031_002  0.000-12.56  1.18  3.22  0.00 -8.17 0.502  00  01E018M000  1.000
ARG01A0031_003  0.000-12.89  1.20  3.24  0.00 -8.46 0.501  00  01E019M000  1.000
ARG01A0031_004  0.000-12.87  2.62  0.43  0.00 -9.82 0.502  00  01E024M000  1.000
ARG01A0031_005  0.000-12.96  2.75  6.00  0.00 -4.21 0.502  00  01E03AM000  1.000
ARG01A0031_006  0.000-12.19  2.13  3.78  0.00 -6.27 0.501  00  01E070M000  1.000
ARG01A0031_007  0.000-11.80  0.55  1.06  0.00-10.20 0.501  00  01E085M000  1.000
ARG01A0031_008  0.000 -8.76  0.84  3.80  0.00 -4.12 0.502  00  01E0D1M000  1.000
ARG01A0031_009  0.000-10.31  0.97  1.06  0.00 -8.28 0.502  00  01E0EFM000  1.000
ARG01A0031_010  0.000 -9.84  1.05  3.85  0.00 -4.94 0.501  00  01E0F0M000  1.000
ARG01A0031_011  0.000 -9.88  1.07  3.85  0.00 -4.96 0.501  00  01E0F3M000  1.000
ARG01A0031_012  0.000-10.19  2.37  3.29  0.00 -4.53 0.501  00  01E106M000  1.000
ARG01A0031_013  0.000-12.97  1.08  1.07  0.00-10.82 0.502  00  01T008M000  1.000
ARG01A0031_014  0.000-12.44  2.81  3.25  0.00 -6.38 0.502  00  01T025M000  1.000
ARG01A0031_015  0.000-12.06  0.47  0.42  0.00-11.18 0.501  00  01T053M000  1.000
ARG01A0031_016  0.000-11.42  1.43  0.48  0.00 -9.51 0.501  00  01T069M000  1.000
ARG01A0031_017  0.000-11.80  2.14  3.85  0.00 -5.81 0.502  00  01T07AM000  1.000
ARG01A0031_018  0.000-12.23  1.02  3.36  0.00 -7.85 0.501  00  01T0FFM000  1.000
ARG01A0031_019  0.000 -9.04  0.37  1.07  0.00 -7.60 0.502  00  01T12CM000  1.000
ARG01A0031_020  0.000 -9.37  2.10  3.79  0.00 -3.48 0.501  00  01T134M000  1.000
ARG02A0031_021  0.000 -8.96  0.83  3.79  0.00 -4.34 0.502  00  02E0D1M000  1.000
ARG02A0031_022  0.000 -9.38  0.37  1.07  0.00 -7.94 0.502  00  02E12CM000  1.000
ARG02A0031_023  0.000-13.57  0.47  0.43  0.00-12.67 0.501  00  02O000M000  1.000
ARG02A0031_024  0.000-12.94  2.75  6.00  0.00 -4.19 0.502  00  02E03AM000  1.000
ARG02A0031_025  0.000-10.18  2.41  3.27  0.00 -4.50 0.501  00  02E106M000  1.000
ARG02A0031_026  0.000-12.92  1.19  3.22  0.00 -8.52 0.501  00  02T019M000  1.000
ARG02A0031_027  0.000-11.89  0.55  1.06  0.00-10.29 0.501  00  02T085M000  1.000
ARG02A0031_028  0.000-12.84  1.07  1.05  0.00-10.72 0.502  00  02T008M000  1.000
ARG02A0031_029  0.000-12.58  1.17  3.22  0.00 -8.19 0.502  00  02T018M000  1.000
ARG02A0031_030  0.000-12.11  0.47  0.42  0.00-11.22 0.501  00  02T053M000  1.000
ARG02A0031_031  0.000-12.22  2.14  3.78  0.00 -6.31 0.501  00  02T070M000  1.000
ARG02A0031_032  0.000-11.65  2.14  3.85  0.00 -5.66 0.502  00  02T07AM000  1.000
ARG02A0031_033  0.000 -9.94  1.05  3.85  0.00 -5.04 0.501  00  02T0F0M000  1.000
ARG02A0031_034  0.000 -9.93  1.08  3.85  0.00 -5.00 0.501  00  02T0F3M000  1.000
ARG02A0031_035  0.000-12.68  2.65  0.42  0.00 -9.61 0.502  00  02T024M000  1.000
ARG02A0031_036  0.000-12.53  2.82  3.20  0.00 -6.51 0.502  00  02T025M000  1.000
ARG02A0031_037  0.000-11.24  1.44  0.44  0.00 -9.37 0.501  00  02T069M000  1.000
ARG02A0031_038  0.000-10.32  0.97  1.06  0.00 -8.30 0.502  00  02T0EFM000  1.000
ARG02A0031_039  0.000-12.18  1.03  3.36  0.00 -7.79 0.501  00  02T0FFM000  1.000
ARG02A0031_040  0.000 -9.37  1.96  3.76  0.00 -3.65 0.501  00  02T134M000  1.000
ARG03A0031_041  0.000 -8.38  0.82  3.79  0.00 -3.77 0.502  00  03E0D1M000  1.000
ARG03A0031_042  0.000 -9.90  1.08  3.85  0.00 -4.98 0.501  00  03E0F3M000  1.000
ARG03A0031_043  0.000-13.63  0.47  0.43  0.00-12.73 0.501  00  03O000M000  1.000
ARG03A0031_044  0.000-12.65  1.17  3.22  0.00 -8.26 0.502  00  03E018M000  1.000
ARG03A0031_045  0.000-12.85  1.19  3.22  0.00 -8.45 0.501  00  03E019M000  1.000
ARG03A0031_046  0.000-11.90  0.55  1.06  0.00-10.29 0.501  00  03E085M000  1.000
ARG03A0031_047  0.000-12.96  1.07  1.05  0.00-10.84 0.502  00  03T008M000  1.000
ARG03A0031_048  0.000-12.58  2.81  3.21  0.00 -6.56 0.502  00  03T025M000  1.000
ARG03A0031_049  0.000 -9.04  0.36  1.06  0.00 -7.62 0.502  00  03T12CM000  1.000
ARG03A0031_050  0.000-12.10  0.46  0.42  0.00-11.21 0.501  00  03T053M000  1.000
ARG03A0031_051  0.000 -8.94  1.96  3.76  0.00 -3.21 0.501  00  03T134M000  1.000
ARG03A0031_052  0.000-12.98  2.72  6.00  0.00 -4.26 0.502  00  03T03AM000  1.000
ARG03A0031_053  0.000-11.76  2.14  3.85  0.00 -5.77 0.502  00  03T07AM000  1.000
ARG03A0031_054  0.000 -9.86  1.05  3.85  0.00 -4.97 0.501  00  03T0F0M000  1.000
ARG03A0031_055  0.000 -9.82  2.42  3.26  0.00 -4.14 0.501  00  03T106M000  1.000
ARG03A0031_056  0.000-12.92  2.64  0.42  0.00 -9.85 0.502  00  03T024M000  1.000
ARG03A0031_057  0.000-11.15  1.44  0.44  0.00 -9.28 0.501  00  03T069M000  1.000
ARG03A0031_058  0.000-12.26  2.14  3.78  0.00 -6.34 0.501  00  03T070M000  1.000
ARG03A0031_059  0.000-10.37  0.97  1.06  0.00 -8.35 0.502  00  03T0EFM000  1.000
ARG03A0031_060  0.000-12.22  0.99  3.36  0.00 -7.87 0.501  00  03T0FFM000  1.000
ARG+1A0031_061  1.000-13.67  0.47  0.43  0.00-12.78 0.501  00  +1O000M000  1.000
ARG+1A0031_062  1.000-12.68  1.17  3.22  0.00 -8.29 0.502  00  +1E018M000  1.000
ARG+1A0031_063  1.000-12.89  1.18  3.22  0.00 -8.49 0.501  00  +1E019M000  1.000
ARG+1A0031_064  1.000-12.84  2.65  0.42  0.00 -9.78 0.502  00  +1E024M000  1.000
ARG+1A0031_065  1.000-12.61  2.82  3.21  0.00 -6.59 0.502  00  +1E025M000  1.000
ARG+1A0031_066  1.000-12.19  0.46  0.42  0.00-11.31 0.501  00  +1E053M000  1.000
ARG+1A0031_067  1.000-11.00  1.43  0.44  0.00 -9.13 0.501  00  +1E069M000  1.000
ARG+1A0031_068  1.000-11.80  2.14  3.85  0.00 -5.81 0.502  00  +1E07AM000  1.000
ARG+1A0031_069  1.000 -8.38  0.82  3.79  0.00 -3.77 0.502  00  +1E0D1M000  1.000
ARG+1A0031_070  1.000-10.41  0.96  1.06  0.00 -8.39 0.502  00  +1E0EFM000  1.000
ARG+1A0031_071  1.000 -9.95  1.08  3.85  0.00 -5.02 0.501  00  +1E0F3M000  1.000
ARG+1A0031_072  1.000-12.27  0.98  3.36  0.00 -7.93 0.501  00  +1E0FFM000  1.000
ARG+1A0031_073  1.000-10.02  2.41  3.26  0.00 -4.34 0.501  00  +1E106M000  1.000
ARG+1A0031_074  1.000-12.94  1.07  1.05  0.00-10.81 0.502  00  +1T008M000  1.000
ARG+1A0031_075  1.000-13.04  2.74  6.00  0.00 -4.30 0.502  00  +1T03AM000  1.000
ARG+1A0031_076  1.000-12.30  2.14  3.78  0.00 -6.39 0.501  00  +1T070M000  1.000
ARG+1A0031_077  1.000-11.94  0.55  1.06  0.00-10.33 0.501  00  +1T085M000  1.000
ARG+1A0031_078  1.000-10.03  1.05  3.85  0.00 -5.14 0.501  00  +1T0F0M000  1.000
ARG+1A0031_079  1.000 -9.11  0.36  1.06  0.00 -7.69 0.502  00  +1T12CM000  1.000
ARG+1A0031_080  1.000 -9.11  1.96  3.77  0.00 -3.38 0.501  00  +1T134M000  1.000
