   confID        vdw0    sas     sum
ARG01A0031_001   1.109 -14.699 -13.590
ARG01A0031_002   1.602 -14.787 -13.186
ARG01A0031_003   1.904 -14.815 -12.911
ARG01A0031_004   1.857 -14.825 -12.968
ARG01A0031_005   3.558 -14.344 -10.786
ARG01A0031_006   3.861 -13.902 -10.042
ARG01A0031_007   4.528 -14.124  -9.596
ARG01A0031_008   1.607 -14.680 -13.073
ARG01A0031_009   2.081 -14.390 -12.309
ARG01A0031_010   1.992 -14.935 -12.943
ARG01A0031_011   2.213 -13.915 -11.703
ARG01A0031_012   3.013 -14.270 -11.257
ARG01A0031_013   3.117 -14.381 -11.264
ARG01A0031_014   7.774 -14.057  -6.284
ARG01A0031_015   3.151 -14.340 -11.189
ARG01A0031_016   3.637 -14.219 -10.583
ARG01A0031_017   4.631 -14.623  -9.992
ARG01A0031_018   3.173 -14.492 -11.319
ARG01A0031_019   2.739 -14.384 -11.644
ARG01A0031_020   4.686 -14.063  -9.377
ARG02A0031_021   1.070 -14.699 -13.629
ARG02A0031_022   1.577 -14.903 -13.326
ARG02A0031_023   2.086 -14.327 -12.242
ARG02A0031_024   2.749 -14.121 -11.372
ARG02A0031_025   2.037 -15.016 -12.979
ARG02A0031_026   3.415 -14.357 -10.942
ARG02A0031_027   4.648 -14.439  -9.792
ARG02A0031_028   3.126 -14.440 -11.314
ARG02A0031_029   1.830 -14.825 -12.995
ARG02A0031_030   3.130 -14.404 -11.274
ARG02A0031_031   4.502 -14.124  -9.622
ARG02A0031_032   1.875 -14.734 -12.860
ARG02A0031_033   2.755 -14.448 -11.693
ARG02A0031_034   1.631 -14.664 -13.033
ARG02A0031_035   2.106 -14.583 -12.477
ARG02A0031_036   2.832 -14.299 -11.467
ARG02A0031_037   3.719 -13.783 -10.064
ARG02A0031_038   7.743 -14.057  -6.314
ARG02A0031_039   3.614 -14.223 -10.609
ARG02A0031_040   4.737 -13.927  -9.191
ARG03A0031_041   1.065 -14.699 -13.635
ARG03A0031_042   1.570 -14.835 -13.265
ARG03A0031_043   1.824 -14.809 -12.986
ARG03A0031_044   3.639 -14.032 -10.394
ARG03A0031_045   3.879 -13.838  -9.959
ARG03A0031_046   7.698 -14.057  -6.359
ARG03A0031_047   2.737 -14.448 -11.711
ARG03A0031_048   4.609 -14.507  -9.898
ARG03A0031_049   1.578 -14.732 -13.154
ARG03A0031_050   2.081 -14.263 -12.182
ARG03A0031_051   3.236 -14.190 -10.954
ARG03A0031_052   3.565 -14.223 -10.658
ARG03A0031_053   1.973 -15.084 -13.111
ARG03A0031_054   4.492 -14.060  -9.568
ARG03A0031_055   3.096 -14.492 -11.396
ARG03A0031_056   3.125 -14.340 -11.214
ARG03A0031_057   2.043 -14.519 -12.476
ARG03A0031_058   1.867 -14.734 -12.868
ARG03A0031_059   3.215 -14.496 -11.282
ARG03A0031_060   4.791 -14.063  -9.271
ARG+1A0031_061   1.026 -14.699 -13.673
ARG+1A0031_062   1.787 -14.825 -13.038
ARG+1A0031_063   1.944 -15.016 -13.072
ARG+1A0031_064   3.814 -13.838 -10.024
ARG+1A0031_065   4.455 -14.124  -9.669
ARG+1A0031_066   4.569 -14.443  -9.873
ARG+1A0031_067   3.062 -14.492 -11.430
ARG+1A0031_068   1.535 -14.732 -13.197
ARG+1A0031_069   1.528 -14.839 -13.310
ARG+1A0031_070   2.000 -14.583 -12.583
ARG+1A0031_071   1.825 -14.734 -12.909
ARG+1A0031_072   2.026 -14.263 -12.237
ARG+1A0031_073   3.585 -14.161 -10.576
ARG+1A0031_074   3.176 -14.251 -11.075
ARG+1A0031_075   3.219 -14.432 -11.213
ARG+1A0031_076   7.666 -14.057  -6.391
ARG+1A0031_077   3.072 -14.340 -11.268
ARG+1A0031_078   3.538 -14.223 -10.685
ARG+1A0031_079   2.707 -14.448 -11.741
ARG+1A0031_080   4.769 -13.931  -9.162
