CONFORMER         crg  vdw0  vdw1  tors  epol  self   occ  Hb     history    ASA
LYS01A0212_001  0.000-12.34  0.37  1.13  0.00-10.84 0.501  00  01O000M000  1.000
LYS01A0212_002  0.000-10.93  4.54  1.75  0.00 -4.64 0.502  00  01E01EM000  1.000
LYS01A0212_003  0.000-10.88  0.39  1.51  0.00 -8.97 0.501  00  01E03DM000  1.000
LYS01A0212_004  0.000-10.33  0.68  1.40  0.00 -8.25 0.502  00  01E053M000  1.000
LYS01A0212_005  0.000 -7.54  0.31  3.78  0.00 -3.45 0.501  00  01E089M000  1.000
LYS01A0212_006  0.000 -8.56 -0.44  4.69  0.00 -4.31 0.501  00  01E0E2M000  1.000
LYS01A0212_007  0.000 -9.40  0.07  0.93  0.00 -8.39 0.501  00  01E11DM000  1.000
LYS01A0212_008  0.000-10.98  2.90  1.48  0.00 -6.59 0.502  00  01E13CM000  1.000
LYS01A0212_009  0.000-10.21  0.94  3.97  0.00 -5.30 0.501  00  01E149M000  1.000
LYS01A0212_010  0.000 -8.00  0.46  1.95  0.00 -5.59 0.501  00  01E16DM000  1.000
LYS01A0212_011  0.000 -9.91  1.11  6.95  0.00 -1.85 0.502  00  01E178M000  1.000
LYS01A0212_012  0.000 -9.23  0.84  4.21  0.00 -4.19 0.501  00  01E191M000  1.000
LYS01A0212_013  0.000-11.42  1.09  4.45  0.00 -5.88 0.501  00  01T020M000  1.000
LYS01A0212_014  0.000 -8.68  0.11  1.95  0.00 -6.62 0.501  00  01T030M000  1.000
LYS01A0212_015  0.000-10.49  0.14  1.31  0.00 -9.04 0.501  00  01T081M000  1.000
LYS01A0212_016  0.000-10.92  0.42  3.93  0.00 -6.56 0.501  00  01T087M000  1.000
LYS01A0212_017  0.000-11.50  3.37  5.93  0.00 -2.20 0.502  00  01T096M000  1.000
LYS01A0212_018  0.000-10.82  0.35  3.58  0.00 -6.89 0.501  00  01T121M000  1.000
LYS01A0212_019  0.000 -9.06  3.39  3.71  0.00 -1.96 0.501  00  01T136M000  1.000
LYS01A0212_020  0.000-10.60  0.91  3.72  0.00 -5.97 0.502  00  01T185M000  1.000
LYS+1A0212_021  1.000-12.38  0.36  1.13  0.00-10.88 0.501  00  +1O000M000  1.000
LYS+1A0212_022  1.000-11.09  4.82  1.75  0.00 -4.52 0.502  00  +1E01EM000  1.000
LYS+1A0212_023  1.000 -8.72  0.11  1.95  0.00 -6.66 0.501  00  +1E030M000  1.000
LYS+1A0212_024  1.000-10.36  0.67  1.40  0.00 -8.29 0.502  00  +1E053M000  1.000
LYS+1A0212_025  1.000-10.91  0.42  3.97  0.00 -6.52 0.501  00  +1E087M000  1.000
LYS+1A0212_026  1.000 -8.63 -0.50  4.74  0.00 -4.40 0.501  00  +1E0E2M000  1.000
LYS+1A0212_027  1.000-10.87  0.34  3.61  0.00 -6.92 0.501  00  +1E121M000  1.000
LYS+1A0212_028  1.000 -9.13  3.39  3.71  0.00 -2.03 0.501  00  +1E136M000  1.000
LYS+1A0212_029  1.000-11.05  2.93  1.49  0.00 -6.64 0.502  00  +1E13CM000  1.000
LYS+1A0212_030  1.000-10.30  0.96  3.98  0.00 -5.37 0.501  00  +1E149M000  1.000
LYS+1A0212_031  1.000 -7.94  0.45  1.95  0.00 -5.54 0.501  00  +1E16DM000  1.000
LYS+1A0212_032  1.000 -9.32  0.82  4.21  0.00 -4.29 0.501  00  +1E191M000  1.000
LYS+1A0212_033  1.000-11.41  1.09  4.45  0.00 -5.87 0.501  00  +1T020M000  1.000
LYS+1A0212_034  1.000-10.79  0.39  1.52  0.00 -8.88 0.501  00  +1T03DM000  1.000
LYS+1A0212_035  1.000-10.61  0.14  1.31  0.00 -9.16 0.501  00  +1T081M000  1.000
LYS+1A0212_036  1.000 -7.35  0.31  3.81  0.00 -3.23 0.501  00  +1T089M000  1.000
LYS+1A0212_037  1.000-11.59  3.39  5.99  0.00 -2.21 0.502  00  +1T096M000  1.000
LYS+1A0212_038  1.000 -9.49  0.06  0.94  0.00 -8.49 0.501  00  +1T11DM000  1.000
LYS+1A0212_039  1.000-10.02  1.11  6.98  0.00 -1.94 0.502  00  +1T178M000  1.000
LYS+1A0212_040  1.000-10.63  0.90  3.72  0.00 -6.01 0.502  00  +1T185M000  1.000
