iConf CONFORMER     FL  occ    crg   Em0  pKa0 ne nH    vdw0    vdw1    tors    epol   dsolv   extra    history
00001 LYS01A0212_001 f 0.00  0.000     0  0.00  0  0 -12.340   0.366   1.135  -0.013  -0.165   0.000 01O000M000t
00002 LYS01A0212_002 f 0.00  0.000     0  0.00  0  0 -10.927   4.541   1.751  -0.039  -0.080   0.000 01E01EM000t
00003 LYS01A0212_003 f 0.00  0.000     0  0.00  0  0 -10.878   0.392   1.515  -0.005  -0.013   0.000 01E03DM000t
00004 LYS01A0212_004 f 0.00  0.000     0  0.00  0  0 -10.327   0.673   1.402  -0.020  -0.138   0.000 01E053M000t
00005 LYS01A0212_005 f 0.00  0.000     0  0.00  0  0  -7.488   0.311   3.782  -0.023   0.061   0.000 01E089M000t
00006 LYS01A0212_006 f 0.00  0.000     0  0.00  0  0  -8.568  -0.440   4.693  -0.126   0.048   0.000 01E0E2M000t
00007 LYS01A0212_007 f 0.00  0.000     0  0.00  0  0  -9.401   0.071   0.934  -0.029   0.157   0.000 01E11DM000t
00008 LYS01A0212_008 f 0.00  0.000     0  0.00  0  0 -10.980   2.898   1.484  -0.136   0.056   0.000 01E13CM000t
00009 LYS01A0212_009 f 0.00  0.000     0  0.00  0  0 -10.206   0.943   3.964  -0.047   0.020   0.000 01E149M000t
00010 LYS01A0212_010 f 0.00  0.000     0  0.00  0  0  -8.005   0.460   1.951  -0.054   0.074   0.000 01E16DM000t
00011 LYS01A0212_011 f 0.00  0.000     0  0.00  0  0  -9.957   1.108   6.954  -0.018  -0.006   0.000 01E178M000t
00012 LYS01A0212_012 f 0.00  0.000     0  0.00  0  0  -9.231   0.837   4.210  -0.091   0.179   0.000 01E191M000t
00013 LYS01A0212_013 f 0.00  0.000     0  0.00  0  0 -11.425   1.095   4.451  -0.029  -0.160   0.000 01T020M000t
00014 LYS01A0212_014 f 0.00  0.000     0  0.00  0  0  -8.678   0.111   1.948  -0.013  -0.045   0.000 01T030M000t
00015 LYS01A0212_015 f 0.00  0.000     0  0.00  0  0 -10.493   0.137   1.313  -0.016   0.089   0.000 01T081M000t
00016 LYS01A0212_016 f 0.00  0.000     0  0.00  0  0 -10.926   0.425   3.933  -0.003  -0.018   0.000 01T087M000t
00017 LYS01A0212_017 f 0.00  0.000     0  0.00  0  0 -11.502   3.368   5.935  -0.013  -0.171   0.000 01T096M000t
00018 LYS01A0212_018 f 0.00  0.000     0  0.00  0  0 -10.821   0.349   3.580  -0.014  -0.107   0.000 01T121M000t
00019 LYS01A0212_019 f 0.00  0.000     0  0.00  0  0  -9.056   3.396   3.705  -0.016   0.147   0.000 01T136M000t
00020 LYS01A0212_020 f 0.00  0.000     0  0.00  0  0 -10.594   0.905   3.718  -0.028   0.146   0.000 01T185M000t
00021 LYS+1A0212_021 f 0.00  1.000     0 10.40  0  1 -12.386   0.365   1.135   0.091  -0.206   0.000 +1O000M000t
00022 LYS+1A0212_022 f 0.00  1.000     0 10.40  0  1 -11.089   4.810   1.754   0.094  -0.247   0.000 +1E01EM000t
00023 LYS+1A0212_023 f 0.00  1.000     0 10.40  0  1  -8.709   0.112   1.951   0.088  -0.658   0.000 +1E030M000t
00024 LYS+1A0212_024 f 0.00  1.000     0 10.40  0  1 -10.354   0.668   1.405   0.064  -0.347   0.000 +1E053M000t
00025 LYS+1A0212_025 f 0.00  1.000     0 10.40  0  1 -10.916   0.424   3.969   0.013  -0.096   0.000 +1E087M000t
00026 LYS+1A0212_026 f 0.00  1.000     0 10.40  0  1  -8.590  -0.501   4.742   0.420   0.199   0.000 +1E0E2M000t
00027 LYS+1A0212_027 f 0.00  1.000     0 10.40  0  1 -10.909   0.341   3.610   0.055  -0.102   0.000 +1E121M000t
00028 LYS+1A0212_028 f 0.00  1.000     0 10.40  0  1  -9.130   3.387   3.710   0.234   0.176   0.000 +1E136M000t
00029 LYS+1A0212_029 f 0.00  1.000     0 10.40  0  1 -11.046   2.926   1.485   0.445   0.062   0.000 +1E13CM000t
00030 LYS+1A0212_030 f 0.00  1.000     0 10.40  0  1 -10.301   0.957   3.979   0.246  -0.383   0.000 +1E149M000t
00031 LYS+1A0212_031 f 0.00  1.000     0 10.40  0  1  -7.925   0.444   1.955   0.202   0.133   0.000 +1E16DM000t
00032 LYS+1A0212_032 f 0.00  1.000     0 10.40  0  1  -9.323   0.815   4.214   0.513   0.356   0.000 +1E191M000t
00033 LYS+1A0212_033 f 0.00  1.000     0 10.40  0  1 -11.413   1.096   4.452   0.132  -0.266   0.000 +1T020M000t
00034 LYS+1A0212_034 f 0.00  1.000     0 10.40  0  1 -10.855   0.397   1.515   0.030  -0.232   0.000 +1T03DM000t
00035 LYS+1A0212_035 f 0.00  1.000     0 10.40  0  1 -10.611   0.134   1.314   0.063   0.004   0.000 +1T081M000t
00036 LYS+1A0212_036 f 0.00  1.000     0 10.40  0  1  -7.339   0.303   3.808  -0.033   0.010   0.000 +1T089M000t
00037 LYS+1A0212_037 f 0.00  1.000     0 10.40  0  1 -11.594   3.395   5.992   0.034  -0.262   0.000 +1T096M000t
00038 LYS+1A0212_038 f 0.00  1.000     0 10.40  0  1  -9.486   0.060   0.936   0.157   0.077   0.000 +1T11DM000t
00039 LYS+1A0212_039 f 0.00  1.000     0 10.40  0  1 -10.059   1.105   6.976   0.105   0.043   0.000 +1T178M000t
00040 LYS+1A0212_040 f 0.00  1.000     0 10.40  0  1 -10.681   0.900   3.721   0.135   0.155   0.000 +1T185M000t
