   confID        vdw0    sas     sum
LYS01A0212_001   0.666 -13.007 -12.340
LYS01A0212_002   1.620 -12.547 -10.927
LYS01A0212_003   1.668 -12.546 -10.878
LYS01A0212_004   2.100 -12.427 -10.327
LYS01A0212_005   4.668 -12.156  -7.488
LYS01A0212_006   4.379 -12.948  -8.568
LYS01A0212_007   2.803 -12.204  -9.401
LYS01A0212_008   1.745 -12.725 -10.980
LYS01A0212_009   2.224 -12.431 -10.206
LYS01A0212_010   4.524 -12.528  -8.005
LYS01A0212_011   2.443 -12.399  -9.957
LYS01A0212_012   3.163 -12.394  -9.231
LYS01A0212_013   1.547 -12.971 -11.425
LYS01A0212_014   3.827 -12.505  -8.678
LYS01A0212_015   1.843 -12.335 -10.493
LYS01A0212_016   1.624 -12.550 -10.926
LYS01A0212_017   1.074 -12.576 -11.502
LYS01A0212_018   1.693 -12.515 -10.821
LYS01A0212_019   2.852 -11.907  -9.056
LYS01A0212_020   1.832 -12.426 -10.594
LYS+1A0212_021   0.621 -13.007 -12.386
LYS+1A0212_022   1.561 -12.650 -11.089
LYS+1A0212_023   3.795 -12.505  -8.709
LYS+1A0212_024   2.086 -12.440 -10.354
LYS+1A0212_025   1.582 -12.498 -10.916
LYS+1A0212_026   4.332 -12.922  -8.590
LYS+1A0212_027   1.641 -12.550 -10.909
LYS+1A0212_028   2.777 -11.907  -9.130
LYS+1A0212_029   1.679 -12.725 -11.046
LYS+1A0212_030   2.181 -12.482 -10.301
LYS+1A0212_031   4.484 -12.409  -7.925
LYS+1A0212_032   3.072 -12.394  -9.323
LYS+1A0212_033   1.495 -12.907 -11.413
LYS+1A0212_034   1.627 -12.482 -10.855
LYS+1A0212_035   1.776 -12.387 -10.611
LYS+1A0212_036   4.646 -11.985  -7.339
LYS+1A0212_037   1.045 -12.640 -11.594
LYS+1A0212_038   2.705 -12.191  -9.486
LYS+1A0212_039   2.395 -12.454 -10.059
LYS+1A0212_040   1.745 -12.426 -10.681
