iConf CONFORMER     FL  occ    crg   Em0  pKa0 ne nH    vdw0    vdw1    tors    epol   dsolv   extra    history
00001 ASP01A0103_001 f 0.00  0.000     0  0.00  0  0  -4.404   2.131   4.019   1.408  -0.271   0.000 01O000M000t
00002 ASP01A0103_002 f 0.00  0.000     0  0.00  0  0  -3.947   0.405   4.425   0.659  -0.680   0.000 01E006M000t
00003 ASP01A0103_003 f 0.00  0.000     0  0.00  0  0  -4.481   2.130   1.299   0.199   0.389   0.000 01O000M000t
00004 ASP01A0103_004 f 0.00  0.000     0  0.00  0  0  -4.330   0.248   2.353   0.164   0.484   0.000 01E004M000t
00005 ASP01A0103_005 f 0.00  0.000     0  0.00  0  0  -4.223   1.068   1.734   0.155   0.468   0.000 01E005M000t
00006 ASP01A0103_006 f 0.00  0.000     0  0.00  0  0  -4.328   0.249   5.073   0.297  -0.665   0.000 01T004M000t
00007 ASP01A0103_007 f 0.00  0.000     0  0.00  0  0  -4.223   1.068   4.448   0.181  -0.704   0.000 01T005M000t
00008 ASP01A0103_008 f 0.00  0.000     0  0.00  0  0  -4.074   1.060   5.056   0.591  -0.752   0.000 01T007M000t
00009 ASP01A0103_009 f 0.00  0.000     0  0.00  0  0  -4.124   0.074   1.713   0.266   0.473   0.000 01T002M000t
00010 ASP01A0103_010 f 0.00  0.000     0  0.00  0  0  -4.034   0.437   1.765   0.397   0.479   0.000 01T006M000t
00011 ASP01A0103_011 f 0.00  0.000     0  0.00  0  0  -4.100   1.060   2.336   0.458   0.461   0.000 01T007M000t
00012 ASP02A0103_012 f 0.00  0.000     0  0.00  0  0  -4.487   1.619   4.019   0.128  -0.548   0.000 02O000M000t
00013 ASP02A0103_013 f 0.00  0.000     0  0.00  0  0  -4.509   1.611   4.017   0.172  -0.704   0.000 02E003M000t
00014 ASP02A0103_014 f 0.00  0.000     0  0.00  0  0  -4.487   1.619   1.299   0.144   0.652   0.000 02O000M000t
00015 ASP02A0103_015 f 0.00  0.000     0  0.00  0  0  -4.397   0.996   4.402   0.260  -0.573   0.000 02T005M000t
00016 ASP02A0103_016 f 0.00  0.000     0  0.00  0  0  -4.017   0.453   4.494   0.366  -0.260   0.000 02T006M000t
00017 ASP02A0103_017 f 0.00  0.000     0  0.00  0  0  -4.134   1.161   5.061   0.764  -0.467   0.000 02T007M000t
00018 ASP02A0103_018 f 0.00  0.000     0  0.00  0  0  -4.114   0.121   1.732   0.314   0.669   0.000 02T002M000t
00019 ASP02A0103_019 f 0.00  0.000     0  0.00  0  0  -4.397   0.996   1.682   0.185   0.697   0.000 02T005M000t
00020 ASP02A0103_020 f 0.00  0.000     0  0.00  0  0  -4.456   1.867   1.309   0.146   0.720   0.000 02T003M000t
00021 ASP02A0103_021 f 0.00  0.000     0  0.00  0  0  -4.017   0.453   1.774   0.326   0.671   0.000 02T006M000t
00022 ASP02A0103_022 f 0.00  0.000     0  0.00  0  0  -4.147   1.161   2.341   0.442   0.663   0.000 02T007M000t
00023 ASP-1A0103_023 f 0.00 -1.000     0  4.75  0 -1  -4.348   1.636   1.299  -0.702  -0.136   0.000 -1O000M000t
00024 ASP-1A0103_024 f 0.00 -1.000     0  4.75  0 -1  -4.333   0.156   2.145  -0.313  -0.378   0.000 -1E004M000t
00025 ASP-1A0103_025 f 0.00 -1.000     0  4.75  0 -1  -3.922   0.321   1.616  -0.507  -0.033   0.000 -1E006M000t
00026 ASP-1A0103_026 f 0.00 -1.000     0  4.75  0 -1  -3.967   0.866   2.116  -0.786   0.156   0.000 -1E007M000t
