CONFORMER         crg  vdw0  vdw1  tors  epol  self   occ  Hb     history    ASA
ASP01A0103_001  0.000 -4.40  2.13  4.02  0.00  1.75 0.565  00  01O000M000  1.006
ASP01A0103_002  0.000 -3.95  0.41  4.42  0.00  0.88 0.561  00  01E006M000  1.000
ASP01A0103_003  0.000 -4.48  2.13  1.30  0.00 -1.05 0.565  00  01O000M000  1.023
ASP01A0103_004  0.000 -4.33  0.25  2.35  0.00 -1.73 0.562  00  01E004M000  1.047
ASP01A0103_005  0.000 -4.22  1.07  1.73  0.00 -1.42 0.562  00  01E005M000  1.020
ASP01A0103_006  0.000 -4.33  0.25  5.07  0.00  0.99 0.562  00  01T004M000  1.047
ASP01A0103_007  0.000 -4.22  1.07  4.45  0.00  1.29 0.562  00  01T005M000  1.020
ASP01A0103_008  0.000 -4.07  1.06  5.06  0.00  2.04 0.565  00  01T007M000  1.000
ASP01A0103_009  0.000 -4.12  0.07  1.71  0.00 -2.34 0.566  00  01T002M000  1.000
ASP01A0103_010  0.000 -4.03  0.44  1.76  0.00 -1.83 0.561  00  01T006M000  1.000
ASP01A0103_011  0.000 -4.10  1.06  2.34  0.00 -0.70 0.565  00  01T007M000  1.006
ASP02A0103_012  0.000 -4.49  1.62  4.02  0.00  1.15 0.565  00  02O000M000  1.008
ASP02A0103_013  0.000 -4.51  1.61  4.01  0.00  1.11 0.560  00  02E003M000  1.040
ASP02A0103_014  0.000 -4.49  1.62  1.30  0.00 -1.57 0.565  00  02O000M000  1.008
ASP02A0103_015  0.000 -4.40  1.00  4.40  0.00  1.00 0.562  00  02T005M000  1.030
ASP02A0103_016  0.000 -4.02  0.45  4.49  0.00  0.93 0.561  00  02T006M000  1.000
ASP02A0103_017  0.000 -4.13  1.16  5.06  0.00  2.08 0.565  00  02T007M000  1.000
ASP02A0103_018  0.000 -4.11  0.12  1.73  0.00 -2.26 0.566  00  02T002M000  1.012
ASP02A0103_019  0.000 -4.40  1.00  1.68  0.00 -1.72 0.562  00  02T005M000  1.030
ASP02A0103_020  0.000 -4.46  1.88  1.31  0.00 -1.27 0.560  00  02T003M000  1.016
ASP02A0103_021  0.000 -4.02  0.45  1.77  0.00 -1.79 0.561  00  02T006M000  1.000
ASP02A0103_022  0.000 -4.15  1.16  2.34  0.00 -0.65 0.565  00  02T007M000  1.003
ASP-1A0103_023 -1.000 -4.35  1.64  1.30  0.00 -1.41 0.565  00  -1O000M000  1.006
ASP-1A0103_024 -1.000 -4.33  0.16  2.14  0.00 -2.03 0.562  00  -1E004M000  1.038
ASP-1A0103_025 -1.000 -3.92  0.32  1.62  0.00 -1.99 0.561  00  -1E006M000  1.000
ASP-1A0103_026 -1.000 -3.97  0.87  2.11  0.00 -0.98 0.565  00  -1E007M000  1.000
