   confID        vdw0    sas     sum
ASP01A0103_001   0.091  -4.495  -4.404
ASP01A0103_002   0.431  -4.379  -3.947
ASP01A0103_003   0.092  -4.573  -4.481
ASP01A0103_004   0.416  -4.746  -4.330
ASP01A0103_005   0.440  -4.663  -4.223
ASP01A0103_006   0.418  -4.746  -4.328
ASP01A0103_007   0.440  -4.663  -4.223
ASP01A0103_008   0.418  -4.493  -4.074
ASP01A0103_009   0.428  -4.552  -4.124
ASP01A0103_010   0.430  -4.464  -4.034
ASP01A0103_011   0.418  -4.518  -4.100
ASP02A0103_012   0.156  -4.643  -4.487
ASP02A0103_013   0.202  -4.711  -4.509
ASP02A0103_014   0.156  -4.643  -4.487
ASP02A0103_015   0.374  -4.772  -4.397
ASP02A0103_016   0.379  -4.396  -4.017
ASP02A0103_017   0.388  -4.522  -4.134
ASP02A0103_018   0.376  -4.490  -4.114
ASP02A0103_019   0.374  -4.772  -4.397
ASP02A0103_020   0.171  -4.627  -4.456
ASP02A0103_021   0.379  -4.396  -4.017
ASP02A0103_022   0.388  -4.535  -4.147
ASP-1A0103_023   0.083  -4.431  -4.348
ASP-1A0103_024   0.322  -4.655  -4.333
ASP-1A0103_025   0.328  -4.250  -3.922
ASP-1A0103_026   0.322  -4.289  -3.967
