CONFORMER         crg  vdw0  vdw1  tors  epol  self   occ  Hb     history    ASA
LYS01A0004_001  0.000-11.80  0.18  0.98  0.00-10.64 0.501  00  01O000M000  1.000
LYS01A0004_002  0.000-11.01  0.87  0.91  0.00 -9.23 0.501  00  01E065M000  1.000
LYS01A0004_003  0.000-10.56  1.04  0.90  0.00 -8.63 0.501  00  01E070M000  1.000
LYS01A0004_004  0.000-10.91  2.84  4.18  0.00 -3.88 0.502  00  01E09BM000  1.000
LYS01A0004_005  0.000 -9.68  0.03  1.53  0.00 -8.12 0.502  00  01E0AEM000  1.000
LYS01A0004_006  0.000 -9.65  1.02  1.52  0.00 -7.11 0.501  00  01E0D6M000  1.000
LYS01A0004_007  0.000 -9.31  0.87  0.93  0.00 -7.50 0.501  00  01E0DCM000  1.000
LYS01A0004_008  0.000-10.69  0.80  3.97  0.00 -5.91 0.502  00  01T02AM000  1.000
LYS01A0004_009  0.000 -8.61  0.34  2.22  0.00 -6.05 0.502  00  01T039M000  1.000
LYS01A0004_010  0.000-11.59  1.18  3.62  0.00 -6.78 0.501  00  01T071M000  1.000
LYS01A0004_011  0.000-10.95  0.30  4.28  0.00 -6.38 0.501  00  01T084M000  1.000
LYS01A0004_012  0.000-10.48  2.84  1.59  0.00 -6.06 0.501  00  01T090M000  1.000
LYS01A0004_013  0.000-10.22  1.08  4.32  0.00 -4.83 0.502  00  01T0DEM000  1.000
LYS01A0004_014  0.000-10.14  0.74  6.69  0.00 -2.71 0.502  00  01T0ECM000  1.000
LYS01A0004_015  0.000 -7.49  0.40  4.95  0.00 -2.15 0.501  00  01T0F3M000  1.000
LYS01A0004_016  0.000-10.62  1.47  1.68  0.00 -7.47 0.501  00  01T100M000  1.000
LYS01A0004_017  0.000 -7.75  1.13  5.00  0.00 -1.62 0.501  00  01T125M000  1.000
LYS01A0004_018  0.000 -7.34  1.35  2.22  0.00 -3.78 0.502  00  01T131M000  1.000
LYS01A0004_019  0.000 -8.92  2.75  1.62  0.00 -4.55 0.502  00  01T136M000  1.000
LYS01A0004_020  0.000 -9.84  1.40  6.79  0.00 -1.65 0.502  00  01T152M000  1.000
LYS+1A0004_021  1.000-11.84  0.18  0.98  0.00-10.69 0.501  00  +1O000M000  1.000
LYS+1A0004_022  1.000-10.74  0.80  3.97  0.00 -5.96 0.502  00  +1E02AM000  1.000
LYS+1A0004_023  1.000-10.58  1.04  0.90  0.00 -8.64 0.501  00  +1E070M000  1.000
LYS+1A0004_024  1.000-10.92  2.90  4.22  0.00 -3.80 0.502  00  +1E09BM000  1.000
LYS+1A0004_025  1.000 -9.49  0.87  0.94  0.00 -7.69 0.501  00  +1E0DCM000  1.000
LYS+1A0004_026  1.000-10.14  0.74  6.70  0.00 -2.71 0.502  00  +1E0ECM000  1.000
LYS+1A0004_027  1.000 -7.83  1.14  5.00  0.00 -1.69 0.501  00  +1E125M000  1.000
LYS+1A0004_028  1.000 -7.42  1.34  2.22  0.00 -3.86 0.502  00  +1E131M000  1.000
LYS+1A0004_029  1.000 -9.02  2.74  1.63  0.00 -4.66 0.502  00  +1E136M000  1.000
LYS+1A0004_030  1.000 -8.70  0.34  2.22  0.00 -6.15 0.502  00  +1T039M000  1.000
LYS+1A0004_031  1.000-11.08  0.87  0.91  0.00 -9.30 0.501  00  +1T065M000  1.000
LYS+1A0004_032  1.000-11.05  0.29  4.31  0.00 -6.45 0.501  00  +1T084M000  1.000
LYS+1A0004_033  1.000-10.65  2.85  1.59  0.00 -6.22 0.501  00  +1T090M000  1.000
LYS+1A0004_034  1.000 -9.87  0.02  1.54  0.00 -8.32 0.502  00  +1T0AEM000  1.000
LYS+1A0004_035  1.000 -9.69  1.02  1.53  0.00 -7.14 0.501  00  +1T0D6M000  1.000
LYS+1A0004_036  1.000-10.16  1.09  4.32  0.00 -4.75 0.502  00  +1T0DEM000  1.000
LYS+1A0004_037  1.000 -7.41  0.40  4.97  0.00 -2.05 0.501  00  +1T0F3M000  1.000
LYS+1A0004_038  1.000-10.73  1.46  1.68  0.00 -7.59 0.501  00  +1T100M000  1.000
LYS+1A0004_039  1.000 -9.88  1.43  6.81  0.00 -1.64 0.502  00  +1T152M000  1.000
