   confID        vdw0    sas     sum
LYS01A0004_001   0.554 -12.302 -11.748
LYS01A0004_002   1.281 -12.290 -11.009
LYS01A0004_003   1.292 -11.852 -10.560
LYS01A0004_004   1.709 -12.611 -10.902
LYS01A0004_005   2.413 -12.098  -9.685
LYS01A0004_006   2.412 -12.065  -9.654
LYS01A0004_007   2.701 -12.004  -9.303
LYS01A0004_008   1.558 -12.244 -10.686
LYS01A0004_009   4.254 -12.871  -8.618
LYS01A0004_010   1.072 -12.660 -11.588
LYS01A0004_011   1.722 -12.679 -10.957
LYS01A0004_012   1.883 -12.311 -10.427
LYS01A0004_013   2.296 -12.521 -10.225
LYS01A0004_014   2.304 -12.451 -10.147
LYS01A0004_015   4.971 -12.460  -7.490
LYS01A0004_016   2.104 -12.732 -10.628
LYS01A0004_017   5.083 -12.759  -7.676
LYS01A0004_018   5.203 -12.544  -7.341
LYS01A0004_019   3.104 -12.020  -8.916
LYS01A0004_020   2.394 -12.296  -9.902
LYS+1A0004_021   0.509 -12.302 -11.793
LYS+1A0004_022   1.503 -12.180 -10.676
LYS+1A0004_023   1.225 -11.801 -10.576
LYS+1A0004_024   1.658 -12.534 -10.875
LYS+1A0004_025   2.562 -12.094  -9.532
LYS+1A0004_026   2.255 -12.399 -10.144
LYS+1A0004_027   4.998 -12.839  -7.841
LYS+1A0004_028   5.129 -12.544  -7.415
LYS+1A0004_029   3.011 -12.020  -9.009
LYS+1A0004_030   4.226 -12.923  -8.697
LYS+1A0004_031   1.206 -12.290 -11.084
LYS+1A0004_032   1.679 -12.730 -11.052
LYS+1A0004_033   1.828 -12.478 -10.650
LYS+1A0004_034   2.330 -12.201  -9.871
LYS+1A0004_035   2.330 -12.027  -9.696
LYS+1A0004_036   2.244 -12.405 -10.161
LYS+1A0004_037   4.923 -12.338  -7.415
LYS+1A0004_038   2.017 -12.748 -10.731
LYS+1A0004_039   2.370 -12.245  -9.875
