CONFORMER         crg  vdw0  vdw1  tors  epol  self   occ  Hb     history    ASA
LEU01A0018_001  0.000-10.37  0.23  0.85  0.00 -9.29 0.521  00  01O000M000  1.000
LEU01A0018_002  0.000-10.90  0.80  3.36  0.00 -6.75 0.521  00  01R001M000  1.000
LEU01A0018_003  0.000-10.72 -0.12  0.85  0.00 -9.99 0.519  00  01R002M000  1.000
LEU01A0018_004  0.000-10.49  3.23  3.29  0.00 -3.97 0.520  00  01R003M000  1.000
LEU01A0018_005  0.000-10.18  0.46  0.85  0.00 -8.88 0.520  00  01R004M000  1.000
LEU01A0018_006  0.000-10.45  5.30  3.29  0.00 -1.85 0.520  00  01R005M000  1.000
LEU01A0018_007  0.000-10.21  4.59  0.70  0.00 -4.93 0.517  00  01R006M000  1.000
LEU01A0018_008  0.000-10.31  0.17  1.05  0.00 -9.10 0.518  00  01R007M000  1.000
LEU01A0018_009  0.000-10.53  0.88  0.48  0.00 -9.17 0.521  00  01R009M000  1.000
LEU01A0018_010  0.000-10.29  0.86  1.00  0.00 -8.42 0.520  00  01R00AM000  1.000
LEU01A0018_011  0.000-10.91  1.21  2.99  0.00 -6.71 0.517  00  01R00DM000  1.000
LEU01A0018_012  0.000-10.82  1.67  2.99  0.00 -6.16 0.517  00  01R00EM000  1.000
LEU01A0018_013  0.000-10.35 -0.12  0.80  0.00 -9.67 0.520  00  01R010M000  1.000
LEU01A0018_014  0.000-10.38  0.32  1.05  0.00 -9.01 0.518  00  01R011M000  1.000
LEU01A0018_015  0.000-10.29  0.73  0.48  0.00 -9.08 0.519  00  01R013M000  1.000
LEU01A0018_016  0.000-10.54 -0.24  1.00  0.00 -9.78 0.519  00  01R014M000  1.000
LEU01A0018_017  0.000-10.05  3.55  0.71  0.00 -5.79 0.519  00  01R016M000  1.000
LEU01A0018_018  0.000 -9.99  1.64  1.00  0.00 -7.35 0.520  00  01R018M000  1.000
LEU01A0018_019  0.000-10.54  5.82  0.40  0.00 -4.32 0.519  00  01T008M000  1.000
LEU01A0018_020  0.000 -9.70  4.32  0.42  0.00 -4.96 0.518  00  01T017M000  1.000
