   confID        vdw0    sas     sum
LEU01A0018_001   1.489 -11.857 -10.368
LEU01A0018_002   1.489 -12.337 -10.848
LEU01A0018_003   1.485 -12.202 -10.716
LEU01A0018_004   1.419 -11.912 -10.493
LEU01A0018_005   1.490 -11.670 -10.180
LEU01A0018_006   1.408 -11.857 -10.450
LEU01A0018_007   1.590 -11.806 -10.216
LEU01A0018_008   1.651 -11.960 -10.309
LEU01A0018_009   1.521 -12.099 -10.578
LEU01A0018_010   1.525 -11.876 -10.352
LEU01A0018_011   1.655 -12.562 -10.907
LEU01A0018_012   1.522 -12.337 -10.815
LEU01A0018_013   1.612 -11.960 -10.349
LEU01A0018_014   1.654 -12.031 -10.377
LEU01A0018_015   1.520 -11.809 -10.289
LEU01A0018_016   1.524 -12.063 -10.540
LEU01A0018_017   1.583 -11.635 -10.052
LEU01A0018_018   1.523 -11.516  -9.993
LEU01A0018_019   1.613 -12.202 -10.588
LEU01A0018_020   1.625 -11.326  -9.701
