iConf CONFORMER     FL  occ    crg   Em0  pKa0 ne nH    vdw0    vdw1    tors    epol   dsolv   extra    history
00001 HIS01A0234_001 f 0.00  0.000     0  0.00  0  0 -11.790  -0.157   0.281   0.234   0.225   0.000 01O000M000t
00002 HIS01A0234_002 f 0.00  0.000     0  0.00  0  0 -12.190   1.354   0.178   0.015   0.393   0.000 01E007M000t
00003 HIS01A0234_003 f 0.00  0.000     0  0.00  0  0 -11.914   0.925   0.169   0.551   0.441   0.000 01E00AM000t
00004 HIS01A0234_004 f 0.00  0.000     0  0.00  0  0 -12.282  -0.021   0.218   0.460   0.194   0.000 01E00BM000t
00005 HIS01A0234_005 f 0.00  0.000     0  0.00  0  0 -11.623   0.550   2.481   0.392   0.426   0.000 01E00EM000t
00006 HIS01A0234_006 f 0.00  0.000     0  0.00  0  0 -12.297   2.366   2.359   0.411   0.374   0.000 01E00FM000t
00007 HIS01A0234_007 f 0.00  0.000     0  0.00  0  0 -11.690  -0.058   0.246   0.386   0.449   0.000 01E013M000t
00008 HIS01A0234_008 f 0.00  0.000     0  0.00  0  0 -11.814   1.827   2.478   0.458   0.313   0.000 01E017M000t
00009 HIS01A0234_009 f 0.00  0.000     0  0.00  0  0 -11.627   0.362   0.246   0.424   0.472   0.000 01E019M000t
00010 HIS01A0234_010 f 0.00  0.000     0  0.00  0  0 -11.756   4.485   2.460   0.509   0.377   0.000 01E01BM000t
00011 HIS01A0234_011 f 0.00  0.000     0  0.00  0  0 -11.506   0.587   2.481   0.307   0.285   0.000 01T002M000t
00012 HIS01A0234_012 f 0.00  0.000     0  0.00  0  0 -11.825  -0.260   0.249   0.424   0.545   0.000 01T009M000t
00013 HIS01A0234_013 f 0.00  0.000     0  0.00  0  0 -12.380   3.116   2.339   0.247   0.416   0.000 01T00CM000t
00014 HIS01A0234_014 f 0.00  0.000     0  0.00  0  0 -11.957   1.128   2.445   0.285   0.297   0.000 01T00DM000t
00015 HIS01A0234_015 f 0.00  0.000     0  0.00  0  0 -12.136   0.905   2.445   0.383   0.368   0.000 01T010M000t
00016 HIS01A0234_016 f 0.00  0.000     0  0.00  0  0 -12.100   1.888   0.160   0.140   0.573   0.000 01T011M000t
00017 HIS01A0234_017 f 0.00  0.000     0  0.00  0  0 -11.401   3.099   0.185   0.455   0.248   0.000 01T015M000t
00018 HIS01A0234_018 f 0.00  0.000     0  0.00  0  0 -11.386   4.399   2.460   0.618   0.650   0.000 01T016M000t
00019 HIS02A0234_019 f 0.00  0.000     0  0.00  0  0 -11.807  -0.204   0.281   0.185   0.035   0.000 02O000M000t
00020 HIS02A0234_020 f 0.00  0.000     0  0.00  0  0 -11.653   0.561   2.474   0.313   0.201   0.000 02E002M000t
00021 HIS02A0234_021 f 0.00  0.000     0  0.00  0  0 -12.382   1.243   0.187   0.528   0.418   0.000 02E007M000t
00022 HIS02A0234_022 f 0.00  0.000     0  0.00  0  0 -11.946  -0.274   0.244   0.306  -0.223   0.000 02E009M000t
00023 HIS02A0234_023 f 0.00  0.000     0  0.00  0  0 -12.243   2.458   2.369   0.310   0.223   0.000 02E00FM000t
00024 HIS02A0234_024 f 0.00  0.000     0  0.00  0  0 -11.833   1.920   0.162   0.375   0.437   0.000 02E011M000t
00025 HIS02A0234_025 f 0.00  0.000     0  0.00  0  0 -11.689   1.274   0.158   0.388   0.104   0.000 02E014M000t
00026 HIS02A0234_026 f 0.00  0.000     0  0.00  0  0 -11.790   3.161   0.184   0.532   0.284   0.000 02E015M000t
00027 HIS02A0234_027 f 0.00  0.000     0  0.00  0  0 -11.916   0.930   0.184   0.463   0.384   0.000 02T00AM000t
00028 HIS02A0234_028 f 0.00  0.000     0  0.00  0  0 -12.349  -0.038   0.211   0.224   0.065   0.000 02T00BM000t
00029 HIS02A0234_029 f 0.00  0.000     0  0.00  0  0 -12.638   3.035   2.356   0.318   0.364   0.000 02T00CM000t
00030 HIS02A0234_030 f 0.00  0.000     0  0.00  0  0 -11.898   1.117   2.436   0.312   0.364   0.000 02T00DM000t
00031 HIS02A0234_031 f 0.00  0.000     0  0.00  0  0 -11.709   0.535   2.474   0.306   0.270   0.000 02T00EM000t
00032 HIS02A0234_032 f 0.00  0.000     0  0.00  0  0 -12.089   0.898   2.433   0.319   0.203   0.000 02T010M000t
00033 HIS02A0234_033 f 0.00  0.000     0  0.00  0  0 -11.640  -0.086   0.241   0.256   0.333   0.000 02T013M000t
00034 HIS02A0234_034 f 0.00  0.000     0  0.00  0  0 -11.586   4.710   2.457   0.148   0.556   0.000 02T016M000t
00035 HIS02A0234_035 f 0.00  0.000     0  0.00  0  0 -11.835   1.800   2.472   0.375   0.140   0.000 02T017M000t
00036 HIS02A0234_036 f 0.00  0.000     0  0.00  0  0 -11.678   0.356   0.240   0.399   0.196   0.000 02T019M000t
00037 HIS02A0234_037 f 0.00  0.000     0  0.00  0  0 -11.757   4.312   2.452   0.337   0.349   0.000 02T01BM000t
00038 HIS+1A0234_038 f 0.00  1.000     0  6.98  0  1 -11.833  -0.206   0.281   0.773  -0.323   0.000 +1O000M000t
00039 HIS+1A0234_039 f 0.00  1.000     0  6.98  0  1 -12.409   1.227   0.192   1.299   0.112   0.000 +1E007M000t
00040 HIS+1A0234_040 f 0.00  1.000     0  6.98  0  1 -11.908  -0.277   0.251   0.821  -0.460   0.000 +1E009M000t
00041 HIS+1A0234_041 f 0.00  1.000     0  6.98  0  1 -12.007   0.906   0.189   1.007  -0.315   0.000 +1E00AM000t
00042 HIS+1A0234_042 f 0.00  1.000     0  6.98  0  1 -11.667   0.534   2.483   0.667  -0.322   0.000 +1E00EM000t
00043 HIS+1A0234_043 f 0.00  1.000     0  6.98  0  1 -12.182   0.898   2.452   0.685  -0.345   0.000 +1E010M000t
00044 HIS+1A0234_044 f 0.00  1.000     0  6.98  0  1 -11.734  -0.078   0.249   0.556  -0.365   0.000 +1E013M000t
00045 HIS+1A0234_045 f 0.00  1.000     0  6.98  0  1 -11.700   1.292   0.165   0.707  -0.264   0.000 +1E014M000t
00046 HIS+1A0234_046 f 0.00  1.000     0  6.98  0  1 -11.677   4.696   2.464   0.086   0.090   0.000 +1E016M000t
00047 HIS+1A0234_047 f 0.00  1.000     0  6.98  0  1 -11.798   1.799   2.480   0.512  -0.195   0.000 +1E017M000t
00048 HIS+1A0234_048 f 0.00  1.000     0  6.98  0  1 -11.739   4.507   2.467   1.011  -0.315   0.000 +1E01BM000t
00049 HIS+1A0234_049 f 0.00  1.000     0  6.98  0  1 -11.480   0.564   2.482   0.669  -0.583   0.000 +1T002M000t
00050 HIS+1A0234_050 f 0.00  1.000     0  6.98  0  1 -12.396  -0.034   0.221   0.748  -0.347   0.000 +1T00BM000t
00051 HIS+1A0234_051 f 0.00  1.000     0  6.98  0  1 -12.598   3.039   2.367   0.654  -0.221   0.000 +1T00CM000t
00052 HIS+1A0234_052 f 0.00  1.000     0  6.98  0  1 -11.928   1.107   2.453   0.652  -0.333   0.000 +1T00DM000t
00053 HIS+1A0234_053 f 0.00  1.000     0  6.98  0  1 -12.270   2.496   2.376   0.677  -0.337   0.000 +1T00FM000t
00054 HIS+1A0234_054 f 0.00  1.000     0  6.98  0  1 -12.006   1.926   0.165   0.712  -0.106   0.000 +1T011M000t
00055 HIS+1A0234_055 f 0.00  1.000     0  6.98  0  1 -11.889   3.419   0.195   0.784  -0.296   0.000 +1T015M000t
00056 HIS+1A0234_056 f 0.00  1.000     0  6.98  0  1 -11.572   0.354   0.247   0.428  -0.272   0.000 +1T019M000t
