CONFORMER         crg  vdw0  vdw1  tors  epol  self   occ  Hb     history    ASA
HIS01A0234_001  0.000-11.79 -0.16  0.28  0.00-11.67 0.518  00  01O000M000  1.000
HIS01A0234_002  0.000-11.63  0.44  0.24  0.00-10.95 0.517  00  01E005M000  1.000
HIS01A0234_003  0.000-11.60  3.15  2.47  0.00 -5.99 0.519  00  01E006M000  1.000
HIS01A0234_004  0.000-12.20  0.16  0.22  0.00-11.82 0.518  00  01E008M000  1.000
HIS01A0234_005  0.000-11.80 -0.26  0.25  0.00-11.81 0.517  00  01E009M000  1.000
HIS01A0234_006  0.000-11.91  0.80  0.17  0.00-10.94 0.517  00  01E00AM000  1.000
HIS01A0234_007  0.000-12.28 -0.08  0.22  0.00-12.15 0.517  00  01E00BM000  1.000
HIS01A0234_008  0.000-11.45  2.89  0.18  0.00 -8.37 0.519  00  01E015M000  1.000
HIS01A0234_009  0.000-11.50  4.39  2.46  0.00 -4.65 0.518  00  01E016M000  1.000
HIS01A0234_010  0.000-11.81  1.82  2.48  0.00 -7.51 0.518  00  01E017M000  1.000
HIS01A0234_011  0.000-11.51  0.59  2.48  0.00 -8.44 0.521  00  01T002M000  1.000
HIS01A0234_012  0.000-11.47  1.95  2.48  0.00 -7.04 0.519  00  01T004M000  1.000
HIS01A0234_013  0.000-12.23  1.24  0.18  0.00-10.81 0.522  00  01T007M000  1.000
HIS01A0234_014  0.000-11.62  0.55  2.48  0.00 -8.59 0.518  00  01T00EM000  1.000
HIS01A0234_015  0.000-12.28  2.33  2.36  0.00 -7.59 0.517  00  01T00FM000  1.000
HIS01A0234_016  0.000-12.10  1.80  0.16  0.00-10.14 0.517  00  01T011M000  1.000
HIS01A0234_017  0.000-11.88  1.17  0.15  0.00-10.56 0.516  00  01T014M000  1.000
HIS01A0234_018  0.000-11.59  0.36  0.25  0.00-10.98 0.517  00  01T019M000  1.000
HIS01A0234_019  0.000-11.44  2.87  2.47  0.00 -6.10 0.520  00  01T01AM000  1.000
HIS02A0234_020  0.000-11.81 -0.20  0.28  0.00-11.73 0.518  00  02O000M000  1.000
HIS02A0234_021  0.000-11.54  0.40  0.24  0.00-10.90 0.517  00  02E005M000  1.000
HIS02A0234_022  0.000-12.35 -0.10  0.21  0.00-12.23 0.517  00  02E00BM000  1.000
HIS02A0234_023  0.000-11.71  0.53  2.47  0.00 -8.70 0.518  00  02E00EM000  1.000
HIS02A0234_024  0.000-11.89  1.83  0.16  0.00 -9.90 0.517  00  02E011M000  1.000
HIS02A0234_025  0.000-11.69  1.17  0.16  0.00-10.37 0.516  00  02E014M000  1.000
HIS02A0234_026  0.000-11.65  0.56  2.47  0.00 -8.62 0.521  00  02T002M000  1.000
HIS02A0234_027  0.000-11.42  1.97  2.47  0.00 -6.99 0.519  00  02T004M000  1.000
HIS02A0234_028  0.000-11.69  3.28  2.46  0.00 -5.96 0.519  00  02T006M000  1.000
HIS02A0234_029  0.000-12.31  1.13  0.19  0.00-10.99 0.522  00  02T007M000  1.000
HIS02A0234_030  0.000-12.31  0.10  0.21  0.00-11.99 0.518  00  02T008M000  1.000
HIS02A0234_031  0.000-11.97 -0.28  0.24  0.00-12.01 0.517  00  02T009M000  1.000
HIS02A0234_032  0.000-11.92  0.81  0.18  0.00-10.93 0.517  00  02T00AM000  1.000
HIS02A0234_033  0.000-12.24  2.42  2.37  0.00 -7.46 0.517  00  02T00FM000  1.000
HIS02A0234_034  0.000-11.69  3.31  0.18  0.00 -8.20 0.519  00  02T015M000  1.000
HIS02A0234_035  0.000-11.59  4.72  2.46  0.00 -4.41 0.518  00  02T016M000  1.000
HIS02A0234_036  0.000-11.83  1.79  2.47  0.00 -7.57 0.518  00  02T017M000  1.000
HIS02A0234_037  0.000-11.68  0.35  0.24  0.00-11.08 0.517  00  02T019M000  1.000
HIS02A0234_038  0.000-11.39  2.85  2.46  0.00 -6.07 0.520  00  02T01AM000  1.000
HIS+1A0234_039  1.000-11.83 -0.21  0.28  0.00-11.76 0.518  00  +1O000M000  1.000
HIS+1A0234_040  1.000-12.12 -0.15  0.28  0.00-11.98 0.516  00  +1R001M000  1.000
HIS+1A0234_041  1.000-11.48  0.56  2.48  0.00 -8.44 0.521  00  +1E002M000  1.000
HIS+1A0234_042  1.000-11.56  0.40  0.25  0.00-10.91 0.517  00  +1E005M000  1.000
HIS+1A0234_043  1.000-11.71  3.34  2.47  0.00 -5.90 0.519  00  +1E006M000  1.000
HIS+1A0234_044  1.000-12.36  1.12  0.19  0.00-11.05 0.522  00  +1E007M000  1.000
HIS+1A0234_045  1.000-12.17  0.11  0.22  0.00-11.84 0.518  00  +1E008M000  1.000
HIS+1A0234_046  1.000-12.01  0.78  0.19  0.00-11.04 0.517  00  +1E00AM000  1.000
HIS+1A0234_047  1.000-12.33 -0.09  0.22  0.00-12.20 0.517  00  +1E00BM000  1.000
HIS+1A0234_048  1.000-12.27  2.39  2.38  0.00 -7.50 0.517  00  +1E00FM000  1.000
HIS+1A0234_049  1.000-11.70  1.18  0.16  0.00-10.36 0.516  00  +1E014M000  1.000
HIS+1A0234_050  1.000-11.80  3.18  0.19  0.00 -8.43 0.519  00  +1E015M000  1.000
HIS+1A0234_051  1.000-11.80  1.80  2.48  0.00 -7.52 0.518  00  +1E017M000  1.000
HIS+1A0234_052  1.000-11.45  1.97  2.48  0.00 -7.00 0.519  00  +1T004M000  1.000
HIS+1A0234_053  1.000-11.67  0.53  2.48  0.00 -8.65 0.518  00  +1T00EM000  1.000
HIS+1A0234_054  1.000-12.01  1.84  0.17  0.00-10.01 0.517  00  +1T011M000  1.000
HIS+1A0234_055  1.000-11.68  4.70  2.46  0.00 -4.51 0.518  00  +1T016M000  1.000
HIS+1A0234_056  1.000-11.57  0.36  0.25  0.00-10.97 0.517  00  +1T019M000  1.000
HIS+1A0234_057  1.000-11.41  2.89  2.48  0.00 -6.05 0.520  00  +1T01AM000  1.000
