   confID        vdw0    sas     sum
HIS01A0234_001  -0.191 -11.600 -11.790
HIS01A0234_002  -0.185 -11.399 -11.585
HIS01A0234_003  -0.173 -11.430 -11.603
HIS01A0234_004  -0.269 -11.929 -12.198
HIS01A0234_005  -0.153 -11.646 -11.799
HIS01A0234_006  -0.276 -11.638 -11.914
HIS01A0234_007  -0.190 -12.092 -12.282
HIS01A0234_008  -0.177 -11.270 -11.448
HIS01A0234_009  -0.257 -11.176 -11.433
HIS01A0234_010  -0.141 -11.673 -11.814
HIS01A0234_011  -0.190 -11.317 -11.506
HIS01A0234_012  -0.178 -11.294 -11.472
HIS01A0234_013  -0.329 -11.906 -12.235
HIS01A0234_014  -0.150 -11.473 -11.623
HIS01A0234_015  -0.271 -12.006 -12.277
HIS01A0234_016  -0.326 -11.774 -12.100
HIS01A0234_017  -0.273 -11.602 -11.875
HIS01A0234_018  -0.143 -11.445 -11.588
HIS01A0234_019  -0.142 -11.293 -11.435
HIS02A0234_020  -0.207 -11.600 -11.807
HIS02A0234_021  -0.204 -11.332 -11.535
HIS02A0234_022  -0.209 -12.139 -12.348
HIS02A0234_023  -0.168 -11.541 -11.709
HIS02A0234_024  -0.339 -11.494 -11.833
HIS02A0234_025  -0.289 -11.401 -11.689
HIS02A0234_026  -0.204 -11.449 -11.653
HIS02A0234_027  -0.197 -11.226 -11.423
HIS02A0234_028  -0.193 -11.498 -11.690
HIS02A0234_029  -0.342 -11.970 -12.312
HIS02A0234_030  -0.282 -12.074 -12.356
HIS02A0234_031  -0.168 -11.804 -11.973
HIS02A0234_032  -0.292 -11.624 -11.916
HIS02A0234_033  -0.292 -11.951 -12.243
HIS02A0234_034  -0.201 -11.493 -11.694
HIS02A0234_035  -0.276 -11.311 -11.586
HIS02A0234_036  -0.161 -11.673 -11.835
HIS02A0234_037  -0.165 -11.513 -11.678
HIS02A0234_038  -0.160 -11.225 -11.385
HIS+1A0234_039  -0.233 -11.600 -11.833
HIS+1A0234_040  -0.212 -11.906 -12.117
HIS+1A0234_041  -0.231 -11.249 -11.480
HIS+1A0234_042  -0.231 -11.332 -11.563
HIS+1A0234_043  -0.219 -11.446 -11.665
HIS+1A0234_044  -0.368 -12.040 -12.409
HIS+1A0234_045  -0.309 -11.981 -12.290
HIS+1A0234_046  -0.318 -11.689 -12.007
HIS+1A0234_047  -0.236 -12.092 -12.328
HIS+1A0234_048  -0.319 -11.951 -12.270
HIS+1A0234_049  -0.315 -11.384 -11.700
HIS+1A0234_050  -0.228 -11.641 -11.868
HIS+1A0234_051  -0.189 -11.609 -11.798
HIS+1A0234_052  -0.224 -11.226 -11.450
HIS+1A0234_053  -0.194 -11.473 -11.667
HIS+1A0234_054  -0.367 -11.640 -12.006
HIS+1A0234_055  -0.302 -11.375 -11.677
HIS+1A0234_056  -0.190 -11.381 -11.572
HIS+1A0234_057  -0.186 -11.225 -11.411
