iConf CONFORMER     FL  occ    crg   Em0  pKa0 ne nH    vdw0    vdw1    tors    epol   dsolv   extra    history
00001 LYS01A0101_001 f 0.00  0.000     0  0.00  0  0  -0.562   4.380   1.535  -0.064  -0.030   0.000 01O000M000t
00002 LYS01A0101_002 f 0.00  0.000     0  0.00  0  0  -6.240   1.296   3.971  -0.022   0.063   0.000 01E013M000t
00003 LYS01A0101_003 f 0.00  0.000     0  0.00  0  0  -6.525   2.494   2.210  -0.021  -0.004   0.000 01E062M000t
00004 LYS01A0101_004 f 0.00  0.000     0  0.00  0  0 -10.001   0.750   4.139  -0.009  -0.010   0.000 01E07FM000t
00005 LYS01A0101_005 f 0.00  0.000     0  0.00  0  0  -6.177   0.610   2.009  -0.012  -0.027   0.000 01E081M000t
00006 LYS01A0101_006 f 0.00  0.000     0  0.00  0  0  -7.127   0.419   4.189  -0.014  -0.094   0.000 01E084M000t
00007 LYS01A0101_007 f 0.00  0.000     0  0.00  0  0  -8.122   0.490   1.816  -0.014   0.020   0.000 01E086M000t
00008 LYS01A0101_008 f 0.00  0.000     0  0.00  0  0  -6.903   0.338   1.254  -0.014  -0.140   0.000 01E094M000t
00009 LYS01A0101_009 f 0.00  0.000     0  0.00  0  0  -5.144   1.569   2.266  -0.003   0.115   0.000 01E097M000t
00010 LYS01A0101_010 f 0.00  0.000     0  0.00  0  0  -4.261   0.708   2.216  -0.029   0.126   0.000 01T01FM000t
00011 LYS01A0101_011 f 0.00  0.000     0  0.00  0  0  -7.674   0.588   4.207  -0.034  -0.060   0.000 01T02BM000t
00012 LYS01A0101_012 f 0.00  0.000     0  0.00  0  0  -8.654   4.189   1.405  -0.038   0.172   0.000 01T037M000t
00013 LYS01A0101_013 f 0.00  0.000     0  0.00  0  0  -6.323   1.673   2.053  -0.018   0.217   0.000 01T045M000t
00014 LYS01A0101_014 f 0.00  0.000     0  0.00  0  0 -10.159   3.547   4.255  -0.034   0.011   0.000 01T046M000t
00015 LYS01A0101_015 f 0.00  0.000     0  0.00  0  0  -8.907   3.550   1.485  -0.023   0.030   0.000 01T049M000t
00016 LYS01A0101_016 f 0.00  0.000     0  0.00  0  0  -5.175   1.209   1.952  -0.041  -0.174   0.000 01T04EM000t
00017 LYS01A0101_017 f 0.00  0.000     0  0.00  0  0  -6.345   0.782   1.965  -0.011  -0.025   0.000 01T07BM000t
00018 LYS01A0101_018 f 0.00  0.000     0  0.00  0  0  -8.620   0.492   1.199  -0.004   0.125   0.000 01T08CM000t
00019 LYS01A0101_019 f 0.00  0.000     0  0.00  0  0  -8.496   3.731   1.406   0.006   0.134   0.000 01T0A8M000t
00020 LYS01A0101_020 f 0.00  0.000     0  0.00  0  0  -8.025   2.890   1.802  -0.001  -0.141   0.000 01T0AAM000t
00021 LYS01A0101_021 f 0.00  0.000     0  0.00  0  0  -3.203   3.614   1.466  -0.064  -0.009   0.000 01T000M000t
00022 LYS+1A0101_022 f 0.00  1.000     0 10.40  0  1  -0.653   4.376   1.535   0.173   0.101   0.000 +1O000M000t
00023 LYS+1A0101_023 f 0.00  1.000     0 10.40  0  1  -4.368   0.703   2.216   0.088   0.189   0.000 +1E01FM000t
00024 LYS+1A0101_024 f 0.00  1.000     0 10.40  0  1  -6.405   1.692   2.055   0.050   0.285   0.000 +1E045M000t
00025 LYS+1A0101_025 f 0.00  1.000     0 10.40  0  1  -8.158   0.490   1.820   0.074  -0.254   0.000 +1E086M000t
00026 LYS+1A0101_026 f 0.00  1.000     0 10.40  0  1  -7.017   0.338   1.262   0.051  -0.202   0.000 +1E094M000t
00027 LYS+1A0101_027 f 0.00  1.000     0 10.40  0  1  -5.099   1.620   2.268   0.390   0.671   0.000 +1E097M000t
00028 LYS+1A0101_028 f 0.00  1.000     0 10.40  0  1  -6.271   1.302   3.990   0.133  -0.107   0.000 +1T013M000t
00029 LYS+1A0101_029 f 0.00  1.000     0 10.40  0  1  -7.725   0.578   4.214   0.010  -0.204   0.000 +1T02BM000t
00030 LYS+1A0101_030 f 0.00  1.000     0 10.40  0  1  -8.666   4.231   1.414   0.124   0.078   0.000 +1T037M000t
00031 LYS+1A0101_031 f 0.00  1.000     0 10.40  0  1 -10.285   3.552   4.256   0.151  -0.063   0.000 +1T046M000t
00032 LYS+1A0101_032 f 0.00  1.000     0 10.40  0  1  -8.974   3.551   1.486   0.087  -0.017   0.000 +1T049M000t
00033 LYS+1A0101_033 f 0.00  1.000     0 10.40  0  1  -5.235   1.209   1.951   0.046   0.260   0.000 +1T04EM000t
00034 LYS+1A0101_034 f 0.00  1.000     0 10.40  0  1  -6.589   2.507   2.213   0.020  -0.327   0.000 +1T062M000t
00035 LYS+1A0101_035 f 0.00  1.000     0 10.40  0  1  -6.396   0.783   1.968   0.037  -0.536   0.000 +1T07BM000t
00036 LYS+1A0101_036 f 0.00  1.000     0 10.40  0  1 -10.097   0.750   4.150   0.048  -0.277   0.000 +1T07FM000t
00037 LYS+1A0101_037 f 0.00  1.000     0 10.40  0  1  -6.170   0.610   2.014   0.051  -0.424   0.000 +1T081M000t
00038 LYS+1A0101_038 f 0.00  1.000     0 10.40  0  1  -7.187   0.418   4.181   0.068  -0.056   0.000 +1T084M000t
00039 LYS+1A0101_039 f 0.00  1.000     0 10.40  0  1  -8.708   0.489   1.200   0.100  -0.337   0.000 +1T08CM000t
00040 LYS+1A0101_040 f 0.00  1.000     0 10.40  0  1  -8.460   3.699   1.407  -0.045   0.000   0.000 +1T0A8M000t
00041 LYS+1A0101_041 f 0.00  1.000     0 10.40  0  1  -8.014   2.897   1.806   0.011  -0.392   0.000 +1T0AAM000t
00042 LYS+1A0101_042 f 0.00  1.000     0 10.40  0  1  -3.237   3.602   1.470   0.172   0.118   0.000 +1T000M000t
