CONFORMER         crg  vdw0  vdw1  tors  epol  self   occ  Hb     history    ASA
LYS01A0101_001  0.000 -0.58  4.37  1.53  0.00  5.33 0.000  00  01O000M000  1.000
LYS01A0101_002  0.000 -6.24  1.29  3.97  0.00 -0.98 0.503  00  01E013M000  1.000
LYS01A0101_003  0.000 -6.54  2.49  2.21  0.00 -1.84 0.502  00  01E062M000  1.000
LYS01A0101_004  0.000-10.00  0.75  4.14  0.00 -5.11 0.502  00  01E07FM000  1.000
LYS01A0101_005  0.000 -6.19  0.61  2.01  0.00 -3.57 0.502  00  01E081M000  1.000
LYS01A0101_006  0.000 -7.12  0.42  4.19  0.00 -2.51 0.503  00  01E084M000  1.000
LYS01A0101_007  0.000 -8.11  0.49  1.81  0.00 -5.80 0.503  00  01E086M000  1.000
LYS01A0101_008  0.000 -6.90  0.34  1.25  0.00 -5.31 0.503  00  01E094M000  1.000
LYS01A0101_009  0.000 -5.15  1.57  2.27  0.00 -1.31 0.503  00  01E097M000  1.000
LYS01A0101_010  0.000 -4.27  0.71  2.22  0.00 -1.34 0.503  00  01T01FM000  1.000
LYS01A0101_011  0.000 -7.71  0.58  4.21  0.00 -2.92 0.502  00  01T02BM000  1.000
LYS01A0101_012  0.000 -8.66  4.19  1.41  0.00 -3.06 0.503  00  01T037M000  1.000
LYS01A0101_013  0.000 -6.32  1.67  2.05  0.00 -2.60 0.504  00  01T045M000  1.000
LYS01A0101_014  0.000-10.16  3.54  4.25  0.00 -2.36 0.502  00  01T046M000  1.000
LYS01A0101_015  0.000 -8.84  3.55  1.48  0.00 -3.80 0.502  00  01T049M000  1.000
LYS01A0101_016  0.000 -5.16  1.21  1.95  0.00 -2.00 0.503  00  01T04EM000  1.000
LYS01A0101_017  0.000 -6.33  0.78  1.97  0.00 -3.58 0.503  00  01T07BM000  1.000
LYS01A0101_018  0.000 -8.65  0.49  1.20  0.00 -6.96 0.503  00  01T08CM000  1.000
LYS01A0101_019  0.000 -8.47  3.72  1.41  0.00 -3.34 0.502  00  01T0A8M000  1.000
LYS01A0101_020  0.000 -8.03  2.88  1.80  0.00 -3.34 0.503  00  01T0AAM000  1.000
LYS01A0101_021  0.000 -3.22  3.60  1.47  0.00  1.85 0.000  00  01T000M000  1.000
LYS+1A0101_022  1.000 -0.67  4.37  1.53  0.00  5.23 0.000  00  +1O000M000  1.000
LYS+1A0101_023  1.000 -4.37  0.70  2.22  0.00 -1.45 0.503  00  +1E01FM000  1.000
LYS+1A0101_024  1.000 -6.39  1.69  2.05  0.00 -2.64 0.504  00  +1E045M000  1.000
LYS+1A0101_025  1.000 -8.15  0.49  1.82  0.00 -5.84 0.503  00  +1E086M000  1.000
LYS+1A0101_026  1.000 -7.02  0.34  1.26  0.00 -5.42 0.503  00  +1E094M000  1.000
LYS+1A0101_027  1.000 -5.11  1.62  2.27  0.00 -1.23 0.503  00  +1E097M000  1.000
LYS+1A0101_028  1.000 -6.25  1.30  3.99  0.00 -0.96 0.503  00  +1T013M000  1.000
LYS+1A0101_029  1.000 -7.73  0.58  4.22  0.00 -2.94 0.502  00  +1T02BM000  1.000
LYS+1A0101_030  1.000 -8.67  4.24  1.41  0.00 -3.02 0.503  00  +1T037M000  1.000
LYS+1A0101_031  1.000-10.28  3.55  4.26  0.00 -2.47 0.502  00  +1T046M000  1.000
LYS+1A0101_032  1.000 -8.97  3.55  1.49  0.00 -3.93 0.502  00  +1T049M000  1.000
LYS+1A0101_033  1.000 -5.22  1.21  1.95  0.00 -2.07 0.503  00  +1T04EM000  1.000
LYS+1A0101_034  1.000 -6.53  2.51  2.21  0.00 -1.81 0.502  00  +1T062M000  1.000
LYS+1A0101_035  1.000 -6.35  0.78  1.97  0.00 -3.60 0.503  00  +1T07BM000  1.000
LYS+1A0101_036  1.000-10.10  0.75  4.15  0.00 -5.20 0.502  00  +1T07FM000  1.000
LYS+1A0101_037  1.000 -6.17  0.61  2.01  0.00 -3.55 0.502  00  +1T081M000  1.000
LYS+1A0101_038  1.000 -7.18  0.42  4.18  0.00 -2.58 0.503  00  +1T084M000  1.000
LYS+1A0101_039  1.000 -8.72  0.49  1.20  0.00 -7.03 0.503  00  +1T08CM000  1.000
LYS+1A0101_040  1.000 -8.46  3.70  1.41  0.00 -3.36 0.502  00  +1T0A8M000  1.000
LYS+1A0101_041  1.000 -8.01  2.89  1.80  0.00 -3.32 0.503  00  +1T0AAM000  1.000
LYS+1A0101_042  1.000 -3.24  3.60  1.47  0.00  1.84 0.000  00  +1T000M000  1.000
