iConf CONFORMER     FL  occ    crg   Em0  pKa0 ne nH    vdw0    vdw1    tors    epol   dsolv   extra    history
00001 GLU01A0238_001 f 0.00  0.000     0  0.00  0  0  -2.928  -0.040   3.076   0.117  -0.134   0.000 01O000M000t
00002 GLU01A0238_002 f 0.00  0.000     0  0.00  0  0  -2.993   0.247   2.998   0.158  -0.189   0.000 01E002M000t
00003 GLU01A0238_003 f 0.00  0.000     0  0.00  0  0  -4.197  -0.016   3.633   0.046  -0.534   0.000 01E007M000t
00004 GLU01A0238_004 f 0.00  0.000     0  0.00  0  0  -4.231   0.449   3.631   0.080  -0.630   0.000 01E009M000t
00005 GLU01A0238_005 f 0.00  0.000     0  0.00  0  0  -3.947  -0.152   6.406   0.031  -0.551   0.000 01E014M000t
00006 GLU01A0238_006 f 0.00  0.000     0  0.00  0  0  -4.560   0.001   6.105   0.159  -0.439   0.000 01E019M000t
00007 GLU01A0238_007 f 0.00  0.000     0  0.00  0  0  -2.928  -0.040   0.356   0.034   0.655   0.000 01O000M000t
00008 GLU01A0238_008 f 0.00  0.000     0  0.00  0  0  -3.859  -0.149   3.601   0.020   0.719   0.000 01E014M000t
00009 GLU01A0238_009 f 0.00  0.000     0  0.00  0  0  -4.133   2.008   0.775   0.024   0.723   0.000 01E015M000t
00010 GLU01A0238_010 f 0.00  0.000     0  0.00  0  0  -4.478  -0.005   3.271   0.108   0.735   0.000 01E019M000t
00011 GLU01A0238_011 f 0.00  0.000     0  0.00  0  0  -3.358   2.120   3.057   0.568   0.279   0.000 01T005M000t
00012 GLU01A0238_012 f 0.00  0.000     0  0.00  0  0  -4.311   0.329   3.597   0.084  -0.539   0.000 01T00BM000t
00013 GLU01A0238_013 f 0.00  0.000     0  0.00  0  0  -4.021   0.621   5.789   0.037  -0.598   0.000 01T00DM000t
00014 GLU01A0238_014 f 0.00  0.000     0  0.00  0  0  -2.864  -0.001   6.113   0.143  -0.194   0.000 01T00EM000t
00015 GLU01A0238_015 f 0.00  0.000     0  0.00  0  0  -3.445   0.596   3.056   0.312   0.109   0.000 01T004M000t
00016 GLU01A0238_016 f 0.00  0.000     0  0.00  0  0  -3.673   0.390   3.167   0.117  -0.346   0.000 01T008M000t
00017 GLU01A0238_017 f 0.00  0.000     0  0.00  0  0  -3.920   0.693   5.808   0.107  -0.404   0.000 01T00CM000t
00018 GLU01A0238_018 f 0.00  0.000     0  0.00  0  0  -3.610   0.068   6.341   0.071  -0.714   0.000 01T00FM000t
00019 GLU01A0238_019 f 0.00  0.000     0  0.00  0  0  -4.053   1.300   3.405   0.209  -0.237   0.000 01T012M000t
00020 GLU01A0238_020 f 0.00  0.000     0  0.00  0  0  -4.133   2.007   3.467   0.059  -0.384   0.000 01T015M000t
00021 GLU01A0238_021 f 0.00  0.000     0  0.00  0  0  -3.370   2.120   0.337   0.062   0.700   0.000 01T005M000t
00022 GLU01A0238_022 f 0.00  0.000     0  0.00  0  0  -4.230   0.450   0.880   0.052   0.628   0.000 01T009M000t
00023 GLU01A0238_023 f 0.00  0.000     0  0.00  0  0  -4.021   0.621   3.069   0.038   0.641   0.000 01T00DM000t
00024 GLU01A0238_024 f 0.00  0.000     0  0.00  0  0  -4.015   1.253   0.703   0.168   0.711   0.000 01T012M000t
00025 GLU01A0238_025 f 0.00  0.000     0  0.00  0  0  -3.411   0.596   0.336   0.040   0.635   0.000 01T004M000t
00026 GLU01A0238_026 f 0.00  0.000     0  0.00  0  0  -3.575   0.212   0.443   0.064   0.639   0.000 01T00AM000t
00027 GLU01A0238_027 f 0.00  0.000     0  0.00  0  0  -3.610   0.068   3.621   0.043   0.601   0.000 01T00FM000t
00028 GLU02A0238_028 f 0.00  0.000     0  0.00  0  0  -3.343  -0.032   3.076   0.044  -0.503   0.000 02O000M000t
00029 GLU02A0238_029 f 0.00  0.000     0  0.00  0  0  -3.706   0.474   3.054   0.069  -0.510   0.000 02E004M000t
00030 GLU02A0238_030 f 0.00  0.000     0  0.00  0  0  -3.649   1.716   3.052   0.062  -0.423   0.000 02E005M000t
00031 GLU02A0238_031 f 0.00  0.000     0  0.00  0  0  -4.187  -0.027   3.723   0.093  -0.339   0.000 02E007M000t
00032 GLU02A0238_032 f 0.00  0.000     0  0.00  0  0  -3.238   0.014   6.152   0.063  -0.359   0.000 02E00EM000t
00033 GLU02A0238_033 f 0.00  0.000     0  0.00  0  0  -3.395  -0.032   0.356   0.029   0.778   0.000 02O000M000t
00034 GLU02A0238_034 f 0.00  0.000     0  0.00  0  0  -3.668   0.431   0.336   0.041   0.769   0.000 02E004M000t
00035 GLU02A0238_035 f 0.00  0.000     0  0.00  0  0  -3.646   1.684   0.332   0.035   0.753   0.000 02E005M000t
00036 GLU02A0238_036 f 0.00  0.000     0  0.00  0  0  -3.444   0.253   2.999   0.048  -0.607   0.000 02T002M000t
00037 GLU02A0238_037 f 0.00  0.000     0  0.00  0  0  -3.356   0.643   5.441   0.030  -0.550   0.000 02T003M000t
00038 GLU02A0238_038 f 0.00  0.000     0  0.00  0  0  -3.886   0.623   5.850   0.103  -0.314   0.000 02T00DM000t
00039 GLU02A0238_039 f 0.00  0.000     0  0.00  0  0  -4.232   0.925   3.423   0.112  -0.467   0.000 02T012M000t
00040 GLU02A0238_040 f 0.00  0.000     0  0.00  0  0  -4.053   0.441   3.513   0.117  -0.357   0.000 02T009M000t
00041 GLU02A0238_041 f 0.00  0.000     0  0.00  0  0  -4.092   0.329   3.510   0.114  -0.361   0.000 02T00BM000t
00042 GLU02A0238_042 f 0.00  0.000     0  0.00  0  0  -3.712  -0.147   6.297   0.201  -0.032   0.000 02T014M000t
00043 GLU02A0238_043 f 0.00  0.000     0  0.00  0  0  -3.997   1.873   3.513   0.112  -0.300   0.000 02T015M000t
00044 GLU02A0238_044 f 0.00  0.000     0  0.00  0  0  -4.428   0.018   5.987   0.297  -0.297   0.000 02T019M000t
00045 GLU02A0238_045 f 0.00  0.000     0  0.00  0  0  -3.237   0.014   3.402   0.045   0.656   0.000 02T00EM000t
00046 GLU02A0238_046 f 0.00  0.000     0  0.00  0  0  -4.584  -0.011   3.351   0.101   0.642   0.000 02T019M000t
00047 GLU02A0238_047 f 0.00  0.000     0  0.00  0  0  -4.053   0.441   0.793   0.056   0.667   0.000 02T009M000t
00048 GLU02A0238_048 f 0.00  0.000     0  0.00  0  0  -4.131   0.329   0.790   0.072   0.667   0.000 02T00BM000t
00049 GLU02A0238_049 f 0.00  0.000     0  0.00  0  0  -3.938   0.690   3.025   0.035   0.763   0.000 02T00CM000t
00050 GLU02A0238_050 f 0.00  0.000     0  0.00  0  0  -4.209   1.262   0.652   0.116   0.744   0.000 02T012M000t
00051 GLU02A0238_051 f 0.00  0.000     0  0.00  0  0  -3.712  -0.147   3.577   0.037   0.667   0.000 02T014M000t
00052 GLU02A0238_052 f 0.00  0.000     0  0.00  0  0  -3.997   1.873   0.793   0.046   0.754   0.000 02T015M000t
00053 GLU-1A0238_053 f 0.00 -1.000     0  4.75  0 -1  -3.191  -0.023   0.356  -0.097  -0.216   0.000 -1O000M000t
00054 GLU-1A0238_054 f 0.00 -1.000     0  4.75  0 -1  -3.617   0.464   0.322  -0.185  -0.093   0.000 -1E004M000t
00055 GLU-1A0238_055 f 0.00 -1.000     0  4.75  0 -1  -3.582   1.667   0.326  -0.205   0.032   0.000 -1E005M000t
00056 GLU-1A0238_056 f 0.00 -1.000     0  4.75  0 -1  -4.186   0.451   0.846  -0.107  -0.337   0.000 -1E009M000t
00057 GLU-1A0238_057 f 0.00 -1.000     0  4.75  0 -1  -3.751   0.226   0.456  -0.102  -0.247   0.000 -1E00AM000t
00058 GLU-1A0238_058 f 0.00 -1.000     0  4.75  0 -1  -4.007   0.630   3.007  -0.084  -0.331   0.000 -1E00DM000t
00059 GLU-1A0238_059 f 0.00 -1.000     0  4.75  0 -1  -3.016   0.022   3.354  -0.086  -0.216   0.000 -1E00EM000t
00060 GLU-1A0238_060 f 0.00 -1.000     0  4.75  0 -1  -4.214   1.154   0.668  -0.466   0.075   0.000 -1E012M000t
00061 GLU-1A0238_061 f 0.00 -1.000     0  4.75  0 -1  -3.926  -0.144   3.588  -0.170  -0.159   0.000 -1E014M000t
00062 GLU-1A0238_062 f 0.00 -1.000     0  4.75  0 -1  -4.187   1.789   0.803  -0.175   0.127   0.000 -1E015M000t
00063 GLU-1A0238_063 f 0.00 -1.000     0  4.75  0 -1  -4.478   0.023   3.291  -0.115   0.033   0.000 -1E019M000t
