   confID        vdw0    sas     sum
GLU01A0238_001   1.588  -4.516  -2.928
GLU01A0238_002   1.564  -4.557  -2.993
GLU01A0238_003   1.350  -4.707  -3.358
GLU01A0238_004   0.907  -4.640  -3.732
GLU01A0238_005   0.556  -4.675  -4.119
GLU01A0238_006   1.665  -4.672  -3.007
GLU01A0238_007   0.603  -4.830  -4.227
GLU01A0238_008   1.588  -4.516  -2.928
GLU01A0238_009   1.024  -4.883  -3.859
GLU01A0238_010   0.749  -4.723  -3.974
GLU01A0238_011   0.520  -4.999  -4.478
GLU01A0238_012   1.417  -4.769  -3.352
GLU01A0238_013   0.583  -4.604  -4.021
GLU01A0238_014   0.767  -4.634  -3.866
GLU01A0238_015   0.487  -5.046  -4.559
GLU01A0238_016   0.908  -4.704  -3.796
GLU01A0238_017   0.858  -4.778  -3.920
GLU01A0238_018   1.746  -4.590  -2.844
GLU01A0238_019   1.024  -4.883  -3.859
GLU01A0238_020   0.751  -4.723  -3.972
GLU01A0238_021   1.564  -4.622  -3.057
GLU01A0238_022   0.489  -4.807  -4.317
GLU01A0238_023   0.557  -4.675  -4.119
GLU01A0238_024   0.603  -4.830  -4.227
GLU01A0238_025   1.000  -4.685  -3.685
GLU01A0238_026   0.858  -4.778  -3.920
GLU01A0238_027   1.746  -4.590  -2.844
GLU01A0238_028   0.828  -4.728  -3.900
GLU01A0238_029   0.986  -4.653  -3.667
GLU02A0238_030   1.236  -4.579  -3.343
GLU02A0238_031   0.387  -4.828  -4.441
GLU02A0238_032   0.802  -4.701  -3.899
GLU02A0238_033   1.236  -4.630  -3.395
GLU02A0238_034   0.736  -4.634  -3.898
GLU02A0238_035   1.732  -4.649  -2.917
GLU02A0238_036   0.775  -4.629  -3.853
GLU02A0238_037   0.672  -4.796  -4.123
GLU02A0238_038   1.415  -4.651  -3.237
GLU02A0238_039   0.597  -4.665  -4.067
GLU02A0238_040   1.459  -4.697  -3.237
GLU02A0238_041   0.668  -4.758  -4.091
GLU02A0238_042   1.226  -4.669  -3.443
GLU02A0238_043   1.102  -4.770  -3.668
GLU02A0238_044   1.057  -4.703  -3.646
GLU02A0238_045   0.582  -4.634  -4.053
GLU02A0238_046   0.736  -4.570  -3.834
GLU02A0238_047   1.080  -4.793  -3.712
GLU02A0238_048   0.661  -4.797  -4.136
GLU02A0238_049   0.578  -5.006  -4.428
GLU02A0238_050   1.100  -4.806  -3.706
GLU02A0238_051   0.668  -4.758  -4.091
GLU02A0238_052   0.659  -4.550  -3.891
GLU02A0238_053   1.226  -4.669  -3.443
GLU02A0238_054   0.582  -4.634  -4.053
GLU02A0238_055   1.080  -4.793  -3.712
GLU02A0238_056   0.661  -4.797  -4.136
GLU02A0238_057   0.578  -5.006  -4.428
GLU02A0238_058   0.842  -4.748  -3.907
GLU-1A0238_059   1.180  -4.371  -3.191
GLU-1A0238_060   1.168  -4.548  -3.380
GLU-1A0238_061   0.720  -4.651  -3.931
GLU-1A0238_062   0.658  -4.745  -4.087
GLU-1A0238_063   1.483  -4.499  -3.016
GLU-1A0238_064   0.498  -4.597  -4.099
GLU-1A0238_065   1.452  -4.555  -3.103
GLU-1A0238_066   0.561  -4.748  -4.187
GLU-1A0238_067   0.561  -4.735  -4.173
GLU-1A0238_068   0.595  -4.503  -3.908
GLU-1A0238_069   0.407  -4.885  -4.478
GLU-1A0238_070   0.737  -4.576  -3.839
