CONFORMER         crg  vdw0  vdw1  tors  epol  self   occ  Hb     history    ASA
LYS01A0289_001  0.000 -9.00  2.48  2.49  0.00 -4.03 0.503  00  01O000M000  1.000
LYS01A0289_002  0.000-10.56  2.91  2.27  0.00 -5.38 0.502  00  01E017M000  1.000
LYS01A0289_003  0.000 -8.36  2.30  1.76  0.00 -4.29 0.503  00  01E030M000  1.000
LYS01A0289_004  0.000-10.22  2.65  4.51  0.00 -3.06 0.503  00  01E038M000  1.000
LYS01A0289_005  0.000 -7.73  3.24  1.95  0.00 -2.55 0.502  00  01E072M000  1.000
LYS01A0289_006  0.000 -9.60  3.39  1.71  0.00 -4.50 0.503  00  01T001M000  1.000
LYS01A0289_007  0.000-10.00  3.29  1.78  0.00 -4.92 0.502  00  01T01FM000  1.000
LYS01A0289_008  0.000-10.37  4.21  2.28  0.00 -3.89 0.503  00  01T020M000  1.000
LYS01A0289_009  0.000-10.29  2.05  1.54  0.00 -6.70 0.503  00  01T024M000  1.000
LYS01A0289_010  0.000 -9.42  3.03  1.99  0.00 -4.40 0.503  00  01T03BM000  1.000
LYS01A0289_011  0.000-10.44  3.22  1.94  0.00 -5.28 0.502  00  01T044M000  1.000
LYS01A0289_012  0.000 -8.86  2.77  1.97  0.00 -4.12 0.502  00  01T047M000  1.000
LYS01A0289_013  0.000 -9.69  2.23  1.89  0.00 -5.57 0.503  00  01T04EM000  1.000
LYS01A0289_014  0.000 -8.97  2.07  4.69  0.00 -2.22 0.502  00  01T07CM000  1.000
LYS01A0289_015  0.000 -9.88  5.38  2.81  0.00 -1.69 0.503  00  01T086M000  1.000
LYS01A0289_016  0.000 -9.64  3.87  2.52  0.00 -3.25 0.502  00  01T087M000  1.000
LYS01A0289_017  0.000-10.16  3.62  1.79  0.00 -4.74 0.503  00  01T09AM000  1.000
LYS01A0289_018  0.000 -9.62  1.55  2.49  0.00 -5.58 0.503  00  01T0B1M000  1.000
LYS01A0289_019  0.000-10.33  1.82  2.22  0.00 -6.30 0.502  00  01T0B2M000  1.000
LYS01A0289_020  0.000 -6.83  1.71  2.04  0.00 -3.09 0.503  00  01T0B4M000  1.000
LYS+1A0289_021  1.000 -9.05  2.48  2.49  0.00 -4.08 0.503  00  +1O000M000  1.000
LYS+1A0289_022  1.000 -9.66  3.36  1.74  0.00 -4.56 0.503  00  +1E001M000  1.000
LYS+1A0289_023  1.000-10.68  2.92  2.31  0.00 -5.46 0.502  00  +1E017M000  1.000
LYS+1A0289_024  1.000 -9.95  3.29  1.82  0.00 -4.84 0.502  00  +1E01FM000  1.000
LYS+1A0289_025  1.000 -8.25  2.30  1.83  0.00 -4.12 0.503  00  +1E030M000  1.000
LYS+1A0289_026  1.000 -9.56  3.02  2.04  0.00 -4.50 0.503  00  +1E03BM000  1.000
LYS+1A0289_027  1.000 -8.86  2.78  2.01  0.00 -4.08 0.502  00  +1E047M000  1.000
LYS+1A0289_028  1.000 -9.73  2.23  1.93  0.00 -5.57 0.503  00  +1E04EM000  1.000
LYS+1A0289_029  1.000 -7.92  3.27  1.99  0.00 -2.67 0.502  00  +1E072M000  1.000
LYS+1A0289_030  1.000 -9.58  3.98  2.61  0.00 -2.99 0.502  00  +1E087M000  1.000
LYS+1A0289_031  1.000 -6.98  1.71  2.13  0.00 -3.15 0.503  00  +1E0B4M000  1.000
LYS+1A0289_032  1.000-10.56  4.27  2.31  0.00 -3.98 0.503  00  +1T020M000  1.000
LYS+1A0289_033  1.000-10.40  2.04  1.57  0.00 -6.78 0.503  00  +1T024M000  1.000
LYS+1A0289_034  1.000-10.24  2.63  4.62  0.00 -2.99 0.503  00  +1T038M000  1.000
LYS+1A0289_035  1.000-10.30  3.25  2.08  0.00 -4.98 0.502  00  +1T044M000  1.000
LYS+1A0289_036  1.000 -9.13  2.04  4.71  0.00 -2.38 0.502  00  +1T07CM000  1.000
LYS+1A0289_037  1.000 -9.88  5.55  2.89  0.00 -1.44 0.503  00  +1T086M000  1.000
LYS+1A0289_038  1.000-10.15  3.63  1.82  0.00 -4.70 0.503  00  +1T09AM000  1.000
LYS+1A0289_039  1.000 -9.77  1.48  2.58  0.00 -5.70 0.503  00  +1T0B1M000  1.000
LYS+1A0289_040  1.000-10.46  1.81  2.26  0.00 -6.39 0.502  00  +1T0B2M000  1.000
