iConf CONFORMER     FL  occ    crg   Em0  pKa0 ne nH    vdw0    vdw1    tors    epol   dsolv   extra    history
00001 CYS01A0239_001 f 0.00  0.000     0  0.00  0  0  -7.754   0.342   0.003  -0.168  -0.019   0.000 01O000M000t
00002 CYS01A0239_002 f 0.00  0.000     0  0.00  0  0  -7.301   0.147   0.003  -0.179  -0.011   0.000 01R002M000t
00003 CYS01A0239_003 f 0.00  0.000     0  0.00  0  0  -7.534   1.034   2.797  -0.104  -0.040   0.000 01R003M000t
00004 CYS01A0239_004 f 0.00  0.000     0  0.00  0  0  -7.440   0.313   0.003  -0.090  -0.004   0.000 01R004M000t
00005 CYS01A0239_005 f 0.00  0.000     0  0.00  0  0  -7.754   0.338   0.003  -0.104   0.019   0.000 01O000M000t
00006 CYS01A0239_006 f 0.00  0.000     0  0.00  0  0  -7.755   0.369   0.003  -0.133  -0.012   0.000 01O000M000t
00007 CYS01A0239_007 f 0.00  0.000     0  0.00  0  0  -7.457   2.448   2.790  -0.228   0.011   0.000 01R001M000t
00008 CYS01A0239_008 f 0.00  0.000     0  0.00  0  0  -7.301   0.157   0.003  -0.241  -0.031   0.000 01R002M000t
00009 CYS01A0239_009 f 0.00  0.000     0  0.00  0  0  -7.302   0.166   0.003  -0.293  -0.014   0.000 01R002M000t
00010 CYS01A0239_010 f 0.00  0.000     0  0.00  0  0  -7.534   1.034   2.797  -0.121  -0.006   0.000 01R003M000t
00011 CYS01A0239_011 f 0.00  0.000     0  0.00  0  0  -7.535   1.043   2.797  -0.150  -0.010   0.000 01R003M000t
00012 CYS01A0239_012 f 0.00  0.000     0  0.00  0  0  -7.440   0.300   0.003  -0.061   0.035   0.000 01R004M000t
00013 CYS01A0239_013 f 0.00  0.000     0  0.00  0  0  -7.441   0.323   0.003  -0.130  -0.003   0.000 01R004M000t
00014 CYS01A0239_014 f 0.00  0.000     0  0.00  0  0  -7.465   3.452   2.789  -0.101  -0.023   0.000 01R005M000t
00015 CYS01A0239_015 f 0.00  0.000     0  0.00  0  0  -7.457   2.437   2.791  -0.308   0.021   0.000 01T001M000t
00016 CYS01A0239_016 f 0.00  0.000     0  0.00  0  0  -7.465   3.456   2.789  -0.004   0.022   0.000 01T005M000t
00017 CYS01A0239_017 f 0.00  0.000     0  0.00  0  0  -7.458   2.472   2.791  -0.375  -0.007   0.000 01T001M000t
00018 CYS01A0239_018 f 0.00  0.000     0  0.00  0  0  -7.466   3.483   2.788  -0.074  -0.021   0.000 01T005M000t
00019 CYS-1A0239_019 f 0.00 -1.000     0  9.10  0 -1  -7.753   0.377   0.003  -0.773  -0.231   0.000 -1O000M000t
00020 CYS-1A0239_020 f 0.00 -1.000     0  9.10  0 -1  -7.403   2.435   2.737  -1.629  -0.271   0.000 -1R001M000t
00021 CYS-1A0239_021 f 0.00 -1.000     0  9.10  0 -1  -7.300   0.173   0.003  -1.397  -0.425   0.000 -1R002M000t
00022 CYS-1A0239_022 f 0.00 -1.000     0  9.10  0 -1  -7.533   1.049   2.797  -0.896  -0.563   0.000 -1R003M000t
00023 CYS-1A0239_023 f 0.00 -1.000     0  9.10  0 -1  -7.439   0.329   0.003  -0.826  -0.380   0.000 -1R004M000t
00024 CYS-1A0239_024 f 0.00 -1.000     0  9.10  0 -1  -7.631   3.474   2.783  -0.520  -0.338   0.000 -1R005M000t
