CONFORMER         crg  vdw0  vdw1  tors  epol  self   occ  Hb     history    ASA
CYS01A0239_001  0.000 -7.75  0.34  0.00  0.00 -7.41 0.584  00  01O000M000  1.000
CYS01A0239_002  0.000 -7.30  0.05  0.00  0.00 -7.24 0.581  00  01R002M000  1.000
CYS01A0239_003  0.000 -7.53  1.04  2.80  0.00 -3.70 0.583  00  01R003M000  1.000
CYS01A0239_004  0.000 -7.44  0.25  0.00  0.00 -7.19 0.583  00  01R004M000  1.000
CYS01A0239_005  0.000 -7.75  0.34  0.00  0.00 -7.41 0.584  00  01O000M000  1.000
CYS01A0239_006  0.000 -7.75  0.37  0.00  0.00 -7.38 0.584  00  01O000M000  1.000
CYS01A0239_007  0.000 -7.46  2.45  2.79  0.00 -2.22 0.582  00  01R001M000  1.000
CYS01A0239_008  0.000 -7.30  0.06  0.00  0.00 -7.23 0.581  00  01R002M000  1.000
CYS01A0239_009  0.000 -7.30  0.07  0.00  0.00 -7.23 0.581  00  01R002M000  1.000
CYS01A0239_010  0.000 -7.53  1.03  2.80  0.00 -3.70 0.583  00  01R003M000  1.000
CYS01A0239_011  0.000 -7.53  1.04  2.80  0.00 -3.70 0.583  00  01R003M000  1.000
CYS01A0239_012  0.000 -7.44  0.23  0.00  0.00 -7.20 0.583  00  01R004M000  1.000
CYS01A0239_013  0.000 -7.44  0.25  0.00  0.00 -7.18 0.583  00  01R004M000  1.000
CYS01A0239_014  0.000 -7.46  3.45  2.79  0.00 -1.23 0.587  00  01R005M000  1.000
CYS01A0239_015  0.000 -7.46  2.44  2.79  0.00 -2.23 0.582  00  01T001M000  1.000
CYS01A0239_016  0.000 -7.47  3.45  2.79  0.00 -1.23 0.587  00  01T005M000  1.000
CYS01A0239_017  0.000 -7.46  2.47  2.79  0.00 -2.20 0.582  00  01T001M000  1.000
CYS01A0239_018  0.000 -7.47  3.47  2.79  0.00 -1.20 0.587  00  01T005M000  1.000
CYS-1A0239_019 -1.000 -7.75  0.38  0.00  0.00 -7.37 0.584  00  -1O000M000  1.000
CYS-1A0239_020 -1.000 -7.40  2.43  2.74  0.00 -2.23 0.582  00  -1R001M000  1.000
CYS-1A0239_021 -1.000 -7.30  0.08  0.00  0.00 -7.22 0.581  00  -1R002M000  1.000
CYS-1A0239_022 -1.000 -7.53  1.05  2.80  0.00 -3.69 0.583  00  -1R003M000  1.000
CYS-1A0239_023 -1.000 -7.44  0.26  0.00  0.00 -7.17 0.583  00  -1R004M000  1.000
CYS-1A0239_024 -1.000 -7.63  3.48  2.78  0.00 -1.37 0.587  00  -1R005M000  1.000
