CONFORMER         crg  vdw0  vdw1  tors  epol  self   occ  Hb     history    ASA
ARG01A0010_001  0.000-12.51  0.61  0.64  0.00-11.26 0.502  00  01O000M000  1.000
ARG01A0010_002  0.000-11.29  1.77  1.14  0.00 -8.38 0.503  00  01E05DM000  1.000
ARG01A0010_003  0.000-11.23  1.83  1.30  0.00 -8.10 0.502  00  01E060M000  1.000
ARG01A0010_004  0.000-11.51  2.32  3.29  0.00 -5.90 0.502  00  01E066M000  1.000
ARG01A0010_005  0.000-10.60  1.03  2.86  0.00 -6.71 0.502  00  01E0A3M000  1.000
ARG01A0010_006  0.000-11.04  1.27  5.78  0.00 -4.00 0.502  00  01E0A5M000  1.000
ARG01A0010_007  0.000 -9.21  0.50  3.74  0.00 -4.97 0.502  00  01E0ACM000  1.000
ARG01A0010_008  0.000 -9.27  0.74  3.90  0.00 -4.64 0.502  00  01E0C7M000  1.000
ARG01A0010_009  0.000-11.58  1.78  1.23  0.00 -8.56 0.502  00  01E0D8M000  1.000
ARG01A0010_010  0.000-12.66  2.44  3.30  0.00 -6.93 0.502  00  01T00BM000  1.000
ARG01A0010_011  0.000-12.77  1.90  6.01  0.00 -4.86 0.502  00  01T040M000  1.000
ARG01A0010_012  0.000-10.87  1.70  6.83  0.00 -2.34 0.502  00  01T044M000  1.000
ARG01A0010_013  0.000-11.11  0.97  0.61  0.00 -9.52 0.502  00  01T04DM000  1.000
ARG01A0010_014  0.000-10.82  1.26  3.65  0.00 -5.91 0.502  00  01T068M000  1.000
ARG01A0010_015  0.000-11.04  0.60  0.62  0.00 -9.82 0.502  00  01T06FM000  1.000
ARG01A0010_016  0.000-10.70  4.10  0.62  0.00 -5.98 0.502  00  01T090M000  1.000
ARG01A0010_017  0.000-11.16  0.95  3.36  0.00 -6.85 0.502  00  01T0BEM000  1.000
ARG01A0010_018  0.000-12.43  5.47  0.85  0.00 -6.12 0.502  00  01T0C2M000  1.000
ARG01A0010_019  0.000 -9.27  1.79  1.32  0.00 -6.16 0.502  00  01T0E7M000  1.000
ARG01A0010_020  0.000 -9.60  0.89  6.41  0.00 -2.29 0.502  00  01T0EEM000  1.000
ARG02A0010_021  0.000-12.58  0.59  0.64  0.00-11.34 0.502  00  02O000M000  1.000
ARG02A0010_022  0.000-12.81  2.41  5.68  0.00 -4.73 0.502  00  02E040M000  1.000
ARG02A0010_023  0.000-11.17  0.97  0.61  0.00 -9.58 0.502  00  02E04DM000  1.000
ARG02A0010_024  0.000-11.12  0.59  0.62  0.00 -9.91 0.502  00  02E06FM000  1.000
ARG02A0010_025  0.000-10.84  4.16  0.57  0.00 -6.12 0.502  00  02E090M000  1.000
ARG02A0010_026  0.000-10.91  1.05  2.88  0.00 -6.98 0.502  00  02E0A3M000  1.000
ARG02A0010_027  0.000-11.17  1.27  5.75  0.00 -4.15 0.502  00  02E0A5M000  1.000
ARG02A0010_028  0.000-11.40  0.94  3.36  0.00 -7.10 0.502  00  02E0BEM000  1.000
ARG02A0010_029  0.000-11.13  1.89  1.26  0.00 -7.98 0.502  00  02E060M000  1.000
ARG02A0010_030  0.000-11.74  2.23  3.29  0.00 -6.22 0.502  00  02E066M000  1.000
ARG02A0010_031  0.000-11.65  1.88  1.18  0.00 -8.58 0.502  00  02E0D8M000  1.000
ARG02A0010_032  0.000-11.36  1.77  1.14  0.00 -8.45 0.503  00  02T05DM000  1.000
ARG02A0010_033  0.000-10.77  1.21  3.66  0.00 -5.90 0.502  00  02T068M000  1.000
ARG02A0010_034  0.000 -9.03  0.57  3.73  0.00 -4.73 0.502  00  02T0ACM000  1.000
ARG02A0010_035  0.000 -9.30  0.73  3.84  0.00 -4.73 0.502  00  02T0C7M000  1.000
ARG02A0010_036  0.000 -9.72  1.80  1.32  0.00 -6.61 0.502  00  02T0E7M000  1.000
ARG02A0010_037  0.000-12.62  1.92  3.26  0.00 -7.45 0.502  00  02T00BM000  1.000
ARG02A0010_038  0.000-10.63  1.69  6.31  0.00 -2.64 0.502  00  02T044M000  1.000
ARG02A0010_039  0.000-12.10  6.43  0.70  0.00 -4.97 0.502  00  02T0C2M000  1.000
ARG02A0010_040  0.000 -9.28  0.88  6.31  0.00 -2.08 0.502  00  02T0EEM000  1.000
ARG03A0010_041  0.000-12.58  0.59  0.64  0.00-11.35 0.502  00  03O000M000  1.000
ARG03A0010_042  0.000-11.21  1.95  1.26  0.00 -8.01 0.502  00  03E060M000  1.000
ARG03A0010_043  0.000-11.14  0.59  0.62  0.00 -9.93 0.502  00  03E06FM000  1.000
ARG03A0010_044  0.000 -8.86  0.65  3.75  0.00 -4.46 0.502  00  03E0ACM000  1.000
ARG03A0010_045  0.000-11.38  0.94  3.36  0.00 -7.08 0.502  00  03E0BEM000  1.000
ARG03A0010_046  0.000-10.54  1.69  6.29  0.00 -2.56 0.502  00  03E044M000  1.000
ARG03A0010_047  0.000-11.70  2.22  3.29  0.00 -6.20 0.502  00  03T066M000  1.000
ARG03A0010_048  0.000 -9.35  0.72  3.84  0.00 -4.79 0.502  00  03T0C7M000  1.000
ARG03A0010_049  0.000-11.36  1.77  1.14  0.00 -8.45 0.503  00  03T05DM000  1.000
ARG03A0010_050  0.000-11.75  1.89  1.18  0.00 -8.67 0.502  00  03T0D8M000  1.000
ARG03A0010_051  0.000 -9.26  1.77  1.31  0.00 -6.18 0.502  00  03T0E7M000  1.000
ARG03A0010_052  0.000-12.75  2.44  5.68  0.00 -4.64 0.502  00  03T040M000  1.000
ARG03A0010_053  0.000-11.12  0.97  0.61  0.00 -9.53 0.502  00  03T04DM000  1.000
ARG03A0010_054  0.000-10.92  4.16  0.57  0.00 -6.19 0.502  00  03T090M000  1.000
ARG03A0010_055  0.000-11.91  6.59  0.69  0.00 -4.62 0.502  00  03T0C2M000  1.000
ARG03A0010_056  0.000-12.68  1.91  3.26  0.00 -7.51 0.502  00  03T00BM000  1.000
ARG03A0010_057  0.000-10.77  1.21  3.66  0.00 -5.90 0.502  00  03T068M000  1.000
ARG03A0010_058  0.000-10.55  1.05  2.87  0.00 -6.63 0.502  00  03T0A3M000  1.000
ARG03A0010_059  0.000-11.18  1.28  5.75  0.00 -4.15 0.502  00  03T0A5M000  1.000
ARG03A0010_060  0.000 -9.31  0.86  6.31  0.00 -2.13 0.502  00  03T0EEM000  1.000
ARG+1A0010_061  1.000-12.62  0.59  0.64  0.00-11.39 0.502  00  +1O000M000  1.000
ARG+1A0010_062  1.000-10.84  4.15  0.57  0.00 -6.11 0.502  00  +1E090M000  1.000
ARG+1A0010_063  1.000-10.40  1.05  2.87  0.00 -6.48 0.502  00  +1E0A3M000  1.000
ARG+1A0010_064  1.000-11.43  0.94  3.36  0.00 -7.13 0.502  00  +1E0BEM000  1.000
ARG+1A0010_065  1.000-11.78  1.88  1.18  0.00 -8.72 0.502  00  +1E0D8M000  1.000
ARG+1A0010_066  1.000 -9.22  1.75  1.31  0.00 -6.16 0.502  00  +1E0E7M000  1.000
ARG+1A0010_067  1.000 -9.36  0.86  6.32  0.00 -2.18 0.502  00  +1E0EEM000  1.000
ARG+1A0010_068  1.000-12.73  1.93  3.26  0.00 -7.54 0.502  00  +1T00BM000  1.000
ARG+1A0010_069  1.000-12.86  2.43  5.68  0.00 -4.75 0.502  00  +1T040M000  1.000
ARG+1A0010_070  1.000-10.48  1.68  6.32  0.00 -2.49 0.502  00  +1T044M000  1.000
ARG+1A0010_071  1.000-11.15  0.97  0.61  0.00 -9.57 0.502  00  +1T04DM000  1.000
ARG+1A0010_072  1.000-11.47  1.77  1.14  0.00 -8.56 0.503  00  +1T05DM000  1.000
ARG+1A0010_073  1.000-11.19  1.88  1.26  0.00 -8.05 0.502  00  +1T060M000  1.000
ARG+1A0010_074  1.000-11.69  2.26  3.29  0.00 -6.14 0.502  00  +1T066M000  1.000
ARG+1A0010_075  1.000-10.86  1.21  3.66  0.00 -5.99 0.502  00  +1T068M000  1.000
ARG+1A0010_076  1.000-11.15  0.59  0.62  0.00 -9.94 0.502  00  +1T06FM000  1.000
ARG+1A0010_077  1.000-11.22  1.27  5.76  0.00 -4.19 0.502  00  +1T0A5M000  1.000
ARG+1A0010_078  1.000 -8.81  0.62  3.75  0.00 -4.44 0.502  00  +1T0ACM000  1.000
ARG+1A0010_079  1.000-11.98  6.51  0.70  0.00 -4.77 0.502  00  +1T0C2M000  1.000
ARG+1A0010_080  1.000 -9.38  0.72  3.84  0.00 -4.81 0.502  00  +1T0C7M000  1.000
