iConf CONFORMER     FL  occ    crg   Em0  pKa0 ne nH    vdw0    vdw1    tors    epol   dsolv   extra    history
00001 ARG01A0010_001 f 0.00  0.000     0  0.00  0  0 -12.505   0.603   0.638  -0.007  -0.184   0.000 01O000M000t
00002 ARG01A0010_002 f 0.00  0.000     0  0.00  0  0 -11.290   1.769   1.144   0.014  -0.144   0.000 01E05DM000t
00003 ARG01A0010_003 f 0.00  0.000     0  0.00  0  0 -11.241   1.838   1.298  -0.260   0.374   0.000 01E060M000t
00004 ARG01A0010_004 f 0.00  0.000     0  0.00  0  0 -11.504   2.311   3.289   0.157  -0.084   0.000 01E066M000t
00005 ARG01A0010_005 f 0.00  0.000     0  0.00  0  0 -10.596   1.037   2.856   0.057  -0.077   0.000 01E0A3M000t
00006 ARG01A0010_006 f 0.00  0.000     0  0.00  0  0 -11.047   1.273   5.776   0.012  -0.246   0.000 01E0A5M000t
00007 ARG01A0010_007 f 0.00  0.000     0  0.00  0  0  -9.216   0.499   3.742   0.085   0.222   0.000 01E0ACM000t
00008 ARG01A0010_008 f 0.00  0.000     0  0.00  0  0  -9.277   0.741   3.896   0.054  -0.625   0.000 01E0C7M000t
00009 ARG01A0010_009 f 0.00  0.000     0  0.00  0  0 -11.575   1.782   1.232   0.027  -0.169   0.000 01E0D8M000t
00010 ARG01A0010_010 f 0.00  0.000     0  0.00  0  0 -12.667   2.433   3.296   0.222   0.003   0.000 01T00BM000t
00011 ARG01A0010_011 f 0.00  0.000     0  0.00  0  0 -12.773   1.903   6.011   0.086  -0.422   0.000 01T040M000t
00012 ARG01A0010_012 f 0.00  0.000     0  0.00  0  0 -10.880   1.706   6.831   0.029  -0.242   0.000 01T044M000t
00013 ARG01A0010_013 f 0.00  0.000     0  0.00  0  0 -11.112   0.973   0.616   0.014  -0.192   0.000 01T04DM000t
00014 ARG01A0010_014 f 0.00  0.000     0  0.00  0  0 -10.812   1.258   3.653  -0.064  -0.001   0.000 01T068M000t
00015 ARG01A0010_015 f 0.00  0.000     0  0.00  0  0 -11.055   0.600   0.621   0.015  -0.344   0.000 01T06FM000t
00016 ARG01A0010_016 f 0.00  0.000     0  0.00  0  0 -10.709   4.097   0.627  -0.017  -0.208   0.000 01T090M000t
00017 ARG01A0010_017 f 0.00  0.000     0  0.00  0  0 -11.161   0.956   3.356   0.094   0.040   0.000 01T0BEM000t
00018 ARG01A0010_018 f 0.00  0.000     0  0.00  0  0 -12.435   5.479   0.845   0.201  -0.062   0.000 01T0C2M000t
00019 ARG01A0010_019 f 0.00  0.000     0  0.00  0  0  -9.265   1.785   1.317   0.152   0.163   0.000 01T0E7M000t
00020 ARG01A0010_020 f 0.00  0.000     0  0.00  0  0  -9.601   0.888   6.414   0.164  -0.194   0.000 01T0EEM000t
00021 ARG02A0010_021 f 0.00  0.000     0  0.00  0  0 -12.576   0.591   0.638   0.024   1.025   0.000 02O000M000t
00022 ARG02A0010_022 f 0.00  0.000     0  0.00  0  0 -12.740   2.409   5.675   0.044   1.102   0.000 02E040M000t
00023 ARG02A0010_023 f 0.00  0.000     0  0.00  0  0 -11.172   0.974   0.608   0.006   1.038   0.000 02E04DM000t
00024 ARG02A0010_024 f 0.00  0.000     0  0.00  0  0 -11.129   0.590   0.618   0.021   0.962   0.000 02E06FM000t
00025 ARG02A0010_025 f 0.00  0.000     0  0.00  0  0 -10.850   4.164   0.569  -0.016   1.119   0.000 02E090M000t
00026 ARG02A0010_026 f 0.00  0.000     0  0.00  0  0 -10.898   1.050   2.876   0.045   1.090   0.000 02E0A3M000t
00027 ARG02A0010_027 f 0.00  0.000     0  0.00  0  0 -11.173   1.273   5.753   0.032   1.031   0.000 02E0A5M000t
00028 ARG02A0010_028 f 0.00  0.000     0  0.00  0  0 -11.403   0.937   3.361   0.077   1.096   0.000 02E0BEM000t
00029 ARG02A0010_029 f 0.00  0.000     0  0.00  0  0 -11.126   1.888   1.259  -0.168   0.959   0.000 02E060M000t
00030 ARG02A0010_030 f 0.00  0.000     0  0.00  0  0 -11.679   2.220   3.291   0.065   0.767   0.000 02E066M000t
00031 ARG02A0010_031 f 0.00  0.000     0  0.00  0  0 -11.644   1.881   1.184   0.028   0.768   0.000 02E0D8M000t
00032 ARG02A0010_032 f 0.00  0.000     0  0.00  0  0 -11.356   1.769   1.142   0.026   1.043   0.000 02T05DM000t
00033 ARG02A0010_033 f 0.00  0.000     0  0.00  0  0 -10.721   1.217   3.662   0.087   0.585   0.000 02T068M000t
00034 ARG02A0010_034 f 0.00  0.000     0  0.00  0  0  -9.033   0.573   3.730  -0.124   1.105   0.000 02T0ACM000t
00035 ARG02A0010_035 f 0.00  0.000     0  0.00  0  0  -9.305   0.727   3.837   0.034   0.763   0.000 02T0C7M000t
00036 ARG02A0010_036 f 0.00  0.000     0  0.00  0  0  -9.722   1.792   1.316   0.049   0.580   0.000 02T0E7M000t
00037 ARG02A0010_037 f 0.00  0.000     0  0.00  0  0 -12.625   1.918   3.258   0.344   0.597   0.000 02T00BM000t
00038 ARG02A0010_038 f 0.00  0.000     0  0.00  0  0 -10.628   1.685   6.308   0.009   0.926   0.000 02T044M000t
00039 ARG02A0010_039 f 0.00  0.000     0  0.00  0  0 -12.099   6.423   0.702   0.183   0.856   0.000 02T0C2M000t
00040 ARG02A0010_040 f 0.00  0.000     0  0.00  0  0  -9.270   0.887   6.313   0.166   1.105   0.000 02T0EEM000t
00041 ARG03A0010_041 f 0.00  0.000     0  0.00  0  0 -12.581   0.591   0.638   0.020   0.961   0.000 03O000M000t
00042 ARG03A0010_042 f 0.00  0.000     0  0.00  0  0 -11.213   1.950   1.258  -0.090   1.074   0.000 03E060M000t
00043 ARG03A0010_043 f 0.00  0.000     0  0.00  0  0 -11.141   0.590   0.617   0.023   0.973   0.000 03E06FM000t
00044 ARG03A0010_044 f 0.00  0.000     0  0.00  0  0  -8.861   0.654   3.749   0.092   1.238   0.000 03E0ACM000t
00045 ARG03A0010_045 f 0.00  0.000     0  0.00  0  0 -11.386   0.936   3.360   0.076   0.889   0.000 03E0BEM000t
00046 ARG03A0010_046 f 0.00  0.000     0  0.00  0  0 -10.547   1.689   6.292   0.020   0.907   0.000 03E044M000t
00047 ARG03A0010_047 f 0.00  0.000     0  0.00  0  0 -11.703   2.216   3.289   0.054   1.008   0.000 03T066M000t
00048 ARG03A0010_048 f 0.00  0.000     0  0.00  0  0  -9.354   0.725   3.837   0.058   0.712   0.000 03T0C7M000t
00049 ARG03A0010_049 f 0.00  0.000     0  0.00  0  0 -11.360   1.768   1.142   0.025   0.909   0.000 03T05DM000t
00050 ARG03A0010_050 f 0.00  0.000     0  0.00  0  0 -11.751   1.896   1.183   0.033   0.862   0.000 03T0D8M000t
00051 ARG03A0010_051 f 0.00  0.000     0  0.00  0  0  -9.247   1.768   1.312   0.142   1.026   0.000 03T0E7M000t
00052 ARG03A0010_052 f 0.00  0.000     0  0.00  0  0 -12.747   2.429   5.679   0.062   0.751   0.000 03T040M000t
00053 ARG03A0010_053 f 0.00  0.000     0  0.00  0  0 -11.110   0.972   0.611   0.021   0.865   0.000 03T04DM000t
00054 ARG03A0010_054 f 0.00  0.000     0  0.00  0  0 -10.925   4.155   0.567  -0.016   0.889   0.000 03T090M000t
00055 ARG03A0010_055 f 0.00  0.000     0  0.00  0  0 -11.907   6.597   0.693   0.192   0.871   0.000 03T0C2M000t
00056 ARG03A0010_056 f 0.00  0.000     0  0.00  0  0 -12.678   1.912   3.260   0.294   0.794   0.000 03T00BM000t
00057 ARG03A0010_057 f 0.00  0.000     0  0.00  0  0 -10.824   1.216   3.657   0.049   0.798   0.000 03T068M000t
00058 ARG03A0010_058 f 0.00  0.000     0  0.00  0  0 -10.546   1.045   2.870   0.051   0.698   0.000 03T0A3M000t
00059 ARG03A0010_059 f 0.00  0.000     0  0.00  0  0 -11.188   1.277   5.753   0.022   0.671   0.000 03T0A5M000t
00060 ARG03A0010_060 f 0.00  0.000     0  0.00  0  0  -9.301   0.867   6.315   0.172   1.007   0.000 03T0EEM000t
00061 ARG+1A0010_061 f 0.00  1.000     0 12.50  0  1 -12.619   0.591   0.638   0.114  -0.214   0.000 +1O000M000t
00062 ARG+1A0010_062 f 0.00  1.000     0 12.50  0  1 -10.827   4.149   0.570   0.089  -0.137   0.000 +1E090M000t
00063 ARG+1A0010_063 f 0.00  1.000     0 12.50  0  1 -10.407   1.047   2.874   0.075  -0.454   0.000 +1E0A3M000t
00064 ARG+1A0010_064 f 0.00  1.000     0 12.50  0  1 -11.431   0.936   3.366   0.154  -0.177   0.000 +1E0BEM000t
00065 ARG+1A0010_065 f 0.00  1.000     0 12.50  0  1 -11.788   1.883   1.185   0.103  -0.268   0.000 +1E0D8M000t
00066 ARG+1A0010_066 f 0.00  1.000     0 12.50  0  1  -9.208   1.753   1.310   0.289   0.048   0.000 +1E0E7M000t
00067 ARG+1A0010_067 f 0.00  1.000     0 12.50  0  1  -9.363   0.866   6.316   0.023  -0.408   0.000 +1E0EEM000t
00068 ARG+1A0010_068 f 0.00  1.000     0 12.50  0  1 -12.733   1.934   3.259  -0.023  -0.197   0.000 +1T00BM000t
00069 ARG+1A0010_069 f 0.00  1.000     0 12.50  0  1 -12.862   2.424   5.677   0.146  -0.341   0.000 +1T040M000t
00070 ARG+1A0010_070 f 0.00  1.000     0 12.50  0  1 -10.481   1.680   6.317   0.105  -0.007   0.000 +1T044M000t
00071 ARG+1A0010_071 f 0.00  1.000     0 12.50  0  1 -11.159   0.970   0.611   0.087  -0.242   0.000 +1T04DM000t
00072 ARG+1A0010_072 f 0.00  1.000     0 12.50  0  1 -11.477   1.767   1.143   0.104  -0.122   0.000 +1T05DM000t
00073 ARG+1A0010_073 f 0.00  1.000     0 12.50  0  1 -11.201   1.878   1.260   0.320   0.744   0.000 +1T060M000t
00074 ARG+1A0010_074 f 0.00  1.000     0 12.50  0  1 -11.687   2.262   3.288  -0.144   0.276   0.000 +1T066M000t
00075 ARG+1A0010_075 f 0.00  1.000     0 12.50  0  1 -10.917   1.213   3.662   0.286   0.161   0.000 +1T068M000t
00076 ARG+1A0010_076 f 0.00  1.000     0 12.50  0  1 -11.155   0.590   0.621   0.074  -0.144   0.000 +1T06FM000t
00077 ARG+1A0010_077 f 0.00  1.000     0 12.50  0  1 -11.222   1.273   5.758   0.082  -0.204   0.000 +1T0A5M000t
00078 ARG+1A0010_078 f 0.00  1.000     0 12.50  0  1  -8.806   0.619   3.749   0.228   0.229   0.000 +1T0ACM000t
00079 ARG+1A0010_079 f 0.00  1.000     0 12.50  0  1 -11.983   6.529   0.699   0.427  -0.125   0.000 +1T0C2M000t
00080 ARG+1A0010_080 f 0.00  1.000     0 12.50  0  1  -9.390   0.724   3.840   0.136  -0.439   0.000 +1T0C7M000t
