   confID        vdw0    sas     sum
ARG01A0010_001   1.785 -14.290 -12.505
ARG01A0010_002   3.312 -14.603 -11.290
ARG01A0010_003   3.333 -14.574 -11.241
ARG01A0010_004   2.784 -14.289 -11.504
ARG01A0010_005   3.476 -14.072 -10.596
ARG01A0010_006   3.129 -14.176 -11.047
ARG01A0010_007   4.706 -13.923  -9.216
ARG01A0010_008   4.661 -13.938  -9.277
ARG01A0010_009   2.913 -14.488 -11.575
ARG01A0010_010   1.752 -14.419 -12.667
ARG01A0010_011   1.816 -14.589 -12.773
ARG01A0010_012   3.643 -14.523 -10.880
ARG01A0010_013   2.698 -13.810 -11.112
ARG01A0010_014   3.359 -14.171 -10.812
ARG01A0010_015   3.140 -14.195 -11.055
ARG01A0010_016   2.817 -13.526 -10.709
ARG01A0010_017   2.734 -13.896 -11.161
ARG01A0010_018   1.872 -14.306 -12.435
ARG01A0010_019   4.877 -14.142  -9.265
ARG01A0010_020   4.645 -14.246  -9.601
ARG02A0010_021   1.714 -14.290 -12.576
ARG02A0010_022   1.795 -14.535 -12.740
ARG02A0010_023   2.651 -13.823 -11.172
ARG02A0010_024   3.066 -14.195 -11.129
ARG02A0010_025   2.859 -13.709 -10.850
ARG02A0010_026   3.090 -13.988 -10.898
ARG02A0010_027   3.115 -14.288 -11.173
ARG02A0010_028   2.660 -14.063 -11.403
ARG02A0010_029   3.313 -14.439 -11.126
ARG02A0010_030   2.741 -14.420 -11.679
ARG02A0010_031   2.911 -14.555 -11.644
ARG02A0010_032   3.247 -14.603 -11.356
ARG02A0010_033   3.331 -14.052 -10.721
ARG02A0010_034   4.875 -13.909  -9.033
ARG02A0010_035   4.765 -14.070  -9.305
ARG02A0010_036   4.474 -14.197  -9.722
ARG02A0010_037   1.800 -14.425 -12.625
ARG02A0010_038   3.776 -14.404 -10.628
ARG02A0010_039   2.079 -14.178 -12.099
ARG02A0010_040   4.809 -14.079  -9.270
ARG03A0010_041   1.709 -14.290 -12.581
ARG03A0010_042   3.281 -14.494 -11.213
ARG03A0010_043   3.073 -14.215 -11.141
ARG03A0010_044   4.943 -13.804  -8.861
ARG03A0010_045   2.677 -14.063 -11.386
ARG03A0010_046   3.681 -14.227 -10.547
ARG03A0010_047   2.717 -14.420 -11.703
ARG03A0010_048   4.715 -14.070  -9.354
ARG03A0010_049   3.242 -14.603 -11.360
ARG03A0010_050   2.855 -14.607 -11.751
ARG03A0010_051   4.946 -14.193  -9.247
ARG03A0010_052   1.791 -14.538 -12.747
ARG03A0010_053   2.649 -13.759 -11.110
ARG03A0010_054   2.845 -13.770 -10.925
ARG03A0010_055   2.207 -14.113 -11.907
ARG03A0010_056   1.747 -14.425 -12.678
ARG03A0010_057   3.295 -14.120 -10.824
ARG03A0010_058   3.526 -14.072 -10.546
ARG03A0010_059   3.100 -14.288 -11.188
ARG03A0010_060   4.778 -14.079  -9.301
ARG+1A0010_061   1.670 -14.290 -12.619
ARG+1A0010_062   2.815 -13.642 -10.827
ARG+1A0010_063   3.533 -13.940 -10.407
ARG+1A0010_064   2.631 -14.063 -11.431
ARG+1A0010_065   2.819 -14.607 -11.788
ARG+1A0010_066   4.986 -14.193  -9.208
ARG+1A0010_067   4.716 -14.079  -9.363
ARG+1A0010_068   1.692 -14.425 -12.733
ARG+1A0010_069   1.740 -14.602 -12.862
ARG+1A0010_070   3.682 -14.163 -10.481
ARG+1A0010_071   2.600 -13.759 -11.159
ARG+1A0010_072   3.190 -14.667 -11.477
ARG+1A0010_073   3.238 -14.439 -11.201
ARG+1A0010_074   2.669 -14.356 -11.687
ARG+1A0010_075   3.254 -14.171 -10.917
ARG+1A0010_076   3.040 -14.195 -11.155
ARG+1A0010_077   3.066 -14.288 -11.222
ARG+1A0010_078   4.882 -13.688  -8.806
ARG+1A0010_079   2.131 -14.113 -11.983
ARG+1A0010_080   4.680 -14.070  -9.390
