CONFORMER         crg  vdw0  vdw1  tors  epol  self   occ  Hb     history    ASA
LYS01A0201_001  0.000-12.39  0.46  0.84  0.00-11.09 0.502  00  01O000M000  1.000
LYS01A0201_002  0.000-11.98  4.04  3.54  0.00 -4.40 0.501  00  01E003M000  1.000
LYS01A0201_003  0.000-10.55  0.39  0.89  0.00 -9.27 0.501  00  01E013M000  1.000
LYS01A0201_004  0.000-10.30  2.67  1.50  0.00 -6.13 0.501  00  01E04FM000  1.000
LYS01A0201_005  0.000-11.08  3.07  0.82  0.00 -7.19 0.501  00  01E069M000  1.000
LYS01A0201_006  0.000-10.36  1.16  6.99  0.00 -2.21 0.502  00  01E0BAM000  1.000
LYS01A0201_007  0.000-10.34  0.58  3.71  0.00 -6.05 0.501  00  01E0C5M000  1.000
LYS01A0201_008  0.000 -9.47  2.88  0.87  0.00 -5.72 0.502  00  01E0D7M000  1.000
LYS01A0201_009  0.000 -9.97  3.13  4.23  0.00 -2.61 0.501  00  01E0DCM000  1.000
LYS01A0201_010  0.000-10.51  1.49  4.35  0.00 -4.66 0.501  00  01E13DM000  1.000
LYS01A0201_011  0.000 -5.56  0.32  0.79  0.00 -4.45 0.501  00  01T014M000  1.000
LYS01A0201_012  0.000-10.39  1.71  4.25  0.00 -4.43 0.502  00  01T037M000  1.000
LYS01A0201_013  0.000-10.72  0.71  1.52  0.00 -8.48 0.501  00  01T045M000  1.000
LYS01A0201_014  0.000-11.01  0.67  0.83  0.00 -9.52 0.501  00  01T062M000  1.000
LYS01A0201_015  0.000-10.99  0.68  4.24  0.00 -6.07 0.502  00  01T06CM000  1.000
LYS01A0201_016  0.000 -9.52  0.30  0.89  0.00 -8.32 0.501  00  01T0A7M000  1.000
LYS01A0201_017  0.000-10.05  0.68  4.24  0.00 -5.14 0.502  00  01T0CBM000  1.000
LYS01A0201_018  0.000 -7.89  0.37  2.07  0.00 -5.44 0.502  00  01T0ECM000  1.000
LYS01A0201_019  0.000 -9.60  1.90  7.02  0.00 -0.67 0.501  00  01T10BM000  1.000
LYS01A0201_020  0.000 -9.19  1.94  4.28  0.00 -2.97 0.501  00  01T12BM000  1.000
LYS+1A0201_021  1.000-12.43  0.46  0.84  0.00-11.14 0.502  00  +1O000M000  1.000
LYS+1A0201_022  1.000-12.03  4.04  3.54  0.00 -4.44 0.501  00  +1E003M000  1.000
LYS+1A0201_023  1.000 -5.60  0.32  0.79  0.00 -4.50 0.501  00  +1E014M000  1.000
LYS+1A0201_024  1.000-11.09  0.66  0.83  0.00 -9.61 0.501  00  +1E062M000  1.000
LYS+1A0201_025  1.000 -9.59  0.30  0.89  0.00 -8.41 0.501  00  +1E0A7M000  1.000
LYS+1A0201_026  1.000-10.43  0.58  3.71  0.00 -6.14 0.501  00  +1E0C5M000  1.000
LYS+1A0201_027  1.000-10.07  0.68  4.24  0.00 -5.15 0.502  00  +1E0CBM000  1.000
LYS+1A0201_028  1.000 -9.54  2.89  0.87  0.00 -5.78 0.502  00  +1E0D7M000  1.000
LYS+1A0201_029  1.000 -7.98  0.37  2.07  0.00 -5.54 0.502  00  +1E0ECM000  1.000
LYS+1A0201_030  1.000 -9.30  1.94  4.28  0.00 -3.08 0.501  00  +1E12BM000  1.000
LYS+1A0201_031  1.000-10.56  1.48  4.36  0.00 -4.72 0.501  00  +1E13DM000  1.000
LYS+1A0201_032  1.000-10.59  0.39  0.89  0.00 -9.31 0.501  00  +1T013M000  1.000
LYS+1A0201_033  1.000-10.29  1.71  4.25  0.00 -4.34 0.502  00  +1T037M000  1.000
LYS+1A0201_034  1.000-10.73  0.72  1.52  0.00 -8.48 0.501  00  +1T045M000  1.000
LYS+1A0201_035  1.000-10.26  2.71  1.50  0.00 -6.05 0.501  00  +1T04FM000  1.000
LYS+1A0201_036  1.000-11.14  3.08  0.82  0.00 -7.23 0.501  00  +1T069M000  1.000
LYS+1A0201_037  1.000-11.04  0.68  4.24  0.00 -6.12 0.502  00  +1T06CM000  1.000
LYS+1A0201_038  1.000-10.41  1.16  6.99  0.00 -2.26 0.502  00  +1T0BAM000  1.000
LYS+1A0201_039  1.000-10.09  3.17  4.24  0.00 -2.68 0.501  00  +1T0DCM000  1.000
LYS+1A0201_040  1.000 -9.70  1.90  7.03  0.00 -0.77 0.501  00  +1T10BM000  1.000
