iConf CONFORMER     FL  occ    crg   Em0  pKa0 ne nH    vdw0    vdw1    tors    epol   dsolv   extra    history
00001 LYS01A0201_001 f 0.00  0.000     0  0.00  0  0 -12.389   0.583   0.836  -0.013   0.051   0.000 01O000M000t
00002 LYS01A0201_002 f 0.00  0.000     0  0.00  0  0 -11.982   4.096   3.544  -0.002   0.092   0.000 01E003M000t
00003 LYS01A0201_003 f 0.00  0.000     0  0.00  0  0 -10.542   0.512   0.889  -0.016  -0.003   0.000 01E013M000t
00004 LYS01A0201_004 f 0.00  0.000     0  0.00  0  0 -10.298   2.660   1.499  -0.008   0.090   0.000 01E04FM000t
00005 LYS01A0201_005 f 0.00  0.000     0  0.00  0  0 -11.082   3.118   0.821  -0.009   0.002   0.000 01E069M000t
00006 LYS01A0201_006 f 0.00  0.000     0  0.00  0  0 -10.359   1.213   6.991  -0.017  -0.016   0.000 01E0BAM000t
00007 LYS01A0201_007 f 0.00  0.000     0  0.00  0  0 -10.344   0.684   3.706  -0.024   0.006   0.000 01E0C5M000t
00008 LYS01A0201_008 f 0.00  0.000     0  0.00  0  0  -9.471   2.932   0.873  -0.031   0.085   0.000 01E0D7M000t
00009 LYS01A0201_009 f 0.00  0.000     0  0.00  0  0  -9.973   3.185   4.234   0.003  -0.095   0.000 01E0DCM000t
00010 LYS01A0201_010 f 0.00  0.000     0  0.00  0  0 -10.504   1.543   4.355  -0.017  -0.025   0.000 01E13DM000t
00011 LYS01A0201_011 f 0.00  0.000     0  0.00  0  0  -5.552   0.439   0.786  -0.014   0.066   0.000 01T014M000t
00012 LYS01A0201_012 f 0.00  0.000     0  0.00  0  0 -10.392   1.708   4.251  -0.061  -0.171   0.000 01T037M000t
00013 LYS01A0201_013 f 0.00  0.000     0  0.00  0  0 -10.712   0.759   1.523  -0.028  -0.082   0.000 01T045M000t
00014 LYS01A0201_014 f 0.00  0.000     0  0.00  0  0 -11.014   0.768   0.826  -0.012   0.030   0.000 01T062M000t
00015 LYS01A0201_015 f 0.00  0.000     0  0.00  0  0 -10.991   0.749   4.238  -0.020   0.007   0.000 01T06CM000t
00016 LYS01A0201_016 f 0.00  0.000     0  0.00  0  0  -9.521   0.426   0.888  -0.013  -0.044   0.000 01T0A7M000t
00017 LYS01A0201_017 f 0.00  0.000     0  0.00  0  0 -10.047   0.777   4.238  -0.010  -0.005   0.000 01T0CBM000t
00018 LYS01A0201_018 f 0.00  0.000     0  0.00  0  0  -7.889   0.441   2.072  -0.054   0.097   0.000 01T0ECM000t
00019 LYS01A0201_019 f 0.00  0.000     0  0.00  0  0  -9.604   1.906   7.025  -0.040   0.086   0.000 01T10BM000t
00020 LYS01A0201_020 f 0.00  0.000     0  0.00  0  0  -9.190   1.935   4.285  -0.025   0.156   0.000 01T12BM000t
00021 LYS+1A0201_021 f 0.00  1.000     0 10.40  0  1 -12.434   0.583   0.836   0.050  -0.551   0.000 +1O000M000t
00022 LYS+1A0201_022 f 0.00  1.000     0 10.40  0  1 -12.026   4.092   3.544   0.006  -0.239   0.000 +1E003M000t
00023 LYS+1A0201_023 f 0.00  1.000     0 10.40  0  1  -5.604   0.439   0.786   0.065  -0.246   0.000 +1E014M000t
00024 LYS+1A0201_024 f 0.00  1.000     0 10.40  0  1 -11.096   0.765   0.826   0.071  -0.006   0.000 +1E062M000t
00025 LYS+1A0201_025 f 0.00  1.000     0 10.40  0  1  -9.600   0.420   0.888   0.150   0.111   0.000 +1E0A7M000t
00026 LYS+1A0201_026 f 0.00  1.000     0 10.40  0  1 -10.363   0.687   3.707   0.056  -0.034   0.000 +1E0C5M000t
00027 LYS+1A0201_027 f 0.00  1.000     0 10.40  0  1 -10.067   0.777   4.239   0.054  -0.205   0.000 +1E0CBM000t
00028 LYS+1A0201_028 f 0.00  1.000     0 10.40  0  1  -9.537   2.935   0.873   0.023   0.169   0.000 +1E0D7M000t
00029 LYS+1A0201_029 f 0.00  1.000     0 10.40  0  1  -7.983   0.432   2.073   0.198  -0.178   0.000 +1E0ECM000t
00030 LYS+1A0201_030 f 0.00  1.000     0 10.40  0  1  -9.294   1.935   4.285   0.067   0.009   0.000 +1E12BM000t
00031 LYS+1A0201_031 f 0.00  1.000     0 10.40  0  1 -10.616   1.529   4.356   0.093  -0.226   0.000 +1E13DM000t
00032 LYS+1A0201_032 f 0.00  1.000     0 10.40  0  1 -10.591   0.510   0.890   0.072  -0.281   0.000 +1T013M000t
00033 LYS+1A0201_033 f 0.00  1.000     0 10.40  0  1 -10.288   1.701   4.249   0.228  -0.426   0.000 +1T037M000t
00034 LYS+1A0201_034 f 0.00  1.000     0 10.40  0  1 -10.687   0.773   1.523   0.146  -0.277   0.000 +1T045M000t
00035 LYS+1A0201_035 f 0.00  1.000     0 10.40  0  1 -10.259   2.705   1.502   0.041  -0.165   0.000 +1T04FM000t
00036 LYS+1A0201_036 f 0.00  1.000     0 10.40  0  1 -11.071   3.142   0.821  -0.059  -0.136   0.000 +1T069M000t
00037 LYS+1A0201_037 f 0.00  1.000     0 10.40  0  1 -11.041   0.744   4.238   0.065  -0.185   0.000 +1T06CM000t
00038 LYS+1A0201_038 f 0.00  1.000     0 10.40  0  1 -10.405   1.211   6.992   0.052  -0.144   0.000 +1T0BAM000t
00039 LYS+1A0201_039 f 0.00  1.000     0 10.40  0  1 -10.138   3.226   4.236   0.023  -0.135   0.000 +1T0DCM000t
00040 LYS+1A0201_040 f 0.00  1.000     0 10.40  0  1  -9.697   1.895   7.033   0.073   0.015   0.000 +1T10BM000t
