   confID        vdw0    sas     sum
LYS01A0201_001   0.457 -12.846 -12.389
LYS01A0201_002   0.452 -12.434 -11.982
LYS01A0201_003   1.696 -12.237 -10.542
LYS01A0201_004   1.856 -12.154 -10.298
LYS01A0201_005   1.157 -12.238 -11.082
LYS01A0201_006   2.192 -12.550 -10.359
LYS01A0201_007   1.711 -12.055 -10.344
LYS01A0201_008   2.472 -11.943  -9.471
LYS01A0201_009   2.194 -12.167  -9.973
LYS01A0201_010   2.130 -12.634 -10.504
LYS01A0201_011   6.406 -11.958  -5.552
LYS01A0201_012   2.138 -12.530 -10.392
LYS01A0201_013   1.992 -12.704 -10.712
LYS01A0201_014   1.269 -12.284 -11.014
LYS01A0201_015   1.524 -12.515 -10.991
LYS01A0201_016   2.432 -11.953  -9.521
LYS01A0201_017   2.262 -12.309 -10.047
LYS01A0201_018   4.417 -12.307  -7.889
LYS01A0201_019   2.351 -11.955  -9.604
LYS01A0201_020   2.940 -12.130  -9.190
LYS+1A0201_021   0.412 -12.846 -12.434
LYS+1A0201_022   0.408 -12.434 -12.026
LYS+1A0201_023   6.354 -11.958  -5.604
LYS+1A0201_024   1.188 -12.284 -11.096
LYS+1A0201_025   2.353 -11.953  -9.600
LYS+1A0201_026   1.654 -12.017 -10.363
LYS+1A0201_027   2.203 -12.270 -10.067
LYS+1A0201_028   2.407 -11.943  -9.537
LYS+1A0201_029   4.324 -12.307  -7.983
LYS+1A0201_030   2.836 -12.130  -9.294
LYS+1A0201_031   2.069 -12.685 -10.616
LYS+1A0201_032   1.646 -12.237 -10.591
LYS+1A0201_033   2.139 -12.427 -10.288
LYS+1A0201_034   1.979 -12.666 -10.687
LYS+1A0201_035   1.827 -12.086 -10.259
LYS+1A0201_036   1.100 -12.171 -11.071
LYS+1A0201_037   1.474 -12.515 -11.041
LYS+1A0201_038   2.145 -12.550 -10.405
LYS+1A0201_039   2.145 -12.283 -10.138
LYS+1A0201_040   2.259 -11.955  -9.697
