CONFORMER         crg  vdw0  vdw1  tors  epol  self   occ  Hb     history    ASA
HIS01A0172_001  0.000-11.23  0.99  0.01  0.00-10.22 0.520  00  01O000M000  1.000
HIS01A0172_002  0.000-11.17  5.05  2.79  0.00 -3.33 0.518  00  01E00BM000  1.000
HIS01A0172_003  0.000-11.34  5.90  0.02  0.00 -5.42 0.518  00  01E00DM000  1.000
HIS01A0172_004  0.000-11.61  3.77  0.00  0.00 -7.83 0.519  00  01E010M000  1.000
HIS01A0172_005  0.000-11.41  3.08  0.00  0.00 -8.33 0.521  00  01E013M000  1.000
HIS01A0172_006  0.000-11.47  5.78  2.79  0.00 -2.90 0.518  00  01E015M000  1.000
HIS01A0172_007  0.000-11.39  5.10  2.79  0.00 -3.51 0.519  00  01E016M000  1.000
HIS01A0172_008  0.000-11.38  4.72  2.79  0.00 -3.87 0.520  00  01E017M000  1.000
HIS01A0172_009  0.000-11.64  5.41  2.78  0.00 -3.45 0.520  00  01E018M000  1.000
HIS01A0172_010  0.000-11.48  4.89  2.79  0.00 -3.80 0.521  00  01E019M000  1.000
HIS01A0172_011  0.000-11.39  2.12  0.01  0.00 -9.27 0.521  00  01T004M000  1.000
HIS01A0172_012  0.000-10.86  4.76  2.79  0.00 -3.31 0.519  00  01T005M000  1.000
HIS01A0172_013  0.000-11.74  1.78  0.01  0.00 -9.96 0.521  00  01T006M000  1.000
HIS01A0172_014  0.000-11.17  0.95  0.01  0.00-10.21 0.519  00  01T008M000  1.000
HIS01A0172_015  0.000-11.66  1.39  0.00  0.00-10.27 0.518  00  01T009M000  1.000
HIS01A0172_016  0.000-11.13  6.94  2.78  0.00 -1.40 0.518  00  01T00CM000  1.000
HIS01A0172_017  0.000-11.46  3.05  0.01  0.00 -8.40 0.518  00  01T00EM000  1.000
HIS01A0172_018  0.000-11.59  5.20  0.01  0.00 -6.38 0.519  00  01T00FM000  1.000
HIS01A0172_019  0.000-11.76  1.11  0.01  0.00-10.64 0.519  00  01T011M000  1.000
HIS02A0172_020  0.000-11.24  0.97  0.01  0.00-10.26 0.520  00  02O000M000  1.000
HIS02A0172_021  0.000-10.87  4.72  2.79  0.00 -3.36 0.519  00  02E005M000  1.000
HIS02A0172_022  0.000-11.67  1.70  0.01  0.00 -9.97 0.521  00  02E006M000  1.000
HIS02A0172_023  0.000-11.14  0.93  0.01  0.00-10.20 0.519  00  02E008M000  1.000
HIS02A0172_024  0.000-11.49  3.17  0.01  0.00 -8.31 0.518  00  02E00EM000  1.000
HIS02A0172_025  0.000-11.48  5.16  0.01  0.00 -6.31 0.519  00  02E00FM000  1.000
HIS02A0172_026  0.000-11.77  1.06  0.01  0.00-10.70 0.519  00  02E011M000  1.000
HIS02A0172_027  0.000-11.43  3.08  0.00  0.00 -8.35 0.521  00  02E013M000  1.000
HIS02A0172_028  0.000-11.68  5.75  2.78  0.00 -3.15 0.518  00  02E015M000  1.000
HIS02A0172_029  0.000-11.36  5.06  2.78  0.00 -3.52 0.519  00  02E016M000  1.000
HIS02A0172_030  0.000-11.66  5.40  2.78  0.00 -3.48 0.520  00  02E018M000  1.000
HIS02A0172_031  0.000-11.47  2.14  0.01  0.00 -9.32 0.521  00  02T004M000  1.000
HIS02A0172_032  0.000-11.68  1.39  0.00  0.00-10.30 0.518  00  02T009M000  1.000
HIS02A0172_033  0.000-11.24  5.04  2.79  0.00 -3.42 0.518  00  02T00BM000  1.000
HIS02A0172_034  0.000-11.22  7.03  2.79  0.00 -1.40 0.518  00  02T00CM000  1.000
HIS02A0172_035  0.000-11.51  6.17  0.01  0.00 -5.32 0.518  00  02T00DM000  1.000
HIS02A0172_036  0.000-11.55  3.90  0.00  0.00 -7.66 0.519  00  02T010M000  1.000
HIS02A0172_037  0.000-11.52  1.88  0.01  0.00 -9.63 0.520  00  02T012M000  1.000
HIS02A0172_038  0.000-11.35  4.71  2.79  0.00 -3.86 0.520  00  02T017M000  1.000
HIS02A0172_039  0.000-11.55  4.89  2.79  0.00 -3.87 0.521  00  02T019M000  1.000
HIS+1A0172_040  1.000-11.27  0.97  0.01  0.00-10.29 0.520  00  +1O000M000  1.000
HIS+1A0172_041  1.000-10.90  4.72  2.79  0.00 -3.39 0.519  00  +1E005M000  1.000
HIS+1A0172_042  1.000-11.10  0.93  0.01  0.00-10.16 0.519  00  +1E008M000  1.000
HIS+1A0172_043  1.000-11.71  1.38  0.00  0.00-10.32 0.518  00  +1E009M000  1.000
HIS+1A0172_044  1.000-11.22  5.03  2.79  0.00 -3.41 0.518  00  +1E00BM000  1.000
HIS+1A0172_045  1.000-11.43  7.06  2.79  0.00 -1.59 0.518  00  +1E00CM000  1.000
HIS+1A0172_046  1.000-11.48  6.19  0.01  0.00 -5.28 0.518  00  +1E00DM000  1.000
HIS+1A0172_047  1.000-11.59  3.19  0.01  0.00 -8.38 0.518  00  +1E00EM000  1.000
HIS+1A0172_048  1.000-11.46  3.09  0.00  0.00 -8.36 0.521  00  +1E013M000  1.000
HIS+1A0172_049  1.000-11.38  5.06  2.79  0.00 -3.54 0.519  00  +1E016M000  1.000
HIS+1A0172_050  1.000-11.43  4.70  2.79  0.00 -3.94 0.520  00  +1E017M000  1.000
HIS+1A0172_051  1.000-11.59  4.88  2.79  0.00 -3.92 0.521  00  +1E019M000  1.000
HIS+1A0172_052  1.000-11.43  2.17  0.01  0.00 -9.25 0.521  00  +1T004M000  1.000
HIS+1A0172_053  1.000-11.67  1.70  0.01  0.00 -9.97 0.521  00  +1T006M000  1.000
HIS+1A0172_054  1.000-11.63  5.20  0.01  0.00 -6.42 0.519  00  +1T00FM000  1.000
HIS+1A0172_055  1.000-11.51  3.92  0.00  0.00 -7.59 0.519  00  +1T010M000  1.000
HIS+1A0172_056  1.000-11.73  1.06  0.01  0.00-10.66 0.519  00  +1T011M000  1.000
HIS+1A0172_057  1.000-11.48  1.90  0.01  0.00 -9.57 0.520  00  +1T012M000  1.000
HIS+1A0172_058  1.000-11.71  5.75  2.79  0.00 -3.18 0.518  00  +1T015M000  1.000
HIS+1A0172_059  1.000-11.69  5.40  2.78  0.00 -3.51 0.520  00  +1T018M000  1.000
