   confID        vdw0    sas     sum
HIS01A0172_001  -0.111 -11.115 -11.226
HIS01A0172_002  -0.033 -11.139 -11.172
HIS01A0172_003  -0.298 -11.041 -11.339
HIS01A0172_004  -0.312 -11.363 -11.675
HIS01A0172_005  -0.207 -11.200 -11.407
HIS01A0172_006  -0.305 -11.161 -11.466
HIS01A0172_007  -0.213 -11.180 -11.393
HIS01A0172_008  -0.041 -11.391 -11.432
HIS01A0172_009  -0.198 -11.445 -11.643
HIS01A0172_010  -0.068 -11.409 -11.477
HIS01A0172_011  -0.091 -11.303 -11.394
HIS01A0172_012  -0.116 -10.809 -10.925
HIS01A0172_013  -0.306 -11.482 -11.788
HIS01A0172_014  -0.042 -11.126 -11.169
HIS01A0172_015  -0.205 -11.460 -11.665
HIS01A0172_016  -0.052 -11.074 -11.126
HIS01A0172_017  -0.024 -11.437 -11.461
HIS01A0172_018  -0.198 -11.387 -11.585
HIS01A0172_019  -0.217 -11.539 -11.756
HIS02A0172_020  -0.129 -11.115 -11.244
HIS02A0172_021  -0.130 -10.741 -10.871
HIS02A0172_022  -0.319 -11.350 -11.670
HIS02A0172_023  -0.060 -11.085 -11.145
HIS02A0172_024  -0.047 -11.510 -11.557
HIS02A0172_025  -0.219 -11.310 -11.529
HIS02A0172_026  -0.230 -11.539 -11.769
HIS02A0172_027  -0.228 -11.200 -11.428
HIS02A0172_028  -0.320 -11.364 -11.684
HIS02A0172_029  -0.229 -11.128 -11.358
HIS02A0172_030  -0.220 -11.445 -11.665
HIS02A0172_031  -0.116 -11.355 -11.471
HIS02A0172_032  -0.224 -11.460 -11.685
HIS02A0172_033  -0.055 -11.188 -11.243
HIS02A0172_034  -0.079 -11.141 -11.220
HIS02A0172_035  -0.317 -11.197 -11.514
HIS02A0172_036  -0.321 -11.231 -11.553
HIS02A0172_037  -0.056 -11.463 -11.519
HIS02A0172_038  -0.058 -11.295 -11.353
HIS02A0172_039  -0.089 -11.460 -11.549
HIS+1A0172_040  -0.156 -11.115 -11.271
HIS+1A0172_041  -0.157 -10.741 -10.898
HIS+1A0172_042  -0.085 -11.085 -11.170
HIS+1A0172_043  -0.251 -11.460 -11.711
HIS+1A0172_044  -0.083 -11.139 -11.222
HIS+1A0172_045  -0.104 -11.324 -11.428
HIS+1A0172_046  -0.343 -11.140 -11.483
HIS+1A0172_047  -0.073 -11.513 -11.586
HIS+1A0172_048  -0.255 -11.200 -11.456
HIS+1A0172_049  -0.257 -11.128 -11.385
HIS+1A0172_050  -0.085 -11.295 -11.379
HIS+1A0172_051  -0.117 -11.477 -11.593
HIS+1A0172_052  -0.142 -11.288 -11.430
HIS+1A0172_053  -0.346 -11.324 -11.670
HIS+1A0172_054  -0.247 -11.455 -11.701
HIS+1A0172_055  -0.348 -11.164 -11.512
HIS+1A0172_056  -0.258 -11.472 -11.730
HIS+1A0172_057  -0.080 -11.395 -11.475
HIS+1A0172_058  -0.347 -11.364 -11.711
HIS+1A0172_059  -0.248 -11.445 -11.693
