CONFORMER         crg  vdw0  vdw1  tors  epol  self   occ  Hb     history    ASA
ARG01A0112_001  0.000-13.53  0.36  0.47  0.00-12.71 0.502  00  01O000M000  1.000
ARG01A0112_002  0.000-11.10  0.65  1.11  0.00 -9.34 0.502  00  01E06FM000  1.000
ARG01A0112_003  0.000-10.66  1.81  3.84  0.00 -5.01 0.502  00  01E074M000  1.000
ARG01A0112_004  0.000-11.12  0.66  1.04  0.00 -9.42 0.501  00  01E082M000  1.000
ARG01A0112_005  0.000-10.94  0.32  1.13  0.00 -9.49 0.501  00  01E08AM000  1.000
ARG01A0112_006  0.000 -8.91  0.58  3.80  0.00 -4.53 0.502  00  01E0E5M000  1.000
ARG01A0112_007  0.000 -8.17  0.65  3.81  0.00 -3.71 0.502  00  01E0EEM000  1.000
ARG01A0112_008  0.000-11.38  2.48  5.98  0.00 -2.92 0.502  00  01E0FEM000  1.000
ARG01A0112_009  0.000-12.49  1.90  3.96  0.00 -6.64 0.501  00  01T00CM000  1.000
ARG01A0112_010  0.000-11.92  2.81  3.21  0.00 -5.89 0.503  00  01T027M000  1.000
ARG01A0112_011  0.000-11.86  0.44  1.06  0.00-10.36 0.502  00  01T02BM000  1.000
ARG01A0112_012  0.000-12.69  1.44  3.41  0.00 -7.84 0.502  00  01T038M000  1.000
ARG01A0112_013  0.000 -9.87  2.19  0.44  0.00 -7.24 0.501  00  01T063M000  1.000
ARG01A0112_014  0.000-12.27  1.22  0.59  0.00-10.46 0.502  00  01T086M000  1.000
ARG01A0112_015  0.000-10.57  2.07  1.09  0.00 -7.40 0.501  00  01T08FM000  1.000
ARG01A0112_016  0.000-11.26  1.19  5.79  0.00 -4.28 0.501  00  01T0A3M000  1.000
ARG01A0112_017  0.000-10.58  0.37  1.08  0.00 -9.13 0.502  00  01T0E8M000  1.000
ARG01A0112_018  0.000-11.26  1.14  0.61  0.00 -9.50 0.501  00  01T118M000  1.000
ARG01A0112_019  0.000-10.89  0.19  3.29  0.00 -7.42 0.502  00  01T11BM000  1.000
ARG01A0112_020  0.000 -8.14  1.46  3.79  0.00 -2.89 0.501  00  01T136M000  1.000
ARG02A0112_021  0.000-11.95  0.39  1.02  0.00-10.53 0.502  00  02E02BM000  1.000
ARG02A0112_022  0.000-10.32  2.24  0.45  0.00 -7.63 0.501  00  02E063M000  1.000
ARG02A0112_023  0.000-13.51  0.36  0.47  0.00-12.69 0.502  00  02O000M000  1.000
ARG02A0112_024  0.000-12.41  1.96  3.85  0.00 -6.60 0.501  00  02E00CM000  1.000
ARG02A0112_025  0.000-10.99  0.66  1.04  0.00 -9.30 0.501  00  02E082M000  1.000
ARG02A0112_026  0.000-12.38  1.26  0.56  0.00-10.57 0.502  00  02E086M000  1.000
ARG02A0112_027  0.000-11.89  2.76  3.08  0.00 -6.05 0.503  00  02T027M000  1.000
ARG02A0112_028  0.000-12.63  1.35  3.35  0.00 -7.94 0.502  00  02T038M000  1.000
ARG02A0112_029  0.000-11.09  1.19  5.71  0.00 -4.19 0.501  00  02T0A3M000  1.000
ARG02A0112_030  0.000-10.66  0.34  1.08  0.00 -9.25 0.502  00  02T0E8M000  1.000
ARG02A0112_031  0.000-11.58  2.50  5.98  0.00 -3.10 0.502  00  02T0FEM000  1.000
ARG02A0112_032  0.000 -8.85  0.56  3.79  0.00 -4.51 0.502  00  02T0E5M000  1.000
ARG02A0112_033  0.000 -8.21  0.65  3.79  0.00 -3.78 0.502  00  02T0EEM000  1.000
ARG02A0112_034  0.000 -8.20  1.42  3.79  0.00 -2.99 0.501  00  02T136M000  1.000
ARG02A0112_035  0.000-10.99  0.38  1.07  0.00 -9.53 0.501  00  02T08AM000  1.000
ARG02A0112_036  0.000-10.78  0.22  3.26  0.00 -7.30 0.502  00  02T11BM000  1.000
ARG02A0112_037  0.000-11.25  0.66  1.09  0.00 -9.50 0.502  00  02T06FM000  1.000
ARG02A0112_038  0.000-10.72  1.84  3.82  0.00 -5.07 0.502  00  02T074M000  1.000
ARG02A0112_039  0.000-10.64  2.07  1.09  0.00 -7.47 0.501  00  02T08FM000  1.000
ARG02A0112_040  0.000-11.31  1.05  0.58  0.00 -9.68 0.501  00  02T118M000  1.000
ARG03A0112_041  0.000-12.09  0.39  1.03  0.00-10.67 0.502  00  03E02BM000  1.000
ARG03A0112_042  0.000-12.36  1.26  0.56  0.00-10.55 0.502  00  03E086M000  1.000
ARG03A0112_043  0.000-11.32  1.03  0.58  0.00 -9.70 0.501  00  03E118M000  1.000
ARG03A0112_044  0.000 -8.21  1.40  3.79  0.00 -3.02 0.501  00  03E136M000  1.000
ARG03A0112_045  0.000-13.57  0.35  0.47  0.00-12.75 0.502  00  03O000M000  1.000
ARG03A0112_046  0.000-11.12  0.66  1.09  0.00 -9.36 0.502  00  03E06FM000  1.000
ARG03A0112_047  0.000-12.64  1.96  3.85  0.00 -6.83 0.501  00  03T00CM000  1.000
ARG03A0112_048  0.000-11.83  2.76  3.09  0.00 -5.99 0.503  00  03T027M000  1.000
ARG03A0112_049  0.000-10.52  1.82  3.82  0.00 -4.88 0.502  00  03T074M000  1.000
ARG03A0112_050  0.000-10.65  2.07  1.09  0.00 -7.49 0.501  00  03T08FM000  1.000
ARG03A0112_051  0.000-11.01  0.66  1.04  0.00 -9.32 0.501  00  03T082M000  1.000
ARG03A0112_052  0.000-11.08  0.37  1.08  0.00 -9.63 0.501  00  03T08AM000  1.000
ARG03A0112_053  0.000 -9.71  2.25  0.44  0.00 -7.01 0.501  00  03T063M000  1.000
ARG03A0112_054  0.000 -8.85  0.56  3.79  0.00 -4.51 0.502  00  03T0E5M000  1.000
ARG03A0112_055  0.000-12.64  1.34  3.35  0.00 -7.95 0.502  00  03T038M000  1.000
ARG03A0112_056  0.000-11.09  1.19  5.71  0.00 -4.19 0.501  00  03T0A3M000  1.000
ARG03A0112_057  0.000-10.60  0.34  1.08  0.00 -9.18 0.502  00  03T0E8M000  1.000
ARG03A0112_058  0.000 -8.22  0.65  3.78  0.00 -3.79 0.502  00  03T0EEM000  1.000
ARG03A0112_059  0.000-11.46  2.49  5.97  0.00 -3.00 0.502  00  03T0FEM000  1.000
ARG03A0112_060  0.000-10.80  0.18  3.26  0.00 -7.35 0.502  00  03T11BM000  1.000
ARG+1A0112_061  1.000-13.61  0.35  0.47  0.00-12.79 0.502  00  +1O000M000  1.000
ARG+1A0112_062  1.000-12.61  1.95  3.86  0.00 -6.81 0.501  00  +1E00CM000  1.000
ARG+1A0112_063  1.000-11.93  2.76  3.09  0.00 -6.09 0.503  00  +1E027M000  1.000
ARG+1A0112_064  1.000-12.62  1.34  3.35  0.00 -7.93 0.502  00  +1E038M000  1.000
ARG+1A0112_065  1.000 -9.72  2.25  0.44  0.00 -7.03 0.501  00  +1E063M000  1.000
ARG+1A0112_066  1.000-10.55  1.82  3.82  0.00 -4.92 0.502  00  +1E074M000  1.000
ARG+1A0112_067  1.000-11.05  0.66  1.04  0.00 -9.36 0.501  00  +1E082M000  1.000
ARG+1A0112_068  1.000-10.63  2.06  1.09  0.00 -7.48 0.501  00  +1E08FM000  1.000
ARG+1A0112_069  1.000-11.14  1.19  5.72  0.00 -4.23 0.501  00  +1E0A3M000  1.000
ARG+1A0112_070  1.000-10.72  0.34  1.08  0.00 -9.30 0.502  00  +1E0E8M000  1.000
ARG+1A0112_071  1.000-11.51  2.48  5.98  0.00 -3.05 0.502  00  +1E0FEM000  1.000
ARG+1A0112_072  1.000-10.96  0.18  3.26  0.00 -7.51 0.502  00  +1E11BM000  1.000
ARG+1A0112_073  1.000 -8.24  1.39  3.80  0.00 -3.06 0.501  00  +1E136M000  1.000
ARG+1A0112_074  1.000-12.11  0.39  1.03  0.00-10.69 0.502  00  +1T02BM000  1.000
ARG+1A0112_075  1.000-11.30  0.66  1.09  0.00 -9.55 0.502  00  +1T06FM000  1.000
ARG+1A0112_076  1.000-12.43  1.25  0.56  0.00-10.62 0.502  00  +1T086M000  1.000
ARG+1A0112_077  1.000-11.11  0.37  1.08  0.00 -9.66 0.501  00  +1T08AM000  1.000
ARG+1A0112_078  1.000 -8.90  0.56  3.79  0.00 -4.55 0.502  00  +1T0E5M000  1.000
ARG+1A0112_079  1.000 -8.25  0.64  3.79  0.00 -3.82 0.502  00  +1T0EEM000  1.000
ARG+1A0112_080  1.000-11.42  1.04  0.58  0.00 -9.80 0.501  00  +1T118M000  1.000
