iConf CONFORMER     FL  occ    crg   Em0  pKa0 ne nH    vdw0    vdw1    tors    epol   dsolv   extra    history
00001 ARG01A0112_001 f 0.00  0.000     0  0.00  0  0 -13.483   0.359   0.467   0.039  -0.341   0.000 01O000M000t
00002 ARG01A0112_002 f 0.00  0.000     0  0.00  0  0 -11.102   0.653   1.108   0.060  -0.247   0.000 01E06FM000t
00003 ARG01A0112_003 f 0.00  0.000     0  0.00  0  0 -10.654   1.812   3.835   0.104   0.114   0.000 01E074M000t
00004 ARG01A0112_004 f 0.00  0.000     0  0.00  0  0 -11.110   0.659   1.036   0.028  -0.103   0.000 01E082M000t
00005 ARG01A0112_005 f 0.00  0.000     0  0.00  0  0 -10.939   0.326   1.130   0.023  -0.020   0.000 01E08AM000t
00006 ARG01A0112_006 f 0.00  0.000     0  0.00  0  0  -8.914   0.581   3.801   0.014  -0.135   0.000 01E0E5M000t
00007 ARG01A0112_007 f 0.00  0.000     0  0.00  0  0  -8.171   0.650   3.810   0.073  -0.507   0.000 01E0EEM000t
00008 ARG01A0112_008 f 0.00  0.000     0  0.00  0  0 -11.382   2.483   5.976   0.020  -0.203   0.000 01E0FEM000t
00009 ARG01A0112_009 f 0.00  0.000     0  0.00  0  0 -12.497   1.899   3.956   0.038  -0.283   0.000 01T00CM000t
00010 ARG01A0112_010 f 0.00  0.000     0  0.00  0  0 -11.916   2.814   3.215   0.020  -0.137   0.000 01T027M000t
00011 ARG01A0112_011 f 0.00  0.000     0  0.00  0  0 -11.863   0.440   1.060   0.067  -0.085   0.000 01T02BM000t
00012 ARG01A0112_012 f 0.00  0.000     0  0.00  0  0 -12.686   1.441   3.406  -0.016   0.049   0.000 01T038M000t
00013 ARG01A0112_013 f 0.00  0.000     0  0.00  0  0  -9.875   2.188   0.441   0.021  -0.255   0.000 01T063M000t
00014 ARG01A0112_014 f 0.00  0.000     0  0.00  0  0 -12.276   1.218   0.594   0.074  -0.118   0.000 01T086M000t
00015 ARG01A0112_015 f 0.00  0.000     0  0.00  0  0 -10.571   2.069   1.092   0.077  -0.105   0.000 01T08FM000t
00016 ARG01A0112_016 f 0.00  0.000     0  0.00  0  0 -11.253   1.193   5.788   0.016  -0.303   0.000 01T0A3M000t
00017 ARG01A0112_017 f 0.00  0.000     0  0.00  0  0 -10.581   0.371   1.079  -0.066  -0.219   0.000 01T0E8M000t
00018 ARG01A0112_018 f 0.00  0.000     0  0.00  0  0 -11.267   1.146   0.613   0.004   0.028   0.000 01T118M000t
00019 ARG01A0112_019 f 0.00  0.000     0  0.00  0  0 -10.887   0.186   3.285  -0.018   0.196   0.000 01T11BM000t
00020 ARG01A0112_020 f 0.00  0.000     0  0.00  0  0  -8.132   1.460   3.787   0.324   0.108   0.000 01T136M000t
00021 ARG02A0112_021 f 0.00  0.000     0  0.00  0  0 -11.940   0.390   1.025   0.094   0.988   0.000 02E02BM000t
00022 ARG02A0112_022 f 0.00  0.000     0  0.00  0  0 -10.313   2.237   0.453   0.049   1.093   0.000 02E063M000t
00023 ARG02A0112_023 f 0.00  0.000     0  0.00  0  0 -13.457   0.357   0.467   0.053   0.660   0.000 02O000M000t
00024 ARG02A0112_024 f 0.00  0.000     0  0.00  0  0 -12.411   1.964   3.853   0.034   0.477   0.000 02E00CM000t
00025 ARG02A0112_025 f 0.00  0.000     0  0.00  0  0 -11.053   0.658   1.036   0.039   0.663   0.000 02E082M000t
00026 ARG02A0112_026 f 0.00  0.000     0  0.00  0  0 -12.378   1.258   0.558   0.064   0.583   0.000 02E086M000t
00027 ARG02A0112_027 f 0.00  0.000     0  0.00  0  0 -11.882   2.757   3.085   0.014   0.831   0.000 02T027M000t
00028 ARG02A0112_028 f 0.00  0.000     0  0.00  0  0 -12.631   1.348   3.347  -0.015   1.105   0.000 02T038M000t
00029 ARG02A0112_029 f 0.00  0.000     0  0.00  0  0 -11.092   1.193   5.711   0.024   1.063   0.000 02T0A3M000t
00030 ARG02A0112_030 f 0.00  0.000     0  0.00  0  0 -10.659   0.341   1.076   0.024   1.079   0.000 02T0E8M000t
00031 ARG02A0112_031 f 0.00  0.000     0  0.00  0  0 -11.582   2.501   5.975   0.051   1.035   0.000 02T0FEM000t
00032 ARG02A0112_032 f 0.00  0.000     0  0.00  0  0  -8.859   0.558   3.786   0.060   0.996   0.000 02T0E5M000t
00033 ARG02A0112_033 f 0.00  0.000     0  0.00  0  0  -8.212   0.646   3.785   0.076   1.001   0.000 02T0EEM000t
00034 ARG02A0112_034 f 0.00  0.000     0  0.00  0  0  -8.198   1.416   3.791   0.296   1.384   0.000 02T136M000t
00035 ARG02A0112_035 f 0.00  0.000     0  0.00  0  0 -11.053   0.379   1.074   0.004   0.424   0.000 02T08AM000t
00036 ARG02A0112_036 f 0.00  0.000     0  0.00  0  0 -10.831   0.215   3.258  -0.126   1.074   0.000 02T11BM000t
00037 ARG02A0112_037 f 0.00  0.000     0  0.00  0  0 -11.258   0.663   1.089   0.065   0.642   0.000 02T06FM000t
00038 ARG02A0112_038 f 0.00  0.000     0  0.00  0  0 -10.716   1.842   3.820   0.000   0.743   0.000 02T074M000t
00039 ARG02A0112_039 f 0.00  0.000     0  0.00  0  0 -10.651   2.073   1.091   0.010   0.683   0.000 02T08FM000t
00040 ARG02A0112_040 f 0.00  0.000     0  0.00  0  0 -11.310   1.043   0.579   0.060   0.669   0.000 02T118M000t
00041 ARG03A0112_041 f 0.00  0.000     0  0.00  0  0 -12.091   0.389   1.026   0.091   0.711   0.000 03E02BM000t
00042 ARG03A0112_042 f 0.00  0.000     0  0.00  0  0 -12.367   1.256   0.559   0.083   0.878   0.000 03E086M000t
00043 ARG03A0112_043 f 0.00  0.000     0  0.00  0  0 -11.318   1.032   0.581   0.074   0.922   0.000 03E118M000t
00044 ARG03A0112_044 f 0.00  0.000     0  0.00  0  0  -8.234   1.397   3.789   0.335   1.267   0.000 03E136M000t
00045 ARG03A0112_045 f 0.00  0.000     0  0.00  0  0 -13.521   0.357   0.467   0.052   0.447   0.000 03O000M000t
00046 ARG03A0112_046 f 0.00  0.000     0  0.00  0  0 -11.063   0.667   1.090   0.065   0.467   0.000 03E06FM000t
00047 ARG03A0112_047 f 0.00  0.000     0  0.00  0  0 -12.645   1.964   3.854   0.045   0.647   0.000 03T00CM000t
00048 ARG03A0112_048 f 0.00  0.000     0  0.00  0  0 -11.833   2.765   3.087   0.017   0.943   0.000 03T027M000t
00049 ARG03A0112_049 f 0.00  0.000     0  0.00  0  0 -10.519   1.820   3.819   0.089   1.145   0.000 03T074M000t
00050 ARG03A0112_050 f 0.00  0.000     0  0.00  0  0 -10.657   2.074   1.090   0.018   0.669   0.000 03T08FM000t
00051 ARG03A0112_051 f 0.00  0.000     0  0.00  0  0 -11.003   0.657   1.036   0.045   0.791   0.000 03T082M000t
00052 ARG03A0112_052 f 0.00  0.000     0  0.00  0  0 -11.080   0.374   1.076   0.022   0.987   0.000 03T08AM000t
00053 ARG03A0112_053 f 0.00  0.000     0  0.00  0  0  -9.702   2.253   0.444   0.028   0.728   0.000 03T063M000t
00054 ARG03A0112_054 f 0.00  0.000     0  0.00  0  0  -8.871   0.555   3.784   0.038   0.709   0.000 03T0E5M000t
00055 ARG03A0112_055 f 0.00  0.000     0  0.00  0  0 -12.646   1.344   3.348  -0.019   0.783   0.000 03T038M000t
00056 ARG03A0112_056 f 0.00  0.000     0  0.00  0  0 -11.104   1.191   5.714   0.016   0.749   0.000 03T0A3M000t
00057 ARG03A0112_057 f 0.00  0.000     0  0.00  0  0 -10.586   0.343   1.076   0.008   0.443   0.000 03T0E8M000t
00058 ARG03A0112_058 f 0.00  0.000     0  0.00  0  0  -8.216   0.648   3.783   0.078   0.541   0.000 03T0EEM000t
00059 ARG03A0112_059 f 0.00  0.000     0  0.00  0  0 -11.460   2.490   5.975   0.035   0.907   0.000 03T0FEM000t
00060 ARG03A0112_060 f 0.00  0.000     0  0.00  0  0 -10.791   0.185   3.257  -0.046   1.039   0.000 03T11BM000t
00061 ARG+1A0112_061 f 0.00  1.000     0 12.50  0  1 -13.563   0.356   0.467   0.145  -0.436   0.000 +1O000M000t
00062 ARG+1A0112_062 f 0.00  1.000     0 12.50  0  1 -12.678   1.962   3.855   0.145  -0.436   0.000 +1E00CM000t
00063 ARG+1A0112_063 f 0.00  1.000     0 12.50  0  1 -11.930   2.750   3.085   0.039  -0.199   0.000 +1E027M000t
00064 ARG+1A0112_064 f 0.00  1.000     0 12.50  0  1 -12.622   1.343   3.349   0.366   0.045   0.000 +1E038M000t
00065 ARG+1A0112_065 f 0.00  1.000     0 12.50  0  1  -9.733   2.252   0.444  -0.000  -0.199   0.000 +1E063M000t
00066 ARG+1A0112_066 f 0.00  1.000     0 12.50  0  1 -10.551   1.811   3.821   0.228   0.058   0.000 +1E074M000t
00067 ARG+1A0112_067 f 0.00  1.000     0 12.50  0  1 -11.036   0.657   1.037   0.128  -0.310   0.000 +1E082M000t
00068 ARG+1A0112_068 f 0.00  1.000     0 12.50  0  1 -10.636   2.062   1.092  -0.023  -0.211   0.000 +1E08FM000t
00069 ARG+1A0112_069 f 0.00  1.000     0 12.50  0  1 -11.131   1.191   5.718   0.110  -0.219   0.000 +1E0A3M000t
00070 ARG+1A0112_070 f 0.00  1.000     0 12.50  0  1 -10.762   0.343   1.077   0.312  -0.052   0.000 +1E0E8M000t
00071 ARG+1A0112_071 f 0.00  1.000     0 12.50  0  1 -11.451   2.483   5.976   0.263  -0.053   0.000 +1E0FEM000t
00072 ARG+1A0112_072 f 0.00  1.000     0 12.50  0  1 -10.966   0.179   3.264   0.270  -0.002   0.000 +1E11BM000t
00073 ARG+1A0112_073 f 0.00  1.000     0 12.50  0  1  -8.237   1.386   3.797   0.028  -0.109   0.000 +1E136M000t
00074 ARG+1A0112_074 f 0.00  1.000     0 12.50  0  1 -12.105   0.391   1.025   0.192  -0.144   0.000 +1T02BM000t
00075 ARG+1A0112_075 f 0.00  1.000     0 12.50  0  1 -11.304   0.661   1.090   0.194  -0.454   0.000 +1T06FM000t
00076 ARG+1A0112_076 f 0.00  1.000     0 12.50  0  1 -12.440   1.253   0.562   0.219  -0.231   0.000 +1T086M000t
00077 ARG+1A0112_077 f 0.00  1.000     0 12.50  0  1 -11.121   0.373   1.077   0.115  -0.179   0.000 +1T08AM000t
00078 ARG+1A0112_078 f 0.00  1.000     0 12.50  0  1  -8.904   0.558   3.787   0.239  -0.205   0.000 +1T0E5M000t
00079 ARG+1A0112_079 f 0.00  1.000     0 12.50  0  1  -8.255   0.648   3.785   0.184  -0.689   0.000 +1T0EEM000t
00080 ARG+1A0112_080 f 0.00  1.000     0 12.50  0  1 -11.420   1.041   0.581   0.275   0.066   0.000 +1T118M000t
