   confID        vdw0    sas     sum
ARG01A0112_001   1.419 -14.902 -13.483
ARG01A0112_002   3.462 -14.564 -11.102
ARG01A0112_003   3.459 -14.113 -10.654
ARG01A0112_004   3.435 -14.545 -11.110
ARG01A0112_005   3.465 -14.405 -10.939
ARG01A0112_006   5.808 -14.722  -8.914
ARG01A0112_007   5.625 -13.796  -8.171
ARG01A0112_008   3.022 -14.404 -11.382
ARG01A0112_009   2.039 -14.536 -12.497
ARG01A0112_010   2.291 -14.207 -11.916
ARG01A0112_011   2.635 -14.498 -11.863
ARG01A0112_012   2.032 -14.717 -12.686
ARG01A0112_013   4.041 -13.916  -9.875
ARG01A0112_014   2.629 -14.905 -12.276
ARG01A0112_015   3.466 -14.037 -10.571
ARG01A0112_016   3.356 -14.608 -11.253
ARG01A0112_017   4.014 -14.595 -10.581
ARG01A0112_018   3.312 -14.579 -11.267
ARG01A0112_019   3.464 -14.351 -10.887
ARG01A0112_020   5.723 -13.856  -8.132
ARG02A0112_021   2.551 -14.491 -11.940
ARG02A0112_022   3.571 -13.884 -10.313
ARG02A0112_023   1.445 -14.902 -13.457
ARG02A0112_024   2.108 -14.519 -12.411
ARG02A0112_025   3.428 -14.481 -11.053
ARG02A0112_026   2.591 -14.969 -12.378
ARG02A0112_027   2.303 -14.184 -11.882
ARG02A0112_028   2.015 -14.646 -12.631
ARG02A0112_029   3.468 -14.560 -11.092
ARG02A0112_030   3.952 -14.611 -10.659
ARG02A0112_031   2.938 -14.519 -11.582
ARG02A0112_032   5.796 -14.655  -8.859
ARG02A0112_033   5.651 -13.863  -8.212
ARG02A0112_034   5.725 -13.923  -8.198
ARG02A0112_035   3.455 -14.508 -11.053
ARG02A0112_036   3.501 -14.331 -10.831
ARG02A0112_037   3.451 -14.709 -11.258
ARG02A0112_038   3.493 -14.209 -10.716
ARG02A0112_039   3.450 -14.101 -10.651
ARG02A0112_040   3.346 -14.656 -11.310
ARG03A0112_041   2.529 -14.619 -12.091
ARG03A0112_042   2.550 -14.918 -12.367
ARG03A0112_043   3.338 -14.656 -11.318
ARG03A0112_044   5.689 -13.923  -8.234
ARG03A0112_045   1.381 -14.902 -13.521
ARG03A0112_046   3.449 -14.512 -11.063
ARG03A0112_047   2.038 -14.683 -12.645
ARG03A0112_048   2.287 -14.120 -11.833
ARG03A0112_049   3.642 -14.161 -10.519
ARG03A0112_050   3.444 -14.101 -10.657
ARG03A0112_051   3.410 -14.413 -11.003
ARG03A0112_052   3.428 -14.508 -11.080
ARG03A0112_053   4.163 -13.865  -9.702
ARG03A0112_054   5.783 -14.655  -8.871
ARG03A0112_055   2.000 -14.646 -12.646
ARG03A0112_056   3.456 -14.560 -11.104
ARG03A0112_057   3.961 -14.547 -10.586
ARG03A0112_058   5.648 -13.863  -8.216
ARG03A0112_059   2.996 -14.455 -11.460
ARG03A0112_060   3.489 -14.280 -10.791
ARG+1A0112_061   1.339 -14.902 -13.563
ARG+1A0112_062   2.005 -14.683 -12.678
ARG+1A0112_063   2.254 -14.184 -11.930
ARG+1A0112_064   1.960 -14.582 -12.622
ARG+1A0112_065   4.131 -13.865  -9.733
ARG+1A0112_066   3.610 -14.161 -10.551
ARG+1A0112_067   3.377 -14.413 -11.036
ARG+1A0112_068   3.400 -14.037 -10.636
ARG+1A0112_069   3.429 -14.560 -11.131
ARG+1A0112_070   3.897 -14.659 -10.762
ARG+1A0112_071   2.952 -14.404 -11.451
ARG+1A0112_072   3.433 -14.399 -10.966
ARG+1A0112_073   5.667 -13.904  -8.237
ARG+1A0112_074   2.501 -14.607 -12.105
ARG+1A0112_075   3.405 -14.709 -11.304
ARG+1A0112_076   2.530 -14.969 -12.440
ARG+1A0112_077   3.390 -14.511 -11.121
ARG+1A0112_078   5.751 -14.655  -8.904
ARG+1A0112_079   5.609 -13.863  -8.255
ARG+1A0112_080   3.300 -14.720 -11.420
