iConf CONFORMER     FL  occ    crg   Em0  pKa0 ne nH    vdw0    vdw1    tors    epol   dsolv   extra    history
00001 LYS01A0161_001 f 0.00  0.000     0  0.00  0  0 -12.363   1.444   0.932  -0.013   0.038   0.000 01O000M000t
00002 LYS01A0161_002 f 0.00  0.000     0  0.00  0  0 -11.238   2.787   4.330  -0.022   0.066   0.000 01E016M000t
00003 LYS01A0161_003 f 0.00  0.000     0  0.00  0  0 -11.007   4.556   3.693  -0.010   0.013   0.000 01E026M000t
00004 LYS01A0161_004 f 0.00  0.000     0  0.00  0  0 -11.037   4.611   4.213  -0.009   0.055   0.000 01E027M000t
00005 LYS01A0161_005 f 0.00  0.000     0  0.00  0  0  -9.604   5.598   1.470  -0.002  -0.115   0.000 01E03DM000t
00006 LYS01A0161_006 f 0.00  0.000     0  0.00  0  0 -10.200   1.073   1.458  -0.027   0.132   0.000 01E06DM000t
00007 LYS01A0161_007 f 0.00  0.000     0  0.00  0  0 -11.712   3.584   6.421  -0.012   0.010   0.000 01E088M000t
00008 LYS01A0161_008 f 0.00  0.000     0  0.00  0  0 -10.519   1.686   1.569  -0.032  -0.099   0.000 01E097M000t
00009 LYS01A0161_009 f 0.00  0.000     0  0.00  0  0 -10.358   2.800   4.367  -0.019   0.141   0.000 01E0A1M000t
00010 LYS01A0161_010 f 0.00  0.000     0  0.00  0  0  -9.999   0.683   4.316  -0.041   0.020   0.000 01E0CBM000t
00011 LYS01A0161_011 f 0.00  0.000     0  0.00  0  0  -9.432   0.592   1.531  -0.035   0.012   0.000 01E0CCM000t
00012 LYS01A0161_012 f 0.00  0.000     0  0.00  0  0 -10.453   1.082   4.241  -0.013   0.009   0.000 01E0E5M000t
00013 LYS01A0161_013 f 0.00  0.000     0  0.00  0  0  -9.755   1.162   4.188  -0.006   0.054   0.000 01E0ECM000t
00014 LYS01A0161_014 f 0.00  0.000     0  0.00  0  0 -10.089   1.628   4.210  -0.034   0.050   0.000 01E12AM000t
00015 LYS01A0161_015 f 0.00  0.000     0  0.00  0  0  -9.251   2.199   4.236  -0.003  -0.007   0.000 01E130M000t
00016 LYS01A0161_016 f 0.00  0.000     0  0.00  0  0 -10.898   0.926   4.210  -0.016   0.018   0.000 01T05BM000t
00017 LYS01A0161_017 f 0.00  0.000     0  0.00  0  0 -10.800   4.558   3.598   0.003   0.021   0.000 01T067M000t
00018 LYS01A0161_018 f 0.00  0.000     0  0.00  0  0 -10.421   2.842   7.156  -0.003   0.030   0.000 01T0A2M000t
00019 LYS01A0161_019 f 0.00  0.000     0  0.00  0  0  -9.816   1.426   4.317  -0.038   0.088   0.000 01T0F7M000t
00020 LYS01A0161_020 f 0.00  0.000     0  0.00  0  0  -7.689   2.422   4.850  -0.018  -0.140   0.000 01T11DM000t
00021 LYS+1A0161_021 f 0.00  1.000     0 10.40  0  1 -12.407   1.442   0.932   0.063  -0.238   0.000 +1O000M000t
00022 LYS+1A0161_022 f 0.00  1.000     0 10.40  0  1 -11.078   4.620   4.214   0.034  -0.391   0.000 +1E027M000t
00023 LYS+1A0161_023 f 0.00  1.000     0 10.40  0  1  -9.688   5.709   1.469  -0.002  -0.400   0.000 +1E03DM000t
00024 LYS+1A0161_024 f 0.00  1.000     0 10.40  0  1 -11.019   0.923   4.223   0.097  -0.179   0.000 +1E05BM000t
00025 LYS+1A0161_025 f 0.00  1.000     0 10.40  0  1 -10.798   4.549   3.599   0.075  -0.219   0.000 +1E067M000t
00026 LYS+1A0161_026 f 0.00  1.000     0 10.40  0  1 -10.284   1.058   1.459   0.058   0.162   0.000 +1E06DM000t
00027 LYS+1A0161_027 f 0.00  1.000     0 10.40  0  1 -10.618   1.678   1.568   0.025   0.235   0.000 +1E097M000t
00028 LYS+1A0161_028 f 0.00  1.000     0 10.40  0  1 -10.464   2.803   4.366  -0.072   0.337   0.000 +1E0A1M000t
00029 LYS+1A0161_029 f 0.00  1.000     0 10.40  0  1 -10.612   2.824   7.161  -0.132   0.089   0.000 +1E0A2M000t
00030 LYS+1A0161_030 f 0.00  1.000     0 10.40  0  1  -9.530   0.570   1.532   0.137   0.330   0.000 +1E0CCM000t
00031 LYS+1A0161_031 f 0.00  1.000     0 10.40  0  1 -10.511   1.078   4.245  -0.027  -0.164   0.000 +1E0E5M000t
00032 LYS+1A0161_032 f 0.00  1.000     0 10.40  0  1 -11.346   2.837   4.328  -0.004  -0.571   0.000 +1T016M000t
00033 LYS+1A0161_033 f 0.00  1.000     0 10.40  0  1 -11.008   4.558   3.694   0.031  -0.198   0.000 +1T026M000t
00034 LYS+1A0161_034 f 0.00  1.000     0 10.40  0  1 -11.742   3.566   6.431   0.050  -0.217   0.000 +1T088M000t
00035 LYS+1A0161_035 f 0.00  1.000     0 10.40  0  1 -10.060   0.674   4.317   0.018   0.028   0.000 +1T0CBM000t
00036 LYS+1A0161_036 f 0.00  1.000     0 10.40  0  1  -9.854   1.163   4.189   0.054  -0.115   0.000 +1T0ECM000t
00037 LYS+1A0161_037 f 0.00  1.000     0 10.40  0  1  -9.883   1.417   4.319   0.171   0.127   0.000 +1T0F7M000t
00038 LYS+1A0161_038 f 0.00  1.000     0 10.40  0  1  -7.723   2.421   4.852   0.024  -0.126   0.000 +1T11DM000t
00039 LYS+1A0161_039 f 0.00  1.000     0 10.40  0  1 -10.131   1.627   4.212  -0.063   0.266   0.000 +1T12AM000t
00040 LYS+1A0161_040 f 0.00  1.000     0 10.40  0  1  -9.309   2.193   4.237   0.044   0.181   0.000 +1T130M000t
