   confID        vdw0    sas     sum
LYS01A0161_001   0.383 -12.746 -12.363
LYS01A0161_002   1.299 -12.537 -11.238
LYS01A0161_003   1.195 -12.202 -11.007
LYS01A0161_004   1.423 -12.460 -11.037
LYS01A0161_005   2.421 -12.025  -9.604
LYS01A0161_006   1.836 -12.036 -10.200
LYS01A0161_007   0.806 -12.518 -11.712
LYS01A0161_008   1.868 -12.388 -10.519
LYS01A0161_009   1.865 -12.223 -10.358
LYS01A0161_010   2.207 -12.206  -9.999
LYS01A0161_011   2.563 -11.995  -9.432
LYS01A0161_012   2.129 -12.582 -10.453
LYS01A0161_013   2.117 -11.871  -9.755
LYS01A0161_014   2.189 -12.278 -10.089
LYS01A0161_015   3.004 -12.255  -9.251
LYS01A0161_016   1.533 -12.431 -10.898
LYS01A0161_017   1.136 -11.936 -10.800
LYS01A0161_018   1.995 -12.416 -10.421
LYS01A0161_019   2.191 -12.007  -9.816
LYS01A0161_020   4.399 -12.088  -7.689
LYS+1A0161_021   0.339 -12.746 -12.407
LYS+1A0161_022   1.381 -12.460 -11.078
LYS+1A0161_023   2.353 -12.041  -9.688
LYS+1A0161_024   1.479 -12.499 -11.019
LYS+1A0161_025   1.073 -11.872 -10.798
LYS+1A0161_026   1.752 -12.036 -10.284
LYS+1A0161_027   1.770 -12.388 -10.618
LYS+1A0161_028   1.759 -12.223 -10.464
LYS+1A0161_029   1.922 -12.535 -10.612
LYS+1A0161_030   2.465 -11.995  -9.530
LYS+1A0161_031   2.071 -12.582 -10.511
LYS+1A0161_032   1.255 -12.601 -11.346
LYS+1A0161_033   1.142 -12.151 -11.008
LYS+1A0161_034   0.760 -12.502 -11.742
LYS+1A0161_035   2.147 -12.206 -10.060
LYS+1A0161_036   2.069 -11.923  -9.854
LYS+1A0161_037   2.125 -12.007  -9.883
LYS+1A0161_038   4.326 -12.049  -7.723
LYS+1A0161_039   2.131 -12.262 -10.131
LYS+1A0161_040   2.946 -12.255  -9.309
