iConf CONFORMER     FL  occ    crg   Em0  pKa0 ne nH    vdw0    vdw1    tors    epol   dsolv   extra    history
00001 LYS01A0053_001 f 0.00  0.000     0  0.00  0  0 -11.965   0.361   0.863  -0.013   0.014   0.000 01O000M000t
00002 LYS01A0053_002 f 0.00  0.000     0  0.00  0  0 -11.432   0.862   1.497  -0.012   0.079   0.000 01E00FM000t
00003 LYS01A0053_003 f 0.00  0.000     0  0.00  0  0  -4.568   0.204   0.798  -0.016  -0.037   0.000 01E014M000t
00004 LYS01A0053_004 f 0.00  0.000     0  0.00  0  0  -8.705   0.285   2.058  -0.037  -0.140   0.000 01E030M000t
00005 LYS01A0053_005 f 0.00  0.000     0  0.00  0  0 -10.639   2.409   0.845  -0.009  -0.058   0.000 01E06CM000t
00006 LYS01A0053_006 f 0.00  0.000     0  0.00  0  0 -10.570   0.227   3.748  -0.017  -0.125   0.000 01E0AFM000t
00007 LYS01A0053_007 f 0.00  0.000     0  0.00  0  0  -9.332   0.685   3.695  -0.004   0.031   0.000 01E0C6M000t
00008 LYS01A0053_008 f 0.00  0.000     0  0.00  0  0  -9.787   2.384   1.418  -0.006   0.269   0.000 01E0E2M000t
00009 LYS01A0053_009 f 0.00  0.000     0  0.00  0  0  -7.613   0.536   2.096  -0.031   0.186   0.000 01E0E7M000t
00010 LYS01A0053_010 f 0.00  0.000     0  0.00  0  0  -7.742   0.581   4.869  -0.022  -0.146   0.000 01E0E8M000t
00011 LYS01A0053_011 f 0.00  0.000     0  0.00  0  0  -9.224   1.413   7.025  -0.101  -0.169   0.000 01E10EM000t
00012 LYS01A0053_012 f 0.00  0.000     0  0.00  0  0 -10.444   2.241   6.990  -0.071   0.093   0.000 01E120M000t
00013 LYS01A0053_013 f 0.00  0.000     0  0.00  0  0  -7.486   0.813   2.111  -0.009   0.031   0.000 01E153M000t
00014 LYS01A0053_014 f 0.00  0.000     0  0.00  0  0  -8.486   0.723   2.116  -0.011  -0.100   0.000 01T037M000t
00015 LYS01A0053_015 f 0.00  0.000     0  0.00  0  0 -10.848   3.841   3.489  -0.013   0.138   0.000 01T069M000t
00016 LYS01A0053_016 f 0.00  0.000     0  0.00  0  0 -10.773   1.960   6.914  -0.013  -0.051   0.000 01T083M000t
00017 LYS01A0053_017 f 0.00  0.000     0  0.00  0  0  -9.448   0.893   3.580   0.001   0.168   0.000 01T0B9M000t
00018 LYS01A0053_018 f 0.00  0.000     0  0.00  0  0 -10.137   2.605   3.682  -0.057   0.108   0.000 01T122M000t
00019 LYS01A0053_019 f 0.00  0.000     0  0.00  0  0  -7.452   0.496   2.138  -0.042  -0.090   0.000 01T14CM000t
00020 LYS01A0053_020 f 0.00  0.000     0  0.00  0  0  -8.516   2.206   1.476  -0.010   0.127   0.000 01T158M000t
00021 LYS+1A0053_021 f 0.00  1.000     0 10.40  0  1 -12.010   0.360   0.863   0.051  -0.278   0.000 +1O000M000t
00022 LYS+1A0053_022 f 0.00  1.000     0 10.40  0  1 -11.436   0.867   1.499   0.040  -0.306   0.000 +1E00FM000t
00023 LYS+1A0053_023 f 0.00  1.000     0 10.40  0  1  -4.593   0.203   0.797   0.068  -0.284   0.000 +1E014M000t
00024 LYS+1A0053_024 f 0.00  1.000     0 10.40  0  1 -10.706   2.423   0.845  -0.056   0.018   0.000 +1E06CM000t
00025 LYS+1A0053_025 f 0.00  1.000     0 10.40  0  1 -10.755   1.956   6.926   0.062  -0.351   0.000 +1E083M000t
00026 LYS+1A0053_026 f 0.00  1.000     0 10.40  0  1 -10.653   0.223   3.754   0.041  -0.214   0.000 +1E0AFM000t
00027 LYS+1A0053_027 f 0.00  1.000     0 10.40  0  1  -9.543   0.893   3.585   0.111   0.242   0.000 +1E0B9M000t
00028 LYS+1A0053_028 f 0.00  1.000     0 10.40  0  1  -9.370   0.692   3.695   0.023  -0.128   0.000 +1E0C6M000t
00029 LYS+1A0053_029 f 0.00  1.000     0 10.40  0  1  -7.715   0.534   2.095   0.086   0.205   0.000 +1E0E7M000t
00030 LYS+1A0053_030 f 0.00  1.000     0 10.40  0  1  -9.308   1.404   7.032   0.264   0.191   0.000 +1E10EM000t
00031 LYS+1A0053_031 f 0.00  1.000     0 10.40  0  1 -10.399   2.179   6.994   0.273   0.057   0.000 +1E120M000t
00032 LYS+1A0053_032 f 0.00  1.000     0 10.40  0  1 -10.231   2.582   3.686   0.198   0.104   0.000 +1E122M000t
00033 LYS+1A0053_033 f 0.00  1.000     0 10.40  0  1  -7.520   0.496   2.138   0.215   0.025   0.000 +1E14CM000t
00034 LYS+1A0053_034 f 0.00  1.000     0 10.40  0  1  -7.583   0.814   2.112   0.064  -0.005   0.000 +1E153M000t
00035 LYS+1A0053_035 f 0.00  1.000     0 10.40  0  1  -8.630   0.276   2.061   0.100  -0.199   0.000 +1T030M000t
00036 LYS+1A0053_036 f 0.00  1.000     0 10.40  0  1  -8.541   0.718   2.116   0.068  -0.264   0.000 +1T037M000t
00037 LYS+1A0053_037 f 0.00  1.000     0 10.40  0  1 -10.821   3.834   3.493  -0.040  -0.360   0.000 +1T069M000t
00038 LYS+1A0053_038 f 0.00  1.000     0 10.40  0  1  -9.850   2.384   1.419  -0.051  -0.197   0.000 +1T0E2M000t
00039 LYS+1A0053_039 f 0.00  1.000     0 10.40  0  1  -7.743   0.570   4.879   0.045  -0.176   0.000 +1T0E8M000t
00040 LYS+1A0053_040 f 0.00  1.000     0 10.40  0  1  -8.534   2.222   1.478   0.052   0.181   0.000 +1T158M000t
