iConf CONFORMER     FL  occ    crg   Em0  pKa0 ne nH    vdw0    vdw1    tors    epol   dsolv   extra    history
00001 ARG01A0215_001 f 0.00  0.000     0  0.00  0  0 -13.145   0.395   0.769   0.010  -0.102   0.000 01O000M000t
00002 ARG01A0215_002 f 0.00  0.000     0  0.00  0  0 -11.621   3.409   1.179  -0.019  -0.369   0.000 01E061M000t
00003 ARG01A0215_003 f 0.00  0.000     0  0.00  0  0 -10.993   0.615   2.966   0.025  -0.332   0.000 01E07FM000t
00004 ARG01A0215_004 f 0.00  0.000     0  0.00  0  0 -11.369   1.844   0.682   0.065  -0.289   0.000 01E088M000t
00005 ARG01A0215_005 f 0.00  0.000     0  0.00  0  0 -11.690   1.166   5.697   0.014  -0.450   0.000 01E0A2M000t
00006 ARG01A0215_006 f 0.00  0.000     0  0.00  0  0 -13.339   0.909   0.892   0.075  -0.210   0.000 01E0B0M000t
00007 ARG01A0215_007 f 0.00  0.000     0  0.00  0  0 -11.386   3.381   3.320  -0.058   0.130   0.000 01E0EDM000t
00008 ARG01A0215_008 f 0.00  0.000     0  0.00  0  0 -10.673   2.517   1.234   0.038   0.200   0.000 01E0EFM000t
00009 ARG01A0215_009 f 0.00  0.000     0  0.00  0  0 -11.117   2.540   3.897   0.085  -0.041   0.000 01E0F3M000t
00010 ARG01A0215_010 f 0.00  0.000     0  0.00  0  0 -12.105   0.416   5.794  -0.011   0.058   0.000 01E102M000t
00011 ARG01A0215_011 f 0.00  0.000     0  0.00  0  0 -12.986   1.293   3.226   0.143  -0.199   0.000 01E106M000t
00012 ARG01A0215_012 f 0.00  0.000     0  0.00  0  0 -12.692   1.855   3.774   0.041  -0.377   0.000 01E114M000t
00013 ARG01A0215_013 f 0.00  0.000     0  0.00  0  0 -12.152   0.596   4.083  -0.017  -0.086   0.000 01T01FM000t
00014 ARG01A0215_014 f 0.00  0.000     0  0.00  0  0 -12.565   0.582   4.029   0.046  -0.099   0.000 01T028M000t
00015 ARG01A0215_015 f 0.00  0.000     0  0.00  0  0 -14.180   5.084   3.002   0.092  -0.300   0.000 01T048M000t
00016 ARG01A0215_016 f 0.00  0.000     0  0.00  0  0 -12.224   2.310   1.351  -0.141   0.380   0.000 01T06AM000t
00017 ARG01A0215_017 f 0.00  0.000     0  0.00  0  0 -11.865   0.486   0.682   0.029  -0.276   0.000 01T07BM000t
00018 ARG01A0215_018 f 0.00  0.000     0  0.00  0  0 -12.144   1.274   5.713   0.017  -0.147   0.000 01T0A0M000t
00019 ARG01A0215_019 f 0.00  0.000     0  0.00  0  0 -11.141   2.216   3.792   0.079  -0.113   0.000 01T0E4M000t
00020 ARG01A0215_020 f 0.00  0.000     0  0.00  0  0 -13.264   1.076   3.356   0.175  -0.011   0.000 01T104M000t
00021 ARG02A0215_021 f 0.00  0.000     0  0.00  0  0 -12.380   0.597   3.415   0.024   0.637   0.000 02E01FM000t
00022 ARG02A0215_022 f 0.00  0.000     0  0.00  0  0 -13.166   0.379   0.769   0.009   0.647   0.000 02O000M000t
00023 ARG02A0215_023 f 0.00  0.000     0  0.00  0  0 -11.607   3.318   1.154   0.020   0.470   0.000 02E061M000t
00024 ARG02A0215_024 f 0.00  0.000     0  0.00  0  0 -11.238   2.591   3.905   0.061   0.478   0.000 02E0F3M000t
00025 ARG02A0215_025 f 0.00  0.000     0  0.00  0  0 -14.163   4.528   3.018   0.105   0.905   0.000 02T048M000t
00026 ARG02A0215_026 f 0.00  0.000     0  0.00  0  0 -11.730   1.174   5.681   0.021   0.708   0.000 02T0A2M000t
00027 ARG02A0215_027 f 0.00  0.000     0  0.00  0  0 -11.161   2.267   3.787   0.089   1.070   0.000 02T0E4M000t
00028 ARG02A0215_028 f 0.00  0.000     0  0.00  0  0 -13.168   1.154   3.181   0.170   1.075   0.000 02T104M000t
00029 ARG02A0215_029 f 0.00  0.000     0  0.00  0  0 -12.919   1.298   3.213   0.163   1.084   0.000 02T106M000t
00030 ARG02A0215_030 f 0.00  0.000     0  0.00  0  0 -12.064   0.491   0.680  -0.005   0.754   0.000 02T07BM000t
00031 ARG02A0215_031 f 0.00  0.000     0  0.00  0  0 -13.430   0.918   0.884   0.032   0.676   0.000 02T0B0M000t
00032 ARG02A0215_032 f 0.00  0.000     0  0.00  0  0 -11.373   3.440   3.322  -0.030   0.873   0.000 02T0EDM000t
00033 ARG02A0215_033 f 0.00  0.000     0  0.00  0  0 -12.191   0.419   5.788  -0.291   0.906   0.000 02T102M000t
00034 ARG02A0215_034 f 0.00  0.000     0  0.00  0  0 -12.444   2.080   3.630   0.017   0.640   0.000 02T114M000t
00035 ARG02A0215_035 f 0.00  0.000     0  0.00  0  0 -12.416   0.552   3.827   0.046   0.447   0.000 02T028M000t
00036 ARG02A0215_036 f 0.00  0.000     0  0.00  0  0 -11.822   2.234   1.302  -0.133   0.961   0.000 02T06AM000t
00037 ARG02A0215_037 f 0.00  0.000     0  0.00  0  0 -10.999   0.655   2.835  -0.005   0.617   0.000 02T07FM000t
00038 ARG02A0215_038 f 0.00  0.000     0  0.00  0  0 -11.528   1.863   0.682   0.034   0.853   0.000 02T088M000t
00039 ARG02A0215_039 f 0.00  0.000     0  0.00  0  0 -12.141   1.272   5.715   0.025   0.303   0.000 02T0A0M000t
00040 ARG02A0215_040 f 0.00  0.000     0  0.00  0  0 -10.374   2.405   1.215   0.006   0.858   0.000 02T0EFM000t
00041 ARG03A0215_041 f 0.00  0.000     0  0.00  0  0 -13.226   0.379   0.769   0.024   0.885   0.000 03O000M000t
00042 ARG03A0215_042 f 0.00  0.000     0  0.00  0  0 -12.473   0.554   3.829   0.050   0.893   0.000 03E028M000t
00043 ARG03A0215_043 f 0.00  0.000     0  0.00  0  0 -11.116   2.260   3.786   0.081   0.824   0.000 03E0E4M000t
00044 ARG03A0215_044 f 0.00  0.000     0  0.00  0  0 -13.184   1.157   3.175   0.185   0.794   0.000 03T104M000t
00045 ARG03A0215_045 f 0.00  0.000     0  0.00  0  0 -11.710   3.337   1.157   0.019   0.954   0.000 03T061M000t
00046 ARG03A0215_046 f 0.00  0.000     0  0.00  0  0 -11.091   0.667   2.773   0.015   0.848   0.000 03T07FM000t
00047 ARG03A0215_047 f 0.00  0.000     0  0.00  0  0 -12.500   2.078   3.620   0.041   0.959   0.000 03T114M000t
00048 ARG03A0215_048 f 0.00  0.000     0  0.00  0  0 -12.191   0.600   3.392   0.014   0.883   0.000 03T01FM000t
00049 ARG03A0215_049 f 0.00  0.000     0  0.00  0  0 -14.226   4.482   3.020   0.100   0.579   0.000 03T048M000t
00050 ARG03A0215_050 f 0.00  0.000     0  0.00  0  0 -13.494   0.913   0.885   0.070   0.873   0.000 03T0B0M000t
00051 ARG03A0215_051 f 0.00  0.000     0  0.00  0  0 -11.494   3.467   3.322  -0.018   1.052   0.000 03T0EDM000t
00052 ARG03A0215_052 f 0.00  0.000     0  0.00  0  0 -10.622   2.447   1.216   0.035   1.043   0.000 03T0EFM000t
00053 ARG03A0215_053 f 0.00  0.000     0  0.00  0  0 -12.034   2.227   1.302  -0.126   1.317   0.000 03T06AM000t
00054 ARG03A0215_054 f 0.00  0.000     0  0.00  0  0 -11.886   0.486   0.681   0.024   0.723   0.000 03T07BM000t
00055 ARG03A0215_055 f 0.00  0.000     0  0.00  0  0 -11.414   1.843   0.680   0.059   0.800   0.000 03T088M000t
00056 ARG03A0215_056 f 0.00  0.000     0  0.00  0  0 -12.252   1.272   5.711   0.029   0.794   0.000 03T0A0M000t
00057 ARG03A0215_057 f 0.00  0.000     0  0.00  0  0 -11.667   1.170   5.680   0.015   0.860   0.000 03T0A2M000t
00058 ARG03A0215_058 f 0.00  0.000     0  0.00  0  0 -11.375   2.608   3.900   0.084   0.656   0.000 03T0F3M000t
00059 ARG03A0215_059 f 0.00  0.000     0  0.00  0  0 -12.297   0.390   5.786  -0.070   1.033   0.000 03T102M000t
00060 ARG03A0215_060 f 0.00  0.000     0  0.00  0  0 -12.899   1.291   3.217   0.146   0.821   0.000 03T106M000t
00061 ARG+1A0215_061 f 0.00  1.000     0 12.50  0  1 -13.265   0.378   0.769   0.095  -0.198   0.000 +1O000M000t
00062 ARG+1A0215_062 f 0.00  1.000     0 12.50  0  1 -14.272   4.515   3.022   0.264  -0.177   0.000 +1E048M000t
00063 ARG+1A0215_063 f 0.00  1.000     0 12.50  0  1 -11.745   3.325   1.158   0.104  -0.004   0.000 +1E061M000t
00064 ARG+1A0215_064 f 0.00  1.000     0 12.50  0  1 -11.929   0.486   0.682   0.112  -0.416   0.000 +1E07BM000t
00065 ARG+1A0215_065 f 0.00  1.000     0 12.50  0  1 -11.769   1.168   5.685   0.127  -0.511   0.000 +1E0A2M000t
00066 ARG+1A0215_066 f 0.00  1.000     0 12.50  0  1 -10.439   2.431   1.225   0.232  -0.121   0.000 +1E0EFM000t
00067 ARG+1A0215_067 f 0.00  1.000     0 12.50  0  1 -11.403   2.599   3.906   0.225  -0.198   0.000 +1E0F3M000t
00068 ARG+1A0215_068 f 0.00  1.000     0 12.50  0  1 -12.294   0.384   5.798   0.518  -0.089   0.000 +1E102M000t
00069 ARG+1A0215_069 f 0.00  1.000     0 12.50  0  1 -13.202   1.152   3.184   0.388  -0.641   0.000 +1E104M000t
00070 ARG+1A0215_070 f 0.00  1.000     0 12.50  0  1 -12.541   2.075   3.635   0.166  -0.323   0.000 +1E114M000t
00071 ARG+1A0215_071 f 0.00  1.000     0 12.50  0  1 -12.480   0.596   3.426   0.172  -0.161   0.000 +1T01FM000t
00072 ARG+1A0215_072 f 0.00  1.000     0 12.50  0  1 -12.524   0.555   3.827   0.138  -0.023   0.000 +1T028M000t
00073 ARG+1A0215_073 f 0.00  1.000     0 12.50  0  1 -11.835   2.223   1.307   0.327  -0.130   0.000 +1T06AM000t
00074 ARG+1A0215_074 f 0.00  1.000     0 12.50  0  1 -11.163   0.647   2.848   0.093  -0.559   0.000 +1T07FM000t
00075 ARG+1A0215_075 f 0.00  1.000     0 12.50  0  1 -11.433   1.852   0.682   0.074  -0.343   0.000 +1T088M000t
00076 ARG+1A0215_076 f 0.00  1.000     0 12.50  0  1 -12.299   1.268   5.716   0.139  -0.402   0.000 +1T0A0M000t
00077 ARG+1A0215_077 f 0.00  1.000     0 12.50  0  1 -13.535   0.911   0.890   0.218  -0.112   0.000 +1T0B0M000t
00078 ARG+1A0215_078 f 0.00  1.000     0 12.50  0  1 -11.216   2.277   3.792   0.225  -0.648   0.000 +1T0E4M000t
00079 ARG+1A0215_079 f 0.00  1.000     0 12.50  0  1 -11.511   3.418   3.324   0.677  -0.117   0.000 +1T0EDM000t
00080 ARG+1A0215_080 f 0.00  1.000     0 12.50  0  1 -13.009   1.295   3.221   0.374  -0.243   0.000 +1T106M000t
