CONFORMER         crg  vdw0  vdw1  tors  epol  self   occ  Hb     history    ASA
ARG01A0215_001  0.000-13.15  0.40  0.77  0.00-11.98 0.501  00  01O000M000  1.000
ARG01A0215_002  0.000-11.62  3.40  1.18  0.00 -7.04 0.502  00  01E061M000  1.000
ARG01A0215_003  0.000-10.89  0.61  2.97  0.00 -7.30 0.502  00  01E07FM000  1.000
ARG01A0215_004  0.000-11.38  1.85  0.68  0.00 -8.85 0.501  00  01E088M000  1.000
ARG01A0215_005  0.000-11.69  1.16  5.70  0.00 -4.83 0.502  00  01E0A2M000  1.000
ARG01A0215_006  0.000-13.34  0.91  0.89  0.00-11.54 0.502  00  01E0B0M000  1.000
ARG01A0215_007  0.000-11.39  3.39  3.32  0.00 -4.67 0.502  00  01E0EDM000  1.000
ARG01A0215_008  0.000-10.60  2.51  1.23  0.00 -6.86 0.502  00  01E0EFM000  1.000
ARG01A0215_009  0.000-11.12  2.54  3.90  0.00 -4.69 0.502  00  01E0F3M000  1.000
ARG01A0215_010  0.000-12.11  0.42  5.79  0.00 -5.89 0.502  00  01E102M000  1.000
ARG01A0215_011  0.000-12.94  1.30  3.23  0.00 -8.42 0.502  00  01E106M000  1.000
ARG01A0215_012  0.000-12.69  1.86  3.77  0.00 -7.06 0.501  00  01E114M000  1.000
ARG01A0215_013  0.000-12.15  0.60  4.08  0.00 -7.47 0.501  00  01T01FM000  1.000
ARG01A0215_014  0.000-12.56  0.58  4.03  0.00 -7.94 0.501  00  01T028M000  1.000
ARG01A0215_015  0.000-14.18  5.11  3.00  0.00 -6.07 0.502  00  01T048M000  1.000
ARG01A0215_016  0.000-12.21  2.30  1.35  0.00 -8.57 0.502  00  01T06AM000  1.000
ARG01A0215_017  0.000-11.87  0.49  0.68  0.00-10.70 0.502  00  01T07BM000  1.000
ARG01A0215_018  0.000-12.15  1.28  5.71  0.00 -5.16 0.502  00  01T0A0M000  1.000
ARG01A0215_019  0.000-11.14  2.21  3.79  0.00 -5.14 0.502  00  01T0E4M000  1.000
ARG01A0215_020  0.000-13.27  1.08  3.36  0.00 -8.83 0.502  00  01T104M000  1.000
ARG02A0215_021  0.000-12.38  0.60  3.41  0.00 -8.37 0.501  00  02E01FM000  1.000
ARG02A0215_022  0.000-13.17  0.38  0.77  0.00-12.02 0.501  00  02O000M000  1.000
ARG02A0215_023  0.000-11.61  3.31  1.15  0.00 -7.14 0.502  00  02E061M000  1.000
ARG02A0215_024  0.000-11.30  2.59  3.90  0.00 -4.81 0.502  00  02E0F3M000  1.000
ARG02A0215_025  0.000-14.17  4.54  3.02  0.00 -6.61 0.502  00  02T048M000  1.000
ARG02A0215_026  0.000-11.73  1.17  5.68  0.00 -4.87 0.502  00  02T0A2M000  1.000
ARG02A0215_027  0.000-11.12  2.26  3.79  0.00 -5.07 0.502  00  02T0E4M000  1.000
ARG02A0215_028  0.000-13.17  1.15  3.18  0.00 -8.83 0.502  00  02T104M000  1.000
ARG02A0215_029  0.000-12.92  1.30  3.21  0.00 -8.41 0.502  00  02T106M000  1.000
ARG02A0215_030  0.000-12.06  0.49  0.68  0.00-10.90 0.502  00  02T07BM000  1.000
ARG02A0215_031  0.000-13.44  0.92  0.88  0.00-11.63 0.502  00  02T0B0M000  1.000
ARG02A0215_032  0.000-11.37  3.45  3.32  0.00 -4.60 0.502  00  02T0EDM000  1.000
ARG02A0215_033  0.000-12.19  0.42  5.79  0.00 -5.98 0.502  00  02T102M000  1.000
ARG02A0215_034  0.000-12.44  2.09  3.63  0.00 -6.72 0.501  00  02T114M000  1.000
ARG02A0215_035  0.000-12.41  0.56  3.83  0.00 -8.03 0.501  00  02T028M000  1.000
ARG02A0215_036  0.000-11.73  2.23  1.30  0.00 -8.20 0.502  00  02T06AM000  1.000
ARG02A0215_037  0.000-11.00  0.66  2.84  0.00 -7.51 0.502  00  02T07FM000  1.000
ARG02A0215_038  0.000-11.53  1.86  0.68  0.00 -8.98 0.501  00  02T088M000  1.000
ARG02A0215_039  0.000-12.14  1.27  5.71  0.00 -5.15 0.502  00  02T0A0M000  1.000
ARG02A0215_040  0.000-10.37  2.41  1.21  0.00 -6.75 0.502  00  02T0EFM000  1.000
ARG03A0215_041  0.000-13.23  0.38  0.77  0.00-12.08 0.501  00  03O000M000  1.000
ARG03A0215_042  0.000-12.47  0.55  3.83  0.00 -8.09 0.501  00  03E028M000  1.000
ARG03A0215_043  0.000-11.12  2.26  3.79  0.00 -5.07 0.502  00  03E0E4M000  1.000
ARG03A0215_044  0.000-13.24  1.16  3.18  0.00 -8.90 0.502  00  03T104M000  1.000
ARG03A0215_045  0.000-11.71  3.34  1.16  0.00 -7.22 0.502  00  03T061M000  1.000
ARG03A0215_046  0.000-11.08  0.66  2.77  0.00 -7.65 0.502  00  03T07FM000  1.000
ARG03A0215_047  0.000-12.50  2.08  3.62  0.00 -6.81 0.501  00  03T114M000  1.000
ARG03A0215_048  0.000-12.20  0.60  3.39  0.00 -8.21 0.501  00  03T01FM000  1.000
ARG03A0215_049  0.000-14.23  4.49  3.02  0.00 -6.71 0.502  00  03T048M000  1.000
ARG03A0215_050  0.000-13.49  0.91  0.88  0.00-11.69 0.502  00  03T0B0M000  1.000
ARG03A0215_051  0.000-11.50  3.47  3.32  0.00 -4.71 0.502  00  03T0EDM000  1.000
ARG03A0215_052  0.000-10.62  2.44  1.22  0.00 -6.97 0.502  00  03T0EFM000  1.000
ARG03A0215_053  0.000-12.04  2.22  1.30  0.00 -8.52 0.502  00  03T06AM000  1.000
ARG03A0215_054  0.000-11.89  0.49  0.68  0.00-10.72 0.502  00  03T07BM000  1.000
ARG03A0215_055  0.000-11.41  1.85  0.68  0.00 -8.88 0.501  00  03T088M000  1.000
ARG03A0215_056  0.000-12.25  1.27  5.71  0.00 -5.27 0.502  00  03T0A0M000  1.000
ARG03A0215_057  0.000-11.68  1.17  5.68  0.00 -4.82 0.502  00  03T0A2M000  1.000
ARG03A0215_058  0.000-11.38  2.61  3.90  0.00 -4.87 0.502  00  03T0F3M000  1.000
ARG03A0215_059  0.000-12.30  0.39  5.78  0.00 -6.13 0.502  00  03T102M000  1.000
ARG03A0215_060  0.000-12.90  1.29  3.22  0.00 -8.39 0.502  00  03T106M000  1.000
ARG+1A0215_061  1.000-13.27  0.38  0.77  0.00-12.12 0.501  00  +1O000M000  1.000
ARG+1A0215_062  1.000-14.28  4.53  3.02  0.00 -6.72 0.502  00  +1E048M000  1.000
ARG+1A0215_063  1.000-11.74  3.33  1.16  0.00 -7.26 0.502  00  +1E061M000  1.000
ARG+1A0215_064  1.000-11.93  0.49  0.68  0.00-10.76 0.502  00  +1E07BM000  1.000
ARG+1A0215_065  1.000-11.77  1.17  5.68  0.00 -4.92 0.502  00  +1E0A2M000  1.000
ARG+1A0215_066  1.000-10.44  2.43  1.22  0.00 -6.78 0.502  00  +1E0EFM000  1.000
ARG+1A0215_067  1.000-11.40  2.60  3.90  0.00 -4.90 0.502  00  +1E0F3M000  1.000
ARG+1A0215_068  1.000-12.34  0.39  5.80  0.00 -6.16 0.502  00  +1E102M000  1.000
ARG+1A0215_069  1.000-13.20  1.15  3.18  0.00 -8.87 0.502  00  +1E104M000  1.000
ARG+1A0215_070  1.000-12.54  2.08  3.63  0.00 -6.82 0.501  00  +1E114M000  1.000
ARG+1A0215_071  1.000-12.48  0.60  3.42  0.00 -8.46 0.501  00  +1T01FM000  1.000
ARG+1A0215_072  1.000-12.51  0.55  3.83  0.00 -8.13 0.501  00  +1T028M000  1.000
ARG+1A0215_073  1.000-11.84  2.22  1.31  0.00 -8.31 0.502  00  +1T06AM000  1.000
ARG+1A0215_074  1.000-11.17  0.65  2.85  0.00 -7.67 0.502  00  +1T07FM000  1.000
ARG+1A0215_075  1.000-11.44  1.85  0.68  0.00 -8.91 0.501  00  +1T088M000  1.000
ARG+1A0215_076  1.000-12.30  1.27  5.72  0.00 -5.31 0.502  00  +1T0A0M000  1.000
ARG+1A0215_077  1.000-13.53  0.91  0.89  0.00-11.73 0.502  00  +1T0B0M000  1.000
ARG+1A0215_078  1.000-11.16  2.27  3.79  0.00 -5.10 0.502  00  +1T0E4M000  1.000
ARG+1A0215_079  1.000-11.51  3.43  3.32  0.00 -4.76 0.502  00  +1T0EDM000  1.000
ARG+1A0215_080  1.000-13.01  1.29  3.22  0.00 -8.50 0.502  00  +1T106M000  1.000
