   confID        vdw0    sas     sum
ARG01A0215_001   1.550 -14.695 -13.145
ARG01A0215_002   2.381 -14.002 -11.621
ARG01A0215_003   3.401 -14.393 -10.993
ARG01A0215_004   2.446 -13.815 -11.369
ARG01A0215_005   2.558 -14.248 -11.690
ARG01A0215_006   1.658 -14.998 -13.339
ARG01A0215_007   3.064 -14.450 -11.386
ARG01A0215_008   3.417 -14.089 -10.673
ARG01A0215_009   3.463 -14.580 -11.117
ARG01A0215_010   2.582 -14.687 -12.105
ARG01A0215_011   1.607 -14.593 -12.986
ARG01A0215_012   2.010 -14.702 -12.692
ARG01A0215_013   2.394 -14.546 -12.152
ARG01A0215_014   2.538 -15.103 -12.565
ARG01A0215_015   0.830 -15.010 -14.180
ARG01A0215_016   2.287 -14.511 -12.224
ARG01A0215_017   2.408 -14.272 -11.865
ARG01A0215_018   2.825 -14.968 -12.144
ARG01A0215_019   3.445 -14.586 -11.141
ARG01A0215_020   1.644 -14.908 -13.264
ARG02A0215_021   2.410 -14.790 -12.380
ARG02A0215_022   1.529 -14.695 -13.166
ARG02A0215_023   2.347 -13.954 -11.607
ARG02A0215_024   3.516 -14.754 -11.238
ARG02A0215_025   0.812 -14.975 -14.163
ARG02A0215_026   2.569 -14.299 -11.730
ARG02A0215_027   3.425 -14.586 -11.161
ARG02A0215_028   1.644 -14.811 -13.168
ARG02A0215_029   1.575 -14.494 -12.919
ARG02A0215_030   2.212 -14.276 -12.064
ARG02A0215_031   1.687 -15.117 -13.430
ARG02A0215_032   3.076 -14.450 -11.373
ARG02A0215_033   2.655 -14.846 -12.191
ARG02A0215_034   2.117 -14.560 -12.444
ARG02A0215_035   2.672 -15.088 -12.416
ARG02A0215_036   2.361 -14.183 -11.822
ARG02A0215_037   3.285 -14.285 -10.999
ARG02A0215_038   2.287 -13.815 -11.528
ARG02A0215_039   2.831 -14.972 -12.141
ARG02A0215_040   3.603 -13.977 -10.374
ARG03A0215_041   1.469 -14.695 -13.226
ARG03A0215_042   2.614 -15.088 -12.473
ARG03A0215_043   3.418 -14.535 -11.116
ARG03A0215_044   1.628 -14.811 -13.184
ARG03A0215_045   2.296 -14.005 -11.710
ARG03A0215_046   3.126 -14.217 -11.091
ARG03A0215_047   2.060 -14.560 -12.500
ARG03A0215_048   2.406 -14.597 -12.191
ARG03A0215_049   0.817 -15.043 -14.226
ARG03A0215_050   1.623 -15.117 -13.494
ARG03A0215_051   2.956 -14.450 -11.494
ARG03A0215_052   3.522 -14.144 -10.622
ARG03A0215_053   2.298 -14.331 -12.034
ARG03A0215_054   2.386 -14.272 -11.886
ARG03A0215_055   2.401 -13.815 -11.414
ARG03A0215_056   2.784 -15.036 -12.252
ARG03A0215_057   2.581 -14.248 -11.667
ARG03A0215_058   3.460 -14.834 -11.375
ARG03A0215_059   2.613 -14.910 -12.297
ARG03A0215_060   1.575 -14.474 -12.899
ARG+1A0215_061   1.430 -14.695 -13.265
ARG+1A0215_062   0.770 -15.043 -14.272
ARG+1A0215_063   2.261 -14.005 -11.745
ARG+1A0215_064   2.343 -14.272 -11.929
ARG+1A0215_065   2.530 -14.299 -11.769
ARG+1A0215_066   3.525 -13.964 -10.439
ARG+1A0215_067   3.416 -14.818 -11.403
ARG+1A0215_068   2.568 -14.862 -12.294
ARG+1A0215_069   1.593 -14.795 -13.202
ARG+1A0215_070   2.019 -14.560 -12.541
ARG+1A0215_071   2.374 -14.854 -12.480
ARG+1A0215_072   2.564 -15.088 -12.524
ARG+1A0215_073   2.252 -14.087 -11.835
ARG+1A0215_074   3.122 -14.285 -11.163
ARG+1A0215_075   2.382 -13.815 -11.433
ARG+1A0215_076   2.737 -15.036 -12.299
ARG+1A0215_077   1.582 -15.117 -13.535
ARG+1A0215_078   3.370 -14.586 -11.216
ARG+1A0215_079   2.939 -14.450 -11.511
ARG+1A0215_080   1.533 -14.542 -13.009
