iConf CONFORMER     FL  occ    crg   Em0  pKa0 ne nH    vdw0    vdw1    tors    epol   dsolv   extra    history
00001 GLU01A0135_001 f 0.00  0.000     0  0.00  0  0  -2.282   0.318   3.095   0.110  -0.156   0.000 01O000M000t
00002 GLU01A0135_002 f 0.00  0.000     0  0.00  0  0  -2.327   1.749   3.001   0.154  -0.117   0.000 01E002M000t
00003 GLU01A0135_003 f 0.00  0.000     0  0.00  0  0  -3.675   2.983   3.469   0.474  -0.257   0.000 01E00CM000t
00004 GLU01A0135_004 f 0.00  0.000     0  0.00  0  0  -2.308   0.318   0.375   0.035   0.721   0.000 01O000M000t
00005 GLU01A0135_005 f 0.00  0.000     0  0.00  0  0  -3.199   1.712   0.449   0.063   0.686   0.000 01E008M000t
00006 GLU01A0135_006 f 0.00  0.000     0  0.00  0  0  -3.803   0.069   0.858   0.081   0.766   0.000 01E00AM000t
00007 GLU01A0135_007 f 0.00  0.000     0  0.00  0  0  -3.546   1.706   0.579   0.162   0.787   0.000 01E00DM000t
00008 GLU01A0135_008 f 0.00  0.000     0  0.00  0  0  -3.466   0.698   2.960   0.083   0.771   0.000 01E00FM000t
00009 GLU01A0135_009 f 0.00  0.000     0  0.00  0  0  -2.302   1.036   3.008   0.125  -0.152   0.000 01T001M000t
00010 GLU01A0135_010 f 0.00  0.000     0  0.00  0  0  -3.800   0.343   3.628   0.047  -0.612   0.000 01T005M000t
00011 GLU01A0135_011 f 0.00  0.000     0  0.00  0  0  -3.773   1.096   3.625   0.083  -0.513   0.000 01T007M000t
00012 GLU01A0135_012 f 0.00  0.000     0  0.00  0  0  -3.899   1.868   3.625   0.071  -0.453   0.000 01T009M000t
00013 GLU01A0135_013 f 0.00  0.000     0  0.00  0  0  -3.512   0.703   5.716   0.216  -0.123   0.000 01T00FM000t
00014 GLU01A0135_014 f 0.00  0.000     0  0.00  0  0  -2.862   1.156   3.079   0.301   0.072   0.000 01T003M000t
00015 GLU01A0135_015 f 0.00  0.000     0  0.00  0  0  -3.804   0.071   3.562   0.161  -0.447   0.000 01T00AM000t
00016 GLU01A0135_016 f 0.00  0.000     0  0.00  0  0  -3.928   2.546   3.478   0.200  -0.245   0.000 01T00BM000t
00017 GLU01A0135_017 f 0.00  0.000     0  0.00  0  0  -3.683   1.709   3.293   0.320  -0.116   0.000 01T00DM000t
00018 GLU01A0135_018 f 0.00  0.000     0  0.00  0  0  -3.818   0.535   5.996   0.209  -0.372   0.000 01T00EM000t
00019 GLU01A0135_019 f 0.00  0.000     0  0.00  0  0  -3.674   2.983   0.748   0.215   0.736   0.000 01T00CM000t
00020 GLU01A0135_020 f 0.00  0.000     0  0.00  0  0  -2.827   1.156   0.359   0.038   0.737   0.000 01T003M000t
00021 GLU01A0135_021 f 0.00  0.000     0  0.00  0  0  -3.619   1.081   0.874   0.054   0.719   0.000 01T007M000t
00022 GLU01A0135_022 f 0.00  0.000     0  0.00  0  0  -3.928   2.546   0.758   0.193   0.704   0.000 01T00BM000t
00023 GLU01A0135_023 f 0.00  0.000     0  0.00  0  0  -3.818   0.535   3.276   0.140   0.765   0.000 01T00EM000t
00024 GLU02A0135_024 f 0.00  0.000     0  0.00  0  0  -2.665   0.326   3.095   0.046  -0.588   0.000 02O000M000t
00025 GLU02A0135_025 f 0.00  0.000     0  0.00  0  0  -3.637   0.334   3.726   0.097  -0.364   0.000 02E005M000t
00026 GLU02A0135_026 f 0.00  0.000     0  0.00  0  0  -4.012   0.518   6.094   0.235  -0.284   0.000 02E00EM000t
00027 GLU02A0135_027 f 0.00  0.000     0  0.00  0  0  -2.665   0.326   0.375   0.028   0.691   0.000 02O000M000t
00028 GLU02A0135_028 f 0.00  0.000     0  0.00  0  0  -3.030   1.061   3.071   0.070  -0.509   0.000 02T003M000t
00029 GLU02A0135_029 f 0.00  0.000     0  0.00  0  0  -3.479   1.735   3.200   0.050  -0.602   0.000 02T008M000t
00030 GLU02A0135_030 f 0.00  0.000     0  0.00  0  0  -3.529   1.087   3.539   0.096  -0.383   0.000 02T007M000t
00031 GLU02A0135_031 f 0.00  0.000     0  0.00  0  0  -3.647   1.878   3.538   0.114  -0.388   0.000 02T009M000t
00032 GLU02A0135_032 f 0.00  0.000     0  0.00  0  0  -3.706   0.082   3.558   0.142  -0.280   0.000 02T00AM000t
00033 GLU02A0135_033 f 0.00  0.000     0  0.00  0  0  -4.020   2.573   3.432   0.124  -0.488   0.000 02T00BM000t
00034 GLU02A0135_034 f 0.00  0.000     0  0.00  0  0  -3.755   2.998   3.427   0.166  -0.448   0.000 02T00CM000t
00035 GLU02A0135_035 f 0.00  0.000     0  0.00  0  0  -3.869   1.662   3.270   0.025  -0.379   0.000 02T00DM000t
00036 GLU02A0135_036 f 0.00  0.000     0  0.00  0  0  -3.401   0.698   5.664   0.039  -0.460   0.000 02T00FM000t
00037 GLU02A0135_037 f 0.00  0.000     0  0.00  0  0  -3.544   1.735   0.480   0.046   0.731   0.000 02T008M000t
00038 GLU02A0135_038 f 0.00  0.000     0  0.00  0  0  -3.824   2.640   0.748   0.136   0.780   0.000 02T00CM000t
00039 GLU02A0135_039 f 0.00  0.000     0  0.00  0  0  -3.546   1.087   0.819   0.052   0.718   0.000 02T007M000t
00040 GLU02A0135_040 f 0.00  0.000     0  0.00  0  0  -3.706   0.082   0.838   0.073   0.700   0.000 02T00AM000t
00041 GLU02A0135_041 f 0.00  0.000     0  0.00  0  0  -4.020   2.573   0.712   0.134   0.694   0.000 02T00BM000t
00042 GLU02A0135_042 f 0.00  0.000     0  0.00  0  0  -3.857   1.662   0.550   0.110   0.780   0.000 02T00DM000t
00043 GLU02A0135_043 f 0.00  0.000     0  0.00  0  0  -3.945   0.594   3.296   0.083   0.747   0.000 02T00EM000t
00044 GLU02A0135_044 f 0.00  0.000     0  0.00  0  0  -3.401   0.698   2.944   0.047   0.804   0.000 02T00FM000t
00045 GLU-1A0135_045 f 0.00 -1.000     0  4.75  0 -1  -2.648   0.336   0.375  -0.086  -0.231   0.000 -1O000M000t
00046 GLU-1A0135_046 f 0.00 -1.000     0  4.75  0 -1  -3.041   1.029   0.343  -0.203  -0.021   0.000 -1E003M000t
00047 GLU-1A0135_047 f 0.00 -1.000     0  4.75  0 -1  -3.694   1.097   0.871  -0.091  -0.254   0.000 -1E007M000t
00048 GLU-1A0135_048 f 0.00 -1.000     0  4.75  0 -1  -3.731   1.853   0.889  -0.076  -0.298   0.000 -1E009M000t
00049 GLU-1A0135_049 f 0.00 -1.000     0  4.75  0 -1  -4.071   2.409   0.721  -0.544   0.094   0.000 -1E00BM000t
00050 GLU-1A0135_050 f 0.00 -1.000     0  4.75  0 -1  -3.823   2.845   0.717  -0.800   0.219   0.000 -1E00CM000t
00051 GLU-1A0135_051 f 0.00 -1.000     0  4.75  0 -1  -3.777   1.606   0.569   0.058   0.127   0.000 -1E00DM000t
00052 GLU-1A0135_052 f 0.00 -1.000     0  4.75  0 -1  -3.876   0.497   3.310   0.072   0.193   0.000 -1E00EM000t
00053 GLU-1A0135_053 f 0.00 -1.000     0  4.75  0 -1  -3.428   0.683   2.949  -0.176  -0.089   0.000 -1E00FM000t
