   confID        vdw0    sas     sum
GLU01A0135_001   2.243  -4.525  -2.282
GLU01A0135_002   2.221  -4.548  -2.327
GLU01A0135_003   1.075  -4.749  -3.675
GLU01A0135_004   2.243  -4.551  -2.308
GLU01A0135_005   1.464  -4.664  -3.199
GLU01A0135_006   0.998  -4.801  -3.803
GLU01A0135_007   1.263  -4.809  -3.546
GLU01A0135_008   1.417  -4.883  -3.466
GLU01A0135_009   2.178  -4.480  -2.302
GLU01A0135_010   0.820  -4.620  -3.800
GLU01A0135_011   0.811  -4.584  -3.773
GLU01A0135_012   0.816  -4.716  -3.899
GLU01A0135_013   1.337  -4.849  -3.512
GLU01A0135_014   1.976  -4.838  -2.862
GLU01A0135_015   0.996  -4.801  -3.804
GLU01A0135_016   1.105  -5.032  -3.928
GLU01A0135_017   1.268  -4.950  -3.683
GLU01A0135_018   0.840  -4.657  -3.818
GLU01A0135_019   1.075  -4.749  -3.674
GLU01A0135_020   1.976  -4.804  -2.827
GLU01A0135_021   0.939  -4.558  -3.619
GLU01A0135_022   1.105  -5.032  -3.928
GLU01A0135_023   0.840  -4.657  -3.818
GLU02A0135_024   1.796  -4.461  -2.665
GLU02A0135_025   0.916  -4.553  -3.637
GLU02A0135_026   0.827  -4.839  -4.012
GLU02A0135_027   1.796  -4.461  -2.665
GLU02A0135_028   1.612  -4.642  -3.030
GLU02A0135_029   1.189  -4.668  -3.479
GLU02A0135_030   0.954  -4.483  -3.529
GLU02A0135_031   0.958  -4.605  -3.647
GLU02A0135_032   1.038  -4.743  -3.706
GLU02A0135_033   1.025  -5.045  -4.020
GLU02A0135_034   1.004  -4.758  -3.755
GLU02A0135_035   1.107  -4.976  -3.869
GLU02A0135_036   1.262  -4.663  -3.401
GLU02A0135_037   1.189  -4.732  -3.544
GLU02A0135_038   0.986  -4.810  -3.824
GLU02A0135_039   0.954  -4.500  -3.546
GLU02A0135_040   1.038  -4.743  -3.706
GLU02A0135_041   1.025  -5.045  -4.020
GLU02A0135_042   1.107  -4.963  -3.857
GLU02A0135_043   0.911  -4.856  -3.945
GLU02A0135_044   1.262  -4.663  -3.401
GLU-1A0135_045   1.718  -4.367  -2.648
GLU-1A0135_046   1.543  -4.584  -3.041
GLU-1A0135_047   0.741  -4.435  -3.694
GLU-1A0135_048   0.765  -4.496  -3.731
GLU-1A0135_049   0.892  -4.963  -4.071
GLU-1A0135_050   0.868  -4.691  -3.823
GLU-1A0135_051   0.966  -4.743  -3.777
GLU-1A0135_052   0.696  -4.572  -3.876
GLU-1A0135_053   1.113  -4.541  -3.428
