CONFORMER         crg  vdw0  vdw1  tors  epol  self   occ  Hb     history    ASA
TYR01A0075_001  0.000-10.22 -0.36  0.60  0.00 -9.98 0.523  00  01O000M000  1.000
TYR01A0075_002  0.000-10.79  0.28  0.53  0.00 -9.97 0.523  00  01E009M000  1.000
TYR01A0075_003  0.000 -9.62 -0.28  0.57  0.00 -9.33 0.522  00  01E002M000  1.000
TYR01A0075_004  0.000-10.56  3.33  0.38  0.00 -6.85 0.524  00  01E011M000  1.000
TYR01A0075_005  0.000-10.08  0.13  2.16  0.00 -7.79 0.520  00  01T005M000  1.000
TYR01A0075_006  0.000-10.20  2.78  2.14  0.00 -5.27 0.522  00  01T00DM000  1.000
TYR01A0075_007  0.000-10.48  0.19  2.16  0.00 -8.13 0.521  00  01T013M000  1.000
TYR01A0075_008  0.000 -9.98  1.32  2.16  0.00 -6.49 0.523  00  01T00FM000  1.000
TYR01A0075_009  0.000-11.13  6.14  2.04  0.00 -2.95 0.521  00  01T015M000  1.000
TYR01A0075_010  0.000-10.64  1.12  0.54  0.00 -8.98 0.523  00  01T006M000  1.000
TYR01A0075_011  0.000-10.67  5.20  0.50  0.00 -4.97 0.523  00  01T007M000  1.000
TYR01A0075_012  0.000-11.13  2.01  0.41  0.00 -8.70 0.524  00  01T00AM000  1.000
TYR01A0075_013  0.000-10.67  3.42  2.14  0.00 -5.11 0.522  00  01T00BM000  1.000
TYR01A0075_014  0.000-10.79 -0.33  0.57  0.00-10.55 0.523  00  01T010M000  1.000
TYR01A0075_015  0.000-10.22  1.33  2.16  0.00 -6.73 0.522  00  01T001M000  1.000
TYR01A0075_016  0.000-10.20  0.95  2.16  0.00 -7.09 0.526  00  01T003M000  1.000
TYR01A0075_017  0.000-10.79 -0.10  0.57  0.00-10.33 0.524  00  01T008M000  1.000
TYR01A0075_018  0.000-10.88  1.73  2.16  0.00 -7.00 0.522  00  01T00CM000  1.000
TYR01A0075_019  0.000-10.05  1.09  2.14  0.00 -6.82 0.520  00  01T012M000  1.000
TYR01A0075_020  0.000-10.52  0.64  2.13  0.00 -7.74 0.522  00  01T014M000  1.000
TYR-1A0075_021 -1.000-10.22 -0.36  0.60  0.00 -9.98 0.523  00  -1O000M000  1.000
TYR-1A0075_022 -1.000 -9.57 -0.28  0.56  0.00 -9.28 0.522  00  -1E002M000  1.000
TYR-1A0075_023 -1.000-10.05  0.95  2.15  0.00 -6.94 0.526  00  -1E003M000  1.000
TYR-1A0075_024 -1.000-10.72  0.96  0.52  0.00 -9.24 0.523  00  -1E006M000  1.000
TYR-1A0075_025 -1.000-10.90 -0.11  0.56  0.00-10.44 0.524  00  -1E008M000  1.000
TYR-1A0075_026 -1.000-10.27  2.85  2.13  0.00 -5.29 0.522  00  -1E00DM000  1.000
TYR-1A0075_027 -1.000-10.62 -0.34  0.56  0.00-10.40 0.523  00  -1E010M000  1.000
TYR-1A0075_028 -1.000-10.50  3.32  0.35  0.00 -6.82 0.524  00  -1E011M000  1.000
TYR-1A0075_029 -1.000-10.00  1.14  2.12  0.00 -6.74 0.520  00  -1E012M000  1.000
TYR-1A0075_030 -1.000-10.41  0.66  2.12  0.00 -7.63 0.522  00  -1E014M000  1.000
TYR-1A0075_031 -1.000-11.01  5.78  2.02  0.00 -3.21 0.521  00  -1E015M000  1.000
TYR-1A0075_032 -1.000-10.22  1.32  2.15  0.00 -6.75 0.522  00  -1T001M000  1.000
TYR-1A0075_033 -1.000-10.08  0.13  2.15  0.00 -7.80 0.520  00  -1T005M000  1.000
TYR-1A0075_034 -1.000-10.72  5.22  0.50  0.00 -5.00 0.523  00  -1T007M000  1.000
TYR-1A0075_035 -1.000-10.89  0.23  0.52  0.00-10.15 0.523  00  -1T009M000  1.000
TYR-1A0075_036 -1.000-11.13  2.03  0.41  0.00 -8.69 0.524  00  -1T00AM000  1.000
TYR-1A0075_037 -1.000-10.67  3.41  2.12  0.00 -5.14 0.522  00  -1T00BM000  1.000
TYR-1A0075_038 -1.000-10.91  1.71  2.15  0.00 -7.05 0.522  00  -1T00CM000  1.000
TYR-1A0075_039 -1.000 -9.98  1.32  2.15  0.00 -6.51 0.523  00  -1T00FM000  1.000
TYR-1A0075_040 -1.000-10.55  0.18  2.15  0.00 -8.22 0.521  00  -1T013M000  1.000
