iConf CONFORMER     FL  occ    crg   Em0  pKa0 ne nH    vdw0    vdw1    tors    epol   dsolv   extra    history
00001 TYR01A0075_001 f 0.00  0.000     0  0.00  0  0 -10.221  -0.360   0.603   0.265  -0.001   0.000 01O000M000t
00002 TYR01A0075_002 f 0.00  0.000     0  0.00  0  0 -10.803   0.286   0.531   0.261  -0.025   0.000 01E009M000t
00003 TYR01A0075_003 f 0.00  0.000     0  0.00  0  0  -9.567  -0.284   0.570   0.348  -0.213   0.000 01E002M000t
00004 TYR01A0075_004 f 0.00  0.000     0  0.00  0  0 -10.567   3.332   0.377   0.161  -0.079   0.000 01E011M000t
00005 TYR01A0075_005 f 0.00  0.000     0  0.00  0  0 -10.074   0.129   2.161   0.198  -0.044   0.000 01T005M000t
00006 TYR01A0075_006 f 0.00  0.000     0  0.00  0  0 -10.196   2.788   2.144   0.288  -0.073   0.000 01T00DM000t
00007 TYR01A0075_007 f 0.00  0.000     0  0.00  0  0 -10.478   0.184   2.161   0.207  -0.096   0.000 01T013M000t
00008 TYR01A0075_008 f 0.00  0.000     0  0.00  0  0  -9.978   1.330   2.158   0.180  -0.064   0.000 01T00FM000t
00009 TYR01A0075_009 f 0.00  0.000     0  0.00  0  0 -11.130   6.146   2.037   0.220  -0.193   0.000 01T015M000t
00010 TYR01A0075_010 f 0.00  0.000     0  0.00  0  0 -10.641   1.122   0.536   0.284  -0.007   0.000 01T006M000t
00011 TYR01A0075_011 f 0.00  0.000     0  0.00  0  0 -10.673   5.214   0.503   0.317  -0.056   0.000 01T007M000t
00012 TYR01A0075_012 f 0.00  0.000     0  0.00  0  0 -11.133   2.014   0.414   0.297  -0.131   0.000 01T00AM000t
00013 TYR01A0075_013 f 0.00  0.000     0  0.00  0  0 -10.671   3.432   2.136   0.267  -0.146   0.000 01T00BM000t
00014 TYR01A0075_014 f 0.00  0.000     0  0.00  0  0 -10.789  -0.333   0.568   0.064  -0.003   0.000 01T010M000t
00015 TYR01A0075_015 f 0.00  0.000     0  0.00  0  0 -10.217   1.333   2.162   0.240  -0.152   0.000 01T001M000t
00016 TYR01A0075_016 f 0.00  0.000     0  0.00  0  0 -10.194   0.940   2.163   0.181  -0.096   0.000 01T003M000t
00017 TYR01A0075_017 f 0.00  0.000     0  0.00  0  0 -10.738  -0.103   0.571   0.286   0.006   0.000 01T008M000t
00018 TYR01A0075_018 f 0.00  0.000     0  0.00  0  0 -10.878   1.733   2.159   0.232  -0.018   0.000 01T00CM000t
00019 TYR01A0075_019 f 0.00  0.000     0  0.00  0  0 -10.049   1.091   2.138   0.273  -0.070   0.000 01T012M000t
00020 TYR01A0075_020 f 0.00  0.000     0  0.00  0  0 -10.520   0.647   2.134   0.234   0.038   0.000 01T014M000t
00021 TYR-1A0075_021 f 0.00 -1.000     0 10.20  0 -1 -10.221  -0.360   0.603   0.100  -0.916   0.000 -1O000M000t
00022 TYR-1A0075_022 f 0.00 -1.000     0 10.20  0 -1  -9.562  -0.282   0.564   0.334  -0.898   0.000 -1E002M000t
00023 TYR-1A0075_023 f 0.00 -1.000     0 10.20  0 -1 -10.050   0.953   2.155   0.023  -0.880   0.000 -1E003M000t
00024 TYR-1A0075_024 f 0.00 -1.000     0 10.20  0 -1 -10.721   0.964   0.526   0.115  -0.854   0.000 -1E006M000t
00025 TYR-1A0075_025 f 0.00 -1.000     0 10.20  0 -1 -10.896  -0.113   0.565   0.117  -0.905   0.000 -1E008M000t
00026 TYR-1A0075_026 f 0.00 -1.000     0 10.20  0 -1 -10.264   2.851   2.129   0.085  -1.056   0.000 -1E00DM000t
00027 TYR-1A0075_027 f 0.00 -1.000     0 10.20  0 -1 -10.624  -0.339   0.557  -0.287  -0.737   0.000 -1E010M000t
00028 TYR-1A0075_028 f 0.00 -1.000     0 10.20  0 -1 -10.493   3.317   0.353  -0.201  -0.926   0.000 -1E011M000t
00029 TYR-1A0075_029 f 0.00 -1.000     0 10.20  0 -1 -10.002   1.137   2.125   0.010  -0.858   0.000 -1E012M000t
00030 TYR-1A0075_030 f 0.00 -1.000     0 10.20  0 -1 -10.409   0.660   2.121  -0.004  -1.058   0.000 -1E014M000t
00031 TYR-1A0075_031 f 0.00 -1.000     0 10.20  0 -1 -11.000   5.805   2.027   0.007  -1.124   0.000 -1E015M000t
00032 TYR-1A0075_032 f 0.00 -1.000     0 10.20  0 -1 -10.227   1.321   2.150   0.147  -0.915   0.000 -1T001M000t
00033 TYR-1A0075_033 f 0.00 -1.000     0 10.20  0 -1 -10.087   0.127   2.152  -0.019  -1.061   0.000 -1T005M000t
00034 TYR-1A0075_034 f 0.00 -1.000     0 10.20  0 -1 -10.657   5.212   0.500   0.144  -0.908   0.000 -1T007M000t
00035 TYR-1A0075_035 f 0.00 -1.000     0 10.20  0 -1 -10.885   0.228   0.518   0.116  -1.025   0.000 -1T009M000t
00036 TYR-1A0075_036 f 0.00 -1.000     0 10.20  0 -1 -11.127   2.032   0.407   0.138  -0.845   0.000 -1T00AM000t
00037 TYR-1A0075_037 f 0.00 -1.000     0 10.20  0 -1 -10.672   3.406   2.123   0.084  -0.873   0.000 -1T00BM000t
00038 TYR-1A0075_038 f 0.00 -1.000     0 10.20  0 -1 -10.913   1.718   2.148   0.126  -0.869   0.000 -1T00CM000t
00039 TYR-1A0075_039 f 0.00 -1.000     0 10.20  0 -1  -9.975   1.319   2.149   0.006  -0.720   0.000 -1T00FM000t
00040 TYR-1A0075_040 f 0.00 -1.000     0 10.20  0 -1 -10.557   0.183   2.152  -0.032  -0.910   0.000 -1T013M000t
