   confID        vdw0    sas     sum
TYR01A0075_001   4.432 -14.653 -10.221
TYR01A0075_002   4.347 -15.151 -10.803
TYR01A0075_003   4.434 -14.001  -9.567
TYR01A0075_004   4.025 -14.592 -10.567
TYR01A0075_005   4.433 -14.507 -10.074
TYR01A0075_006   4.373 -14.570 -10.196
TYR01A0075_007   4.215 -14.693 -10.478
TYR01A0075_008   4.241 -14.220  -9.978
TYR01A0075_009   4.047 -15.177 -11.130
TYR01A0075_010   4.081 -14.722 -10.641
TYR01A0075_011   3.896 -14.569 -10.673
TYR01A0075_012   4.010 -15.144 -11.133
TYR01A0075_013   4.096 -14.767 -10.671
TYR01A0075_014   4.204 -14.993 -10.789
TYR01A0075_015   4.438 -14.654 -10.217
TYR01A0075_016   4.442 -14.635 -10.194
TYR01A0075_017   4.216 -14.954 -10.738
TYR01A0075_018   4.238 -15.116 -10.878
TYR01A0075_019   4.073 -14.123 -10.049
TYR01A0075_020   4.350 -14.869 -10.520
TYR-1A0075_021   4.432 -14.653 -10.221
TYR-1A0075_022   4.439 -14.001  -9.562
TYR-1A0075_023   4.434 -14.484 -10.050
TYR-1A0075_024   4.087 -14.808 -10.721
TYR-1A0075_025   4.210 -15.105 -10.896
TYR-1A0075_026   4.374 -14.638 -10.264
TYR-1A0075_027   4.201 -14.825 -10.624
TYR-1A0075_028   4.031 -14.524 -10.493
TYR-1A0075_029   4.070 -14.072 -10.002
TYR-1A0075_030   4.359 -14.768 -10.409
TYR-1A0075_031   4.058 -15.058 -11.000
TYR-1A0075_032   4.427 -14.654 -10.227
TYR-1A0075_033   4.420 -14.507 -10.087
TYR-1A0075_034   3.895 -14.552 -10.657
TYR-1A0075_035   4.366 -15.252 -10.885
TYR-1A0075_036   4.016 -15.144 -11.127
TYR-1A0075_037   4.096 -14.767 -10.672
TYR-1A0075_038   4.237 -15.150 -10.913
TYR-1A0075_039   4.245 -14.220  -9.975
TYR-1A0075_040   4.211 -14.768 -10.557
