CONFORMER         crg  vdw0  vdw1  tors  epol  self   occ  Hb     history    ASA
GLN01A0070_001  0.000 -4.58  0.38  0.96  0.00 -3.24 0.512  00  01O000M000  1.055
GLN01A0070_002  0.000 -4.40  0.49  2.71  0.00 -1.21 0.512  00  01E003M000  1.029
GLN01A0070_003  0.000 -3.92  0.57  2.99  0.00 -0.37 0.512  00  01E004M000  1.011
GLN01A0070_004  0.000 -3.47  0.67  0.49  0.00 -2.32 0.511  00  01E00FM000  1.022
GLN01A0070_005  0.000 -3.48  0.46  2.75  0.00 -0.26 0.512  00  01E013M000  1.055
GLN01A0070_006  0.000 -4.45  0.57  3.94  0.00  0.06 0.512  00  01E017M000  1.000
GLN01A0070_007  0.000 -4.71  0.25  3.86  0.00 -0.60 0.512  00  01E020M000  1.041
GLN01A0070_008  0.000 -4.86  1.08  3.70  0.00 -0.08 0.514  00  01E025M000  1.017
GLN01A0070_009  0.000 -4.81  0.37  3.40  0.00 -1.05 0.512  00  01E028M000  1.016
GLN01A0070_010  0.000 -4.41  0.00  0.83  0.00 -3.58 0.511  00  01T005M000  1.008
GLN01A0070_011  0.000 -4.26  0.32  3.02  0.00 -0.92 0.513  00  01T006M000  1.070
GLN01A0070_012  0.000 -4.52  1.95  0.86  0.00 -1.71 0.515  00  01T007M000  1.000
GLN01A0070_013  0.000 -4.41  0.69  0.48  0.00 -3.23 0.513  00  01T00CM000  1.013
GLN01A0070_014  0.000 -4.79  0.66  1.32  0.00 -2.81 0.513  00  01T010M000  1.058
GLN01A0070_015  0.000 -4.84  0.14  1.68  0.00 -3.02 0.511  00  01T01AM000  1.013
GLN01A0070_016  0.000 -3.49 -0.01  0.82  0.00 -2.68 0.512  00  01T01BM000  1.003
GLN01A0070_017  0.000 -4.56  0.30  3.92  0.00 -0.34 0.512  00  01T021M000  1.045
GLN01A0070_018  0.000 -3.53  2.18  0.84  0.00 -0.50 0.512  00  01T022M000  1.011
GLN01A0070_019  0.000 -4.62  0.74  1.68  0.00 -2.20 0.511  00  01T024M000  1.013
GLN01A0070_020  0.000 -4.88  0.70  3.38  0.00 -0.80 0.511  00  01T027M000  1.023
