iConf CONFORMER     FL  occ    crg   Em0  pKa0 ne nH    vdw0    vdw1    tors    epol   dsolv   extra    history
00001 GLN01A0070_001 f 0.00  0.000     0  0.00  0  0  -4.583   0.428   0.960   0.026  -0.235   0.000 01O000M000t
00002 GLN01A0070_002 f 0.00  0.000     0  0.00  0  0  -4.470   0.532   2.709   0.006  -0.089   0.000 01E003M000t
00003 GLN01A0070_003 f 0.00  0.000     0  0.00  0  0  -3.924   0.571   2.987   0.051  -0.232   0.000 01E004M000t
00004 GLN01A0070_004 f 0.00  0.000     0  0.00  0  0  -3.475   0.712   0.486   0.055  -0.170   0.000 01E00FM000t
00005 GLN01A0070_005 f 0.00  0.000     0  0.00  0  0  -3.478   0.510   2.749   0.065  -0.089   0.000 01E013M000t
00006 GLN01A0070_006 f 0.00  0.000     0  0.00  0  0  -4.448   0.565   3.945   0.057  -0.323   0.000 01E017M000t
00007 GLN01A0070_007 f 0.00  0.000     0  0.00  0  0  -4.707   0.244   3.860   0.164  -0.058   0.000 01E020M000t
00008 GLN01A0070_008 f 0.00  0.000     0  0.00  0  0  -4.862   1.083   3.698   0.176   0.034   0.000 01E025M000t
00009 GLN01A0070_009 f 0.00  0.000     0  0.00  0  0  -4.801   0.371   3.395   0.097  -0.137   0.000 01E028M000t
00010 GLN01A0070_010 f 0.00  0.000     0  0.00  0  0  -4.411   0.001   0.831   0.096  -0.033   0.000 01T005M000t
00011 GLN01A0070_011 f 0.00  0.000     0  0.00  0  0  -4.260   0.315   3.021  -0.013   0.055   0.000 01T006M000t
00012 GLN01A0070_012 f 0.00  0.000     0  0.00  0  0  -4.522   1.950   0.861  -0.060  -0.061   0.000 01T007M000t
00013 GLN01A0070_013 f 0.00  0.000     0  0.00  0  0  -4.406   0.740   0.476   0.045  -0.111   0.000 01T00CM000t
00014 GLN01A0070_014 f 0.00  0.000     0  0.00  0  0  -4.795   0.707   1.323   0.069  -0.174   0.000 01T010M000t
00015 GLN01A0070_015 f 0.00  0.000     0  0.00  0  0  -4.836   0.136   1.677   0.042  -0.113   0.000 01T01AM000t
00016 GLN01A0070_016 f 0.00  0.000     0  0.00  0  0  -3.489  -0.009   0.819   0.049  -0.047   0.000 01T01BM000t
00017 GLN01A0070_017 f 0.00  0.000     0  0.00  0  0  -4.564   0.301   3.921  -0.004   0.006   0.000 01T021M000t
00018 GLN01A0070_018 f 0.00  0.000     0  0.00  0  0  -3.533   2.189   0.843   0.021  -0.104   0.000 01T022M000t
00019 GLN01A0070_019 f 0.00  0.000     0  0.00  0  0  -4.618   0.744   1.678   0.130  -0.009   0.000 01T024M000t
00020 GLN01A0070_020 f 0.00  0.000     0  0.00  0  0  -4.887   0.706   3.375   0.015  -0.133   0.000 01T027M000t
