   confID        vdw0    sas     sum
GLN01A0070_001   0.569  -5.152  -4.583
GLN01A0070_002   0.535  -5.005  -4.470
GLN01A0070_003   0.933  -4.857  -3.924
GLN01A0070_004   1.357  -4.833  -3.475
GLN01A0070_005   1.485  -4.962  -3.478
GLN01A0070_006   0.500  -4.948  -4.448
GLN01A0070_007   0.537  -5.244  -4.707
GLN01A0070_008   0.300  -5.162  -4.862
GLN01A0070_009   0.225  -5.026  -4.801
GLN01A0070_010   0.531  -4.942  -4.411
GLN01A0070_011   0.978  -5.237  -4.260
GLN01A0070_012   0.553  -5.075  -4.522
GLN01A0070_013   0.468  -4.874  -4.406
GLN01A0070_014   0.205  -5.000  -4.795
GLN01A0070_015   0.291  -5.128  -4.836
GLN01A0070_016   1.324  -4.813  -3.489
GLN01A0070_017   0.512  -5.075  -4.564
GLN01A0070_018   1.381  -4.914  -3.533
GLN01A0070_019   0.241  -4.859  -4.618
GLN01A0070_020   0.277  -5.164  -4.887
