CONFORMER         crg  vdw0  vdw1  tors  epol  self   occ  Hb     history    ASA
ARG01A0102_001  0.000-10.55  4.82  4.59  0.00 -1.13 0.503  00  01O000M000  1.000
ARG01A0102_002  0.000-10.78  2.13  2.51  0.00 -6.14 0.503  00  01E00AM000  1.000
ARG01A0102_003  0.000-11.07  4.04  2.43  0.00 -4.61 0.503  00  01E015M000  1.000
ARG01A0102_004  0.000-10.21  4.59  5.92  0.00  0.30 0.503  00  01E022M000  1.000
ARG01A0102_005  0.000-10.89  2.83  3.24  0.00 -4.82 0.503  00  01E02BM000  1.000
ARG01A0102_006  0.000 -8.62  3.34  1.82  0.00 -3.46 0.503  00  01E054M000  1.000
ARG01A0102_007  0.000-10.53  2.84  1.48  0.00 -6.21 0.502  00  01E06AM000  1.000
ARG01A0102_008  0.000 -9.81  4.04  1.88  0.00 -3.89 0.503  00  01E071M000  1.000
ARG01A0102_009  0.000-10.01  2.59  1.59  0.00 -5.83 0.503  00  01E074M000  1.000
ARG01A0102_010  0.000 -9.43  3.66  1.88  0.00 -3.88 0.503  00  01E079M000  1.000
ARG01A0102_011  0.000-10.60  4.31  4.98  0.00 -1.30 0.502  00  01E07BM000  1.000
ARG01A0102_012  0.000 -9.19  4.84  1.93  0.00 -2.42 0.502  00  01E0ADM000  1.000
ARG01A0102_013  0.000-11.47  4.53  5.84  0.00 -1.10 0.502  00  01T01FM000  1.000
ARG01A0102_014  0.000-10.06  1.50  1.76  0.00 -6.79 0.502  00  01T049M000  1.000
ARG01A0102_015  0.000 -9.53  1.51  1.96  0.00 -6.07 0.503  00  01T084M000  1.000
ARG01A0102_016  0.000-10.11  1.70  1.77  0.00 -6.64 0.503  00  01T087M000  1.000
ARG01A0102_017  0.000 -9.93  1.37  2.32  0.00 -6.24 0.503  00  01T08CM000  1.000
ARG01A0102_018  0.000-10.97  1.55  2.23  0.00 -7.19 0.502  00  01T08DM000  1.000
ARG01A0102_019  0.000 -8.53  2.32  1.90  0.00 -4.31 0.502  00  01T0A1M000  1.000
ARG01A0102_020  0.000 -9.61  4.80  2.06  0.00 -2.75 0.503  00  01T0B2M000  1.000
ARG02A0102_021  0.000-10.60  4.81  4.59  0.00 -1.19 0.503  00  02O000M000  1.000
ARG02A0102_022  0.000 -8.61  2.33  1.88  0.00 -4.41 0.502  00  02E0A1M000  1.000
ARG02A0102_023  0.000-10.12  3.17  1.42  0.00 -5.53 0.502  00  02E06AM000  1.000
ARG02A0102_024  0.000 -9.77  2.72  1.56  0.00 -5.49 0.503  00  02E074M000  1.000
ARG02A0102_025  0.000-10.69  1.69  2.03  0.00 -6.97 0.502  00  02E08DM000  1.000
ARG02A0102_026  0.000 -9.72  5.01  2.00  0.00 -2.71 0.503  00  02E0B2M000  1.000
ARG02A0102_027  0.000-10.64  2.43  1.59  0.00 -6.63 0.503  00  02T00AM000  1.000
ARG02A0102_028  0.000 -9.89  4.07  1.85  0.00 -3.97 0.503  00  02T071M000  1.000
ARG02A0102_029  0.000-11.47  4.49  4.46  0.00 -2.52 0.502  00  02T01FM000  1.000
ARG02A0102_030  0.000-10.66  1.67  2.17  0.00 -6.82 0.503  00  02T02BM000  1.000
ARG02A0102_031  0.000 -8.08  3.25  1.65  0.00 -3.18 0.503  00  02T054M000  1.000
ARG02A0102_032  0.000 -9.03  1.48  1.75  0.00 -5.80 0.503  00  02T084M000  1.000
ARG02A0102_033  0.000 -9.19  4.10  1.50  0.00 -3.59 0.503  00  02T079M000  1.000
ARG02A0102_034  0.000 -8.83  1.40  1.89  0.00 -5.53 0.503  00  02T08CM000  1.000
ARG02A0102_035  0.000-11.56  3.52  1.59  0.00 -6.46 0.503  00  02T015M000  1.000
ARG02A0102_036  0.000-10.26  4.41  4.79  0.00 -1.05 0.503  00  02T022M000  1.000
ARG02A0102_037  0.000 -9.76  1.45  1.67  0.00 -6.65 0.502  00  02T049M000  1.000
ARG02A0102_038  0.000-10.39  4.38  4.83  0.00 -1.18 0.502  00  02T07BM000  1.000
ARG02A0102_039  0.000-10.09  1.61  1.70  0.00 -6.78 0.503  00  02T087M000  1.000
ARG02A0102_040  0.000 -9.16  4.63  1.86  0.00 -2.67 0.502  00  02T0ADM000  1.000
ARG03A0102_041  0.000-10.61  4.81  4.59  0.00 -1.20 0.503  00  03O000M000  1.000
ARG03A0102_042  0.000-10.45  4.40  4.69  0.00 -1.36 0.503  00  03E022M000  1.000
ARG03A0102_043  0.000 -8.12  3.29  1.65  0.00 -3.18 0.503  00  03E054M000  1.000
ARG03A0102_044  0.000-10.63  1.69  2.04  0.00 -6.90 0.503  00  03E02BM000  1.000
ARG03A0102_045  0.000-10.81  1.66  2.04  0.00 -7.11 0.502  00  03E08DM000  1.000
ARG03A0102_046  0.000 -8.64  2.33  1.89  0.00 -4.43 0.502  00  03E0A1M000  1.000
ARG03A0102_047  0.000 -9.11  4.67  1.86  0.00 -2.57 0.502  00  03E0ADM000  1.000
ARG03A0102_048  0.000 -9.67  1.44  1.64  0.00 -6.59 0.502  00  03T049M000  1.000
ARG03A0102_049  0.000-10.04  4.02  1.87  0.00 -4.15 0.503  00  03T071M000  1.000
ARG03A0102_050  0.000 -9.86  2.75  1.56  0.00 -5.55 0.503  00  03T074M000  1.000
ARG03A0102_051  0.000-10.62  2.44  1.53  0.00 -6.65 0.503  00  03T00AM000  1.000
ARG03A0102_052  0.000 -9.88  3.16  1.38  0.00 -5.35 0.502  00  03T06AM000  1.000
ARG03A0102_053  0.000 -8.78  1.48  1.70  0.00 -5.60 0.503  00  03T084M000  1.000
ARG03A0102_054  0.000-10.03  1.61  1.69  0.00 -6.72 0.503  00  03T087M000  1.000
ARG03A0102_055  0.000 -8.65  1.39  1.83  0.00 -5.43 0.503  00  03T08CM000  1.000
ARG03A0102_056  0.000-11.67  3.52  1.48  0.00 -6.66 0.503  00  03T015M000  1.000
ARG03A0102_057  0.000-11.56  4.47  4.37  0.00 -2.72 0.502  00  03T01FM000  1.000
ARG03A0102_058  0.000 -9.24  4.03  1.45  0.00 -3.76 0.503  00  03T079M000  1.000
ARG03A0102_059  0.000-10.44  4.34  4.83  0.00 -1.27 0.502  00  03T07BM000  1.000
ARG03A0102_060  0.000 -9.57  5.04  1.98  0.00 -2.54 0.503  00  03T0B2M000  1.000
ARG+1A0102_061  1.000-10.65  4.81  4.59  0.00 -1.24 0.503  00  +1O000M000  1.000
ARG+1A0102_062  1.000-11.53  3.53  1.62  0.00 -6.38 0.503  00  +1E015M000  1.000
ARG+1A0102_063  1.000-10.42  4.42  4.82  0.00 -1.18 0.503  00  +1E022M000  1.000
ARG+1A0102_064  1.000 -8.24  3.31  1.68  0.00 -3.25 0.503  00  +1E054M000  1.000
ARG+1A0102_065  1.000-10.65  1.66  2.06  0.00 -6.93 0.502  00  +1E08DM000  1.000
ARG+1A0102_066  1.000 -8.65  2.33  1.92  0.00 -4.41 0.502  00  +1E0A1M000  1.000
ARG+1A0102_067  1.000 -9.51  5.03  2.01  0.00 -2.47 0.503  00  +1E0B2M000  1.000
ARG+1A0102_068  1.000-10.73  2.42  1.60  0.00 -6.71 0.503  00  +1T00AM000  1.000
ARG+1A0102_069  1.000-11.52  4.49  4.51  0.00 -2.52 0.502  00  +1T01FM000  1.000
ARG+1A0102_070  1.000-10.58  1.67  2.20  0.00 -6.71 0.503  00  +1T02BM000  1.000
ARG+1A0102_071  1.000 -9.69  1.43  1.68  0.00 -6.58 0.502  00  +1T049M000  1.000
ARG+1A0102_072  1.000-10.16  3.18  1.47  0.00 -5.51 0.502  00  +1T06AM000  1.000
ARG+1A0102_073  1.000 -9.92  4.04  1.88  0.00 -4.00 0.503  00  +1T071M000  1.000
ARG+1A0102_074  1.000 -9.80  2.76  1.58  0.00 -5.47 0.503  00  +1T074M000  1.000
ARG+1A0102_075  1.000 -9.05  4.05  1.55  0.00 -3.45 0.503  00  +1T079M000  1.000
ARG+1A0102_076  1.000-10.49  4.34  4.85  0.00 -1.29 0.502  00  +1T07BM000  1.000
ARG+1A0102_077  1.000 -8.95  1.47  1.79  0.00 -5.68 0.503  00  +1T084M000  1.000
ARG+1A0102_078  1.000-10.16  1.61  1.71  0.00 -6.83 0.503  00  +1T087M000  1.000
ARG+1A0102_079  1.000 -8.70  1.40  1.92  0.00 -5.38 0.503  00  +1T08CM000  1.000
ARG+1A0102_080  1.000 -9.09  4.65  1.88  0.00 -2.56 0.502  00  +1T0ADM000  1.000
