iConf CONFORMER     FL  occ    crg   Em0  pKa0 ne nH    vdw0    vdw1    tors    epol   dsolv   extra    history
00001 ARG01A0102_001 f 0.00  0.000     0  0.00  0  0 -10.544   4.814   4.593   0.041  -0.167   0.000 01O000M000t
00002 ARG01A0102_002 f 0.00  0.000     0  0.00  0  0 -10.848   2.135   2.504  -0.015   0.077   0.000 01E00AM000t
00003 ARG01A0102_003 f 0.00  0.000     0  0.00  0  0 -11.080   4.038   2.440   0.032  -0.198   0.000 01E015M000t
00004 ARG01A0102_004 f 0.00  0.000     0  0.00  0  0 -10.203   4.570   5.917  -0.153  -0.013   0.000 01E022M000t
00005 ARG01A0102_005 f 0.00  0.000     0  0.00  0  0 -10.901   2.835   3.243   0.052   0.071   0.000 01E02BM000t
00006 ARG01A0102_006 f 0.00  0.000     0  0.00  0  0  -8.635   3.410   1.823   0.305   0.212   0.000 01E054M000t
00007 ARG01A0102_007 f 0.00  0.000     0  0.00  0  0 -10.525   2.834   1.473   0.014  -0.061   0.000 01E06AM000t
00008 ARG01A0102_008 f 0.00  0.000     0  0.00  0  0  -9.803   4.101   1.883   0.050  -0.098   0.000 01E071M000t
00009 ARG01A0102_009 f 0.00  0.000     0  0.00  0  0  -9.965   2.661   1.584   0.028  -0.210   0.000 01E074M000t
00010 ARG01A0102_010 f 0.00  0.000     0  0.00  0  0  -9.423   3.727   1.890  -0.021  -0.137   0.000 01E079M000t
00011 ARG01A0102_011 f 0.00  0.000     0  0.00  0  0 -10.601   4.319   4.984  -0.024   0.138   0.000 01E07BM000t
00012 ARG01A0102_012 f 0.00  0.000     0  0.00  0  0  -9.190   4.845   1.930   0.060   0.110   0.000 01E0ADM000t
00013 ARG01A0102_013 f 0.00  0.000     0  0.00  0  0 -11.399   4.532   5.841   0.098  -0.203   0.000 01T01FM000t
00014 ARG01A0102_014 f 0.00  0.000     0  0.00  0  0 -10.063   1.507   1.760   0.006   0.033   0.000 01T049M000t
00015 ARG01A0102_015 f 0.00  0.000     0  0.00  0  0  -9.539   1.510   1.951   0.007  -0.195   0.000 01T084M000t
00016 ARG01A0102_016 f 0.00  0.000     0  0.00  0  0 -10.100   1.705   1.771   0.022  -0.038   0.000 01T087M000t
00017 ARG01A0102_017 f 0.00  0.000     0  0.00  0  0  -9.923   1.371   2.326   0.009   0.109   0.000 01T08CM000t
00018 ARG01A0102_018 f 0.00  0.000     0  0.00  0  0 -10.977   1.558   2.241   0.041  -0.159   0.000 01T08DM000t
00019 ARG01A0102_019 f 0.00  0.000     0  0.00  0  0  -8.517   2.327   1.902   0.025   0.221   0.000 01T0A1M000t
00020 ARG01A0102_020 f 0.00  0.000     0  0.00  0  0  -9.605   4.871   2.056   0.013  -0.121   0.000 01T0B2M000t
00021 ARG02A0102_021 f 0.00  0.000     0  0.00  0  0 -10.599   4.808   4.593   0.018   0.838   0.000 02O000M000t
00022 ARG02A0102_022 f 0.00  0.000     0  0.00  0  0  -8.608   2.324   1.877   0.035   1.205   0.000 02E0A1M000t
00023 ARG02A0102_023 f 0.00  0.000     0  0.00  0  0 -10.120   3.170   1.425   0.049   0.339   0.000 02E06AM000t
00024 ARG02A0102_024 f 0.00  0.000     0  0.00  0  0  -9.776   2.790   1.563   0.037   0.534   0.000 02E074M000t
00025 ARG02A0102_025 f 0.00  0.000     0  0.00  0  0 -10.680   1.690   2.034  -0.013   0.976   0.000 02E08DM000t
00026 ARG02A0102_026 f 0.00  0.000     0  0.00  0  0  -9.723   5.075   1.999  -0.015   0.606   0.000 02E0B2M000t
00027 ARG02A0102_027 f 0.00  0.000     0  0.00  0  0 -10.646   2.432   1.587   0.018   1.033   0.000 02T00AM000t
00028 ARG02A0102_028 f 0.00  0.000     0  0.00  0  0  -9.887   4.133   1.851   0.036   0.995   0.000 02T071M000t
00029 ARG02A0102_029 f 0.00  0.000     0  0.00  0  0 -11.408   4.492   4.460   0.085   0.882   0.000 02T01FM000t
00030 ARG02A0102_030 f 0.00  0.000     0  0.00  0  0 -10.664   1.675   2.175   0.048   0.534   0.000 02T02BM000t
00031 ARG02A0102_031 f 0.00  0.000     0  0.00  0  0  -8.089   3.315   1.648   0.186   1.211   0.000 02T054M000t
00032 ARG02A0102_032 f 0.00  0.000     0  0.00  0  0  -9.021   1.477   1.745   0.011   0.801   0.000 02T084M000t
00033 ARG02A0102_033 f 0.00  0.000     0  0.00  0  0  -9.202   4.165   1.506  -0.020   0.664   0.000 02T079M000t
00034 ARG02A0102_034 f 0.00  0.000     0  0.00  0  0  -8.768   1.404   1.890   0.029   0.663   0.000 02T08CM000t
00035 ARG02A0102_035 f 0.00  0.000     0  0.00  0  0 -11.556   3.519   1.588   0.037   1.004   0.000 02T015M000t
00036 ARG02A0102_036 f 0.00  0.000     0  0.00  0  0 -10.256   4.417   4.789  -0.013   0.615   0.000 02T022M000t
00037 ARG02A0102_037 f 0.00  0.000     0  0.00  0  0  -9.760   1.447   1.669  -0.036   0.862   0.000 02T049M000t
00038 ARG02A0102_038 f 0.00  0.000     0  0.00  0  0 -10.377   4.370   4.827   0.013   0.694   0.000 02T07BM000t
00039 ARG02A0102_039 f 0.00  0.000     0  0.00  0  0 -10.085   1.611   1.701   0.017   0.792   0.000 02T087M000t
00040 ARG02A0102_040 f 0.00  0.000     0  0.00  0  0  -9.088   4.633   1.858   0.034   0.932   0.000 02T0ADM000t
00041 ARG03A0102_041 f 0.00  0.000     0  0.00  0  0 -10.603   4.808   4.593   0.018   0.752   0.000 03O000M000t
00042 ARG03A0102_042 f 0.00  0.000     0  0.00  0  0 -10.454   4.407   4.687   0.011   0.843   0.000 03E022M000t
00043 ARG03A0102_043 f 0.00  0.000     0  0.00  0  0  -8.108   3.357   1.653   0.151   0.898   0.000 03E054M000t
00044 ARG03A0102_044 f 0.00  0.000     0  0.00  0  0 -10.620   1.683   2.040   0.048   0.553   0.000 03E02BM000t
00045 ARG03A0102_045 f 0.00  0.000     0  0.00  0  0 -10.811   1.662   2.039   0.029   0.665   0.000 03E08DM000t
00046 ARG03A0102_046 f 0.00  0.000     0  0.00  0  0  -8.648   2.329   1.888   0.031   1.057   0.000 03E0A1M000t
00047 ARG03A0102_047 f 0.00  0.000     0  0.00  0  0  -9.158   4.678   1.861   0.048   0.887   0.000 03E0ADM000t
00048 ARG03A0102_048 f 0.00  0.000     0  0.00  0  0  -9.672   1.437   1.638  -0.018   0.999   0.000 03T049M000t
00049 ARG03A0102_049 f 0.00  0.000     0  0.00  0  0 -10.025   4.091   1.869   0.038   0.780   0.000 03T071M000t
00050 ARG03A0102_050 f 0.00  0.000     0  0.00  0  0  -9.864   2.815   1.559   0.035   0.963   0.000 03T074M000t
00051 ARG03A0102_051 f 0.00  0.000     0  0.00  0  0 -10.621   2.436   1.524  -0.001   0.531   0.000 03T00AM000t
00052 ARG03A0102_052 f 0.00  0.000     0  0.00  0  0  -9.880   3.154   1.379   0.018   0.464   0.000 03T06AM000t
00053 ARG03A0102_053 f 0.00  0.000     0  0.00  0  0  -8.778   1.481   1.698   0.003   0.642   0.000 03T084M000t
00054 ARG03A0102_054 f 0.00  0.000     0  0.00  0  0 -10.016   1.610   1.695   0.019   0.836   0.000 03T087M000t
00055 ARG03A0102_055 f 0.00  0.000     0  0.00  0  0  -8.646   1.388   1.834   0.012   0.845   0.000 03T08CM000t
00056 ARG03A0102_056 f 0.00  0.000     0  0.00  0  0 -11.665   3.520   1.482   0.026   0.958   0.000 03T015M000t
00057 ARG03A0102_057 f 0.00  0.000     0  0.00  0  0 -11.559   4.470   4.367   0.079   0.381   0.000 03T01FM000t
00058 ARG03A0102_058 f 0.00  0.000     0  0.00  0  0  -9.233   4.095   1.451  -0.021   0.741   0.000 03T079M000t
00059 ARG03A0102_059 f 0.00  0.000     0  0.00  0  0 -10.445   4.328   4.837  -0.038   0.945   0.000 03T07BM000t
00060 ARG03A0102_060 f 0.00  0.000     0  0.00  0  0  -9.553   5.106   1.985  -0.005   0.627   0.000 03T0B2M000t
00061 ARG+1A0102_061 f 0.00  1.000     0 12.50  0  1 -10.643   4.808   4.593   0.042  -0.239   0.000 +1O000M000t
00062 ARG+1A0102_062 f 0.00  1.000     0 12.50  0  1 -11.533   3.529   1.615   0.055  -0.029   0.000 +1E015M000t
00063 ARG+1A0102_063 f 0.00  1.000     0 12.50  0  1 -10.405   4.406   4.823   0.276   0.196   0.000 +1E022M000t
00064 ARG+1A0102_064 f 0.00  1.000     0 12.50  0  1  -8.238   3.385   1.674  -0.244  -0.196   0.000 +1E054M000t
00065 ARG+1A0102_065 f 0.00  1.000     0 12.50  0  1 -10.665   1.662   2.063   0.165  -0.086   0.000 +1E08DM000t
00066 ARG+1A0102_066 f 0.00  1.000     0 12.50  0  1  -8.656   2.328   1.914   0.095  -0.546   0.000 +1E0A1M000t
00067 ARG+1A0102_067 f 0.00  1.000     0 12.50  0  1  -9.512   5.103   2.007  -0.044  -0.436   0.000 +1E0B2M000t
00068 ARG+1A0102_068 f 0.00  1.000     0 12.50  0  1 -10.674   2.422   1.599   0.128  -0.026   0.000 +1T00AM000t
00069 ARG+1A0102_069 f 0.00  1.000     0 12.50  0  1 -11.517   4.500   4.510   0.035  -0.282   0.000 +1T01FM000t
00070 ARG+1A0102_070 f 0.00  1.000     0 12.50  0  1 -10.578   1.665   2.205   0.130  -0.286   0.000 +1T02BM000t
00071 ARG+1A0102_071 f 0.00  1.000     0 12.50  0  1  -9.689   1.430   1.677   0.068  -0.312   0.000 +1T049M000t
00072 ARG+1A0102_072 f 0.00  1.000     0 12.50  0  1 -10.168   3.174   1.462   0.056  -0.571   0.000 +1T06AM000t
00073 ARG+1A0102_073 f 0.00  1.000     0 12.50  0  1  -9.925   4.111   1.885   0.018  -0.359   0.000 +1T071M000t
00074 ARG+1A0102_074 f 0.00  1.000     0 12.50  0  1  -9.731   2.819   1.581   0.036  -0.326   0.000 +1T074M000t
00075 ARG+1A0102_075 f 0.00  1.000     0 12.50  0  1  -9.048   4.116   1.550   0.051  -0.347   0.000 +1T079M000t
00076 ARG+1A0102_076 f 0.00  1.000     0 12.50  0  1 -10.498   4.343   4.851  -0.008  -0.047   0.000 +1T07BM000t
00077 ARG+1A0102_077 f 0.00  1.000     0 12.50  0  1  -8.949   1.476   1.788   0.062  -0.558   0.000 +1T084M000t
00078 ARG+1A0102_078 f 0.00  1.000     0 12.50  0  1 -10.164   1.610   1.714   0.072  -0.302   0.000 +1T087M000t
00079 ARG+1A0102_079 f 0.00  1.000     0 12.50  0  1  -8.705   1.396   1.925   0.050  -0.321   0.000 +1T08CM000t
00080 ARG+1A0102_080 f 0.00  1.000     0 12.50  0  1  -9.085   4.641   1.879   0.142  -0.076   0.000 +1T0ADM000t
