iConf CONFORMER     FL  occ    crg   Em0  pKa0 ne nH    vdw0    vdw1    tors    epol   dsolv   extra    history
00001 HIS01A0172_001 f 0.00  0.000     0  0.00  0  0 -11.226   0.993   0.012   0.254   0.431   0.000 01O000M000t
00002 HIS01A0172_002 f 0.00  0.000     0  0.00  0  0 -11.497   0.981   0.012   0.312   0.189   0.000 01R001M000t
00003 HIS01A0172_003 f 0.00  0.000     0  0.00  0  0 -11.665   1.396   0.005   0.358   0.412   0.000 01E009M000t
00004 HIS01A0172_004 f 0.00  0.000     0  0.00  0  0 -11.439   1.751   0.013   0.379   0.408   0.000 01E00AM000t
00005 HIS01A0172_005 f 0.00  0.000     0  0.00  0  0 -11.339   5.904   0.019   0.742   0.712   0.000 01E00DM000t
00006 HIS01A0172_006 f 0.00  0.000     0  0.00  0  0 -11.407   3.083   0.000   0.453   0.428   0.000 01E013M000t
00007 HIS01A0172_007 f 0.00  0.000     0  0.00  0  0 -11.643   5.422   2.781   0.361   0.390   0.000 01E018M000t
00008 HIS01A0172_008 f 0.00  0.000     0  0.00  0  0 -11.188   5.167   2.787   0.188   0.593   0.000 01T002M000t
00009 HIS01A0172_009 f 0.00  0.000     0  0.00  0  0 -11.394   2.118   0.007   0.351   0.535   0.000 01T004M000t
00010 HIS01A0172_010 f 0.00  0.000     0  0.00  0  0 -11.788   1.776   0.007   0.159   0.523   0.000 01T006M000t
00011 HIS01A0172_011 f 0.00  0.000     0  0.00  0  0 -11.529   2.175   0.014   0.130   0.500   0.000 01T007M000t
00012 HIS01A0172_012 f 0.00  0.000     0  0.00  0  0 -11.221   5.068   2.788   0.399   0.355   0.000 01T00BM000t
00013 HIS01A0172_013 f 0.00  0.000     0  0.00  0  0 -11.461   3.061   0.014   0.627   0.561   0.000 01T00EM000t
00014 HIS01A0172_014 f 0.00  0.000     0  0.00  0  0 -11.756   1.112   0.010   0.113   0.570   0.000 01T011M000t
00015 HIS01A0172_015 f 0.00  0.000     0  0.00  0  0 -11.250   0.926   0.009   0.399   0.421   0.000 01T014M000t
00016 HIS01A0172_016 f 0.00  0.000     0  0.00  0  0 -11.325   5.092   2.785   0.217   0.547   0.000 01T016M000t
00017 HIS01A0172_017 f 0.00  0.000     0  0.00  0  0 -11.409   4.901   2.787   0.336   0.356   0.000 01T019M000t
00018 HIS02A0172_018 f 0.00  0.000     0  0.00  0  0 -11.244   0.973   0.012   0.203   0.080   0.000 02O000M000t
00019 HIS02A0172_019 f 0.00  0.000     0  0.00  0  0 -11.512   0.968   0.012   0.211   0.200   0.000 02R001M000t
00020 HIS02A0172_020 f 0.00  0.000     0  0.00  0  0 -11.139   5.143   2.787   0.241   0.469   0.000 02E002M000t
00021 HIS02A0172_021 f 0.00  0.000     0  0.00  0  0 -11.404   2.144   0.007  -0.297   0.482   0.000 02E004M000t
00022 HIS02A0172_022 f 0.00  0.000     0  0.00  0  0 -11.670   1.699   0.007   0.267   0.431   0.000 02E006M000t
00023 HIS02A0172_023 f 0.00  0.000     0  0.00  0  0 -11.194   5.028   2.788   0.243   0.300   0.000 02E00BM000t
00024 HIS02A0172_024 f 0.00  0.000     0  0.00  0  0 -11.449   7.078   2.785   0.184   0.342   0.000 02E00CM000t
00025 HIS02A0172_025 f 0.00  0.000     0  0.00  0  0 -11.457   6.166   0.015   0.216   0.600   0.000 02E00DM000t
00026 HIS02A0172_026 f 0.00  0.000     0  0.00  0  0 -11.567   1.933   0.006   0.047   0.324   0.000 02E012M000t
00027 HIS02A0172_027 f 0.00  0.000     0  0.00  0  0 -11.428   3.076   0.000   0.389   0.299   0.000 02E013M000t
00028 HIS02A0172_028 f 0.00  0.000     0  0.00  0  0 -11.158   0.913   0.009   0.175   0.367   0.000 02E014M000t
00029 HIS02A0172_029 f 0.00  0.000     0  0.00  0  0 -11.358   5.062   2.785   0.218   0.373   0.000 02E016M000t
00030 HIS02A0172_030 f 0.00  0.000     0  0.00  0  0 -11.612   2.059   0.015   0.513   0.511   0.000 02T007M000t
00031 HIS02A0172_031 f 0.00  0.000     0  0.00  0  0 -11.685   1.387   0.005   0.266   0.332   0.000 02T009M000t
00032 HIS02A0172_032 f 0.00  0.000     0  0.00  0  0 -11.440   1.710   0.014   0.338   0.315   0.000 02T00AM000t
00033 HIS02A0172_033 f 0.00  0.000     0  0.00  0  0 -11.578   3.170   0.015   0.414   0.398   0.000 02T00EM000t
00034 HIS02A0172_034 f 0.00  0.000     0  0.00  0  0 -11.769   1.063   0.009   0.137   0.372   0.000 02T011M000t
00035 HIS02A0172_035 f 0.00  0.000     0  0.00  0  0 -11.666   5.424   2.781   0.226   0.298   0.000 02T018M000t
00036 HIS02A0172_036 f 0.00  0.000     0  0.00  0  0 -11.549   4.882   2.785   0.218   0.191   0.000 02T019M000t
00037 HIS+1A0172_037 f 0.00  1.000     0  6.98  0  1 -11.271   0.971   0.012   0.488  -0.385   0.000 +1O000M000t
00038 HIS+1A0172_038 f 0.00  1.000     0  6.98  0  1 -11.166   5.135   2.788   0.367  -0.210   0.000 +1E002M000t
00039 HIS+1A0172_039 f 0.00  1.000     0  6.98  0  1 -11.638   2.055   0.015   0.816  -0.032   0.000 +1E007M000t
00040 HIS+1A0172_040 f 0.00  1.000     0  6.98  0  1 -11.170   0.930   0.011   0.442  -0.372   0.000 +1E008M000t
00041 HIS+1A0172_041 f 0.00  1.000     0  6.98  0  1 -11.419   1.729   0.013   0.564  -0.236   0.000 +1E00AM000t
00042 HIS+1A0172_042 f 0.00  1.000     0  6.98  0  1 -11.222   5.025   2.788   0.342  -0.241   0.000 +1E00BM000t
00043 HIS+1A0172_043 f 0.00  1.000     0  6.98  0  1 -11.483   6.203   0.014  -0.028   0.138   0.000 +1E00DM000t
00044 HIS+1A0172_044 f 0.00  1.000     0  6.98  0  1 -11.693   5.395   2.782   0.554  -0.330   0.000 +1E018M000t
00045 HIS+1A0172_045 f 0.00  1.000     0  6.98  0  1 -11.430   2.169   0.008   0.069  -0.050   0.000 +1T004M000t
00046 HIS+1A0172_046 f 0.00  1.000     0  6.98  0  1 -11.670   1.699   0.007   0.560  -0.084   0.000 +1T006M000t
00047 HIS+1A0172_047 f 0.00  1.000     0  6.98  0  1 -11.711   1.381   0.005   0.492  -0.357   0.000 +1T009M000t
00048 HIS+1A0172_048 f 0.00  1.000     0  6.98  0  1 -11.248   7.008   2.786   0.275  -0.237   0.000 +1T00CM000t
00049 HIS+1A0172_049 f 0.00  1.000     0  6.98  0  1 -11.607   3.194   0.014   0.151  -0.254   0.000 +1T00EM000t
00050 HIS+1A0172_050 f 0.00  1.000     0  6.98  0  1 -11.730   1.066   0.011   0.548  -0.256   0.000 +1T011M000t
00051 HIS+1A0172_051 f 0.00  1.000     0  6.98  0  1 -11.475   1.903   0.007   0.441  -0.308   0.000 +1T012M000t
00052 HIS+1A0172_052 f 0.00  1.000     0  6.98  0  1 -11.455   3.074   0.000   0.795  -0.274   0.000 +1T013M000t
00053 HIS+1A0172_053 f 0.00  1.000     0  6.98  0  1 -11.252   0.911   0.010   0.597  -0.298   0.000 +1T014M000t
00054 HIS+1A0172_054 f 0.00  1.000     0  6.98  0  1 -11.385   5.064   2.785   0.497  -0.275   0.000 +1T016M000t
00055 HIS+1A0172_055 f 0.00  1.000     0  6.98  0  1 -11.526   4.877   2.787   0.482  -0.352   0.000 +1T019M000t
