CONFORMER         crg  vdw0  vdw1  tors  epol  self   occ  Hb     history    ASA
HIS01A0172_001  0.000-11.23  0.99  0.01  0.00-10.22 0.521  00  01O000M000  1.000
HIS01A0172_002  0.000-11.50  0.98  0.01  0.00-10.51 0.520  00  01R001M000  1.000
HIS01A0172_003  0.000-11.66  1.39  0.00  0.00-10.27 0.519  00  01E009M000  1.000
HIS01A0172_004  0.000-11.37  1.75  0.01  0.00 -9.61 0.520  00  01E00AM000  1.000
HIS01A0172_005  0.000-11.34  5.90  0.02  0.00 -5.42 0.518  00  01E00DM000  1.000
HIS01A0172_006  0.000-11.41  3.08  0.00  0.00 -8.33 0.520  00  01E013M000  1.000
HIS01A0172_007  0.000-11.64  5.41  2.78  0.00 -3.45 0.520  00  01E018M000  1.000
HIS01A0172_008  0.000-11.19  5.16  2.79  0.00 -3.24 0.520  00  01T002M000  1.000
HIS01A0172_009  0.000-11.39  2.12  0.01  0.00 -9.27 0.518  00  01T004M000  1.000
HIS01A0172_010  0.000-11.74  1.78  0.01  0.00 -9.96 0.519  00  01T006M000  1.000
HIS01A0172_011  0.000-11.53  2.17  0.01  0.00 -9.34 0.520  00  01T007M000  1.000
HIS01A0172_012  0.000-11.22  5.06  2.79  0.00 -3.37 0.518  00  01T00BM000  1.000
HIS01A0172_013  0.000-11.46  3.05  0.01  0.00 -8.40 0.521  00  01T00EM000  1.000
HIS01A0172_014  0.000-11.76  1.11  0.01  0.00-10.64 0.519  00  01T011M000  1.000
HIS01A0172_015  0.000-11.18  0.92  0.01  0.00-10.25 0.520  00  01T014M000  1.000
HIS01A0172_016  0.000-11.39  5.10  2.79  0.00 -3.50 0.518  00  01T016M000  1.000
HIS01A0172_017  0.000-11.48  4.90  2.79  0.00 -3.79 0.521  00  01T019M000  1.000
HIS02A0172_018  0.000-11.24  0.97  0.01  0.00-10.26 0.521  00  02O000M000  1.000
HIS02A0172_019  0.000-11.51  0.97  0.01  0.00-10.53 0.520  00  02R001M000  1.000
HIS02A0172_020  0.000-11.14  5.13  2.79  0.00 -3.22 0.520  00  02E002M000  1.000
HIS02A0172_021  0.000-11.40  2.14  0.01  0.00 -9.26 0.518  00  02E004M000  1.000
HIS02A0172_022  0.000-11.67  1.70  0.01  0.00 -9.97 0.519  00  02E006M000  1.000
HIS02A0172_023  0.000-11.19  5.03  2.79  0.00 -3.37 0.518  00  02E00BM000  1.000
HIS02A0172_024  0.000-11.45  7.07  2.79  0.00 -1.59 0.518  00  02E00CM000  1.000
HIS02A0172_025  0.000-11.46  6.17  0.01  0.00 -5.27 0.518  00  02E00DM000  1.000
HIS02A0172_026  0.000-11.57  1.93  0.01  0.00 -9.63 0.520  00  02E012M000  1.000
HIS02A0172_027  0.000-11.43  3.08  0.00  0.00 -8.35 0.520  00  02E013M000  1.000
HIS02A0172_028  0.000-11.16  0.91  0.01  0.00-10.24 0.520  00  02E014M000  1.000
HIS02A0172_029  0.000-11.36  5.06  2.78  0.00 -3.52 0.518  00  02E016M000  1.000
HIS02A0172_030  0.000-11.61  2.06  0.02  0.00 -9.54 0.520  00  02T007M000  1.000
HIS02A0172_031  0.000-11.68  1.39  0.00  0.00-10.30 0.519  00  02T009M000  1.000
HIS02A0172_032  0.000-11.44  1.71  0.01  0.00 -9.72 0.520  00  02T00AM000  1.000
HIS02A0172_033  0.000-11.51  3.17  0.01  0.00 -8.33 0.521  00  02T00EM000  1.000
HIS02A0172_034  0.000-11.77  1.06  0.01  0.00-10.70 0.519  00  02T011M000  1.000
HIS02A0172_035  0.000-11.67  5.41  2.78  0.00 -3.48 0.520  00  02T018M000  1.000
HIS02A0172_036  0.000-11.55  4.89  2.79  0.00 -3.87 0.521  00  02T019M000  1.000
HIS+1A0172_037  1.000-11.27  0.97  0.01  0.00-10.29 0.521  00  +1O000M000  1.000
HIS+1A0172_038  1.000-11.17  5.13  2.79  0.00 -3.25 0.520  00  +1E002M000  1.000
HIS+1A0172_039  1.000-11.64  2.05  0.01  0.00 -9.57 0.520  00  +1E007M000  1.000
HIS+1A0172_040  1.000-11.10  0.93  0.01  0.00-10.16 0.519  00  +1E008M000  1.000
HIS+1A0172_041  1.000-11.42  1.73  0.01  0.00 -9.68 0.520  00  +1E00AM000  1.000
HIS+1A0172_042  1.000-11.22  5.03  2.79  0.00 -3.41 0.518  00  +1E00BM000  1.000
HIS+1A0172_043  1.000-11.48  6.19  0.01  0.00 -5.28 0.518  00  +1E00DM000  1.000
HIS+1A0172_044  1.000-11.69  5.40  2.78  0.00 -3.51 0.520  00  +1E018M000  1.000
HIS+1A0172_045  1.000-11.43  2.17  0.01  0.00 -9.25 0.518  00  +1T004M000  1.000
HIS+1A0172_046  1.000-11.67  1.70  0.01  0.00 -9.97 0.519  00  +1T006M000  1.000
HIS+1A0172_047  1.000-11.71  1.38  0.00  0.00-10.33 0.519  00  +1T009M000  1.000
HIS+1A0172_048  1.000-11.25  7.01  2.79  0.00 -1.45 0.518  00  +1T00CM000  1.000
HIS+1A0172_049  1.000-11.61  3.19  0.01  0.00 -8.40 0.521  00  +1T00EM000  1.000
HIS+1A0172_050  1.000-11.73  1.06  0.01  0.00-10.66 0.519  00  +1T011M000  1.000
HIS+1A0172_051  1.000-11.48  1.90  0.01  0.00 -9.57 0.520  00  +1T012M000  1.000
HIS+1A0172_052  1.000-11.46  3.07  0.00  0.00 -8.38 0.520  00  +1T013M000  1.000
HIS+1A0172_053  1.000-11.25  0.91  0.01  0.00-10.33 0.520  00  +1T014M000  1.000
HIS+1A0172_054  1.000-11.38  5.06  2.79  0.00 -3.54 0.518  00  +1T016M000  1.000
HIS+1A0172_055  1.000-11.53  4.89  2.79  0.00 -3.85 0.521  00  +1T019M000  1.000
