   confID        vdw0    sas     sum
HIS01A0172_001  -0.111 -11.115 -11.226
HIS01A0172_002  -0.078 -11.419 -11.497
HIS01A0172_003  -0.205 -11.460 -11.665
HIS01A0172_004  -0.065 -11.374 -11.439
HIS01A0172_005  -0.298 -11.041 -11.339
HIS01A0172_006  -0.207 -11.200 -11.407
HIS01A0172_007  -0.198 -11.445 -11.643
HIS01A0172_008  -0.103 -11.085 -11.188
HIS01A0172_009  -0.091 -11.303 -11.394
HIS01A0172_010  -0.306 -11.482 -11.788
HIS01A0172_011  -0.212 -11.316 -11.529
HIS01A0172_012  -0.033 -11.188 -11.221
HIS01A0172_013  -0.024 -11.437 -11.461
HIS01A0172_014  -0.217 -11.539 -11.756
HIS01A0172_015  -0.066 -11.183 -11.250
HIS01A0172_016  -0.213 -11.112 -11.325
HIS01A0172_017  -0.068 -11.341 -11.409
HIS02A0172_018  -0.129 -11.115 -11.244
HIS02A0172_019  -0.092 -11.419 -11.512
HIS02A0172_020  -0.122 -11.018 -11.139
HIS02A0172_021  -0.116 -11.288 -11.404
HIS02A0172_022  -0.319 -11.350 -11.670
HIS02A0172_023  -0.055 -11.139 -11.194
HIS02A0172_024  -0.079 -11.371 -11.449
HIS02A0172_025  -0.317 -11.140 -11.457
HIS02A0172_026  -0.056 -11.512 -11.567
HIS02A0172_027  -0.228 -11.200 -11.428
HIS02A0172_028  -0.089 -11.069 -11.158
HIS02A0172_029  -0.229 -11.128 -11.358
HIS02A0172_030  -0.228 -11.384 -11.612
HIS02A0172_031  -0.224 -11.460 -11.685
HIS02A0172_032  -0.086 -11.353 -11.440
HIS02A0172_033  -0.047 -11.530 -11.578
HIS02A0172_034  -0.230 -11.539 -11.769
HIS02A0172_035  -0.221 -11.445 -11.666
HIS02A0172_036  -0.089 -11.460 -11.549
HIS+1A0172_037  -0.156 -11.115 -11.271
HIS+1A0172_038  -0.149 -11.018 -11.166
HIS+1A0172_039  -0.254 -11.384 -11.638
HIS+1A0172_040  -0.085 -11.085 -11.170
HIS+1A0172_041  -0.113 -11.306 -11.419
HIS+1A0172_042  -0.083 -11.139 -11.222
HIS+1A0172_043  -0.343 -11.140 -11.483
HIS+1A0172_044  -0.248 -11.445 -11.693
HIS+1A0172_045  -0.142 -11.288 -11.430
HIS+1A0172_046  -0.346 -11.324 -11.670
HIS+1A0172_047  -0.251 -11.460 -11.711
HIS+1A0172_048  -0.106 -11.141 -11.248
HIS+1A0172_049  -0.073 -11.534 -11.607
HIS+1A0172_050  -0.258 -11.472 -11.730
HIS+1A0172_051  -0.080 -11.395 -11.475
HIS+1A0172_052  -0.255 -11.200 -11.455
HIS+1A0172_053  -0.116 -11.136 -11.252
HIS+1A0172_054  -0.256 -11.128 -11.385
HIS+1A0172_055  -0.117 -11.409 -11.526
