iConf CONFORMER     FL  occ    crg   Em0  pKa0 ne nH    vdw0    vdw1    tors    epol   dsolv   extra    history
00001 LYS01A0234_001 f 0.00  0.000     0  0.00  0  0 -12.196   8.823   1.369  -0.014   0.081   0.000 01O000M000t
00002 LYS01A0234_002 f 0.00  0.000     0  0.00  0  0 -11.717   4.922   3.775  -0.015  -0.048   0.000 01E005M000t
00003 LYS01A0234_003 f 0.00  0.000     0  0.00  0  0 -11.924   2.287   1.672  -0.010   0.070   0.000 01E014M000t
00004 LYS01A0234_004 f 0.00  0.000     0  0.00  0  0 -12.090   2.153   1.247  -0.011  -0.103   0.000 01E015M000t
00005 LYS01A0234_005 f 0.00  0.000     0  0.00  0  0 -11.961   3.395   3.444  -0.097  -0.033   0.000 01E023M000t
00006 LYS01A0234_006 f 0.00  0.000     0  0.00  0  0 -12.513   3.634   1.416  -0.015   0.007   0.000 01E02EM000t
00007 LYS01A0234_007 f 0.00  0.000     0  0.00  0  0 -11.711   2.595   2.066  -0.019  -0.012   0.000 01E02FM000t
00008 LYS01A0234_008 f 0.00  0.000     0  0.00  0  0 -10.808   3.122   3.708  -0.020  -0.036   0.000 01E055M000t
00009 LYS01A0234_009 f 0.00  0.000     0  0.00  0  0 -11.040   5.286   1.655  -0.019  -0.039   0.000 01E07EM000t
00010 LYS01A0234_010 f 0.00  0.000     0  0.00  0  0 -10.160   3.930   4.483  -0.010  -0.156   0.000 01E0ADM000t
00011 LYS01A0234_011 f 0.00  0.000     0  0.00  0  0 -11.641   4.017   1.892  -0.015  -0.080   0.000 01T007M000t
00012 LYS01A0234_012 f 0.00  0.000     0  0.00  0  0 -12.039   4.984   3.647  -0.018  -0.016   0.000 01T01FM000t
00013 LYS01A0234_013 f 0.00  0.000     0  0.00  0  0 -10.741   4.061   2.475  -0.013   0.013   0.000 01T032M000t
00014 LYS01A0234_014 f 0.00  0.000     0  0.00  0  0 -11.691   3.768   4.024  -0.016  -0.134   0.000 01T04BM000t
00015 LYS01A0234_015 f 0.00  0.000     0  0.00  0  0 -11.211   7.669   1.124  -0.032   0.135   0.000 01T04FM000t
00016 LYS01A0234_016 f 0.00  0.000     0  0.00  0  0 -11.269   7.418   1.564  -0.017   0.088   0.000 01T050M000t
00017 LYS01A0234_017 f 0.00  0.000     0  0.00  0  0  -9.307   2.087   2.920  -0.004  -0.141   0.000 01T068M000t
00018 LYS01A0234_018 f 0.00  0.000     0  0.00  0  0 -10.160   5.247   1.797  -0.012  -0.121   0.000 01T077M000t
00019 LYS01A0234_019 f 0.00  0.000     0  0.00  0  0 -10.469   4.706   4.274   0.112   0.243   0.000 01T084M000t
00020 LYS01A0234_020 f 0.00  0.000     0  0.00  0  0 -11.578   4.041   1.792  -0.019  -0.037   0.000 01T0B2M000t
00021 LYS+1A0234_021 f 0.00  1.000     0 10.40  0  1 -12.245   8.822   1.369   0.063  -0.109   0.000 +1O000M000t
00022 LYS+1A0234_022 f 0.00  1.000     0 10.40  0  1 -11.757   4.984   3.779   0.098  -0.169   0.000 +1E005M000t
00023 LYS+1A0234_023 f 0.00  1.000     0 10.40  0  1 -12.040   2.278   1.678   0.052  -0.217   0.000 +1E014M000t
00024 LYS+1A0234_024 f 0.00  1.000     0 10.40  0  1 -12.560   3.625   1.423   0.109  -0.187   0.000 +1E02EM000t
00025 LYS+1A0234_025 f 0.00  1.000     0 10.40  0  1 -10.777   4.074   2.479   0.058  -0.215   0.000 +1E032M000t
00026 LYS+1A0234_026 f 0.00  1.000     0 10.40  0  1 -11.348   7.691   1.138   0.147  -0.007   0.000 +1E04FM000t
00027 LYS+1A0234_027 f 0.00  1.000     0 10.40  0  1  -9.483   2.088   2.987   0.110   0.119   0.000 +1E068M000t
00028 LYS+1A0234_028 f 0.00  1.000     0 10.40  0  1 -10.212   5.246   1.800  -0.003  -0.073   0.000 +1E077M000t
00029 LYS+1A0234_029 f 0.00  1.000     0 10.40  0  1 -11.101   5.271   1.658  -0.094  -0.265   0.000 +1E07EM000t
00030 LYS+1A0234_030 f 0.00  1.000     0 10.40  0  1 -10.433   4.694   4.279   0.570   0.512   0.000 +1E084M000t
00031 LYS+1A0234_031 f 0.00  1.000     0 10.40  0  1 -11.582   4.040   1.800   0.076   0.031   0.000 +1E0B2M000t
00032 LYS+1A0234_032 f 0.00  1.000     0 10.40  0  1 -11.840   4.032   1.908   0.061  -0.213   0.000 +1T007M000t
00033 LYS+1A0234_033 f 0.00  1.000     0 10.40  0  1 -12.021   2.147   1.246   0.050  -0.187   0.000 +1T015M000t
00034 LYS+1A0234_034 f 0.00  1.000     0 10.40  0  1 -12.176   5.042   3.662   0.074  -0.462   0.000 +1T01FM000t
00035 LYS+1A0234_035 f 0.00  1.000     0 10.40  0  1 -12.073   3.378   3.444   0.297  -0.153   0.000 +1T023M000t
00036 LYS+1A0234_036 f 0.00  1.000     0 10.40  0  1 -11.816   2.608   2.073   0.109  -0.340   0.000 +1T02FM000t
00037 LYS+1A0234_037 f 0.00  1.000     0 10.40  0  1 -11.681   3.783   4.096   0.071  -0.131   0.000 +1T04BM000t
00038 LYS+1A0234_038 f 0.00  1.000     0 10.40  0  1 -11.345   7.453   1.562   0.142  -0.072   0.000 +1T050M000t
00039 LYS+1A0234_039 f 0.00  1.000     0 10.40  0  1 -10.868   3.102   3.720   0.120   0.071   0.000 +1T055M000t
00040 LYS+1A0234_040 f 0.00  1.000     0 10.40  0  1 -10.134   3.918   4.515   0.067  -0.222   0.000 +1T0ADM000t
