   confID        vdw0    sas     sum
LYS01A0234_001   0.421 -12.617 -12.196
LYS01A0234_002   1.004 -12.721 -11.717
LYS01A0234_003   1.102 -13.026 -11.924
LYS01A0234_004   0.505 -12.595 -12.090
LYS01A0234_005   0.545 -12.505 -11.961
LYS01A0234_006   0.385 -12.897 -12.513
LYS01A0234_007   1.138 -12.850 -11.711
LYS01A0234_008   1.766 -12.573 -10.808
LYS01A0234_009   1.414 -12.454 -11.040
LYS01A0234_010   2.370 -12.531 -10.160
LYS01A0234_011   0.921 -12.563 -11.641
LYS01A0234_012   0.652 -12.691 -12.039
LYS01A0234_013   1.783 -12.524 -10.741
LYS01A0234_014   1.198 -12.888 -11.691
LYS01A0234_015   0.889 -12.100 -11.211
LYS01A0234_016   1.384 -12.653 -11.269
LYS01A0234_017   3.200 -12.506  -9.307
LYS01A0234_018   1.979 -12.139 -10.160
LYS01A0234_019   2.087 -12.556 -10.469
LYS01A0234_020   0.960 -12.538 -11.578
LYS+1A0234_021   0.373 -12.617 -12.245
LYS+1A0234_022   0.963 -12.721 -11.757
LYS+1A0234_023   1.053 -13.094 -12.040
LYS+1A0234_024   0.337 -12.897 -12.560
LYS+1A0234_025   1.734 -12.511 -10.777
LYS+1A0234_026   0.820 -12.168 -11.348
LYS+1A0234_027   3.126 -12.609  -9.483
LYS+1A0234_028   1.927 -12.139 -10.212
LYS+1A0234_029   1.353 -12.454 -11.101
LYS+1A0234_030   1.994 -12.427 -10.433
LYS+1A0234_031   0.892 -12.474 -11.582
LYS+1A0234_032   0.855 -12.695 -11.840
LYS+1A0234_033   0.458 -12.479 -12.021
LYS+1A0234_034   0.605 -12.781 -12.176
LYS+1A0234_035   0.500 -12.573 -12.073
LYS+1A0234_036   1.085 -12.901 -11.816
LYS+1A0234_037   1.168 -12.850 -11.681
LYS+1A0234_038   1.308 -12.653 -11.345
LYS+1A0234_039   1.705 -12.573 -10.868
LYS+1A0234_040   2.335 -12.469 -10.134
