iConf CONFORMER     FL  occ    crg   Em0  pKa0 ne nH    vdw0    vdw1    tors    epol   dsolv   extra    history
00001 HIS01A0025_001 f 0.00  0.000     0  0.00  0  0 -11.163   0.898   0.279   0.291   0.360   0.000 01O000M000t
00002 HIS01A0025_002 f 0.00  0.000     0  0.00  0  0 -11.126   0.898   0.279   0.304  -0.147   0.000 01R001M000t
00003 HIS01A0025_003 f 0.00  0.000     0  0.00  0  0 -11.648   6.289   2.484   0.415   0.570   0.000 01E002M000t
00004 HIS01A0025_004 f 0.00  0.000     0  0.00  0  0 -11.248   3.701   2.488   0.316   0.358   0.000 01E004M000t
00005 HIS01A0025_005 f 0.00  0.000     0  0.00  0  0 -11.317   1.932   0.190   0.198   0.523   0.000 01E008M000t
00006 HIS01A0025_006 f 0.00  0.000     0  0.00  0  0 -11.384   1.945   0.230   0.394   0.521   0.000 01E00CM000t
00007 HIS01A0025_007 f 0.00  0.000     0  0.00  0  0 -11.735   4.458   2.405   0.397   0.454   0.000 01E00EM000t
00008 HIS01A0025_008 f 0.00  0.000     0  0.00  0  0 -11.430   1.303   0.209   0.367   0.278   0.000 01T005M000t
00009 HIS01A0025_009 f 0.00  0.000     0  0.00  0  0 -11.005   2.327   0.226   0.438   0.274   0.000 01T006M000t
00010 HIS01A0025_010 f 0.00  0.000     0  0.00  0  0 -11.512   3.484   0.223   0.093   0.417   0.000 01T009M000t
00011 HIS01A0025_011 f 0.00  0.000     0  0.00  0  0 -11.533   6.339   2.484   0.207   0.351   0.000 01T00AM000t
00012 HIS01A0025_012 f 0.00  0.000     0  0.00  0  0 -11.458   1.792   0.193   0.430   0.460   0.000 01T00BM000t
00013 HIS01A0025_013 f 0.00  0.000     0  0.00  0  0 -11.744   2.465   0.186  -0.111   0.549   0.000 01T00DM000t
00014 HIS01A0025_014 f 0.00  0.000     0  0.00  0  0 -11.633   4.666   2.390   0.353   0.270   0.000 01T00FM000t
00015 HIS01A0025_015 f 0.00  0.000     0  0.00  0  0 -11.507   3.699   2.488   0.279   0.359   0.000 01T010M000t
00016 HIS01A0025_016 f 0.00  0.000     0  0.00  0  0 -11.627   5.246   2.431   0.122   0.326   0.000 01T011M000t
00017 HIS01A0025_017 f 0.00  0.000     0  0.00  0  0 -11.974   5.745   2.441   0.189   0.429   0.000 01T012M000t
00018 HIS02A0025_018 f 0.00  0.000     0  0.00  0  0 -11.184   0.865   0.279   0.214   0.097   0.000 02O000M000t
00019 HIS02A0025_019 f 0.00  0.000     0  0.00  0  0 -11.138   0.888   0.279   0.265   0.166   0.000 02R001M000t
00020 HIS02A0025_020 f 0.00  0.000     0  0.00  0  0 -11.536   6.257   2.479   0.207   0.429   0.000 02E002M000t
00021 HIS02A0025_021 f 0.00  0.000     0  0.00  0  0 -11.199   3.684   2.482   0.238   0.197   0.000 02E004M000t
00022 HIS02A0025_022 f 0.00  0.000     0  0.00  0  0 -11.433   3.374   0.228   0.628   0.493   0.000 02E009M000t
00023 HIS02A0025_023 f 0.00  0.000     0  0.00  0  0 -11.548   6.290   2.477   0.218   0.223   0.000 02E00AM000t
00024 HIS02A0025_024 f 0.00  0.000     0  0.00  0  0 -11.724   2.464   0.177   0.252   0.216   0.000 02E00DM000t
00025 HIS02A0025_025 f 0.00  0.000     0  0.00  0  0 -11.705   4.466   2.388   0.310   0.282   0.000 02E00EM000t
00026 HIS02A0025_026 f 0.00  0.000     0  0.00  0  0 -11.539   4.626   2.374   0.237  -0.012   0.000 02E00FM000t
00027 HIS02A0025_027 f 0.00  0.000     0  0.00  0  0 -11.525   3.680   2.482   0.190   0.304   0.000 02E010M000t
00028 HIS02A0025_028 f 0.00  0.000     0  0.00  0  0 -11.289   1.571   0.233   0.086   0.078   0.000 02T003M000t
00029 HIS02A0025_029 f 0.00  0.000     0  0.00  0  0 -11.385   1.298   0.208   0.285   0.052   0.000 02T005M000t
00030 HIS02A0025_030 f 0.00  0.000     0  0.00  0  0 -10.958   2.329   0.225   0.367   0.216   0.000 02T006M000t
00031 HIS02A0025_031 f 0.00  0.000     0  0.00  0  0 -11.317   1.894   0.178   0.259   0.386   0.000 02T008M000t
00032 HIS02A0025_032 f 0.00  0.000     0  0.00  0  0 -11.539   1.768   0.196   0.287   0.097   0.000 02T00BM000t
00033 HIS02A0025_033 f 0.00  0.000     0  0.00  0  0 -11.318   2.202   0.228  -0.071   0.364   0.000 02T00CM000t
00034 HIS02A0025_034 f 0.00  0.000     0  0.00  0  0 -11.964   5.405   2.435   0.303   0.203   0.000 02T011M000t
00035 HIS02A0025_035 f 0.00  0.000     0  0.00  0  0 -12.099   5.656   2.433   0.224   0.170   0.000 02T012M000t
00036 HIS+1A0025_036 f 0.00  1.000     0  6.98  0  1 -11.210   0.863   0.279   0.508  -0.558   0.000 +1O000M000t
00037 HIS+1A0025_037 f 0.00  1.000     0  6.98  0  1 -11.318   1.293   0.213   0.539  -0.251   0.000 +1E005M000t
00038 HIS+1A0025_038 f 0.00  1.000     0  6.98  0  1 -11.409   3.320   0.238   1.205  -0.015   0.000 +1E009M000t
00039 HIS+1A0025_039 f 0.00  1.000     0  6.98  0  1 -11.510   6.298   2.489   0.396  -0.489   0.000 +1E00AM000t
00040 HIS+1A0025_040 f 0.00  1.000     0  6.98  0  1 -11.566   1.786   0.205   0.779  -0.307   0.000 +1E00BM000t
00041 HIS+1A0025_041 f 0.00  1.000     0  6.98  0  1 -11.344   2.263   0.240   0.355  -0.635   0.000 +1E00CM000t
00042 HIS+1A0025_042 f 0.00  1.000     0  6.98  0  1 -11.533   6.256   2.491   0.330  -0.234   0.000 +1T002M000t
00043 HIS+1A0025_043 f 0.00  1.000     0  6.98  0  1 -11.188   1.596   0.244   0.502  -0.509   0.000 +1T003M000t
00044 HIS+1A0025_044 f 0.00  1.000     0  6.98  0  1 -11.224   3.697   2.490   0.593  -0.391   0.000 +1T004M000t
00045 HIS+1A0025_045 f 0.00  1.000     0  6.98  0  1 -11.116   2.307   0.228   0.673  -0.324   0.000 +1T006M000t
00046 HIS+1A0025_046 f 0.00  1.000     0  6.98  0  1 -11.257   0.835   0.251   0.551  -0.273   0.000 +1T007M000t
00047 HIS+1A0025_047 f 0.00  1.000     0  6.98  0  1 -11.365   1.898   0.188   0.544  -0.153   0.000 +1T008M000t
00048 HIS+1A0025_048 f 0.00  1.000     0  6.98  0  1 -11.867   2.451   0.195   0.828  -0.054   0.000 +1T00DM000t
00049 HIS+1A0025_049 f 0.00  1.000     0  6.98  0  1 -11.758   4.434   2.416   0.645  -0.334   0.000 +1T00EM000t
00050 HIS+1A0025_050 f 0.00  1.000     0  6.98  0  1 -11.681   4.653   2.394   0.574  -0.259   0.000 +1T00FM000t
00051 HIS+1A0025_051 f 0.00  1.000     0  6.98  0  1 -11.551   3.692   2.490   0.577  -0.412   0.000 +1T010M000t
00052 HIS+1A0025_052 f 0.00  1.000     0  6.98  0  1 -11.940   5.394   2.445   0.748  -0.199   0.000 +1T011M000t
00053 HIS+1A0025_053 f 0.00  1.000     0  6.98  0  1 -12.015   5.663   2.443   0.578  -0.454   0.000 +1T012M000t
