CONFORMER         crg  vdw0  vdw1  tors  epol  self   occ  Hb     history    ASA
HIS01A0025_001  0.000-11.16  0.90  0.28  0.00 -9.99 0.526  00  01O000M000  1.000
HIS01A0025_002  0.000-11.71  6.27  2.48  0.00 -2.96 0.527  00  01E002M000  1.000
HIS01A0025_003  0.000-11.28  1.63  0.24  0.00 -9.41 0.526  00  01E003M000  1.000
HIS01A0025_004  0.000-11.09  2.32  0.23  0.00 -8.55 0.529  00  01E006M000  1.000
HIS01A0025_005  0.000-11.05  0.86  0.25  0.00 -9.94 0.529  00  01E007M000  1.000
HIS01A0025_006  0.000-11.57  3.70  2.49  0.00 -5.38 0.526  00  01E010M000  1.000
HIS01A0025_007  0.000-12.09  5.73  2.44  0.00 -3.91 0.525  00  01E012M000  1.000
HIS01A0025_008  0.000-11.25  3.71  2.49  0.00 -5.05 0.527  00  01T004M000  1.000
HIS01A0025_009  0.000-11.43  1.30  0.21  0.00 -9.92 0.526  00  01T005M000  1.000
HIS01A0025_010  0.000-11.40  1.93  0.19  0.00 -9.29 0.528  00  01T008M000  1.000
HIS01A0025_011  0.000-11.51  3.48  0.22  0.00 -7.81 0.526  00  01T009M000  1.000
HIS01A0025_012  0.000-11.53  6.33  2.49  0.00 -2.72 0.522  00  01T00AM000  1.000
HIS01A0025_013  0.000-11.46  1.79  0.19  0.00 -9.47 0.528  00  01T00BM000  1.000
HIS01A0025_014  0.000-11.71  4.45  2.40  0.00 -4.86 0.526  00  01T00EM000  1.000
HIS01A0025_015  0.000-11.59  4.66  2.39  0.00 -4.53 0.524  00  01T00FM000  1.000
HIS01A0025_016  0.000-11.69  5.26  2.43  0.00 -4.01 0.526  00  01T011M000  1.000
HIS02A0025_017  0.000-11.18  0.86  0.28  0.00-10.04 0.526  00  02O000M000  1.000
HIS02A0025_018  0.000-11.09  0.89  0.28  0.00 -9.92 0.527  00  02R001M000  1.000
HIS02A0025_019  0.000-11.54  6.26  2.48  0.00 -2.80 0.527  00  02E002M000  1.000
HIS02A0025_020  0.000-11.22  1.29  0.21  0.00 -9.72 0.526  00  02E005M000  1.000
HIS02A0025_021  0.000-11.43  3.38  0.23  0.00 -7.83 0.526  00  02E009M000  1.000
HIS02A0025_022  0.000-11.54  1.77  0.20  0.00 -9.57 0.528  00  02E00BM000  1.000
HIS02A0025_023  0.000-11.27  2.20  0.23  0.00 -8.84 0.528  00  02E00CM000  1.000
HIS02A0025_024  0.000-11.71  4.46  2.39  0.00 -4.86 0.526  00  02E00EM000  1.000
HIS02A0025_025  0.000-11.54  4.63  2.37  0.00 -4.54 0.524  00  02E00FM000  1.000
HIS02A0025_026  0.000-11.52  3.68  2.48  0.00 -5.36 0.526  00  02E010M000  1.000
HIS02A0025_027  0.000-11.88  5.40  2.44  0.00 -4.05 0.526  00  02E011M000  1.000
HIS02A0025_028  0.000-12.15  5.65  2.43  0.00 -4.07 0.525  00  02E012M000  1.000
HIS02A0025_029  0.000-11.22  1.57  0.23  0.00 -9.42 0.526  00  02T003M000  1.000
HIS02A0025_030  0.000-11.20  3.69  2.48  0.00 -5.02 0.527  00  02T004M000  1.000
HIS02A0025_031  0.000-10.96  2.32  0.22  0.00 -8.41 0.529  00  02T006M000  1.000
HIS02A0025_032  0.000-11.32  1.89  0.18  0.00 -9.24 0.528  00  02T008M000  1.000
HIS02A0025_033  0.000-11.62  6.30  2.48  0.00 -2.84 0.522  00  02T00AM000  1.000
HIS02A0025_034  0.000-11.84  2.47  0.18  0.00 -9.19 0.525  00  02T00DM000  1.000
HIS+1A0025_035  1.000-11.21  0.86  0.28  0.00-10.07 0.526  00  +1O000M000  1.000
HIS+1A0025_036  1.000-11.26  1.62  0.24  0.00 -9.39 0.526  00  +1E003M000  1.000
HIS+1A0025_037  1.000-11.22  3.69  2.49  0.00 -5.05 0.527  00  +1E004M000  1.000
HIS+1A0025_038  1.000-11.13  2.30  0.23  0.00 -8.61 0.529  00  +1E006M000  1.000
HIS+1A0025_039  1.000-11.05  0.83  0.25  0.00 -9.96 0.529  00  +1E007M000  1.000
HIS+1A0025_040  1.000-11.36  1.89  0.19  0.00 -9.28 0.528  00  +1E008M000  1.000
HIS+1A0025_041  1.000-11.51  6.29  2.49  0.00 -2.73 0.522  00  +1E00AM000  1.000
HIS+1A0025_042  1.000-11.55  3.67  2.49  0.00 -5.39 0.526  00  +1E010M000  1.000
HIS+1A0025_043  1.000-11.86  5.39  2.44  0.00 -4.02 0.526  00  +1E011M000  1.000
HIS+1A0025_044  1.000-11.53  6.26  2.49  0.00 -2.78 0.527  00  +1T002M000  1.000
HIS+1A0025_045  1.000-11.41  1.29  0.21  0.00 -9.91 0.526  00  +1T005M000  1.000
HIS+1A0025_046  1.000-11.41  3.32  0.24  0.00 -7.85 0.526  00  +1T009M000  1.000
HIS+1A0025_047  1.000-11.57  1.78  0.21  0.00 -9.58 0.528  00  +1T00BM000  1.000
HIS+1A0025_048  1.000-11.34  2.26  0.24  0.00 -8.84 0.528  00  +1T00CM000  1.000
HIS+1A0025_049  1.000-11.87  2.46  0.19  0.00 -9.22 0.525  00  +1T00DM000  1.000
HIS+1A0025_050  1.000-11.82  4.43  2.41  0.00 -4.98 0.526  00  +1T00EM000  1.000
HIS+1A0025_051  1.000-11.63  4.65  2.40  0.00 -4.59 0.524  00  +1T00FM000  1.000
HIS+1A0025_052  1.000-12.02  5.66  2.44  0.00 -3.92 0.525  00  +1T012M000  1.000
