   confID        vdw0    sas     sum
HIS01A0025_001  -0.088 -11.075 -11.163
HIS01A0025_002  -0.079 -11.569 -11.648
HIS01A0025_003  -0.093 -11.185 -11.278
HIS01A0025_004  -0.152 -10.938 -11.090
HIS01A0025_005  -0.109 -11.009 -11.118
HIS01A0025_006  -0.112 -11.394 -11.506
HIS01A0025_007  -0.295 -11.726 -12.021
HIS01A0025_008  -0.094 -11.156 -11.250
HIS01A0025_009  -0.157 -11.274 -11.430
HIS01A0025_010  -0.292 -11.112 -11.404
HIS01A0025_011  -0.298 -11.214 -11.512
HIS01A0025_012  -0.105 -11.428 -11.533
HIS01A0025_013  -0.154 -11.304 -11.458
HIS01A0025_014  -0.151 -11.556 -11.707
HIS01A0025_015  -0.158 -11.475 -11.633
HIS01A0025_016  -0.290 -11.337 -11.627
HIS02A0025_017  -0.109 -11.075 -11.184
HIS02A0025_018  -0.038 -11.100 -11.138
HIS02A0025_019  -0.101 -11.435 -11.536
HIS02A0025_020  -0.179 -11.043 -11.222
HIS02A0025_021  -0.313 -11.120 -11.433
HIS02A0025_022  -0.171 -11.368 -11.539
HIS02A0025_023  -0.117 -11.149 -11.266
HIS02A0025_024  -0.172 -11.533 -11.705
HIS02A0025_025  -0.179 -11.360 -11.539
HIS02A0025_026  -0.131 -11.394 -11.525
HIS02A0025_027  -0.308 -11.621 -11.929
HIS02A0025_028  -0.308 -11.839 -12.148
HIS02A0025_029  -0.110 -11.179 -11.289
HIS02A0025_030  -0.110 -11.089 -11.198
HIS02A0025_031  -0.174 -10.784 -10.958
HIS02A0025_032  -0.309 -11.008 -11.317
HIS02A0025_033  -0.124 -11.492 -11.616
HIS02A0025_034  -0.309 -11.531 -11.840
HIS+1A0025_035  -0.135 -11.075 -11.210
HIS+1A0025_036  -0.138 -11.121 -11.259
HIS+1A0025_037  -0.136 -11.089 -11.224
HIS+1A0025_038  -0.199 -10.935 -11.134
HIS+1A0025_039  -0.153 -10.893 -11.046
HIS+1A0025_040  -0.336 -11.029 -11.365
HIS+1A0025_041  -0.150 -11.360 -11.510
HIS+1A0025_042  -0.157 -11.394 -11.552
HIS+1A0025_043  -0.335 -11.526 -11.860
HIS+1A0025_044  -0.126 -11.407 -11.533
HIS+1A0025_045  -0.208 -11.206 -11.414
HIS+1A0025_046  -0.340 -11.068 -11.408
HIS+1A0025_047  -0.198 -11.368 -11.566
HIS+1A0025_048  -0.143 -11.201 -11.344
HIS+1A0025_049  -0.336 -11.531 -11.867
HIS+1A0025_050  -0.202 -11.556 -11.758
HIS+1A0025_051  -0.207 -11.475 -11.681
HIS+1A0025_052  -0.336 -11.679 -12.015
