CONFORMER         crg  vdw0  vdw1  tors  epol  self   occ  Hb     history    ASA
LYS01A0143_001  0.000-11.68  1.04  0.82  0.00 -9.82 0.502  00  01O000M000  1.000
LYS01A0143_002  0.000-11.17  1.56  4.25  0.00 -5.36 0.502  00  01E01BM000  1.000
LYS01A0143_003  0.000 -9.76  1.35  2.05  0.00 -6.36 0.501  00  01E023M000  1.000
LYS01A0143_004  0.000-10.97  1.35  1.53  0.00 -8.09 0.502  00  01E029M000  1.000
LYS01A0143_005  0.000-11.52  1.77  4.36  0.00 -5.39 0.502  00  01E039M000  1.000
LYS01A0143_006  0.000 -5.80  1.31  4.18  0.00 -0.31 0.502  00  01E05CM000  1.000
LYS01A0143_007  0.000-10.11  2.52  4.22  0.00 -3.36 0.502  00  01E075M000  1.000
LYS01A0143_008  0.000-10.26  1.57  4.20  0.00 -4.49 0.502  00  01E094M000  1.000
LYS01A0143_009  0.000-10.40  4.16  1.45  0.00 -4.80 0.502  00  01E0B9M000  1.000
LYS01A0143_010  0.000 -8.45  1.41  2.05  0.00 -4.99 0.501  00  01E0D6M000  1.000
LYS01A0143_011  0.000 -9.76  1.49  1.54  0.00 -6.73 0.502  00  01E0DDM000  1.000
LYS01A0143_012  0.000-11.15  0.95  0.92  0.00 -9.28 0.502  00  01T010M000  1.000
LYS01A0143_013  0.000-10.79  1.46  0.92  0.00 -8.41 0.502  00  01T019M000  1.000
LYS01A0143_014  0.000-10.32  1.38  1.49  0.00 -7.45 0.502  00  01T021M000  1.000
LYS01A0143_015  0.000 -9.63  1.16  2.06  0.00 -6.40 0.502  00  01T027M000  1.000
LYS01A0143_016  0.000 -6.28  0.98  3.55  0.00 -1.75 0.502  00  01T042M000  1.000
LYS01A0143_017  0.000-11.06  6.28  3.61  0.00 -1.16 0.502  00  01T045M000  1.000
LYS01A0143_018  0.000-11.97  2.11  3.63  0.00 -6.23 0.502  00  01T059M000  1.000
LYS01A0143_019  0.000-10.37  1.46  4.18  0.00 -4.73 0.502  00  01T0A1M000  1.000
LYS01A0143_020  0.000 -9.92  1.82  4.20  0.00 -3.90 0.502  00  01T0C0M000  1.000
LYS+1A0143_021  1.000-11.73  1.04  0.82  0.00 -9.87 0.502  00  +1O000M000  1.000
LYS+1A0143_022  1.000-11.23  0.94  0.92  0.00 -9.36 0.502  00  +1E010M000  1.000
LYS+1A0143_023  1.000-11.22  1.56  4.25  0.00 -5.41 0.502  00  +1E01BM000  1.000
LYS+1A0143_024  1.000 -9.67  1.16  2.07  0.00 -6.44 0.502  00  +1E027M000  1.000
LYS+1A0143_025  1.000-11.03  1.35  1.53  0.00 -8.14 0.502  00  +1E029M000  1.000
LYS+1A0143_026  1.000 -6.37  0.98  3.56  0.00 -1.83 0.502  00  +1E042M000  1.000
LYS+1A0143_027  1.000-11.97  2.10  3.64  0.00 -6.23 0.502  00  +1E059M000  1.000
LYS+1A0143_028  1.000-10.14  2.52  4.22  0.00 -3.40 0.502  00  +1E075M000  1.000
LYS+1A0143_029  1.000-10.83  1.46  0.92  0.00 -8.45 0.502  00  +1T019M000  1.000
LYS+1A0143_030  1.000-10.25  1.38  1.48  0.00 -7.38 0.502  00  +1T021M000  1.000
LYS+1A0143_031  1.000 -9.80  1.35  2.05  0.00 -6.39 0.501  00  +1T023M000  1.000
LYS+1A0143_032  1.000-11.53  1.78  4.36  0.00 -5.39 0.502  00  +1T039M000  1.000
LYS+1A0143_033  1.000-11.08  6.28  3.61  0.00 -1.18 0.502  00  +1T045M000  1.000
LYS+1A0143_034  1.000 -5.89  1.30  4.18  0.00 -0.41 0.502  00  +1T05CM000  1.000
LYS+1A0143_035  1.000-10.31  1.57  4.20  0.00 -4.54 0.502  00  +1T094M000  1.000
LYS+1A0143_036  1.000-10.44  1.46  4.18  0.00 -4.81 0.502  00  +1T0A1M000  1.000
LYS+1A0143_037  1.000-10.53  4.13  1.45  0.00 -4.96 0.502  00  +1T0B9M000  1.000
LYS+1A0143_038  1.000 -9.97  1.82  4.20  0.00 -3.95 0.502  00  +1T0C0M000  1.000
LYS+1A0143_039  1.000 -8.66  1.40  2.05  0.00 -5.21 0.501  00  +1T0D6M000  1.000
LYS+1A0143_040  1.000 -9.90  1.49  1.54  0.00 -6.88 0.502  00  +1T0DDM000  1.000
