   confID        vdw0    sas     sum
LYS01A0143_001   0.426 -12.105 -11.679
LYS01A0143_002   2.313 -12.630 -10.317
LYS01A0143_003   2.367 -11.761  -9.395
LYS01A0143_004   1.321 -12.202 -10.881
LYS01A0143_005   0.923 -12.608 -11.685
LYS01A0143_006   1.106 -12.406 -11.300
LYS01A0143_007   2.027 -11.927  -9.900
LYS01A0143_008   2.444 -12.158  -9.714
LYS01A0143_009   3.773 -11.676  -7.903
LYS01A0143_010   3.745 -12.062  -8.317
LYS01A0143_011   1.824 -12.120 -10.296
LYS01A0143_012   0.900 -12.453 -11.553
LYS01A0143_013   1.336 -12.247 -10.911
LYS01A0143_014   1.012 -12.276 -11.264
LYS01A0143_015   1.478 -12.647 -11.169
LYS01A0143_016   1.488 -12.312 -10.824
LYS01A0143_017   0.925 -12.798 -11.873
LYS01A0143_018   1.655 -12.370 -10.715
LYS01A0143_019   3.733 -12.572  -8.840
LYS01A0143_020   2.031 -12.484 -10.453
LYS+1A0143_021   0.380 -12.105 -11.725
LYS+1A0143_022   0.855 -12.415 -11.560
LYS+1A0143_023   2.311 -11.761  -9.451
LYS+1A0143_024   0.959 -12.189 -11.230
LYS+1A0143_025   1.439 -12.248 -10.809
LYS+1A0143_026   1.926 -11.927 -10.001
LYS+1A0143_027   1.979 -12.484 -10.505
LYS+1A0143_028   2.412 -12.094  -9.682
LYS+1A0143_029   1.729 -12.120 -10.391
LYS+1A0143_030   1.295 -12.247 -10.952
LYS+1A0143_031   2.313 -12.563 -10.249
LYS+1A0143_032   1.270 -12.202 -10.932
LYS+1A0143_033   0.871 -12.608 -11.737
LYS+1A0143_034   1.435 -12.608 -11.173
LYS+1A0143_035   1.044 -12.406 -11.363
LYS+1A0143_036   0.875 -12.849 -11.974
LYS+1A0143_037   1.593 -12.370 -10.777
LYS+1A0143_038   3.663 -12.637  -8.974
LYS+1A0143_039   3.742 -11.676  -7.934
LYS+1A0143_040   3.651 -12.062  -8.411
