CONFORMER         crg  vdw0  vdw1  tors  epol  self   occ  Hb     history    ASA
ARG01A0171_001  0.000-13.80  1.20  0.62  0.00-11.98 0.502  00  01O000M000  1.000
ARG01A0171_002  0.000-13.31  0.93  1.02  0.00-11.35 0.502  00  01E00DM000  1.000
ARG01A0171_003  0.000-11.85  4.80  0.75  0.00 -6.31 0.502  00  01E016M000  1.000
ARG01A0171_004  0.000-12.08  0.47  0.97  0.00-10.63 0.502  00  01E040M000  1.000
ARG01A0171_005  0.000-12.66  1.88  3.43  0.00 -7.35 0.502  00  01E056M000  1.000
ARG01A0171_006  0.000-12.38  0.65  1.07  0.00-10.65 0.502  00  01E05AM000  1.000
ARG01A0171_007  0.000-10.74  0.88  0.48  0.00 -9.37 0.502  00  01E05DM000  1.000
ARG01A0171_008  0.000-12.04  1.00  1.09  0.00 -9.95 0.501  00  01E077M000  1.000
ARG01A0171_009  0.000-11.31  0.88  3.39  0.00 -7.04 0.502  00  01E097M000  1.000
ARG01A0171_010  0.000-11.78  1.60  3.37  0.00 -6.80 0.502  00  01E09CM000  1.000
ARG01A0171_011  0.000-10.77  0.88  0.47  0.00 -9.42 0.502  00  01E0BAM000  1.000
ARG01A0171_012  0.000-11.56  0.95  3.18  0.00 -7.42 0.502  00  01E0BFM000  1.000
ARG01A0171_013  0.000 -9.50  3.26  1.07  0.00 -5.17 0.502  00  01E0D1M000  1.000
ARG01A0171_014  0.000-10.14  2.46  3.80  0.00 -3.89 0.502  00  01E0E4M000  1.000
ARG01A0171_015  0.000-10.98  2.15  3.77  0.00 -5.05 0.503  00  01E134M000  1.000
ARG01A0171_016  0.000-12.71  1.22  3.52  0.00 -7.98 0.501  00  01T012M000  1.000
ARG01A0171_017  0.000-11.97  2.32  3.87  0.00 -5.78 0.502  00  01T085M000  1.000
ARG01A0171_018  0.000-11.81  1.08  6.16  0.00 -4.56 0.502  00  01T0A1M000  1.000
ARG01A0171_019  0.000 -9.31  0.44  3.26  0.00 -5.61 0.502  00  01T0B2M000  1.000
ARG01A0171_020  0.000 -9.90  2.99  3.74  0.00 -3.17 0.501  00  01T0DCM000  1.000
ARG02A0171_021  0.000-11.91  5.13  0.71  0.00 -6.08 0.502  00  02E016M000  1.000
ARG02A0171_022  0.000-11.24  0.86  3.37  0.00 -7.01 0.502  00  02E097M000  1.000
ARG02A0171_023  0.000 -9.34  0.48  3.24  0.00 -5.63 0.502  00  02E0B2M000  1.000
ARG02A0171_024  0.000-13.78  1.20  0.62  0.00-11.96 0.502  00  02O000M000  1.000
ARG02A0171_025  0.000-12.63  1.84  3.40  0.00 -7.39 0.502  00  02E056M000  1.000
ARG02A0171_026  0.000-11.88  1.54  3.37  0.00 -6.96 0.502  00  02E09CM000  1.000
ARG02A0171_027  0.000-11.80  1.12  6.15  0.00 -4.53 0.502  00  02E0A1M000  1.000
ARG02A0171_028  0.000 -9.46  3.03  3.71  0.00 -2.72 0.501  00  02E0DCM000  1.000
ARG02A0171_029  0.000-10.26  2.61  3.67  0.00 -3.99 0.502  00  02E0E4M000  1.000
ARG02A0171_030  0.000-13.47  0.96  0.95  0.00-11.56 0.502  00  02T00DM000  1.000
ARG02A0171_031  0.000-10.63  0.89  0.42  0.00 -9.32 0.502  00  02T0BAM000  1.000
ARG02A0171_032  0.000-11.62  0.97  3.17  0.00 -7.48 0.502  00  02T0BFM000  1.000
ARG02A0171_033  0.000-10.89  2.15  3.77  0.00 -4.96 0.503  00  02T134M000  1.000
ARG02A0171_034  0.000-12.71  1.30  3.32  0.00 -8.10 0.501  00  02T012M000  1.000
ARG02A0171_035  0.000-12.23  0.37  0.97  0.00-10.89 0.502  00  02T040M000  1.000
ARG02A0171_036  0.000-12.35  0.65  1.06  0.00-10.64 0.502  00  02T05AM000  1.000
ARG02A0171_037  0.000-11.91  2.32  3.86  0.00 -5.74 0.502  00  02T085M000  1.000
ARG02A0171_038  0.000 -9.83  3.27  1.05  0.00 -5.51 0.502  00  02T0D1M000  1.000
ARG02A0171_039  0.000-10.91  0.95  0.47  0.00 -9.49 0.502  00  02T05DM000  1.000
ARG02A0171_040  0.000-12.02  1.04  1.06  0.00 -9.93 0.501  00  02T077M000  1.000
ARG03A0171_041  0.000-10.37  2.62  3.67  0.00 -4.08 0.502  00  03E0E4M000  1.000
ARG03A0171_042  0.000-13.84  1.20  0.62  0.00-12.02 0.502  00  03O000M000  1.000
ARG03A0171_043  0.000-10.87  0.90  0.47  0.00 -9.50 0.502  00  03E05DM000  1.000
ARG03A0171_044  0.000-11.86  1.55  3.37  0.00 -6.94 0.502  00  03E09CM000  1.000
ARG03A0171_045  0.000-12.79  1.29  3.32  0.00 -8.18 0.501  00  03T012M000  1.000
ARG03A0171_046  0.000-11.92  5.14  0.71  0.00 -6.07 0.502  00  03T016M000  1.000
ARG03A0171_047  0.000-12.30  0.37  0.97  0.00-10.96 0.502  00  03T040M000  1.000
ARG03A0171_048  0.000-12.06  1.04  1.06  0.00 -9.96 0.501  00  03T077M000  1.000
ARG03A0171_049  0.000-11.89  2.32  3.86  0.00 -5.71 0.502  00  03T085M000  1.000
ARG03A0171_050  0.000-11.05  0.86  3.37  0.00 -6.82 0.502  00  03T097M000  1.000
ARG03A0171_051  0.000-11.84  1.08  6.16  0.00 -4.60 0.502  00  03T0A1M000  1.000
ARG03A0171_052  0.000-10.90  2.15  3.77  0.00 -4.97 0.503  00  03T134M000  1.000
ARG03A0171_053  0.000-13.43  0.96  0.95  0.00-11.51 0.502  00  03T00DM000  1.000
ARG03A0171_054  0.000-12.39  0.64  1.06  0.00-10.69 0.502  00  03T05AM000  1.000
ARG03A0171_055  0.000-10.10  0.88  0.42  0.00 -8.80 0.502  00  03T0BAM000  1.000
ARG03A0171_056  0.000-12.74  1.84  3.40  0.00 -7.50 0.502  00  03T056M000  1.000
ARG03A0171_057  0.000 -9.14  0.46  3.23  0.00 -5.45 0.502  00  03T0B2M000  1.000
ARG03A0171_058  0.000-11.51  0.97  3.17  0.00 -7.37 0.502  00  03T0BFM000  1.000
ARG03A0171_059  0.000 -9.30  3.25  1.06  0.00 -5.00 0.502  00  03T0D1M000  1.000
ARG03A0171_060  0.000 -9.57  3.05  3.71  0.00 -2.81 0.501  00  03T0DCM000  1.000
ARG+1A0171_061  1.000-13.89  1.20  0.62  0.00-12.06 0.502  00  +1O000M000  1.000
ARG+1A0171_062  1.000-13.41  0.96  0.95  0.00-11.49 0.502  00  +1E00DM000  1.000
ARG+1A0171_063  1.000-12.83  1.29  3.32  0.00 -8.22 0.501  00  +1E012M000  1.000
ARG+1A0171_064  1.000-12.78  1.84  3.40  0.00 -7.54 0.502  00  +1E056M000  1.000
ARG+1A0171_065  1.000-12.15  1.03  1.06  0.00-10.06 0.501  00  +1E077M000  1.000
ARG+1A0171_066  1.000-11.93  2.32  3.86  0.00 -5.75 0.502  00  +1E085M000  1.000
ARG+1A0171_067  1.000-11.06  0.85  3.37  0.00 -6.83 0.502  00  +1E097M000  1.000
ARG+1A0171_068  1.000-11.96  1.54  3.37  0.00 -7.05 0.502  00  +1E09CM000  1.000
ARG+1A0171_069  1.000-11.84  1.08  6.16  0.00 -4.60 0.502  00  +1E0A1M000  1.000
ARG+1A0171_070  1.000 -9.32  3.24  1.06  0.00 -5.03 0.502  00  +1E0D1M000  1.000
ARG+1A0171_071  1.000 -9.38  3.06  3.72  0.00 -2.60 0.501  00  +1E0DCM000  1.000
ARG+1A0171_072  1.000-10.41  2.62  3.67  0.00 -4.12 0.502  00  +1E0E4M000  1.000
ARG+1A0171_073  1.000-11.94  5.21  0.71  0.00 -6.03 0.502  00  +1T016M000  1.000
ARG+1A0171_074  1.000-12.26  0.38  0.97  0.00-10.91 0.502  00  +1T040M000  1.000
ARG+1A0171_075  1.000-12.49  0.64  1.06  0.00-10.79 0.502  00  +1T05AM000  1.000
ARG+1A0171_076  1.000-10.75  0.91  0.47  0.00 -9.36 0.502  00  +1T05DM000  1.000
ARG+1A0171_077  1.000 -9.15  0.47  3.23  0.00 -5.45 0.502  00  +1T0B2M000  1.000
ARG+1A0171_078  1.000-10.13  0.88  0.42  0.00 -8.82 0.502  00  +1T0BAM000  1.000
ARG+1A0171_079  1.000-11.67  0.97  3.18  0.00 -7.52 0.502  00  +1T0BFM000  1.000
ARG+1A0171_080  1.000-10.93  2.15  3.77  0.00 -5.01 0.503  00  +1T134M000  1.000
