iConf CONFORMER     FL  occ    crg   Em0  pKa0 ne nH    vdw0    vdw1    tors    epol   dsolv   extra    history
00001 ARG01A0171_001 f 0.00  0.000     0  0.00  0  0 -13.805   1.249   0.623   0.073  -0.269   0.000 01O000M000t
00002 ARG01A0171_002 f 0.00  0.000     0  0.00  0  0 -13.302   0.936   1.024   0.036  -0.123   0.000 01E00DM000t
00003 ARG01A0171_003 f 0.00  0.000     0  0.00  0  0 -11.846   4.792   0.745   0.323  -0.116   0.000 01E016M000t
00004 ARG01A0171_004 f 0.00  0.000     0  0.00  0  0 -12.068   0.475   0.970   0.089   0.178   0.000 01E040M000t
00005 ARG01A0171_005 f 0.00  0.000     0  0.00  0  0 -12.654   1.872   3.428   0.114  -0.302   0.000 01E056M000t
00006 ARG01A0171_006 f 0.00  0.000     0  0.00  0  0 -12.379   0.701   1.075   0.021  -0.055   0.000 01E05AM000t
00007 ARG01A0171_007 f 0.00  0.000     0  0.00  0  0 -10.731   0.985   0.480   0.022  -0.062   0.000 01E05DM000t
00008 ARG01A0171_008 f 0.00  0.000     0  0.00  0  0 -12.040   0.997   1.093   0.064  -0.253   0.000 01E077M000t
00009 ARG01A0171_009 f 0.00  0.000     0  0.00  0  0 -11.310   0.929   3.387  -0.015  -0.222   0.000 01E097M000t
00010 ARG01A0171_010 f 0.00  0.000     0  0.00  0  0 -11.783   1.600   3.370  -0.011  -0.471   0.000 01E09CM000t
00011 ARG01A0171_011 f 0.00  0.000     0  0.00  0  0 -10.774   0.984   0.472   0.000  -0.009   0.000 01E0BAM000t
00012 ARG01A0171_012 f 0.00  0.000     0  0.00  0  0 -11.557   1.058   3.184   0.012  -0.189   0.000 01E0BFM000t
00013 ARG01A0171_013 f 0.00  0.000     0  0.00  0  0  -9.443   3.263   1.074  -0.089   0.089   0.000 01E0D1M000t
00014 ARG01A0171_014 f 0.00  0.000     0  0.00  0  0 -10.142   2.459   3.795   0.052   0.039   0.000 01E0E4M000t
00015 ARG01A0171_015 f 0.00  0.000     0  0.00  0  0 -10.986   2.155   3.773   0.036  -0.165   0.000 01E134M000t
00016 ARG01A0171_016 f 0.00  0.000     0  0.00  0  0 -12.714   1.266   3.515   0.068  -0.144   0.000 01T012M000t
00017 ARG01A0171_017 f 0.00  0.000     0  0.00  0  0 -11.972   2.320   3.873   0.048  -0.322   0.000 01T085M000t
00018 ARG01A0171_018 f 0.00  0.000     0  0.00  0  0 -11.805   1.080   6.160   0.148  -0.114   0.000 01T0A1M000t
00019 ARG01A0171_019 f 0.00  0.000     0  0.00  0  0  -9.303   0.541   3.261  -0.002   0.083   0.000 01T0B2M000t
00020 ARG01A0171_020 f 0.00  0.000     0  0.00  0  0  -9.891   3.001   3.745  -0.022  -0.333   0.000 01T0DCM000t
00021 ARG02A0171_021 f 0.00  0.000     0  0.00  0  0 -11.916   5.128   0.708   0.316   1.094   0.000 02E016M000t
00022 ARG02A0171_022 f 0.00  0.000     0  0.00  0  0 -11.185   0.913   3.371   0.002   1.115   0.000 02E097M000t
00023 ARG02A0171_023 f 0.00  0.000     0  0.00  0  0  -9.343   0.581   3.235   0.015   1.247   0.000 02E0B2M000t
00024 ARG02A0171_024 f 0.00  0.000     0  0.00  0  0 -13.784   1.248   0.623   0.052   0.646   0.000 02O000M000t
00025 ARG02A0171_025 f 0.00  0.000     0  0.00  0  0 -12.625   1.841   3.396   0.113   0.578   0.000 02E056M000t
00026 ARG02A0171_026 f 0.00  0.000     0  0.00  0  0 -11.869   1.543   3.367   0.083   0.668   0.000 02E09CM000t
00027 ARG02A0171_027 f 0.00  0.000     0  0.00  0  0 -11.795   1.116   6.154  -0.118   0.790   0.000 02E0A1M000t
00028 ARG02A0171_028 f 0.00  0.000     0  0.00  0  0  -9.455   3.032   3.707   0.040   0.786   0.000 02E0DCM000t
00029 ARG02A0171_029 f 0.00  0.000     0  0.00  0  0 -10.266   2.603   3.667  -0.014   0.361   0.000 02E0E4M000t
00030 ARG02A0171_030 f 0.00  0.000     0  0.00  0  0 -13.472   0.961   0.953   0.063   0.908   0.000 02T00DM000t
00031 ARG02A0171_031 f 0.00  0.000     0  0.00  0  0 -10.630   0.991   0.422  -0.023   1.142   0.000 02T0BAM000t
00032 ARG02A0171_032 f 0.00  0.000     0  0.00  0  0 -11.620   1.071   3.174   0.018   0.976   0.000 02T0BFM000t
00033 ARG02A0171_033 f 0.00  0.000     0  0.00  0  0 -10.877   2.143   3.773   0.047   1.154   0.000 02T134M000t
00034 ARG02A0171_034 f 0.00  0.000     0  0.00  0  0 -12.710   1.346   3.316   0.044   0.672   0.000 02T012M000t
00035 ARG02A0171_035 f 0.00  0.000     0  0.00  0  0 -12.229   0.371   0.970  -0.211   1.036   0.000 02T040M000t
00036 ARG02A0171_036 f 0.00  0.000     0  0.00  0  0 -12.347   0.701   1.059  -0.003   0.674   0.000 02T05AM000t
00037 ARG02A0171_037 f 0.00  0.000     0  0.00  0  0 -11.924   2.321   3.857   0.012   0.470   0.000 02T085M000t
00038 ARG02A0171_038 f 0.00  0.000     0  0.00  0  0  -9.773   3.267   1.055  -0.072   0.663   0.000 02T0D1M000t
00039 ARG02A0171_039 f 0.00  0.000     0  0.00  0  0 -10.916   1.050   0.469  -0.002   0.845   0.000 02T05DM000t
00040 ARG02A0171_040 f 0.00  0.000     0  0.00  0  0 -12.015   1.036   1.057   0.017   0.713   0.000 02T077M000t
00041 ARG03A0171_041 f 0.00  0.000     0  0.00  0  0 -10.373   2.627   3.671   0.008   0.885   0.000 03E0E4M000t
00042 ARG03A0171_042 f 0.00  0.000     0  0.00  0  0 -13.844   1.246   0.623   0.073   0.610   0.000 03O000M000t
00043 ARG03A0171_043 f 0.00  0.000     0  0.00  0  0 -10.872   1.006   0.471   0.026   0.800   0.000 03E05DM000t
00044 ARG03A0171_044 f 0.00  0.000     0  0.00  0  0 -11.853   1.549   3.368   0.117   0.740   0.000 03E09CM000t
00045 ARG03A0171_045 f 0.00  0.000     0  0.00  0  0 -12.790   1.344   3.320   0.070   0.743   0.000 03T012M000t
00046 ARG03A0171_046 f 0.00  0.000     0  0.00  0  0 -11.923   5.152   0.707   0.333   1.161   0.000 03T016M000t
00047 ARG03A0171_047 f 0.00  0.000     0  0.00  0  0 -12.292   0.367   0.970  -0.219   1.059   0.000 03T040M000t
00048 ARG03A0171_048 f 0.00  0.000     0  0.00  0  0 -12.059   1.040   1.059   0.050   0.925   0.000 03T077M000t
00049 ARG03A0171_049 f 0.00  0.000     0  0.00  0  0 -11.887   2.319   3.858   0.043   0.801   0.000 03T085M000t
00050 ARG03A0171_050 f 0.00  0.000     0  0.00  0  0 -11.050   0.909   3.368   0.003   1.080   0.000 03T097M000t
00051 ARG03A0171_051 f 0.00  0.000     0  0.00  0  0 -11.835   1.078   6.159   0.099   0.967   0.000 03T0A1M000t
00052 ARG03A0171_052 f 0.00  0.000     0  0.00  0  0 -10.897   2.147   3.773   0.041   1.021   0.000 03T134M000t
00053 ARG03A0171_053 f 0.00  0.000     0  0.00  0  0 -13.430   0.964   0.952   0.050   0.628   0.000 03T00DM000t
00054 ARG03A0171_054 f 0.00  0.000     0  0.00  0  0 -12.389   0.689   1.061   0.020   0.648   0.000 03T05AM000t
00055 ARG03A0171_055 f 0.00  0.000     0  0.00  0  0 -10.102   0.981   0.424  -0.012   0.964   0.000 03T0BAM000t
00056 ARG03A0171_056 f 0.00  0.000     0  0.00  0  0 -12.736   1.838   3.395   0.115   0.705   0.000 03T056M000t
00057 ARG03A0171_057 f 0.00  0.000     0  0.00  0  0  -9.132   0.557   3.233  -0.015   1.071   0.000 03T0B2M000t
00058 ARG03A0171_058 f 0.00  0.000     0  0.00  0  0 -11.508   1.069   3.171   0.014   0.679   0.000 03T0BFM000t
00059 ARG03A0171_059 f 0.00  0.000     0  0.00  0  0  -9.300   3.248   1.056  -0.085   0.972   0.000 03T0D1M000t
00060 ARG03A0171_060 f 0.00  0.000     0  0.00  0  0  -9.568   3.050   3.709  -0.016   0.782   0.000 03T0DCM000t
00061 ARG+1A0171_061 f 0.00  1.000     0 12.50  0  1 -13.887   1.246   0.623   0.204  -0.101   0.000 +1O000M000t
00062 ARG+1A0171_062 f 0.00  1.000     0 12.50  0  1 -13.410   0.965   0.953   0.132  -0.137   0.000 +1E00DM000t
00063 ARG+1A0171_063 f 0.00  1.000     0 12.50  0  1 -12.832   1.341   3.320   0.189  -0.108   0.000 +1E012M000t
00064 ARG+1A0171_064 f 0.00  1.000     0 12.50  0  1 -12.706   1.840   3.398   0.287  -0.182   0.000 +1E056M000t
00065 ARG+1A0171_065 f 0.00  1.000     0 12.50  0  1 -12.149   1.034   1.058   0.182  -0.465   0.000 +1E077M000t
00066 ARG+1A0171_066 f 0.00  1.000     0 12.50  0  1 -11.928   2.313   3.858   0.147  -0.217   0.000 +1E085M000t
00067 ARG+1A0171_067 f 0.00  1.000     0 12.50  0  1 -11.061   0.901   3.371   0.232  -0.119   0.000 +1E097M000t
00068 ARG+1A0171_068 f 0.00  1.000     0 12.50  0  1 -11.956   1.539   3.369   0.439   0.161   0.000 +1E09CM000t
00069 ARG+1A0171_069 f 0.00  1.000     0 12.50  0  1 -11.826   1.079   6.155   0.485  -0.570   0.000 +1E0A1M000t
00070 ARG+1A0171_070 f 0.00  1.000     0 12.50  0  1  -9.321   3.235   1.057  -0.071  -0.032   0.000 +1E0D1M000t
00071 ARG+1A0171_071 f 0.00  1.000     0 12.50  0  1  -9.378   3.059   3.716  -0.033  -0.143   0.000 +1E0DCM000t
00072 ARG+1A0171_072 f 0.00  1.000     0 12.50  0  1 -10.411   2.618   3.672  -0.030  -0.167   0.000 +1E0E4M000t
00073 ARG+1A0171_073 f 0.00  1.000     0 12.50  0  1 -11.937   5.205   0.709   0.275   0.008   0.000 +1T016M000t
00074 ARG+1A0171_074 f 0.00  1.000     0 12.50  0  1 -12.258   0.371   0.969  -0.310   0.341   0.000 +1T040M000t
00075 ARG+1A0171_075 f 0.00  1.000     0 12.50  0  1 -12.495   0.687   1.060   0.133  -0.039   0.000 +1T05AM000t
00076 ARG+1A0171_076 f 0.00  1.000     0 12.50  0  1 -10.738   1.010   0.471   0.096  -0.192   0.000 +1T05DM000t
00077 ARG+1A0171_077 f 0.00  1.000     0 12.50  0  1  -9.084   0.564   3.231   0.061   0.093   0.000 +1T0B2M000t
00078 ARG+1A0171_078 f 0.00  1.000     0 12.50  0  1 -10.119   0.984   0.423   0.084   0.059   0.000 +1T0BAM000t
00079 ARG+1A0171_079 f 0.00  1.000     0 12.50  0  1 -11.664   1.074   3.175   0.093  -0.116   0.000 +1T0BFM000t
00080 ARG+1A0171_080 f 0.00  1.000     0 12.50  0  1 -10.928   2.149   3.774   0.128  -0.428   0.000 +1T134M000t
