   confID        vdw0    sas     sum
ARG01A0171_001   0.959 -14.763 -13.805
ARG01A0171_002   1.462 -14.764 -13.302
ARG01A0171_003   2.451 -14.298 -11.846
ARG01A0171_004   2.175 -14.242 -12.068
ARG01A0171_005   1.804 -14.458 -12.654
ARG01A0171_006   2.364 -14.742 -12.379
ARG01A0171_007   3.254 -13.985 -10.731
ARG01A0171_008   2.357 -14.397 -12.040
ARG01A0171_009   3.170 -14.480 -11.310
ARG01A0171_010   2.693 -14.476 -11.783
ARG01A0171_011   3.116 -13.891 -10.774
ARG01A0171_012   2.810 -14.368 -11.557
ARG01A0171_013   4.127 -13.570  -9.443
ARG01A0171_014   3.872 -14.014 -10.142
ARG01A0171_015   2.969 -13.955 -10.986
ARG01A0171_016   1.718 -14.432 -12.714
ARG01A0171_017   2.367 -14.340 -11.972
ARG01A0171_018   2.700 -14.505 -11.805
ARG01A0171_019   4.233 -13.536  -9.303
ARG01A0171_020   4.153 -14.044  -9.891
ARG02A0171_021   2.382 -14.298 -11.916
ARG02A0171_022   3.176 -14.361 -11.185
ARG02A0171_023   4.160 -13.504  -9.343
ARG02A0171_024   0.979 -14.763 -13.784
ARG02A0171_025   1.881 -14.506 -12.625
ARG02A0171_026   2.765 -14.633 -11.869
ARG02A0171_027   2.710 -14.505 -11.795
ARG02A0171_028   4.413 -13.867  -9.455
ARG02A0171_029   4.083 -14.349 -10.266
ARG02A0171_030   1.408 -14.880 -13.472
ARG02A0171_031   3.074 -13.704 -10.630
ARG02A0171_032   2.799 -14.419 -11.620
ARG02A0171_033   2.962 -13.840 -10.877
ARG02A0171_034   1.770 -14.480 -12.710
ARG02A0171_035   2.146 -14.374 -12.229
ARG02A0171_036   2.395 -14.742 -12.347
ARG02A0171_037   2.384 -14.308 -11.924
ARG02A0171_038   4.006 -13.778  -9.773
ARG02A0171_039   3.057 -13.973 -10.916
ARG02A0171_040   2.398 -14.413 -12.015
ARG03A0171_041   4.040 -14.413 -10.373
ARG03A0171_042   0.919 -14.763 -13.844
ARG03A0171_043   3.297 -14.169 -10.872
ARG03A0171_044   2.716 -14.569 -11.853
ARG03A0171_045   1.707 -14.496 -12.790
ARG03A0171_046   2.375 -14.298 -11.923
ARG03A0171_047   2.082 -14.374 -12.292
ARG03A0171_048   2.354 -14.413 -12.059
ARG03A0171_049   2.353 -14.240 -11.887
ARG03A0171_050   3.362 -14.413 -11.050
ARG03A0171_051   2.670 -14.505 -11.835
ARG03A0171_052   2.942 -13.840 -10.897
ARG03A0171_053   1.402 -14.832 -13.430
ARG03A0171_054   2.354 -14.742 -12.389
ARG03A0171_055   3.679 -13.781 -10.102
ARG03A0171_056   1.838 -14.574 -12.736
ARG03A0171_057   4.448 -13.581  -9.132
ARG03A0171_058   2.795 -14.303 -11.508
ARG03A0171_059   4.386 -13.685  -9.300
ARG03A0171_060   4.480 -14.047  -9.568
ARG+1A0171_061   0.876 -14.763 -13.887
ARG+1A0171_062   1.358 -14.768 -13.410
ARG+1A0171_063   1.664 -14.496 -12.832
ARG+1A0171_064   1.800 -14.506 -12.706
ARG+1A0171_065   2.316 -14.465 -12.149
ARG+1A0171_066   2.312 -14.240 -11.928
ARG+1A0171_067   3.351 -14.413 -11.061
ARG+1A0171_068   2.677 -14.633 -11.956
ARG+1A0171_069   2.631 -14.457 -11.826
ARG+1A0171_070   4.428 -13.750  -9.321
ARG+1A0171_071   4.473 -13.851  -9.378
ARG+1A0171_072   4.002 -14.413 -10.411
ARG+1A0171_073   2.361 -14.298 -11.937
ARG+1A0171_074   2.053 -14.310 -12.258
ARG+1A0171_075   2.311 -14.806 -12.495
ARG+1A0171_076   3.299 -14.037 -10.738
ARG+1A0171_077   4.496 -13.581  -9.084
ARG+1A0171_078   3.579 -13.697 -10.119
ARG+1A0171_079   2.755 -14.419 -11.664
ARG+1A0171_080   2.912 -13.840 -10.928
