CONFORMER         crg  vdw0  vdw1  tors  epol  self   occ  Hb     history    ASA
ARG01A0109_001  0.000-11.15  1.41  2.65  0.00 -7.09 0.501  00  01O000M000  1.000
ARG01A0109_002  0.000-11.26  2.47  5.28  0.00 -3.51 0.502  00  01E006M000  1.000
ARG01A0109_003  0.000-12.69  3.01  5.90  0.00 -3.79 0.502  00  01E04CM000  1.000
ARG01A0109_004  0.000-11.61  1.63  1.98  0.00 -7.99 0.502  00  01E065M000  1.000
ARG01A0109_005  0.000-13.46  5.27  3.02  0.00 -5.17 0.502  00  01E0D3M000  1.000
ARG01A0109_006  0.000-11.84  6.37  2.34  0.00 -3.13 0.502  00  01T00AM000  1.000
ARG01A0109_007  0.000 -9.42  1.43  1.36  0.00 -6.63 0.502  00  01T018M000  1.000
ARG01A0109_008  0.000-11.10  1.24  2.03  0.00 -7.83 0.502  00  01T01CM000  1.000
ARG01A0109_009  0.000-11.79  4.08  0.95  0.00 -6.76 0.503  00  01T034M000  1.000
ARG01A0109_010  0.000-11.30  1.36  2.66  0.00 -7.28 0.502  00  01T04BM000  1.000
ARG01A0109_011  0.000-11.89  2.62  2.84  0.00 -6.44 0.502  00  01T05CM000  1.000
ARG01A0109_012  0.000-11.58  1.29  1.59  0.00 -8.70 0.502  00  01T066M000  1.000
ARG01A0109_013  0.000-11.19  1.09  1.54  0.00 -8.55 0.503  00  01T06CM000  1.000
ARG01A0109_014  0.000-11.96  8.35  1.88  0.00 -1.73 0.501  00  01T085M000  1.000
ARG01A0109_015  0.000-11.11 10.38  1.56  0.00  0.83 0.503  00  01T086M000  1.000
ARG01A0109_016  0.000-10.45  1.48  2.96  0.00 -6.01 0.503  00  01T08CM000  1.000
ARG01A0109_017  0.000-10.08  0.74  2.10  0.00 -7.25 0.503  00  01T08EM000  1.000
ARG01A0109_018  0.000-11.57  4.85  2.17  0.00 -4.55 0.502  00  01T0C7M000  1.000
ARG01A0109_019  0.000-12.49  5.54  1.23  0.00 -5.72 0.502  00  01T0D0M000  1.000
ARG01A0109_020  0.000-11.27  4.35  1.88  0.00 -5.04 0.502  00  01T0DFM000  1.000
ARG02A0109_021  0.000-11.33  1.06  1.38  0.00 -8.88 0.503  00  02E06CM000  1.000
ARG02A0109_022  0.000-11.16  1.41  2.65  0.00 -7.10 0.501  00  02O000M000  1.000
ARG02A0109_023  0.000-11.19  2.55  5.24  0.00 -3.40 0.502  00  02E006M000  1.000
ARG02A0109_024  0.000-12.48  9.97  1.45  0.00 -1.06 0.501  00  02E085M000  1.000
ARG02A0109_025  0.000-11.89  6.59  2.33  0.00 -2.97 0.502  00  02T00AM000  1.000
ARG02A0109_026  0.000 -9.28  1.38  1.39  0.00 -6.50 0.502  00  02T018M000  1.000
ARG02A0109_027  0.000-12.45  2.59  4.97  0.00 -4.89 0.502  00  02T04CM000  1.000
ARG02A0109_028  0.000-13.38  3.06  0.89  0.00 -9.43 0.502  00  02T0D0M000  1.000
ARG02A0109_029  0.000-11.35  4.33  1.88  0.00 -5.14 0.502  00  02T0DFM000  1.000
ARG02A0109_030  0.000-11.65  3.40  0.95  0.00 -7.30 0.503  00  02T034M000  1.000
ARG02A0109_031  0.000-11.74  2.78  2.75  0.00 -6.21 0.502  00  02T05CM000  1.000
ARG02A0109_032  0.000-11.68  1.36  1.33  0.00 -8.99 0.502  00  02T066M000  1.000
ARG02A0109_033  0.000-11.01  1.24  1.96  0.00 -7.81 0.502  00  02T01CM000  1.000
ARG02A0109_034  0.000-11.10  1.36  2.66  0.00 -7.07 0.502  00  02T04BM000  1.000
ARG02A0109_035  0.000-10.98  1.68  1.80  0.00 -7.50 0.502  00  02T065M000  1.000
ARG02A0109_036  0.000-11.26 10.16  1.56  0.00  0.47 0.503  00  02T086M000  1.000
ARG02A0109_037  0.000-10.94  1.39  2.89  0.00 -6.66 0.503  00  02T08CM000  1.000
ARG02A0109_038  0.000 -9.84  0.75  1.43  0.00 -7.65 0.503  00  02T08EM000  1.000
ARG02A0109_039  0.000-11.00  4.05  1.95  0.00 -5.00 0.502  00  02T0C7M000  1.000
ARG02A0109_040  0.000-13.04  5.26  1.83  0.00 -5.94 0.502  00  02T0D3M000  1.000
ARG03A0109_041  0.000-11.89  6.56  2.31  0.00 -3.02 0.502  00  03E00AM000  1.000
ARG03A0109_042  0.000-12.47  2.57  4.93  0.00 -4.96 0.502  00  03E04CM000  1.000
ARG03A0109_043  0.000-11.25 10.09  1.55  0.00  0.39 0.503  00  03E086M000  1.000
ARG03A0109_044  0.000-10.21  0.81  1.37  0.00 -8.03 0.503  00  03E08EM000  1.000
ARG03A0109_045  0.000-11.18  1.40  2.65  0.00 -7.12 0.501  00  03O000M000  1.000
ARG03A0109_046  0.000-11.21  2.54  5.23  0.00 -3.44 0.502  00  03E006M000  1.000
ARG03A0109_047  0.000 -9.35  1.41  1.36  0.00 -6.59 0.502  00  03E018M000  1.000
ARG03A0109_048  0.000-10.98  1.23  1.95  0.00 -7.79 0.502  00  03E01CM000  1.000
ARG03A0109_049  0.000-11.25  1.36  2.66  0.00 -7.23 0.502  00  03E04BM000  1.000
ARG03A0109_050  0.000-11.85  2.85  2.75  0.00 -6.25 0.502  00  03E05CM000  1.000
ARG03A0109_051  0.000-11.02  1.39  2.86  0.00 -6.77 0.503  00  03E08CM000  1.000
ARG03A0109_052  0.000-11.26  4.29  1.88  0.00 -5.09 0.502  00  03E0DFM000  1.000
ARG03A0109_053  0.000-11.57  3.45  0.94  0.00 -7.18 0.503  00  03T034M000  1.000
ARG03A0109_054  0.000-13.12  5.08  1.75  0.00 -6.29 0.502  00  03T0D3M000  1.000
ARG03A0109_055  0.000-10.99  1.68  1.75  0.00 -7.57 0.502  00  03T065M000  1.000
ARG03A0109_056  0.000-12.59 10.01  1.40  0.00 -1.18 0.501  00  03T085M000  1.000
ARG03A0109_057  0.000-11.99  1.37  1.22  0.00 -9.40 0.502  00  03T066M000  1.000
ARG03A0109_058  0.000-11.24  1.05  1.34  0.00 -8.84 0.503  00  03T06CM000  1.000
ARG03A0109_059  0.000-10.98  4.07  1.94  0.00 -4.97 0.502  00  03T0C7M000  1.000
ARG03A0109_060  0.000-13.48  3.16  0.82  0.00 -9.50 0.502  00  03T0D0M000  1.000
ARG+1A0109_061  1.000-11.22  1.40  2.65  0.00 -7.17 0.501  00  +1O000M000  1.000
ARG+1A0109_062  1.000-11.92  6.57  2.34  0.00 -3.01 0.502  00  +1E00AM000  1.000
ARG+1A0109_063  1.000 -9.38  1.39  1.40  0.00 -6.59 0.502  00  +1E018M000  1.000
ARG+1A0109_064  1.000-11.00  1.23  1.97  0.00 -7.79 0.502  00  +1E01CM000  1.000
ARG+1A0109_065  1.000-11.22  1.36  2.68  0.00 -7.18 0.502  00  +1E04BM000  1.000
ARG+1A0109_066  1.000-12.51  2.58  5.00  0.00 -4.93 0.502  00  +1E04CM000  1.000
ARG+1A0109_067  1.000-11.81  2.80  2.77  0.00 -6.23 0.502  00  +1E05CM000  1.000
ARG+1A0109_068  1.000-11.19  1.67  1.83  0.00 -7.70 0.502  00  +1E065M000  1.000
ARG+1A0109_069  1.000-12.54  9.96  1.46  0.00 -1.12 0.501  00  +1E085M000  1.000
ARG+1A0109_070  1.000-11.38 10.13  1.57  0.00  0.32 0.503  00  +1E086M000  1.000
ARG+1A0109_071  1.000 -9.87  0.74  1.48  0.00 -7.66 0.503  00  +1E08EM000  1.000
ARG+1A0109_072  1.000-13.11  5.28  1.88  0.00 -5.95 0.502  00  +1E0D3M000  1.000
ARG+1A0109_073  1.000-11.24  2.55  5.25  0.00 -3.45 0.502  00  +1T006M000  1.000
ARG+1A0109_074  1.000-11.62  3.43  0.98  0.00 -7.21 0.503  00  +1T034M000  1.000
ARG+1A0109_075  1.000-11.85  1.36  1.34  0.00 -9.15 0.502  00  +1T066M000  1.000
ARG+1A0109_076  1.000-11.24  1.06  1.40  0.00 -8.78 0.503  00  +1T06CM000  1.000
ARG+1A0109_077  1.000-11.06  1.39  2.89  0.00 -6.79 0.503  00  +1T08CM000  1.000
ARG+1A0109_078  1.000-11.01  4.05  1.97  0.00 -4.98 0.502  00  +1T0C7M000  1.000
ARG+1A0109_079  1.000-13.33  3.06  0.93  0.00 -9.34 0.502  00  +1T0D0M000  1.000
ARG+1A0109_080  1.000-11.41  4.32  1.89  0.00 -5.20 0.502  00  +1T0DFM000  1.000
