   confID        vdw0    sas     sum
ARG01A0109_001   3.365 -14.524 -11.159
ARG01A0109_002   3.418 -14.694 -11.276
ARG01A0109_003   1.805 -14.497 -12.692
ARG01A0109_004   2.324 -13.942 -11.618
ARG01A0109_005   1.273 -14.725 -13.452
ARG01A0109_006   3.227 -15.069 -11.843
ARG01A0109_007   4.279 -13.699  -9.421
ARG01A0109_008   3.017 -14.108 -11.090
ARG01A0109_009   2.350 -14.140 -11.789
ARG01A0109_010   2.734 -14.028 -11.294
ARG01A0109_011   2.585 -14.479 -11.894
ARG01A0109_012   2.318 -13.959 -11.641
ARG01A0109_013   2.743 -13.930 -11.186
ARG01A0109_014   2.200 -14.165 -11.965
ARG01A0109_015   2.356 -13.468 -11.112
ARG01A0109_016   3.732 -14.182 -10.449
ARG01A0109_017   3.899 -13.977 -10.078
ARG01A0109_018   2.770 -14.347 -11.576
ARG01A0109_019   2.097 -14.592 -12.495
ARG01A0109_020   2.835 -14.098 -11.263
ARG02A0109_021   2.879 -14.190 -11.311
ARG02A0109_022   3.360 -14.524 -11.165
ARG02A0109_023   3.322 -14.507 -11.185
ARG02A0109_024   1.885 -14.370 -12.485
ARG02A0109_025   3.147 -15.033 -11.887
ARG02A0109_026   4.352 -13.639  -9.286
ARG02A0109_027   2.250 -14.704 -12.455
ARG02A0109_028   1.590 -14.980 -13.391
ARG02A0109_029   2.788 -14.140 -11.353
ARG02A0109_030   2.701 -14.362 -11.661
ARG02A0109_031   2.737 -14.479 -11.742
ARG02A0109_032   2.639 -14.312 -11.673
ARG02A0109_033   3.255 -14.272 -11.017
ARG02A0109_034   2.914 -14.012 -11.098
ARG02A0109_035   2.689 -13.672 -10.982
ARG02A0109_036   2.463 -13.728 -11.265
ARG02A0109_037   3.508 -14.445 -10.937
ARG02A0109_038   4.547 -14.383  -9.835
ARG02A0109_039   3.434 -14.424 -10.990
ARG02A0109_040   1.771 -14.760 -12.990
ARG03A0109_041   3.154 -15.033 -11.879
ARG03A0109_042   2.307 -14.772 -12.465
ARG03A0109_043   2.401 -13.648 -11.246
ARG03A0109_044   4.207 -14.415 -10.208
ARG03A0109_045   3.339 -14.524 -11.185
ARG03A0109_046   3.302 -14.507 -11.205
ARG03A0109_047   4.300 -13.639  -9.338
ARG03A0109_048   3.236 -14.204 -10.968
ARG03A0109_049   2.825 -14.080 -11.254
ARG03A0109_050   2.633 -14.479 -11.846
ARG03A0109_051   3.463 -14.493 -11.030
ARG03A0109_052   2.766 -14.025 -11.259
ARG03A0109_053   2.718 -14.297 -11.580
ARG03A0109_054   1.741 -14.873 -13.132
ARG03A0109_055   2.672 -13.668 -10.997
ARG03A0109_056   1.783 -14.373 -12.590
ARG03A0109_057   2.455 -14.441 -11.986
ARG03A0109_058   2.932 -14.170 -11.238
ARG03A0109_059   3.431 -14.421 -10.990
ARG03A0109_060   1.577 -15.064 -13.488
ARG+1A0109_061   3.297 -14.524 -11.228
ARG+1A0109_062   3.120 -15.033 -11.914
ARG+1A0109_063   4.307 -13.690  -9.383
ARG+1A0109_064   3.210 -14.137 -10.927
ARG+1A0109_065   2.790 -14.012 -11.222
ARG+1A0109_066   2.255 -14.768 -12.514
ARG+1A0109_067   2.606 -14.412 -11.806
ARG+1A0109_068   2.600 -13.800 -11.200
ARG+1A0109_069   1.766 -14.306 -12.540
ARG+1A0109_070   2.335 -13.728 -11.393
ARG+1A0109_071   4.518 -14.383  -9.865
ARG+1A0109_072   1.698 -14.812 -13.114
ARG+1A0109_073   3.261 -14.507 -11.247
ARG+1A0109_074   2.673 -14.342 -11.669
ARG+1A0109_075   2.513 -14.364 -11.851
ARG+1A0109_076   2.885 -14.126 -11.240
ARG+1A0109_077   3.450 -14.509 -11.059
ARG+1A0109_078   3.404 -14.421 -11.016
ARG+1A0109_079   1.535 -14.868 -13.333
ARG+1A0109_080   2.738 -14.089 -11.351
