iConf CONFORMER     FL  occ    crg   Em0  pKa0 ne nH    vdw0    vdw1    tors    epol   dsolv   extra    history
00001 LYS01A0215_001 f 0.00  0.000     0  0.00  0  0 -12.092   0.561   0.882  -0.008  -0.138   0.000 01O000M000t
00002 LYS01A0215_002 f 0.00  0.000     0  0.00  0  0 -10.916   0.450   0.943  -0.013  -0.099   0.000 01E012M000t
00003 LYS01A0215_003 f 0.00  0.000     0  0.00  0  0 -11.034   4.463   4.065  -0.010  -0.143   0.000 01E019M000t
00004 LYS01A0215_004 f 0.00  0.000     0  0.00  0  0 -11.706   5.365   3.694   0.051   0.066   0.000 01E081M000t
00005 LYS01A0215_005 f 0.00  0.000     0  0.00  0  0  -9.741   0.505   1.453  -0.001   0.091   0.000 01E093M000t
00006 LYS01A0215_006 f 0.00  0.000     0  0.00  0  0  -9.867   1.090   4.233  -0.008   0.050   0.000 01E0A6M000t
00007 LYS01A0215_007 f 0.00  0.000     0  0.00  0  0  -7.937   0.751   4.895  -0.011   0.092   0.000 01E0D3M000t
00008 LYS01A0215_008 f 0.00  0.000     0  0.00  0  0 -10.593   1.939   4.345  -0.010  -0.059   0.000 01E0DEM000t
00009 LYS01A0215_009 f 0.00  0.000     0  0.00  0  0 -10.268   1.339   3.716  -0.018  -0.032   0.000 01E0E2M000t
00010 LYS01A0215_010 f 0.00  0.000     0  0.00  0  0  -6.927   0.663   2.143  -0.014   0.061   0.000 01E0F5M000t
00011 LYS01A0215_011 f 0.00  0.000     0  0.00  0  0  -9.306   3.462   1.578  -0.001   0.266   0.000 01E0FFM000t
00012 LYS01A0215_012 f 0.00  0.000     0  0.00  0  0  -7.504   1.340   2.135  -0.015   0.029   0.000 01E111M000t
00013 LYS01A0215_013 f 0.00  0.000     0  0.00  0  0 -11.266   1.445   1.502  -0.006   0.035   0.000 01T009M000t
00014 LYS01A0215_014 f 0.00  0.000     0  0.00  0  0 -10.518   0.455   0.902  -0.008   0.030   0.000 01T014M000t
00015 LYS01A0215_015 f 0.00  0.000     0  0.00  0  0 -11.109   3.209   3.687   0.133  -0.012   0.000 01T043M000t
00016 LYS01A0215_016 f 0.00  0.000     0  0.00  0  0 -10.282   0.330   0.947  -0.005   0.062   0.000 01T097M000t
00017 LYS01A0215_017 f 0.00  0.000     0  0.00  0  0 -10.291   5.126   3.764  -0.012   0.104   0.000 01T113M000t
00018 LYS01A0215_018 f 0.00  0.000     0  0.00  0  0  -9.427   5.369   0.998  -0.023  -0.092   0.000 01T114M000t
00019 LYS01A0215_019 f 0.00  0.000     0  0.00  0  0  -9.826   2.105   6.438  -0.034  -0.002   0.000 01T125M000t
00020 LYS01A0215_020 f 0.00  0.000     0  0.00  0  0  -9.536   1.337   6.896  -0.036  -0.036   0.000 01T12CM000t
00021 LYS+1A0215_021 f 0.00  1.000     0 10.40  0  1 -12.137   0.560   0.882   0.034  -0.337   0.000 +1O000M000t
00022 LYS+1A0215_022 f 0.00  1.000     0 10.40  0  1 -11.362   1.454   1.504   0.054  -0.265   0.000 +1E009M000t
00023 LYS+1A0215_023 f 0.00  1.000     0 10.40  0  1 -11.078   4.473   4.066   0.042  -0.360   0.000 +1E019M000t
00024 LYS+1A0215_024 f 0.00  1.000     0 10.40  0  1 -11.104   3.296   3.684  -0.484   0.086   0.000 +1E043M000t
00025 LYS+1A0215_025 f 0.00  1.000     0 10.40  0  1 -11.830   5.355   3.697  -0.248  -0.069   0.000 +1E081M000t
00026 LYS+1A0215_026 f 0.00  1.000     0 10.40  0  1  -9.889   1.086   4.239   0.040  -0.190   0.000 +1E0A6M000t
00027 LYS+1A0215_027 f 0.00  1.000     0 10.40  0  1  -8.066   0.747   4.907   0.021  -0.418   0.000 +1E0D3M000t
00028 LYS+1A0215_028 f 0.00  1.000     0 10.40  0  1 -10.604   1.927   4.350   0.050  -0.402   0.000 +1E0DEM000t
00029 LYS+1A0215_029 f 0.00  1.000     0 10.40  0  1  -7.057   0.664   2.143   0.055  -0.017   0.000 +1E0F5M000t
00030 LYS+1A0215_030 f 0.00  1.000     0 10.40  0  1  -9.403   3.652   1.577   0.227   0.726   0.000 +1E0FFM000t
00031 LYS+1A0215_031 f 0.00  1.000     0 10.40  0  1 -10.298   5.140   3.768   0.126   0.079   0.000 +1E113M000t
00032 LYS+1A0215_032 f 0.00  1.000     0 10.40  0  1  -9.893   2.116   6.440   0.150  -0.364   0.000 +1E125M000t
00033 LYS+1A0215_033 f 0.00  1.000     0 10.40  0  1 -10.960   0.451   0.943   0.051  -0.374   0.000 +1T012M000t
00034 LYS+1A0215_034 f 0.00  1.000     0 10.40  0  1 -10.470   0.455   0.902   0.033  -0.213   0.000 +1T014M000t
00035 LYS+1A0215_035 f 0.00  1.000     0 10.40  0  1  -9.804   0.504   1.453   0.079  -0.028   0.000 +1T093M000t
00036 LYS+1A0215_036 f 0.00  1.000     0 10.40  0  1 -10.417   0.324   0.951   0.114  -0.170   0.000 +1T097M000t
00037 LYS+1A0215_037 f 0.00  1.000     0 10.40  0  1 -10.396   1.320   3.718   0.071  -0.197   0.000 +1T0E2M000t
00038 LYS+1A0215_038 f 0.00  1.000     0 10.40  0  1  -7.549   1.341   2.135   0.069  -0.162   0.000 +1T111M000t
00039 LYS+1A0215_039 f 0.00  1.000     0 10.40  0  1  -9.514   5.407   1.004   0.080  -0.075   0.000 +1T114M000t
00040 LYS+1A0215_040 f 0.00  1.000     0 10.40  0  1  -9.597   1.328   6.898   0.144  -0.088   0.000 +1T12CM000t
