CONFORMER         crg  vdw0  vdw1  tors  epol  self   occ  Hb     history    ASA
LYS01A0215_001  0.000-11.97  0.56  0.88  0.00-10.53 0.501  00  01O000M000  1.000
LYS01A0215_002  0.000-10.19  5.77  3.49  0.00 -0.93 0.502  00  01E01FM000  1.000
LYS01A0215_003  0.000 -9.69  1.67  4.19  0.00 -3.82 0.502  00  01E049M000  1.000
LYS01A0215_004  0.000 -9.18  4.33  3.56  0.00 -1.29 0.502  00  01E0A3M000  1.000
LYS01A0215_005  0.000 -9.60  4.39  4.23  0.00 -0.99 0.501  00  01E0B7M000  1.000
LYS01A0215_006  0.000 -9.70  4.23  0.94  0.00 -4.53 0.502  00  01E0B9M000  1.000
LYS01A0215_007  0.000-10.59  1.94  4.35  0.00 -4.30 0.502  00  01E0DEM000  1.000
LYS01A0215_008  0.000-10.35  1.79  1.58  0.00 -6.98 0.503  00  01E0E0M000  1.000
LYS01A0215_009  0.000 -9.66  0.60  4.34  0.00 -4.71 0.501  00  01E0F2M000  1.000
LYS01A0215_010  0.000-12.02  2.60  3.59  0.00 -5.83 0.502  00  01T00FM000  1.000
LYS01A0215_011  0.000-11.15  1.78  4.14  0.00 -5.22 0.501  00  01T010M000  1.000
LYS01A0215_012  0.000-11.78  1.86  1.58  0.00 -8.34 0.502  00  01T02EM000  1.000
LYS01A0215_013  0.000-10.22  1.48  1.56  0.00 -7.19 0.501  00  01T037M000  1.000
LYS01A0215_014  0.000 -8.34  1.34  2.13  0.00 -4.87 0.502  00  01T03CM000  1.000
LYS01A0215_015  0.000-11.43  1.15  3.60  0.00 -6.67 0.501  00  01T054M000  1.000
LYS01A0215_016  0.000-11.53  2.10  3.70  0.00 -5.73 0.501  00  01T06CM000  1.000
LYS01A0215_017  0.000-11.43  2.56  3.60  0.00 -5.26 0.501  00  01T08BM000  1.000
LYS01A0215_018  0.000-10.28  1.71  4.14  0.00 -4.43 0.501  00  01T090M000  1.000
LYS01A0215_019  0.000 -9.53  0.51  1.50  0.00 -7.52 0.501  00  01T09EM000  1.000
LYS01A0215_020  0.000 -9.69  3.32  3.69  0.00 -2.68 0.502  00  01T11EM000  1.000
LYS+1A0215_021  1.000-12.02  0.56  0.88  0.00-10.57 0.501  00  +1O000M000  1.000
LYS+1A0215_022  1.000-12.00  2.63  3.60  0.00 -5.78 0.502  00  +1E00FM000  1.000
LYS+1A0215_023  1.000-10.24  5.80  3.49  0.00 -0.94 0.502  00  +1E01FM000  1.000
LYS+1A0215_024  1.000-11.77  1.91  1.58  0.00 -8.28 0.502  00  +1E02EM000  1.000
LYS+1A0215_025  1.000-10.26  1.49  1.56  0.00 -7.22 0.501  00  +1E037M000  1.000
LYS+1A0215_026  1.000 -9.66  1.67  4.19  0.00 -3.79 0.502  00  +1E049M000  1.000
LYS+1A0215_027  1.000-11.45  1.16  3.60  0.00 -6.69 0.501  00  +1E054M000  1.000
LYS+1A0215_028  1.000-11.50  2.57  3.60  0.00 -5.33 0.501  00  +1E08BM000  1.000
LYS+1A0215_029  1.000 -9.61  0.50  1.50  0.00 -7.60 0.501  00  +1E09EM000  1.000
LYS+1A0215_030  1.000 -9.62  0.60  4.34  0.00 -4.68 0.501  00  +1E0F2M000  1.000
LYS+1A0215_031  1.000 -9.86  3.41  3.68  0.00 -2.77 0.502  00  +1E11EM000  1.000
LYS+1A0215_032  1.000-11.28  1.78  4.15  0.00 -5.35 0.501  00  +1T010M000  1.000
LYS+1A0215_033  1.000 -8.32  1.35  2.13  0.00 -4.85 0.502  00  +1T03CM000  1.000
LYS+1A0215_034  1.000-11.82  2.10  3.72  0.00 -6.01 0.501  00  +1T06CM000  1.000
LYS+1A0215_035  1.000-10.36  1.71  4.14  0.00 -4.51 0.501  00  +1T090M000  1.000
LYS+1A0215_036  1.000 -9.29  4.33  3.57  0.00 -1.40 0.502  00  +1T0A3M000  1.000
LYS+1A0215_037  1.000 -9.71  4.42  4.24  0.00 -1.05 0.501  00  +1T0B7M000  1.000
LYS+1A0215_038  1.000 -9.78  4.27  0.95  0.00 -4.57 0.502  00  +1T0B9M000  1.000
LYS+1A0215_039  1.000-10.60  1.93  4.35  0.00 -4.33 0.502  00  +1T0DEM000  1.000
LYS+1A0215_040  1.000-10.38  1.79  1.58  0.00 -7.01 0.503  00  +1T0E0M000  1.000
