   confID        vdw0    sas     sum
LYS01A0215_001   0.513 -12.605 -12.092
LYS01A0215_002   1.463 -12.379 -10.916
LYS01A0215_003   1.516 -12.550 -11.034
LYS01A0215_004   0.892 -12.599 -11.706
LYS01A0215_005   2.214 -11.955  -9.741
LYS01A0215_006   2.319 -12.186  -9.867
LYS01A0215_007   4.681 -12.618  -7.937
LYS01A0215_008   2.137 -12.730 -10.593
LYS01A0215_009   2.162 -12.431 -10.268
LYS01A0215_010   4.877 -11.804  -6.927
LYS01A0215_011   2.960 -12.266  -9.306
LYS01A0215_012   4.886 -12.390  -7.504
LYS01A0215_013   1.139 -12.405 -11.266
LYS01A0215_014   1.780 -12.299 -10.518
LYS01A0215_015   1.264 -12.373 -11.109
LYS01A0215_016   2.206 -12.487 -10.282
LYS01A0215_017   1.771 -12.062 -10.291
LYS01A0215_018   2.126 -11.553  -9.427
LYS01A0215_019   2.351 -12.177  -9.826
LYS01A0215_020   2.637 -12.173  -9.536
LYS+1A0215_021   0.468 -12.605 -12.137
LYS+1A0215_022   1.094 -12.457 -11.362
LYS+1A0215_023   1.471 -12.550 -11.078
LYS+1A0215_024   1.231 -12.335 -11.104
LYS+1A0215_025   0.837 -12.666 -11.830
LYS+1A0215_026   2.271 -12.160  -9.889
LYS+1A0215_027   4.619 -12.685  -8.066
LYS+1A0215_028   2.097 -12.701 -10.604
LYS+1A0215_029   4.798 -11.855  -7.057
LYS+1A0215_030   2.863 -12.266  -9.403
LYS+1A0215_031   1.712 -12.010 -10.298
LYS+1A0215_032   2.284 -12.177  -9.893
LYS+1A0215_033   1.419 -12.379 -10.960
LYS+1A0215_034   1.726 -12.196 -10.470
LYS+1A0215_035   2.151 -11.955  -9.804
LYS+1A0215_036   2.122 -12.539 -10.417
LYS+1A0215_037   2.140 -12.537 -10.396
LYS+1A0215_038   4.841 -12.390  -7.549
LYS+1A0215_039   2.039 -11.553  -9.514
LYS+1A0215_040   2.576 -12.173  -9.597
