iConf CONFORMER     FL  occ    crg   Em0  pKa0 ne nH    vdw0    vdw1    tors    epol   dsolv   extra    history
00001 HIS01A0234_001 f 0.00  0.000     0  0.00  0  0 -11.790  -0.157   0.281   0.234   0.225   0.000 01O000M000t
00002 HIS01A0234_002 f 0.00  0.000     0  0.00  0  0 -11.709  -0.043   0.246   0.292   0.339   0.000 01E003M000t
00003 HIS01A0234_003 f 0.00  0.000     0  0.00  0  0 -11.603   3.149   2.467   0.477   0.438   0.000 01E006M000t
00004 HIS01A0234_004 f 0.00  0.000     0  0.00  0  0 -11.623   0.550   2.481   0.392   0.426   0.000 01E00EM000t
00005 HIS01A0234_005 f 0.00  0.000     0  0.00  0  0 -12.297   2.366   2.359   0.411   0.374   0.000 01E00FM000t
00006 HIS01A0234_006 f 0.00  0.000     0  0.00  0  0 -12.136   0.908   2.445   0.383   0.372   0.000 01E010M000t
00007 HIS01A0234_007 f 0.00  0.000     0  0.00  0  0 -11.755   1.886   0.160   0.141   0.573   0.000 01E011M000t
00008 HIS01A0234_008 f 0.00  0.000     0  0.00  0  0 -12.082   3.858   0.202   0.127   0.372   0.000 01E012M000t
00009 HIS01A0234_009 f 0.00  0.000     0  0.00  0  0 -11.433   4.395   2.460   0.618   0.628   0.000 01E016M000t
00010 HIS01A0234_010 f 0.00  0.000     0  0.00  0  0 -11.627   0.362   0.246   0.424   0.472   0.000 01E019M000t
00011 HIS01A0234_011 f 0.00  0.000     0  0.00  0  0 -11.387   2.888   2.470   0.317   0.387   0.000 01E01AM000t
00012 HIS01A0234_012 f 0.00  0.000     0  0.00  0  0 -11.472   1.954   2.478   0.287   0.541   0.000 01T004M000t
00013 HIS01A0234_013 f 0.00  0.000     0  0.00  0  0 -11.564   0.440   0.245   0.566   0.331   0.000 01T005M000t
00014 HIS01A0234_014 f 0.00  0.000     0  0.00  0  0 -12.235   1.354   0.178   0.015   0.391   0.000 01T007M000t
00015 HIS01A0234_015 f 0.00  0.000     0  0.00  0  0 -12.029   0.941   0.169   0.553   0.444   0.000 01T00AM000t
00016 HIS01A0234_016 f 0.00  0.000     0  0.00  0  0 -12.282  -0.024   0.218   0.457   0.199   0.000 01T00BM000t
00017 HIS01A0234_017 f 0.00  0.000     0  0.00  0  0 -12.380   3.116   2.339   0.247   0.416   0.000 01T00CM000t
00018 HIS01A0234_018 f 0.00  0.000     0  0.00  0  0 -11.401   3.099   0.185   0.455   0.248   0.000 01T015M000t
00019 HIS02A0234_019 f 0.00  0.000     0  0.00  0  0 -11.807  -0.204   0.281   0.185   0.035   0.000 02O000M000t
00020 HIS02A0234_020 f 0.00  0.000     0  0.00  0  0 -11.641   3.271   2.457  -0.017   0.457   0.000 02E006M000t
00021 HIS02A0234_021 f 0.00  0.000     0  0.00  0  0 -11.916   0.917   0.184   0.464   0.372   0.000 02E00AM000t
00022 HIS02A0234_022 f 0.00  0.000     0  0.00  0  0 -12.348  -0.035   0.211   0.225   0.069   0.000 02E00BM000t
00023 HIS02A0234_023 f 0.00  0.000     0  0.00  0  0 -11.833   1.920   0.162   0.375   0.437   0.000 02E011M000t
00024 HIS02A0234_024 f 0.00  0.000     0  0.00  0  0 -11.587   4.704   2.457   0.144   0.516   0.000 02E016M000t
00025 HIS02A0234_025 f 0.00  0.000     0  0.00  0  0 -11.648   0.354   0.240   0.397   0.172   0.000 02E019M000t
00026 HIS02A0234_026 f 0.00  0.000     0  0.00  0  0 -11.336   2.881   2.460   0.088   0.297   0.000 02E01AM000t
00027 HIS02A0234_027 f 0.00  0.000     0  0.00  0  0 -11.671  -0.071   0.241   0.256   0.193   0.000 02T003M000t
00028 HIS02A0234_028 f 0.00  0.000     0  0.00  0  0 -11.423   1.973   2.470   0.395   0.371   0.000 02T004M000t
00029 HIS02A0234_029 f 0.00  0.000     0  0.00  0  0 -11.515   0.402   0.242   0.439   0.331   0.000 02T005M000t
00030 HIS02A0234_030 f 0.00  0.000     0  0.00  0  0 -12.312   1.246   0.187   0.533   0.422   0.000 02T007M000t
00031 HIS02A0234_031 f 0.00  0.000     0  0.00  0  0 -12.638   3.035   2.356   0.318   0.364   0.000 02T00CM000t
00032 HIS02A0234_032 f 0.00  0.000     0  0.00  0  0 -11.709   0.535   2.474   0.306   0.270   0.000 02T00EM000t
00033 HIS02A0234_033 f 0.00  0.000     0  0.00  0  0 -12.243   2.494   2.369   0.310   0.233   0.000 02T00FM000t
00034 HIS02A0234_034 f 0.00  0.000     0  0.00  0  0 -12.089   0.898   2.433   0.319   0.201   0.000 02T010M000t
00035 HIS02A0234_035 f 0.00  0.000     0  0.00  0  0 -12.095   3.725   0.185   0.909   0.395   0.000 02T012M000t
00036 HIS02A0234_036 f 0.00  0.000     0  0.00  0  0 -11.694   3.345   0.184   0.531   0.289   0.000 02T015M000t
00037 HIS+1A0234_037 f 0.00  1.000     0  6.98  0  1 -11.833  -0.206   0.281   0.773  -0.323   0.000 +1O000M000t
00038 HIS+1A0234_038 f 0.00  1.000     0  6.98  0  1 -11.667   0.534   2.483   0.667  -0.322   0.000 +1E00EM000t
00039 HIS+1A0234_039 f 0.00  1.000     0  6.98  0  1 -12.058   3.834   0.200   1.175  -0.208   0.000 +1E012M000t
00040 HIS+1A0234_040 f 0.00  1.000     0  6.98  0  1 -11.854   3.911   2.464   0.309  -0.273   0.000 +1E018M000t
00041 HIS+1A0234_041 f 0.00  1.000     0  6.98  0  1 -11.698  -0.064   0.249   0.619  -0.554   0.000 +1T003M000t
00042 HIS+1A0234_042 f 0.00  1.000     0  6.98  0  1 -11.542   0.403   0.247   0.467  -0.291   0.000 +1T005M000t
00043 HIS+1A0234_043 f 0.00  1.000     0  6.98  0  1 -11.713   3.341   2.473   0.509  -0.247   0.000 +1T006M000t
00044 HIS+1A0234_044 f 0.00  1.000     0  6.98  0  1 -12.339   1.228   0.192   1.300   0.119   0.000 +1T007M000t
00045 HIS+1A0234_045 f 0.00  1.000     0  6.98  0  1 -12.007   0.922   0.189   1.002  -0.261   0.000 +1T00AM000t
00046 HIS+1A0234_046 f 0.00  1.000     0  6.98  0  1 -12.396  -0.034   0.221   0.747  -0.350   0.000 +1T00BM000t
00047 HIS+1A0234_047 f 0.00  1.000     0  6.98  0  1 -12.598   3.039   2.367   0.654  -0.221   0.000 +1T00CM000t
00048 HIS+1A0234_048 f 0.00  1.000     0  6.98  0  1 -12.270   2.496   2.376   0.677  -0.525   0.000 +1T00FM000t
00049 HIS+1A0234_049 f 0.00  1.000     0  6.98  0  1 -12.183   0.894   2.452   0.687  -0.347   0.000 +1T010M000t
00050 HIS+1A0234_050 f 0.00  1.000     0  6.98  0  1 -12.006   1.926   0.165   0.712  -0.101   0.000 +1T011M000t
00051 HIS+1A0234_051 f 0.00  1.000     0  6.98  0  1 -11.889   3.419   0.195   0.784  -0.285   0.000 +1T015M000t
00052 HIS+1A0234_052 f 0.00  1.000     0  6.98  0  1 -11.677   4.698   2.464   0.082   0.065   0.000 +1T016M000t
00053 HIS+1A0234_053 f 0.00  1.000     0  6.98  0  1 -11.572   0.354   0.247   0.428  -0.278   0.000 +1T019M000t
00054 HIS+1A0234_054 f 0.00  1.000     0  6.98  0  1 -11.411   2.889   2.477   0.664  -0.305   0.000 +1T01AM000t
