   confID        vdw0    sas     sum
HIS01A0234_001  -0.191 -11.600 -11.790
HIS01A0234_002  -0.195 -11.514 -11.709
HIS01A0234_003  -0.173 -11.430 -11.603
HIS01A0234_004  -0.150 -11.473 -11.623
HIS01A0234_005  -0.271 -12.026 -12.297
HIS01A0234_006  -0.188 -11.948 -12.136
HIS01A0234_007  -0.326 -11.430 -11.755
HIS01A0234_008  -0.261 -11.822 -12.082
HIS01A0234_009  -0.257 -11.176 -11.433
HIS01A0234_010  -0.143 -11.483 -11.627
HIS01A0234_011  -0.143 -11.244 -11.387
HIS01A0234_012  -0.178 -11.294 -11.472
HIS01A0234_013  -0.185 -11.379 -11.564
HIS01A0234_014  -0.329 -11.906 -12.235
HIS01A0234_015  -0.277 -11.753 -12.029
HIS01A0234_016  -0.190 -12.092 -12.282
HIS01A0234_017  -0.331 -12.049 -12.380
HIS01A0234_018  -0.177 -11.223 -11.401
HIS02A0234_019  -0.207 -11.600 -11.807
HIS02A0234_020  -0.192 -11.449 -11.641
HIS02A0234_021  -0.291 -11.624 -11.916
HIS02A0234_022  -0.209 -12.139 -12.348
HIS02A0234_023  -0.339 -11.494 -11.833
HIS02A0234_024  -0.276 -11.311 -11.587
HIS02A0234_025  -0.165 -11.483 -11.648
HIS02A0234_026  -0.160 -11.177 -11.336
HIS02A0234_027  -0.209 -11.462 -11.671
HIS02A0234_028  -0.197 -11.226 -11.423
HIS02A0234_029  -0.204 -11.311 -11.515
HIS02A0234_030  -0.342 -11.970 -12.312
HIS02A0234_031  -0.341 -12.297 -12.638
HIS02A0234_032  -0.168 -11.541 -11.709
HIS02A0234_033  -0.292 -11.951 -12.243
HIS02A0234_034  -0.209 -11.880 -12.089
HIS02A0234_035  -0.273 -11.822 -12.095
HIS02A0234_036  -0.201 -11.493 -11.694
HIS+1A0234_037  -0.233 -11.600 -11.833
HIS+1A0234_038  -0.194 -11.473 -11.667
HIS+1A0234_039  -0.300 -11.758 -12.058
HIS+1A0234_040  -0.229 -11.625 -11.854
HIS+1A0234_041  -0.235 -11.462 -11.698
HIS+1A0234_042  -0.230 -11.311 -11.542
HIS+1A0234_043  -0.219 -11.494 -11.713
HIS+1A0234_044  -0.369 -11.970 -12.339
HIS+1A0234_045  -0.318 -11.689 -12.007
HIS+1A0234_046  -0.236 -12.160 -12.396
HIS+1A0234_047  -0.368 -12.229 -12.598
HIS+1A0234_048  -0.320 -11.951 -12.270
HIS+1A0234_049  -0.235 -11.948 -12.183
HIS+1A0234_050  -0.367 -11.640 -12.006
HIS+1A0234_051  -0.227 -11.661 -11.889
HIS+1A0234_052  -0.302 -11.375 -11.677
HIS+1A0234_053  -0.190 -11.381 -11.572
HIS+1A0234_054  -0.186 -11.225 -11.411
