iConf CONFORMER     FL  occ    crg   Em0  pKa0 ne nH    vdw0    vdw1    tors    epol   dsolv   extra    history
00001 MET01A0236_001 f 0.00  0.000     0  0.00  0  0  -3.576   3.532   1.441   0.046   0.042   0.000 01O000M000t
00002 MET01A0236_002 f 0.00  0.000     0  0.00  0  0 -11.618   2.751   0.426   0.044   0.042   0.000 01R003M000t
00003 MET01A0236_003 f 0.00  0.000     0  0.00  0  0 -11.259   1.338   1.375   0.075   0.042   0.000 01R00AM000t
00004 MET01A0236_004 f 0.00  0.000     0  0.00  0  0 -10.912   4.808   3.797   0.040   0.044   0.000 01R01AM000t
00005 MET01A0236_005 f 0.00  0.000     0  0.00  0  0 -11.276   1.983   4.233   0.066   0.042   0.000 01R01EM000t
00006 MET01A0236_006 f 0.00  0.000     0  0.00  0  0 -11.208   2.188   4.071   0.056   0.042   0.000 01R01FM000t
00007 MET01A0236_007 f 0.00  0.000     0  0.00  0  0 -12.100   5.194   1.287   0.021   0.043   0.000 01R025M000t
00008 MET01A0236_008 f 0.00  0.000     0  0.00  0  0 -12.414   5.483   3.190  -0.007   0.042   0.000 01R02EM000t
00009 MET01A0236_009 f 0.00  0.000     0  0.00  0  0 -11.920   3.731   2.969   0.000   0.043   0.000 01R031M000t
00010 MET01A0236_010 f 0.00  0.000     0  0.00  0  0  -7.628   2.583   0.489   0.046   0.040   0.000 01X000M000t
00011 MET01A0236_011 f 0.00  0.000     0  0.00  0  0 -10.555   7.641   2.300   0.018   0.043   0.000 01T006M000t
00012 MET01A0236_012 f 0.00  0.000     0  0.00  0  0 -11.905   2.291   3.276   0.045   0.041   0.000 01T010M000t
00013 MET01A0236_013 f 0.00  0.000     0  0.00  0  0 -11.447   2.213   3.211   0.047   0.043   0.000 01T012M000t
00014 MET01A0236_014 f 0.00  0.000     0  0.00  0  0 -10.883   3.257   3.761   0.032   0.041   0.000 01T016M000t
00015 MET01A0236_015 f 0.00  0.000     0  0.00  0  0 -11.724   4.783   1.278   0.009   0.043   0.000 01T017M000t
00016 MET01A0236_016 f 0.00  0.000     0  0.00  0  0 -10.699   1.991   4.007   0.063   0.038   0.000 01T020M000t
00017 MET01A0236_017 f 0.00  0.000     0  0.00  0  0 -11.806   9.442   1.103  -0.070   0.045   0.000 01T022M000t
00018 MET01A0236_018 f 0.00  0.000     0  0.00  0  0 -11.261   2.167   3.781   0.061   0.045   0.000 01T028M000t
00019 MET01A0236_019 f 0.00  0.000     0  0.00  0  0 -11.987   3.262   3.288   0.010   0.040   0.000 01T032M000t
