CONFORMER         crg  vdw0  vdw1  tors  epol  self   occ  Hb     history    ASA
GLU01A0114_001  0.000 -2.91  0.52  2.93  0.00  0.55 0.534  00  01O000M000  1.000
GLU01A0114_002  0.000 -3.09  0.82  2.92  0.00  0.65 0.536  00  01E001M000  1.008
GLU01A0114_003  0.000 -3.76  0.57  3.22  0.00  0.04 0.535  00  01E004M000  1.023
GLU01A0114_004  0.000 -3.92  0.78  3.21  0.00  0.08 0.535  00  01E006M000  1.050
GLU01A0114_005  0.000 -4.22  3.06  3.41  0.00  2.25 0.536  00  01E00AM000  1.014
GLU01A0114_006  0.000 -4.31  0.58  3.27  0.00 -0.46 0.537  00  01E00DM000  1.066
GLU01A0114_007  0.000 -2.98  0.52  0.21  0.00 -2.25 0.534  00  01O000M000  1.017
GLU01A0114_008  0.000 -4.17  0.59  0.51  0.00 -3.07 0.537  00  01E00DM000  1.067
GLU01A0114_009  0.000 -3.43  0.41  6.21  0.00  3.18 0.535  00  01T007M000  1.046
GLU01A0114_010  0.000 -4.22  2.54  3.56  0.00  1.88 0.538  00  01T00CM000  1.018
GLU01A0114_011  0.000 -3.48  1.58  2.94  0.00  1.03 0.535  00  01T002M000  1.050
GLU01A0114_012  0.000 -3.86  2.43  3.31  0.00  1.89 0.536  00  01T008M000  1.022
GLU01A0114_013  0.000 -4.04  1.08  6.12  0.00  3.17 0.538  00  01T00BM000  1.044
GLU01A0114_014  0.000 -3.43  0.41  3.49  0.00  0.46 0.535  00  01T007M000  1.046
GLU01A0114_015  0.000 -4.09  2.02  0.64  0.00 -1.43 0.536  00  01T008M000  1.059
GLU01A0114_016  0.000 -4.22  3.06  0.69  0.00 -0.47 0.536  00  01T00AM000  1.014
GLU01A0114_017  0.000 -3.74  0.77  0.43  0.00 -2.54 0.535  00  01T006M000  1.043
GLU01A0114_018  0.000 -3.95  0.30  0.60  0.00 -3.04 0.534  00  01T009M000  1.035
GLU01A0114_019  0.000 -4.04  1.08  3.40  0.00  0.45 0.538  00  01T00BM000  1.044
GLU01A0114_020  0.000 -4.35  2.75  0.81  0.00 -0.79 0.538  00  01T00CM000  1.017
GLU02A0114_021  0.000 -3.28  0.53  2.93  0.00  0.18 0.534  00  02O000M000  1.000
GLU02A0114_022  0.000 -3.44  0.82  2.92  0.00  0.31 0.536  00  02E001M000  1.030
GLU02A0114_023  0.000 -3.50  0.56  3.23  0.00  0.30 0.535  00  02E004M000  1.016
GLU02A0114_024  0.000 -3.56  0.77  3.22  0.00  0.43 0.535  00  02E006M000  1.047
GLU02A0114_025  0.000 -3.43  0.36  6.31  0.00  3.24 0.535  00  02E007M000  1.054
GLU02A0114_026  0.000 -3.92  2.38  3.36  0.00  1.82 0.536  00  02E008M000  1.064
GLU02A0114_027  0.000 -4.12  1.08  6.23  0.00  3.19 0.538  00  02E00BM000  1.053
GLU02A0114_028  0.000 -3.28  0.53  0.21  0.00 -2.54 0.534  00  02O000M000  1.000
GLU02A0114_029  0.000 -3.95  2.35  0.66  0.00 -0.94 0.536  00  02E008M000  1.072
GLU02A0114_030  0.000 -3.99  0.28  3.30  0.00 -0.41 0.534  00  02T009M000  1.031
GLU02A0114_031  0.000 -4.24  3.43  3.45  0.00  2.64 0.536  00  02T00AM000  1.000
GLU02A0114_032  0.000 -4.17  2.37  3.49  0.00  1.69 0.538  00  02T00CM000  1.007
GLU02A0114_033  0.000 -3.37  0.82  0.20  0.00 -2.34 0.536  00  02T001M000  1.015
GLU02A0114_034  0.000 -3.43  0.37  3.55  0.00  0.49 0.535  00  02T007M000  1.054
GLU02A0114_035  0.000 -4.16  2.12  0.82  0.00 -1.22 0.538  00  02T00CM000  1.000
GLU02A0114_036  0.000 -3.99  0.28  0.58  0.00 -3.13 0.534  00  02T009M000  1.031
GLU02A0114_037  0.000 -4.24  3.43  0.73  0.00 -0.08 0.536  00  02T00AM000  1.000
GLU02A0114_038  0.000 -4.03  1.07  3.36  0.00  0.40 0.538  00  02T00BM000  1.045
GLU-1A0114_039 -1.000 -3.21  0.54  0.21  0.00 -2.46 0.534  00  -1O000M000  1.000
GLU-1A0114_040 -1.000 -3.70  1.44  0.21  0.00 -2.05 0.535  00  -1E002M000  1.046
GLU-1A0114_041 -1.000 -3.94  0.92  0.63  0.00 -2.39 0.533  00  -1E005M000  1.015
GLU-1A0114_042 -1.000 -3.45  0.38  3.45  0.00  0.39 0.535  00  -1E007M000  1.046
GLU-1A0114_043 -1.000 -4.08  2.22  0.62  0.00 -1.24 0.536  00  -1E008M000  1.055
GLU-1A0114_044 -1.000 -4.09  1.08  3.39  0.00  0.39 0.538  00  -1E00BM000  1.045
GLU-1A0114_045 -1.000 -4.16  0.60  0.51  0.00 -3.04 0.537  00  -1E00DM000  1.068
