   confID        vdw0    sas     sum
GLU01A0114_001   1.536  -4.443  -2.907
GLU01A0114_002   1.535  -4.630  -3.094
GLU01A0114_003   0.935  -4.694  -3.759
GLU01A0114_004   0.941  -4.858  -3.917
GLU01A0114_005   0.614  -4.829  -4.215
GLU01A0114_006   0.868  -5.179  -4.311
GLU01A0114_007   1.536  -4.521  -2.984
GLU01A0114_008   0.993  -5.159  -4.166
GLU01A0114_009   1.429  -4.862  -3.433
GLU01A0114_010   0.612  -4.816  -4.204
GLU01A0114_011   1.358  -4.845  -3.487
GLU01A0114_012   0.871  -4.728  -3.857
GLU01A0114_013   0.862  -4.901  -4.039
GLU01A0114_014   1.429  -4.862  -3.433
GLU01A0114_015   0.850  -4.935  -4.085
GLU01A0114_016   0.614  -4.829  -4.215
GLU01A0114_017   1.032  -4.774  -3.742
GLU01A0114_018   0.887  -4.836  -3.948
GLU01A0114_019   0.862  -4.901  -4.039
GLU01A0114_020   0.623  -4.970  -4.348
GLU02A0114_021   1.247  -4.527  -3.280
GLU02A0114_022   1.250  -4.689  -3.439
GLU02A0114_023   1.127  -4.627  -3.500
GLU02A0114_024   1.120  -4.675  -3.556
GLU02A0114_025   1.294  -4.727  -3.432
GLU02A0114_026   0.956  -4.873  -3.917
GLU02A0114_027   0.801  -4.920  -4.120
GLU02A0114_028   1.247  -4.527  -3.280
GLU02A0114_029   0.918  -4.873  -3.954
GLU02A0114_030   0.871  -4.878  -4.008
GLU02A0114_031   0.622  -4.861  -4.239
GLU02A0114_032   0.669  -4.840  -4.171
GLU02A0114_033   1.249  -4.620  -3.371
GLU02A0114_034   1.298  -4.727  -3.429
GLU02A0114_035   0.656  -4.818  -4.163
GLU02A0114_036   0.871  -4.878  -4.008
GLU02A0114_037   0.622  -4.861  -4.239
GLU02A0114_038   0.871  -4.899  -4.028
GLU-1A0114_039   1.166  -4.379  -3.213
GLU-1A0114_040   1.050  -4.757  -3.706
GLU-1A0114_041   0.698  -4.642  -3.944
GLU-1A0114_042   1.272  -4.714  -3.442
GLU-1A0114_043   0.747  -4.825  -4.078
GLU-1A0114_044   0.710  -4.796  -4.086
GLU-1A0114_045   0.832  -4.985  -4.153
