CONFORMER         crg  vdw0  vdw1  tors  epol  self   occ  Hb     history    ASA
ASP01A0106_001  0.000 -4.34  0.74  4.60  0.00  1.00 0.542  00  01O000M000  1.000
ASP01A0106_002  0.000 -4.05  0.49  4.70  0.00  1.14 0.540  00  01E00AM000  1.000
ASP01A0106_003  0.000 -4.35  0.74  1.88  0.00 -1.74 0.542  00  01O000M000  1.003
ASP01A0106_004  0.000 -4.22  0.41  1.87  0.00 -1.94 0.540  00  01E009M000  1.053
ASP01A0106_005  0.000 -4.33  0.90  3.97  0.00  0.54 0.543  00  01T001M000  1.000
ASP01A0106_006  0.000 -4.18  1.97  3.80  0.00  1.59 0.543  00  01T003M000  1.000
ASP01A0106_007  0.000 -4.19  0.37  4.54  0.00  0.72 0.540  00  01T009M000  1.053
ASP01A0106_008  0.000 -4.15  0.29  4.52  0.00  0.66 0.543  00  01T00BM000  1.006
ASP01A0106_009  0.000 -4.13  1.04  4.78  0.00  1.70 0.543  00  01T008M000  1.008
ASP01A0106_010  0.000 -4.39  0.90  1.25  0.00 -2.23 0.543  00  01T001M000  1.011
ASP01A0106_011  0.000 -4.16  1.05  1.98  0.00 -1.13 0.543  00  01T008M000  1.000
ASP01A0106_012  0.000 -4.20  0.29  1.80  0.00 -2.12 0.543  00  01T00BM000  1.017
ASP01A0106_013  0.000 -4.17  1.94  1.18  0.00 -1.05 0.543  00  01T003M000  1.000
ASP02A0106_014  0.000 -4.20  0.53  4.60  0.00  0.93 0.542  00  02O000M000  1.008
ASP02A0106_015  0.000 -4.28  0.70  3.98  0.00  0.41 0.543  00  02E001M000  1.000
ASP02A0106_016  0.000 -4.21  1.43  3.81  0.00  1.03 0.543  00  02E003M000  1.000
ASP02A0106_017  0.000 -4.23  0.30  4.52  0.00  0.60 0.540  00  02E009M000  1.053
ASP02A0106_018  0.000 -4.20  0.53  1.88  0.00 -1.79 0.542  00  02O000M000  1.008
ASP02A0106_019  0.000 -4.30  0.37  1.85  0.00 -2.08 0.540  00  02E009M000  1.055
ASP02A0106_020  0.000 -4.08  0.30  1.86  0.00 -1.93 0.543  00  02E00BM000  1.006
ASP02A0106_021  0.000 -4.06  0.24  4.52  0.00  0.71 0.543  00  02T00BM000  1.006
ASP02A0106_022  0.000 -4.20  0.01  4.58  0.00  0.40 0.541  00  02T007M000  1.000
ASP02A0106_023  0.000 -4.14  0.91  4.77  0.00  1.55 0.543  00  02T008M000  1.000
ASP02A0106_024  0.000 -4.26 -0.03  1.81  0.00 -2.48 0.541  00  02T007M000  1.000
ASP02A0106_025  0.000 -4.15  0.81  1.98  0.00 -1.35 0.543  00  02T008M000  1.006
ASP02A0106_026  0.000 -4.02  0.34  2.00  0.00 -1.68 0.540  00  02T00AM000  1.006
ASP-1A0106_027 -1.000 -4.25  0.55  1.88  0.00 -1.83 0.542  00  -1O000M000  1.000
ASP-1A0106_028 -1.000 -4.10  0.71  1.85  0.00 -1.54 0.543  00  -1E008M000  1.000
ASP-1A0106_029 -1.000 -4.20  0.22  1.65  0.00 -2.33 0.540  00  -1E009M000  1.055
ASP-1A0106_030 -1.000 -4.12  0.18  1.65  0.00 -2.30 0.543  00  -1E00BM000  1.003
