iConf CONFORMER     FL  occ    crg   Em0  pKa0 ne nH    vdw0    vdw1    tors    epol   dsolv   extra    history
00001 ASP01A0106_001 f 0.00  0.000     0  0.00  0  0  -4.339   0.734   4.598   1.065  -0.262   0.000 01O000M000t
00002 ASP01A0106_002 f 0.00  0.000     0  0.00  0  0  -4.663   2.334   3.791   0.387  -0.301   0.000 01E002M000t
00003 ASP01A0106_003 f 0.00  0.000     0  0.00  0  0  -4.185   0.371   4.544   0.544  -0.397   0.000 01E009M000t
00004 ASP01A0106_004 f 0.00  0.000     0  0.00  0  0  -4.049   0.494   4.696   0.764  -0.519   0.000 01E00AM000t
00005 ASP01A0106_005 f 0.00  0.000     0  0.00  0  0  -4.352   0.734   1.878   0.160   0.534   0.000 01O000M000t
00006 ASP01A0106_006 f 0.00  0.000     0  0.00  0  0  -4.172   0.076   1.879   0.170   0.549   0.000 01E007M000t
00007 ASP01A0106_007 f 0.00  0.000     0  0.00  0  0  -4.093   1.046   2.060   0.177   0.704   0.000 01E008M000t
00008 ASP01A0106_008 f 0.00  0.000     0  0.00  0  0  -4.153   0.286   4.522   0.637  -0.681   0.000 01T00BM000t
00009 ASP01A0106_009 f 0.00  0.000     0  0.00  0  0  -4.174   1.942   3.904   0.588  -0.030   0.000 01T003M000t
00010 ASP01A0106_010 f 0.00  0.000     0  0.00  0  0  -4.279   0.076   4.598   0.475  -0.331   0.000 01T007M000t
00011 ASP01A0106_011 f 0.00  0.000     0  0.00  0  0  -4.128   1.046   4.780   0.167  -0.288   0.000 01T008M000t
00012 ASP01A0106_012 f 0.00  0.000     0  0.00  0  0  -4.185   0.373   1.820   0.129   0.595   0.000 01T009M000t
00013 ASP01A0106_013 f 0.00  0.000     0  0.00  0  0  -4.174   1.942   1.184   0.301   0.553   0.000 01T003M000t
00014 ASP01A0106_014 f 0.00  0.000     0  0.00  0  0  -4.303   0.337   1.862   0.430   0.536   0.000 01T00BM000t
00015 ASP02A0106_015 f 0.00  0.000     0  0.00  0  0  -4.203   0.528   4.598   0.154  -0.517   0.000 02O000M000t
00016 ASP02A0106_016 f 0.00  0.000     0  0.00  0  0  -4.210   1.432   3.809   0.379  -0.440   0.000 02E003M000t
00017 ASP02A0106_017 f 0.00  0.000     0  0.00  0  0  -4.303  -0.030   4.543   0.244  -0.442   0.000 02E007M000t
00018 ASP02A0106_018 f 0.00  0.000     0  0.00  0  0  -4.203   0.528   1.878   0.126   0.727   0.000 02O000M000t
00019 ASP02A0106_019 f 0.00  0.000     0  0.00  0  0  -4.302   0.365   1.855   0.112   0.772   0.000 02E009M000t
00020 ASP02A0106_020 f 0.00  0.000     0  0.00  0  0  -4.302   0.367   4.562   0.195  -0.601   0.000 02T009M000t
00021 ASP02A0106_021 f 0.00  0.000     0  0.00  0  0  -4.095   0.449   4.775   0.311  -0.298   0.000 02T00AM000t
00022 ASP02A0106_022 f 0.00  0.000     0  0.00  0  0  -4.083   0.300   4.563   0.529  -0.606   0.000 02T00BM000t
00023 ASP02A0106_023 f 0.00  0.000     0  0.00  0  0  -4.074   0.245   1.804   0.398   0.655   0.000 02T00BM000t
00024 ASP02A0106_024 f 0.00  0.000     0  0.00  0  0  -4.619   2.529   1.093  -0.029   0.831   0.000 02T002M000t
00025 ASP02A0106_025 f 0.00  0.000     0  0.00  0  0  -4.379   1.144   0.842   0.106   0.663   0.000 02T006M000t
00026 ASP02A0106_026 f 0.00  0.000     0  0.00  0  0  -4.095   0.449   2.055   0.253   0.735   0.000 02T00AM000t
00027 ASP-1A0106_027 f 0.00 -1.000     0  4.75  0 -1  -4.253   0.544   1.878  -0.549  -0.248   0.000 -1O000M000t
00028 ASP-1A0106_028 f 0.00 -1.000     0  4.75  0 -1  -4.097   0.710   1.847  -0.259  -0.211   0.000 -1E008M000t
00029 ASP-1A0106_029 f 0.00 -1.000     0  4.75  0 -1  -3.981   0.289   1.878  -0.590  -0.126   0.000 -1E00AM000t
00030 ASP-1A0106_030 f 0.00 -1.000     0  4.75  0 -1  -4.123   0.179   1.648  -0.689  -0.213   0.000 -1E00BM000t
