iConf CONFORMER     FL  occ    crg   Em0  pKa0 ne nH    vdw0    vdw1    tors    epol   dsolv   extra    history
00001 ARG01A0152_001 f 0.00  0.000     0  0.00  0  0  -8.795   0.377   3.978   0.000  -0.030   0.000 01O000M000t
00002 ARG01A0152_002 f 0.00  0.000     0  0.00  0  0 -12.346   1.597   2.770   0.027  -0.311   0.000 01E052M000t
00003 ARG01A0152_003 f 0.00  0.000     0  0.00  0  0 -11.482   1.010   2.618   0.056  -0.098   0.000 01E056M000t
00004 ARG01A0152_004 f 0.00  0.000     0  0.00  0  0  -9.010   2.131   3.243  -0.035  -0.041   0.000 01E063M000t
00005 ARG01A0152_005 f 0.00  0.000     0  0.00  0  0 -11.066   0.631   4.305   0.037  -0.226   0.000 01E072M000t
00006 ARG01A0152_006 f 0.00  0.000     0  0.00  0  0 -10.919   1.638   4.296   0.020  -0.463   0.000 01E094M000t
00007 ARG01A0152_007 f 0.00  0.000     0  0.00  0  0 -11.148   0.129   4.214   0.080  -0.031   0.000 01E0B7M000t
00008 ARG01A0152_008 f 0.00  0.000     0  0.00  0  0 -12.065   3.141   1.670   0.112   0.004   0.000 01E148M000t
00009 ARG01A0152_009 f 0.00  0.000     0  0.00  0  0 -11.988   1.821   4.663   0.005   0.040   0.000 01T00AM000t
00010 ARG01A0152_010 f 0.00  0.000     0  0.00  0  0 -11.414   2.034   3.444   0.044  -0.248   0.000 01T00BM000t
00011 ARG01A0152_011 f 0.00  0.000     0  0.00  0  0 -12.475   2.706   3.476   0.051  -0.155   0.000 01T07CM000t
00012 ARG01A0152_012 f 0.00  0.000     0  0.00  0  0 -11.397  -0.437   3.771   0.096   0.032   0.000 01T0B3M000t
00013 ARG01A0152_013 f 0.00  0.000     0  0.00  0  0 -11.140   3.297   3.477   0.125   0.020   0.000 01T0C3M000t
00014 ARG01A0152_014 f 0.00  0.000     0  0.00  0  0 -11.180   0.011   4.169   0.102  -0.118   0.000 01T0C8M000t
00015 ARG01A0152_015 f 0.00  0.000     0  0.00  0  0 -10.950   2.623   2.065   0.040  -0.123   0.000 01T0FEM000t
00016 ARG01A0152_016 f 0.00  0.000     0  0.00  0  0 -11.172   1.557   4.431   0.012  -0.114   0.000 01T112M000t
00017 ARG01A0152_017 f 0.00  0.000     0  0.00  0  0 -11.225   2.188   4.620  -0.118   0.073   0.000 01T128M000t
00018 ARG01A0152_018 f 0.00  0.000     0  0.00  0  0 -10.620   1.193   1.707  -0.031  -0.221   0.000 01T12EM000t
00019 ARG01A0152_019 f 0.00  0.000     0  0.00  0  0 -11.268   1.953   2.386   0.823   0.018   0.000 01T13DM000t
00020 ARG01A0152_020 f 0.00  0.000     0  0.00  0  0 -11.012   1.476   2.378   0.072   0.037   0.000 01T14EM000t
00021 ARG02A0152_021 f 0.00  0.000     0  0.00  0  0 -11.631   1.739   2.113   0.037   0.862   0.000 02E052M000t
00022 ARG02A0152_022 f 0.00  0.000     0  0.00  0  0 -10.908   1.609   2.354   0.080   0.818   0.000 02E14EM000t
00023 ARG02A0152_023 f 0.00  0.000     0  0.00  0  0  -8.833   0.370   3.978   0.040   0.874   0.000 02O000M000t
00024 ARG02A0152_024 f 0.00  0.000     0  0.00  0  0 -10.776   1.728   4.264  -0.016   0.892   0.000 02E094M000t
00025 ARG02A0152_025 f 0.00  0.000     0  0.00  0  0 -10.718   0.229   4.283   0.053   0.526   0.000 02E0B7M000t
00026 ARG02A0152_026 f 0.00  0.000     0  0.00  0  0 -10.659   1.244   1.761  -0.037   0.804   0.000 02E12EM000t
00027 ARG02A0152_027 f 0.00  0.000     0  0.00  0  0 -10.892   0.610   4.264   0.020   0.938   0.000 02T072M000t
00028 ARG02A0152_028 f 0.00  0.000     0  0.00  0  0 -11.221   0.024   4.163   0.111   1.087   0.000 02T0C8M000t
00029 ARG02A0152_029 f 0.00  0.000     0  0.00  0  0 -11.137   3.981   3.371   0.122   0.872   0.000 02T0C3M000t
00030 ARG02A0152_030 f 0.00  0.000     0  0.00  0  0 -10.879   2.628   2.070   0.013   0.695   0.000 02T0FEM000t
00031 ARG02A0152_031 f 0.00  0.000     0  0.00  0  0 -11.543   1.424   4.244   0.031   0.612   0.000 02T112M000t
00032 ARG02A0152_032 f 0.00  0.000     0  0.00  0  0 -10.962   2.000   4.595  -0.439   0.974   0.000 02T128M000t
00033 ARG02A0152_033 f 0.00  0.000     0  0.00  0  0 -11.374   1.928   2.344  -0.396   0.486   0.000 02T13DM000t
00034 ARG02A0152_034 f 0.00  0.000     0  0.00  0  0 -11.924   2.961   1.340   0.077   0.428   0.000 02T148M000t
00035 ARG02A0152_035 f 0.00  0.000     0  0.00  0  0 -11.012   1.840   4.032   0.003   0.652   0.000 02T00AM000t
00036 ARG02A0152_036 f 0.00  0.000     0  0.00  0  0 -11.502   2.026   3.428   0.010   0.707   0.000 02T00BM000t
00037 ARG02A0152_037 f 0.00  0.000     0  0.00  0  0 -11.820   1.197   2.325  -0.009   0.866   0.000 02T056M000t
00038 ARG02A0152_038 f 0.00  0.000     0  0.00  0  0  -9.081   2.068   3.161  -0.013   0.774   0.000 02T063M000t
00039 ARG02A0152_039 f 0.00  0.000     0  0.00  0  0 -11.929   2.073   3.008   0.014   0.146   0.000 02T07CM000t
00040 ARG02A0152_040 f 0.00  0.000     0  0.00  0  0 -11.445  -0.312   3.778  -0.063   0.781   0.000 02T0B3M000t
00041 ARG03A0152_041 f 0.00  0.000     0  0.00  0  0  -8.887   0.369   3.978   0.037   0.995   0.000 03O000M000t
00042 ARG03A0152_042 f 0.00  0.000     0  0.00  0  0 -11.482   1.722   2.001   0.034   0.540   0.000 03E052M000t
00043 ARG03A0152_043 f 0.00  0.000     0  0.00  0  0 -10.799   1.713   4.245   0.015   0.973   0.000 03E094M000t
00044 ARG03A0152_044 f 0.00  0.000     0  0.00  0  0 -10.902   2.619   2.069   0.018   1.002   0.000 03E0FEM000t
00045 ARG03A0152_045 f 0.00  0.000     0  0.00  0  0 -11.585   1.426   4.226   0.027   0.812   0.000 03E112M000t
00046 ARG03A0152_046 f 0.00  0.000     0  0.00  0  0 -11.835   1.184   2.292   0.037   0.728   0.000 03E056M000t
00047 ARG03A0152_047 f 0.00  0.000     0  0.00  0  0 -11.063   2.188   4.592  -0.138   0.952   0.000 03E128M000t
00048 ARG03A0152_048 f 0.00  0.000     0  0.00  0  0 -10.669   1.233   1.710  -0.036   0.953   0.000 03E12EM000t
00049 ARG03A0152_049 f 0.00  0.000     0  0.00  0  0 -11.267   0.027   4.149   0.098   1.066   0.000 03T0C8M000t
00050 ARG03A0152_050 f 0.00  0.000     0  0.00  0  0 -10.828   1.830   3.968   0.010   0.673   0.000 03T00AM000t
00051 ARG03A0152_051 f 0.00  0.000     0  0.00  0  0 -11.560   2.028   3.395   0.028   0.779   0.000 03T00BM000t
00052 ARG03A0152_052 f 0.00  0.000     0  0.00  0  0  -9.203   2.056   3.166  -0.033   0.705   0.000 03T063M000t
00053 ARG03A0152_053 f 0.00  0.000     0  0.00  0  0 -10.799   0.225   4.263   0.083   0.476   0.000 03T0B7M000t
00054 ARG03A0152_054 f 0.00  0.000     0  0.00  0  0 -11.261   3.991   3.357   0.129   0.906   0.000 03T0C3M000t
00055 ARG03A0152_055 f 0.00  0.000     0  0.00  0  0 -11.239   1.988   2.340   1.135   1.063   0.000 03T13DM000t
00056 ARG03A0152_056 f 0.00  0.000     0  0.00  0  0 -10.907   1.603   2.348   0.067   1.022   0.000 03T14EM000t
00057 ARG03A0152_057 f 0.00  0.000     0  0.00  0  0 -10.874   0.597   4.276   0.026   0.918   0.000 03T072M000t
00058 ARG03A0152_058 f 0.00  0.000     0  0.00  0  0 -11.768   2.105   2.874   0.036   0.530   0.000 03T07CM000t
00059 ARG03A0152_059 f 0.00  0.000     0  0.00  0  0 -11.462  -0.368   3.782   0.079   1.094   0.000 03T0B3M000t
00060 ARG03A0152_060 f 0.00  0.000     0  0.00  0  0 -11.824   2.965   1.344   0.106   0.690   0.000 03T148M000t
00061 ARG+1A0152_061 f 0.00  1.000     0 12.50  0  1  -8.925   0.368   3.978   0.114   0.031   0.000 +1O000M000t
00062 ARG+1A0152_062 f 0.00  1.000     0 12.50  0  1 -10.916   0.604   4.292   0.093  -0.371   0.000 +1E072M000t
00063 ARG+1A0152_063 f 0.00  1.000     0 12.50  0  1 -11.958   2.084   3.051   0.017  -0.521   0.000 +1E07CM000t
00064 ARG+1A0152_064 f 0.00  1.000     0 12.50  0  1 -10.904   1.714   4.273   0.125  -0.102   0.000 +1E094M000t
00065 ARG+1A0152_065 f 0.00  1.000     0 12.50  0  1 -11.454  -0.370   3.802   0.295  -0.229   0.000 +1E0B3M000t
00066 ARG+1A0152_066 f 0.00  1.000     0 12.50  0  1 -11.242   4.028   3.385   0.469   0.130   0.000 +1E0C3M000t
00067 ARG+1A0152_067 f 0.00  1.000     0 12.50  0  1 -11.285   0.023   4.172   0.218  -0.052   0.000 +1E0C8M000t
00068 ARG+1A0152_068 f 0.00  1.000     0 12.50  0  1 -10.902   2.631   2.095   0.030  -0.339   0.000 +1E0FEM000t
00069 ARG+1A0152_069 f 0.00  1.000     0 12.50  0  1 -11.118   2.286   4.617   0.250  -0.099   0.000 +1E128M000t
00070 ARG+1A0152_070 f 0.00  1.000     0 12.50  0  1 -11.342   2.130   2.375   1.422   0.087   0.000 +1E13DM000t
00071 ARG+1A0152_071 f 0.00  1.000     0 12.50  0  1 -10.988   1.834   4.066   0.052  -0.080   0.000 +1T00AM000t
00072 ARG+1A0152_072 f 0.00  1.000     0 12.50  0  1 -11.462   2.023   3.451   0.016  -0.163   0.000 +1T00BM000t
00073 ARG+1A0152_073 f 0.00  1.000     0 12.50  0  1 -11.729   1.738   2.132   0.110  -0.426   0.000 +1T052M000t
00074 ARG+1A0152_074 f 0.00  1.000     0 12.50  0  1 -11.862   1.177   2.332   0.269  -0.187   0.000 +1T056M000t
00075 ARG+1A0152_075 f 0.00  1.000     0 12.50  0  1  -9.224   2.045   3.191   0.059  -0.327   0.000 +1T063M000t
00076 ARG+1A0152_076 f 0.00  1.000     0 12.50  0  1 -10.833   0.225   4.292   0.211  -0.167   0.000 +1T0B7M000t
00077 ARG+1A0152_077 f 0.00  1.000     0 12.50  0  1 -11.676   1.436   4.259   0.090  -0.199   0.000 +1T112M000t
00078 ARG+1A0152_078 f 0.00  1.000     0 12.50  0  1 -10.823   1.251   1.781   0.130  -0.112   0.000 +1T12EM000t
00079 ARG+1A0152_079 f 0.00  1.000     0 12.50  0  1 -11.958   2.920   1.374   0.266  -0.047   0.000 +1T148M000t
00080 ARG+1A0152_080 f 0.00  1.000     0 12.50  0  1 -10.946   1.601   2.371   0.188  -0.440   0.000 +1T14EM000t
