CONFORMER         crg  vdw0  vdw1  tors  epol  self   occ  Hb     history    ASA
ARG01A0152_001  0.000 -8.80  0.38  3.98  0.00 -4.44 0.502  00  01O000M000  1.000
ARG01A0152_002  0.000-12.35  1.60  2.76  0.00 -8.00 0.502  00  01E052M000  1.000
ARG01A0152_003  0.000-11.48  1.01  2.61  0.00 -7.86 0.502  00  01E056M000  1.000
ARG01A0152_004  0.000 -9.01  2.13  3.24  0.00 -3.63 0.501  00  01E063M000  1.000
ARG01A0152_005  0.000-11.00  0.63  4.31  0.00 -6.06 0.502  00  01E072M000  1.000
ARG01A0152_006  0.000-10.92  1.59  4.29  0.00 -5.03 0.502  00  01E094M000  1.000
ARG01A0152_007  0.000-11.15  0.13  4.21  0.00 -6.81 0.502  00  01E0B7M000  1.000
ARG01A0152_008  0.000-12.07  3.14  1.66  0.00 -7.26 0.502  00  01E148M000  1.000
ARG01A0152_009  0.000-11.99  1.82  4.66  0.00 -5.51 0.502  00  01T00AM000  1.000
ARG01A0152_010  0.000-11.42  2.03  3.44  0.00 -5.94 0.502  00  01T00BM000  1.000
ARG01A0152_011  0.000-12.47  2.71  3.47  0.00 -6.29 0.501  00  01T07CM000  1.000
ARG01A0152_012  0.000-11.40 -0.44  3.77  0.00 -8.07 0.502  00  01T0B3M000  1.000
ARG01A0152_013  0.000-11.13  3.30  3.48  0.00 -4.36 0.502  00  01T0C3M000  1.000
ARG01A0152_014  0.000-11.18  0.01  4.17  0.00 -7.00 0.501  00  01T0C8M000  1.000
ARG01A0152_015  0.000-11.01  2.62  2.06  0.00 -6.33 0.502  00  01T0FEM000  1.000
ARG01A0152_016  0.000-11.18  1.51  4.43  0.00 -5.24 0.501  00  01T112M000  1.000
ARG01A0152_017  0.000-11.21  2.14  4.62  0.00 -4.45 0.501  00  01T128M000  1.000
ARG01A0152_018  0.000-10.62  1.19  1.71  0.00 -7.73 0.502  00  01T12EM000  1.000
ARG01A0152_019  0.000-11.28  1.95  2.39  0.00 -6.94 0.501  00  01T13DM000  1.000
ARG01A0152_020  0.000-11.01  1.48  2.37  0.00 -7.16 0.501  00  01T14EM000  1.000
ARG02A0152_021  0.000-11.63  1.74  2.11  0.00 -7.78 0.502  00  02E052M000  1.000
ARG02A0152_022  0.000-10.91  1.61  2.36  0.00 -6.95 0.501  00  02E14EM000  1.000
ARG02A0152_023  0.000 -8.84  0.37  3.98  0.00 -4.49 0.502  00  02O000M000  1.000
ARG02A0152_024  0.000-10.77  1.68  4.26  0.00 -4.82 0.502  00  02E094M000  1.000
ARG02A0152_025  0.000-10.71  0.23  4.28  0.00 -6.20 0.502  00  02E0B7M000  1.000
ARG02A0152_026  0.000-10.67  1.24  1.76  0.00 -7.67 0.502  00  02E12EM000  1.000
ARG02A0152_027  0.000-10.89  0.61  4.26  0.00 -6.02 0.502  00  02T072M000  1.000
ARG02A0152_028  0.000-11.22  0.02  4.16  0.00 -7.04 0.501  00  02T0C8M000  1.000
ARG02A0152_029  0.000-11.13  3.98  3.37  0.00 -3.78 0.502  00  02T0C3M000  1.000
ARG02A0152_030  0.000-10.89  2.63  2.07  0.00 -6.20 0.502  00  02T0FEM000  1.000
ARG02A0152_031  0.000-11.55  1.38  4.24  0.00 -5.93 0.501  00  02T112M000  1.000
ARG02A0152_032  0.000-10.95  1.95  4.59  0.00 -4.41 0.501  00  02T128M000  1.000
ARG02A0152_033  0.000-11.37  1.93  2.34  0.00 -7.10 0.501  00  02T13DM000  1.000
ARG02A0152_034  0.000-11.94  2.96  1.34  0.00 -7.64 0.502  00  02T148M000  1.000
ARG02A0152_035  0.000-11.01  1.84  4.03  0.00 -5.14 0.502  00  02T00AM000  1.000
ARG02A0152_036  0.000-11.50  2.03  3.43  0.00 -6.04 0.502  00  02T00BM000  1.000
ARG02A0152_037  0.000-11.82  1.20  2.32  0.00 -8.29 0.502  00  02T056M000  1.000
ARG02A0152_038  0.000 -9.07  2.06  3.16  0.00 -3.85 0.501  00  02T063M000  1.000
ARG02A0152_039  0.000-11.93  2.08  3.01  0.00 -6.85 0.501  00  02T07CM000  1.000
ARG02A0152_040  0.000-11.44 -0.31  3.78  0.00 -7.97 0.502  00  02T0B3M000  1.000
ARG03A0152_041  0.000 -8.89  0.37  3.98  0.00 -4.54 0.502  00  03O000M000  1.000
ARG03A0152_042  0.000-11.48  1.72  2.00  0.00 -7.75 0.502  00  03E052M000  1.000
ARG03A0152_043  0.000-10.81  1.67  4.24  0.00 -4.90 0.502  00  03E094M000  1.000
ARG03A0152_044  0.000-10.91  2.62  2.07  0.00 -6.22 0.502  00  03E0FEM000  1.000
ARG03A0152_045  0.000-11.58  1.38  4.23  0.00 -5.98 0.501  00  03E112M000  1.000
ARG03A0152_046  0.000-11.89  1.18  2.29  0.00 -8.41 0.502  00  03E056M000  1.000
ARG03A0152_047  0.000-11.07  2.14  4.59  0.00 -4.33 0.501  00  03E128M000  1.000
ARG03A0152_048  0.000-10.67  1.23  1.71  0.00 -7.74 0.502  00  03E12EM000  1.000
ARG03A0152_049  0.000-11.26  0.03  4.15  0.00 -7.09 0.501  00  03T0C8M000  1.000
ARG03A0152_050  0.000-10.83  1.83  3.97  0.00 -5.03 0.502  00  03T00AM000  1.000
ARG03A0152_051  0.000-11.57  2.02  3.39  0.00 -6.15 0.502  00  03T00BM000  1.000
ARG03A0152_052  0.000 -9.21  2.05  3.17  0.00 -3.99 0.501  00  03T063M000  1.000
ARG03A0152_053  0.000-10.80  0.23  4.26  0.00 -6.31 0.502  00  03T0B7M000  1.000
ARG03A0152_054  0.000-11.26  3.99  3.36  0.00 -3.91 0.502  00  03T0C3M000  1.000
ARG03A0152_055  0.000-11.23  1.98  2.34  0.00 -6.91 0.501  00  03T13DM000  1.000
ARG03A0152_056  0.000-10.91  1.60  2.35  0.00 -6.96 0.501  00  03T14EM000  1.000
ARG03A0152_057  0.000-10.88  0.60  4.28  0.00 -6.00 0.502  00  03T072M000  1.000
ARG03A0152_058  0.000-11.77  2.10  2.87  0.00 -6.80 0.501  00  03T07CM000  1.000
ARG03A0152_059  0.000-11.46 -0.37  3.78  0.00 -8.05 0.502  00  03T0B3M000  1.000
ARG03A0152_060  0.000-11.87  2.97  1.34  0.00 -7.56 0.502  00  03T148M000  1.000
ARG+1A0152_061  1.000 -8.93  0.37  3.98  0.00 -4.58 0.502  00  +1O000M000  1.000
ARG+1A0152_062  1.000-10.91  0.60  4.29  0.00 -6.02 0.502  00  +1E072M000  1.000
ARG+1A0152_063  1.000-11.96  2.08  3.05  0.00 -6.83 0.501  00  +1E07CM000  1.000
ARG+1A0152_064  1.000-10.95  1.66  4.27  0.00 -5.02 0.502  00  +1E094M000  1.000
ARG+1A0152_065  1.000-11.45 -0.37  3.80  0.00 -8.02 0.502  00  +1E0B3M000  1.000
ARG+1A0152_066  1.000-11.24  4.02  3.39  0.00 -3.83 0.502  00  +1E0C3M000  1.000
ARG+1A0152_067  1.000-11.28  0.02  4.17  0.00 -7.09 0.501  00  +1E0C8M000  1.000
ARG+1A0152_068  1.000-10.90  2.62  2.10  0.00 -6.18 0.502  00  +1E0FEM000  1.000
ARG+1A0152_069  1.000-11.12  2.24  4.62  0.00 -4.26 0.501  00  +1E128M000  1.000
ARG+1A0152_070  1.000-11.27  2.13  2.37  0.00 -6.77 0.501  00  +1E13DM000  1.000
ARG+1A0152_071  1.000-10.99  1.84  4.06  0.00 -5.09 0.502  00  +1T00AM000  1.000
ARG+1A0152_072  1.000-11.46  2.02  3.45  0.00 -5.99 0.502  00  +1T00BM000  1.000
ARG+1A0152_073  1.000-11.74  1.74  2.13  0.00 -7.87 0.502  00  +1T052M000  1.000
ARG+1A0152_074  1.000-11.86  1.17  2.33  0.00 -8.35 0.502  00  +1T056M000  1.000
ARG+1A0152_075  1.000 -9.23  2.05  3.19  0.00 -3.99 0.501  00  +1T063M000  1.000
ARG+1A0152_076  1.000-10.84  0.22  4.29  0.00 -6.32 0.502  00  +1T0B7M000  1.000
ARG+1A0152_077  1.000-11.68  1.39  4.26  0.00 -6.03 0.501  00  +1T112M000  1.000
ARG+1A0152_078  1.000-10.82  1.25  1.78  0.00 -7.79 0.502  00  +1T12EM000  1.000
ARG+1A0152_079  1.000-11.96  2.92  1.38  0.00 -7.67 0.502  00  +1T148M000  1.000
ARG+1A0152_080  1.000-10.95  1.60  2.37  0.00 -6.97 0.501  00  +1T14EM000  1.000
