   confID        vdw0    sas     sum
ARG01A0152_001   5.623 -14.418  -8.795
ARG01A0152_002   2.071 -14.417 -12.346
ARG01A0152_003   3.297 -14.779 -11.482
ARG01A0152_004   4.500 -13.509  -9.010
ARG01A0152_005   3.249 -14.315 -11.066
ARG01A0152_006   3.219 -14.138 -10.919
ARG01A0152_007   3.213 -14.361 -11.148
ARG01A0152_008   2.660 -14.725 -12.065
ARG01A0152_009   2.179 -14.168 -11.988
ARG01A0152_010   3.102 -14.516 -11.414
ARG01A0152_011   2.012 -14.487 -12.475
ARG01A0152_012   2.904 -14.301 -11.397
ARG01A0152_013   3.106 -14.247 -11.140
ARG01A0152_014   3.451 -14.631 -11.180
ARG01A0152_015   3.410 -14.360 -10.950
ARG01A0152_016   3.546 -14.718 -11.172
ARG01A0152_017   3.504 -14.729 -11.225
ARG01A0152_018   3.869 -14.489 -10.620
ARG01A0152_019   3.195 -14.463 -11.268
ARG01A0152_020   3.278 -14.290 -11.012
ARG02A0152_021   2.791 -14.423 -11.631
ARG02A0152_022   3.353 -14.262 -10.908
ARG02A0152_023   5.585 -14.418  -8.833
ARG02A0152_024   3.363 -14.138 -10.776
ARG02A0152_025   3.422 -14.140 -10.718
ARG02A0152_026   3.688 -14.347 -10.659
ARG02A0152_027   3.279 -14.171 -10.892
ARG02A0152_028   3.426 -14.647 -11.221
ARG02A0152_029   2.985 -14.122 -11.137
ARG02A0152_030   3.430 -14.309 -10.879
ARG02A0152_031   3.205 -14.747 -11.543
ARG02A0152_032   3.568 -14.530 -10.962
ARG02A0152_033   3.221 -14.595 -11.374
ARG02A0152_034   2.856 -14.780 -11.924
ARG02A0152_035   3.025 -14.037 -11.012
ARG02A0152_036   3.062 -14.564 -11.502
ARG02A0152_037   2.895 -14.715 -11.820
ARG02A0152_038   4.619 -13.700  -9.081
ARG02A0152_039   2.599 -14.528 -11.929
ARG02A0152_040   3.052 -14.497 -11.445
ARG03A0152_041   5.531 -14.418  -8.887
ARG03A0152_042   2.876 -14.358 -11.482
ARG03A0152_043   3.271 -14.071 -10.799
ARG03A0152_044   3.343 -14.245 -10.902
ARG03A0152_045   3.098 -14.683 -11.585
ARG03A0152_046   2.845 -14.680 -11.835
ARG03A0152_047   3.466 -14.530 -11.063
ARG03A0152_048   3.630 -14.299 -10.669
ARG03A0152_049   3.380 -14.647 -11.267
ARG03A0152_050   3.035 -13.863 -10.828
ARG03A0152_051   3.003 -14.564 -11.560
ARG03A0152_052   4.545 -13.748  -9.203
ARG03A0152_053   3.341 -14.140 -10.799
ARG03A0152_054   2.909 -14.170 -11.261
ARG03A0152_055   3.104 -14.344 -11.239
ARG03A0152_056   3.355 -14.262 -10.907
ARG03A0152_057   3.297 -14.171 -10.874
ARG03A0152_058   2.567 -14.335 -11.768
ARG03A0152_059   2.984 -14.446 -11.462
ARG03A0152_060   2.892 -14.715 -11.824
ARG+1A0152_061   5.493 -14.418  -8.925
ARG+1A0152_062   3.255 -14.171 -10.916
ARG+1A0152_063   2.557 -14.515 -11.958
ARG+1A0152_064   3.231 -14.135 -10.904
ARG+1A0152_065   2.944 -14.398 -11.454
ARG+1A0152_066   2.879 -14.122 -11.242
ARG+1A0152_067   3.362 -14.647 -11.285
ARG+1A0152_068   3.291 -14.193 -10.902
ARG+1A0152_069   3.412 -14.530 -11.118
ARG+1A0152_070   3.070 -14.411 -11.342
ARG+1A0152_071   2.994 -13.982 -10.988
ARG+1A0152_072   2.986 -14.448 -11.462
ARG+1A0152_073   2.838 -14.567 -11.729
ARG+1A0152_074   2.801 -14.663 -11.862
ARG+1A0152_075   4.540 -13.764  -9.224
ARG+1A0152_076   3.306 -14.140 -10.833
ARG+1A0152_077   3.119 -14.795 -11.676
ARG+1A0152_078   3.575 -14.399 -10.823
ARG+1A0152_079   2.870 -14.828 -11.958
ARG+1A0152_080   3.316 -14.262 -10.946
