iConf CONFORMER     FL  occ    crg   Em0  pKa0 ne nH    vdw0    vdw1    tors    epol   dsolv   extra    history
00001 HIS01A0220_001 f 0.00  0.000     0  0.00  0  0 -11.249  -0.213   0.141   0.498   0.554   0.000 01O000M000t
00002 HIS01A0220_002 f 0.00  0.000     0  0.00  0  0 -12.095   0.155   0.126   0.135   0.518   0.000 01E003M000t
00003 HIS01A0220_003 f 0.00  0.000     0  0.00  0  0 -12.105  -0.058   0.122   0.323   0.447   0.000 01E005M000t
00004 HIS01A0220_004 f 0.00  0.000     0  0.00  0  0 -11.575   2.556   0.093   0.557   0.654   0.000 01E007M000t
00005 HIS01A0220_005 f 0.00  0.000     0  0.00  0  0 -12.200  -0.044   0.107   0.425   0.357   0.000 01E010M000t
00006 HIS01A0220_006 f 0.00  0.000     0  0.00  0  0 -12.102   2.351   2.572   0.228   0.546   0.000 01E011M000t
00007 HIS01A0220_007 f 0.00  0.000     0  0.00  0  0 -12.290   1.244   2.611   0.385   0.362   0.000 01E015M000t
00008 HIS01A0220_008 f 0.00  0.000     0  0.00  0  0 -11.809  -0.048   0.121   0.359   0.476   0.000 01E018M000t
00009 HIS01A0220_009 f 0.00  0.000     0  0.00  0  0 -11.325   0.999   2.639   0.292   0.428   0.000 01T004M000t
00010 HIS01A0220_010 f 0.00  0.000     0  0.00  0  0 -11.814   2.855   2.639   0.291   0.576   0.000 01T006M000t
00011 HIS01A0220_011 f 0.00  0.000     0  0.00  0  0 -11.370  -0.327   0.124   0.287   0.554   0.000 01T009M000t
00012 HIS01A0220_012 f 0.00  0.000     0  0.00  0  0 -11.496   3.177   2.637   0.228   0.519   0.000 01T00BM000t
00013 HIS01A0220_013 f 0.00  0.000     0  0.00  0  0 -12.080   3.035   0.102  -0.309   0.562   0.000 01T00CM000t
00014 HIS01A0220_014 f 0.00  0.000     0  0.00  0  0 -11.864  -0.042   0.125   0.370   0.434   0.000 01T00EM000t
00015 HIS01A0220_015 f 0.00  0.000     0  0.00  0  0 -11.746   2.144   0.107   0.562   0.423   0.000 01T00FM000t
00016 HIS01A0220_016 f 0.00  0.000     0  0.00  0  0 -11.960   1.582   2.616   0.289   0.527   0.000 01T012M000t
00017 HIS01A0220_017 f 0.00  0.000     0  0.00  0  0 -11.903   1.368   0.071   0.128   0.567   0.000 01T016M000t
00018 HIS01A0220_018 f 0.00  0.000     0  0.00  0  0 -11.765   0.773   0.075   0.412   0.472   0.000 01T019M000t
00019 HIS01A0220_019 f 0.00  0.000     0  0.00  0  0 -11.636   3.184   0.081   0.504   0.351   0.000 01T01AM000t
00020 HIS01A0220_020 f 0.00  0.000     0  0.00  0  0 -11.695   5.482   2.630   0.322   0.466   0.000 01T01CM000t
00021 HIS02A0220_021 f 0.00  0.000     0  0.00  0  0 -11.268  -0.256   0.141   0.311   0.394   0.000 02O000M000t
00022 HIS02A0220_022 f 0.00  0.000     0  0.00  0  0 -12.112   0.099   0.123   0.158   0.354   0.000 02E003M000t
00023 HIS02A0220_023 f 0.00  0.000     0  0.00  0  0 -11.221   0.971   2.634   0.300   0.283   0.000 02E004M000t
00024 HIS02A0220_024 f 0.00  0.000     0  0.00  0  0 -11.819   2.849   2.634   0.359   0.338   0.000 02E006M000t
00025 HIS02A0220_025 f 0.00  0.000     0  0.00  0  0 -11.717   2.686   0.086  -0.123   0.496   0.000 02E007M000t
00026 HIS02A0220_026 f 0.00  0.000     0  0.00  0  0 -11.810   3.018   0.105   0.775   0.563   0.000 02E00CM000t
00027 HIS02A0220_027 f 0.00  0.000     0  0.00  0  0 -11.947  -0.053   0.123   0.246   0.267   0.000 02E00EM000t
00028 HIS02A0220_028 f 0.00  0.000     0  0.00  0  0 -11.911   1.536   2.611   0.308   0.418   0.000 02E012M000t
00029 HIS02A0220_029 f 0.00  0.000     0  0.00  0  0 -12.311   1.236   2.604   0.297   0.286   0.000 02E015M000t
00030 HIS02A0220_030 f 0.00  0.000     0  0.00  0  0 -11.764  -0.073   0.119   0.252   0.276   0.000 02E018M000t
00031 HIS02A0220_031 f 0.00  0.000     0  0.00  0  0 -11.726   0.765   0.080   0.374   0.329   0.000 02E019M000t
00032 HIS02A0220_032 f 0.00  0.000     0  0.00  0  0 -11.666   3.221   0.081   0.516   0.269   0.000 02E01AM000t
00033 HIS02A0220_033 f 0.00  0.000     0  0.00  0  0 -11.873  -0.083   0.119   0.283   0.274   0.000 02T005M000t
00034 HIS02A0220_034 f 0.00  0.000     0  0.00  0  0 -11.480  -0.345   0.120   0.225   0.359   0.000 02T009M000t
00035 HIS02A0220_035 f 0.00  0.000     0  0.00  0  0 -11.566   3.162   2.632   0.055   0.288   0.000 02T00BM000t
00036 HIS02A0220_036 f 0.00  0.000     0  0.00  0  0 -11.765   2.155   0.110   0.535   0.360   0.000 02T00FM000t
00037 HIS02A0220_037 f 0.00  0.000     0  0.00  0  0 -12.106  -0.057   0.105   0.222   0.300   0.000 02T010M000t
00038 HIS02A0220_038 f 0.00  0.000     0  0.00  0  0 -12.136   2.264   2.576   0.333   0.348   0.000 02T011M000t
00039 HIS02A0220_039 f 0.00  0.000     0  0.00  0  0 -11.741   1.423   0.068   0.323   0.470   0.000 02T016M000t
00040 HIS02A0220_040 f 0.00  0.000     0  0.00  0  0 -11.691   5.529   2.623   0.242   0.298   0.000 02T01CM000t
00041 HIS+1A0220_041 f 0.00  1.000     0  6.98  0  1 -11.295  -0.259   0.141   0.652  -0.206   0.000 +1O000M000t
00042 HIS+1A0220_042 f 0.00  1.000     0  6.98  0  1 -12.137   0.089   0.126   0.869  -0.138   0.000 +1E003M000t
00043 HIS+1A0220_043 f 0.00  1.000     0  6.98  0  1 -12.085  -0.078   0.124   0.627  -0.286   0.000 +1E005M000t
00044 HIS+1A0220_044 f 0.00  1.000     0  6.98  0  1 -11.744   2.689   0.088   0.117   0.218   0.000 +1E007M000t
00045 HIS+1A0220_045 f 0.00  1.000     0  6.98  0  1 -11.279  -0.350   0.124   0.601  -0.208   0.000 +1E009M000t
00046 HIS+1A0220_046 f 0.00  1.000     0  6.98  0  1 -11.971  -0.062   0.126   0.896  -0.319   0.000 +1E00EM000t
00047 HIS+1A0220_047 f 0.00  1.000     0  6.98  0  1 -11.821   2.091   0.113   1.123  -0.263   0.000 +1E00FM000t
00048 HIS+1A0220_048 f 0.00  1.000     0  6.98  0  1 -12.181  -0.058   0.108   0.862  -0.327   0.000 +1E010M000t
00049 HIS+1A0220_049 f 0.00  1.000     0  6.98  0  1 -12.241   2.273   2.581   0.718  -0.183   0.000 +1E011M000t
00050 HIS+1A0220_050 f 0.00  1.000     0  6.98  0  1 -12.338   1.229   2.616   0.653  -0.357   0.000 +1E015M000t
00051 HIS+1A0220_051 f 0.00  1.000     0  6.98  0  1 -11.624   3.265   0.089   0.844  -0.311   0.000 +1E01AM000t
00052 HIS+1A0220_052 f 0.00  1.000     0  6.98  0  1 -11.247   0.970   2.639   0.686  -0.268   0.000 +1T004M000t
00053 HIS+1A0220_053 f 0.00  1.000     0  6.98  0  1 -11.859   2.854   2.639   0.553  -0.245   0.000 +1T006M000t
00054 HIS+1A0220_054 f 0.00  1.000     0  6.98  0  1 -11.474   3.153   2.641   0.858  -0.305   0.000 +1T00BM000t
00055 HIS+1A0220_055 f 0.00  1.000     0  6.98  0  1 -12.103   2.972   0.110   1.637   0.089   0.000 +1T00CM000t
00056 HIS+1A0220_056 f 0.00  1.000     0  6.98  0  1 -11.987   1.531   2.621   0.683  -0.116   0.000 +1T012M000t
00057 HIS+1A0220_057 f 0.00  1.000     0  6.98  0  1 -11.816   1.406   0.075   0.732  -0.111   0.000 +1T016M000t
00058 HIS+1A0220_058 f 0.00  1.000     0  6.98  0  1 -11.790  -0.069   0.124   0.605  -0.302   0.000 +1T018M000t
00059 HIS+1A0220_059 f 0.00  1.000     0  6.98  0  1 -11.772   0.757   0.084   0.734  -0.315   0.000 +1T019M000t
00060 HIS+1A0220_060 f 0.00  1.000     0  6.98  0  1 -11.846   5.649   2.627   0.346  -0.288   0.000 +1T01CM000t
