CONFORMER         crg  vdw0  vdw1  tors  epol  self   occ  Hb     history    ASA
HIS01A0220_001  0.000-11.25 -0.21  0.14  0.00-11.32 0.519  00  01O000M000  1.000
HIS01A0220_002  0.000-12.10  0.15  0.12  0.00-11.82 0.514  00  01E003M000  1.000
HIS01A0220_003  0.000-12.10 -0.06  0.12  0.00-12.04 0.518  00  01E005M000  1.000
HIS01A0220_004  0.000-11.62  2.55  0.09  0.00 -8.98 0.519  00  01E007M000  1.000
HIS01A0220_005  0.000-12.20 -0.05  0.11  0.00-12.14 0.517  00  01E010M000  1.000
HIS01A0220_006  0.000-12.15  2.35  2.57  0.00 -7.22 0.518  00  01E011M000  1.000
HIS01A0220_007  0.000-12.29  1.24  2.61  0.00 -8.44 0.519  00  01E015M000  1.000
HIS01A0220_008  0.000-11.81 -0.05  0.12  0.00-11.73 0.517  00  01E018M000  1.000
HIS01A0220_009  0.000-11.32  1.00  2.64  0.00 -7.69 0.516  00  01T004M000  1.000
HIS01A0220_010  0.000-11.81  2.85  2.64  0.00 -6.32 0.516  00  01T006M000  1.000
HIS01A0220_011  0.000-11.37 -0.33  0.12  0.00-11.58 0.520  00  01T009M000  1.000
HIS01A0220_012  0.000-11.50  3.17  2.64  0.00 -5.68 0.516  00  01T00BM000  1.000
HIS01A0220_013  0.000-12.08  3.03  0.10  0.00 -8.95 0.518  00  01T00CM000  1.000
HIS01A0220_014  0.000-11.86 -0.04  0.12  0.00-11.78 0.515  00  01T00EM000  1.000
HIS01A0220_015  0.000-11.75  2.14  0.11  0.00 -9.50 0.517  00  01T00FM000  1.000
HIS01A0220_016  0.000-11.96  1.58  2.62  0.00 -7.76 0.517  00  01T012M000  1.000
HIS01A0220_017  0.000-11.90  1.37  0.07  0.00-10.46 0.516  00  01T016M000  1.000
HIS01A0220_018  0.000-11.77  0.77  0.07  0.00-10.92 0.516  00  01T019M000  1.000
HIS01A0220_019  0.000-11.63  3.18  0.08  0.00 -8.38 0.516  00  01T01AM000  1.000
HIS01A0220_020  0.000-11.70  5.48  2.63  0.00 -3.58 0.516  00  01T01CM000  1.000
HIS02A0220_021  0.000-11.27 -0.26  0.14  0.00-11.38 0.519  00  02O000M000  1.000
HIS02A0220_022  0.000-12.11  0.10  0.12  0.00-11.89 0.514  00  02E003M000  1.000
HIS02A0220_023  0.000-11.22  0.97  2.63  0.00 -7.61 0.516  00  02E004M000  1.000
HIS02A0220_024  0.000-11.77  2.85  2.63  0.00 -6.28 0.516  00  02E006M000  1.000
HIS02A0220_025  0.000-11.72  2.69  0.09  0.00 -8.94 0.519  00  02E007M000  1.000
HIS02A0220_026  0.000-11.81  3.01  0.11  0.00 -8.69 0.518  00  02E00CM000  1.000
HIS02A0220_027  0.000-11.95 -0.05  0.12  0.00-11.88 0.515  00  02E00EM000  1.000
HIS02A0220_028  0.000-11.98  1.54  2.61  0.00 -7.83 0.517  00  02E012M000  1.000
HIS02A0220_029  0.000-12.31  1.24  2.60  0.00 -8.47 0.519  00  02E015M000  1.000
HIS02A0220_030  0.000-11.76 -0.07  0.12  0.00-11.72 0.517  00  02E018M000  1.000
HIS02A0220_031  0.000-11.73  0.77  0.08  0.00-10.88 0.516  00  02E019M000  1.000
HIS02A0220_032  0.000-11.67  3.22  0.08  0.00 -8.37 0.516  00  02E01AM000  1.000
HIS02A0220_033  0.000-11.87 -0.08  0.12  0.00-11.84 0.518  00  02T005M000  1.000
HIS02A0220_034  0.000-11.48 -0.35  0.12  0.00-11.71 0.520  00  02T009M000  1.000
HIS02A0220_035  0.000-11.57  3.15  2.63  0.00 -5.78 0.516  00  02T00BM000  1.000
HIS02A0220_036  0.000-11.76  2.15  0.11  0.00 -9.51 0.517  00  02T00FM000  1.000
HIS02A0220_037  0.000-12.11 -0.06  0.10  0.00-12.06 0.517  00  02T010M000  1.000
HIS02A0220_038  0.000-12.07  2.26  2.58  0.00 -7.23 0.518  00  02T011M000  1.000
HIS02A0220_039  0.000-11.74  1.42  0.07  0.00-10.25 0.516  00  02T016M000  1.000
HIS02A0220_040  0.000-11.69  5.54  2.62  0.00 -3.53 0.516  00  02T01CM000  1.000
HIS+1A0220_041  1.000-11.30 -0.26  0.14  0.00-11.41 0.519  00  +1O000M000  1.000
HIS+1A0220_042  1.000-12.14  0.09  0.13  0.00-11.92 0.514  00  +1E003M000  1.000
HIS+1A0220_043  1.000-12.08 -0.08  0.12  0.00-12.04 0.518  00  +1E005M000  1.000
HIS+1A0220_044  1.000-11.74  2.69  0.09  0.00 -8.97 0.519  00  +1E007M000  1.000
HIS+1A0220_045  1.000-11.28 -0.35  0.12  0.00-11.51 0.520  00  +1E009M000  1.000
HIS+1A0220_046  1.000-11.97 -0.06  0.13  0.00-11.91 0.515  00  +1E00EM000  1.000
HIS+1A0220_047  1.000-11.82  2.09  0.11  0.00 -9.62 0.517  00  +1E00FM000  1.000
HIS+1A0220_048  1.000-12.18 -0.06  0.11  0.00-12.13 0.517  00  +1E010M000  1.000
HIS+1A0220_049  1.000-12.24  2.27  2.58  0.00 -7.39 0.518  00  +1E011M000  1.000
HIS+1A0220_050  1.000-12.34  1.23  2.62  0.00 -8.49 0.519  00  +1E015M000  1.000
HIS+1A0220_051  1.000-11.62  3.27  0.09  0.00 -8.27 0.516  00  +1E01AM000  1.000
HIS+1A0220_052  1.000-11.25  0.97  2.64  0.00 -7.64 0.516  00  +1T004M000  1.000
HIS+1A0220_053  1.000-11.86  2.85  2.64  0.00 -6.37 0.516  00  +1T006M000  1.000
HIS+1A0220_054  1.000-11.47  3.15  2.64  0.00 -5.68 0.516  00  +1T00BM000  1.000
HIS+1A0220_055  1.000-12.10  2.97  0.11  0.00 -9.03 0.518  00  +1T00CM000  1.000
HIS+1A0220_056  1.000-11.99  1.53  2.62  0.00 -7.83 0.517  00  +1T012M000  1.000
HIS+1A0220_057  1.000-11.82  1.41  0.08  0.00-10.33 0.516  00  +1T016M000  1.000
HIS+1A0220_058  1.000-11.79 -0.07  0.12  0.00-11.74 0.517  00  +1T018M000  1.000
HIS+1A0220_059  1.000-11.77  0.76  0.08  0.00-10.93 0.516  00  +1T019M000  1.000
HIS+1A0220_060  1.000-11.85  5.65  2.63  0.00 -3.57 0.516  00  +1T01CM000  1.000
