   confID        vdw0    sas     sum
HIS01A0220_001  -0.130 -11.119 -11.249
HIS01A0220_002  -0.127 -11.968 -12.095
HIS01A0220_003  -0.136 -11.968 -12.105
HIS01A0220_004  -0.308 -11.267 -11.575
HIS01A0220_005  -0.129 -12.071 -12.200
HIS01A0220_006  -0.314 -11.789 -12.102
HIS01A0220_007  -0.124 -12.165 -12.290
HIS01A0220_008  -0.088 -11.722 -11.809
HIS01A0220_009  -0.135 -11.189 -11.325
HIS01A0220_010  -0.116 -11.698 -11.814
HIS01A0220_011  -0.080 -11.290 -11.370
HIS01A0220_012  -0.087 -11.409 -11.496
HIS01A0220_013  -0.315 -11.764 -12.080
HIS01A0220_014  -0.091 -11.773 -11.864
HIS01A0220_015  -0.214 -11.533 -11.746
HIS01A0220_016  -0.258 -11.702 -11.960
HIS01A0220_017  -0.308 -11.595 -11.903
HIS01A0220_018  -0.210 -11.555 -11.765
HIS01A0220_019  -0.114 -11.522 -11.636
HIS01A0220_020  -0.111 -11.584 -11.695
HIS02A0220_021  -0.149 -11.119 -11.268
HIS02A0220_022  -0.144 -11.968 -12.112
HIS02A0220_023  -0.151 -11.070 -11.221
HIS02A0220_024  -0.137 -11.682 -11.819
HIS02A0220_025  -0.324 -11.393 -11.717
HIS02A0220_026  -0.328 -11.481 -11.810
HIS02A0220_027  -0.110 -11.837 -11.947
HIS02A0220_028  -0.273 -11.637 -11.911
HIS02A0220_029  -0.146 -12.165 -12.311
HIS02A0220_030  -0.107 -11.658 -11.764
HIS02A0220_031  -0.228 -11.498 -11.726
HIS02A0220_032  -0.142 -11.524 -11.666
HIS02A0220_033  -0.153 -11.720 -11.873
HIS02A0220_034  -0.104 -11.376 -11.480
HIS02A0220_035  -0.105 -11.461 -11.566
HIS02A0220_036  -0.233 -11.533 -11.765
HIS02A0220_037  -0.150 -11.956 -12.106
HIS02A0220_038  -0.326 -11.809 -12.136
HIS02A0220_039  -0.324 -11.417 -11.741
HIS02A0220_040  -0.138 -11.553 -11.691
HIS+1A0220_041  -0.176 -11.119 -11.295
HIS+1A0220_042  -0.170 -11.968 -12.137
HIS+1A0220_043  -0.181 -11.904 -12.085
HIS+1A0220_044  -0.351 -11.393 -11.744
HIS+1A0220_045  -0.132 -11.147 -11.279
HIS+1A0220_046  -0.135 -11.837 -11.971
HIS+1A0220_047  -0.258 -11.563 -11.821
HIS+1A0220_048  -0.178 -12.003 -12.181
HIS+1A0220_049  -0.354 -11.887 -12.241
HIS+1A0220_050  -0.173 -12.165 -12.338
HIS+1A0220_051  -0.168 -11.456 -11.624
HIS+1A0220_052  -0.177 -11.070 -11.247
HIS+1A0220_053  -0.164 -11.695 -11.859
HIS+1A0220_054  -0.133 -11.341 -11.474
HIS+1A0220_055  -0.355 -11.748 -12.103
HIS+1A0220_056  -0.301 -11.686 -11.987
HIS+1A0220_057  -0.350 -11.465 -11.816
HIS+1A0220_058  -0.132 -11.658 -11.790
HIS+1A0220_059  -0.255 -11.517 -11.772
HIS+1A0220_060  -0.165 -11.681 -11.846
