CONFORMER         crg  vdw0  vdw1  tors  epol  self   occ  Hb     history    ASA
GLU01A0225_001  0.000 -0.67  0.47  3.11  0.00  2.90 0.543  00  01O000M000  1.003
GLU01A0225_002  0.000 -2.18  0.75  3.32  0.00  1.90 0.543  00  01E006M000  1.047
GLU01A0225_003  0.000 -2.33  0.61  3.34  0.00  1.62 0.546  00  01E009M000  1.015
GLU01A0225_004  0.000 -0.67  0.47  0.39  0.00  0.18 0.543  00  01O000M000  1.003
GLU01A0225_005  0.000 -3.18  0.43  3.51  0.00  0.76 0.548  00  01T003M000  1.008
GLU01A0225_006  0.000 -3.30  1.09  3.48  0.00  1.27 0.545  00  01T005M000  1.089
GLU01A0225_007  0.000 -3.50  0.61  3.61  0.00  0.72 0.545  00  01T008M000  1.010
GLU01A0225_008  0.000 -3.57  2.19  3.69  0.00  2.31 0.548  00  01T00AM000  1.011
GLU01A0225_009  0.000 -3.22  0.43  0.79  0.00 -2.00 0.548  00  01T003M000  1.017
GLU01A0225_010  0.000 -3.42  1.11  0.80  0.00 -1.51 0.545  00  01T005M000  1.075
GLU01A0225_011  0.000 -3.49  0.60  0.95  0.00 -1.94 0.545  00  01T008M000  1.007
GLU01A0225_012  0.000 -2.36  0.62  0.60  0.00 -1.14 0.546  00  01T009M000  1.021
GLU01A0225_013  0.000 -1.79  0.77  0.54  0.00 -0.48 0.543  00  01T006M000  1.032
GLU02A0225_014  0.000 -1.41  0.48  3.11  0.00  2.18 0.543  00  02O000M000  1.035
GLU02A0225_015  0.000 -2.42  1.11  3.32  0.00  2.01 0.545  00  02E004M000  1.007
GLU02A0225_016  0.000 -3.23  0.89  3.65  0.00  1.31 0.543  00  02E007M000  1.047
GLU02A0225_017  0.000 -1.33  0.48  0.39  0.00 -0.46 0.543  00  02O000M000  1.018
GLU02A0225_018  0.000 -3.00  0.42  3.59  0.00  1.02 0.548  00  02T003M000  1.019
GLU02A0225_019  0.000 -2.53  0.60  3.31  0.00  1.38 0.546  00  02T009M000  1.007
GLU02A0225_020  0.000 -3.20  1.10  3.44  0.00  1.34 0.545  00  02T005M000  1.062
GLU02A0225_021  0.000 -3.53  0.62  3.64  0.00  0.73 0.545  00  02T008M000  1.037
GLU02A0225_022  0.000 -3.61  2.43  3.74  0.00  2.56 0.548  00  02T00AM000  1.008
GLU02A0225_023  0.000 -2.42  1.11  0.59  0.00 -0.72 0.545  00  02T004M000  1.007
GLU02A0225_024  0.000 -3.21  0.93  0.73  0.00 -1.55 0.543  00  02T007M000  1.055
GLU02A0225_025  0.000 -3.39  0.62  0.92  0.00 -1.85 0.545  00  02T008M000  1.007
GLU02A0225_026  0.000 -3.61  2.43  1.02  0.00 -0.16 0.548  00  02T00AM000  1.008
GLU-1A0225_027 -1.000 -1.29  0.49  0.39  0.00 -0.41 0.543  00  -1O000M000  1.003
GLU-1A0225_028 -1.000 -2.42  1.13  0.55  0.00 -0.73 0.545  00  -1E004M000  1.008
GLU-1A0225_029 -1.000 -3.30  0.90  0.75  0.00 -1.65 0.543  00  -1E007M000  1.031
GLU-1A0225_030 -1.000 -3.48  0.59  0.92  0.00 -1.96 0.545  00  -1E008M000  1.023
GLU-1A0225_031 -1.000 -3.74  2.19  0.97  0.00 -0.58 0.548  00  -1E00AM000  1.008
