iConf CONFORMER     FL  occ    crg   Em0  pKa0 ne nH    vdw0    vdw1    tors    epol   dsolv   extra    history
00001 GLU01A0225_001 f 0.00  0.000     0  0.00  0  0  -0.673   0.468   3.113   0.126  -0.132   0.000 01O000M000t
00002 GLU01A0225_002 f 0.00  0.000     0  0.00  0  0  -2.180   0.754   3.322   0.159  -0.270   0.000 01E006M000t
00003 GLU01A0225_003 f 0.00  0.000     0  0.00  0  0  -2.335   0.613   3.339   0.291  -0.214   0.000 01E009M000t
00004 GLU01A0225_004 f 0.00  0.000     0  0.00  0  0  -0.673   0.468   0.393   0.035   0.740   0.000 01O000M000t
00005 GLU01A0225_005 f 0.00  0.000     0  0.00  0  0  -3.186   0.432   3.513   0.086  -0.635   0.000 01T003M000t
00006 GLU01A0225_006 f 0.00  0.000     0  0.00  0  0  -3.298   1.093   3.480   0.018  -0.504   0.000 01T005M000t
00007 GLU01A0225_007 f 0.00  0.000     0  0.00  0  0  -3.504   0.612   3.606   0.182  -0.400   0.000 01T008M000t
00008 GLU01A0225_008 f 0.00  0.000     0  0.00  0  0  -3.567   2.191   3.692   0.058  -0.377   0.000 01T00AM000t
00009 GLU01A0225_009 f 0.00  0.000     0  0.00  0  0  -3.225   0.432   0.793   0.051   0.705   0.000 01T003M000t
00010 GLU01A0225_010 f 0.00  0.000     0  0.00  0  0  -3.420   1.109   0.797   0.032   0.723   0.000 01T005M000t
00011 GLU01A0225_011 f 0.00  0.000     0  0.00  0  0  -3.488   0.601   0.952   0.063   0.708   0.000 01T008M000t
00012 GLU01A0225_012 f 0.00  0.000     0  0.00  0  0  -2.357   0.613   0.605   0.169   0.694   0.000 01T009M000t
00013 GLU01A0225_013 f 0.00  0.000     0  0.00  0  0  -1.790   0.766   0.545   0.085   0.716   0.000 01T006M000t
00014 GLU02A0225_014 f 0.00  0.000     0  0.00  0  0  -1.405   0.477   3.113   0.057  -0.559   0.000 02O000M000t
00015 GLU02A0225_015 f 0.00  0.000     0  0.00  0  0  -2.428   1.110   3.319   0.023  -0.521   0.000 02E004M000t
00016 GLU02A0225_016 f 0.00  0.000     0  0.00  0  0  -3.231   0.892   3.646   0.160  -0.543   0.000 02E007M000t
00017 GLU02A0225_017 f 0.00  0.000     0  0.00  0  0  -1.327   0.477   0.393   0.030   0.693   0.000 02O000M000t
00018 GLU02A0225_018 f 0.00  0.000     0  0.00  0  0  -2.998   0.423   3.593   0.060  -0.356   0.000 02T003M000t
00019 GLU02A0225_019 f 0.00  0.000     0  0.00  0  0  -2.533   0.604   3.310   0.238  -0.534   0.000 02T009M000t
00020 GLU02A0225_020 f 0.00  0.000     0  0.00  0  0  -3.192   1.094   3.441   0.115  -0.369   0.000 02T005M000t
00021 GLU02A0225_021 f 0.00  0.000     0  0.00  0  0  -3.529   0.620   3.638   0.156  -0.303   0.000 02T008M000t
00022 GLU02A0225_022 f 0.00  0.000     0  0.00  0  0  -3.609   2.428   3.737   0.884  -0.026   0.000 02T00AM000t
00023 GLU02A0225_023 f 0.00  0.000     0  0.00  0  0  -2.427   1.113   0.591   0.032   0.806   0.000 02T004M000t
00024 GLU02A0225_024 f 0.00  0.000     0  0.00  0  0  -3.207   0.934   0.730   0.094   0.635   0.000 02T007M000t
00025 GLU02A0225_025 f 0.00  0.000     0  0.00  0  0  -3.387   0.620   0.918   0.064   0.767   0.000 02T008M000t
00026 GLU02A0225_026 f 0.00  0.000     0  0.00  0  0  -3.609   2.428   1.017   0.083   0.687   0.000 02T00AM000t
00027 GLU-1A0225_027 f 0.00 -1.000     0  4.75  0 -1  -1.289   0.487   0.393  -0.102  -0.220   0.000 -1O000M000t
00028 GLU-1A0225_028 f 0.00 -1.000     0  4.75  0 -1  -2.417   1.136   0.555  -0.067  -0.264   0.000 -1E004M000t
00029 GLU-1A0225_029 f 0.00 -1.000     0  4.75  0 -1  -3.303   0.903   0.752  -0.131  -0.312   0.000 -1E007M000t
00030 GLU-1A0225_030 f 0.00 -1.000     0  4.75  0 -1  -3.473   0.593   0.923  -0.338  -0.034   0.000 -1E008M000t
00031 GLU-1A0225_031 f 0.00 -1.000     0  4.75  0 -1  -3.738   2.187   0.970  -0.538  -0.061   0.000 -1E00AM000t
