   confID        vdw0    sas     sum
GLU01A0225_001   4.014  -4.687  -0.673
GLU01A0225_002   2.550  -4.730  -2.180
GLU01A0225_003   2.382  -4.718  -2.335
GLU01A0225_004   4.014  -4.687  -0.673
GLU01A0225_005   1.378  -4.564  -3.186
GLU01A0225_006   1.550  -4.848  -3.298
GLU01A0225_007   1.372  -4.876  -3.504
GLU01A0225_008   1.126  -4.693  -3.567
GLU01A0225_009   1.378  -4.603  -3.225
GLU01A0225_010   1.377  -4.796  -3.420
GLU01A0225_011   1.286  -4.774  -3.488
GLU01A0225_012   2.386  -4.743  -2.357
GLU01A0225_013   2.832  -4.622  -1.790
GLU02A0225_014   3.260  -4.664  -1.405
GLU02A0225_015   2.248  -4.676  -2.428
GLU02A0225_016   1.528  -4.759  -3.231
GLU02A0225_017   3.260  -4.587  -1.327
GLU02A0225_018   1.532  -4.530  -2.998
GLU02A0225_019   2.131  -4.664  -2.533
GLU02A0225_020   1.569  -4.762  -3.192
GLU02A0225_021   1.394  -4.923  -3.529
GLU02A0225_022   1.083  -4.692  -3.609
GLU02A0225_023   2.248  -4.676  -2.427
GLU02A0225_024   1.552  -4.759  -3.207
GLU02A0225_025   1.394  -4.781  -3.387
GLU02A0225_026   1.083  -4.692  -3.609
GLU-1A0225_027   3.164  -4.453  -1.289
GLU-1A0225_028   2.152  -4.569  -2.417
GLU-1A0225_029   1.296  -4.599  -3.303
GLU-1A0225_030   1.150  -4.623  -3.473
GLU-1A0225_031   0.924  -4.662  -3.738
