CONFORMER         crg  vdw0  vdw1  tors  epol  self   occ  Hb     history    ASA
TYR01A0240_001  0.000-10.19  3.98  0.25  0.00 -5.96 0.541  00  01O000M000  1.000
TYR01A0240_002  0.000-10.23  5.86  0.29  0.00 -4.08 0.544  00  01E002M000  1.000
TYR01A0240_003  0.000-10.10 -0.26  0.23  0.00-10.13 0.538  00  01E003M000  1.000
TYR01A0240_004  0.000-10.34  1.63  2.54  0.00 -6.17 0.540  00  01E004M000  1.000
TYR01A0240_005  0.000 -9.61  0.32  0.23  0.00 -9.06 0.542  00  01E006M000  1.000
TYR01A0240_006  0.000-10.10  4.03  2.49  0.00 -3.58 0.541  00  01T001M000  1.000
TYR01A0240_007  0.000 -9.84  4.90  0.26  0.00 -4.67 0.541  00  01T005M000  1.000
TYR01A0240_008  0.000 -9.78  1.72  2.53  0.00 -5.52 0.544  00  01T007M000  1.000
TYR01A0240_009  0.000-10.11  4.77  0.21  0.00 -5.13 0.543  00  01T008M000  1.000
TYR01A0240_010  0.000-10.39  1.99  2.50  0.00 -5.90 0.542  00  01T00AM000  1.000
TYR01A0240_011  0.000-10.03  1.91  0.23  0.00 -7.89 0.542  00  01T009M000  1.000
TYR01A0240_012  0.000 -9.60  0.37  2.54  0.00 -6.69 0.542  00  01T00BM000  1.000
TYR-1A0240_013 -1.000-10.19  3.98  0.25  0.00 -5.96 0.541  00  -1O000M000  1.000
TYR-1A0240_014 -1.000-10.28  5.75  0.30  0.00 -4.24 0.544  00  -1E002M000  1.000
TYR-1A0240_015 -1.000-10.15 -0.26  0.23  0.00-10.19 0.538  00  -1E003M000  1.000
TYR-1A0240_016 -1.000-10.28  1.63  2.53  0.00 -6.12 0.540  00  -1E004M000  1.000
TYR-1A0240_017 -1.000 -9.79  4.87  0.26  0.00 -4.66 0.541  00  -1E005M000  1.000
TYR-1A0240_018 -1.000 -9.61  0.31  0.22  0.00 -9.07 0.542  00  -1E006M000  1.000
TYR-1A0240_019 -1.000-10.06  4.82  0.20  0.00 -5.04 0.543  00  -1E008M000  1.000
TYR-1A0240_020 -1.000 -9.98  1.92  0.22  0.00 -7.84 0.542  00  -1E009M000  1.000
TYR-1A0240_021 -1.000 -9.67  0.37  2.54  0.00 -6.76 0.542  00  -1E00BM000  1.000
TYR-1A0240_022 -1.000-10.10  4.06  2.48  0.00 -3.55 0.541  00  -1T001M000  1.000
TYR-1A0240_023 -1.000 -9.78  1.71  2.53  0.00 -5.53 0.544  00  -1T007M000  1.000
TYR-1A0240_024 -1.000-10.33  1.98  2.49  0.00 -5.86 0.542  00  -1T00AM000  1.000
