iConf CONFORMER     FL  occ    crg   Em0  pKa0 ne nH    vdw0    vdw1    tors    epol   dsolv   extra    history
00001 TYR01A0240_001 f 0.00  0.000     0  0.00  0  0 -10.138   3.981   0.246   0.261   0.031   0.000 01O000M000t
00002 TYR01A0240_002 f 0.00  0.000     0  0.00  0  0 -10.232   5.858   0.291   0.446   0.196   0.000 01E002M000t
00003 TYR01A0240_003 f 0.00  0.000     0  0.00  0  0 -10.101  -0.261   0.231   0.253  -0.052   0.000 01E003M000t
00004 TYR01A0240_004 f 0.00  0.000     0  0.00  0  0 -10.338   1.627   2.536   0.228  -0.028   0.000 01E004M000t
00005 TYR01A0240_005 f 0.00  0.000     0  0.00  0  0  -9.601   0.320   0.228   0.236   0.032   0.000 01E006M000t
00006 TYR01A0240_006 f 0.00  0.000     0  0.00  0  0 -10.103   4.031   2.492   0.236   0.002   0.000 01T001M000t
00007 TYR01A0240_007 f 0.00  0.000     0  0.00  0  0  -9.840   4.908   0.260   0.342  -0.359   0.000 01T005M000t
00008 TYR01A0240_008 f 0.00  0.000     0  0.00  0  0  -9.782   1.724   2.535   0.052   0.020   0.000 01T007M000t
00009 TYR01A0240_009 f 0.00  0.000     0  0.00  0  0 -10.110   4.766   0.210   0.334  -0.091   0.000 01T008M000t
00010 TYR01A0240_010 f 0.00  0.000     0  0.00  0  0 -10.395   1.991   2.502   0.265  -0.275   0.000 01T00AM000t
00011 TYR01A0240_011 f 0.00  0.000     0  0.00  0  0 -10.027   1.912   0.227   0.323   0.030   0.000 01T009M000t
00012 TYR01A0240_012 f 0.00  0.000     0  0.00  0  0  -9.604   0.368   2.537   0.207  -0.217   0.000 01T00BM000t
00013 TYR-1A0240_013 f 0.00 -1.000     0 10.20  0 -1 -10.138   3.981   0.246   0.118  -1.032   0.000 -1O000M000t
00014 TYR-1A0240_014 f 0.00 -1.000     0 10.20  0 -1 -10.280   5.736   0.295   0.274  -0.934   0.000 -1E002M000t
00015 TYR-1A0240_015 f 0.00 -1.000     0 10.20  0 -1 -10.163  -0.262   0.227   0.089  -1.055   0.000 -1E003M000t
00016 TYR-1A0240_016 f 0.00 -1.000     0 10.20  0 -1 -10.279   1.629   2.530   0.076  -0.776   0.000 -1E004M000t
00017 TYR-1A0240_017 f 0.00 -1.000     0 10.20  0 -1  -9.781   4.853   0.260   0.170  -0.964   0.000 -1E005M000t
00018 TYR-1A0240_018 f 0.00 -1.000     0 10.20  0 -1  -9.616   0.313   0.224   0.060  -0.986   0.000 -1E006M000t
00019 TYR-1A0240_019 f 0.00 -1.000     0 10.20  0 -1 -10.071   4.821   0.204   0.340  -0.761   0.000 -1E008M000t
00020 TYR-1A0240_020 f 0.00 -1.000     0 10.20  0 -1  -9.978   1.912   0.221   0.260  -0.725   0.000 -1E009M000t
00021 TYR-1A0240_021 f 0.00 -1.000     0 10.20  0 -1  -9.669   0.366   2.536   0.129  -0.953   0.000 -1E00BM000t
00022 TYR-1A0240_022 f 0.00 -1.000     0 10.20  0 -1 -10.037   4.069   2.482   0.120  -0.884   0.000 -1T001M000t
00023 TYR-1A0240_023 f 0.00 -1.000     0 10.20  0 -1  -9.781   1.719   2.529  -0.205  -0.829   0.000 -1T007M000t
00024 TYR-1A0240_024 f 0.00 -1.000     0 10.20  0 -1 -10.323   1.983   2.492   0.168  -1.079   0.000 -1T00AM000t
