   confID        vdw0    sas     sum
TYR01A0240_001   4.172 -14.310 -10.138
TYR01A0240_002   4.170 -14.133  -9.964
TYR01A0240_003   4.512 -14.850 -10.338
TYR01A0240_004   4.346 -14.136  -9.790
TYR01A0240_005   4.359 -14.584 -10.225
TYR01A0240_006   4.506 -14.659 -10.153
TYR01A0240_007   4.532 -14.132  -9.601
TYR01A0240_008   4.380 -14.490 -10.110
TYR01A0240_009   4.351 -14.746 -10.395
TYR01A0240_010   4.530 -14.305  -9.775
TYR01A0240_011   4.542 -14.569 -10.027
TYR01A0240_012   4.501 -14.105  -9.604
TYR-1A0240_013   4.172 -14.310 -10.138
TYR-1A0240_014   4.355 -14.635 -10.280
TYR-1A0240_015   4.512 -14.790 -10.279
TYR-1A0240_016   4.355 -14.136  -9.781
TYR-1A0240_017   4.516 -14.132  -9.616
TYR-1A0240_018   4.540 -14.518  -9.978
TYR-1A0240_019   4.164 -14.201 -10.037
TYR-1A0240_020   4.493 -14.609 -10.115
TYR-1A0240_021   4.525 -14.305  -9.781
TYR-1A0240_022   4.376 -14.490 -10.114
TYR-1A0240_023   4.362 -14.685 -10.323
TYR-1A0240_024   4.504 -14.105  -9.601
