CONFORMER         crg  vdw0  vdw1  tors  epol  self   occ  Hb     history    ASA
LYS01A0209_001  0.000-12.25  0.38  0.81  0.00-11.06 0.501  00  01O000M000  1.000
LYS01A0209_002  0.000-11.69  4.00  3.59  0.00 -4.09 0.501  00  01E003M000  1.000
LYS01A0209_003  0.000-10.67  0.46  0.87  0.00 -9.33 0.501  00  01E01EM000  1.000
LYS01A0209_004  0.000-11.87  2.05  6.50  0.00 -3.32 0.501  00  01E088M000  1.000
LYS01A0209_005  0.000 -9.14  0.21  0.88  0.00 -8.06 0.500  00  01E0ADM000  1.000
LYS01A0209_006  0.000 -9.29  3.70  3.68  0.00 -1.91 0.502  00  01E0D4M000  1.000
LYS01A0209_007  0.000-10.30  2.41  3.71  0.00 -4.18 0.501  00  01E125M000  1.000
LYS01A0209_008  0.000 -7.29  2.05  2.09  0.00 -3.16 0.501  00  01E169M000  1.000
LYS01A0209_009  0.000-12.42  1.61  0.84  0.00 -9.97 0.501  00  01T007M000  1.000
LYS01A0209_010  0.000-11.11  1.20  4.24  0.00 -5.67 0.501  00  01T01AM000  1.000
LYS01A0209_011  0.000-11.40  2.26  1.48  0.00 -7.66 0.501  00  01T033M000  1.000
LYS01A0209_012  0.000-11.49  1.07  1.54  0.00 -8.88 0.501  00  01T04CM000  1.000
LYS01A0209_013  0.000-10.76  0.54  4.22  0.00 -6.00 0.501  00  01T072M000  1.000
LYS01A0209_014  0.000-10.45  1.96  4.21  0.00 -4.27 0.501  00  01T082M000  1.000
LYS01A0209_015  0.000 -9.86  0.47  1.44  0.00 -7.95 0.502  00  01T0D0M000  1.000
LYS01A0209_016  0.000 -9.41  1.96  1.44  0.00 -6.02 0.501  00  01T0E3M000  1.000
LYS01A0209_017  0.000-10.02  2.28  1.49  0.00 -6.25 0.501  00  01T0FEM000  1.000
LYS01A0209_018  0.000 -9.24  1.49  7.08  0.00 -0.68 0.502  00  01T112M000  1.000
LYS01A0209_019  0.000 -7.73  0.59  4.85  0.00 -2.29 0.503  00  01T13BM000  1.000
LYS01A0209_020  0.000 -7.18  1.92  2.05  0.00 -3.21 0.501  00  01T162M000  1.000
LYS+1A0209_021  1.000-12.29  0.38  0.81  0.00-11.11 0.501  00  +1O000M000  1.000
LYS+1A0209_022  1.000-11.73  4.00  3.59  0.00 -4.13 0.501  00  +1E003M000  1.000
LYS+1A0209_023  1.000-12.42  1.61  0.84  0.00 -9.97 0.501  00  +1E007M000  1.000
LYS+1A0209_024  1.000-11.16  1.20  4.24  0.00 -5.72 0.501  00  +1E01AM000  1.000
LYS+1A0209_025  1.000-10.66  0.47  0.87  0.00 -9.32 0.501  00  +1E01EM000  1.000
LYS+1A0209_026  1.000-11.54  1.06  1.54  0.00 -8.93 0.501  00  +1E04CM000  1.000
LYS+1A0209_027  1.000-10.82  0.54  4.22  0.00 -6.06 0.501  00  +1E072M000  1.000
LYS+1A0209_028  1.000-11.96  2.05  6.50  0.00 -3.41 0.501  00  +1E088M000  1.000
LYS+1A0209_029  1.000 -9.22  0.20  0.88  0.00 -8.14 0.500  00  +1E0ADM000  1.000
LYS+1A0209_030  1.000 -9.87  0.47  1.44  0.00 -7.96 0.502  00  +1E0D0M000  1.000
LYS+1A0209_031  1.000-10.10  2.28  1.49  0.00 -6.34 0.501  00  +1E0FEM000  1.000
LYS+1A0209_032  1.000 -9.32  1.47  7.08  0.00 -0.77 0.502  00  +1E112M000  1.000
LYS+1A0209_033  1.000-10.34  2.40  3.71  0.00 -4.23 0.501  00  +1E125M000  1.000
LYS+1A0209_034  1.000 -7.79  0.58  4.85  0.00 -2.36 0.503  00  +1E13BM000  1.000
LYS+1A0209_035  1.000-11.45  2.27  1.48  0.00 -7.70 0.501  00  +1T033M000  1.000
LYS+1A0209_036  1.000-10.52  1.96  4.21  0.00 -4.35 0.501  00  +1T082M000  1.000
LYS+1A0209_037  1.000 -9.34  3.69  3.68  0.00 -1.97 0.502  00  +1T0D4M000  1.000
LYS+1A0209_038  1.000 -9.48  1.96  1.44  0.00 -6.08 0.501  00  +1T0E3M000  1.000
LYS+1A0209_039  1.000 -7.24  1.93  2.05  0.00 -3.26 0.501  00  +1T162M000  1.000
LYS+1A0209_040  1.000 -7.35  2.05  2.09  0.00 -3.22 0.501  00  +1T169M000  1.000
