iConf CONFORMER     FL  occ    crg   Em0  pKa0 ne nH    vdw0    vdw1    tors    epol   dsolv   extra    history
00001 LYS01A0209_001 f 0.00  0.000     0  0.00  0  0 -12.250   0.499   0.808  -0.015  -0.034   0.000 01O000M000t
00002 LYS01A0209_002 f 0.00  0.000     0  0.00  0  0 -11.685   4.055   3.595  -0.002   0.028   0.000 01E003M000t
00003 LYS01A0209_003 f 0.00  0.000     0  0.00  0  0 -10.662   0.567   0.872  -0.015  -0.006   0.000 01E01EM000t
00004 LYS01A0209_004 f 0.00  0.000     0  0.00  0  0 -11.871   2.043   6.501  -0.023  -0.065   0.000 01E088M000t
00005 LYS01A0209_005 f 0.00  0.000     0  0.00  0  0  -9.147   0.327   0.881  -0.015  -0.055   0.000 01E0ADM000t
00006 LYS01A0209_006 f 0.00  0.000     0  0.00  0  0  -9.292   3.750   3.679  -0.042   0.131   0.000 01E0D4M000t
00007 LYS01A0209_007 f 0.00  0.000     0  0.00  0  0 -10.293   2.420   3.705  -0.061   0.159   0.000 01E125M000t
00008 LYS01A0209_008 f 0.00  0.000     0  0.00  0  0  -7.302   2.048   2.087  -0.003   0.145   0.000 01E169M000t
00009 LYS01A0209_009 f 0.00  0.000     0  0.00  0  0 -12.426   1.676   0.844  -0.031  -0.033   0.000 01T007M000t
00010 LYS01A0209_010 f 0.00  0.000     0  0.00  0  0 -11.112   1.260   4.238  -0.013  -0.017   0.000 01T01AM000t
00011 LYS01A0209_011 f 0.00  0.000     0  0.00  0  0 -11.399   2.326   1.482  -0.024   0.022   0.000 01T033M000t
00012 LYS01A0209_012 f 0.00  0.000     0  0.00  0  0 -11.495   1.115   1.544  -0.037   0.067   0.000 01T04CM000t
00013 LYS01A0209_013 f 0.00  0.000     0  0.00  0  0 -10.761   0.609   4.217  -0.022  -0.135   0.000 01T072M000t
00014 LYS01A0209_014 f 0.00  0.000     0  0.00  0  0 -10.451   1.962   4.212  -0.012   0.003   0.000 01T082M000t
00015 LYS01A0209_015 f 0.00  0.000     0  0.00  0  0  -9.792   0.576   1.437  -0.012  -0.059   0.000 01T0D0M000t
00016 LYS01A0209_016 f 0.00  0.000     0  0.00  0  0  -9.410   2.008   1.440   0.006   0.184   0.000 01T0E3M000t
00017 LYS01A0209_017 f 0.00  0.000     0  0.00  0  0 -10.015   2.346   1.486  -0.039   0.077   0.000 01T0FEM000t
00018 LYS01A0209_018 f 0.00  0.000     0  0.00  0  0  -9.247   1.484   7.077  -0.121   0.122   0.000 01T112M000t
00019 LYS01A0209_019 f 0.00  0.000     0  0.00  0  0  -7.731   0.635   4.851  -0.010   0.056   0.000 01T13BM000t
00020 LYS01A0209_020 f 0.00  0.000     0  0.00  0  0  -7.191   1.911   2.053  -0.008  -0.124   0.000 01T162M000t
00021 LYS+1A0209_021 f 0.00  1.000     0 10.40  0  1 -12.295   0.499   0.808   0.056  -0.435   0.000 +1O000M000t
00022 LYS+1A0209_022 f 0.00  1.000     0 10.40  0  1 -11.732   4.054   3.595   0.010  -0.337   0.000 +1E003M000t
00023 LYS+1A0209_023 f 0.00  1.000     0 10.40  0  1 -12.418   1.676   0.844   0.154  -0.350   0.000 +1E007M000t
00024 LYS+1A0209_024 f 0.00  1.000     0 10.40  0  1 -11.166   1.261   4.238   0.058  -0.488   0.000 +1E01AM000t
00025 LYS+1A0209_025 f 0.00  1.000     0 10.40  0  1 -10.662   0.568   0.872   0.067  -0.450   0.000 +1E01EM000t
00026 LYS+1A0209_026 f 0.00  1.000     0 10.40  0  1 -11.538   1.111   1.545   0.187  -0.179   0.000 +1E04CM000t
00027 LYS+1A0209_027 f 0.00  1.000     0 10.40  0  1 -10.815   0.606   4.216   0.084  -0.394   0.000 +1E072M000t
00028 LYS+1A0209_028 f 0.00  1.000     0 10.40  0  1 -11.917   2.051   6.502   0.109  -0.239   0.000 +1E088M000t
00029 LYS+1A0209_029 f 0.00  1.000     0 10.40  0  1  -9.174   0.323   0.881   0.154  -0.066   0.000 +1E0ADM000t
00030 LYS+1A0209_030 f 0.00  1.000     0 10.40  0  1  -9.936   0.573   1.437   0.085   0.072   0.000 +1E0D0M000t
00031 LYS+1A0209_031 f 0.00  1.000     0 10.40  0  1 -10.112   2.347   1.487   0.128  -0.269   0.000 +1E0FEM000t
00032 LYS+1A0209_032 f 0.00  1.000     0 10.40  0  1  -9.273   1.471   7.079   0.312   0.066   0.000 +1E112M000t
00033 LYS+1A0209_033 f 0.00  1.000     0 10.40  0  1 -10.339   2.406   3.706   0.184  -0.070   0.000 +1E125M000t
00034 LYS+1A0209_034 f 0.00  1.000     0 10.40  0  1  -7.791   0.633   4.852   0.141  -0.140   0.000 +1E13BM000t
00035 LYS+1A0209_035 f 0.00  1.000     0 10.40  0  1 -11.448   2.338   1.481   0.140  -0.184   0.000 +1T033M000t
00036 LYS+1A0209_036 f 0.00  1.000     0 10.40  0  1 -10.515   1.958   4.213   0.127  -0.190   0.000 +1T082M000t
00037 LYS+1A0209_037 f 0.00  1.000     0 10.40  0  1  -9.344   3.744   3.680  -0.052   0.261   0.000 +1T0D4M000t
00038 LYS+1A0209_038 f 0.00  1.000     0 10.40  0  1  -9.483   2.014   1.442   0.040   0.270   0.000 +1T0E3M000t
00039 LYS+1A0209_039 f 0.00  1.000     0 10.40  0  1  -7.299   1.932   2.054  -0.137  -0.065   0.000 +1T162M000t
00040 LYS+1A0209_040 f 0.00  1.000     0 10.40  0  1  -7.355   2.048   2.086   0.046   0.219   0.000 +1T169M000t
