   confID        vdw0    sas     sum
LYS01A0209_001   0.544 -12.794 -12.250
LYS01A0209_002   0.546 -12.231 -11.685
LYS01A0209_003   1.646 -12.308 -10.662
LYS01A0209_004   0.956 -12.827 -11.871
LYS01A0209_005   2.776 -11.924  -9.147
LYS01A0209_006   2.732 -12.024  -9.292
LYS01A0209_007   2.322 -12.616 -10.293
LYS01A0209_008   4.711 -12.014  -7.302
LYS01A0209_009   0.384 -12.811 -12.426
LYS01A0209_010   1.608 -12.720 -11.112
LYS01A0209_011   1.392 -12.791 -11.399
LYS01A0209_012   1.473 -12.968 -11.495
LYS01A0209_013   1.686 -12.447 -10.761
LYS01A0209_014   2.049 -12.500 -10.451
LYS01A0209_015   2.537 -12.329  -9.792
LYS01A0209_016   2.417 -11.827  -9.410
LYS01A0209_017   2.365 -12.380 -10.015
LYS01A0209_018   2.895 -12.143  -9.247
LYS01A0209_019   4.796 -12.528  -7.731
LYS01A0209_020   4.952 -12.142  -7.191
LYS+1A0209_021   0.499 -12.794 -12.295
LYS+1A0209_022   0.499 -12.231 -11.732
LYS+1A0209_023   0.341 -12.759 -12.418
LYS+1A0209_024   1.555 -12.720 -11.166
LYS+1A0209_025   1.595 -12.257 -10.662
LYS+1A0209_026   1.431 -12.968 -11.538
LYS+1A0209_027   1.632 -12.447 -10.815
LYS+1A0209_028   0.910 -12.827 -11.917
LYS+1A0209_029   2.699 -11.872  -9.174
LYS+1A0209_030   2.461 -12.396  -9.936
LYS+1A0209_031   2.268 -12.380 -10.112
LYS+1A0209_032   2.818 -12.091  -9.273
LYS+1A0209_033   2.225 -12.564 -10.339
LYS+1A0209_034   4.736 -12.528  -7.791
LYS+1A0209_035   1.343 -12.791 -11.448
LYS+1A0209_036   1.984 -12.500 -10.515
LYS+1A0209_037   2.667 -12.011  -9.344
LYS+1A0209_038   2.344 -11.827  -9.483
LYS+1A0209_039   4.894 -12.194  -7.299
LYS+1A0209_040   4.659 -12.014  -7.355
