CONFORMER         crg  vdw0  vdw1  tors  epol  self   occ  Hb     history    ASA
LYS01A0020_001  0.000-12.23  1.22  0.96  0.00-10.05 0.502  00  01O000M000  1.000
LYS01A0020_002  0.000-11.26  0.59  1.46  0.00 -9.21 0.502  00  01E002M000  1.000
LYS01A0020_003  0.000-10.49  3.65  4.23  0.00 -2.62 0.502  00  01E025M000  1.000
LYS01A0020_004  0.000-10.83  4.80  3.59  0.00 -2.44 0.501  00  01E081M000  1.000
LYS01A0020_005  0.000 -9.89  0.63  1.43  0.00 -7.83 0.502  00  01E0D2M000  1.000
LYS01A0020_006  0.000 -9.25  3.31  4.24  0.00 -1.70 0.501  00  01E0FEM000  1.000
LYS01A0020_007  0.000-10.35  2.21  4.28  0.00 -3.86 0.502  00  01E109M000  1.000
LYS01A0020_008  0.000 -7.23  0.39  4.90  0.00 -1.94 0.502  00  01E117M000  1.000
LYS01A0020_009  0.000 -7.12  0.48  4.82  0.00 -1.82 0.501  00  01E133M000  1.000
LYS01A0020_010  0.000 -9.65  2.74  4.22  0.00 -2.69 0.501  00  01E140M000  1.000
LYS01A0020_011  0.000-10.06  1.33  7.03  0.00 -1.70 0.502  00  01E146M000  1.000
LYS01A0020_012  0.000-11.22  1.35  1.59  0.00 -8.28 0.501  00  01T012M000  1.000
LYS01A0020_013  0.000 -8.05  1.79  4.88  0.00 -1.38 0.502  00  01T04CM000  1.000
LYS01A0020_014  0.000 -9.96  1.66  4.28  0.00 -4.02 0.501  00  01T056M000  1.000
LYS01A0020_015  0.000-10.35  3.31  4.25  0.00 -2.79 0.502  00  01T074M000  1.000
LYS01A0020_016  0.000 -9.97  3.10  1.46  0.00 -5.40 0.502  00  01T076M000  1.000
LYS01A0020_017  0.000 -6.76  2.22  3.59  0.00 -0.95 0.501  00  01T084M000  1.000
LYS01A0020_018  0.000 -9.18  3.62  4.23  0.00 -1.33 0.501  00  01T0E6M000  1.000
LYS01A0020_019  0.000 -8.92  3.28  4.22  0.00 -1.41 0.502  00  01T100M000  1.000
LYS01A0020_020  0.000 -9.94  1.30  4.23  0.00 -4.41 0.501  00  01T147M000  1.000
LYS+1A0020_021  1.000-12.28  1.22  0.96  0.00-10.10 0.502  00  +1O000M000  1.000
LYS+1A0020_022  1.000-11.29  0.60  1.46  0.00 -9.24 0.502  00  +1E002M000  1.000
LYS+1A0020_023  1.000-11.26  1.32  1.59  0.00 -8.35 0.501  00  +1E012M000  1.000
LYS+1A0020_024  1.000 -8.11  1.78  4.88  0.00 -1.45 0.502  00  +1E04CM000  1.000
LYS+1A0020_025  1.000-10.40  3.32  4.25  0.00 -2.83 0.502  00  +1E074M000  1.000
LYS+1A0020_026  1.000-10.85  4.81  3.59  0.00 -2.45 0.501  00  +1E081M000  1.000
LYS+1A0020_027  1.000 -9.32  3.36  4.24  0.00 -1.72 0.501  00  +1E0FEM000  1.000
LYS+1A0020_028  1.000 -8.90  3.32  4.23  0.00 -1.35 0.502  00  +1E100M000  1.000
LYS+1A0020_029  1.000 -7.21  0.38  4.90  0.00 -1.93 0.502  00  +1E117M000  1.000
LYS+1A0020_030  1.000 -7.18  0.48  4.83  0.00 -1.88 0.501  00  +1E133M000  1.000
LYS+1A0020_031  1.000 -9.67  2.76  4.22  0.00 -2.69 0.501  00  +1E140M000  1.000
LYS+1A0020_032  1.000-10.11  1.33  7.03  0.00 -1.75 0.502  00  +1E146M000  1.000
LYS+1A0020_033  1.000-10.60  3.66  4.23  0.00 -2.71 0.502  00  +1T025M000  1.000
LYS+1A0020_034  1.000 -9.87  1.66  4.28  0.00 -3.94 0.501  00  +1T056M000  1.000
LYS+1A0020_035  1.000 -9.97  3.06  1.46  0.00 -5.44 0.502  00  +1T076M000  1.000
LYS+1A0020_036  1.000 -6.84  2.23  3.59  0.00 -1.02 0.501  00  +1T084M000  1.000
LYS+1A0020_037  1.000 -9.97  0.62  1.43  0.00 -7.91 0.502  00  +1T0D2M000  1.000
LYS+1A0020_038  1.000 -9.32  3.62  4.23  0.00 -1.48 0.501  00  +1T0E6M000  1.000
LYS+1A0020_039  1.000-10.39  2.21  4.27  0.00 -3.91 0.502  00  +1T109M000  1.000
LYS+1A0020_040  1.000 -9.99  1.29  4.23  0.00 -4.46 0.501  00  +1T147M000  1.000
