   confID        vdw0    sas     sum
LYS01A0020_001   0.725 -12.955 -12.230
LYS01A0020_002   1.502 -12.759 -11.257
LYS01A0020_003   1.934 -12.430 -10.497
LYS01A0020_004   1.627 -12.461 -10.834
LYS01A0020_005   2.652 -12.538  -9.885
LYS01A0020_006   2.905 -12.154  -9.249
LYS01A0020_007   2.412 -12.765 -10.353
LYS01A0020_008   5.550 -12.779  -7.229
LYS01A0020_009   5.585 -12.711  -7.126
LYS01A0020_010   2.329 -11.982  -9.653
LYS01A0020_011   2.728 -12.788 -10.060
LYS01A0020_012   1.750 -12.965 -11.215
LYS01A0020_013   4.812 -12.920  -8.107
LYS01A0020_014   2.669 -12.572  -9.903
LYS01A0020_015   2.001 -12.347 -10.347
LYS01A0020_016   2.253 -12.223  -9.970
LYS01A0020_017   5.651 -12.413  -6.762
LYS01A0020_018   2.631 -11.811  -9.180
LYS01A0020_019   3.036 -11.952  -8.917
LYS01A0020_020   2.793 -12.728  -9.935
LYS+1A0020_021   0.679 -12.955 -12.276
LYS+1A0020_022   1.448 -12.746 -11.298
LYS+1A0020_023   1.704 -12.965 -11.261
LYS+1A0020_024   4.763 -12.868  -8.106
LYS+1A0020_025   1.946 -12.347 -10.402
LYS+1A0020_026   1.565 -12.409 -10.844
LYS+1A0020_027   2.827 -12.154  -9.327
LYS+1A0020_028   2.984 -11.885  -8.901
LYS+1A0020_029   5.500 -12.712  -7.212
LYS+1A0020_030   5.514 -12.711  -7.197
LYS+1A0020_031   2.259 -11.930  -9.671
LYS+1A0020_032   2.673 -12.749 -10.076
LYS+1A0020_033   1.893 -12.495 -10.602
LYS+1A0020_034   2.682 -12.559  -9.877
LYS+1A0020_035   2.174 -12.143  -9.969
LYS+1A0020_036   5.565 -12.413  -6.848
LYS+1A0020_037   2.566 -12.538  -9.971
LYS+1A0020_038   2.557 -11.879  -9.322
LYS+1A0020_039   2.375 -12.765 -10.390
LYS+1A0020_040   2.736 -12.728  -9.992
