CONFORMER         crg  vdw0  vdw1  tors  epol  self   occ  Hb     history    ASA
ARG01A0299_001  0.000 -4.94 10.08  3.52  0.00  8.66 0.000  00  01O000M000  1.000
ARG01A0299_002  0.000-13.50  0.54  2.31  0.00-10.66 0.501  00  01O001M000  1.000
ARG01A0299_003  0.000 -7.66  0.49  2.73  0.00 -4.45 0.502  00  01E00CM000  1.000
ARG01A0299_004  0.000-13.32  1.03  3.59  0.00 -8.69 0.501  00  01E010M000  1.000
ARG01A0299_005  0.000-13.61  0.57  4.38  0.00 -8.65 0.501  00  01E021M000  1.000
ARG01A0299_006  0.000-14.58  0.97  2.79  0.00-10.82 0.501  00  01E0BCM000  1.000
ARG01A0299_007  0.000-15.18  0.81  2.35  0.00-12.02 0.501  00  01E0CAM000  1.000
ARG01A0299_008  0.000-15.21  6.26  4.03  0.00 -4.93 0.501  00  01E113M000  1.000
ARG01A0299_009  0.000-14.62  1.58  1.29  0.00-11.75 0.501  00  01E11DM000  1.000
ARG01A0299_010  0.000-14.68  0.20  3.90  0.00-10.58 0.501  00  01E1BDM000  1.000
ARG01A0299_011  0.000-15.11  0.55  4.08  0.00-10.47 0.501  00  01E1CAM000  1.000
ARG01A0299_012  0.000-14.28  6.78  3.83  0.00 -3.67 0.501  00  01T052M000  1.000
ARG01A0299_013  0.000-14.45  3.95  3.76  0.00 -6.75 0.501  00  01T08CM000  1.000
ARG01A0299_014  0.000-14.51  3.48  3.76  0.00 -7.27 0.501  00  01T0A3M000  1.000
ARG01A0299_015  0.000-13.66  0.76  2.92  0.00 -9.97 0.502  00  01T0B6M000  1.000
ARG01A0299_016  0.000-15.31  1.05  3.76  0.00-10.50 0.501  00  01T0CEM000  1.000
ARG01A0299_017  0.000-14.75  5.37  3.49  0.00 -5.89 0.501  00  01T118M000  1.000
ARG01A0299_018  0.000-13.83  3.94  2.54  0.00 -7.35 0.501  00  01T119M000  1.000
ARG01A0299_019  0.000-14.48  1.99  1.69  0.00-10.80 0.501  00  01T11EM000  1.000
ARG01A0299_020  0.000-14.77  0.76  2.70  0.00-11.31 0.501  00  01T164M000  1.000
ARG01A0299_021  0.000-14.31  6.03  2.27  0.00 -6.01 0.000  00  01T000M000  1.000
ARG02A0299_022  0.000-13.55  0.53  2.31  0.00-10.72 0.501  00  02O001M000  1.000
ARG02A0299_023  0.000-12.83  0.88  3.26  0.00 -8.68 0.501  00  02E010M000  1.000
ARG02A0299_024  0.000-14.65  0.20  3.90  0.00-10.55 0.501  00  02E1BDM000  1.000
ARG02A0299_025  0.000-15.02  0.58  4.06  0.00-10.38 0.501  00  02E1CAM000  1.000
ARG02A0299_026  0.000 -4.95 10.08  3.52  0.00  8.65 0.000  00  02O000M000  1.000
ARG02A0299_027  0.000-14.65  7.93  2.94  0.00 -3.79 0.501  00  02E052M000  1.000
ARG02A0299_028  0.000-14.87  0.76  2.69  0.00-11.42 0.501  00  02E164M000  1.000
ARG02A0299_029  0.000-14.52  3.45  3.73  0.00 -7.34 0.501  00  02T0A3M000  1.000
ARG02A0299_030  0.000-13.71  3.75  2.55  0.00 -7.41 0.501  00  02T119M000  1.000
ARG02A0299_031  0.000 -8.43  0.44  2.56  0.00 -5.42 0.502  00  02T00CM000  1.000
ARG02A0299_032  0.000-15.32  1.02  3.76  0.00-10.54 0.501  00  02T0CEM000  1.000
ARG02A0299_033  0.000-14.75  1.81  1.31  0.00-11.63 0.501  00  02T11EM000  1.000
ARG02A0299_034  0.000-11.31  0.72  3.16  0.00 -7.43 0.501  00  02T021M000  1.000
ARG02A0299_035  0.000-13.70  0.75  2.88  0.00-10.07 0.502  00  02T0B6M000  1.000
ARG02A0299_036  0.000-14.53  0.95  2.77  0.00-10.80 0.501  00  02T0BCM000  1.000
ARG02A0299_037  0.000-14.57  1.63  1.27  0.00-11.68 0.501  00  02T11DM000  1.000
ARG02A0299_038  0.000-14.47  3.92  3.74  0.00 -6.82 0.501  00  02T08CM000  1.000
ARG02A0299_039  0.000-15.18  0.86  2.53  0.00-11.80 0.501  00  02T0CAM000  1.000
ARG02A0299_040  0.000-15.09  6.44  3.97  0.00 -4.68 0.501  00  02T113M000  1.000
ARG02A0299_041  0.000-14.93  5.59  3.49  0.00 -5.85 0.501  00  02T118M000  1.000
ARG02A0299_042  0.000-13.28  5.49  1.43  0.00 -6.36 0.000  00  02T000M000  1.000
ARG03A0299_043  0.000 -4.59 10.09  3.52  0.00  9.02 0.000  00  03O000M000  1.000
ARG03A0299_044  0.000-13.55  0.53  2.31  0.00-10.71 0.501  00  03O001M000  1.000
ARG03A0299_045  0.000-14.80  3.47  3.74  0.00 -7.58 0.501  00  03E0A3M000  1.000
ARG03A0299_046  0.000 -7.37 10.14  3.52  0.00  6.28 0.000  00  03O000M000  1.000
ARG03A0299_047  0.000-13.17  0.91  3.46  0.00 -8.79 0.501  00  03E010M000  1.000
ARG03A0299_048  0.000-13.71  0.76  2.94  0.00-10.01 0.502  00  03E0B6M000  1.000
ARG03A0299_049  0.000-14.55  1.83  1.38  0.00-11.35 0.501  00  03E11EM000  1.000
ARG03A0299_050  0.000-14.47  0.95  2.78  0.00-10.74 0.501  00  03T0BCM000  1.000
ARG03A0299_051  0.000-14.40  3.92  3.74  0.00 -6.74 0.501  00  03T08CM000  1.000
ARG03A0299_052  0.000-15.30  0.86  2.58  0.00-11.85 0.501  00  03T0CAM000  1.000
ARG03A0299_053  0.000-13.27  5.59  1.62  0.00 -6.05 0.000  00  03T000M000  1.000
ARG03A0299_054  0.000-14.53  7.89  3.03  0.00 -3.61 0.501  00  03T052M000  1.000
ARG03A0299_055  0.000-15.11  1.02  3.77  0.00-10.32 0.501  00  03T0CEM000  1.000
ARG03A0299_056  0.000-14.88  6.16  3.98  0.00 -4.74 0.501  00  03T113M000  1.000
ARG03A0299_057  0.000-14.76  0.76  2.68  0.00-11.32 0.501  00  03T164M000  1.000
ARG03A0299_058  0.000 -8.68  0.50  2.63  0.00 -5.54 0.502  00  03T00CM000  1.000
ARG03A0299_059  0.000-11.60  0.71  3.35  0.00 -7.54 0.501  00  03T021M000  1.000
ARG03A0299_060  0.000-14.93  5.64  3.51  0.00 -5.78 0.501  00  03T118M000  1.000
ARG03A0299_061  0.000-13.67  3.69  2.55  0.00 -7.44 0.501  00  03T119M000  1.000
ARG03A0299_062  0.000-14.50  1.63  1.33  0.00-11.54 0.501  00  03T11DM000  1.000
ARG03A0299_063  0.000-14.58  0.19  3.90  0.00-10.49 0.501  00  03T1BDM000  1.000
ARG03A0299_064  0.000-14.99  0.62  4.07  0.00-10.30 0.501  00  03T1CAM000  1.000
ARG+1A0299_065  1.000 -4.98 10.08  3.52  0.00  8.62 0.000  00  +1O000M000  1.000
ARG+1A0299_066  1.000-13.58  0.53  2.31  0.00-10.75 0.501  00  +1O001M000  1.000
ARG+1A0299_067  1.000 -8.39  0.45  2.65  0.00 -5.30 0.502  00  +1E00CM000  1.000
ARG+1A0299_068  1.000-12.74  0.88  3.45  0.00 -8.42 0.501  00  +1E010M000  1.000
ARG+1A0299_069  1.000-10.90  0.72  3.36  0.00 -6.82 0.501  00  +1E021M000  1.000
ARG+1A0299_070  1.000-14.80  8.01  3.03  0.00 -3.76 0.501  00  +1E052M000  1.000
ARG+1A0299_071  1.000-14.44  3.92  3.75  0.00 -6.76 0.501  00  +1E08CM000  1.000
ARG+1A0299_072  1.000-13.77  3.75  2.58  0.00 -7.44 0.501  00  +1E119M000  1.000
ARG+1A0299_073  1.000-14.61  1.83  1.38  0.00-11.39 0.501  00  +1E11EM000  1.000
ARG+1A0299_074  1.000-14.88  0.76  2.70  0.00-11.42 0.501  00  +1E164M000  1.000
ARG+1A0299_075  1.000-14.73  0.19  3.93  0.00-10.61 0.501  00  +1E1BDM000  1.000
ARG+1A0299_076  1.000-15.04  0.58  4.09  0.00-10.37 0.501  00  +1E1CAM000  1.000
ARG+1A0299_077  1.000-14.57  3.46  3.76  0.00 -7.35 0.501  00  +1T0A3M000  1.000
ARG+1A0299_078  1.000-13.72  0.76  2.96  0.00-10.01 0.502  00  +1T0B6M000  1.000
ARG+1A0299_079  1.000-14.43  0.95  2.80  0.00-10.68 0.501  00  +1T0BCM000  1.000
ARG+1A0299_080  1.000-15.33  0.86  2.59  0.00-11.88 0.501  00  +1T0CAM000  1.000
ARG+1A0299_081  1.000-15.18  1.02  3.79  0.00-10.37 0.501  00  +1T0CEM000  1.000
ARG+1A0299_082  1.000-15.10  6.59  4.00  0.00 -4.51 0.501  00  +1T113M000  1.000
ARG+1A0299_083  1.000-15.00  5.62  3.52  0.00 -5.87 0.501  00  +1T118M000  1.000
ARG+1A0299_084  1.000-14.58  1.63  1.36  0.00-11.59 0.501  00  +1T11DM000  1.000
ARG+1A0299_085  1.000-12.88  5.68  1.67  0.00 -5.53 0.000  00  +1T000M000  1.000
