iConf CONFORMER     FL  occ    crg   Em0  pKa0 ne nH    vdw0    vdw1    tors    epol   dsolv   extra    history
00001 ARG01A0299_001 f 0.00  0.000     0  0.00  0  0  -4.929  10.076   3.518   0.209  -0.155   0.000 01O000M000t
00002 ARG01A0299_002 f 0.00  0.000     0  0.00  0  0 -13.502   0.542   2.305   0.036  -0.094   0.000 01O001M000t
00003 ARG01A0299_003 f 0.00  0.000     0  0.00  0  0  -7.648   0.486   2.730   0.122   0.210   0.000 01E00CM000t
00004 ARG01A0299_004 f 0.00  0.000     0  0.00  0  0 -13.323   1.035   3.594   0.042  -0.227   0.000 01E010M000t
00005 ARG01A0299_005 f 0.00  0.000     0  0.00  0  0 -13.599   0.575   4.386   0.084  -0.090   0.000 01E021M000t
00006 ARG01A0299_006 f 0.00  0.000     0  0.00  0  0 -14.583   0.964   2.797   0.046   0.006   0.000 01E0BCM000t
00007 ARG01A0299_007 f 0.00  0.000     0  0.00  0  0 -15.183   0.810   2.353   0.021  -0.158   0.000 01E0CAM000t
00008 ARG01A0299_008 f 0.00  0.000     0  0.00  0  0 -15.214   6.246   4.037   0.543   0.251   0.000 01E113M000t
00009 ARG01A0299_009 f 0.00  0.000     0  0.00  0  0 -14.618   1.573   1.284  -0.012  -0.069   0.000 01E11DM000t
00010 ARG01A0299_010 f 0.00  0.000     0  0.00  0  0 -14.732   0.200   3.898  -0.233   0.299   0.000 01E1BDM000t
00011 ARG01A0299_011 f 0.00  0.000     0  0.00  0  0 -15.106   0.550   4.088   0.108   0.116   0.000 01E1CAM000t
00012 ARG01A0299_012 f 0.00  0.000     0  0.00  0  0 -14.273   6.781   3.823  -0.088   0.241   0.000 01T052M000t
00013 ARG01A0299_013 f 0.00  0.000     0  0.00  0  0 -14.451   3.939   3.756   0.036   0.042   0.000 01T08CM000t
00014 ARG01A0299_014 f 0.00  0.000     0  0.00  0  0 -14.514   3.487   3.760   0.065   0.022   0.000 01T0A3M000t
00015 ARG01A0299_015 f 0.00  0.000     0  0.00  0  0 -13.660   0.764   2.928   0.064   0.003   0.000 01T0B6M000t
00016 ARG01A0299_016 f 0.00  0.000     0  0.00  0  0 -15.303   1.043   3.759   0.031  -0.127   0.000 01T0CEM000t
00017 ARG01A0299_017 f 0.00  0.000     0  0.00  0  0 -14.755   5.375   3.496   0.043  -0.133   0.000 01T118M000t
00018 ARG01A0299_018 f 0.00  0.000     0  0.00  0  0 -13.821   3.935   2.537  -0.010   0.013   0.000 01T119M000t
00019 ARG01A0299_019 f 0.00  0.000     0  0.00  0  0 -14.481   1.994   1.690   0.005   0.084   0.000 01T11EM000t
00020 ARG01A0299_020 f 0.00  0.000     0  0.00  0  0 -14.824   0.760   2.700   0.048  -0.094   0.000 01T164M000t
00021 ARG01A0299_021 f 0.00  0.000     0  0.00  0  0 -14.312   6.021   2.266   0.133   0.041   0.000 01T000M000t
00022 ARG02A0299_022 f 0.00  0.000     0  0.00  0  0 -13.551   0.531   2.305   0.034   0.783   0.000 02O001M000t
00023 ARG02A0299_023 f 0.00  0.000     0  0.00  0  0 -12.823   0.879   3.262   0.037   0.786   0.000 02E010M000t
00024 ARG02A0299_024 f 0.00  0.000     0  0.00  0  0 -14.700   0.196   3.908  -0.211   1.067   0.000 02E1BDM000t
00025 ARG02A0299_025 f 0.00  0.000     0  0.00  0  0 -14.951   0.581   4.058   0.093   1.077   0.000 02E1CAM000t
00026 ARG02A0299_026 f 0.00  0.000     0  0.00  0  0  -4.952  10.071   3.518   0.185   1.100   0.000 02O000M000t
00027 ARG02A0299_027 f 0.00  0.000     0  0.00  0  0 -14.651   7.912   2.935   0.193   0.980   0.000 02E052M000t
00028 ARG02A0299_028 f 0.00  0.000     0  0.00  0  0 -14.866   0.756   2.687   0.048   0.999   0.000 02E164M000t
00029 ARG02A0299_029 f 0.00  0.000     0  0.00  0  0 -14.521   3.449   3.726   0.070   1.030   0.000 02T0A3M000t
00030 ARG02A0299_030 f 0.00  0.000     0  0.00  0  0 -13.712   3.756   2.547  -0.014   1.031   0.000 02T119M000t
00031 ARG02A0299_031 f 0.00  0.000     0  0.00  0  0  -8.416   0.444   2.561   0.114   1.280   0.000 02T00CM000t
00032 ARG02A0299_032 f 0.00  0.000     0  0.00  0  0 -15.318   1.026   3.759   0.034   0.673   0.000 02T0CEM000t
00033 ARG02A0299_033 f 0.00  0.000     0  0.00  0  0 -14.752   1.814   1.315   0.042   0.922   0.000 02T11EM000t
00034 ARG02A0299_034 f 0.00  0.000     0  0.00  0  0 -11.313   0.716   3.157   0.072   1.279   0.000 02T021M000t
00035 ARG02A0299_035 f 0.00  0.000     0  0.00  0  0 -13.704   0.745   2.884   0.059   1.055   0.000 02T0B6M000t
00036 ARG02A0299_036 f 0.00  0.000     0  0.00  0  0 -14.531   0.954   2.773   0.039   0.993   0.000 02T0BCM000t
00037 ARG02A0299_037 f 0.00  0.000     0  0.00  0  0 -14.572   1.629   1.272  -0.013   0.983   0.000 02T11DM000t
00038 ARG02A0299_038 f 0.00  0.000     0  0.00  0  0 -14.475   3.915   3.732   0.023   0.959   0.000 02T08CM000t
00039 ARG02A0299_039 f 0.00  0.000     0  0.00  0  0 -15.182   0.858   2.524   0.030   0.776   0.000 02T0CAM000t
00040 ARG02A0299_040 f 0.00  0.000     0  0.00  0  0 -15.086   6.449   3.964   0.557   1.064   0.000 02T113M000t
00041 ARG02A0299_041 f 0.00  0.000     0  0.00  0  0 -14.926   5.588   3.486   0.038   0.876   0.000 02T118M000t
00042 ARG02A0299_042 f 0.00  0.000     0  0.00  0  0 -13.274   5.504   1.427   0.108   1.219   0.000 02T000M000t
00043 ARG03A0299_043 f 0.00  0.000     0  0.00  0  0  -4.579  10.082   3.520   0.247   0.755   0.000 03O000M000t
00044 ARG03A0299_044 f 0.00  0.000     0  0.00  0  0 -13.546   0.531   2.305   0.032   0.743   0.000 03O001M000t
00045 ARG03A0299_045 f 0.00  0.000     0  0.00  0  0 -14.798   3.475   3.739   0.072   0.446   0.000 03E0A3M000t
00046 ARG03A0299_046 f 0.00  0.000     0  0.00  0  0  -7.367  10.128   3.515  -0.041   0.611   0.000 03O000M000t
00047 ARG03A0299_047 f 0.00  0.000     0  0.00  0  0 -13.163   0.907   3.466   0.003   0.617   0.000 03E010M000t
00048 ARG03A0299_048 f 0.00  0.000     0  0.00  0  0 -13.707   0.759   2.940   0.010   0.536   0.000 03E0B6M000t
00049 ARG03A0299_049 f 0.00  0.000     0  0.00  0  0 -14.557   1.826   1.373   0.049   0.291   0.000 03E11EM000t
00050 ARG03A0299_050 f 0.00  0.000     0  0.00  0  0 -14.471   0.956   2.778   0.045   0.790   0.000 03T0BCM000t
00051 ARG03A0299_051 f 0.00  0.000     0  0.00  0  0 -14.401   3.913   3.739   0.017   0.824   0.000 03T08CM000t
00052 ARG03A0299_052 f 0.00  0.000     0  0.00  0  0 -15.295   0.863   2.585   0.038   0.673   0.000 03T0CAM000t
00053 ARG03A0299_053 f 0.00  0.000     0  0.00  0  0 -13.262   5.591   1.623   0.125   0.952   0.000 03T000M000t
00054 ARG03A0299_054 f 0.00  0.000     0  0.00  0  0 -14.523   7.883   3.024   0.129   0.274   0.000 03T052M000t
00055 ARG03A0299_055 f 0.00  0.000     0  0.00  0  0 -15.110   1.012   3.771   0.017   0.466   0.000 03T0CEM000t
00056 ARG03A0299_056 f 0.00  0.000     0  0.00  0  0 -14.876   6.158   3.979  -0.170   0.655   0.000 03T113M000t
00057 ARG03A0299_057 f 0.00  0.000     0  0.00  0  0 -14.760   0.759   2.680   0.049   0.425   0.000 03T164M000t
00058 ARG03A0299_058 f 0.00  0.000     0  0.00  0  0  -8.729   0.499   2.634  -0.025   0.774   0.000 03T00CM000t
00059 ARG03A0299_059 f 0.00  0.000     0  0.00  0  0 -11.595   0.711   3.344   0.054   0.523   0.000 03T021M000t
00060 ARG03A0299_060 f 0.00  0.000     0  0.00  0  0 -14.930   5.637   3.507   0.069   0.690   0.000 03T118M000t
00061 ARG03A0299_061 f 0.00  0.000     0  0.00  0  0 -13.669   3.690   2.546  -0.012   0.539   0.000 03T119M000t
00062 ARG03A0299_062 f 0.00  0.000     0  0.00  0  0 -14.500   1.629   1.337   0.027   0.465   0.000 03T11DM000t
00063 ARG03A0299_063 f 0.00  0.000     0  0.00  0  0 -14.584   0.193   3.901  -0.240   0.900   0.000 03T1BDM000t
00064 ARG03A0299_064 f 0.00  0.000     0  0.00  0  0 -14.995   0.615   4.077  -0.003   0.559   0.000 03T1CAM000t
00065 ARG+1A0299_065 f 0.00  1.000     0 12.50  0  1  -4.986  10.070   3.518   0.230   0.230   0.000 +1O000M000t
00066 ARG+1A0299_066 f 0.00  1.000     0 12.50  0  1 -13.581   0.531   2.305   0.055   0.163   0.000 +1O001M000t
00067 ARG+1A0299_067 f 0.00  1.000     0 12.50  0  1  -8.408   0.446   2.645   0.219   0.509   0.000 +1E00CM000t
00068 ARG+1A0299_068 f 0.00  1.000     0 12.50  0  1 -12.672   0.876   3.454   0.121   0.059   0.000 +1E010M000t
00069 ARG+1A0299_069 f 0.00  1.000     0 12.50  0  1 -10.835   0.717   3.367   0.203   0.107   0.000 +1E021M000t
00070 ARG+1A0299_070 f 0.00  1.000     0 12.50  0  1 -14.793   8.010   3.025   0.342   0.843   0.000 +1E052M000t
00071 ARG+1A0299_071 f 0.00  1.000     0 12.50  0  1 -14.436   3.915   3.753   0.040   0.096   0.000 +1E08CM000t
00072 ARG+1A0299_072 f 0.00  1.000     0 12.50  0  1 -13.720   3.754   2.576   0.081  -0.043   0.000 +1E119M000t
00073 ARG+1A0299_073 f 0.00  1.000     0 12.50  0  1 -14.608   1.826   1.381   0.098   0.258   0.000 +1E11EM000t
00074 ARG+1A0299_074 f 0.00  1.000     0 12.50  0  1 -14.884   0.760   2.703   0.148  -0.140   0.000 +1E164M000t
00075 ARG+1A0299_075 f 0.00  1.000     0 12.50  0  1 -14.783   0.186   3.933   0.348   0.273   0.000 +1E1BDM000t
00076 ARG+1A0299_076 f 0.00  1.000     0 12.50  0  1 -15.041   0.579   4.088   0.277   0.311   0.000 +1E1CAM000t
00077 ARG+1A0299_077 f 0.00  1.000     0 12.50  0  1 -14.569   3.464   3.760   0.151  -0.204   0.000 +1T0A3M000t
00078 ARG+1A0299_078 f 0.00  1.000     0 12.50  0  1 -13.723   0.761   2.958   0.161  -0.030   0.000 +1T0B6M000t
00079 ARG+1A0299_079 f 0.00  1.000     0 12.50  0  1 -14.428   0.951   2.802   0.152   0.051   0.000 +1T0BCM000t
00080 ARG+1A0299_080 f 0.00  1.000     0 12.50  0  1 -15.329   0.858   2.583   0.107   0.009   0.000 +1T0CAM000t
00081 ARG+1A0299_081 f 0.00  1.000     0 12.50  0  1 -15.231   1.018   3.792   0.110  -0.158   0.000 +1T0CEM000t
00082 ARG+1A0299_082 f 0.00  1.000     0 12.50  0  1 -15.105   6.587   4.002   0.775   0.473   0.000 +1T113M000t
00083 ARG+1A0299_083 f 0.00  1.000     0 12.50  0  1 -15.004   5.624   3.518   0.084   0.122   0.000 +1T118M000t
00084 ARG+1A0299_084 f 0.00  1.000     0 12.50  0  1 -14.577   1.633   1.357   0.065  -0.105   0.000 +1T11DM000t
00085 ARG+1A0299_085 f 0.00  1.000     0 12.50  0  1 -12.881   5.700   1.674   0.197   0.060   0.000 +1T000M000t
