   confID        vdw0    sas     sum
ARG01A0299_001   9.671 -14.600  -4.929
ARG01A0299_002   1.678 -15.179 -13.502
ARG01A0299_003   6.024 -13.672  -7.648
ARG01A0299_004   1.690 -15.014 -13.323
ARG01A0299_005   1.275 -14.874 -13.599
ARG01A0299_006   0.341 -14.924 -14.583
ARG01A0299_007   0.293 -15.476 -15.183
ARG01A0299_008   0.216 -15.430 -15.214
ARG01A0299_009  -0.017 -14.602 -14.618
ARG01A0299_010   0.513 -15.245 -14.732
ARG01A0299_011   0.208 -15.315 -15.106
ARG01A0299_012   0.659 -14.932 -14.273
ARG01A0299_013   0.166 -14.617 -14.451
ARG01A0299_014   0.165 -14.679 -14.514
ARG01A0299_015   0.572 -14.232 -13.660
ARG01A0299_016   0.240 -15.543 -15.303
ARG01A0299_017   0.413 -15.168 -14.755
ARG01A0299_018   0.393 -14.214 -13.821
ARG01A0299_019   0.588 -15.070 -14.481
ARG01A0299_020   0.186 -15.010 -14.824
ARG01A0299_021   0.281 -14.593 -14.312
ARG02A0299_022   1.628 -15.179 -13.551
ARG02A0299_023   2.126 -14.949 -12.823
ARG02A0299_024   0.481 -15.181 -14.700
ARG02A0299_025   0.152 -15.102 -14.951
ARG02A0299_026   9.647 -14.600  -4.952
ARG02A0299_027   0.555 -15.206 -14.651
ARG02A0299_028   0.161 -15.027 -14.866
ARG02A0299_029   0.138 -14.659 -14.521
ARG02A0299_030   0.338 -14.050 -13.712
ARG02A0299_031   5.311 -13.727  -8.416
ARG02A0299_032   0.225 -15.543 -15.318
ARG02A0299_033   0.530 -15.282 -14.752
ARG02A0299_034   3.204 -14.517 -11.313
ARG02A0299_035   0.528 -14.232 -13.704
ARG02A0299_036   0.357 -14.888 -14.531
ARG02A0299_037   0.136 -14.708 -14.572
ARG02A0299_038   0.142 -14.617 -14.475
ARG02A0299_039   0.262 -15.444 -15.182
ARG02A0299_040   0.161 -15.247 -15.086
ARG02A0299_041   0.351 -15.277 -14.926
ARG02A0299_042   1.078 -14.352 -13.274
ARG03A0299_043  10.021 -14.600  -4.579
ARG03A0299_044   1.633 -15.179 -13.546
ARG03A0299_045   0.151 -14.949 -14.798
ARG03A0299_046   7.232 -14.600  -7.367
ARG03A0299_047   1.902 -15.065 -13.163
ARG03A0299_048   0.657 -14.364 -13.707
ARG03A0299_049   0.613 -15.170 -14.557
ARG03A0299_050   0.349 -14.821 -14.471
ARG03A0299_051   0.148 -14.550 -14.401
ARG03A0299_052   0.281 -15.576 -15.295
ARG03A0299_053   1.283 -14.544 -13.262
ARG03A0299_054   0.638 -15.161 -14.523
ARG03A0299_055   0.305 -15.415 -15.110
ARG03A0299_056   0.243 -15.119 -14.876
ARG03A0299_057   0.215 -14.975 -14.760
ARG03A0299_058   4.975 -13.704  -8.729
ARG03A0299_059   2.922 -14.517 -11.595
ARG03A0299_060   0.414 -15.344 -14.930
ARG03A0299_061   0.445 -14.114 -13.669
ARG03A0299_062   0.212 -14.711 -14.500
ARG03A0299_063   0.529 -15.113 -14.584
ARG03A0299_064   0.224 -15.218 -14.995
ARG+1A0299_065   9.614 -14.600  -4.986
ARG+1A0299_066   1.598 -15.179 -13.581
ARG+1A0299_067   5.300 -13.708  -8.408
ARG+1A0299_068   2.389 -15.062 -12.672
ARG+1A0299_069   3.679 -14.514 -10.835
ARG+1A0299_070   0.548 -15.341 -14.793
ARG+1A0299_071   0.113 -14.550 -14.436
ARG+1A0299_072   0.329 -14.050 -13.720
ARG+1A0299_073   0.546 -15.154 -14.608
ARG+1A0299_074   0.127 -15.010 -14.884
ARG+1A0299_075   0.462 -15.245 -14.783
ARG+1A0299_076   0.129 -15.170 -15.041
ARG+1A0299_077   0.110 -14.679 -14.569
ARG+1A0299_078   0.509 -14.232 -13.723
ARG+1A0299_079   0.328 -14.756 -14.428
ARG+1A0299_080   0.247 -15.576 -15.329
ARG+1A0299_081   0.213 -15.444 -15.231
ARG+1A0299_082   0.126 -15.231 -15.105
ARG+1A0299_083   0.320 -15.325 -15.004
ARG+1A0299_084   0.131 -14.708 -14.577
ARG+1A0299_085   1.650 -14.532 -12.881
