CONFORMER         crg  vdw0  vdw1  tors  epol  self   occ  Hb     history    ASA
LYS01A0175_001  0.000-12.17  0.79  1.18  0.00-10.20 0.502  00  01O000M000  1.000
LYS01A0175_002  0.000-12.00  1.96  0.96  0.00 -9.07 0.501  00  01E003M000  1.000
LYS01A0175_003  0.000 -5.52  1.73  0.85  0.00 -2.94 0.501  00  01E017M000  1.000
LYS01A0175_004  0.000-11.94  2.63  2.63  0.00 -6.68 0.501  00  01E057M000  1.000
LYS01A0175_005  0.000-12.37  1.74  2.76  0.00 -7.88 0.502  00  01E066M000  1.000
LYS01A0175_006  0.000-11.56  1.87  5.99  0.00 -3.70 0.502  00  01E07BM000  1.000
LYS01A0175_007  0.000 -9.27  1.91  1.59  0.00 -5.76 0.502  00  01E0ACM000  1.000
LYS01A0175_008  0.000 -9.98  1.11  1.81  0.00 -7.06 0.501  00  01E0D6M000  1.000
LYS01A0175_009  0.000 -8.82  0.85  4.14  0.00 -3.82 0.502  00  01E0E6M000  1.000
LYS01A0175_010  0.000 -9.87  4.35  1.68  0.00 -3.84 0.502  00  01E0F9M000  1.000
LYS01A0175_011  0.000 -8.78  1.68  4.80  0.00 -2.29 0.501  00  01E115M000  1.000
LYS01A0175_012  0.000-11.27  7.04  1.16  0.00 -3.07 0.502  00  01T037M000  1.000
LYS01A0175_013  0.000 -9.73  1.76  4.62  0.00 -3.35 0.501  00  01T04AM000  1.000
LYS01A0175_014  0.000-11.81  0.90  3.54  0.00 -7.37 0.502  00  01T065M000  1.000
LYS01A0175_015  0.000-10.48  1.69  4.05  0.00 -4.74 0.502  00  01T087M000  1.000
LYS01A0175_016  0.000 -9.62  5.12  3.50  0.00 -1.00 0.501  00  01T0A7M000  1.000
LYS01A0175_017  0.000-10.06  1.96  1.65  0.00 -6.46 0.502  00  01T0B5M000  1.000
LYS01A0175_018  0.000-10.09  1.63  4.03  0.00 -4.43 0.501  00  01T104M000  1.000
LYS01A0175_019  0.000-10.71  2.71  4.17  0.00 -3.83 0.502  00  01T10EM000  1.000
LYS+1A0175_020  1.000-12.22  0.79  1.18  0.00-10.24 0.502  00  +1O000M000  1.000
LYS+1A0175_021  1.000 -5.70  1.73  0.85  0.00 -3.12 0.501  00  +1E017M000  1.000
LYS+1A0175_022  1.000 -9.84  1.75  4.62  0.00 -3.46 0.501  00  +1E04AM000  1.000
LYS+1A0175_023  1.000-11.92  2.63  2.73  0.00 -6.56 0.501  00  +1E057M000  1.000
LYS+1A0175_024  1.000-11.78  0.89  3.67  0.00 -7.21 0.502  00  +1E065M000  1.000
LYS+1A0175_025  1.000-11.60  1.88  6.04  0.00 -3.68 0.502  00  +1E07BM000  1.000
LYS+1A0175_026  1.000-10.50  1.68  4.05  0.00 -4.76 0.502  00  +1E087M000  1.000
LYS+1A0175_027  1.000 -9.33  1.92  1.62  0.00 -5.79 0.502  00  +1E0ACM000  1.000
LYS+1A0175_028  1.000-10.09  1.11  1.82  0.00 -7.16 0.501  00  +1E0D6M000  1.000
LYS+1A0175_029  1.000-10.18  1.63  4.04  0.00 -4.51 0.501  00  +1E104M000  1.000
LYS+1A0175_030  1.000-12.04  1.97  0.97  0.00 -9.11 0.501  00  +1T003M000  1.000
LYS+1A0175_031  1.000-11.40  7.07  1.17  0.00 -3.16 0.502  00  +1T037M000  1.000
LYS+1A0175_032  1.000-12.41  1.72  2.79  0.00 -7.89 0.502  00  +1T066M000  1.000
LYS+1A0175_033  1.000 -9.83  5.16  3.51  0.00 -1.16 0.501  00  +1T0A7M000  1.000
LYS+1A0175_034  1.000-10.11  1.97  1.66  0.00 -6.48 0.502  00  +1T0B5M000  1.000
LYS+1A0175_035  1.000 -8.89  0.85  4.19  0.00 -3.84 0.502  00  +1T0E6M000  1.000
LYS+1A0175_036  1.000 -9.93  4.40  1.68  0.00 -3.86 0.502  00  +1T0F9M000  1.000
LYS+1A0175_037  1.000-10.78  2.73  4.17  0.00 -3.88 0.502  00  +1T10EM000  1.000
LYS+1A0175_038  1.000 -8.77  1.69  4.81  0.00 -2.28 0.501  00  +1T115M000  1.000
