   confID        vdw0    sas     sum
LYS01A0175_001   0.451 -12.624 -12.173
LYS01A0175_002   0.421 -12.421 -12.000
LYS01A0175_003   6.332 -11.870  -5.538
LYS01A0175_004   0.724 -12.666 -11.942
LYS01A0175_005   0.592 -12.962 -12.369
LYS01A0175_006   1.225 -12.785 -11.560
LYS01A0175_007   2.697 -11.959  -9.262
LYS01A0175_008   2.514 -12.429  -9.915
LYS01A0175_009   3.630 -12.447  -8.817
LYS01A0175_010   2.127 -11.999  -9.872
LYS01A0175_011   3.642 -12.409  -8.767
LYS01A0175_012   1.050 -12.326 -11.276
LYS01A0175_013   2.981 -12.711  -9.729
LYS01A0175_014   1.236 -13.046 -11.810
LYS01A0175_015   1.854 -12.335 -10.481
LYS01A0175_016   2.427 -12.097  -9.670
LYS01A0175_017   1.945 -12.072 -10.127
LYS01A0175_018   2.260 -12.352 -10.091
LYS01A0175_019   1.839 -12.551 -10.712
LYS+1A0175_020   0.406 -12.624 -12.218
LYS+1A0175_021   6.299 -11.938  -5.639
LYS+1A0175_022   2.918 -12.711  -9.793
LYS+1A0175_023   0.694 -12.614 -11.920
LYS+1A0175_024   1.184 -12.965 -11.781
LYS+1A0175_025   1.187 -12.785 -11.598
LYS+1A0175_026   1.798 -12.297 -10.498
LYS+1A0175_027   2.629 -11.959  -9.330
LYS+1A0175_028   2.452 -12.600 -10.148
LYS+1A0175_029   2.171 -12.352 -10.180
LYS+1A0175_030   0.380 -12.421 -12.041
LYS+1A0175_031   0.973 -12.377 -11.405
LYS+1A0175_032   0.626 -13.029 -12.403
LYS+1A0175_033   2.363 -12.200  -9.838
LYS+1A0175_034   1.868 -12.033 -10.165
LYS+1A0175_035   3.610 -12.498  -8.888
LYS+1A0175_036   2.066 -11.999  -9.933
LYS+1A0175_037   1.767 -12.551 -10.784
LYS+1A0175_038   3.565 -12.342  -8.776
