iConf CONFORMER     FL  occ    crg   Em0  pKa0 ne nH    vdw0    vdw1    tors    epol   dsolv   extra    history
00001 ARG01A0149_001 f 0.00  0.000     0  0.00  0  0 -13.455   0.346   0.724   0.004  -0.378   0.000 01O000M000t
00002 ARG01A0149_002 f 0.00  0.000     0  0.00  0  0 -12.925   1.259   6.610   0.003  -0.176   0.000 01E05FM000t
00003 ARG01A0149_003 f 0.00  0.000     0  0.00  0  0 -12.548  -0.015   0.713   0.011  -0.216   0.000 01E06AM000t
00004 ARG01A0149_004 f 0.00  0.000     0  0.00  0  0 -11.706   0.243   0.522   0.016  -0.094   0.000 01E07BM000t
00005 ARG01A0149_005 f 0.00  0.000     0  0.00  0  0 -13.127   2.146   0.737   0.044  -0.010   0.000 01E0B4M000t
00006 ARG01A0149_006 f 0.00  0.000     0  0.00  0  0 -11.248   1.246   6.552  -0.000  -0.462   0.000 01E17AM000t
00007 ARG01A0149_007 f 0.00  0.000     0  0.00  0  0 -13.297   1.944   0.724  -0.076  -0.162   0.000 01T002M000t
00008 ARG01A0149_008 f 0.00  0.000     0  0.00  0  0 -14.054   2.108   3.489  -0.469   0.295   0.000 01T024M000t
00009 ARG01A0149_009 f 0.00  0.000     0  0.00  0  0 -14.647   3.604   6.016   0.010  -0.152   0.000 01T05BM000t
00010 ARG01A0149_010 f 0.00  0.000     0  0.00  0  0 -14.280   0.752   3.239   0.019  -0.298   0.000 01T062M000t
00011 ARG01A0149_011 f 0.00  0.000     0  0.00  0  0 -12.087   1.127   3.503  -0.040  -0.298   0.000 01T0B5M000t
00012 ARG01A0149_012 f 0.00  0.000     0  0.00  0  0 -12.032   1.666   0.816   0.349  -0.218   0.000 01T0BEM000t
00013 ARG01A0149_013 f 0.00  0.000     0  0.00  0  0 -12.409   0.310   6.262   0.010  -0.123   0.000 01T0C8M000t
00014 ARG01A0149_014 f 0.00  0.000     0  0.00  0  0 -10.544  -0.059   3.848   0.080  -0.163   0.000 01T0D6M000t
00015 ARG01A0149_015 f 0.00  0.000     0  0.00  0  0 -10.683  -0.363   3.862  -0.078   0.038   0.000 01T0DEM000t
00016 ARG01A0149_016 f 0.00  0.000     0  0.00  0  0 -11.970   0.326   0.514  -0.018  -0.020   0.000 01T0E2M000t
00017 ARG01A0149_017 f 0.00  0.000     0  0.00  0  0 -12.276   1.250   0.425   0.041  -0.163   0.000 01T13CM000t
00018 ARG01A0149_018 f 0.00  0.000     0  0.00  0  0 -12.950   1.503   0.394   0.048  -0.291   0.000 01T13DM000t
00019 ARG01A0149_019 f 0.00  0.000     0  0.00  0  0  -7.733  -0.278   3.286  -0.004  -0.009   0.000 01T150M000t
00020 ARG01A0149_020 f 0.00  0.000     0  0.00  0  0 -13.248   3.465   3.284  -0.044  -0.057   0.000 01T16FM000t
00021 ARG02A0149_021 f 0.00  0.000     0  0.00  0  0 -13.528   0.337   0.724   0.031   0.838   0.000 02O000M000t
00022 ARG02A0149_022 f 0.00  0.000     0  0.00  0  0 -14.482   3.380   5.936   0.050   1.045   0.000 02E05BM000t
00023 ARG02A0149_023 f 0.00  0.000     0  0.00  0  0 -12.316  -0.017   0.709  -0.013   1.230   0.000 02E06AM000t
00024 ARG02A0149_024 f 0.00  0.000     0  0.00  0  0 -11.726   0.240   0.519   0.014   1.138   0.000 02E07BM000t
00025 ARG02A0149_025 f 0.00  0.000     0  0.00  0  0 -12.208   2.149   0.743   0.305   1.228   0.000 02E0BEM000t
00026 ARG02A0149_026 f 0.00  0.000     0  0.00  0  0 -14.264   0.746   3.235   0.028   0.659   0.000 02E062M000t
00027 ARG02A0149_027 f 0.00  0.000     0  0.00  0  0 -12.246   1.253   0.412   0.047   0.658   0.000 02E13CM000t
00028 ARG02A0149_028 f 0.00  0.000     0  0.00  0  0  -7.903  -0.283   3.282  -0.028   0.470   0.000 02E150M000t
00029 ARG02A0149_029 f 0.00  0.000     0  0.00  0  0 -12.002   0.329   0.515  -0.005   1.030   0.000 02T0E2M000t
00030 ARG02A0149_030 f 0.00  0.000     0  0.00  0  0 -14.048   2.124   3.466   0.168   1.143   0.000 02T024M000t
00031 ARG02A0149_031 f 0.00  0.000     0  0.00  0  0 -12.773   1.235   6.539   0.030   1.088   0.000 02T05FM000t
00032 ARG02A0149_032 f 0.00  0.000     0  0.00  0  0 -11.324   1.235   6.550   0.034   0.925   0.000 02T17AM000t
00033 ARG02A0149_033 f 0.00  0.000     0  0.00  0  0 -11.936   1.115   3.504   0.008   0.377   0.000 02T0B5M000t
00034 ARG02A0149_034 f 0.00  0.000     0  0.00  0  0 -10.327  -0.034   3.840   0.025   0.728   0.000 02T0D6M000t
00035 ARG02A0149_035 f 0.00  0.000     0  0.00  0  0 -10.512  -0.358   3.834  -0.111   1.023   0.000 02T0DEM000t
00036 ARG02A0149_036 f 0.00  0.000     0  0.00  0  0 -13.205   4.115   3.168   0.194   0.588   0.000 02T16FM000t
00037 ARG02A0149_037 f 0.00  0.000     0  0.00  0  0 -13.390   1.886   0.720  -0.019   0.580   0.000 02T002M000t
00038 ARG02A0149_038 f 0.00  0.000     0  0.00  0  0 -13.057   2.234   0.723  -0.028   0.546   0.000 02T0B4M000t
00039 ARG02A0149_039 f 0.00  0.000     0  0.00  0  0 -12.190   0.303   6.242   0.021   0.839   0.000 02T0C8M000t
00040 ARG02A0149_040 f 0.00  0.000     0  0.00  0  0 -13.169   1.502   0.387   0.127   0.836   0.000 02T13DM000t
00041 ARG03A0149_041 f 0.00  0.000     0  0.00  0  0 -13.170   2.226   0.723  -0.011   0.999   0.000 03E0B4M000t
00042 ARG03A0149_042 f 0.00  0.000     0  0.00  0  0 -10.205  -0.365   3.837  -0.087   1.229   0.000 03E0DEM000t
00043 ARG03A0149_043 f 0.00  0.000     0  0.00  0  0  -7.897  -0.284   3.287  -0.004   1.093   0.000 03E150M000t
00044 ARG03A0149_044 f 0.00  0.000     0  0.00  0  0 -13.245   4.148   3.168   0.223   0.683   0.000 03E16FM000t
00045 ARG03A0149_045 f 0.00  0.000     0  0.00  0  0 -13.530   0.337   0.724   0.026   0.710   0.000 03O000M000t
00046 ARG03A0149_046 f 0.00  0.000     0  0.00  0  0 -12.314  -0.017   0.709  -0.017   1.142   0.000 03T06AM000t
00047 ARG03A0149_047 f 0.00  0.000     0  0.00  0  0 -11.789   0.244   0.519   0.014   1.099   0.000 03T07BM000t
00048 ARG03A0149_048 f 0.00  0.000     0  0.00  0  0 -11.987   1.096   3.506  -0.026   0.773   0.000 03T0B5M000t
00049 ARG03A0149_049 f 0.00  0.000     0  0.00  0  0 -11.666   2.400   0.720   0.312   0.944   0.000 03T0BEM000t
00050 ARG03A0149_050 f 0.00  0.000     0  0.00  0  0 -12.114   0.298   6.248   0.046   1.114   0.000 03T0C8M000t
00051 ARG03A0149_051 f 0.00  0.000     0  0.00  0  0 -10.426  -0.044   3.841   0.076   0.935   0.000 03T0D6M000t
00052 ARG03A0149_052 f 0.00  0.000     0  0.00  0  0 -14.041   2.195   3.467   0.110   0.774   0.000 03T024M000t
00053 ARG03A0149_053 f 0.00  0.000     0  0.00  0  0 -14.418   3.394   5.938   0.035   0.697   0.000 03T05BM000t
00054 ARG03A0149_054 f 0.00  0.000     0  0.00  0  0 -14.126   0.747   3.235   0.029   0.528   0.000 03T062M000t
00055 ARG03A0149_055 f 0.00  0.000     0  0.00  0  0 -13.011   1.523   0.387   0.130   0.778   0.000 03T13DM000t
00056 ARG03A0149_056 f 0.00  0.000     0  0.00  0  0 -13.330   1.867   0.721  -0.054   0.582   0.000 03T002M000t
00057 ARG03A0149_057 f 0.00  0.000     0  0.00  0  0 -12.719   1.235   6.547   0.016   0.497   0.000 03T05FM000t
00058 ARG03A0149_058 f 0.00  0.000     0  0.00  0  0 -12.011   0.328   0.515  -0.021   0.907   0.000 03T0E2M000t
00059 ARG03A0149_059 f 0.00  0.000     0  0.00  0  0 -12.187   1.250   0.408   0.062   0.787   0.000 03T13CM000t
00060 ARG03A0149_060 f 0.00  0.000     0  0.00  0  0 -11.258   1.242   6.551   0.026   0.741   0.000 03T17AM000t
00061 ARG+1A0149_061 f 0.00  1.000     0 12.50  0  1 -13.572   0.336   0.724   0.211  -0.300   0.000 +1O000M000t
00062 ARG+1A0149_062 f 0.00  1.000     0 12.50  0  1 -13.502   1.883   0.720   0.017   0.107   0.000 +1E002M000t
00063 ARG+1A0149_063 f 0.00  1.000     0 12.50  0  1 -14.087   2.173   3.466   1.040   0.398   0.000 +1E024M000t
00064 ARG+1A0149_064 f 0.00  1.000     0 12.50  0  1 -12.361  -0.020   0.709   0.216  -0.018   0.000 +1E06AM000t
00065 ARG+1A0149_065 f 0.00  1.000     0 12.50  0  1 -11.845   0.240   0.520   0.071  -0.251   0.000 +1E07BM000t
00066 ARG+1A0149_066 f 0.00  1.000     0 12.50  0  1 -13.276   2.240   0.722  -0.054  -0.221   0.000 +1E0B4M000t
00067 ARG+1A0149_067 f 0.00  1.000     0 12.50  0  1 -12.039   1.112   3.505  -0.034  -0.207   0.000 +1E0B5M000t
00068 ARG+1A0149_068 f 0.00  1.000     0 12.50  0  1 -11.692   2.358   0.726   0.674  -0.006   0.000 +1E0BEM000t
00069 ARG+1A0149_069 f 0.00  1.000     0 12.50  0  1 -12.252   0.296   6.247   0.305  -0.056   0.000 +1E0C8M000t
00070 ARG+1A0149_070 f 0.00  1.000     0 12.50  0  1 -11.314   1.238   6.552   0.177  -0.223   0.000 +1E17AM000t
00071 ARG+1A0149_071 f 0.00  1.000     0 12.50  0  1 -14.528   3.401   5.938   0.287  -0.193   0.000 +1T05BM000t
00072 ARG+1A0149_072 f 0.00  1.000     0 12.50  0  1 -12.733   1.235   6.544   0.166  -0.147   0.000 +1T05FM000t
00073 ARG+1A0149_073 f 0.00  1.000     0 12.50  0  1 -14.359   0.748   3.236   0.116  -0.325   0.000 +1T062M000t
00074 ARG+1A0149_074 f 0.00  1.000     0 12.50  0  1 -10.372  -0.046   3.842   0.167  -0.110   0.000 +1T0D6M000t
00075 ARG+1A0149_075 f 0.00  1.000     0 12.50  0  1 -10.322  -0.359   3.839   0.177  -0.283   0.000 +1T0DEM000t
00076 ARG+1A0149_076 f 0.00  1.000     0 12.50  0  1 -12.044   0.327   0.515   0.089  -0.112   0.000 +1T0E2M000t
00077 ARG+1A0149_077 f 0.00  1.000     0 12.50  0  1 -12.065   1.258   0.407   0.502  -0.221   0.000 +1T13CM000t
00078 ARG+1A0149_078 f 0.00  1.000     0 12.50  0  1 -13.132   1.547   0.387   0.545  -0.098   0.000 +1T13DM000t
00079 ARG+1A0149_079 f 0.00  1.000     0 12.50  0  1  -7.907  -0.284   3.286   0.145  -0.058   0.000 +1T150M000t
00080 ARG+1A0149_080 f 0.00  1.000     0 12.50  0  1 -13.288   4.141   3.167   0.562   0.215   0.000 +1T16FM000t
