CONFORMER         crg  vdw0  vdw1  tors  epol  self   occ  Hb     history    ASA
ARG01A0149_001  0.000-13.45  0.30  0.72  0.00-12.43 0.501  00  01O000M000  1.000
ARG01A0149_002  0.000-12.93  1.26  6.61  0.00 -5.06 0.502  00  01E05FM000  1.000
ARG01A0149_003  0.000-12.54 -0.06  0.71  0.00-11.89 0.501  00  01E06AM000  1.000
ARG01A0149_004  0.000-11.71  0.14  0.52  0.00-11.04 0.501  00  01E07BM000  1.000
ARG01A0149_005  0.000-13.13  2.14  0.74  0.00-10.25 0.501  00  01E0B4M000  1.000
ARG01A0149_006  0.000-11.24  1.25  6.55  0.00 -3.44 0.501  00  01E17AM000  1.000
ARG01A0149_007  0.000-13.30  1.94  0.72  0.00-10.64 0.502  00  01T002M000  1.000
ARG01A0149_008  0.000-14.05  2.10  3.49  0.00 -8.47 0.501  00  01T024M000  1.000
ARG01A0149_009  0.000-14.64  3.60  6.02  0.00 -5.03 0.501  00  01T05BM000  1.000
ARG01A0149_010  0.000-14.28  0.70  3.24  0.00-10.35 0.502  00  01T062M000  1.000
ARG01A0149_011  0.000-12.03  1.13  3.50  0.00 -7.40 0.501  00  01T0B5M000  1.000
ARG01A0149_012  0.000-12.03  1.66  0.82  0.00 -9.55 0.501  00  01T0BEM000  1.000
ARG01A0149_013  0.000-12.41  0.31  6.26  0.00 -5.84 0.502  00  01T0C8M000  1.000
ARG01A0149_014  0.000-10.55 -0.11  3.85  0.00 -6.81 0.501  00  01T0D6M000  1.000
ARG01A0149_015  0.000-10.68 -0.41  3.86  0.00 -7.23 0.501  00  01T0DEM000  1.000
ARG01A0149_016  0.000-11.97  0.23  0.51  0.00-11.23 0.501  00  01T0E2M000  1.000
ARG01A0149_017  0.000-12.35  1.25  0.42  0.00-10.68 0.501  00  01T13CM000  1.000
ARG01A0149_018  0.000-12.95  1.50  0.39  0.00-11.06 0.501  00  01T13DM000  1.000
ARG01A0149_019  0.000 -7.75 -0.33  3.29  0.00 -4.79 0.501  00  01T150M000  1.000
ARG01A0149_020  0.000-13.24  3.46  3.28  0.00 -6.50 0.501  00  01T16FM000  1.000
ARG02A0149_021  0.000-13.53  0.29  0.72  0.00-12.51 0.501  00  02O000M000  1.000
ARG02A0149_022  0.000-14.48  3.38  5.94  0.00 -5.17 0.501  00  02E05BM000  1.000
ARG02A0149_023  0.000-12.32 -0.06  0.71  0.00-11.67 0.501  00  02E06AM000  1.000
ARG02A0149_024  0.000-11.72  0.14  0.52  0.00-11.07 0.501  00  02E07BM000  1.000
ARG02A0149_025  0.000-12.20  2.15  0.74  0.00 -9.31 0.501  00  02E0BEM000  1.000
ARG02A0149_026  0.000-14.26  0.69  3.24  0.00-10.33 0.502  00  02E062M000  1.000
ARG02A0149_027  0.000-12.24  1.25  0.41  0.00-10.58 0.501  00  02E13CM000  1.000
ARG02A0149_028  0.000 -7.90 -0.34  3.28  0.00 -4.95 0.501  00  02E150M000  1.000
ARG02A0149_029  0.000-12.00  0.23  0.51  0.00-11.26 0.501  00  02T0E2M000  1.000
ARG02A0149_030  0.000-14.05  2.13  3.47  0.00 -8.45 0.501  00  02T024M000  1.000
ARG02A0149_031  0.000-12.77  1.23  6.54  0.00 -5.00 0.502  00  02T05FM000  1.000
ARG02A0149_032  0.000-11.33  1.23  6.55  0.00 -3.55 0.501  00  02T17AM000  1.000
ARG02A0149_033  0.000-11.95  1.12  3.50  0.00 -7.33 0.501  00  02T0B5M000  1.000
ARG02A0149_034  0.000-10.33 -0.08  3.84  0.00 -6.57 0.501  00  02T0D6M000  1.000
ARG02A0149_035  0.000-10.46 -0.41  3.83  0.00 -7.03 0.501  00  02T0DEM000  1.000
ARG02A0149_036  0.000-13.20  4.12  3.17  0.00 -5.92 0.501  00  02T16FM000  1.000
ARG02A0149_037  0.000-13.39  1.88  0.72  0.00-10.79 0.502  00  02T002M000  1.000
ARG02A0149_038  0.000-13.11  2.23  0.72  0.00-10.16 0.501  00  02T0B4M000  1.000
ARG02A0149_039  0.000-12.18  0.30  6.24  0.00 -5.64 0.502  00  02T0C8M000  1.000
ARG02A0149_040  0.000-13.17  1.50  0.39  0.00-11.28 0.501  00  02T13DM000  1.000
ARG03A0149_041  0.000-13.17  2.23  0.72  0.00-10.22 0.501  00  03E0B4M000  1.000
ARG03A0149_042  0.000-10.20 -0.41  3.84  0.00 -6.77 0.501  00  03E0DEM000  1.000
ARG03A0149_043  0.000 -7.89 -0.34  3.29  0.00 -4.94 0.501  00  03E150M000  1.000
ARG03A0149_044  0.000-13.25  4.13  3.17  0.00 -5.95 0.501  00  03E16FM000  1.000
ARG03A0149_045  0.000-13.53  0.29  0.72  0.00-12.51 0.501  00  03O000M000  1.000
ARG03A0149_046  0.000-12.32 -0.06  0.71  0.00-11.67 0.501  00  03T06AM000  1.000
ARG03A0149_047  0.000-11.79  0.14  0.52  0.00-11.13 0.501  00  03T07BM000  1.000
ARG03A0149_048  0.000-11.99  1.10  3.51  0.00 -7.38 0.501  00  03T0B5M000  1.000
ARG03A0149_049  0.000-11.68  2.40  0.72  0.00 -8.56 0.501  00  03T0BEM000  1.000
ARG03A0149_050  0.000-12.12  0.30  6.25  0.00 -5.58 0.502  00  03T0C8M000  1.000
ARG03A0149_051  0.000-10.42 -0.09  3.84  0.00 -6.67 0.501  00  03T0D6M000  1.000
ARG03A0149_052  0.000-14.04  2.19  3.47  0.00 -8.38 0.501  00  03T024M000  1.000
ARG03A0149_053  0.000-14.42  3.39  5.94  0.00 -5.09 0.501  00  03T05BM000  1.000
ARG03A0149_054  0.000-14.20  0.69  3.24  0.00-10.27 0.502  00  03T062M000  1.000
ARG03A0149_055  0.000-13.02  1.52  0.39  0.00-11.11 0.501  00  03T13DM000  1.000
ARG03A0149_056  0.000-13.37  1.86  0.72  0.00-10.79 0.502  00  03T002M000  1.000
ARG03A0149_057  0.000-12.69  1.23  6.55  0.00 -4.91 0.502  00  03T05FM000  1.000
ARG03A0149_058  0.000-12.01  0.23  0.51  0.00-11.27 0.501  00  03T0E2M000  1.000
ARG03A0149_059  0.000-12.18  1.25  0.41  0.00-10.53 0.501  00  03T13CM000  1.000
ARG03A0149_060  0.000-11.33  1.24  6.55  0.00 -3.54 0.501  00  03T17AM000  1.000
ARG+1A0149_061  1.000-13.57  0.29  0.72  0.00-12.55 0.501  00  +1O000M000  1.000
ARG+1A0149_062  1.000-13.43  1.88  0.72  0.00-10.83 0.502  00  +1E002M000  1.000
ARG+1A0149_063  1.000-14.09  2.17  3.47  0.00 -8.45 0.501  00  +1E024M000  1.000
ARG+1A0149_064  1.000-12.36 -0.06  0.71  0.00-11.72 0.501  00  +1E06AM000  1.000
ARG+1A0149_065  1.000-11.84  0.14  0.52  0.00-11.18 0.501  00  +1E07BM000  1.000
ARG+1A0149_066  1.000-13.27  2.24  0.72  0.00-10.31 0.501  00  +1E0B4M000  1.000
ARG+1A0149_067  1.000-12.03  1.11  3.50  0.00 -7.42 0.501  00  +1E0B5M000  1.000
ARG+1A0149_068  1.000-11.70  2.35  0.73  0.00 -8.62 0.501  00  +1E0BEM000  1.000
ARG+1A0149_069  1.000-12.26  0.30  6.25  0.00 -5.71 0.502  00  +1E0C8M000  1.000
ARG+1A0149_070  1.000-11.38  1.23  6.55  0.00 -3.59 0.501  00  +1E17AM000  1.000
ARG+1A0149_071  1.000-14.53  3.40  5.94  0.00 -5.19 0.501  00  +1T05BM000  1.000
ARG+1A0149_072  1.000-12.74  1.23  6.54  0.00 -4.96 0.502  00  +1T05FM000  1.000
ARG+1A0149_073  1.000-14.36  0.69  3.24  0.00-10.43 0.502  00  +1T062M000  1.000
ARG+1A0149_074  1.000-10.38 -0.09  3.84  0.00 -6.63 0.501  00  +1T0D6M000  1.000
ARG+1A0149_075  1.000-10.33 -0.40  3.84  0.00 -6.89 0.501  00  +1T0DEM000  1.000
ARG+1A0149_076  1.000-12.05  0.23  0.51  0.00-11.31 0.501  00  +1T0E2M000  1.000
ARG+1A0149_077  1.000-12.06  1.25  0.41  0.00-10.40 0.501  00  +1T13CM000  1.000
ARG+1A0149_078  1.000-13.19  1.54  0.39  0.00-11.27 0.501  00  +1T13DM000  1.000
ARG+1A0149_079  1.000 -7.92 -0.34  3.29  0.00 -4.97 0.501  00  +1T150M000  1.000
ARG+1A0149_080  1.000-13.29  4.14  3.17  0.00 -5.98 0.501  00  +1T16FM000  1.000
