   confID        vdw0    sas     sum
ARG01A0149_001   1.496 -14.951 -13.455
ARG01A0149_002   2.315 -15.240 -12.925
ARG01A0149_003   2.200 -14.748 -12.548
ARG01A0149_004   2.281 -13.987 -11.706
ARG01A0149_005   1.689 -14.816 -13.127
ARG01A0149_006   3.248 -14.496 -11.248
ARG01A0149_007   1.540 -14.837 -13.297
ARG01A0149_008   0.962 -15.016 -14.054
ARG01A0149_009   1.317 -15.964 -14.647
ARG01A0149_010   0.744 -15.024 -14.280
ARG01A0149_011   2.475 -14.563 -12.087
ARG01A0149_012   2.502 -14.534 -12.032
ARG01A0149_013   2.207 -14.616 -12.409
ARG01A0149_014   3.524 -14.068 -10.544
ARG01A0149_015   3.395 -14.078 -10.683
ARG01A0149_016   1.797 -13.767 -11.970
ARG01A0149_017   2.047 -14.323 -12.276
ARG01A0149_018   1.919 -14.870 -12.950
ARG01A0149_019   6.591 -14.324  -7.733
ARG01A0149_020   1.942 -15.191 -13.248
ARG02A0149_021   1.424 -14.951 -13.528
ARG02A0149_022   1.286 -15.768 -14.482
ARG02A0149_023   2.172 -14.488 -12.316
ARG02A0149_024   2.261 -13.987 -11.726
ARG02A0149_025   2.313 -14.521 -12.208
ARG02A0149_026   0.760 -15.024 -14.264
ARG02A0149_027   2.077 -14.323 -12.246
ARG02A0149_028   6.533 -14.436  -7.903
ARG02A0149_029   1.765 -13.767 -12.002
ARG02A0149_030   0.897 -14.945 -14.048
ARG02A0149_031   2.267 -15.041 -12.773
ARG02A0149_032   3.239 -14.563 -11.324
ARG02A0149_033   2.514 -14.450 -11.936
ARG02A0149_034   3.635 -13.961 -10.327
ARG02A0149_035   3.591 -14.103 -10.512
ARG02A0149_036   1.943 -15.148 -13.205
ARG02A0149_037   1.528 -14.918 -13.390
ARG02A0149_038   1.711 -14.768 -13.057
ARG02A0149_039   2.407 -14.596 -12.190
ARG02A0149_040   1.897 -15.066 -13.169
ARG03A0149_041   1.662 -14.832 -13.170
ARG03A0149_042   3.715 -13.920 -10.205
ARG03A0149_043   6.491 -14.388  -7.897
ARG03A0149_044   1.904 -15.148 -13.245
ARG03A0149_045   1.421 -14.951 -13.530
ARG03A0149_046   2.174 -14.488 -12.314
ARG03A0149_047   2.262 -14.051 -11.789
ARG03A0149_048   2.463 -14.450 -11.987
ARG03A0149_049   2.817 -14.482 -11.666
ARG03A0149_050   2.434 -14.548 -12.114
ARG03A0149_051   3.654 -14.080 -10.426
ARG03A0149_052   0.904 -14.945 -14.041
ARG03A0149_053   1.282 -15.700 -14.418
ARG03A0149_054   0.769 -14.895 -14.126
ARG03A0149_055   1.858 -14.870 -13.011
ARG03A0149_056   1.459 -14.789 -13.330
ARG03A0149_057   2.278 -14.996 -12.719
ARG03A0149_058   1.757 -13.767 -12.011
ARG03A0149_059   2.136 -14.323 -12.187
ARG03A0149_060   3.238 -14.496 -11.258
ARG+1A0149_061   1.380 -14.951 -13.572
ARG+1A0149_062   1.415 -14.918 -13.502
ARG+1A0149_063   0.858 -14.945 -14.087
ARG+1A0149_064   2.127 -14.488 -12.361
ARG+1A0149_065   2.206 -14.051 -11.845
ARG+1A0149_066   1.621 -14.896 -13.276
ARG+1A0149_067   2.412 -14.450 -12.039
ARG+1A0149_068   2.790 -14.482 -11.692
ARG+1A0149_069   2.360 -14.612 -12.252
ARG+1A0149_070   3.182 -14.496 -11.314
ARG+1A0149_071   1.240 -15.768 -14.528
ARG+1A0149_072   2.243 -14.977 -12.733
ARG+1A0149_073   0.665 -15.024 -14.359
ARG+1A0149_074   3.657 -14.029 -10.372
ARG+1A0149_075   3.661 -13.984 -10.322
ARG+1A0149_076   1.724 -13.767 -12.044
ARG+1A0149_077   2.129 -14.195 -12.065
ARG+1A0149_078   1.802 -14.934 -13.132
ARG+1A0149_079   6.481 -14.388  -7.907
ARG+1A0149_080   1.860 -15.148 -13.288
