CONFORMER         crg  vdw0  vdw1  tors  epol  self   occ  Hb     history    ASA
GLU01A0114_001  0.000 -2.91  0.52  2.93  0.00  0.55 0.533  00  01O000M000  1.000
GLU01A0114_002  0.000 -3.76  0.57  3.22  0.00  0.04 0.536  00  01E004M000  1.023
GLU01A0114_003  0.000 -3.43  0.40  6.23  0.00  3.20 0.535  00  01E007M000  1.046
GLU01A0114_004  0.000 -4.09  2.02  3.36  0.00  1.30 0.536  00  01E008M000  1.059
GLU01A0114_005  0.000 -4.31  0.58  3.27  0.00 -0.46 0.537  00  01E00DM000  1.066
GLU01A0114_006  0.000 -2.98  0.52  0.21  0.00 -2.25 0.533  00  01O000M000  1.017
GLU01A0114_007  0.000 -3.73  0.92  0.66  0.00 -2.16 0.536  00  01E005M000  1.024
GLU01A0114_008  0.000 -3.95  0.30  0.61  0.00 -3.03 0.535  00  01E009M000  1.035
GLU01A0114_009  0.000 -4.21  3.22  0.67  0.00 -0.32 0.536  00  01E00AM000  1.014
GLU01A0114_010  0.000 -4.17  0.59  0.51  0.00 -3.07 0.537  00  01E00DM000  1.067
GLU01A0114_011  0.000 -3.43  1.71  2.94  0.00  1.22 0.539  00  01T002M000  1.044
GLU01A0114_012  0.000 -3.91  0.78  3.20  0.00  0.06 0.536  00  01T006M000  1.050
GLU01A0114_013  0.000 -3.74  0.92  3.37  0.00  0.56 0.536  00  01T005M000  1.024
GLU01A0114_014  0.000 -4.21  3.22  3.39  0.00  2.40 0.536  00  01T00AM000  1.014
GLU01A0114_015  0.000 -4.04  1.08  6.12  0.00  3.17 0.535  00  01T00BM000  1.044
GLU01A0114_016  0.000 -4.35  2.75  3.53  0.00  1.93 0.535  00  01T00CM000  1.017
GLU01A0114_017  0.000 -3.43  0.41  3.49  0.00  0.46 0.535  00  01T007M000  1.046
GLU01A0114_018  0.000 -3.86  2.43  0.59  0.00 -0.83 0.536  00  01T008M000  1.022
GLU01A0114_019  0.000 -4.04  1.08  3.40  0.00  0.45 0.535  00  01T00BM000  1.044
GLU01A0114_020  0.000 -4.35  2.75  0.81  0.00 -0.79 0.535  00  01T00CM000  1.017
GLU02A0114_021  0.000 -3.28  0.53  2.93  0.00  0.18 0.533  00  02O000M000  1.000
GLU02A0114_022  0.000 -3.50  0.56  3.23  0.00  0.30 0.536  00  02E004M000  1.016
GLU02A0114_023  0.000 -3.43  0.36  6.31  0.00  3.24 0.535  00  02E007M000  1.054
GLU02A0114_024  0.000 -4.11  0.28  3.41  0.00 -0.42 0.535  00  02E009M000  1.013
GLU02A0114_025  0.000 -4.12  1.08  6.23  0.00  3.19 0.535  00  02E00BM000  1.053
GLU02A0114_026  0.000 -4.16  2.12  3.55  0.00  1.51 0.535  00  02E00CM000  1.000
GLU02A0114_027  0.000 -3.28  0.53  0.21  0.00 -2.54 0.533  00  02O000M000  1.000
GLU02A0114_028  0.000 -3.39  0.82  0.20  0.00 -2.36 0.537  00  02E001M000  1.015
GLU02A0114_029  0.000 -4.03  1.07  3.37  0.00  0.41 0.535  00  02E00BM000  1.045
GLU02A0114_030  0.000 -3.44  0.82  2.92  0.00  0.31 0.537  00  02T001M000  1.030
GLU02A0114_031  0.000 -3.55  0.77  3.21  0.00  0.42 0.536  00  02T006M000  1.047
GLU02A0114_032  0.000 -3.95  2.35  3.38  0.00  1.78 0.536  00  02T008M000  1.072
GLU02A0114_033  0.000 -4.24  3.43  3.45  0.00  2.64 0.536  00  02T00AM000  1.000
GLU02A0114_034  0.000 -4.07  0.63  3.19  0.00 -0.25 0.537  00  02T00DM000  1.071
GLU02A0114_035  0.000 -3.92  2.39  0.64  0.00 -0.90 0.536  00  02T008M000  1.064
GLU02A0114_036  0.000 -4.11  0.28  0.66  0.00 -3.17 0.535  00  02T009M000  1.013
GLU02A0114_037  0.000 -4.16  2.12  0.82  0.00 -1.22 0.535  00  02T00CM000  1.000
GLU02A0114_038  0.000 -3.26  0.37  3.40  0.00  0.51 0.535  00  02T007M000  1.045
GLU02A0114_039  0.000 -4.24  3.43  0.73  0.00 -0.08 0.536  00  02T00AM000  1.000
GLU-1A0114_040 -1.000 -3.21  0.54  0.21  0.00 -2.46 0.533  00  -1O000M000  1.000
GLU-1A0114_041 -1.000 -3.70  1.44  0.21  0.00 -2.05 0.539  00  -1E002M000  1.046
GLU-1A0114_042 -1.000 -3.94  0.92  0.63  0.00 -2.39 0.536  00  -1E005M000  1.015
GLU-1A0114_043 -1.000 -3.45  0.38  3.45  0.00  0.39 0.535  00  -1E007M000  1.046
GLU-1A0114_044 -1.000 -4.08  2.22  0.62  0.00 -1.24 0.536  00  -1E008M000  1.055
GLU-1A0114_045 -1.000 -4.09  1.08  3.39  0.00  0.39 0.535  00  -1E00BM000  1.045
GLU-1A0114_046 -1.000 -4.18  2.32  0.79  0.00 -1.07 0.535  00  -1E00CM000  1.003
