iConf CONFORMER     FL  occ    crg   Em0  pKa0 ne nH    vdw0    vdw1    tors    epol   dsolv   extra    history
00001 GLU01A0114_001 f 0.00  0.000     0  0.00  0  0  -2.907   0.526   2.932   0.110  -0.177   0.000 01O000M000t
00002 GLU01A0114_002 f 0.00  0.000     0  0.00  0  0  -3.759   0.570   3.222   0.071  -0.515   0.000 01E004M000t
00003 GLU01A0114_003 f 0.00  0.000     0  0.00  0  0  -3.433   0.407   6.225   0.203   0.156   0.000 01E007M000t
00004 GLU01A0114_004 f 0.00  0.000     0  0.00  0  0  -4.087   2.031   3.364   0.445  -0.479   0.000 01E008M000t
00005 GLU01A0114_005 f 0.00  0.000     0  0.00  0  0  -4.311   0.586   3.268   0.135  -0.403   0.000 01E00DM000t
00006 GLU01A0114_006 f 0.00  0.000     0  0.00  0  0  -2.984   0.526   0.212   0.055   0.683   0.000 01O000M000t
00007 GLU01A0114_007 f 0.00  0.000     0  0.00  0  0  -3.735   0.921   0.657   0.036   0.677   0.000 01E005M000t
00008 GLU01A0114_008 f 0.00  0.000     0  0.00  0  0  -3.948   0.307   0.609   0.142   0.712   0.000 01E009M000t
00009 GLU01A0114_009 f 0.00  0.000     0  0.00  0  0  -4.210   3.220   0.670  -0.045   0.784   0.000 01E00AM000t
00010 GLU01A0114_010 f 0.00  0.000     0  0.00  0  0  -4.166   0.592   0.509   0.060   0.712   0.000 01E00DM000t
00011 GLU01A0114_011 f 0.00  0.000     0  0.00  0  0  -3.434   1.718   2.938   0.468   0.035   0.000 01T002M000t
00012 GLU01A0114_012 f 0.00  0.000     0  0.00  0  0  -3.917   0.779   3.196   0.070  -0.534   0.000 01T006M000t
00013 GLU01A0114_013 f 0.00  0.000     0  0.00  0  0  -3.734   0.921   3.370   0.092  -0.374   0.000 01T005M000t
00014 GLU01A0114_014 f 0.00  0.000     0  0.00  0  0  -4.210   3.222   3.390  -0.029  -0.538   0.000 01T00AM000t
00015 GLU01A0114_015 f 0.00  0.000     0  0.00  0  0  -4.039   1.082   6.122   0.147  -0.305   0.000 01T00BM000t
00016 GLU01A0114_016 f 0.00  0.000     0  0.00  0  0  -4.348   2.756   3.525   0.332  -0.049   0.000 01T00CM000t
00017 GLU01A0114_017 f 0.00  0.000     0  0.00  0  0  -3.433   0.407   3.487   0.093   0.723   0.000 01T007M000t
00018 GLU01A0114_018 f 0.00  0.000     0  0.00  0  0  -3.857   2.433   0.592   0.347   0.760   0.000 01T008M000t
00019 GLU01A0114_019 f 0.00  0.000     0  0.00  0  0  -4.039   1.082   3.402   0.083   0.752   0.000 01T00BM000t
00020 GLU01A0114_020 f 0.00  0.000     0  0.00  0  0  -4.348   2.756   0.805   0.049   0.684   0.000 01T00CM000t
00021 GLU02A0114_021 f 0.00  0.000     0  0.00  0  0  -3.280   0.533   2.932   0.090  -0.551   0.000 02O000M000t
00022 GLU02A0114_022 f 0.00  0.000     0  0.00  0  0  -3.500   0.567   3.235   0.135  -0.278   0.000 02E004M000t
00023 GLU02A0114_023 f 0.00  0.000     0  0.00  0  0  -3.432   0.364   6.312   0.152  -0.470   0.000 02E007M000t
00024 GLU02A0114_024 f 0.00  0.000     0  0.00  0  0  -4.109   0.284   3.405   0.278  -0.478   0.000 02E009M000t
00025 GLU02A0114_025 f 0.00  0.000     0  0.00  0  0  -4.120   1.080   6.230   0.135  -0.381   0.000 02E00BM000t
00026 GLU02A0114_026 f 0.00  0.000     0  0.00  0  0  -4.160   2.118   3.553   0.013  -0.520   0.000 02E00CM000t
00027 GLU02A0114_027 f 0.00  0.000     0  0.00  0  0  -3.280   0.533   0.212   0.061   0.717   0.000 02O000M000t
00028 GLU02A0114_028 f 0.00  0.000     0  0.00  0  0  -3.392   0.825   0.205   0.034   0.705   0.000 02E001M000t
00029 GLU02A0114_029 f 0.00  0.000     0  0.00  0  0  -4.027   1.070   3.368   0.068   0.666   0.000 02E00BM000t
00030 GLU02A0114_030 f 0.00  0.000     0  0.00  0  0  -3.440   0.825   2.925   0.058  -0.463   0.000 02T001M000t
00031 GLU02A0114_031 f 0.00  0.000     0  0.00  0  0  -3.556   0.766   3.208   0.047  -0.280   0.000 02T006M000t
00032 GLU02A0114_032 f 0.00  0.000     0  0.00  0  0  -3.954   2.353   3.375   0.323  -0.209   0.000 02T008M000t
00033 GLU02A0114_033 f 0.00  0.000     0  0.00  0  0  -4.239   3.435   3.450   0.985   0.157   0.000 02T00AM000t
00034 GLU02A0114_034 f 0.00  0.000     0  0.00  0  0  -4.069   0.625   3.192   0.184  -0.269   0.000 02T00DM000t
00035 GLU02A0114_035 f 0.00  0.000     0  0.00  0  0  -3.917   2.385   0.637   0.254   0.792   0.000 02T008M000t
00036 GLU02A0114_036 f 0.00  0.000     0  0.00  0  0  -4.109   0.284   0.656   0.159   0.702   0.000 02T009M000t
00037 GLU02A0114_037 f 0.00  0.000     0  0.00  0  0  -4.163   2.121   0.826   0.005   0.796   0.000 02T00CM000t
00038 GLU02A0114_038 f 0.00  0.000     0  0.00  0  0  -3.256   0.368   3.399   0.111   0.736   0.000 02T007M000t
00039 GLU02A0114_039 f 0.00  0.000     0  0.00  0  0  -4.239   3.435   0.730   0.027   0.744   0.000 02T00AM000t
00040 GLU-1A0114_040 f 0.00 -1.000     0  4.75  0 -1  -3.213   0.544   0.212  -0.075  -0.207   0.000 -1O000M000t
00041 GLU-1A0114_041 f 0.00 -1.000     0  4.75  0 -1  -3.706   1.442   0.214  -0.369  -0.069   0.000 -1E002M000t
00042 GLU-1A0114_042 f 0.00 -1.000     0  4.75  0 -1  -3.944   0.916   0.635  -0.057  -0.291   0.000 -1E005M000t
00043 GLU-1A0114_043 f 0.00 -1.000     0  4.75  0 -1  -3.442   0.376   3.455  -0.068  -0.079   0.000 -1E007M000t
00044 GLU-1A0114_044 f 0.00 -1.000     0  4.75  0 -1  -4.078   2.221   0.619  -0.400   0.183   0.000 -1E008M000t
00045 GLU-1A0114_045 f 0.00 -1.000     0  4.75  0 -1  -4.086   1.082   3.391  -0.249  -0.038   0.000 -1E00BM000t
00046 GLU-1A0114_046 f 0.00 -1.000     0  4.75  0 -1  -4.181   2.315   0.789  -0.300   0.007   0.000 -1E00CM000t
