   confID        vdw0    sas     sum
GLU01A0114_001   1.536  -4.443  -2.907
GLU01A0114_002   0.935  -4.694  -3.759
GLU01A0114_003   1.429  -4.862  -3.433
GLU01A0114_004   0.848  -4.935  -4.087
GLU01A0114_005   0.868  -5.179  -4.311
GLU01A0114_006   1.536  -4.521  -2.984
GLU01A0114_007   0.855  -4.590  -3.735
GLU01A0114_008   0.887  -4.836  -3.948
GLU01A0114_009   0.619  -4.829  -4.210
GLU01A0114_010   0.993  -5.159  -4.166
GLU01A0114_011   1.394  -4.828  -3.434
GLU01A0114_012   0.941  -4.858  -3.917
GLU01A0114_013   0.856  -4.590  -3.734
GLU01A0114_014   0.620  -4.829  -4.210
GLU01A0114_015   0.862  -4.901  -4.039
GLU01A0114_016   0.623  -4.970  -4.348
GLU01A0114_017   1.429  -4.862  -3.433
GLU01A0114_018   0.871  -4.728  -3.857
GLU01A0114_019   0.862  -4.901  -4.039
GLU01A0114_020   0.623  -4.970  -4.348
GLU02A0114_021   1.247  -4.527  -3.280
GLU02A0114_022   1.127  -4.627  -3.500
GLU02A0114_023   1.294  -4.727  -3.432
GLU02A0114_024   0.825  -4.934  -4.109
GLU02A0114_025   0.801  -4.920  -4.120
GLU02A0114_026   0.658  -4.818  -4.160
GLU02A0114_027   1.247  -4.527  -3.280
GLU02A0114_028   1.251  -4.644  -3.392
GLU02A0114_029   0.871  -4.899  -4.027
GLU02A0114_030   1.249  -4.689  -3.440
GLU02A0114_031   1.120  -4.675  -3.556
GLU02A0114_032   0.918  -4.873  -3.954
GLU02A0114_033   0.622  -4.861  -4.239
GLU02A0114_034   1.069  -5.138  -4.069
GLU02A0114_035   0.955  -4.873  -3.917
GLU02A0114_036   0.825  -4.934  -4.109
GLU02A0114_037   0.656  -4.818  -4.163
GLU02A0114_038   1.505  -4.761  -3.256
GLU02A0114_039   0.622  -4.861  -4.239
GLU-1A0114_040   1.166  -4.379  -3.213
GLU-1A0114_041   1.050  -4.757  -3.706
GLU-1A0114_042   0.698  -4.642  -3.944
GLU-1A0114_043   1.272  -4.714  -3.442
GLU-1A0114_044   0.747  -4.825  -4.078
GLU-1A0114_045   0.710  -4.796  -4.086
GLU-1A0114_046   0.520  -4.701  -4.181
