iConf CONFORMER     FL  occ    crg   Em0  pKa0 ne nH    vdw0    vdw1    tors    epol   dsolv   extra    history
00001 ARG01A0239_001 f 0.00  0.000     0  0.00  0  0 -13.358   0.492   0.607   0.013  -0.078   0.000 01O000M000t
00002 ARG01A0239_002 f 0.00  0.000     0  0.00  0  0 -11.552   0.418   1.223   0.036  -0.133   0.000 01E034M000t
00003 ARG01A0239_003 f 0.00  0.000     0  0.00  0  0 -12.715   2.772   6.005   0.092   0.018   0.000 01E04AM000t
00004 ARG01A0239_004 f 0.00  0.000     0  0.00  0  0 -10.284   1.254   3.582   0.029  -0.157   0.000 01E07FM000t
00005 ARG01A0239_005 f 0.00  0.000     0  0.00  0  0 -11.746   5.131   2.930   0.003   0.089   0.000 01E09CM000t
00006 ARG01A0239_006 f 0.00  0.000     0  0.00  0  0  -9.725   0.760   0.547  -0.011  -0.031   0.000 01E0A3M000t
00007 ARG01A0239_007 f 0.00  0.000     0  0.00  0  0  -9.919   1.346   3.569   0.006   0.143   0.000 01E109M000t
00008 ARG01A0239_008 f 0.00  0.000     0  0.00  0  0 -11.937   4.932   2.999   0.036  -0.112   0.000 01T021M000t
00009 ARG01A0239_009 f 0.00  0.000     0  0.00  0  0 -12.362   0.864   1.235  -0.226   0.328   0.000 01T033M000t
00010 ARG01A0239_010 f 0.00  0.000     0  0.00  0  0 -11.874   0.864   3.551   0.046   0.013   0.000 01T046M000t
00011 ARG01A0239_011 f 0.00  0.000     0  0.00  0  0 -11.817   0.587   1.196   0.017  -0.146   0.000 01T063M000t
00012 ARG01A0239_012 f 0.00  0.000     0  0.00  0  0 -12.347   1.097   0.739   0.054  -0.143   0.000 01T068M000t
00013 ARG01A0239_013 f 0.00  0.000     0  0.00  0  0 -12.850   3.122   3.048   0.092  -0.058   0.000 01T086M000t
00014 ARG01A0239_014 f 0.00  0.000     0  0.00  0  0 -11.653   1.488   3.657   0.062  -0.059   0.000 01T089M000t
00015 ARG01A0239_015 f 0.00  0.000     0  0.00  0  0 -11.526   0.373   0.549   0.008   0.012   0.000 01T094M000t
00016 ARG01A0239_016 f 0.00  0.000     0  0.00  0  0  -9.020   0.362   3.396   0.042  -0.040   0.000 01T097M000t
00017 ARG01A0239_017 f 0.00  0.000     0  0.00  0  0 -11.335   1.147   3.295   0.024  -0.157   0.000 01T0AAM000t
00018 ARG01A0239_018 f 0.00  0.000     0  0.00  0  0 -10.324   0.179   1.168  -0.018   0.043   0.000 01T0CEM000t
00019 ARG01A0239_019 f 0.00  0.000     0  0.00  0  0 -10.506   0.220   1.216   0.047   0.003   0.000 01T0E1M000t
00020 ARG01A0239_020 f 0.00  0.000     0  0.00  0  0 -11.155   6.344   0.661  -0.175  -0.188   0.000 01T0F0M000t
00021 ARG02A0239_021 f 0.00  0.000     0  0.00  0  0 -11.869   4.908   2.951   0.044   0.932   0.000 02E021M000t
00022 ARG02A0239_022 f 0.00  0.000     0  0.00  0  0 -11.916   0.769   3.558  -0.207   1.167   0.000 02E046M000t
00023 ARG02A0239_023 f 0.00  0.000     0  0.00  0  0 -11.826   0.575   1.160   0.029   1.066   0.000 02E063M000t
00024 ARG02A0239_024 f 0.00  0.000     0  0.00  0  0 -11.868   5.147   2.935   0.014   1.232   0.000 02E09CM000t
00025 ARG02A0239_025 f 0.00  0.000     0  0.00  0  0  -9.907   1.353   3.548  -0.000   1.163   0.000 02E109M000t
00026 ARG02A0239_026 f 0.00  0.000     0  0.00  0  0 -13.335   0.490   0.607   0.030   0.677   0.000 02O000M000t
00027 ARG02A0239_027 f 0.00  0.000     0  0.00  0  0 -12.364   0.869   1.211   0.477   0.834   0.000 02E033M000t
00028 ARG02A0239_028 f 0.00  0.000     0  0.00  0  0 -11.495   0.408   1.213   0.039   0.637   0.000 02E034M000t
00029 ARG02A0239_029 f 0.00  0.000     0  0.00  0  0 -11.554   0.372   0.541   0.011   0.711   0.000 02E094M000t
00030 ARG02A0239_030 f 0.00  0.000     0  0.00  0  0  -9.734   0.772   0.549  -0.074   0.795   0.000 02E0A3M000t
00031 ARG02A0239_031 f 0.00  0.000     0  0.00  0  0 -11.329   1.146   3.292   0.031   0.577   0.000 02E0AAM000t
00032 ARG02A0239_032 f 0.00  0.000     0  0.00  0  0 -11.288   6.517   0.642   0.127   0.864   0.000 02E0F0M000t
00033 ARG02A0239_033 f 0.00  0.000     0  0.00  0  0 -10.403   1.283   3.594   0.054   1.208   0.000 02T07FM000t
00034 ARG02A0239_034 f 0.00  0.000     0  0.00  0  0 -12.587   3.192   2.997   0.100   1.087   0.000 02T086M000t
00035 ARG02A0239_035 f 0.00  0.000     0  0.00  0  0 -10.472   0.152   1.167  -0.006   1.127   0.000 02T0CEM000t
00036 ARG02A0239_036 f 0.00  0.000     0  0.00  0  0 -12.356   1.154   0.715   0.068   1.064   0.000 02T068M000t
00037 ARG02A0239_037 f 0.00  0.000     0  0.00  0  0 -12.522   2.350   5.945   0.143   0.755   0.000 02T04AM000t
00038 ARG02A0239_038 f 0.00  0.000     0  0.00  0  0 -11.732   1.529   3.629   0.028   0.783   0.000 02T089M000t
00039 ARG02A0239_039 f 0.00  0.000     0  0.00  0  0  -9.073   0.388   3.327   0.009   0.873   0.000 02T097M000t
00040 ARG02A0239_040 f 0.00  0.000     0  0.00  0  0 -10.527   0.227   1.214   0.000   0.828   0.000 02T0E1M000t
00041 ARG03A0239_041 f 0.00  0.000     0  0.00  0  0 -13.398   0.489   0.607   0.030   0.481   0.000 03O000M000t
00042 ARG03A0239_042 f 0.00  0.000     0  0.00  0  0 -12.655   2.364   5.946   0.110   0.814   0.000 03E04AM000t
00043 ARG03A0239_043 f 0.00  0.000     0  0.00  0  0 -12.359   0.860   1.209   0.508   1.254   0.000 03T033M000t
00044 ARG03A0239_044 f 0.00  0.000     0  0.00  0  0 -11.942   0.768   3.560  -0.192   0.993   0.000 03T046M000t
00045 ARG03A0239_045 f 0.00  0.000     0  0.00  0  0  -9.628   0.757   0.545  -0.023   0.891   0.000 03T0A3M000t
00046 ARG03A0239_046 f 0.00  0.000     0  0.00  0  0 -11.321   6.400   0.648   0.165   1.110   0.000 03T0F0M000t
00047 ARG03A0239_047 f 0.00  0.000     0  0.00  0  0 -11.777   1.524   3.630   0.056   0.936   0.000 03T089M000t
00048 ARG03A0239_048 f 0.00  0.000     0  0.00  0  0 -11.868   5.139   2.932   0.013   1.173   0.000 03T09CM000t
00049 ARG03A0239_049 f 0.00  0.000     0  0.00  0  0 -11.529   0.406   1.214   0.048   0.612   0.000 03T034M000t
00050 ARG03A0239_050 f 0.00  0.000     0  0.00  0  0 -10.445   1.272   3.589   0.029   0.902   0.000 03T07FM000t
00051 ARG03A0239_051 f 0.00  0.000     0  0.00  0  0 -11.588   0.369   0.544   0.026   0.838   0.000 03T094M000t
00052 ARG03A0239_052 f 0.00  0.000     0  0.00  0  0  -8.044   0.370   3.360   0.039   0.903   0.000 03T097M000t
00053 ARG03A0239_053 f 0.00  0.000     0  0.00  0  0 -11.371   1.139   3.290   0.033   0.430   0.000 03T0AAM000t
00054 ARG03A0239_054 f 0.00  0.000     0  0.00  0  0 -11.991   4.913   2.949   0.044   0.609   0.000 03T021M000t
00055 ARG03A0239_055 f 0.00  0.000     0  0.00  0  0 -11.959   0.573   1.162   0.024   0.566   0.000 03T063M000t
00056 ARG03A0239_056 f 0.00  0.000     0  0.00  0  0 -12.422   1.156   0.716   0.065   0.616   0.000 03T068M000t
00057 ARG03A0239_057 f 0.00  0.000     0  0.00  0  0 -12.585   3.190   2.997   0.088   0.817   0.000 03T086M000t
00058 ARG03A0239_058 f 0.00  0.000     0  0.00  0  0 -10.393   0.156   1.167   0.015   0.857   0.000 03T0CEM000t
00059 ARG03A0239_059 f 0.00  0.000     0  0.00  0  0 -10.615   0.218   1.217   0.038   0.804   0.000 03T0E1M000t
00060 ARG03A0239_060 f 0.00  0.000     0  0.00  0  0  -9.736   1.357   3.551  -0.009   0.924   0.000 03T109M000t
00061 ARG+1A0239_061 f 0.00  1.000     0 12.50  0  1 -13.441   0.489   0.607   0.096  -0.145   0.000 +1O000M000t
00062 ARG+1A0239_062 f 0.00  1.000     0 12.50  0  1 -12.475   0.868   1.211   0.971   0.462   0.000 +1E033M000t
00063 ARG+1A0239_063 f 0.00  1.000     0 12.50  0  1 -12.632   2.375   5.944   0.090  -0.115   0.000 +1E04AM000t
00064 ARG+1A0239_064 f 0.00  1.000     0 12.50  0  1 -11.875   0.575   1.162   0.085  -0.324   0.000 +1E063M000t
00065 ARG+1A0239_065 f 0.00  1.000     0 12.50  0  1 -12.400   1.153   0.717   0.159  -0.180   0.000 +1E068M000t
00066 ARG+1A0239_066 f 0.00  1.000     0 12.50  0  1 -10.405   1.273   3.591   0.079  -0.273   0.000 +1E07FM000t
00067 ARG+1A0239_067 f 0.00  1.000     0 12.50  0  1 -12.624   3.203   2.998   0.179  -0.358   0.000 +1E086M000t
00068 ARG+1A0239_068 f 0.00  1.000     0 12.50  0  1  -9.818   0.759   0.547   0.120  -0.389   0.000 +1E0A3M000t
00069 ARG+1A0239_069 f 0.00  1.000     0 12.50  0  1 -11.910   4.928   2.953   0.155   0.044   0.000 +1T021M000t
00070 ARG+1A0239_070 f 0.00  1.000     0 12.50  0  1 -11.660   0.410   1.217   0.180  -0.109   0.000 +1T034M000t
00071 ARG+1A0239_071 f 0.00  1.000     0 12.50  0  1 -11.903   0.766   3.560  -0.291   0.569   0.000 +1T046M000t
00072 ARG+1A0239_072 f 0.00  1.000     0 12.50  0  1 -11.814   1.524   3.629   0.119  -0.221   0.000 +1T089M000t
00073 ARG+1A0239_073 f 0.00  1.000     0 12.50  0  1 -11.624   0.370   0.543   0.094  -0.005   0.000 +1T094M000t
00074 ARG+1A0239_074 f 0.00  1.000     0 12.50  0  1  -8.226   0.373   3.369   0.093  -0.002   0.000 +1T097M000t
00075 ARG+1A0239_075 f 0.00  1.000     0 12.50  0  1 -11.910   5.151   2.934   0.097  -0.207   0.000 +1T09CM000t
00076 ARG+1A0239_076 f 0.00  1.000     0 12.50  0  1 -11.418   1.145   3.293   0.123  -0.498   0.000 +1T0AAM000t
00077 ARG+1A0239_077 f 0.00  1.000     0 12.50  0  1 -10.509   0.157   1.169   0.102  -0.151   0.000 +1T0CEM000t
00078 ARG+1A0239_078 f 0.00  1.000     0 12.50  0  1 -10.582   0.217   1.217   0.178  -0.133   0.000 +1T0E1M000t
00079 ARG+1A0239_079 f 0.00  1.000     0 12.50  0  1 -11.383   6.591   0.638   0.934   0.409   0.000 +1T0F0M000t
00080 ARG+1A0239_080 f 0.00  1.000     0 12.50  0  1  -9.733   1.358   3.552   0.124   0.032   0.000 +1T109M000t
