CONFORMER         crg  vdw0  vdw1  tors  epol  self   occ  Hb     history    ASA
ARG01A0239_001  0.000-13.36  0.49  0.61  0.00-12.26 0.502  00  01O000M000  1.000
ARG01A0239_002  0.000-13.50  5.15  2.96  0.00 -5.38 0.501  00  01E001M000  1.000
ARG01A0239_003  0.000-12.32  0.50  3.31  0.00 -8.51 0.502  00  01E019M000  1.000
ARG01A0239_004  0.000-12.13  1.14  3.64  0.00 -7.35 0.502  00  01E04FM000  1.000
ARG01A0239_005  0.000-11.14  0.35  3.36  0.00 -7.43 0.501  00  01E08DM000  1.000
ARG01A0239_006  0.000-10.30  1.41  0.53  0.00 -8.37 0.501  00  01E0B5M000  1.000
ARG01A0239_007  0.000-10.94  1.41  0.53  0.00 -9.00 0.502  00  01E0B6M000  1.000
ARG01A0239_008  0.000-11.26  0.88  5.61  0.00 -4.77 0.502  00  01E0BDM000  1.000
ARG01A0239_009  0.000 -9.04  0.27  4.00  0.00 -4.77 0.502  00  01E0DBM000  1.000
ARG01A0239_010  0.000-10.39  2.21  1.23  0.00 -6.95 0.501  00  01E0DFM000  1.000
ARG01A0239_011  0.000-11.16  6.33  0.66  0.00 -4.17 0.502  00  01E0F0M000  1.000
ARG01A0239_012  0.000 -9.48  5.67  1.13  0.00 -2.67 0.502  00  01E0FEM000  1.000
ARG01A0239_013  0.000-10.27  1.30  6.34  0.00 -2.63 0.501  00  01T047M000  1.000
ARG01A0239_014  0.000-12.01  5.04  2.98  0.00 -3.99 0.502  00  01T055M000  1.000
ARG01A0239_015  0.000-12.35  1.10  0.74  0.00-10.51 0.502  00  01T068M000  1.000
ARG01A0239_016  0.000-11.13  5.84  1.34  0.00 -3.95 0.502  00  01T07BM000  1.000
ARG01A0239_017  0.000 -8.40 -0.03  3.41  0.00 -5.03 0.501  00  01T08CM000  1.000
ARG01A0239_018  0.000-10.41  0.97  3.35  0.00 -6.09 0.502  00  01T0A8M000  1.000
ARG01A0239_019  0.000-10.83  1.56  0.55  0.00 -8.72 0.502  00  01T0B3M000  1.000
ARG01A0239_020  0.000-10.02  0.63  5.65  0.00 -3.75 0.502  00  01T0C5M000  1.000
ARG02A0239_021  0.000-13.40  0.49  0.61  0.00-12.30 0.502  00  02O000M000  1.000
ARG02A0239_022  0.000-10.26  1.29  6.35  0.00 -2.63 0.501  00  02E047M000  1.000
ARG02A0239_023  0.000 -8.36 -0.00  3.34  0.00 -5.02 0.501  00  02E08CM000  1.000
ARG02A0239_024  0.000-10.99  1.42  0.53  0.00 -9.04 0.502  00  02E0B6M000  1.000
ARG02A0239_025  0.000 -9.51  5.60  1.14  0.00 -2.77 0.502  00  02E0FEM000  1.000
ARG02A0239_026  0.000-10.07  0.66  5.66  0.00 -3.75 0.502  00  02E0C5M000  1.000
ARG02A0239_027  0.000-12.36  1.16  0.71  0.00-10.48 0.502  00  02T068M000  1.000
ARG02A0239_028  0.000-10.25  1.41  0.53  0.00 -8.31 0.501  00  02T0B5M000  1.000
ARG02A0239_029  0.000-11.30  6.37  0.65  0.00 -4.29 0.502  00  02T0F0M000  1.000
ARG02A0239_030  0.000-13.48  5.24  2.96  0.00 -5.28 0.501  00  02T001M000  1.000
ARG02A0239_031  0.000-10.60  1.82  1.22  0.00 -7.56 0.501  00  02T0DFM000  1.000
ARG02A0239_032  0.000-11.20  6.50  1.20  0.00 -3.50 0.502  00  02T07BM000  1.000
ARG02A0239_033  0.000-10.17  0.96  3.32  0.00 -5.90 0.502  00  02T0A8M000  1.000
ARG02A0239_034  0.000-11.22  0.87  5.53  0.00 -4.81 0.502  00  02T0BDM000  1.000
ARG02A0239_035  0.000-12.30  0.50  3.32  0.00 -8.49 0.502  00  02T019M000  1.000
ARG02A0239_036  0.000-12.04  1.10  3.62  0.00 -7.31 0.502  00  02T04FM000  1.000
ARG02A0239_037  0.000-11.96  5.03  2.98  0.00 -3.95 0.502  00  02T055M000  1.000
ARG02A0239_038  0.000-11.20  0.37  3.29  0.00 -7.54 0.501  00  02T08DM000  1.000
ARG02A0239_039  0.000-10.75  1.52  0.52  0.00 -8.70 0.502  00  02T0B3M000  1.000
ARG02A0239_040  0.000 -9.28  0.24  4.00  0.00 -5.04 0.502  00  02T0DBM000  1.000
ARG03A0239_041  0.000-13.40  0.49  0.61  0.00-12.31 0.502  00  03O000M000  1.000
ARG03A0239_042  0.000-12.10  1.10  3.63  0.00 -7.37 0.502  00  03E04FM000  1.000
ARG03A0239_043  0.000-10.79  1.51  0.52  0.00 -8.75 0.502  00  03E0B3M000  1.000
ARG03A0239_044  0.000-11.37  0.87  5.56  0.00 -4.94 0.502  00  03E0BDM000  1.000
ARG03A0239_045  0.000-12.42  1.16  0.72  0.00-10.55 0.502  00  03E068M000  1.000
ARG03A0239_046  0.000-11.30  6.49  1.20  0.00 -3.61 0.502  00  03E07BM000  1.000
ARG03A0239_047  0.000-10.27  1.41  0.53  0.00 -8.33 0.501  00  03T0B5M000  1.000
ARG03A0239_048  0.000 -9.58  5.61  1.13  0.00 -2.84 0.502  00  03T0FEM000  1.000
ARG03A0239_049  0.000-10.32  1.28  6.34  0.00 -2.69 0.501  00  03T047M000  1.000
ARG03A0239_050  0.000-10.05  0.94  3.33  0.00 -5.79 0.502  00  03T0A8M000  1.000
ARG03A0239_051  0.000-11.05  1.41  0.53  0.00 -9.10 0.502  00  03T0B6M000  1.000
ARG03A0239_052  0.000-13.54  5.24  2.96  0.00 -5.34 0.501  00  03T001M000  1.000
ARG03A0239_053  0.000-12.36  0.50  3.31  0.00 -8.55 0.502  00  03T019M000  1.000
ARG03A0239_054  0.000-12.02  5.04  2.98  0.00 -4.00 0.502  00  03T055M000  1.000
ARG03A0239_055  0.000 -7.86 -0.03  3.34  0.00 -4.56 0.501  00  03T08CM000  1.000
ARG03A0239_056  0.000-11.20  0.36  3.30  0.00 -7.53 0.501  00  03T08DM000  1.000
ARG03A0239_057  0.000-10.04  0.63  5.65  0.00 -3.76 0.502  00  03T0C5M000  1.000
ARG03A0239_058  0.000 -9.18  0.24  4.00  0.00 -4.93 0.502  00  03T0DBM000  1.000
ARG03A0239_059  0.000-10.20  2.11  1.22  0.00 -6.87 0.501  00  03T0DFM000  1.000
ARG03A0239_060  0.000-11.33  6.51  0.64  0.00 -4.17 0.502  00  03T0F0M000  1.000
ARG+1A0239_061  1.000-13.44  0.49  0.61  0.00-12.35 0.502  00  +1O000M000  1.000
ARG+1A0239_062  1.000-13.53  5.23  2.96  0.00 -5.33 0.501  00  +1E001M000  1.000
ARG+1A0239_063  1.000-12.41  0.50  3.32  0.00 -8.59 0.502  00  +1E019M000  1.000
ARG+1A0239_064  1.000-11.99  5.03  2.98  0.00 -3.98 0.502  00  +1E055M000  1.000
ARG+1A0239_065  1.000-10.17  0.94  3.32  0.00 -5.91 0.502  00  +1E0A8M000  1.000
ARG+1A0239_066  1.000-10.20  2.05  1.23  0.00 -6.92 0.501  00  +1E0DFM000  1.000
ARG+1A0239_067  1.000-11.39  6.58  0.64  0.00 -4.17 0.502  00  +1E0F0M000  1.000
ARG+1A0239_068  1.000 -9.57  5.64  1.14  0.00 -2.79 0.502  00  +1E0FEM000  1.000
ARG+1A0239_069  1.000-10.36  1.28  6.35  0.00 -2.73 0.501  00  +1T047M000  1.000
ARG+1A0239_070  1.000-12.14  1.10  3.62  0.00 -7.42 0.502  00  +1T04FM000  1.000
ARG+1A0239_071  1.000-12.40  1.16  0.72  0.00-10.52 0.502  00  +1T068M000  1.000
ARG+1A0239_072  1.000-11.34  6.53  1.20  0.00 -3.61 0.502  00  +1T07BM000  1.000
ARG+1A0239_073  1.000 -7.80 -0.04  3.34  0.00 -4.50 0.501  00  +1T08CM000  1.000
ARG+1A0239_074  1.000-11.31  0.36  3.30  0.00 -7.64 0.501  00  +1T08DM000  1.000
ARG+1A0239_075  1.000-10.82  1.52  0.52  0.00 -8.77 0.502  00  +1T0B3M000  1.000
ARG+1A0239_076  1.000-10.31  1.41  0.53  0.00 -8.37 0.501  00  +1T0B5M000  1.000
ARG+1A0239_077  1.000-10.98  1.42  0.53  0.00 -9.03 0.502  00  +1T0B6M000  1.000
ARG+1A0239_078  1.000-11.42  0.87  5.56  0.00 -4.99 0.502  00  +1T0BDM000  1.000
ARG+1A0239_079  1.000-10.05  0.63  5.65  0.00 -3.77 0.502  00  +1T0C5M000  1.000
ARG+1A0239_080  1.000 -9.36  0.24  4.01  0.00 -5.11 0.502  00  +1T0DBM000  1.000
