   confID        vdw0    sas     sum
ARG01A0239_001   1.332 -14.690 -13.358
ARG01A0239_002   2.853 -14.405 -11.552
ARG01A0239_003   2.279 -14.994 -12.715
ARG01A0239_004   3.524 -13.807 -10.284
ARG01A0239_005   2.850 -14.597 -11.746
ARG01A0239_006   3.733 -13.458  -9.725
ARG01A0239_007   3.800 -13.720  -9.919
ARG01A0239_008   2.350 -14.287 -11.937
ARG01A0239_009   2.540 -14.902 -12.362
ARG01A0239_010   2.828 -14.702 -11.874
ARG01A0239_011   2.953 -14.770 -11.817
ARG01A0239_012   2.292 -14.638 -12.347
ARG01A0239_013   2.224 -15.075 -12.850
ARG01A0239_014   3.021 -14.674 -11.653
ARG01A0239_015   3.176 -14.702 -11.526
ARG01A0239_016   5.145 -14.165  -9.020
ARG01A0239_017   3.403 -14.738 -11.335
ARG01A0239_018   4.059 -14.383 -10.324
ARG01A0239_019   3.875 -14.381 -10.506
ARG01A0239_020   2.980 -14.134 -11.155
ARG02A0239_021   2.334 -14.203 -11.869
ARG02A0239_022   2.725 -14.641 -11.916
ARG02A0239_023   2.996 -14.821 -11.826
ARG02A0239_024   2.797 -14.664 -11.868
ARG02A0239_025   3.813 -13.720  -9.907
ARG02A0239_026   1.355 -14.690 -13.335
ARG02A0239_027   2.518 -14.882 -12.364
ARG02A0239_028   2.846 -14.341 -11.495
ARG02A0239_029   3.131 -14.685 -11.554
ARG02A0239_030   3.672 -13.407  -9.734
ARG02A0239_031   3.409 -14.738 -11.329
ARG02A0239_032   2.913 -14.202 -11.288
ARG02A0239_033   3.225 -13.628 -10.403
ARG02A0239_034   2.157 -14.744 -12.587
ARG02A0239_035   3.975 -14.447 -10.472
ARG02A0239_036   2.231 -14.587 -12.356
ARG02A0239_037   2.304 -14.826 -12.522
ARG02A0239_038   3.007 -14.738 -11.732
ARG02A0239_039   5.028 -14.101  -9.073
ARG02A0239_040   3.853 -14.381 -10.527
ARG03A0239_041   1.292 -14.690 -13.398
ARG03A0239_042   2.239 -14.894 -12.655
ARG03A0239_043   2.471 -14.831 -12.359
ARG03A0239_044   2.695 -14.638 -11.942
ARG03A0239_045   3.714 -13.342  -9.628
ARG03A0239_046   2.880 -14.202 -11.321
ARG03A0239_047   2.961 -14.738 -11.777
ARG03A0239_048   2.797 -14.664 -11.868
ARG03A0239_049   2.811 -14.341 -11.529
ARG03A0239_050   3.366 -13.811 -10.445
ARG03A0239_051   3.097 -14.685 -11.588
ARG03A0239_052   5.881 -13.925  -8.044
ARG03A0239_053   3.368 -14.738 -11.371
ARG03A0239_054   2.344 -14.335 -11.991
ARG03A0239_055   2.991 -14.950 -11.959
ARG03A0239_056   2.229 -14.651 -12.422
ARG03A0239_057   2.159 -14.744 -12.585
ARG03A0239_058   3.990 -14.383 -10.393
ARG03A0239_059   3.833 -14.449 -10.615
ARG03A0239_060   3.919 -13.656  -9.736
ARG+1A0239_061   1.249 -14.690 -13.441
ARG+1A0239_062   2.423 -14.898 -12.475
ARG+1A0239_063   2.194 -14.826 -12.632
ARG+1A0239_064   2.946 -14.821 -11.875
ARG+1A0239_065   2.186 -14.587 -12.400
ARG+1A0239_066   3.291 -13.695 -10.405
ARG+1A0239_067   2.120 -14.744 -12.624
ARG+1A0239_068   3.640 -13.458  -9.818
ARG+1A0239_069   2.293 -14.203 -11.910
ARG+1A0239_070   2.745 -14.405 -11.660
ARG+1A0239_071   2.674 -14.577 -11.903
ARG+1A0239_072   2.925 -14.738 -11.814
ARG+1A0239_073   3.061 -14.685 -11.624
ARG+1A0239_074   5.763 -13.989  -8.226
ARG+1A0239_075   2.754 -14.664 -11.910
ARG+1A0239_076   3.321 -14.738 -11.418
ARG+1A0239_077   3.938 -14.447 -10.509
ARG+1A0239_078   3.799 -14.381 -10.582
ARG+1A0239_079   2.819 -14.202 -11.383
ARG+1A0239_080   3.923 -13.656  -9.733
