iConf CONFORMER     FL  occ    crg   Em0  pKa0 ne nH    vdw0    vdw1    tors    epol   dsolv   extra    history
00001 LYS01A0077_001 f 0.00  0.000     0  0.00  0  0 -11.836   0.312   1.015  -0.008  -0.103   0.000 01O000M000t
00002 LYS01A0077_002 f 0.00  0.000     0  0.00  0  0 -11.466   1.702   1.625  -0.020   0.072   0.000 01E00BM000t
00003 LYS01A0077_003 f 0.00  0.000     0  0.00  0  0 -10.709   0.831   3.921  -0.009   0.002   0.000 01E02AM000t
00004 LYS01A0077_004 f 0.00  0.000     0  0.00  0  0 -10.985   3.663   3.256  -0.011   0.077   0.000 01E06BM000t
00005 LYS01A0077_005 f 0.00  0.000     0  0.00  0  0  -6.494   0.354   4.341  -0.017   0.127   0.000 01E083M000t
00006 LYS01A0077_006 f 0.00  0.000     0  0.00  0  0 -10.844   1.559   4.335  -0.008   0.077   0.000 01E086M000t
00007 LYS01A0077_007 f 0.00  0.000     0  0.00  0  0  -9.868   1.095   4.351  -0.013  -0.195   0.000 01E0CEM000t
00008 LYS01A0077_008 f 0.00  0.000     0  0.00  0  0 -10.099   1.391   1.719  -0.029   0.023   0.000 01E101M000t
00009 LYS01A0077_009 f 0.00  0.000     0  0.00  0  0  -9.007   0.292   1.683  -0.027   0.073   0.000 01E112M000t
00010 LYS01A0077_010 f 0.00  0.000     0  0.00  0  0  -7.766   0.428   4.895  -0.011  -0.142   0.000 01E117M000t
00011 LYS01A0077_011 f 0.00  0.000     0  0.00  0  0 -10.264   3.373   4.059  -0.011   0.079   0.000 01E159M000t
00012 LYS01A0077_012 f 0.00  0.000     0  0.00  0  0 -10.040   0.904   4.079  -0.019   0.015   0.000 01T050M000t
00013 LYS01A0077_013 f 0.00  0.000     0  0.00  0  0 -11.398   0.288   0.943  -0.010   0.093   0.000 01T05DM000t
00014 LYS01A0077_014 f 0.00  0.000     0  0.00  0  0  -7.273   1.632   3.746  -0.020   0.104   0.000 01T07EM000t
00015 LYS01A0077_015 f 0.00  0.000     0  0.00  0  0 -10.432   2.961   1.608  -0.010  -0.084   0.000 01T09AM000t
00016 LYS01A0077_016 f 0.00  0.000     0  0.00  0  0 -11.204   1.851   3.458  -0.012   0.130   0.000 01T0A3M000t
00017 LYS01A0077_017 f 0.00  0.000     0  0.00  0  0 -10.174   4.058   3.913  -0.020   0.002   0.000 01T0BCM000t
00018 LYS01A0077_018 f 0.00  0.000     0  0.00  0  0  -9.357   0.644   3.321  -0.011   0.004   0.000 01T0E8M000t
00019 LYS01A0077_019 f 0.00  0.000     0  0.00  0  0  -9.325   2.503   4.364  -0.039   0.098   0.000 01T139M000t
00020 LYS01A0077_020 f 0.00  0.000     0  0.00  0  0  -8.792   1.375   4.074  -0.526  -0.021   0.000 01T155M000t
00021 LYS+1A0077_021 f 0.00  1.000     0 10.40  0  1 -11.881   0.311   1.015   0.045  -0.212   0.000 +1O000M000t
00022 LYS+1A0077_022 f 0.00  1.000     0 10.40  0  1 -11.461   1.725   1.629   0.070  -0.556   0.000 +1E00BM000t
00023 LYS+1A0077_023 f 0.00  1.000     0 10.40  0  1 -10.120   0.899   4.086   0.057  -0.137   0.000 +1E050M000t
00024 LYS+1A0077_024 f 0.00  1.000     0 10.40  0  1 -11.465   0.283   0.945   0.050   0.002   0.000 +1E05DM000t
00025 LYS+1A0077_025 f 0.00  1.000     0 10.40  0  1 -11.043   3.672   3.260   0.096   0.006   0.000 +1E06BM000t
00026 LYS+1A0077_026 f 0.00  1.000     0 10.40  0  1  -7.284   1.632   3.765   0.096   0.057   0.000 +1E07EM000t
00027 LYS+1A0077_027 f 0.00  1.000     0 10.40  0  1 -10.823   1.568   4.342   0.080  -0.446   0.000 +1E086M000t
00028 LYS+1A0077_028 f 0.00  1.000     0 10.40  0  1 -11.277   1.826   3.462   0.037   0.057   0.000 +1E0A3M000t
00029 LYS+1A0077_029 f 0.00  1.000     0 10.40  0  1 -10.346   4.052   3.926   0.113   0.308   0.000 +1E0BCM000t
00030 LYS+1A0077_030 f 0.00  1.000     0 10.40  0  1  -9.919   1.094   4.359   0.067  -0.339   0.000 +1E0CEM000t
00031 LYS+1A0077_031 f 0.00  1.000     0 10.40  0  1  -9.459   2.551   4.395   0.160  -0.026   0.000 +1E139M000t
00032 LYS+1A0077_032 f 0.00  1.000     0 10.40  0  1 -10.757   0.830   3.924   0.049  -0.200   0.000 +1T02AM000t
00033 LYS+1A0077_033 f 0.00  1.000     0 10.40  0  1  -6.517   0.349   4.348   0.090   0.213   0.000 +1T083M000t
00034 LYS+1A0077_034 f 0.00  1.000     0 10.40  0  1 -10.504   2.995   1.611   0.035  -0.232   0.000 +1T09AM000t
00035 LYS+1A0077_035 f 0.00  1.000     0 10.40  0  1  -9.420   0.645   3.332   0.128   0.062   0.000 +1T0E8M000t
00036 LYS+1A0077_036 f 0.00  1.000     0 10.40  0  1 -10.194   1.385   1.717   0.057  -0.017   0.000 +1T101M000t
00037 LYS+1A0077_037 f 0.00  1.000     0 10.40  0  1  -9.103   0.291   1.681   0.089   0.188   0.000 +1T112M000t
00038 LYS+1A0077_038 f 0.00  1.000     0 10.40  0  1  -7.812   0.424   4.920   0.064  -0.158   0.000 +1T117M000t
00039 LYS+1A0077_039 f 0.00  1.000     0 10.40  0  1  -8.881   1.366   4.076  -0.309   0.899   0.000 +1T155M000t
00040 LYS+1A0077_040 f 0.00  1.000     0 10.40  0  1 -10.320   3.398   4.065   0.046  -0.066   0.000 +1T159M000t
