CONFORMER         crg  vdw0  vdw1  tors  epol  self   occ  Hb     history    ASA
LYS01A0077_001  0.000-11.83  0.21  1.01  0.00-10.61 0.501  00  01O000M000  1.000
LYS01A0077_002  0.000-11.47  1.70  1.62  0.00 -8.14 0.502  00  01E00BM000  1.000
LYS01A0077_003  0.000-10.71  0.78  3.92  0.00 -6.01 0.501  00  01E02AM000  1.000
LYS01A0077_004  0.000-10.98  3.61  3.26  0.00 -4.12 0.502  00  01E06BM000  1.000
LYS01A0077_005  0.000 -6.43  0.30  4.34  0.00 -1.79 0.502  00  01E083M000  1.000
LYS01A0077_006  0.000-10.84  1.56  4.33  0.00 -4.95 0.501  00  01E086M000  1.000
LYS01A0077_007  0.000 -9.87  1.04  4.35  0.00 -4.47 0.501  00  01E0CEM000  1.000
LYS01A0077_008  0.000-10.10  1.34  1.72  0.00 -7.04 0.501  00  01E101M000  1.000
LYS01A0077_009  0.000 -9.00  0.25  1.68  0.00 -7.08 0.502  00  01E112M000  1.000
LYS01A0077_010  0.000 -7.77  0.38  4.89  0.00 -2.49 0.502  00  01E117M000  1.000
LYS01A0077_011  0.000-10.27  3.37  4.06  0.00 -2.84 0.502  00  01E159M000  1.000
LYS01A0077_012  0.000-10.05  0.90  4.08  0.00 -5.07 0.501  00  01T050M000  1.000
LYS01A0077_013  0.000-11.39  0.18  0.94  0.00-10.27 0.501  00  01T05DM000  1.000
LYS01A0077_014  0.000 -7.34  1.58  3.74  0.00 -2.01 0.501  00  01T07EM000  1.000
LYS01A0077_015  0.000-10.43  2.90  1.61  0.00 -5.92 0.501  00  01T09AM000  1.000
LYS01A0077_016  0.000-11.20  1.85  3.46  0.00 -5.90 0.501  00  01T0A3M000  1.000
LYS01A0077_017  0.000-10.18  4.01  3.91  0.00 -2.25 0.501  00  01T0BCM000  1.000
LYS01A0077_018  0.000 -9.42  0.59  3.32  0.00 -5.51 0.501  00  01T0E8M000  1.000
LYS01A0077_019  0.000 -9.32  2.44  4.37  0.00 -2.52 0.501  00  01T139M000  1.000
LYS01A0077_020  0.000 -8.79  1.37  4.07  0.00 -3.34 0.501  00  01T155M000  1.000
LYS+1A0077_021  1.000-11.88  0.21  1.01  0.00-10.66 0.501  00  +1O000M000  1.000
LYS+1A0077_022  1.000-11.46  1.72  1.63  0.00 -8.11 0.502  00  +1E00BM000  1.000
LYS+1A0077_023  1.000-10.12  0.90  4.09  0.00 -5.14 0.501  00  +1E050M000  1.000
LYS+1A0077_024  1.000-11.47  0.18  0.94  0.00-10.34 0.501  00  +1E05DM000  1.000
LYS+1A0077_025  1.000-11.04  3.62  3.26  0.00 -4.17 0.502  00  +1E06BM000  1.000
LYS+1A0077_026  1.000 -7.35  1.58  3.76  0.00 -2.00 0.501  00  +1E07EM000  1.000
LYS+1A0077_027  1.000-10.82  1.57  4.34  0.00 -4.92 0.501  00  +1E086M000  1.000
LYS+1A0077_028  1.000-11.28  1.83  3.46  0.00 -5.99 0.501  00  +1E0A3M000  1.000
LYS+1A0077_029  1.000-10.34  4.00  3.93  0.00 -2.42 0.501  00  +1E0BCM000  1.000
LYS+1A0077_030  1.000 -9.92  1.04  4.36  0.00 -4.52 0.501  00  +1E0CEM000  1.000
LYS+1A0077_031  1.000 -9.47  2.48  4.39  0.00 -2.59 0.501  00  +1E139M000  1.000
LYS+1A0077_032  1.000-10.76  0.78  3.92  0.00 -6.06 0.501  00  +1T02AM000  1.000
LYS+1A0077_033  1.000 -6.51  0.30  4.35  0.00 -1.86 0.502  00  +1T083M000  1.000
LYS+1A0077_034  1.000-10.50  2.92  1.61  0.00 -5.97 0.501  00  +1T09AM000  1.000
LYS+1A0077_035  1.000 -9.47  0.59  3.33  0.00 -5.55 0.501  00  +1T0E8M000  1.000
LYS+1A0077_036  1.000-10.19  1.34  1.72  0.00 -7.14 0.501  00  +1T101M000  1.000
LYS+1A0077_037  1.000 -9.10  0.24  1.68  0.00 -7.18 0.502  00  +1T112M000  1.000
LYS+1A0077_038  1.000 -7.81  0.38  4.92  0.00 -2.52 0.502  00  +1T117M000  1.000
LYS+1A0077_039  1.000 -8.88  1.37  4.07  0.00 -3.44 0.501  00  +1T155M000  1.000
LYS+1A0077_040  1.000-10.32  3.40  4.06  0.00 -2.86 0.502  00  +1T159M000  1.000
