   confID        vdw0    sas     sum
LYS01A0077_001   0.521 -12.357 -11.836
LYS01A0077_002   1.148 -12.614 -11.466
LYS01A0077_003   1.515 -12.225 -10.709
LYS01A0077_004   1.199 -12.184 -10.985
LYS01A0077_005   5.890 -12.384  -6.494
LYS01A0077_006   1.667 -12.511 -10.844
LYS01A0077_007   2.334 -12.202  -9.868
LYS01A0077_008   2.130 -12.230 -10.099
LYS01A0077_009   3.136 -12.143  -9.007
LYS01A0077_010   4.768 -12.534  -7.766
LYS01A0077_011   2.173 -12.438 -10.264
LYS01A0077_012   2.078 -12.118 -10.040
LYS01A0077_013   1.259 -12.657 -11.398
LYS01A0077_014   5.082 -12.355  -7.273
LYS01A0077_015   1.877 -12.309 -10.432
LYS01A0077_016   1.225 -12.428 -11.204
LYS01A0077_017   2.233 -12.407 -10.174
LYS01A0077_018   2.647 -12.004  -9.357
LYS01A0077_019   2.798 -12.123  -9.325
LYS01A0077_020   2.956 -11.749  -8.792
LYS+1A0077_021   0.476 -12.357 -11.881
LYS+1A0077_022   1.102 -12.563 -11.461
LYS+1A0077_023   1.998 -12.118 -10.120
LYS+1A0077_024   1.192 -12.657 -11.465
LYS+1A0077_025   1.141 -12.184 -11.043
LYS+1A0077_026   4.982 -12.265  -7.284
LYS+1A0077_027   1.621 -12.444 -10.823
LYS+1A0077_028   1.152 -12.428 -11.277
LYS+1A0077_029   2.128 -12.474 -10.346
LYS+1A0077_030   2.283 -12.202  -9.919
LYS+1A0077_031   2.664 -12.123  -9.459
LYS+1A0077_032   1.467 -12.225 -10.757
LYS+1A0077_033   5.800 -12.317  -6.517
LYS+1A0077_034   1.805 -12.309 -10.504
LYS+1A0077_035   2.580 -12.001  -9.420
LYS+1A0077_036   2.036 -12.230 -10.194
LYS+1A0077_037   3.039 -12.143  -9.103
LYS+1A0077_038   4.735 -12.547  -7.812
LYS+1A0077_039   2.868 -11.749  -8.881
LYS+1A0077_040   2.118 -12.438 -10.320
