iConf CONFORMER     FL  occ    crg   Em0  pKa0 ne nH    vdw0    vdw1    tors    epol   dsolv   extra    history
00001 TYR01A0109_001 f 0.00  0.000     0  0.00  0  0  -9.193   0.673   0.085   0.321   0.001   0.000 01O000M000t
00002 TYR01A0109_002 f 0.00  0.000     0  0.00  0  0  -9.267   2.772   0.080   0.444   0.028   0.000 01E003M000t
00003 TYR01A0109_003 f 0.00  0.000     0  0.00  0  0  -8.686  -0.383   0.079   0.304  -0.291   0.000 01E004M000t
00004 TYR01A0109_004 f 0.00  0.000     0  0.00  0  0  -9.279   5.853   0.117   0.555  -0.085   0.000 01E006M000t
00005 TYR01A0109_005 f 0.00  0.000     0  0.00  0  0  -8.818   0.895   2.707   0.351  -0.015   0.000 01E008M000t
00006 TYR01A0109_006 f 0.00  0.000     0  0.00  0  0  -8.888   1.474   2.708   0.172   0.015   0.000 01E00DM000t
00007 TYR01A0109_007 f 0.00  0.000     0  0.00  0  0  -8.492  -0.365   0.078   0.296  -0.026   0.000 01E007M000t
00008 TYR01A0109_008 f 0.00  0.000     0  0.00  0  0  -9.435  -0.521   0.080   0.391  -0.096   0.000 01E00AM000t
00009 TYR01A0109_009 f 0.00  0.000     0  0.00  0  0  -9.641   0.602   0.067   0.217  -0.036   0.000 01E00EM000t
00010 TYR01A0109_010 f 0.00  0.000     0  0.00  0  0  -9.330   0.985   2.709   0.300  -0.089   0.000 01T016M000t
00011 TYR01A0109_011 f 0.00  0.000     0  0.00  0  0  -8.550   0.880   2.709   0.369  -0.131   0.000 01T009M000t
00012 TYR01A0109_012 f 0.00  0.000     0  0.00  0  0  -8.930   1.463   2.708   0.162  -0.090   0.000 01T00CM000t
00013 TYR01A0109_013 f 0.00  0.000     0  0.00  0  0  -9.389   2.578   2.699   0.345  -0.068   0.000 01T014M000t
00014 TYR01A0109_014 f 0.00  0.000     0  0.00  0  0  -9.393   3.767   2.681   0.316   0.001   0.000 01T015M000t
00015 TYR01A0109_015 f 0.00  0.000     0  0.00  0  0  -9.810   1.548   0.055   0.342   0.169   0.000 01T005M000t
00016 TYR01A0109_016 f 0.00  0.000     0  0.00  0  0  -9.040   2.582   2.674   0.294  -0.006   0.000 01T012M000t
00017 TYR01A0109_017 f 0.00  0.000     0  0.00  0  0  -8.525   5.645   0.042   0.307   0.050   0.000 01T001M000t
00018 TYR01A0109_018 f 0.00  0.000     0  0.00  0  0  -9.020   1.901   2.694   0.320  -0.050   0.000 01T002M000t
00019 TYR01A0109_019 f 0.00  0.000     0  0.00  0  0  -8.486  -0.452   0.080   0.397  -0.126   0.000 01T00BM000t
00020 TYR01A0109_020 f 0.00  0.000     0  0.00  0  0  -9.010  -0.305   0.078   0.140  -0.015   0.000 01T011M000t
00021 TYR-1A0109_021 f 0.00 -1.000     0 10.20  0 -1  -9.193   0.673   0.085   0.177  -0.982   0.000 -1O000M000t
00022 TYR-1A0109_022 f 0.00 -1.000     0 10.20  0 -1  -9.156   1.927   2.689   0.086  -0.957   0.000 -1E002M000t
00023 TYR-1A0109_023 f 0.00 -1.000     0 10.20  0 -1  -9.271   2.783   0.079   0.289  -0.934   0.000 -1E003M000t
00024 TYR-1A0109_024 f 0.00 -1.000     0 10.20  0 -1  -9.203   5.790   0.122   0.326  -0.959   0.000 -1E006M000t
00025 TYR-1A0109_025 f 0.00 -1.000     0 10.20  0 -1  -8.505  -0.364   0.077   0.142  -0.961   0.000 -1E007M000t
00026 TYR-1A0109_026 f 0.00 -1.000     0 10.20  0 -1  -8.758   0.896   2.706   0.267  -0.834   0.000 -1E008M000t
00027 TYR-1A0109_027 f 0.00 -1.000     0 10.20  0 -1  -8.599   0.883   2.706   0.252  -0.907   0.000 -1E009M000t
00028 TYR-1A0109_028 f 0.00 -1.000     0 10.20  0 -1  -9.423  -0.525   0.079   0.366  -0.960   0.000 -1E00AM000t
00029 TYR-1A0109_029 f 0.00 -1.000     0 10.20  0 -1  -8.512  -0.431   0.079   0.369  -0.868   0.000 -1E00BM000t
00030 TYR-1A0109_030 f 0.00 -1.000     0 10.20  0 -1  -9.670   0.608   0.063  -0.073  -0.966   0.000 -1E00EM000t
00031 TYR-1A0109_031 f 0.00 -1.000     0 10.20  0 -1  -9.204   2.442   2.666   0.077  -0.943   0.000 -1E012M000t
00032 TYR-1A0109_032 f 0.00 -1.000     0 10.20  0 -1  -9.397   2.591   2.694   0.116  -0.978   0.000 -1E014M000t
00033 TYR-1A0109_033 f 0.00 -1.000     0 10.20  0 -1  -9.327   0.991   2.706   0.091  -1.002   0.000 -1E016M000t
00034 TYR-1A0109_034 f 0.00 -1.000     0 10.20  0 -1  -8.568   5.513   0.038   0.299  -0.864   0.000 -1T001M000t
00035 TYR-1A0109_035 f 0.00 -1.000     0 10.20  0 -1  -8.485  -0.383   0.078   0.164  -0.900   0.000 -1T004M000t
00036 TYR-1A0109_036 f 0.00 -1.000     0 10.20  0 -1  -9.879   1.537   0.052   0.168  -0.962   0.000 -1T005M000t
00037 TYR-1A0109_037 f 0.00 -1.000     0 10.20  0 -1  -8.934   1.461   2.707  -0.031  -0.840   0.000 -1T00CM000t
00038 TYR-1A0109_038 f 0.00 -1.000     0 10.20  0 -1  -8.800   1.480   2.708  -0.047  -0.855   0.000 -1T00DM000t
00039 TYR-1A0109_039 f 0.00 -1.000     0 10.20  0 -1  -9.019  -0.302   0.077  -0.174  -1.169   0.000 -1T011M000t
00040 TYR-1A0109_040 f 0.00 -1.000     0 10.20  0 -1  -9.212   3.759   2.677   0.094  -1.061   0.000 -1T015M000t
