   confID        vdw0    sas     sum
TYR01A0109_001   5.199 -14.392  -9.193
TYR01A0109_002   5.160 -14.427  -9.267
TYR01A0109_003   5.401 -14.087  -8.686
TYR01A0109_004   4.908 -14.187  -9.279
TYR01A0109_005   5.397 -14.215  -8.818
TYR01A0109_006   5.419 -14.307  -8.888
TYR01A0109_007   5.398 -13.890  -8.492
TYR01A0109_008   5.401 -14.836  -9.435
TYR01A0109_009   5.167 -14.808  -9.641
TYR01A0109_010   5.378 -14.707  -9.330
TYR01A0109_011   5.397 -13.947  -8.550
TYR01A0109_012   5.428 -14.358  -8.930
TYR01A0109_013   4.941 -14.330  -9.389
TYR01A0109_014   4.947 -14.340  -9.393
TYR01A0109_015   4.953 -14.763  -9.810
TYR01A0109_016   5.165 -14.205  -9.040
TYR01A0109_017   5.248 -13.773  -8.525
TYR01A0109_018   5.190 -14.210  -9.020
TYR01A0109_019   5.434 -13.920  -8.486
TYR01A0109_020   5.400 -14.409  -9.010
TYR-1A0109_021   5.199 -14.392  -9.193
TYR-1A0109_022   5.188 -14.344  -9.156
TYR-1A0109_023   5.156 -14.427  -9.271
TYR-1A0109_024   4.917 -14.121  -9.203
TYR-1A0109_025   5.385 -13.890  -8.505
TYR-1A0109_026   5.389 -14.147  -8.758
TYR-1A0109_027   5.398 -13.997  -8.599
TYR-1A0109_028   5.413 -14.836  -9.423
TYR-1A0109_029   5.426 -13.938  -8.512
TYR-1A0109_030   5.154 -14.825  -9.670
TYR-1A0109_031   5.159 -14.363  -9.204
TYR-1A0109_032   4.941 -14.337  -9.397
TYR-1A0109_033   5.381 -14.707  -9.327
TYR-1A0109_034   5.257 -13.824  -8.568
TYR-1A0109_035   5.383 -13.868  -8.485
TYR-1A0109_036   4.935 -14.814  -9.879
TYR-1A0109_037   5.424 -14.358  -8.934
TYR-1A0109_038   5.439 -14.239  -8.800
TYR-1A0109_039   5.390 -14.409  -9.019
TYR-1A0109_040   4.942 -14.154  -9.212
