iConf CONFORMER     FL  occ    crg   Em0  pKa0 ne nH    vdw0    vdw1    tors    epol   dsolv   extra    history
00001 LYS01A0214_001 f 0.00  0.000     0  0.00  0  0 -11.877  11.551   1.326  -0.031   0.013   0.000 01O000M000t
00002 LYS01A0214_002 f 0.00  0.000     0  0.00  0  0 -11.725   1.551   3.779  -0.004  -0.084   0.000 01E011M000t
00003 LYS01A0214_003 f 0.00  0.000     0  0.00  0  0  -9.772   0.904   2.221  -0.005  -0.066   0.000 01E01BM000t
00004 LYS01A0214_004 f 0.00  0.000     0  0.00  0  0 -10.909   3.883   3.302  -0.009   0.048   0.000 01E03CM000t
00005 LYS01A0214_005 f 0.00  0.000     0  0.00  0  0 -11.572   2.402   2.955  -0.008   0.021   0.000 01E07CM000t
00006 LYS01A0214_006 f 0.00  0.000     0  0.00  0  0 -10.515   1.473   3.728  -0.011   0.190   0.000 01E08CM000t
00007 LYS01A0214_007 f 0.00  0.000     0  0.00  0  0  -8.417   0.493   3.509  -0.008   0.018   0.000 01E0B6M000t
00008 LYS01A0214_008 f 0.00  0.000     0  0.00  0  0  -8.766   0.534   3.664  -0.043   0.019   0.000 01E0C3M000t
00009 LYS01A0214_009 f 0.00  0.000     0  0.00  0  0 -10.205   2.023   3.162  -0.014   0.036   0.000 01E0EFM000t
00010 LYS01A0214_010 f 0.00  0.000     0  0.00  0  0  -7.626   1.457   2.207  -0.017   0.086   0.000 01E0FAM000t
00011 LYS01A0214_011 f 0.00  0.000     0  0.00  0  0  -7.730   1.330   4.320  -0.016   0.137   0.000 01E114M000t
00012 LYS01A0214_012 f 0.00  0.000     0  0.00  0  0 -10.193   1.188   3.993  -0.025   0.053   0.000 01E117M000t
00013 LYS01A0214_013 f 0.00  0.000     0  0.00  0  0  -9.971   0.866   5.628  -0.000   0.019   0.000 01E12AM000t
00014 LYS01A0214_014 f 0.00  0.000     0  0.00  0  0 -11.739   6.995   3.706  -0.011   0.021   0.000 01T007M000t
00015 LYS01A0214_015 f 0.00  0.000     0  0.00  0  0  -9.778   1.819   2.121  -0.026  -0.088   0.000 01T09EM000t
00016 LYS01A0214_016 f 0.00  0.000     0  0.00  0  0  -8.698   0.808   4.058  -0.014  -0.138   0.000 01T0A1M000t
00017 LYS01A0214_017 f 0.00  0.000     0  0.00  0  0 -10.347   0.790   3.215  -0.008  -0.043   0.000 01T0C1M000t
00018 LYS01A0214_018 f 0.00  0.000     0  0.00  0  0 -10.235   5.488   4.345  -0.026   0.009   0.000 01T0CEM000t
00019 LYS01A0214_019 f 0.00  0.000     0  0.00  0  0 -10.325   3.100   3.359  -0.021  -0.166   0.000 01T0DDM000t
00020 LYS01A0214_020 f 0.00  0.000     0  0.00  0  0  -5.473   1.923   1.211  -0.017   0.209   0.000 01T0F3M000t
00021 LYS01A0214_021 f 0.00  0.000     0  0.00  0  0 -11.816   9.360   1.112  -0.031   0.017   0.000 01T000M000t
00022 LYS+1A0214_022 f 0.00  1.000     0 10.40  0  1 -11.921  11.547   1.326   0.147  -0.253   0.000 +1O000M000t
00023 LYS+1A0214_023 f 0.00  1.000     0 10.40  0  1 -11.764   1.558   3.794   0.024  -0.255   0.000 +1E011M000t
00024 LYS+1A0214_024 f 0.00  1.000     0 10.40  0  1  -9.802   0.902   2.240   0.035  -0.275   0.000 +1E01BM000t
00025 LYS+1A0214_025 f 0.00  1.000     0 10.40  0  1 -11.597   2.398   2.993   0.068  -0.213   0.000 +1E07CM000t
00026 LYS+1A0214_026 f 0.00  1.000     0 10.40  0  1 -10.576   1.459   3.729   0.013  -0.084   0.000 +1E08CM000t
00027 LYS+1A0214_027 f 0.00  1.000     0 10.40  0  1  -9.924   1.833   2.130   0.098   0.246   0.000 +1E09EM000t
00028 LYS+1A0214_028 f 0.00  1.000     0 10.40  0  1  -8.433   0.487   3.588   0.010  -0.171   0.000 +1E0B6M000t
00029 LYS+1A0214_029 f 0.00  1.000     0 10.40  0  1 -10.378   0.789   3.249   0.025  -0.249   0.000 +1E0C1M000t
00030 LYS+1A0214_030 f 0.00  1.000     0 10.40  0  1 -10.192   3.166   3.484   0.077  -0.309   0.000 +1E0DDM000t
00031 LYS+1A0214_031 f 0.00  1.000     0 10.40  0  1  -5.551   1.865   1.217   0.260   0.544   0.000 +1E0F3M000t
00032 LYS+1A0214_032 f 0.00  1.000     0 10.40  0  1  -7.569   1.447   2.218   0.046   0.102   0.000 +1E0FAM000t
00033 LYS+1A0214_033 f 0.00  1.000     0 10.40  0  1  -7.740   1.296   4.326   0.111   0.331   0.000 +1E114M000t
00034 LYS+1A0214_034 f 0.00  1.000     0 10.40  0  1 -11.858   9.373   1.125   0.144  -0.286   0.000 +1X000M000t
00035 LYS+1A0214_035 f 0.00  1.000     0 10.40  0  1 -11.788   7.048   3.711   0.064  -0.215   0.000 +1T007M000t
00036 LYS+1A0214_036 f 0.00  1.000     0 10.40  0  1 -10.944   3.920   3.322   0.044  -0.188   0.000 +1T03CM000t
00037 LYS+1A0214_037 f 0.00  1.000     0 10.40  0  1  -8.775   0.807   4.147   0.066  -0.200   0.000 +1T0A1M000t
00038 LYS+1A0214_038 f 0.00  1.000     0 10.40  0  1  -9.208   0.520   3.782  -0.008   0.267   0.000 +1T0C3M000t
00039 LYS+1A0214_039 f 0.00  1.000     0 10.40  0  1 -10.303   5.492   4.357   0.130  -0.087   0.000 +1T0CEM000t
00040 LYS+1A0214_040 f 0.00  1.000     0 10.40  0  1 -10.406   2.030   3.265   0.015  -0.203   0.000 +1T0EFM000t
00041 LYS+1A0214_041 f 0.00  1.000     0 10.40  0  1 -10.259   1.183   4.006   0.122   0.137   0.000 +1T117M000t
00042 LYS+1A0214_042 f 0.00  1.000     0 10.40  0  1  -9.994   0.870   5.714  -0.028  -0.349   0.000 +1T12AM000t
