CONFORMER         crg  vdw0  vdw1  tors  epol  self   occ  Hb     history    ASA
LYS01A0214_001  0.000-11.88 11.56  1.33  0.00  1.01 0.000  00  01O000M000  1.000
LYS01A0214_002  0.000-11.73  1.55  3.78  0.00 -6.40 0.502  00  01E011M000  1.000
LYS01A0214_003  0.000 -9.72  0.90  2.22  0.00 -6.59 0.502  00  01E01BM000  1.000
LYS01A0214_004  0.000-10.91  3.88  3.30  0.00 -3.72 0.502  00  01E03CM000  1.000
LYS01A0214_005  0.000-11.57  2.40  2.95  0.00 -6.22 0.502  00  01E07CM000  1.000
LYS01A0214_006  0.000-10.51  1.47  3.73  0.00 -5.32 0.501  00  01E08CM000  1.000
LYS01A0214_007  0.000 -8.47  0.49  3.51  0.00 -4.47 0.501  00  01E0B6M000  1.000
LYS01A0214_008  0.000 -8.83  0.54  3.66  0.00 -4.63 0.501  00  01E0C3M000  1.000
LYS01A0214_009  0.000-10.21  2.03  3.16  0.00 -5.02 0.502  00  01E0EFM000  1.000
LYS01A0214_010  0.000 -7.63  1.46  2.21  0.00 -3.97 0.502  00  01E0FAM000  1.000
LYS01A0214_011  0.000 -7.73  1.33  4.32  0.00 -2.08 0.502  00  01E114M000  1.000
LYS01A0214_012  0.000-10.13  1.19  3.99  0.00 -4.95 0.502  00  01E117M000  1.000
LYS01A0214_013  0.000 -9.97  0.87  5.63  0.00 -3.48 0.502  00  01E12AM000  1.000
LYS01A0214_014  0.000-11.74  6.99  3.71  0.00 -1.04 0.502  00  01T007M000  1.000
LYS01A0214_015  0.000 -9.78  1.81  2.12  0.00 -5.84 0.501  00  01T09EM000  1.000
LYS01A0214_016  0.000 -8.70  0.81  4.06  0.00 -3.83 0.501  00  01T0A1M000  1.000
LYS01A0214_017  0.000-10.34  0.79  3.22  0.00 -6.34 0.502  00  01T0C1M000  1.000
LYS01A0214_018  0.000-10.23  5.48  4.34  0.00 -0.41 0.502  00  01T0CEM000  1.000
LYS01A0214_019  0.000-10.33  3.10  3.36  0.00 -3.87 0.501  00  01T0DDM000  1.000
LYS01A0214_020  0.000 -5.47  1.92  1.21  0.00 -2.34 0.502  00  01T0F3M000  1.000
LYS01A0214_021  0.000-11.82  9.35  1.11  0.00 -1.36 0.000  00  01T000M000  1.000
LYS+1A0214_022  1.000-11.92 11.56  1.33  0.00  0.96 0.000  00  +1O000M000  1.000
LYS+1A0214_023  1.000-11.77  1.56  3.79  0.00 -6.42 0.502  00  +1E011M000  1.000
LYS+1A0214_024  1.000 -9.87  0.90  2.24  0.00 -6.72 0.502  00  +1E01BM000  1.000
LYS+1A0214_025  1.000-11.60  2.40  2.99  0.00 -6.21 0.502  00  +1E07CM000  1.000
LYS+1A0214_026  1.000-10.58  1.46  3.73  0.00 -5.39 0.501  00  +1E08CM000  1.000
LYS+1A0214_027  1.000 -9.92  1.83  2.13  0.00 -5.96 0.501  00  +1E09EM000  1.000
LYS+1A0214_028  1.000 -8.42  0.49  3.59  0.00 -4.35 0.501  00  +1E0B6M000  1.000
LYS+1A0214_029  1.000-10.38  0.79  3.25  0.00 -6.34 0.502  00  +1E0C1M000  1.000
LYS+1A0214_030  1.000-10.20  3.17  3.48  0.00 -3.55 0.501  00  +1E0DDM000  1.000
LYS+1A0214_031  1.000 -5.51  1.87  1.22  0.00 -2.43 0.502  00  +1E0F3M000  1.000
LYS+1A0214_032  1.000 -7.62  1.45  2.22  0.00 -3.96 0.502  00  +1E0FAM000  1.000
LYS+1A0214_033  1.000 -7.68  1.30  4.32  0.00 -2.06 0.502  00  +1E114M000  1.000
LYS+1A0214_034  1.000-11.86  9.37  1.13  0.00 -1.36 0.000  00  +1X000M000  1.000
LYS+1A0214_035  1.000-11.74  7.04  3.71  0.00 -0.98 0.502  00  +1T007M000  1.000
LYS+1A0214_036  1.000-10.95  3.92  3.32  0.00 -3.71 0.502  00  +1T03CM000  1.000
LYS+1A0214_037  1.000 -8.78  0.80  4.15  0.00 -3.83 0.501  00  +1T0A1M000  1.000
LYS+1A0214_038  1.000 -9.21  0.52  3.78  0.00 -4.91 0.501  00  +1T0C3M000  1.000
LYS+1A0214_039  1.000-10.30  5.49  4.36  0.00 -0.46 0.502  00  +1T0CEM000  1.000
LYS+1A0214_040  1.000-10.40  2.03  3.26  0.00 -5.11 0.502  00  +1T0EFM000  1.000
LYS+1A0214_041  1.000-10.26  1.19  4.00  0.00 -5.07 0.502  00  +1T117M000  1.000
LYS+1A0214_042  1.000 -9.99  0.87  5.72  0.00 -3.41 0.502  00  +1T12AM000  1.000
