   confID        vdw0    sas     sum
LYS01A0214_001   0.682 -12.560 -11.877
LYS01A0214_002   1.053 -12.778 -11.725
LYS01A0214_003   2.854 -12.627  -9.772
LYS01A0214_004   1.149 -12.057 -10.909
LYS01A0214_005   1.132 -12.704 -11.572
LYS01A0214_006   1.884 -12.400 -10.515
LYS01A0214_007   3.975 -12.392  -8.417
LYS01A0214_008   3.171 -11.937  -8.766
LYS01A0214_009   2.258 -12.463 -10.205
LYS01A0214_010   4.484 -12.110  -7.626
LYS01A0214_011   4.548 -12.278  -7.730
LYS01A0214_012   2.368 -12.561 -10.193
LYS01A0214_013   2.460 -12.431  -9.971
LYS01A0214_014   0.830 -12.569 -11.739
LYS01A0214_015   2.098 -11.876  -9.778
LYS01A0214_016   3.314 -12.012  -8.698
LYS01A0214_017   1.929 -12.276 -10.347
LYS01A0214_018   2.152 -12.387 -10.235
LYS01A0214_019   2.263 -12.589 -10.325
LYS01A0214_020   6.210 -11.683  -5.473
LYS01A0214_021   0.625 -12.440 -11.816
LYS+1A0214_022   0.639 -12.560 -11.921
LYS+1A0214_023   1.014 -12.778 -11.764
LYS+1A0214_024   2.825 -12.627  -9.802
LYS+1A0214_025   1.094 -12.691 -11.597
LYS+1A0214_026   1.824 -12.400 -10.576
LYS+1A0214_027   2.003 -11.927  -9.924
LYS+1A0214_028   4.011 -12.444  -8.433
LYS+1A0214_029   1.897 -12.276 -10.378
LYS+1A0214_030   2.214 -12.405 -10.192
LYS+1A0214_031   6.184 -11.735  -5.551
LYS+1A0214_032   4.490 -12.058  -7.569
LYS+1A0214_033   4.538 -12.278  -7.740
LYS+1A0214_034   0.582 -12.440 -11.858
LYS+1A0214_035   0.781 -12.569 -11.788
LYS+1A0214_036   1.113 -12.057 -10.944
LYS+1A0214_037   3.331 -12.105  -8.775
LYS+1A0214_038   2.848 -12.056  -9.208
LYS+1A0214_039   2.084 -12.387 -10.303
LYS+1A0214_040   2.193 -12.599 -10.406
LYS+1A0214_041   2.263 -12.522 -10.259
LYS+1A0214_042   2.414 -12.409  -9.994
