CONFORMER         crg  vdw0  vdw1  tors  epol  self   occ  Hb     history    ASA
LYS01A0212_001  0.000-12.34  0.37  1.13  0.00-10.84 0.501  00  01O000M000  1.000
LYS01A0212_002  0.000 -8.51  0.41  2.08  0.00 -6.02 0.501  00  01E038M000  1.000
LYS01A0212_003  0.000-10.33  0.68  1.40  0.00 -8.25 0.501  00  01E053M000  1.000
LYS01A0212_004  0.000 -9.99  0.21  1.45  0.00 -8.33 0.503  00  01E054M000  1.000
LYS01A0212_005  0.000-11.75  3.48  4.17  0.00 -4.10 0.501  00  01E058M000  1.000
LYS01A0212_006  0.000-11.69  0.16  3.03  0.00 -8.50 0.501  00  01E07DM000  1.000
LYS01A0212_007  0.000-10.75  0.52  1.31  0.00 -8.91 0.501  00  01E094M000  1.000
LYS01A0212_008  0.000 -9.77  2.81  1.73  0.00 -5.23 0.501  00  01E0D4M000  1.000
LYS01A0212_009  0.000 -7.80  0.10  1.98  0.00 -5.72 0.501  00  01E0FAM000  1.000
LYS01A0212_010  0.000-10.52  1.29  6.60  0.00 -2.63 0.501  00  01E18DM000  1.000
LYS01A0212_011  0.000-11.39  0.48  1.45  0.00 -9.46 0.501  00  01T009M000  1.000
LYS01A0212_012  0.000 -4.42 -0.01  0.82  0.00 -3.61 0.501  00  01T02AM000  1.000
LYS01A0212_013  0.000-12.12  1.10  6.11  0.00 -4.91 0.502  00  01T06EM000  1.000
LYS01A0212_014  0.000-10.58  0.40  4.16  0.00 -6.01 0.501  00  01T0BEM000  1.000
LYS01A0212_015  0.000 -9.66  0.05  1.41  0.00 -8.20 0.502  00  01T0FDM000  1.000
LYS01A0212_016  0.000-10.30  3.43  3.71  0.00 -3.15 0.502  00  01T138M000  1.000
LYS01A0212_017  0.000-10.56  3.38  1.43  0.00 -5.75 0.501  00  01T143M000  1.000
LYS01A0212_018  0.000 -9.90  0.62  3.99  0.00 -5.29 0.501  00  01T14EM000  1.000
LYS01A0212_019  0.000-10.21  0.67  4.27  0.00 -5.26 0.501  00  01T176M000  1.000
LYS01A0212_020  0.000-10.11  0.85  4.28  0.00 -4.97 0.501  00  01T17FM000  1.000
LYS+1A0212_021  1.000-12.38  0.36  1.13  0.00-10.88 0.501  00  +1O000M000  1.000
LYS+1A0212_022  1.000-11.38  0.47  1.45  0.00 -9.45 0.501  00  +1E009M000  1.000
LYS+1A0212_023  1.000 -9.99  0.21  1.45  0.00 -8.33 0.503  00  +1E054M000  1.000
LYS+1A0212_024  1.000-11.75  3.51  4.17  0.00 -4.08 0.501  00  +1E058M000  1.000
LYS+1A0212_025  1.000-11.73  0.16  3.12  0.00 -8.44 0.501  00  +1E07DM000  1.000
LYS+1A0212_026  1.000-10.30  0.65  4.28  0.00 -5.38 0.501  00  +1E176M000  1.000
LYS+1A0212_027  1.000-10.16  0.84  4.29  0.00 -5.04 0.501  00  +1E17FM000  1.000
LYS+1A0212_028  1.000 -4.59 -0.01  0.82  0.00 -3.78 0.501  00  +1T02AM000  1.000
LYS+1A0212_029  1.000 -8.48  0.41  2.08  0.00 -5.98 0.501  00  +1T038M000  1.000
LYS+1A0212_030  1.000-10.36  0.67  1.40  0.00 -8.28 0.501  00  +1T053M000  1.000
LYS+1A0212_031  1.000-12.14  1.09  6.15  0.00 -4.90 0.502  00  +1T06EM000  1.000
LYS+1A0212_032  1.000-10.74  0.52  1.31  0.00 -8.91 0.501  00  +1T094M000  1.000
LYS+1A0212_033  1.000-10.48  0.38  4.23  0.00 -5.88 0.501  00  +1T0BEM000  1.000
LYS+1A0212_034  1.000 -9.80  2.83  1.73  0.00 -5.24 0.501  00  +1T0D4M000  1.000
LYS+1A0212_035  1.000 -7.84  0.10  1.98  0.00 -5.76 0.501  00  +1T0FAM000  1.000
LYS+1A0212_036  1.000 -9.70  0.05  1.41  0.00 -8.24 0.502  00  +1T0FDM000  1.000
LYS+1A0212_037  1.000-10.32  3.40  3.72  0.00 -3.21 0.502  00  +1T138M000  1.000
LYS+1A0212_038  1.000-10.63  3.32  1.43  0.00 -5.87 0.501  00  +1T143M000  1.000
LYS+1A0212_039  1.000-10.03  0.63  4.04  0.00 -5.36 0.501  00  +1T14EM000  1.000
LYS+1A0212_040  1.000-10.56  1.29  6.62  0.00 -2.65 0.501  00  +1T18DM000  1.000
