iConf CONFORMER     FL  occ    crg   Em0  pKa0 ne nH    vdw0    vdw1    tors    epol   dsolv   extra    history
00001 LYS01A0212_001 f 0.00  0.000     0  0.00  0  0 -12.340   0.366   1.135  -0.013  -0.165   0.000 01O000M000t
00002 LYS01A0212_002 f 0.00  0.000     0  0.00  0  0  -8.518   0.412   2.083  -0.009   0.052   0.000 01E038M000t
00003 LYS01A0212_003 f 0.00  0.000     0  0.00  0  0 -10.327   0.673   1.402  -0.020  -0.138   0.000 01E053M000t
00004 LYS01A0212_004 f 0.00  0.000     0  0.00  0  0  -9.994   0.211   1.451  -0.042   0.000   0.000 01E054M000t
00005 LYS01A0212_005 f 0.00  0.000     0  0.00  0  0 -11.797   3.479   4.166  -0.017  -0.013   0.000 01E058M000t
00006 LYS01A0212_006 f 0.00  0.000     0  0.00  0  0 -11.689   0.212   3.027  -0.011   0.022   0.000 01E07DM000t
00007 LYS01A0212_007 f 0.00  0.000     0  0.00  0  0 -10.753   0.523   1.314  -0.008   0.113   0.000 01E094M000t
00008 LYS01A0212_008 f 0.00  0.000     0  0.00  0  0  -9.773   2.814   1.734  -0.133   0.099   0.000 01E0D4M000t
00009 LYS01A0212_009 f 0.00  0.000     0  0.00  0  0  -7.805   0.105   1.982  -0.022   0.073   0.000 01E0FAM000t
00010 LYS01A0212_010 f 0.00  0.000     0  0.00  0  0 -10.522   1.289   6.601  -0.016  -0.182   0.000 01E18DM000t
00011 LYS01A0212_011 f 0.00  0.000     0  0.00  0  0 -11.389   0.476   1.454  -0.006   0.030   0.000 01T009M000t
00012 LYS01A0212_012 f 0.00  0.000     0  0.00  0  0  -4.420   0.043   0.820  -0.015  -0.140   0.000 01T02AM000t
00013 LYS01A0212_013 f 0.00  0.000     0  0.00  0  0 -12.120   1.096   6.114  -0.023   0.017   0.000 01T06EM000t
00014 LYS01A0212_014 f 0.00  0.000     0  0.00  0  0 -10.577   0.395   4.165  -0.020   0.049   0.000 01T0BEM000t
00015 LYS01A0212_015 f 0.00  0.000     0  0.00  0  0  -9.669   0.048   1.410  -0.026   0.021   0.000 01T0FDM000t
00016 LYS01A0212_016 f 0.00  0.000     0  0.00  0  0 -10.296   3.483   3.714  -0.040   0.191   0.000 01T138M000t
00017 LYS01A0212_017 f 0.00  0.000     0  0.00  0  0 -10.562   3.379   1.428  -0.044   0.107   0.000 01T143M000t
00018 LYS01A0212_018 f 0.00  0.000     0  0.00  0  0  -9.897   0.627   3.995  -0.024   0.032   0.000 01T14EM000t
00019 LYS01A0212_019 f 0.00  0.000     0  0.00  0  0 -10.206   0.674   4.275  -0.063   0.160   0.000 01T176M000t
00020 LYS01A0212_020 f 0.00  0.000     0  0.00  0  0 -10.112   0.901   4.285  -0.022   0.145   0.000 01T17FM000t
00021 LYS+1A0212_021 f 0.00  1.000     0 10.40  0  1 -12.386   0.365   1.135   0.091  -0.206   0.000 +1O000M000t
00022 LYS+1A0212_022 f 0.00  1.000     0 10.40  0  1 -11.377   0.475   1.455  -0.007  -0.476   0.000 +1E009M000t
00023 LYS+1A0212_023 f 0.00  1.000     0 10.40  0  1  -9.999   0.215   1.455   0.174  -0.506   0.000 +1E054M000t
00024 LYS+1A0212_024 f 0.00  1.000     0 10.40  0  1 -11.750   3.508   4.165   0.114  -0.249   0.000 +1E058M000t
00025 LYS+1A0212_025 f 0.00  1.000     0 10.40  0  1 -11.731   0.218   3.124   0.045  -0.139   0.000 +1E07DM000t
00026 LYS+1A0212_026 f 0.00  1.000     0 10.40  0  1 -10.299   0.649   4.281   0.340   0.374   0.000 +1E176M000t
00027 LYS+1A0212_027 f 0.00  1.000     0 10.40  0  1 -10.160   0.888   4.285   0.135   0.235   0.000 +1E17FM000t
00028 LYS+1A0212_028 f 0.00  1.000     0 10.40  0  1  -4.673   0.042   0.822   0.072  -0.239   0.000 +1T02AM000t
00029 LYS+1A0212_029 f 0.00  1.000     0 10.40  0  1  -8.483   0.408   2.085   0.034  -0.379   0.000 +1T038M000t
00030 LYS+1A0212_030 f 0.00  1.000     0 10.40  0  1 -10.358   0.669   1.405   0.064  -0.348   0.000 +1T053M000t
00031 LYS+1A0212_031 f 0.00  1.000     0 10.40  0  1 -12.138   1.090   6.147   0.138  -0.240   0.000 +1T06EM000t
00032 LYS+1A0212_032 f 0.00  1.000     0 10.40  0  1 -10.745   0.520   1.314  -0.004  -0.381   0.000 +1T094M000t
00033 LYS+1A0212_033 f 0.00  1.000     0 10.40  0  1 -10.486   0.374   4.228   0.126  -0.098   0.000 +1T0BEM000t
00034 LYS+1A0212_034 f 0.00  1.000     0 10.40  0  1  -9.801   2.832   1.732   0.497   0.071   0.000 +1T0D4M000t
00035 LYS+1A0212_035 f 0.00  1.000     0 10.40  0  1  -7.859   0.099   1.981   0.062   0.009   0.000 +1T0FAM000t
00036 LYS+1A0212_036 f 0.00  1.000     0 10.40  0  1  -9.706   0.045   1.416   0.077   0.105   0.000 +1T0FDM000t
00037 LYS+1A0212_037 f 0.00  1.000     0 10.40  0  1 -10.315   3.448   3.717   0.042   0.194   0.000 +1T138M000t
00038 LYS+1A0212_038 f 0.00  1.000     0 10.40  0  1 -10.623   3.333   1.431   0.158  -0.047   0.000 +1T143M000t
00039 LYS+1A0212_039 f 0.00  1.000     0 10.40  0  1 -10.040   0.628   4.042   0.100  -0.091   0.000 +1T14EM000t
00040 LYS+1A0212_040 f 0.00  1.000     0 10.40  0  1 -10.568   1.289   6.621   0.080  -0.172   0.000 +1T18DM000t
