   confID        vdw0    sas     sum
GLU01A0203_001   0.920  -4.830  -3.910
GLU01A0203_002   1.204  -5.079  -3.876
GLU01A0203_003   0.667  -4.952  -4.285
GLU01A0203_004   0.767  -4.814  -4.047
GLU01A0203_005   0.945  -4.983  -4.038
GLU01A0203_006   0.700  -4.851  -4.151
GLU01A0203_007   0.475  -4.827  -4.352
GLU01A0203_008   0.920  -4.843  -3.922
GLU01A0203_009   0.551  -4.735  -4.184
GLU01A0203_010   0.712  -4.700  -3.988
GLU01A0203_011   0.991  -4.984  -3.994
GLU01A0203_012   0.752  -4.950  -4.198
GLU01A0203_013   0.686  -4.788  -4.102
GLU01A0203_014   1.092  -4.998  -3.907
GLU01A0203_015   2.051  -4.698  -2.647
GLU01A0203_016   0.666  -4.813  -4.148
GLU01A0203_017   0.550  -4.771  -4.221
GLU01A0203_018   0.713  -4.636  -3.923
GLU01A0203_019   0.680  -4.835  -4.155
GLU01A0203_020   0.678  -5.009  -4.331
GLU01A0203_021   1.167  -4.778  -3.610
GLU01A0203_022   0.666  -4.927  -4.261
GLU01A0203_023   0.664  -4.659  -3.995
GLU01A0203_024   0.685  -4.917  -4.232
GLU01A0203_025   1.092  -5.063  -3.971
GLU01A0203_026   1.212  -5.067  -3.854
GLU01A0203_027   0.711  -4.647  -3.936
GLU01A0203_028   0.714  -4.864  -4.150
GLU01A0203_029   0.512  -4.733  -4.221
GLU01A0203_030   0.678  -5.024  -4.346
GLU02A0203_031   0.735  -4.811  -4.076
GLU02A0203_032   0.737  -4.674  -3.937
GLU02A0203_033   0.611  -4.836  -4.225
GLU02A0203_034   0.735  -4.747  -4.012
GLU02A0203_035   0.742  -4.992  -4.250
GLU02A0203_036   1.558  -4.836  -3.278
GLU02A0203_037   0.763  -4.598  -3.834
GLU02A0203_038   0.428  -4.851  -4.424
GLU02A0203_039   0.989  -4.908  -3.919
GLU02A0203_040   0.557  -4.856  -4.300
GLU02A0203_041   0.405  -4.763  -4.358
GLU02A0203_042   0.908  -4.989  -4.081
GLU02A0203_043   0.743  -4.953  -4.210
GLU02A0203_044   0.740  -4.739  -3.999
GLU02A0203_045   1.561  -4.836  -3.275
GLU02A0203_046   0.764  -4.634  -3.870
GLU02A0203_047   0.470  -4.800  -4.330
GLU02A0203_048   0.598  -4.608  -4.010
GLU02A0203_049   0.854  -5.014  -4.160
GLU02A0203_050   0.602  -4.876  -4.274
GLU02A0203_051   0.610  -4.799  -4.189
GLU02A0203_052   0.875  -4.952  -4.078
GLU02A0203_053   0.989  -4.873  -3.885
GLU02A0203_054   0.557  -4.796  -4.239
GLU02A0203_055   0.739  -5.068  -4.329
GLU02A0203_056   0.470  -4.781  -4.311
GLU02A0203_057   0.598  -4.621  -4.023
GLU02A0203_058   0.854  -5.066  -4.212
GLU02A0203_059   0.602  -4.927  -4.326
GLU02A0203_060   0.614  -4.862  -4.248
GLU-1A0203_061   0.661  -4.724  -4.063
GLU-1A0203_062   0.828  -4.847  -4.019
GLU-1A0203_063   0.950  -4.916  -3.966
GLU-1A0203_064   0.561  -4.771  -4.210
GLU-1A0203_065   0.594  -4.543  -3.948
GLU-1A0203_066   1.510  -4.642  -3.132
GLU-1A0203_067   0.504  -4.805  -4.302
GLU-1A0203_068   0.359  -4.698  -4.339
GLU-1A0203_069   0.504  -4.534  -4.030
GLU-1A0203_070   0.769  -4.818  -4.048
GLU-1A0203_071   0.508  -4.778  -4.270
GLU-1A0203_072   0.340  -4.628  -4.288
GLU-1A0203_073   0.515  -4.808  -4.293
GLU-1A0203_074   0.522  -4.692  -4.170
