iConf CONFORMER     FL  occ    crg   Em0  pKa0 ne nH    vdw0    vdw1    tors    epol   dsolv   extra    history
00001 ARG01A0074_001 f 0.00  0.000     0  0.00  0  0 -12.867   0.550   0.464   0.035  -0.136   0.000 01O000M000t
00002 ARG01A0074_002 f 0.00  0.000     0  0.00  0  0 -11.584   1.415   0.490   0.314   0.185   0.000 01E065M000t
00003 ARG01A0074_003 f 0.00  0.000     0  0.00  0  0 -10.166   0.560   1.083   0.116  -0.220   0.000 01E069M000t
00004 ARG01A0074_004 f 0.00  0.000     0  0.00  0  0 -10.918   2.097   3.916   0.039  -0.232   0.000 01E076M000t
00005 ARG01A0074_005 f 0.00  0.000     0  0.00  0  0  -9.976   3.494   3.214   0.019  -0.240   0.000 01E0B0M000t
00006 ARG01A0074_006 f 0.00  0.000     0  0.00  0  0 -11.223   1.675   0.539   0.088  -0.037   0.000 01E0CFM000t
00007 ARG01A0074_007 f 0.00  0.000     0  0.00  0  0 -10.794   2.140   6.030   0.065  -0.001   0.000 01E0E9M000t
00008 ARG01A0074_008 f 0.00  0.000     0  0.00  0  0  -7.506   0.900   3.784   0.049  -0.186   0.000 01E0F7M000t
00009 ARG01A0074_009 f 0.00  0.000     0  0.00  0  0  -7.802   0.743   3.792   0.031  -0.346   0.000 01E115M000t
00010 ARG01A0074_010 f 0.00  0.000     0  0.00  0  0 -13.467   1.636   0.554   0.088  -0.368   0.000 01T00EM000t
00011 ARG01A0074_011 f 0.00  0.000     0  0.00  0  0 -11.927   3.240   3.401   0.034  -0.225   0.000 01T027M000t
00012 ARG01A0074_012 f 0.00  0.000     0  0.00  0  0 -12.444   2.213   6.305   0.098  -0.248   0.000 01T03BM000t
00013 ARG01A0074_013 f 0.00  0.000     0  0.00  0  0  -9.512   0.813   4.190   0.017   0.026   0.000 01T041M000t
00014 ARG01A0074_014 f 0.00  0.000     0  0.00  0  0 -11.438   0.709   0.447   0.025  -0.409   0.000 01T054M000t
00015 ARG01A0074_015 f 0.00  0.000     0  0.00  0  0 -12.286   2.599   3.359   0.101  -0.150   0.000 01T073M000t
00016 ARG01A0074_016 f 0.00  0.000     0  0.00  0  0 -10.382   2.209   3.872   0.022  -0.136   0.000 01T074M000t
00017 ARG01A0074_017 f 0.00  0.000     0  0.00  0  0  -9.540   0.234   0.453   0.047  -0.222   0.000 01T090M000t
00018 ARG01A0074_018 f 0.00  0.000     0  0.00  0  0  -9.905   2.828   0.457  -0.009  -0.189   0.000 01T0B9M000t
00019 ARG01A0074_019 f 0.00  0.000     0  0.00  0  0  -7.319   0.509   3.804  -0.004  -0.121   0.000 01T0D5M000t
00020 ARG01A0074_020 f 0.00  0.000     0  0.00  0  0  -6.994   0.692   3.790   0.067  -0.256   0.000 01T0F8M000t
00021 ARG02A0074_021 f 0.00  0.000     0  0.00  0  0 -10.518   0.567   1.076   0.096   1.154   0.000 02E069M000t
00022 ARG02A0074_022 f 0.00  0.000     0  0.00  0  0 -12.248   2.716   3.273   0.088   1.066   0.000 02E073M000t
00023 ARG02A0074_023 f 0.00  0.000     0  0.00  0  0  -9.875   3.463   3.157  -0.026   1.071   0.000 02E0B0M000t
00024 ARG02A0074_024 f 0.00  0.000     0  0.00  0  0  -7.566   0.898   3.785   0.043   0.690   0.000 02E0F7M000t
00025 ARG02A0074_025 f 0.00  0.000     0  0.00  0  0  -7.175   0.707   3.794   0.084   0.909   0.000 02E0F8M000t
00026 ARG02A0074_026 f 0.00  0.000     0  0.00  0  0  -7.579   0.772   3.772   0.029   1.041   0.000 02E115M000t
00027 ARG02A0074_027 f 0.00  0.000     0  0.00  0  0 -12.843   0.548   0.464   0.053   0.626   0.000 02O000M000t
00028 ARG02A0074_028 f 0.00  0.000     0  0.00  0  0 -11.779   2.838   2.891   0.011   0.675   0.000 02E027M000t
00029 ARG02A0074_029 f 0.00  0.000     0  0.00  0  0 -10.969   2.130   6.030   0.102   1.083   0.000 02T0E9M000t
00030 ARG02A0074_030 f 0.00  0.000     0  0.00  0  0 -13.363   1.407   0.507   0.056   0.347   0.000 02T00EM000t
00031 ARG02A0074_031 f 0.00  0.000     0  0.00  0  0 -12.541   2.123   5.836   0.058   0.494   0.000 02T03BM000t
00032 ARG02A0074_032 f 0.00  0.000     0  0.00  0  0 -11.461   0.713   0.439   0.013   0.520   0.000 02T054M000t
00033 ARG02A0074_033 f 0.00  0.000     0  0.00  0  0 -11.623   1.492   0.470   0.021   0.883   0.000 02T065M000t
00034 ARG02A0074_034 f 0.00  0.000     0  0.00  0  0 -10.662   2.197   3.853   0.034   0.712   0.000 02T074M000t
00035 ARG02A0074_035 f 0.00  0.000     0  0.00  0  0 -11.088   1.500   0.494   0.120   0.757   0.000 02T0CFM000t
00036 ARG02A0074_036 f 0.00  0.000     0  0.00  0  0  -9.426   0.771   3.639   0.025   0.675   0.000 02T041M000t
00037 ARG02A0074_037 f 0.00  0.000     0  0.00  0  0 -10.838   2.133   3.836   0.016   0.279   0.000 02T076M000t
00038 ARG02A0074_038 f 0.00  0.000     0  0.00  0  0  -9.678   0.229   0.439   0.002   0.992   0.000 02T090M000t
00039 ARG02A0074_039 f 0.00  0.000     0  0.00  0  0 -10.068   2.888   0.435  -0.031   0.550   0.000 02T0B9M000t
00040 ARG02A0074_040 f 0.00  0.000     0  0.00  0  0  -7.042   0.477   3.716  -0.016   0.865   0.000 02T0D5M000t
00041 ARG03A0074_041 f 0.00  0.000     0  0.00  0  0  -7.717   0.774   3.771   0.032   0.829   0.000 03E115M000t
00042 ARG03A0074_042 f 0.00  0.000     0  0.00  0  0 -12.906   0.547   0.464   0.047   0.814   0.000 03O000M000t
00043 ARG03A0074_043 f 0.00  0.000     0  0.00  0  0 -11.773   2.834   2.881   0.019   0.739   0.000 03E027M000t
00044 ARG03A0074_044 f 0.00  0.000     0  0.00  0  0 -13.346   1.384   0.511   0.086   0.865   0.000 03T00EM000t
00045 ARG03A0074_045 f 0.00  0.000     0  0.00  0  0 -12.547   2.109   5.826   0.092   0.595   0.000 03T03BM000t
00046 ARG03A0074_046 f 0.00  0.000     0  0.00  0  0 -10.130   0.550   1.073   0.094   1.077   0.000 03T069M000t
00047 ARG03A0074_047 f 0.00  0.000     0  0.00  0  0 -10.876   2.132   3.837   0.038   0.855   0.000 03T076M000t
00048 ARG03A0074_048 f 0.00  0.000     0  0.00  0  0  -7.089   0.472   3.720   0.005   0.635   0.000 03T0D5M000t
00049 ARG03A0074_049 f 0.00  0.000     0  0.00  0  0 -10.942   2.139   6.029   0.089   1.100   0.000 03T0E9M000t
00050 ARG03A0074_050 f 0.00  0.000     0  0.00  0  0  -7.507   0.899   3.783   0.042   0.748   0.000 03T0F7M000t
00051 ARG03A0074_051 f 0.00  0.000     0  0.00  0  0 -11.484   0.714   0.439   0.024   0.601   0.000 03T054M000t
00052 ARG03A0074_052 f 0.00  0.000     0  0.00  0  0 -10.120   2.918   0.440  -0.024   0.857   0.000 03T0B9M000t
00053 ARG03A0074_053 f 0.00  0.000     0  0.00  0  0 -11.102   1.480   0.496   0.121   0.668   0.000 03T0CFM000t
00054 ARG03A0074_054 f 0.00  0.000     0  0.00  0  0  -6.995   0.702   3.791   0.062   1.026   0.000 03T0F8M000t
00055 ARG03A0074_055 f 0.00  0.000     0  0.00  0  0  -9.441   0.768   3.634   0.021   0.821   0.000 03T041M000t
00056 ARG03A0074_056 f 0.00  0.000     0  0.00  0  0 -11.566   1.484   0.472   0.298   0.981   0.000 03T065M000t
00057 ARG03A0074_057 f 0.00  0.000     0  0.00  0  0 -12.095   2.718   3.276   0.091   0.737   0.000 03T073M000t
00058 ARG03A0074_058 f 0.00  0.000     0  0.00  0  0 -10.633   2.196   3.854   0.030   0.510   0.000 03T074M000t
00059 ARG03A0074_059 f 0.00  0.000     0  0.00  0  0  -9.666   0.222   0.442   0.038   0.428   0.000 03T090M000t
00060 ARG03A0074_060 f 0.00  0.000     0  0.00  0  0  -9.956   3.481   3.154  -0.008   0.876   0.000 03T0B0M000t
00061 ARG+1A0074_061 f 0.00  1.000     0 12.50  0  1 -12.949   0.547   0.464   0.141  -0.139   0.000 +1O000M000t
00062 ARG+1A0074_062 f 0.00  1.000     0 12.50  0  1 -12.249   2.718   3.277   0.242  -0.154   0.000 +1E073M000t
00063 ARG+1A0074_063 f 0.00  1.000     0 12.50  0  1 -10.815   2.195   3.855   0.124  -0.244   0.000 +1E074M000t
00064 ARG+1A0074_064 f 0.00  1.000     0 12.50  0  1  -9.784   0.222   0.442   0.104  -0.283   0.000 +1E090M000t
00065 ARG+1A0074_065 f 0.00  1.000     0 12.50  0  1  -7.559   0.899   3.785   0.126  -0.273   0.000 +1E0F7M000t
00066 ARG+1A0074_066 f 0.00  1.000     0 12.50  0  1  -7.078   0.703   3.792   0.152  -0.218   0.000 +1E0F8M000t
00067 ARG+1A0074_067 f 0.00  1.000     0 12.50  0  1 -13.339   1.392   0.511   0.228  -0.331   0.000 +1T00EM000t
00068 ARG+1A0074_068 f 0.00  1.000     0 12.50  0  1 -11.749   2.838   2.893   0.014  -0.430   0.000 +1T027M000t
00069 ARG+1A0074_069 f 0.00  1.000     0 12.50  0  1 -12.649   2.111   5.840   0.230  -0.244   0.000 +1T03BM000t
00070 ARG+1A0074_070 f 0.00  1.000     0 12.50  0  1  -9.532   0.771   3.643   0.154  -0.124   0.000 +1T041M000t
00071 ARG+1A0074_071 f 0.00  1.000     0 12.50  0  1 -11.521   0.713   0.440   0.087  -0.174   0.000 +1T054M000t
00072 ARG+1A0074_072 f 0.00  1.000     0 12.50  0  1 -11.604   1.493   0.472   0.612   0.200   0.000 +1T065M000t
00073 ARG+1A0074_073 f 0.00  1.000     0 12.50  0  1 -10.156   0.553   1.073   0.242  -0.071   0.000 +1T069M000t
00074 ARG+1A0074_074 f 0.00  1.000     0 12.50  0  1 -10.908   2.139   3.838   0.136  -0.338   0.000 +1T076M000t
00075 ARG+1A0074_075 f 0.00  1.000     0 12.50  0  1  -9.982   3.474   3.156   0.014  -0.194   0.000 +1T0B0M000t
00076 ARG+1A0074_076 f 0.00  1.000     0 12.50  0  1 -10.126   2.903   0.437   0.056  -0.190   0.000 +1T0B9M000t
00077 ARG+1A0074_077 f 0.00  1.000     0 12.50  0  1 -11.154   1.490   0.496   0.446   0.067   0.000 +1T0CFM000t
00078 ARG+1A0074_078 f 0.00  1.000     0 12.50  0  1  -7.067   0.470   3.724   0.215  -0.476   0.000 +1T0D5M000t
00079 ARG+1A0074_079 f 0.00  1.000     0 12.50  0  1 -10.916   2.129   6.030   0.382  -0.044   0.000 +1T0E9M000t
00080 ARG+1A0074_080 f 0.00  1.000     0 12.50  0  1  -7.735   0.775   3.773   0.085  -0.216   0.000 +1T115M000t
