CONFORMER         crg  vdw0  vdw1  tors  epol  self   occ  Hb     history    ASA
ARG01A0074_001  0.000-12.87  0.55  0.46  0.00-11.85 0.501  00  01O000M000  1.000
ARG01A0074_002  0.000-11.64  1.42  0.49  0.00 -9.74 0.502  00  01E065M000  1.000
ARG01A0074_003  0.000-10.17  0.56  1.08  0.00 -8.53 0.502  00  01E069M000  1.000
ARG01A0074_004  0.000-10.91  2.10  3.92  0.00 -4.89 0.503  00  01E076M000  1.000
ARG01A0074_005  0.000 -9.98  3.49  3.21  0.00 -3.28 0.501  00  01E0B0M000  1.000
ARG01A0074_006  0.000-11.23  1.68  0.54  0.00 -9.02 0.502  00  01E0CFM000  1.000
ARG01A0074_007  0.000-10.85  2.14  6.03  0.00 -2.69 0.502  00  01E0E9M000  1.000
ARG01A0074_008  0.000 -7.50  0.90  3.78  0.00 -2.81 0.502  00  01E0F7M000  1.000
ARG01A0074_009  0.000 -7.79  0.74  3.79  0.00 -3.26 0.501  00  01E115M000  1.000
ARG01A0074_010  0.000-13.47  1.63  0.55  0.00-11.28 0.502  00  01T00EM000  1.000
ARG01A0074_011  0.000-11.93  3.25  3.40  0.00 -5.28 0.502  00  01T027M000  1.000
ARG01A0074_012  0.000-12.45  2.22  6.31  0.00 -3.92 0.501  00  01T03BM000  1.000
ARG01A0074_013  0.000 -9.50  0.81  4.18  0.00 -4.50 0.502  00  01T041M000  1.000
ARG01A0074_014  0.000-11.45  0.71  0.45  0.00-10.29 0.502  00  01T054M000  1.000
ARG01A0074_015  0.000-12.29  2.60  3.36  0.00 -6.33 0.502  00  01T073M000  1.000
ARG01A0074_016  0.000-10.31  2.21  3.87  0.00 -4.23 0.501  00  01T074M000  1.000
ARG01A0074_017  0.000 -9.54  0.23  0.45  0.00 -8.86 0.502  00  01T090M000  1.000
ARG01A0074_018  0.000 -9.90  2.82  0.46  0.00 -6.62 0.502  00  01T0B9M000  1.000
ARG01A0074_019  0.000 -7.32  0.51  3.80  0.00 -3.01 0.502  00  01T0D5M000  1.000
ARG01A0074_020  0.000 -7.00  0.70  3.79  0.00 -2.52 0.502  00  01T0F8M000  1.000
ARG02A0074_021  0.000-10.51  0.56  1.07  0.00 -8.88 0.502  00  02E069M000  1.000
ARG02A0074_022  0.000-12.20  2.72  3.27  0.00 -6.21 0.502  00  02E073M000  1.000
ARG02A0074_023  0.000 -9.88  3.47  3.16  0.00 -3.26 0.501  00  02E0B0M000  1.000
ARG02A0074_024  0.000 -7.57  0.90  3.78  0.00 -2.89 0.502  00  02E0F7M000  1.000
ARG02A0074_025  0.000 -7.17  0.71  3.79  0.00 -2.67 0.502  00  02E0F8M000  1.000
ARG02A0074_026  0.000 -7.58  0.77  3.77  0.00 -3.03 0.501  00  02E115M000  1.000
ARG02A0074_027  0.000-12.84  0.55  0.46  0.00-11.83 0.501  00  02O000M000  1.000
ARG02A0074_028  0.000-11.77  2.83  2.89  0.00 -6.05 0.502  00  02E027M000  1.000
ARG02A0074_029  0.000-10.92  2.13  6.03  0.00 -2.75 0.502  00  02T0E9M000  1.000
ARG02A0074_030  0.000-13.36  1.41  0.51  0.00-11.44 0.502  00  02T00EM000  1.000
ARG02A0074_031  0.000-12.54  2.12  5.84  0.00 -4.59 0.501  00  02T03BM000  1.000
ARG02A0074_032  0.000-11.39  0.72  0.44  0.00-10.24 0.502  00  02T054M000  1.000
ARG02A0074_033  0.000-11.63  1.49  0.47  0.00 -9.67 0.502  00  02T065M000  1.000
ARG02A0074_034  0.000-10.67  2.20  3.85  0.00 -4.62 0.501  00  02T074M000  1.000
ARG02A0074_035  0.000-11.09  1.50  0.49  0.00 -9.09 0.502  00  02T0CFM000  1.000
ARG02A0074_036  0.000 -9.42  0.77  3.64  0.00 -5.01 0.502  00  02T041M000  1.000
ARG02A0074_037  0.000-10.84  2.14  3.84  0.00 -4.87 0.503  00  02T076M000  1.000
ARG02A0074_038  0.000 -9.68  0.23  0.44  0.00 -9.01 0.502  00  02T090M000  1.000
ARG02A0074_039  0.000-10.08  2.89  0.43  0.00 -6.75 0.502  00  02T0B9M000  1.000
ARG02A0074_040  0.000 -7.05  0.48  3.72  0.00 -2.86 0.502  00  02T0D5M000  1.000
ARG03A0074_041  0.000 -7.64  0.77  3.77  0.00 -3.10 0.501  00  03E115M000  1.000
ARG03A0074_042  0.000-12.91  0.55  0.46  0.00-11.89 0.501  00  03O000M000  1.000
ARG03A0074_043  0.000-11.78  2.83  2.88  0.00 -6.06 0.502  00  03E027M000  1.000
ARG03A0074_044  0.000-13.35  1.39  0.51  0.00-11.45 0.502  00  03T00EM000  1.000
ARG03A0074_045  0.000-12.50  2.11  5.83  0.00 -4.56 0.501  00  03T03BM000  1.000
ARG03A0074_046  0.000-10.13  0.55  1.07  0.00 -8.51 0.502  00  03T069M000  1.000
ARG03A0074_047  0.000-10.87  2.13  3.84  0.00 -4.89 0.503  00  03T076M000  1.000
ARG03A0074_048  0.000 -7.03  0.47  3.72  0.00 -2.84 0.502  00  03T0D5M000  1.000
ARG03A0074_049  0.000-10.94  2.14  6.03  0.00 -2.77 0.502  00  03T0E9M000  1.000
ARG03A0074_050  0.000 -7.51  0.90  3.78  0.00 -2.83 0.502  00  03T0F7M000  1.000
ARG03A0074_051  0.000-11.49  0.71  0.44  0.00-10.34 0.502  00  03T054M000  1.000
ARG03A0074_052  0.000-10.13  2.92  0.44  0.00 -6.77 0.502  00  03T0B9M000  1.000
ARG03A0074_053  0.000-11.10  1.48  0.50  0.00 -9.13 0.502  00  03T0CFM000  1.000
ARG03A0074_054  0.000 -7.00  0.70  3.79  0.00 -2.51 0.502  00  03T0F8M000  1.000
ARG03A0074_055  0.000 -9.44  0.77  3.63  0.00 -5.04 0.502  00  03T041M000  1.000
ARG03A0074_056  0.000-11.58  1.49  0.47  0.00 -9.62 0.502  00  03T065M000  1.000
ARG03A0074_057  0.000-12.15  2.72  3.28  0.00 -6.15 0.502  00  03T073M000  1.000
ARG03A0074_058  0.000-10.70  2.20  3.85  0.00 -4.65 0.501  00  03T074M000  1.000
ARG03A0074_059  0.000 -9.67  0.22  0.44  0.00 -9.01 0.502  00  03T090M000  1.000
ARG03A0074_060  0.000 -9.96  3.47  3.15  0.00 -3.33 0.501  00  03T0B0M000  1.000
ARG+1A0074_061  1.000-12.95  0.55  0.46  0.00-11.94 0.501  00  +1O000M000  1.000
ARG+1A0074_062  1.000-12.25  2.72  3.28  0.00 -6.25 0.502  00  +1E073M000  1.000
ARG+1A0074_063  1.000-10.74  2.20  3.85  0.00 -4.69 0.501  00  +1E074M000  1.000
ARG+1A0074_064  1.000 -9.78  0.22  0.44  0.00 -9.11 0.502  00  +1E090M000  1.000
ARG+1A0074_065  1.000 -7.56  0.90  3.79  0.00 -2.88 0.502  00  +1E0F7M000  1.000
ARG+1A0074_066  1.000 -7.12  0.70  3.79  0.00 -2.63 0.502  00  +1E0F8M000  1.000
ARG+1A0074_067  1.000-13.34  1.39  0.51  0.00-11.44 0.502  00  +1T00EM000  1.000
ARG+1A0074_068  1.000-11.75  2.84  2.89  0.00 -6.01 0.502  00  +1T027M000  1.000
ARG+1A0074_069  1.000-12.65  2.11  5.84  0.00 -4.70 0.501  00  +1T03BM000  1.000
ARG+1A0074_070  1.000 -9.53  0.77  3.64  0.00 -5.11 0.502  00  +1T041M000  1.000
ARG+1A0074_071  1.000-11.52  0.71  0.44  0.00-10.37 0.502  00  +1T054M000  1.000
ARG+1A0074_072  1.000-11.61  1.49  0.47  0.00 -9.64 0.502  00  +1T065M000  1.000
ARG+1A0074_073  1.000-10.15  0.55  1.07  0.00 -8.53 0.502  00  +1T069M000  1.000
ARG+1A0074_074  1.000-10.90  2.13  3.84  0.00 -4.92 0.503  00  +1T076M000  1.000
ARG+1A0074_075  1.000 -9.99  3.47  3.16  0.00 -3.36 0.501  00  +1T0B0M000  1.000
ARG+1A0074_076  1.000-10.11  2.90  0.44  0.00 -6.78 0.502  00  +1T0B9M000  1.000
ARG+1A0074_077  1.000-11.15  1.49  0.50  0.00 -9.16 0.502  00  +1T0CFM000  1.000
ARG+1A0074_078  1.000 -7.05  0.47  3.72  0.00 -2.86 0.502  00  +1T0D5M000  1.000
ARG+1A0074_079  1.000-10.92  2.13  6.03  0.00 -2.77 0.502  00  +1T0E9M000  1.000
ARG+1A0074_080  1.000 -7.73  0.78  3.77  0.00 -3.18 0.501  00  +1T115M000  1.000
