   confID        vdw0    sas     sum
ARG01A0074_001   1.630 -14.497 -12.867
ARG01A0074_002   2.647 -14.232 -11.584
ARG01A0074_003   3.756 -13.922 -10.166
ARG01A0074_004   3.805 -14.722 -10.918
ARG01A0074_005   3.812 -13.788  -9.976
ARG01A0074_006   3.575 -14.798 -11.223
ARG01A0074_007   3.234 -14.028 -10.794
ARG01A0074_008   6.878 -14.384  -7.506
ARG01A0074_009   6.932 -14.734  -7.802
ARG01A0074_010   1.369 -14.836 -13.467
ARG01A0074_011   2.425 -14.352 -11.927
ARG01A0074_012   2.286 -14.730 -12.444
ARG01A0074_013   5.049 -14.562  -9.512
ARG01A0074_014   2.978 -14.416 -11.438
ARG01A0074_015   2.800 -15.086 -12.286
ARG01A0074_016   3.784 -14.167 -10.382
ARG01A0074_017   3.694 -13.234  -9.540
ARG01A0074_018   3.721 -13.626  -9.905
ARG01A0074_019   6.560 -13.879  -7.319
ARG01A0074_020   6.568 -13.562  -6.994
ARG02A0074_021   3.601 -14.118 -10.518
ARG02A0074_022   2.799 -15.047 -12.248
ARG02A0074_023   3.909 -13.784  -9.875
ARG02A0074_024   6.886 -14.452  -7.566
ARG02A0074_025   6.435 -13.610  -7.175
ARG02A0074_026   7.001 -14.579  -7.579
ARG02A0074_027   1.654 -14.497 -12.843
ARG02A0074_028   2.580 -14.359 -11.779
ARG02A0074_029   3.175 -14.144 -10.969
ARG02A0074_030   1.440 -14.803 -13.363
ARG02A0074_031   2.378 -14.919 -12.541
ARG02A0074_032   2.955 -14.416 -11.461
ARG02A0074_033   2.608 -14.232 -11.623
ARG02A0074_034   3.756 -14.418 -10.662
ARG02A0074_035   3.585 -14.673 -11.088
ARG02A0074_036   5.348 -14.773  -9.426
ARG02A0074_037   3.840 -14.678 -10.838
ARG02A0074_038   3.682 -13.359  -9.678
ARG02A0074_039   3.703 -13.771 -10.068
ARG02A0074_040   6.776 -13.818  -7.042
ARG03A0074_041   6.978 -14.695  -7.717
ARG03A0074_042   1.591 -14.497 -12.906
ARG03A0074_043   2.518 -14.291 -11.773
ARG03A0074_044   1.389 -14.735 -13.346
ARG03A0074_045   2.308 -14.855 -12.547
ARG03A0074_046   3.792 -13.922 -10.130
ARG03A0074_047   3.802 -14.678 -10.876
ARG03A0074_048   6.730 -13.818  -7.089
ARG03A0074_049   3.202 -14.144 -10.942
ARG03A0074_050   6.878 -14.384  -7.507
ARG03A0074_051   2.932 -14.416 -11.484
ARG03A0074_052   3.631 -13.751 -10.120
ARG03A0074_053   3.572 -14.673 -11.102
ARG03A0074_054   6.566 -13.562  -6.995
ARG03A0074_055   5.281 -14.722  -9.441
ARG03A0074_056   2.717 -14.283 -11.566
ARG03A0074_057   2.776 -14.870 -12.095
ARG03A0074_058   3.720 -14.353 -10.633
ARG03A0074_059   3.629 -13.295  -9.666
ARG03A0074_060   3.879 -13.836  -9.956
ARG+1A0074_061   1.548 -14.497 -12.949
ARG+1A0074_062   2.733 -14.983 -12.249
ARG+1A0074_063   3.667 -14.482 -10.815
ARG+1A0074_064   3.575 -13.359  -9.784
ARG+1A0074_065   6.825 -14.384  -7.559
ARG+1A0074_066   6.484 -13.562  -7.078
ARG+1A0074_067   1.348 -14.687 -13.339
ARG+1A0074_068   2.478 -14.227 -11.749
ARG+1A0074_069   2.270 -14.919 -12.649
ARG+1A0074_070   5.242 -14.773  -9.532
ARG+1A0074_071   2.896 -14.416 -11.521
ARG+1A0074_072   2.680 -14.283 -11.604
ARG+1A0074_073   3.767 -13.922 -10.156
ARG+1A0074_074   3.769 -14.678 -10.908
ARG+1A0074_075   3.854 -13.836  -9.982
ARG+1A0074_076   3.593 -13.719 -10.126
ARG+1A0074_077   3.520 -14.673 -11.154
ARG+1A0074_078   6.700 -13.767  -7.067
ARG+1A0074_079   3.176 -14.092 -10.916
ARG+1A0074_080   6.960 -14.695  -7.735
