iConf CONFORMER     FL  occ    crg   Em0  pKa0 ne nH    vdw0    vdw1    tors    epol   dsolv   extra    history
00001 TYR01A0039_001 f 0.00  0.000     0  0.00  0  0  -9.589   0.140   0.110   0.144  -0.026   0.000 01O000M000t
00002 TYR01A0039_002 f 0.00  0.000     0  0.00  0  0  -9.507   7.011   2.689   0.292  -0.021   0.000 01E009M000t
00003 TYR01A0039_003 f 0.00  0.000     0  0.00  0  0  -9.699   1.621   2.678   0.233  -0.166   0.000 01T00CM000t
00004 TYR01A0039_004 f 0.00  0.000     0  0.00  0  0  -9.072   0.665   2.683   0.198  -0.122   0.000 01T00DM000t
00005 TYR01A0039_005 f 0.00  0.000     0  0.00  0  0 -10.093   1.970   2.680   0.209  -0.102   0.000 01T00EM000t
00006 TYR01A0039_006 f 0.00  0.000     0  0.00  0  0  -9.230   4.237   2.681   0.203  -0.206   0.000 01T001M000t
00007 TYR01A0039_007 f 0.00  0.000     0  0.00  0  0  -9.574   0.085   0.102   0.120  -0.131   0.000 01T005M000t
00008 TYR01A0039_008 f 0.00  0.000     0  0.00  0  0  -9.373   4.021   2.684   0.198  -0.019   0.000 01T007M000t
00009 TYR01A0039_009 f 0.00  0.000     0  0.00  0  0  -9.506   0.140   0.103   0.138  -0.025   0.000 01T008M000t
00010 TYR01A0039_010 f 0.00  0.000     0  0.00  0  0  -9.619   1.825   0.096   0.320   0.080   0.000 01T00BM000t
00011 TYR01A0039_011 f 0.00  0.000     0  0.00  0  0  -9.240   0.249   0.105   0.139   0.079   0.000 01T002M000t
00012 TYR01A0039_012 f 0.00  0.000     0  0.00  0  0  -8.621   0.635   2.683   0.205  -0.032   0.000 01T003M000t
00013 TYR01A0039_013 f 0.00  0.000     0  0.00  0  0  -9.941   4.339   0.082   0.143  -0.082   0.000 01T004M000t
00014 TYR01A0039_014 f 0.00  0.000     0  0.00  0  0 -10.150   4.124   0.083   0.200  -0.235   0.000 01T006M000t
00015 TYR01A0039_015 f 0.00  0.000     0  0.00  0  0  -9.581   1.410   0.099   0.317   0.060   0.000 01T00AM000t
00016 TYR-1A0039_016 f 0.00 -1.000     0 10.20  0 -1  -9.589   0.140   0.110  -0.029  -0.758   0.000 -1O000M000t
00017 TYR-1A0039_017 f 0.00 -1.000     0 10.20  0 -1  -9.052   0.286   0.103   0.013  -0.817   0.000 -1E002M000t
00018 TYR-1A0039_018 f 0.00 -1.000     0 10.20  0 -1  -8.978   0.642   2.680   0.087  -1.010   0.000 -1E003M000t
00019 TYR-1A0039_019 f 0.00 -1.000     0 10.20  0 -1  -9.842   4.158   0.079  -0.021  -1.147   0.000 -1E004M000t
00020 TYR-1A0039_020 f 0.00 -1.000     0 10.20  0 -1  -9.524   0.086   0.101  -0.041  -0.842   0.000 -1E005M000t
00021 TYR-1A0039_021 f 0.00 -1.000     0 10.20  0 -1  -9.565   0.181   0.102   0.034  -0.864   0.000 -1E008M000t
00022 TYR-1A0039_022 f 0.00 -1.000     0 10.20  0 -1  -9.753   1.679   2.674   0.129  -0.908   0.000 -1E00CM000t
00023 TYR-1A0039_023 f 0.00 -1.000     0 10.20  0 -1  -8.830   0.660   2.681   0.106  -0.932   0.000 -1E00DM000t
00024 TYR-1A0039_024 f 0.00 -1.000     0 10.20  0 -1  -9.227   4.233   2.679   0.064  -0.809   0.000 -1T001M000t
00025 TYR-1A0039_025 f 0.00 -1.000     0 10.20  0 -1 -10.142   4.134   0.081  -0.025  -1.055   0.000 -1T006M000t
00026 TYR-1A0039_026 f 0.00 -1.000     0 10.20  0 -1  -9.327   4.019   2.682   0.049  -0.858   0.000 -1T007M000t
00027 TYR-1A0039_027 f 0.00 -1.000     0 10.20  0 -1  -9.415   7.022   2.688   0.401  -0.600   0.000 -1T009M000t
00028 TYR-1A0039_028 f 0.00 -1.000     0 10.20  0 -1  -9.621   1.424   0.097   0.345  -0.798   0.000 -1T00AM000t
00029 TYR-1A0039_029 f 0.00 -1.000     0 10.20  0 -1  -9.497   1.844   0.095   0.381  -0.792   0.000 -1T00BM000t
00030 TYR-1A0039_030 f 0.00 -1.000     0 10.20  0 -1 -10.081   1.969   2.678   0.129  -0.973   0.000 -1T00EM000t
