CONFORMER         crg  vdw0  vdw1  tors  epol  self   occ  Hb     history    ASA
ASP01A0106_001  0.000 -4.34  0.74  4.60  0.00  1.00 0.542  00  01O000M000  1.000
ASP01A0106_002  0.000 -4.18  1.97  3.80  0.00  1.59 0.540  00  01E003M000  1.000
ASP01A0106_003  0.000 -4.19  0.37  4.54  0.00  0.73 0.540  00  01E009M000  1.053
ASP01A0106_004  0.000 -4.35  0.74  1.88  0.00 -1.74 0.542  00  01O000M000  1.003
ASP01A0106_005  0.000 -4.22  0.41  1.87  0.00 -1.94 0.540  00  01E009M000  1.053
ASP01A0106_006  0.000 -4.30  0.34  1.86  0.00 -2.11 0.542  00  01E00BM000  1.017
ASP01A0106_007  0.000 -4.22 -0.02  4.70  0.00  0.46 0.543  00  01T005M000  1.008
ASP01A0106_008  0.000 -4.16  1.05  4.70  0.00  1.59 0.540  00  01T008M000  1.000
ASP01A0106_009  0.000 -4.05  0.50  4.69  0.00  1.14 0.539  00  01T00AM000  1.000
ASP01A0106_010  0.000 -4.55  1.25  3.95  0.00  0.65 0.542  00  01T001M000  1.000
ASP01A0106_011  0.000 -4.25  0.34  4.58  0.00  0.66 0.542  00  01T00BM000  1.006
ASP01A0106_012  0.000 -4.18  1.97  1.08  0.00 -1.13 0.540  00  01T003M000  1.000
ASP01A0106_013  0.000 -4.17  0.06  1.83  0.00 -2.29 0.538  00  01T007M000  1.000
ASP01A0106_014  0.000 -4.16  1.05  1.98  0.00 -1.13 0.540  00  01T008M000  1.000
ASP02A0106_015  0.000 -4.20  0.53  4.60  0.00  0.93 0.542  00  02O000M000  1.008
ASP02A0106_016  0.000 -4.12 -0.06  4.72  0.00  0.54 0.543  00  02E005M000  1.008
ASP02A0106_017  0.000 -4.20  0.53  1.88  0.00 -1.79 0.542  00  02O000M000  1.008
ASP02A0106_018  0.000 -4.08  0.30  1.86  0.00 -1.93 0.542  00  02E00BM000  1.006
ASP02A0106_019  0.000 -4.21  1.43  3.79  0.00  1.01 0.540  00  02T003M000  1.000
ASP02A0106_020  0.000 -4.62  2.52  3.81  0.00  1.72 0.542  00  02T002M000  1.074
ASP02A0106_021  0.000 -4.20  0.01  4.58  0.00  0.40 0.538  00  02T007M000  1.000
ASP02A0106_022  0.000 -4.30  0.37  4.56  0.00  0.63 0.540  00  02T009M000  1.055
ASP02A0106_023  0.000 -4.09  0.45  4.77  0.00  1.13 0.539  00  02T00AM000  1.006
ASP02A0106_024  0.000 -4.08  0.30  4.56  0.00  0.78 0.542  00  02T00BM000  1.006
ASP02A0106_025  0.000 -4.26 -0.03  1.81  0.00 -2.48 0.538  00  02T007M000  1.000
ASP02A0106_026  0.000 -4.15  0.81  1.98  0.00 -1.35 0.540  00  02T008M000  1.006
ASP02A0106_027  0.000 -4.30  0.37  1.84  0.00 -2.09 0.540  00  02T009M000  1.055
ASP02A0106_028  0.000 -4.09  0.45  2.05  0.00 -1.59 0.539  00  02T00AM000  1.006
ASP-1A0106_029 -1.000 -4.25  0.55  1.88  0.00 -1.83 0.542  00  -1O000M000  1.000
ASP-1A0106_030 -1.000 -4.10  0.71  1.85  0.00 -1.54 0.540  00  -1E008M000  1.000
ASP-1A0106_031 -1.000 -3.98  0.29  1.88  0.00 -1.82 0.539  00  -1E00AM000  1.000
ASP-1A0106_032 -1.000 -4.12  0.18  1.65  0.00 -2.30 0.542  00  -1E00BM000  1.003
