   confID        vdw0    sas     sum
ASP01A0106_001   0.169  -4.508  -4.339
ASP01A0106_002   0.135  -4.314  -4.180
ASP01A0106_003   0.302  -4.487  -4.185
ASP01A0106_004   0.169  -4.521  -4.352
ASP01A0106_005   0.302  -4.521  -4.219
ASP01A0106_006   0.297  -4.601  -4.303
ASP01A0106_007   0.334  -4.550  -4.217
ASP01A0106_008   0.376  -4.541  -4.165
ASP01A0106_009   0.372  -4.421  -4.049
ASP01A0106_010   0.115  -4.661  -4.547
ASP01A0106_011   0.298  -4.549  -4.252
ASP01A0106_012   0.135  -4.314  -4.179
ASP01A0106_013   0.302  -4.473  -4.171
ASP01A0106_014   0.376  -4.541  -4.165
ASP02A0106_015   0.238  -4.441  -4.203
ASP02A0106_016   0.367  -4.485  -4.118
ASP02A0106_017   0.238  -4.441  -4.203
ASP02A0106_018   0.336  -4.418  -4.083
ASP02A0106_019   0.204  -4.413  -4.210
ASP02A0106_020   0.191  -4.810  -4.619
ASP02A0106_021   0.337  -4.532  -4.195
ASP02A0106_022   0.336  -4.637  -4.302
ASP02A0106_023   0.378  -4.473  -4.095
ASP02A0106_024   0.336  -4.418  -4.083
ASP02A0106_025   0.337  -4.603  -4.266
ASP02A0106_026   0.385  -4.532  -4.148
ASP02A0106_027   0.336  -4.637  -4.302
ASP02A0106_028   0.378  -4.473  -4.095
ASP-1A0106_029   0.152  -4.405  -4.253
ASP-1A0106_030   0.308  -4.405  -4.097
ASP-1A0106_031   0.304  -4.284  -3.981
ASP-1A0106_032   0.248  -4.371  -4.123
