iConf CONFORMER     FL  occ    crg   Em0  pKa0 ne nH    vdw0    vdw1    tors    epol   dsolv   extra    history
00001 GLU01A0238_001 f 0.00  0.000     0  0.00  0  0  -2.928  -0.040   3.076   0.117  -0.159   0.000 01O000M000t
00002 GLU01A0238_002 f 0.00  0.000     0  0.00  0  0  -3.125   0.636   5.444   0.129  -0.226   0.000 01E003M000t
00003 GLU01A0238_003 f 0.00  0.000     0  0.00  0  0  -3.732   0.387   3.234   0.110  -0.377   0.000 01E008M000t
00004 GLU01A0238_004 f 0.00  0.000     0  0.00  0  0  -4.227   1.660   3.593   0.079  -0.543   0.000 01E015M000t
00005 GLU01A0238_005 f 0.00  0.000     0  0.00  0  0  -3.867  -0.260   3.365   0.277  -0.358   0.000 01E017M000t
00006 GLU01A0238_006 f 0.00  0.000     0  0.00  0  0  -3.796   0.373   5.755   0.206  -0.276   0.000 01E01AM000t
00007 GLU01A0238_007 f 0.00  0.000     0  0.00  0  0  -2.928  -0.040   0.356   0.034   0.636   0.000 01O000M000t
00008 GLU01A0238_008 f 0.00  0.000     0  0.00  0  0  -4.020   0.316   0.864   0.056   0.695   0.000 01E00BM000t
00009 GLU01A0238_009 f 0.00  0.000     0  0.00  0  0  -3.974   1.880   0.695   0.197   0.713   0.000 01E016M000t
00010 GLU01A0238_010 f 0.00  0.000     0  0.00  0  0  -4.478  -0.005   3.271   0.103   0.745   0.000 01E019M000t
00011 GLU01A0238_011 f 0.00  0.000     0  0.00  0  0  -4.198  -0.015   3.602   0.046  -0.588   0.000 01T007M000t
00012 GLU01A0238_012 f 0.00  0.000     0  0.00  0  0  -4.021   0.621   5.789   0.039  -0.800   0.000 01T00DM000t
00013 GLU01A0238_013 f 0.00  0.000     0  0.00  0  0  -4.119  -0.354   3.581   0.154  -0.492   0.000 01T011M000t
00014 GLU01A0238_014 f 0.00  0.000     0  0.00  0  0  -3.445   0.596   3.056   0.310  -0.025   0.000 01T004M000t
00015 GLU01A0238_015 f 0.00  0.000     0  0.00  0  0  -4.148   0.438   3.569   0.080  -0.563   0.000 01T009M000t
00016 GLU01A0238_016 f 0.00  0.000     0  0.00  0  0  -4.020   0.317   3.574   0.083  -0.582   0.000 01T00BM000t
00017 GLU01A0238_017 f 0.00  0.000     0  0.00  0  0  -4.053   1.300   3.405   0.209  -0.237   0.000 01T012M000t
00018 GLU01A0238_018 f 0.00  0.000     0  0.00  0  0  -2.815  -0.058   6.088   0.097  -0.287   0.000 01T013M000t
00019 GLU01A0238_019 f 0.00  0.000     0  0.00  0  0  -3.972   1.884   3.415   0.462  -0.237   0.000 01T016M000t
00020 GLU01A0238_020 f 0.00  0.000     0  0.00  0  0  -4.413  -0.008   5.984   0.160  -0.406   0.000 01T019M000t
00021 GLU01A0238_021 f 0.00  0.000     0  0.00  0  0  -3.745   0.391   0.497   0.053   0.525   0.000 01T008M000t
00022 GLU01A0238_022 f 0.00  0.000     0  0.00  0  0  -3.892  -0.261   0.621   0.161   0.738   0.000 01T017M000t
00023 GLU01A0238_023 f 0.00  0.000     0  0.00  0  0  -3.133   0.635   2.721   0.042   0.608   0.000 01T003M000t
00024 GLU01A0238_024 f 0.00  0.000     0  0.00  0  0  -4.326   2.754   0.796   0.036   0.616   0.000 01T010M000t
00025 GLU01A0238_025 f 0.00  0.000     0  0.00  0  0  -4.053   1.300   0.685   0.170   0.601   0.000 01T012M000t
00026 GLU01A0238_026 f 0.00  0.000     0  0.00  0  0  -2.815  -0.058   3.368   0.043   0.580   0.000 01T013M000t
00027 GLU01A0238_027 f 0.00  0.000     0  0.00  0  0  -4.133   2.007   0.747   0.034   0.587   0.000 01T015M000t
00028 GLU01A0238_028 f 0.00  0.000     0  0.00  0  0  -3.667   0.371   2.976   0.077   0.665   0.000 01T01AM000t
00029 GLU02A0238_029 f 0.00  0.000     0  0.00  0  0  -3.343  -0.032   3.076   0.044  -0.670   0.000 02O000M000t
00030 GLU02A0238_030 f 0.00  0.000     0  0.00  0  0  -4.187  -0.027   3.723   0.094  -0.339   0.000 02E007M000t
00031 GLU02A0238_031 f 0.00  0.000     0  0.00  0  0  -4.132   0.316   3.719   0.109  -0.426   0.000 02E00BM000t
00032 GLU02A0238_032 f 0.00  0.000     0  0.00  0  0  -4.091   1.977   3.611   0.111  -0.265   0.000 02E015M000t
00033 GLU02A0238_033 f 0.00  0.000     0  0.00  0  0  -3.891  -0.245   3.394   0.124  -0.428   0.000 02E017M000t
00034 GLU02A0238_034 f 0.00  0.000     0  0.00  0  0  -3.395  -0.032   0.356   0.029   0.545   0.000 02O000M000t
00035 GLU02A0238_035 f 0.00  0.000     0  0.00  0  0  -3.898   0.614   2.998   0.050   0.421   0.000 02E00DM000t
00036 GLU02A0238_036 f 0.00  0.000     0  0.00  0  0  -4.303   2.541   0.739   0.019   0.611   0.000 02E010M000t
00037 GLU02A0238_037 f 0.00  0.000     0  0.00  0  0  -3.109  -0.066   3.371   0.050   0.725   0.000 02E013M000t
00038 GLU02A0238_038 f 0.00  0.000     0  0.00  0  0  -3.356   0.643   5.441   0.031  -0.541   0.000 02T003M000t
00039 GLU02A0238_039 f 0.00  0.000     0  0.00  0  0  -3.886   0.623   5.850   0.104  -0.310   0.000 02T00DM000t
00040 GLU02A0238_040 f 0.00  0.000     0  0.00  0  0  -4.153   1.493   3.429   0.160  -0.409   0.000 02T016M000t
00041 GLU02A0238_041 f 0.00  0.000     0  0.00  0  0  -4.584  -0.011   6.071   0.277  -0.405   0.000 02T019M000t
00042 GLU02A0238_042 f 0.00  0.000     0  0.00  0  0  -3.443   0.252   2.998   0.050  -0.629   0.000 02T002M000t
00043 GLU02A0238_043 f 0.00  0.000     0  0.00  0  0  -4.053   0.441   3.513   0.118  -0.604   0.000 02T009M000t
00044 GLU02A0238_044 f 0.00  0.000     0  0.00  0  0  -4.410   2.542   3.457   0.028  -0.428   0.000 02T010M000t
00045 GLU02A0238_045 f 0.00  0.000     0  0.00  0  0  -4.000  -0.349   3.530   0.132  -0.340   0.000 02T011M000t
00046 GLU02A0238_046 f 0.00  0.000     0  0.00  0  0  -4.209   1.262   3.372   0.108  -0.503   0.000 02T012M000t
00047 GLU02A0238_047 f 0.00  0.000     0  0.00  0  0  -3.103  -0.067   6.091   0.086  -0.515   0.000 02T013M000t
00048 GLU02A0238_048 f 0.00  0.000     0  0.00  0  0  -4.437   2.034   3.509   0.193   0.435   0.000 02T018M000t
00049 GLU02A0238_049 f 0.00  0.000     0  0.00  0  0  -3.842   0.370   5.689   0.041  -0.429   0.000 02T01AM000t
00050 GLU02A0238_050 f 0.00  0.000     0  0.00  0  0  -3.443   0.252   0.278   0.052   0.556   0.000 02T002M000t
00051 GLU02A0238_051 f 0.00  0.000     0  0.00  0  0  -4.053   0.441   0.793   0.056   0.576   0.000 02T009M000t
00052 GLU02A0238_052 f 0.00  0.000     0  0.00  0  0  -3.965  -0.349   0.810   0.067   0.346   0.000 02T011M000t
00053 GLU02A0238_053 f 0.00  0.000     0  0.00  0  0  -4.209   1.262   0.652   0.116   0.334   0.000 02T012M000t
00054 GLU02A0238_054 f 0.00  0.000     0  0.00  0  0  -3.997   1.873   0.793   0.059   0.622   0.000 02T015M000t
00055 GLU02A0238_055 f 0.00  0.000     0  0.00  0  0  -4.136   1.841   0.664   0.144   0.725   0.000 02T016M000t
00056 GLU02A0238_056 f 0.00  0.000     0  0.00  0  0  -3.811  -0.252   0.568   0.122   0.548   0.000 02T017M000t
00057 GLU02A0238_057 f 0.00  0.000     0  0.00  0  0  -4.332   2.034   0.789   0.099   0.630   0.000 02T018M000t
00058 GLU02A0238_058 f 0.00  0.000     0  0.00  0  0  -4.428   0.018   3.267   0.100   0.605   0.000 02T019M000t
00059 GLU02A0238_059 f 0.00  0.000     0  0.00  0  0  -3.907   0.370   2.969   0.044   0.736   0.000 02T01AM000t
00060 GLU-1A0238_060 f 0.00 -1.000     0  4.75  0 -1  -3.191  -0.023   0.356  -0.097  -0.230   0.000 -1O000M000t
00061 GLU-1A0238_061 f 0.00 -1.000     0  4.75  0 -1  -3.931   0.404   0.459  -0.107  -0.315   0.000 -1E008M000t
00062 GLU-1A0238_062 f 0.00 -1.000     0  4.75  0 -1  -3.751   0.226   0.456  -0.101  -0.255   0.000 -1E00AM000t
00063 GLU-1A0238_063 f 0.00 -1.000     0  4.75  0 -1  -4.007   0.630   3.007  -0.085  -0.382   0.000 -1E00DM000t
00064 GLU-1A0238_064 f 0.00 -1.000     0  4.75  0 -1  -4.099  -0.340   0.842  -0.140  -0.156   0.000 -1E011M000t
00065 GLU-1A0238_065 f 0.00 -1.000     0  4.75  0 -1  -4.214   1.154   0.668  -0.466  -0.151   0.000 -1E012M000t
00066 GLU-1A0238_066 f 0.00 -1.000     0  4.75  0 -1  -3.103  -0.041   3.374  -0.142  -0.221   0.000 -1E013M000t
00067 GLU-1A0238_067 f 0.00 -1.000     0  4.75  0 -1  -4.187   1.789   0.803  -0.147  -0.005   0.000 -1E015M000t
00068 GLU-1A0238_068 f 0.00 -1.000     0  4.75  0 -1  -4.173   1.712   0.673  -0.729   0.099   0.000 -1E016M000t
00069 GLU-1A0238_069 f 0.00 -1.000     0  4.75  0 -1  -3.908  -0.231   0.590  -0.100  -0.012   0.000 -1E017M000t
00070 GLU-1A0238_070 f 0.00 -1.000     0  4.75  0 -1  -4.478   0.023   3.291  -0.121  -0.048   0.000 -1E019M000t
00071 GLU-1A0238_071 f 0.00 -1.000     0  4.75  0 -1  -3.839   0.368   2.972  -0.184  -0.012   0.000 -1E01AM000t
