iConf CONFORMER     FL  occ    crg   Em0  pKa0 ne nH    vdw0    vdw1    tors    epol   dsolv   extra    history
00001 GLU01A0249_001 f 0.00  0.000     0  0.00  0  0  -4.381  -0.710   5.320   0.153  -0.441   0.000 01O000M000t
00002 GLU01A0249_002 f 0.00  0.000     0  0.00  0  0  -4.582   0.070   5.101  -0.006  -0.454   0.000 01E002M000t
00003 GLU01A0249_003 f 0.00  0.000     0  0.00  0  0  -4.441   1.243   5.312   0.135  -0.404   0.000 01E005M000t
00004 GLU01A0249_004 f 0.00  0.000     0  0.00  0  0  -4.445  -0.080   5.415   0.139  -0.429   0.000 01E011M000t
00005 GLU01A0249_005 f 0.00  0.000     0  0.00  0  0  -3.896  -0.271   3.725   0.124  -0.239   0.000 01E032M000t
00006 GLU01A0249_006 f 0.00  0.000     0  0.00  0  0  -4.509  -0.946   7.887   0.356  -0.206   0.000 01E048M000t
00007 GLU01A0249_007 f 0.00  0.000     0  0.00  0  0  -4.089  -0.482   6.517   0.051  -0.545   0.000 01E057M000t
00008 GLU01A0249_008 f 0.00  0.000     0  0.00  0  0  -4.420  -0.710   2.600   0.130   0.686   0.000 01O000M000t
00009 GLU01A0249_009 f 0.00  0.000     0  0.00  0  0  -4.253  -0.144   1.657   0.041   0.451   0.000 01E00AM000t
00010 GLU01A0249_010 f 0.00  0.000     0  0.00  0  0  -4.306  -0.086   2.714   0.088   0.537   0.000 01E011M000t
00011 GLU01A0249_011 f 0.00  0.000     0  0.00  0  0  -4.630  -0.733   2.368   0.073   0.690   0.000 01E02BM000t
00012 GLU01A0249_012 f 0.00  0.000     0  0.00  0  0  -4.571  -0.877   5.192   0.071   0.611   0.000 01E048M000t
00013 GLU01A0249_013 f 0.00  0.000     0  0.00  0  0  -4.112  -0.482   3.900   0.041   0.651   0.000 01E057M000t
00014 GLU01A0249_014 f 0.00  0.000     0  0.00  0  0  -4.589  -0.156   4.428   0.084  -0.440   0.000 01T045M000t
00015 GLU01A0249_015 f 0.00  0.000     0  0.00  0  0  -3.661  -0.458   6.543   0.130  -0.183   0.000 01T054M000t
00016 GLU01A0249_016 f 0.00  0.000     0  0.00  0  0  -4.252  -0.144   4.372   0.050  -0.494   0.000 01T00AM000t
00017 GLU01A0249_017 f 0.00  0.000     0  0.00  0  0  -4.187  -1.089   7.854   0.211  -0.398   0.000 01T00BM000t
00018 GLU01A0249_018 f 0.00  0.000     0  0.00  0  0  -4.551  -0.548   5.426   0.100  -0.626   0.000 01T00EM000t
00019 GLU01A0249_019 f 0.00  0.000     0  0.00  0  0  -4.341   0.606   4.359   0.146  -0.565   0.000 01T00FM000t
00020 GLU01A0249_020 f 0.00  0.000     0  0.00  0  0  -4.281  -0.767   4.282   0.011  -0.317   0.000 01T015M000t
00021 GLU01A0249_021 f 0.00  0.000     0  0.00  0  0  -4.629  -0.733   5.079   0.116  -0.376   0.000 01T02BM000t
00022 GLU01A0249_022 f 0.00  0.000     0  0.00  0  0  -4.637  -0.496   4.219   0.036  -0.460   0.000 01T02CM000t
00023 GLU01A0249_023 f 0.00  0.000     0  0.00  0  0  -4.532   0.589   4.341   0.126  -0.374   0.000 01T05AM000t
00024 GLU01A0249_024 f 0.00  0.000     0  0.00  0  0  -4.441   1.243   2.589   0.094   0.688   0.000 01T005M000t
00025 GLU01A0249_025 f 0.00  0.000     0  0.00  0  0  -4.270  -1.103   5.128   0.124   0.637   0.000 01T00BM000t
00026 GLU01A0249_026 f 0.00  0.000     0  0.00  0  0  -4.719  -0.566   1.480   0.014   0.659   0.000 01T02CM000t
00027 GLU01A0249_027 f 0.00  0.000     0  0.00  0  0  -3.896  -0.271   1.004   0.039   0.278   0.000 01T032M000t
00028 GLU01A0249_028 f 0.00  0.000     0  0.00  0  0  -4.438   0.578   1.695   0.084   0.683   0.000 01T05AM000t
00029 GLU01A0249_029 f 0.00  0.000     0  0.00  0  0  -4.559   0.154   2.404  -0.010   0.618   0.000 01T002M000t
00030 GLU01A0249_030 f 0.00  0.000     0  0.00  0  0  -4.577  -0.548   2.706   0.054   0.687   0.000 01T00EM000t
00031 GLU01A0249_031 f 0.00  0.000     0  0.00  0  0  -4.306   0.606   1.639   0.087   0.406   0.000 01T00FM000t
00032 GLU01A0249_032 f 0.00  0.000     0  0.00  0  0  -4.307  -0.767   1.562   0.005   0.752   0.000 01T015M000t
00033 GLU01A0249_033 f 0.00  0.000     0  0.00  0  0  -4.530  -0.158   1.633   0.043   0.722   0.000 01T045M000t
00034 GLU01A0249_034 f 0.00  0.000     0  0.00  0  0  -3.637  -0.459   3.941   0.050   0.421   0.000 01T054M000t
00035 GLU02A0249_035 f 0.00  0.000     0  0.00  0  0  -4.455  -0.714   5.320   0.266  -0.511   0.000 02O000M000t
00036 GLU02A0249_036 f 0.00  0.000     0  0.00  0  0  -4.435  -0.140   4.438   0.082  -0.707   0.000 02E00AM000t
00037 GLU02A0249_037 f 0.00  0.000     0  0.00  0  0  -4.360   0.590   4.427   0.118  -0.776   0.000 02E00FM000t
00038 GLU02A0249_038 f 0.00  0.000     0  0.00  0  0  -4.665  -0.657   5.092   0.185  -0.486   0.000 02E02BM000t
00039 GLU02A0249_039 f 0.00  0.000     0  0.00  0  0  -4.603  -0.432   4.200   0.365  -0.314   0.000 02E02CM000t
00040 GLU02A0249_040 f 0.00  0.000     0  0.00  0  0  -4.602  -1.000   7.886   0.166  -0.559   0.000 02E048M000t
00041 GLU02A0249_041 f 0.00  0.000     0  0.00  0  0  -3.979  -0.457   6.589   0.040  -0.830   0.000 02E054M000t
00042 GLU02A0249_042 f 0.00  0.000     0  0.00  0  0  -4.092  -0.492   6.548   0.125  -0.568   0.000 02E057M000t
00043 GLU02A0249_043 f 0.00  0.000     0  0.00  0  0  -4.468  -0.714   2.600   0.147   0.548   0.000 02O000M000t
00044 GLU02A0249_044 f 0.00  0.000     0  0.00  0  0  -4.419  -1.033   5.116   0.110   0.439   0.000 02E00BM000t
00045 GLU02A0249_045 f 0.00  0.000     0  0.00  0  0  -4.423  -0.085   2.714   0.089   0.151   0.000 02E011M000t
00046 GLU02A0249_046 f 0.00  0.000     0  0.00  0  0  -4.315  -0.738   1.556   0.044   0.296   0.000 02E015M000t
00047 GLU02A0249_047 f 0.00  0.000     0  0.00  0  0  -4.584  -0.427   1.513   0.041   0.561   0.000 02E02CM000t
00048 GLU02A0249_048 f 0.00  0.000     0  0.00  0  0  -4.359  -0.261   1.278   0.047   0.503   0.000 02E031M000t
00049 GLU02A0249_049 f 0.00  0.000     0  0.00  0  0  -4.577  -0.934   5.174   0.075   0.515   0.000 02E048M000t
00050 GLU02A0249_050 f 0.00  0.000     0  0.00  0  0  -4.065  -0.492   3.895   0.050   0.599   0.000 02E057M000t
00051 GLU02A0249_051 f 0.00  0.000     0  0.00  0  0  -4.450   1.537   5.293   0.784  -0.461   0.000 02T005M000t
00052 GLU02A0249_052 f 0.00  0.000     0  0.00  0  0  -4.447  -1.074   7.857   0.289  -0.421   0.000 02T00BM000t
00053 GLU02A0249_053 f 0.00  0.000     0  0.00  0  0  -4.680  -0.546   5.418   0.075  -0.969   0.000 02T00EM000t
00054 GLU02A0249_054 f 0.00  0.000     0  0.00  0  0  -4.570  -0.081   5.424   0.117  -0.671   0.000 02T011M000t
00055 GLU02A0249_055 f 0.00  0.000     0  0.00  0  0  -4.208  -0.759   4.258   0.557  -0.225   0.000 02T015M000t
00056 GLU02A0249_056 f 0.00  0.000     0  0.00  0  0  -4.084  -0.265   3.728   0.056  -0.737   0.000 02T032M000t
00057 GLU02A0249_057 f 0.00  0.000     0  0.00  0  0  -4.307   0.573   3.993   0.176  -0.693   0.000 02T05BM000t
00058 GLU02A0249_058 f 0.00  0.000     0  0.00  0  0  -4.653   0.247   5.157   0.369  -0.448   0.000 02T002M000t
00059 GLU02A0249_059 f 0.00  0.000     0  0.00  0  0  -4.686  -0.156   4.354   0.042  -0.880   0.000 02T045M000t
00060 GLU02A0249_060 f 0.00  0.000     0  0.00  0  0  -4.381   1.537   2.573   0.200   0.329   0.000 02T005M000t
00061 GLU02A0249_061 f 0.00  0.000     0  0.00  0  0  -4.460  -0.139   1.687   0.048   0.566   0.000 02T00AM000t
00062 GLU02A0249_062 f 0.00  0.000     0  0.00  0  0  -4.680  -0.546   2.698   0.055   0.514   0.000 02T00EM000t
00063 GLU02A0249_063 f 0.00  0.000     0  0.00  0  0  -4.360   0.590   1.676   0.085   0.575   0.000 02T00FM000t
00064 GLU02A0249_064 f 0.00  0.000     0  0.00  0  0  -4.699  -0.151   1.719   0.032   0.092   0.000 02T045M000t
00065 GLU02A0249_065 f 0.00  0.000     0  0.00  0  0  -4.653   0.247   2.437   0.041   0.534   0.000 02T002M000t
00066 GLU02A0249_066 f 0.00  0.000     0  0.00  0  0  -4.688  -0.685   2.333   0.066   0.356   0.000 02T02BM000t
00067 GLU02A0249_067 f 0.00  0.000     0  0.00  0  0  -3.811  -0.458   3.941   0.038   0.560   0.000 02T054M000t
00068 GLU-1A0249_068 f 0.00 -1.000     0  4.75  0 -1  -4.405  -0.693   2.600  -0.285  -0.160   0.000 -1O000M000t
00069 GLU-1A0249_069 f 0.00 -1.000     0  4.75  0 -1  -4.683   0.208   2.360  -0.503  -0.056   0.000 -1E002M000t
00070 GLU-1A0249_070 f 0.00 -1.000     0  4.75  0 -1  -4.480   1.459   2.551  -0.716  -0.014   0.000 -1E005M000t
00071 GLU-1A0249_071 f 0.00 -1.000     0  4.75  0 -1  -4.324  -0.126   1.623  -0.083  -0.318   0.000 -1E00AM000t
00072 GLU-1A0249_072 f 0.00 -1.000     0  4.75  0 -1  -4.368  -1.077   5.067  -0.190   0.036   0.000 -1E00BM000t
00073 GLU-1A0249_073 f 0.00 -1.000     0  4.75  0 -1  -4.633  -0.537   2.640  -0.104  -0.353   0.000 -1E00EM000t
00074 GLU-1A0249_074 f 0.00 -1.000     0  4.75  0 -1  -4.424   0.584   1.614  -0.134  -0.317   0.000 -1E00FM000t
00075 GLU-1A0249_075 f 0.00 -1.000     0  4.75  0 -1  -4.548  -0.056   2.648  -0.132  -0.362   0.000 -1E011M000t
00076 GLU-1A0249_076 f 0.00 -1.000     0  4.75  0 -1  -4.269  -0.755   1.500  -0.432  -0.031   0.000 -1E015M000t
00077 GLU-1A0249_077 f 0.00 -1.000     0  4.75  0 -1  -4.559  -0.727   2.288  -0.246   0.092   0.000 -1E02BM000t
00078 GLU-1A0249_078 f 0.00 -1.000     0  4.75  0 -1  -4.599  -0.512   1.446  -0.277  -0.059   0.000 -1E02CM000t
00079 GLU-1A0249_079 f 0.00 -1.000     0  4.75  0 -1  -4.372  -0.253   1.265  -0.123  -0.248   0.000 -1E031M000t
00080 GLU-1A0249_080 f 0.00 -1.000     0  4.75  0 -1  -4.595  -0.139   1.629  -0.099  -0.236   0.000 -1E045M000t
00081 GLU-1A0249_081 f 0.00 -1.000     0  4.75  0 -1  -4.566  -1.032   5.112  -0.252   0.218   0.000 -1E048M000t
00082 GLU-1A0249_082 f 0.00 -1.000     0  4.75  0 -1  -3.869  -0.446   3.697  -0.107  -0.185   0.000 -1E054M000t
00083 GLU-1A0249_083 f 0.00 -1.000     0  4.75  0 -1  -4.140  -0.473   3.786  -0.099  -0.243   0.000 -1E057M000t
