CONFORMER         crg  vdw0  vdw1  tors  epol  self   occ  Hb     history    ASA
GLU01A0249_001  0.000 -4.38 -0.71  5.32  0.00  0.23 0.504  00  01O000M000  1.000
GLU01A0249_002  0.000 -4.58  0.07  5.10  0.00  0.59 0.506  00  01E002M000  1.014
GLU01A0249_003  0.000 -4.44  1.24  5.31  0.00  2.11 0.505  00  01E005M000  1.000
GLU01A0249_004  0.000 -4.45 -0.08  5.41  0.00  0.89 0.504  00  01E011M000  1.031
GLU01A0249_005  0.000 -3.90 -0.27  3.73  0.00 -0.44 0.504  00  01E032M000  1.003
GLU01A0249_006  0.000 -4.51 -0.95  7.89  0.00  2.43 0.504  00  01E048M000  1.041
GLU01A0249_007  0.000 -4.09 -0.48  6.52  0.00  1.94 0.505  00  01E057M000  1.011
GLU01A0249_008  0.000 -4.42 -0.71  2.60  0.00 -2.53 0.504  00  01O000M000  1.008
GLU01A0249_009  0.000 -4.25 -0.14  1.66  0.00 -2.74 0.504  00  01E00AM000  1.011
GLU01A0249_010  0.000 -4.31 -0.09  2.71  0.00 -1.68 0.504  00  01E011M000  1.000
GLU01A0249_011  0.000 -4.63 -0.73  2.37  0.00 -3.00 0.505  00  01E02BM000  1.016
GLU01A0249_012  0.000 -4.57 -0.88  5.19  0.00 -0.26 0.504  00  01E048M000  1.040
GLU01A0249_013  0.000 -4.13 -0.48  3.90  0.00 -0.71 0.505  00  01E057M000  1.011
GLU01A0249_014  0.000 -4.59 -0.16  4.43  0.00 -0.32 0.504  00  01T045M000  1.003
GLU01A0249_015  0.000 -3.66 -0.46  6.55  0.00  2.43 0.504  00  01T054M000  1.038
GLU01A0249_016  0.000 -4.25 -0.14  4.37  0.00 -0.03 0.504  00  01T00AM000  1.011
GLU01A0249_017  0.000 -4.19 -1.09  7.85  0.00  2.58 0.505  00  01T00BM000  1.018
GLU01A0249_018  0.000 -4.55 -0.55  5.42  0.00  0.33 0.505  00  01T00EM000  1.050
GLU01A0249_019  0.000 -4.34  0.61  4.36  0.00  0.63 0.505  00  01T00FM000  1.007
GLU01A0249_020  0.000 -4.28 -0.77  4.28  0.00 -0.77 0.504  00  01T015M000  1.010
GLU01A0249_021  0.000 -4.63 -0.73  5.08  0.00 -0.28 0.505  00  01T02BM000  1.016
GLU01A0249_022  0.000 -4.64 -0.50  4.22  0.00 -0.92 0.505  00  01T02CM000  1.029
GLU01A0249_023  0.000 -4.53  0.59  4.34  0.00  0.40 0.505  00  01T05AM000  1.008
GLU01A0249_024  0.000 -4.44  1.24  2.59  0.00 -0.61 0.505  00  01T005M000  1.000
GLU01A0249_025  0.000 -4.27 -1.10  5.13  0.00 -0.25 0.505  00  01T00BM000  1.017
GLU01A0249_026  0.000 -4.72 -0.56  1.48  0.00 -3.80 0.505  00  01T02CM000  1.034
GLU01A0249_027  0.000 -3.90 -0.27  1.01  0.00 -3.16 0.504  00  01T032M000  1.003
GLU01A0249_028  0.000 -4.44  0.58  1.69  0.00 -2.16 0.505  00  01T05AM000  1.000
GLU01A0249_029  0.000 -4.56  0.16  2.41  0.00 -2.00 0.506  00  01T002M000  1.022
GLU01A0249_030  0.000 -4.58 -0.55  2.70  0.00 -2.42 0.505  00  01T00EM000  1.056
GLU01A0249_031  0.000 -4.31  0.61  1.64  0.00 -2.06 0.505  00  01T00FM000  1.000
GLU01A0249_032  0.000 -4.31 -0.77  1.56  0.00 -3.51 0.504  00  01T015M000  1.016
GLU01A0249_033  0.000 -4.53 -0.16  1.63  0.00 -3.05 0.504  00  01T045M000  1.003
GLU01A0249_034  0.000 -3.64 -0.46  3.94  0.00 -0.15 0.504  00  01T054M000  1.040
GLU02A0249_035  0.000 -4.45 -0.71  5.32  0.00  0.15 0.504  00  02O000M000  1.000
GLU02A0249_036  0.000 -4.44 -0.14  4.43  0.00 -0.14 0.504  00  02E00AM000  1.003
GLU02A0249_037  0.000 -4.36  0.59  4.43  0.00  0.65 0.505  00  02E00FM000  1.000
GLU02A0249_038  0.000 -4.67 -0.66  5.09  0.00 -0.23 0.505  00  02E02BM000  1.019
GLU02A0249_039  0.000 -4.60 -0.43  4.20  0.00 -0.84 0.505  00  02E02CM000  1.027
GLU02A0249_040  0.000 -4.60 -1.00  7.89  0.00  2.29 0.504  00  02E048M000  1.027
GLU02A0249_041  0.000 -3.98 -0.46  6.59  0.00  2.15 0.504  00  02E054M000  1.030
GLU02A0249_042  0.000 -4.09 -0.49  6.55  0.00  1.96 0.505  00  02E057M000  1.021
GLU02A0249_043  0.000 -4.47 -0.71  2.60  0.00 -2.58 0.504  00  02O000M000  1.003
GLU02A0249_044  0.000 -4.42 -1.03  5.12  0.00 -0.34 0.505  00  02E00BM000  1.010
GLU02A0249_045  0.000 -4.42 -0.09  2.71  0.00 -1.79 0.504  00  02E011M000  1.000
GLU02A0249_046  0.000 -4.31 -0.74  1.56  0.00 -3.50 0.504  00  02E015M000  1.016
GLU02A0249_047  0.000 -4.58 -0.43  1.51  0.00 -3.50 0.505  00  02E02CM000  1.027
GLU02A0249_048  0.000 -4.36 -0.26  1.28  0.00 -3.34 0.504  00  02E031M000  1.026
GLU02A0249_049  0.000 -4.58 -0.93  5.17  0.00 -0.34 0.504  00  02E048M000  1.027
GLU02A0249_050  0.000 -4.06 -0.49  3.89  0.00 -0.66 0.505  00  02E057M000  1.019
GLU02A0249_051  0.000 -4.45  1.54  5.29  0.00  2.38 0.505  00  02T005M000  1.015
GLU02A0249_052  0.000 -4.45 -1.07  7.86  0.00  2.34 0.505  00  02T00BM000  1.012
GLU02A0249_053  0.000 -4.68 -0.55  5.42  0.00  0.19 0.505  00  02T00EM000  1.042
GLU02A0249_054  0.000 -4.57 -0.08  5.42  0.00  0.77 0.504  00  02T011M000  1.020
GLU02A0249_055  0.000 -4.21 -0.76  4.26  0.00 -0.71 0.504  00  02T015M000  1.014
GLU02A0249_056  0.000 -4.08 -0.27  3.73  0.00 -0.62 0.504  00  02T032M000  1.011
GLU02A0249_057  0.000 -4.31  0.57  3.99  0.00  0.26 0.506  00  02T05BM000  1.003
GLU02A0249_058  0.000 -4.65  0.25  5.16  0.00  0.75 0.506  00  02T002M000  1.021
GLU02A0249_059  0.000 -4.69 -0.16  4.36  0.00 -0.49 0.504  00  02T045M000  1.003
GLU02A0249_060  0.000 -4.38  1.54  2.57  0.00 -0.28 0.505  00  02T005M000  1.000
GLU02A0249_061  0.000 -4.46 -0.14  1.68  0.00 -2.92 0.504  00  02T00AM000  1.008
GLU02A0249_062  0.000 -4.68 -0.55  2.70  0.00 -2.53 0.505  00  02T00EM000  1.042
GLU02A0249_063  0.000 -4.36  0.59  1.67  0.00 -2.10 0.505  00  02T00FM000  1.000
GLU02A0249_064  0.000 -4.70 -0.15  1.72  0.00 -3.13 0.504  00  02T045M000  1.003
GLU02A0249_065  0.000 -4.65  0.25  2.44  0.00 -1.97 0.506  00  02T002M000  1.021
GLU02A0249_066  0.000 -4.69 -0.69  2.33  0.00 -3.04 0.505  00  02T02BM000  1.024
GLU02A0249_067  0.000 -3.81 -0.46  3.94  0.00 -0.33 0.504  00  02T054M000  1.038
GLU-1A0249_068 -1.000 -4.40 -0.69  2.60  0.00 -2.50 0.504  00  -1O000M000  1.000
GLU-1A0249_069 -1.000 -4.68  0.21  2.36  0.00 -2.11 0.506  00  -1E002M000  1.021
GLU-1A0249_070 -1.000 -4.48  1.46  2.55  0.00 -0.47 0.505  00  -1E005M000  1.000
GLU-1A0249_071 -1.000 -4.33 -0.13  1.62  0.00 -2.83 0.504  00  -1E00AM000  1.003
GLU-1A0249_072 -1.000 -4.36 -1.08  5.07  0.00 -0.36 0.505  00  -1E00BM000  1.013
GLU-1A0249_073 -1.000 -4.63 -0.54  2.64  0.00 -2.53 0.505  00  -1E00EM000  1.044
GLU-1A0249_074 -1.000 -4.42  0.58  1.62  0.00 -2.23 0.505  00  -1E00FM000  1.000
GLU-1A0249_075 -1.000 -4.55 -0.06  2.65  0.00 -1.96 0.504  00  -1E011M000  1.030
GLU-1A0249_076 -1.000 -4.27 -0.76  1.50  0.00 -3.53 0.504  00  -1E015M000  1.003
GLU-1A0249_077 -1.000 -4.56 -0.73  2.29  0.00 -3.00 0.505  00  -1E02BM000  1.014
GLU-1A0249_078 -1.000 -4.60 -0.51  1.45  0.00 -3.67 0.505  00  -1E02CM000  1.025
GLU-1A0249_079 -1.000 -4.37 -0.25  1.27  0.00 -3.36 0.504  00  -1E031M000  1.017
GLU-1A0249_080 -1.000 -4.60 -0.14  1.63  0.00 -3.11 0.504  00  -1E045M000  1.003
GLU-1A0249_081 -1.000 -4.57 -1.03  5.11  0.00 -0.49 0.504  00  -1E048M000  1.012
GLU-1A0249_082 -1.000 -3.87 -0.45  3.70  0.00 -0.62 0.504  00  -1E054M000  1.037
GLU-1A0249_083 -1.000 -4.14 -0.47  3.79  0.00 -0.82 0.505  00  -1E057M000  1.011
