   confID        vdw0    sas     sum
GLU01A0249_001   0.409  -4.790  -4.381
GLU01A0249_002   0.409  -4.991  -4.582
GLU01A0249_003   0.425  -4.866  -4.441
GLU01A0249_004   0.346  -4.792  -4.445
GLU01A0249_005   0.848  -4.744  -3.896
GLU01A0249_006   0.426  -4.935  -4.509
GLU01A0249_007   0.670  -4.759  -4.089
GLU01A0249_008   0.409  -4.828  -4.420
GLU01A0249_009   0.424  -4.677  -4.253
GLU01A0249_010   0.356  -4.663  -4.306
GLU01A0249_011   0.219  -4.849  -4.630
GLU01A0249_012   0.426  -4.997  -4.571
GLU01A0249_013   0.669  -4.780  -4.112
GLU01A0249_014   0.166  -4.755  -4.589
GLU01A0249_015   1.180  -4.841  -3.661
GLU01A0249_016   0.425  -4.677  -4.252
GLU01A0249_017   0.640  -4.827  -4.187
GLU01A0249_018   0.352  -4.903  -4.551
GLU01A0249_019   0.425  -4.766  -4.341
GLU01A0249_020   0.544  -4.825  -4.281
GLU01A0249_021   0.220  -4.849  -4.629
GLU01A0249_022   0.336  -4.973  -4.637
GLU01A0249_023   0.182  -4.714  -4.532
GLU01A0249_024   0.425  -4.866  -4.441
GLU01A0249_025   0.635  -4.905  -4.270
GLU01A0249_026   0.338  -5.057  -4.719
GLU01A0249_027   0.848  -4.744  -3.896
GLU01A0249_028   0.169  -4.607  -4.438
GLU01A0249_029   0.419  -4.978  -4.559
GLU01A0249_030   0.352  -4.929  -4.577
GLU01A0249_031   0.425  -4.732  -4.306
GLU01A0249_032   0.544  -4.851  -4.307
GLU01A0249_033   0.178  -4.708  -4.530
GLU01A0249_034   1.204  -4.841  -3.637
GLU02A0249_035   0.357  -4.812  -4.455
GLU02A0249_036   0.332  -4.768  -4.435
GLU02A0249_037   0.333  -4.692  -4.360
GLU02A0249_038   0.194  -4.859  -4.665
GLU02A0249_039   0.327  -4.929  -4.603
GLU02A0249_040   0.388  -4.991  -4.602
GLU02A0249_041   0.907  -4.886  -3.979
GLU02A0249_042   0.694  -4.786  -4.092
GLU02A0249_043   0.357  -4.825  -4.468
GLU02A0249_044   0.581  -5.000  -4.419
GLU02A0249_045   0.302  -4.725  -4.423
GLU02A0249_046   0.558  -4.874  -4.315
GLU02A0249_047   0.324  -4.908  -4.584
GLU02A0249_048   0.442  -4.802  -4.359
GLU02A0249_049   0.392  -4.969  -4.577
GLU02A0249_050   0.757  -4.822  -4.065
GLU02A0249_051   0.357  -4.807  -4.450
GLU02A0249_052   0.566  -5.013  -4.447
GLU02A0249_053   0.299  -4.979  -4.680
GLU02A0249_054   0.298  -4.868  -4.570
GLU02A0249_055   0.561  -4.769  -4.208
GLU02A0249_056   0.659  -4.742  -4.084
GLU02A0249_057   0.499  -4.807  -4.307
GLU02A0249_058   0.356  -5.009  -4.653
GLU02A0249_059   0.160  -4.846  -4.686
GLU02A0249_060   0.357  -4.738  -4.381
GLU02A0249_061   0.333  -4.794  -4.460
GLU02A0249_062   0.299  -4.979  -4.680
GLU02A0249_063   0.333  -4.692  -4.360
GLU02A0249_064   0.147  -4.846  -4.699
GLU02A0249_065   0.356  -5.009  -4.653
GLU02A0249_066   0.197  -4.885  -4.688
GLU02A0249_067   1.017  -4.828  -3.811
GLU-1A0249_068   0.287  -4.692  -4.405
GLU-1A0249_069   0.288  -4.972  -4.683
GLU-1A0249_070   0.298  -4.778  -4.480
GLU-1A0249_071   0.279  -4.603  -4.324
GLU-1A0249_072   0.500  -4.868  -4.368
GLU-1A0249_073   0.228  -4.861  -4.633
GLU-1A0249_074   0.278  -4.702  -4.424
GLU-1A0249_075   0.227  -4.775  -4.548
GLU-1A0249_076   0.431  -4.700  -4.269
GLU-1A0249_077   0.128  -4.687  -4.559
GLU-1A0249_078   0.238  -4.837  -4.599
GLU-1A0249_079   0.390  -4.762  -4.372
GLU-1A0249_080   0.085  -4.680  -4.595
GLU-1A0249_081   0.327  -4.893  -4.566
GLU-1A0249_082   0.906  -4.775  -3.869
GLU-1A0249_083   0.561  -4.701  -4.140
