iConf CONFORMER     FL  occ    crg   Em0  pKa0 ne nH    vdw0    vdw1    tors    epol   dsolv   extra    history
00001 HIS01A0026_001 f 0.00  0.000     0  0.00  0  0 -11.732   0.245   0.012   0.212   0.503   0.000 01O000M000t
00002 HIS01A0026_002 f 0.00  0.000     0  0.00  0  0 -11.720   0.180   0.012   0.301   0.483   0.000 01E008M000t
00003 HIS01A0026_003 f 0.00  0.000     0  0.00  0  0 -11.553   1.044   0.014   0.366   0.452   0.000 01E00AM000t
00004 HIS01A0026_004 f 0.00  0.000     0  0.00  0  0 -11.552   6.739   0.017   0.772   0.760   0.000 01E00DM000t
00005 HIS01A0026_005 f 0.00  0.000     0  0.00  0  0 -11.383   5.016   0.010   0.270   0.370   0.000 01E00FM000t
00006 HIS01A0026_006 f 0.00  0.000     0  0.00  0  0 -11.801   2.970   0.000  -0.151   0.514   0.000 01E010M000t
00007 HIS01A0026_007 f 0.00  0.000     0  0.00  0  0 -11.867   2.160   0.000   0.465   0.354   0.000 01E013M000t
00008 HIS01A0026_008 f 0.00  0.000     0  0.00  0  0 -11.571   0.144   0.010   0.381   0.356   0.000 01E014M000t
00009 HIS01A0026_009 f 0.00  0.000     0  0.00  0  0 -11.982   2.495   2.784   0.212   0.436   0.000 01E016M000t
00010 HIS01A0026_010 f 0.00  0.000     0  0.00  0  0 -11.617   1.272   0.007   0.267   0.553   0.000 01T004M000t
00011 HIS01A0026_011 f 0.00  0.000     0  0.00  0  0 -11.775   1.466   0.005   0.111   0.520   0.000 01T006M000t
00012 HIS01A0026_012 f 0.00  0.000     0  0.00  0  0 -11.771   1.577   0.014   0.107   0.466   0.000 01T007M000t
00013 HIS01A0026_013 f 0.00  0.000     0  0.00  0  0 -11.375   3.437   2.786   0.378   0.443   0.000 01T00BM000t
00014 HIS01A0026_014 f 0.00  0.000     0  0.00  0  0 -11.262   5.084   2.782   0.227   0.448   0.000 01T00CM000t
00015 HIS01A0026_015 f 0.00  0.000     0  0.00  0  0 -11.989   1.507   0.012   0.479   0.582   0.000 01T00EM000t
00016 HIS01A0026_016 f 0.00  0.000     0  0.00  0  0 -11.726   0.348   0.011   0.106   0.533   0.000 01T011M000t
00017 HIS01A0026_017 f 0.00  0.000     0  0.00  0  0 -11.538   2.122   2.786   0.310   0.392   0.000 01T017M000t
00018 HIS01A0026_018 f 0.00  0.000     0  0.00  0  0 -11.859   2.284   2.785   0.309   0.400   0.000 01T019M000t
00019 HIS02A0026_019 f 0.00  0.000     0  0.00  0  0 -11.748   0.221   0.012   0.217   0.301   0.000 02O000M000t
00020 HIS02A0026_020 f 0.00  0.000     0  0.00  0  0 -11.874   0.223   0.012   0.204   0.284   0.000 02R001M000t
00021 HIS02A0026_021 f 0.00  0.000     0  0.00  0  0 -11.401   3.634   2.786   0.241   0.367   0.000 02E002M000t
00022 HIS02A0026_022 f 0.00  0.000     0  0.00  0  0 -11.767   1.480   0.016   0.536   0.465   0.000 02E007M000t
00023 HIS02A0026_023 f 0.00  0.000     0  0.00  0  0 -11.796   3.149   0.000   0.597   0.419   0.000 02E010M000t
00024 HIS02A0026_024 f 0.00  0.000     0  0.00  0  0 -11.740   0.299   0.010   0.106   0.375   0.000 02E011M000t
00025 HIS02A0026_025 f 0.00  0.000     0  0.00  0  0 -12.062   2.466   2.783   0.207   0.309   0.000 02E016M000t
00026 HIS02A0026_026 f 0.00  0.000     0  0.00  0  0 -11.557   2.113   2.787   0.228   0.270   0.000 02E017M000t
00027 HIS02A0026_027 f 0.00  0.000     0  0.00  0  0 -11.761   2.277   2.784   0.211   0.254   0.000 02E019M000t
00028 HIS02A0026_028 f 0.00  0.000     0  0.00  0  0 -11.673   1.260   0.008  -0.165   0.431   0.000 02T004M000t
00029 HIS02A0026_029 f 0.00  0.000     0  0.00  0  0 -11.789   1.385   0.005   0.274   0.395   0.000 02T006M000t
00030 HIS02A0026_030 f 0.00  0.000     0  0.00  0  0 -11.591   1.002   0.014   0.318   0.346   0.000 02T00AM000t
00031 HIS02A0026_031 f 0.00  0.000     0  0.00  0  0 -11.331   3.415   2.786   0.273   0.261   0.000 02T00BM000t
00032 HIS02A0026_032 f 0.00  0.000     0  0.00  0  0 -11.273   5.180   2.782   0.185   0.309   0.000 02T00CM000t
00033 HIS02A0026_033 f 0.00  0.000     0  0.00  0  0 -11.767   7.058   0.012   0.104   0.620   0.000 02T00DM000t
00034 HIS02A0026_034 f 0.00  0.000     0  0.00  0  0 -11.996   1.535   0.012   0.398   0.406   0.000 02T00EM000t
00035 HIS02A0026_035 f 0.00  0.000     0  0.00  0  0 -11.471   5.024   0.010   0.202   0.359   0.000 02T00FM000t
00036 HIS02A0026_036 f 0.00  0.000     0  0.00  0  0 -11.918   2.127   0.000   0.418   0.358   0.000 02T013M000t
00037 HIS02A0026_037 f 0.00  0.000     0  0.00  0  0 -11.523   0.129   0.009   0.167   0.347   0.000 02T014M000t
00038 HIS+1A0026_038 f 0.00  1.000     0  6.98  0  1 -11.775   0.219   0.012   0.497  -0.273   0.000 +1O000M000t
00039 HIS+1A0026_039 f 0.00  1.000     0  6.98  0  1 -11.900   0.221   0.012   0.482  -0.504   0.000 +1R001M000t
00040 HIS+1A0026_040 f 0.00  1.000     0  6.98  0  1 -11.428   3.627   2.787   0.419  -0.220   0.000 +1E002M000t
00041 HIS+1A0026_041 f 0.00  1.000     0  6.98  0  1 -11.885   1.380   0.005   0.582  -0.099   0.000 +1E006M000t
00042 HIS+1A0026_042 f 0.00  1.000     0  6.98  0  1 -11.794   1.479   0.015   0.913  -0.070   0.000 +1E007M000t
00043 HIS+1A0026_043 f 0.00  1.000     0  6.98  0  1 -11.600   1.026   0.014   0.642  -0.298   0.000 +1E00AM000t
00044 HIS+1A0026_044 f 0.00  1.000     0  6.98  0  1 -11.594   7.079   0.011  -0.183   0.230   0.000 +1E00DM000t
00045 HIS+1A0026_045 f 0.00  1.000     0  6.98  0  1 -11.975   1.552   0.012   0.184  -0.241   0.000 +1E00EM000t
00046 HIS+1A0026_046 f 0.00  1.000     0  6.98  0  1 -11.767   0.300   0.011   0.591  -0.230   0.000 +1E011M000t
00047 HIS+1A0026_047 f 0.00  1.000     0  6.98  0  1 -12.089   2.464   2.784   0.572  -0.256   0.000 +1E016M000t
00048 HIS+1A0026_048 f 0.00  1.000     0  6.98  0  1 -11.789   2.275   2.784   0.516  -0.310   0.000 +1E019M000t
00049 HIS+1A0026_049 f 0.00  1.000     0  6.98  0  1 -11.635   1.276   0.009   0.095   0.105   0.000 +1T004M000t
00050 HIS+1A0026_050 f 0.00  1.000     0  6.98  0  1 -11.357   3.408   2.787   0.404  -0.272   0.000 +1T00BM000t
00051 HIS+1A0026_051 f 0.00  1.000     0  6.98  0  1 -11.363   5.168   2.784   0.308  -0.304   0.000 +1T00CM000t
00052 HIS+1A0026_052 f 0.00  1.000     0  6.98  0  1 -11.450   5.049   0.010   0.030  -0.160   0.000 +1T00FM000t
00053 HIS+1A0026_053 f 0.00  1.000     0  6.98  0  1 -12.120   3.150   0.000   1.146   0.013   0.000 +1T010M000t
00054 HIS+1A0026_054 f 0.00  1.000     0  6.98  0  1 -12.029   2.133   0.000   0.828  -0.277   0.000 +1T013M000t
00055 HIS+1A0026_055 f 0.00  1.000     0  6.98  0  1 -11.614   0.128   0.011   0.596  -0.299   0.000 +1T014M000t
00056 HIS+1A0026_056 f 0.00  1.000     0  6.98  0  1 -11.584   2.114   2.787   0.561  -0.322   0.000 +1T017M000t
