   confID        vdw0    sas     sum
HIS01A0026_001  -0.206 -11.526 -11.732
HIS01A0026_002  -0.348 -11.497 -11.845
HIS01A0026_003  -0.119 -11.601 -11.720
HIS01A0026_004  -0.273 -11.870 -12.143
HIS01A0026_005  -0.110 -11.879 -11.989
HIS01A0026_006  -0.352 -11.449 -11.801
HIS01A0026_007  -0.116 -11.603 -11.719
HIS01A0026_008  -0.274 -11.593 -11.867
HIS01A0026_009  -0.348 -11.304 -11.651
HIS01A0026_010  -0.257 -11.725 -11.982
HIS01A0026_011  -0.197 -11.877 -12.074
HIS01A0026_012  -0.192 -11.425 -11.617
HIS01A0026_013  -0.256 -11.516 -11.771
HIS01A0026_014  -0.115 -11.260 -11.375
HIS01A0026_015  -0.127 -11.135 -11.262
HIS01A0026_016  -0.268 -11.068 -11.336
HIS01A0026_017  -0.136 -11.433 -11.569
HIS01A0026_018  -0.120 -11.418 -11.538
HIS01A0026_019  -0.137 -11.722 -11.859
HIS02A0026_020  -0.223 -11.526 -11.748
HIS02A0026_021  -0.215 -11.836 -12.052
HIS02A0026_022  -0.212 -11.460 -11.673
HIS02A0026_023  -0.271 -11.497 -11.767
HIS02A0026_024  -0.139 -11.601 -11.740
HIS02A0026_025  -0.292 -11.870 -12.162
HIS02A0026_026  -0.150 -11.123 -11.273
HIS02A0026_027  -0.288 -11.184 -11.472
HIS02A0026_028  -0.135 -11.539 -11.675
HIS02A0026_029  -0.157 -11.366 -11.523
HIS02A0026_030  -0.361 -11.371 -11.733
HIS02A0026_031  -0.273 -11.789 -12.062
HIS02A0026_032  -0.139 -11.418 -11.557
HIS02A0026_033  -0.156 -11.605 -11.761
HIS02A0026_034  -0.214 -11.255 -11.469
HIS02A0026_035  -0.361 -11.427 -11.789
HIS02A0026_036  -0.135 -11.196 -11.331
HIS02A0026_037  -0.133 -11.863 -11.996
HIS02A0026_038  -0.363 -11.730 -12.093
HIS02A0026_039  -0.293 -11.625 -11.918
HIS+1A0026_040  -0.249 -11.526 -11.775
HIS+1A0026_041  -0.243 -11.932 -12.175
HIS+1A0026_042  -0.239 -11.396 -11.635
HIS+1A0026_043  -0.160 -11.815 -11.975
HIS+1A0026_044  -0.315 -11.135 -11.451
HIS+1A0026_045  -0.319 -11.661 -11.980
HIS+1A0026_046  -0.184 -11.430 -11.614
HIS+1A0026_047  -0.300 -11.789 -12.089
HIS+1A0026_048  -0.166 -11.418 -11.584
HIS+1A0026_049  -0.388 -11.360 -11.748
HIS+1A0026_050  -0.297 -11.448 -11.745
HIS+1A0026_051  -0.165 -11.601 -11.766
HIS+1A0026_052  -0.319 -11.821 -12.140
HIS+1A0026_053  -0.161 -11.196 -11.357
HIS+1A0026_054  -0.176 -11.187 -11.363
HIS+1A0026_055  -0.390 -11.730 -12.120
HIS+1A0026_056  -0.161 -11.641 -11.802
HIS+1A0026_057  -0.388 -11.304 -11.692
HIS+1A0026_058  -0.184 -11.654 -11.838
