iConf CONFORMER     FL  occ    crg   Em0  pKa0 ne nH    vdw0    vdw1    tors    epol   dsolv   extra    history
00001 ASP01A0173_001 f 0.00  0.000     0  0.00  0  0  -4.324   4.000   3.084   1.141   0.049   0.000 01O000M000t
00002 ASP01A0173_002 f 0.00  0.000     0  0.00  0  0  -4.324   4.000   0.363   0.063   0.435   0.000 01O000M000t
00003 ASP01A0173_003 f 0.00  0.000     0  0.00  0  0  -4.204   0.747   0.840   0.173   0.426   0.000 01E006M000t
00004 ASP01A0173_004 f 0.00  0.000     0  0.00  0  0  -3.894   1.241   5.634   0.231  -0.764   0.000 01T005M000t
00005 ASP01A0173_005 f 0.00  0.000     0  0.00  0  0  -3.922   0.882   3.586   0.266  -0.824   0.000 01T002M000t
00006 ASP01A0173_006 f 0.00  0.000     0  0.00  0  0  -4.585   1.406   3.549   0.373  -0.502   0.000 01T003M000t
00007 ASP01A0173_007 f 0.00  0.000     0  0.00  0  0  -4.190   0.747   3.541   0.164  -0.768   0.000 01T006M000t
00008 ASP01A0173_008 f 0.00  0.000     0  0.00  0  0  -3.926   0.736   0.885   0.245   0.330   0.000 01T002M000t
00009 ASP01A0173_009 f 0.00  0.000     0  0.00  0  0  -4.585   1.406   0.829   0.155   0.492   0.000 01T003M000t
00010 ASP01A0173_010 f 0.00  0.000     0  0.00  0  0  -3.883   1.284   2.915   0.173   0.451   0.000 01T005M000t
00011 ASP02A0173_011 f 0.00  0.000     0  0.00  0  0  -4.319   3.020   3.083  -0.004  -0.542   0.000 02O000M000t
00012 ASP02A0173_012 f 0.00  0.000     0  0.00  0  0  -4.319   3.020   0.363  -0.001   0.659   0.000 02O000M000t
00013 ASP02A0173_013 f 0.00  0.000     0  0.00  0  0  -4.026   1.086   3.628   0.220  -0.139   0.000 02T002M000t
00014 ASP02A0173_014 f 0.00  0.000     0  0.00  0  0  -4.419   1.041   3.594   0.204  -0.491   0.000 02T003M000t
00015 ASP02A0173_015 f 0.00  0.000     0  0.00  0  0  -4.015   1.353   5.646   0.262  -0.257   0.000 02T005M000t
00016 ASP02A0173_016 f 0.00  0.000     0  0.00  0  0  -4.154   1.693   5.381   0.124  -0.620   0.000 02T004M000t
00017 ASP02A0173_017 f 0.00  0.000     0  0.00  0  0  -4.121   0.853   3.564   0.275  -0.404   0.000 02T006M000t
00018 ASP02A0173_018 f 0.00  0.000     0  0.00  0  0  -4.026   1.086   0.908   0.276   0.744   0.000 02T002M000t
00019 ASP02A0173_019 f 0.00  0.000     0  0.00  0  0  -4.500   1.128   0.834   0.134   0.728   0.000 02T003M000t
00020 ASP02A0173_020 f 0.00  0.000     0  0.00  0  0  -4.154   1.693   2.661   0.118   0.686   0.000 02T004M000t
00021 ASP02A0173_021 f 0.00  0.000     0  0.00  0  0  -4.186   0.853   0.844   0.191   0.662   0.000 02T006M000t
00022 ASP-1A0173_022 f 0.00 -1.000     0  4.75  0 -1  -4.205   3.046   0.363  -0.476   0.090   0.000 -1O000M000t
00023 ASP-1A0173_023 f 0.00 -1.000     0  4.75  0 -1  -4.432   1.149   0.825  -0.052   0.047   0.000 -1E003M000t
00024 ASP-1A0173_024 f 0.00 -1.000     0  4.75  0 -1  -3.985   1.272   2.800  -0.180  -0.135   0.000 -1E005M000t
00025 ASP-1A0173_025 f 0.00 -1.000     0  4.75  0 -1  -4.183   0.671   0.792  -0.298  -0.075   0.000 -1E006M000t
