CONFORMER         crg  vdw0  vdw1  tors  epol  self   occ  Hb     history    ASA
ASP01A0173_001  0.000 -4.32  4.00  3.08  0.00  2.76 0.574  00  01O000M000  1.000
ASP01A0173_002  0.000 -4.32  4.00  0.36  0.00  0.04 0.574  00  01O000M000  1.000
ASP01A0173_003  0.000 -4.20  0.75  0.84  0.00 -2.62 0.573  00  01E006M000  1.006
ASP01A0173_004  0.000 -3.89  1.24  5.63  0.00  2.98 0.574  00  01T005M000  1.000
ASP01A0173_005  0.000 -3.92  0.88  3.58  0.00  0.55 0.573  00  01T002M000  1.000
ASP01A0173_006  0.000 -4.59  1.41  3.55  0.00  0.37 0.570  00  01T003M000  1.075
ASP01A0173_007  0.000 -4.19  0.75  3.54  0.00  0.09 0.573  00  01T006M000  1.003
ASP01A0173_008  0.000 -3.93  0.73  0.88  0.00 -2.31 0.573  00  01T002M000  1.000
ASP01A0173_009  0.000 -4.59  1.41  0.83  0.00 -2.35 0.570  00  01T003M000  1.075
ASP01A0173_010  0.000 -3.89  1.29  2.91  0.00  0.31 0.574  00  01T005M000  1.000
ASP02A0173_011  0.000 -4.32  3.02  3.08  0.00  1.78 0.574  00  02O000M000  1.008
ASP02A0173_012  0.000 -4.32  3.02  0.36  0.00 -0.94 0.574  00  02O000M000  1.008
ASP02A0173_013  0.000 -4.02  1.09  3.63  0.00  0.69 0.573  00  02T002M000  1.000
ASP02A0173_014  0.000 -4.42  1.04  3.59  0.00  0.22 0.570  00  02T003M000  1.079
ASP02A0173_015  0.000 -4.01  1.35  5.65  0.00  2.98 0.574  00  02T005M000  1.000
ASP02A0173_016  0.000 -4.15  1.69  5.38  0.00  2.92 0.569  00  02T004M000  1.000
ASP02A0173_017  0.000 -4.12  0.85  3.56  0.00  0.29 0.573  00  02T006M000  1.000
ASP02A0173_018  0.000 -4.02  1.09  0.91  0.00 -2.03 0.573  00  02T002M000  1.000
ASP02A0173_019  0.000 -4.50  1.12  0.83  0.00 -2.54 0.570  00  02T003M000  1.078
ASP02A0173_020  0.000 -4.15  1.69  2.66  0.00  0.20 0.569  00  02T004M000  1.000
ASP02A0173_021  0.000 -4.18  0.85  0.84  0.00 -2.49 0.573  00  02T006M000  1.015
ASP-1A0173_022 -1.000 -4.21  3.05  0.36  0.00 -0.80 0.574  00  -1O000M000  1.000
ASP-1A0173_023 -1.000 -4.43  1.15  0.83  0.00 -2.45 0.570  00  -1E003M000  1.070
ASP-1A0173_024 -1.000 -3.99  1.27  2.80  0.00  0.08 0.574  00  -1E005M000  1.000
ASP-1A0173_025 -1.000 -4.19  0.67  0.79  0.00 -2.72 0.573  00  -1E006M000  1.003
