CONFORMER         crg  vdw0  vdw1  tors  epol  self   occ  Hb     history    ASA
HIS01A0026_001  0.000-11.73  0.24  0.01  0.00-11.48 0.521  00  01O000M000  1.000
HIS01A0026_002  0.000-11.86  0.23  0.01  0.00-11.61 0.521  00  01R001M000  1.000
HIS01A0026_003  0.000-11.86  1.75  0.01  0.00-10.10 0.518  00  01E003M000  1.000
HIS01A0026_004  0.000-11.58  1.27  0.01  0.00-10.31 0.519  00  01E004M000  1.000
HIS01A0026_005  0.000-11.48  2.17  2.79  0.00 -6.53 0.517  00  01E005M000  1.000
HIS01A0026_006  0.000-11.82  1.57  0.01  0.00-10.23 0.520  00  01E007M000  1.000
HIS01A0026_007  0.000-12.14  0.84  0.00  0.00-11.30 0.519  00  01E009M000  1.000
HIS01A0026_008  0.000-11.44  3.43  2.79  0.00 -5.23 0.518  00  01E00BM000  1.000
HIS01A0026_009  0.000-11.65  4.21  2.78  0.00 -4.67 0.519  00  01E015M000  1.000
HIS01A0026_010  0.000-11.81  2.29  2.79  0.00 -6.73 0.519  00  01E019M000  1.000
HIS01A0026_011  0.000-11.50  3.62  2.79  0.00 -5.09 0.519  00  01T002M000  1.000
HIS01A0026_012  0.000-11.99  1.51  0.01  0.00-10.47 0.517  00  01T00EM000  1.000
HIS01A0026_013  0.000-11.34  5.03  0.01  0.00 -6.29 0.520  00  01T00FM000  1.000
HIS01A0026_014  0.000-11.78  2.97  0.00  0.00 -8.81 0.517  00  01T010M000  1.000
HIS01A0026_015  0.000-11.90  2.10  0.00  0.00 -9.80 0.523  00  01T013M000  1.000
HIS01A0026_016  0.000-11.87  2.50  2.78  0.00 -6.58 0.519  00  01T016M000  1.000
HIS01A0026_017  0.000-11.54  2.12  2.79  0.00 -6.63 0.521  00  01T017M000  1.000
HIS01A0026_018  0.000-12.02  3.36  2.77  0.00 -5.88 0.520  00  01T018M000  1.000
HIS02A0026_019  0.000-11.75  0.22  0.01  0.00-11.52 0.521  00  02O000M000  1.000
HIS02A0026_020  0.000-11.87  0.22  0.01  0.00-11.64 0.521  00  02R001M000  1.000
HIS02A0026_021  0.000-11.40  3.63  2.79  0.00 -4.98 0.519  00  02E002M000  1.000
HIS02A0026_022  0.000-12.05  1.71  0.01  0.00-10.33 0.518  00  02E003M000  1.000
HIS02A0026_023  0.000-11.67  1.25  0.01  0.00-10.41 0.519  00  02E004M000  1.000
HIS02A0026_024  0.000-11.57  2.14  2.79  0.00 -6.64 0.517  00  02E005M000  1.000
HIS02A0026_025  0.000-12.16  0.83  0.00  0.00-11.33 0.519  00  02E009M000  1.000
HIS02A0026_026  0.000-11.27  5.21  2.78  0.00 -3.28 0.519  00  02E00CM000  1.000
HIS02A0026_027  0.000-11.95  1.54  0.01  0.00-10.40 0.517  00  02E00EM000  1.000
HIS02A0026_028  0.000-11.47  5.02  0.01  0.00 -6.44 0.520  00  02E00FM000  1.000
HIS02A0026_029  0.000-11.56  2.11  2.79  0.00 -6.66 0.521  00  02E017M000  1.000
HIS02A0026_030  0.000-12.07  3.37  2.77  0.00 -5.93 0.520  00  02E018M000  1.000
HIS02A0026_031  0.000-11.77  1.48  0.02  0.00-10.27 0.520  00  02T007M000  1.000
HIS02A0026_032  0.000-11.33  3.41  2.79  0.00 -5.13 0.518  00  02T00BM000  1.000
HIS02A0026_033  0.000-12.09  3.14  0.00  0.00 -8.95 0.517  00  02T010M000  1.000
HIS02A0026_034  0.000-11.87  2.12  0.00  0.00 -9.75 0.523  00  02T013M000  1.000
HIS02A0026_035  0.000-11.66  4.21  2.78  0.00 -4.68 0.519  00  02T015M000  1.000
HIS02A0026_036  0.000-12.11  2.47  2.78  0.00 -6.86 0.519  00  02T016M000  1.000
HIS02A0026_037  0.000-11.81  2.28  2.78  0.00 -6.75 0.519  00  02T019M000  1.000
HIS+1A0026_038  1.000-11.77  0.22  0.01  0.00-11.55 0.521  00  +1O000M000  1.000
HIS+1A0026_039  1.000-11.43  3.62  2.79  0.00 -5.02 0.519  00  +1E002M000  1.000
HIS+1A0026_040  1.000-11.53  2.14  2.79  0.00 -6.60 0.517  00  +1E005M000  1.000
HIS+1A0026_041  1.000-11.77  0.16  0.01  0.00-11.59 0.519  00  +1E008M000  1.000
HIS+1A0026_042  1.000-11.43  3.40  2.79  0.00 -5.24 0.518  00  +1E00BM000  1.000
HIS+1A0026_043  1.000-11.36  5.21  2.78  0.00 -3.37 0.519  00  +1E00CM000  1.000
HIS+1A0026_044  1.000-11.97  1.55  0.01  0.00-10.42 0.517  00  +1E00EM000  1.000
HIS+1A0026_045  1.000-11.45  5.05  0.01  0.00 -6.39 0.520  00  +1E00FM000  1.000
HIS+1A0026_046  1.000-11.69  4.19  2.78  0.00 -4.72 0.519  00  +1E015M000  1.000
HIS+1A0026_047  1.000-11.79  2.27  2.78  0.00 -6.73 0.519  00  +1E019M000  1.000
HIS+1A0026_048  1.000-12.13  1.73  0.01  0.00-10.39 0.518  00  +1T003M000  1.000
HIS+1A0026_049  1.000-11.57  1.28  0.01  0.00-10.28 0.519  00  +1T004M000  1.000
HIS+1A0026_050  1.000-11.81  1.48  0.02  0.00-10.32 0.520  00  +1T007M000  1.000
HIS+1A0026_051  1.000-12.14  0.82  0.00  0.00-11.31 0.519  00  +1T009M000  1.000
HIS+1A0026_052  1.000-12.12  3.16  0.00  0.00 -8.96 0.517  00  +1T010M000  1.000
HIS+1A0026_053  1.000-12.03  2.13  0.00  0.00 -9.90 0.523  00  +1T013M000  1.000
HIS+1A0026_054  1.000-12.02  2.47  2.78  0.00 -6.77 0.519  00  +1T016M000  1.000
HIS+1A0026_055  1.000-11.58  2.11  2.79  0.00 -6.69 0.521  00  +1T017M000  1.000
HIS+1A0026_056  1.000-12.13  3.35  2.77  0.00 -6.00 0.520  00  +1T018M000  1.000
