   confID        vdw0    sas     sum
HIS01A0026_001  -0.206 -11.526 -11.732
HIS01A0026_002  -0.178 -11.683 -11.861
HIS01A0026_003  -0.197 -11.599 -11.796
HIS01A0026_004  -0.192 -11.393 -11.585
HIS01A0026_005  -0.207 -11.278 -11.484
HIS01A0026_006  -0.256 -11.564 -11.820
HIS01A0026_007  -0.273 -11.870 -12.143
HIS01A0026_008  -0.114 -11.329 -11.444
HIS01A0026_009  -0.348 -11.304 -11.651
HIS01A0026_010  -0.137 -11.673 -11.810
HIS01A0026_011  -0.195 -11.302 -11.497
HIS01A0026_012  -0.110 -11.879 -11.989
HIS01A0026_013  -0.268 -11.068 -11.336
HIS01A0026_014  -0.352 -11.429 -11.781
HIS01A0026_015  -0.273 -11.621 -11.895
HIS01A0026_016  -0.258 -11.610 -11.868
HIS01A0026_017  -0.120 -11.418 -11.538
HIS01A0026_018  -0.269 -11.750 -12.018
HIS02A0026_019  -0.223 -11.526 -11.748
HIS02A0026_020  -0.191 -11.683 -11.874
HIS02A0026_021  -0.214 -11.187 -11.401
HIS02A0026_022  -0.215 -11.836 -12.052
HIS02A0026_023  -0.212 -11.460 -11.673
HIS02A0026_024  -0.224 -11.345 -11.569
HIS02A0026_025  -0.292 -11.870 -12.162
HIS02A0026_026  -0.150 -11.123 -11.273
HIS02A0026_027  -0.134 -11.815 -11.949
HIS02A0026_028  -0.288 -11.184 -11.472
HIS02A0026_029  -0.139 -11.418 -11.557
HIS02A0026_030  -0.288 -11.779 -12.067
HIS02A0026_031  -0.271 -11.497 -11.767
HIS02A0026_032  -0.135 -11.196 -11.331
HIS02A0026_033  -0.363 -11.730 -12.093
HIS02A0026_034  -0.293 -11.625 -11.918
HIS02A0026_035  -0.361 -11.304 -11.665
HIS02A0026_036  -0.274 -11.838 -12.112
HIS02A0026_037  -0.157 -11.654 -11.811
HIS+1A0026_038  -0.249 -11.526 -11.775
HIS+1A0026_039  -0.241 -11.187 -11.428
HIS+1A0026_040  -0.249 -11.278 -11.527
HIS+1A0026_041  -0.166 -11.601 -11.766
HIS+1A0026_042  -0.162 -11.265 -11.427
HIS+1A0026_043  -0.176 -11.187 -11.363
HIS+1A0026_044  -0.160 -11.815 -11.975
HIS+1A0026_045  -0.315 -11.135 -11.451
HIS+1A0026_046  -0.388 -11.304 -11.692
HIS+1A0026_047  -0.184 -11.605 -11.789
HIS+1A0026_048  -0.244 -11.885 -12.129
HIS+1A0026_049  -0.239 -11.396 -11.635
HIS+1A0026_050  -0.297 -11.448 -11.745
HIS+1A0026_051  -0.319 -11.821 -12.140
HIS+1A0026_052  -0.390 -11.730 -12.120
HIS+1A0026_053  -0.319 -11.710 -12.029
HIS+1A0026_054  -0.301 -11.721 -12.022
HIS+1A0026_055  -0.166 -11.418 -11.584
HIS+1A0026_056  -0.315 -11.814 -12.129
