CONFORMER         crg  vdw0  vdw1  tors  epol  self   occ  Hb     history    ASA
GLU01A0154_001  0.000 -3.58  0.30  3.95  0.00  0.67 0.515  00  01O000M000  1.022
GLU01A0154_002  0.000 -3.93  0.25  3.32  0.00 -0.36 0.515  00  01E005M000  1.019
GLU01A0154_003  0.000 -4.28  1.42  4.32  0.00  1.45 0.513  00  01E011M000  1.023
GLU01A0154_004  0.000 -4.55  0.69  6.20  0.00  2.34 0.515  00  01E015M000  1.065
GLU01A0154_005  0.000 -3.58  0.30  1.23  0.00 -2.05 0.515  00  01O000M000  1.022
GLU01A0154_006  0.000 -4.46  0.47  1.58  0.00 -2.42 0.515  00  01E009M000  1.025
GLU01A0154_007  0.000 -4.00  0.23  0.86  0.00 -2.91 0.513  00  01E017M000  1.035
GLU01A0154_008  0.000 -2.27  0.39  0.89  0.00 -0.99 0.515  00  01E01AM000  1.048
GLU01A0154_009  0.000 -3.88  2.04  0.90  0.00 -0.93 0.516  00  01E01EM000  1.000
GLU01A0154_010  0.000 -4.47  0.48  4.29  0.00  0.31 0.515  00  01T009M000  1.025
GLU01A0154_011  0.000 -4.50  0.47  3.30  0.00 -0.73 0.514  00  01T00BM000  1.100
GLU01A0154_012  0.000 -4.30  1.56  5.30  0.00  2.56 0.514  00  01T020M000  1.054
GLU01A0154_013  0.000 -4.49  0.25  4.32  0.00  0.08 0.514  00  01T007M000  1.040
GLU01A0154_014  0.000 -4.39  0.46  4.32  0.00  0.39 0.515  00  01T00CM000  1.033
GLU01A0154_015  0.000 -3.97  1.37  3.30  0.00  0.69 0.515  00  01T010M000  1.040
GLU01A0154_016  0.000 -4.00  0.23  3.57  0.00 -0.19 0.513  00  01T017M000  1.035
GLU01A0154_017  0.000 -2.21  0.39  3.60  0.00  1.77 0.515  00  01T01AM000  1.037
GLU01A0154_018  0.000 -4.76  2.07  4.55  0.00  1.86 0.515  00  01T01BM000  1.049
GLU01A0154_019  0.000 -3.54  0.57  5.40  0.00  2.43 0.515  00  01T01CM000  1.030
GLU01A0154_020  0.000 -3.88  2.04  3.62  0.00  1.79 0.516  00  01T01EM000  1.000
GLU01A0154_021  0.000 -4.55  0.69  3.47  0.00 -0.39 0.515  00  01T015M000  1.065
GLU01A0154_022  0.000 -4.52  0.89  3.57  0.00 -0.06 0.514  00  01T01DM000  1.059
GLU01A0154_023  0.000 -3.93  0.25  0.60  0.00 -3.08 0.515  00  01T005M000  1.019
GLU01A0154_024  0.000 -4.49  0.25  1.60  0.00 -2.64 0.514  00  01T007M000  1.040
GLU01A0154_025  0.000 -4.39  0.46  1.60  0.00 -2.33 0.515  00  01T00CM000  1.033
GLU01A0154_026  0.000 -4.08  1.37  0.58  0.00 -2.13 0.515  00  01T010M000  1.062
GLU01A0154_027  0.000 -4.76  2.07  1.83  0.00 -0.86 0.515  00  01T01BM000  1.049
GLU01A0154_028  0.000 -4.25  1.23  2.61  0.00 -0.41 0.514  00  01T020M000  1.035
GLU02A0154_029  0.000 -3.79  0.31  3.95  0.00  0.47 0.515  00  02O000M000  1.029
GLU02A0154_030  0.000 -3.79  0.31  1.23  0.00 -2.25 0.515  00  02O000M000  1.029
GLU02A0154_031  0.000 -4.38  0.46  1.60  0.00 -2.33 0.515  00  02E00CM000  1.019
GLU02A0154_032  0.000 -4.52  0.71  3.47  0.00 -0.34 0.515  00  02E015M000  1.058
GLU02A0154_033  0.000 -3.68  2.27  0.90  0.00 -0.51 0.516  00  02E01EM000  1.000
GLU02A0154_034  0.000 -3.77  0.24  3.30  0.00 -0.22 0.515  00  02T005M000  1.017
GLU02A0154_035  0.000 -4.28  1.41  4.30  0.00  1.43 0.513  00  02T011M000  1.023
GLU02A0154_036  0.000 -3.89  0.30  3.54  0.00 -0.04 0.513  00  02T017M000  1.024
GLU02A0154_037  0.000 -4.55  0.25  4.32  0.00  0.03 0.514  00  02T007M000  1.043
GLU02A0154_038  0.000 -3.98  0.49  3.30  0.00 -0.20 0.513  00  02T00AM000  1.077
GLU02A0154_039  0.000 -4.38  0.46  4.32  0.00  0.39 0.515  00  02T00CM000  1.019
GLU02A0154_040  0.000 -3.89  1.34  3.29  0.00  0.73 0.515  00  02T010M000  1.030
GLU02A0154_041  0.000 -4.57  0.72  6.18  0.00  2.33 0.515  00  02T015M000  1.069
GLU02A0154_042  0.000 -2.75  0.24  3.62  0.00  1.11 0.515  00  02T01AM000  1.008
GLU02A0154_043  0.000 -4.69  2.14  4.58  0.00  2.03 0.515  00  02T01BM000  1.040
GLU02A0154_044  0.000 -4.62  0.80  6.39  0.00  2.57 0.514  00  02T01DM000  1.087
GLU02A0154_045  0.000 -3.67  2.27  3.62  0.00  2.21 0.516  00  02T01EM000  1.000
GLU02A0154_046  0.000 -3.90  1.71  5.33  0.00  3.13 0.514  00  02T020M000  1.030
GLU02A0154_047  0.000 -4.57  0.25  1.60  0.00 -2.72 0.514  00  02T007M000  1.043
GLU02A0154_048  0.000 -4.28  1.41  1.58  0.00 -1.29 0.513  00  02T011M000  1.023
GLU02A0154_049  0.000 -3.91  1.72  2.60  0.00  0.41 0.514  00  02T020M000  1.033
GLU02A0154_050  0.000 -3.67  0.25  0.58  0.00 -2.84 0.515  00  02T005M000  1.017
GLU02A0154_051  0.000 -3.98  0.49  0.58  0.00 -2.92 0.513  00  02T00AM000  1.077
GLU02A0154_052  0.000 -3.95  0.31  0.84  0.00 -2.80 0.513  00  02T017M000  1.038
GLU02A0154_053  0.000 -2.75  0.24  0.90  0.00 -1.61 0.515  00  02T01AM000  1.008
GLU02A0154_054  0.000 -4.69  2.14  1.86  0.00 -0.69 0.515  00  02T01BM000  1.040
GLU02A0154_055  0.000 -4.62  0.80  3.67  0.00 -0.15 0.514  00  02T01DM000  1.087
GLU-1A0154_056 -1.000 -3.83  0.32  1.23  0.00 -2.27 0.515  00  -1O000M000  1.022
GLU-1A0154_057 -1.000 -3.81  0.26  0.58  0.00 -2.97 0.515  00  -1E005M000  1.017
GLU-1A0154_058 -1.000 -4.41  0.50  1.55  0.00 -2.36 0.515  00  -1E009M000  1.033
GLU-1A0154_059 -1.000 -4.17  0.65  2.54  0.00 -0.98 0.515  00  -1E013M000  1.099
GLU-1A0154_060 -1.000 -4.64  0.67  3.40  0.00 -0.56 0.515  00  -1E015M000  1.057
GLU-1A0154_061 -1.000 -4.11  0.27  0.80  0.00 -3.04 0.513  00  -1E017M000  1.022
GLU-1A0154_062 -1.000 -2.71  0.32  0.84  0.00 -1.56 0.515  00  -1E01AM000  1.033
GLU-1A0154_063 -1.000 -4.58  2.01  1.76  0.00 -0.81 0.515  00  -1E01BM000  1.043
GLU-1A0154_064 -1.000 -4.56  0.92  3.42  0.00 -0.22 0.514  00  -1E01DM000  1.069
GLU-1A0154_065 -1.000 -3.85  2.16  0.86  0.00 -0.83 0.516  00  -1E01EM000  1.000
GLU-1A0154_066 -1.000 -4.15  1.47  2.57  0.00 -0.11 0.514  00  -1E020M000  1.029
