   confID        vdw0    sas     sum
GLU01A0154_001   1.226  -4.808  -3.583
GLU01A0154_002   0.807  -4.738  -3.931
GLU01A0154_003   0.406  -4.692  -4.286
GLU01A0154_004   0.482  -5.034  -4.553
GLU01A0154_005   1.226  -4.808  -3.583
GLU01A0154_006   0.438  -4.900  -4.461
GLU01A0154_007   0.865  -4.864  -3.998
GLU01A0154_008   2.677  -4.945  -2.268
GLU01A0154_009   0.901  -4.781  -3.879
GLU01A0154_010   0.447  -4.913  -4.465
GLU01A0154_011   0.719  -5.216  -4.497
GLU01A0154_012   0.826  -5.126  -4.300
GLU01A0154_013   0.410  -4.906  -4.496
GLU01A0154_014   0.411  -4.798  -4.388
GLU01A0154_015   0.759  -4.731  -3.973
GLU01A0154_016   0.867  -4.864  -3.996
GLU01A0154_017   2.685  -4.894  -2.209
GLU01A0154_018   0.451  -5.210  -4.759
GLU01A0154_019   1.365  -4.906  -3.541
GLU01A0154_020   0.901  -4.781  -3.880
GLU01A0154_021   0.482  -5.034  -4.552
GLU01A0154_022   0.615  -5.130  -4.516
GLU01A0154_023   0.807  -4.738  -3.931
GLU01A0154_024   0.410  -4.906  -4.496
GLU01A0154_025   0.411  -4.798  -4.388
GLU01A0154_026   0.759  -4.834  -4.076
GLU01A0154_027   0.451  -5.210  -4.759
GLU01A0154_028   0.833  -5.085  -4.252
GLU02A0154_029   0.970  -4.761  -3.792
GLU02A0154_030   0.970  -4.761  -3.792
GLU02A0154_031   0.340  -4.722  -4.382
GLU02A0154_032   0.438  -4.959  -4.521
GLU02A0154_033   1.057  -4.730  -3.673
GLU02A0154_034   0.918  -4.689  -3.772
GLU02A0154_035   0.338  -4.616  -4.278
GLU02A0154_036   0.997  -4.884  -3.887
GLU02A0154_037   0.339  -4.887  -4.548
GLU02A0154_038   0.946  -4.929  -3.984
GLU02A0154_039   0.342  -4.722  -4.380
GLU02A0154_040   0.783  -4.677  -3.894
GLU02A0154_041   0.438  -5.011  -4.573
GLU02A0154_042   2.020  -4.771  -2.751
GLU02A0154_043   0.355  -5.044  -4.689
GLU02A0154_044   0.577  -5.197  -4.620
GLU02A0154_045   1.059  -4.730  -3.670
GLU02A0154_046   0.947  -4.848  -3.901
GLU02A0154_047   0.338  -4.913  -4.574
GLU02A0154_048   0.338  -4.616  -4.278
GLU02A0154_049   0.948  -4.861  -3.913
GLU02A0154_050   0.945  -4.617  -3.672
GLU02A0154_051   0.946  -4.929  -3.984
GLU02A0154_052   1.024  -4.972  -3.948
GLU02A0154_053   2.020  -4.771  -2.751
GLU02A0154_054   0.355  -5.044  -4.689
GLU02A0154_055   0.577  -5.197  -4.620
GLU-1A0154_056   0.907  -4.732  -3.825
GLU-1A0154_057   0.696  -4.504  -3.808
GLU-1A0154_058   0.297  -4.702  -4.405
GLU-1A0154_059   0.782  -4.952  -4.170
GLU-1A0154_060   0.340  -4.978  -4.638
GLU-1A0154_061   0.760  -4.872  -4.113
GLU-1A0154_062   1.971  -4.679  -2.708
GLU-1A0154_063   0.303  -4.885  -4.582
GLU-1A0154_064   0.484  -5.041  -4.557
GLU-1A0154_065   0.797  -4.640  -3.844
GLU-1A0154_066   0.720  -4.873  -4.153
