iConf CONFORMER     FL  occ    crg   Em0  pKa0 ne nH    vdw0    vdw1    tors    epol   dsolv   extra    history
00001 ARG01A0213_001 f 0.00  0.000     0  0.00  0  0 -13.807   0.410   0.518   0.051  -0.335   0.000 01O000M000t
00002 ARG01A0213_002 f 0.00  0.000     0  0.00  0  0 -13.887   1.959   1.136   0.031  -0.054   0.000 01E00FM000t
00003 ARG01A0213_003 f 0.00  0.000     0  0.00  0  0 -13.779   2.455   0.488   0.011  -0.002   0.000 01E01EM000t
00004 ARG01A0213_004 f 0.00  0.000     0  0.00  0  0 -12.809   1.609   3.313   0.022  -0.087   0.000 01E024M000t
00005 ARG01A0213_005 f 0.00  0.000     0  0.00  0  0 -12.828   0.949   1.137   0.007  -0.135   0.000 01E032M000t
00006 ARG01A0213_006 f 0.00  0.000     0  0.00  0  0  -8.903   0.098   3.125  -0.028   0.175   0.000 01E08AM000t
00007 ARG01A0213_007 f 0.00  0.000     0  0.00  0  0 -13.332   0.428   3.197   0.035  -0.185   0.000 01E092M000t
00008 ARG01A0213_008 f 0.00  0.000     0  0.00  0  0 -12.697   0.607   3.358   0.116   0.039   0.000 01E0D5M000t
00009 ARG01A0213_009 f 0.00  0.000     0  0.00  0  0 -11.972   0.410   3.907   0.070   0.142   0.000 01E0DDM000t
00010 ARG01A0213_010 f 0.00  0.000     0  0.00  0  0 -12.714   1.913   1.131   0.060   0.010   0.000 01E129M000t
00011 ARG01A0213_011 f 0.00  0.000     0  0.00  0  0 -13.194   0.315   0.494  -0.012   0.029   0.000 01T014M000t
00012 ARG01A0213_012 f 0.00  0.000     0  0.00  0  0 -12.940   3.009   3.689  -0.111  -0.124   0.000 01T03CM000t
00013 ARG01A0213_013 f 0.00  0.000     0  0.00  0  0 -12.089   3.022   3.908   0.062  -0.314   0.000 01T048M000t
00014 ARG01A0213_014 f 0.00  0.000     0  0.00  0  0 -14.028   3.499   3.719   0.045  -0.028   0.000 01T06BM000t
00015 ARG01A0213_015 f 0.00  0.000     0  0.00  0  0 -13.019   0.339   0.508   0.007  -0.052   0.000 01T089M000t
00016 ARG01A0213_016 f 0.00  0.000     0  0.00  0  0 -12.687   2.347   3.181   0.026  -0.055   0.000 01T0ACM000t
00017 ARG01A0213_017 f 0.00  0.000     0  0.00  0  0 -12.704   1.249   3.368   0.081  -0.413   0.000 01T0DAM000t
00018 ARG01A0213_018 f 0.00  0.000     0  0.00  0  0 -12.351   0.361   1.147  -0.067  -0.092   0.000 01T0DFM000t
00019 ARG01A0213_019 f 0.00  0.000     0  0.00  0  0 -13.350   2.733   1.139  -0.023   0.243   0.000 01T102M000t
00020 ARG01A0213_020 f 0.00  0.000     0  0.00  0  0 -12.184   1.857   3.921  -0.169   0.216   0.000 01T124M000t
00021 ARG02A0213_021 f 0.00  0.000     0  0.00  0  0 -12.063   3.020   3.909   0.066   1.107   0.000 02E048M000t
00022 ARG02A0213_022 f 0.00  0.000     0  0.00  0  0 -13.279   0.414   3.176   0.043   0.997   0.000 02E092M000t
00023 ARG02A0213_023 f 0.00  0.000     0  0.00  0  0 -13.789   0.407   0.518   0.034   0.602   0.000 02O000M000t
00024 ARG02A0213_024 f 0.00  0.000     0  0.00  0  0 -13.136   0.332   0.492   0.023   0.557   0.000 02E089M000t
00025 ARG02A0213_025 f 0.00  0.000     0  0.00  0  0 -13.248   0.303   0.491   0.022   0.991   0.000 02T014M000t
00026 ARG02A0213_026 f 0.00  0.000     0  0.00  0  0 -12.114   0.397   3.898   0.044   1.251   0.000 02T0DDM000t
00027 ARG02A0213_027 f 0.00  0.000     0  0.00  0  0 -12.010   1.685   3.899  -0.099   1.076   0.000 02T124M000t
00028 ARG02A0213_028 f 0.00  0.000     0  0.00  0  0 -13.636   2.457   0.479   0.014   1.026   0.000 02T01EM000t
00029 ARG02A0213_029 f 0.00  0.000     0  0.00  0  0 -13.874   1.966   1.136   0.022   0.482   0.000 02T00FM000t
00030 ARG02A0213_030 f 0.00  0.000     0  0.00  0  0 -12.577   1.619   3.143   0.034   0.555   0.000 02T024M000t
00031 ARG02A0213_031 f 0.00  0.000     0  0.00  0  0 -12.888   0.952   1.133   0.011   0.527   0.000 02T032M000t
00032 ARG02A0213_032 f 0.00  0.000     0  0.00  0  0 -12.943   2.953   3.688   0.234   0.458   0.000 02T03CM000t
00033 ARG02A0213_033 f 0.00  0.000     0  0.00  0  0 -12.617   2.352   3.177   0.009   0.785   0.000 02T0ACM000t
00034 ARG02A0213_034 f 0.00  0.000     0  0.00  0  0 -12.667   1.273   3.364   0.104   0.456   0.000 02T0DAM000t
00035 ARG02A0213_035 f 0.00  0.000     0  0.00  0  0 -14.054   3.517   3.709   0.041   0.448   0.000 02T06BM000t
00036 ARG02A0213_036 f 0.00  0.000     0  0.00  0  0  -8.883   0.101   3.117  -0.035   0.808   0.000 02T08AM000t
00037 ARG02A0213_037 f 0.00  0.000     0  0.00  0  0 -12.643   0.551   3.357  -0.027   0.759   0.000 02T0D5M000t
00038 ARG02A0213_038 f 0.00  0.000     0  0.00  0  0 -12.310   0.354   1.148  -0.034   0.921   0.000 02T0DFM000t
00039 ARG02A0213_039 f 0.00  0.000     0  0.00  0  0 -13.193   2.768   1.130  -0.054   0.923   0.000 02T102M000t
00040 ARG02A0213_040 f 0.00  0.000     0  0.00  0  0 -12.684   1.913   1.130   0.051   0.621   0.000 02T129M000t
00041 ARG03A0213_041 f 0.00  0.000     0  0.00  0  0 -13.187   0.331   0.493   0.029   1.078   0.000 03E089M000t
00042 ARG03A0213_042 f 0.00  0.000     0  0.00  0  0 -12.660   2.349   3.179   0.028   0.982   0.000 03E0ACM000t
00043 ARG03A0213_043 f 0.00  0.000     0  0.00  0  0 -12.657   0.546   3.359  -0.011   1.040   0.000 03E0D5M000t
00044 ARG03A0213_044 f 0.00  0.000     0  0.00  0  0 -12.734   1.292   3.365   0.082   1.010   0.000 03E0DAM000t
00045 ARG03A0213_045 f 0.00  0.000     0  0.00  0  0 -12.755   1.907   1.133   0.064   1.014   0.000 03E129M000t
00046 ARG03A0213_046 f 0.00  0.000     0  0.00  0  0 -13.843   0.407   0.518   0.048   0.746   0.000 03O000M000t
00047 ARG03A0213_047 f 0.00  0.000     0  0.00  0  0 -13.073   2.934   3.687   0.171   0.817   0.000 03E03CM000t
00048 ARG03A0213_048 f 0.00  0.000     0  0.00  0  0 -12.051   0.390   3.902   0.042   1.024   0.000 03E0DDM000t
00049 ARG03A0213_049 f 0.00  0.000     0  0.00  0  0 -13.208   0.304   0.494   0.020   1.105   0.000 03T014M000t
00050 ARG03A0213_050 f 0.00  0.000     0  0.00  0  0 -12.891   0.945   1.134   0.016   1.060   0.000 03T032M000t
00051 ARG03A0213_051 f 0.00  0.000     0  0.00  0  0 -13.346   0.418   3.177   0.044   0.818   0.000 03T092M000t
00052 ARG03A0213_052 f 0.00  0.000     0  0.00  0  0 -12.394   0.351   1.147  -0.028   1.007   0.000 03T0DFM000t
00053 ARG03A0213_053 f 0.00  0.000     0  0.00  0  0 -12.041   1.948   3.910  -0.144   1.285   0.000 03T124M000t
00054 ARG03A0213_054 f 0.00  0.000     0  0.00  0  0 -13.921   1.956   1.136   0.040   0.832   0.000 03T00FM000t
00055 ARG03A0213_055 f 0.00  0.000     0  0.00  0  0 -13.717   2.471   0.483   0.015   0.689   0.000 03T01EM000t
00056 ARG03A0213_056 f 0.00  0.000     0  0.00  0  0 -13.310   2.803   1.129  -0.020   0.965   0.000 03T102M000t
00057 ARG03A0213_057 f 0.00  0.000     0  0.00  0  0 -12.594   1.621   3.144   0.031   0.804   0.000 03T024M000t
00058 ARG03A0213_058 f 0.00  0.000     0  0.00  0  0 -12.062   3.053   3.910   0.064   0.611   0.000 03T048M000t
00059 ARG03A0213_059 f 0.00  0.000     0  0.00  0  0 -13.974   3.511   3.710   0.043   0.637   0.000 03T06BM000t
00060 ARG03A0213_060 f 0.00  0.000     0  0.00  0  0  -8.864   0.091   3.121  -0.035   0.998   0.000 03T08AM000t
00061 ARG+1A0213_061 f 0.00  1.000     0 12.50  0  1 -13.888   0.406   0.518   0.091  -0.270   0.000 +1O000M000t
00062 ARG+1A0213_062 f 0.00  1.000     0 12.50  0  1 -13.968   1.960   1.136   0.121  -0.422   0.000 +1E00FM000t
00063 ARG+1A0213_063 f 0.00  1.000     0 12.50  0  1 -13.300   0.306   0.493   0.151  -0.182   0.000 +1E014M000t
00064 ARG+1A0213_064 f 0.00  1.000     0 12.50  0  1 -12.640   1.618   3.144   0.127  -0.292   0.000 +1E024M000t
00065 ARG+1A0213_065 f 0.00  1.000     0 12.50  0  1 -12.927   0.951   1.134   0.137  -0.345   0.000 +1E032M000t
00066 ARG+1A0213_066 f 0.00  1.000     0 12.50  0  1 -14.080   3.492   3.710   0.099  -0.404   0.000 +1E06BM000t
00067 ARG+1A0213_067 f 0.00  1.000     0 12.50  0  1  -8.937   0.092   3.116   0.132  -0.516   0.000 +1E08AM000t
00068 ARG+1A0213_068 f 0.00  1.000     0 12.50  0  1 -13.253   0.414   3.181   0.111  -0.125   0.000 +1E092M000t
00069 ARG+1A0213_069 f 0.00  1.000     0 12.50  0  1 -13.303   2.768   1.130   0.109  -0.041   0.000 +1E102M000t
00070 ARG+1A0213_070 f 0.00  1.000     0 12.50  0  1 -12.804   1.897   1.133   0.238  -0.250   0.000 +1E129M000t
00071 ARG+1A0213_071 f 0.00  1.000     0 12.50  0  1 -13.818   2.469   0.482   0.098  -0.257   0.000 +1T01EM000t
00072 ARG+1A0213_072 f 0.00  1.000     0 12.50  0  1 -13.112   2.952   3.688   0.559   0.050   0.000 +1T03CM000t
00073 ARG+1A0213_073 f 0.00  1.000     0 12.50  0  1 -12.106   3.053   3.911   0.169  -0.379   0.000 +1T048M000t
00074 ARG+1A0213_074 f 0.00  1.000     0 12.50  0  1 -13.230   0.331   0.493   0.139  -0.076   0.000 +1T089M000t
00075 ARG+1A0213_075 f 0.00  1.000     0 12.50  0  1 -12.682   2.356   3.181   0.104  -0.395   0.000 +1T0ACM000t
00076 ARG+1A0213_076 f 0.00  1.000     0 12.50  0  1 -12.808   0.572   3.358  -0.057   0.092   0.000 +1T0D5M000t
00077 ARG+1A0213_077 f 0.00  1.000     0 12.50  0  1 -12.779   1.288   3.364   0.193  -0.449   0.000 +1T0DAM000t
00078 ARG+1A0213_078 f 0.00  1.000     0 12.50  0  1 -12.094   0.391   3.903   0.134  -0.048   0.000 +1T0DDM000t
00079 ARG+1A0213_079 f 0.00  1.000     0 12.50  0  1 -12.434   0.347   1.148   0.142  -0.098   0.000 +1T0DFM000t
00080 ARG+1A0213_080 f 0.00  1.000     0 12.50  0  1 -12.079   1.970   3.917   0.223  -0.019   0.000 +1T124M000t
