   confID        vdw0    sas     sum
ARG01A0213_001   0.834 -14.642 -13.807
ARG01A0213_002   1.228 -15.115 -13.887
ARG01A0213_003   1.121 -14.900 -13.779
ARG01A0213_004   1.694 -14.503 -12.809
ARG01A0213_005   1.592 -14.421 -12.828
ARG01A0213_006   4.943 -13.846  -8.903
ARG01A0213_007   1.553 -14.885 -13.332
ARG01A0213_008   1.550 -14.247 -12.697
ARG01A0213_009   2.261 -14.232 -11.972
ARG01A0213_010   1.570 -14.284 -12.714
ARG01A0213_011   1.127 -14.321 -13.194
ARG01A0213_012   1.743 -14.683 -12.940
ARG01A0213_013   2.546 -14.636 -12.089
ARG01A0213_014   1.076 -15.104 -14.028
ARG01A0213_015   1.209 -14.228 -13.019
ARG01A0213_016   1.344 -14.031 -12.687
ARG01A0213_017   1.596 -14.300 -12.704
ARG01A0213_018   1.643 -13.993 -12.351
ARG01A0213_019   1.488 -14.838 -13.350
ARG01A0213_020   2.316 -14.500 -12.184
ARG02A0213_021   2.506 -14.568 -12.063
ARG02A0213_022   1.535 -14.814 -13.279
ARG02A0213_023   0.853 -14.642 -13.789
ARG02A0213_024   1.207 -14.344 -13.136
ARG02A0213_025   1.073 -14.321 -13.248
ARG02A0213_026   2.246 -14.361 -12.114
ARG02A0213_027   2.326 -14.337 -12.010
ARG02A0213_028   1.071 -14.707 -13.636
ARG02A0213_029   1.241 -15.115 -13.874
ARG02A0213_030   1.691 -14.268 -12.577
ARG02A0213_031   1.597 -14.485 -12.888
ARG02A0213_032   1.739 -14.683 -12.943
ARG02A0213_033   1.431 -14.047 -12.617
ARG02A0213_034   1.633 -14.300 -12.667
ARG02A0213_035   1.118 -15.172 -14.054
ARG02A0213_036   4.915 -13.798  -8.883
ARG02A0213_037   1.604 -14.247 -12.643
ARG02A0213_038   1.683 -13.993 -12.310
ARG02A0213_039   1.529 -14.722 -13.193
ARG02A0213_040   1.601 -14.284 -12.684
ARG03A0213_041   1.157 -14.344 -13.187
ARG03A0213_042   1.323 -13.983 -12.660
ARG03A0213_043   1.526 -14.183 -12.657
ARG03A0213_044   1.550 -14.284 -12.734
ARG03A0213_045   1.529 -14.284 -12.755
ARG03A0213_046   0.798 -14.642 -13.843
ARG03A0213_047   1.677 -14.750 -13.073
ARG03A0213_048   2.242 -14.293 -12.051
ARG03A0213_049   1.061 -14.269 -13.208
ARG03A0213_050   1.529 -14.421 -12.891
ARG03A0213_051   1.540 -14.885 -13.346
ARG03A0213_052   1.600 -13.993 -12.394
ARG03A0213_053   2.283 -14.324 -12.041
ARG03A0213_054   1.193 -15.115 -13.921
ARG03A0213_055   1.067 -14.784 -13.717
ARG03A0213_056   1.476 -14.786 -13.310
ARG03A0213_057   1.626 -14.220 -12.594
ARG03A0213_058   2.506 -14.568 -12.062
ARG03A0213_059   1.066 -15.040 -13.974
ARG03A0213_060   4.935 -13.798  -8.864
ARG+1A0213_061   0.754 -14.642 -13.888
ARG+1A0213_062   1.147 -15.115 -13.968
ARG+1A0213_063   1.021 -14.321 -13.300
ARG+1A0213_064   1.580 -14.220 -12.640
ARG+1A0213_065   1.494 -14.421 -12.927
ARG+1A0213_066   1.024 -15.104 -14.080
ARG+1A0213_067   4.861 -13.798  -8.937
ARG+1A0213_068   1.497 -14.750 -13.253
ARG+1A0213_069   1.419 -14.722 -13.303
ARG+1A0213_070   1.480 -14.284 -12.804
ARG+1A0213_071   1.018 -14.836 -13.818
ARG+1A0213_072   1.639 -14.750 -13.112
ARG+1A0213_073   2.462 -14.568 -12.106
ARG+1A0213_074   1.114 -14.344 -13.230
ARG+1A0213_075   1.282 -13.963 -12.682
ARG+1A0213_076   1.491 -14.298 -12.808
ARG+1A0213_077   1.521 -14.300 -12.779
ARG+1A0213_078   2.199 -14.293 -12.094
ARG+1A0213_079   1.559 -13.993 -12.434
ARG+1A0213_080   2.245 -14.324 -12.079
