CONFORMER         crg  vdw0  vdw1  tors  epol  self   occ  Hb     history    ASA
PHE01A0084_001  0.000 -9.03  0.61  0.22  0.00 -8.20 0.526  00  01O000M000  1.000
PHE01A0084_002  0.000 -8.84  0.40  2.58  0.00 -5.85 0.525  00  01R001M000  1.000
PHE01A0084_003  0.000 -9.24 -0.16  0.22  0.00 -9.18 0.527  00  01R002M000  1.000
PHE01A0084_004  0.000 -8.40  0.39  0.22  0.00 -7.79 0.525  00  01R004M000  1.000
PHE01A0084_005  0.000 -8.97  0.48  0.22  0.00 -8.27 0.526  00  01R006M000  1.000
PHE01A0084_006  0.000 -9.36  3.19  2.56  0.00 -3.62 0.523  00  01R007M000  1.000
PHE01A0084_007  0.000 -8.78  0.43  2.58  0.00 -5.77 0.525  00  01R008M000  1.000
PHE01A0084_008  0.000 -8.58  1.93  2.58  0.00 -4.07 0.525  00  01R009M000  1.000
PHE01A0084_009  0.000 -9.63 -0.04  0.22  0.00 -9.46 0.527  00  01R00CM000  1.000
PHE01A0084_010  0.000 -8.88  1.42  0.22  0.00 -7.24 0.528  00  01R00DM000  1.000
PHE01A0084_011  0.000 -8.74  2.65  2.56  0.00 -3.52 0.528  00  01R00FM000  1.000
PHE01A0084_012  0.000 -8.62  0.48  0.22  0.00 -7.92 0.530  00  01R010M000  1.000
PHE01A0084_013  0.000 -8.98  2.62  2.56  0.00 -3.80 0.524  00  01T003M000  1.000
PHE01A0084_014  0.000 -8.68  3.68  2.56  0.00 -2.44 0.525  00  01T005M000  1.000
PHE01A0084_015  0.000 -9.45  4.47  2.48  0.00 -2.50 0.525  00  01T00AM000  1.000
PHE01A0084_016  0.000 -9.37  2.18  0.16  0.00 -7.03 0.528  00  01T00BM000  1.000
PHE01A0084_017  0.000 -9.41  6.20  0.24  0.00 -2.97 0.526  00  01T00EM000  1.000
PHE01A0084_018  0.000 -9.20  7.18  0.22  0.00 -1.80 0.529  00  01T011M000  1.000
PHE01A0084_019  0.000 -8.25  3.76  2.56  0.00 -1.93 0.529  00  01T012M000  1.000
