   confID        vdw0    sas     sum
PHE01A0084_001   5.011 -14.039  -9.028
PHE01A0084_002   5.013 -13.848  -8.835
PHE01A0084_003   5.018 -14.253  -9.235
PHE01A0084_004   5.021 -13.361  -8.340
PHE01A0084_005   4.969 -13.936  -8.966
PHE01A0084_006   4.720 -14.088  -9.369
PHE01A0084_007   4.964 -13.747  -8.782
PHE01A0084_008   4.887 -13.461  -8.574
PHE01A0084_009   4.960 -14.593  -9.633
PHE01A0084_010   4.889 -13.765  -8.876
PHE01A0084_011   4.988 -13.713  -8.725
PHE01A0084_012   4.949 -13.581  -8.632
PHE01A0084_013   5.014 -14.001  -8.987
PHE01A0084_014   5.021 -13.770  -8.749
PHE01A0084_015   4.785 -14.222  -9.437
PHE01A0084_016   4.737 -14.105  -9.368
PHE01A0084_017   4.749 -14.155  -9.406
PHE01A0084_018   4.736 -13.939  -9.204
PHE01A0084_019   5.001 -13.249  -8.248
