CONFORMER         crg  vdw0  vdw1  tors  epol  self   occ  Hb     history    ASA
ARG01A0080_001  0.000-11.17  0.21  3.33  0.00 -7.63 0.502  00  01O000M000  1.000
ARG01A0080_002  0.000-12.02  0.23  2.89  0.00 -8.90 0.501  00  01E020M000  1.000
ARG01A0080_003  0.000-11.08 -0.21  3.86  0.00 -7.42 0.501  00  01E028M000  1.000
ARG01A0080_004  0.000-10.33  3.16  1.23  0.00 -5.93 0.502  00  01E031M000  1.000
ARG01A0080_005  0.000-11.79  3.01  5.71  0.00 -3.06 0.502  00  01E054M000  1.000
ARG01A0080_006  0.000-12.95  0.38  3.75  0.00 -8.81 0.502  00  01E0AFM000  1.000
ARG01A0080_007  0.000-12.89  2.52  6.38  0.00 -3.99 0.501  00  01E0BAM000  1.000
ARG01A0080_008  0.000-11.27  0.51  1.33  0.00 -9.43 0.502  00  01E0C0M000  1.000
ARG01A0080_009  0.000-12.15  1.23  3.86  0.00 -7.06 0.502  00  01E0F5M000  1.000
ARG01A0080_010  0.000-13.48  1.55  3.77  0.00 -8.16 0.501  00  01E119M000  1.000
ARG01A0080_011  0.000-11.63  2.26  3.52  0.00 -5.85 0.501  00  01E12DM000  1.000
ARG01A0080_012  0.000-11.70  2.77  5.71  0.00 -3.21 0.502  00  01T003M000  1.000
ARG01A0080_013  0.000-11.28  1.50  1.29  0.00 -8.49 0.501  00  01T035M000  1.000
ARG01A0080_014  0.000-11.79  2.81  2.95  0.00 -6.03 0.501  00  01T0BBM000  1.000
ARG01A0080_015  0.000-11.55  0.48  1.25  0.00 -9.83 0.501  00  01T0C7M000  1.000
ARG01A0080_016  0.000-13.03  0.46  1.29  0.00-11.28 0.501  00  01T0DAM000  1.000
ARG01A0080_017  0.000-10.66  1.09  6.39  0.00 -3.19 0.502  00  01T0F9M000  1.000
ARG01A0080_018  0.000-13.78  0.60  3.39  0.00 -9.79 0.501  00  01T10EM000  1.000
ARG01A0080_019  0.000-12.99  1.22  3.77  0.00 -8.00 0.501  00  01T129M000  1.000
ARG01A0080_020  0.000-11.36  2.95  5.68  0.00 -2.73 0.501  00  01T13EM000  1.000
ARG02A0080_021  0.000-11.20  0.21  3.33  0.00 -7.66 0.502  00  02O000M000  1.000
ARG02A0080_022  0.000-12.02  2.76  2.93  0.00 -6.33 0.501  00  02E0BBM000  1.000
ARG02A0080_023  0.000-11.64  0.48  1.25  0.00 -9.91 0.501  00  02E0C7M000  1.000
ARG02A0080_024  0.000-13.04  1.93  3.17  0.00 -7.94 0.501  00  02E129M000  1.000
ARG02A0080_025  0.000-11.69  2.76  3.42  0.00 -5.51 0.501  00  02E12DM000  1.000
ARG02A0080_026  0.000-10.31  2.97  1.25  0.00 -6.09 0.502  00  02E031M000  1.000
ARG02A0080_027  0.000-13.47  0.68  3.21  0.00 -9.59 0.501  00  02E10EM000  1.000
ARG02A0080_028  0.000-13.18  1.59  3.64  0.00 -7.95 0.501  00  02T119M000  1.000
ARG02A0080_029  0.000-11.60  0.21  2.75  0.00 -8.64 0.501  00  02T020M000  1.000
ARG02A0080_030  0.000-10.38 -0.18  3.71  0.00 -6.84 0.501  00  02T028M000  1.000
ARG02A0080_031  0.000-12.85  0.25  2.58  0.00-10.02 0.502  00  02T0AFM000  1.000
ARG02A0080_032  0.000-11.14  0.39  1.29  0.00 -9.45 0.502  00  02T0C0M000  1.000
ARG02A0080_033  0.000-12.74  0.42  1.18  0.00-11.14 0.501  00  02T0DAM000  1.000
ARG02A0080_034  0.000-11.42  2.94  5.68  0.00 -2.80 0.501  00  02T13EM000  1.000
ARG02A0080_035  0.000-11.73  2.78  5.72  0.00 -3.23 0.502  00  02T003M000  1.000
ARG02A0080_036  0.000-10.82  1.82  1.22  0.00 -7.78 0.501  00  02T035M000  1.000
ARG02A0080_037  0.000-11.47  2.88  5.63  0.00 -2.96 0.502  00  02T054M000  1.000
ARG02A0080_038  0.000-12.79  2.76  5.56  0.00 -4.47 0.501  00  02T0BAM000  1.000
ARG02A0080_039  0.000-11.65  1.18  3.71  0.00 -6.77 0.502  00  02T0F5M000  1.000
ARG02A0080_040  0.000-10.56  1.12  6.35  0.00 -3.09 0.502  00  02T0F9M000  1.000
ARG03A0080_041  0.000-11.21  0.21  3.33  0.00 -7.67 0.502  00  03O000M000  1.000
ARG03A0080_042  0.000-11.77  0.21  2.76  0.00 -8.80 0.501  00  03E020M000  1.000
ARG03A0080_043  0.000-13.47  0.67  3.21  0.00 -9.59 0.501  00  03E10EM000  1.000
ARG03A0080_044  0.000-11.71  2.76  5.72  0.00 -3.23 0.502  00  03E003M000  1.000
ARG03A0080_045  0.000-10.44 -0.20  3.73  0.00 -6.92 0.501  00  03E028M000  1.000
ARG03A0080_046  0.000-11.54  2.88  5.63  0.00 -3.03 0.502  00  03E054M000  1.000
ARG03A0080_047  0.000-12.80  2.76  5.56  0.00 -4.48 0.501  00  03E0BAM000  1.000
ARG03A0080_048  0.000-11.63  2.83  3.41  0.00 -5.39 0.501  00  03E12DM000  1.000
ARG03A0080_049  0.000-13.19  1.59  3.63  0.00 -7.97 0.501  00  03T119M000  1.000
ARG03A0080_050  0.000-13.00  0.25  2.50  0.00-10.25 0.502  00  03T0AFM000  1.000
ARG03A0080_051  0.000-11.76  2.75  2.95  0.00 -6.06 0.501  00  03T0BBM000  1.000
ARG03A0080_052  0.000-10.95  0.43  1.30  0.00 -9.21 0.502  00  03T0C0M000  1.000
ARG03A0080_053  0.000-10.96  1.86  1.22  0.00 -7.88 0.501  00  03T035M000  1.000
ARG03A0080_054  0.000-10.19  3.02  1.25  0.00 -5.93 0.502  00  03T031M000  1.000
ARG03A0080_055  0.000-11.58  0.48  1.25  0.00 -9.85 0.501  00  03T0C7M000  1.000
ARG03A0080_056  0.000-12.75  0.42  1.18  0.00-11.15 0.501  00  03T0DAM000  1.000
ARG03A0080_057  0.000-11.68  1.17  3.71  0.00 -6.80 0.502  00  03T0F5M000  1.000
ARG03A0080_058  0.000-10.67  1.11  6.35  0.00 -3.21 0.502  00  03T0F9M000  1.000
ARG03A0080_059  0.000-13.12  1.95  3.17  0.00 -8.00 0.501  00  03T129M000  1.000
ARG03A0080_060  0.000-11.34  2.94  5.70  0.00 -2.70 0.501  00  03T13EM000  1.000
ARG+1A0080_061  1.000-11.25  0.21  3.33  0.00 -7.71 0.502  00  +1O000M000  1.000
ARG+1A0080_062  1.000-11.80  2.75  5.72  0.00 -3.32 0.502  00  +1E003M000  1.000
ARG+1A0080_063  1.000-10.48 -0.20  3.74  0.00 -6.94 0.501  00  +1E028M000  1.000
ARG+1A0080_064  1.000-11.46  2.87  5.65  0.00 -2.93 0.502  00  +1E054M000  1.000
ARG+1A0080_065  1.000-12.83  0.26  2.62  0.00 -9.96 0.502  00  +1E0AFM000  1.000
ARG+1A0080_066  1.000-12.84  2.77  5.60  0.00 -4.46 0.501  00  +1E0BAM000  1.000
ARG+1A0080_067  1.000-11.69  0.48  1.25  0.00 -9.96 0.501  00  +1E0C7M000  1.000
ARG+1A0080_068  1.000-12.79  0.41  1.18  0.00-11.20 0.501  00  +1E0DAM000  1.000
ARG+1A0080_069  1.000-10.63  1.12  6.35  0.00 -3.16 0.502  00  +1E0F9M000  1.000
ARG+1A0080_070  1.000-13.58  0.67  3.21  0.00 -9.70 0.501  00  +1E10EM000  1.000
ARG+1A0080_071  1.000-11.37  2.94  5.68  0.00 -2.75 0.501  00  +1E13EM000  1.000
ARG+1A0080_072  1.000-11.89  0.21  2.79  0.00 -8.89 0.501  00  +1T020M000  1.000
ARG+1A0080_073  1.000-10.21  3.02  1.25  0.00 -5.95 0.502  00  +1T031M000  1.000
ARG+1A0080_074  1.000-10.99  1.85  1.22  0.00 -7.92 0.501  00  +1T035M000  1.000
ARG+1A0080_075  1.000-11.84  2.74  2.95  0.00 -6.14 0.501  00  +1T0BBM000  1.000
ARG+1A0080_076  1.000-10.92  0.33  1.32  0.00 -9.27 0.502  00  +1T0C0M000  1.000
ARG+1A0080_077  1.000-11.77  1.17  3.71  0.00 -6.88 0.502  00  +1T0F5M000  1.000
ARG+1A0080_078  1.000-13.23  1.59  3.64  0.00 -8.00 0.501  00  +1T119M000  1.000
ARG+1A0080_079  1.000-13.28  1.92  3.19  0.00 -8.17 0.501  00  +1T129M000  1.000
ARG+1A0080_080  1.000-11.79  2.96  3.41  0.00 -5.41 0.501  00  +1T12DM000  1.000
