   confID        vdw0    sas     sum
ARG01A0080_001   3.017 -14.188 -11.171
ARG01A0080_002   2.396 -14.420 -12.024
ARG01A0080_003   3.343 -14.422 -11.079
ARG01A0080_004   3.752 -14.086 -10.334
ARG01A0080_005   2.330 -14.114 -11.784
ARG01A0080_006   1.691 -14.574 -12.883
ARG01A0080_007   1.817 -14.699 -12.881
ARG01A0080_008   2.691 -13.958 -11.267
ARG01A0080_009   2.336 -14.481 -12.145
ARG01A0080_010   1.512 -14.988 -13.477
ARG01A0080_011   2.371 -13.940 -11.568
ARG01A0080_012   2.939 -14.637 -11.698
ARG01A0080_013   3.283 -14.560 -11.277
ARG01A0080_014   2.355 -14.147 -11.792
ARG01A0080_015   2.748 -14.302 -11.554
ARG01A0080_016   1.500 -14.533 -13.032
ARG01A0080_017   3.274 -13.936 -10.662
ARG01A0080_018   1.106 -14.885 -13.780
ARG01A0080_019   1.775 -14.766 -12.991
ARG01A0080_020   2.830 -14.190 -11.360
ARG02A0080_021   2.985 -14.188 -11.202
ARG02A0080_022   2.172 -14.202 -12.030
ARG02A0080_023   2.712 -14.357 -11.645
ARG02A0080_024   1.749 -14.789 -13.041
ARG02A0080_025   2.465 -14.151 -11.687
ARG02A0080_026   3.871 -14.177 -10.306
ARG02A0080_027   1.177 -14.651 -13.474
ARG02A0080_028   1.545 -14.725 -13.179
ARG02A0080_029   2.667 -14.279 -11.612
ARG02A0080_030   3.690 -14.066 -10.376
ARG02A0080_031   1.785 -14.618 -12.833
ARG02A0080_032   2.846 -13.980 -11.135
ARG02A0080_033   1.608 -14.344 -12.736
ARG02A0080_034   2.830 -14.254 -11.424
ARG02A0080_035   2.965 -14.689 -11.724
ARG02A0080_036   3.559 -14.377 -10.817
ARG02A0080_037   2.811 -14.269 -11.458
ARG02A0080_038   1.869 -14.667 -12.798
ARG02A0080_039   2.639 -14.292 -11.652
ARG02A0080_040   3.456 -14.017 -10.561
ARG03A0080_041   2.979 -14.188 -11.209
ARG03A0080_042   2.682 -14.462 -11.780
ARG03A0080_043   1.112 -14.587 -13.474
ARG03A0080_044   2.937 -14.637 -11.700
ARG03A0080_045   3.695 -14.134 -10.439
ARG03A0080_046   2.779 -14.320 -11.541
ARG03A0080_047   1.805 -14.602 -12.797
ARG03A0080_048   2.517 -14.151 -11.635
ARG03A0080_049   1.533 -14.725 -13.192
ARG03A0080_050   1.684 -14.682 -12.998
ARG03A0080_051   2.388 -14.147 -11.759
ARG03A0080_052   2.967 -13.919 -10.952
ARG03A0080_053   3.541 -14.492 -10.952
ARG03A0080_054   3.852 -14.045 -10.192
ARG03A0080_055   2.720 -14.306 -11.585
ARG03A0080_056   1.547 -14.344 -12.797
ARG03A0080_057   2.571 -14.244 -11.673
ARG03A0080_058   3.416 -14.081 -10.665
ARG03A0080_059   1.732 -14.789 -13.057
ARG03A0080_060   2.777 -14.106 -11.329
ARG+1A0080_061   2.940 -14.188 -11.247
ARG+1A0080_062   2.898 -14.689 -11.790
ARG+1A0080_063   3.653 -14.066 -10.413
ARG+1A0080_064   2.743 -14.205 -11.462
ARG+1A0080_065   1.671 -14.499 -12.828
ARG+1A0080_066   1.770 -14.606 -12.836
ARG+1A0080_067   2.677 -14.370 -11.693
ARG+1A0080_068   1.492 -14.293 -12.801
ARG+1A0080_069   3.381 -14.017 -10.636
ARG+1A0080_070   1.069 -14.651 -13.583
ARG+1A0080_071   2.759 -14.122 -11.363
ARG+1A0080_072   2.641 -14.530 -11.889
ARG+1A0080_073   3.829 -14.045 -10.216
ARG+1A0080_074   3.498 -14.489 -10.991
ARG+1A0080_075   2.371 -14.211 -11.840
ARG+1A0080_076   3.010 -13.929 -10.919
ARG+1A0080_077   2.529 -14.244 -11.715
ARG+1A0080_078   1.492 -14.725 -13.233
ARG+1A0080_079   1.696 -14.973 -13.276
ARG+1A0080_080   2.495 -14.216 -11.721
