iConf CONFORMER     FL  occ    crg   Em0  pKa0 ne nH    vdw0    vdw1    tors    epol   dsolv   extra    history
00001 ASP01A0256_001 f 0.00  0.000     0  0.00  0  0  -4.568   3.661   2.729   0.610  -0.075   0.000 01O000M000t
00002 ASP01A0256_002 f 0.00  0.000     0  0.00  0  0  -3.840   0.261   3.356   0.214  -0.679   0.000 01E004M000t
00003 ASP01A0256_003 f 0.00  0.000     0  0.00  0  0  -3.835   0.806   3.414   0.428  -0.560   0.000 01E006M000t
00004 ASP01A0256_004 f 0.00  0.000     0  0.00  0  0  -4.567   3.660   0.009   0.077   0.554   0.000 01O000M000t
00005 ASP01A0256_005 f 0.00  0.000     0  0.00  0  0  -3.459   2.052   0.732   0.279   0.582   0.000 01E007M000t
00006 ASP01A0256_006 f 0.00  0.000     0  0.00  0  0  -3.659   0.243   3.378   0.171  -0.617   0.000 01T002M000t
00007 ASP01A0256_007 f 0.00  0.000     0  0.00  0  0  -4.094   1.672   3.448   0.161  -0.238   0.000 01T008M000t
00008 ASP01A0256_008 f 0.00  0.000     0  0.00  0  0  -4.283   1.580   2.721   0.181  -0.655   0.000 01T00BM000t
00009 ASP01A0256_009 f 0.00  0.000     0  0.00  0  0  -4.512   0.860   3.303   0.760  -0.435   0.000 01T009M000t
00010 ASP01A0256_010 f 0.00  0.000     0  0.00  0  0  -3.540   2.485   3.393   0.133  -0.571   0.000 01T00AM000t
00011 ASP01A0256_011 f 0.00  0.000     0  0.00  0  0  -3.659   0.243   0.658   0.154   0.479   0.000 01T002M000t
00012 ASP01A0256_012 f 0.00  0.000     0  0.00  0  0  -4.283   1.580   0.001   0.200   0.541   0.000 01T00BM000t
00013 ASP01A0256_013 f 0.00  0.000     0  0.00  0  0  -4.512   0.860   0.583   0.371   0.562   0.000 01T009M000t
00014 ASP01A0256_014 f 0.00  0.000     0  0.00  0  0  -3.540   2.485   0.673   0.095   0.548   0.000 01T00AM000t
00015 ASP02A0256_015 f 0.00  0.000     0  0.00  0  0  -4.363   2.760   2.729   0.066  -0.647   0.000 02O000M000t
00016 ASP02A0256_016 f 0.00  0.000     0  0.00  0  0  -4.061   1.266   3.447   0.401  -0.558   0.000 02E008M000t
00017 ASP02A0256_017 f 0.00  0.000     0  0.00  0  0  -4.364   2.762   0.009   0.037   0.619   0.000 02O000M000t
00018 ASP02A0256_018 f 0.00  0.000     0  0.00  0  0  -3.802   0.462   0.629   0.193   0.601   0.000 02E002M000t
00019 ASP02A0256_019 f 0.00  0.000     0  0.00  0  0  -3.631   2.677   0.741   0.219   0.629   0.000 02E007M000t
00020 ASP02A0256_020 f 0.00  0.000     0  0.00  0  0  -4.258   0.294   0.561   0.449   0.629   0.000 02E00CM000t
00021 ASP02A0256_021 f 0.00  0.000     0  0.00  0  0  -3.759   0.395   3.400   0.377  -0.514   0.000 02T002M000t
00022 ASP02A0256_022 f 0.00  0.000     0  0.00  0  0  -4.080   0.562   3.338   0.382  -0.636   0.000 02T009M000t
00023 ASP02A0256_023 f 0.00  0.000     0  0.00  0  0  -3.790   2.691   3.461   1.807  -0.176   0.000 02T00AM000t
00024 ASP02A0256_024 f 0.00  0.000     0  0.00  0  0  -3.964   0.497   3.292   0.421  -0.299   0.000 02T004M000t
00025 ASP02A0256_025 f 0.00  0.000     0  0.00  0  0  -4.103   1.198   3.392   0.030  -0.228   0.000 02T006M000t
00026 ASP02A0256_026 f 0.00  0.000     0  0.00  0  0  -4.318   0.293   3.275   0.721  -0.582   0.000 02T00CM000t
00027 ASP02A0256_027 f 0.00  0.000     0  0.00  0  0  -4.080   0.562   0.618   0.317   0.693   0.000 02T009M000t
00028 ASP02A0256_028 f 0.00  0.000     0  0.00  0  0  -4.103   1.198   0.672   0.247   0.676   0.000 02T006M000t
00029 ASP02A0256_029 f 0.00  0.000     0  0.00  0  0  -3.643   3.081   0.692   0.143   0.629   0.000 02T00AM000t
00030 ASP-1A0256_030 f 0.00 -1.000     0  4.75  0 -1  -4.447   2.781   0.009  -0.457   0.010   0.000 -1O000M000t
00031 ASP-1A0256_031 f 0.00 -1.000     0  4.75  0 -1  -4.284   1.114   0.005  -0.358  -0.013   0.000 -1E003M000t
00032 ASP-1A0256_032 f 0.00 -1.000     0  4.75  0 -1  -3.816   0.845   0.667  -0.009   0.091   0.000 -1E006M000t
00033 ASP-1A0256_033 f 0.00 -1.000     0  4.75  0 -1  -4.102   1.353   0.708  -0.012   0.088   0.000 -1E008M000t
00034 ASP-1A0256_034 f 0.00 -1.000     0  4.75  0 -1  -4.269   0.633   0.580  -0.661  -0.053   0.000 -1E009M000t
00035 ASP-1A0256_035 f 0.00 -1.000     0  4.75  0 -1  -3.619   2.327   0.691  -0.942  -0.035   0.000 -1E00AM000t
00036 ASP-1A0256_036 f 0.00 -1.000     0  4.75  0 -1  -3.932   0.191   0.574  -0.517  -0.158   0.000 -1E00CM000t
