   confID        vdw0    sas     sum
ASP01A0256_001   0.071  -4.639  -4.568
ASP01A0256_002   0.835  -4.675  -3.840
ASP01A0256_003   0.801  -4.637  -3.835
ASP01A0256_004   0.072  -4.639  -4.567
ASP01A0256_005   0.881  -4.341  -3.459
ASP01A0256_006   0.801  -4.460  -3.659
ASP01A0256_007   0.356  -4.450  -4.094
ASP01A0256_008   0.305  -4.588  -4.283
ASP01A0256_009   0.306  -4.818  -4.512
ASP01A0256_010   0.804  -4.345  -3.540
ASP01A0256_011   0.801  -4.460  -3.659
ASP01A0256_012   0.305  -4.588  -4.283
ASP01A0256_013   0.306  -4.818  -4.512
ASP01A0256_014   0.804  -4.345  -3.540
ASP02A0256_015   0.138  -4.502  -4.363
ASP02A0256_016   0.408  -4.470  -4.061
ASP02A0256_017   0.138  -4.502  -4.364
ASP02A0256_018   0.593  -4.395  -3.802
ASP02A0256_019   0.715  -4.346  -3.631
ASP02A0256_020   0.625  -4.882  -4.258
ASP02A0256_021   0.615  -4.374  -3.759
ASP02A0256_022   0.388  -4.469  -4.080
ASP02A0256_023   0.628  -4.418  -3.790
ASP02A0256_024   0.632  -4.596  -3.964
ASP02A0256_025   0.609  -4.712  -4.103
ASP02A0256_026   0.629  -4.947  -4.318
ASP02A0256_027   0.388  -4.469  -4.080
ASP02A0256_028   0.609  -4.712  -4.103
ASP02A0256_029   0.619  -4.262  -3.643
ASP-1A0256_030   0.066  -4.513  -4.447
ASP-1A0256_031   0.190  -4.474  -4.284
ASP-1A0256_032   0.588  -4.404  -3.816
ASP-1A0256_033   0.298  -4.400  -4.102
ASP-1A0256_034   0.273  -4.543  -4.269
ASP-1A0256_035   0.597  -4.216  -3.619
ASP-1A0256_036   0.607  -4.539  -3.932
