CONFORMER         crg  vdw0  vdw1  tors  epol  self   occ  Hb     history    ASA
ASP01A0190_001  0.000 -4.11  4.11  3.14  0.00  3.14 0.538  00  01O000M000  1.048
ASP01A0190_002  0.000 -3.77  1.19  3.69  0.00  1.11 0.537  00  01E004M000  1.019
ASP01A0190_003  0.000 -4.11  4.11  0.42  0.00  0.42 0.538  00  01O000M000  1.048
ASP01A0190_004  0.000 -3.75  1.20  0.97  0.00 -1.58 0.537  00  01E004M000  1.011
ASP01A0190_005  0.000 -4.26  2.94  2.80  0.00  1.48 0.535  00  01T009M000  1.032
ASP01A0190_006  0.000 -3.83  0.45  3.67  0.00  0.30 0.534  00  01T00CM000  1.000
ASP01A0190_007  0.000 -4.77  3.11  3.01  0.00  1.36 0.535  00  01T007M000  1.056
ASP01A0190_008  0.000 -4.57  3.63  2.83  0.00  1.90 0.536  00  01T00BM000  1.008
ASP01A0190_009  0.000 -4.55  1.09  0.28  0.00 -3.18 0.534  00  01T001M000  1.065
ASP01A0190_010  0.000 -4.12  2.94  0.08  0.00 -1.10 0.535  00  01T009M000  1.000
ASP01A0190_011  0.000 -3.83  0.45  0.95  0.00 -2.42 0.534  00  01T00CM000  1.000
ASP01A0190_012  0.000 -4.77  3.11  0.29  0.00 -1.36 0.535  00  01T007M000  1.056
ASP01A0190_013  0.000 -4.57  3.63  0.11  0.00 -0.82 0.536  00  01T00BM000  1.008
ASP02A0190_014  0.000 -3.82  3.19  3.14  0.00  2.51 0.538  00  02O000M000  1.033
ASP02A0190_015  0.000 -3.74  1.62  3.70  0.00  1.58 0.539  00  02E006M000  1.000
ASP02A0190_016  0.000 -4.60  4.43  2.85  0.00  2.69 0.536  00  02E00BM000  1.016
ASP02A0190_017  0.000 -3.82  3.19  0.42  0.00 -0.21 0.538  00  02O000M000  1.033
ASP02A0190_018  0.000 -4.94  3.55  3.06  0.00  1.66 0.535  00  02T007M000  1.098
ASP02A0190_019  0.000 -4.06  0.41  3.69  0.00  0.05 0.536  00  02T00AM000  1.024
ASP02A0190_020  0.000 -3.70  0.49  3.68  0.00  0.47 0.534  00  02T00CM000  1.008
ASP02A0190_021  0.000 -4.38  0.97  2.94  0.00 -0.46 0.534  00  02T001M000  1.077
ASP02A0190_022  0.000 -4.03  2.55  0.07  0.00 -1.40 0.535  00  02T009M000  1.008
ASP02A0190_023  0.000 -4.60  4.44  0.13  0.00 -0.03 0.536  00  02T00BM000  1.016
ASP02A0190_024  0.000 -3.73  1.61  0.98  0.00 -1.14 0.539  00  02T006M000  1.000
ASP02A0190_025  0.000 -4.15  0.42  0.94  0.00 -2.79 0.536  00  02T00AM000  1.024
ASP02A0190_026  0.000 -3.67  0.46  0.93  0.00 -2.28 0.534  00  02T00CM000  1.008
ASP-1A0190_027 -1.000 -3.95  3.21  0.42  0.00 -0.33 0.538  00  -1O000M000  1.032
ASP-1A0190_028 -1.000 -4.01  2.03  0.27  0.00 -1.72 0.535  00  -1E002M000  1.000
ASP-1A0190_029 -1.000 -4.19  2.47  0.06  0.00 -1.66 0.535  00  -1E009M000  1.008
ASP-1A0190_030 -1.000 -4.46  3.67  0.11  0.00 -0.68 0.536  00  -1E00BM000  1.008
