iConf CONFORMER     FL  occ    crg   Em0  pKa0 ne nH    vdw0    vdw1    tors    epol   dsolv   extra    history
00001 ASP01A0190_001 f 0.00  0.000     0  0.00  0  0  -4.113   4.114   3.136   0.901  -0.128   0.000 01O000M000t
00002 ASP01A0190_002 f 0.00  0.000     0  0.00  0  0  -3.774   1.196   3.691   0.173  -0.596   0.000 01E004M000t
00003 ASP01A0190_003 f 0.00  0.000     0  0.00  0  0  -4.113   4.114   0.415   0.210   0.445   0.000 01O000M000t
00004 ASP01A0190_004 f 0.00  0.000     0  0.00  0  0  -3.747   1.198   0.971   0.197   0.397   0.000 01E004M000t
00005 ASP01A0190_005 f 0.00  0.000     0  0.00  0  0  -4.265   2.937   2.800   2.055  -0.301   0.000 01T009M000t
00006 ASP01A0190_006 f 0.00  0.000     0  0.00  0  0  -3.828   0.452   3.674   0.315  -0.744   0.000 01T00CM000t
00007 ASP01A0190_007 f 0.00  0.000     0  0.00  0  0  -4.766   3.114   3.011   0.110  -0.758   0.000 01T007M000t
00008 ASP01A0190_008 f 0.00  0.000     0  0.00  0  0  -4.570   3.620   2.834   0.068  -0.905   0.000 01T00BM000t
00009 ASP01A0190_009 f 0.00  0.000     0  0.00  0  0  -4.552   1.093   0.281   0.389   0.340   0.000 01T001M000t
00010 ASP01A0190_010 f 0.00  0.000     0  0.00  0  0  -4.124   2.937   0.080   0.217   0.328   0.000 01T009M000t
00011 ASP01A0190_011 f 0.00  0.000     0  0.00  0  0  -3.828   0.452   0.954   0.212   0.367   0.000 01T00CM000t
00012 ASP01A0190_012 f 0.00  0.000     0  0.00  0  0  -4.766   3.114   0.291   0.129   0.416   0.000 01T007M000t
00013 ASP01A0190_013 f 0.00  0.000     0  0.00  0  0  -4.570   3.620   0.114   0.067   0.378   0.000 01T00BM000t
00014 ASP02A0190_014 f 0.00  0.000     0  0.00  0  0  -3.820   3.190   3.135   0.316  -0.377   0.000 02O000M000t
00015 ASP02A0190_015 f 0.00  0.000     0  0.00  0  0  -3.737   1.625   3.701   0.922  -0.090   0.000 02E006M000t
00016 ASP02A0190_016 f 0.00  0.000     0  0.00  0  0  -4.599   4.443   2.853   0.574  -0.004   0.000 02E00BM000t
00017 ASP02A0190_017 f 0.00  0.000     0  0.00  0  0  -3.820   3.190   0.415   0.227   0.697   0.000 02O000M000t
00018 ASP02A0190_018 f 0.00  0.000     0  0.00  0  0  -4.945   3.549   3.060   1.014  -0.208   0.000 02T007M000t
00019 ASP02A0190_019 f 0.00  0.000     0  0.00  0  0  -4.057   0.413   3.687   0.372  -0.309   0.000 02T00AM000t
00020 ASP02A0190_020 f 0.00  0.000     0  0.00  0  0  -3.706   0.490   3.679   0.222  -0.369   0.000 02T00CM000t
00021 ASP02A0190_021 f 0.00  0.000     0  0.00  0  0  -4.380   0.973   2.945   0.388  -0.474   0.000 02T001M000t
00022 ASP02A0190_022 f 0.00  0.000     0  0.00  0  0  -4.028   2.550   0.073   0.108   0.599   0.000 02T009M000t
00023 ASP02A0190_023 f 0.00  0.000     0  0.00  0  0  -4.599   4.444   0.132   0.116   0.654   0.000 02T00BM000t
00024 ASP02A0190_024 f 0.00  0.000     0  0.00  0  0  -3.736   1.606   0.983   0.322   0.744   0.000 02T006M000t
00025 ASP02A0190_025 f 0.00  0.000     0  0.00  0  0  -4.148   0.420   0.938   0.199   0.637   0.000 02T00AM000t
00026 ASP02A0190_026 f 0.00  0.000     0  0.00  0  0  -3.678   0.464   0.933   0.200   0.641   0.000 02T00CM000t
00027 ASP-1A0190_027 f 0.00 -1.000     0  4.75  0 -1  -3.953   3.212   0.415  -0.329   0.122   0.000 -1O000M000t
00028 ASP-1A0190_028 f 0.00 -1.000     0  4.75  0 -1  -4.013   2.029   0.271  -0.409  -0.003   0.000 -1E002M000t
00029 ASP-1A0190_029 f 0.00 -1.000     0  4.75  0 -1  -4.186   2.462   0.065  -0.873  -0.017   0.000 -1E009M000t
00030 ASP-1A0190_030 f 0.00 -1.000     0  4.75  0 -1  -4.455   3.662   0.113  -0.430   0.046   0.000 -1E00BM000t
