iConf CONFORMER     FL  occ    crg   Em0  pKa0 ne nH    vdw0    vdw1    tors    epol   dsolv   extra    history
00001 HIS01A0151_001 f 0.00  0.000     0  0.00  0  0 -11.688  -0.384   0.000   0.351   0.513   0.000 01O000M000t
00002 HIS01A0151_002 f 0.00  0.000     0  0.00  0  0 -11.800  -0.386   0.000   0.338  -0.047   0.000 01R001M000t
00003 HIS01A0151_003 f 0.00  0.000     0  0.00  0  0 -11.810  -0.177   0.000   0.340   0.413   0.000 01E005M000t
00004 HIS01A0151_004 f 0.00  0.000     0  0.00  0  0 -11.637   1.664   2.800   0.327   0.290   0.000 01E00CM000t
00005 HIS01A0151_005 f 0.00  0.000     0  0.00  0  0 -11.800   3.526   0.008   0.533   0.609   0.000 01E010M000t
00006 HIS01A0151_006 f 0.00  0.000     0  0.00  0  0 -11.555   2.154   2.800   0.410   0.480   0.000 01E011M000t
00007 HIS01A0151_007 f 0.00  0.000     0  0.00  0  0 -11.980   0.439   0.000   0.057   0.378   0.000 01E016M000t
00008 HIS01A0151_008 f 0.00  0.000     0  0.00  0  0 -12.106   0.582   2.800   0.328   0.361   0.000 01E019M000t
00009 HIS01A0151_009 f 0.00  0.000     0  0.00  0  0 -11.961   1.474   2.800   0.204   0.408   0.000 01E01AM000t
00010 HIS01A0151_010 f 0.00  0.000     0  0.00  0  0 -11.943   2.315   2.800   0.159   0.293   0.000 01T004M000t
00011 HIS01A0151_011 f 0.00  0.000     0  0.00  0  0 -11.944   0.570   2.800   0.392   0.248   0.000 01T006M000t
00012 HIS01A0151_012 f 0.00  0.000     0  0.00  0  0 -11.882  -0.012   0.000   0.413   0.310   0.000 01T007M000t
00013 HIS01A0151_013 f 0.00  0.000     0  0.00  0  0 -11.648   1.708   0.002   0.542   0.355   0.000 01T008M000t
00014 HIS01A0151_014 f 0.00  0.000     0  0.00  0  0 -12.004   0.251   0.000   0.249   0.564   0.000 01T00AM000t
00015 HIS01A0151_015 f 0.00  0.000     0  0.00  0  0 -11.735   1.886   0.002   0.116   0.353   0.000 01T00BM000t
00016 HIS01A0151_016 f 0.00  0.000     0  0.00  0  0 -11.687  -0.630   0.000   0.484   0.381   0.000 01T00EM000t
00017 HIS01A0151_017 f 0.00  0.000     0  0.00  0  0 -11.730   1.792   0.001   0.582   0.668   0.000 01T00FM000t
00018 HIS01A0151_018 f 0.00  0.000     0  0.00  0  0 -12.176   0.073   0.000   0.460   0.329   0.000 01T013M000t
00019 HIS01A0151_019 f 0.00  0.000     0  0.00  0  0 -11.799   4.646   0.004  -0.314   0.525   0.000 01T015M000t
00020 HIS01A0151_020 f 0.00  0.000     0  0.00  0  0 -11.740   1.197   2.800   0.452   0.349   0.000 01T017M000t
00021 HIS02A0151_021 f 0.00  0.000     0  0.00  0  0 -11.706  -0.412   0.000   0.261   0.193   0.000 02O000M000t
00022 HIS02A0151_022 f 0.00  0.000     0  0.00  0  0 -11.813  -0.398   0.000   0.288   0.114   0.000 02R001M000t
00023 HIS02A0151_023 f 0.00  0.000     0  0.00  0  0 -12.028   2.285   2.800   0.052   0.287   0.000 02E004M000t
00024 HIS02A0151_024 f 0.00  0.000     0  0.00  0  0 -11.763  -0.192   0.000   0.195   0.374   0.000 02E005M000t
00025 HIS02A0151_025 f 0.00  0.000     0  0.00  0  0 -11.620   1.683   0.002   0.493   0.293   0.000 02E008M000t
00026 HIS02A0151_026 f 0.00  0.000     0  0.00  0  0 -12.017   0.182   0.000   0.307   0.255   0.000 02E00AM000t
00027 HIS02A0151_027 f 0.00  0.000     0  0.00  0  0 -11.831   3.953   0.014  -0.564   0.552   0.000 02E010M000t
00028 HIS02A0151_028 f 0.00  0.000     0  0.00  0  0 -11.574   2.126   2.800   0.096   0.403   0.000 02E011M000t
00029 HIS02A0151_029 f 0.00  0.000     0  0.00  0  0 -11.961   0.552   2.800   0.299   0.305   0.000 02T006M000t
00030 HIS02A0151_030 f 0.00  0.000     0  0.00  0  0 -11.903  -0.017   0.000   0.322   0.256   0.000 02T007M000t
00031 HIS02A0151_031 f 0.00  0.000     0  0.00  0  0 -11.804   1.745   0.004   1.000   0.248   0.000 02T00BM000t
00032 HIS02A0151_032 f 0.00  0.000     0  0.00  0  0 -11.722   1.648   2.800   0.317   0.431   0.000 02T00CM000t
00033 HIS02A0151_033 f 0.00  0.000     0  0.00  0  0 -11.794  -0.655   0.000   0.363   0.326   0.000 02T00EM000t
00034 HIS02A0151_034 f 0.00  0.000     0  0.00  0  0 -11.745   1.743   0.001   0.032   0.529   0.000 02T00FM000t
00035 HIS02A0151_035 f 0.00  0.000     0  0.00  0  0 -12.244   0.066   0.000   0.269   0.313   0.000 02T013M000t
00036 HIS02A0151_036 f 0.00  0.000     0  0.00  0  0 -11.828   4.705   0.005   0.963   0.439   0.000 02T015M000t
00037 HIS02A0151_037 f 0.00  0.000     0  0.00  0  0 -11.995   0.426   0.000   0.183   0.348   0.000 02T016M000t
00038 HIS02A0151_038 f 0.00  0.000     0  0.00  0  0 -11.760   1.184   2.800   0.348   0.102   0.000 02T017M000t
00039 HIS02A0151_039 f 0.00  0.000     0  0.00  0  0 -12.122   0.561   2.800   0.270   0.464   0.000 02T019M000t
00040 HIS02A0151_040 f 0.00  0.000     0  0.00  0  0 -11.908   1.448   2.800   0.345   0.164   0.000 02T01AM000t
00041 HIS+1A0151_041 f 0.00  1.000     0  6.98  0  1 -11.733  -0.414   0.000   0.597  -0.346   0.000 +1O000M000t
00042 HIS+1A0151_042 f 0.00  1.000     0  6.98  0  1 -11.840  -0.400   0.000   0.608  -0.582   0.000 +1R001M000t
00043 HIS+1A0151_043 f 0.00  1.000     0  6.98  0  1 -11.832  -0.019   0.000   0.651  -0.281   0.000 +1E007M000t
00044 HIS+1A0151_044 f 0.00  1.000     0  6.98  0  1 -12.044   0.180   0.000   0.636  -0.169   0.000 +1E00AM000t
00045 HIS+1A0151_045 f 0.00  1.000     0  6.98  0  1 -11.791   4.136   0.011  -0.338  -0.016   0.000 +1E010M000t
00046 HIS+1A0151_046 f 0.00  1.000     0  6.98  0  1 -11.533   2.113   2.800   0.758  -0.455   0.000 +1E011M000t
00047 HIS+1A0151_047 f 0.00  1.000     0  6.98  0  1 -12.261   0.066   0.000   0.921  -0.369   0.000 +1E013M000t
00048 HIS+1A0151_048 f 0.00  1.000     0  6.98  0  1 -11.766   4.756   0.005   1.793   0.017   0.000 +1E015M000t
00049 HIS+1A0151_049 f 0.00  1.000     0  6.98  0  1 -12.089   0.415   0.000   0.921  -0.357   0.000 +1E016M000t
00050 HIS+1A0151_050 f 0.00  1.000     0  6.98  0  1 -12.150   0.562   2.800   0.713  -0.335   0.000 +1E019M000t
00051 HIS+1A0151_051 f 0.00  1.000     0  6.98  0  1 -12.054   2.294   2.800   0.774  -0.417   0.000 +1T004M000t
00052 HIS+1A0151_052 f 0.00  1.000     0  6.98  0  1 -11.851  -0.193   0.000   0.890  -0.342   0.000 +1T005M000t
00053 HIS+1A0151_053 f 0.00  1.000     0  6.98  0  1 -11.989   0.551   2.800   0.715  -0.294   0.000 +1T006M000t
00054 HIS+1A0151_054 f 0.00  1.000     0  6.98  0  1 -11.696   1.704   0.002   0.826  -0.279   0.000 +1T008M000t
00055 HIS+1A0151_055 f 0.00  1.000     0  6.98  0  1 -11.763   1.782   0.003   1.390   0.071   0.000 +1T00BM000t
00056 HIS+1A0151_056 f 0.00  1.000     0  6.98  0  1 -11.682   1.645   2.800   0.487  -0.297   0.000 +1T00CM000t
00057 HIS+1A0151_057 f 0.00  1.000     0  6.98  0  1 -11.850  -0.659   0.000   0.601  -0.417   0.000 +1T00EM000t
00058 HIS+1A0151_058 f 0.00  1.000     0  6.98  0  1 -11.773   1.758   0.001   0.170  -0.008   0.000 +1T00FM000t
00059 HIS+1A0151_059 f 0.00  1.000     0  6.98  0  1 -11.787   1.182   2.800   0.725  -0.423   0.000 +1T017M000t
00060 HIS+1A0151_060 f 0.00  1.000     0  6.98  0  1 -11.935   1.442   2.800   0.778  -0.135   0.000 +1T01AM000t
