CONFORMER         crg  vdw0  vdw1  tors  epol  self   occ  Hb     history    ASA
HIS01A0151_001  0.000-11.69 -0.38  0.00  0.00-12.07 0.518  00  01O000M000  1.000
HIS01A0151_002  0.000-11.80 -0.39  0.00  0.00-12.19 0.518  00  01R001M000  1.000
HIS01A0151_003  0.000-11.81 -0.18  0.00  0.00-11.99 0.518  00  01E005M000  1.000
HIS01A0151_004  0.000-11.70  1.67  2.80  0.00 -7.24 0.517  00  01E00CM000  1.000
HIS01A0151_005  0.000-11.80  3.52  0.01  0.00 -8.27 0.516  00  01E010M000  1.000
HIS01A0151_006  0.000-11.56  2.15  2.80  0.00 -6.60 0.518  00  01E011M000  1.000
HIS01A0151_007  0.000-12.05  0.44  0.00  0.00-11.61 0.519  00  01E016M000  1.000
HIS01A0151_008  0.000-12.11  0.58  2.80  0.00 -8.73 0.516  00  01E019M000  1.000
HIS01A0151_009  0.000-11.96  1.48  2.80  0.00 -7.68 0.517  00  01E01AM000  1.000
HIS01A0151_010  0.000-11.94  2.32  2.80  0.00 -6.83 0.519  00  01T004M000  1.000
HIS01A0151_011  0.000-11.94  0.57  2.80  0.00 -8.58 0.517  00  01T006M000  1.000
HIS01A0151_012  0.000-11.88 -0.01  0.00  0.00-11.89 0.519  00  01T007M000  1.000
HIS01A0151_013  0.000-11.65  1.71  0.00  0.00 -9.94 0.517  00  01T008M000  1.000
HIS01A0151_014  0.000-12.00  0.25  0.00  0.00-11.75 0.520  00  01T00AM000  1.000
HIS01A0151_015  0.000-11.74  1.88  0.00  0.00 -9.85 0.517  00  01T00BM000  1.000
HIS01A0151_016  0.000-11.74 -0.63  0.00  0.00-12.37 0.515  00  01T00EM000  1.000
HIS01A0151_017  0.000-11.73  1.79  0.00  0.00 -9.93 0.517  00  01T00FM000  1.000
HIS01A0151_018  0.000-12.22  0.07  0.00  0.00-12.15 0.519  00  01T013M000  1.000
HIS01A0151_019  0.000-11.80  4.64  0.00  0.00 -7.16 0.519  00  01T015M000  1.000
HIS01A0151_020  0.000-11.74  1.20  2.80  0.00 -7.74 0.518  00  01T017M000  1.000
HIS02A0151_021  0.000-11.71 -0.41  0.00  0.00-12.12 0.518  00  02O000M000  1.000
HIS02A0151_022  0.000-11.81 -0.40  0.00  0.00-12.21 0.518  00  02R001M000  1.000
HIS02A0151_023  0.000-12.03  2.29  2.80  0.00 -6.94 0.519  00  02E004M000  1.000
HIS02A0151_024  0.000-11.71 -0.19  0.00  0.00-11.90 0.518  00  02E005M000  1.000
HIS02A0151_025  0.000-11.62  1.68  0.00  0.00 -9.94 0.517  00  02E008M000  1.000
HIS02A0151_026  0.000-12.02  0.18  0.00  0.00-11.83 0.520  00  02E00AM000  1.000
HIS02A0151_027  0.000-11.83  3.96  0.01  0.00 -7.86 0.516  00  02E010M000  1.000
HIS02A0151_028  0.000-11.57  2.12  2.80  0.00 -6.65 0.518  00  02E011M000  1.000
HIS02A0151_029  0.000-11.96  0.55  2.80  0.00 -8.61 0.517  00  02T006M000  1.000
HIS02A0151_030  0.000-11.90 -0.02  0.00  0.00-11.92 0.519  00  02T007M000  1.000
HIS02A0151_031  0.000-11.80  1.75  0.00  0.00-10.05 0.517  00  02T00BM000  1.000
HIS02A0151_032  0.000-11.72  1.65  2.80  0.00 -7.28 0.517  00  02T00CM000  1.000
HIS02A0151_033  0.000-11.77 -0.66  0.00  0.00-12.43 0.515  00  02T00EM000  1.000
HIS02A0151_034  0.000-11.75  1.74  0.00  0.00-10.00 0.517  00  02T00FM000  1.000
HIS02A0151_035  0.000-12.24  0.07  0.00  0.00-12.18 0.519  00  02T013M000  1.000
HIS02A0151_036  0.000-11.83  4.70  0.01  0.00 -7.12 0.519  00  02T015M000  1.000
HIS02A0151_037  0.000-11.99  0.42  0.00  0.00-11.57 0.519  00  02T016M000  1.000
HIS02A0151_038  0.000-11.76  1.19  2.80  0.00 -7.77 0.518  00  02T017M000  1.000
HIS02A0151_039  0.000-12.12  0.56  2.80  0.00 -8.76 0.516  00  02T019M000  1.000
HIS02A0151_040  0.000-11.91  1.45  2.80  0.00 -7.66 0.517  00  02T01AM000  1.000
HIS+1A0151_041  1.000-11.73 -0.41  0.00  0.00-12.15 0.518  00  +1O000M000  1.000
HIS+1A0151_042  1.000-11.84 -0.40  0.00  0.00-12.24 0.518  00  +1R001M000  1.000
HIS+1A0151_043  1.000-11.83 -0.02  0.00  0.00-11.85 0.519  00  +1E007M000  1.000
HIS+1A0151_044  1.000-12.04  0.18  0.00  0.00-11.86 0.520  00  +1E00AM000  1.000
HIS+1A0151_045  1.000-11.86  4.15  0.01  0.00 -7.70 0.516  00  +1E010M000  1.000
HIS+1A0151_046  1.000-11.53  2.12  2.80  0.00 -6.62 0.518  00  +1E011M000  1.000
HIS+1A0151_047  1.000-12.26  0.07  0.00  0.00-12.19 0.519  00  +1E013M000  1.000
HIS+1A0151_048  1.000-11.77  4.75  0.00  0.00 -7.01 0.519  00  +1E015M000  1.000
HIS+1A0151_049  1.000-12.09  0.42  0.00  0.00-11.67 0.519  00  +1E016M000  1.000
HIS+1A0151_050  1.000-12.15  0.56  2.80  0.00 -8.79 0.516  00  +1E019M000  1.000
HIS+1A0151_051  1.000-12.05  2.29  2.80  0.00 -6.96 0.519  00  +1T004M000  1.000
HIS+1A0151_052  1.000-11.85 -0.19  0.00  0.00-12.04 0.518  00  +1T005M000  1.000
HIS+1A0151_053  1.000-11.99  0.55  2.80  0.00 -8.64 0.517  00  +1T006M000  1.000
HIS+1A0151_054  1.000-11.70  1.71  0.00  0.00 -9.98 0.517  00  +1T008M000  1.000
HIS+1A0151_055  1.000-11.76  1.78  0.00  0.00 -9.98 0.517  00  +1T00BM000  1.000
HIS+1A0151_056  1.000-11.75  1.64  2.80  0.00 -7.31 0.517  00  +1T00CM000  1.000
HIS+1A0151_057  1.000-11.85 -0.66  0.00  0.00-12.51 0.515  00  +1T00EM000  1.000
HIS+1A0151_058  1.000-11.77  1.76  0.00  0.00-10.01 0.517  00  +1T00FM000  1.000
HIS+1A0151_059  1.000-11.79  1.19  2.80  0.00 -7.80 0.518  00  +1T017M000  1.000
HIS+1A0151_060  1.000-11.94  1.45  2.80  0.00 -7.69 0.517  00  +1T01AM000  1.000
