   confID        vdw0    sas     sum
HIS01A0151_001  -0.152 -11.535 -11.688
HIS01A0151_002  -0.117 -11.683 -11.800
HIS01A0151_003  -0.154 -11.657 -11.810
HIS01A0151_004  -0.138 -11.499 -11.637
HIS01A0151_005  -0.281 -11.519 -11.800
HIS01A0151_006  -0.134 -11.421 -11.555
HIS01A0151_007  -0.287 -11.693 -11.980
HIS01A0151_008  -0.140 -11.966 -12.106
HIS01A0151_009  -0.300 -11.661 -11.961
HIS01A0151_010  -0.150 -11.793 -11.943
HIS01A0151_011  -0.153 -11.791 -11.944
HIS01A0151_012  -0.215 -11.668 -11.882
HIS01A0151_013  -0.207 -11.441 -11.648
HIS01A0151_014  -0.302 -11.701 -12.004
HIS01A0151_015  -0.289 -11.446 -11.735
HIS01A0151_016  -0.134 -11.553 -11.687
HIS01A0151_017  -0.299 -11.431 -11.730
HIS01A0151_018  -0.208 -11.967 -12.176
HIS01A0151_019  -0.301 -11.498 -11.799
HIS01A0151_020  -0.215 -11.525 -11.740
HIS02A0151_021  -0.171 -11.535 -11.706
HIS02A0151_022  -0.129 -11.683 -11.813
HIS02A0151_023  -0.167 -11.861 -12.028
HIS02A0151_024  -0.170 -11.592 -11.763
HIS02A0151_025  -0.228 -11.392 -11.620
HIS02A0151_026  -0.315 -11.701 -12.017
HIS02A0151_027  -0.302 -11.529 -11.831
HIS02A0151_028  -0.153 -11.421 -11.574
HIS02A0151_029  -0.170 -11.791 -11.961
HIS02A0151_030  -0.235 -11.668 -11.903
HIS02A0151_031  -0.304 -11.500 -11.804
HIS02A0151_032  -0.156 -11.566 -11.722
HIS02A0151_033  -0.154 -11.640 -11.794
HIS02A0151_034  -0.314 -11.431 -11.745
HIS02A0151_035  -0.228 -12.016 -12.244
HIS02A0151_036  -0.313 -11.515 -11.828
HIS02A0151_037  -0.302 -11.693 -11.995
HIS02A0151_038  -0.235 -11.525 -11.760
HIS02A0151_039  -0.156 -11.966 -12.122
HIS02A0151_040  -0.314 -11.593 -11.908
HIS+1A0151_041  -0.198 -11.535 -11.733
HIS+1A0151_042  -0.156 -11.683 -11.840
HIS+1A0151_043  -0.262 -11.570 -11.832
HIS+1A0151_044  -0.342 -11.701 -12.044
HIS+1A0151_045  -0.329 -11.462 -11.791
HIS+1A0151_046  -0.179 -11.353 -11.533
HIS+1A0151_047  -0.256 -12.005 -12.261
HIS+1A0151_048  -0.341 -11.425 -11.766
HIS+1A0151_049  -0.328 -11.761 -12.089
HIS+1A0151_050  -0.184 -11.966 -12.150
HIS+1A0151_051  -0.193 -11.861 -12.054
HIS+1A0151_052  -0.198 -11.653 -11.851
HIS+1A0151_053  -0.198 -11.791 -11.989
HIS+1A0151_054  -0.255 -11.441 -11.696
HIS+1A0151_055  -0.331 -11.432 -11.763
HIS+1A0151_056  -0.183 -11.499 -11.682
HIS+1A0151_057  -0.182 -11.668 -11.850
HIS+1A0151_058  -0.342 -11.431 -11.773
HIS+1A0151_059  -0.263 -11.525 -11.787
HIS+1A0151_060  -0.342 -11.593 -11.935
