iConf CONFORMER     FL  occ    crg   Em0  pKa0 ne nH    vdw0    vdw1    tors    epol   dsolv   extra    history
00001 TYR01A0240_001 f 0.00  0.000     0  0.00  0  0 -10.138   3.981   0.246   0.261   0.031   0.000 01O000M000t
00002 TYR01A0240_002 f 0.00  0.000     0  0.00  0  0  -9.603   0.320   0.228   0.239  -0.162   0.000 01E006M000t
00003 TYR01A0240_003 f 0.00  0.000     0  0.00  0  0  -9.603   0.369   2.538   0.197  -0.056   0.000 01T00BM000t
00004 TYR01A0240_004 f 0.00  0.000     0  0.00  0  0 -10.104  -0.261   0.231   0.252  -0.048   0.000 01T003M000t
00005 TYR01A0240_005 f 0.00  0.000     0  0.00  0  0 -10.270   1.630   2.536   0.240  -0.027   0.000 01T004M000t
00006 TYR01A0240_006 f 0.00  0.000     0  0.00  0  0 -10.333   1.989   2.502   0.247   0.042   0.000 01T00AM000t
00007 TYR01A0240_007 f 0.00  0.000     0  0.00  0  0 -10.193   6.281   0.289   0.479  -0.237   0.000 01T002M000t
00008 TYR01A0240_008 f 0.00  0.000     0  0.00  0  0  -9.782   1.724   2.535   0.052   0.020   0.000 01T007M000t
00009 TYR01A0240_009 f 0.00  0.000     0  0.00  0  0 -10.110   4.766   0.210   0.334  -0.091   0.000 01T008M000t
00010 TYR01A0240_010 f 0.00  0.000     0  0.00  0  0  -9.984   1.902   0.227   0.323   0.014   0.000 01T009M000t
00011 TYR01A0240_011 f 0.00  0.000     0  0.00  0  0 -10.098   4.028   2.492   0.237  -0.027   0.000 01T001M000t
00012 TYR01A0240_012 f 0.00  0.000     0  0.00  0  0  -9.842   4.910   0.260   0.342  -0.357   0.000 01T005M000t
00013 TYR-1A0240_013 f 0.00 -1.000     0 10.20  0 -1 -10.138   3.981   0.246   0.118  -1.032   0.000 -1O000M000t
00014 TYR-1A0240_014 f 0.00 -1.000     0 10.20  0 -1  -9.966   3.908   2.482   0.121  -0.926   0.000 -1E001M000t
00015 TYR-1A0240_015 f 0.00 -1.000     0 10.20  0 -1 -10.279   1.629   2.530   0.075  -0.772   0.000 -1E004M000t
00016 TYR-1A0240_016 f 0.00 -1.000     0 10.20  0 -1  -9.781   4.853   0.260   0.169  -0.964   0.000 -1E005M000t
00017 TYR-1A0240_017 f 0.00 -1.000     0 10.20  0 -1  -9.806   1.718   2.529  -0.207  -0.831   0.000 -1E007M000t
00018 TYR-1A0240_018 f 0.00 -1.000     0 10.20  0 -1 -10.071   4.821   0.204   0.340  -0.761   0.000 -1E008M000t
00019 TYR-1A0240_019 f 0.00 -1.000     0 10.20  0 -1  -9.978   1.912   0.221   0.260  -0.723   0.000 -1E009M000t
00020 TYR-1A0240_020 f 0.00 -1.000     0 10.20  0 -1 -10.371   1.866   2.492   0.167  -1.052   0.000 -1E00AM000t
00021 TYR-1A0240_021 f 0.00 -1.000     0 10.20  0 -1 -10.188   6.147   0.295   0.293  -0.931   0.000 -1T002M000t
00022 TYR-1A0240_022 f 0.00 -1.000     0 10.20  0 -1 -10.115  -0.263   0.227   0.089  -1.055   0.000 -1T003M000t
00023 TYR-1A0240_023 f 0.00 -1.000     0 10.20  0 -1  -9.695   0.292   0.224   0.060  -0.984   0.000 -1T006M000t
00024 TYR-1A0240_024 f 0.00 -1.000     0 10.20  0 -1  -9.601   0.366   2.536   0.130  -0.968   0.000 -1T00BM000t
