   confID        vdw0    sas     sum
TYR01A0240_001   4.172 -14.310 -10.138
TYR01A0240_002   4.529 -14.132  -9.603
TYR01A0240_003   4.501 -14.105  -9.603
TYR01A0240_004   4.504 -14.609 -10.104
TYR01A0240_005   4.520 -14.790 -10.270
TYR01A0240_006   4.352 -14.685 -10.333
TYR01A0240_007   4.358 -14.551 -10.193
TYR01A0240_008   4.523 -14.305  -9.782
TYR01A0240_009   4.380 -14.490 -10.110
TYR01A0240_010   4.534 -14.518  -9.984
TYR01A0240_011   4.171 -14.269 -10.098
TYR01A0240_012   4.344 -14.186  -9.842
TYR-1A0240_013   4.172 -14.310 -10.138
TYR-1A0240_014   4.167 -14.133  -9.966
TYR-1A0240_015   4.512 -14.790 -10.279
TYR-1A0240_016   4.355 -14.136  -9.781
TYR-1A0240_017   4.516 -14.322  -9.806
TYR-1A0240_018   4.368 -14.439 -10.071
TYR-1A0240_019   4.540 -14.518  -9.978
TYR-1A0240_020   4.358 -14.728 -10.371
TYR-1A0240_021   4.363 -14.551 -10.188
TYR-1A0240_022   4.493 -14.609 -10.115
TYR-1A0240_023   4.521 -14.216  -9.695
TYR-1A0240_024   4.504 -14.105  -9.601
