iConf CONFORMER     FL  occ    crg   Em0  pKa0 ne nH    vdw0    vdw1    tors    epol   dsolv   extra    history
00001 ARG01A0145_001 f 0.00  0.000     0  0.00  0  0 -12.894   0.448   0.491   0.031  -0.027   0.000 01O000M000t
00002 ARG01A0145_002 f 0.00  0.000     0  0.00  0  0 -10.312   1.272   1.117   0.093  -0.084   0.000 01E034M000t
00003 ARG01A0145_003 f 0.00  0.000     0  0.00  0  0 -12.192   5.907   3.132   0.074  -0.054   0.000 01E049M000t
00004 ARG01A0145_004 f 0.00  0.000     0  0.00  0  0 -11.760   1.591   3.351   0.035  -0.093   0.000 01E08BM000t
00005 ARG01A0145_005 f 0.00  0.000     0  0.00  0  0 -11.504   1.138   3.255   0.025  -0.239   0.000 01E09FM000t
00006 ARG01A0145_006 f 0.00  0.000     0  0.00  0  0 -10.018   1.560   4.056   0.094  -0.206   0.000 01E0EBM000t
00007 ARG01A0145_007 f 0.00  0.000     0  0.00  0  0 -11.446   1.621   1.124   0.048  -0.096   0.000 01E103M000t
00008 ARG01A0145_008 f 0.00  0.000     0  0.00  0  0 -12.018   1.418   3.166  -0.193  -0.044   0.000 01E110M000t
00009 ARG01A0145_009 f 0.00  0.000     0  0.00  0  0 -11.197   1.197   3.145   0.012  -0.117   0.000 01T022M000t
00010 ARG01A0145_010 f 0.00  0.000     0  0.00  0  0 -12.615   1.616   0.526   0.345   0.119   0.000 01T064M000t
00011 ARG01A0145_011 f 0.00  0.000     0  0.00  0  0 -12.823   2.077   3.189   0.183  -0.105   0.000 01T06DM000t
00012 ARG01A0145_012 f 0.00  0.000     0  0.00  0  0 -11.931   1.188   3.130   0.000  -0.039   0.000 01T0B1M000t
00013 ARG01A0145_013 f 0.00  0.000     0  0.00  0  0 -11.562   0.669   1.139   0.013  -0.084   0.000 01T0BBM000t
00014 ARG01A0145_014 f 0.00  0.000     0  0.00  0  0 -10.937   1.718   1.093  -0.043  -0.052   0.000 01T0DBM000t
00015 ARG01A0145_015 f 0.00  0.000     0  0.00  0  0  -8.890   1.599   3.888   0.053  -0.076   0.000 01T0DDM000t
00016 ARG01A0145_016 f 0.00  0.000     0  0.00  0  0 -11.230   1.252   1.117   0.086  -0.210   0.000 01T0EEM000t
00017 ARG01A0145_017 f 0.00  0.000     0  0.00  0  0  -9.510   1.047   3.900   0.024   0.046   0.000 01T0FDM000t
00018 ARG01A0145_018 f 0.00  0.000     0  0.00  0  0 -11.132   1.257   1.100  -0.056   0.165   0.000 01T100M000t
00019 ARG01A0145_019 f 0.00  0.000     0  0.00  0  0 -11.367   1.701   3.761  -0.167  -0.448   0.000 01T10BM000t
00020 ARG01A0145_020 f 0.00  0.000     0  0.00  0  0 -11.883   2.140   5.955   0.085  -0.030   0.000 01T112M000t
00021 ARG02A0145_021 f 0.00  0.000     0  0.00  0  0 -12.911   0.446   0.491   0.027   1.073   0.000 02O000M000t
00022 ARG02A0145_022 f 0.00  0.000     0  0.00  0  0 -11.084   0.637   1.094   0.039   0.970   0.000 02E0BBM000t
00023 ARG02A0145_023 f 0.00  0.000     0  0.00  0  0 -11.206   1.324   1.087   0.122   0.958   0.000 02E0EEM000t
00024 ARG02A0145_024 f 0.00  0.000     0  0.00  0  0 -11.150   1.201   3.133  -0.012   0.740   0.000 02E022M000t
00025 ARG02A0145_025 f 0.00  0.000     0  0.00  0  0 -10.951   1.636   1.093   0.273   0.729   0.000 02E0DBM000t
00026 ARG02A0145_026 f 0.00  0.000     0  0.00  0  0 -12.742   1.614   0.521   0.350   0.982   0.000 02T064M000t
00027 ARG02A0145_027 f 0.00  0.000     0  0.00  0  0 -12.033   1.408   3.158  -0.220   1.249   0.000 02T110M000t
00028 ARG02A0145_028 f 0.00  0.000     0  0.00  0  0 -12.252   5.915   3.132   0.050   0.977   0.000 02T049M000t
00029 ARG02A0145_029 f 0.00  0.000     0  0.00  0  0 -11.966   1.181   3.129  -0.010   0.768   0.000 02T0B1M000t
00030 ARG02A0145_030 f 0.00  0.000     0  0.00  0  0 -11.379   1.587   1.109   0.065   0.955   0.000 02T103M000t
00031 ARG02A0145_031 f 0.00  0.000     0  0.00  0  0 -11.899   2.128   5.951   0.142   1.101   0.000 02T112M000t
00032 ARG02A0145_032 f 0.00  0.000     0  0.00  0  0 -10.234   1.262   1.095   0.052   0.777   0.000 02T034M000t
00033 ARG02A0145_033 f 0.00  0.000     0  0.00  0  0 -12.914   2.059   3.176   0.152   0.489   0.000 02T06DM000t
00034 ARG02A0145_034 f 0.00  0.000     0  0.00  0  0 -11.564   1.578   3.238  -0.010   0.646   0.000 02T08BM000t
00035 ARG02A0145_035 f 0.00  0.000     0  0.00  0  0  -9.561   1.400   3.840   0.121   0.596   0.000 02T0EBM000t
00036 ARG02A0145_036 f 0.00  0.000     0  0.00  0  0 -11.151   1.200   1.081   0.028   0.834   0.000 02T100M000t
00037 ARG02A0145_037 f 0.00  0.000     0  0.00  0  0 -11.649   1.144   3.238   0.050   0.537   0.000 02T09FM000t
00038 ARG02A0145_038 f 0.00  0.000     0  0.00  0  0  -8.848   1.578   3.888   0.063   0.485   0.000 02T0DDM000t
00039 ARG02A0145_039 f 0.00  0.000     0  0.00  0  0  -9.202   1.105   3.886  -0.090   0.756   0.000 02T0FDM000t
00040 ARG02A0145_040 f 0.00  0.000     0  0.00  0  0 -11.225   1.635   3.764   0.275   0.696   0.000 02T10BM000t
00041 ARG03A0145_041 f 0.00  0.000     0  0.00  0  0  -8.996   1.576   3.887   0.070   0.964   0.000 03E0DDM000t
00042 ARG03A0145_042 f 0.00  0.000     0  0.00  0  0 -11.345   1.324   1.088   0.110   0.615   0.000 03E0EEM000t
00043 ARG03A0145_043 f 0.00  0.000     0  0.00  0  0 -11.281   1.631   3.764   0.268   1.029   0.000 03E10BM000t
00044 ARG03A0145_044 f 0.00  0.000     0  0.00  0  0 -12.107   1.406   3.159  -0.231   1.088   0.000 03E110M000t
00045 ARG03A0145_045 f 0.00  0.000     0  0.00  0  0 -12.915   0.446   0.491   0.026   0.744   0.000 03O000M000t
00046 ARG03A0145_046 f 0.00  0.000     0  0.00  0  0 -11.144   1.640   1.092   0.232   0.506   0.000 03E0DBM000t
00047 ARG03A0145_047 f 0.00  0.000     0  0.00  0  0  -9.477   1.078   3.886   0.011   0.718   0.000 03E0FDM000t
00048 ARG03A0145_048 f 0.00  0.000     0  0.00  0  0 -12.261   5.913   3.131   0.047   0.899   0.000 03T049M000t
00049 ARG03A0145_049 f 0.00  0.000     0  0.00  0  0 -12.614   1.609   0.524   0.304   1.125   0.000 03T064M000t
00050 ARG03A0145_050 f 0.00  0.000     0  0.00  0  0 -11.668   1.580   3.246   0.003   0.923   0.000 03T08BM000t
00051 ARG03A0145_051 f 0.00  0.000     0  0.00  0  0 -10.336   1.265   1.096   0.063   0.840   0.000 03T034M000t
00052 ARG03A0145_052 f 0.00  0.000     0  0.00  0  0 -13.005   2.058   3.175   0.185   0.850   0.000 03T06DM000t
00053 ARG03A0145_053 f 0.00  0.000     0  0.00  0  0 -11.282   1.203   1.081   0.035   0.896   0.000 03T100M000t
00054 ARG03A0145_054 f 0.00  0.000     0  0.00  0  0 -11.221   1.201   3.133   0.008   0.957   0.000 03T022M000t
00055 ARG03A0145_055 f 0.00  0.000     0  0.00  0  0 -11.915   1.182   3.129  -0.005   0.889   0.000 03T0B1M000t
00056 ARG03A0145_056 f 0.00  0.000     0  0.00  0  0  -9.607   1.389   3.849   0.097   0.505   0.000 03T0EBM000t
00057 ARG03A0145_057 f 0.00  0.000     0  0.00  0  0 -11.435   1.583   1.108   0.065   0.613   0.000 03T103M000t
00058 ARG03A0145_058 f 0.00  0.000     0  0.00  0  0 -11.587   1.144   3.239   0.042   0.498   0.000 03T09FM000t
00059 ARG03A0145_059 f 0.00  0.000     0  0.00  0  0 -11.076   0.639   1.095   0.039   0.738   0.000 03T0BBM000t
00060 ARG03A0145_060 f 0.00  0.000     0  0.00  0  0 -11.844   2.114   5.953   0.124   0.795   0.000 03T112M000t
00061 ARG+1A0145_061 f 0.00  1.000     0 12.50  0  1 -12.958   0.446   0.491   0.104  -0.221   0.000 +1O000M000t
00062 ARG+1A0145_062 f 0.00  1.000     0 12.50  0  1 -12.014   1.181   3.130   0.110  -0.265   0.000 +1E0B1M000t
00063 ARG+1A0145_063 f 0.00  1.000     0 12.50  0  1 -11.129   0.636   1.096   0.163   0.010   0.000 +1E0BBM000t
00064 ARG+1A0145_064 f 0.00  1.000     0 12.50  0  1  -9.444   1.081   3.886   0.267   0.045   0.000 +1E0FDM000t
00065 ARG+1A0145_065 f 0.00  1.000     0 12.50  0  1 -11.488   1.592   1.112   0.202  -0.055   0.000 +1E103M000t
00066 ARG+1A0145_066 f 0.00  1.000     0 12.50  0  1 -11.341   1.627   3.763   0.726  -0.230   0.000 +1E10BM000t
00067 ARG+1A0145_067 f 0.00  1.000     0 12.50  0  1 -12.084   1.402   3.160   0.439   0.025   0.000 +1E110M000t
00068 ARG+1A0145_068 f 0.00  1.000     0 12.50  0  1 -11.325   1.194   3.135   0.111  -0.149   0.000 +1T022M000t
00069 ARG+1A0145_069 f 0.00  1.000     0 12.50  0  1 -10.449   1.264   1.097   0.213  -0.068   0.000 +1T034M000t
00070 ARG+1A0145_070 f 0.00  1.000     0 12.50  0  1 -12.258   5.916   3.132   0.121  -0.221   0.000 +1T049M000t
00071 ARG+1A0145_071 f 0.00  1.000     0 12.50  0  1 -12.661   1.607   0.524   0.695   0.120   0.000 +1T064M000t
00072 ARG+1A0145_072 f 0.00  1.000     0 12.50  0  1 -13.039   2.050   3.178   0.407  -0.454   0.000 +1T06DM000t
00073 ARG+1A0145_073 f 0.00  1.000     0 12.50  0  1 -11.719   1.575   3.243   0.036  -0.189   0.000 +1T08BM000t
00074 ARG+1A0145_074 f 0.00  1.000     0 12.50  0  1 -11.746   1.144   3.239   0.164  -0.349   0.000 +1T09FM000t
00075 ARG+1A0145_075 f 0.00  1.000     0 12.50  0  1 -11.257   1.645   1.092   0.473   0.588   0.000 +1T0DBM000t
00076 ARG+1A0145_076 f 0.00  1.000     0 12.50  0  1  -9.022   1.582   3.888   0.037  -0.160   0.000 +1T0DDM000t
00077 ARG+1A0145_077 f 0.00  1.000     0 12.50  0  1  -9.653   1.399   3.845   0.225  -0.145   0.000 +1T0EBM000t
00078 ARG+1A0145_078 f 0.00  1.000     0 12.50  0  1 -11.245   1.339   1.089   0.247  -0.418   0.000 +1T0EEM000t
00079 ARG+1A0145_079 f 0.00  1.000     0 12.50  0  1 -11.329   1.202   1.081   0.321   0.157   0.000 +1T100M000t
00080 ARG+1A0145_080 f 0.00  1.000     0 12.50  0  1 -11.942   2.116   5.954   0.471  -0.042   0.000 +1T112M000t
