CONFORMER         crg  vdw0  vdw1  tors  epol  self   occ  Hb     history    ASA
ARG01A0145_001  0.000-12.89  0.34  0.49  0.00-12.06 0.502  00  01O000M000  1.000
ARG01A0145_002  0.000 -9.73  2.37  3.92  0.00 -3.45 0.502  00  01E02FM000  1.000
ARG01A0145_003  0.000-12.16  0.51  1.12  0.00-10.52 0.502  00  01E059M000  1.000
ARG01A0145_004  0.000-11.84  4.22  3.14  0.00 -4.47 0.501  00  01E085M000  1.000
ARG01A0145_005  0.000-11.70  1.53  3.35  0.00 -6.82 0.502  00  01E08BM000  1.000
ARG01A0145_006  0.000-11.43  1.47  0.45  0.00 -9.51 0.502  00  01E08EM000  1.000
ARG01A0145_007  0.000-11.42  5.89  3.17  0.00 -2.36 0.502  00  01E099M000  1.000
ARG01A0145_008  0.000 -9.32  0.55  3.88  0.00 -4.89 0.502  00  01E0D2M000  1.000
ARG01A0145_009  0.000-10.03  0.54  3.97  0.00 -5.52 0.502  00  01E0D3M000  1.000
ARG01A0145_010  0.000-11.03  1.71  1.09  0.00 -8.23 0.502  00  01E0E3M000  1.000
ARG01A0145_011  0.000 -9.27  1.00  3.91  0.00 -4.37 0.501  00  01E0F4M000  1.000
ARG01A0145_012  0.000-11.45  1.62  1.12  0.00 -8.70 0.502  00  01E103M000  1.000
ARG01A0145_013  0.000-12.09  2.03  6.01  0.00 -4.05 0.501  00  01E113M000  1.000
ARG01A0145_014  0.000-13.26  1.98  0.55  0.00-10.74 0.502  00  01T00CM000  1.000
ARG01A0145_015  0.000-12.25  2.13  3.77  0.00 -6.36 0.502  00  01T011M000  1.000
ARG01A0145_016  0.000-11.66  2.26  5.98  0.00 -3.42 0.502  00  01T03BM000  1.000
ARG01A0145_017  0.000-12.24  1.47  0.43  0.00-10.34 0.502  00  01T046M000  1.000
ARG01A0145_018  0.000-10.82  1.28  1.08  0.00 -8.46 0.502  00  01T101M000  1.000
ARG01A0145_019  0.000-11.49  1.52  1.10  0.00 -8.87 0.502  00  01T104M000  1.000
ARG01A0145_020  0.000-12.08  2.32  3.18  0.00 -6.58 0.502  00  01T118M000  1.000
ARG02A0145_021  0.000-12.91  0.34  0.49  0.00-12.08 0.502  00  02O000M000  1.000
ARG02A0145_022  0.000-11.53  1.52  1.10  0.00 -8.92 0.502  00  02E104M000  1.000
ARG02A0145_023  0.000-13.01  1.97  0.53  0.00-10.51 0.502  00  02E00CM000  1.000
ARG02A0145_024  0.000 -9.33  0.55  3.87  0.00 -4.91 0.502  00  02E0D2M000  1.000
ARG02A0145_025  0.000-12.26  1.47  0.43  0.00-10.35 0.502  00  02T046M000  1.000
ARG02A0145_026  0.000-11.58  1.52  3.24  0.00 -6.82 0.502  00  02T08BM000  1.000
ARG02A0145_027  0.000-11.54  1.45  0.44  0.00 -9.65 0.502  00  02T08EM000  1.000
ARG02A0145_028  0.000-10.89  1.24  1.08  0.00 -8.56 0.502  00  02T101M000  1.000
ARG02A0145_029  0.000-12.10  2.32  3.18  0.00 -6.59 0.502  00  02T118M000  1.000
ARG02A0145_030  0.000-11.74  2.22  5.98  0.00 -3.54 0.502  00  02T03BM000  1.000
ARG02A0145_031  0.000-12.36  0.50  1.10  0.00-10.77 0.502  00  02T059M000  1.000
ARG02A0145_032  0.000-11.40  5.86  3.12  0.00 -2.42 0.502  00  02T099M000  1.000
ARG02A0145_033  0.000 -9.14  0.97  3.88  0.00 -4.29 0.501  00  02T0F4M000  1.000
ARG02A0145_034  0.000 -9.49  2.03  3.89  0.00 -3.57 0.502  00  02T02FM000  1.000
ARG02A0145_035  0.000 -9.67  0.57  3.86  0.00 -5.24 0.502  00  02T0D3M000  1.000
ARG02A0145_036  0.000-11.33  1.59  1.11  0.00 -8.64 0.502  00  02T103M000  1.000
ARG02A0145_037  0.000-11.97  2.12  5.95  0.00 -3.90 0.501  00  02T113M000  1.000
ARG02A0145_038  0.000-12.08  2.13  3.77  0.00 -6.18 0.502  00  02T011M000  1.000
ARG02A0145_039  0.000-11.80  4.21  3.11  0.00 -4.48 0.501  00  02T085M000  1.000
ARG02A0145_040  0.000-11.15  1.68  1.08  0.00 -8.39 0.502  00  02T0E3M000  1.000
ARG03A0145_041  0.000-12.27  1.47  0.43  0.00-10.37 0.502  00  03E046M000  1.000
ARG03A0145_042  0.000-11.81  4.21  3.11  0.00 -4.49 0.501  00  03E085M000  1.000
ARG03A0145_043  0.000-11.67  1.52  3.25  0.00 -6.91 0.502  00  03E08BM000  1.000
ARG03A0145_044  0.000-12.92  0.34  0.49  0.00-12.08 0.502  00  03O000M000  1.000
ARG03A0145_045  0.000-12.17  2.13  3.77  0.00 -6.27 0.502  00  03T011M000  1.000
ARG03A0145_046  0.000-12.37  0.49  1.10  0.00-10.77 0.502  00  03T059M000  1.000
ARG03A0145_047  0.000-11.26  5.86  3.12  0.00 -2.28 0.502  00  03T099M000  1.000
ARG03A0145_048  0.000-11.18  1.70  1.08  0.00 -8.40 0.502  00  03T0E3M000  1.000
ARG03A0145_049  0.000-12.12  2.09  5.96  0.00 -4.07 0.501  00  03T113M000  1.000
ARG03A0145_050  0.000-12.21  2.32  3.18  0.00 -6.72 0.502  00  03T118M000  1.000
ARG03A0145_051  0.000-13.16  1.97  0.53  0.00-10.67 0.502  00  03T00CM000  1.000
ARG03A0145_052  0.000 -9.61  2.13  3.88  0.00 -3.59 0.502  00  03T02FM000  1.000
ARG03A0145_053  0.000 -9.47  0.55  3.87  0.00 -5.05 0.502  00  03T0D2M000  1.000
ARG03A0145_054  0.000 -9.76  0.57  3.87  0.00 -5.32 0.502  00  03T0D3M000  1.000
ARG03A0145_055  0.000-11.54  1.53  1.10  0.00 -8.91 0.502  00  03T104M000  1.000
ARG03A0145_056  0.000-11.67  2.22  5.98  0.00 -3.47 0.502  00  03T03BM000  1.000
ARG03A0145_057  0.000-11.55  1.46  0.44  0.00 -9.65 0.502  00  03T08EM000  1.000
ARG03A0145_058  0.000 -9.26  0.96  3.88  0.00 -4.42 0.501  00  03T0F4M000  1.000
ARG03A0145_059  0.000-10.89  1.23  1.08  0.00 -8.58 0.502  00  03T101M000  1.000
ARG03A0145_060  0.000-11.18  1.60  1.11  0.00 -8.47 0.502  00  03T103M000  1.000
ARG+1A0145_061  1.000-12.96  0.34  0.49  0.00-12.12 0.502  00  +1O000M000  1.000
ARG+1A0145_062  1.000-12.21  2.13  3.77  0.00 -6.31 0.502  00  +1E011M000  1.000
ARG+1A0145_063  1.000 -9.60  2.12  3.89  0.00 -3.60 0.502  00  +1E02FM000  1.000
ARG+1A0145_064  1.000-11.78  2.21  5.98  0.00 -3.58 0.502  00  +1E03BM000  1.000
ARG+1A0145_065  1.000-12.31  1.47  0.43  0.00-10.41 0.502  00  +1E046M000  1.000
ARG+1A0145_066  1.000-11.91  4.21  3.12  0.00 -4.58 0.501  00  +1E085M000  1.000
ARG+1A0145_067  1.000-11.72  1.52  3.24  0.00 -6.96 0.502  00  +1E08BM000  1.000
ARG+1A0145_068  1.000 -9.45  0.55  3.87  0.00 -5.03 0.502  00  +1E0D2M000  1.000
ARG+1A0145_069  1.000 -9.76  0.57  3.86  0.00 -5.32 0.502  00  +1E0D3M000  1.000
ARG+1A0145_070  1.000 -9.20  0.97  3.88  0.00 -4.35 0.501  00  +1E0F4M000  1.000
ARG+1A0145_071  1.000-10.92  1.23  1.08  0.00 -8.62 0.502  00  +1E101M000  1.000
ARG+1A0145_072  1.000-11.49  1.59  1.11  0.00 -8.79 0.502  00  +1E103M000  1.000
ARG+1A0145_073  1.000-11.58  1.53  1.10  0.00 -8.95 0.502  00  +1E104M000  1.000
ARG+1A0145_074  1.000-12.12  2.10  5.96  0.00 -4.07 0.501  00  +1E113M000  1.000
ARG+1A0145_075  1.000-12.20  2.32  3.18  0.00 -6.69 0.502  00  +1E118M000  1.000
ARG+1A0145_076  1.000-13.13  1.96  0.53  0.00-10.64 0.502  00  +1T00CM000  1.000
ARG+1A0145_077  1.000-12.40  0.50  1.10  0.00-10.81 0.502  00  +1T059M000  1.000
ARG+1A0145_078  1.000-11.59  1.46  0.44  0.00 -9.70 0.502  00  +1T08EM000  1.000
ARG+1A0145_079  1.000-11.37  5.87  3.12  0.00 -2.38 0.502  00  +1T099M000  1.000
ARG+1A0145_080  1.000-11.21  1.70  1.08  0.00 -8.42 0.502  00  +1T0E3M000  1.000
