   confID        vdw0    sas     sum
ARG01A0145_001   1.627 -14.521 -12.894
ARG01A0145_002   4.696 -14.499  -9.803
ARG01A0145_003   2.466 -14.631 -12.164
ARG01A0145_004   2.535 -14.360 -11.826
ARG01A0145_005   2.459 -14.219 -11.760
ARG01A0145_006   2.411 -13.836 -11.424
ARG01A0145_007   2.705 -14.128 -11.423
ARG01A0145_008   4.911 -14.214  -9.304
ARG01A0145_009   4.832 -14.859 -10.027
ARG01A0145_010   3.521 -14.539 -11.018
ARG01A0145_011   5.027 -14.311  -9.284
ARG01A0145_012   3.108 -14.554 -11.446
ARG01A0145_013   2.449 -14.537 -12.088
ARG01A0145_014   1.403 -14.663 -13.260
ARG01A0145_015   2.332 -14.586 -12.254
ARG01A0145_016   2.357 -14.020 -11.663
ARG01A0145_017   1.607 -13.855 -12.248
ARG01A0145_018   3.361 -14.178 -10.817
ARG01A0145_019   3.084 -14.576 -11.492
ARG01A0145_020   2.315 -14.396 -12.082
ARG02A0145_021   1.610 -14.521 -12.911
ARG02A0145_022   3.040 -14.572 -11.533
ARG02A0145_023   1.475 -14.483 -13.009
ARG02A0145_024   4.960 -14.282  -9.322
ARG02A0145_025   1.595 -13.855 -12.259
ARG02A0145_026   2.537 -14.162 -11.625
ARG02A0145_027   2.355 -13.900 -11.545
ARG02A0145_028   3.290 -14.178 -10.888
ARG02A0145_029   2.234 -14.332 -12.098
ARG02A0145_030   2.342 -14.152 -11.810
ARG02A0145_031   2.366 -14.730 -12.364
ARG02A0145_032   2.728 -14.128 -11.401
ARG02A0145_033   4.976 -14.167  -9.191
ARG02A0145_034   4.885 -14.303  -9.418
ARG02A0145_035   4.983 -14.663  -9.680
ARG02A0145_036   3.108 -14.441 -11.333
ARG02A0145_037   2.518 -14.488 -11.970
ARG02A0145_038   2.395 -14.473 -12.078
ARG02A0145_039   2.560 -14.357 -11.797
ARG02A0145_040   3.439 -14.590 -11.151
ARG03A0145_041   1.586 -13.855 -12.269
ARG03A0145_042   2.488 -14.360 -11.872
ARG03A0145_043   2.566 -14.233 -11.667
ARG03A0145_044   1.606 -14.521 -12.915
ARG03A0145_045   2.306 -14.473 -12.167
ARG03A0145_046   2.358 -14.666 -12.308
ARG03A0145_047   2.733 -13.993 -11.260
ARG03A0145_048   3.348 -14.523 -11.174
ARG03A0145_049   2.481 -14.601 -12.120
ARG03A0145_050   2.248 -14.461 -12.213
ARG03A0145_051   1.394 -14.551 -13.157
ARG03A0145_052   4.747 -14.351  -9.604
ARG03A0145_053   4.878 -14.346  -9.468
ARG03A0145_054   4.974 -14.727  -9.754
ARG03A0145_055   3.035 -14.572 -11.537
ARG03A0145_056   2.357 -14.024 -11.667
ARG03A0145_057   2.361 -13.900 -11.539
ARG03A0145_058   4.979 -14.231  -9.252
ARG03A0145_059   3.295 -14.178 -10.882
ARG03A0145_060   3.061 -14.249 -11.188
ARG+1A0145_061   1.564 -14.521 -12.958
ARG+1A0145_062   2.266 -14.473 -12.207
ARG+1A0145_063   4.690 -14.287  -9.598
ARG+1A0145_064   2.313 -14.088 -11.775
ARG+1A0145_065   1.543 -13.855 -12.312
ARG+1A0145_066   2.439 -14.357 -11.918
ARG+1A0145_067   2.506 -14.229 -11.724
ARG+1A0145_068   4.819 -14.282  -9.463
ARG+1A0145_069   4.902 -14.663  -9.761
ARG+1A0145_070   4.929 -14.167  -9.238
ARG+1A0145_071   3.267 -14.178 -10.911
ARG+1A0145_072   3.018 -14.506 -11.488
ARG+1A0145_073   2.988 -14.572 -11.584
ARG+1A0145_074   2.426 -14.553 -12.127
ARG+1A0145_075   2.201 -14.396 -12.196
ARG+1A0145_076   1.349 -14.483 -13.134
ARG+1A0145_077   2.327 -14.730 -12.403
ARG+1A0145_078   2.311 -13.900 -11.589
ARG+1A0145_079   2.695 -14.061 -11.366
ARG+1A0145_080   3.323 -14.523 -11.200
