CONFORMER         crg  vdw0  vdw1  tors  epol  self   occ  Hb     history    ASA
LYS01A0080_001  0.000-10.74  0.43  1.07  0.00 -9.25 0.501  00  01O000M000  1.000
LYS01A0080_002  0.000 -8.67  0.20  0.99  0.00 -7.48 0.501  00  01E09FM000  1.000
LYS01A0080_003  0.000 -8.22  3.26  3.41  0.00 -1.56 0.501  00  01E0ACM000  1.000
LYS01A0080_004  0.000-10.95  0.84  4.06  0.00 -6.05 0.502  00  01E0CDM000  1.000
LYS01A0080_005  0.000-11.18  1.96  4.17  0.00 -5.06 0.501  00  01E135M000  1.000
LYS01A0080_006  0.000-10.89  0.85  6.61  0.00 -3.44 0.501  00  01E13EM000  1.000
LYS01A0080_007  0.000-10.55  1.43  6.08  0.00 -3.04 0.501  00  01E146M000  1.000
LYS01A0080_008  0.000-10.40  1.01  4.12  0.00 -5.27 0.501  00  01E14CM000  1.000
LYS01A0080_009  0.000-10.77  0.94  1.57  0.00 -8.25 0.501  00  01T00FM000  1.000
LYS01A0080_010  0.000 -7.23  0.52  2.20  0.00 -4.52 0.501  00  01T030M000  1.000
LYS01A0080_011  0.000-10.31  1.46  4.11  0.00 -4.75 0.501  00  01T036M000  1.000
LYS01A0080_012  0.000-10.60  1.85  1.52  0.00 -7.24 0.501  00  01T03EM000  1.000
LYS01A0080_013  0.000-11.87  3.43  3.41  0.00 -5.04 0.501  00  01T05DM000  1.000
LYS01A0080_014  0.000 -9.90  0.46  1.54  0.00 -7.90 0.501  00  01T074M000  1.000
LYS01A0080_015  0.000-12.04  1.85  3.05  0.00 -7.14 0.501  00  01T091M000  1.000
LYS01A0080_016  0.000-10.23  3.51  3.45  0.00 -3.27 0.502  00  01T0E5M000  1.000
LYS01A0080_017  0.000 -9.75  1.24  6.42  0.00 -2.10 0.501  00  01T151M000  1.000
LYS01A0080_018  0.000-11.04  1.34  3.59  0.00 -6.12 0.501  00  01T166M000  1.000
LYS01A0080_019  0.000-10.81  1.17  3.44  0.00 -6.21 0.501  00  01T168M000  1.000
LYS+1A0080_020  1.000-10.81  0.43  1.07  0.00 -9.31 0.501  00  +1O000M000  1.000
LYS+1A0080_021  1.000 -7.25  0.52  2.20  0.00 -4.53 0.501  00  +1E030M000  1.000
LYS+1A0080_022  1.000-10.44  1.44  4.12  0.00 -4.88 0.501  00  +1E036M000  1.000
LYS+1A0080_023  1.000-10.72  1.86  1.53  0.00 -7.33 0.501  00  +1E03EM000  1.000
LYS+1A0080_024  1.000 -4.15  0.31  0.87  0.00 -2.97 0.501  00  +1E09EM000  1.000
LYS+1A0080_025  1.000 -8.75  0.18  1.00  0.00 -7.56 0.501  00  +1E09FM000  1.000
LYS+1A0080_026  1.000-10.94  0.84  4.07  0.00 -6.03 0.502  00  +1E0CDM000  1.000
LYS+1A0080_027  1.000-10.87  0.82  6.66  0.00 -3.39 0.501  00  +1E13EM000  1.000
LYS+1A0080_028  1.000-10.64  1.45  6.18  0.00 -3.01 0.501  00  +1E146M000  1.000
LYS+1A0080_029  1.000-10.43  1.01  4.12  0.00 -5.30 0.501  00  +1E14CM000  1.000
LYS+1A0080_030  1.000 -9.81  1.23  6.46  0.00 -2.11 0.501  00  +1E151M000  1.000
LYS+1A0080_031  1.000-10.80  1.15  3.47  0.00 -6.18 0.501  00  +1E168M000  1.000
LYS+1A0080_032  1.000-10.84  0.95  1.58  0.00 -8.32 0.501  00  +1T00FM000  1.000
LYS+1A0080_033  1.000-11.92  3.42  3.41  0.00 -5.09 0.501  00  +1T05DM000  1.000
LYS+1A0080_034  1.000-10.03  0.46  1.54  0.00 -8.04 0.501  00  +1T074M000  1.000
LYS+1A0080_035  1.000-11.98  1.82  3.10  0.00 -7.06 0.501  00  +1T091M000  1.000
LYS+1A0080_036  1.000 -8.24  3.25  3.41  0.00 -1.58 0.501  00  +1T0ACM000  1.000
LYS+1A0080_037  1.000-11.18  2.01  4.18  0.00 -4.99 0.501  00  +1T135M000  1.000
LYS+1A0080_038  1.000-11.04  1.26  3.63  0.00 -6.14 0.501  00  +1T166M000  1.000
