iConf CONFORMER     FL  occ    crg   Em0  pKa0 ne nH    vdw0    vdw1    tors    epol   dsolv   extra    history
00001 LYS01A0080_001 f 0.00  0.000     0  0.00  0  0 -10.744   0.429   1.065  -0.009  -0.122   0.000 01O000M000t
00002 LYS01A0080_002 f 0.00  0.000     0  0.00  0  0  -8.670   0.199   0.993  -0.019   0.091   0.000 01E09FM000t
00003 LYS01A0080_003 f 0.00  0.000     0  0.00  0  0  -8.222   3.255   3.414  -0.045   0.015   0.000 01E0ACM000t
00004 LYS01A0080_004 f 0.00  0.000     0  0.00  0  0 -10.946   0.842   4.061  -0.004   0.040   0.000 01E0CDM000t
00005 LYS01A0080_005 f 0.00  0.000     0  0.00  0  0 -11.182   1.957   4.167  -0.009  -0.026   0.000 01E135M000t
00006 LYS01A0080_006 f 0.00  0.000     0  0.00  0  0 -10.897   0.849   6.607  -0.064   0.125   0.000 01E13EM000t
00007 LYS01A0080_007 f 0.00  0.000     0  0.00  0  0 -10.551   1.433   6.080  -0.018  -0.162   0.000 01E146M000t
00008 LYS01A0080_008 f 0.00  0.000     0  0.00  0  0 -10.401   1.011   4.123  -0.037   0.061   0.000 01E14CM000t
00009 LYS01A0080_009 f 0.00  0.000     0  0.00  0  0 -10.770   0.948   1.575  -0.002   0.022   0.000 01T00FM000t
00010 LYS01A0080_010 f 0.00  0.000     0  0.00  0  0  -7.245   0.524   2.200  -0.007  -0.115   0.000 01T030M000t
00011 LYS01A0080_011 f 0.00  0.000     0  0.00  0  0 -10.312   1.457   4.108  -0.026   0.026   0.000 01T036M000t
00012 LYS01A0080_012 f 0.00  0.000     0  0.00  0  0 -10.532   1.845   1.517  -0.017  -0.017   0.000 01T03EM000t
00013 LYS01A0080_013 f 0.00  0.000     0  0.00  0  0 -11.871   3.433   3.407  -0.008   0.021   0.000 01T05DM000t
00014 LYS01A0080_014 f 0.00  0.000     0  0.00  0  0  -9.904   0.458   1.545  -0.021  -0.050   0.000 01T074M000t
00015 LYS01A0080_015 f 0.00  0.000     0  0.00  0  0 -12.037   1.851   3.051  -0.017   0.042   0.000 01T091M000t
00016 LYS01A0080_016 f 0.00  0.000     0  0.00  0  0 -10.226   3.510   3.452  -0.012   0.091   0.000 01T0E5M000t
00017 LYS01A0080_017 f 0.00  0.000     0  0.00  0  0  -9.748   1.239   6.417  -0.007   0.073   0.000 01T151M000t
00018 LYS01A0080_018 f 0.00  0.000     0  0.00  0  0 -11.044   1.340   3.586  -0.110   0.070   0.000 01T166M000t
00019 LYS01A0080_019 f 0.00  0.000     0  0.00  0  0 -10.810   1.165   3.437  -0.023  -0.055   0.000 01T168M000t
00020 LYS+1A0080_020 f 0.00  1.000     0 10.40  0  1 -10.808   0.427   1.065   0.077  -0.023   0.000 +1O000M000t
00021 LYS+1A0080_021 f 0.00  1.000     0 10.40  0  1  -7.293   0.518   2.204   0.067   0.207   0.000 +1E030M000t
00022 LYS+1A0080_022 f 0.00  1.000     0 10.40  0  1 -10.442   1.435   4.115   0.077   0.059   0.000 +1E036M000t
00023 LYS+1A0080_023 f 0.00  1.000     0 10.40  0  1 -10.714   1.857   1.525   0.081  -0.109   0.000 +1E03EM000t
00024 LYS+1A0080_024 f 0.00  1.000     0 10.40  0  1  -4.134   0.310   0.872   0.082  -0.196   0.000 +1E09EM000t
00025 LYS+1A0080_025 f 0.00  1.000     0 10.40  0  1  -8.748   0.180   1.003   0.141   0.014   0.000 +1E09FM000t
00026 LYS+1A0080_026 f 0.00  1.000     0 10.40  0  1 -10.942   0.841   4.067   0.020  -0.187   0.000 +1E0CDM000t
00027 LYS+1A0080_027 f 0.00  1.000     0 10.40  0  1 -10.871   0.821   6.663   0.188   0.409   0.000 +1E13EM000t
00028 LYS+1A0080_028 f 0.00  1.000     0 10.40  0  1 -10.710   1.444   6.181   0.066  -0.336   0.000 +1E146M000t
00029 LYS+1A0080_029 f 0.00  1.000     0 10.40  0  1 -10.434   1.014   4.125   0.179  -0.081   0.000 +1E14CM000t
00030 LYS+1A0080_030 f 0.00  1.000     0 10.40  0  1  -9.807   1.232   6.459   0.107  -0.194   0.000 +1E151M000t
00031 LYS+1A0080_031 f 0.00  1.000     0 10.40  0  1 -10.803   1.150   3.466   0.098  -0.488   0.000 +1E168M000t
00032 LYS+1A0080_032 f 0.00  1.000     0 10.40  0  1 -10.845   0.946   1.578   0.088  -0.052   0.000 +1T00FM000t
00033 LYS+1A0080_033 f 0.00  1.000     0 10.40  0  1 -11.919   3.417   3.409   0.046  -0.236   0.000 +1T05DM000t
00034 LYS+1A0080_034 f 0.00  1.000     0 10.40  0  1 -10.030   0.456   1.543  -0.033   0.041   0.000 +1T074M000t
00035 LYS+1A0080_035 f 0.00  1.000     0 10.40  0  1 -11.983   1.817   3.102   0.118  -0.252   0.000 +1T091M000t
00036 LYS+1A0080_036 f 0.00  1.000     0 10.40  0  1  -8.251   3.252   3.410   0.178   0.249   0.000 +1T0ACM000t
00037 LYS+1A0080_037 f 0.00  1.000     0 10.40  0  1 -11.177   2.010   4.176  -0.030  -0.209   0.000 +1T135M000t
00038 LYS+1A0080_038 f 0.00  1.000     0 10.40  0  1 -11.038   1.257   3.633   0.197   0.459   0.000 +1T166M000t
