   confID        vdw0    sas     sum
LYS01A0080_001   1.128 -11.872 -10.744
LYS01A0080_002   3.048 -11.718  -8.670
LYS01A0080_003   3.538 -11.760  -8.222
LYS01A0080_004   1.658 -12.605 -10.946
LYS01A0080_005   1.416 -12.598 -11.182
LYS01A0080_006   2.089 -12.986 -10.897
LYS01A0080_007   1.995 -12.547 -10.551
LYS01A0080_008   2.194 -12.595 -10.401
LYS01A0080_009   1.977 -12.747 -10.770
LYS01A0080_010   4.772 -12.017  -7.245
LYS01A0080_011   2.062 -12.374 -10.312
LYS01A0080_012   1.941 -12.473 -10.532
LYS01A0080_013   0.702 -12.572 -11.871
LYS01A0080_014   2.168 -12.071  -9.904
LYS01A0080_015   0.831 -12.868 -12.037
LYS01A0080_016   2.353 -12.579 -10.226
LYS01A0080_017   2.773 -12.521  -9.748
LYS01A0080_018   1.702 -12.745 -11.044
LYS01A0080_019   1.740 -12.550 -10.810
LYS+1A0080_020   1.064 -11.872 -10.808
LYS+1A0080_021   4.672 -11.966  -7.293
LYS+1A0080_022   1.984 -12.425 -10.442
LYS+1A0080_023   1.876 -12.589 -10.714
LYS+1A0080_024   7.917 -12.051  -4.134
LYS+1A0080_025   2.983 -11.731  -8.748
LYS+1A0080_026   1.611 -12.553 -10.942
LYS+1A0080_027   2.044 -12.915 -10.871
LYS+1A0080_028   1.956 -12.666 -10.710
LYS+1A0080_029   2.174 -12.608 -10.434
LYS+1A0080_030   2.714 -12.521  -9.807
LYS+1A0080_031   1.708 -12.511 -10.803
LYS+1A0080_032   1.902 -12.747 -10.845
LYS+1A0080_033   0.653 -12.572 -11.919
LYS+1A0080_034   2.106 -12.136 -10.030
LYS+1A0080_035   0.796 -12.778 -11.983
LYS+1A0080_036   3.457 -11.708  -8.251
LYS+1A0080_037   1.369 -12.546 -11.177
LYS+1A0080_038   1.565 -12.604 -11.038
