iConf CONFORMER     FL  occ    crg   Em0  pKa0 ne nH    vdw0    vdw1    tors    epol   dsolv   extra    history
00001 GLU01A0316_001 f 0.00  0.000     0  0.00  0  0  -4.594  -0.022   5.392   0.089  -0.384   0.000 01O000M000t
00002 GLU01A0316_002 f 0.00  0.000     0  0.00  0  0  -4.560   0.462   5.504   0.076  -0.593   0.000 01E02CM000t
00003 GLU01A0316_003 f 0.00  0.000     0  0.00  0  0  -4.221   0.445   5.224   0.154  -0.403   0.000 01E061M000t
00004 GLU01A0316_004 f 0.00  0.000     0  0.00  0  0  -4.530  -0.264   3.494   0.063  -0.450   0.000 01E070M000t
00005 GLU01A0316_005 f 0.00  0.000     0  0.00  0  0  -4.594  -0.022   2.672   0.037   0.671   0.000 01O000M000t
00006 GLU01A0316_006 f 0.00  0.000     0  0.00  0  0  -4.516  -0.125   0.616   0.027   0.732   0.000 01E001M000t
00007 GLU01A0316_007 f 0.00  0.000     0  0.00  0  0  -4.129   0.447   2.470   0.268   0.814   0.000 01E00FM000t
00008 GLU01A0316_008 f 0.00  0.000     0  0.00  0  0  -3.607  -0.505   3.482   0.072   0.723   0.000 01E010M000t
00009 GLU01A0316_009 f 0.00  0.000     0  0.00  0  0  -4.400   0.450   2.695   0.039   0.653   0.000 01E022M000t
00010 GLU01A0316_010 f 0.00  0.000     0  0.00  0  0  -4.600   0.451   2.694   0.066   0.683   0.000 01E02CM000t
00011 GLU01A0316_011 f 0.00  0.000     0  0.00  0  0  -4.334  -0.510   0.598   0.044   0.689   0.000 01E02FM000t
00012 GLU01A0316_012 f 0.00  0.000     0  0.00  0  0  -4.493  -0.706   3.515   0.450  -0.115   0.000 01T011M000t
00013 GLU01A0316_013 f 0.00  0.000     0  0.00  0  0  -3.952   0.441   4.835   0.142  -0.224   0.000 01T028M000t
00014 GLU01A0316_014 f 0.00  0.000     0  0.00  0  0  -4.072  -0.516   3.336   0.120  -0.224   0.000 01T02DM000t
00015 GLU01A0316_015 f 0.00  0.000     0  0.00  0  0  -4.637  -0.412   5.987   0.114  -0.479   0.000 01T036M000t
00016 GLU01A0316_016 f 0.00  0.000     0  0.00  0  0  -4.592  -0.704   4.153   0.107  -0.499   0.000 01T059M000t
00017 GLU01A0316_017 f 0.00  0.000     0  0.00  0  0  -4.515  -0.126   3.327   0.095  -0.157   0.000 01T001M000t
00018 GLU01A0316_018 f 0.00  0.000     0  0.00  0  0  -4.122  -0.526   5.188   0.243  -0.035   0.000 01T006M000t
00019 GLU01A0316_019 f 0.00  0.000     0  0.00  0  0  -4.102   0.448   5.188   0.570  -0.156   0.000 01T00FM000t
00020 GLU01A0316_020 f 0.00  0.000     0  0.00  0  0  -3.607  -0.505   6.200   0.156  -0.317   0.000 01T010M000t
00021 GLU01A0316_021 f 0.00  0.000     0  0.00  0  0  -4.399   0.449   5.406   0.067  -0.569   0.000 01T022M000t
00022 GLU01A0316_022 f 0.00  0.000     0  0.00  0  0  -4.333  -0.510   3.317   0.044  -0.589   0.000 01T02FM000t
00023 GLU01A0316_023 f 0.00  0.000     0  0.00  0  0  -4.540  -0.483   4.266   0.073  -0.484   0.000 01T031M000t
00024 GLU01A0316_024 f 0.00  0.000     0  0.00  0  0  -4.402  -0.207   3.492   0.204  -0.320   0.000 01T057M000t
00025 GLU01A0316_025 f 0.00  0.000     0  0.00  0  0  -4.244  -0.820   3.361   0.278  -0.020   0.000 01T06EM000t
00026 GLU01A0316_026 f 0.00  0.000     0  0.00  0  0  -4.204  -0.451   6.178   0.047  -0.566   0.000 01T075M000t
00027 GLU01A0316_027 f 0.00  0.000     0  0.00  0  0  -4.072  -0.516   0.616   0.046   0.689   0.000 01T02DM000t
00028 GLU01A0316_028 f 0.00  0.000     0  0.00  0  0  -4.637  -0.412   3.267   0.073   0.758   0.000 01T036M000t
00029 GLU01A0316_029 f 0.00  0.000     0  0.00  0  0  -4.197  -0.468   3.421   0.048   0.739   0.000 01T075M000t
00030 GLU01A0316_030 f 0.00  0.000     0  0.00  0  0  -4.439  -0.637   0.795   0.054   0.752   0.000 01T011M000t
00031 GLU01A0316_031 f 0.00  0.000     0  0.00  0  0  -3.945   0.450   2.111   0.067   0.758   0.000 01T028M000t
00032 GLU01A0316_032 f 0.00  0.000     0  0.00  0  0  -4.595  -0.704   1.427   0.097   0.703   0.000 01T059M000t
00033 GLU01A0316_033 f 0.00  0.000     0  0.00  0  0  -4.294   0.636   2.484   0.120   0.750   0.000 01T061M000t
00034 GLU01A0316_034 f 0.00  0.000     0  0.00  0  0  -4.244  -0.820   0.641   0.084   0.759   0.000 01T06EM000t
00035 GLU01A0316_035 f 0.00  0.000     0  0.00  0  0  -4.505  -0.310   0.746   0.047   0.710   0.000 01T070M000t
00036 GLU02A0316_036 f 0.00  0.000     0  0.00  0  0  -4.735  -0.016   5.392   0.028  -0.792   0.000 02O000M000t
00037 GLU02A0316_037 f 0.00  0.000     0  0.00  0  0  -4.653  -0.123   3.338   0.038  -0.843   0.000 02E001M000t
00038 GLU02A0316_038 f 0.00  0.000     0  0.00  0  0  -4.435  -0.517   5.220   0.081  -0.804   0.000 02E006M000t
00039 GLU02A0316_039 f 0.00  0.000     0  0.00  0  0  -4.748  -0.675   4.171   0.429  -0.408   0.000 02E059M000t
00040 GLU02A0316_040 f 0.00  0.000     0  0.00  0  0  -4.735  -0.016   2.672   0.022   0.526   0.000 02O000M000t
00041 GLU02A0316_041 f 0.00  0.000     0  0.00  0  0  -4.632  -0.126   0.614   0.023   0.638   0.000 02E001M000t
00042 GLU02A0316_042 f 0.00  0.000     0  0.00  0  0  -4.316   0.446   2.480   0.176   0.632   0.000 02E00FM000t
00043 GLU02A0316_043 f 0.00  0.000     0  0.00  0  0  -4.328  -0.515   0.603   0.054   0.638   0.000 02E02FM000t
00044 GLU02A0316_044 f 0.00  0.000     0  0.00  0  0  -4.420  -0.073   0.785   0.143   0.638   0.000 02E057M000t
00045 GLU02A0316_045 f 0.00  0.000     0  0.00  0  0  -4.353   0.334   5.208   0.176  -0.753   0.000 02T00FM000t
00046 GLU02A0316_046 f 0.00  0.000     0  0.00  0  0  -3.948  -0.493   6.203   0.056  -0.821   0.000 02T010M000t
00047 GLU02A0316_047 f 0.00  0.000     0  0.00  0  0  -4.623   0.459   5.475   0.117  -0.802   0.000 02T02CM000t
00048 GLU02A0316_048 f 0.00  0.000     0  0.00  0  0  -4.586  -0.482   4.276   0.074  -0.868   0.000 02T031M000t
00049 GLU02A0316_049 f 0.00  0.000     0  0.00  0  0  -4.479  -0.134   3.479   0.360  -0.122   0.000 02T070M000t
00050 GLU02A0316_050 f 0.00  0.000     0  0.00  0  0  -4.559  -0.819   3.519   0.066  -0.760   0.000 02T011M000t
00051 GLU02A0316_051 f 0.00  0.000     0  0.00  0  0  -4.551   0.454   5.357   0.067  -0.710   0.000 02T022M000t
00052 GLU02A0316_052 f 0.00  0.000     0  0.00  0  0  -4.113   0.456   4.831   0.054  -0.763   0.000 02T028M000t
00053 GLU02A0316_053 f 0.00  0.000     0  0.00  0  0  -4.094  -0.509   3.328   0.043  -0.633   0.000 02T02DM000t
00054 GLU02A0316_054 f 0.00  0.000     0  0.00  0  0  -4.327  -0.513   3.319   0.113  -0.515   0.000 02T02FM000t
00055 GLU02A0316_055 f 0.00  0.000     0  0.00  0  0  -4.592  -0.394   5.987   0.158  -0.464   0.000 02T036M000t
00056 GLU02A0316_056 f 0.00  0.000     0  0.00  0  0  -4.420  -0.073   3.505   0.209  -0.286   0.000 02T057M000t
00057 GLU02A0316_057 f 0.00  0.000     0  0.00  0  0  -4.284   0.614   5.222   0.654  -0.359   0.000 02T061M000t
00058 GLU02A0316_058 f 0.00  0.000     0  0.00  0  0  -4.257  -0.834   3.354   0.055  -0.856   0.000 02T06EM000t
00059 GLU02A0316_059 f 0.00  0.000     0  0.00  0  0  -4.108  -0.469   6.189   0.149  -0.533   0.000 02T075M000t
00060 GLU02A0316_060 f 0.00  0.000     0  0.00  0  0  -4.435  -0.517   2.491   0.060   0.683   0.000 02T006M000t
00061 GLU02A0316_061 f 0.00  0.000     0  0.00  0  0  -3.948  -0.493   3.483   0.056   0.711   0.000 02T010M000t
00062 GLU02A0316_062 f 0.00  0.000     0  0.00  0  0  -4.597  -0.878   0.809   0.017   0.657   0.000 02T011M000t
00063 GLU02A0316_063 f 0.00  0.000     0  0.00  0  0  -4.553   0.463   2.755   0.038   0.660   0.000 02T022M000t
00064 GLU02A0316_064 f 0.00  0.000     0  0.00  0  0  -4.112   0.451   2.113   0.056   0.598   0.000 02T028M000t
00065 GLU02A0316_065 f 0.00  0.000     0  0.00  0  0  -4.623   0.459   2.755   0.075   0.613   0.000 02T02CM000t
00066 GLU02A0316_066 f 0.00  0.000     0  0.00  0  0  -4.479  -0.134   0.759   0.058   0.558   0.000 02T070M000t
00067 GLU02A0316_067 f 0.00  0.000     0  0.00  0  0  -4.094  -0.509   0.608   0.035   0.566   0.000 02T02DM000t
00068 GLU02A0316_068 f 0.00  0.000     0  0.00  0  0  -4.310   0.614   2.502   0.206   0.663   0.000 02T061M000t
00069 GLU02A0316_069 f 0.00  0.000     0  0.00  0  0  -4.257  -0.834   0.634   0.056   0.632   0.000 02T06EM000t
00070 GLU02A0316_070 f 0.00  0.000     0  0.00  0  0  -4.108  -0.469   3.469   0.054   0.564   0.000 02T075M000t
00071 GLU-1A0316_071 f 0.00 -1.000     0  4.75  0 -1  -4.536  -0.008   2.672  -0.080  -0.309   0.000 -1O000M000t
00072 GLU-1A0316_072 f 0.00 -1.000     0  4.75  0 -1  -4.565  -0.118   0.611  -0.087  -0.299   0.000 -1E001M000t
00073 GLU-1A0316_073 f 0.00 -1.000     0  4.75  0 -1  -4.226  -0.512   2.435  -0.120  -0.132   0.000 -1E006M000t
00074 GLU-1A0316_074 f 0.00 -1.000     0  4.75  0 -1  -4.310   0.420   2.441  -0.542   0.007   0.000 -1E00FM000t
00075 GLU-1A0316_075 f 0.00 -1.000     0  4.75  0 -1  -3.763  -0.488   3.419  -0.086  -0.292   0.000 -1E010M000t
00076 GLU-1A0316_076 f 0.00 -1.000     0  4.75  0 -1  -4.530  -0.804   0.774  -0.265   0.084   0.000 -1E011M000t
00077 GLU-1A0316_077 f 0.00 -1.000     0  4.75  0 -1  -4.455   0.462   2.684  -0.082  -0.382   0.000 -1E022M000t
00078 GLU-1A0316_078 f 0.00 -1.000     0  4.75  0 -1  -4.063   0.461   2.110  -0.089  -0.275   0.000 -1E028M000t
00079 GLU-1A0316_079 f 0.00 -1.000     0  4.75  0 -1  -4.582   0.467   2.686  -0.077  -0.430   0.000 -1E02CM000t
00080 GLU-1A0316_080 f 0.00 -1.000     0  4.75  0 -1  -4.143  -0.502   0.613  -0.085  -0.310   0.000 -1E02DM000t
00081 GLU-1A0316_081 f 0.00 -1.000     0  4.75  0 -1  -4.404  -0.502   0.597  -0.071  -0.343   0.000 -1E02FM000t
00082 GLU-1A0316_082 f 0.00 -1.000     0  4.75  0 -1  -4.299  -0.205   0.755  -0.156   0.018   0.000 -1E057M000t
00083 GLU-1A0316_083 f 0.00 -1.000     0  4.75  0 -1  -4.254   0.574   2.460  -0.616   0.137   0.000 -1E061M000t
00084 GLU-1A0316_084 f 0.00 -1.000     0  4.75  0 -1  -4.260  -0.849   0.612  -0.146  -0.122   0.000 -1E06EM000t
00085 GLU-1A0316_085 f 0.00 -1.000     0  4.75  0 -1  -4.473  -0.337   0.737  -0.167  -0.182   0.000 -1E070M000t
00086 GLU-1A0316_086 f 0.00 -1.000     0  4.75  0 -1  -4.150  -0.451   3.441  -0.090  -0.319   0.000 -1E075M000t
