CONFORMER         crg  vdw0  vdw1  tors  epol  self   occ  Hb     history    ASA
GLU01A0316_001  0.000 -4.59 -0.06  5.39  0.00  0.73 0.504  00  01O000M000  1.099
GLU01A0316_002  0.000 -4.56  0.42  5.50  0.00  1.36 0.503  00  01E02CM000  1.044
GLU01A0316_003  0.000 -4.22  0.44  5.22  0.00  1.45 0.503  00  01E061M000  1.000
GLU01A0316_004  0.000 -4.53 -0.26  3.49  0.00 -1.30 0.504  00  01E070M000  1.025
GLU01A0316_005  0.000 -4.59 -0.06  2.67  0.00 -1.99 0.504  00  01O000M000  1.099
GLU01A0316_006  0.000 -4.51 -0.17  0.61  0.00 -4.07 0.503  00  01E001M000  1.081
GLU01A0316_007  0.000 -4.13  0.45  2.47  0.00 -1.21 0.504  00  01E00FM000  1.006
GLU01A0316_008  0.000 -3.61 -0.51  3.48  0.00 -0.63 0.504  00  01E010M000  1.048
GLU01A0316_009  0.000 -4.40  0.41  2.69  0.00 -1.30 0.505  00  01E022M000  1.028
GLU01A0316_010  0.000 -4.60  0.41  2.69  0.00 -1.50 0.503  00  01E02CM000  1.035
GLU01A0316_011  0.000 -4.33 -0.55  0.60  0.00 -4.29 0.504  00  01E02FM000  1.006
GLU01A0316_012  0.000 -4.49 -0.71  3.51  0.00 -1.68 0.505  00  01T011M000  1.034
GLU01A0316_013  0.000 -3.95  0.40  4.83  0.00  1.28 0.504  00  01T028M000  1.009
GLU01A0316_014  0.000 -4.07 -0.56  3.34  0.00 -1.29 0.503  00  01T02DM000  1.011
GLU01A0316_015  0.000 -4.64 -0.41  5.99  0.00  0.94 0.505  00  01T036M000  1.021
GLU01A0316_016  0.000 -4.59 -0.70  4.15  0.00 -1.14 0.504  00  01T059M000  1.030
GLU01A0316_017  0.000 -4.51 -0.17  3.32  0.00 -1.36 0.503  00  01T001M000  1.081
GLU01A0316_018  0.000 -4.12 -0.53  5.19  0.00  0.54 0.505  00  01T006M000  1.008
GLU01A0316_019  0.000 -4.10  0.45  5.19  0.00  1.53 0.504  00  01T00FM000  1.000
GLU01A0316_020  0.000 -3.61 -0.50  6.20  0.00  2.09 0.504  00  01T010M000  1.048
GLU01A0316_021  0.000 -4.40  0.41  5.40  0.00  1.41 0.505  00  01T022M000  1.028
GLU01A0316_022  0.000 -4.33 -0.55  3.32  0.00 -1.57 0.504  00  01T02FM000  1.006
GLU01A0316_023  0.000 -4.54 -0.52  4.26  0.00 -0.80 0.505  00  01T031M000  1.011
GLU01A0316_024  0.000 -4.40 -0.21  3.49  0.00 -1.12 0.504  00  01T057M000  1.022
GLU01A0316_025  0.000 -4.24 -0.82  3.36  0.00 -1.70 0.503  00  01T06EM000  1.011
GLU01A0316_026  0.000 -4.20 -0.45  6.18  0.00  1.52 0.504  00  01T075M000  1.091
GLU01A0316_027  0.000 -4.07 -0.56  0.62  0.00 -4.01 0.503  00  01T02DM000  1.011
GLU01A0316_028  0.000 -4.64 -0.41  3.27  0.00 -1.78 0.505  00  01T036M000  1.021
GLU01A0316_029  0.000 -4.20 -0.47  3.42  0.00 -1.24 0.504  00  01T075M000  1.100
GLU01A0316_030  0.000 -4.45 -0.64  0.79  0.00 -4.30 0.505  00  01T011M000  1.035
GLU01A0316_031  0.000 -3.95  0.41  2.11  0.00 -1.43 0.504  00  01T028M000  1.009
GLU01A0316_032  0.000 -4.59 -0.70  1.43  0.00 -3.87 0.504  00  01T059M000  1.030
GLU01A0316_033  0.000 -4.29  0.63  2.48  0.00 -1.18 0.503  00  01T061M000  1.000
GLU01A0316_034  0.000 -4.24 -0.82  0.64  0.00 -4.42 0.503  00  01T06EM000  1.011
GLU01A0316_035  0.000 -4.51 -0.31  0.74  0.00 -4.07 0.504  00  01T070M000  1.018
GLU02A0316_036  0.000 -4.74 -0.06  5.39  0.00  0.60 0.504  00  02O000M000  1.089
GLU02A0316_037  0.000 -4.65 -0.16  3.34  0.00 -1.48 0.503  00  02E001M000  1.065
GLU02A0316_038  0.000 -4.43 -0.52  5.22  0.00  0.27 0.505  00  02E006M000  1.014
GLU02A0316_039  0.000 -4.75 -0.68  4.17  0.00 -1.25 0.504  00  02E059M000  1.045
GLU02A0316_040  0.000 -4.74 -0.06  2.67  0.00 -2.12 0.504  00  02O000M000  1.089
GLU02A0316_041  0.000 -4.63 -0.17  0.61  0.00 -4.19 0.503  00  02E001M000  1.065
GLU02A0316_042  0.000 -4.32  0.44  2.48  0.00 -1.39 0.504  00  02E00FM000  1.000
GLU02A0316_043  0.000 -4.33 -0.56  0.60  0.00 -4.28 0.504  00  02E02FM000  1.011
GLU02A0316_044  0.000 -4.42 -0.07  0.79  0.00 -3.71 0.504  00  02E057M000  1.022
GLU02A0316_045  0.000 -4.35  0.34  5.21  0.00  1.19 0.504  00  02T00FM000  1.000
GLU02A0316_046  0.000 -3.95 -0.49  6.20  0.00  1.76 0.504  00  02T010M000  1.055
GLU02A0316_047  0.000 -4.62  0.42  5.47  0.00  1.27 0.503  00  02T02CM000  1.044
GLU02A0316_048  0.000 -4.59 -0.52  4.27  0.00 -0.84 0.505  00  02T031M000  1.008
GLU02A0316_049  0.000 -4.48 -0.13  3.48  0.00 -1.14 0.504  00  02T070M000  1.008
GLU02A0316_050  0.000 -4.56 -0.82  3.52  0.00 -1.86 0.505  00  02T011M000  1.047
GLU02A0316_051  0.000 -4.55  0.41  5.36  0.00  1.22 0.505  00  02T022M000  1.030
GLU02A0316_052  0.000 -4.11  0.41  4.83  0.00  1.13 0.504  00  02T028M000  1.003
GLU02A0316_053  0.000 -4.09 -0.55  3.33  0.00 -1.32 0.503  00  02T02DM000  1.011
GLU02A0316_054  0.000 -4.33 -0.56  3.32  0.00 -1.56 0.504  00  02T02FM000  1.011
GLU02A0316_055  0.000 -4.59 -0.39  5.99  0.00  1.00 0.505  00  02T036M000  1.024
GLU02A0316_056  0.000 -4.42 -0.07  3.50  0.00 -0.99 0.504  00  02T057M000  1.022
GLU02A0316_057  0.000 -4.28  0.61  5.22  0.00  1.55 0.503  00  02T061M000  1.000
GLU02A0316_058  0.000 -4.26 -0.83  3.35  0.00 -1.74 0.503  00  02T06EM000  1.005
GLU02A0316_059  0.000 -4.11 -0.47  6.19  0.00  1.61 0.504  00  02T075M000  1.110
GLU02A0316_060  0.000 -4.43 -0.52  2.49  0.00 -2.46 0.505  00  02T006M000  1.014
GLU02A0316_061  0.000 -3.95 -0.49  3.48  0.00 -0.96 0.504  00  02T010M000  1.055
GLU02A0316_062  0.000 -4.60 -0.88  0.81  0.00 -4.67 0.505  00  02T011M000  1.046
GLU02A0316_063  0.000 -4.55  0.42  2.75  0.00 -1.38 0.505  00  02T022M000  1.030
GLU02A0316_064  0.000 -4.11  0.41  2.11  0.00 -1.59 0.504  00  02T028M000  1.003
GLU02A0316_065  0.000 -4.62  0.42  2.75  0.00 -1.45 0.503  00  02T02CM000  1.044
GLU02A0316_066  0.000 -4.48 -0.13  0.76  0.00 -3.86 0.504  00  02T070M000  1.008
GLU02A0316_067  0.000 -4.09 -0.55  0.61  0.00 -4.04 0.503  00  02T02DM000  1.011
GLU02A0316_068  0.000 -4.31  0.61  2.50  0.00 -1.19 0.503  00  02T061M000  1.005
GLU02A0316_069  0.000 -4.26 -0.83  0.63  0.00 -4.46 0.503  00  02T06EM000  1.005
GLU02A0316_070  0.000 -4.11 -0.47  3.47  0.00 -1.11 0.504  00  02T075M000  1.110
GLU-1A0316_071 -1.000 -4.54 -0.05  2.67  0.00 -1.91 0.504  00  -1O000M000  1.098
GLU-1A0316_072 -1.000 -4.57 -0.16  0.61  0.00 -4.12 0.503  00  -1E001M000  1.066
GLU-1A0316_073 -1.000 -4.23 -0.51  2.43  0.00 -2.30 0.505  00  -1E006M000  1.006
GLU-1A0316_074 -1.000 -4.31  0.42  2.44  0.00 -1.45 0.504  00  -1E00FM000  1.000
GLU-1A0316_075 -1.000 -3.76 -0.49  3.42  0.00 -0.83 0.504  00  -1E010M000  1.048
GLU-1A0316_076 -1.000 -4.53 -0.80  0.77  0.00 -4.56 0.505  00  -1E011M000  1.039
GLU-1A0316_077 -1.000 -4.46  0.42  2.68  0.00 -1.35 0.505  00  -1E022M000  1.028
GLU-1A0316_078 -1.000 -4.03  0.42  2.11  0.00 -1.50 0.504  00  -1E028M000  1.003
GLU-1A0316_079 -1.000 -4.58  0.42  2.68  0.00 -1.47 0.503  00  -1E02CM000  1.036
GLU-1A0316_080 -1.000 -4.14 -0.54  0.61  0.00 -4.07 0.503  00  -1E02DM000  1.012
GLU-1A0316_081 -1.000 -4.40 -0.54  0.60  0.00 -4.35 0.504  00  -1E02FM000  1.006
GLU-1A0316_082 -1.000 -4.30 -0.21  0.76  0.00 -3.75 0.504  00  -1E057M000  1.031
GLU-1A0316_083 -1.000 -4.25  0.57  2.46  0.00 -1.22 0.503  00  -1E061M000  1.000
GLU-1A0316_084 -1.000 -4.26 -0.85  0.61  0.00 -4.50 0.503  00  -1E06EM000  1.006
GLU-1A0316_085 -1.000 -4.47 -0.34  0.74  0.00 -4.08 0.504  00  -1E070M000  1.008
GLU-1A0316_086 -1.000 -4.15 -0.45  3.44  0.00 -1.16 0.504  00  -1E075M000  1.099
