   confID        vdw0    sas     sum
GLU01A0316_001   0.372  -4.967  -4.594
GLU01A0316_002   0.351  -4.911  -4.560
GLU01A0316_003   0.431  -4.653  -4.221
GLU01A0316_004   0.391  -4.921  -4.530
GLU01A0316_005   0.372  -4.967  -4.594
GLU01A0316_006   0.529  -5.045  -4.516
GLU01A0316_007   0.527  -4.655  -4.129
GLU01A0316_008   1.130  -4.737  -3.607
GLU01A0316_009   0.350  -4.750  -4.400
GLU01A0316_010   0.350  -4.950  -4.600
GLU01A0316_011   0.332  -4.666  -4.334
GLU01A0316_012   0.403  -4.896  -4.493
GLU01A0316_013   0.627  -4.578  -3.952
GLU01A0316_014   0.554  -4.626  -4.072
GLU01A0316_015   0.368  -5.005  -4.637
GLU01A0316_016   0.396  -4.989  -4.592
GLU01A0316_017   0.530  -5.045  -4.515
GLU01A0316_018   0.516  -4.638  -4.122
GLU01A0316_019   0.527  -4.630  -4.102
GLU01A0316_020   1.130  -4.737  -3.607
GLU01A0316_021   0.351  -4.750  -4.399
GLU01A0316_022   0.333  -4.666  -4.333
GLU01A0316_023   0.299  -4.839  -4.540
GLU01A0316_024   0.418  -4.820  -4.402
GLU01A0316_025   0.610  -4.853  -4.244
GLU01A0316_026   0.897  -5.101  -4.204
GLU01A0316_027   0.554  -4.626  -4.072
GLU01A0316_028   0.368  -5.005  -4.637
GLU01A0316_029   0.874  -5.071  -4.197
GLU01A0316_030   0.432  -4.870  -4.439
GLU01A0316_031   0.634  -4.578  -3.945
GLU01A0316_032   0.394  -4.989  -4.595
GLU01A0316_033   0.419  -4.713  -4.294
GLU01A0316_034   0.610  -4.853  -4.244
GLU01A0316_035   0.382  -4.887  -4.505
GLU02A0316_036   0.277  -5.012  -4.735
GLU02A0316_037   0.368  -5.021  -4.653
GLU02A0316_038   0.380  -4.815  -4.435
GLU02A0316_039   0.326  -5.073  -4.748
GLU02A0316_040   0.277  -5.012  -4.735
GLU02A0316_041   0.367  -4.999  -4.632
GLU02A0316_042   0.393  -4.709  -4.316
GLU02A0316_043   0.347  -4.675  -4.328
GLU02A0316_044   0.399  -4.818  -4.420
GLU02A0316_045   0.391  -4.745  -4.353
GLU02A0316_046   0.846  -4.794  -3.948
GLU02A0316_047   0.265  -4.888  -4.623
GLU02A0316_048   0.239  -4.826  -4.586
GLU02A0316_049   0.366  -4.845  -4.479
GLU02A0316_050   0.330  -4.889  -4.559
GLU02A0316_051   0.266  -4.817  -4.551
GLU02A0316_052   0.481  -4.594  -4.113
GLU02A0316_053   0.439  -4.532  -4.094
GLU02A0316_054   0.348  -4.675  -4.327
GLU02A0316_055   0.315  -4.907  -4.592
GLU02A0316_056   0.399  -4.818  -4.420
GLU02A0316_057   0.420  -4.704  -4.284
GLU02A0316_058   0.506  -4.764  -4.257
GLU02A0316_059   0.960  -5.067  -4.108
GLU02A0316_060   0.380  -4.815  -4.435
GLU02A0316_061   0.846  -4.794  -3.948
GLU02A0316_062   0.328  -4.925  -4.597
GLU02A0316_063   0.266  -4.819  -4.553
GLU02A0316_064   0.482  -4.594  -4.112
GLU02A0316_065   0.265  -4.888  -4.623
GLU02A0316_066   0.366  -4.845  -4.479
GLU02A0316_067   0.439  -4.532  -4.094
GLU02A0316_068   0.420  -4.730  -4.310
GLU02A0316_069   0.506  -4.764  -4.257
GLU02A0316_070   0.960  -5.067  -4.108
GLU-1A0316_071   0.222  -4.758  -4.536
GLU-1A0316_072   0.322  -4.887  -4.565
GLU-1A0316_073   0.337  -4.563  -4.226
GLU-1A0316_074   0.347  -4.658  -4.310
GLU-1A0316_075   0.835  -4.598  -3.763
GLU-1A0316_076   0.277  -4.808  -4.530
GLU-1A0316_077   0.217  -4.671  -4.455
GLU-1A0316_078   0.423  -4.487  -4.063
GLU-1A0316_079   0.215  -4.797  -4.582
GLU-1A0316_080   0.369  -4.513  -4.143
GLU-1A0316_081   0.238  -4.642  -4.404
GLU-1A0316_082   0.307  -4.606  -4.299
GLU-1A0316_083   0.317  -4.571  -4.254
GLU-1A0316_084   0.440  -4.700  -4.260
GLU-1A0316_085   0.283  -4.756  -4.473
GLU-1A0316_086   0.784  -4.934  -4.150
