   confID        vdw0    sas     sum
GLU01A0153_001   0.415  -4.964  -4.549
GLU01A0153_002   0.508  -4.765  -4.257
GLU01A0153_003   0.415  -5.016  -4.601
GLU01A0153_004   1.247  -4.757  -3.510
GLU01A0153_005   0.661  -4.980  -4.319
GLU01A0153_006   0.598  -4.793  -4.195
GLU01A0153_007   0.543  -5.164  -4.621
GLU01A0153_008   0.478  -4.629  -4.151
GLU01A0153_009   0.568  -4.790  -4.222
GLU01A0153_010   0.498  -4.828  -4.329
GLU01A0153_011   0.608  -5.005  -4.397
GLU01A0153_012   1.251  -4.757  -3.506
GLU01A0153_013   0.406  -4.743  -4.337
GLU01A0153_014   0.614  -5.115  -4.501
GLU01A0153_015   0.664  -4.980  -4.316
GLU01A0153_016   0.559  -4.796  -4.237
GLU01A0153_017   0.931  -4.632  -3.701
GLU01A0153_018   0.543  -5.164  -4.621
GLU01A0153_019   0.538  -4.667  -4.129
GLU01A0153_020   0.509  -4.765  -4.256
GLU01A0153_021   0.459  -4.535  -4.076
GLU01A0153_022   0.406  -4.769  -4.363
GLU01A0153_023   0.408  -4.743  -4.336
GLU01A0153_024   0.614  -5.115  -4.501
GLU01A0153_025   0.559  -4.796  -4.237
GLU01A0153_026   0.533  -4.672  -4.139
GLU01A0153_027   0.931  -4.632  -3.701
GLU02A0153_028   0.417  -4.881  -4.465
GLU02A0153_029   0.737  -4.939  -4.202
GLU02A0153_030   0.697  -4.759  -4.062
GLU02A0153_031   0.694  -4.740  -4.047
GLU02A0153_032   0.726  -4.809  -4.084
GLU02A0153_033   0.724  -4.990  -4.267
GLU02A0153_034   0.759  -4.914  -4.155
GLU02A0153_035   0.417  -4.881  -4.465
GLU02A0153_036   0.753  -4.988  -4.235
GLU02A0153_037   1.148  -4.672  -3.524
GLU02A0153_038   0.628  -5.217  -4.589
GLU02A0153_039   0.642  -4.589  -3.946
GLU02A0153_040   1.099  -4.736  -3.637
GLU02A0153_041   0.753  -4.988  -4.235
GLU02A0153_042   0.738  -4.683  -3.946
GLU02A0153_043   0.709  -4.824  -4.115
GLU02A0153_044   1.149  -4.672  -3.524
GLU02A0153_045   0.727  -4.709  -3.983
GLU02A0153_046   0.737  -4.939  -4.202
GLU02A0153_047   0.726  -4.809  -4.084
GLU02A0153_048   0.628  -5.217  -4.589
GLU02A0153_049   0.758  -4.978  -4.220
GLU02A0153_050   1.099  -4.736  -3.637
GLU02A0153_051   0.738  -4.683  -3.946
GLU02A0153_052   0.686  -4.682  -3.997
GLU02A0153_053   0.709  -4.824  -4.115
GLU02A0153_054   0.727  -4.641  -3.914
GLU02A0153_055   0.707  -4.603  -3.896
GLU-1A0153_056   0.313  -4.916  -4.603
GLU-1A0153_057   0.995  -4.680  -3.685
GLU-1A0153_058   0.279  -4.827  -4.548
GLU-1A0153_059   0.305  -4.696  -4.391
GLU-1A0153_060   0.304  -4.597  -4.293
GLU-1A0153_061   0.551  -4.886  -4.335
GLU-1A0153_062   0.565  -4.735  -4.170
GLU-1A0153_063   0.474  -4.629  -4.155
GLU-1A0153_064   0.512  -4.692  -4.180
GLU-1A0153_065   0.846  -4.486  -3.641
GLU-1A0153_066   0.451  -4.905  -4.454
GLU-1A0153_067   0.452  -4.362  -3.910
