iConf CONFORMER     FL  occ    crg   Em0  pKa0 ne nH    vdw0    vdw1    tors    epol   dsolv   extra    history
00001 HIS01A0197_001 f 0.00  0.000     0  0.00  0  0 -11.173   0.908   0.924   0.221   0.427   0.000 01O000M000t
00002 HIS01A0197_002 f 0.00  0.000     0  0.00  0  0 -11.298   0.911   0.924   0.410   0.255   0.000 01R001M000t
00003 HIS01A0197_003 f 0.00  0.000     0  0.00  0  0 -11.820   1.402   0.833   0.302   0.418   0.000 01E003M000t
00004 HIS01A0197_004 f 0.00  0.000     0  0.00  0  0 -11.394   4.941   1.750   0.322   0.481   0.000 01E006M000t
00005 HIS01A0197_005 f 0.00  0.000     0  0.00  0  0 -11.823   1.750   1.585   0.435   0.274   0.000 01E00FM000t
00006 HIS01A0197_006 f 0.00  0.000     0  0.00  0  0 -11.633   1.159   1.679   0.405   0.221   0.000 01E010M000t
00007 HIS01A0197_007 f 0.00  0.000     0  0.00  0  0 -11.503   4.860   0.652   0.097   0.570   0.000 01E011M000t
00008 HIS01A0197_008 f 0.00  0.000     0  0.00  0  0 -11.267   5.662   0.823   0.390   0.458   0.000 01E017M000t
00009 HIS01A0197_009 f 0.00  0.000     0  0.00  0  0 -11.285   0.862   1.784   0.317   0.253   0.000 01T002M000t
00010 HIS01A0197_010 f 0.00  0.000     0  0.00  0  0 -11.680   5.627   0.820   0.716   0.440   0.000 01T005M000t
00011 HIS01A0197_011 f 0.00  0.000     0  0.00  0  0 -11.915   1.466   0.743   0.238   0.462   0.000 01T008M000t
00012 HIS01A0197_012 f 0.00  0.000     0  0.00  0  0 -11.651   1.543   0.668   0.510   0.408   0.000 01T00AM000t
00013 HIS01A0197_013 f 0.00  0.000     0  0.00  0  0 -11.620   1.099   0.751   0.422   0.393   0.000 01T00BM000t
00014 HIS01A0197_014 f 0.00  0.000     0  0.00  0  0 -11.971   2.459   1.581   0.246   0.344   0.000 01T00CM000t
00015 HIS01A0197_015 f 0.00  0.000     0  0.00  0  0 -12.004   1.501   1.685   0.278   0.459   0.000 01T00DM000t
00016 HIS01A0197_016 f 0.00  0.000     0  0.00  0  0 -11.833   0.828   1.784   0.380   0.185   0.000 01T00EM000t
00017 HIS01A0197_017 f 0.00  0.000     0  0.00  0  0 -11.357   6.280   1.773   0.816   0.605   0.000 01T014M000t
00018 HIS01A0197_018 f 0.00  0.000     0  0.00  0  0 -11.291   6.955   1.825   0.251   0.433   0.000 01T016M000t
00019 HIS01A0197_019 f 0.00  0.000     0  0.00  0  0 -11.876   5.929   1.672  -0.209   0.561   0.000 01T018M000t
00020 HIS02A0197_020 f 0.00  0.000     0  0.00  0  0 -11.190   0.869   0.924   0.205   0.148   0.000 02O000M000t
00021 HIS02A0197_021 f 0.00  0.000     0  0.00  0  0 -11.312   0.902   0.924   0.291   0.102   0.000 02R001M000t
00022 HIS02A0197_022 f 0.00  0.000     0  0.00  0  0 -11.837   1.366   0.817   0.267   0.260   0.000 02E003M000t
00023 HIS02A0197_023 f 0.00  0.000     0  0.00  0  0 -11.781   5.549   0.808   0.481   0.275   0.000 02E005M000t
00024 HIS02A0197_024 f 0.00  0.000     0  0.00  0  0 -11.861   1.386   0.734   0.184   0.298   0.000 02E008M000t
00025 HIS02A0197_025 f 0.00  0.000     0  0.00  0  0 -11.478   1.086   0.744   0.245   0.119   0.000 02E00BM000t
00026 HIS02A0197_026 f 0.00  0.000     0  0.00  0  0 -11.928   2.345   1.594   0.338   0.076   0.000 02E00CM000t
00027 HIS02A0197_027 f 0.00  0.000     0  0.00  0  0 -11.966   1.434   1.679   0.365   0.252   0.000 02E00DM000t
00028 HIS02A0197_028 f 0.00  0.000     0  0.00  0  0 -11.980   0.796   1.768   0.291   0.151   0.000 02E00EM000t
00029 HIS02A0197_029 f 0.00  0.000     0  0.00  0  0 -11.799   1.787   1.585   0.329   0.245   0.000 02E00FM000t
00030 HIS02A0197_030 f 0.00  0.000     0  0.00  0  0 -11.779   5.202   0.639   0.520   0.456   0.000 02E011M000t
00031 HIS02A0197_031 f 0.00  0.000     0  0.00  0  0 -11.362   6.728   1.758  -0.459   0.654   0.000 02E014M000t
00032 HIS02A0197_032 f 0.00  0.000     0  0.00  0  0 -11.684   4.404   1.734   0.012   0.231   0.000 02E019M000t
00033 HIS02A0197_033 f 0.00  0.000     0  0.00  0  0 -11.299   0.829   1.768   0.287   0.257   0.000 02T002M000t
00034 HIS02A0197_034 f 0.00  0.000     0  0.00  0  0 -11.233   5.081   1.728  -0.173   0.247   0.000 02T006M000t
00035 HIS02A0197_035 f 0.00  0.000     0  0.00  0  0 -11.596   1.537   0.688   0.397   0.285   0.000 02T00AM000t
00036 HIS02A0197_036 f 0.00  0.000     0  0.00  0  0 -11.490   1.138   1.662   0.335   0.177   0.000 02T010M000t
00037 HIS02A0197_037 f 0.00  0.000     0  0.00  0  0 -11.379   6.990   1.818   0.096   0.317   0.000 02T016M000t
00038 HIS02A0197_038 f 0.00  0.000     0  0.00  0  0 -11.435   5.632   0.808   0.395   0.396   0.000 02T017M000t
00039 HIS+1A0197_039 f 0.00  1.000     0  6.98  0  1 -11.216   0.867   0.924   0.781  -0.291   0.000 +1O000M000t
00040 HIS+1A0197_040 f 0.00  1.000     0  6.98  0  1 -11.338   0.900   0.924   0.817  -0.485   0.000 +1R001M000t
00041 HIS+1A0197_041 f 0.00  1.000     0  6.98  0  1 -11.326   0.841   1.790   0.619  -0.278   0.000 +1E002M000t
00042 HIS+1A0197_042 f 0.00  1.000     0  6.98  0  1 -11.725   5.613   0.829   0.491  -0.556   0.000 +1E005M000t
00043 HIS+1A0197_043 f 0.00  1.000     0  6.98  0  1 -11.377   5.210   1.763   0.506  -0.481   0.000 +1E006M000t
00044 HIS+1A0197_044 f 0.00  1.000     0  6.98  0  1 -11.756   1.529   0.700   0.904  -0.330   0.000 +1E00AM000t
00045 HIS+1A0197_045 f 0.00  1.000     0  6.98  0  1 -11.887   2.367   1.610   0.644  -0.248   0.000 +1E00CM000t
00046 HIS+1A0197_046 f 0.00  1.000     0  6.98  0  1 -12.039   1.436   1.707   0.777  -0.471   0.000 +1E00DM000t
00047 HIS+1A0197_047 f 0.00  1.000     0  6.98  0  1 -11.677   1.154   1.695   0.648  -0.160   0.000 +1E010M000t
00048 HIS+1A0197_048 f 0.00  1.000     0  6.98  0  1 -11.338   6.928   1.821   0.083  -0.184   0.000 +1E016M000t
00049 HIS+1A0197_049 f 0.00  1.000     0  6.98  0  1 -11.248   5.691   0.829   0.420  -0.266   0.000 +1E017M000t
00050 HIS+1A0197_050 f 0.00  1.000     0  6.98  0  1 -11.693   1.389   0.839   0.532  -0.332   0.000 +1T003M000t
00051 HIS+1A0197_051 f 0.00  1.000     0  6.98  0  1 -12.002   1.409   0.757   0.734  -0.309   0.000 +1T008M000t
00052 HIS+1A0197_052 f 0.00  1.000     0  6.98  0  1 -11.488   1.110   0.764   0.748  -0.275   0.000 +1T00BM000t
00053 HIS+1A0197_053 f 0.00  1.000     0  6.98  0  1 -11.808   0.814   1.790   0.611  -0.388   0.000 +1T00EM000t
00054 HIS+1A0197_054 f 0.00  1.000     0  6.98  0  1 -11.960   1.823   1.600   0.652  -0.302   0.000 +1T00FM000t
00055 HIS+1A0197_055 f 0.00  1.000     0  6.98  0  1 -11.802   5.226   0.655   0.888  -0.042   0.000 +1T011M000t
00056 HIS+1A0197_056 f 0.00  1.000     0  6.98  0  1 -11.472   6.657   1.773  -0.593   0.299   0.000 +1T014M000t
00057 HIS+1A0197_057 f 0.00  1.000     0  6.98  0  1 -11.648   6.329   1.708   0.964  -0.203   0.000 +1T018M000t
