CONFORMER         crg  vdw0  vdw1  tors  epol  self   occ  Hb     history    ASA
HIS01A0197_001  0.000-11.17  0.91  0.92  0.00 -9.34 0.520  00  01O000M000  1.000
HIS01A0197_002  0.000-11.30  0.91  0.92  0.00 -9.46 0.519  00  01R001M000  1.000
HIS01A0197_003  0.000-11.82  1.40  0.83  0.00 -9.59 0.521  00  01E003M000  1.000
HIS01A0197_004  0.000-11.39  4.94  1.75  0.00 -4.71 0.518  00  01E006M000  1.000
HIS01A0197_005  0.000-11.82  1.76  1.58  0.00 -8.49 0.520  00  01E00FM000  1.000
HIS01A0197_006  0.000-11.63  1.16  1.68  0.00 -8.80 0.518  00  01E010M000  1.000
HIS01A0197_007  0.000-11.50  4.85  0.65  0.00 -6.00 0.517  00  01E011M000  1.000
HIS01A0197_008  0.000-11.27  5.68  0.82  0.00 -4.77 0.519  00  01E017M000  1.000
HIS01A0197_009  0.000-11.29  0.86  1.78  0.00 -8.64 0.518  00  01T002M000  1.000
HIS01A0197_010  0.000-11.68  5.63  0.82  0.00 -5.23 0.519  00  01T005M000  1.000
HIS01A0197_011  0.000-11.92  1.47  0.74  0.00 -9.71 0.517  00  01T008M000  1.000
HIS01A0197_012  0.000-11.65  1.54  0.67  0.00 -9.44 0.518  00  01T00AM000  1.000
HIS01A0197_013  0.000-11.62  1.10  0.75  0.00 -9.77 0.521  00  01T00BM000  1.000
HIS01A0197_014  0.000-11.97  2.46  1.58  0.00 -7.93 0.518  00  01T00CM000  1.000
HIS01A0197_015  0.000-12.00  1.50  1.68  0.00 -8.83 0.517  00  01T00DM000  1.000
HIS01A0197_016  0.000-11.83  0.83  1.78  0.00 -9.22 0.519  00  01T00EM000  1.000
HIS01A0197_017  0.000-11.36  6.29  1.77  0.00 -3.30 0.517  00  01T014M000  1.000
HIS01A0197_018  0.000-11.29  6.96  1.82  0.00 -2.51 0.518  00  01T016M000  1.000
HIS01A0197_019  0.000-11.88  5.91  1.67  0.00 -4.29 0.520  00  01T018M000  1.000
HIS02A0197_020  0.000-11.19  0.87  0.92  0.00 -9.40 0.520  00  02O000M000  1.000
HIS02A0197_021  0.000-11.31  0.90  0.92  0.00 -9.49 0.519  00  02R001M000  1.000
HIS02A0197_022  0.000-11.84  1.37  0.82  0.00 -9.65 0.521  00  02E003M000  1.000
HIS02A0197_023  0.000-11.78  5.55  0.81  0.00 -5.42 0.519  00  02E005M000  1.000
HIS02A0197_024  0.000-11.86  1.39  0.73  0.00 -9.74 0.517  00  02E008M000  1.000
HIS02A0197_025  0.000-11.55  1.09  0.74  0.00 -9.72 0.521  00  02E00BM000  1.000
HIS02A0197_026  0.000-11.93  2.35  1.59  0.00 -7.99 0.518  00  02E00CM000  1.000
HIS02A0197_027  0.000-12.01  1.43  1.68  0.00 -8.90 0.517  00  02E00DM000  1.000
HIS02A0197_028  0.000-11.98  0.80  1.77  0.00 -9.41 0.519  00  02E00EM000  1.000
HIS02A0197_029  0.000-11.80  1.79  1.58  0.00 -8.42 0.520  00  02E00FM000  1.000
HIS02A0197_030  0.000-11.71  5.20  0.64  0.00 -5.87 0.517  00  02E011M000  1.000
HIS02A0197_031  0.000-11.32  6.72  1.76  0.00 -2.84 0.517  00  02E014M000  1.000
HIS02A0197_032  0.000-11.68  4.40  1.73  0.00 -5.55 0.519  00  02E019M000  1.000
HIS02A0197_033  0.000-11.30  0.83  1.77  0.00 -8.70 0.518  00  02T002M000  1.000
HIS02A0197_034  0.000-11.23  5.08  1.73  0.00 -4.43 0.518  00  02T006M000  1.000
HIS02A0197_035  0.000-11.60  1.53  0.69  0.00 -9.38 0.518  00  02T00AM000  1.000
HIS02A0197_036  0.000-11.49  1.14  1.66  0.00 -8.69 0.518  00  02T010M000  1.000
HIS02A0197_037  0.000-11.38  7.00  1.82  0.00 -2.57 0.518  00  02T016M000  1.000
HIS02A0197_038  0.000-11.44  5.63  0.81  0.00 -5.00 0.519  00  02T017M000  1.000
HIS+1A0197_039  1.000-11.22  0.87  0.92  0.00 -9.43 0.520  00  +1O000M000  1.000
HIS+1A0197_040  1.000-11.34  0.90  0.92  0.00 -9.51 0.519  00  +1R001M000  1.000
HIS+1A0197_041  1.000-11.33  0.84  1.79  0.00 -8.70 0.518  00  +1E002M000  1.000
HIS+1A0197_042  1.000-11.68  5.61  0.83  0.00 -5.24 0.519  00  +1E005M000  1.000
HIS+1A0197_043  1.000-11.38  5.22  1.76  0.00 -4.39 0.518  00  +1E006M000  1.000
HIS+1A0197_044  1.000-11.76  1.53  0.70  0.00 -9.53 0.518  00  +1E00AM000  1.000
HIS+1A0197_045  1.000-11.95  2.37  1.61  0.00 -7.98 0.518  00  +1E00CM000  1.000
HIS+1A0197_046  1.000-12.04  1.44  1.71  0.00 -8.89 0.517  00  +1E00DM000  1.000
HIS+1A0197_047  1.000-11.61  1.15  1.69  0.00 -8.76 0.518  00  +1E010M000  1.000
HIS+1A0197_048  1.000-11.34  6.92  1.82  0.00 -2.60 0.518  00  +1E016M000  1.000
HIS+1A0197_049  1.000-11.25  5.68  0.83  0.00 -4.74 0.519  00  +1E017M000  1.000
HIS+1A0197_050  1.000-11.69  1.39  0.84  0.00 -9.46 0.521  00  +1T003M000  1.000
HIS+1A0197_051  1.000-12.00  1.41  0.76  0.00 -9.84 0.517  00  +1T008M000  1.000
HIS+1A0197_052  1.000-11.49  1.11  0.76  0.00 -9.61 0.521  00  +1T00BM000  1.000
HIS+1A0197_053  1.000-11.81  0.81  1.79  0.00 -9.21 0.519  00  +1T00EM000  1.000
HIS+1A0197_054  1.000-11.96  1.82  1.60  0.00 -8.54 0.520  00  +1T00FM000  1.000
HIS+1A0197_055  1.000-11.85  5.23  0.65  0.00 -5.97 0.517  00  +1T011M000  1.000
HIS+1A0197_056  1.000-11.47  6.66  1.77  0.00 -3.04 0.517  00  +1T014M000  1.000
HIS+1A0197_057  1.000-11.65  6.31  1.71  0.00 -3.63 0.520  00  +1T018M000  1.000
