   confID        vdw0    sas     sum
HIS01A0197_001  -0.095 -11.077 -11.173
HIS01A0197_002  -0.074 -11.223 -11.298
HIS01A0197_003  -0.101 -11.719 -11.820
HIS01A0197_004  -0.066 -11.328 -11.394
HIS01A0197_005  -0.189 -11.634 -11.823
HIS01A0197_006  -0.108 -11.525 -11.633
HIS01A0197_007  -0.275 -11.228 -11.503
HIS01A0197_008  -0.033 -11.234 -11.267
HIS01A0197_009  -0.095 -11.190 -11.285
HIS01A0197_010  -0.083 -11.597 -11.680
HIS01A0197_011  -0.228 -11.687 -11.915
HIS01A0197_012  -0.203 -11.448 -11.651
HIS01A0197_013  -0.105 -11.516 -11.620
HIS01A0197_014  -0.290 -11.682 -11.971
HIS01A0197_015  -0.230 -11.774 -12.004
HIS01A0197_016  -0.054 -11.779 -11.833
HIS01A0197_017  -0.216 -11.142 -11.357
HIS01A0197_018  -0.104 -11.187 -11.291
HIS01A0197_019  -0.214 -11.662 -11.876
HIS02A0197_020  -0.112 -11.077 -11.190
HIS02A0197_021  -0.088 -11.223 -11.312
HIS02A0197_022  -0.118 -11.719 -11.837
HIS02A0197_023  -0.104 -11.677 -11.781
HIS02A0197_024  -0.240 -11.621 -11.861
HIS02A0197_025  -0.126 -11.352 -11.478
HIS02A0197_026  -0.298 -11.630 -11.928
HIS02A0197_027  -0.244 -11.722 -11.966
HIS02A0197_028  -0.069 -11.911 -11.980
HIS02A0197_029  -0.214 -11.585 -11.799
HIS02A0197_030  -0.293 -11.486 -11.779
HIS02A0197_031  -0.236 -11.125 -11.362
HIS02A0197_032  -0.059 -11.626 -11.684
HIS02A0197_033  -0.109 -11.190 -11.299
HIS02A0197_034  -0.087 -11.146 -11.233
HIS02A0197_035  -0.215 -11.381 -11.596
HIS02A0197_036  -0.127 -11.363 -11.490
HIS02A0197_037  -0.124 -11.255 -11.379
HIS02A0197_038  -0.055 -11.381 -11.435
HIS+1A0197_039  -0.139 -11.077 -11.216
HIS+1A0197_040  -0.115 -11.223 -11.338
HIS+1A0197_041  -0.136 -11.190 -11.326
HIS+1A0197_042  -0.130 -11.595 -11.725
HIS+1A0197_043  -0.114 -11.264 -11.377
HIS+1A0197_044  -0.240 -11.516 -11.756
HIS+1A0197_045  -0.325 -11.562 -11.887
HIS+1A0197_046  -0.270 -11.769 -12.039
HIS+1A0197_047  -0.152 -11.525 -11.677
HIS+1A0197_048  -0.151 -11.187 -11.338
HIS+1A0197_049  -0.082 -11.167 -11.248
HIS+1A0197_050  -0.142 -11.551 -11.693
HIS+1A0197_051  -0.266 -11.736 -12.002
HIS+1A0197_052  -0.155 -11.333 -11.488
HIS+1A0197_053  -0.096 -11.712 -11.808
HIS+1A0197_054  -0.241 -11.719 -11.960
HIS+1A0197_055  -0.319 -11.483 -11.802
HIS+1A0197_056  -0.262 -11.209 -11.472
HIS+1A0197_057  -0.259 -11.388 -11.648
