iConf CONFORMER     FL  occ    crg   Em0  pKa0 ne nH    vdw0    vdw1    tors    epol   dsolv   extra    history
00001 LYS01A0141_001 f 0.00  0.000     0  0.00  0  0 -11.910   1.946   2.818  -0.011  -0.069   0.000 01O000M000t
00002 LYS01A0141_002 f 0.00  0.000     0  0.00  0  0 -11.488   0.990   2.053  -0.006   0.022   0.000 01E00BM000t
00003 LYS01A0141_003 f 0.00  0.000     0  0.00  0  0 -11.090   2.027   5.404  -0.028  -0.001   0.000 01E031M000t
00004 LYS01A0141_004 f 0.00  0.000     0  0.00  0  0 -10.651   6.614   1.776  -0.012   0.063   0.000 01E069M000t
00005 LYS01A0141_005 f 0.00  0.000     0  0.00  0  0 -12.414   5.203   1.269   0.015  -0.090   0.000 01E071M000t
00006 LYS01A0141_006 f 0.00  0.000     0  0.00  0  0 -10.760   6.255   2.012  -0.020   0.038   0.000 01E072M000t
00007 LYS01A0141_007 f 0.00  0.000     0  0.00  0  0 -11.381   1.300   2.005  -0.012   0.066   0.000 01E106M000t
00008 LYS01A0141_008 f 0.00  0.000     0  0.00  0  0 -12.566   4.535   1.599  -0.021  -0.022   0.000 01E187M000t
00009 LYS01A0141_009 f 0.00  0.000     0  0.00  0  0 -11.945   2.505   4.852  -0.012   0.014   0.000 01T00AM000t
00010 LYS01A0141_010 f 0.00  0.000     0  0.00  0  0 -11.982   1.812   1.863  -0.006   0.060   0.000 01T015M000t
00011 LYS01A0141_011 f 0.00  0.000     0  0.00  0  0 -12.344   1.559   2.032  -0.008   0.122   0.000 01T042M000t
00012 LYS01A0141_012 f 0.00  0.000     0  0.00  0  0 -10.357   1.661   1.798   0.032   0.110   0.000 01T04DM000t
00013 LYS01A0141_013 f 0.00  0.000     0  0.00  0  0 -12.098   1.068   1.563  -0.009  -0.126   0.000 01T05DM000t
00014 LYS01A0141_014 f 0.00  0.000     0  0.00  0  0 -10.815   1.690   1.098  -0.016  -0.066   0.000 01T0AAM000t
00015 LYS01A0141_015 f 0.00  0.000     0  0.00  0  0 -10.821   0.761   0.973  -0.029   0.017   0.000 01T0D6M000t
00016 LYS01A0141_016 f 0.00  0.000     0  0.00  0  0 -10.580   1.146   1.493  -0.007   0.187   0.000 01T100M000t
00017 LYS01A0141_017 f 0.00  0.000     0  0.00  0  0 -11.026   1.040   1.939  -0.009  -0.136   0.000 01T175M000t
00018 LYS01A0141_018 f 0.00  0.000     0  0.00  0  0  -9.608   1.660   1.680  -0.042  -0.008   0.000 01T190M000t
00019 LYS01A0141_019 f 0.00  0.000     0  0.00  0  0  -9.407   1.772   1.523  -0.014   0.011   0.000 01T1A4M000t
00020 LYS+1A0141_020 f 0.00  1.000     0 10.40  0  1 -11.955   1.945   2.818   0.005  -0.408   0.000 +1O000M000t
00021 LYS+1A0141_021 f 0.00  1.000     0 10.40  0  1 -12.042   2.503   4.903   0.036  -0.153   0.000 +1E00AM000t
00022 LYS+1A0141_022 f 0.00  1.000     0 10.40  0  1 -11.400   0.986   2.103   0.049  -0.244   0.000 +1E00BM000t
00023 LYS+1A0141_023 f 0.00  1.000     0 10.40  0  1 -12.120   1.808   1.926   0.053  -0.180   0.000 +1E015M000t
00024 LYS+1A0141_024 f 0.00  1.000     0 10.40  0  1 -12.326   1.058   1.652   0.053  -0.450   0.000 +1E05DM000t
00025 LYS+1A0141_025 f 0.00  1.000     0 10.40  0  1 -10.732   6.563   1.872   0.023  -0.036   0.000 +1E069M000t
00026 LYS+1A0141_026 f 0.00  1.000     0 10.40  0  1 -12.402   5.186   1.291  -0.102  -0.496   0.000 +1E071M000t
00027 LYS+1A0141_027 f 0.00  1.000     0 10.40  0  1 -10.809   6.349   2.056  -0.021  -0.159   0.000 +1E072M000t
00028 LYS+1A0141_028 f 0.00  1.000     0 10.40  0  1 -10.903   1.690   1.133   0.074  -0.375   0.000 +1E0AAM000t
00029 LYS+1A0141_029 f 0.00  1.000     0 10.40  0  1 -10.979   0.745   1.026   0.059   0.003   0.000 +1E0D6M000t
00030 LYS+1A0141_030 f 0.00  1.000     0 10.40  0  1 -10.720   1.136   1.536   0.132   0.075   0.000 +1E100M000t
00031 LYS+1A0141_031 f 0.00  1.000     0 10.40  0  1 -11.217   1.301   2.116   0.077  -0.191   0.000 +1E106M000t
00032 LYS+1A0141_032 f 0.00  1.000     0 10.40  0  1 -10.955   1.031   2.005   0.057  -0.112   0.000 +1E175M000t
00033 LYS+1A0141_033 f 0.00  1.000     0 10.40  0  1 -12.607   4.450   1.663   0.086  -0.108   0.000 +1E187M000t
00034 LYS+1A0141_034 f 0.00  1.000     0 10.40  0  1 -11.144   1.997   5.503  -0.028   0.711   0.000 +1T031M000t
00035 LYS+1A0141_035 f 0.00  1.000     0 10.40  0  1 -12.260   1.540   2.089   0.152   0.079   0.000 +1T042M000t
00036 LYS+1A0141_036 f 0.00  1.000     0 10.40  0  1 -10.460   1.636   1.820   0.828   0.352   0.000 +1T04DM000t
00037 LYS+1A0141_037 f 0.00  1.000     0 10.40  0  1  -9.653   1.737   1.691   0.196  -0.231   0.000 +1T190M000t
00038 LYS+1A0141_038 f 0.00  1.000     0 10.40  0  1  -9.472   1.783   1.529   0.086  -0.575   0.000 +1T1A4M000t
