CONFORMER         crg  vdw0  vdw1  tors  epol  self   occ  Hb     history    ASA
LYS01A0141_001  0.000-11.91  1.95  2.82  0.00 -7.14 0.501  00  01O000M000  1.000
LYS01A0141_002  0.000-11.49  0.99  2.05  0.00 -8.45 0.501  00  01E00BM000  1.000
LYS01A0141_003  0.000-11.09  2.03  5.41  0.00 -3.65 0.501  00  01E031M000  1.000
LYS01A0141_004  0.000-10.65  6.63  1.78  0.00 -2.25 0.502  00  01E069M000  1.000
LYS01A0141_005  0.000-12.41  5.20  1.27  0.00 -5.94 0.501  00  01E071M000  1.000
LYS01A0141_006  0.000-10.76  6.26  2.01  0.00 -2.49 0.501  00  01E072M000  1.000
LYS01A0141_007  0.000-11.38  1.30  2.00  0.00 -8.08 0.501  00  01E106M000  1.000
LYS01A0141_008  0.000-12.56  4.53  1.60  0.00 -6.43 0.502  00  01E187M000  1.000
LYS01A0141_009  0.000-11.95  2.50  4.85  0.00 -4.59 0.501  00  01T00AM000  1.000
LYS01A0141_010  0.000-11.98  1.81  1.86  0.00 -8.31 0.501  00  01T015M000  1.000
LYS01A0141_011  0.000-12.34  1.56  2.03  0.00 -8.75 0.501  00  01T042M000  1.000
LYS01A0141_012  0.000-10.36  1.66  1.80  0.00 -6.91 0.501  00  01T04DM000  1.000
LYS01A0141_013  0.000-12.10  1.07  1.56  0.00 -9.47 0.501  00  01T05DM000  1.000
LYS01A0141_014  0.000-10.82  1.69  1.10  0.00 -8.03 0.502  00  01T0AAM000  1.000
LYS01A0141_015  0.000-10.82  0.76  0.97  0.00 -9.08 0.501  00  01T0D6M000  1.000
LYS01A0141_016  0.000-10.58  1.14  1.49  0.00 -7.94 0.501  00  01T100M000  1.000
LYS01A0141_017  0.000-11.03  1.04  1.94  0.00 -8.05 0.501  00  01T175M000  1.000
LYS01A0141_018  0.000 -9.60  1.66  1.68  0.00 -6.25 0.502  00  01T190M000  1.000
LYS01A0141_019  0.000 -9.41  1.77  1.52  0.00 -6.11 0.501  00  01T1A4M000  1.000
LYS+1A0141_020  1.000-11.96  1.95  2.82  0.00 -7.19 0.501  00  +1O000M000  1.000
LYS+1A0141_021  1.000-12.05  2.50  4.90  0.00 -4.64 0.501  00  +1E00AM000  1.000
LYS+1A0141_022  1.000-11.40  0.98  2.10  0.00 -8.31 0.501  00  +1E00BM000  1.000
LYS+1A0141_023  1.000-12.12  1.81  1.93  0.00 -8.39 0.501  00  +1E015M000  1.000
LYS+1A0141_024  1.000-12.32  1.06  1.65  0.00 -9.62 0.501  00  +1E05DM000  1.000
LYS+1A0141_025  1.000-10.73  6.58  1.87  0.00 -2.28 0.502  00  +1E069M000  1.000
LYS+1A0141_026  1.000-12.40  5.20  1.29  0.00 -5.91 0.501  00  +1E071M000  1.000
LYS+1A0141_027  1.000-10.81  6.35  2.05  0.00 -2.40 0.501  00  +1E072M000  1.000
LYS+1A0141_028  1.000-10.91  1.69  1.13  0.00 -8.08 0.502  00  +1E0AAM000  1.000
LYS+1A0141_029  1.000-10.98  0.74  1.03  0.00 -9.21 0.501  00  +1E0D6M000  1.000
LYS+1A0141_030  1.000-10.67  1.14  1.54  0.00 -7.99 0.501  00  +1E100M000  1.000
LYS+1A0141_031  1.000-11.21  1.30  2.11  0.00 -7.80 0.501  00  +1E106M000  1.000
LYS+1A0141_032  1.000-10.95  1.03  2.00  0.00 -7.91 0.501  00  +1E175M000  1.000
LYS+1A0141_033  1.000-12.61  4.46  1.66  0.00 -6.48 0.502  00  +1E187M000  1.000
LYS+1A0141_034  1.000-11.14  2.00  5.50  0.00 -3.65 0.501  00  +1T031M000  1.000
LYS+1A0141_035  1.000-12.26  1.54  2.09  0.00 -8.63 0.501  00  +1T042M000  1.000
LYS+1A0141_036  1.000-10.45  1.64  1.82  0.00 -6.99 0.501  00  +1T04DM000  1.000
LYS+1A0141_037  1.000 -9.66  1.73  1.69  0.00 -6.23 0.502  00  +1T190M000  1.000
LYS+1A0141_038  1.000 -9.46  1.78  1.53  0.00 -6.15 0.501  00  +1T1A4M000  1.000
