   confID        vdw0    sas     sum
LYS01A0141_001   0.710 -12.621 -11.910
LYS01A0141_002   0.974 -12.463 -11.488
LYS01A0141_003   1.057 -12.147 -11.090
LYS01A0141_004   1.246 -11.897 -10.651
LYS01A0141_005   0.390 -12.804 -12.414
LYS01A0141_006   1.533 -12.293 -10.760
LYS01A0141_007   1.108 -12.489 -11.381
LYS01A0141_008   0.567 -13.133 -12.566
LYS01A0141_009   0.888 -12.833 -11.945
LYS01A0141_010   0.736 -12.718 -11.982
LYS01A0141_011   0.757 -13.102 -12.344
LYS01A0141_012   1.986 -12.343 -10.357
LYS01A0141_013   0.648 -12.746 -12.098
LYS01A0141_014   1.786 -12.601 -10.815
LYS01A0141_015   1.427 -12.248 -10.821
LYS01A0141_016   1.273 -11.853 -10.580
LYS01A0141_017   1.605 -12.631 -11.026
LYS01A0141_018   3.167 -12.775  -9.608
LYS01A0141_019   3.127 -12.533  -9.407
LYS+1A0141_020   0.666 -12.621 -11.955
LYS+1A0141_021   0.843 -12.885 -12.042
LYS+1A0141_022   0.934 -12.334 -11.400
LYS+1A0141_023   0.691 -12.811 -12.120
LYS+1A0141_024   0.626 -12.951 -12.326
LYS+1A0141_025   1.216 -11.949 -10.732
LYS+1A0141_026   0.351 -12.752 -12.402
LYS+1A0141_027   1.497 -12.306 -10.809
LYS+1A0141_028   1.749 -12.652 -10.903
LYS+1A0141_029   1.365 -12.345 -10.979
LYS+1A0141_030   1.172 -11.892 -10.720
LYS+1A0141_031   1.076 -12.293 -11.217
LYS+1A0141_032   1.573 -12.528 -10.955
LYS+1A0141_033   0.526 -13.133 -12.607
LYS+1A0141_034   1.003 -12.147 -11.144
LYS+1A0141_035   0.710 -12.970 -12.260
LYS+1A0141_036   1.951 -12.411 -10.460
LYS+1A0141_037   3.122 -12.775  -9.653
LYS+1A0141_038   3.061 -12.533  -9.472
