iConf CONFORMER     FL  occ    crg   Em0  pKa0 ne nH    vdw0    vdw1    tors    epol   dsolv   extra    history
00001 LYS01A0136_001 f 0.00  0.000     0  0.00  0  0 -11.992   1.523   0.822  -0.008  -0.042   0.000 01O000M000t
00002 LYS01A0136_002 f 0.00  0.000     0  0.00  0  0 -12.038   3.809   3.640  -0.002  -0.080   0.000 01E00AM000t
00003 LYS01A0136_003 f 0.00  0.000     0  0.00  0  0 -11.612   3.430   4.205  -0.005  -0.019   0.000 01E00CM000t
00004 LYS01A0136_004 f 0.00  0.000     0  0.00  0  0 -11.072   2.462   4.172   0.001  -0.025   0.000 01E01EM000t
00005 LYS01A0136_005 f 0.00  0.000     0  0.00  0  0  -9.905   3.088   4.295   0.001   0.018   0.000 01E032M000t
00006 LYS01A0136_006 f 0.00  0.000     0  0.00  0  0 -11.197   2.537   6.359  -0.009  -0.018   0.000 01E049M000t
00007 LYS01A0136_007 f 0.00  0.000     0  0.00  0  0  -9.386   1.919   1.454  -0.009   0.115   0.000 01E090M000t
00008 LYS01A0136_008 f 0.00  0.000     0  0.00  0  0  -8.836   1.625   1.534  -0.009   0.078   0.000 01E0A5M000t
00009 LYS01A0136_009 f 0.00  0.000     0  0.00  0  0  -7.518   2.218   2.063  -0.183   0.012   0.000 01E0BBM000t
00010 LYS01A0136_010 f 0.00  0.000     0  0.00  0  0  -7.403   2.048   2.088  -0.016  -0.123   0.000 01E0C9M000t
00011 LYS01A0136_011 f 0.00  0.000     0  0.00  0  0  -9.389   1.985   4.283  -0.010  -0.146   0.000 01E0CBM000t
00012 LYS01A0136_012 f 0.00  0.000     0  0.00  0  0  -7.267   1.878   4.815  -0.004  -0.007   0.000 01E0DEM000t
00013 LYS01A0136_013 f 0.00  0.000     0  0.00  0  0 -11.848   1.975   0.811  -0.002  -0.110   0.000 01T002M000t
00014 LYS01A0136_014 f 0.00  0.000     0  0.00  0  0 -10.895   1.756   4.243  -0.005  -0.159   0.000 01T04DM000t
00015 LYS01A0136_015 f 0.00  0.000     0  0.00  0  0 -11.358   2.971   0.878  -0.021   0.015   0.000 01T055M000t
00016 LYS01A0136_016 f 0.00  0.000     0  0.00  0  0 -11.596   3.044   3.634  -0.014   0.181   0.000 01T056M000t
00017 LYS01A0136_017 f 0.00  0.000     0  0.00  0  0  -9.977   2.533   4.212  -0.004  -0.229   0.000 01T093M000t
00018 LYS01A0136_018 f 0.00  0.000     0  0.00  0  0  -7.992   1.647   4.882  -0.011  -0.042   0.000 01T0ADM000t
00019 LYS01A0136_019 f 0.00  0.000     0  0.00  0  0  -7.682   1.500   4.868  -0.026  -0.116   0.000 01T0B9M000t
00020 LYS01A0136_020 f 0.00  0.000     0  0.00  0  0  -9.258   1.912   4.303  -0.015   0.051   0.000 01T0CDM000t
00021 LYS+1A0136_021 f 0.00  1.000     0 10.40  0  1 -12.037   1.522   0.822   0.025  -0.263   0.000 +1O000M000t
00022 LYS+1A0136_022 f 0.00  1.000     0 10.40  0  1 -11.841   1.968   0.811   0.001  -0.390   0.000 +1E002M000t
00023 LYS+1A0136_023 f 0.00  1.000     0 10.40  0  1 -11.604   3.441   4.206   0.036  -0.294   0.000 +1E00CM000t
00024 LYS+1A0136_024 f 0.00  1.000     0 10.40  0  1 -11.119   2.461   4.172  -0.018  -0.427   0.000 +1E01EM000t
00025 LYS+1A0136_025 f 0.00  1.000     0 10.40  0  1  -9.853   3.088   4.295  -0.057  -0.175   0.000 +1E032M000t
00026 LYS+1A0136_026 f 0.00  1.000     0 10.40  0  1 -11.242   2.535   6.359  -0.021  -0.250   0.000 +1E049M000t
00027 LYS+1A0136_027 f 0.00  1.000     0 10.40  0  1 -11.442   2.961   0.878   0.062  -0.055   0.000 +1E055M000t
00028 LYS+1A0136_028 f 0.00  1.000     0 10.40  0  1  -9.396   1.913   1.454   0.036  -0.470   0.000 +1E090M000t
00029 LYS+1A0136_029 f 0.00  1.000     0 10.40  0  1  -8.898   1.622   1.534   0.027   0.023   0.000 +1E0A5M000t
00030 LYS+1A0136_030 f 0.00  1.000     0 10.40  0  1  -8.055   1.649   4.889   0.052  -0.533   0.000 +1E0ADM000t
00031 LYS+1A0136_031 f 0.00  1.000     0 10.40  0  1  -7.609   1.493   4.871   0.119  -0.335   0.000 +1E0B9M000t
00032 LYS+1A0136_032 f 0.00  1.000     0 10.40  0  1  -7.311   1.879   4.829  -0.007  -0.165   0.000 +1E0DEM000t
00033 LYS+1A0136_033 f 0.00  1.000     0 10.40  0  1 -12.079   3.818   3.640  -0.028  -0.515   0.000 +1T00AM000t
00034 LYS+1A0136_034 f 0.00  1.000     0 10.40  0  1 -10.947   1.754   4.243   0.044  -0.449   0.000 +1T04DM000t
00035 LYS+1A0136_035 f 0.00  1.000     0 10.40  0  1 -11.768   3.049   3.649   0.052  -0.037   0.000 +1T056M000t
00036 LYS+1A0136_036 f 0.00  1.000     0 10.40  0  1 -10.004   2.535   4.214   0.037  -0.278   0.000 +1T093M000t
00037 LYS+1A0136_037 f 0.00  1.000     0 10.40  0  1  -7.491   2.180   2.060   1.153   0.712   0.000 +1T0BBM000t
00038 LYS+1A0136_038 f 0.00  1.000     0 10.40  0  1  -7.461   2.041   2.088   0.003   0.183   0.000 +1T0C9M000t
00039 LYS+1A0136_039 f 0.00  1.000     0 10.40  0  1  -9.439   1.988   4.282   0.029  -0.583   0.000 +1T0CBM000t
00040 LYS+1A0136_040 f 0.00  1.000     0 10.40  0  1  -9.428   1.913   4.314   0.094   0.008   0.000 +1T0CDM000t
