CONFORMER         crg  vdw0  vdw1  tors  epol  self   occ  Hb     history    ASA
LYS01A0136_001  0.000-11.99  1.42  0.82  0.00 -9.75 0.502  00  01O000M000  1.000
LYS01A0136_002  0.000-12.04  3.82  3.64  0.00 -4.58 0.503  00  01E00AM000  1.000
LYS01A0136_003  0.000-11.61  3.44  4.20  0.00 -3.97 0.502  00  01E00CM000  1.000
LYS01A0136_004  0.000-11.07  2.40  4.17  0.00 -4.50 0.502  00  01E01EM000  1.000
LYS01A0136_005  0.000 -9.91  3.09  4.29  0.00 -2.52 0.502  00  01E032M000  1.000
LYS01A0136_006  0.000-11.20  2.48  6.36  0.00 -2.36 0.502  00  01E049M000  1.000
LYS01A0136_007  0.000 -9.38  1.86  1.45  0.00 -6.07 0.502  00  01E090M000  1.000
LYS01A0136_008  0.000 -8.83  1.58  1.53  0.00 -5.72 0.502  00  01E0A5M000  1.000
LYS01A0136_009  0.000 -7.50  2.17  2.06  0.00 -3.26 0.502  00  01E0BBM000  1.000
LYS01A0136_010  0.000 -7.34  2.05  2.09  0.00 -3.20 0.502  00  01E0C9M000  1.000
LYS01A0136_011  0.000 -9.39  1.99  4.28  0.00 -3.12 0.502  00  01E0CBM000  1.000
LYS01A0136_012  0.000 -7.27  1.87  4.81  0.00 -0.59 0.502  00  01E0DEM000  1.000
LYS01A0136_013  0.000-11.85  1.92  0.81  0.00 -9.12 0.502  00  01T002M000  1.000
LYS01A0136_014  0.000-10.90  1.71  4.24  0.00 -4.94 0.502  00  01T04DM000  1.000
LYS01A0136_015  0.000-11.36  2.92  0.88  0.00 -7.56 0.502  00  01T055M000  1.000
LYS01A0136_016  0.000-11.60  3.00  3.63  0.00 -4.96 0.502  00  01T056M000  1.000
LYS01A0136_017  0.000 -9.98  2.48  4.21  0.00 -3.29 0.502  00  01T093M000  1.000
LYS01A0136_018  0.000 -7.99  1.60  4.88  0.00 -1.50 0.502  00  01T0ADM000  1.000
LYS01A0136_019  0.000 -7.68  1.45  4.87  0.00 -1.36 0.502  00  01T0B9M000  1.000
LYS01A0136_020  0.000 -9.25  1.91  4.30  0.00 -3.04 0.502  00  01T0CDM000  1.000
LYS+1A0136_021  1.000-12.04  1.42  0.82  0.00 -9.79 0.502  00  +1O000M000  1.000
LYS+1A0136_022  1.000-11.84  1.91  0.81  0.00 -9.12 0.502  00  +1E002M000  1.000
LYS+1A0136_023  1.000-11.60  3.44  4.21  0.00 -3.95 0.502  00  +1E00CM000  1.000
LYS+1A0136_024  1.000-11.12  2.40  4.17  0.00 -4.54 0.502  00  +1E01EM000  1.000
LYS+1A0136_025  1.000 -9.85  3.09  4.29  0.00 -2.47 0.502  00  +1E032M000  1.000
LYS+1A0136_026  1.000-11.25  2.48  6.36  0.00 -2.41 0.502  00  +1E049M000  1.000
LYS+1A0136_027  1.000-11.44  2.91  0.88  0.00 -7.65 0.502  00  +1E055M000  1.000
LYS+1A0136_028  1.000 -9.40  1.85  1.45  0.00 -6.09 0.502  00  +1E090M000  1.000
LYS+1A0136_029  1.000 -8.90  1.58  1.53  0.00 -5.79 0.502  00  +1E0A5M000  1.000
LYS+1A0136_030  1.000 -8.05  1.60  4.89  0.00 -1.56 0.502  00  +1E0ADM000  1.000
LYS+1A0136_031  1.000 -7.60  1.44  4.87  0.00 -1.29 0.502  00  +1E0B9M000  1.000
LYS+1A0136_032  1.000 -7.32  1.88  4.83  0.00 -0.61 0.502  00  +1E0DEM000  1.000
LYS+1A0136_033  1.000-12.08  3.82  3.64  0.00 -4.62 0.503  00  +1T00AM000  1.000
LYS+1A0136_034  1.000-10.94  1.71  4.24  0.00 -4.99 0.502  00  +1T04DM000  1.000
LYS+1A0136_035  1.000-11.76  3.00  3.65  0.00 -5.11 0.502  00  +1T056M000  1.000
LYS+1A0136_036  1.000-10.00  2.48  4.21  0.00 -3.31 0.502  00  +1T093M000  1.000
LYS+1A0136_037  1.000 -7.55  2.13  2.06  0.00 -3.36 0.502  00  +1T0BBM000  1.000
LYS+1A0136_038  1.000 -7.46  2.04  2.09  0.00 -3.33 0.502  00  +1T0C9M000  1.000
LYS+1A0136_039  1.000 -9.44  1.99  4.28  0.00 -3.17 0.502  00  +1T0CBM000  1.000
LYS+1A0136_040  1.000 -9.43  1.92  4.31  0.00 -3.20 0.502  00  +1T0CDM000  1.000
