   confID        vdw0    sas     sum
LYS01A0136_001   0.519 -12.511 -11.992
LYS01A0136_002   0.370 -12.408 -12.038
LYS01A0136_003   1.124 -12.736 -11.612
LYS01A0136_004   1.539 -12.611 -11.072
LYS01A0136_005   2.259 -12.164  -9.905
LYS01A0136_006   1.041 -12.238 -11.197
LYS01A0136_007   2.472 -11.859  -9.386
LYS01A0136_008   3.049 -11.885  -8.836
LYS01A0136_009   4.707 -12.225  -7.518
LYS01A0136_010   4.685 -12.088  -7.403
LYS01A0136_011   2.552 -11.941  -9.389
LYS01A0136_012   4.726 -11.993  -7.267
LYS01A0136_013   0.518 -12.366 -11.848
LYS01A0136_014   1.648 -12.543 -10.895
LYS01A0136_015   1.203 -12.561 -11.358
LYS01A0136_016   0.883 -12.479 -11.596
LYS01A0136_017   2.368 -12.345  -9.977
LYS01A0136_018   4.748 -12.739  -7.992
LYS01A0136_019   4.768 -12.450  -7.682
LYS01A0136_020   2.742 -12.000  -9.258
LYS+1A0136_021   0.474 -12.511 -12.037
LYS+1A0136_022   0.474 -12.315 -11.841
LYS+1A0136_023   1.081 -12.685 -11.604
LYS+1A0136_024   1.492 -12.611 -11.119
LYS+1A0136_025   2.243 -12.096  -9.853
LYS+1A0136_026   0.996 -12.238 -11.242
LYS+1A0136_027   1.118 -12.561 -11.442
LYS+1A0136_028   2.411 -11.807  -9.396
LYS+1A0136_029   2.987 -11.885  -8.898
LYS+1A0136_030   4.684 -12.739  -8.055
LYS+1A0136_031   4.710 -12.318  -7.609
LYS+1A0136_032   4.682 -11.993  -7.311
LYS+1A0136_033   0.329 -12.408 -12.079
LYS+1A0136_034   1.597 -12.543 -10.947
LYS+1A0136_035   0.830 -12.598 -11.768
LYS+1A0136_036   2.302 -12.306 -10.004
LYS+1A0136_037   4.666 -12.157  -7.491
LYS+1A0136_038   4.626 -12.088  -7.461
LYS+1A0136_039   2.502 -11.941  -9.439
LYS+1A0136_040   2.624 -12.052  -9.428
