iConf CONFORMER     FL  occ    crg   Em0  pKa0 ne nH    vdw0    vdw1    tors    epol   dsolv   extra    history
00001 LYS01A0136_001 f 0.00  0.000     0  0.00  0  0 -11.992   1.523   0.822  -0.008  -0.042   0.000 01O000M000t
00002 LYS01A0136_002 f 0.00  0.000     0  0.00  0  0 -12.378   3.826   3.673  -0.009  -0.129   0.000 01E00BM000t
00003 LYS01A0136_003 f 0.00  0.000     0  0.00  0  0 -10.696   2.367   3.653   0.001  -0.045   0.000 01E01DM000t
00004 LYS01A0136_004 f 0.00  0.000     0  0.00  0  0 -11.300   2.468   0.934  -0.023   0.071   0.000 01E024M000t
00005 LYS01A0136_005 f 0.00  0.000     0  0.00  0  0 -10.099   1.628   1.524  -0.037  -0.210   0.000 01E027M000t
00006 LYS01A0136_006 f 0.00  0.000     0  0.00  0  0 -11.179   1.963   3.586  -0.004  -0.012   0.000 01E048M000t
00007 LYS01A0136_007 f 0.00  0.000     0  0.00  0  0 -10.433   1.907   4.157  -0.007  -0.100   0.000 01E063M000t
00008 LYS01A0136_008 f 0.00  0.000     0  0.00  0  0 -10.351   1.467   4.242  -0.015   0.014   0.000 01E07EM000t
00009 LYS01A0136_009 f 0.00  0.000     0  0.00  0  0  -9.078   1.223   1.516  -0.045   0.225   0.000 01E0A8M000t
00010 LYS01A0136_010 f 0.00  0.000     0  0.00  0  0 -10.806   3.251   4.301  -0.017  -0.102   0.000 01E0B1M000t
00011 LYS01A0136_011 f 0.00  0.000     0  0.00  0  0  -7.745   1.323   4.857  -0.066   0.111   0.000 01E0BCM000t
00012 LYS01A0136_012 f 0.00  0.000     0  0.00  0  0  -7.773   2.032   4.859  -0.007   0.012   0.000 01E0CAM000t
00013 LYS01A0136_013 f 0.00  0.000     0  0.00  0  0 -10.072   5.752   4.286   0.004  -0.148   0.000 01E0E1M000t
00014 LYS01A0136_014 f 0.00  0.000     0  0.00  0  0 -10.025   3.317   4.308  -0.019   0.125   0.000 01E0ECM000t
00015 LYS01A0136_015 f 0.00  0.000     0  0.00  0  0  -9.867   1.360   1.439  -0.015   0.170   0.000 01T076M000t
00016 LYS01A0136_016 f 0.00  0.000     0  0.00  0  0  -9.350   5.936   3.620  -0.003  -0.045   0.000 01T082M000t
00017 LYS01A0136_017 f 0.00  0.000     0  0.00  0  0 -10.252   2.289   6.447   0.001   0.132   0.000 01T099M000t
00018 LYS01A0136_018 f 0.00  0.000     0  0.00  0  0 -10.017   1.340   4.322  -0.047   0.090   0.000 01T0A7M000t
00019 LYS01A0136_019 f 0.00  0.000     0  0.00  0  0 -10.802   4.290   1.519   0.487   0.254   0.000 01T0B6M000t
00020 LYS01A0136_020 f 0.00  0.000     0  0.00  0  0  -8.871   1.575   1.506  -0.022  -0.121   0.000 01T0C1M000t
00021 LYS+1A0136_021 f 0.00  1.000     0 10.40  0  1 -12.037   1.522   0.822   0.025  -0.263   0.000 +1O000M000t
00022 LYS+1A0136_022 f 0.00  1.000     0 10.40  0  1 -10.087   1.621   1.523   0.169  -0.238   0.000 +1E027M000t
00023 LYS+1A0136_023 f 0.00  1.000     0 10.40  0  1 -10.480   1.907   4.177  -0.037  -0.145   0.000 +1E063M000t
00024 LYS+1A0136_024 f 0.00  1.000     0 10.40  0  1 -10.282   1.460   4.244  -0.006  -0.137   0.000 +1E07EM000t
00025 LYS+1A0136_025 f 0.00  1.000     0 10.40  0  1 -10.862   3.288   4.300   0.021  -0.140   0.000 +1E0B1M000t
00026 LYS+1A0136_026 f 0.00  1.000     0 10.40  0  1 -10.876   4.269   1.520   1.219   0.896   0.000 +1E0B6M000t
00027 LYS+1A0136_027 f 0.00  1.000     0 10.40  0  1  -7.674   1.309   4.859   0.211   0.033   0.000 +1E0BCM000t
00028 LYS+1A0136_028 f 0.00  1.000     0 10.40  0  1  -8.980   1.576   1.506   0.028   0.104   0.000 +1E0C1M000t
00029 LYS+1A0136_029 f 0.00  1.000     0 10.40  0  1  -7.716   2.036   4.868   0.024  -0.269   0.000 +1E0CAM000t
00030 LYS+1A0136_030 f 0.00  1.000     0 10.40  0  1 -12.424   3.880   3.671   0.062  -0.273   0.000 +1T00BM000t
00031 LYS+1A0136_031 f 0.00  1.000     0 10.40  0  1 -10.740   2.370   3.653  -0.014  -0.182   0.000 +1T01DM000t
00032 LYS+1A0136_032 f 0.00  1.000     0 10.40  0  1 -11.358   2.484   0.937   0.078  -0.526   0.000 +1T024M000t
00033 LYS+1A0136_033 f 0.00  1.000     0 10.40  0  1 -11.334   1.960   3.592  -0.021  -0.413   0.000 +1T048M000t
00034 LYS+1A0136_034 f 0.00  1.000     0 10.40  0  1  -9.853   1.349   1.443   0.073  -0.208   0.000 +1T076M000t
00035 LYS+1A0136_035 f 0.00  1.000     0 10.40  0  1  -9.415   5.943   3.622   0.020  -0.103   0.000 +1T082M000t
00036 LYS+1A0136_036 f 0.00  1.000     0 10.40  0  1 -10.168   2.289   6.448  -0.011   0.024   0.000 +1T099M000t
00037 LYS+1A0136_037 f 0.00  1.000     0 10.40  0  1 -10.138   1.332   4.323   0.025   0.215   0.000 +1T0A7M000t
00038 LYS+1A0136_038 f 0.00  1.000     0 10.40  0  1  -9.167   1.188   1.516   0.190   0.371   0.000 +1T0A8M000t
00039 LYS+1A0136_039 f 0.00  1.000     0 10.40  0  1 -10.057   5.828   4.281  -0.019  -0.355   0.000 +1T0E1M000t
00040 LYS+1A0136_040 f 0.00  1.000     0 10.40  0  1 -10.086   3.309   4.308   0.045  -0.072   0.000 +1T0ECM000t
