   confID        vdw0    sas     sum
LYS01A0136_001   0.640 -12.511 -11.872
LYS01A0136_002   1.245 -12.370 -11.125
LYS01A0136_003   7.053 -11.796  -4.744
LYS01A0136_004   2.389 -11.974  -9.585
LYS01A0136_005   0.987 -12.450 -11.463
LYS01A0136_006   1.998 -12.103 -10.106
LYS01A0136_007   2.473 -12.525 -10.052
LYS01A0136_008   2.472 -11.859  -9.386
LYS01A0136_009   2.554 -12.075  -9.520
LYS01A0136_010   2.564 -11.778  -9.215
LYS01A0136_011   0.639 -12.530 -11.891
LYS01A0136_012   1.569 -12.340 -10.772
LYS01A0136_013   1.639 -12.273 -10.634
LYS01A0136_014   1.145 -12.712 -11.567
LYS01A0136_015   1.231 -12.499 -11.268
LYS01A0136_016   4.664 -12.559  -7.894
LYS01A0136_017   4.650 -12.408  -7.758
LYS01A0136_018   2.149 -12.281 -10.132
LYS01A0136_019   2.171 -12.182 -10.011
LYS01A0136_020   2.109 -12.358 -10.249
LYS+1A0136_021   0.595 -12.511 -11.917
LYS+1A0136_022   0.594 -12.530 -11.936
LYS+1A0136_023   6.982 -11.796  -4.815
LYS+1A0136_024   1.084 -12.712 -11.628
LYS+1A0136_025   2.411 -11.807  -9.396
LYS+1A0136_026   4.560 -12.559  -7.999
LYS+1A0136_027   4.589 -12.305  -7.716
LYS+1A0136_028   2.513 -11.830  -9.316
LYS+1A0136_029   2.051 -12.268 -10.218
LYS+1A0136_030   2.094 -12.066  -9.972
LYS+1A0136_031   2.029 -12.358 -10.329
LYS+1A0136_032   1.200 -12.370 -11.169
LYS+1A0136_033   1.525 -12.340 -10.816
LYS+1A0136_034   1.599 -12.273 -10.674
LYS+1A0136_035   2.394 -11.974  -9.579
LYS+1A0136_036   1.165 -12.515 -11.350
LYS+1A0136_037   0.936 -12.450 -11.514
LYS+1A0136_038   1.921 -12.052 -10.131
LYS+1A0136_039   2.405 -12.577 -10.172
LYS+1A0136_040   2.434 -12.058  -9.624
