iConf CONFORMER     FL  occ    crg   Em0  pKa0 ne nH    vdw0    vdw1    tors    epol   dsolv   extra    history
00001 TYR01A0106_001 f 0.00  0.000     0  0.00  0  0 -11.105   1.585   0.294   0.322  -0.149   0.000 01O000M000t
00002 TYR01A0106_002 f 0.00  0.000     0  0.00  0  0 -10.324   0.336   0.273   0.399  -0.008   0.000 01E009M000t
00003 TYR01A0106_003 f 0.00  0.000     0  0.00  0  0 -10.356   0.451   0.273   0.401   0.015   0.000 01E00AM000t
00004 TYR01A0106_004 f 0.00  0.000     0  0.00  0  0 -10.146   0.133   0.274   0.285  -0.095   0.000 01E003M000t
00005 TYR01A0106_005 f 0.00  0.000     0  0.00  0  0 -10.263   2.775   0.283   0.403  -0.210   0.000 01E005M000t
00006 TYR01A0106_006 f 0.00  0.000     0  0.00  0  0 -10.332   2.371   2.484   0.337   0.089   0.000 01T007M000t
00007 TYR01A0106_007 f 0.00  0.000     0  0.00  0  0 -10.519   3.121   2.456   0.269  -0.052   0.000 01T014M000t
00008 TYR01A0106_008 f 0.00  0.000     0  0.00  0  0 -10.464   2.387   2.485   0.340  -0.258   0.000 01T008M000t
00009 TYR01A0106_009 f 0.00  0.000     0  0.00  0  0 -10.026   0.548   0.257   0.151  -0.051   0.000 01T00FM000t
00010 TYR01A0106_010 f 0.00  0.000     0  0.00  0  0 -10.171   1.163   0.268   0.135  -0.180   0.000 01T010M000t
00011 TYR01A0106_011 f 0.00  0.000     0  0.00  0  0 -11.133   2.922   2.460   0.258  -0.061   0.000 01T011M000t
00012 TYR01A0106_012 f 0.00  0.000     0  0.00  0  0 -10.413   4.566   2.336   0.299  -0.009   0.000 01T013M000t
00013 TYR01A0106_013 f 0.00  0.000     0  0.00  0  0  -9.829   1.980   0.275   0.365  -0.133   0.000 01T002M000t
00014 TYR01A0106_014 f 0.00  0.000     0  0.00  0  0 -10.768   1.684   0.210   0.315  -0.185   0.000 01T004M000t
00015 TYR01A0106_015 f 0.00  0.000     0  0.00  0  0 -10.161   0.143   0.274   0.284  -0.256   0.000 01T006M000t
00016 TYR01A0106_016 f 0.00  0.000     0  0.00  0  0 -10.385   5.140   2.490   0.192   0.013   0.000 01T00BM000t
00017 TYR01A0106_017 f 0.00  0.000     0  0.00  0  0 -10.317   5.156   2.488   0.212   0.020   0.000 01T00CM000t
00018 TYR01A0106_018 f 0.00  0.000     0  0.00  0  0 -10.630   0.460   0.255   0.142  -0.033   0.000 01T00DM000t
00019 TYR01A0106_019 f 0.00  0.000     0  0.00  0  0 -10.757   2.430   2.486   0.260  -0.286   0.000 01T012M000t
00020 TYR01A0106_020 f 0.00  0.000     0  0.00  0  0 -10.771   2.444   2.486   0.284  -0.001   0.000 01T015M000t
00021 TYR-1A0106_021 f 0.00 -1.000     0 10.20  0 -1 -11.105   1.585   0.294   0.169  -1.182   0.000 -1O000M000t
00022 TYR-1A0106_022 f 0.00 -1.000     0 10.20  0 -1  -9.817   1.893   0.270   0.210  -0.940   0.000 -1E002M000t
00023 TYR-1A0106_023 f 0.00 -1.000     0 10.20  0 -1 -10.521   2.361   2.477   0.285  -0.930   0.000 -1E007M000t
00024 TYR-1A0106_024 f 0.00 -1.000     0 10.20  0 -1 -10.416   2.381   2.478   0.285  -0.932   0.000 -1E008M000t
00025 TYR-1A0106_025 f 0.00 -1.000     0 10.20  0 -1 -10.325   0.336   0.270   0.471  -0.685   0.000 -1E009M000t
00026 TYR-1A0106_026 f 0.00 -1.000     0 10.20  0 -1  -9.967   0.562   0.248  -0.150  -1.004   0.000 -1E00FM000t
00027 TYR-1A0106_027 f 0.00 -1.000     0 10.20  0 -1 -11.150   2.908   2.449   0.057  -1.052   0.000 -1E011M000t
00028 TYR-1A0106_028 f 0.00 -1.000     0 10.20  0 -1 -10.772   2.425   2.480   0.057  -1.032   0.000 -1E012M000t
00029 TYR-1A0106_029 f 0.00 -1.000     0 10.20  0 -1 -10.453   4.360   2.318   0.078  -0.877   0.000 -1E013M000t
00030 TYR-1A0106_030 f 0.00 -1.000     0 10.20  0 -1 -10.734   2.439   2.480   0.062  -1.186   0.000 -1E015M000t
00031 TYR-1A0106_031 f 0.00 -1.000     0 10.20  0 -1 -10.112   0.131   0.270   0.152  -1.074   0.000 -1T003M000t
00032 TYR-1A0106_032 f 0.00 -1.000     0 10.20  0 -1 -10.770   1.682   0.208   0.164  -0.932   0.000 -1T004M000t
00033 TYR-1A0106_033 f 0.00 -1.000     0 10.20  0 -1 -10.275   2.796   0.281   0.235  -0.937   0.000 -1T005M000t
00034 TYR-1A0106_034 f 0.00 -1.000     0 10.20  0 -1 -10.165   0.142   0.270   0.158  -1.124   0.000 -1T006M000t
00035 TYR-1A0106_035 f 0.00 -1.000     0 10.20  0 -1 -10.210   0.439   0.270   0.459  -0.694   0.000 -1T00AM000t
00036 TYR-1A0106_036 f 0.00 -1.000     0 10.20  0 -1 -10.392   5.122   2.488   0.073  -0.605   0.000 -1T00BM000t
00037 TYR-1A0106_037 f 0.00 -1.000     0 10.20  0 -1 -10.330   5.148   2.486   0.090  -0.663   0.000 -1T00CM000t
00038 TYR-1A0106_038 f 0.00 -1.000     0 10.20  0 -1 -10.578   0.462   0.247  -0.158  -1.139   0.000 -1T00DM000t
00039 TYR-1A0106_039 f 0.00 -1.000     0 10.20  0 -1 -10.165   1.148   0.261  -0.164  -1.042   0.000 -1T010M000t
00040 TYR-1A0106_040 f 0.00 -1.000     0 10.20  0 -1 -10.396   3.107   2.446   0.070  -1.027   0.000 -1T014M000t
