CONFORMER         crg  vdw0  vdw1  tors  epol  self   occ  Hb     history    ASA
TYR01A0106_001  0.000-11.10  1.58  0.29  0.00 -9.23 0.521  00  01O000M000  1.000
TYR01A0106_002  0.000-10.32  0.33  0.27  0.00 -9.71 0.523  00  01E009M000  1.000
TYR01A0106_003  0.000-10.36  0.45  0.27  0.00 -9.64 0.524  00  01E00AM000  1.000
TYR01A0106_004  0.000-10.21  0.13  0.27  0.00 -9.81 0.521  00  01E003M000  1.000
TYR01A0106_005  0.000-10.27  2.77  0.28  0.00 -7.21 0.523  00  01E005M000  1.000
TYR01A0106_006  0.000-10.38  2.36  2.49  0.00 -5.53 0.525  00  01T007M000  1.000
TYR01A0106_007  0.000-10.52  3.12  2.46  0.00 -4.94 0.524  00  01T014M000  1.000
TYR01A0106_008  0.000-10.46  2.38  2.49  0.00 -5.59 0.523  00  01T008M000  1.000
TYR01A0106_009  0.000-10.10  0.55  0.26  0.00 -9.29 0.519  00  01T00FM000  1.000
TYR01A0106_010  0.000-10.17  1.16  0.27  0.00 -8.74 0.522  00  01T010M000  1.000
TYR01A0106_011  0.000-11.13  2.91  2.46  0.00 -5.76 0.525  00  01T011M000  1.000
TYR01A0106_012  0.000-10.41  4.57  2.34  0.00 -3.51 0.523  00  01T013M000  1.000
TYR01A0106_013  0.000 -9.83  1.98  0.27  0.00 -7.57 0.522  00  01T002M000  1.000
TYR01A0106_014  0.000-10.77  1.68  0.21  0.00 -8.88 0.523  00  01T004M000  1.000
TYR01A0106_015  0.000-10.16  0.14  0.27  0.00 -9.75 0.524  00  01T006M000  1.000
TYR01A0106_016  0.000-10.39  5.15  2.49  0.00 -2.75 0.522  00  01T00BM000  1.000
TYR01A0106_017  0.000-10.32  5.16  2.49  0.00 -2.68 0.523  00  01T00CM000  1.000
TYR01A0106_018  0.000-10.63  0.46  0.25  0.00 -9.91 0.523  00  01T00DM000  1.000
TYR01A0106_019  0.000-10.76  2.42  2.48  0.00 -5.85 0.521  00  01T012M000  1.000
TYR01A0106_020  0.000-10.76  2.44  2.48  0.00 -5.84 0.524  00  01T015M000  1.000
TYR-1A0106_021 -1.000-11.10  1.58  0.29  0.00 -9.23 0.521  00  -1O000M000  1.000
TYR-1A0106_022 -1.000 -9.81  1.89  0.27  0.00 -7.65 0.522  00  -1E002M000  1.000
TYR-1A0106_023 -1.000-10.51  2.36  2.48  0.00 -5.67 0.525  00  -1E007M000  1.000
TYR-1A0106_024 -1.000-10.42  2.38  2.48  0.00 -5.56 0.523  00  -1E008M000  1.000
TYR-1A0106_025 -1.000-10.32  0.33  0.27  0.00 -9.72 0.523  00  -1E009M000  1.000
TYR-1A0106_026 -1.000 -9.96  0.56  0.25  0.00 -9.15 0.519  00  -1E00FM000  1.000
TYR-1A0106_027 -1.000-11.15  2.90  2.45  0.00 -5.80 0.525  00  -1E011M000  1.000
TYR-1A0106_028 -1.000-10.77  2.42  2.48  0.00 -5.88 0.521  00  -1E012M000  1.000
TYR-1A0106_029 -1.000-10.46  4.36  2.32  0.00 -3.78 0.523  00  -1E013M000  1.000
TYR-1A0106_030 -1.000-10.74  2.43  2.48  0.00 -5.83 0.524  00  -1E015M000  1.000
TYR-1A0106_031 -1.000-10.11  0.13  0.27  0.00 -9.71 0.521  00  -1T003M000  1.000
TYR-1A0106_032 -1.000-10.77  1.68  0.21  0.00 -8.88 0.523  00  -1T004M000  1.000
TYR-1A0106_033 -1.000-10.34  2.80  0.28  0.00 -7.25 0.523  00  -1T005M000  1.000
TYR-1A0106_034 -1.000-10.16  0.14  0.27  0.00 -9.75 0.524  00  -1T006M000  1.000
TYR-1A0106_035 -1.000-10.21  0.44  0.27  0.00 -9.50 0.524  00  -1T00AM000  1.000
TYR-1A0106_036 -1.000-10.39  5.12  2.49  0.00 -2.78 0.522  00  -1T00BM000  1.000
TYR-1A0106_037 -1.000-10.33  5.16  2.49  0.00 -2.68 0.523  00  -1T00CM000  1.000
TYR-1A0106_038 -1.000-10.58  0.46  0.25  0.00 -9.87 0.523  00  -1T00DM000  1.000
TYR-1A0106_039 -1.000-10.17  1.15  0.26  0.00 -8.76 0.522  00  -1T010M000  1.000
TYR-1A0106_040 -1.000-10.40  3.10  2.45  0.00 -4.85 0.524  00  -1T014M000  1.000
