   confID        vdw0    sas     sum
TYR01A0106_001   3.699 -14.804 -11.105
TYR01A0106_002   4.067 -14.390 -10.324
TYR01A0106_003   4.051 -14.407 -10.356
TYR01A0106_004   4.066 -14.211 -10.146
TYR01A0106_005   3.940 -14.203 -10.263
TYR01A0106_006   4.059 -14.392 -10.332
TYR01A0106_007   3.928 -14.447 -10.519
TYR01A0106_008   4.039 -14.503 -10.464
TYR01A0106_009   3.937 -13.963 -10.026
TYR01A0106_010   4.069 -14.240 -10.171
TYR01A0106_011   3.938 -15.071 -11.133
TYR01A0106_012   3.678 -14.091 -10.413
TYR01A0106_013   3.929 -13.757  -9.829
TYR01A0106_014   3.700 -14.467 -10.768
TYR01A0106_015   4.033 -14.194 -10.161
TYR01A0106_016   4.079 -14.464 -10.385
TYR01A0106_017   4.080 -14.397 -10.317
TYR01A0106_018   3.922 -14.553 -10.630
TYR01A0106_019   4.053 -14.811 -10.757
TYR01A0106_020   4.021 -14.792 -10.771
TYR-1A0106_021   3.699 -14.804 -11.105
TYR-1A0106_022   3.922 -13.740  -9.817
TYR-1A0106_023   4.049 -14.570 -10.521
TYR-1A0106_024   4.037 -14.453 -10.416
TYR-1A0106_025   4.065 -14.390 -10.325
TYR-1A0106_026   3.929 -13.895  -9.967
TYR-1A0106_027   3.937 -15.087 -11.150
TYR-1A0106_028   4.055 -14.828 -10.772
TYR-1A0106_029   3.688 -14.141 -10.453
TYR-1A0106_030   4.042 -14.776 -10.734
TYR-1A0106_031   4.059 -14.171 -10.112
TYR-1A0106_032   3.698 -14.467 -10.770
TYR-1A0106_033   3.929 -14.203 -10.275
TYR-1A0106_034   4.029 -14.194 -10.165
TYR-1A0106_035   4.054 -14.264 -10.210
TYR-1A0106_036   4.073 -14.464 -10.392
TYR-1A0106_037   4.067 -14.397 -10.330
TYR-1A0106_038   3.924 -14.502 -10.578
TYR-1A0106_039   4.075 -14.240 -10.165
TYR-1A0106_040   3.932 -14.328 -10.396
