CONFORMER         crg  vdw0  vdw1  tors  epol  self   occ  Hb     history    ASA
LYS01A0004_001  0.000-11.80  0.18  0.98  0.00-10.64 0.501  00  01O000M000  1.000
LYS01A0004_002  0.000-11.00  2.26  1.63  0.00 -7.12 0.501  00  01E048M000  1.000
LYS01A0004_003  0.000-10.81  1.04  0.91  0.00 -8.86 0.502  00  01E06EM000  1.000
LYS01A0004_004  0.000-10.39  1.30  1.59  0.00 -7.50 0.501  00  01E08DM000  1.000
LYS01A0004_005  0.000-10.33  3.13  1.58  0.00 -5.62 0.502  00  01E099M000  1.000
LYS01A0004_006  0.000 -9.86  0.12  1.51  0.00 -8.24 0.501  00  01E0ADM000  1.000
LYS01A0004_007  0.000 -9.72  0.88  4.32  0.00 -4.52 0.501  00  01E0CAM000  1.000
LYS01A0004_008  0.000 -9.54  0.95  1.56  0.00 -7.04 0.502  00  01E0DFM000  1.000
LYS01A0004_009  0.000-10.15  0.74  6.69  0.00 -2.71 0.501  00  01E0ECM000  1.000
LYS01A0004_010  0.000 -7.72  0.39  2.23  0.00 -5.11 0.502  00  01E0F1M000  1.000
LYS01A0004_011  0.000 -7.76  1.27  4.92  0.00 -1.56 0.502  00  01E11AM000  1.000
LYS01A0004_012  0.000-11.41  1.43  1.58  0.00 -8.39 0.502  00  01T009M000  1.000
LYS01A0004_013  0.000 -4.83  0.01  0.85  0.00 -3.96 0.501  00  01T015M000  1.000
LYS01A0004_014  0.000-10.36  6.05  1.16  0.00 -3.15 0.501  00  01T03EM000  1.000
LYS01A0004_015  0.000-11.12  1.17  3.63  0.00 -6.32 0.501  00  01T06DM000  1.000
LYS01A0004_016  0.000-11.13  0.39  4.34  0.00 -6.41 0.501  00  01T076M000  1.000
LYS01A0004_017  0.000-11.14  6.98  1.08  0.00 -3.07 0.502  00  01T08AM000  1.000
LYS01A0004_018  0.000-10.30  3.53  3.96  0.00 -2.81 0.501  00  01T0BBM000  1.000
LYS01A0004_019  0.000 -9.53  0.17  4.41  0.00 -4.95 0.502  00  01T110M000  1.000
LYS01A0004_020  0.000 -9.89  4.03  4.11  0.00 -1.76 0.502  00  01T155M000  1.000
LYS+1A0004_021  1.000-11.84  0.18  0.98  0.00-10.69 0.501  00  +1O000M000  1.000
LYS+1A0004_022  1.000-11.45  1.44  1.59  0.00 -8.42 0.502  00  +1E009M000  1.000
LYS+1A0004_023  1.000-11.18  0.38  4.34  0.00 -6.45 0.501  00  +1E076M000  1.000
LYS+1A0004_024  1.000-10.47  1.30  1.60  0.00 -7.56 0.501  00  +1E08DM000  1.000
LYS+1A0004_025  1.000-10.40  3.16  1.58  0.00 -5.66 0.502  00  +1E099M000  1.000
LYS+1A0004_026  1.000 -9.93  0.12  1.51  0.00 -8.30 0.501  00  +1E0ADM000  1.000
LYS+1A0004_027  1.000-10.35  3.52  3.97  0.00 -2.86 0.501  00  +1E0BBM000  1.000
LYS+1A0004_028  1.000 -9.67  0.95  1.56  0.00 -7.16 0.502  00  +1E0DFM000  1.000
LYS+1A0004_029  1.000-10.14  0.74  6.70  0.00 -2.71 0.501  00  +1E0ECM000  1.000
LYS+1A0004_030  1.000 -7.79  0.39  2.23  0.00 -5.17 0.502  00  +1E0F1M000  1.000
LYS+1A0004_031  1.000 -9.97  4.07  4.11  0.00 -1.79 0.502  00  +1E155M000  1.000
LYS+1A0004_032  1.000 -4.87  0.01  0.86  0.00 -4.01 0.501  00  +1T015M000  1.000
LYS+1A0004_033  1.000-10.52  6.09  1.16  0.00 -3.27 0.501  00  +1T03EM000  1.000
LYS+1A0004_034  1.000-11.05  2.27  1.63  0.00 -7.15 0.501  00  +1T048M000  1.000
LYS+1A0004_035  1.000-11.10  1.18  3.64  0.00 -6.29 0.501  00  +1T06DM000  1.000
LYS+1A0004_036  1.000-10.94  1.05  0.91  0.00 -8.98 0.502  00  +1T06EM000  1.000
LYS+1A0004_037  1.000-11.16  7.04  1.09  0.00 -3.04 0.502  00  +1T08AM000  1.000
LYS+1A0004_038  1.000 -9.76  0.88  4.32  0.00 -4.56 0.501  00  +1T0CAM000  1.000
LYS+1A0004_039  1.000 -9.59  0.16  4.42  0.00 -5.01 0.502  00  +1T110M000  1.000
LYS+1A0004_040  1.000 -7.86  1.29  4.94  0.00 -1.62 0.502  00  +1T11AM000  1.000
