iConf CONFORMER     FL  occ    crg   Em0  pKa0 ne nH    vdw0    vdw1    tors    epol   dsolv   extra    history
00001 LYS01A0004_001 f 0.00  0.000     0  0.00  0  0 -11.748   0.282   0.981  -0.008  -0.042   0.000 01O000M000t
00002 LYS01A0004_002 f 0.00  0.000     0  0.00  0  0 -10.999   2.329   1.626  -0.009  -0.179   0.000 01E048M000t
00003 LYS01A0004_003 f 0.00  0.000     0  0.00  0  0 -10.812   1.159   0.909  -0.024   0.017   0.000 01E06EM000t
00004 LYS01A0004_004 f 0.00  0.000     0  0.00  0  0 -10.395   1.300   1.593  -0.026  -0.003   0.000 01E08DM000t
00005 LYS01A0004_005 f 0.00  0.000     0  0.00  0  0 -10.328   3.203   1.575  -0.008  -0.034   0.000 01E099M000t
00006 LYS01A0004_006 f 0.00  0.000     0  0.00  0  0  -9.869   0.224   1.507  -0.005  -0.062   0.000 01E0ADM000t
00007 LYS01A0004_007 f 0.00  0.000     0  0.00  0  0  -9.714   0.933   4.318  -0.011  -0.068   0.000 01E0CAM000t
00008 LYS01A0004_008 f 0.00  0.000     0  0.00  0  0  -9.548   1.067   1.556  -0.001   0.065   0.000 01E0DFM000t
00009 LYS01A0004_009 f 0.00  0.000     0  0.00  0  0 -10.149   0.796   6.692  -0.005  -0.023   0.000 01E0ECM000t
00010 LYS01A0004_010 f 0.00  0.000     0  0.00  0  0  -7.728   0.436   2.227  -0.002  -0.267   0.000 01E0F1M000t
00011 LYS01A0004_011 f 0.00  0.000     0  0.00  0  0  -7.771   1.276   4.922  -0.013  -0.034   0.000 01E11AM000t
00012 LYS01A0004_012 f 0.00  0.000     0  0.00  0  0 -11.404   1.428   1.582  -0.010  -0.001   0.000 01T009M000t
00013 LYS01A0004_013 f 0.00  0.000     0  0.00  0  0  -4.818   0.111   0.856  -0.014   0.024   0.000 01T015M000t
00014 LYS01A0004_014 f 0.00  0.000     0  0.00  0  0 -10.399   6.052   1.164  -0.170   0.092   0.000 01T03EM000t
00015 LYS01A0004_015 f 0.00  0.000     0  0.00  0  0 -11.122   1.296   3.627  -0.005  -0.091   0.000 01T06DM000t
00016 LYS01A0004_016 f 0.00  0.000     0  0.00  0  0 -11.132   0.434   4.338  -0.010   0.049   0.000 01T076M000t
00017 LYS01A0004_017 f 0.00  0.000     0  0.00  0  0 -11.140   6.979   1.084  -0.050   0.047   0.000 01T08AM000t
00018 LYS01A0004_018 f 0.00  0.000     0  0.00  0  0 -10.301   3.579   3.960  -0.020   0.147   0.000 01T0BBM000t
00019 LYS01A0004_019 f 0.00  0.000     0  0.00  0  0  -9.528   0.216   4.409  -0.016   0.125   0.000 01T110M000t
00020 LYS01A0004_020 f 0.00  0.000     0  0.00  0  0  -9.890   4.026   4.107  -0.008  -0.042   0.000 01T155M000t
00021 LYS+1A0004_021 f 0.00  1.000     0 10.40  0  1 -11.793   0.281   0.981   0.042  -0.206   0.000 +1O000M000t
00022 LYS+1A0004_022 f 0.00  1.000     0 10.40  0  1 -11.447   1.444   1.587   0.068  -0.606   0.000 +1E009M000t
00023 LYS+1A0004_023 f 0.00  1.000     0 10.40  0  1 -11.185   0.432   4.345   0.035  -0.535   0.000 +1E076M000t
00024 LYS+1A0004_024 f 0.00  1.000     0 10.40  0  1 -10.467   1.306   1.598   0.122  -0.071   0.000 +1E08DM000t
00025 LYS+1A0004_025 f 0.00  1.000     0 10.40  0  1 -10.396   3.223   1.578   0.019  -0.448   0.000 +1E099M000t
00026 LYS+1A0004_026 f 0.00  1.000     0 10.40  0  1  -9.929   0.221   1.507   0.085  -0.338   0.000 +1E0ADM000t
00027 LYS+1A0004_027 f 0.00  1.000     0 10.40  0  1 -10.351   3.574   3.973   0.110   0.102   0.000 +1E0BBM000t
00028 LYS+1A0004_028 f 0.00  1.000     0 10.40  0  1  -9.676   1.072   1.560   0.121  -0.009   0.000 +1E0DFM000t
00029 LYS+1A0004_029 f 0.00  1.000     0 10.40  0  1 -10.144   0.799   6.696   0.030  -0.492   0.000 +1E0ECM000t
00030 LYS+1A0004_030 f 0.00  1.000     0 10.40  0  1  -7.788   0.437   2.229   0.063  -0.114   0.000 +1E0F1M000t
00031 LYS+1A0004_031 f 0.00  1.000     0 10.40  0  1  -9.970   4.056   4.112   0.023   0.047   0.000 +1E155M000t
00032 LYS+1A0004_032 f 0.00  1.000     0 10.40  0  1  -4.875   0.110   0.856   0.074  -0.196   0.000 +1T015M000t
00033 LYS+1A0004_033 f 0.00  1.000     0 10.40  0  1 -10.524   6.096   1.163   0.478  -0.219   0.000 +1T03EM000t
00034 LYS+1A0004_034 f 0.00  1.000     0 10.40  0  1 -11.042   2.337   1.626   0.002  -0.575   0.000 +1T048M000t
00035 LYS+1A0004_035 f 0.00  1.000     0 10.40  0  1 -11.103   1.291   3.637   0.023  -0.548   0.000 +1T06DM000t
00036 LYS+1A0004_036 f 0.00  1.000     0 10.40  0  1 -10.933   1.164   0.910   0.006   0.013   0.000 +1T06EM000t
00037 LYS+1A0004_037 f 0.00  1.000     0 10.40  0  1 -11.120   7.028   1.084   0.164  -0.069   0.000 +1T08AM000t
00038 LYS+1A0004_038 f 0.00  1.000     0 10.40  0  1  -9.765   0.938   4.319   0.074  -0.278   0.000 +1T0CAM000t
00039 LYS+1A0004_039 f 0.00  1.000     0 10.40  0  1  -9.597   0.211   4.416   0.112  -0.001   0.000 +1T110M000t
00040 LYS+1A0004_040 f 0.00  1.000     0 10.40  0  1  -7.861   1.293   4.946   0.065  -0.180   0.000 +1T11AM000t
