   confID        vdw0    sas     sum
LYS01A0004_001   0.554 -12.302 -11.748
LYS01A0004_002   1.360 -12.360 -10.999
LYS01A0004_003   1.294 -12.106 -10.812
LYS01A0004_004   2.027 -12.422 -10.395
LYS01A0004_005   1.921 -12.249 -10.328
LYS01A0004_006   2.238 -12.107  -9.869
LYS01A0004_007   2.295 -12.009  -9.714
LYS01A0004_008   2.153 -11.702  -9.548
LYS01A0004_009   2.302 -12.451 -10.149
LYS01A0004_010   4.939 -12.667  -7.728
LYS01A0004_011   4.931 -12.702  -7.771
LYS01A0004_012   1.226 -12.630 -11.404
LYS01A0004_013   7.059 -11.877  -4.818
LYS01A0004_014   1.920 -12.319 -10.399
LYS01A0004_015   1.081 -12.202 -11.122
LYS01A0004_016   1.743 -12.875 -11.132
LYS01A0004_017   1.042 -12.181 -11.140
LYS01A0004_018   2.244 -12.545 -10.301
LYS01A0004_019   2.695 -12.222  -9.528
LYS01A0004_020   2.152 -12.042  -9.890
LYS+1A0004_021   0.509 -12.302 -11.793
LYS+1A0004_022   1.183 -12.630 -11.447
LYS+1A0004_023   1.689 -12.875 -11.185
LYS+1A0004_024   1.955 -12.422 -10.467
LYS+1A0004_025   1.852 -12.249 -10.396
LYS+1A0004_026   2.178 -12.107  -9.929
LYS+1A0004_027   2.142 -12.494 -10.351
LYS+1A0004_028   2.077 -11.753  -9.676
LYS+1A0004_029   2.255 -12.399 -10.144
LYS+1A0004_030   4.878 -12.667  -7.788
LYS+1A0004_031   2.085 -12.055  -9.970
LYS+1A0004_032   7.002 -11.877  -4.875
LYS+1A0004_033   1.847 -12.370 -10.524
LYS+1A0004_034   1.318 -12.360 -11.042
LYS+1A0004_035   1.032 -12.135 -11.103
LYS+1A0004_036   1.225 -12.158 -10.933
LYS+1A0004_037   0.971 -12.091 -11.120
LYS+1A0004_038   2.244 -12.009  -9.765
LYS+1A0004_039   2.626 -12.222  -9.597
LYS+1A0004_040   4.909 -12.769  -7.861
