iConf CONFORMER     FL  occ    crg   Em0  pKa0 ne nH    vdw0    vdw1    tors    epol   dsolv   extra    history
00001 LYS01A0035_001 f 0.00  0.000     0  0.00  0  0 -12.128   0.202   0.836  -0.008   0.040   0.000 01O000M000t
00002 LYS01A0035_002 f 0.00  0.000     0  0.00  0  0 -11.656   1.493   4.209  -0.016  -0.044   0.000 01E00EM000t
00003 LYS01A0035_003 f 0.00  0.000     0  0.00  0  0 -10.774   0.626   1.465  -0.005   0.001   0.000 01E01FM000t
00004 LYS01A0035_004 f 0.00  0.000     0  0.00  0  0 -10.515   0.849   1.529  -0.035   0.074   0.000 01E048M000t
00005 LYS01A0035_005 f 0.00  0.000     0  0.00  0  0 -11.092   4.018   3.545  -0.019   0.123   0.000 01E068M000t
00006 LYS01A0035_006 f 0.00  0.000     0  0.00  0  0 -11.431   1.617   3.675  -0.020   0.073   0.000 01E0A0M000t
00007 LYS01A0035_007 f 0.00  0.000     0  0.00  0  0  -9.687   0.138   1.441  -0.002  -0.007   0.000 01E0A7M000t
00008 LYS01A0035_008 f 0.00  0.000     0  0.00  0  0  -9.729   3.023   4.197  -0.009  -0.200   0.000 01E0B4M000t
00009 LYS01A0035_009 f 0.00  0.000     0  0.00  0  0  -9.571  -0.066   1.535  -0.065   0.223   0.000 01E0F3M000t
00010 LYS01A0035_010 f 0.00  0.000     0  0.00  0  0  -9.899   2.547   4.365  -0.057   0.044   0.000 01E119M000t
00011 LYS01A0035_011 f 0.00  0.000     0  0.00  0  0  -9.075   0.884   4.284  -0.164   0.149   0.000 01E155M000t
00012 LYS01A0035_012 f 0.00  0.000     0  0.00  0  0 -10.725   0.967   7.111  -0.060   0.154   0.000 01E166M000t
00013 LYS01A0035_013 f 0.00  0.000     0  0.00  0  0  -7.752   1.500   4.814  -0.015   0.148   0.000 01E176M000t
00014 LYS01A0035_014 f 0.00  0.000     0  0.00  0  0 -11.243   0.405   4.274  -0.008   0.049   0.000 01T072M000t
00015 LYS01A0035_015 f 0.00  0.000     0  0.00  0  0  -7.954   0.444   4.902  -0.009   0.046   0.000 01T0EBM000t
00016 LYS01A0035_016 f 0.00  0.000     0  0.00  0  0  -9.864   2.688   4.332  -0.031   0.067   0.000 01T11BM000t
00017 LYS01A0035_017 f 0.00  0.000     0  0.00  0  0  -7.904   0.118   4.870  -0.017   0.068   0.000 01T122M000t
00018 LYS01A0035_018 f 0.00  0.000     0  0.00  0  0 -10.610   0.868   4.339  -0.230   0.046   0.000 01T139M000t
00019 LYS01A0035_019 f 0.00  0.000     0  0.00  0  0 -10.084   1.269   4.314  -0.027  -0.132   0.000 01T16BM000t
00020 LYS01A0035_020 f 0.00  0.000     0  0.00  0  0  -8.108   1.389   4.813  -0.014  -0.055   0.000 01T16EM000t
00021 LYS+1A0035_021 f 0.00  1.000     0 10.40  0  1 -12.173   0.201   0.836   0.047  -0.339   0.000 +1O000M000t
00022 LYS+1A0035_022 f 0.00  1.000     0 10.40  0  1 -11.699   1.493   4.211   0.087  -0.284   0.000 +1E00EM000t
00023 LYS+1A0035_023 f 0.00  1.000     0 10.40  0  1 -10.815   0.624   1.465   0.028  -0.229   0.000 +1E01FM000t
00024 LYS+1A0035_024 f 0.00  1.000     0 10.40  0  1 -10.551   0.851   1.528   0.180  -0.148   0.000 +1E048M000t
00025 LYS+1A0035_025 f 0.00  1.000     0 10.40  0  1 -11.296   0.403   4.274   0.089  -0.193   0.000 +1E072M000t
00026 LYS+1A0035_026 f 0.00  1.000     0 10.40  0  1 -11.512   1.618   3.675   0.139  -0.014   0.000 +1E0A0M000t
00027 LYS+1A0035_027 f 0.00  1.000     0 10.40  0  1  -9.736   0.135   1.443   0.072   0.006   0.000 +1E0A7M000t
00028 LYS+1A0035_028 f 0.00  1.000     0 10.40  0  1  -8.018   0.444   4.902   0.064  -0.512   0.000 +1E0EBM000t
00029 LYS+1A0035_029 f 0.00  1.000     0 10.40  0  1  -9.676  -0.096   1.536   0.311  -0.004   0.000 +1E0F3M000t
00030 LYS+1A0035_030 f 0.00  1.000     0 10.40  0  1 -10.027   2.621   4.367   0.192   0.012   0.000 +1E119M000t
00031 LYS+1A0035_031 f 0.00  1.000     0 10.40  0  1  -9.904   2.752   4.334   0.078  -0.152   0.000 +1E11BM000t
00032 LYS+1A0035_032 f 0.00  1.000     0 10.40  0  1  -7.977   0.090   4.870  -0.022   0.131   0.000 +1E122M000t
00033 LYS+1A0035_033 f 0.00  1.000     0 10.40  0  1 -10.777   0.928   7.112   0.253   0.192   0.000 +1E166M000t
00034 LYS+1A0035_034 f 0.00  1.000     0 10.40  0  1 -10.200   1.259   4.314   0.113   0.096   0.000 +1E16BM000t
00035 LYS+1A0035_035 f 0.00  1.000     0 10.40  0  1  -8.183   1.381   4.814   0.131   0.061   0.000 +1E16EM000t
00036 LYS+1A0035_036 f 0.00  1.000     0 10.40  0  1  -7.731   1.497   4.815   0.074   0.203   0.000 +1E176M000t
00037 LYS+1A0035_037 f 0.00  1.000     0 10.40  0  1 -11.174   4.015   3.545   0.072   0.025   0.000 +1T068M000t
00038 LYS+1A0035_038 f 0.00  1.000     0 10.40  0  1  -9.900   3.026   4.198   0.003   0.004   0.000 +1T0B4M000t
00039 LYS+1A0035_039 f 0.00  1.000     0 10.40  0  1 -10.670   0.822   4.339   0.687   0.120   0.000 +1T139M000t
00040 LYS+1A0035_040 f 0.00  1.000     0 10.40  0  1  -9.294   0.858   4.285   0.768   0.418   0.000 +1T155M000t
