CONFORMER         crg  vdw0  vdw1  tors  epol  self   occ  Hb     history    ASA
LYS01A0035_001  0.000-12.13  0.10  0.84  0.00-11.19 0.502  00  01O000M000  1.000
LYS01A0035_002  0.000-11.66  1.49  4.21  0.00 -5.96 0.501  00  01E00EM000  1.000
LYS01A0035_003  0.000-10.77  0.57  1.46  0.00 -8.73 0.501  00  01E01FM000  1.000
LYS01A0035_004  0.000-10.51  0.79  1.53  0.00 -8.20 0.502  00  01E048M000  1.000
LYS01A0035_005  0.000-11.09  3.96  3.55  0.00 -3.59 0.502  00  01E068M000  1.000
LYS01A0035_006  0.000-11.43  1.62  3.68  0.00 -6.13 0.501  00  01E0A0M000  1.000
LYS01A0035_007  0.000 -9.68  0.03  1.44  0.00 -8.21 0.501  00  01E0A7M000  1.000
LYS01A0035_008  0.000 -9.73  2.97  4.20  0.00 -2.56 0.501  00  01E0B4M000  1.000
LYS01A0035_009  0.000 -9.57 -0.11  1.53  0.00 -8.15 0.502  00  01E0F3M000  1.000
LYS01A0035_010  0.000 -9.90  2.56  4.36  0.00 -2.98 0.501  00  01E119M000  1.000
LYS01A0035_011  0.000 -9.08  0.88  4.28  0.00 -3.91 0.501  00  01E155M000  1.000
LYS01A0035_012  0.000-10.72  0.97  7.11  0.00 -2.64 0.502  00  01E166M000  1.000
LYS01A0035_013  0.000 -7.75  1.50  4.81  0.00 -1.44 0.501  00  01E176M000  1.000
LYS01A0035_014  0.000-11.24  0.36  4.27  0.00 -6.61 0.502  00  01T072M000  1.000
LYS01A0035_015  0.000 -7.95  0.40  4.90  0.00 -2.65 0.501  00  01T0EBM000  1.000
LYS01A0035_016  0.000 -9.87  2.68  4.33  0.00 -2.86 0.501  00  01T11BM000  1.000
LYS01A0035_017  0.000 -7.91  0.12  4.87  0.00 -2.92 0.501  00  01T122M000  1.000
LYS01A0035_018  0.000-10.61  0.80  4.34  0.00 -5.47 0.501  00  01T139M000  1.000
LYS01A0035_019  0.000-10.13  1.27  4.31  0.00 -4.55 0.501  00  01T16BM000  1.000
LYS01A0035_020  0.000 -8.10  1.39  4.81  0.00 -1.90 0.502  00  01T16EM000  1.000
LYS+1A0035_021  1.000-12.17  0.10  0.84  0.00-11.24 0.502  00  +1O000M000  1.000
LYS+1A0035_022  1.000-11.70  1.50  4.21  0.00 -5.99 0.501  00  +1E00EM000  1.000
LYS+1A0035_023  1.000-10.82  0.57  1.46  0.00 -8.78 0.501  00  +1E01FM000  1.000
LYS+1A0035_024  1.000-10.55  0.78  1.53  0.00 -8.24 0.502  00  +1E048M000  1.000
LYS+1A0035_025  1.000-11.29  0.36  4.27  0.00 -6.66 0.502  00  +1E072M000  1.000
LYS+1A0035_026  1.000-11.51  1.62  3.67  0.00 -6.22 0.501  00  +1E0A0M000  1.000
LYS+1A0035_027  1.000 -9.74  0.03  1.44  0.00 -8.26 0.501  00  +1E0A7M000  1.000
LYS+1A0035_028  1.000 -8.01  0.39  4.90  0.00 -2.72 0.501  00  +1E0EBM000  1.000
LYS+1A0035_029  1.000 -9.67 -0.15  1.54  0.00 -8.28 0.502  00  +1E0F3M000  1.000
LYS+1A0035_030  1.000-10.02  2.62  4.37  0.00 -3.03 0.501  00  +1E119M000  1.000
LYS+1A0035_031  1.000 -9.90  2.75  4.33  0.00 -2.82 0.501  00  +1E11BM000  1.000
LYS+1A0035_032  1.000 -7.98  0.09  4.87  0.00 -3.01 0.501  00  +1E122M000  1.000
LYS+1A0035_033  1.000-10.77  0.93  7.11  0.00 -2.73 0.502  00  +1E166M000  1.000
LYS+1A0035_034  1.000-10.20  1.26  4.31  0.00 -4.63 0.501  00  +1E16BM000  1.000
LYS+1A0035_035  1.000 -8.17  1.38  4.81  0.00 -1.97 0.502  00  +1E16EM000  1.000
LYS+1A0035_036  1.000 -7.72  1.50  4.81  0.00 -1.41 0.501  00  +1E176M000  1.000
LYS+1A0035_037  1.000-11.17  3.96  3.55  0.00 -3.67 0.502  00  +1T068M000  1.000
LYS+1A0035_038  1.000 -9.90  2.97  4.20  0.00 -2.73 0.501  00  +1T0B4M000  1.000
LYS+1A0035_039  1.000-10.66  0.76  4.34  0.00 -5.57 0.501  00  +1T139M000  1.000
LYS+1A0035_040  1.000 -9.29  0.85  4.28  0.00 -4.15 0.501  00  +1T155M000  1.000
