   confID        vdw0    sas     sum
LYS01A0035_001   0.531 -12.659 -12.128
LYS01A0035_002   1.099 -12.756 -11.656
LYS01A0035_003   1.612 -12.386 -10.774
LYS01A0035_004   2.157 -12.672 -10.515
LYS01A0035_005   1.462 -12.554 -11.092
LYS01A0035_006   1.313 -12.744 -11.431
LYS01A0035_007   2.535 -12.222  -9.687
LYS01A0035_008   2.625 -12.355  -9.729
LYS01A0035_009   3.039 -12.610  -9.571
LYS01A0035_010   2.359 -12.258  -9.899
LYS01A0035_011   2.975 -12.050  -9.075
LYS01A0035_012   2.380 -13.105 -10.725
LYS01A0035_013   4.555 -12.307  -7.752
LYS01A0035_014   1.620 -12.862 -11.243
LYS01A0035_015   4.628 -12.582  -7.954
LYS01A0035_016   2.390 -12.254  -9.864
LYS01A0035_017   4.631 -12.535  -7.904
LYS01A0035_018   2.370 -12.980 -10.610
LYS01A0035_019   2.345 -12.429 -10.084
LYS01A0035_020   4.694 -12.802  -8.108
LYS+1A0035_021   0.486 -12.659 -12.173
LYS+1A0035_022   1.057 -12.756 -11.699
LYS+1A0035_023   1.570 -12.386 -10.815
LYS+1A0035_024   2.121 -12.672 -10.551
LYS+1A0035_025   1.566 -12.862 -11.296
LYS+1A0035_026   1.232 -12.744 -11.512
LYS+1A0035_027   2.487 -12.222  -9.736
LYS+1A0035_028   4.564 -12.582  -8.018
LYS+1A0035_029   2.934 -12.610  -9.676
LYS+1A0035_030   2.282 -12.310 -10.027
LYS+1A0035_031   2.351 -12.254  -9.904
LYS+1A0035_032   4.558 -12.535  -7.977
LYS+1A0035_033   2.328 -13.105 -10.777
LYS+1A0035_034   2.281 -12.481 -10.200
LYS+1A0035_035   4.619 -12.802  -8.183
LYS+1A0035_036   4.472 -12.204  -7.731
LYS+1A0035_037   1.380 -12.554 -11.174
LYS+1A0035_038   2.570 -12.470  -9.900
LYS+1A0035_039   2.310 -12.980 -10.670
LYS+1A0035_040   2.872 -12.166  -9.294
