CONFORMER         crg  vdw0  vdw1  tors  epol  self   occ  Hb     history    ASA
TRP01A0058_001  0.000-12.20 -0.34  0.95  0.00-11.59 0.528  00  01O000M000  1.000
TRP01A0058_002  0.000-13.51  1.20  1.82  0.00-10.49 0.526  00  01E002M000  1.000
TRP01A0058_003  0.000-13.25  3.90  0.93  0.00 -8.42 0.527  00  01E008M000  1.000
TRP01A0058_004  0.000-13.07  3.24  0.90  0.00 -8.93 0.528  00  01E009M000  1.000
TRP01A0058_005  0.000-12.52  1.42  0.90  0.00-10.21 0.526  00  01E00AM000  1.000
TRP01A0058_006  0.000-12.74  0.65  1.81  0.00-10.28 0.526  00  01E00BM000  1.000
TRP01A0058_007  0.000-12.22  1.15  0.90  0.00-10.17 0.531  00  01E00EM000  1.000
TRP01A0058_008  0.000-12.79  0.31  1.80  0.00-10.68 0.525  00  01E012M000  1.000
TRP01A0058_009  0.000-13.31  1.71  1.81  0.00 -9.79 0.526  00  01T001M000  1.000
TRP01A0058_010  0.000-12.62  2.81  0.91  0.00 -8.90 0.526  00  01T003M000  1.000
TRP01A0058_011  0.000-12.31 -0.13  0.91  0.00-11.53 0.526  00  01T004M000  1.000
TRP01A0058_012  0.000-12.90  2.22  0.66  0.00-10.02 0.525  00  01T005M000  1.000
TRP01A0058_013  0.000-12.55  0.54  0.90  0.00-11.10 0.526  00  01T006M000  1.000
TRP01A0058_014  0.000-12.79  2.08  1.81  0.00 -8.90 0.526  00  01T007M000  1.000
TRP01A0058_015  0.000-12.30  1.07  0.91  0.00-10.32 0.526  00  01T00CM000  1.000
TRP01A0058_016  0.000-12.41  2.23  0.90  0.00 -9.28 0.526  00  01T00DM000  1.000
TRP01A0058_017  0.000-12.46  0.16  1.80  0.00-10.50 0.524  00  01T00FM000  1.000
TRP01A0058_018  0.000-12.34  0.13  1.81  0.00-10.39 0.528  00  01T010M000  1.000
TRP01A0058_019  0.000-13.05  2.59  1.59  0.00 -8.87 0.526  00  01T011M000  1.000
