CONFORMER         crg  vdw0  vdw1  tors  epol  self   occ  Hb     history    ASA
LYS01A0052_001  0.000 -8.85  8.75  1.34  0.00  1.24 0.000  00  01O000M000  1.000
LYS01A0052_002  0.000-10.42  1.01  3.01  0.00 -6.40 0.501  00  01E030M000  1.000
LYS01A0052_003  0.000-10.42  0.74  1.04  0.00 -8.64 0.501  00  01E038M000  1.000
LYS01A0052_004  0.000 -9.64  1.07  4.60  0.00 -3.97 0.501  00  01E05AM000  1.000
LYS01A0052_005  0.000 -8.95  0.43  3.92  0.00 -4.59 0.502  00  01E05FM000  1.000
LYS01A0052_006  0.000-10.04  1.24  6.62  0.00 -2.18 0.501  00  01E077M000  1.000
LYS01A0052_007  0.000-11.08  5.32  1.82  0.00 -3.94 0.501  00  01E07BM000  1.000
LYS01A0052_008  0.000-12.04  2.46  4.01  0.00 -5.57 0.502  00  01E085M000  1.000
LYS01A0052_009  0.000-11.81  0.31  1.79  0.00 -9.71 0.501  00  01E099M000  1.000
LYS01A0052_010  0.000-10.48  0.29  1.78  0.00 -8.41 0.501  00  01E09BM000  1.000
LYS01A0052_011  0.000 -8.63  0.27  2.41  0.00 -5.95 0.501  00  01E0B5M000  1.000
LYS01A0052_012  0.000-11.73  1.35  1.78  0.00 -8.59 0.501  00  01E102M000  1.000
LYS01A0052_013  0.000 -9.65  1.13  4.55  0.00 -3.97 0.502  00  01E109M000  1.000
LYS01A0052_014  0.000 -9.74  0.96  3.07  0.00 -5.71 0.502  00  01E11BM000  1.000
LYS01A0052_015  0.000-10.00  0.37  6.36  0.00 -3.28 0.501  00  01E159M000  1.000
LYS01A0052_016  0.000 -8.51  1.05  3.81  0.00 -3.65 0.501  00  01T00DM000  1.000
LYS01A0052_017  0.000-10.76  2.32  4.53  0.00 -3.91 0.502  00  01T081M000  1.000
LYS01A0052_018  0.000 -9.96  1.01  6.46  0.00 -2.49 0.501  00  01T116M000  1.000
LYS01A0052_019  0.000-10.96  2.67  4.56  0.00 -3.73 0.501  00  01T128M000  1.000
LYS01A0052_020  0.000-10.98  0.80  3.83  0.00 -6.35 0.501  00  01T136M000  1.000
LYS01A0052_021  0.000 -8.26  5.66  1.42  0.00 -1.18 0.000  00  01T000M000  1.000
LYS+1A0052_022  1.000 -8.95  8.75  1.34  0.00  1.14 0.000  00  +1O000M000  1.000
LYS+1A0052_023  1.000-10.45  1.00  3.02  0.00 -6.42 0.501  00  +1E030M000  1.000
LYS+1A0052_024  1.000 -9.02  0.43  3.92  0.00 -4.67 0.502  00  +1E05FM000  1.000
LYS+1A0052_025  1.000-10.75  2.34  4.54  0.00 -3.86 0.502  00  +1E081M000  1.000
LYS+1A0052_026  1.000-10.54  0.29  1.78  0.00 -8.46 0.501  00  +1E09BM000  1.000
LYS+1A0052_027  1.000-11.84  1.37  1.79  0.00 -8.68 0.501  00  +1E102M000  1.000
LYS+1A0052_028  1.000 -9.70  1.13  4.55  0.00 -4.01 0.502  00  +1E109M000  1.000
LYS+1A0052_029  1.000-10.07  1.02  6.47  0.00 -2.58 0.501  00  +1E116M000  1.000
LYS+1A0052_030  1.000-11.04  0.81  3.83  0.00 -6.40 0.501  00  +1E136M000  1.000
LYS+1A0052_031  1.000-10.05  0.37  6.36  0.00 -3.33 0.501  00  +1E159M000  1.000
LYS+1A0052_032  1.000 -8.38  5.64  1.42  0.00 -1.32 0.000  00  +1X000M000  1.000
LYS+1A0052_033  1.000 -8.62  1.05  3.81  0.00 -3.76 0.501  00  +1T00DM000  1.000
LYS+1A0052_034  1.000-10.50  0.74  1.05  0.00 -8.71 0.501  00  +1T038M000  1.000
LYS+1A0052_035  1.000 -9.72  1.08  4.60  0.00 -4.04 0.501  00  +1T05AM000  1.000
LYS+1A0052_036  1.000-10.06  1.24  6.62  0.00 -2.21 0.501  00  +1T077M000  1.000
LYS+1A0052_037  1.000-11.13  5.49  1.81  0.00 -3.83 0.501  00  +1T07BM000  1.000
LYS+1A0052_038  1.000-12.06  2.47  4.01  0.00 -5.57 0.502  00  +1T085M000  1.000
LYS+1A0052_039  1.000-11.86  0.32  1.79  0.00 -9.75 0.501  00  +1T099M000  1.000
LYS+1A0052_040  1.000 -8.71  0.27  2.41  0.00 -6.02 0.501  00  +1T0B5M000  1.000
LYS+1A0052_041  1.000 -9.78  0.96  3.07  0.00 -5.75 0.502  00  +1T11BM000  1.000
LYS+1A0052_042  1.000-11.02  2.70  4.57  0.00 -3.75 0.501  00  +1T128M000  1.000
