iConf CONFORMER     FL  occ    crg   Em0  pKa0 ne nH    vdw0    vdw1    tors    epol   dsolv   extra    history
00001 LYS01A0052_001 f 0.00  0.000     0  0.00  0  0  -8.851   8.764   1.339  -0.093   0.177   0.000 01O000M000t
00002 LYS01A0052_002 f 0.00  0.000     0  0.00  0  0 -10.415   1.006   3.014  -0.021   0.083   0.000 01E030M000t
00003 LYS01A0052_003 f 0.00  0.000     0  0.00  0  0 -10.421   0.738   1.045  -0.023  -0.123   0.000 01E038M000t
00004 LYS01A0052_004 f 0.00  0.000     0  0.00  0  0  -9.597   1.069   4.596  -0.019   0.080   0.000 01E05AM000t
00005 LYS01A0052_005 f 0.00  0.000     0  0.00  0  0  -8.943   0.434   3.920  -0.013  -0.022   0.000 01E05FM000t
00006 LYS01A0052_006 f 0.00  0.000     0  0.00  0  0 -10.090   1.236   6.617  -0.112   0.088   0.000 01E077M000t
00007 LYS01A0052_007 f 0.00  0.000     0  0.00  0  0 -11.072   5.316   1.817  -0.008   0.063   0.000 01E07BM000t
00008 LYS01A0052_008 f 0.00  0.000     0  0.00  0  0 -12.042   2.462   4.009  -0.088   0.122   0.000 01E085M000t
00009 LYS01A0052_009 f 0.00  0.000     0  0.00  0  0 -11.812   0.311   1.786  -0.014   0.037   0.000 01E099M000t
00010 LYS01A0052_010 f 0.00  0.000     0  0.00  0  0 -10.489   0.296   1.783  -0.011  -0.018   0.000 01E09BM000t
00011 LYS01A0052_011 f 0.00  0.000     0  0.00  0  0  -8.632   0.269   2.411  -0.018   0.040   0.000 01E0B5M000t
00012 LYS01A0052_012 f 0.00  0.000     0  0.00  0  0 -11.726   1.354   1.780  -0.001  -0.113   0.000 01E102M000t
00013 LYS01A0052_013 f 0.00  0.000     0  0.00  0  0  -9.697   1.127   4.552  -0.016   0.093   0.000 01E109M000t
00014 LYS01A0052_014 f 0.00  0.000     0  0.00  0  0  -9.732   0.959   3.066  -0.022  -0.127   0.000 01E11BM000t
00015 LYS01A0052_015 f 0.00  0.000     0  0.00  0  0  -9.999   0.366   6.355  -0.018   0.043   0.000 01E159M000t
00016 LYS01A0052_016 f 0.00  0.000     0  0.00  0  0  -8.502   1.050   3.813  -0.031   0.160   0.000 01T00DM000t
00017 LYS01A0052_017 f 0.00  0.000     0  0.00  0  0 -10.754   2.318   4.526  -0.044  -0.094   0.000 01T081M000t
00018 LYS01A0052_018 f 0.00  0.000     0  0.00  0  0  -9.964   1.016   6.456  -0.015   0.085   0.000 01T116M000t
00019 LYS01A0052_019 f 0.00  0.000     0  0.00  0  0 -10.961   2.667   4.559  -0.020   0.029   0.000 01T128M000t
00020 LYS01A0052_020 f 0.00  0.000     0  0.00  0  0 -10.984   0.800   3.828  -0.019   0.022   0.000 01T136M000t
00021 LYS01A0052_021 f 0.00  0.000     0  0.00  0  0  -8.244   5.658   1.419  -0.091   0.198   0.000 01T000M000t
00022 LYS+1A0052_022 f 0.00  1.000     0 10.40  0  1  -8.945   8.758   1.339   0.335   0.190   0.000 +1O000M000t
00023 LYS+1A0052_023 f 0.00  1.000     0 10.40  0  1 -10.407   1.005   3.018   0.063   0.014   0.000 +1E030M000t
00024 LYS+1A0052_024 f 0.00  1.000     0 10.40  0  1  -9.019   0.430   3.923   0.114  -0.252   0.000 +1E05FM000t
00025 LYS+1A0052_025 f 0.00  1.000     0 10.40  0  1 -10.747   2.334   4.544   0.163  -0.201   0.000 +1E081M000t
00026 LYS+1A0052_026 f 0.00  1.000     0 10.40  0  1 -10.537   0.294   1.785   0.091  -0.217   0.000 +1E09BM000t
00027 LYS+1A0052_027 f 0.00  1.000     0 10.40  0  1 -11.774   1.370   1.788   0.029  -0.245   0.000 +1E102M000t
00028 LYS+1A0052_028 f 0.00  1.000     0 10.40  0  1  -9.760   1.132   4.549   0.071  -0.126   0.000 +1E109M000t
00029 LYS+1A0052_029 f 0.00  1.000     0 10.40  0  1 -10.078   1.023   6.467   0.105  -0.439   0.000 +1E116M000t
00030 LYS+1A0052_030 f 0.00  1.000     0 10.40  0  1 -11.039   0.804   3.831   0.056  -0.196   0.000 +1E136M000t
00031 LYS+1A0052_031 f 0.00  1.000     0 10.40  0  1 -10.051   0.367   6.361   0.078  -0.085   0.000 +1E159M000t
00032 LYS+1A0052_032 f 0.00  1.000     0 10.40  0  1  -8.389   5.633   1.422   0.336   0.209   0.000 +1X000M000t
00033 LYS+1A0052_033 f 0.00  1.000     0 10.40  0  1  -8.627   1.046   3.814   0.111  -0.218   0.000 +1T00DM000t
00034 LYS+1A0052_034 f 0.00  1.000     0 10.40  0  1 -10.493   0.739   1.046   0.125   0.077   0.000 +1T038M000t
00035 LYS+1A0052_035 f 0.00  1.000     0 10.40  0  1  -9.719   1.075   4.596   0.081  -0.133   0.000 +1T05AM000t
00036 LYS+1A0052_036 f 0.00  1.000     0 10.40  0  1 -10.063   1.236   6.615   0.405  -0.102   0.000 +1T077M000t
00037 LYS+1A0052_037 f 0.00  1.000     0 10.40  0  1 -11.163   5.481   1.808  -0.049  -0.428   0.000 +1T07BM000t
00038 LYS+1A0052_038 f 0.00  1.000     0 10.40  0  1 -12.060   2.475   4.015   0.268  -0.052   0.000 +1T085M000t
00039 LYS+1A0052_039 f 0.00  1.000     0 10.40  0  1 -11.857   0.316   1.792   0.069  -0.477   0.000 +1T099M000t
00040 LYS+1A0052_040 f 0.00  1.000     0 10.40  0  1  -8.706   0.271   2.413   0.121  -0.245   0.000 +1T0B5M000t
00041 LYS+1A0052_041 f 0.00  1.000     0 10.40  0  1  -9.774   0.961   3.072   0.107  -0.182   0.000 +1T11BM000t
00042 LYS+1A0052_042 f 0.00  1.000     0 10.40  0  1 -11.016   2.697   4.567   0.088  -0.199   0.000 +1T128M000t
