   confID        vdw0    sas     sum
LYS01A0052_001   3.536 -12.387  -8.851
LYS01A0052_002   1.920 -12.335 -10.415
LYS01A0052_003   1.788 -12.210 -10.421
LYS01A0052_004   2.885 -12.482  -9.597
LYS01A0052_005   3.180 -12.123  -8.943
LYS01A0052_006   2.621 -12.711 -10.090
LYS01A0052_007   1.484 -12.556 -11.072
LYS01A0052_008   1.069 -13.111 -12.042
LYS01A0052_009   1.183 -12.994 -11.812
LYS01A0052_010   2.412 -12.902 -10.489
LYS01A0052_011   4.147 -12.779  -8.632
LYS01A0052_012   1.187 -12.914 -11.726
LYS01A0052_013   2.994 -12.692  -9.697
LYS01A0052_014   2.814 -12.547  -9.732
LYS01A0052_015   2.484 -12.483  -9.999
LYS01A0052_016   4.104 -12.606  -8.502
LYS01A0052_017   2.404 -13.158 -10.754
LYS01A0052_018   2.493 -12.457  -9.964
LYS01A0052_019   1.776 -12.737 -10.961
LYS01A0052_020   1.216 -12.199 -10.984
LYS01A0052_021   4.146 -12.391  -8.244
LYS+1A0052_022   3.442 -12.387  -8.945
LYS+1A0052_023   1.822 -12.229 -10.407
LYS+1A0052_024   3.104 -12.123  -9.019
LYS+1A0052_025   2.346 -13.094 -10.747
LYS+1A0052_026   2.368 -12.905 -10.537
LYS+1A0052_027   1.139 -12.914 -11.774
LYS+1A0052_028   2.931 -12.692  -9.760
LYS+1A0052_029   2.431 -12.509 -10.078
LYS+1A0052_030   1.160 -12.199 -11.039
LYS+1A0052_031   2.431 -12.483 -10.051
LYS+1A0052_032   4.001 -12.391  -8.389
LYS+1A0052_033   4.005 -12.632  -8.627
LYS+1A0052_034   1.729 -12.223 -10.493
LYS+1A0052_035   2.815 -12.534  -9.719
LYS+1A0052_036   2.580 -12.643 -10.063
LYS+1A0052_037   1.432 -12.595 -11.163
LYS+1A0052_038   1.012 -13.072 -12.060
LYS+1A0052_039   1.137 -12.994 -11.857
LYS+1A0052_040   4.111 -12.817  -8.706
LYS+1A0052_041   2.773 -12.547  -9.774
LYS+1A0052_042   1.721 -12.737 -11.016
