iConf CONFORMER     FL  occ    crg   Em0  pKa0 ne nH    vdw0    vdw1    tors    epol   dsolv   extra    history
00001 LYS01A0020_001 f 0.00  0.000     0  0.00  0  0 -12.351   1.224   0.960  -0.014  -0.014   0.000 01O000M000t
00002 LYS01A0020_002 f 0.00  0.000     0  0.00  0  0 -10.564   3.645   4.228   0.001  -0.055   0.000 01E025M000t
00003 LYS01A0020_003 f 0.00  0.000     0  0.00  0  0 -10.312   3.734   4.225  -0.005  -0.098   0.000 01E028M000t
00004 LYS01A0020_004 f 0.00  0.000     0  0.00  0  0  -9.999   1.772   7.180  -0.025  -0.040   0.000 01E0B1M000t
00005 LYS01A0020_005 f 0.00  0.000     0  0.00  0  0  -9.909   1.622   7.159  -0.037   0.026   0.000 01E0BBM000t
00006 LYS01A0020_006 f 0.00  0.000     0  0.00  0  0  -9.439   0.494   4.331  -0.005  -0.039   0.000 01E0C1M000t
00007 LYS01A0020_007 f 0.00  0.000     0  0.00  0  0  -6.390   3.195   2.036  -0.004   0.150   0.000 01E0FDM000t
00008 LYS01A0020_008 f 0.00  0.000     0  0.00  0  0  -9.322   0.458   4.350  -0.014   0.094   0.000 01E11BM000t
00009 LYS01A0020_009 f 0.00  0.000     0  0.00  0  0 -11.600   3.206   0.821   0.002  -0.087   0.000 01T007M000t
00010 LYS01A0020_010 f 0.00  0.000     0  0.00  0  0  -7.755   1.959   4.860  -0.010  -0.071   0.000 01T04FM000t
00011 LYS01A0020_011 f 0.00  0.000     0  0.00  0  0 -11.299   1.153   0.945  -0.021   0.076   0.000 01T059M000t
00012 LYS01A0020_012 f 0.00  0.000     0  0.00  0  0 -10.250   3.134   4.218   0.011   0.075   0.000 01T077M000t
00013 LYS01A0020_013 f 0.00  0.000     0  0.00  0  0  -5.835   0.531   4.255  -0.018   0.195   0.000 01T089M000t
00014 LYS01A0020_014 f 0.00  0.000     0  0.00  0  0  -6.944   0.532   2.078  -0.006   0.012   0.000 01T0C3M000t
00015 LYS01A0020_015 f 0.00  0.000     0  0.00  0  0  -9.123   3.273   4.307  -0.014   0.116   0.000 01T101M000t
00016 LYS01A0020_016 f 0.00  0.000     0  0.00  0  0  -6.301   3.227   2.004  -0.127   0.009   0.000 01T104M000t
00017 LYS01A0020_017 f 0.00  0.000     0  0.00  0  0 -10.387   0.213   3.706  -0.015  -0.028   0.000 01T12BM000t
00018 LYS01A0020_018 f 0.00  0.000     0  0.00  0  0  -9.698   0.324   4.231  -0.010  -0.177   0.000 01T12FM000t
00019 LYS01A0020_019 f 0.00  0.000     0  0.00  0  0  -6.796   0.496   4.827  -0.011  -0.034   0.000 01T130M000t
00020 LYS01A0020_020 f 0.00  0.000     0  0.00  0  0  -8.836   1.261   4.291  -0.086   0.237   0.000 01T143M000t
00021 LYS+1A0020_021 f 0.00  1.000     0 10.40  0  1 -12.397   1.222   0.960   0.096  -0.479   0.000 +1O000M000t
00022 LYS+1A0020_022 f 0.00  1.000     0 10.40  0  1 -10.673   3.657   4.228  -0.014  -0.219   0.000 +1E025M000t
00023 LYS+1A0020_023 f 0.00  1.000     0 10.40  0  1 -10.357   3.735   4.225   0.028  -0.221   0.000 +1E028M000t
00024 LYS+1A0020_024 f 0.00  1.000     0 10.40  0  1  -7.905   1.958   4.861   0.050  -0.195   0.000 +1E04FM000t
00025 LYS+1A0020_025 f 0.00  1.000     0 10.40  0  1 -11.328   1.144   0.945   0.127   0.130   0.000 +1E059M000t
00026 LYS+1A0020_026 f 0.00  1.000     0 10.40  0  1  -5.939   0.529   4.255   0.133  -0.049   0.000 +1E089M000t
00027 LYS+1A0020_027 f 0.00  1.000     0 10.40  0  1 -10.046   1.763   7.182   0.113  -0.236   0.000 +1E0B1M000t
00028 LYS+1A0020_028 f 0.00  1.000     0 10.40  0  1  -9.897   1.618   7.159   0.176  -0.196   0.000 +1E0BBM000t
00029 LYS+1A0020_029 f 0.00  1.000     0 10.40  0  1  -9.519   0.496   4.338   0.027  -0.397   0.000 +1E0C1M000t
00030 LYS+1A0020_030 f 0.00  1.000     0 10.40  0  1  -6.492   3.194   2.035   0.046   0.203   0.000 +1E0FDM000t
00031 LYS+1A0020_031 f 0.00  1.000     0 10.40  0  1  -9.183   3.276   4.308   0.088   0.117   0.000 +1E101M000t
00032 LYS+1A0020_032 f 0.00  1.000     0 10.40  0  1  -6.408   3.263   2.006  -0.246   0.713   0.000 +1E104M000t
00033 LYS+1A0020_033 f 0.00  1.000     0 10.40  0  1  -9.791   0.324   4.232   0.053  -0.347   0.000 +1E12FM000t
00034 LYS+1A0020_034 f 0.00  1.000     0 10.40  0  1 -11.716   3.207   0.821  -0.010  -0.282   0.000 +1T007M000t
00035 LYS+1A0020_035 f 0.00  1.000     0 10.40  0  1 -10.230   3.131   4.233  -0.132  -0.139   0.000 +1T077M000t
00036 LYS+1A0020_036 f 0.00  1.000     0 10.40  0  1  -7.018   0.529   2.079   0.046   0.135   0.000 +1T0C3M000t
00037 LYS+1A0020_037 f 0.00  1.000     0 10.40  0  1  -9.311   0.449   4.349   0.126   0.053   0.000 +1T11BM000t
00038 LYS+1A0020_038 f 0.00  1.000     0 10.40  0  1 -10.565   0.210   3.713   0.049  -0.479   0.000 +1T12BM000t
00039 LYS+1A0020_039 f 0.00  1.000     0 10.40  0  1  -6.846   0.495   4.830   0.062  -0.215   0.000 +1T130M000t
00040 LYS+1A0020_040 f 0.00  1.000     0 10.40  0  1  -8.925   1.232   4.293   0.370   0.326   0.000 +1T143M000t
