CONFORMER         crg  vdw0  vdw1  tors  epol  self   occ  Hb     history    ASA
LYS01A0020_001  0.000-12.23  1.22  0.96  0.00-10.05 0.501  00  01O000M000  1.000
LYS01A0020_002  0.000-11.68  4.89  3.59  0.00 -3.21 0.502  00  01E009M000  1.000
LYS01A0020_003  0.000-11.71  1.37  3.59  0.00 -6.75 0.502  00  01E010M000  1.000
LYS01A0020_004  0.000-10.75  1.25  3.67  0.00 -5.83 0.501  00  01E052M000  1.000
LYS01A0020_005  0.000-10.27  1.36  4.23  0.00 -4.68 0.502  00  01E053M000  1.000
LYS01A0020_006  0.000-10.96  3.17  3.62  0.00 -4.18 0.501  00  01E078M000  1.000
LYS01A0020_007  0.000-10.23  3.14  0.82  0.00 -6.27 0.501  00  01E07AM000  1.000
LYS01A0020_008  0.000-10.93  0.32  0.83  0.00 -9.79 0.501  00  01E08FM000  1.000
LYS01A0020_009  0.000-10.12  1.94  4.24  0.00 -3.94 0.501  00  01E09BM000  1.000
LYS01A0020_010  0.000 -9.69  1.70  6.60  0.00 -1.39 0.502  00  01E0B5M000  1.000
LYS01A0020_011  0.000 -6.86  0.61  4.87  0.00 -1.38 0.502  00  01E11EM000  1.000
LYS01A0020_012  0.000 -9.18  0.20  3.69  0.00 -5.29 0.501  00  01E128M000  1.000
LYS01A0020_013  0.000-10.60  0.63  0.91  0.00 -9.06 0.502  00  01T01FM000  1.000
LYS01A0020_014  0.000 -9.75  0.36  1.45  0.00 -7.94 0.502  00  01T046M000  1.000
LYS01A0020_015  0.000 -7.81  0.24  2.01  0.00 -5.56 0.502  00  01T048M000  1.000
LYS01A0020_016  0.000-10.71  1.33  3.59  0.00 -5.79 0.501  00  01T0A0M000  1.000
LYS01A0020_017  0.000 -6.84  0.33  4.90  0.00 -1.62 0.502  00  01T0BCM000  1.000
LYS01A0020_018  0.000 -9.37  3.70  4.23  0.00 -1.44 0.502  00  01T0E7M000  1.000
LYS01A0020_019  0.000 -9.65  1.61  7.09  0.00 -0.95 0.501  00  01T142M000  1.000
LYS01A0020_020  0.000 -9.27  1.51  7.07  0.00 -0.69 0.501  00  01T155M000  1.000
LYS+1A0020_021  1.000-12.28  1.22  0.96  0.00-10.10 0.501  00  +1O000M000  1.000
LYS+1A0020_022  1.000-11.80  4.90  3.59  0.00 -3.31 0.502  00  +1E009M000  1.000
LYS+1A0020_023  1.000-11.76  1.37  3.59  0.00 -6.80 0.502  00  +1E010M000  1.000
LYS+1A0020_024  1.000-10.66  0.63  0.91  0.00 -9.12 0.502  00  +1E01FM000  1.000
LYS+1A0020_025  1.000 -9.69  0.36  1.45  0.00 -7.88 0.502  00  +1E046M000  1.000
LYS+1A0020_026  1.000 -7.87  0.23  2.02  0.00 -5.62 0.502  00  +1E048M000  1.000
LYS+1A0020_027  1.000-11.01  3.18  3.62  0.00 -4.22 0.501  00  +1E078M000  1.000
LYS+1A0020_028  1.000-10.30  3.13  0.82  0.00 -6.35 0.501  00  +1E07AM000  1.000
LYS+1A0020_029  1.000-10.91  0.31  0.82  0.00 -9.77 0.501  00  +1E08FM000  1.000
LYS+1A0020_030  1.000-10.18  1.94  4.24  0.00 -4.00 0.501  00  +1E09BM000  1.000
LYS+1A0020_031  1.000 -6.91  0.33  4.90  0.00 -1.68 0.502  00  +1E0BCM000  1.000
LYS+1A0020_032  1.000 -9.41  3.70  4.23  0.00 -1.48 0.502  00  +1E0E7M000  1.000
LYS+1A0020_033  1.000 -6.93  0.60  4.88  0.00 -1.45 0.502  00  +1E11EM000  1.000
LYS+1A0020_034  1.000 -9.77  1.60  7.09  0.00 -1.07 0.501  00  +1E142M000  1.000
LYS+1A0020_035  1.000 -9.34  1.50  7.07  0.00 -0.77 0.501  00  +1E155M000  1.000
LYS+1A0020_036  1.000-10.77  1.25  3.67  0.00 -5.85 0.501  00  +1T052M000  1.000
LYS+1A0020_037  1.000-10.31  1.36  4.23  0.00 -4.72 0.502  00  +1T053M000  1.000
LYS+1A0020_038  1.000-10.64  1.33  3.59  0.00 -5.72 0.501  00  +1T0A0M000  1.000
LYS+1A0020_039  1.000 -9.40  1.64  6.60  0.00 -1.17 0.502  00  +1T0B5M000  1.000
LYS+1A0020_040  1.000 -9.24  0.20  3.69  0.00 -5.35 0.501  00  +1T128M000  1.000
