   confID        vdw0    sas     sum
LYS01A0020_001   0.604 -12.955 -12.351
LYS01A0020_002   1.867 -12.430 -10.564
LYS01A0020_003   1.865 -12.176 -10.312
LYS01A0020_004   2.528 -12.527  -9.999
LYS01A0020_005   2.560 -12.469  -9.909
LYS01A0020_006   2.953 -12.392  -9.439
LYS01A0020_007   5.395 -11.785  -6.390
LYS01A0020_008   3.065 -12.386  -9.322
LYS01A0020_009   0.731 -12.331 -11.600
LYS01A0020_010   4.766 -12.521  -7.755
LYS01A0020_011   1.346 -12.645 -11.299
LYS01A0020_012   1.944 -12.193 -10.250
LYS01A0020_013   6.575 -12.410  -5.835
LYS01A0020_014   5.598 -12.542  -6.944
LYS01A0020_015   2.793 -11.917  -9.123
LYS01A0020_016   5.769 -12.070  -6.301
LYS01A0020_017   2.163 -12.550 -10.387
LYS01A0020_018   2.727 -12.424  -9.698
LYS01A0020_019   5.670 -12.466  -6.796
LYS01A0020_020   3.279 -12.115  -8.836
LYS+1A0020_021   0.558 -12.955 -12.397
LYS+1A0020_022   1.822 -12.495 -10.673
LYS+1A0020_023   1.820 -12.176 -10.357
LYS+1A0020_024   4.680 -12.585  -7.905
LYS+1A0020_025   1.278 -12.606 -11.328
LYS+1A0020_026   6.471 -12.410  -5.939
LYS+1A0020_027   2.481 -12.527 -10.046
LYS+1A0020_028   2.508 -12.405  -9.897
LYS+1A0020_029   2.873 -12.392  -9.519
LYS+1A0020_030   5.293 -11.785  -6.492
LYS+1A0020_031   2.734 -11.917  -9.183
LYS+1A0020_032   5.665 -12.073  -6.408
LYS+1A0020_033   2.672 -12.463  -9.791
LYS+1A0020_034   0.682 -12.399 -11.716
LYS+1A0020_035   1.899 -12.129 -10.230
LYS+1A0020_036   5.524 -12.542  -7.018
LYS+1A0020_037   3.011 -12.322  -9.311
LYS+1A0020_038   2.101 -12.666 -10.565
LYS+1A0020_039   5.623 -12.470  -6.846
LYS+1A0020_040   3.189 -12.115  -8.925
