CONFORMER         crg  vdw0  vdw1  tors  epol  self   occ  Hb     history    ASA
ARG01A0131_001  0.000-12.56  1.35  0.61  0.00-10.60 0.501  00  01O000M000  1.000
ARG01A0131_002  0.000-11.29  0.94  4.13  0.00 -6.22 0.502  00  01E04FM000  1.000
ARG01A0131_003  0.000-11.73  1.31  1.13  0.00 -9.28 0.502  00  01E06FM000  1.000
ARG01A0131_004  0.000-10.56  1.33  3.57  0.00 -5.66 0.501  00  01E0C9M000  1.000
ARG01A0131_005  0.000-13.28  1.30  0.56  0.00-11.42 0.502  00  01E0ECM000  1.000
ARG01A0131_006  0.000 -9.20  1.67  1.39  0.00 -6.14 0.502  00  01E0F7M000  1.000
ARG01A0131_007  0.000-12.42  2.01  4.02  0.00 -6.40 0.502  00  01E11CM000  1.000
ARG01A0131_008  0.000-11.87  0.62  1.13  0.00-10.12 0.502  00  01E126M000  1.000
ARG01A0131_009  0.000-12.38  0.58  3.13  0.00 -8.67 0.502  00  01E12DM000  1.000
ARG01A0131_010  0.000-13.01  1.48  5.42  0.00 -6.11 0.501  00  01T01DM000  1.000
ARG01A0131_011  0.000-13.30  8.38  3.26  0.00 -1.66 0.502  00  01T02BM000  1.000
ARG01A0131_012  0.000-12.12  0.87  4.00  0.00 -7.25 0.502  00  01T054M000  1.000
ARG01A0131_013  0.000-12.13  1.44  5.36  0.00 -5.33 0.502  00  01T0ADM000  1.000
ARG01A0131_014  0.000-12.05  0.64  0.55  0.00-10.86 0.501  00  01T0B0M000  1.000
ARG01A0131_015  0.000-13.29  0.68  0.51  0.00-12.11 0.502  00  01T0B5M000  1.000
ARG01A0131_016  0.000-11.88  5.27  3.11  0.00 -3.50 0.502  00  01T0CBM000  1.000
ARG01A0131_017  0.000-10.80  1.39  1.21  0.00 -8.19 0.502  00  01T0F0M000  1.000
ARG01A0131_018  0.000-11.35  2.02  6.60  0.00 -2.72 0.501  00  01T119M000  1.000
ARG01A0131_019  0.000-12.95  2.02  4.11  0.00 -6.82 0.501  00  01T11BM000  1.000
ARG01A0131_020  0.000-13.32  0.97  0.70  0.00-11.65 0.501  00  01T12FM000  1.000
ARG02A0131_021  0.000-12.48  1.44  5.20  0.00 -5.85 0.502  00  02E0ADM000  1.000
ARG02A0131_022  0.000-12.57  1.33  0.61  0.00-10.62 0.501  00  02O000M000  1.000
ARG02A0131_023  0.000-11.59  0.63  3.49  0.00 -7.47 0.502  00  02E054M000  1.000
ARG02A0131_024  0.000-11.85  5.50  3.07  0.00 -3.27 0.502  00  02E0CBM000  1.000
ARG02A0131_025  0.000-10.39  1.28  1.11  0.00 -7.99 0.502  00  02E0F0M000  1.000
ARG02A0131_026  0.000-12.63  2.04  3.98  0.00 -6.61 0.501  00  02E11BM000  1.000
ARG02A0131_027  0.000-11.23  0.82  3.44  0.00 -6.96 0.502  00  02T04FM000  1.000
ARG02A0131_028  0.000-13.13  1.30  0.56  0.00-11.27 0.502  00  02T0ECM000  1.000
ARG02A0131_029  0.000-11.93  0.63  1.13  0.00-10.17 0.502  00  02T126M000  1.000
ARG02A0131_030  0.000-13.22  0.98  0.67  0.00-11.57 0.501  00  02T12FM000  1.000
ARG02A0131_031  0.000-12.27  0.62  0.51  0.00-11.14 0.501  00  02T0B0M000  1.000
ARG02A0131_032  0.000-10.42  1.33  3.56  0.00 -5.53 0.501  00  02T0C9M000  1.000
ARG02A0131_033  0.000-12.34  2.02  3.99  0.00 -6.33 0.502  00  02T11CM000  1.000
ARG02A0131_034  0.000-13.14  1.48  5.35  0.00 -6.32 0.501  00  02T01DM000  1.000
ARG02A0131_035  0.000 -9.20  1.58  1.29  0.00 -6.32 0.502  00  02T0F7M000  1.000
ARG02A0131_036  0.000-11.00  1.99  6.33  0.00 -2.68 0.501  00  02T119M000  1.000
ARG02A0131_037  0.000-12.41  0.53  3.13  0.00 -8.75 0.502  00  02T12DM000  1.000
ARG02A0131_038  0.000-12.85  5.10  3.03  0.00 -4.73 0.502  00  02T02BM000  1.000
ARG02A0131_039  0.000-11.41  1.31  1.10  0.00 -8.99 0.502  00  02T06FM000  1.000
ARG02A0131_040  0.000-13.24  0.67  0.49  0.00-12.07 0.502  00  02T0B5M000  1.000
ARG03A0131_041  0.000-12.63  1.33  0.61  0.00-10.69 0.501  00  03O000M000  1.000
ARG03A0131_042  0.000-11.28  0.82  3.43  0.00 -7.03 0.502  00  03E04FM000  1.000
ARG03A0131_043  0.000-12.29  1.44  5.19  0.00 -5.67 0.502  00  03E0ADM000  1.000
ARG03A0131_044  0.000-11.48  1.30  1.11  0.00 -9.06 0.502  00  03E06FM000  1.000
ARG03A0131_045  0.000-13.16  0.67  0.50  0.00-11.99 0.502  00  03E0B5M000  1.000
ARG03A0131_046  0.000-11.98  0.62  1.13  0.00-10.23 0.502  00  03E126M000  1.000
ARG03A0131_047  0.000-13.17  1.47  5.30  0.00 -6.40 0.501  00  03T01DM000  1.000
ARG03A0131_048  0.000-10.56  1.30  1.10  0.00 -8.16 0.502  00  03T0F0M000  1.000
ARG03A0131_049  0.000-11.68  0.63  3.45  0.00 -7.59 0.502  00  03T054M000  1.000
ARG03A0131_050  0.000-12.48  0.53  3.13  0.00 -8.82 0.502  00  03T12DM000  1.000
ARG03A0131_051  0.000-12.84  5.13  3.01  0.00 -4.71 0.502  00  03T02BM000  1.000
ARG03A0131_052  0.000-10.48  1.33  3.55  0.00 -5.60 0.501  00  03T0C9M000  1.000
ARG03A0131_053  0.000-11.82  5.47  3.06  0.00 -3.29 0.502  00  03T0CBM000  1.000
ARG03A0131_054  0.000-13.13  1.30  0.56  0.00-11.27 0.502  00  03T0ECM000  1.000
ARG03A0131_055  0.000 -8.44  1.56  1.30  0.00 -5.57 0.502  00  03T0F7M000  1.000
ARG03A0131_056  0.000-12.31  2.02  3.99  0.00 -6.30 0.502  00  03T11CM000  1.000
ARG03A0131_057  0.000-12.26  0.62  0.51  0.00-11.13 0.501  00  03T0B0M000  1.000
ARG03A0131_058  0.000-11.06  1.99  6.32  0.00 -2.75 0.501  00  03T119M000  1.000
ARG03A0131_059  0.000-12.69  2.04  3.98  0.00 -6.67 0.501  00  03T11BM000  1.000
ARG03A0131_060  0.000-13.13  0.97  0.68  0.00-11.48 0.501  00  03T12FM000  1.000
ARG+1A0131_061  1.000-12.67  1.33  0.61  0.00-10.72 0.501  00  +1O000M000  1.000
ARG+1A0131_062  1.000-12.21  1.44  5.21  0.00 -5.56 0.502  00  +1E0ADM000  1.000
ARG+1A0131_063  1.000-12.24  0.62  0.51  0.00-11.11 0.501  00  +1E0B0M000  1.000
ARG+1A0131_064  1.000-10.48  1.29  1.12  0.00 -8.07 0.502  00  +1E0F0M000  1.000
ARG+1A0131_065  1.000 -8.48  1.57  1.30  0.00 -5.61 0.502  00  +1E0F7M000  1.000
ARG+1A0131_066  1.000-11.10  1.99  6.33  0.00 -2.78 0.501  00  +1E119M000  1.000
ARG+1A0131_067  1.000-12.28  2.02  4.00  0.00 -6.27 0.502  00  +1E11CM000  1.000
ARG+1A0131_068  1.000-12.02  0.62  1.13  0.00-10.27 0.502  00  +1E126M000  1.000
ARG+1A0131_069  1.000-13.14  1.48  5.35  0.00 -6.31 0.501  00  +1T01DM000  1.000
ARG+1A0131_070  1.000-12.83  5.15  3.03  0.00 -4.65 0.502  00  +1T02BM000  1.000
ARG+1A0131_071  1.000-11.16  0.82  3.45  0.00 -6.89 0.502  00  +1T04FM000  1.000
ARG+1A0131_072  1.000-11.62  0.63  3.50  0.00 -7.49 0.502  00  +1T054M000  1.000
ARG+1A0131_073  1.000-11.56  1.30  1.11  0.00 -9.14 0.502  00  +1T06FM000  1.000
ARG+1A0131_074  1.000-13.27  0.68  0.50  0.00-12.09 0.502  00  +1T0B5M000  1.000
ARG+1A0131_075  1.000-10.46  1.33  3.56  0.00 -5.57 0.501  00  +1T0C9M000  1.000
ARG+1A0131_076  1.000-12.05  5.54  3.08  0.00 -3.43 0.502  00  +1T0CBM000  1.000
ARG+1A0131_077  1.000-13.22  1.30  0.56  0.00-11.36 0.502  00  +1T0ECM000  1.000
ARG+1A0131_078  1.000-12.73  2.05  3.98  0.00 -6.70 0.501  00  +1T11BM000  1.000
ARG+1A0131_079  1.000-12.52  0.53  3.13  0.00 -8.85 0.502  00  +1T12DM000  1.000
ARG+1A0131_080  1.000-13.30  0.98  0.68  0.00-11.64 0.501  00  +1T12FM000  1.000
