iConf CONFORMER     FL  occ    crg   Em0  pKa0 ne nH    vdw0    vdw1    tors    epol   dsolv   extra    history
00001 ARG01A0131_001 f 0.00  0.000     0  0.00  0  0 -12.557   1.345   0.611  -0.017  -0.039   0.000 01O000M000t
00002 ARG01A0131_002 f 0.00  0.000     0  0.00  0  0 -11.290   0.943   4.133   0.047  -0.061   0.000 01E04FM000t
00003 ARG01A0131_003 f 0.00  0.000     0  0.00  0  0 -11.734   1.315   1.130   0.086   0.056   0.000 01E06FM000t
00004 ARG01A0131_004 f 0.00  0.000     0  0.00  0  0 -10.560   1.326   3.568  -0.004  -0.032   0.000 01E0C9M000t
00005 ARG01A0131_005 f 0.00  0.000     0  0.00  0  0 -13.285   1.299   0.563   0.241   0.015   0.000 01E0ECM000t
00006 ARG01A0131_006 f 0.00  0.000     0  0.00  0  0  -9.196   1.663   1.392   0.133   0.085   0.000 01E0F7M000t
00007 ARG01A0131_007 f 0.00  0.000     0  0.00  0  0 -12.416   2.008   4.018   0.035   0.132   0.000 01E11CM000t
00008 ARG01A0131_008 f 0.00  0.000     0  0.00  0  0 -11.941   0.621   1.129   0.056   0.064   0.000 01E126M000t
00009 ARG01A0131_009 f 0.00  0.000     0  0.00  0  0 -12.383   0.582   3.130  -0.036   0.288   0.000 01E12DM000t
00010 ARG01A0131_010 f 0.00  0.000     0  0.00  0  0 -13.004   1.476   5.412   0.010  -0.093   0.000 01T01DM000t
00011 ARG01A0131_011 f 0.00  0.000     0  0.00  0  0 -13.306   8.367   3.266   0.398   0.402   0.000 01T02BM000t
00012 ARG01A0131_012 f 0.00  0.000     0  0.00  0  0 -12.132   0.871   4.011   0.053   0.024   0.000 01T054M000t
00013 ARG01A0131_013 f 0.00  0.000     0  0.00  0  0 -12.132   1.434   5.366   0.032   0.138   0.000 01T0ADM000t
00014 ARG01A0131_014 f 0.00  0.000     0  0.00  0  0 -12.049   0.639   0.551  -0.014   0.198   0.000 01T0B0M000t
00015 ARG01A0131_015 f 0.00  0.000     0  0.00  0  0 -13.291   0.680   0.508   0.030   0.122   0.000 01T0B5M000t
00016 ARG01A0131_016 f 0.00  0.000     0  0.00  0  0 -11.876   5.262   3.113  -0.063  -0.322   0.000 01T0CBM000t
00017 ARG01A0131_017 f 0.00  0.000     0  0.00  0  0 -10.799   1.394   1.215   0.041  -0.056   0.000 01T0F0M000t
00018 ARG01A0131_018 f 0.00  0.000     0  0.00  0  0 -11.350   2.022   6.598   0.045  -0.161   0.000 01T119M000t
00019 ARG01A0131_019 f 0.00  0.000     0  0.00  0  0 -12.878   2.017   4.106   0.034   0.050   0.000 01T11BM000t
00020 ARG01A0131_020 f 0.00  0.000     0  0.00  0  0 -13.314   0.970   0.696   0.227  -0.021   0.000 01T12FM000t
00021 ARG02A0131_021 f 0.00  0.000     0  0.00  0  0 -12.474   1.439   5.199   0.031   0.738   0.000 02E0ADM000t
00022 ARG02A0131_022 f 0.00  0.000     0  0.00  0  0 -12.568   1.332   0.611   0.019   0.810   0.000 02O000M000t
00023 ARG02A0131_023 f 0.00  0.000     0  0.00  0  0 -11.595   0.635   3.487   0.053   0.814   0.000 02E054M000t
00024 ARG02A0131_024 f 0.00  0.000     0  0.00  0  0 -11.850   5.510   3.072   0.000   0.643   0.000 02E0CBM000t
00025 ARG02A0131_025 f 0.00  0.000     0  0.00  0  0 -10.377   1.288   1.112   0.013   0.450   0.000 02E0F0M000t
00026 ARG02A0131_026 f 0.00  0.000     0  0.00  0  0 -12.638   2.044   3.980   0.042   0.475   0.000 02E11BM000t
00027 ARG02A0131_027 f 0.00  0.000     0  0.00  0  0 -11.301   0.826   3.442   0.050   0.992   0.000 02T04FM000t
00028 ARG02A0131_028 f 0.00  0.000     0  0.00  0  0 -13.130   1.299   0.558   0.224   0.994   0.000 02T0ECM000t
00029 ARG02A0131_029 f 0.00  0.000     0  0.00  0  0 -11.932   0.629   1.128   0.047   0.787   0.000 02T126M000t
00030 ARG02A0131_030 f 0.00  0.000     0  0.00  0  0 -13.224   0.989   0.670   0.197   1.016   0.000 02T12FM000t
00031 ARG02A0131_031 f 0.00  0.000     0  0.00  0  0 -12.263   0.620   0.512   0.001   0.948   0.000 02T0B0M000t
00032 ARG02A0131_032 f 0.00  0.000     0  0.00  0  0 -10.419   1.330   3.559   0.014   0.830   0.000 02T0C9M000t
00033 ARG02A0131_033 f 0.00  0.000     0  0.00  0  0 -12.338   2.019   3.989   0.043   1.035   0.000 02T11CM000t
00034 ARG02A0131_034 f 0.00  0.000     0  0.00  0  0 -13.143   1.477   5.346   0.035   0.573   0.000 02T01DM000t
00035 ARG02A0131_035 f 0.00  0.000     0  0.00  0  0  -9.201   1.583   1.292  -0.000   0.680   0.000 02T0F7M000t
00036 ARG02A0131_036 f 0.00  0.000     0  0.00  0  0 -11.000   1.987   6.328   0.031   0.658   0.000 02T119M000t
00037 ARG02A0131_037 f 0.00  0.000     0  0.00  0  0 -12.412   0.535   3.127   0.031   0.638   0.000 02T12DM000t
00038 ARG02A0131_038 f 0.00  0.000     0  0.00  0  0 -12.854   5.092   3.027  -0.164   0.930   0.000 02T02BM000t
00039 ARG02A0131_039 f 0.00  0.000     0  0.00  0  0 -11.403   1.314   1.104   0.043   0.769   0.000 02T06FM000t
00040 ARG02A0131_040 f 0.00  0.000     0  0.00  0  0 -13.246   0.673   0.494  -0.001   0.706   0.000 02T0B5M000t
00041 ARG03A0131_041 f 0.00  0.000     0  0.00  0  0 -12.629   1.331   0.611   0.017   0.889   0.000 03O000M000t
00042 ARG03A0131_042 f 0.00  0.000     0  0.00  0  0 -11.275   0.821   3.426   0.051   0.779   0.000 03E04FM000t
00043 ARG03A0131_043 f 0.00  0.000     0  0.00  0  0 -12.298   1.442   5.189   0.031   0.884   0.000 03E0ADM000t
00044 ARG03A0131_044 f 0.00  0.000     0  0.00  0  0 -11.479   1.302   1.113   0.074   1.020   0.000 03E06FM000t
00045 ARG03A0131_045 f 0.00  0.000     0  0.00  0  0 -13.158   0.673   0.498   0.027   0.809   0.000 03E0B5M000t
00046 ARG03A0131_046 f 0.00  0.000     0  0.00  0  0 -11.981   0.624   1.127   0.054   0.954   0.000 03E126M000t
00047 ARG03A0131_047 f 0.00  0.000     0  0.00  0  0 -13.174   1.473   5.301   0.042   0.742   0.000 03T01DM000t
00048 ARG03A0131_048 f 0.00  0.000     0  0.00  0  0 -10.562   1.301   1.102   0.029   0.682   0.000 03T0F0M000t
00049 ARG03A0131_049 f 0.00  0.000     0  0.00  0  0 -11.677   0.632   3.453   0.058   0.740   0.000 03T054M000t
00050 ARG03A0131_050 f 0.00  0.000     0  0.00  0  0 -12.477   0.532   3.126   0.046   1.141   0.000 03T12DM000t
00051 ARG03A0131_051 f 0.00  0.000     0  0.00  0  0 -12.843   5.129   3.009  -0.073   0.837   0.000 03T02BM000t
00052 ARG03A0131_052 f 0.00  0.000     0  0.00  0  0 -10.474   1.333   3.552  -0.003   0.949   0.000 03T0C9M000t
00053 ARG03A0131_053 f 0.00  0.000     0  0.00  0  0 -11.886   5.468   3.060  -0.052   0.843   0.000 03T0CBM000t
00054 ARG03A0131_054 f 0.00  0.000     0  0.00  0  0 -13.133   1.300   0.558   0.209   0.895   0.000 03T0ECM000t
00055 ARG03A0131_055 f 0.00  0.000     0  0.00  0  0  -8.414   1.561   1.303   0.113   1.038   0.000 03T0F7M000t
00056 ARG03A0131_056 f 0.00  0.000     0  0.00  0  0 -12.307   2.018   3.991   0.036   0.850   0.000 03T11CM000t
00057 ARG03A0131_057 f 0.00  0.000     0  0.00  0  0 -12.264   0.620   0.509  -0.007   0.990   0.000 03T0B0M000t
00058 ARG03A0131_058 f 0.00  0.000     0  0.00  0  0 -11.057   1.988   6.320   0.045   0.536   0.000 03T119M000t
00059 ARG03A0131_059 f 0.00  0.000     0  0.00  0  0 -12.692   2.043   3.979   0.042   0.777   0.000 03T11BM000t
00060 ARG03A0131_060 f 0.00  0.000     0  0.00  0  0 -13.135   0.973   0.676   0.217   0.787   0.000 03T12FM000t
00061 ARG+1A0131_061 f 0.00  1.000     0 12.50  0  1 -12.668   1.331   0.611   0.148  -0.201   0.000 +1O000M000t
00062 ARG+1A0131_062 f 0.00  1.000     0 12.50  0  1 -12.205   1.437   5.213   0.129  -0.293   0.000 +1E0ADM000t
00063 ARG+1A0131_063 f 0.00  1.000     0 12.50  0  1 -12.239   0.621   0.513   0.121  -0.336   0.000 +1E0B0M000t
00064 ARG+1A0131_064 f 0.00  1.000     0 12.50  0  1 -10.479   1.287   1.116   0.228  -0.264   0.000 +1E0F0M000t
00065 ARG+1A0131_065 f 0.00  1.000     0 12.50  0  1  -8.479   1.569   1.302   0.290  -0.145   0.000 +1E0F7M000t
00066 ARG+1A0131_066 f 0.00  1.000     0 12.50  0  1 -11.117   1.987   6.331   0.143  -0.356   0.000 +1E119M000t
00067 ARG+1A0131_067 f 0.00  1.000     0 12.50  0  1 -12.275   2.018   3.995   0.147  -0.155   0.000 +1E11CM000t
00068 ARG+1A0131_068 f 0.00  1.000     0 12.50  0  1 -12.027   0.625   1.131   0.166  -0.173   0.000 +1E126M000t
00069 ARG+1A0131_069 f 0.00  1.000     0 12.50  0  1 -13.198   1.478   5.353   0.144  -0.189   0.000 +1T01DM000t
00070 ARG+1A0131_070 f 0.00  1.000     0 12.50  0  1 -12.834   5.150   3.033  -0.676   0.390   0.000 +1T02BM000t
00071 ARG+1A0131_071 f 0.00  1.000     0 12.50  0  1 -11.166   0.825   3.448   0.135  -0.170   0.000 +1T04FM000t
00072 ARG+1A0131_072 f 0.00  1.000     0 12.50  0  1 -11.621   0.634   3.498   0.137  -0.269   0.000 +1T054M000t
00073 ARG+1A0131_073 f 0.00  1.000     0 12.50  0  1 -11.559   1.304   1.113   0.223  -0.148   0.000 +1T06FM000t
00074 ARG+1A0131_074 f 0.00  1.000     0 12.50  0  1 -13.272   0.673   0.501   0.114  -0.232   0.000 +1T0B5M000t
00075 ARG+1A0131_075 f 0.00  1.000     0 12.50  0  1 -10.461   1.331   3.561   0.025  -0.251   0.000 +1T0C9M000t
00076 ARG+1A0131_076 f 0.00  1.000     0 12.50  0  1 -12.043   5.532   3.080  -0.081  -0.197   0.000 +1T0CBM000t
00077 ARG+1A0131_077 f 0.00  1.000     0 12.50  0  1 -13.165   1.296   0.563   0.535  -0.137   0.000 +1T0ECM000t
00078 ARG+1A0131_078 f 0.00  1.000     0 12.50  0  1 -12.737   2.043   3.983   0.145  -0.204   0.000 +1T11BM000t
00079 ARG+1A0131_079 f 0.00  1.000     0 12.50  0  1 -12.515   0.533   3.133   0.347   0.144   0.000 +1T12DM000t
00080 ARG+1A0131_080 f 0.00  1.000     0 12.50  0  1 -13.304   0.976   0.680   0.433  -0.315   0.000 +1T12FM000t
