iConf CONFORMER     FL  occ    crg   Em0  pKa0 ne nH    vdw0    vdw1    tors    epol   dsolv   extra    history
00001 ASP01A0145_001 f 0.00  0.000     0  0.00  0  0  -4.481   5.002   3.577   0.540  -0.097   0.000 01O000M000t
00002 ASP01A0145_002 f 0.00  0.000     0  0.00  0  0  -4.305   1.877   3.961   0.820  -0.001   0.000 01E001M000t
00003 ASP01A0145_003 f 0.00  0.000     0  0.00  0  0  -4.333   1.071   3.926   0.377  -0.484   0.000 01E005M000t
00004 ASP01A0145_004 f 0.00  0.000     0  0.00  0  0  -4.277   2.603   3.954   1.239  -0.222   0.000 01E006M000t
00005 ASP01A0145_005 f 0.00  0.000     0  0.00  0  0  -3.711   0.927   3.886   0.172  -0.593   0.000 01E007M000t
00006 ASP01A0145_006 f 0.00  0.000     0  0.00  0  0  -4.301   1.200   3.984   0.328  -0.554   0.000 01E00CM000t
00007 ASP01A0145_007 f 0.00  0.000     0  0.00  0  0  -4.481   5.002   0.857   0.162   0.392   0.000 01O000M000t
00008 ASP01A0145_008 f 0.00  0.000     0  0.00  0  0  -4.268   1.137   0.483   0.135   0.432   0.000 01E003M000t
00009 ASP01A0145_009 f 0.00  0.000     0  0.00  0  0  -4.183   1.128   2.353   0.290   0.548   0.000 01E00AM000t
00010 ASP01A0145_010 f 0.00  0.000     0  0.00  0  0  -3.667   0.401   2.269   0.312   0.288   0.000 01E00DM000t
00011 ASP01A0145_011 f 0.00  0.000     0  0.00  0  0  -4.248   2.480   4.804   0.408  -0.037   0.000 01T00EM000t
00012 ASP01A0145_012 f 0.00  0.000     0  0.00  0  0  -4.268   1.137   3.181   0.185  -0.605   0.000 01T003M000t
00013 ASP01A0145_013 f 0.00  0.000     0  0.00  0  0  -4.183   1.128   5.057   0.513  -0.243   0.000 01T00AM000t
00014 ASP01A0145_014 f 0.00  0.000     0  0.00  0  0  -3.713   0.927   1.152   0.149   0.458   0.000 01T007M000t
00015 ASP01A0145_015 f 0.00  0.000     0  0.00  0  0  -3.647   1.109   1.140   0.441   0.449   0.000 01T009M000t
00016 ASP01A0145_016 f 0.00  0.000     0  0.00  0  0  -4.359   1.429   1.166   0.200   0.354   0.000 01T005M000t
00017 ASP01A0145_017 f 0.00  0.000     0  0.00  0  0  -4.333   2.607   1.243   0.094   0.434   0.000 01T006M000t
00018 ASP01A0145_018 f 0.00  0.000     0  0.00  0  0  -4.138   2.084   1.233   0.375   0.380   0.000 01T008M000t
00019 ASP02A0145_019 f 0.00  0.000     0  0.00  0  0  -4.370   3.886   3.577   0.131  -0.683   0.000 02O000M000t
00020 ASP02A0145_020 f 0.00  0.000     0  0.00  0  0  -4.075   1.129   3.922   0.851  -0.266   0.000 02E007M000t
00021 ASP02A0145_021 f 0.00  0.000     0  0.00  0  0  -3.938   1.100   4.732   0.348  -0.304   0.000 02E00BM000t
00022 ASP02A0145_022 f 0.00  0.000     0  0.00  0  0  -4.370   3.886   0.857   0.122   0.569   0.000 02O000M000t
00023 ASP02A0145_023 f 0.00  0.000     0  0.00  0  0  -4.343   1.508   0.493   0.175   0.519   0.000 02E003M000t
00024 ASP02A0145_024 f 0.00  0.000     0  0.00  0  0  -4.078   1.185   1.204   0.193   0.526   0.000 02E007M000t
00025 ASP02A0145_025 f 0.00  0.000     0  0.00  0  0  -3.870   0.426   4.981   0.455  -0.308   0.000 02T00DM000t
00026 ASP02A0145_026 f 0.00  0.000     0  0.00  0  0  -4.343   1.511   3.189   0.463  -0.207   0.000 02T003M000t
00027 ASP02A0145_027 f 0.00  0.000     0  0.00  0  0  -4.246   0.894   3.921   0.226  -0.523   0.000 02T005M000t
00028 ASP02A0145_028 f 0.00  0.000     0  0.00  0  0  -4.398   2.427   3.899   0.018  -0.727   0.000 02T006M000t
00029 ASP02A0145_029 f 0.00  0.000     0  0.00  0  0  -4.217   2.138   3.888   0.510  -0.656   0.000 02T008M000t
00030 ASP02A0145_030 f 0.00  0.000     0  0.00  0  0  -3.816   1.395   3.926   0.585  -0.373   0.000 02T009M000t
00031 ASP02A0145_031 f 0.00  0.000     0  0.00  0  0  -4.286   0.851   5.078   0.365  -0.948   0.000 02T00AM000t
00032 ASP02A0145_032 f 0.00  0.000     0  0.00  0  0  -4.224   2.028   4.784   0.305  -0.554   0.000 02T00EM000t
00033 ASP02A0145_033 f 0.00  0.000     0  0.00  0  0  -4.134   1.764   1.164   0.394   0.533   0.000 02T008M000t
00034 ASP02A0145_034 f 0.00  0.000     0  0.00  0  0  -3.826   1.315   1.165   0.421   0.486   0.000 02T009M000t
00035 ASP02A0145_035 f 0.00  0.000     0  0.00  0  0  -3.953   1.105   2.009   0.268   0.414   0.000 02T00BM000t
00036 ASP02A0145_036 f 0.00  0.000     0  0.00  0  0  -4.246   0.894   1.201   0.178   0.625   0.000 02T005M000t
00037 ASP02A0145_037 f 0.00  0.000     0  0.00  0  0  -4.398   2.427   1.179  -0.077   0.602   0.000 02T006M000t
00038 ASP02A0145_038 f 0.00  0.000     0  0.00  0  0  -4.224   2.028   2.064   0.274   0.703   0.000 02T00EM000t
00039 ASP-1A0145_039 f 0.00 -1.000     0  4.75  0 -1  -4.318   3.906   0.857  -0.340   0.052   0.000 -1O000M000t
00040 ASP-1A0145_040 f 0.00 -1.000     0  4.75  0 -1  -4.291   0.882   1.101  -0.293  -0.043   0.000 -1E005M000t
00041 ASP-1A0145_041 f 0.00 -1.000     0  4.75  0 -1  -4.250   2.371   1.075  -0.678   0.149   0.000 -1E006M000t
00042 ASP-1A0145_042 f 0.00 -1.000     0  4.75  0 -1  -3.764   0.945   1.054  -0.464  -0.002   0.000 -1E007M000t
00043 ASP-1A0145_043 f 0.00 -1.000     0  4.75  0 -1  -4.099   1.705   1.043  -0.334   0.075   0.000 -1E008M000t
00044 ASP-1A0145_044 f 0.00 -1.000     0  4.75  0 -1  -3.874   1.050   1.054  -0.317   0.087   0.000 -1E009M000t
00045 ASP-1A0145_045 f 0.00 -1.000     0  4.75  0 -1  -4.195   2.138   1.955  -0.289   0.140   0.000 -1E00EM000t
