CONFORMER         crg  vdw0  vdw1  tors  epol  self   occ  Hb     history    ASA
ASP01A0145_001  0.000 -4.48  5.00  3.58  0.00  4.10 0.000  00  01O000M000  1.000
ASP01A0145_002  0.000 -4.30  1.88  3.96  0.00  1.53 0.538  00  01E001M000  1.003
ASP01A0145_003  0.000 -4.33  1.07  3.92  0.00  0.66 0.536  00  01E005M000  1.011
ASP01A0145_004  0.000 -4.31  2.60  3.95  0.00  2.24 0.536  00  01E006M000  1.059
ASP01A0145_005  0.000 -3.71  0.93  3.89  0.00  1.10 0.538  00  01E007M000  1.028
ASP01A0145_006  0.000 -4.30  1.20  3.98  0.00  0.89 0.537  00  01E00CM000  1.025
ASP01A0145_007  0.000 -4.48  5.00  0.86  0.00  1.38 0.000  00  01O000M000  1.000
ASP01A0145_008  0.000 -4.27  1.14  0.48  0.00 -2.65 0.533  00  01E003M000  1.009
ASP01A0145_009  0.000 -4.18  1.13  2.35  0.00 -0.70 0.537  00  01E00AM000  1.008
ASP01A0145_010  0.000 -3.67  0.40  2.27  0.00 -0.99 0.535  00  01E00DM000  1.014
ASP01A0145_011  0.000 -4.25  2.48  4.80  0.00  3.03 0.533  00  01T00EM000  1.024
ASP01A0145_012  0.000 -4.27  1.14  3.18  0.00  0.05 0.533  00  01T003M000  1.009
ASP01A0145_013  0.000 -4.18  1.13  5.06  0.00  2.00 0.537  00  01T00AM000  1.008
ASP01A0145_014  0.000 -3.71  0.93  1.15  0.00 -1.63 0.538  00  01T007M000  1.028
ASP01A0145_015  0.000 -3.65  1.11  1.14  0.00 -1.41 0.536  00  01T009M000  1.000
ASP01A0145_016  0.000 -4.36  1.43  1.17  0.00 -1.76 0.536  00  01T005M000  1.000
ASP01A0145_017  0.000 -4.37  2.61  1.24  0.00 -0.52 0.536  00  01T006M000  1.080
ASP01A0145_018  0.000 -4.14  2.08  1.23  0.00 -0.83 0.535  00  01T008M000  1.000
ASP02A0145_019  0.000 -4.37  3.89  3.58  0.00  3.10 0.000  00  02O000M000  1.000
ASP02A0145_020  0.000 -4.07  1.13  3.92  0.00  0.97 0.538  00  02E007M000  1.053
ASP02A0145_021  0.000 -3.94  1.10  4.73  0.00  1.89 0.533  00  02E00BM000  1.009
ASP02A0145_022  0.000 -4.37  3.89  0.86  0.00  0.38 0.000  00  02O000M000  1.000
ASP02A0145_023  0.000 -4.34  1.51  0.49  0.00 -2.34 0.533  00  02E003M000  1.003
ASP02A0145_024  0.000 -4.08  1.18  1.20  0.00 -1.70 0.538  00  02E007M000  1.053
ASP02A0145_025  0.000 -3.88  0.43  4.98  0.00  1.52 0.535  00  02T00DM000  1.000
ASP02A0145_026  0.000 -4.34  1.51  3.19  0.00  0.36 0.533  00  02T003M000  1.003
ASP02A0145_027  0.000 -4.25  0.90  3.92  0.00  0.57 0.536  00  02T005M000  1.009
ASP02A0145_028  0.000 -4.40  2.42  3.90  0.00  1.92 0.536  00  02T006M000  1.054
ASP02A0145_029  0.000 -4.22  2.13  3.89  0.00  1.80 0.535  00  02T008M000  1.016
ASP02A0145_030  0.000 -3.82  1.40  3.92  0.00  1.51 0.536  00  02T009M000  1.000
ASP02A0145_031  0.000 -4.29  0.85  5.08  0.00  1.64 0.537  00  02T00AM000  1.015
ASP02A0145_032  0.000 -4.22  2.03  4.78  0.00  2.59 0.533  00  02T00EM000  1.025
ASP02A0145_033  0.000 -4.13  1.76  1.16  0.00 -1.21 0.535  00  02T008M000  1.000
ASP02A0145_034  0.000 -3.83  1.31  1.16  0.00 -1.35 0.536  00  02T009M000  1.000
ASP02A0145_035  0.000 -3.95  1.10  2.01  0.00 -0.84 0.533  00  02T00BM000  1.012
ASP02A0145_036  0.000 -4.25  0.90  1.20  0.00 -2.15 0.536  00  02T005M000  1.009
ASP02A0145_037  0.000 -4.40  2.42  1.18  0.00 -0.80 0.536  00  02T006M000  1.054
ASP02A0145_038  0.000 -4.22  2.03  2.06  0.00 -0.13 0.533  00  02T00EM000  1.025
ASP-1A0145_039 -1.000 -4.32  3.91  0.86  0.00  0.45 0.000  00  -1O000M000  1.000
ASP-1A0145_040 -1.000 -4.29  0.88  1.10  0.00 -2.31 0.536  00  -1E005M000  1.003
ASP-1A0145_041 -1.000 -4.25  2.38  1.07  0.00 -0.80 0.536  00  -1E006M000  1.025
ASP-1A0145_042 -1.000 -3.76  0.94  1.05  0.00 -1.76 0.538  00  -1E007M000  1.032
ASP-1A0145_043 -1.000 -4.10  1.71  1.04  0.00 -1.35 0.535  00  -1E008M000  1.008
ASP-1A0145_044 -1.000 -3.87  1.05  1.05  0.00 -1.77 0.536  00  -1E009M000  1.000
ASP-1A0145_045 -1.000 -4.19  2.14  1.95  0.00 -0.11 0.533  00  -1E00EM000  1.024
