   confID        vdw0    sas     sum
ASP01A0145_001   0.019  -4.500  -4.481
ASP01A0145_002   0.244  -4.548  -4.305
ASP01A0145_003   0.232  -4.565  -4.333
ASP01A0145_004   0.248  -4.525  -4.277
ASP01A0145_005   0.765  -4.477  -3.711
ASP01A0145_006   0.255  -4.556  -4.301
ASP01A0145_007   0.019  -4.500  -4.481
ASP01A0145_008   0.249  -4.516  -4.268
ASP01A0145_009   0.257  -4.440  -4.183
ASP01A0145_010   0.769  -4.436  -3.667
ASP01A0145_011   0.189  -4.437  -4.248
ASP01A0145_012   0.249  -4.516  -4.268
ASP01A0145_013   0.257  -4.440  -4.183
ASP01A0145_014   0.764  -4.477  -3.713
ASP01A0145_015   0.772  -4.419  -3.647
ASP01A0145_016   0.193  -4.552  -4.359
ASP01A0145_017   0.247  -4.580  -4.333
ASP01A0145_018   0.262  -4.400  -4.138
ASP02A0145_019   0.069  -4.439  -4.370
ASP02A0145_020   0.593  -4.668  -4.075
ASP02A0145_021   0.506  -4.444  -3.938
ASP02A0145_022   0.069  -4.439  -4.370
ASP02A0145_023   0.155  -4.498  -4.343
ASP02A0145_024   0.590  -4.668  -4.078
ASP02A0145_025   0.614  -4.484  -3.870
ASP02A0145_026   0.154  -4.498  -4.343
ASP02A0145_027   0.260  -4.507  -4.246
ASP02A0145_028   0.275  -4.673  -4.398
ASP02A0145_029   0.281  -4.498  -4.217
ASP02A0145_030   0.597  -4.412  -3.816
ASP02A0145_031   0.297  -4.583  -4.286
ASP02A0145_032   0.210  -4.434  -4.224
ASP02A0145_033   0.291  -4.425  -4.134
ASP02A0145_034   0.600  -4.425  -3.826
ASP02A0145_035   0.504  -4.457  -3.953
ASP02A0145_036   0.260  -4.507  -4.246
ASP02A0145_037   0.275  -4.673  -4.398
ASP02A0145_038   0.210  -4.434  -4.224
ASP-1A0145_039   0.014  -4.332  -4.318
ASP-1A0145_040   0.179  -4.470  -4.291
ASP-1A0145_041   0.198  -4.448  -4.250
ASP-1A0145_042   0.555  -4.319  -3.764
ASP-1A0145_043   0.203  -4.302  -4.099
ASP-1A0145_044   0.561  -4.435  -3.874
ASP-1A0145_045   0.150  -4.345  -4.195
