iConf CONFORMER     FL  occ    crg   Em0  pKa0 ne nH    vdw0    vdw1    tors    epol   dsolv   extra    history
00001 LYS01A0110_001 f 0.00  0.000     0  0.00  0  0 -12.041   1.499   1.032  -0.025  -0.071   0.000 01O000M000t
00002 LYS01A0110_002 f 0.00  0.000     0  0.00  0  0  -8.792   2.392   4.868  -0.013  -0.185   0.000 01E02DM000t
00003 LYS01A0110_003 f 0.00  0.000     0  0.00  0  0  -9.904   0.473   0.951  -0.016  -0.035   0.000 01E03BM000t
00004 LYS01A0110_004 f 0.00  0.000     0  0.00  0  0 -10.114   0.799   1.351  -0.020   0.148   0.000 01E05AM000t
00005 LYS01A0110_005 f 0.00  0.000     0  0.00  0  0 -10.860   2.515   6.901  -0.009   0.083   0.000 01E069M000t
00006 LYS01A0110_006 f 0.00  0.000     0  0.00  0  0 -10.663   1.024   4.203  -0.011  -0.043   0.000 01E081M000t
00007 LYS01A0110_007 f 0.00  0.000     0  0.00  0  0  -9.313   1.335   1.104  -0.055  -0.048   0.000 01E095M000t
00008 LYS01A0110_008 f 0.00  0.000     0  0.00  0  0  -9.867   1.666   6.620  -0.026   0.050   0.000 01E0A0M000t
00009 LYS01A0110_009 f 0.00  0.000     0  0.00  0  0  -7.911   2.175   4.838  -0.036   0.144   0.000 01E0E8M000t
00010 LYS01A0110_010 f 0.00  0.000     0  0.00  0  0  -7.431   0.825   4.756  -0.016  -0.011   0.000 01E0EDM000t
00011 LYS01A0110_011 f 0.00  0.000     0  0.00  0  0  -9.028   0.682   4.202  -0.036  -0.009   0.000 01E0F3M000t
00012 LYS01A0110_012 f 0.00  0.000     0  0.00  0  0  -9.492   2.186   4.211  -0.024   0.020   0.000 01T026M000t
00013 LYS01A0110_013 f 0.00  0.000     0  0.00  0  0 -11.085   0.595   3.558  -0.009   0.019   0.000 01T07DM000t
00014 LYS01A0110_014 f 0.00  0.000     0  0.00  0  0 -10.262   0.961   1.455  -0.005   0.063   0.000 01T07FM000t
00015 LYS01A0110_015 f 0.00  0.000     0  0.00  0  0 -10.981   2.812   0.803  -0.023   0.021   0.000 01T084M000t
00016 LYS01A0110_016 f 0.00  0.000     0  0.00  0  0 -11.096   3.682   3.605   0.006  -0.050   0.000 01T08AM000t
00017 LYS01A0110_017 f 0.00  0.000     0  0.00  0  0 -10.123   1.147   3.890  -0.034  -0.043   0.000 01T094M000t
00018 LYS01A0110_018 f 0.00  0.000     0  0.00  0  0  -9.132   1.474   4.236   0.000   0.051   0.000 01T0DFM000t
00019 LYS01A0110_019 f 0.00  0.000     0  0.00  0  0  -8.112   0.795   1.433   0.430   0.251   0.000 01T0F2M000t
00020 LYS01A0110_020 f 0.00  0.000     0  0.00  0  0 -10.093   3.459   3.704  -0.014   0.050   0.000 01T127M000t
00021 LYS+1A0110_021 f 0.00  1.000     0 10.40  0  1 -12.087   1.498   1.032   0.127  -0.240   0.000 +1O000M000t
00022 LYS+1A0110_022 f 0.00  1.000     0 10.40  0  1  -9.569   2.187   4.214   0.120  -0.155   0.000 +1E026M000t
00023 LYS+1A0110_023 f 0.00  1.000     0 10.40  0  1  -9.934   0.471   0.949   0.069  -0.292   0.000 +1E03BM000t
00024 LYS+1A0110_024 f 0.00  1.000     0 10.40  0  1 -10.914   2.510   6.909   0.077  -0.259   0.000 +1E069M000t
00025 LYS+1A0110_025 f 0.00  1.000     0 10.40  0  1 -11.099   0.592   3.580   0.034  -0.348   0.000 +1E07DM000t
00026 LYS+1A0110_026 f 0.00  1.000     0 10.40  0  1 -10.329   0.958   1.455   0.106  -0.189   0.000 +1E07FM000t
00027 LYS+1A0110_027 f 0.00  1.000     0 10.40  0  1 -11.083   2.845   0.804   0.093  -0.014   0.000 +1E084M000t
00028 LYS+1A0110_028 f 0.00  1.000     0 10.40  0  1 -11.144   3.674   3.610  -0.033  -0.191   0.000 +1E08AM000t
00029 LYS+1A0110_029 f 0.00  1.000     0 10.40  0  1 -10.298   1.139   3.895   0.260   0.083   0.000 +1E094M000t
00030 LYS+1A0110_030 f 0.00  1.000     0 10.40  0  1  -9.406   1.329   1.106   0.166   0.108   0.000 +1E095M000t
00031 LYS+1A0110_031 f 0.00  1.000     0 10.40  0  1  -9.202   1.464   4.240   0.138  -0.215   0.000 +1E0DFM000t
00032 LYS+1A0110_032 f 0.00  1.000     0 10.40  0  1  -7.987   2.172   4.838   0.163   0.037   0.000 +1E0E8M000t
00033 LYS+1A0110_033 f 0.00  1.000     0 10.40  0  1  -8.274   0.834   1.429   0.582   0.708   0.000 +1E0F2M000t
00034 LYS+1A0110_034 f 0.00  1.000     0 10.40  0  1 -10.159   3.449   3.706   0.003  -0.182   0.000 +1E127M000t
00035 LYS+1A0110_035 f 0.00  1.000     0 10.40  0  1  -8.799   2.394   4.868   0.056  -0.256   0.000 +1T02DM000t
00036 LYS+1A0110_036 f 0.00  1.000     0 10.40  0  1 -10.192   0.795   1.351   0.129  -0.001   0.000 +1T05AM000t
00037 LYS+1A0110_037 f 0.00  1.000     0 10.40  0  1 -10.722   1.028   4.218   0.055  -0.438   0.000 +1T081M000t
00038 LYS+1A0110_038 f 0.00  1.000     0 10.40  0  1  -9.922   1.673   6.634   0.121  -0.185   0.000 +1T0A0M000t
00039 LYS+1A0110_039 f 0.00  1.000     0 10.40  0  1  -7.459   0.832   4.756   0.081  -0.171   0.000 +1T0EDM000t
00040 LYS+1A0110_040 f 0.00  1.000     0 10.40  0  1  -9.032   0.673   4.207  -0.009  -0.087   0.000 +1T0F3M000t
