CONFORMER         crg  vdw0  vdw1  tors  epol  self   occ  Hb     history    ASA
LYS01A0110_001  0.000-12.04  1.50  1.03  0.00 -9.51 0.502  00  01O000M000  1.000
LYS01A0110_002  0.000-10.45  1.54  3.66  0.00 -5.25 0.502  00  01E02AM000  1.000
LYS01A0110_003  0.000 -9.47  0.61  1.44  0.00 -7.41 0.502  00  01E035M000  1.000
LYS01A0110_004  0.000-11.09  1.39  1.02  0.00 -8.68 0.502  00  01E051M000  1.000
LYS01A0110_005  0.000 -7.85  1.86  4.84  0.00 -1.15 0.501  00  01E0E7M000  1.000
LYS01A0110_006  0.000 -7.45  0.97  4.77  0.00 -1.71 0.502  00  01E0F7M000  1.000
LYS01A0110_007  0.000 -7.79  0.90  1.53  0.00 -5.37 0.501  00  01E10EM000  1.000
LYS01A0110_008  0.000 -8.96  5.50  1.50  0.00 -1.97 0.502  00  01E122M000  1.000
LYS01A0110_009  0.000 -8.84  0.59  2.09  0.00 -6.16 0.501  00  01T022M000  1.000
LYS01A0110_010  0.000-11.64  2.32  0.83  0.00 -8.49 0.501  00  01T042M000  1.000
LYS01A0110_011  0.000-10.89  1.00  3.57  0.00 -6.32 0.501  00  01T05CM000  1.000
LYS01A0110_012  0.000-10.29  2.31  4.23  0.00 -3.75 0.501  00  01T06FM000  1.000
LYS01A0110_013  0.000 -6.36  0.51  3.51  0.00 -2.34 0.501  00  01T07BM000  1.000
LYS01A0110_014  0.000 -7.58  0.77  4.74  0.00 -2.07 0.502  00  01T0A8M000  1.000
LYS01A0110_015  0.000 -9.98  0.78  3.69  0.00 -5.52 0.502  00  01T0BFM000  1.000
LYS01A0110_016  0.000 -8.00  2.23  4.30  0.00 -1.47 0.502  00  01T0E3M000  1.000
LYS01A0110_017  0.000-10.05  4.28  3.63  0.00 -2.14 0.501  00  01T0EBM000  1.000
LYS01A0110_018  0.000 -7.98  1.00  4.87  0.00 -2.10 0.502  00  01T10CM000  1.000
LYS01A0110_019  0.000-10.47  5.74  1.48  0.00 -3.25 0.501  00  01T118M000  1.000
LYS01A0110_020  0.000-10.88  2.51  3.64  0.00 -4.73 0.502  00  01T119M000  1.000
LYS+1A0110_021  1.000-12.09  1.50  1.03  0.00 -9.56 0.502  00  +1O000M000  1.000
LYS+1A0110_022  1.000 -8.88  0.58  2.09  0.00 -6.21 0.501  00  +1E022M000  1.000
LYS+1A0110_023  1.000-10.99  1.00  3.58  0.00 -6.41 0.501  00  +1E05CM000  1.000
LYS+1A0110_024  1.000-10.16  0.77  3.70  0.00 -5.69 0.502  00  +1E0BFM000  1.000
LYS+1A0110_025  1.000 -8.04  2.22  4.30  0.00 -1.53 0.502  00  +1E0E3M000  1.000
LYS+1A0110_026  1.000 -7.96  1.84  4.84  0.00 -1.28 0.501  00  +1E0E7M000  1.000
LYS+1A0110_027  1.000 -7.48  0.97  4.77  0.00 -1.74 0.502  00  +1E0F7M000  1.000
LYS+1A0110_028  1.000 -7.80  0.89  1.52  0.00 -5.38 0.501  00  +1E10EM000  1.000
LYS+1A0110_029  1.000-10.97  2.53  3.64  0.00 -4.80 0.502  00  +1E119M000  1.000
LYS+1A0110_030  1.000 -9.05  5.53  1.49  0.00 -2.03 0.502  00  +1E122M000  1.000
LYS+1A0110_031  1.000-10.61  1.54  3.66  0.00 -5.41 0.502  00  +1T02AM000  1.000
LYS+1A0110_032  1.000 -9.57  0.61  1.44  0.00 -7.51 0.502  00  +1T035M000  1.000
LYS+1A0110_033  1.000-11.71  2.32  0.84  0.00 -8.55 0.501  00  +1T042M000  1.000
LYS+1A0110_034  1.000-11.10  1.38  1.02  0.00 -8.70 0.502  00  +1T051M000  1.000
LYS+1A0110_035  1.000-10.29  2.31  4.23  0.00 -3.75 0.501  00  +1T06FM000  1.000
LYS+1A0110_036  1.000 -6.34  0.51  3.53  0.00 -2.30 0.501  00  +1T07BM000  1.000
LYS+1A0110_037  1.000 -7.63  0.77  4.74  0.00 -2.12 0.502  00  +1T0A8M000  1.000
LYS+1A0110_038  1.000-10.19  4.32  3.63  0.00 -2.24 0.501  00  +1T0EBM000  1.000
LYS+1A0110_039  1.000 -7.98  1.00  4.88  0.00 -2.10 0.502  00  +1T10CM000  1.000
LYS+1A0110_040  1.000-10.52  5.82  1.48  0.00 -3.23 0.501  00  +1T118M000  1.000
