   confID        vdw0    sas     sum
LYS01A0110_001   0.666 -12.708 -12.041
LYS01A0110_002   1.591 -12.044 -10.453
LYS01A0110_003   2.924 -12.447  -9.523
LYS01A0110_004   1.451 -12.467 -11.017
LYS01A0110_005   4.523 -12.366  -7.843
LYS01A0110_006   4.572 -11.968  -7.396
LYS01A0110_007   4.167 -11.969  -7.801
LYS01A0110_008   2.672 -11.634  -8.962
LYS01A0110_009   3.680 -12.518  -8.837
LYS01A0110_010   1.460 -13.104 -11.644
LYS01A0110_011   1.183 -12.074 -10.891
LYS01A0110_012   2.089 -12.377 -10.288
LYS01A0110_013   6.114 -12.455  -6.341
LYS01A0110_014   4.664 -12.250  -7.586
LYS01A0110_015   2.729 -12.711  -9.982
LYS01A0110_016   4.142 -12.149  -8.007
LYS01A0110_017   2.284 -12.332 -10.048
LYS01A0110_018   4.541 -12.515  -7.973
LYS01A0110_019   2.062 -12.532 -10.470
LYS01A0110_020   2.170 -13.052 -10.882
LYS+1A0110_021   0.621 -12.708 -12.087
LYS+1A0110_022   3.642 -12.518  -8.876
LYS+1A0110_023   1.135 -12.074 -10.938
LYS+1A0110_024   2.657 -12.762 -10.105
LYS+1A0110_025   4.141 -12.188  -8.047
LYS+1A0110_026   4.473 -12.417  -7.944
LYS+1A0110_027   4.537 -12.019  -7.482
LYS+1A0110_028   4.163 -11.969  -7.805
LYS+1A0110_029   2.085 -13.052 -10.967
LYS+1A0110_030   2.585 -11.634  -9.049
LYS+1A0110_031   1.534 -12.199 -10.665
LYS+1A0110_032   2.871 -12.447  -9.576
LYS+1A0110_033   1.399 -13.036 -11.637
LYS+1A0110_034   1.366 -12.467 -11.102
LYS+1A0110_035   2.020 -12.313 -10.292
LYS+1A0110_036   5.990 -12.352  -6.362
LYS+1A0110_037   4.623 -12.250  -7.628
LYS+1A0110_038   2.178 -12.371 -10.193
LYS+1A0110_039   4.462 -12.450  -7.989
LYS+1A0110_040   1.958 -12.481 -10.523
