CONFORMER         crg  vdw0  vdw1  tors  epol  self   occ  Hb     history    ASA
ARG01A0126_001  0.000-12.58  4.23  3.58  0.00 -4.76 0.503  00  01O000M000  1.000
ARG01A0126_002  0.000-12.90  3.10  6.28  0.00 -3.51 0.502  00  01E007M000  1.000
ARG01A0126_003  0.000-12.81  1.73  1.63  0.00 -9.45 0.502  00  01E018M000  1.000
ARG01A0126_004  0.000-13.89 11.29  1.04  0.00 -1.56 0.503  00  01E01FM000  1.000
ARG01A0126_005  0.000-13.92  2.28  5.21  0.00 -6.43 0.502  00  01E031M000  1.000
ARG01A0126_006  0.000-12.65  2.77  2.21  0.00 -7.67 0.502  00  01E03FM000  1.000
ARG01A0126_007  0.000-12.55  1.88  4.90  0.00 -5.77 0.503  00  01E041M000  1.000
ARG01A0126_008  0.000 -9.78  3.41  1.35  0.00 -5.02 0.504  00  01E05CM000  1.000
ARG01A0126_009  0.000-10.55  1.91  1.40  0.00 -7.24 0.502  00  01E07DM000  1.000
ARG01A0126_010  0.000-11.69  1.59  1.53  0.00 -8.57 0.502  00  01E07FM000  1.000
ARG01A0126_011  0.000-13.13  2.12  2.41  0.00 -8.60 0.502  00  01E08DM000  1.000
ARG01A0126_012  0.000-12.06  2.08  3.01  0.00 -6.97 0.502  00  01E0AEM000  1.000
ARG01A0126_013  0.000-12.02  2.09  2.42  0.00 -7.50 0.502  00  01E0B0M000  1.000
ARG01A0126_014  0.000-13.75  2.21  2.95  0.00 -8.59 0.503  00  01E0C2M000  1.000
ARG01A0126_015  0.000-12.58  2.55  2.88  0.00 -7.15 0.502  00  01T035M000  1.000
ARG01A0126_016  0.000-12.80  3.24  2.26  0.00 -7.30 0.502  00  01T066M000  1.000
ARG01A0126_017  0.000-12.58  3.37  2.50  0.00 -6.71 0.503  00  01T067M000  1.000
ARG01A0126_018  0.000-13.31  3.98  1.84  0.00 -7.50 0.503  00  01T069M000  1.000
ARG01A0126_019  0.000-13.50  2.18  2.31  0.00 -9.02 0.502  00  01T083M000  1.000
ARG01A0126_020  0.000-12.41  3.03  3.41  0.00 -5.97 0.502  00  01T0B7M000  1.000
ARG01A0126_021  0.000-12.91  2.94  2.21  0.00 -7.76 0.503  00  01T000M000  1.000
ARG02A0126_022  0.000-12.56  4.23  3.58  0.00 -4.75 0.503  00  02O000M000  1.000
ARG02A0126_023  0.000-13.90 11.21  1.03  0.00 -1.67 0.503  00  02E01FM000  1.000
ARG02A0126_024  0.000-12.83  1.37  4.85  0.00 -6.62 0.502  00  02E031M000  1.000
ARG02A0126_025  0.000-12.96  2.91  2.14  0.00 -7.90 0.502  00  02E03FM000  1.000
ARG02A0126_026  0.000-12.97  3.52  1.35  0.00 -8.09 0.503  00  02E069M000  1.000
ARG02A0126_027  0.000-12.40  3.07  5.29  0.00 -4.04 0.502  00  02T007M000  1.000
ARG02A0126_028  0.000-13.14  1.74  1.46  0.00 -9.94 0.502  00  02T018M000  1.000
ARG02A0126_029  0.000-12.39  1.93  4.85  0.00 -5.61 0.503  00  02T041M000  1.000
ARG02A0126_030  0.000-12.60  3.31  2.39  0.00 -6.89 0.503  00  02T067M000  1.000
ARG02A0126_031  0.000-12.52  2.47  2.65  0.00 -7.40 0.502  00  02T035M000  1.000
ARG02A0126_032  0.000-12.75  2.09  2.30  0.00 -8.35 0.502  00  02T08DM000  1.000
ARG02A0126_033  0.000-11.98  2.04  3.08  0.00 -6.86 0.502  00  02T0AEM000  1.000
ARG02A0126_034  0.000-12.83  3.22  3.39  0.00 -6.22 0.502  00  02T0B7M000  1.000
ARG02A0126_035  0.000-11.44  2.07  1.83  0.00 -7.54 0.502  00  02T0B0M000  1.000
ARG02A0126_036  0.000-13.63  2.21  2.94  0.00 -8.48 0.503  00  02T0C2M000  1.000
ARG02A0126_037  0.000-10.41  3.42  1.36  0.00 -5.63 0.504  00  02T05CM000  1.000
ARG02A0126_038  0.000-12.96  3.32  2.42  0.00 -7.23 0.502  00  02T066M000  1.000
ARG02A0126_039  0.000-10.59  1.93  1.46  0.00 -7.21 0.502  00  02T07DM000  1.000
ARG02A0126_040  0.000-11.56  1.57  1.51  0.00 -8.48 0.502  00  02T07FM000  1.000
ARG02A0126_041  0.000-13.17  2.15  2.31  0.00 -8.71 0.502  00  02T083M000  1.000
ARG02A0126_042  0.000-12.97  2.89  2.14  0.00 -7.94 0.503  00  02T000M000  1.000
ARG03A0126_043  0.000-13.96 11.10  1.03  0.00 -1.82 0.503  00  03E01FM000  1.000
ARG03A0126_044  0.000-12.92  2.87  2.16  0.00 -7.89 0.502  00  03E03FM000  1.000
ARG03A0126_045  0.000-12.80  3.31  2.36  0.00 -7.12 0.502  00  03E066M000  1.000
ARG03A0126_046  0.000-12.62  4.23  3.58  0.00 -4.81 0.503  00  03O000M000  1.000
ARG03A0126_047  0.000-12.53  1.92  4.85  0.00 -5.76 0.503  00  03E041M000  1.000
ARG03A0126_048  0.000-12.73  2.09  2.29  0.00 -8.34 0.502  00  03E08DM000  1.000
ARG03A0126_049  0.000-13.08  2.89  2.12  0.00 -8.07 0.503  00  03X000M000  1.000
ARG03A0126_050  0.000-11.55  2.07  1.83  0.00 -7.65 0.502  00  03T0B0M000  1.000
ARG03A0126_051  0.000-12.30  3.03  5.24  0.00 -4.03 0.502  00  03T007M000  1.000
ARG03A0126_052  0.000-11.64  1.57  1.51  0.00 -8.56 0.502  00  03T07FM000  1.000
ARG03A0126_053  0.000-13.27  2.17  2.33  0.00 -8.77 0.502  00  03T083M000  1.000
ARG03A0126_054  0.000-12.55  2.47  2.64  0.00 -7.44 0.502  00  03T035M000  1.000
ARG03A0126_055  0.000 -9.82  3.42  1.34  0.00 -5.07 0.504  00  03T05CM000  1.000
ARG03A0126_056  0.000-12.68  3.31  2.36  0.00 -7.02 0.503  00  03T067M000  1.000
ARG03A0126_057  0.000-12.04  2.04  3.07  0.00 -6.93 0.502  00  03T0AEM000  1.000
ARG03A0126_058  0.000-12.85  3.22  3.38  0.00 -6.24 0.502  00  03T0B7M000  1.000
ARG03A0126_059  0.000-13.72  2.16  2.94  0.00 -8.63 0.503  00  03T0C2M000  1.000
ARG03A0126_060  0.000-13.13  1.73  1.45  0.00 -9.95 0.502  00  03T018M000  1.000
ARG03A0126_061  0.000-12.96  1.36  4.79  0.00 -6.81 0.502  00  03T031M000  1.000
ARG03A0126_062  0.000-13.07  3.53  1.35  0.00 -8.19 0.503  00  03T069M000  1.000
ARG03A0126_063  0.000-10.72  1.95  1.40  0.00 -7.37 0.502  00  03T07DM000  1.000
ARG+1A0126_064  1.000-12.66  4.23  3.58  0.00 -4.85 0.503  00  +1O000M000  1.000
ARG+1A0126_065  1.000-13.18  1.73  1.46  0.00 -9.98 0.502  00  +1E018M000  1.000
ARG+1A0126_066  1.000-13.99 11.22  1.04  0.00 -1.73 0.503  00  +1E01FM000  1.000
ARG+1A0126_067  1.000-12.55  2.48  2.67  0.00 -7.40 0.502  00  +1E035M000  1.000
ARG+1A0126_068  1.000-13.03  2.85  2.20  0.00 -7.98 0.502  00  +1E03FM000  1.000
ARG+1A0126_069  1.000-13.07  3.31  2.43  0.00 -7.33 0.502  00  +1E066M000  1.000
ARG+1A0126_070  1.000-12.64  3.32  2.41  0.00 -6.92 0.503  00  +1E067M000  1.000
ARG+1A0126_071  1.000-13.15  3.53  1.37  0.00 -8.25 0.503  00  +1E069M000  1.000
ARG+1A0126_072  1.000-10.75  1.93  1.45  0.00 -7.37 0.502  00  +1E07DM000  1.000
ARG+1A0126_073  1.000-11.75  1.56  1.53  0.00 -8.66 0.502  00  +1E07FM000  1.000
ARG+1A0126_074  1.000-13.25  2.17  2.34  0.00 -8.74 0.502  00  +1E083M000  1.000
ARG+1A0126_075  1.000-12.85  2.09  2.32  0.00 -8.44 0.502  00  +1E08DM000  1.000
ARG+1A0126_076  1.000-12.93  3.21  3.40  0.00 -6.32 0.502  00  +1E0B7M000  1.000
ARG+1A0126_077  1.000-12.97  2.91  2.19  0.00 -7.87 0.503  00  +1X000M000  1.000
ARG+1A0126_078  1.000-12.52  3.07  5.31  0.00 -4.15 0.502  00  +1T007M000  1.000
ARG+1A0126_079  1.000-12.91  1.34  4.86  0.00 -6.70 0.502  00  +1T031M000  1.000
ARG+1A0126_080  1.000-12.52  1.93  4.86  0.00 -5.73 0.503  00  +1T041M000  1.000
ARG+1A0126_081  1.000 -9.82  3.43  1.36  0.00 -5.03 0.504  00  +1T05CM000  1.000
ARG+1A0126_082  1.000-12.02  2.03  3.11  0.00 -6.87 0.502  00  +1T0AEM000  1.000
ARG+1A0126_083  1.000-11.57  2.07  1.85  0.00 -7.65 0.502  00  +1T0B0M000  1.000
ARG+1A0126_084  1.000-13.81  2.16  2.96  0.00 -8.70 0.503  00  +1T0C2M000  1.000
