iConf CONFORMER     FL  occ    crg   Em0  pKa0 ne nH    vdw0    vdw1    tors    epol   dsolv   extra    history
00001 ARG01A0126_001 f 0.00  0.000     0  0.00  0  0 -12.578   4.233   3.578   0.022  -0.055   0.000 01O000M000t
00002 ARG01A0126_002 f 0.00  0.000     0  0.00  0  0 -12.893   3.095   6.286   0.047  -0.146   0.000 01E007M000t
00003 ARG01A0126_003 f 0.00  0.000     0  0.00  0  0 -12.810   1.729   1.632   0.006  -0.448   0.000 01E018M000t
00004 ARG01A0126_004 f 0.00  0.000     0  0.00  0  0 -13.887  11.309   1.038   0.083  -0.029   0.000 01E01FM000t
00005 ARG01A0126_005 f 0.00  0.000     0  0.00  0  0 -13.919   2.282   5.213  -0.186   0.257   0.000 01E031M000t
00006 ARG01A0126_006 f 0.00  0.000     0  0.00  0  0 -12.652   2.779   2.201   0.057  -0.116   0.000 01E03FM000t
00007 ARG01A0126_007 f 0.00  0.000     0  0.00  0  0 -12.547   1.877   4.902   0.038   0.104   0.000 01E041M000t
00008 ARG01A0126_008 f 0.00  0.000     0  0.00  0  0  -9.789   3.417   1.348  -0.013   0.156   0.000 01E05CM000t
00009 ARG01A0126_009 f 0.00  0.000     0  0.00  0  0 -10.550   1.921   1.396  -0.056   0.133   0.000 01E07DM000t
00010 ARG01A0126_010 f 0.00  0.000     0  0.00  0  0 -11.692   1.585   1.526  -0.000  -0.063   0.000 01E07FM000t
00011 ARG01A0126_011 f 0.00  0.000     0  0.00  0  0 -13.124   2.126   2.413   0.011   0.055   0.000 01E08DM000t
00012 ARG01A0126_012 f 0.00  0.000     0  0.00  0  0 -12.060   2.079   3.015   0.019  -0.335   0.000 01E0AEM000t
00013 ARG01A0126_013 f 0.00  0.000     0  0.00  0  0 -12.025   2.087   2.429  -0.014  -0.157   0.000 01E0B0M000t
00014 ARG01A0126_014 f 0.00  0.000     0  0.00  0  0 -13.752   2.213   2.944   0.155   0.011   0.000 01E0C2M000t
00015 ARG01A0126_015 f 0.00  0.000     0  0.00  0  0 -12.581   2.550   2.876  -0.061   0.171   0.000 01T035M000t
00016 ARG01A0126_016 f 0.00  0.000     0  0.00  0  0 -12.796   3.242   2.263   0.030  -0.126   0.000 01T066M000t
00017 ARG01A0126_017 f 0.00  0.000     0  0.00  0  0 -12.574   3.367   2.496   0.032  -0.113   0.000 01T067M000t
00018 ARG01A0126_018 f 0.00  0.000     0  0.00  0  0 -13.301   3.969   1.839   0.021  -0.160   0.000 01T069M000t
00019 ARG01A0126_019 f 0.00  0.000     0  0.00  0  0 -13.502   2.179   2.305   0.036  -0.097   0.000 01T083M000t
00020 ARG01A0126_020 f 0.00  0.000     0  0.00  0  0 -12.411   3.032   3.414   0.058   0.030   0.000 01T0B7M000t
00021 ARG01A0126_021 f 0.00  0.000     0  0.00  0  0 -12.912   2.942   2.213   0.023  -0.078   0.000 01T000M000t
00022 ARG02A0126_022 f 0.00  0.000     0  0.00  0  0 -12.566   4.238   3.578   0.024   0.501   0.000 02O000M000t
00023 ARG02A0126_023 f 0.00  0.000     0  0.00  0  0 -13.905  11.207   1.024   0.012   0.920   0.000 02E01FM000t
00024 ARG02A0126_024 f 0.00  0.000     0  0.00  0  0 -12.830   1.363   4.846  -0.210   0.603   0.000 02E031M000t
00025 ARG02A0126_025 f 0.00  0.000     0  0.00  0  0 -12.950   2.903   2.144   0.041   0.515   0.000 02E03FM000t
00026 ARG02A0126_026 f 0.00  0.000     0  0.00  0  0 -13.024   3.526   1.350   0.038   0.700   0.000 02E069M000t
00027 ARG02A0126_027 f 0.00  0.000     0  0.00  0  0 -12.400   3.069   5.288   0.061   0.558   0.000 02T007M000t
00028 ARG02A0126_028 f 0.00  0.000     0  0.00  0  0 -13.132   1.737   1.458   0.059   0.495   0.000 02T018M000t
00029 ARG02A0126_029 f 0.00  0.000     0  0.00  0  0 -12.394   1.926   4.847   0.053   1.140   0.000 02T041M000t
00030 ARG02A0126_030 f 0.00  0.000     0  0.00  0  0 -12.589   3.307   2.394   0.031   0.803   0.000 02T067M000t
00031 ARG02A0126_031 f 0.00  0.000     0  0.00  0  0 -12.447   2.469   2.647   0.059   1.047   0.000 02T035M000t
00032 ARG02A0126_032 f 0.00  0.000     0  0.00  0  0 -12.743   2.084   2.305   0.000   0.831   0.000 02T08DM000t
00033 ARG02A0126_033 f 0.00  0.000     0  0.00  0  0 -11.977   2.036   3.081   0.043   0.926   0.000 02T0AEM000t
00034 ARG02A0126_034 f 0.00  0.000     0  0.00  0  0 -12.822   3.216   3.386   0.050   0.968   0.000 02T0B7M000t
00035 ARG02A0126_035 f 0.00  0.000     0  0.00  0  0 -11.492   2.070   1.835   0.058   0.705   0.000 02T0B0M000t
00036 ARG02A0126_036 f 0.00  0.000     0  0.00  0  0 -13.635   2.206   2.945   0.058   0.687   0.000 02T0C2M000t
00037 ARG02A0126_037 f 0.00  0.000     0  0.00  0  0 -10.401   3.418   1.362  -0.036   0.835   0.000 02T05CM000t
00038 ARG02A0126_038 f 0.00  0.000     0  0.00  0  0 -12.961   3.315   2.425   0.032   0.536   0.000 02T066M000t
00039 ARG02A0126_039 f 0.00  0.000     0  0.00  0  0 -10.593   1.930   1.453  -0.073   1.002   0.000 02T07DM000t
00040 ARG02A0126_040 f 0.00  0.000     0  0.00  0  0 -11.567   1.571   1.514  -0.080   0.866   0.000 02T07FM000t
00041 ARG02A0126_041 f 0.00  0.000     0  0.00  0  0 -13.175   2.154   2.309   0.007   0.773   0.000 02T083M000t
00042 ARG02A0126_042 f 0.00  0.000     0  0.00  0  0 -12.968   2.891   2.148   0.024   0.618   0.000 02T000M000t
00043 ARG03A0126_043 f 0.00  0.000     0  0.00  0  0 -13.956  11.092   1.034   0.071   1.150   0.000 03E01FM000t
00044 ARG03A0126_044 f 0.00  0.000     0  0.00  0  0 -12.911   2.860   2.162   0.059   0.933   0.000 03E03FM000t
00045 ARG03A0126_045 f 0.00  0.000     0  0.00  0  0 -12.798   3.312   2.368   0.036   0.538   0.000 03E066M000t
00046 ARG03A0126_046 f 0.00  0.000     0  0.00  0  0 -12.618   4.229   3.578   0.026   0.633   0.000 03O000M000t
00047 ARG03A0126_047 f 0.00  0.000     0  0.00  0  0 -12.528   1.925   4.848   0.038   0.898   0.000 03E041M000t
00048 ARG03A0126_048 f 0.00  0.000     0  0.00  0  0 -12.733   2.097   2.294   0.010   0.834   0.000 03E08DM000t
00049 ARG03A0126_049 f 0.00  0.000     0  0.00  0  0 -13.086   2.891   2.120   0.026   0.701   0.000 03X000M000t
00050 ARG03A0126_050 f 0.00  0.000     0  0.00  0  0 -11.560   2.060   1.831   0.061   0.895   0.000 03T0B0M000t
00051 ARG03A0126_051 f 0.00  0.000     0  0.00  0  0 -12.302   3.033   5.237   0.063   0.503   0.000 03T007M000t
00052 ARG03A0126_052 f 0.00  0.000     0  0.00  0  0 -11.633   1.569   1.509  -0.042   1.074   0.000 03T07FM000t
00053 ARG03A0126_053 f 0.00  0.000     0  0.00  0  0 -13.267   2.168   2.330   0.026   0.863   0.000 03T083M000t
00054 ARG03A0126_054 f 0.00  0.000     0  0.00  0  0 -12.602   2.476   2.639   0.035   0.865   0.000 03T035M000t
00055 ARG03A0126_055 f 0.00  0.000     0  0.00  0  0  -9.828   3.416   1.339  -0.022   0.864   0.000 03T05CM000t
00056 ARG03A0126_056 f 0.00  0.000     0  0.00  0  0 -12.687   3.310   2.358   0.030   0.604   0.000 03T067M000t
00057 ARG03A0126_057 f 0.00  0.000     0  0.00  0  0 -12.040   2.039   3.070   0.034   0.672   0.000 03T0AEM000t
00058 ARG03A0126_058 f 0.00  0.000     0  0.00  0  0 -12.891   3.223   3.379   0.056   0.876   0.000 03T0B7M000t
00059 ARG03A0126_059 f 0.00  0.000     0  0.00  0  0 -13.718   2.160   2.939   0.137   0.798   0.000 03T0C2M000t
00060 ARG03A0126_060 f 0.00  0.000     0  0.00  0  0 -13.135   1.728   1.454   0.048   0.569   0.000 03T018M000t
00061 ARG03A0126_061 f 0.00  0.000     0  0.00  0  0 -12.964   1.364   4.788  -0.142   0.811   0.000 03T031M000t
00062 ARG03A0126_062 f 0.00  0.000     0  0.00  0  0 -13.070   3.534   1.346   0.047   0.747   0.000 03T069M000t
00063 ARG03A0126_063 f 0.00  0.000     0  0.00  0  0 -10.724   1.952   1.400  -0.072   1.166   0.000 03T07DM000t
00064 ARG+1A0126_064 f 0.00  1.000     0 12.50  0  1 -12.661   4.233   3.578   0.120  -0.089   0.000 +1O000M000t
00065 ARG+1A0126_065 f 0.00  1.000     0 12.50  0  1 -13.180   1.731   1.464   0.180  -0.308   0.000 +1E018M000t
00066 ARG+1A0126_066 f 0.00  1.000     0 12.50  0  1 -13.989  11.232   1.043   0.418   0.119   0.000 +1E01FM000t
00067 ARG+1A0126_067 f 0.00  1.000     0 12.50  0  1 -12.552   2.479   2.670   0.279   0.192   0.000 +1E035M000t
00068 ARG+1A0126_068 f 0.00  1.000     0 12.50  0  1 -13.029   2.848   2.203   0.099  -0.223   0.000 +1E03FM000t
00069 ARG+1A0126_069 f 0.00  1.000     0 12.50  0  1 -13.067   3.314   2.426   0.145  -0.258   0.000 +1E066M000t
00070 ARG+1A0126_070 f 0.00  1.000     0 12.50  0  1 -12.647   3.310   2.414   0.145  -0.368   0.000 +1E067M000t
00071 ARG+1A0126_071 f 0.00  1.000     0 12.50  0  1 -13.154   3.531   1.365   0.175  -0.287   0.000 +1E069M000t
00072 ARG+1A0126_072 f 0.00  1.000     0 12.50  0  1 -10.755   1.928   1.451   0.126  -0.023   0.000 +1E07DM000t
00073 ARG+1A0126_073 f 0.00  1.000     0 12.50  0  1 -11.743   1.557   1.526   0.115  -0.231   0.000 +1E07FM000t
00074 ARG+1A0126_074 f 0.00  1.000     0 12.50  0  1 -13.245   2.164   2.339   0.093  -0.145   0.000 +1E083M000t
00075 ARG+1A0126_075 f 0.00  1.000     0 12.50  0  1 -12.840   2.086   2.319   0.077  -0.292   0.000 +1E08DM000t
00076 ARG+1A0126_076 f 0.00  1.000     0 12.50  0  1 -12.872   3.219   3.395   0.118  -0.217   0.000 +1E0B7M000t
00077 ARG+1A0126_077 f 0.00  1.000     0 12.50  0  1 -12.970   2.910   2.187   0.113  -0.177   0.000 +1X000M000t
00078 ARG+1A0126_078 f 0.00  1.000     0 12.50  0  1 -12.517   3.067   5.310   0.122  -0.149   0.000 +1T007M000t
00079 ARG+1A0126_079 f 0.00  1.000     0 12.50  0  1 -12.903   1.349   4.865   0.276  -0.031   0.000 +1T031M000t
00080 ARG+1A0126_080 f 0.00  1.000     0 12.50  0  1 -12.518   1.923   4.863   0.086  -0.108   0.000 +1T041M000t
00081 ARG+1A0126_081 f 0.00  1.000     0 12.50  0  1  -9.882   3.427   1.357   0.105  -0.318   0.000 +1T05CM000t
00082 ARG+1A0126_082 f 0.00  1.000     0 12.50  0  1 -12.021   2.031   3.112   0.124  -0.154   0.000 +1T0AEM000t
00083 ARG+1A0126_083 f 0.00  1.000     0 12.50  0  1 -11.574   2.065   1.848   0.201   0.091   0.000 +1T0B0M000t
00084 ARG+1A0126_084 f 0.00  1.000     0 12.50  0  1 -13.805   2.153   2.955   0.292  -0.137   0.000 +1T0C2M000t
