   confID        vdw0    sas     sum
ARG01A0126_001   2.154 -14.732 -12.578
ARG01A0126_002   1.727 -14.620 -12.893
ARG01A0126_003   1.785 -14.595 -12.810
ARG01A0126_004   1.641 -15.528 -13.887
ARG01A0126_005   1.190 -15.109 -13.919
ARG01A0126_006   1.418 -14.070 -12.652
ARG01A0126_007   1.685 -14.232 -12.547
ARG01A0126_008   4.118 -13.908  -9.789
ARG01A0126_009   3.106 -13.656 -10.550
ARG01A0126_010   2.288 -13.980 -11.692
ARG01A0126_011   1.586 -14.710 -13.124
ARG01A0126_012   2.452 -14.512 -12.060
ARG01A0126_013   2.490 -14.515 -12.025
ARG01A0126_014   1.228 -14.980 -13.752
ARG01A0126_015   2.260 -14.841 -12.581
ARG01A0126_016   1.749 -14.545 -12.796
ARG01A0126_017   1.732 -14.306 -12.574
ARG01A0126_018   1.343 -14.644 -13.301
ARG01A0126_019   1.208 -14.710 -13.502
ARG01A0126_020   1.649 -14.060 -12.411
ARG01A0126_021   2.025 -14.937 -12.912
ARG02A0126_022   2.166 -14.732 -12.566
ARG02A0126_023   1.623 -15.528 -13.905
ARG02A0126_024   1.887 -14.718 -12.830
ARG02A0126_025   1.566 -14.517 -12.950
ARG02A0126_026   1.765 -14.788 -13.024
ARG02A0126_027   2.408 -14.808 -12.400
ARG02A0126_028   1.643 -14.775 -13.132
ARG02A0126_029   1.738 -14.132 -12.394
ARG02A0126_030   1.717 -14.306 -12.589
ARG02A0126_031   2.266 -14.713 -12.447
ARG02A0126_032   1.540 -14.283 -12.743
ARG02A0126_033   2.384 -14.360 -11.977
ARG02A0126_034   1.633 -14.455 -12.822
ARG02A0126_035   2.998 -14.489 -11.492
ARG02A0126_036   1.317 -14.952 -13.635
ARG02A0126_037   3.523 -13.924 -10.401
ARG02A0126_038   1.741 -14.702 -12.961
ARG02A0126_039   3.185 -13.779 -10.593
ARG02A0126_040   2.345 -13.912 -11.567
ARG02A0126_041   1.291 -14.466 -13.175
ARG02A0126_042   2.037 -15.005 -12.968
ARG03A0126_043   1.572 -15.528 -13.956
ARG03A0126_044   1.477 -14.388 -12.911
ARG03A0126_045   1.644 -14.442 -12.798
ARG03A0126_046   2.114 -14.732 -12.618
ARG03A0126_047   1.755 -14.283 -12.528
ARG03A0126_048   1.563 -14.296 -12.733
ARG03A0126_049   1.970 -15.056 -13.086
ARG03A0126_050   2.930 -14.489 -11.560
ARG03A0126_051   2.426 -14.728 -12.302
ARG03A0126_052   2.347 -13.980 -11.633
ARG03A0126_053   1.200 -14.466 -13.267
ARG03A0126_054   2.226 -14.829 -12.602
ARG03A0126_055   4.012 -13.840  -9.828
ARG03A0126_056   1.683 -14.370 -12.687
ARG03A0126_057   2.385 -14.425 -12.040
ARG03A0126_058   1.629 -14.519 -12.891
ARG03A0126_059   1.234 -14.952 -13.718
ARG03A0126_060   1.641 -14.775 -13.135
ARG03A0126_061   1.818 -14.782 -12.964
ARG03A0126_062   1.715 -14.785 -13.070
ARG03A0126_063   3.042 -13.766 -10.724
ARG+1A0126_064   2.070 -14.732 -12.661
ARG+1A0126_065   1.595 -14.775 -13.180
ARG+1A0126_066   1.539 -15.528 -13.989
ARG+1A0126_067   2.228 -14.781 -12.552
ARG+1A0126_068   1.439 -14.469 -13.029
ARG+1A0126_069   1.635 -14.702 -13.067
ARG+1A0126_070   1.659 -14.306 -12.647
ARG+1A0126_071   1.682 -14.836 -13.154
ARG+1A0126_072   3.024 -13.779 -10.755
ARG+1A0126_073   2.301 -14.044 -11.743
ARG+1A0126_074   1.170 -14.415 -13.245
ARG+1A0126_075   1.507 -14.347 -12.840
ARG+1A0126_076   1.583 -14.455 -12.872
ARG+1A0126_077   1.951 -14.921 -12.970
ARG+1A0126_078   2.423 -14.940 -12.517
ARG+1A0126_079   1.815 -14.718 -12.903
ARG+1A0126_080   1.717 -14.235 -12.518
ARG+1A0126_081   4.077 -13.959  -9.882
ARG+1A0126_082   2.340 -14.360 -12.021
ARG+1A0126_083   2.928 -14.502 -11.574
ARG+1A0126_084   1.198 -15.003 -13.805
