CONFORMER         crg  vdw0  vdw1  tors  epol  self   occ  Hb     history    ASA
HIS01A0078_001  0.000-11.42 -0.37  0.11  0.00-11.68 0.516  00  01O000M000  1.000
HIS01A0078_002  0.000-11.78  1.26  0.06  0.00-10.46 0.518  00  01E007M000  1.000
HIS01A0078_003  0.000-11.67  1.03  0.07  0.00-10.56 0.519  00  01E008M000  1.000
HIS01A0078_004  0.000-11.59  0.73  0.07  0.00-10.79 0.516  00  01E00BM000  1.000
HIS01A0078_005  0.000-11.76  0.31  0.09  0.00-11.37 0.518  00  01E00DM000  1.000
HIS01A0078_006  0.000-11.72  1.56  2.59  0.00 -7.56 0.517  00  01E013M000  1.000
HIS01A0078_007  0.000-12.01  0.50  0.05  0.00-11.45 0.517  00  01E018M000  1.000
HIS01A0078_008  0.000-11.43  3.08  2.68  0.00 -5.67 0.519  00  01T002M000  1.000
HIS01A0078_009  0.000-11.54 -0.48  0.09  0.00-11.92 0.517  00  01T009M000  1.000
HIS01A0078_010  0.000-11.72  2.99  2.68  0.00 -6.05 0.517  00  01T00CM000  1.000
HIS01A0078_011  0.000-11.25  1.83  0.11  0.00 -9.31 0.517  00  01T00EM000  1.000
HIS01A0078_012  0.000-11.72  0.17  0.09  0.00-11.47 0.519  00  01T00FM000  1.000
HIS01A0078_013  0.000-11.55  2.18  2.60  0.00 -6.76 0.518  00  01T010M000  1.000
HIS01A0078_014  0.000-12.00  1.10  2.66  0.00 -8.23 0.517  00  01T011M000  1.000
HIS01A0078_015  0.000-11.31  0.62  2.68  0.00 -8.02 0.516  00  01T012M000  1.000
HIS01A0078_016  0.000-11.84  0.89  2.66  0.00 -8.29 0.518  00  01T014M000  1.000
HIS01A0078_017  0.000-11.73  1.77  0.07  0.00 -9.89 0.517  00  01T016M000  1.000
HIS01A0078_018  0.000-11.58  1.37  0.07  0.00-10.15 0.517  00  01T019M000  1.000
HIS01A0078_019  0.000-11.78  3.97  2.67  0.00 -5.14 0.518  00  01T01AM000  1.000
HIS02A0078_020  0.000-11.43 -0.41  0.11  0.00-11.74 0.516  00  02O000M000  1.000
HIS02A0078_021  0.000-11.45  3.05  2.68  0.00 -5.71 0.519  00  02E002M000  1.000
HIS02A0078_022  0.000-11.68  0.91  0.07  0.00-10.70 0.519  00  02E008M000  1.000
HIS02A0078_023  0.000-11.59 -0.50  0.09  0.00-12.00 0.517  00  02E009M000  1.000
HIS02A0078_024  0.000-11.61  0.71  0.07  0.00-10.83 0.516  00  02E00BM000  1.000
HIS02A0078_025  0.000-11.27  1.89  0.11  0.00 -9.27 0.517  00  02E00EM000  1.000
HIS02A0078_026  0.000-11.49  2.07  2.62  0.00 -6.80 0.518  00  02E010M000  1.000
HIS02A0078_027  0.000-11.74  1.59  2.61  0.00 -7.55 0.517  00  02E013M000  1.000
HIS02A0078_028  0.000-11.86  0.88  2.66  0.00 -8.32 0.518  00  02E014M000  1.000
HIS02A0078_029  0.000-11.76  1.15  0.06  0.00-10.56 0.518  00  02T007M000  1.000
HIS02A0078_030  0.000-11.81  2.98  2.68  0.00 -6.15 0.517  00  02T00CM000  1.000
HIS02A0078_031  0.000-11.83  0.32  0.08  0.00-11.43 0.518  00  02T00DM000  1.000
HIS02A0078_032  0.000-11.68  0.17  0.09  0.00-11.43 0.519  00  02T00FM000  1.000
HIS02A0078_033  0.000-12.20  1.07  2.66  0.00 -8.46 0.517  00  02T011M000  1.000
HIS02A0078_034  0.000-11.33  0.61  2.68  0.00 -8.05 0.516  00  02T012M000  1.000
HIS02A0078_035  0.000-11.81  1.68  0.06  0.00-10.08 0.517  00  02T016M000  1.000
HIS02A0078_036  0.000-11.91  0.48  0.05  0.00-11.38 0.517  00  02T018M000  1.000
HIS02A0078_037  0.000-11.54  1.36  0.07  0.00-10.11 0.517  00  02T019M000  1.000
HIS02A0078_038  0.000-11.84  4.16  2.68  0.00 -5.00 0.518  00  02T01AM000  1.000
HIS+1A0078_039  1.000-11.46 -0.41  0.11  0.00-11.77 0.516  00  +1O000M000  1.000
HIS+1A0078_040  1.000-11.66 -0.35  0.11  0.00-11.91 0.518  00  +1R001M000  1.000
HIS+1A0078_041  1.000-11.75  2.97  2.68  0.00 -6.10 0.517  00  +1E00CM000  1.000
HIS+1A0078_042  1.000-11.86  0.31  0.09  0.00-11.46 0.518  00  +1E00DM000  1.000
HIS+1A0078_043  1.000-11.37  2.02  0.11  0.00 -9.24 0.517  00  +1E00EM000  1.000
HIS+1A0078_044  1.000-11.90  1.59  2.61  0.00 -7.70 0.517  00  +1E013M000  1.000
HIS+1A0078_045  1.000-12.05  0.49  0.06  0.00-11.50 0.517  00  +1E018M000  1.000
HIS+1A0078_046  1.000-11.50  1.32  0.07  0.00-10.10 0.517  00  +1E019M000  1.000
HIS+1A0078_047  1.000-11.47  3.05  2.68  0.00 -5.74 0.519  00  +1T002M000  1.000
HIS+1A0078_048  1.000-11.79  1.14  0.06  0.00-10.60 0.518  00  +1T007M000  1.000
HIS+1A0078_049  1.000-11.64  0.94  0.07  0.00-10.63 0.519  00  +1T008M000  1.000
HIS+1A0078_050  1.000-11.43  0.73  0.07  0.00-10.63 0.516  00  +1T00BM000  1.000
HIS+1A0078_051  1.000-11.77  0.16  0.09  0.00-11.53 0.519  00  +1T00FM000  1.000
HIS+1A0078_052  1.000-11.52  2.07  2.62  0.00 -6.82 0.518  00  +1T010M000  1.000
HIS+1A0078_053  1.000-12.22  1.07  2.67  0.00 -8.49 0.517  00  +1T011M000  1.000
HIS+1A0078_054  1.000-11.36  0.60  2.68  0.00 -8.08 0.516  00  +1T012M000  1.000
HIS+1A0078_055  1.000-11.94  0.87  2.67  0.00 -8.40 0.518  00  +1T014M000  1.000
HIS+1A0078_056  1.000-11.84  1.69  0.07  0.00-10.08 0.517  00  +1T016M000  1.000
HIS+1A0078_057  1.000-11.87  4.15  2.68  0.00 -5.04 0.518  00  +1T01AM000  1.000
