iConf CONFORMER     FL  occ    crg   Em0  pKa0 ne nH    vdw0    vdw1    tors    epol   dsolv   extra    history
00001 HIS01A0078_001 f 0.00  0.000     0  0.00  0  0 -11.416  -0.368   0.107   0.328   0.268   0.000 01O000M000t
00002 HIS01A0078_002 f 0.00  0.000     0  0.00  0  0 -11.778   1.263   0.058   0.163   0.602   0.000 01E007M000t
00003 HIS01A0078_003 f 0.00  0.000     0  0.00  0  0 -11.665   1.031   0.071   0.035   0.447   0.000 01E008M000t
00004 HIS01A0078_004 f 0.00  0.000     0  0.00  0  0 -11.589   0.730   0.072   0.449   0.286   0.000 01E00BM000t
00005 HIS01A0078_005 f 0.00  0.000     0  0.00  0  0 -11.763   0.310   0.088   0.432   0.532   0.000 01E00DM000t
00006 HIS01A0078_006 f 0.00  0.000     0  0.00  0  0 -11.716   1.567   2.593   0.385   0.258   0.000 01E013M000t
00007 HIS01A0078_007 f 0.00  0.000     0  0.00  0  0 -12.004   0.501   0.053   0.367   0.420   0.000 01E018M000t
00008 HIS01A0078_008 f 0.00  0.000     0  0.00  0  0 -11.427   3.074   2.682   0.255   0.474   0.000 01T002M000t
00009 HIS01A0078_009 f 0.00  0.000     0  0.00  0  0 -11.539  -0.475   0.092   0.322   0.403   0.000 01T009M000t
00010 HIS01A0078_010 f 0.00  0.000     0  0.00  0  0 -11.722   2.995   2.681   0.541   0.458   0.000 01T00CM000t
00011 HIS01A0078_011 f 0.00  0.000     0  0.00  0  0 -11.254   1.831   0.107   0.378   0.254   0.000 01T00EM000t
00012 HIS01A0078_012 f 0.00  0.000     0  0.00  0  0 -11.724   0.167   0.088   0.424   0.418   0.000 01T00FM000t
00013 HIS01A0078_013 f 0.00  0.000     0  0.00  0  0 -11.546   2.186   2.603   0.282   0.427   0.000 01T010M000t
00014 HIS01A0078_014 f 0.00  0.000     0  0.00  0  0 -11.998   1.101   2.665   0.298   0.427   0.000 01T011M000t
00015 HIS01A0078_015 f 0.00  0.000     0  0.00  0  0 -11.315   0.620   2.677   0.332   0.400   0.000 01T012M000t
00016 HIS01A0078_016 f 0.00  0.000     0  0.00  0  0 -11.837   0.882   2.663   0.417   0.342   0.000 01T014M000t
00017 HIS01A0078_017 f 0.00  0.000     0  0.00  0  0 -11.730   1.775   0.070   0.055   0.520   0.000 01T016M000t
00018 HIS01A0078_018 f 0.00  0.000     0  0.00  0  0 -11.583   1.368   0.070   0.440   0.396   0.000 01T019M000t
00019 HIS01A0078_019 f 0.00  0.000     0  0.00  0  0 -11.783   3.965   2.674   0.321   0.353   0.000 01T01AM000t
00020 HIS02A0078_020 f 0.00  0.000     0  0.00  0  0 -11.433  -0.410   0.107   0.227   0.301   0.000 02O000M000t
00021 HIS02A0078_021 f 0.00  0.000     0  0.00  0  0 -11.515   3.058   2.680   0.213   0.343   0.000 02E002M000t
00022 HIS02A0078_022 f 0.00  0.000     0  0.00  0  0 -11.680   0.914   0.066   0.497   0.451   0.000 02E008M000t
00023 HIS02A0078_023 f 0.00  0.000     0  0.00  0  0 -11.593  -0.502   0.092   0.145   0.332   0.000 02E009M000t
00024 HIS02A0078_024 f 0.00  0.000     0  0.00  0  0 -11.610   0.709   0.068   0.409   0.343   0.000 02E00BM000t
00025 HIS02A0078_025 f 0.00  0.000     0  0.00  0  0 -11.272   1.902   0.107   0.229   0.317   0.000 02E00EM000t
00026 HIS02A0078_026 f 0.00  0.000     0  0.00  0  0 -11.490   2.080   2.618   0.282   0.267   0.000 02E010M000t
00027 HIS02A0078_027 f 0.00  0.000     0  0.00  0  0 -11.806   1.588   2.608   0.301   0.174   0.000 02E013M000t
00028 HIS02A0078_028 f 0.00  0.000     0  0.00  0  0 -11.909   0.883   2.659   0.287   0.264   0.000 02E014M000t
00029 HIS02A0078_029 f 0.00  0.000     0  0.00  0  0 -11.763   1.155   0.056   0.191   0.531   0.000 02T007M000t
00030 HIS02A0078_030 f 0.00  0.000     0  0.00  0  0 -11.808   2.968   2.680   0.322   0.337   0.000 02T00CM000t
00031 HIS02A0078_031 f 0.00  0.000     0  0.00  0  0 -11.832   0.315   0.083   0.355   0.427   0.000 02T00DM000t
00032 HIS02A0078_032 f 0.00  0.000     0  0.00  0  0 -11.679   0.169   0.085   0.333   0.401   0.000 02T00FM000t
00033 HIS02A0078_033 f 0.00  0.000     0  0.00  0  0 -12.196   1.070   2.661   0.295   0.192   0.000 02T011M000t
00034 HIS02A0078_034 f 0.00  0.000     0  0.00  0  0 -11.265   0.608   2.676   0.254   0.069   0.000 02T012M000t
00035 HIS02A0078_035 f 0.00  0.000     0  0.00  0  0 -11.813   1.671   0.064   0.599   0.266   0.000 02T016M000t
00036 HIS02A0078_036 f 0.00  0.000     0  0.00  0  0 -11.910   0.476   0.053   0.329   0.244   0.000 02T018M000t
00037 HIS02A0078_037 f 0.00  0.000     0  0.00  0  0 -11.536   1.358   0.067   0.444   0.134   0.000 02T019M000t
00038 HIS02A0078_038 f 0.00  0.000     0  0.00  0  0 -11.838   4.164   2.678   0.253   0.219   0.000 02T01AM000t
00039 HIS+1A0078_039 f 0.00  1.000     0  6.98  0  1 -11.460  -0.412   0.107   0.572  -0.353   0.000 +1O000M000t
00040 HIS+1A0078_040 f 0.00  1.000     0  6.98  0  1 -11.664  -0.348   0.107   0.502  -0.406   0.000 +1R001M000t
00041 HIS+1A0078_041 f 0.00  1.000     0  6.98  0  1 -11.752   2.968   2.682   0.571  -0.525   0.000 +1E00CM000t
00042 HIS+1A0078_042 f 0.00  1.000     0  6.98  0  1 -11.859   0.309   0.088   0.449  -0.502   0.000 +1E00DM000t
00043 HIS+1A0078_043 f 0.00  1.000     0  6.98  0  1 -11.369   2.020   0.106   0.273  -0.325   0.000 +1E00EM000t
00044 HIS+1A0078_044 f 0.00  1.000     0  6.98  0  1 -11.898   1.587   2.614   0.525  -0.376   0.000 +1E013M000t
00045 HIS+1A0078_045 f 0.00  1.000     0  6.98  0  1 -12.003   0.493   0.056   0.605  -0.316   0.000 +1E018M000t
00046 HIS+1A0078_046 f 0.00  1.000     0  6.98  0  1 -11.496   1.320   0.071   0.754  -0.361   0.000 +1E019M000t
00047 HIS+1A0078_047 f 0.00  1.000     0  6.98  0  1 -11.473   3.045   2.682   0.521  -0.648   0.000 +1T002M000t
00048 HIS+1A0078_048 f 0.00  1.000     0  6.98  0  1 -11.790   1.145   0.058   0.567  -0.026   0.000 +1T007M000t
00049 HIS+1A0078_049 f 0.00  1.000     0  6.98  0  1 -11.643   0.943   0.072   0.922   0.094   0.000 +1T008M000t
00050 HIS+1A0078_050 f 0.00  1.000     0  6.98  0  1 -11.430   0.730   0.074   0.783  -0.319   0.000 +1T00BM000t
00051 HIS+1A0078_051 f 0.00  1.000     0  6.98  0  1 -11.773   0.158   0.089   0.420  -0.456   0.000 +1T00FM000t
00052 HIS+1A0078_052 f 0.00  1.000     0  6.98  0  1 -11.517   2.075   2.624   0.514  -0.167   0.000 +1T010M000t
00053 HIS+1A0078_053 f 0.00  1.000     0  6.98  0  1 -12.223   1.065   2.669   0.510  -0.219   0.000 +1T011M000t
00054 HIS+1A0078_054 f 0.00  1.000     0  6.98  0  1 -11.360   0.604   2.680   0.496  -0.256   0.000 +1T012M000t
00055 HIS+1A0078_055 f 0.00  1.000     0  6.98  0  1 -11.939   0.872   2.667   0.518  -0.378   0.000 +1T014M000t
00056 HIS+1A0078_056 f 0.00  1.000     0  6.98  0  1 -11.839   1.692   0.068   1.057  -0.422   0.000 +1T016M000t
00057 HIS+1A0078_057 f 0.00  1.000     0  6.98  0  1 -11.865   4.146   2.681   0.466  -0.165   0.000 +1T01AM000t
