   confID        vdw0    sas     sum
HIS01A0078_001  -0.144 -11.271 -11.416
HIS01A0078_002  -0.315 -11.464 -11.778
HIS01A0078_003  -0.232 -11.434 -11.665
HIS01A0078_004  -0.114 -11.475 -11.589
HIS01A0078_005  -0.231 -11.532 -11.763
HIS01A0078_006  -0.229 -11.487 -11.716
HIS01A0078_007  -0.229 -11.776 -12.004
HIS01A0078_008  -0.131 -11.297 -11.427
HIS01A0078_009  -0.082 -11.457 -11.539
HIS01A0078_010  -0.072 -11.651 -11.722
HIS01A0078_011  -0.078 -11.176 -11.254
HIS01A0078_012  -0.117 -11.607 -11.724
HIS01A0078_013  -0.317 -11.229 -11.546
HIS01A0078_014  -0.237 -11.760 -11.998
HIS01A0078_015  -0.085 -11.230 -11.315
HIS01A0078_016  -0.118 -11.719 -11.837
HIS01A0078_017  -0.228 -11.502 -11.730
HIS01A0078_018  -0.113 -11.471 -11.583
HIS01A0078_019  -0.225 -11.558 -11.783
HIS02A0078_020  -0.161 -11.271 -11.433
HIS02A0078_021  -0.150 -11.364 -11.515
HIS02A0078_022  -0.246 -11.434 -11.680
HIS02A0078_023  -0.102 -11.491 -11.593
HIS02A0078_024  -0.136 -11.475 -11.610
HIS02A0078_025  -0.093 -11.179 -11.272
HIS02A0078_026  -0.328 -11.162 -11.490
HIS02A0078_027  -0.251 -11.555 -11.806
HIS02A0078_028  -0.137 -11.771 -11.909
HIS02A0078_029  -0.327 -11.436 -11.763
HIS02A0078_030  -0.093 -11.715 -11.808
HIS02A0078_031  -0.249 -11.583 -11.832
HIS02A0078_032  -0.139 -11.540 -11.679
HIS02A0078_033  -0.252 -11.944 -12.196
HIS02A0078_034  -0.102 -11.163 -11.265
HIS02A0078_035  -0.243 -11.570 -11.813
HIS02A0078_036  -0.249 -11.661 -11.910
HIS02A0078_037  -0.133 -11.403 -11.536
HIS02A0078_038  -0.244 -11.595 -11.838
HIS+1A0078_039  -0.188 -11.271 -11.460
HIS+1A0078_040  -0.158 -11.506 -11.664
HIS+1A0078_041  -0.121 -11.632 -11.752
HIS+1A0078_042  -0.276 -11.583 -11.859
HIS+1A0078_043  -0.122 -11.247 -11.369
HIS+1A0078_044  -0.279 -11.619 -11.898
HIS+1A0078_045  -0.275 -11.729 -12.003
HIS+1A0078_046  -0.161 -11.335 -11.496
HIS+1A0078_047  -0.177 -11.297 -11.473
HIS+1A0078_048  -0.355 -11.436 -11.790
HIS+1A0078_049  -0.273 -11.370 -11.643
HIS+1A0078_050  -0.162 -11.268 -11.430
HIS+1A0078_051  -0.166 -11.607 -11.773
HIS+1A0078_052  -0.355 -11.162 -11.517
HIS+1A0078_053  -0.279 -11.944 -12.223
HIS+1A0078_054  -0.130 -11.230 -11.360
HIS+1A0078_055  -0.165 -11.774 -11.939
HIS+1A0078_056  -0.269 -11.570 -11.839
HIS+1A0078_057  -0.271 -11.595 -11.865
