CONFORMER         crg  vdw0  vdw1  tors  epol  self   occ  Hb     history    ASA
LYS01A0105_001  0.000-11.65  2.05  0.83  0.00 -8.76 0.502  00  01O000M000  1.000
LYS01A0105_002  0.000-10.73  1.98  1.46  0.00 -7.29 0.502  00  01E011M000  1.000
LYS01A0105_003  0.000-10.10  1.93  1.54  0.00 -6.62 0.503  00  01E021M000  1.000
LYS01A0105_004  0.000-10.23  2.49  1.44  0.00 -6.31 0.502  00  01E05BM000  1.000
LYS01A0105_005  0.000-10.26  4.63  4.18  0.00 -1.45 0.502  00  01E068M000  1.000
LYS01A0105_006  0.000 -9.38  3.83  4.19  0.00 -1.35 0.502  00  01E087M000  1.000
LYS01A0105_007  0.000 -9.47  3.60  3.59  0.00 -2.28 0.502  00  01E089M000  1.000
LYS01A0105_008  0.000-11.82  2.40  0.82  0.00 -8.60 0.503  00  01T002M000  1.000
LYS01A0105_009  0.000-10.17  2.30  0.89  0.00 -6.97 0.502  00  01T019M000  1.000
LYS01A0105_010  0.000-10.68  2.40  1.46  0.00 -6.83 0.502  00  01T01AM000  1.000
LYS01A0105_011  0.000-10.67  1.96  0.82  0.00 -7.89 0.502  00  01T038M000  1.000
LYS01A0105_012  0.000-11.15  3.81  6.34  0.00 -1.01 0.503  00  01T046M000  1.000
LYS01A0105_013  0.000-10.31  2.27  4.25  0.00 -3.79 0.504  00  01T047M000  1.000
LYS01A0105_014  0.000 -9.27  2.16  4.29  0.00 -2.82 0.502  00  01T091M000  1.000
LYS01A0105_015  0.000 -7.00  1.89  2.11  0.00 -3.01 0.502  00  01T098M000  1.000
LYS01A0105_016  0.000 -7.16  2.36  4.87  0.00  0.07 0.502  00  01T0B4M000  1.000
LYS01A0105_017  0.000 -7.49  2.24  4.90  0.00 -0.36 0.503  00  01T0C1M000  1.000
LYS01A0105_018  0.000 -7.37  1.94  4.86  0.00 -0.58 0.502  00  01T0C4M000  1.000
LYS01A0105_019  0.000 -8.96  2.38  1.50  0.00 -5.07 0.502  00  01T0C6M000  1.000
LYS01A0105_020  0.000 -8.56  4.23  4.28  0.00 -0.04 0.502  00  01T0CCM000  1.000
LYS+1A0105_021  1.000-11.69  2.05  0.83  0.00 -8.81 0.502  00  +1O000M000  1.000
LYS+1A0105_022  1.000-10.21  2.30  0.89  0.00 -7.02 0.502  00  +1E019M000  1.000
LYS+1A0105_023  1.000-10.73  2.40  1.46  0.00 -6.88 0.502  00  +1E01AM000  1.000
LYS+1A0105_024  1.000-10.14  1.93  1.54  0.00 -6.67 0.503  00  +1E021M000  1.000
LYS+1A0105_025  1.000-10.74  1.95  0.83  0.00 -7.96 0.502  00  +1E038M000  1.000
LYS+1A0105_026  1.000-11.22  3.80  6.34  0.00 -1.08 0.503  00  +1E046M000  1.000
LYS+1A0105_027  1.000-10.30  2.49  1.44  0.00 -6.37 0.502  00  +1E05BM000  1.000
LYS+1A0105_028  1.000 -9.31  2.16  4.29  0.00 -2.87 0.502  00  +1E091M000  1.000
LYS+1A0105_029  1.000 -7.08  1.87  2.11  0.00 -3.11 0.502  00  +1E098M000  1.000
LYS+1A0105_030  1.000 -7.22  2.36  4.87  0.00  0.01 0.502  00  +1E0B4M000  1.000
LYS+1A0105_031  1.000 -7.50  1.94  4.85  0.00 -0.70 0.502  00  +1E0C4M000  1.000
LYS+1A0105_032  1.000 -9.06  2.38  1.50  0.00 -5.18 0.502  00  +1E0C6M000  1.000
LYS+1A0105_033  1.000-11.87  2.40  0.82  0.00 -8.65 0.503  00  +1T002M000  1.000
LYS+1A0105_034  1.000-10.77  1.98  1.46  0.00 -7.33 0.502  00  +1T011M000  1.000
LYS+1A0105_035  1.000-10.36  2.27  4.25  0.00 -3.84 0.504  00  +1T047M000  1.000
LYS+1A0105_036  1.000-10.32  4.64  4.18  0.00 -1.49 0.502  00  +1T068M000  1.000
LYS+1A0105_037  1.000 -9.29  3.84  4.20  0.00 -1.26 0.502  00  +1T087M000  1.000
LYS+1A0105_038  1.000 -9.48  3.62  3.59  0.00 -2.27 0.502  00  +1T089M000  1.000
LYS+1A0105_039  1.000 -7.43  2.23  4.90  0.00 -0.30 0.503  00  +1T0C1M000  1.000
LYS+1A0105_040  1.000 -8.59  4.22  4.28  0.00 -0.09 0.502  00  +1T0CCM000  1.000
