iConf CONFORMER     FL  occ    crg   Em0  pKa0 ne nH    vdw0    vdw1    tors    epol   dsolv   extra    history
00001 LYS01A0105_001 f 0.00  0.000     0  0.00  0  0 -11.646   2.153   0.835  -0.007   0.003   0.000 01O000M000t
00002 LYS01A0105_002 f 0.00  0.000     0  0.00  0  0 -10.728   2.084   1.458  -0.006  -0.132   0.000 01E011M000t
00003 LYS01A0105_003 f 0.00  0.000     0  0.00  0  0 -10.093   1.983   1.538  -0.020  -0.005   0.000 01E021M000t
00004 LYS01A0105_004 f 0.00  0.000     0  0.00  0  0 -10.235   2.490   1.436   0.007   0.110   0.000 01E05BM000t
00005 LYS01A0105_005 f 0.00  0.000     0  0.00  0  0 -10.253   4.633   4.184  -0.015   0.098   0.000 01E068M000t
00006 LYS01A0105_006 f 0.00  0.000     0  0.00  0  0  -9.376   3.886   4.195  -0.003   0.142   0.000 01E087M000t
00007 LYS01A0105_007 f 0.00  0.000     0  0.00  0  0  -9.462   3.664   3.586   0.004   0.007   0.000 01E089M000t
00008 LYS01A0105_008 f 0.00  0.000     0  0.00  0  0 -11.824   2.457   0.819   0.000  -0.016   0.000 01T002M000t
00009 LYS01A0105_009 f 0.00  0.000     0  0.00  0  0 -10.166   2.355   0.892  -0.008   0.015   0.000 01T019M000t
00010 LYS01A0105_010 f 0.00  0.000     0  0.00  0  0 -10.683   2.454   1.458  -0.004   0.044   0.000 01T01AM000t
00011 LYS01A0105_011 f 0.00  0.000     0  0.00  0  0 -10.736   2.060   0.825  -0.002   0.009   0.000 01T038M000t
00012 LYS01A0105_012 f 0.00  0.000     0  0.00  0  0 -11.149   3.863   6.336  -0.002  -0.181   0.000 01T046M000t
00013 LYS01A0105_013 f 0.00  0.000     0  0.00  0  0 -10.318   2.327   4.250  -0.003  -0.018   0.000 01T047M000t
00014 LYS01A0105_014 f 0.00  0.000     0  0.00  0  0  -9.282   2.212   4.289  -0.003  -0.052   0.000 01T091M000t
00015 LYS01A0105_015 f 0.00  0.000     0  0.00  0  0  -6.997   1.934   2.106   0.010   0.183   0.000 01T098M000t
00016 LYS01A0105_016 f 0.00  0.000     0  0.00  0  0  -7.163   2.362   4.867  -0.003  -0.036   0.000 01T0B4M000t
00017 LYS01A0105_017 f 0.00  0.000     0  0.00  0  0  -7.493   2.244   4.897  -0.008   0.040   0.000 01T0C1M000t
00018 LYS01A0105_018 f 0.00  0.000     0  0.00  0  0  -7.332   1.940   4.857   0.163   0.161   0.000 01T0C4M000t
00019 LYS01A0105_019 f 0.00  0.000     0  0.00  0  0  -8.963   2.387   1.503   0.005   0.100   0.000 01T0C6M000t
00020 LYS01A0105_020 f 0.00  0.000     0  0.00  0  0  -8.549   4.229   4.279   0.009  -0.001   0.000 01T0CCM000t
00021 LYS+1A0105_021 f 0.00  1.000     0 10.40  0  1 -11.691   2.153   0.835   0.019  -0.163   0.000 +1O000M000t
00022 LYS+1A0105_022 f 0.00  1.000     0 10.40  0  1 -10.205   2.351   0.891   0.025  -0.156   0.000 +1E019M000t
00023 LYS+1A0105_023 f 0.00  1.000     0 10.40  0  1 -10.729   2.454   1.458   0.013  -0.221   0.000 +1E01AM000t
00024 LYS+1A0105_024 f 0.00  1.000     0 10.40  0  1 -10.136   1.981   1.538   0.061  -0.292   0.000 +1E021M000t
00025 LYS+1A0105_025 f 0.00  1.000     0 10.40  0  1 -10.737   2.059   0.825   0.045  -0.002   0.000 +1E038M000t
00026 LYS+1A0105_026 f 0.00  1.000     0 10.40  0  1 -11.218   3.863   6.337   0.017  -0.293   0.000 +1E046M000t
00027 LYS+1A0105_027 f 0.00  1.000     0 10.40  0  1 -10.296   2.488   1.436  -0.013  -0.070   0.000 +1E05BM000t
00028 LYS+1A0105_028 f 0.00  1.000     0 10.40  0  1  -9.317   2.208   4.289   0.003  -0.235   0.000 +1E091M000t
00029 LYS+1A0105_029 f 0.00  1.000     0 10.40  0  1  -7.087   1.922   2.107   0.154   0.290   0.000 +1E098M000t
00030 LYS+1A0105_030 f 0.00  1.000     0 10.40  0  1  -7.227   2.363   4.869   0.010  -0.161   0.000 +1E0B4M000t
00031 LYS+1A0105_031 f 0.00  1.000     0 10.40  0  1  -7.481   1.936   4.854  -0.729  -0.112   0.000 +1E0C4M000t
00032 LYS+1A0105_032 f 0.00  1.000     0 10.40  0  1  -9.059   2.381   1.503  -0.008  -0.058   0.000 +1E0C6M000t
00033 LYS+1A0105_033 f 0.00  1.000     0 10.40  0  1 -11.871   2.456   0.819  -0.010  -0.226   0.000 +1T002M000t
00034 LYS+1A0105_034 f 0.00  1.000     0 10.40  0  1 -10.772   2.087   1.458   0.006  -0.202   0.000 +1T011M000t
00035 LYS+1A0105_035 f 0.00  1.000     0 10.40  0  1 -10.361   2.322   4.251   0.043  -0.297   0.000 +1T047M000t
00036 LYS+1A0105_036 f 0.00  1.000     0 10.40  0  1 -10.324   4.637   4.185   0.003  -0.199   0.000 +1T068M000t
00037 LYS+1A0105_037 f 0.00  1.000     0 10.40  0  1  -9.332   3.903   4.196   0.035  -0.026   0.000 +1T087M000t
00038 LYS+1A0105_038 f 0.00  1.000     0 10.40  0  1  -9.478   3.673   3.588   0.081   0.154   0.000 +1T089M000t
00039 LYS+1A0105_039 f 0.00  1.000     0 10.40  0  1  -7.486   2.231   4.901   0.031  -0.097   0.000 +1T0C1M000t
00040 LYS+1A0105_040 f 0.00  1.000     0 10.40  0  1  -8.589   4.219   4.276  -0.020   0.123   0.000 +1T0CCM000t
