iConf CONFORMER     FL  occ    crg   Em0  pKa0 ne nH    vdw0    vdw1    tors    epol   dsolv   extra    history
00001 LYS01A0152_001 f 0.00  0.000     0  0.00  0  0 -12.128   0.463   0.898  -0.008  -0.091   0.000 01O000M000t
00002 LYS01A0152_002 f 0.00  0.000     0  0.00  0  0 -11.561   1.097   1.457  -0.021   0.073   0.000 01E00BM000t
00003 LYS01A0152_003 f 0.00  0.000     0  0.00  0  0 -10.743   0.621   0.844  -0.018   0.068   0.000 01E06DM000t
00004 LYS01A0152_004 f 0.00  0.000     0  0.00  0  0 -11.241   1.204   3.515  -0.005  -0.086   0.000 01E070M000t
00005 LYS01A0152_005 f 0.00  0.000     0  0.00  0  0 -11.814   1.694   3.404  -0.015  -0.002   0.000 01E078M000t
00006 LYS01A0152_006 f 0.00  0.000     0  0.00  0  0 -10.545   1.894   1.507   0.009   0.016   0.000 01E087M000t
00007 LYS01A0152_007 f 0.00  0.000     0  0.00  0  0  -9.732   4.210   3.600  -0.014   0.070   0.000 01E0BAM000t
00008 LYS01A0152_008 f 0.00  0.000     0  0.00  0  0  -9.975   1.881   3.619  -0.017   0.134   0.000 01E0C3M000t
00009 LYS01A0152_009 f 0.00  0.000     0  0.00  0  0 -10.443   0.595   3.590  -0.018   0.078   0.000 01E0D1M000t
00010 LYS01A0152_010 f 0.00  0.000     0  0.00  0  0  -9.488   0.501   4.166  -0.028   0.166   0.000 01E0EFM000t
00011 LYS01A0152_011 f 0.00  0.000     0  0.00  0  0  -7.488   0.637   3.101  -0.013   0.115   0.000 01T06CM000t
00012 LYS01A0152_012 f 0.00  0.000     0  0.00  0  0 -11.735   1.818   0.879  -0.041  -0.056   0.000 01T090M000t
00013 LYS01A0152_013 f 0.00  0.000     0  0.00  0  0 -10.403   0.461   4.166  -0.010  -0.077   0.000 01T0B6M000t
00014 LYS01A0152_014 f 0.00  0.000     0  0.00  0  0 -10.152   0.291   4.241  -0.038   0.038   0.000 01T0F0M000t
00015 LYS01A0152_015 f 0.00  0.000     0  0.00  0  0  -8.879   0.169   1.513  -0.054   0.167   0.000 01T0F1M000t
00016 LYS01A0152_016 f 0.00  0.000     0  0.00  0  0  -9.989   0.431   4.132  -0.008   0.024   0.000 01T10BM000t
00017 LYS01A0152_017 f 0.00  0.000     0  0.00  0  0  -8.157   0.871   4.628  -0.023  -0.080   0.000 01T12BM000t
00018 LYS01A0152_018 f 0.00  0.000     0  0.00  0  0 -10.769   1.435   6.370  -0.058  -0.035   0.000 01T159M000t
00019 LYS01A0152_019 f 0.00  0.000     0  0.00  0  0 -10.842   2.244   4.244  -0.034  -0.043   0.000 01T161M000t
00020 LYS+1A0152_020 f 0.00  1.000     0 10.40  0  1 -12.172   0.463   0.898   0.040  -0.232   0.000 +1O000M000t
00021 LYS+1A0152_021 f 0.00  1.000     0 10.40  0  1 -11.409   1.204   3.516   0.090  -0.251   0.000 +1E070M000t
00022 LYS+1A0152_022 f 0.00  1.000     0 10.40  0  1 -11.859   1.679   3.418   0.114  -0.206   0.000 +1E078M000t
00023 LYS+1A0152_023 f 0.00  1.000     0 10.40  0  1 -10.451   0.462   4.191   0.059  -0.168   0.000 +1E0B6M000t
00024 LYS+1A0152_024 f 0.00  1.000     0 10.40  0  1 -10.471   0.593   3.600   0.096  -0.209   0.000 +1E0D1M000t
00025 LYS+1A0152_025 f 0.00  1.000     0 10.40  0  1  -9.600   0.494   4.208   0.122  -0.088   0.000 +1E0EFM000t
00026 LYS+1A0152_026 f 0.00  1.000     0 10.40  0  1 -10.218   0.291   4.259   0.189  -0.084   0.000 +1E0F0M000t
00027 LYS+1A0152_027 f 0.00  1.000     0 10.40  0  1  -8.797   0.366   1.562   0.063   0.232   0.000 +1E10AM000t
00028 LYS+1A0152_028 f 0.00  1.000     0 10.40  0  1  -8.313   0.893   4.685   0.050  -0.094   0.000 +1E12BM000t
00029 LYS+1A0152_029 f 0.00  1.000     0 10.40  0  1 -10.901   1.414   6.382   0.277  -0.295   0.000 +1E159M000t
00030 LYS+1A0152_030 f 0.00  1.000     0 10.40  0  1 -10.934   2.241   4.245   0.174  -0.127   0.000 +1E161M000t
00031 LYS+1A0152_031 f 0.00  1.000     0 10.40  0  1 -11.651   1.115   1.460   0.046  -0.271   0.000 +1T00BM000t
00032 LYS+1A0152_032 f 0.00  1.000     0 10.40  0  1  -7.643   0.634   3.124   0.124   0.032   0.000 +1T06CM000t
00033 LYS+1A0152_033 f 0.00  1.000     0 10.40  0  1 -10.806   0.622   0.847   0.111  -0.272   0.000 +1T06DM000t
00034 LYS+1A0152_034 f 0.00  1.000     0 10.40  0  1 -10.611   1.889   1.507  -0.048   0.051   0.000 +1T087M000t
00035 LYS+1A0152_035 f 0.00  1.000     0 10.40  0  1 -11.807   1.820   0.883   0.148  -0.187   0.000 +1T090M000t
00036 LYS+1A0152_036 f 0.00  1.000     0 10.40  0  1  -9.772   4.192   3.606   0.114  -0.038   0.000 +1T0BAM000t
00037 LYS+1A0152_037 f 0.00  1.000     0 10.40  0  1 -10.222   1.876   3.644   0.088   0.031   0.000 +1T0C3M000t
00038 LYS+1A0152_038 f 0.00  1.000     0 10.40  0  1  -8.976   0.133   1.513   0.299   0.525   0.000 +1T0F1M000t
