CONFORMER         crg  vdw0  vdw1  tors  epol  self   occ  Hb     history    ASA
LYS01A0152_001  0.000-12.13  0.46  0.90  0.00-10.77 0.501  00  01O000M000  1.000
LYS01A0152_002  0.000-11.56  1.10  1.46  0.00 -9.01 0.501  00  01E00BM000  1.000
LYS01A0152_003  0.000-10.74  0.62  0.84  0.00 -9.27 0.501  00  01E06DM000  1.000
LYS01A0152_004  0.000-11.24  1.21  3.51  0.00 -6.53 0.501  00  01E070M000  1.000
LYS01A0152_005  0.000-11.81  1.70  3.40  0.00 -6.71 0.502  00  01E078M000  1.000
LYS01A0152_006  0.000-10.54  1.89  1.51  0.00 -7.15 0.501  00  01E087M000  1.000
LYS01A0152_007  0.000 -9.73  4.21  3.60  0.00 -1.92 0.501  00  01E0BAM000  1.000
LYS01A0152_008  0.000 -9.97  1.88  3.62  0.00 -4.48 0.501  00  01E0C3M000  1.000
LYS01A0152_009  0.000-10.44  0.59  3.59  0.00 -6.26 0.501  00  01E0D1M000  1.000
LYS01A0152_010  0.000 -9.49  0.50  4.17  0.00 -4.82 0.501  00  01E0EFM000  1.000
LYS01A0152_011  0.000 -7.50  0.64  3.10  0.00 -3.75 0.502  00  01T06CM000  1.000
LYS01A0152_012  0.000-11.74  1.82  0.88  0.00 -9.04 0.501  00  01T090M000  1.000
LYS01A0152_013  0.000-10.40  0.46  4.17  0.00 -5.78 0.501  00  01T0B6M000  1.000
LYS01A0152_014  0.000-10.15  0.29  4.24  0.00 -5.62 0.501  00  01T0F0M000  1.000
LYS01A0152_015  0.000 -8.88  0.17  1.51  0.00 -7.20 0.501  00  01T0F1M000  1.000
LYS01A0152_016  0.000 -9.99  0.43  4.13  0.00 -5.43 0.502  00  01T10BM000  1.000
LYS01A0152_017  0.000 -8.16  0.87  4.63  0.00 -2.66 0.501  00  01T12BM000  1.000
LYS01A0152_018  0.000-10.81  1.43  6.37  0.00 -3.01 0.502  00  01T159M000  1.000
LYS01A0152_019  0.000-10.84  2.24  4.24  0.00 -4.36 0.502  00  01T161M000  1.000
LYS+1A0152_020  1.000-12.17  0.46  0.90  0.00-10.81 0.501  00  +1O000M000  1.000
LYS+1A0152_021  1.000-11.41  1.20  3.52  0.00 -6.69 0.501  00  +1E070M000  1.000
LYS+1A0152_022  1.000-11.86  1.68  3.42  0.00 -6.76 0.502  00  +1E078M000  1.000
LYS+1A0152_023  1.000-10.52  0.46  4.19  0.00 -5.87 0.501  00  +1E0B6M000  1.000
LYS+1A0152_024  1.000-10.47  0.59  3.60  0.00 -6.28 0.501  00  +1E0D1M000  1.000
LYS+1A0152_025  1.000 -9.60  0.49  4.21  0.00 -4.90 0.501  00  +1E0EFM000  1.000
LYS+1A0152_026  1.000-10.21  0.29  4.26  0.00 -5.67 0.501  00  +1E0F0M000  1.000
LYS+1A0152_027  1.000 -8.80  0.37  1.56  0.00 -6.88 0.502  00  +1E10AM000  1.000
LYS+1A0152_028  1.000 -8.31  0.90  4.68  0.00 -2.73 0.501  00  +1E12BM000  1.000
LYS+1A0152_029  1.000-10.90  1.41  6.38  0.00 -3.11 0.502  00  +1E159M000  1.000
LYS+1A0152_030  1.000-10.93  2.24  4.25  0.00 -4.44 0.502  00  +1E161M000  1.000
LYS+1A0152_031  1.000-11.66  1.12  1.46  0.00 -9.08 0.501  00  +1T00BM000  1.000
LYS+1A0152_032  1.000 -7.71  0.63  3.13  0.00 -3.95 0.502  00  +1T06CM000  1.000
LYS+1A0152_033  1.000-10.80  0.62  0.85  0.00 -9.33 0.501  00  +1T06DM000  1.000
LYS+1A0152_034  1.000-10.61  1.89  1.51  0.00 -7.21 0.501  00  +1T087M000  1.000
LYS+1A0152_035  1.000-11.81  1.82  0.88  0.00 -9.11 0.501  00  +1T090M000  1.000
LYS+1A0152_036  1.000 -9.77  4.19  3.60  0.00 -1.97 0.501  00  +1T0BAM000  1.000
LYS+1A0152_037  1.000-10.22  1.87  3.64  0.00 -4.71 0.501  00  +1T0C3M000  1.000
LYS+1A0152_038  1.000 -8.98  0.13  1.51  0.00 -7.33 0.501  00  +1T0F1M000  1.000
