   confID        vdw0    sas     sum
LYS01A0152_001   0.621 -12.749 -12.128
LYS01A0152_002   1.224 -12.785 -11.561
LYS01A0152_003   1.347 -12.091 -10.743
LYS01A0152_004   1.197 -12.438 -11.241
LYS01A0152_005   0.861 -12.675 -11.814
LYS01A0152_006   1.832 -12.377 -10.545
LYS01A0152_007   2.337 -12.068  -9.732
LYS01A0152_008   1.874 -11.849  -9.975
LYS01A0152_009   1.927 -12.370 -10.443
LYS01A0152_010   2.651 -12.139  -9.488
LYS01A0152_011   4.703 -12.191  -7.488
LYS01A0152_012   1.099 -12.834 -11.735
LYS01A0152_013   2.263 -12.666 -10.403
LYS01A0152_014   2.560 -12.711 -10.152
LYS01A0152_015   3.422 -12.301  -8.879
LYS01A0152_016   2.483 -12.473  -9.989
LYS01A0152_017   4.464 -12.621  -8.157
LYS01A0152_018   1.958 -12.727 -10.769
LYS01A0152_019   1.959 -12.802 -10.842
LYS+1A0152_020   0.577 -12.749 -12.172
LYS+1A0152_021   1.132 -12.541 -11.409
LYS+1A0152_022   0.817 -12.675 -11.859
LYS+1A0152_023   2.215 -12.666 -10.451
LYS+1A0152_024   1.899 -12.370 -10.471
LYS+1A0152_025   2.487 -12.088  -9.600
LYS+1A0152_026   2.493 -12.711 -10.218
LYS+1A0152_027   3.239 -12.036  -8.797
LYS+1A0152_028   4.411 -12.724  -8.313
LYS+1A0152_029   1.928 -12.830 -10.901
LYS+1A0152_030   1.881 -12.815 -10.934
LYS+1A0152_031   1.186 -12.836 -11.651
LYS+1A0152_032   4.616 -12.259  -7.643
LYS+1A0152_033   1.285 -12.091 -10.806
LYS+1A0152_034   1.766 -12.377 -10.611
LYS+1A0152_035   1.027 -12.834 -11.807
LYS+1A0152_036   2.258 -12.030  -9.772
LYS+1A0152_037   1.769 -11.991 -10.222
LYS+1A0152_038   3.325 -12.301  -8.976
