iConf CONFORMER     FL  occ    crg   Em0  pKa0 ne nH    vdw0    vdw1    tors    epol   dsolv   extra    history
00001 LEU01A0015_001 f 0.00  0.000     0  0.00  0  0  -9.276   5.763   3.717   0.000   0.000   0.000 01O000M000t
00002 LEU01A0015_002 f 0.00  0.000     0  0.00  0  0  -9.134   5.111   0.908   0.000   0.000   0.000 01R002M000t
00003 LEU01A0015_003 f 0.00  0.000     0  0.00  0  0 -10.339   2.245   3.427   0.000   0.000   0.000 01R003M000t
00004 LEU01A0015_004 f 0.00  0.000     0  0.00  0  0  -7.445   1.447   3.831   0.000   0.000   0.000 01R006M000t
00005 LEU01A0015_005 f 0.00  0.000     0  0.00  0  0  -9.400   1.584   3.268   0.000   0.000   0.000 01R007M000t
00006 LEU01A0015_006 f 0.00  0.000     0  0.00  0  0 -10.240   3.984   0.635   0.000   0.000   0.000 01R008M000t
00007 LEU01A0015_007 f 0.00  0.000     0  0.00  0  0  -9.543   0.139   0.468   0.000   0.000   0.000 01R00CM000t
00008 LEU01A0015_008 f 0.00  0.000     0  0.00  0  0  -7.006   1.967   3.831   0.000   0.000   0.000 01R00DM000t
00009 LEU01A0015_009 f 0.00  0.000     0  0.00  0  0  -7.309  -0.018   1.032   0.000   0.000   0.000 01R00FM000t
00010 LEU01A0015_010 f 0.00  0.000     0  0.00  0  0 -10.278   1.960   0.650   0.000   0.000   0.000 01R012M000t
00011 LEU01A0015_011 f 0.00  0.000     0  0.00  0  0  -8.394   3.601   0.353   0.000   0.000   0.000 01R013M000t
00012 LEU01A0015_012 f 0.00  0.000     0  0.00  0  0  -9.544   0.349   0.367   0.000   0.000   0.000 01R014M000t
00013 LEU01A0015_013 f 0.00  0.000     0  0.00  0  0  -7.511  -0.231   1.032   0.000   0.000   0.000 01R015M000t
00014 LEU01A0015_014 f 0.00  0.000     0  0.00  0  0  -9.022   1.999   0.479   0.000   0.000   0.000 01R016M000t
00015 LEU01A0015_015 f 0.00  0.000     0  0.00  0  0  -9.623   5.142   0.886   0.000   0.000   0.000 01T001M000t
00016 LEU01A0015_016 f 0.00  0.000     0  0.00  0  0  -9.879   2.225   3.167   0.000   0.000   0.000 01T005M000t
00017 LEU01A0015_017 f 0.00  0.000     0  0.00  0  0 -10.219   6.872   0.609   0.000   0.000   0.000 01T008M000t
00018 LEU01A0015_018 f 0.00  0.000     0  0.00  0  0  -8.759   2.669   0.348   0.000   0.000   0.000 01T009M000t
00019 LEU01A0015_019 f 0.00  0.000     0  0.00  0  0  -9.284   2.977   3.270   0.000   0.000   0.000 01T00EM000t
00020 LEU01A0015_020 f 0.00  0.000     0  0.00  0  0  -8.954   4.067   0.474   0.000   0.000   0.000 01T010M000t
00021 LEU01A0015_021 f 0.00  0.000     0  0.00  0  0  -7.041   3.494   3.828   0.000   0.000   0.000 01T011M000t
