CONFORMER         crg  vdw0  vdw1  tors  epol  self   occ  Hb     history    ASA
LEU01A0015_001  0.000 -9.28  5.76  3.72  0.00  0.20 0.000  00  01O000M000  1.000
LEU01A0015_002  0.000 -9.13  5.06  0.91  0.00 -3.16 0.523  00  01R002M000  1.000
LEU01A0015_003  0.000-10.34  2.24  3.43  0.00 -4.67 0.523  00  01R003M000  1.000
LEU01A0015_004  0.000 -7.50  1.45  3.83  0.00 -2.21 0.523  00  01R006M000  1.000
LEU01A0015_005  0.000 -9.40  1.54  3.27  0.00 -4.60 0.524  00  01R007M000  1.000
LEU01A0015_006  0.000-10.24  3.94  0.63  0.00 -5.66 0.522  00  01R008M000  1.000
LEU01A0015_007  0.000 -9.54  0.04  0.47  0.00 -9.03 0.519  00  01R00CM000  1.000
LEU01A0015_008  0.000 -7.01  1.97  3.83  0.00 -1.21 0.523  00  01R00DM000  1.000
LEU01A0015_009  0.000 -7.31 -0.02  1.03  0.00 -6.29 0.523  00  01R00FM000  1.000
LEU01A0015_010  0.000-10.28  1.90  0.65  0.00 -7.73 0.522  00  01R012M000  1.000
LEU01A0015_011  0.000 -8.39  3.53  0.35  0.00 -4.51 0.525  00  01R013M000  1.000
LEU01A0015_012  0.000 -9.55  0.23  0.37  0.00 -8.95 0.522  00  01R014M000  1.000
LEU01A0015_013  0.000 -7.51 -0.30  1.03  0.00 -6.78 0.528  00  01R015M000  1.000
LEU01A0015_014  0.000 -9.02  1.89  0.48  0.00 -6.66 0.522  00  01R016M000  1.000
LEU01A0015_015  0.000 -9.62  5.10  0.89  0.00 -3.64 0.524  00  01T001M000  1.000
LEU01A0015_016  0.000 -9.88  2.17  3.17  0.00 -4.54 0.524  00  01T005M000  1.000
LEU01A0015_017  0.000-10.22  6.82  0.61  0.00 -2.78 0.522  00  01T008M000  1.000
LEU01A0015_018  0.000 -8.75  2.62  0.35  0.00 -5.78 0.520  00  01T009M000  1.000
LEU01A0015_019  0.000 -9.29  2.92  3.27  0.00 -3.09 0.523  00  01T00EM000  1.000
LEU01A0015_020  0.000 -8.95  4.01  0.47  0.00 -4.47 0.521  00  01T010M000  1.000
LEU01A0015_021  0.000 -7.03  3.50  3.83  0.00  0.29 0.521  00  01T011M000  1.000
