iConf CONFORMER     FL  occ    crg   Em0  pKa0 ne nH    vdw0    vdw1    tors    epol   dsolv   extra    history
00001 HIS01A0135_001 f 0.00  0.000     0  0.00  0  0 -11.446   2.723   0.194   0.393   0.440   0.000 01O000M000t
00002 HIS01A0135_002 f 0.00  0.000     0  0.00  0  0 -11.165   0.824   0.194   0.233   0.156   0.000 01R001M000t
00003 HIS01A0135_003 f 0.00  0.000     0  0.00  0  0 -12.000   2.853   0.089   0.405   0.284   0.000 01E003M000t
00004 HIS01A0135_004 f 0.00  0.000     0  0.00  0  0 -11.779  -0.054   0.151   0.398   0.421   0.000 01E005M000t
00005 HIS01A0135_005 f 0.00  0.000     0  0.00  0  0 -11.182   0.074   0.172   0.208   0.483   0.000 01E006M000t
00006 HIS01A0135_006 f 0.00  0.000     0  0.00  0  0 -12.014   1.566   2.553   0.413   0.181   0.000 01E00AM000t
00007 HIS01A0135_007 f 0.00  0.000     0  0.00  0  0 -11.552   1.295   2.576   0.351   0.215   0.000 01E00BM000t
00008 HIS01A0135_008 f 0.00  0.000     0  0.00  0  0 -11.984   2.055   2.558   0.295   0.263   0.000 01E00DM000t
00009 HIS01A0135_009 f 0.00  0.000     0  0.00  0  0 -11.487   1.225   2.578   0.366   0.184   0.000 01E00EM000t
00010 HIS01A0135_010 f 0.00  0.000     0  0.00  0  0 -12.215   0.927   0.165   0.315   0.451   0.000 01E00FM000t
00011 HIS01A0135_011 f 0.00  0.000     0  0.00  0  0 -11.733   5.441   0.127  -0.324   0.428   0.000 01E015M000t
00012 HIS01A0135_012 f 0.00  0.000     0  0.00  0  0 -11.481   0.664   0.172   0.202   0.433   0.000 01E016M000t
00013 HIS01A0135_013 f 0.00  0.000     0  0.00  0  0 -11.493   3.426   2.576   0.012   0.423   0.000 01E017M000t
00014 HIS01A0135_014 f 0.00  0.000     0  0.00  0  0 -12.053   2.815   2.457   0.397   0.381   0.000 01T002M000t
00015 HIS01A0135_015 f 0.00  0.000     0  0.00  0  0 -11.665   3.505   0.144   0.108   0.541   0.000 01T007M000t
00016 HIS01A0135_016 f 0.00  0.000     0  0.00  0  0 -11.184  -0.172   0.171   0.430   0.372   0.000 01T009M000t
00017 HIS01A0135_017 f 0.00  0.000     0  0.00  0  0 -12.416   4.736   2.466   0.244   0.516   0.000 01T00CM000t
00018 HIS01A0135_018 f 0.00  0.000     0  0.00  0  0 -11.773   4.656   0.087  -0.005   0.584   0.000 01T010M000t
00019 HIS01A0135_019 f 0.00  0.000     0  0.00  0  0 -11.249   3.560   0.122   0.500   0.275   0.000 01T012M000t
00020 HIS01A0135_020 f 0.00  0.000     0  0.00  0  0 -11.758   1.061   0.175   0.400   0.510   0.000 01T013M000t
00021 HIS02A0135_021 f 0.00  0.000     0  0.00  0  0 -11.515   2.730   0.194   0.278  -0.077   0.000 02O000M000t
00022 HIS02A0135_022 f 0.00  0.000     0  0.00  0  0 -11.173   0.695   0.194   0.072   0.508   0.000 02R001M000t
00023 HIS02A0135_023 f 0.00  0.000     0  0.00  0  0 -11.802  -0.064   0.145   0.259   0.249   0.000 02E005M000t
00024 HIS02A0135_024 f 0.00  0.000     0  0.00  0  0 -11.143   0.053   0.170   0.269   0.260   0.000 02E006M000t
00025 HIS02A0135_025 f 0.00  0.000     0  0.00  0  0 -11.610   3.469   0.139   0.094   0.346   0.000 02E007M000t
00026 HIS02A0135_026 f 0.00  0.000     0  0.00  0  0 -11.324  -0.176   0.168   0.312   0.281   0.000 02E009M000t
00027 HIS02A0135_027 f 0.00  0.000     0  0.00  0  0 -11.621   1.258   2.573   0.253   0.169   0.000 02E00BM000t
00028 HIS02A0135_028 f 0.00  0.000     0  0.00  0  0 -12.233   0.889   0.161   0.248   0.153   0.000 02E00FM000t
00029 HIS02A0135_029 f 0.00  0.000     0  0.00  0  0 -11.361   3.571   0.121   0.469   0.130   0.000 02E012M000t
00030 HIS02A0135_030 f 0.00  0.000     0  0.00  0  0 -11.499   0.646   0.170   0.076   0.065   0.000 02E016M000t
00031 HIS02A0135_031 f 0.00  0.000     0  0.00  0  0 -11.446   3.453   2.569  -0.012   0.322   0.000 02E017M000t
00032 HIS02A0135_032 f 0.00  0.000     0  0.00  0  0 -11.930   2.871   2.472   0.326   0.246   0.000 02T002M000t
00033 HIS02A0135_033 f 0.00  0.000     0  0.00  0  0 -12.019   2.749   0.091   0.412   0.286   0.000 02T003M000t
00034 HIS02A0135_034 f 0.00  0.000     0  0.00  0  0 -12.037   1.552   2.544   0.329   0.306   0.000 02T00AM000t
00035 HIS02A0135_035 f 0.00  0.000     0  0.00  0  0 -12.394   4.622   2.484   0.289   0.251   0.000 02T00CM000t
00036 HIS02A0135_036 f 0.00  0.000     0  0.00  0  0 -12.068   2.087   2.551   0.321   0.080   0.000 02T00DM000t
00037 HIS02A0135_037 f 0.00  0.000     0  0.00  0  0 -11.441   1.203   2.573   0.312   0.006   0.000 02T00EM000t
00038 HIS02A0135_038 f 0.00  0.000     0  0.00  0  0 -11.848   4.879   0.086   0.289   0.452   0.000 02T010M000t
00039 HIS02A0135_039 f 0.00  0.000     0  0.00  0  0 -11.824   1.076   0.173   0.177   0.151   0.000 02T013M000t
00040 HIS02A0135_040 f 0.00  0.000     0  0.00  0  0 -11.690   5.344   0.111   0.567   0.559   0.000 02T015M000t
00041 HIS+1A0135_041 f 0.00  1.000     0  6.98  0  1 -11.541   2.726   0.194   0.682  -0.270   0.000 +1O000M000t
00042 HIS+1A0135_042 f 0.00  1.000     0  6.98  0  1 -11.200   0.694   0.194   0.543  -0.018   0.000 +1R001M000t
00043 HIS+1A0135_043 f 0.00  1.000     0  6.98  0  1 -12.045   2.830   0.095   0.771  -0.545   0.000 +1E003M000t
00044 HIS+1A0135_044 f 0.00  1.000     0  6.98  0  1 -11.894  -0.061   0.152   0.714  -0.560   0.000 +1E005M000t
00045 HIS+1A0135_045 f 0.00  1.000     0  6.98  0  1 -12.064   1.557   2.556   0.628  -0.537   0.000 +1E00AM000t
00046 HIS+1A0135_046 f 0.00  1.000     0  6.98  0  1 -11.666   1.264   2.581   0.602  -0.250   0.000 +1E00BM000t
00047 HIS+1A0135_047 f 0.00  1.000     0  6.98  0  1 -12.093   2.066   2.564   0.666  -0.119   0.000 +1E00DM000t
00048 HIS+1A0135_048 f 0.00  1.000     0  6.98  0  1 -12.257   0.897   0.167   0.631  -0.534   0.000 +1E00FM000t
00049 HIS+1A0135_049 f 0.00  1.000     0  6.98  0  1 -11.409   3.639   0.129   1.131  -0.423   0.000 +1E012M000t
00050 HIS+1A0135_050 f 0.00  1.000     0  6.98  0  1 -11.795   5.586   0.121   1.394  -0.167   0.000 +1E015M000t
00051 HIS+1A0135_051 f 0.00  1.000     0  6.98  0  1 -11.525   0.637   0.173   0.691  -0.356   0.000 +1E016M000t
00052 HIS+1A0135_052 f 0.00  1.000     0  6.98  0  1 -11.473   3.451   2.576   0.838  -0.308   0.000 +1E017M000t
00053 HIS+1A0135_053 f 0.00  1.000     0  6.98  0  1 -12.025   2.891   2.480   0.643  -0.454   0.000 +1T002M000t
00054 HIS+1A0135_054 f 0.00  1.000     0  6.98  0  1 -11.120   0.050   0.175   0.761  -0.123   0.000 +1T006M000t
00055 HIS+1A0135_055 f 0.00  1.000     0  6.98  0  1 -11.569   3.453   0.141   0.495   0.298   0.000 +1T007M000t
00056 HIS+1A0135_056 f 0.00  1.000     0  6.98  0  1 -11.229  -0.184   0.172   0.746  -0.291   0.000 +1T009M000t
00057 HIS+1A0135_057 f 0.00  1.000     0  6.98  0  1 -12.433   4.633   2.494   0.636  -0.176   0.000 +1T00CM000t
00058 HIS+1A0135_058 f 0.00  1.000     0  6.98  0  1 -11.464   1.206   2.579   0.647  -0.458   0.000 +1T00EM000t
00059 HIS+1A0135_059 f 0.00  1.000     0  6.98  0  1 -11.941   4.873   0.093   0.692  -0.074   0.000 +1T010M000t
00060 HIS+1A0135_060 f 0.00  1.000     0  6.98  0  1 -11.780   1.064   0.176   0.757  -0.209   0.000 +1T013M000t
