   confID        vdw0    sas     sum
HIS01A0135_001  -0.170 -11.276 -11.446
HIS01A0135_002  -0.127 -11.038 -11.165
HIS01A0135_003  -0.164 -11.836 -12.000
HIS01A0135_004  -0.017 -11.762 -11.779
HIS01A0135_005  -0.081 -11.101 -11.182
HIS01A0135_006  -0.015 -11.999 -12.014
HIS01A0135_007  -0.085 -11.467 -11.552
HIS01A0135_008  -0.220 -11.764 -11.984
HIS01A0135_009   0.016 -11.503 -11.487
HIS01A0135_010  -0.097 -12.118 -12.215
HIS01A0135_011  -0.202 -11.531 -11.733
HIS01A0135_012   0.018 -11.499 -11.481
HIS01A0135_013  -0.067 -11.426 -11.493
HIS01A0135_014  -0.164 -11.889 -12.053
HIS01A0135_015  -0.312 -11.353 -11.665
HIS01A0135_016   0.017 -11.202 -11.184
HIS01A0135_017  -0.310 -12.106 -12.416
HIS01A0135_018  -0.300 -11.474 -11.773
HIS01A0135_019  -0.001 -11.248 -11.249
HIS01A0135_020  -0.077 -11.681 -11.758
HIS02A0135_021  -0.190 -11.325 -11.515
HIS02A0135_022  -0.135 -11.038 -11.173
HIS02A0135_023  -0.040 -11.762 -11.802
HIS02A0135_024  -0.106 -11.036 -11.143
HIS02A0135_025  -0.325 -11.286 -11.610
HIS02A0135_026  -0.003 -11.321 -11.324
HIS02A0135_027  -0.103 -11.517 -11.621
HIS02A0135_028  -0.115 -12.118 -12.233
HIS02A0135_029  -0.027 -11.335 -11.361
HIS02A0135_030   0.001 -11.499 -11.499
HIS02A0135_031  -0.088 -11.358 -11.446
HIS02A0135_032  -0.190 -11.740 -11.930
HIS02A0135_033  -0.183 -11.836 -12.019
HIS02A0135_034  -0.038 -11.999 -12.037
HIS02A0135_035  -0.322 -12.073 -12.394
HIS02A0135_036  -0.239 -11.828 -12.068
HIS02A0135_037  -0.006 -11.435 -11.441
HIS02A0135_038  -0.317 -11.531 -11.848
HIS02A0135_039  -0.102 -11.722 -11.824
HIS02A0135_040  -0.218 -11.472 -11.690
HIS+1A0135_041  -0.216 -11.325 -11.541
HIS+1A0135_042  -0.162 -11.038 -11.200
HIS+1A0135_043  -0.209 -11.836 -12.045
HIS+1A0135_044  -0.067 -11.827 -11.894
HIS+1A0135_045  -0.066 -11.999 -12.064
HIS+1A0135_046  -0.131 -11.535 -11.666
HIS+1A0135_047  -0.265 -11.828 -12.093
HIS+1A0135_048  -0.139 -12.118 -12.257
HIS+1A0135_049  -0.056 -11.353 -11.409
HIS+1A0135_050  -0.246 -11.549 -11.795
HIS+1A0135_051  -0.026 -11.499 -11.525
HIS+1A0135_052  -0.115 -11.358 -11.473
HIS+1A0135_053  -0.217 -11.808 -12.025
HIS+1A0135_054  -0.131 -10.989 -11.120
HIS+1A0135_055  -0.351 -11.218 -11.569
HIS+1A0135_056  -0.028 -11.202 -11.229
HIS+1A0135_057  -0.348 -12.085 -12.433
HIS+1A0135_058  -0.029 -11.435 -11.464
HIS+1A0135_059  -0.343 -11.599 -11.941
HIS+1A0135_060  -0.126 -11.654 -11.780
