iConf CONFORMER     FL  occ    crg   Em0  pKa0 ne nH    vdw0    vdw1    tors    epol   dsolv   extra    history
00001 ARG01A0112_001 f 0.00  0.000     0  0.00  0  0 -13.483   0.359   0.467   0.039  -0.341   0.000 01O000M000t
00002 ARG01A0112_002 f 0.00  0.000     0  0.00  0  0 -12.395   0.430   0.469  -0.008  -0.302   0.000 01E01EM000t
00003 ARG01A0112_003 f 0.00  0.000     0  0.00  0  0 -12.702   1.401   6.187   0.006  -0.179   0.000 01E039M000t
00004 ARG01A0112_004 f 0.00  0.000     0  0.00  0  0 -11.361   1.743   1.216  -0.048  -0.063   0.000 01E050M000t
00005 ARG01A0112_005 f 0.00  0.000     0  0.00  0  0 -11.457   0.473   0.419   0.036  -0.003   0.000 01E05BM000t
00006 ARG01A0112_006 f 0.00  0.000     0  0.00  0  0 -11.102   0.653   1.108   0.060  -0.247   0.000 01E06FM000t
00007 ARG01A0112_007 f 0.00  0.000     0  0.00  0  0 -10.496   0.653   1.078   0.052  -0.161   0.000 01E070M000t
00008 ARG01A0112_008 f 0.00  0.000     0  0.00  0  0 -10.692   3.435   3.253  -0.038  -0.111   0.000 01E0BCM000t
00009 ARG01A0112_009 f 0.00  0.000     0  0.00  0  0 -10.145   2.316   0.437  -0.018  -0.343   0.000 01E0C4M000t
00010 ARG01A0112_010 f 0.00  0.000     0  0.00  0  0  -8.726   0.488   3.754   0.065  -0.063   0.000 01E0D2M000t
00011 ARG01A0112_011 f 0.00  0.000     0  0.00  0  0  -9.901   0.153   1.041   0.024   0.072   0.000 01E0D5M000t
00012 ARG01A0112_012 f 0.00  0.000     0  0.00  0  0  -9.834   1.642   3.818   0.057   0.044   0.000 01E0F3M000t
00013 ARG01A0112_013 f 0.00  0.000     0  0.00  0  0  -8.804   0.203   3.809  -0.030  -0.105   0.000 01E11FM000t
00014 ARG01A0112_014 f 0.00  0.000     0  0.00  0  0 -13.352   3.561   3.322   0.029  -0.090   0.000 01T003M000t
00015 ARG01A0112_015 f 0.00  0.000     0  0.00  0  0 -11.648   3.492   3.229   0.028  -0.136   0.000 01T05EM000t
00016 ARG01A0112_016 f 0.00  0.000     0  0.00  0  0 -11.801   1.729   3.405   0.130  -0.219   0.000 01T078M000t
00017 ARG01A0112_017 f 0.00  0.000     0  0.00  0  0  -6.922   0.481   1.137   0.028   0.056   0.000 01T0ECM000t
00018 ARG01A0112_018 f 0.00  0.000     0  0.00  0  0 -10.215   0.557   3.323  -0.044   0.081   0.000 01T11CM000t
00019 ARG01A0112_019 f 0.00  0.000     0  0.00  0  0  -9.411   0.027   1.084   0.022  -0.004   0.000 01T124M000t
00020 ARG01A0112_020 f 0.00  0.000     0  0.00  0  0  -8.656   2.040   3.759  -0.025  -0.067   0.000 01T12BM000t
00021 ARG02A0112_021 f 0.00  0.000     0  0.00  0  0 -13.519   0.357   0.467   0.057   0.828   0.000 02O000M000t
00022 ARG02A0112_022 f 0.00  0.000     0  0.00  0  0 -10.475   0.628   1.069   0.046   0.663   0.000 02E070M000t
00023 ARG02A0112_023 f 0.00  0.000     0  0.00  0  0  -9.654   1.656   3.797  -0.006   0.551   0.000 02E0F3M000t
00024 ARG02A0112_024 f 0.00  0.000     0  0.00  0  0 -10.745   2.008   1.067  -0.017   0.898   0.000 02T050M000t
00025 ARG02A0112_025 f 0.00  0.000     0  0.00  0  0 -12.261   1.242   6.015   0.062   0.712   0.000 02T039M000t
00026 ARG02A0112_026 f 0.00  0.000     0  0.00  0  0 -10.107   0.483   3.276  -0.027   1.264   0.000 02T11CM000t
00027 ARG02A0112_027 f 0.00  0.000     0  0.00  0  0  -9.339   0.048   1.068   0.047   1.247   0.000 02T124M000t
00028 ARG02A0112_028 f 0.00  0.000     0  0.00  0  0 -13.100   3.518   3.212   0.025   0.582   0.000 02T003M000t
00029 ARG02A0112_029 f 0.00  0.000     0  0.00  0  0 -12.277   0.458   0.419   0.033   0.621   0.000 02T01EM000t
00030 ARG02A0112_030 f 0.00  0.000     0  0.00  0  0 -11.520   0.475   0.416  -0.003   0.832   0.000 02T05BM000t
00031 ARG02A0112_031 f 0.00  0.000     0  0.00  0  0 -11.670   3.503   3.226   0.003   0.541   0.000 02T05EM000t
00032 ARG02A0112_032 f 0.00  0.000     0  0.00  0  0  -8.649   0.493   3.754   0.080   0.811   0.000 02T0D2M000t
00033 ARG02A0112_033 f 0.00  0.000     0  0.00  0  0  -7.472   0.489   1.129   0.008   1.026   0.000 02T0ECM000t
00034 ARG02A0112_034 f 0.00  0.000     0  0.00  0  0  -8.934   0.192   3.810  -0.074   0.920   0.000 02T11FM000t
00035 ARG02A0112_035 f 0.00  0.000     0  0.00  0  0  -8.625   2.052   3.750   0.033   0.647   0.000 02T12BM000t
00036 ARG02A0112_036 f 0.00  0.000     0  0.00  0  0 -11.258   0.663   1.089   0.065   0.642   0.000 02T06FM000t
00037 ARG02A0112_037 f 0.00  0.000     0  0.00  0  0 -11.845   1.853   3.340   0.131   0.679   0.000 02T078M000t
00038 ARG02A0112_038 f 0.00  0.000     0  0.00  0  0 -10.743   3.420   3.222  -0.017   0.902   0.000 02T0BCM000t
00039 ARG02A0112_039 f 0.00  0.000     0  0.00  0  0 -10.221   2.295   0.432  -0.051   0.802   0.000 02T0C4M000t
00040 ARG02A0112_040 f 0.00  0.000     0  0.00  0  0  -9.787   0.159   1.021   0.055   0.876   0.000 02T0D5M000t
00041 ARG03A0112_041 f 0.00  0.000     0  0.00  0  0 -13.525   0.357   0.467   0.057   0.644   0.000 03O000M000t
00042 ARG03A0112_042 f 0.00  0.000     0  0.00  0  0 -11.702   3.495   3.228   0.013   0.744   0.000 03E05EM000t
00043 ARG03A0112_043 f 0.00  0.000     0  0.00  0  0 -11.254   0.662   1.089   0.075   0.948   0.000 03E06FM000t
00044 ARG03A0112_044 f 0.00  0.000     0  0.00  0  0  -6.636   0.488   1.126   0.036   0.967   0.000 03E0ECM000t
00045 ARG03A0112_045 f 0.00  0.000     0  0.00  0  0  -9.342   0.052   1.069   0.042   1.103   0.000 03E124M000t
00046 ARG03A0112_046 f 0.00  0.000     0  0.00  0  0  -8.661   2.057   3.750  -0.005   0.756   0.000 03E12BM000t
00047 ARG03A0112_047 f 0.00  0.000     0  0.00  0  0 -12.450   0.454   0.418   0.025   0.679   0.000 03E01EM000t
00048 ARG03A0112_048 f 0.00  0.000     0  0.00  0  0 -11.864   1.849   3.343   0.145   0.798   0.000 03E078M000t
00049 ARG03A0112_049 f 0.00  0.000     0  0.00  0  0  -8.816   0.190   3.809  -0.051   0.677   0.000 03E11FM000t
00050 ARG03A0112_050 f 0.00  0.000     0  0.00  0  0 -11.472   0.471   0.416   0.025   0.848   0.000 03T05BM000t
00051 ARG03A0112_051 f 0.00  0.000     0  0.00  0  0  -9.755   0.127   1.030   0.034   1.187   0.000 03T0D5M000t
00052 ARG03A0112_052 f 0.00  0.000     0  0.00  0  0  -9.841   1.637   3.806   0.052   0.844   0.000 03T0F3M000t
00053 ARG03A0112_053 f 0.00  0.000     0  0.00  0  0  -9.525   0.445   3.287  -0.041   1.190   0.000 03T11CM000t
00054 ARG03A0112_054 f 0.00  0.000     0  0.00  0  0 -10.831   2.010   1.066  -0.024   0.911   0.000 03T050M000t
00055 ARG03A0112_055 f 0.00  0.000     0  0.00  0  0 -10.424   0.621   1.066   0.064   1.163   0.000 03T070M000t
00056 ARG03A0112_056 f 0.00  0.000     0  0.00  0  0 -10.753   3.411   3.221  -0.027   0.872   0.000 03T0BCM000t
00057 ARG03A0112_057 f 0.00  0.000     0  0.00  0  0 -12.268   1.241   6.019   0.061   0.728   0.000 03T039M000t
00058 ARG03A0112_058 f 0.00  0.000     0  0.00  0  0 -10.194   2.284   0.434  -0.038   0.893   0.000 03T0C4M000t
00059 ARG03A0112_059 f 0.00  0.000     0  0.00  0  0 -13.145   3.517   3.213   0.027   0.698   0.000 03T003M000t
00060 ARG03A0112_060 f 0.00  0.000     0  0.00  0  0  -8.685   0.487   3.752   0.065   0.585   0.000 03T0D2M000t
00061 ARG+1A0112_061 f 0.00  1.000     0 12.50  0  1 -13.563   0.356   0.467   0.145  -0.436   0.000 +1O000M000t
00062 ARG+1A0112_062 f 0.00  1.000     0 12.50  0  1 -13.188   3.515   3.213   0.047  -0.297   0.000 +1E003M000t
00063 ARG+1A0112_063 f 0.00  1.000     0 12.50  0  1 -12.306   1.238   6.019   0.401  -0.075   0.000 +1E039M000t
00064 ARG+1A0112_064 f 0.00  1.000     0 12.50  0  1 -10.838   2.007   1.069   0.037   0.018   0.000 +1E050M000t
00065 ARG+1A0112_065 f 0.00  1.000     0 12.50  0  1 -11.489   0.473   0.418   0.106  -0.097   0.000 +1E05BM000t
00066 ARG+1A0112_066 f 0.00  1.000     0 12.50  0  1 -10.430   0.619   1.068   0.189  -0.104   0.000 +1E070M000t
00067 ARG+1A0112_067 f 0.00  1.000     0 12.50  0  1 -11.827   1.847   3.343   0.331  -0.210   0.000 +1E078M000t
00068 ARG+1A0112_068 f 0.00  1.000     0 12.50  0  1 -10.798   3.413   3.222   0.061  -0.135   0.000 +1E0BCM000t
00069 ARG+1A0112_069 f 0.00  1.000     0 12.50  0  1  -9.884   1.646   3.802   0.172  -0.090   0.000 +1E0F3M000t
00070 ARG+1A0112_070 f 0.00  1.000     0 12.50  0  1  -8.851   0.193   3.809   0.120  -0.042   0.000 +1E11FM000t
00071 ARG+1A0112_071 f 0.00  1.000     0 12.50  0  1 -12.549   0.456   0.419   0.130  -0.359   0.000 +1T01EM000t
00072 ARG+1A0112_072 f 0.00  1.000     0 12.50  0  1 -11.728   3.502   3.228   0.039  -0.401   0.000 +1T05EM000t
00073 ARG+1A0112_073 f 0.00  1.000     0 12.50  0  1 -11.304   0.661   1.090   0.194  -0.454   0.000 +1T06FM000t
00074 ARG+1A0112_074 f 0.00  1.000     0 12.50  0  1 -10.299   2.293   0.434   0.051  -0.083   0.000 +1T0C4M000t
00075 ARG+1A0112_075 f 0.00  1.000     0 12.50  0  1  -8.720   0.492   3.756   0.181  -0.045   0.000 +1T0D2M000t
00076 ARG+1A0112_076 f 0.00  1.000     0 12.50  0  1  -9.856   0.134   1.025   0.154   0.099   0.000 +1T0D5M000t
00077 ARG+1A0112_077 f 0.00  1.000     0 12.50  0  1  -6.960   0.488   1.123   0.188  -0.033   0.000 +1T0ECM000t
00078 ARG+1A0112_078 f 0.00  1.000     0 12.50  0  1  -9.651   0.453   3.296   0.258  -0.075   0.000 +1T11CM000t
00079 ARG+1A0112_079 f 0.00  1.000     0 12.50  0  1  -9.349   0.043   1.068   0.067  -0.296   0.000 +1T124M000t
00080 ARG+1A0112_080 f 0.00  1.000     0 12.50  0  1  -8.738   2.053   3.752  -0.019  -0.063   0.000 +1T12BM000t
