   confID        vdw0    sas     sum
ARG01A0112_001   1.419 -14.902 -13.483
ARG01A0112_002   2.060 -14.454 -12.395
ARG01A0112_003   2.197 -14.898 -12.702
ARG01A0112_004   3.095 -14.456 -11.361
ARG01A0112_005   2.995 -14.452 -11.457
ARG01A0112_006   3.462 -14.564 -11.102
ARG01A0112_007   3.478 -13.973 -10.496
ARG01A0112_008   3.366 -14.058 -10.692
ARG01A0112_009   3.458 -13.602 -10.145
ARG01A0112_010   5.781 -14.507  -8.726
ARG01A0112_011   4.010 -13.911  -9.901
ARG01A0112_012   4.030 -13.865  -9.834
ARG01A0112_013   5.486 -14.290  -8.804
ARG01A0112_014   1.405 -14.757 -13.352
ARG01A0112_015   2.793 -14.441 -11.648
ARG01A0112_016   2.677 -14.478 -11.801
ARG01A0112_017   6.729 -13.650  -6.922
ARG01A0112_018   3.781 -13.996 -10.215
ARG01A0112_019   4.779 -14.190  -9.411
ARG01A0112_020   5.495 -14.151  -8.656
ARG02A0112_021   1.383 -14.902 -13.519
ARG02A0112_022   3.438 -13.913 -10.475
ARG02A0112_023   4.053 -13.708  -9.654
ARG02A0112_024   3.335 -14.080 -10.745
ARG02A0112_025   2.203 -14.465 -12.261
ARG02A0112_026   3.981 -14.088 -10.107
ARG02A0112_027   4.835 -14.174  -9.339
ARG02A0112_028   1.439 -14.538 -13.100
ARG02A0112_029   2.145 -14.422 -12.277
ARG02A0112_030   2.868 -14.388 -11.520
ARG02A0112_031   2.771 -14.441 -11.670
ARG02A0112_032   5.798 -14.446  -8.649
ARG02A0112_033   6.290 -13.762  -7.472
ARG02A0112_034   5.523 -14.457  -8.934
ARG02A0112_035   5.590 -14.215  -8.625
ARG02A0112_036   3.451 -14.709 -11.258
ARG02A0112_037   2.636 -14.481 -11.845
ARG02A0112_038   3.395 -14.138 -10.743
ARG02A0112_039   3.445 -13.667 -10.221
ARG02A0112_040   4.052 -13.840  -9.787
ARG03A0112_041   1.377 -14.902 -13.525
ARG03A0112_042   2.739 -14.441 -11.702
ARG03A0112_043   3.439 -14.692 -11.254
ARG03A0112_044   7.018 -13.654  -6.636
ARG03A0112_045   4.832 -14.174  -9.342
ARG03A0112_046   5.554 -14.215  -8.661
ARG03A0112_047   2.084 -14.535 -12.450
ARG03A0112_048   2.601 -14.465 -11.864
ARG03A0112_049   5.474 -14.290  -8.816
ARG03A0112_050   2.980 -14.452 -11.472
ARG03A0112_051   4.024 -13.779  -9.755
ARG03A0112_052   4.027 -13.868  -9.841
ARG03A0112_053   4.511 -14.037  -9.525
ARG03A0112_054   3.312 -14.144 -10.831
ARG03A0112_055   3.552 -13.977 -10.424
ARG03A0112_056   3.385 -14.138 -10.753
ARG03A0112_057   2.196 -14.465 -12.268
ARG03A0112_058   3.409 -13.602 -10.194
ARG03A0112_059   1.377 -14.522 -13.145
ARG03A0112_060   5.774 -14.459  -8.685
ARG+1A0112_061   1.339 -14.902 -13.563
ARG+1A0112_062   1.335 -14.522 -13.188
ARG+1A0112_063   2.158 -14.465 -12.306
ARG+1A0112_064   3.306 -14.144 -10.838
ARG+1A0112_065   2.963 -14.452 -11.489
ARG+1A0112_066   3.543 -13.973 -10.430
ARG+1A0112_067   2.570 -14.397 -11.827
ARG+1A0112_068   3.340 -14.138 -10.798
ARG+1A0112_069   3.988 -13.871  -9.884
ARG+1A0112_070   5.438 -14.290  -8.851
ARG+1A0112_071   2.050 -14.599 -12.549
ARG+1A0112_072   2.714 -14.441 -11.728
ARG+1A0112_073   3.405 -14.709 -11.304
ARG+1A0112_074   3.368 -13.667 -10.299
ARG+1A0112_075   5.727 -14.446  -8.720
ARG+1A0112_076   3.984 -13.840  -9.856
ARG+1A0112_077   6.935 -13.894  -6.960
ARG+1A0112_078   4.437 -14.088  -9.651
ARG+1A0112_079   4.826 -14.174  -9.349
ARG+1A0112_080   5.542 -14.279  -8.738
