iConf CONFORMER     FL  occ    crg   Em0  pKa0 ne nH    vdw0    vdw1    tors    epol   dsolv   extra    history
00001 TYR01A0075_001 f 0.00  0.000     0  0.00  0  0 -10.221  -0.360   0.603   0.265  -0.001   0.000 01O000M000t
00002 TYR01A0075_002 f 0.00  0.000     0  0.00  0  0 -10.821   1.752   2.158   0.242  -0.117   0.000 01E00CM000t
00003 TYR01A0075_003 f 0.00  0.000     0  0.00  0  0 -10.269   2.855   2.144   0.294  -0.116   0.000 01E00DM000t
00004 TYR01A0075_004 f 0.00  0.000     0  0.00  0  0  -9.934   0.111   0.575   0.349  -0.108   0.000 01E00EM000t
00005 TYR01A0075_005 f 0.00  0.000     0  0.00  0  0 -10.213   1.344   2.162   0.241  -0.128   0.000 01E001M000t
00006 TYR01A0075_006 f 0.00  0.000     0  0.00  0  0  -9.567  -0.284   0.570   0.351  -0.213   0.000 01E002M000t
00007 TYR01A0075_007 f 0.00  0.000     0  0.00  0  0 -10.040   0.952   2.163   0.185  -0.051   0.000 01E003M000t
00008 TYR01A0075_008 f 0.00  0.000     0  0.00  0  0 -10.000   1.121   2.138   0.274  -0.069   0.000 01E012M000t
00009 TYR01A0075_009 f 0.00  0.000     0  0.00  0  0 -11.134   6.177   2.037   0.220  -0.193   0.000 01T015M000t
00010 TYR01A0075_010 f 0.00  0.000     0  0.00  0  0 -10.738  -0.103   0.571   0.285  -0.011   0.000 01T008M000t
00011 TYR01A0075_011 f 0.00  0.000     0  0.00  0  0 -10.520   0.647   2.134   0.255   0.039   0.000 01T014M000t
00012 TYR01A0075_012 f 0.00  0.000     0  0.00  0  0 -10.641   1.122   0.536   0.280  -0.012   0.000 01T006M000t
00013 TYR01A0075_013 f 0.00  0.000     0  0.00  0  0 -10.905   0.248   0.531   0.261  -0.201   0.000 01T009M000t
00014 TYR01A0075_014 f 0.00  0.000     0  0.00  0  0 -10.671   3.432   2.136   0.267  -0.146   0.000 01T00BM000t
00015 TYR01A0075_015 f 0.00  0.000     0  0.00  0  0 -10.099  -0.388   0.568   0.038  -0.015   0.000 01T004M000t
00016 TYR01A0075_016 f 0.00  0.000     0  0.00  0  0 -10.084   0.130   2.161   0.211  -0.244   0.000 01T005M000t
00017 TYR01A0075_017 f 0.00  0.000     0  0.00  0  0 -11.133   2.012   0.414   0.304  -0.143   0.000 01T00AM000t
00018 TYR01A0075_018 f 0.00  0.000     0  0.00  0  0  -9.978   1.330   2.158   0.193   0.044   0.000 01T00FM000t
00019 TYR01A0075_019 f 0.00  0.000     0  0.00  0  0 -10.791  -0.333   0.568   0.073  -0.033   0.000 01T010M000t
00020 TYR01A0075_020 f 0.00  0.000     0  0.00  0  0 -10.564   3.650   0.376   0.171  -0.076   0.000 01T011M000t
00021 TYR-1A0075_021 f 0.00 -1.000     0 10.20  0 -1 -10.221  -0.360   0.603   0.100  -0.916   0.000 -1O000M000t
00022 TYR-1A0075_022 f 0.00 -1.000     0 10.20  0 -1 -10.225   1.332   2.150   0.147  -0.816   0.000 -1E001M000t
00023 TYR-1A0075_023 f 0.00 -1.000     0 10.20  0 -1 -10.050   0.953   2.155   0.024  -0.794   0.000 -1E003M000t
00024 TYR-1A0075_024 f 0.00 -1.000     0 10.20  0 -1  -9.977  -0.389   0.560  -0.289  -0.748   0.000 -1E004M000t
00025 TYR-1A0075_025 f 0.00 -1.000     0 10.20  0 -1  -9.967   0.128   2.152  -0.018  -0.902   0.000 -1E005M000t
00026 TYR-1A0075_026 f 0.00 -1.000     0 10.20  0 -1 -10.765   0.262   0.518   0.117  -1.139   0.000 -1E009M000t
00027 TYR-1A0075_027 f 0.00 -1.000     0 10.20  0 -1 -11.122   2.012   0.407   0.148  -0.924   0.000 -1E00AM000t
00028 TYR-1A0075_028 f 0.00 -1.000     0 10.20  0 -1 -10.572   3.480   2.123   0.084  -0.873   0.000 -1E00BM000t
00029 TYR-1A0075_029 f 0.00 -1.000     0 10.20  0 -1 -10.915   1.743   2.148   0.125  -0.741   0.000 -1E00CM000t
00030 TYR-1A0075_030 f 0.00 -1.000     0 10.20  0 -1 -10.029   0.116   0.570   0.350  -1.024   0.000 -1E00EM000t
00031 TYR-1A0075_031 f 0.00 -1.000     0 10.20  0 -1  -9.913   1.344   2.149   0.002  -0.617   0.000 -1E00FM000t
00032 TYR-1A0075_032 f 0.00 -1.000     0 10.20  0 -1 -10.002   1.137   2.125   0.014  -0.873   0.000 -1E012M000t
00033 TYR-1A0075_033 f 0.00 -1.000     0 10.20  0 -1 -11.000   5.805   2.027   0.007  -1.047   0.000 -1E015M000t
00034 TYR-1A0075_034 f 0.00 -1.000     0 10.20  0 -1  -9.678  -0.318   0.564   0.338  -0.909   0.000 -1T002M000t
00035 TYR-1A0075_035 f 0.00 -1.000     0 10.20  0 -1 -10.685   1.104   0.526   0.109  -0.856   0.000 -1T006M000t
00036 TYR-1A0075_036 f 0.00 -1.000     0 10.20  0 -1 -10.797  -0.095   0.565   0.117  -0.905   0.000 -1T008M000t
00037 TYR-1A0075_037 f 0.00 -1.000     0 10.20  0 -1 -10.294   2.783   2.129   0.096  -1.015   0.000 -1T00DM000t
00038 TYR-1A0075_038 f 0.00 -1.000     0 10.20  0 -1 -10.724  -0.338   0.557  -0.276  -0.824   0.000 -1T010M000t
00039 TYR-1A0075_039 f 0.00 -1.000     0 10.20  0 -1 -10.493   3.632   0.353  -0.190  -0.937   0.000 -1T011M000t
00040 TYR-1A0075_040 f 0.00 -1.000     0 10.20  0 -1 -10.470   0.650   2.121  -0.005  -0.909   0.000 -1T014M000t
