   confID        vdw0    sas     sum
TYR01A0075_001   4.432 -14.653 -10.221
TYR01A0075_002   4.228 -15.049 -10.821
TYR01A0075_003   4.369 -14.638 -10.269
TYR01A0075_004   4.222 -14.156  -9.934
TYR01A0075_005   4.442 -14.654 -10.213
TYR01A0075_006   4.434 -14.001  -9.567
TYR01A0075_007   4.443 -14.484 -10.040
TYR01A0075_008   4.073 -14.072 -10.000
TYR01A0075_009   4.044 -15.177 -11.134
TYR01A0075_010   4.216 -14.954 -10.738
TYR01A0075_011   4.350 -14.869 -10.520
TYR01A0075_012   4.081 -14.722 -10.641
TYR01A0075_013   4.347 -15.252 -10.905
TYR01A0075_014   4.096 -14.767 -10.671
TYR01A0075_015   4.424 -14.522 -10.099
TYR01A0075_016   4.423 -14.507 -10.084
TYR01A0075_017   4.011 -15.144 -11.133
TYR01A0075_018   4.241 -14.220  -9.978
TYR01A0075_019   4.202 -14.993 -10.791
TYR01A0075_020   4.028 -14.592 -10.564
TYR-1A0075_021   4.432 -14.653 -10.221
TYR-1A0075_022   4.430 -14.654 -10.225
TYR-1A0075_023   4.434 -14.484 -10.050
TYR-1A0075_024   4.428 -14.404  -9.977
TYR-1A0075_025   4.422 -14.389  -9.967
TYR-1A0075_026   4.368 -15.133 -10.765
TYR-1A0075_027   4.022 -15.144 -11.122
TYR-1A0075_028   4.093 -14.665 -10.572
TYR-1A0075_029   4.234 -15.150 -10.915
TYR-1A0075_030   4.228 -14.257 -10.029
TYR-1A0075_031   4.240 -14.153  -9.913
TYR-1A0075_032   4.070 -14.072 -10.002
TYR-1A0075_033   4.058 -15.058 -11.000
TYR-1A0075_034   4.441 -14.120  -9.678
TYR-1A0075_035   4.089 -14.774 -10.685
TYR-1A0075_036   4.208 -15.004 -10.797
TYR-1A0075_037   4.377 -14.671 -10.294
TYR-1A0075_038   4.201 -14.926 -10.724
TYR-1A0075_039   4.031 -14.524 -10.493
TYR-1A0075_040   4.348 -14.819 -10.470
