iConf CONFORMER     FL  occ    crg   Em0  pKa0 ne nH    vdw0    vdw1    tors    epol   dsolv   extra    history
00001 LYS01A0161_001 f 0.00  0.000     0  0.00  0  0 -12.243   1.444   0.932  -0.013   0.038   0.000 01O000M000t
00002 LYS01A0161_002 f 0.00  0.000     0  0.00  0  0 -10.377   5.947   0.873  -0.008  -0.097   0.000 01E03AM000t
00003 LYS01A0161_003 f 0.00  0.000     0  0.00  0  0  -5.802   1.615   3.564  -0.010   0.070   0.000 01E047M000t
00004 LYS01A0161_004 f 0.00  0.000     0  0.00  0  0 -10.060   2.226   4.245  -0.003   0.041   0.000 01E04BM000t
00005 LYS01A0161_005 f 0.00  0.000     0  0.00  0  0  -6.535   1.203   4.113  -0.021  -0.067   0.000 01E076M000t
00006 LYS01A0161_006 f 0.00  0.000     0  0.00  0  0  -9.255   5.634   1.585  -0.016  -0.025   0.000 01E102M000t
00007 LYS01A0161_007 f 0.00  0.000     0  0.00  0  0 -10.518   5.736   3.718  -0.001  -0.031   0.000 01E106M000t
00008 LYS01A0161_008 f 0.00  0.000     0  0.00  0  0  -8.101   2.445   4.855  -0.012   0.089   0.000 01E11EM000t
00009 LYS01A0161_009 f 0.00  0.000     0  0.00  0  0  -9.890   1.668   4.250  -0.011   0.061   0.000 01E121M000t
00010 LYS01A0161_010 f 0.00  0.000     0  0.00  0  0 -11.481   2.451   4.250  -0.007   0.020   0.000 01T00EM000t
00011 LYS01A0161_011 f 0.00  0.000     0  0.00  0  0  -9.535   5.598   1.470  -0.002  -0.120   0.000 01T03DM000t
00012 LYS01A0161_012 f 0.00  0.000     0  0.00  0  0 -10.200   2.041   4.287  -0.040  -0.070   0.000 01T042M000t
00013 LYS01A0161_013 f 0.00  0.000     0  0.00  0  0 -11.698   2.056   6.508  -0.001   0.028   0.000 01T053M000t
00014 LYS01A0161_014 f 0.00  0.000     0  0.00  0  0 -11.300   3.394   3.651  -0.014   0.276   0.000 01T086M000t
00015 LYS01A0161_015 f 0.00  0.000     0  0.00  0  0 -10.441   2.305   4.213   0.000   0.101   0.000 01T092M000t
00016 LYS01A0161_016 f 0.00  0.000     0  0.00  0  0 -10.246   1.742   1.567  -0.013   0.037   0.000 01T096M000t
00017 LYS01A0161_017 f 0.00  0.000     0  0.00  0  0 -10.421   2.842   7.156  -0.003   0.032   0.000 01T0A2M000t
00018 LYS01A0161_018 f 0.00  0.000     0  0.00  0  0 -10.637   2.387   7.116  -0.004  -0.129   0.000 01T0A5M000t
00019 LYS01A0161_019 f 0.00  0.000     0  0.00  0  0  -9.848   0.920   1.455  -0.001  -0.002   0.000 01T0B7M000t
00020 LYS01A0161_020 f 0.00  0.000     0  0.00  0  0  -7.581   1.044   2.063  -0.020   0.095   0.000 01T0C6M000t
00021 LYS+1A0161_021 f 0.00  1.000     0 10.40  0  1 -12.287   1.442   0.932   0.063  -0.238   0.000 +1O000M000t
00022 LYS+1A0161_022 f 0.00  1.000     0 10.40  0  1 -10.431   6.033   0.873   0.035  -0.382   0.000 +1E03AM000t
00023 LYS+1A0161_023 f 0.00  1.000     0 10.40  0  1  -9.966   2.232   4.244  -0.018  -0.442   0.000 +1E04BM000t
00024 LYS+1A0161_024 f 0.00  1.000     0 10.40  0  1 -11.751   2.049   6.510   0.003  -0.179   0.000 +1E053M000t
00025 LYS+1A0161_025 f 0.00  1.000     0 10.40  0  1  -6.708   1.196   4.120   0.042  -0.207   0.000 +1E076M000t
00026 LYS+1A0161_026 f 0.00  1.000     0 10.40  0  1 -11.594   3.444   3.649   0.046   0.031   0.000 +1E086M000t
00027 LYS+1A0161_027 f 0.00  1.000     0 10.40  0  1 -10.299   1.746   1.570   0.054  -0.005   0.000 +1E096M000t
00028 LYS+1A0161_028 f 0.00  1.000     0 10.40  0  1  -7.695   1.041   2.063   0.033   0.128   0.000 +1E0C6M000t
00029 LYS+1A0161_029 f 0.00  1.000     0 10.40  0  1  -9.365   5.647   1.588   0.029  -0.146   0.000 +1E102M000t
00030 LYS+1A0161_030 f 0.00  1.000     0 10.40  0  1 -11.595   2.445   4.250   0.044  -0.176   0.000 +1T00EM000t
00031 LYS+1A0161_031 f 0.00  1.000     0 10.40  0  1  -9.618   5.745   1.469  -0.002  -0.401   0.000 +1T03DM000t
00032 LYS+1A0161_032 f 0.00  1.000     0 10.40  0  1 -10.201   2.038   4.284   0.184  -0.161   0.000 +1T042M000t
00033 LYS+1A0161_033 f 0.00  1.000     0 10.40  0  1  -5.829   1.618   3.564   0.041  -0.225   0.000 +1T047M000t
00034 LYS+1A0161_034 f 0.00  1.000     0 10.40  0  1 -10.453   2.302   4.213  -0.002   0.082   0.000 +1T092M000t
00035 LYS+1A0161_035 f 0.00  1.000     0 10.40  0  1 -10.609   2.824   7.161  -0.132   0.083   0.000 +1T0A2M000t
00036 LYS+1A0161_036 f 0.00  1.000     0 10.40  0  1 -10.630   2.361   7.120   0.047  -0.069   0.000 +1T0A5M000t
00037 LYS+1A0161_037 f 0.00  1.000     0 10.40  0  1  -9.941   0.919   1.456   0.087   0.064   0.000 +1T0B7M000t
00038 LYS+1A0161_038 f 0.00  1.000     0 10.40  0  1 -10.423   5.754   3.720   0.040   0.015   0.000 +1T106M000t
00039 LYS+1A0161_039 f 0.00  1.000     0 10.40  0  1  -8.092   2.442   4.855   0.016  -0.107   0.000 +1T11EM000t
00040 LYS+1A0161_040 f 0.00  1.000     0 10.40  0  1  -9.987   1.663   4.250   0.108   0.125   0.000 +1T121M000t
