CONFORMER         crg  vdw0  vdw1  tors  epol  self   occ  Hb     history    ASA
LYS01A0161_001  0.000-12.24  1.44  0.93  0.00 -9.87 0.502  00  01O000M000  1.000
LYS01A0161_002  0.000-10.38  5.96  0.87  0.00 -3.54 0.502  00  01E03AM000  1.000
LYS01A0161_003  0.000 -5.85  1.62  3.56  0.00 -0.67 0.503  00  01E047M000  1.000
LYS01A0161_004  0.000-10.06  2.23  4.24  0.00 -3.58 0.502  00  01E04BM000  1.000
LYS01A0161_005  0.000 -6.61  1.21  4.11  0.00 -1.29 0.502  00  01E076M000  1.000
LYS01A0161_006  0.000 -9.25  5.62  1.59  0.00 -2.05 0.501  00  01E102M000  1.000
LYS01A0161_007  0.000-10.46  5.72  3.72  0.00 -1.02 0.502  00  01E106M000  1.000
LYS01A0161_008  0.000 -8.09  2.44  4.85  0.00 -0.80 0.501  00  01E11EM000  1.000
LYS01A0161_009  0.000 -9.89  1.67  4.25  0.00 -3.97 0.502  00  01E121M000  1.000
LYS01A0161_010  0.000-11.48  2.45  4.25  0.00 -4.78 0.502  00  01T00EM000  1.000
LYS01A0161_011  0.000 -9.54  5.61  1.47  0.00 -2.47 0.501  00  01T03DM000  1.000
LYS01A0161_012  0.000-10.20  2.05  4.29  0.00 -3.87 0.502  00  01T042M000  1.000
LYS01A0161_013  0.000-11.70  2.05  6.51  0.00 -3.14 0.503  00  01T053M000  1.000
LYS01A0161_014  0.000-11.30  3.40  3.65  0.00 -4.25 0.502  00  01T086M000  1.000
LYS01A0161_015  0.000-10.44  2.31  4.21  0.00 -3.92 0.501  00  01T092M000  1.000
LYS01A0161_016  0.000-10.25  1.74  1.57  0.00 -6.94 0.502  00  01T096M000  1.000
LYS01A0161_017  0.000-10.42  2.84  7.16  0.00 -0.43 0.501  00  01T0A2M000  1.000
LYS01A0161_018  0.000-10.63  2.39  7.12  0.00 -1.13 0.501  00  01T0A5M000  1.000
LYS01A0161_019  0.000 -9.85  0.92  1.46  0.00 -7.48 0.502  00  01T0B7M000  1.000
LYS01A0161_020  0.000 -7.58  1.04  2.06  0.00 -4.47 0.501  00  01T0C6M000  1.000
LYS+1A0161_021  1.000-12.29  1.44  0.93  0.00 -9.91 0.502  00  +1O000M000  1.000
LYS+1A0161_022  1.000-10.44  6.03  0.87  0.00 -3.53 0.502  00  +1E03AM000  1.000
LYS+1A0161_023  1.000 -9.97  2.23  4.24  0.00 -3.49 0.502  00  +1E04BM000  1.000
LYS+1A0161_024  1.000-11.70  2.05  6.51  0.00 -3.14 0.503  00  +1E053M000  1.000
LYS+1A0161_025  1.000 -6.64  1.20  4.12  0.00 -1.32 0.502  00  +1E076M000  1.000
LYS+1A0161_026  1.000-11.59  3.45  3.65  0.00 -4.49 0.502  00  +1E086M000  1.000
LYS+1A0161_027  1.000-10.30  1.74  1.57  0.00 -6.99 0.502  00  +1E096M000  1.000
LYS+1A0161_028  1.000 -7.69  1.04  2.06  0.00 -4.59 0.501  00  +1E0C6M000  1.000
LYS+1A0161_029  1.000 -9.36  5.66  1.59  0.00 -2.11 0.501  00  +1E102M000  1.000
LYS+1A0161_030  1.000-11.60  2.45  4.25  0.00 -4.90 0.502  00  +1T00EM000  1.000
LYS+1A0161_031  1.000 -9.62  5.73  1.47  0.00 -2.42 0.501  00  +1T03DM000  1.000
LYS+1A0161_032  1.000-10.20  2.04  4.28  0.00 -3.87 0.502  00  +1T042M000  1.000
LYS+1A0161_033  1.000 -5.83  1.62  3.56  0.00 -0.65 0.503  00  +1T047M000  1.000
LYS+1A0161_034  1.000-10.45  2.30  4.21  0.00 -3.94 0.501  00  +1T092M000  1.000
LYS+1A0161_035  1.000-10.57  2.83  7.16  0.00 -0.58 0.501  00  +1T0A2M000  1.000
LYS+1A0161_036  1.000-10.63  2.36  7.12  0.00 -1.15 0.501  00  +1T0A5M000  1.000
LYS+1A0161_037  1.000 -9.90  0.92  1.46  0.00 -7.53 0.502  00  +1T0B7M000  1.000
LYS+1A0161_038  1.000-10.42  5.75  3.72  0.00 -0.95 0.502  00  +1T106M000  1.000
LYS+1A0161_039  1.000 -8.09  2.44  4.86  0.00 -0.80 0.501  00  +1T11EM000  1.000
LYS+1A0161_040  1.000 -9.99  1.66  4.25  0.00 -4.07 0.502  00  +1T121M000  1.000
