   confID        vdw0    sas     sum
LYS01A0161_001   0.503 -12.746 -12.243
LYS01A0161_002   1.899 -12.276 -10.377
LYS01A0161_003   6.381 -12.183  -5.802
LYS01A0161_004   2.367 -12.427 -10.060
LYS01A0161_005   5.682 -12.217  -6.535
LYS01A0161_006   2.559 -11.814  -9.255
LYS01A0161_007   1.550 -12.068 -10.518
LYS01A0161_008   4.289 -12.390  -8.101
LYS01A0161_009   2.034 -11.924  -9.890
LYS01A0161_010   1.162 -12.643 -11.481
LYS01A0161_011   2.490 -12.025  -9.535
LYS01A0161_012   2.276 -12.476 -10.200
LYS01A0161_013   0.936 -12.634 -11.698
LYS01A0161_014   1.013 -12.313 -11.300
LYS01A0161_015   1.781 -12.222 -10.441
LYS01A0161_016   2.195 -12.441 -10.246
LYS01A0161_017   1.995 -12.416 -10.421
LYS01A0161_018   2.040 -12.677 -10.637
LYS01A0161_019   2.335 -12.184  -9.848
LYS01A0161_020   4.162 -11.743  -7.581
LYS+1A0161_021   0.459 -12.746 -12.287
LYS+1A0161_022   1.845 -12.276 -10.431
LYS+1A0161_023   2.358 -12.324  -9.966
LYS+1A0161_024   0.882 -12.634 -11.751
LYS+1A0161_025   5.576 -12.284  -6.708
LYS+1A0161_026   0.957 -12.551 -11.594
LYS+1A0161_027   2.142 -12.441 -10.299
LYS+1A0161_028   4.049 -11.743  -7.695
LYS+1A0161_029   2.450 -11.814  -9.365
LYS+1A0161_030   1.116 -12.711 -11.595
LYS+1A0161_031   2.423 -12.041  -9.618
LYS+1A0161_032   2.275 -12.476 -10.201
LYS+1A0161_033   6.354 -12.183  -5.829
LYS+1A0161_034   1.718 -12.171 -10.453
LYS+1A0161_035   1.926 -12.535 -10.609
LYS+1A0161_036   1.995 -12.625 -10.630
LYS+1A0161_037   2.278 -12.219  -9.941
LYS+1A0161_038   1.490 -11.914 -10.423
LYS+1A0161_039   4.230 -12.322  -8.092
LYS+1A0161_040   1.937 -11.924  -9.987
