iConf CONFORMER     FL  occ    crg   Em0  pKa0 ne nH    vdw0    vdw1    tors    epol   dsolv   extra    history
00001 LYS01A0331_001 f 0.00  0.000     0  0.00  0  0  -9.158   0.309   4.034  -0.012  -0.001   0.000 01O000M000t
00002 LYS01A0331_002 f 0.00  0.000     0  0.00  0  0 -11.966   7.902   3.296   0.017  -0.074   0.000 01E03EM000t
00003 LYS01A0331_003 f 0.00  0.000     0  0.00  0  0 -10.122   3.887   2.217  -0.015  -0.031   0.000 01E05EM000t
00004 LYS01A0331_004 f 0.00  0.000     0  0.00  0  0 -12.046   5.247   4.628  -0.017   0.009   0.000 01E075M000t
00005 LYS01A0331_005 f 0.00  0.000     0  0.00  0  0 -11.230   3.114   3.576  -0.013   0.046   0.000 01E078M000t
00006 LYS01A0331_006 f 0.00  0.000     0  0.00  0  0 -10.768   1.066   2.773  -0.009  -0.212   0.000 01E0C1M000t
00007 LYS01A0331_007 f 0.00  0.000     0  0.00  0  0 -10.952   0.677   1.557  -0.013   0.053   0.000 01E0D1M000t
00008 LYS01A0331_008 f 0.00  0.000     0  0.00  0  0 -11.627   0.861   2.036  -0.009  -0.045   0.000 01E0D5M000t
00009 LYS01A0331_009 f 0.00  0.000     0  0.00  0  0 -10.034   0.524   3.739  -0.105  -0.050   0.000 01E10BM000t
00010 LYS01A0331_010 f 0.00  0.000     0  0.00  0  0  -5.650   0.316   3.714  -0.024   0.100   0.000 01E141M000t
00011 LYS01A0331_011 f 0.00  0.000     0  0.00  0  0  -9.062   3.127   2.479  -0.016   0.071   0.000 01E1ACM000t
00012 LYS01A0331_012 f 0.00  0.000     0  0.00  0  0  -9.605   0.709   3.302  -0.003   0.082   0.000 01T007M000t
00013 LYS01A0331_013 f 0.00  0.000     0  0.00  0  0 -10.968   1.250   2.216  -0.014   0.027   0.000 01T03DM000t
00014 LYS01A0331_014 f 0.00  0.000     0  0.00  0  0  -9.757   3.957   3.372  -0.034   0.040   0.000 01T09DM000t
00015 LYS01A0331_015 f 0.00  0.000     0  0.00  0  0 -11.213   1.000   3.925  -0.013  -0.042   0.000 01T0BDM000t
00016 LYS01A0331_016 f 0.00  0.000     0  0.00  0  0 -10.497   0.983   2.826  -0.030   0.006   0.000 01T10CM000t
00017 LYS01A0331_017 f 0.00  0.000     0  0.00  0  0  -9.906   5.076   3.828  -0.013  -0.092   0.000 01T11DM000t
00018 LYS01A0331_018 f 0.00  0.000     0  0.00  0  0  -4.532   1.064   1.914  -0.033   0.032   0.000 01T131M000t
00019 LYS01A0331_019 f 0.00  0.000     0  0.00  0  0 -10.187   1.510   4.260  -0.009   0.048   0.000 01T151M000t
00020 LYS01A0331_020 f 0.00  0.000     0  0.00  0  0 -10.758   2.460   3.451  -0.049   0.300   0.000 01T161M000t
00021 LYS+1A0331_021 f 0.00  1.000     0 10.40  0  1  -9.240   0.304   4.034   0.097   0.204   0.000 +1O000M000t
00022 LYS+1A0331_022 f 0.00  1.000     0 10.40  0  1 -10.968   1.273   2.250   0.081  -0.091   0.000 +1E03DM000t
00023 LYS+1A0331_023 f 0.00  1.000     0 10.40  0  1 -11.943   7.964   3.314  -0.136  -0.244   0.000 +1E03EM000t
00024 LYS+1A0331_024 f 0.00  1.000     0 10.40  0  1 -10.220   3.928   2.249   0.075   0.055   0.000 +1E05EM000t
00025 LYS+1A0331_025 f 0.00  1.000     0 10.40  0  1 -12.118   5.314   4.713   0.073  -0.238   0.000 +1E075M000t
00026 LYS+1A0331_026 f 0.00  1.000     0 10.40  0  1 -11.214   1.001   3.986   0.065  -0.268   0.000 +1E0BDM000t
00027 LYS+1A0331_027 f 0.00  1.000     0 10.40  0  1 -11.005   1.061   2.806   0.033  -0.506   0.000 +1E0C1M000t
00028 LYS+1A0331_028 f 0.00  1.000     0 10.40  0  1 -10.927   0.682   1.588   0.100   0.054   0.000 +1E0D1M000t
00029 LYS+1A0331_029 f 0.00  1.000     0 10.40  0  1 -11.680   0.869   2.076   0.046  -0.259   0.000 +1E0D5M000t
00030 LYS+1A0331_030 f 0.00  1.000     0 10.40  0  1  -6.115   0.314   3.803   0.147   0.166   0.000 +1E141M000t
00031 LYS+1A0331_031 f 0.00  1.000     0 10.40  0  1 -10.777   2.569   3.481   0.341   0.766   0.000 +1E161M000t
00032 LYS+1A0331_032 f 0.00  1.000     0 10.40  0  1  -9.068   3.145   2.502   0.052  -0.100   0.000 +1E1ACM000t
00033 LYS+1A0331_033 f 0.00  1.000     0 10.40  0  1  -9.599   0.689   3.373  -0.032   0.050   0.000 +1T007M000t
00034 LYS+1A0331_034 f 0.00  1.000     0 10.40  0  1 -11.336   3.149   3.656   0.083  -0.361   0.000 +1T078M000t
00035 LYS+1A0331_035 f 0.00  1.000     0 10.40  0  1  -9.651   4.009   3.381   0.078   0.075   0.000 +1T09DM000t
00036 LYS+1A0331_036 f 0.00  1.000     0 10.40  0  1 -10.008   0.561   3.927   0.104   0.026   0.000 +1T10BM000t
00037 LYS+1A0331_037 f 0.00  1.000     0 10.40  0  1 -10.463   0.988   2.853   0.083  -0.207   0.000 +1T10CM000t
00038 LYS+1A0331_038 f 0.00  1.000     0 10.40  0  1  -9.908   5.062   3.860   0.016   0.080   0.000 +1T11DM000t
00039 LYS+1A0331_039 f 0.00  1.000     0 10.40  0  1  -4.470   1.017   1.919   0.138  -0.455   0.000 +1T131M000t
00040 LYS+1A0331_040 f 0.00  1.000     0 10.40  0  1 -10.273   1.504   4.275   0.010  -0.210   0.000 +1T151M000t
