CONFORMER         crg  vdw0  vdw1  tors  epol  self   occ  Hb     history    ASA
LYS01A0331_001  0.000 -9.16  0.31  4.03  0.00 -4.82 0.501  00  01O000M000  1.000
LYS01A0331_002  0.000-11.97  7.91  3.30  0.00 -0.76 0.501  00  01E03EM000  1.000
LYS01A0331_003  0.000-10.12  3.90  2.22  0.00 -4.01 0.501  00  01E05EM000  1.000
LYS01A0331_004  0.000-12.04  5.25  4.63  0.00 -2.16 0.501  00  01E075M000  1.000
LYS01A0331_005  0.000-11.28  3.12  3.58  0.00 -4.58 0.501  00  01E078M000  1.000
LYS01A0331_006  0.000-10.80  1.07  2.77  0.00 -6.96 0.501  00  01E0C1M000  1.000
LYS01A0331_007  0.000-10.95  0.68  1.56  0.00 -8.72 0.501  00  01E0D1M000  1.000
LYS01A0331_008  0.000-11.63  0.86  2.04  0.00 -8.73 0.501  00  01E0D5M000  1.000
LYS01A0331_009  0.000-10.04  0.52  3.74  0.00 -5.78 0.501  00  01E10BM000  1.000
LYS01A0331_010  0.000 -5.66  0.32  3.71  0.00 -1.63 0.502  00  01E141M000  1.000
LYS01A0331_011  0.000 -9.06  3.13  2.48  0.00 -3.45 0.501  00  01E1ACM000  1.000
LYS01A0331_012  0.000 -9.60  0.71  3.31  0.00 -5.59 0.501  00  01T007M000  1.000
LYS01A0331_013  0.000-10.97  1.25  2.22  0.00 -7.49 0.501  00  01T03DM000  1.000
LYS01A0331_014  0.000 -9.76  3.96  3.37  0.00 -2.43 0.501  00  01T09DM000  1.000
LYS01A0331_015  0.000-11.22  1.00  3.92  0.00 -6.29 0.501  00  01T0BDM000  1.000
LYS01A0331_016  0.000-10.49  0.98  2.83  0.00 -6.69 0.501  00  01T10CM000  1.000
LYS01A0331_017  0.000 -9.90  5.08  3.83  0.00 -1.00 0.501  00  01T11DM000  1.000
LYS01A0331_018  0.000 -4.53  1.07  1.91  0.00 -1.55 0.501  00  01T131M000  1.000
LYS01A0331_019  0.000-10.18  1.51  4.26  0.00 -4.41 0.501  00  01T151M000  1.000
LYS01A0331_020  0.000-10.81  2.46  3.45  0.00 -4.91 0.501  00  01T161M000  1.000
LYS+1A0331_021  1.000 -9.24  0.31  4.03  0.00 -4.90 0.501  00  +1O000M000  1.000
LYS+1A0331_022  1.000-10.97  1.27  2.25  0.00 -7.44 0.501  00  +1E03DM000  1.000
LYS+1A0331_023  1.000-11.94  7.96  3.31  0.00 -0.67 0.501  00  +1E03EM000  1.000
LYS+1A0331_024  1.000-10.22  3.94  2.25  0.00 -4.04 0.501  00  +1E05EM000  1.000
LYS+1A0331_025  1.000-12.12  5.30  4.71  0.00 -2.11 0.501  00  +1E075M000  1.000
LYS+1A0331_026  1.000-11.21  1.00  3.98  0.00 -6.23 0.501  00  +1E0BDM000  1.000
LYS+1A0331_027  1.000-11.00  1.07  2.80  0.00 -7.13 0.501  00  +1E0C1M000  1.000
LYS+1A0331_028  1.000-10.93  0.68  1.59  0.00 -8.66 0.501  00  +1E0D1M000  1.000
LYS+1A0331_029  1.000-11.68  0.87  2.08  0.00 -8.74 0.501  00  +1E0D5M000  1.000
LYS+1A0331_030  1.000 -6.12  0.31  3.80  0.00 -2.00 0.502  00  +1E141M000  1.000
LYS+1A0331_031  1.000-10.78  2.58  3.48  0.00 -4.72 0.501  00  +1E161M000  1.000
LYS+1A0331_032  1.000 -9.06  3.15  2.50  0.00 -3.42 0.501  00  +1E1ACM000  1.000
LYS+1A0331_033  1.000 -9.60  0.69  3.37  0.00 -5.53 0.501  00  +1T007M000  1.000
LYS+1A0331_034  1.000-11.33  3.15  3.65  0.00 -4.53 0.501  00  +1T078M000  1.000
LYS+1A0331_035  1.000 -9.65  4.01  3.38  0.00 -2.26 0.501  00  +1T09DM000  1.000
LYS+1A0331_036  1.000-10.01  0.56  3.92  0.00 -5.53 0.501  00  +1T10BM000  1.000
LYS+1A0331_037  1.000-10.47  0.99  2.85  0.00 -6.63 0.501  00  +1T10CM000  1.000
LYS+1A0331_038  1.000 -9.91  5.06  3.86  0.00 -0.99 0.501  00  +1T11DM000  1.000
LYS+1A0331_039  1.000 -4.50  1.02  1.92  0.00 -1.56 0.501  00  +1T131M000  1.000
LYS+1A0331_040  1.000-10.27  1.51  4.28  0.00 -4.49 0.501  00  +1T151M000  1.000
