CONFORMER         crg  vdw0  vdw1  tors  epol  self   occ  Hb     history    ASA
GLU01A0213_001  0.000 -3.47  2.95  3.98  0.00  3.46 0.000  00  01O000M000  1.014
GLU01A0213_002  0.000 -3.48  2.95  1.26  0.00  0.73 0.000  00  01O000M000  1.016
GLU01A0213_003  0.000 -2.20  1.18  0.44  0.00 -0.58 0.598  00  01E004M000  1.026
GLU01A0213_004  0.000 -3.77  2.46  3.30  0.00  1.99 0.601  00  01T005M000  1.024
GLU01A0213_005  0.000 -3.50  2.76  3.44  0.00  2.70 0.601  00  01T002M000  1.065
GLU01A0213_006  0.000 -2.18  1.18  3.15  0.00  2.15 0.598  00  01T004M000  1.023
GLU01A0213_007  0.000 -3.50  2.76  0.72  0.00 -0.02 0.601  00  01T002M000  1.065
GLU01A0213_008  0.000 -3.77  2.73  0.55  0.00 -0.50 0.601  00  01T005M000  1.031
GLU02A0213_009  0.000 -3.67  2.95  3.98  0.00  3.26 0.000  00  02O000M000  1.003
GLU02A0213_010  0.000 -1.59  1.18  3.12  0.00  2.71 0.598  00  02E004M000  1.029
GLU02A0213_011  0.000 -3.54  2.67  3.34  0.00  2.47 0.601  00  02E005M000  1.021
GLU02A0213_012  0.000 -3.73  2.95  1.26  0.00  0.49 0.000  00  02O000M000  1.013
GLU02A0213_013  0.000 -3.61  2.68  0.61  0.00 -0.32 0.601  00  02E005M000  1.037
GLU02A0213_014  0.000 -3.58  2.73  3.50  0.00  2.66 0.601  00  02T002M000  1.054
GLU02A0213_015  0.000 -3.58  2.73  0.78  0.00 -0.06 0.601  00  02T002M000  1.054
GLU02A0213_016  0.000 -1.69  1.17  0.43  0.00 -0.08 0.598  00  02T004M000  1.028
GLU-1A0213_017 -1.000 -3.60  2.98  1.26  0.00  0.63 0.000  00  -1O000M000  1.003
GLU-1A0213_018 -1.000 -3.47  2.61  0.71  0.00 -0.16 0.601  00  -1E002M000  1.040
GLU-1A0213_019 -1.000 -2.37  1.19  0.41  0.00 -0.76 0.598  00  -1E004M000  1.025
GLU-1A0213_020 -1.000 -3.71  2.56  0.56  0.00 -0.59 0.601  00  -1E005M000  1.021
