iConf CONFORMER     FL  occ    crg   Em0  pKa0 ne nH    vdw0    vdw1    tors    epol   dsolv   extra    history
00001 GLU01A0213_001 f 0.00  0.000     0  0.00  0  0  -3.469   2.950   3.980   0.232  -0.366   0.000 01O000M000t
00002 GLU01A0213_002 f 0.00  0.000     0  0.00  0  0  -3.482   2.950   1.260   0.178   0.576   0.000 01O000M000t
00003 GLU01A0213_003 f 0.00  0.000     0  0.00  0  0  -2.195   1.180   0.439   0.044   0.588   0.000 01E004M000t
00004 GLU01A0213_004 f 0.00  0.000     0  0.00  0  0  -3.765   2.466   3.298   0.180  -0.532   0.000 01T005M000t
00005 GLU01A0213_005 f 0.00  0.000     0  0.00  0  0  -3.498   2.761   3.443   0.104  -0.595   0.000 01T002M000t
00006 GLU01A0213_006 f 0.00  0.000     0  0.00  0  0  -2.182   1.182   3.151   0.070  -0.628   0.000 01T004M000t
00007 GLU01A0213_007 f 0.00  0.000     0  0.00  0  0  -3.498   2.761   0.723   0.086   0.583   0.000 01T002M000t
00008 GLU01A0213_008 f 0.00  0.000     0  0.00  0  0  -3.770   2.720   0.547   0.077   0.642   0.000 01T005M000t
00009 GLU02A0213_009 f 0.00  0.000     0  0.00  0  0  -3.671   2.954   3.980   0.351  -0.513   0.000 02O000M000t
00010 GLU02A0213_010 f 0.00  0.000     0  0.00  0  0  -1.591   1.183   3.126   0.099  -0.209   0.000 02E004M000t
00011 GLU02A0213_011 f 0.00  0.000     0  0.00  0  0  -3.543   2.672   3.343   0.229  -0.253   0.000 02E005M000t
00012 GLU02A0213_012 f 0.00  0.000     0  0.00  0  0  -3.724   2.954   1.260   0.208   0.613   0.000 02O000M000t
00013 GLU02A0213_013 f 0.00  0.000     0  0.00  0  0  -3.612   2.683   0.609   0.115   0.621   0.000 02E005M000t
00014 GLU02A0213_014 f 0.00  0.000     0  0.00  0  0  -3.576   2.743   3.502   0.164  -0.479   0.000 02T002M000t
00015 GLU02A0213_015 f 0.00  0.000     0  0.00  0  0  -3.576   2.743   0.782   0.088   0.539   0.000 02T002M000t
00016 GLU02A0213_016 f 0.00  0.000     0  0.00  0  0  -1.692   1.172   0.432   0.039   0.587   0.000 02T004M000t
00017 GLU-1A0213_017 f 0.00 -1.000     0  4.75  0 -1  -3.604   2.983   1.260  -0.353  -0.026   0.000 -1O000M000t
00018 GLU-1A0213_018 f 0.00 -1.000     0  4.75  0 -1  -3.468   2.607   0.705  -0.075  -0.196   0.000 -1E002M000t
00019 GLU-1A0213_019 f 0.00 -1.000     0  4.75  0 -1  -2.361   1.191   0.412  -0.087  -0.115   0.000 -1E004M000t
00020 GLU-1A0213_020 f 0.00 -1.000     0  4.75  0 -1  -3.706   2.558   0.564  -0.319   0.127   0.000 -1E005M000t
