   confID        vdw0    sas     sum
GLU01A0213_001   1.281  -4.750  -3.469
GLU01A0213_002   1.281  -4.763  -3.482
GLU01A0213_003   2.528  -4.723  -2.195
GLU01A0213_004   1.057  -4.822  -3.765
GLU01A0213_005   1.185  -4.683  -3.498
GLU01A0213_006   2.528  -4.710  -2.182
GLU01A0213_007   1.185  -4.683  -3.498
GLU01A0213_008   1.125  -4.895  -3.770
GLU02A0213_009   1.123  -4.794  -3.671
GLU02A0213_010   3.101  -4.692  -1.591
GLU02A0213_011   1.160  -4.703  -3.543
GLU02A0213_012   1.121  -4.846  -3.724
GLU02A0213_013   1.168  -4.780  -3.612
GLU02A0213_014   1.215  -4.792  -3.576
GLU02A0213_015   1.215  -4.792  -3.576
GLU02A0213_016   3.056  -4.748  -1.692
GLU-1A0213_017   1.016  -4.619  -3.604
GLU-1A0213_018   1.028  -4.496  -3.468
GLU-1A0213_019   2.419  -4.780  -2.361
GLU-1A0213_020   0.973  -4.679  -3.706
