CONFORMER         crg  vdw0  vdw1  tors  epol  self   occ  Hb     history    ASA
LYS01A0042_001  0.000-12.08  0.34  0.84  0.00-10.90 0.502  00  01O000M000  1.000
LYS01A0042_002  0.000-11.70  1.96  3.68  0.00 -6.05 0.502  00  01E087M000  1.000
LYS01A0042_003  0.000-10.31  0.67  1.47  0.00 -8.18 0.501  00  01E09CM000  1.000
LYS01A0042_004  0.000-10.52  1.54  4.19  0.00 -4.79 0.501  00  01E0A5M000  1.000
LYS01A0042_005  0.000 -9.97  1.09  6.42  0.00 -2.46 0.501  00  01E0BEM000  1.000
LYS01A0042_006  0.000 -9.84  1.07  6.37  0.00 -2.40 0.502  00  01E0BFM000  1.000
LYS01A0042_007  0.000 -9.97  1.84  4.22  0.00 -3.90 0.502  00  01E0DAM000  1.000
LYS01A0042_008  0.000 -7.10  0.75  2.08  0.00 -4.27 0.501  00  01E13DM000  1.000
LYS01A0042_009  0.000-11.30  1.97  1.51  0.00 -7.83 0.501  00  01T033M000  1.000
LYS01A0042_010  0.000 -8.07  1.74  2.07  0.00 -4.26 0.502  00  01T051M000  1.000
LYS01A0042_011  0.000-11.36  1.26  6.30  0.00 -3.79 0.501  00  01T05EM000  1.000
LYS01A0042_012  0.000-11.31  1.27  6.30  0.00 -3.74 0.501  00  01T061M000  1.000
LYS01A0042_013  0.000-10.61  0.63  1.48  0.00 -8.51 0.501  00  01T07FM000  1.000
LYS01A0042_014  0.000-10.76  1.77  6.86  0.00 -2.13 0.502  00  01T081M000  1.000
LYS01A0042_015  0.000-11.53  2.54  3.62  0.00 -5.36 0.501  00  01T08AM000  1.000
LYS01A0042_016  0.000 -7.15  0.23  4.84  0.00 -2.09 0.502  00  01T0F8M000  1.000
LYS01A0042_017  0.000 -9.07  1.65  4.23  0.00 -3.18 0.502  00  01T114M000  1.000
LYS01A0042_018  0.000-10.57  1.79  7.06  0.00 -1.72 0.501  00  01T11BM000  1.000
LYS01A0042_019  0.000 -9.22  0.42  4.28  0.00 -4.52 0.501  00  01T15AM000  1.000
LYS01A0042_020  0.000 -9.66  1.60  4.24  0.00 -3.82 0.501  00  01T164M000  1.000
LYS+1A0042_021  1.000-12.12  0.34  0.84  0.00-10.94 0.502  00  +1O000M000  1.000
LYS+1A0042_022  1.000-11.35  1.97  1.51  0.00 -7.87 0.501  00  +1E033M000  1.000
LYS+1A0042_023  1.000-11.48  1.26  6.31  0.00 -3.90 0.501  00  +1E05EM000  1.000
LYS+1A0042_024  1.000-10.71  0.62  1.48  0.00 -8.61 0.501  00  +1E07FM000  1.000
LYS+1A0042_025  1.000-10.86  1.77  6.87  0.00 -2.22 0.502  00  +1E081M000  1.000
LYS+1A0042_026  1.000-11.74  1.96  3.68  0.00 -6.09 0.502  00  +1E087M000  1.000
LYS+1A0042_027  1.000-11.58  2.53  3.63  0.00 -5.42 0.501  00  +1E08AM000  1.000
LYS+1A0042_028  1.000-10.36  0.67  1.47  0.00 -8.23 0.501  00  +1E09CM000  1.000
LYS+1A0042_029  1.000 -7.26  0.23  4.84  0.00 -2.19 0.502  00  +1E0F8M000  1.000
LYS+1A0042_030  1.000-10.69  1.79  7.06  0.00 -1.84 0.501  00  +1E11BM000  1.000
LYS+1A0042_031  1.000 -7.20  0.75  2.08  0.00 -4.38 0.501  00  +1E13DM000  1.000
LYS+1A0042_032  1.000 -8.18  1.74  2.07  0.00 -4.36 0.502  00  +1T051M000  1.000
LYS+1A0042_033  1.000-11.41  1.26  6.31  0.00 -3.83 0.501  00  +1T061M000  1.000
LYS+1A0042_034  1.000-10.60  1.56  4.20  0.00 -4.85 0.501  00  +1T0A5M000  1.000
LYS+1A0042_035  1.000-10.09  1.09  6.42  0.00 -2.58 0.501  00  +1T0BEM000  1.000
LYS+1A0042_036  1.000 -9.86  1.07  6.38  0.00 -2.41 0.502  00  +1T0BFM000  1.000
LYS+1A0042_037  1.000 -9.96  1.84  4.23  0.00 -3.89 0.502  00  +1T0DAM000  1.000
LYS+1A0042_038  1.000 -9.15  1.65  4.24  0.00 -3.27 0.502  00  +1T114M000  1.000
LYS+1A0042_039  1.000 -9.29  0.42  4.29  0.00 -4.58 0.501  00  +1T15AM000  1.000
LYS+1A0042_040  1.000 -9.85  1.62  4.25  0.00 -3.99 0.501  00  +1T164M000  1.000
