iConf CONFORMER     FL  occ    crg   Em0  pKa0 ne nH    vdw0    vdw1    tors    epol   dsolv   extra    history
00001 LYS01A0042_001 f 0.00  0.000     0  0.00  0  0 -12.077   0.456   0.845  -0.013   0.013   0.000 01O000M000t
00002 LYS01A0042_002 f 0.00  0.000     0  0.00  0  0 -11.698   1.965   3.680  -0.033  -0.037   0.000 01E087M000t
00003 LYS01A0042_003 f 0.00  0.000     0  0.00  0  0 -10.306   0.715   1.465  -0.010   0.116   0.000 01E09CM000t
00004 LYS01A0042_004 f 0.00  0.000     0  0.00  0  0 -10.520   1.540   4.188   0.010  -0.163   0.000 01E0A5M000t
00005 LYS01A0042_005 f 0.00  0.000     0  0.00  0  0  -9.970   1.144   6.420  -0.024   0.084   0.000 01E0BEM000t
00006 LYS01A0042_006 f 0.00  0.000     0  0.00  0  0  -9.846   1.121   6.371  -0.029   0.043   0.000 01E0BFM000t
00007 LYS01A0042_007 f 0.00  0.000     0  0.00  0  0  -9.961   1.891   4.224  -0.004  -0.007   0.000 01E0DAM000t
00008 LYS01A0042_008 f 0.00  0.000     0  0.00  0  0  -7.096   0.798   2.081  -0.022   0.148   0.000 01E13DM000t
00009 LYS01A0042_009 f 0.00  0.000     0  0.00  0  0 -11.234   2.037   1.511  -0.026  -0.071   0.000 01T033M000t
00010 LYS01A0042_010 f 0.00  0.000     0  0.00  0  0  -8.070   1.741   2.073  -0.002  -0.084   0.000 01T051M000t
00011 LYS01A0042_011 f 0.00  0.000     0  0.00  0  0 -11.358   1.317   6.303  -0.009   0.081   0.000 01T05EM000t
00012 LYS01A0042_012 f 0.00  0.000     0  0.00  0  0 -11.306   1.316   6.296  -0.011   0.002   0.000 01T061M000t
00013 LYS01A0042_013 f 0.00  0.000     0  0.00  0  0 -10.612   0.695   1.475  -0.025   0.099   0.000 01T07FM000t
00014 LYS01A0042_014 f 0.00  0.000     0  0.00  0  0 -10.761   1.773   6.860  -0.008  -0.134   0.000 01T081M000t
00015 LYS01A0042_015 f 0.00  0.000     0  0.00  0  0 -11.526   2.543   3.625  -0.021  -0.100   0.000 01T08AM000t
00016 LYS01A0042_016 f 0.00  0.000     0  0.00  0  0  -7.149   0.294   4.836  -0.028  -0.190   0.000 01T0F8M000t
00017 LYS01A0042_017 f 0.00  0.000     0  0.00  0  0  -9.068   1.649   4.234  -0.019   0.110   0.000 01T114M000t
00018 LYS01A0042_018 f 0.00  0.000     0  0.00  0  0 -10.574   1.787   7.057  -0.024  -0.173   0.000 01T11BM000t
00019 LYS01A0042_019 f 0.00  0.000     0  0.00  0  0  -9.222   0.469   4.280  -0.037  -0.032   0.000 01T15AM000t
00020 LYS01A0042_020 f 0.00  0.000     0  0.00  0  0  -9.665   1.598   4.245  -0.010  -0.036   0.000 01T164M000t
00021 LYS+1A0042_021 f 0.00  1.000     0 10.40  0  1 -12.122   0.456   0.845   0.050  -0.261   0.000 +1O000M000t
00022 LYS+1A0042_022 f 0.00  1.000     0 10.40  0  1 -11.350   2.039   1.513   0.143  -0.246   0.000 +1E033M000t
00023 LYS+1A0042_023 f 0.00  1.000     0 10.40  0  1 -11.471   1.310   6.311   0.062  -0.291   0.000 +1E05EM000t
00024 LYS+1A0042_024 f 0.00  1.000     0 10.40  0  1 -10.712   0.686   1.477   0.144  -0.060   0.000 +1E07FM000t
00025 LYS+1A0042_025 f 0.00  1.000     0 10.40  0  1 -10.867   1.770   6.870   0.098  -0.186   0.000 +1E081M000t
00026 LYS+1A0042_026 f 0.00  1.000     0 10.40  0  1 -11.743   1.967   3.683   0.108  -0.018   0.000 +1E087M000t
00027 LYS+1A0042_027 f 0.00  1.000     0 10.40  0  1 -11.580   2.523   3.626   0.095  -0.124   0.000 +1E08AM000t
00028 LYS+1A0042_028 f 0.00  1.000     0 10.40  0  1 -10.313   0.718   1.467   0.064   0.043   0.000 +1E09CM000t
00029 LYS+1A0042_029 f 0.00  1.000     0 10.40  0  1  -7.262   0.297   4.845   0.115  -0.151   0.000 +1E0F8M000t
00030 LYS+1A0042_030 f 0.00  1.000     0 10.40  0  1 -10.687   1.787   7.060   0.121  -0.230   0.000 +1E11BM000t
00031 LYS+1A0042_031 f 0.00  1.000     0 10.40  0  1  -7.198   0.794   2.081   0.049   0.235   0.000 +1E13DM000t
00032 LYS+1A0042_032 f 0.00  1.000     0 10.40  0  1  -8.114   1.730   2.073   0.008  -0.177   0.000 +1T051M000t
00033 LYS+1A0042_033 f 0.00  1.000     0 10.40  0  1 -11.407   1.314   6.313   0.059  -0.239   0.000 +1T061M000t
00034 LYS+1A0042_034 f 0.00  1.000     0 10.40  0  1 -10.606   1.558   4.196  -0.038  -0.347   0.000 +1T0A5M000t
00035 LYS+1A0042_035 f 0.00  1.000     0 10.40  0  1 -10.086   1.136   6.423   0.039   0.003   0.000 +1T0BEM000t
00036 LYS+1A0042_036 f 0.00  1.000     0 10.40  0  1  -9.859   1.123   6.384   0.045  -0.031   0.000 +1T0BFM000t
00037 LYS+1A0042_037 f 0.00  1.000     0 10.40  0  1 -10.018   1.896   4.229  -0.028  -0.210   0.000 +1T0DAM000t
00038 LYS+1A0042_038 f 0.00  1.000     0 10.40  0  1  -9.157   1.646   4.235   0.085   0.024   0.000 +1T114M000t
00039 LYS+1A0042_039 f 0.00  1.000     0 10.40  0  1  -9.295   0.468   4.287  -0.020  -0.052   0.000 +1T15AM000t
00040 LYS+1A0042_040 f 0.00  1.000     0 10.40  0  1  -9.856   1.619   4.250   0.030  -0.157   0.000 +1T164M000t
