   confID        vdw0    sas     sum
LYS01A0042_001   0.537 -12.614 -12.077
LYS01A0042_002   1.062 -12.760 -11.698
LYS01A0042_003   1.888 -12.193 -10.306
LYS01A0042_004   1.685 -12.205 -10.520
LYS01A0042_005   2.078 -12.048  -9.970
LYS01A0042_006   2.071 -11.917  -9.846
LYS01A0042_007   2.293 -12.254  -9.961
LYS01A0042_008   4.805 -11.901  -7.096
LYS01A0042_009   1.277 -12.511 -11.234
LYS01A0042_010   4.277 -12.347  -8.070
LYS01A0042_011   1.034 -12.392 -11.358
LYS01A0042_012   1.047 -12.353 -11.306
LYS01A0042_013   1.871 -12.483 -10.612
LYS01A0042_014   1.685 -12.447 -10.761
LYS01A0042_015   1.063 -12.589 -11.526
LYS01A0042_016   5.043 -12.192  -7.149
LYS01A0042_017   2.936 -12.004  -9.068
LYS01A0042_018   2.095 -12.669 -10.574
LYS01A0042_019   2.984 -12.207  -9.222
LYS01A0042_020   2.502 -12.167  -9.665
LYS+1A0042_021   0.492 -12.614 -12.122
LYS+1A0042_022   1.228 -12.579 -11.350
LYS+1A0042_023   0.989 -12.459 -11.471
LYS+1A0042_024   1.771 -12.483 -10.712
LYS+1A0042_025   1.632 -12.498 -10.867
LYS+1A0042_026   0.966 -12.708 -11.743
LYS+1A0042_027   0.996 -12.576 -11.580
LYS+1A0042_028   1.829 -12.142 -10.313
LYS+1A0042_029   4.982 -12.244  -7.262
LYS+1A0042_030   2.049 -12.736 -10.687
LYS+1A0042_031   4.703 -11.901  -7.198
LYS+1A0042_032   4.233 -12.347  -8.114
LYS+1A0042_033   0.998 -12.405 -11.407
LYS+1A0042_034   1.638 -12.244 -10.606
LYS+1A0042_035   2.052 -12.138 -10.086
LYS+1A0042_036   2.006 -11.865  -9.859
LYS+1A0042_037   2.236 -12.254 -10.018
LYS+1A0042_038   2.847 -12.004  -9.157
LYS+1A0042_039   2.912 -12.207  -9.295
LYS+1A0042_040   2.430 -12.286  -9.856
