CONFORMER         crg  vdw0  vdw1  tors  epol  self   occ  Hb     history    ASA
MET01A0221_001  0.000-12.07  0.05  0.17  0.00-11.86 0.504  00  01O000M000  1.000
MET01A0221_002  0.000-11.93  1.08  5.60  0.00 -5.25 0.504  00  01R009M000  1.000
MET01A0221_003  0.000-12.18  0.04  2.83  0.00 -9.31 0.504  00  01R00DM000  1.000
MET01A0221_004  0.000-12.01  0.06  0.17  0.00-11.78 0.504  00  01R016M000  1.000
MET01A0221_005  0.000-12.56  1.08  4.77  0.00 -6.72 0.503  00  01R01AM000  1.000
MET01A0221_006  0.000-11.53  0.97  4.77  0.00 -5.79 0.505  00  01R01CM000  1.000
MET01A0221_007  0.000-11.97  0.02  0.17  0.00-11.79 0.503  00  01R020M000  1.000
MET01A0221_008  0.000-12.30  2.59  2.90  0.00 -6.81 0.504  00  01R023M000  1.000
MET01A0221_009  0.000-11.86  3.35  4.56  0.00 -3.95 0.505  00  01R02EM000  1.000
MET01A0221_010  0.000-12.00  0.34  2.83  0.00 -8.83 0.504  00  01R032M000  1.000
MET01A0221_011  0.000-12.84 -0.16  2.00  0.00-10.99 0.504  00  01R03CM000  1.000
MET01A0221_012  0.000-12.21  0.22  2.83  0.00 -9.16 0.504  00  01R040M000  1.000
MET01A0221_013  0.000-11.51  1.28  5.60  0.00 -4.62 0.504  00  01R045M000  1.000
MET01A0221_014  0.000-12.35  0.65  2.93  0.00 -8.77 0.504  00  01R049M000  1.000
MET01A0221_015  0.000-12.38  0.22  2.83  0.00 -9.32 0.503  00  01R052M000  1.000
MET01A0221_016  0.000 -9.42 -0.27  4.67  0.00 -5.03 0.504  00  01R064M000  1.000
MET01A0221_017  0.000-11.96  0.42  4.67  0.00 -6.86 0.504  00  01R069M000  1.000
MET01A0221_018  0.000 -9.01  0.29  4.67  0.00 -4.06 0.503  00  01R06DM000  1.000
MET01A0221_019  0.000 -8.79  0.05  4.67  0.00 -4.07 0.504  00  01R076M000  1.000
MET01A0221_020  0.000-12.82  2.37  1.91  0.00 -8.54 0.503  00  01T05FM000  1.000
