iConf CONFORMER     FL  occ    crg   Em0  pKa0 ne nH    vdw0    vdw1    tors    epol   dsolv   extra    history
00001 MET01A0221_001 f 0.00  0.000     0  0.00  0  0 -12.074   0.117   0.166   0.064   0.044   0.000 01O000M000t
00002 MET01A0221_002 f 0.00  0.000     0  0.00  0  0 -11.929   1.081   5.599   0.045   0.045   0.000 01R009M000t
00003 MET01A0221_003 f 0.00  0.000     0  0.00  0  0 -12.275   0.037   2.834   0.032   0.044   0.000 01R00DM000t
00004 MET01A0221_004 f 0.00  0.000     0  0.00  0  0 -12.008   0.124   0.166   0.072   0.045   0.000 01R016M000t
00005 MET01A0221_005 f 0.00  0.000     0  0.00  0  0 -12.559   1.143   4.767   0.042   0.045   0.000 01R01AM000t
00006 MET01A0221_006 f 0.00  0.000     0  0.00  0  0 -11.525   1.037   4.766   0.042   0.044   0.000 01R01CM000t
00007 MET01A0221_007 f 0.00  0.000     0  0.00  0  0 -11.974   0.086   0.166   0.030   0.044   0.000 01R020M000t
00008 MET01A0221_008 f 0.00  0.000     0  0.00  0  0 -12.300   2.656   2.897   0.017   0.044   0.000 01R023M000t
00009 MET01A0221_009 f 0.00  0.000     0  0.00  0  0 -11.859   3.423   4.560   0.054   0.045   0.000 01R02EM000t
00010 MET01A0221_010 f 0.00  0.000     0  0.00  0  0 -11.998   0.337   2.834   0.066   0.043   0.000 01R032M000t
00011 MET01A0221_011 f 0.00  0.000     0  0.00  0  0 -12.835  -0.155   2.001   0.033   0.045   0.000 01R03CM000t
00012 MET01A0221_012 f 0.00  0.000     0  0.00  0  0 -12.214   0.217   2.834   0.070   0.045   0.000 01R040M000t
00013 MET01A0221_013 f 0.00  0.000     0  0.00  0  0 -11.505   1.283   5.600   0.033   0.044   0.000 01R045M000t
00014 MET01A0221_014 f 0.00  0.000     0  0.00  0  0 -12.350   0.652   2.931   0.011   0.045   0.000 01R049M000t
00015 MET01A0221_015 f 0.00  0.000     0  0.00  0  0 -12.429   0.223   2.834   0.027   0.045   0.000 01R052M000t
00016 MET01A0221_016 f 0.00  0.000     0  0.00  0  0  -9.422  -0.274   4.668   0.025   0.044   0.000 01R064M000t
00017 MET01A0221_017 f 0.00  0.000     0  0.00  0  0 -11.956   0.419   4.669   0.018   0.046   0.000 01R069M000t
00018 MET01A0221_018 f 0.00  0.000     0  0.00  0  0  -9.011   0.284   4.669   0.028   0.045   0.000 01R06DM000t
00019 MET01A0221_019 f 0.00  0.000     0  0.00  0  0  -8.786   0.045   4.668   0.035   0.043   0.000 01R076M000t
00020 MET01A0221_020 f 0.00  0.000     0  0.00  0  0 -12.817   2.374   1.906  -0.040   0.047   0.000 01T05FM000t
