iConf CONFORMER     FL  occ    crg   Em0  pKa0 ne nH    vdw0    vdw1    tors    epol   dsolv   extra    history
00001 LYS01A0129_001 f 0.00  0.000     0  0.00  0  0 -11.836   0.605   0.812  -0.013  -0.023   0.000 01O000M000t
00002 LYS01A0129_002 f 0.00  0.000     0  0.00  0  0 -11.731   2.896   0.807   0.003   0.025   0.000 01E004M000t
00003 LYS01A0129_003 f 0.00  0.000     0  0.00  0  0 -10.767   0.549   0.810  -0.012  -0.198   0.000 01E057M000t
00004 LYS01A0129_004 f 0.00  0.000     0  0.00  0  0  -6.536   0.656   3.606  -0.004   0.047   0.000 01E061M000t
00005 LYS01A0129_005 f 0.00  0.000     0  0.00  0  0 -11.366   1.556   0.909  -0.021   0.001   0.000 01E092M000t
00006 LYS01A0129_006 f 0.00  0.000     0  0.00  0  0  -9.380   2.752   0.881  -0.010   0.065   0.000 01E0DBM000t
00007 LYS01A0129_007 f 0.00  0.000     0  0.00  0  0  -9.243   1.605   4.275  -0.115   0.214   0.000 01E10EM000t
00008 LYS01A0129_008 f 0.00  0.000     0  0.00  0  0 -10.243   1.585   4.334  -0.017  -0.126   0.000 01E141M000t
00009 LYS01A0129_009 f 0.00  0.000     0  0.00  0  0  -9.662   2.798   1.569   0.633   0.222   0.000 01E14EM000t
00010 LYS01A0129_010 f 0.00  0.000     0  0.00  0  0 -12.264   2.132   3.699  -0.022  -0.145   0.000 01T00AM000t
00011 LYS01A0129_011 f 0.00  0.000     0  0.00  0  0 -11.148   2.482   1.486  -0.025  -0.010   0.000 01T030M000t
00012 LYS01A0129_012 f 0.00  0.000     0  0.00  0  0 -10.130   0.938   1.455  -0.024   0.013   0.000 01T07AM000t
00013 LYS01A0129_013 f 0.00  0.000     0  0.00  0  0 -10.863   0.973   4.246  -0.017   0.036   0.000 01T07BM000t
00014 LYS01A0129_014 f 0.00  0.000     0  0.00  0  0 -10.576   2.215   4.208  -0.011   0.060   0.000 01T07DM000t
00015 LYS01A0129_015 f 0.00  0.000     0  0.00  0  0  -9.942   2.694   1.416   0.000   0.113   0.000 01T09DM000t
00016 LYS01A0129_016 f 0.00  0.000     0  0.00  0  0 -10.324   0.684   4.243  -0.012   0.064   0.000 01T0C2M000t
00017 LYS01A0129_017 f 0.00  0.000     0  0.00  0  0  -8.583   0.900   1.522  -0.038   0.110   0.000 01T102M000t
00018 LYS01A0129_018 f 0.00  0.000     0  0.00  0  0 -10.018   2.175   7.061  -0.015  -0.074   0.000 01T10AM000t
00019 LYS01A0129_019 f 0.00  0.000     0  0.00  0  0  -7.610   2.236   4.874  -0.012   0.003   0.000 01T12FM000t
00020 LYS01A0129_020 f 0.00  0.000     0  0.00  0  0  -7.828   0.831   4.886  -0.009   0.074   0.000 01T156M000t
00021 LYS+1A0129_021 f 0.00  1.000     0 10.40  0  1 -11.881   0.604   0.812   0.051  -0.197   0.000 +1O000M000t
00022 LYS+1A0129_022 f 0.00  1.000     0 10.40  0  1 -12.308   2.127   3.699   0.128  -0.442   0.000 +1E00AM000t
00023 LYS+1A0129_023 f 0.00  1.000     0 10.40  0  1 -11.302   2.501   1.485   0.140  -0.236   0.000 +1E030M000t
00024 LYS+1A0129_024 f 0.00  1.000     0 10.40  0  1  -6.682   0.652   3.606   0.101   0.268   0.000 +1E061M000t
00025 LYS+1A0129_025 f 0.00  1.000     0 10.40  0  1 -10.190   0.932   1.454   0.145  -0.234   0.000 +1E07AM000t
00026 LYS+1A0129_026 f 0.00  1.000     0 10.40  0  1 -10.966   0.968   4.250   0.107  -0.195   0.000 +1E07BM000t
00027 LYS+1A0129_027 f 0.00  1.000     0 10.40  0  1 -10.644   2.213   4.209   0.128  -0.009   0.000 +1E07DM000t
00028 LYS+1A0129_028 f 0.00  1.000     0 10.40  0  1 -11.428   1.547   0.909   0.141   0.089   0.000 +1E092M000t
00029 LYS+1A0129_029 f 0.00  1.000     0 10.40  0  1  -9.251   1.566   4.276   0.565   0.530   0.000 +1E10EM000t
00030 LYS+1A0129_030 f 0.00  1.000     0 10.40  0  1  -7.678   2.241   4.873   0.075  -0.176   0.000 +1E12FM000t
00031 LYS+1A0129_031 f 0.00  1.000     0 10.40  0  1 -10.294   1.601   4.336   0.117  -0.174   0.000 +1E141M000t
00032 LYS+1A0129_032 f 0.00  1.000     0 10.40  0  1  -9.701   2.994   1.564   1.508   0.607   0.000 +1E14EM000t
00033 LYS+1A0129_033 f 0.00  1.000     0 10.40  0  1  -7.894   0.833   4.888   0.046  -0.231   0.000 +1E156M000t
00034 LYS+1A0129_034 f 0.00  1.000     0 10.40  0  1 -11.775   2.907   0.807  -0.016  -0.244   0.000 +1T004M000t
00035 LYS+1A0129_035 f 0.00  1.000     0 10.40  0  1 -10.824   0.542   0.810   0.072  -0.341   0.000 +1T057M000t
00036 LYS+1A0129_036 f 0.00  1.000     0 10.40  0  1 -10.078   2.704   1.415  -0.051   0.014   0.000 +1T09DM000t
00037 LYS+1A0129_037 f 0.00  1.000     0 10.40  0  1 -10.381   0.683   4.243   0.010  -0.534   0.000 +1T0C2M000t
00038 LYS+1A0129_038 f 0.00  1.000     0 10.40  0  1  -9.465   2.756   0.880   0.057  -0.094   0.000 +1T0DBM000t
00039 LYS+1A0129_039 f 0.00  1.000     0 10.40  0  1  -8.688   0.896   1.523   0.080   0.109   0.000 +1T102M000t
00040 LYS+1A0129_040 f 0.00  1.000     0 10.40  0  1 -10.073   2.175   7.063   0.072  -0.191   0.000 +1T10AM000t
