   confID        vdw0    sas     sum
LYS01A0129_001   0.478 -12.315 -11.836
LYS01A0129_002   0.477 -12.208 -11.731
LYS01A0129_003   1.336 -12.103 -10.767
LYS01A0129_004   5.864 -12.400  -6.536
LYS01A0129_005   1.188 -12.554 -11.366
LYS01A0129_006   2.290 -11.669  -9.380
LYS01A0129_007   3.183 -12.427  -9.243
LYS01A0129_008   2.204 -12.447 -10.243
LYS01A0129_009   2.572 -12.234  -9.662
LYS01A0129_010   0.383 -12.646 -12.264
LYS01A0129_011   1.318 -12.466 -11.148
LYS01A0129_012   1.909 -12.039 -10.130
LYS01A0129_013   1.555 -12.418 -10.863
LYS01A0129_014   1.904 -12.480 -10.576
LYS01A0129_015   1.859 -11.801  -9.942
LYS01A0129_016   2.330 -12.653 -10.324
LYS01A0129_017   3.170 -11.753  -8.583
LYS01A0129_018   2.329 -12.347 -10.018
LYS01A0129_019   4.484 -12.094  -7.610
LYS01A0129_020   4.429 -12.257  -7.828
LYS+1A0129_021   0.433 -12.315 -11.881
LYS+1A0129_022   0.339 -12.646 -12.308
LYS+1A0129_023   1.267 -12.569 -11.302
LYS+1A0129_024   5.785 -12.468  -6.682
LYS+1A0129_025   1.849 -12.039 -10.190
LYS+1A0129_026   1.504 -12.470 -10.966
LYS+1A0129_027   1.836 -12.480 -10.644
LYS+1A0129_028   1.126 -12.554 -11.428
LYS+1A0129_029   3.072 -12.324  -9.251
LYS+1A0129_030   4.416 -12.094  -7.678
LYS+1A0129_031   2.141 -12.434 -10.294
LYS+1A0129_032   2.533 -12.234  -9.701
LYS+1A0129_033   4.363 -12.257  -7.894
LYS+1A0129_034   0.434 -12.208 -11.775
LYS+1A0129_035   1.279 -12.103 -10.824
LYS+1A0129_036   1.787 -11.865 -10.078
LYS+1A0129_037   2.273 -12.653 -10.381
LYS+1A0129_038   2.204 -11.669  -9.465
LYS+1A0129_039   3.064 -11.753  -8.688
LYS+1A0129_040   2.274 -12.347 -10.073
