CONFORMER         crg  vdw0  vdw1  tors  epol  self   occ  Hb     history    ASA
LYS01A0167_001  0.000-11.88  0.19  0.83  0.00-10.87 0.501  00  01O000M000  1.000
LYS01A0167_002  0.000-11.74  0.58  1.47  0.00 -9.69 0.501  00  01E008M000  1.000
LYS01A0167_003  0.000-10.52  0.06  0.87  0.00 -9.59 0.502  00  01E015M000  1.000
LYS01A0167_004  0.000 -4.57  0.26  0.78  0.00 -3.53 0.501  00  01E01DM000  1.000
LYS01A0167_005  0.000-11.23  1.33  3.61  0.00 -6.30 0.501  00  01E06FM000  1.000
LYS01A0167_006  0.000-10.06  0.17  4.24  0.00 -5.65 0.502  00  01E0A8M000  1.000
LYS01A0167_007  0.000-10.09  1.02  7.02  0.00 -2.05 0.502  00  01E0C3M000  1.000
LYS01A0167_008  0.000 -9.34  0.50  4.31  0.00 -4.53 0.501  00  01E10EM000  1.000
LYS01A0167_009  0.000-10.56  2.36  7.02  0.00 -1.17 0.501  00  01E127M000  1.000
LYS01A0167_010  0.000-10.84  2.49  1.59  0.00 -6.76 0.502  00  01E14FM000  1.000
LYS01A0167_011  0.000-10.43  3.13  4.37  0.00 -2.94 0.502  00  01E156M000  1.000
LYS01A0167_012  0.000 -7.44  1.25  2.11  0.00 -4.08 0.501  00  01E175M000  1.000
LYS01A0167_013  0.000 -8.90  0.46  2.03  0.00 -6.40 0.501  00  01T02DM000  1.000
LYS01A0167_014  0.000 -8.89  1.58  4.83  0.00 -2.48 0.501  00  01T042M000  1.000
LYS01A0167_015  0.000 -9.05  0.51  2.06  0.00 -6.48 0.501  00  01T049M000  1.000
LYS01A0167_016  0.000-10.13  1.02  6.95  0.00 -2.16 0.502  00  01T0B6M000  1.000
LYS01A0167_017  0.000 -7.76  1.21  2.06  0.00 -4.49 0.501  00  01T0F7M000  1.000
LYS01A0167_018  0.000 -7.75  0.46  2.07  0.00 -5.23 0.501  00  01T145M000  1.000
LYS01A0167_019  0.000 -8.26  1.23  4.85  0.00 -2.18 0.501  00  01T16DM000  1.000
LYS01A0167_020  0.000 -8.04  1.22  1.51  0.00 -5.31 0.501  00  01T172M000  1.000
LYS+1A0167_021  1.000-11.93  0.19  0.83  0.00-10.91 0.501  00  +1O000M000  1.000
LYS+1A0167_022  1.000 -4.56  0.26  0.78  0.00 -3.52 0.501  00  +1E01DM000  1.000
LYS+1A0167_023  1.000 -9.01  0.46  2.03  0.00 -6.52 0.501  00  +1E02DM000  1.000
LYS+1A0167_024  1.000 -8.94  1.58  4.83  0.00 -2.53 0.501  00  +1E042M000  1.000
LYS+1A0167_025  1.000-10.28  1.02  6.95  0.00 -2.31 0.502  00  +1E0B6M000  1.000
LYS+1A0167_026  1.000 -9.40  0.50  4.31  0.00 -4.59 0.501  00  +1E10EM000  1.000
LYS+1A0167_027  1.000-10.60  2.37  7.02  0.00 -1.21 0.501  00  +1E127M000  1.000
LYS+1A0167_028  1.000 -7.82  0.46  2.07  0.00 -5.30 0.501  00  +1E145M000  1.000
LYS+1A0167_029  1.000-10.76  2.55  1.59  0.00 -6.62 0.502  00  +1E14FM000  1.000
LYS+1A0167_030  1.000-10.48  3.27  4.37  0.00 -2.84 0.502  00  +1E156M000  1.000
LYS+1A0167_031  1.000 -8.14  1.22  1.51  0.00 -5.41 0.501  00  +1E172M000  1.000
LYS+1A0167_032  1.000-11.78  0.58  1.47  0.00 -9.73 0.501  00  +1T008M000  1.000
LYS+1A0167_033  1.000-10.56  0.06  0.87  0.00 -9.63 0.502  00  +1T015M000  1.000
LYS+1A0167_034  1.000 -9.10  0.52  2.06  0.00 -6.52 0.501  00  +1T049M000  1.000
LYS+1A0167_035  1.000-11.32  1.34  3.61  0.00 -6.37 0.501  00  +1T06FM000  1.000
LYS+1A0167_036  1.000-10.03  0.17  4.24  0.00 -5.62 0.502  00  +1T0A8M000  1.000
LYS+1A0167_037  1.000-10.19  1.02  7.02  0.00 -2.14 0.502  00  +1T0C3M000  1.000
LYS+1A0167_038  1.000 -7.80  1.28  2.06  0.00 -4.46 0.501  00  +1T0F7M000  1.000
LYS+1A0167_039  1.000 -8.28  1.24  4.86  0.00 -2.19 0.501  00  +1T16DM000  1.000
LYS+1A0167_040  1.000 -7.54  1.25  2.11  0.00 -4.18 0.501  00  +1T175M000  1.000
