iConf CONFORMER     FL  occ    crg   Em0  pKa0 ne nH    vdw0    vdw1    tors    epol   dsolv   extra    history
00001 LYS01A0167_001 f 0.00  0.000     0  0.00  0  0 -11.831   0.304   0.831  -0.012   0.070   0.000 01O000M000t
00002 LYS01A0167_002 f 0.00  0.000     0  0.00  0  0 -11.734   0.641   1.469  -0.016  -0.095   0.000 01E008M000t
00003 LYS01A0167_003 f 0.00  0.000     0  0.00  0  0 -10.515   0.180   0.868  -0.012   0.034   0.000 01E015M000t
00004 LYS01A0167_004 f 0.00  0.000     0  0.00  0  0  -4.557   0.363   0.778  -0.012   0.022   0.000 01E01DM000t
00005 LYS01A0167_005 f 0.00  0.000     0  0.00  0  0 -11.230   1.379   3.610  -0.002   0.032   0.000 01E06FM000t
00006 LYS01A0167_006 f 0.00  0.000     0  0.00  0  0 -10.052   0.287   4.243  -0.014  -0.182   0.000 01E0A8M000t
00007 LYS01A0167_007 f 0.00  0.000     0  0.00  0  0 -10.088   1.073   7.019  -0.012  -0.103   0.000 01E0C3M000t
00008 LYS01A0167_008 f 0.00  0.000     0  0.00  0  0  -9.347   0.570   4.308  -0.021  -0.008   0.000 01E10EM000t
00009 LYS01A0167_009 f 0.00  0.000     0  0.00  0  0 -10.554   2.361   7.021  -0.030  -0.064   0.000 01E127M000t
00010 LYS01A0167_010 f 0.00  0.000     0  0.00  0  0 -10.842   2.550   1.587   0.684   0.178   0.000 01E14FM000t
00011 LYS01A0167_011 f 0.00  0.000     0  0.00  0  0 -10.439   3.163   4.372  -0.036  -0.212   0.000 01E156M000t
00012 LYS01A0167_012 f 0.00  0.000     0  0.00  0  0  -7.443   1.247   2.109  -0.008   0.110   0.000 01E175M000t
00013 LYS01A0167_013 f 0.00  0.000     0  0.00  0  0  -8.882   0.532   2.028  -0.015  -0.117   0.000 01T02DM000t
00014 LYS01A0167_014 f 0.00  0.000     0  0.00  0  0  -8.895   1.583   4.827  -0.020  -0.005   0.000 01T042M000t
00015 LYS01A0167_015 f 0.00  0.000     0  0.00  0  0  -9.048   0.558   2.063  -0.016   0.011   0.000 01T049M000t
00016 LYS01A0167_016 f 0.00  0.000     0  0.00  0  0 -10.128   1.074   6.950  -0.009   0.036   0.000 01T0B6M000t
00017 LYS01A0167_017 f 0.00  0.000     0  0.00  0  0  -7.765   1.283   2.059   0.306   0.282   0.000 01T0F7M000t
00018 LYS01A0167_018 f 0.00  0.000     0  0.00  0  0  -7.748   0.508   2.065  -0.023   0.093   0.000 01T145M000t
00019 LYS01A0167_019 f 0.00  0.000     0  0.00  0  0  -8.280   1.231   4.852   0.001  -0.048   0.000 01T16DM000t
00020 LYS01A0167_020 f 0.00  0.000     0  0.00  0  0  -8.045   1.227   1.510  -0.022   0.192   0.000 01T172M000t
00021 LYS+1A0167_021 f 0.00  1.000     0 10.40  0  1 -11.876   0.303   0.831   0.053  -0.234   0.000 +1O000M000t
00022 LYS+1A0167_022 f 0.00  1.000     0 10.40  0  1  -4.571   0.360   0.778   0.056  -0.228   0.000 +1E01DM000t
00023 LYS+1A0167_023 f 0.00  1.000     0 10.40  0  1  -9.012   0.531   2.031   0.045  -0.184   0.000 +1E02DM000t
00024 LYS+1A0167_024 f 0.00  1.000     0 10.40  0  1  -8.945   1.585   4.828   0.100  -0.245   0.000 +1E042M000t
00025 LYS+1A0167_025 f 0.00  1.000     0 10.40  0  1 -10.283   1.074   6.954   0.064  -0.183   0.000 +1E0B6M000t
00026 LYS+1A0167_026 f 0.00  1.000     0 10.40  0  1  -9.398   0.567   4.308   0.090  -0.266   0.000 +1E10EM000t
00027 LYS+1A0167_027 f 0.00  1.000     0 10.40  0  1 -10.602   2.376   7.021   0.147  -0.269   0.000 +1E127M000t
00028 LYS+1A0167_028 f 0.00  1.000     0 10.40  0  1  -7.817   0.505   2.067   0.126   0.053   0.000 +1E145M000t
00029 LYS+1A0167_029 f 0.00  1.000     0 10.40  0  1 -10.767   2.598   1.587   1.420   0.758   0.000 +1E14FM000t
00030 LYS+1A0167_030 f 0.00  1.000     0 10.40  0  1 -10.483   3.319   4.371   0.154  -0.125   0.000 +1E156M000t
00031 LYS+1A0167_031 f 0.00  1.000     0 10.40  0  1  -8.133   1.223   1.509   0.092   0.165   0.000 +1E172M000t
00032 LYS+1A0167_032 f 0.00  1.000     0 10.40  0  1 -11.778   0.638   1.470   0.088  -0.393   0.000 +1T008M000t
00033 LYS+1A0167_033 f 0.00  1.000     0 10.40  0  1 -10.559   0.180   0.869   0.054  -0.383   0.000 +1T015M000t
00034 LYS+1A0167_034 f 0.00  1.000     0 10.40  0  1  -9.088   0.562   2.064   0.103  -0.195   0.000 +1T049M000t
00035 LYS+1A0167_035 f 0.00  1.000     0 10.40  0  1 -11.322   1.392   3.614  -0.019  -0.236   0.000 +1T06FM000t
00036 LYS+1A0167_036 f 0.00  1.000     0 10.40  0  1 -10.033   0.284   4.245   0.074  -0.280   0.000 +1T0A8M000t
00037 LYS+1A0167_037 f 0.00  1.000     0 10.40  0  1 -10.186   1.073   7.020   0.070  -0.209   0.000 +1T0C3M000t
00038 LYS+1A0167_038 f 0.00  1.000     0 10.40  0  1  -7.792   1.349   2.060   0.678   0.980   0.000 +1T0F7M000t
00039 LYS+1A0167_039 f 0.00  1.000     0 10.40  0  1  -8.290   1.239   4.855  -0.045  -0.191   0.000 +1T16DM000t
00040 LYS+1A0167_040 f 0.00  1.000     0 10.40  0  1  -7.542   1.260   2.108   0.060   0.203   0.000 +1T175M000t
