   confID        vdw0    sas     sum
LYS01A0167_001   0.503 -12.334 -11.831
LYS01A0167_002   1.092 -12.826 -11.734
LYS01A0167_003   1.578 -12.092 -10.515
LYS01A0167_004   7.253 -11.809  -4.557
LYS01A0167_005   1.030 -12.260 -11.230
LYS01A0167_006   2.372 -12.424 -10.052
LYS01A0167_007   2.349 -12.437 -10.088
LYS01A0167_008   2.972 -12.318  -9.347
LYS01A0167_009   2.132 -12.685 -10.554
LYS01A0167_010   2.014 -12.856 -10.842
LYS01A0167_011   2.157 -12.595 -10.439
LYS01A0167_012   4.319 -11.763  -7.443
LYS01A0167_013   3.715 -12.598  -8.882
LYS01A0167_014   3.622 -12.517  -8.895
LYS01A0167_015   3.737 -12.785  -9.048
LYS01A0167_016   2.351 -12.479 -10.128
LYS01A0167_017   4.444 -12.209  -7.765
LYS01A0167_018   4.687 -12.435  -7.748
LYS01A0167_019   4.569 -12.849  -8.280
LYS01A0167_020   3.747 -11.791  -8.045
LYS+1A0167_021   0.458 -12.334 -11.876
LYS+1A0167_022   7.187 -11.758  -4.571
LYS+1A0167_023   3.654 -12.665  -9.012
LYS+1A0167_024   3.572 -12.517  -8.945
LYS+1A0167_025   2.302 -12.585 -10.283
LYS+1A0167_026   2.920 -12.318  -9.398
LYS+1A0167_027   2.083 -12.685 -10.602
LYS+1A0167_028   4.618 -12.435  -7.817
LYS+1A0167_029   1.947 -12.714 -10.767
LYS+1A0167_030   2.112 -12.595 -10.483
LYS+1A0167_031   3.658 -11.791  -8.133
LYS+1A0167_032   1.048 -12.826 -11.778
LYS+1A0167_033   1.533 -12.092 -10.559
LYS+1A0167_034   3.697 -12.785  -9.088
LYS+1A0167_035   0.976 -12.299 -11.322
LYS+1A0167_036   2.327 -12.360 -10.033
LYS+1A0167_037   2.303 -12.489 -10.186
LYS+1A0167_038   4.378 -12.171  -7.792
LYS+1A0167_039   4.520 -12.810  -8.290
LYS+1A0167_040   4.272 -11.814  -7.542
