CONFORMER         crg  vdw0  vdw1  tors  epol  self   occ  Hb     history    ASA
LYS01A0167_001  0.000-11.88  0.19  0.83  0.00-10.87 0.501  00  01O000M000  1.000
LYS01A0167_002  0.000-10.95  0.39  0.82  0.00 -9.73 0.501  00  01E065M000  1.000
LYS01A0167_003  0.000 -9.71  1.34  4.26  0.00 -4.11 0.501  00  01E0E2M000  1.000
LYS01A0167_004  0.000 -7.81  1.59  4.83  0.00 -1.40 0.501  00  01E11CM000  1.000
LYS01A0167_005  0.000 -9.50  0.49  1.51  0.00 -7.50 0.501  00  01E13EM000  1.000
LYS01A0167_006  0.000 -7.40  1.40  4.81  0.00 -1.19 0.502  00  01E160M000  1.000
LYS01A0167_007  0.000 -7.48  0.78  4.88  0.00 -1.81 0.501  00  01E170M000  1.000
LYS01A0167_008  0.000-12.43  0.44  0.82  0.00-11.17 0.502  00  01T002M000  1.000
LYS01A0167_009  0.000-11.18  1.44  1.42  0.00 -8.32 0.502  00  01T010M000  1.000
LYS01A0167_010  0.000-11.36  0.19  3.62  0.00 -7.55 0.501  00  01T059M000  1.000
LYS01A0167_011  0.000-12.05  1.35  3.65  0.00 -7.05 0.502  00  01T077M000  1.000
LYS01A0167_012  0.000-11.52  2.61  3.62  0.00 -5.29 0.501  00  01T08AM000  1.000
LYS01A0167_013  0.000-10.56  1.44  4.22  0.00 -4.90 0.502  00  01T0A3M000  1.000
LYS01A0167_014  0.000 -9.57 -0.09  0.87  0.00 -8.79 0.501  00  01T0B0M000  1.000
LYS01A0167_015  0.000-10.18  0.99  4.14  0.00 -5.05 0.501  00  01T0B7M000  1.000
LYS01A0167_016  0.000 -9.35  1.08  0.91  0.00 -7.36 0.502  00  01T0DDM000  1.000
LYS01A0167_017  0.000-10.01  2.44  4.25  0.00 -3.32 0.501  00  01T130M000  1.000
LYS01A0167_018  0.000-10.37  0.62  1.58  0.00 -8.17 0.502  00  01T150M000  1.000
LYS01A0167_019  0.000 -8.04  1.22  1.51  0.00 -5.31 0.502  00  01T172M000  1.000
LYS01A0167_020  0.000 -7.49  1.24  2.11  0.00 -4.14 0.501  00  01T176M000  1.000
LYS+1A0167_021  1.000-11.93  0.19  0.83  0.00-10.91 0.501  00  +1O000M000  1.000
LYS+1A0167_022  1.000-11.29  1.46  1.42  0.00 -8.41 0.502  00  +1E010M000  1.000
LYS+1A0167_023  1.000-11.41  0.18  3.62  0.00 -7.60 0.501  00  +1E059M000  1.000
LYS+1A0167_024  1.000-11.03  0.39  0.82  0.00 -9.82 0.501  00  +1E065M000  1.000
LYS+1A0167_025  1.000-12.10  1.35  3.65  0.00 -7.10 0.502  00  +1E077M000  1.000
LYS+1A0167_026  1.000-11.58  2.61  3.62  0.00 -5.36 0.501  00  +1E08AM000  1.000
LYS+1A0167_027  1.000 -9.61 -0.10  0.87  0.00 -8.84 0.501  00  +1E0B0M000  1.000
LYS+1A0167_028  1.000 -9.48  1.07  0.91  0.00 -7.50 0.502  00  +1E0DDM000  1.000
LYS+1A0167_029  1.000 -9.83  1.35  4.26  0.00 -4.22 0.501  00  +1E0E2M000  1.000
LYS+1A0167_030  1.000 -7.81  1.59  4.82  0.00 -1.40 0.501  00  +1E11CM000  1.000
LYS+1A0167_031  1.000 -9.63  0.49  1.52  0.00 -7.62 0.501  00  +1E13EM000  1.000
LYS+1A0167_032  1.000 -7.45  0.74  4.88  0.00 -1.83 0.501  00  +1E170M000  1.000
LYS+1A0167_033  1.000 -8.14  1.22  1.51  0.00 -5.41 0.502  00  +1E172M000  1.000
LYS+1A0167_034  1.000 -7.56  1.23  2.11  0.00 -4.22 0.501  00  +1E176M000  1.000
LYS+1A0167_035  1.000-12.47  0.44  0.82  0.00-11.22 0.502  00  +1T002M000  1.000
LYS+1A0167_036  1.000-10.61  1.45  4.22  0.00 -4.94 0.502  00  +1T0A3M000  1.000
LYS+1A0167_037  1.000-10.28  0.99  4.15  0.00 -5.15 0.501  00  +1T0B7M000  1.000
LYS+1A0167_038  1.000-10.08  2.42  4.25  0.00 -3.41 0.501  00  +1T130M000  1.000
LYS+1A0167_039  1.000-10.50  0.62  1.58  0.00 -8.30 0.502  00  +1T150M000  1.000
LYS+1A0167_040  1.000 -7.44  1.40  4.81  0.00 -1.23 0.502  00  +1T160M000  1.000
