iConf CONFORMER     FL  occ    crg   Em0  pKa0 ne nH    vdw0    vdw1    tors    epol   dsolv   extra    history
00001 LYS01A0167_001 f 0.00  0.000     0  0.00  0  0 -11.831   0.304   0.831  -0.012   0.070   0.000 01O000M000t
00002 LYS01A0167_002 f 0.00  0.000     0  0.00  0  0 -10.951   0.495   0.821  -0.014  -0.002   0.000 01E065M000t
00003 LYS01A0167_003 f 0.00  0.000     0  0.00  0  0  -9.713   1.394   4.259  -0.000  -0.025   0.000 01E0E2M000t
00004 LYS01A0167_004 f 0.00  0.000     0  0.00  0  0  -7.829   1.598   4.825  -0.032   0.155   0.000 01E11CM000t
00005 LYS01A0167_005 f 0.00  0.000     0  0.00  0  0  -9.494   0.537   1.511  -0.022  -0.001   0.000 01E13EM000t
00006 LYS01A0167_006 f 0.00  0.000     0  0.00  0  0  -7.409   1.400   4.814  -0.010  -0.216   0.000 01E160M000t
00007 LYS01A0167_007 f 0.00  0.000     0  0.00  0  0  -7.491   0.782   4.881   0.050   0.162   0.000 01E170M000t
00008 LYS01A0167_008 f 0.00  0.000     0  0.00  0  0 -12.430   0.542   0.818  -0.008   0.017   0.000 01T002M000t
00009 LYS01A0167_009 f 0.00  0.000     0  0.00  0  0 -11.178   1.443   1.418   0.004  -0.039   0.000 01T010M000t
00010 LYS01A0167_010 f 0.00  0.000     0  0.00  0  0 -11.359   0.307   3.621  -0.017  -0.092   0.000 01T059M000t
00011 LYS01A0167_011 f 0.00  0.000     0  0.00  0  0 -12.011   1.416   3.649  -0.029  -0.091   0.000 01T077M000t
00012 LYS01A0167_012 f 0.00  0.000     0  0.00  0  0 -11.470   2.608   3.619  -0.022   0.071   0.000 01T08AM000t
00013 LYS01A0167_013 f 0.00  0.000     0  0.00  0  0 -10.555   1.446   4.217   0.002   0.086   0.000 01T0A3M000t
00014 LYS01A0167_014 f 0.00  0.000     0  0.00  0  0  -9.574   0.031   0.868  -0.058   0.027   0.000 01T0B0M000t
00015 LYS01A0167_015 f 0.00  0.000     0  0.00  0  0 -10.182   1.036   4.144  -0.008  -0.102   0.000 01T0B7M000t
00016 LYS01A0167_016 f 0.00  0.000     0  0.00  0  0  -9.346   1.136   0.908  -0.027   0.147   0.000 01T0DDM000t
00017 LYS01A0167_017 f 0.00  0.000     0  0.00  0  0 -10.004   2.436   4.247  -0.023   0.004   0.000 01T130M000t
00018 LYS01A0167_018 f 0.00  0.000     0  0.00  0  0 -10.367   0.667   1.581  -0.062   0.163   0.000 01T150M000t
00019 LYS01A0167_019 f 0.00  0.000     0  0.00  0  0  -8.045   1.227   1.510  -0.025   0.161   0.000 01T172M000t
00020 LYS01A0167_020 f 0.00  0.000     0  0.00  0  0  -7.488   1.239   2.112  -0.014  -0.103   0.000 01T176M000t
00021 LYS+1A0167_021 f 0.00  1.000     0 10.40  0  1 -11.876   0.303   0.831   0.053  -0.234   0.000 +1O000M000t
00022 LYS+1A0167_022 f 0.00  1.000     0 10.40  0  1 -11.184   1.459   1.420  -0.014  -0.233   0.000 +1E010M000t
00023 LYS+1A0167_023 f 0.00  1.000     0 10.40  0  1 -11.406   0.303   3.621   0.048  -0.237   0.000 +1E059M000t
00024 LYS+1A0167_024 f 0.00  1.000     0 10.40  0  1 -11.035   0.491   0.821   0.072  -0.152   0.000 +1E065M000t
00025 LYS+1A0167_025 f 0.00  1.000     0 10.40  0  1 -12.097   1.415   3.649   0.139  -0.398   0.000 +1E077M000t
00026 LYS+1A0167_026 f 0.00  1.000     0 10.40  0  1 -11.530   2.604   3.619   0.099  -0.211   0.000 +1E08AM000t
00027 LYS+1A0167_027 f 0.00  1.000     0 10.40  0  1  -9.642   0.015   0.867   0.057   0.119   0.000 +1E0B0M000t
00028 LYS+1A0167_028 f 0.00  1.000     0 10.40  0  1  -9.484   1.125   0.911   0.079   0.112   0.000 +1E0DDM000t
00029 LYS+1A0167_029 f 0.00  1.000     0 10.40  0  1  -9.831   1.404   4.260   0.037  -0.342   0.000 +1E0E2M000t
00030 LYS+1A0167_030 f 0.00  1.000     0 10.40  0  1  -7.802   1.589   4.825   0.152  -0.052   0.000 +1E11CM000t
00031 LYS+1A0167_031 f 0.00  1.000     0 10.40  0  1  -9.624   0.537   1.515   0.068   0.127   0.000 +1E13EM000t
00032 LYS+1A0167_032 f 0.00  1.000     0 10.40  0  1  -7.510   0.745   4.882  -0.233   0.069   0.000 +1E170M000t
00033 LYS+1A0167_033 f 0.00  1.000     0 10.40  0  1  -8.133   1.223   1.509   0.086  -0.071   0.000 +1E172M000t
00034 LYS+1A0167_034 f 0.00  1.000     0 10.40  0  1  -7.552   1.236   2.110  -0.011   0.022   0.000 +1E176M000t
00035 LYS+1A0167_035 f 0.00  1.000     0 10.40  0  1 -12.473   0.539   0.818   0.042  -0.483   0.000 +1T002M000t
00036 LYS+1A0167_036 f 0.00  1.000     0 10.40  0  1 -10.603   1.446   4.218  -0.017  -0.346   0.000 +1T0A3M000t
00037 LYS+1A0167_037 f 0.00  1.000     0 10.40  0  1 -10.284   1.037   4.148   0.091   0.026   0.000 +1T0B7M000t
00038 LYS+1A0167_038 f 0.00  1.000     0 10.40  0  1 -10.083   2.420   4.249   0.102  -0.001   0.000 +1T130M000t
00039 LYS+1A0167_039 f 0.00  1.000     0 10.40  0  1 -10.452   0.667   1.580   0.221   0.144   0.000 +1T150M000t
00040 LYS+1A0167_040 f 0.00  1.000     0 10.40  0  1  -7.451   1.401   4.813  -0.016  -0.392   0.000 +1T160M000t
