   confID        vdw0    sas     sum
LYS01A0167_001   0.624 -12.334 -11.710
LYS01A0167_002   0.620 -12.929 -12.309
LYS01A0167_003   1.644 -12.092 -10.449
LYS01A0167_004   7.319 -11.809  -4.491
LYS01A0167_005   1.835 -12.267 -10.432
LYS01A0167_006   2.007 -12.210 -10.203
LYS01A0167_007   2.029 -12.120 -10.090
LYS01A0167_008   2.034 -11.872  -9.838
LYS01A0167_009   2.254 -12.210  -9.955
LYS01A0167_010   2.319 -11.766  -9.447
LYS01A0167_011   1.489 -12.685 -11.196
LYS01A0167_012   1.083 -12.190 -11.106
LYS01A0167_013   1.678 -12.585 -10.908
LYS01A0167_014   2.234 -11.867  -9.632
LYS01A0167_015   2.435 -11.984  -9.549
LYS01A0167_016   2.401 -12.216  -9.815
LYS01A0167_017   4.517 -12.120  -7.603
LYS01A0167_018   2.741 -12.229  -9.488
LYS01A0167_019   4.403 -12.568  -8.165
LYS01A0167_020   2.219 -12.094  -9.875
LYS+1A0167_021   0.579 -12.334 -11.756
LYS+1A0167_022   7.253 -11.758  -4.505
LYS+1A0167_023   1.406 -12.724 -11.317
LYS+1A0167_024   1.033 -12.177 -11.144
LYS+1A0167_025   1.972 -12.120 -10.147
LYS+1A0167_026   2.239 -11.766  -9.527
LYS+1A0167_027   2.368 -11.782  -9.413
LYS+1A0167_028   2.306 -12.268  -9.962
LYS+1A0167_029   2.718 -12.229  -9.510
LYS+1A0167_030   0.577 -12.929 -12.353
LYS+1A0167_031   1.599 -12.092 -10.493
LYS+1A0167_032   1.802 -12.241 -10.439
LYS+1A0167_033   1.625 -12.534 -10.909
LYS+1A0167_034   1.945 -12.210 -10.265
LYS+1A0167_035   2.158 -11.957  -9.799
LYS+1A0167_036   1.949 -12.004 -10.055
LYS+1A0167_037   2.200 -12.158  -9.958
LYS+1A0167_038   4.457 -12.184  -7.727
LYS+1A0167_039   4.339 -12.568  -8.229
LYS+1A0167_040   2.142 -12.094  -9.951
