iConf CONFORMER     FL  occ    crg   Em0  pKa0 ne nH    vdw0    vdw1    tors    epol   dsolv   extra    history
00001 TYR01A0154_001 f 0.00  0.000     0  0.00  0  0 -10.519   0.515   0.124   0.213  -0.176   0.000 01O000M000t
00002 TYR01A0154_002 f 0.00  0.000     0  0.00  0  0  -9.911   2.012   0.119   0.350   0.039   0.000 01E002M000t
00003 TYR01A0154_003 f 0.00  0.000     0  0.00  0  0 -10.519   0.515   0.124   0.198  -0.230   0.000 01O000M000t
00004 TYR01A0154_004 f 0.00  0.000     0  0.00  0  0 -10.149   0.204   0.116   0.005  -0.114   0.000 01E004M000t
00005 TYR01A0154_005 f 0.00  0.000     0  0.00  0  0 -10.006   4.039   2.668   0.226  -0.033   0.000 01E008M000t
00006 TYR01A0154_006 f 0.00  0.000     0  0.00  0  0  -9.840   5.446   2.667   0.175   0.048   0.000 01T001M000t
00007 TYR01A0154_007 f 0.00  0.000     0  0.00  0  0  -9.786   4.914   0.112   0.099  -0.255   0.000 01T007M000t
00008 TYR01A0154_008 f 0.00  0.000     0  0.00  0  0 -10.046   4.193   0.086   0.217   0.288   0.000 01T006M000t
00009 TYR01A0154_009 f 0.00  0.000     0  0.00  0  0 -10.120   4.473   2.668   0.208   0.011   0.000 01T003M000t
00010 TYR01A0154_010 f 0.00  0.000     0  0.00  0  0 -10.074   0.859   2.667   0.164  -0.150   0.000 01T005M000t
00011 TYR-1A0154_011 f 0.00 -1.000     0 10.20  0 -1 -10.519   0.515   0.124   0.027  -1.057   0.000 -1O000M000t
00012 TYR-1A0154_012 f 0.00 -1.000     0 10.20  0 -1  -9.908   1.993   0.118   0.447  -0.959   0.000 -1E002M000t
00013 TYR-1A0154_013 f 0.00 -1.000     0 10.20  0 -1 -10.202   4.470   2.668   0.152  -0.896   0.000 -1E003M000t
00014 TYR-1A0154_014 f 0.00 -1.000     0 10.20  0 -1 -10.128   0.855   2.666  -0.055  -1.028   0.000 -1E005M000t
00015 TYR-1A0154_015 f 0.00 -1.000     0 10.20  0 -1 -10.187   3.826   0.081   0.046  -0.927   0.000 -1E006M000t
00016 TYR-1A0154_016 f 0.00 -1.000     0 10.20  0 -1 -10.012   4.047   2.666  -0.011  -0.981   0.000 -1E008M000t
00017 TYR-1A0154_017 f 0.00 -1.000     0 10.20  0 -1  -9.893   5.440   2.663   0.064  -0.614   0.000 -1T001M000t
00018 TYR-1A0154_018 f 0.00 -1.000     0 10.20  0 -1 -10.121   0.192   0.112  -0.313  -0.859   0.000 -1T004M000t
00019 TYR-1A0154_019 f 0.00 -1.000     0 10.20  0 -1  -9.846   4.895   0.109  -0.290  -0.951   0.000 -1T007M000t
