CONFORMER         crg  vdw0  vdw1  tors  epol  self   occ  Hb     history    ASA
TYR01A0154_001  0.000-10.52  0.52  0.12  0.00 -9.88 0.553  00  01O000M000  1.000
TYR01A0154_002  0.000 -9.92  2.01  0.12  0.00 -7.79 0.557  00  01E002M000  1.000
TYR01A0154_003  0.000 -9.92  4.84  0.11  0.00 -4.97 0.554  00  01E007M000  1.000
TYR01A0154_004  0.000-10.00  4.03  2.67  0.00 -3.31 0.555  00  01E008M000  1.000
TYR01A0154_005  0.000-10.52  0.52  0.12  0.00 -9.88 0.553  00  01O000M000  1.000
TYR01A0154_006  0.000-10.14  3.85  0.09  0.00 -6.21 0.553  00  01E006M000  1.000
TYR01A0154_007  0.000-10.12  4.48  2.67  0.00 -2.97 0.559  00  01T003M000  1.000
TYR01A0154_008  0.000-10.07  0.85  2.67  0.00 -6.55 0.554  00  01T005M000  1.000
TYR01A0154_009  0.000-10.11  0.19  0.11  0.00 -9.80 0.559  00  01T004M000  1.000
TYR01A0154_010  0.000 -9.78  5.45  2.67  0.00 -1.67 0.555  00  01T001M000  1.000
TYR-1A0154_011 -1.000-10.52  0.52  0.12  0.00 -9.88 0.553  00  -1O000M000  1.000
TYR-1A0154_012 -1.000 -9.84  5.44  2.66  0.00 -1.73 0.555  00  -1E001M000  1.000
TYR-1A0154_013 -1.000-10.19  3.82  0.08  0.00 -6.29 0.553  00  -1E006M000  1.000
TYR-1A0154_014 -1.000-10.00  4.03  2.67  0.00 -3.30 0.555  00  -1E008M000  1.000
TYR-1A0154_015 -1.000-10.12  1.93  0.12  0.00 -8.07 0.557  00  -1T002M000  1.000
TYR-1A0154_016 -1.000-10.12  4.48  2.67  0.00 -2.97 0.559  00  -1T003M000  1.000
TYR-1A0154_017 -1.000-10.12  0.19  0.11  0.00 -9.82 0.559  00  -1T004M000  1.000
TYR-1A0154_018 -1.000-10.17  0.85  2.67  0.00 -6.65 0.554  00  -1T005M000  1.000
TYR-1A0154_019 -1.000 -9.78  4.90  0.11  0.00 -4.77 0.554  00  -1T007M000  1.000
