   confID        vdw0    sas     sum
TYR01A0154_001   4.482 -15.001 -10.519
TYR01A0154_002   4.523 -14.434  -9.911
TYR01A0154_003   4.223 -14.206  -9.983
TYR01A0154_004   4.312 -14.316 -10.004
TYR01A0154_005   4.482 -15.001 -10.519
TYR01A0154_006   4.320 -14.463 -10.143
TYR01A0154_007   4.525 -14.636 -10.111
TYR01A0154_008   4.476 -14.550 -10.074
TYR01A0154_009   4.484 -14.674 -10.191
TYR01A0154_010   4.517 -14.295  -9.778
TYR-1A0154_011   4.482 -15.001 -10.519
TYR-1A0154_012   4.509 -14.345  -9.836
TYR-1A0154_013   4.326 -14.513 -10.187
TYR-1A0154_014   4.304 -14.316 -10.012
TYR-1A0154_015   4.530 -14.568 -10.038
TYR-1A0154_016   4.523 -14.696 -10.174
TYR-1A0154_017   4.494 -14.614 -10.121
TYR-1A0154_018   4.471 -14.652 -10.182
TYR-1A0154_019   4.225 -14.070  -9.846
