iConf CONFORMER     FL  occ    crg   Em0  pKa0 ne nH    vdw0    vdw1    tors    epol   dsolv   extra    history
00001 GLU01A0225_001 f 0.00  0.000     0  0.00  0  0  -0.673   0.468   3.113   0.126  -0.132   0.000 01O000M000t
00002 GLU01A0225_002 f 0.00  0.000     0  0.00  0  0  -2.180   0.754   3.322   0.159  -0.270   0.000 01E006M000t
00003 GLU01A0225_003 f 0.00  0.000     0  0.00  0  0  -0.673   0.468   0.393   0.035   0.740   0.000 01O000M000t
00004 GLU01A0225_004 f 0.00  0.000     0  0.00  0  0  -3.186   0.432   3.513   0.086  -0.635   0.000 01T003M000t
00005 GLU01A0225_005 f 0.00  0.000     0  0.00  0  0  -2.182   1.115   3.313   0.102  -0.267   0.000 01T004M000t
00006 GLU01A0225_006 f 0.00  0.000     0  0.00  0  0  -3.683   1.918   3.737   0.054  -0.490   0.000 01T00AM000t
00007 GLU01A0225_007 f 0.00  0.000     0  0.00  0  0  -3.208   0.915   3.483   0.135  -0.413   0.000 01T007M000t
00008 GLU01A0225_008 f 0.00  0.000     0  0.00  0  0  -3.504   0.612   3.606   0.182  -0.400   0.000 01T008M000t
00009 GLU01A0225_009 f 0.00  0.000     0  0.00  0  0  -2.118   0.660   3.273   0.307  -0.174   0.000 01T009M000t
00010 GLU01A0225_010 f 0.00  0.000     0  0.00  0  0  -3.225   0.432   0.793   0.051   0.705   0.000 01T003M000t
00011 GLU01A0225_011 f 0.00  0.000     0  0.00  0  0  -2.182   1.115   0.593   0.045   0.703   0.000 01T004M000t
00012 GLU01A0225_012 f 0.00  0.000     0  0.00  0  0  -2.173   0.752   0.589   0.085   0.691   0.000 01T006M000t
00013 GLU01A0225_013 f 0.00  0.000     0  0.00  0  0  -3.683   1.918   1.017   0.023   0.811   0.000 01T00AM000t
00014 GLU01A0225_014 f 0.00  0.000     0  0.00  0  0  -3.504   0.612   0.886   0.061   0.706   0.000 01T008M000t
00015 GLU02A0225_015 f 0.00  0.000     0  0.00  0  0  -1.405   0.477   3.113   0.057  -0.559   0.000 02O000M000t
00016 GLU02A0225_016 f 0.00  0.000     0  0.00  0  0  -1.327   0.477   0.393   0.030   0.693   0.000 02O000M000t
00017 GLU02A0225_017 f 0.00  0.000     0  0.00  0  0  -3.609   2.424   1.018   0.078   0.720   0.000 02E00AM000t
00018 GLU02A0225_018 f 0.00  0.000     0  0.00  0  0  -2.998   0.423   3.593   0.060  -0.356   0.000 02T003M000t
00019 GLU02A0225_019 f 0.00  0.000     0  0.00  0  0  -2.427   1.113   3.311   0.024  -0.542   0.000 02T004M000t
00020 GLU02A0225_020 f 0.00  0.000     0  0.00  0  0  -2.409   0.762   3.305   0.132  -0.522   0.000 02T006M000t
00021 GLU02A0225_021 f 0.00  0.000     0  0.00  0  0  -2.533   0.604   3.310   0.230  -0.614   0.000 02T009M000t
00022 GLU02A0225_022 f 0.00  0.000     0  0.00  0  0  -3.192   1.094   3.441   0.121  -0.437   0.000 02T005M000t
00023 GLU02A0225_023 f 0.00  0.000     0  0.00  0  0  -3.207   0.934   3.450   0.164  -0.500   0.000 02T007M000t
00024 GLU02A0225_024 f 0.00  0.000     0  0.00  0  0  -3.529   0.620   3.638   0.156  -0.303   0.000 02T008M000t
00025 GLU02A0225_025 f 0.00  0.000     0  0.00  0  0  -3.609   2.428   3.737   0.889   0.155   0.000 02T00AM000t
00026 GLU02A0225_026 f 0.00  0.000     0  0.00  0  0  -3.192   1.094   0.721   0.043   0.671   0.000 02T005M000t
00027 GLU02A0225_027 f 0.00  0.000     0  0.00  0  0  -3.207   0.934   0.730   0.093   0.621   0.000 02T007M000t
00028 GLU02A0225_028 f 0.00  0.000     0  0.00  0  0  -3.387   0.620   0.918   0.064   0.767   0.000 02T008M000t
00029 GLU-1A0225_029 f 0.00 -1.000     0  4.75  0 -1  -1.289   0.487   0.393  -0.102  -0.220   0.000 -1O000M000t
00030 GLU-1A0225_030 f 0.00 -1.000     0  4.75  0 -1  -1.327   0.795   0.261  -0.140  -0.199   0.000 -1E001M000t
00031 GLU-1A0225_031 f 0.00 -1.000     0  4.75  0 -1  -2.417   1.136   0.555  -0.068  -0.266   0.000 -1E004M000t
00032 GLU-1A0225_032 f 0.00 -1.000     0  4.75  0 -1  -3.473   0.593   0.923  -0.338  -0.034   0.000 -1E008M000t
00033 GLU-1A0225_033 f 0.00 -1.000     0  4.75  0 -1  -2.596   0.633   0.557  -0.370  -0.134   0.000 -1E009M000t
