iConf CONFORMER     FL  occ    crg   Em0  pKa0 ne nH    vdw0    vdw1    tors    epol   dsolv   extra    history
00001 GLN01A0187_001 f 0.00  0.000     0  0.00  0  0  -4.152   0.926   0.319   0.073  -0.028   0.000 01O000M000t
00002 GLN01A0187_002 f 0.00  0.000     0  0.00  0  0  -4.310   1.083   3.096  -0.070   0.005   0.000 01E005M000t
00003 GLN01A0187_003 f 0.00  0.000     0  0.00  0  0  -3.290   0.433   0.288   0.027  -0.036   0.000 01E013M000t
00004 GLN01A0187_004 f 0.00  0.000     0  0.00  0  0  -4.803   0.495   1.204   0.061  -0.076   0.000 01E015M000t
00005 GLN01A0187_005 f 0.00  0.000     0  0.00  0  0  -3.334   2.750   0.277   0.060   0.007   0.000 01E019M000t
00006 GLN01A0187_006 f 0.00  0.000     0  0.00  0  0  -3.803   1.402   0.291   0.229   0.087   0.000 01E01DM000t
00007 GLN01A0187_007 f 0.00  0.000     0  0.00  0  0  -4.360   0.657   3.980   0.024  -0.129   0.000 01E021M000t
00008 GLN01A0187_008 f 0.00  0.000     0  0.00  0  0  -4.512   0.557   1.212   0.164  -0.008   0.000 01E025M000t
00009 GLN01A0187_009 f 0.00  0.000     0  0.00  0  0  -4.340   1.232   3.093   0.057  -0.055   0.000 01T002M000t
00010 GLN01A0187_010 f 0.00  0.000     0  0.00  0  0  -4.239   0.446   0.304   0.049  -0.037   0.000 01T003M000t
00011 GLN01A0187_011 f 0.00  0.000     0  0.00  0  0  -3.068   0.659   3.052   0.035  -0.089   0.000 01T006M000t
00012 GLN01A0187_012 f 0.00  0.000     0  0.00  0  0  -4.212   0.377   0.309   0.005   0.056   0.000 01T007M000t
00013 GLN01A0187_013 f 0.00  0.000     0  0.00  0  0  -5.022   0.886   1.205   0.108  -0.061   0.000 01T00AM000t
00014 GLN01A0187_014 f 0.00  0.000     0  0.00  0  0  -5.169   1.238   4.006   0.052   0.001   0.000 01T00EM000t
00015 GLN01A0187_015 f 0.00  0.000     0  0.00  0  0  -4.762   0.485   1.204   0.024  -0.733   0.000 01T012M000t
00016 GLN01A0187_016 f 0.00  0.000     0  0.00  0  0  -4.065   2.796   0.261  -0.021  -0.117   0.000 01T016M000t
00017 GLN01A0187_017 f 0.00  0.000     0  0.00  0  0  -4.390   2.788   1.208   0.017  -0.066   0.000 01T017M000t
00018 GLN01A0187_018 f 0.00  0.000     0  0.00  0  0  -4.360   2.802   1.207   0.030  -0.121   0.000 01T01AM000t
00019 GLN01A0187_019 f 0.00  0.000     0  0.00  0  0  -4.102   0.394   3.978   0.024  -0.072   0.000 01T028M000t
