   confID        vdw0    sas     sum
GLN01A0187_001   0.836  -4.988  -4.152
GLN01A0187_002   0.780  -5.090  -4.310
GLN01A0187_003   1.663  -4.953  -3.290
GLN01A0187_004   0.317  -5.120  -4.803
GLN01A0187_005   1.739  -5.072  -3.334
GLN01A0187_006   1.409  -5.212  -3.803
GLN01A0187_007   0.652  -5.012  -4.360
GLN01A0187_008   0.324  -4.837  -4.512
GLN01A0187_009   0.804  -5.144  -4.340
GLN01A0187_010   0.802  -5.041  -4.239
GLN01A0187_011   1.963  -5.031  -3.068
GLN01A0187_012   0.774  -4.986  -4.212
GLN01A0187_013   0.332  -5.354  -5.022
GLN01A0187_014   0.328  -5.497  -5.169
GLN01A0187_015   0.332  -5.093  -4.762
GLN01A0187_016   0.853  -4.918  -4.065
GLN01A0187_017   0.326  -4.717  -4.390
GLN01A0187_018   0.315  -4.675  -4.360
GLN01A0187_019   0.658  -4.760  -4.102
