CONFORMER         crg  vdw0  vdw1  tors  epol  self   occ  Hb     history    ASA
LYS01A0209_001  0.000-12.25  0.38  0.81  0.00-11.06 0.502  00  01O000M000  1.000
LYS01A0209_002  0.000-11.23  2.23  1.41  0.00 -7.59 0.501  00  01E010M000  1.000
LYS01A0209_003  0.000-10.44  2.09  1.44  0.00 -6.91 0.501  00  01E024M000  1.000
LYS01A0209_004  0.000-10.31  5.38  3.65  0.00 -1.28 0.501  00  01E02BM000  1.000
LYS01A0209_005  0.000-10.43  2.21  4.21  0.00 -4.02 0.502  00  01E0A3M000  1.000
LYS01A0209_006  0.000 -9.45  1.00  3.65  0.00 -4.80 0.501  00  01E0BEM000  1.000
LYS01A0209_007  0.000 -9.19  0.29  1.52  0.00 -7.37 0.502  00  01E105M000  1.000
LYS01A0209_008  0.000-10.43  2.21  4.27  0.00 -3.95 0.501  00  01E122M000  1.000
LYS01A0209_009  0.000 -9.15  0.41  4.31  0.00 -4.43 0.502  00  01E151M000  1.000
LYS01A0209_010  0.000 -8.79  1.96  4.32  0.00 -2.52 0.501  00  01E166M000  1.000
LYS01A0209_011  0.000 -8.96  2.05  4.30  0.00 -2.61 0.501  00  01E168M000  1.000
LYS01A0209_012  0.000-11.59  2.26  4.27  0.00 -5.07 0.502  00  01T03FM000  1.000
LYS01A0209_013  0.000-10.31  0.68  1.50  0.00 -8.13 0.501  00  01T047M000  1.000
LYS01A0209_014  0.000-11.22  2.07  3.60  0.00 -5.55 0.502  00  01T06BM000  1.000
LYS01A0209_015  0.000-12.01  1.58  3.64  0.00 -6.79 0.501  00  01T07BM000  1.000
LYS01A0209_016  0.000-10.09  2.16  1.41  0.00 -6.52 0.501  00  01T0A2M000  1.000
LYS01A0209_017  0.000-10.10  0.30  4.24  0.00 -5.56 0.502  00  01T0B2M000  1.000
LYS01A0209_018  0.000 -7.47  1.56  2.05  0.00 -3.86 0.501  00  01T0F2M000  1.000
LYS01A0209_019  0.000-10.40  1.23  3.79  0.00 -5.37 0.502  00  01T143M000  1.000
LYS01A0209_020  0.000 -7.50  1.92  4.88  0.00 -0.71 0.501  00  01T163M000  1.000
LYS+1A0209_021  1.000-12.29  0.38  0.81  0.00-11.11 0.502  00  +1O000M000  1.000
LYS+1A0209_022  1.000-11.23  2.25  1.42  0.00 -7.57 0.501  00  +1E010M000  1.000
LYS+1A0209_023  1.000-10.44  2.11  1.44  0.00 -6.89 0.501  00  +1E024M000  1.000
LYS+1A0209_024  1.000-10.35  5.38  3.65  0.00 -1.32 0.501  00  +1E02BM000  1.000
LYS+1A0209_025  1.000-10.33  0.69  1.50  0.00 -8.14 0.501  00  +1E047M000  1.000
LYS+1A0209_026  1.000-11.27  2.07  3.60  0.00 -5.60 0.502  00  +1E06BM000  1.000
LYS+1A0209_027  1.000-12.10  1.58  3.64  0.00 -6.88 0.501  00  +1E07BM000  1.000
LYS+1A0209_028  1.000-10.16  2.17  1.41  0.00 -6.58 0.501  00  +1E0A2M000  1.000
LYS+1A0209_029  1.000-10.48  2.22  4.21  0.00 -4.06 0.502  00  +1E0A3M000  1.000
LYS+1A0209_030  1.000 -9.56  0.99  3.65  0.00 -4.92 0.501  00  +1E0BEM000  1.000
LYS+1A0209_031  1.000 -7.49  1.65  2.05  0.00 -3.78 0.501  00  +1E0F2M000  1.000
LYS+1A0209_032  1.000-10.51  2.23  4.27  0.00 -4.00 0.501  00  +1E122M000  1.000
LYS+1A0209_033  1.000-10.41  1.22  3.79  0.00 -5.39 0.502  00  +1E143M000  1.000
LYS+1A0209_034  1.000 -9.21  0.40  4.31  0.00 -4.49 0.502  00  +1E151M000  1.000
LYS+1A0209_035  1.000 -9.08  2.04  4.31  0.00 -2.73 0.501  00  +1E168M000  1.000
LYS+1A0209_036  1.000-11.64  2.26  4.27  0.00 -5.12 0.502  00  +1T03FM000  1.000
LYS+1A0209_037  1.000-10.09  0.30  4.24  0.00 -5.55 0.502  00  +1T0B2M000  1.000
LYS+1A0209_038  1.000 -9.26  0.27  1.53  0.00 -7.46 0.502  00  +1T105M000  1.000
LYS+1A0209_039  1.000 -7.50  1.90  4.88  0.00 -0.72 0.501  00  +1T163M000  1.000
LYS+1A0209_040  1.000 -8.86  1.97  4.32  0.00 -2.58 0.501  00  +1T166M000  1.000
