iConf CONFORMER     FL  occ    crg   Em0  pKa0 ne nH    vdw0    vdw1    tors    epol   dsolv   extra    history
00001 LYS01A0209_001 f 0.00  0.000     0  0.00  0  0 -12.250   0.499   0.808  -0.015  -0.034   0.000 01O000M000t
00002 LYS01A0209_002 f 0.00  0.000     0  0.00  0  0 -11.230   2.232   1.415   0.005  -0.001   0.000 01E010M000t
00003 LYS01A0209_003 f 0.00  0.000     0  0.00  0  0 -10.449   2.155   1.438  -0.001   0.027   0.000 01E024M000t
00004 LYS01A0209_004 f 0.00  0.000     0  0.00  0  0 -10.306   5.439   3.650  -0.009  -0.064   0.000 01E02BM000t
00005 LYS01A0209_005 f 0.00  0.000     0  0.00  0  0 -10.432   2.203   4.205   0.004  -0.114   0.000 01E0A3M000t
00006 LYS01A0209_006 f 0.00  0.000     0  0.00  0  0  -9.448   1.051   3.647  -0.033   0.097   0.000 01E0BEM000t
00007 LYS01A0209_007 f 0.00  0.000     0  0.00  0  0  -9.191   0.357   1.524  -0.011   0.158   0.000 01E105M000t
00008 LYS01A0209_008 f 0.00  0.000     0  0.00  0  0 -10.431   2.209   4.275  -0.032   0.045   0.000 01E122M000t
00009 LYS01A0209_009 f 0.00  0.000     0  0.00  0  0  -9.152   0.454   4.314  -0.034  -0.060   0.000 01E151M000t
00010 LYS01A0209_010 f 0.00  0.000     0  0.00  0  0  -8.796   1.959   4.315  -0.010   0.088   0.000 01E166M000t
00011 LYS01A0209_011 f 0.00  0.000     0  0.00  0  0  -8.962   2.045   4.305  -0.015  -0.214   0.000 01E168M000t
00012 LYS01A0209_012 f 0.00  0.000     0  0.00  0  0 -11.595   2.261   4.266  -0.033   0.039   0.000 01T03FM000t
00013 LYS01A0209_013 f 0.00  0.000     0  0.00  0  0 -10.307   0.727   1.497  -0.014  -0.155   0.000 01T047M000t
00014 LYS01A0209_014 f 0.00  0.000     0  0.00  0  0 -11.221   2.127   3.603   0.003   0.016   0.000 01T06BM000t
00015 LYS01A0209_015 f 0.00  0.000     0  0.00  0  0 -12.045   1.641   3.638  -0.039   0.090   0.000 01T07BM000t
00016 LYS01A0209_016 f 0.00  0.000     0  0.00  0  0 -10.089   2.162   1.414   0.000   0.108   0.000 01T0A2M000t
00017 LYS01A0209_017 f 0.00  0.000     0  0.00  0  0 -10.109   0.426   4.241  -0.022  -0.095   0.000 01T0B2M000t
00018 LYS01A0209_018 f 0.00  0.000     0  0.00  0  0  -7.514   1.631   2.048   0.287   0.123   0.000 01T0F2M000t
00019 LYS01A0209_019 f 0.00  0.000     0  0.00  0  0 -10.393   1.281   3.794  -0.030   0.021   0.000 01T143M000t
00020 LYS01A0209_020 f 0.00  0.000     0  0.00  0  0  -7.452   1.916   4.878   0.041   0.026   0.000 01T163M000t
00021 LYS+1A0209_021 f 0.00  1.000     0 10.40  0  1 -12.295   0.499   0.808   0.056  -0.435   0.000 +1O000M000t
00022 LYS+1A0209_022 f 0.00  1.000     0 10.40  0  1 -11.232   2.243   1.416  -0.021  -0.230   0.000 +1E010M000t
00023 LYS+1A0209_023 f 0.00  1.000     0 10.40  0  1 -10.440   2.161   1.438   0.004  -0.250   0.000 +1E024M000t
00024 LYS+1A0209_024 f 0.00  1.000     0 10.40  0  1 -10.351   5.435   3.651   0.040  -0.142   0.000 +1E02BM000t
00025 LYS+1A0209_025 f 0.00  1.000     0 10.40  0  1 -10.334   0.736   1.498   0.079  -0.505   0.000 +1E047M000t
00026 LYS+1A0209_026 f 0.00  1.000     0 10.40  0  1 -11.276   2.127   3.603  -0.013  -0.226   0.000 +1E06BM000t
00027 LYS+1A0209_027 f 0.00  1.000     0 10.40  0  1 -12.099   1.645   3.640   0.185  -0.324   0.000 +1E07BM000t
00028 LYS+1A0209_028 f 0.00  1.000     0 10.40  0  1 -10.161   2.163   1.414  -0.047  -0.203   0.000 +1E0A2M000t
00029 LYS+1A0209_029 f 0.00  1.000     0 10.40  0  1 -10.484   2.215   4.208  -0.018  -0.390   0.000 +1E0A3M000t
00030 LYS+1A0209_030 f 0.00  1.000     0 10.40  0  1  -9.565   1.047   3.650   0.140  -0.243   0.000 +1E0BEM000t
00031 LYS+1A0209_031 f 0.00  1.000     0 10.40  0  1  -7.500   1.721   2.051   0.728   0.797   0.000 +1E0F2M000t
00032 LYS+1A0209_032 f 0.00  1.000     0 10.40  0  1 -10.509   2.234   4.272   0.174   0.094   0.000 +1E122M000t
00033 LYS+1A0209_033 f 0.00  1.000     0 10.40  0  1 -10.405   1.270   3.795   0.154  -0.301   0.000 +1E143M000t
00034 LYS+1A0209_034 f 0.00  1.000     0 10.40  0  1  -9.209   0.450   4.314  -0.014   0.092   0.000 +1E151M000t
00035 LYS+1A0209_035 f 0.00  1.000     0 10.40  0  1  -9.084   2.042   4.309   0.050  -0.407   0.000 +1E168M000t
00036 LYS+1A0209_036 f 0.00  1.000     0 10.40  0  1 -11.642   2.262   4.266   0.167  -0.266   0.000 +1T03FM000t
00037 LYS+1A0209_037 f 0.00  1.000     0 10.40  0  1 -10.092   0.422   4.241   0.019  -0.100   0.000 +1T0B2M000t
00038 LYS+1A0209_038 f 0.00  1.000     0 10.40  0  1  -9.251   0.335   1.526   0.412   0.433   0.000 +1T105M000t
00039 LYS+1A0209_039 f 0.00  1.000     0 10.40  0  1  -7.508   1.907   4.880  -0.196  -0.179   0.000 +1T163M000t
00040 LYS+1A0209_040 f 0.00  1.000     0 10.40  0  1  -8.860   1.960   4.316   0.129  -0.005   0.000 +1T166M000t
