   confID        vdw0    sas     sum
LYS01A0209_001   0.544 -12.794 -12.250
LYS01A0209_002   1.148 -12.379 -11.230
LYS01A0209_003   1.606 -12.054 -10.449
LYS01A0209_004   1.713 -12.019 -10.306
LYS01A0209_005   1.684 -12.115 -10.432
LYS01A0209_006   2.579 -12.027  -9.448
LYS01A0209_007   2.968 -12.160  -9.191
LYS01A0209_008   2.300 -12.731 -10.431
LYS01A0209_009   2.922 -12.075  -9.152
LYS01A0209_010   2.902 -11.698  -8.796
LYS01A0209_011   2.818 -11.780  -8.962
LYS01A0209_012   1.403 -12.997 -11.595
LYS01A0209_013   2.126 -12.434 -10.307
LYS01A0209_014   1.077 -12.299 -11.221
LYS01A0209_015   0.923 -12.968 -12.045
LYS01A0209_016   1.969 -12.058 -10.089
LYS01A0209_017   2.428 -12.537 -10.109
LYS01A0209_018   4.775 -12.289  -7.514
LYS01A0209_019   2.202 -12.595 -10.393
LYS01A0209_020   4.837 -12.289  -7.452
LYS+1A0209_021   0.499 -12.794 -12.295
LYS+1A0209_022   1.108 -12.340 -11.232
LYS+1A0209_023   1.562 -12.003 -10.440
LYS+1A0209_024   1.668 -12.019 -10.351
LYS+1A0209_025   2.099 -12.434 -10.334
LYS+1A0209_026   1.023 -12.299 -11.276
LYS+1A0209_027   0.869 -12.968 -12.099
LYS+1A0209_028   1.897 -12.058 -10.161
LYS+1A0209_029   1.631 -12.115 -10.484
LYS+1A0209_030   2.462 -12.027  -9.565
LYS+1A0209_031   4.674 -12.173  -7.500
LYS+1A0209_032   2.274 -12.783 -10.509
LYS+1A0209_033   2.151 -12.557 -10.405
LYS+1A0209_034   2.866 -12.075  -9.209
LYS+1A0209_035   2.748 -11.832  -9.084
LYS+1A0209_036   1.356 -12.997 -11.642
LYS+1A0209_037   2.381 -12.473 -10.092
LYS+1A0209_038   2.908 -12.160  -9.251
LYS+1A0209_039   4.778 -12.286  -7.508
LYS+1A0209_040   2.837 -11.698  -8.860
