CONFORMER         crg  vdw0  vdw1  tors  epol  self   occ  Hb     history    ASA
TYR01A0182_001  0.000-10.69  1.92  0.15  0.00 -8.62 0.544  00  01O000M000  1.000
TYR01A0182_002  0.000-11.08  1.06  0.14  0.00 -9.88 0.544  00  01E005M000  1.000
TYR01A0182_003  0.000-10.92  1.61  2.64  0.00 -6.66 0.539  00  01E00AM000  1.000
TYR01A0182_004  0.000-10.99  2.60  0.12  0.00 -8.27 0.542  00  01E004M000  1.000
TYR01A0182_005  0.000-11.17  2.24  0.13  0.00 -8.80 0.536  00  01T006M000  1.000
TYR01A0182_006  0.000-10.99  6.11  2.64  0.00 -2.24 0.540  00  01T001M000  1.000
TYR01A0182_007  0.000-11.09  1.71  2.64  0.00 -6.74 0.546  00  01T003M000  1.000
TYR01A0182_008  0.000-10.99  5.34  2.65  0.00 -3.00 0.547  00  01T007M000  1.000
TYR01A0182_009  0.000-10.75  0.21  0.14  0.00-10.40 0.538  00  01T008M000  1.000
TYR01A0182_010  0.000-11.07  3.55  2.64  0.00 -4.87 0.541  00  01T009M000  1.000
TYR01A0182_011  0.000-10.76  0.33  0.14  0.00-10.29 0.541  00  01T002M000  1.000
TYR01A0182_012  0.000-11.28  2.85  2.64  0.00 -5.80 0.542  00  01T00BM000  1.000
TYR-1A0182_013 -1.000-10.69  1.92  0.15  0.00 -8.62 0.544  00  -1O000M000  1.000
TYR-1A0182_014 -1.000-11.11  6.13  2.64  0.00 -2.35 0.540  00  -1E001M000  1.000
TYR-1A0182_015 -1.000-10.59  0.33  0.13  0.00-10.13 0.541  00  -1E002M000  1.000
TYR-1A0182_016 -1.000-11.21  1.71  2.64  0.00 -6.86 0.546  00  -1E003M000  1.000
TYR-1A0182_017 -1.000-11.04  2.60  0.12  0.00 -8.32 0.542  00  -1E004M000  1.000
TYR-1A0182_018 -1.000-11.32  2.05  0.13  0.00 -9.14 0.536  00  -1E006M000  1.000
TYR-1A0182_019 -1.000-10.89  0.22  0.13  0.00-10.53 0.538  00  -1E008M000  1.000
TYR-1A0182_020 -1.000-11.10  3.60  2.64  0.00 -4.86 0.541  00  -1E009M000  1.000
TYR-1A0182_021 -1.000-11.13  2.90  2.64  0.00 -5.60 0.542  00  -1E00BM000  1.000
TYR-1A0182_022 -1.000-10.97  1.06  0.14  0.00 -9.77 0.544  00  -1T005M000  1.000
TYR-1A0182_023 -1.000-10.99  5.34  2.64  0.00 -3.01 0.547  00  -1T007M000  1.000
TYR-1A0182_024 -1.000-10.90  1.61  2.64  0.00 -6.65 0.539  00  -1T00AM000  1.000
