   confID        vdw0    sas     sum
TYR01A0182_001   3.605 -14.292 -10.687
TYR01A0182_002   3.637 -14.723 -11.086
TYR01A0182_003   3.630 -14.600 -10.970
TYR01A0182_004   3.528 -14.520 -10.992
TYR01A0182_005   3.552 -14.673 -11.120
TYR01A0182_006   3.610 -14.550 -10.940
TYR01A0182_007   3.610 -14.695 -11.084
TYR01A0182_008   3.638 -14.625 -10.987
TYR01A0182_009   3.634 -14.377 -10.744
TYR01A0182_010   3.539 -14.598 -11.059
TYR01A0182_011   3.607 -14.368 -10.761
TYR01A0182_012   3.558 -14.791 -11.233
TYR-1A0182_013   3.605 -14.292 -10.687
TYR-1A0182_014   3.612 -14.720 -11.108
TYR-1A0182_015   3.605 -14.199 -10.594
TYR-1A0182_016   3.600 -14.813 -11.213
TYR-1A0182_017   3.530 -14.571 -11.041
TYR-1A0182_018   3.552 -14.875 -11.322
TYR-1A0182_019   3.626 -14.513 -10.887
TYR-1A0182_020   3.538 -14.632 -11.093
TYR-1A0182_021   3.555 -14.689 -11.134
TYR-1A0182_022   3.633 -14.555 -10.922
TYR-1A0182_023   3.635 -14.625 -10.990
TYR-1A0182_024   3.627 -14.482 -10.855
