iConf CONFORMER     FL  occ    crg   Em0  pKa0 ne nH    vdw0    vdw1    tors    epol   dsolv   extra    history
00001 LYS01A0159_001 f 0.00  0.000     0  0.00  0  0 -11.776   0.819   0.898  -0.008  -0.029   0.000 01O000M000t
00002 LYS01A0159_002 f 0.00  0.000     0  0.00  0  0 -10.723   0.742   0.903  -0.007  -0.007   0.000 01E014M000t
00003 LYS01A0159_003 f 0.00  0.000     0  0.00  0  0 -10.610   1.625   0.889  -0.015  -0.032   0.000 01E01BM000t
00004 LYS01A0159_004 f 0.00  0.000     0  0.00  0  0 -11.821   0.827   3.616  -0.010  -0.055   0.000 01E04DM000t
00005 LYS01A0159_005 f 0.00  0.000     0  0.00  0  0 -11.616   0.817   3.611  -0.009  -0.128   0.000 01E051M000t
00006 LYS01A0159_006 f 0.00  0.000     0  0.00  0  0 -10.703   5.887   3.429  -0.027   0.107   0.000 01E05AM000t
00007 LYS01A0159_007 f 0.00  0.000     0  0.00  0  0 -11.721   1.121   6.238  -0.010  -0.001   0.000 01E05FM000t
00008 LYS01A0159_008 f 0.00  0.000     0  0.00  0  0 -11.954   2.110   3.713  -0.010  -0.151   0.000 01E067M000t
00009 LYS01A0159_009 f 0.00  0.000     0  0.00  0  0 -11.794   2.412   6.324  -0.007   0.016   0.000 01E087M000t
00010 LYS01A0159_010 f 0.00  0.000     0  0.00  0  0  -9.754   0.775   1.519  -0.009   0.028   0.000 01E09BM000t
00011 LYS01A0159_011 f 0.00  0.000     0  0.00  0  0  -9.795   1.620   3.699  -0.014  -0.138   0.000 01E0A6M000t
00012 LYS01A0159_012 f 0.00  0.000     0  0.00  0  0  -9.818   0.824   4.350  -0.016  -0.041   0.000 01E0E8M000t
00013 LYS01A0159_013 f 0.00  0.000     0  0.00  0  0  -8.435   0.996   4.913  -0.013   0.086   0.000 01E0EBM000t
00014 LYS01A0159_014 f 0.00  0.000     0  0.00  0  0 -10.423   0.973   1.597  -0.010  -0.111   0.000 01T02CM000t
00015 LYS01A0159_015 f 0.00  0.000     0  0.00  0  0  -5.643   1.672   3.595  -0.009   0.025   0.000 01T056M000t
00016 LYS01A0159_016 f 0.00  0.000     0  0.00  0  0 -10.404   0.951   1.527  -0.017  -0.059   0.000 01T06CM000t
00017 LYS01A0159_017 f 0.00  0.000     0  0.00  0  0 -11.849   2.628   6.297  -0.006  -0.024   0.000 01T086M000t
00018 LYS01A0159_018 f 0.00  0.000     0  0.00  0  0  -9.863   1.690   4.288  -0.011   0.027   0.000 01T0AAM000t
00019 LYS01A0159_019 f 0.00  0.000     0  0.00  0  0  -9.729   0.840   3.535  -0.038   0.148   0.000 01T0C2M000t
00020 LYS01A0159_020 f 0.00  0.000     0  0.00  0  0  -8.596   2.040   4.948  -0.009  -0.020   0.000 01T0FAM000t
00021 LYS+1A0159_021 f 0.00  1.000     0 10.40  0  1 -11.821   0.819   0.898   0.038  -0.288   0.000 +1O000M000t
00022 LYS+1A0159_022 f 0.00  1.000     0 10.40  0  1 -10.460   0.970   1.597   0.022  -0.115   0.000 +1E02CM000t
00023 LYS+1A0159_023 f 0.00  1.000     0 10.40  0  1 -11.871   0.830   3.620   0.032  -0.206   0.000 +1E04DM000t
00024 LYS+1A0159_024 f 0.00  1.000     0 10.40  0  1 -11.604   0.823   3.625   0.057  -0.129   0.000 +1E051M000t
00025 LYS+1A0159_025 f 0.00  1.000     0 10.40  0  1 -10.704   5.897   3.429  -0.023  -0.071   0.000 +1E05AM000t
00026 LYS+1A0159_026 f 0.00  1.000     0 10.40  0  1 -11.771   1.121   6.239  -0.009  -0.174   0.000 +1E05FM000t
00027 LYS+1A0159_027 f 0.00  1.000     0 10.40  0  1 -11.870   2.127   3.715   0.086  -0.318   0.000 +1E067M000t
00028 LYS+1A0159_028 f 0.00  1.000     0 10.40  0  1 -11.841   2.426   6.326   0.046  -0.382   0.000 +1E087M000t
00029 LYS+1A0159_029 f 0.00  1.000     0 10.40  0  1  -9.765   0.772   1.518   0.049   0.026   0.000 +1E09BM000t
00030 LYS+1A0159_030 f 0.00  1.000     0 10.40  0  1  -9.993   1.694   4.292   0.054  -0.574   0.000 +1E0AAM000t
00031 LYS+1A0159_031 f 0.00  1.000     0 10.40  0  1  -9.703   0.825   3.541  -0.029   0.242   0.000 +1E0C2M000t
00032 LYS+1A0159_032 f 0.00  1.000     0 10.40  0  1  -9.869   0.814   4.353   0.095  -0.099   0.000 +1E0E8M000t
00033 LYS+1A0159_033 f 0.00  1.000     0 10.40  0  1  -8.662   2.037   4.948   0.059  -0.222   0.000 +1E0FAM000t
00034 LYS+1A0159_034 f 0.00  1.000     0 10.40  0  1 -10.769   0.744   0.905   0.031  -0.375   0.000 +1T014M000t
00035 LYS+1A0159_035 f 0.00  1.000     0 10.40  0  1 -10.615   1.625   0.891   0.063  -0.219   0.000 +1T01BM000t
00036 LYS+1A0159_036 f 0.00  1.000     0 10.40  0  1  -5.702   1.657   3.597   0.082   0.029   0.000 +1T056M000t
00037 LYS+1A0159_037 f 0.00  1.000     0 10.40  0  1 -10.457   0.951   1.527   0.062  -0.037   0.000 +1T06CM000t
00038 LYS+1A0159_038 f 0.00  1.000     0 10.40  0  1 -11.764   2.628   6.316  -0.033  -0.176   0.000 +1T086M000t
00039 LYS+1A0159_039 f 0.00  1.000     0 10.40  0  1  -9.835   1.632   3.702   0.081  -0.090   0.000 +1T0A6M000t
00040 LYS+1A0159_040 f 0.00  1.000     0 10.40  0  1  -8.541   0.994   4.917   0.050  -0.129   0.000 +1T0EBM000t
