CONFORMER         crg  vdw0  vdw1  tors  epol  self   occ  Hb     history    ASA
LYS01A0086_001  0.000 -9.83  0.27  0.97  0.00 -8.58 0.501  00  01O000M000  1.000
LYS01A0086_002  0.000 -8.36  2.51  1.54  0.00 -4.31 0.501  00  01E01EM000  1.000
LYS01A0086_003  0.000 -9.32  0.57  1.56  0.00 -7.19 0.501  00  01E05AM000  1.000
LYS01A0086_004  0.000-10.91  2.00  3.60  0.00 -5.31 0.501  00  01E05DM000  1.000
LYS01A0086_005  0.000-10.74  2.85  3.46  0.00 -4.42 0.502  00  01E06FM000  1.000
LYS01A0086_006  0.000-10.61  1.89  4.17  0.00 -4.55 0.502  00  01E078M000  1.000
LYS01A0086_007  0.000-10.69  0.97  4.09  0.00 -5.62 0.501  00  01E0C0M000  1.000
LYS01A0086_008  0.000 -9.31  3.93  4.32  0.00 -1.05 0.502  00  01E0E8M000  1.000
LYS01A0086_009  0.000 -9.25  1.16  4.30  0.00 -3.78 0.502  00  01E10DM000  1.000
LYS01A0086_010  0.000 -8.81  2.87  1.46  0.00 -4.47 0.502  00  01T00DM000  1.000
LYS01A0086_011  0.000-11.01  2.18  3.38  0.00 -5.45 0.502  00  01T04FM000  1.000
LYS01A0086_012  0.000 -8.91  2.49  1.55  0.00 -4.87 0.501  00  01T06EM000  1.000
LYS01A0086_013  0.000-10.45  4.51  3.66  0.00 -2.29 0.501  00  01T0AEM000  1.000
LYS01A0086_014  0.000 -7.62  0.77  3.42  0.00 -3.42 0.502  00  01T0C6M000  1.000
LYS01A0086_015  0.000 -7.47  0.62  4.91  0.00 -1.94 0.501  00  01T0D0M000  1.000
LYS01A0086_016  0.000 -7.85  1.65  0.87  0.00 -5.34 0.502  00  01T0E1M000  1.000
LYS01A0086_017  0.000 -8.45  3.00  1.61  0.00 -3.83 0.501  00  01T0E9M000  1.000
LYS01A0086_018  0.000-10.02  3.12  3.94  0.00 -2.95 0.501  00  01T119M000  1.000
LYS01A0086_019  0.000 -8.04  3.16  2.12  0.00 -2.76 0.502  00  01T120M000  1.000
LYS01A0086_020  0.000-10.01  2.58  4.32  0.00 -3.11 0.502  00  01T127M000  1.000
LYS+1A0086_021  1.000 -9.89  0.27  0.97  0.00 -8.65 0.501  00  +1O000M000  1.000
LYS+1A0086_022  1.000 -8.83  2.93  1.47  0.00 -4.43 0.502  00  +1E00DM000  1.000
LYS+1A0086_023  1.000-10.94  2.23  3.44  0.00 -5.26 0.502  00  +1E04FM000  1.000
LYS+1A0086_024  1.000-11.03  2.05  3.62  0.00 -5.36 0.501  00  +1E05DM000  1.000
LYS+1A0086_025  1.000-10.78  2.83  3.55  0.00 -4.40 0.502  00  +1E06FM000  1.000
LYS+1A0086_026  1.000-10.67  0.98  4.09  0.00 -5.60 0.501  00  +1E0C0M000  1.000
LYS+1A0086_027  1.000 -7.62  0.76  3.43  0.00 -3.43 0.502  00  +1E0C6M000  1.000
LYS+1A0086_028  1.000 -7.56  0.62  4.92  0.00 -2.02 0.501  00  +1E0D0M000  1.000
LYS+1A0086_029  1.000 -8.49  3.07  1.62  0.00 -3.80 0.501  00  +1E0E9M000  1.000
LYS+1A0086_030  1.000 -9.28  1.16  4.34  0.00 -3.79 0.502  00  +1E10DM000  1.000
LYS+1A0086_031  1.000 -8.13  3.22  2.13  0.00 -2.78 0.502  00  +1E120M000  1.000
LYS+1A0086_032  1.000-10.09  2.66  4.31  0.00 -3.11 0.502  00  +1E127M000  1.000
LYS+1A0086_033  1.000 -8.48  2.52  1.55  0.00 -4.42 0.501  00  +1T01EM000  1.000
LYS+1A0086_034  1.000 -9.38  0.56  1.56  0.00 -7.26 0.501  00  +1T05AM000  1.000
LYS+1A0086_035  1.000 -9.02  2.50  1.55  0.00 -4.98 0.501  00  +1T06EM000  1.000
LYS+1A0086_036  1.000-10.67  1.90  4.17  0.00 -4.60 0.502  00  +1T078M000  1.000
LYS+1A0086_037  1.000-10.43  4.50  3.66  0.00 -2.27 0.501  00  +1T0AEM000  1.000
LYS+1A0086_038  1.000 -7.84  1.64  0.87  0.00 -5.34 0.502  00  +1T0E1M000  1.000
LYS+1A0086_039  1.000 -9.36  4.08  4.33  0.00 -0.95 0.502  00  +1T0E8M000  1.000
LYS+1A0086_040  1.000-10.05  3.13  3.97  0.00 -2.95 0.501  00  +1T119M000  1.000
