iConf CONFORMER     FL  occ    crg   Em0  pKa0 ne nH    vdw0    vdw1    tors    epol   dsolv   extra    history
00001 LYS01A0086_001 f 0.00  0.000     0  0.00  0  0  -9.834   0.273   0.974  -0.010   0.133   0.000 01O000M000t
00002 LYS01A0086_002 f 0.00  0.000     0  0.00  0  0  -8.363   2.502   1.544  -0.024  -0.087   0.000 01E01EM000t
00003 LYS01A0086_003 f 0.00  0.000     0  0.00  0  0  -9.313   0.567   1.557  -0.002   0.104   0.000 01E05AM000t
00004 LYS01A0086_004 f 0.00  0.000     0  0.00  0  0 -10.905   1.990   3.597  -0.009  -0.019   0.000 01E05DM000t
00005 LYS01A0086_005 f 0.00  0.000     0  0.00  0  0 -10.791   2.862   3.465   0.012   0.119   0.000 01E06FM000t
00006 LYS01A0086_006 f 0.00  0.000     0  0.00  0  0 -10.614   1.889   4.172  -0.012  -0.065   0.000 01E078M000t
00007 LYS01A0086_007 f 0.00  0.000     0  0.00  0  0 -10.686   0.973   4.090  -0.011  -0.126   0.000 01E0C0M000t
00008 LYS01A0086_008 f 0.00  0.000     0  0.00  0  0  -9.313   3.940   4.325  -0.030  -0.100   0.000 01E0E8M000t
00009 LYS01A0086_009 f 0.00  0.000     0  0.00  0  0  -9.240   1.162   4.302  -0.018   0.005   0.000 01E10DM000t
00010 LYS01A0086_010 f 0.00  0.000     0  0.00  0  0  -8.809   2.876   1.465  -0.024   0.013   0.000 01T00DM000t
00011 LYS01A0086_011 f 0.00  0.000     0  0.00  0  0 -11.006   2.180   3.376  -0.006  -0.211   0.000 01T04FM000t
00012 LYS01A0086_012 f 0.00  0.000     0  0.00  0  0  -8.870   2.488   1.549  -0.032   0.166   0.000 01T06EM000t
00013 LYS01A0086_013 f 0.00  0.000     0  0.00  0  0 -10.402   4.510   3.657  -0.020   0.068   0.000 01T0AEM000t
00014 LYS01A0086_014 f 0.00  0.000     0  0.00  0  0  -7.608   0.769   3.422  -0.009   0.098   0.000 01T0C6M000t
00015 LYS01A0086_015 f 0.00  0.000     0  0.00  0  0  -7.468   0.619   4.912  -0.009   0.088   0.000 01T0D0M000t
00016 LYS01A0086_016 f 0.00  0.000     0  0.00  0  0  -7.852   1.642   0.866  -0.046   0.124   0.000 01T0E1M000t
00017 LYS01A0086_017 f 0.00  0.000     0  0.00  0  0  -8.453   3.011   1.614  -0.030   0.113   0.000 01T0E9M000t
00018 LYS01A0086_018 f 0.00  0.000     0  0.00  0  0 -10.022   3.123   3.944  -0.023   0.067   0.000 01T119M000t
00019 LYS01A0086_019 f 0.00  0.000     0  0.00  0  0  -8.049   3.168   2.121  -0.007  -0.018   0.000 01T120M000t
00020 LYS01A0086_020 f 0.00  0.000     0  0.00  0  0 -10.010   2.575   4.317   0.036  -0.101   0.000 01T127M000t
00021 LYS+1A0086_021 f 0.00  1.000     0 10.40  0  1  -9.896   0.268   0.974   0.085   0.033   0.000 +1O000M000t
00022 LYS+1A0086_022 f 0.00  1.000     0 10.40  0  1  -8.828   2.926   1.472  -0.055   0.128   0.000 +1E00DM000t
00023 LYS+1A0086_023 f 0.00  1.000     0 10.40  0  1 -10.935   2.240   3.441   0.020  -0.235   0.000 +1E04FM000t
00024 LYS+1A0086_024 f 0.00  1.000     0 10.40  0  1 -11.032   2.045   3.616   0.097  -0.189   0.000 +1E05DM000t
00025 LYS+1A0086_025 f 0.00  1.000     0 10.40  0  1 -10.830   2.828   3.550  -0.162  -0.010   0.000 +1E06FM000t
00026 LYS+1A0086_026 f 0.00  1.000     0 10.40  0  1 -10.673   0.974   4.095   0.048  -0.188   0.000 +1E0C0M000t
00027 LYS+1A0086_027 f 0.00  1.000     0 10.40  0  1  -7.630   0.766   3.428   0.139   0.363   0.000 +1E0C6M000t
00028 LYS+1A0086_028 f 0.00  1.000     0 10.40  0  1  -7.591   0.616   4.924   0.049  -0.166   0.000 +1E0D0M000t
00029 LYS+1A0086_029 f 0.00  1.000     0 10.40  0  1  -8.522   3.067   1.623   0.134   0.251   0.000 +1E0E9M000t
00030 LYS+1A0086_030 f 0.00  1.000     0 10.40  0  1  -9.245   1.165   4.336   0.078  -0.206   0.000 +1E10DM000t
00031 LYS+1A0086_031 f 0.00  1.000     0 10.40  0  1  -8.127   3.220   2.130   0.024  -0.262   0.000 +1E120M000t
00032 LYS+1A0086_032 f 0.00  1.000     0 10.40  0  1 -10.087   2.659   4.311  -0.149  -0.376   0.000 +1E127M000t
00033 LYS+1A0086_033 f 0.00  1.000     0 10.40  0  1  -8.470   2.508   1.545   0.089   0.339   0.000 +1T01EM000t
00034 LYS+1A0086_034 f 0.00  1.000     0 10.40  0  1  -9.377   0.566   1.557   0.083  -0.001   0.000 +1T05AM000t
00035 LYS+1A0086_035 f 0.00  1.000     0 10.40  0  1  -9.016   2.505   1.547  -0.073   0.106   0.000 +1T06EM000t
00036 LYS+1A0086_036 f 0.00  1.000     0 10.40  0  1 -10.665   1.893   4.174  -0.004  -0.423   0.000 +1T078M000t
00037 LYS+1A0086_037 f 0.00  1.000     0 10.40  0  1 -10.432   4.507   3.656   0.093  -0.141   0.000 +1T0AEM000t
00038 LYS+1A0086_038 f 0.00  1.000     0 10.40  0  1  -7.836   1.638   0.867   0.156   0.281   0.000 +1T0E1M000t
00039 LYS+1A0086_039 f 0.00  1.000     0 10.40  0  1  -9.354   4.080   4.329   0.132  -0.210   0.000 +1T0E8M000t
00040 LYS+1A0086_040 f 0.00  1.000     0 10.40  0  1 -10.046   3.130   3.967   0.062  -0.146   0.000 +1T119M000t
