   confID        vdw0    sas     sum
LYS01A0086_001   2.604 -12.438  -9.834
LYS01A0086_002   3.165 -11.528  -8.363
LYS01A0086_003   2.952 -12.265  -9.313
LYS01A0086_004   1.632 -12.537 -10.905
LYS01A0086_005   1.573 -12.364 -10.791
LYS01A0086_006   1.624 -12.238 -10.614
LYS01A0086_007   1.944 -12.630 -10.686
LYS01A0086_008   2.993 -12.306  -9.313
LYS01A0086_009   2.756 -11.996  -9.240
LYS01A0086_010   3.407 -12.216  -8.809
LYS01A0086_011   1.699 -12.704 -11.006
LYS01A0086_012   2.861 -11.731  -8.870
LYS01A0086_013   1.668 -12.070 -10.402
LYS01A0086_014   4.490 -12.098  -7.608
LYS01A0086_015   4.902 -12.370  -7.468
LYS01A0086_016   4.150 -12.001  -7.852
LYS01A0086_017   3.664 -12.117  -8.453
LYS01A0086_018   2.370 -12.392 -10.022
LYS01A0086_019   3.857 -11.906  -8.049
LYS01A0086_020   1.983 -11.993 -10.010
LYS+1A0086_021   2.543 -12.438  -9.896
LYS+1A0086_022   3.388 -12.216  -8.828
LYS+1A0086_023   1.666 -12.601 -10.935
LYS+1A0086_024   1.570 -12.602 -11.032
LYS+1A0086_025   1.560 -12.390 -10.830
LYS+1A0086_026   1.893 -12.566 -10.673
LYS+1A0086_027   4.417 -12.046  -7.630
LYS+1A0086_028   4.843 -12.434  -7.591
LYS+1A0086_029   3.634 -12.156  -8.522
LYS+1A0086_030   2.700 -11.945  -9.245
LYS+1A0086_031   3.831 -11.958  -8.127
LYS+1A0086_032   1.932 -12.019 -10.087
LYS+1A0086_033   3.058 -11.528  -8.470
LYS+1A0086_034   2.888 -12.265  -9.377
LYS+1A0086_035   2.821 -11.837  -9.016
LYS+1A0086_036   1.573 -12.238 -10.665
LYS+1A0086_037   1.639 -12.070 -10.432
LYS+1A0086_038   4.114 -11.950  -7.836
LYS+1A0086_039   2.952 -12.306  -9.354
LYS+1A0086_040   2.294 -12.341 -10.046
