CONFORMER         crg  vdw0  vdw1  tors  epol  self   occ  Hb     history    ASA
ASP01A0091_001  0.000 -4.51 10.18  2.97  0.00  8.64 0.000  00  01O000M000  1.000
ASP01A0091_002  0.000 -4.52  0.49  3.72  0.00 -0.31 0.585  00  01E002M000  1.000
ASP01A0091_003  0.000 -4.72  0.35  3.72  0.00 -0.66 0.582  00  01E005M000  1.000
ASP01A0091_004  0.000 -4.55 10.18  0.25  0.00  5.88 0.000  00  01O000M000  1.009
ASP01A0091_005  0.000 -4.63  0.98  3.80  0.00  0.15 0.581  00  01E004M000  1.000
ASP01A0091_006  0.000 -4.78  1.68  2.92  0.00 -0.17 0.585  00  01T001M000  1.021
ASP01A0091_007  0.000 -4.63  0.97  6.52  0.00  2.87 0.581  00  01T004M000  1.000
ASP01A0091_008  0.000 -4.75  1.39  2.89  0.00 -0.47 0.581  00  01T006M000  1.010
ASP01A0091_009  0.000 -4.78  1.68  0.20  0.00 -2.89 0.585  00  01T001M000  1.021
ASP01A0091_010  0.000 -4.52  0.49  1.00  0.00 -3.03 0.585  00  01T002M000  1.000
ASP01A0091_011  0.000 -4.75  1.39  0.17  0.00 -3.19 0.581  00  01T006M000  1.010
ASP02A0091_012  0.000 -4.38  7.92  2.97  0.00  6.51 0.000  00  02O000M000  1.003
ASP02A0091_013  0.000 -4.63  0.30  3.72  0.00 -0.61 0.582  00  02E005M000  1.000
ASP02A0091_014  0.000 -4.38  7.92  0.25  0.00  3.79 0.000  00  02O000M000  1.003
ASP02A0091_015  0.000 -4.54  0.98  3.80  0.00  0.24 0.581  00  02E004M000  1.000
ASP02A0091_016  0.000 -4.63  0.30  1.00  0.00 -3.33 0.582  00  02E005M000  1.000
ASP02A0091_017  0.000 -4.82  1.21  2.93  0.00 -0.67 0.585  00  02T001M000  1.017
ASP02A0091_018  0.000 -4.54  0.98  6.52  0.00  2.96 0.581  00  02T004M000  1.000
ASP02A0091_019  0.000 -4.38  0.50  3.72  0.00 -0.16 0.585  00  02T002M000  1.000
ASP02A0091_020  0.000 -4.68  0.30  3.72  0.00 -0.66 0.586  00  02T003M000  1.021
ASP02A0091_021  0.000 -4.44  0.50  1.00  0.00 -2.95 0.585  00  02T002M000  1.000
ASP02A0091_022  0.000 -4.68  0.30  1.00  0.00 -3.38 0.586  00  02T003M000  1.021
ASP-1A0091_023 -1.000 -4.39  7.94  0.25  0.00  3.80 0.000  00  -1O000M000  1.000
ASP-1A0091_024 -1.000 -4.39  0.44  1.00  0.00 -2.96 0.585  00  -1E002M000  1.000
ASP-1A0091_025 -1.000 -4.54  0.23  1.00  0.00 -3.31 0.586  00  -1E003M000  1.021
ASP-1A0091_026 -1.000 -4.51  0.98  3.80  0.00  0.27 0.581  00  -1E004M000  1.000
ASP-1A0091_027 -1.000 -4.64  1.35  0.17  0.00 -3.13 0.581  00  -1E006M000  1.010
