iConf CONFORMER     FL  occ    crg   Em0  pKa0 ne nH    vdw0    vdw1    tors    epol   dsolv   extra    history
00001 ASP01A0091_001 f 0.00  0.000     0  0.00  0  0  -4.514  10.183   2.972   0.088  -0.071   0.000 01O000M000t
00002 ASP01A0091_002 f 0.00  0.000     0  0.00  0  0  -4.523   0.490   3.720   0.637  -0.815   0.000 01E002M000t
00003 ASP01A0091_003 f 0.00  0.000     0  0.00  0  0  -4.724   0.348   3.720   0.291  -0.907   0.000 01E005M000t
00004 ASP01A0091_004 f 0.00  0.000     0  0.00  0  0  -4.552  10.183   0.249   0.324   0.154   0.000 01O000M000t
00005 ASP01A0091_005 f 0.00  0.000     0  0.00  0  0  -4.626   0.975   3.800   0.279   0.117   0.000 01E004M000t
00006 ASP01A0091_006 f 0.00  0.000     0  0.00  0  0  -4.779   1.689   2.924   1.047  -0.689   0.000 01T001M000t
00007 ASP01A0091_007 f 0.00  0.000     0  0.00  0  0  -4.626   0.974   6.520   0.343  -1.067   0.000 01T004M000t
00008 ASP01A0091_008 f 0.00  0.000     0  0.00  0  0  -4.747   1.393   2.885   0.141  -1.001   0.000 01T006M000t
00009 ASP01A0091_009 f 0.00  0.000     0  0.00  0  0  -4.779   1.689   0.204   0.379   0.097   0.000 01T001M000t
00010 ASP01A0091_010 f 0.00  0.000     0  0.00  0  0  -4.524   0.493   0.999   0.303   0.238   0.000 01T002M000t
00011 ASP01A0091_011 f 0.00  0.000     0  0.00  0  0  -4.747   1.393   0.165   0.136   0.166   0.000 01T006M000t
00012 ASP02A0091_012 f 0.00  0.000     0  0.00  0  0  -4.381   7.918   2.969   0.426  -0.734   0.000 02O000M000t
00013 ASP02A0091_013 f 0.00  0.000     0  0.00  0  0  -4.633   0.299   3.720   0.304  -0.836   0.000 02E005M000t
00014 ASP02A0091_014 f 0.00  0.000     0  0.00  0  0  -4.381   7.918   0.249   0.354   0.452   0.000 02O000M000t
00015 ASP02A0091_015 f 0.00  0.000     0  0.00  0  0  -4.540   0.977   3.800   0.304   0.380   0.000 02E004M000t
00016 ASP02A0091_016 f 0.00  0.000     0  0.00  0  0  -4.633   0.300   1.000   0.219   0.342   0.000 02E005M000t
00017 ASP02A0091_017 f 0.00  0.000     0  0.00  0  0  -4.816   1.211   2.935   0.331  -0.840   0.000 02T001M000t
00018 ASP02A0091_018 f 0.00  0.000     0  0.00  0  0  -4.540   0.979   6.520   0.461  -0.701   0.000 02T004M000t
00019 ASP02A0091_019 f 0.00  0.000     0  0.00  0  0  -4.376   0.497   3.720   0.319  -0.613   0.000 02T002M000t
00020 ASP02A0091_020 f 0.00  0.000     0  0.00  0  0  -4.679   0.293   3.720   0.767  -0.816   0.000 02T003M000t
00021 ASP02A0091_021 f 0.00  0.000     0  0.00  0  0  -4.445   0.496   0.999   0.267   0.446   0.000 02T002M000t
00022 ASP02A0091_022 f 0.00  0.000     0  0.00  0  0  -4.679   0.293   1.000   0.514   0.356   0.000 02T003M000t
00023 ASP-1A0091_023 f 0.00 -1.000     0  4.75  0 -1  -4.389   7.943   0.249  -0.118   0.549   0.000 -1O000M000t
00024 ASP-1A0091_024 f 0.00 -1.000     0  4.75  0 -1  -4.390   0.437   0.999  -0.228   0.335   0.000 -1E002M000t
00025 ASP-1A0091_025 f 0.00 -1.000     0  4.75  0 -1  -4.542   0.232   1.000  -0.590   0.151   0.000 -1E003M000t
00026 ASP-1A0091_026 f 0.00 -1.000     0  4.75  0 -1  -4.505   0.983   3.800  -0.309   0.051   0.000 -1E004M000t
00027 ASP-1A0091_027 f 0.00 -1.000     0  4.75  0 -1  -4.643   1.354   0.167  -0.374   0.264   0.000 -1E006M000t
