iConf CONFORMER     FL  occ    crg   Em0  pKa0 ne nH    vdw0    vdw1    tors    epol   dsolv   extra    history
00001 TYR01A0146_001 f 0.00  0.000     0  0.00  0  0  -9.396   1.368   0.171   0.170   0.015   0.000 01O000M000t
00002 TYR01A0146_002 f 0.00  0.000     0  0.00  0  0  -9.296   3.482   0.150   0.196   0.015   0.000 01E00BM000t
00003 TYR01A0146_003 f 0.00  0.000     0  0.00  0  0  -8.852   4.551   2.614   0.186  -0.048   0.000 01E001M000t
00004 TYR01A0146_004 f 0.00  0.000     0  0.00  0  0  -8.675   4.617   2.614   0.194  -0.289   0.000 01E008M000t
00005 TYR01A0146_005 f 0.00  0.000     0  0.00  0  0  -9.149   6.567   2.614   0.236  -0.065   0.000 01E00DM000t
00006 TYR01A0146_006 f 0.00  0.000     0  0.00  0  0  -8.931   6.358   2.613   0.251   0.030   0.000 01T003M000t
00007 TYR01A0146_007 f 0.00  0.000     0  0.00  0  0  -9.610   5.502   0.104   0.273   0.011   0.000 01T006M000t
00008 TYR01A0146_008 f 0.00  0.000     0  0.00  0  0  -9.368   5.385   2.603   0.202   0.277   0.000 01T007M000t
00009 TYR01A0146_009 f 0.00  0.000     0  0.00  0  0  -9.540   1.312   0.160   0.173   0.000   0.000 01T005M000t
00010 TYR01A0146_010 f 0.00  0.000     0  0.00  0  0  -9.322   2.087   0.153   0.202   0.069   0.000 01T00AM000t
00011 TYR01A0146_011 f 0.00  0.000     0  0.00  0  0  -9.012   3.068   0.151   0.202   0.009   0.000 01T002M000t
00012 TYR01A0146_012 f 0.00  0.000     0  0.00  0  0 -10.027   7.485   0.092   0.264   0.000   0.000 01T004M000t
00013 TYR01A0146_013 f 0.00  0.000     0  0.00  0  0  -9.063   5.163   2.601   0.213   0.074   0.000 01T009M000t
00014 TYR01A0146_014 f 0.00  0.000     0  0.00  0  0  -9.297   1.878   0.153   0.171  -0.104   0.000 01T00CM000t
00015 TYR-1A0146_015 f 0.00 -1.000     0 10.20  0 -1  -9.396   1.368   0.171   0.075  -1.004   0.000 -1O000M000t
00016 TYR-1A0146_016 f 0.00 -1.000     0 10.20  0 -1  -8.883   3.046   0.148   0.014  -1.081   0.000 -1E002M000t
00017 TYR-1A0146_017 f 0.00 -1.000     0 10.20  0 -1  -8.904   6.359   2.609   0.216  -0.835   0.000 -1E003M000t
00018 TYR-1A0146_018 f 0.00 -1.000     0 10.20  0 -1  -9.976   7.420   0.090   0.088  -0.961   0.000 -1E004M000t
00019 TYR-1A0146_019 f 0.00 -1.000     0 10.20  0 -1  -9.347   1.329   0.158   0.070  -0.952   0.000 -1E005M000t
00020 TYR-1A0146_020 f 0.00 -1.000     0 10.20  0 -1  -9.663   5.463   0.104   0.099  -0.999   0.000 -1E006M000t
00021 TYR-1A0146_021 f 0.00 -1.000     0 10.20  0 -1  -9.334   5.392   2.596   0.042  -0.971   0.000 -1E007M000t
00022 TYR-1A0146_022 f 0.00 -1.000     0 10.20  0 -1  -9.319   2.137   0.150   0.032  -0.895   0.000 -1E00AM000t
00023 TYR-1A0146_023 f 0.00 -1.000     0 10.20  0 -1  -9.297   1.906   0.149   0.015  -1.076   0.000 -1E00CM000t
00024 TYR-1A0146_024 f 0.00 -1.000     0 10.20  0 -1  -8.838   4.552   2.609   0.043  -1.038   0.000 -1T001M000t
00025 TYR-1A0146_025 f 0.00 -1.000     0 10.20  0 -1  -8.672   4.622   2.609   0.038  -1.221   0.000 -1T008M000t
00026 TYR-1A0146_026 f 0.00 -1.000     0 10.20  0 -1  -8.938   5.138   2.594   0.056  -0.903   0.000 -1T009M000t
00027 TYR-1A0146_027 f 0.00 -1.000     0 10.20  0 -1  -9.336   3.505   0.144  -0.009  -0.891   0.000 -1T00BM000t
00028 TYR-1A0146_028 f 0.00 -1.000     0 10.20  0 -1  -9.178   6.547   2.611   0.194  -0.750   0.000 -1T00DM000t
