   confID        vdw0    sas     sum
TYR01A0146_001   5.004 -14.400  -9.396
TYR01A0146_002   4.903 -14.199  -9.296
TYR01A0146_003   5.002 -13.854  -8.852
TYR01A0146_004   4.866 -13.540  -8.675
TYR01A0146_005   4.882 -14.031  -9.149
TYR01A0146_006   5.022 -13.953  -8.931
TYR01A0146_007   4.498 -14.108  -9.610
TYR01A0146_008   4.781 -14.149  -9.368
TYR01A0146_009   4.885 -14.425  -9.540
TYR01A0146_010   4.777 -14.100  -9.322
TYR01A0146_011   5.019 -14.031  -9.012
TYR01A0146_012   4.446 -14.473 -10.027
TYR01A0146_013   4.948 -14.012  -9.063
TYR01A0146_014   4.940 -14.236  -9.297
TYR-1A0146_015   5.004 -14.400  -9.396
TYR-1A0146_016   5.030 -13.913  -8.883
TYR-1A0146_017   5.016 -13.920  -8.904
TYR-1A0146_018   4.446 -14.422  -9.976
TYR-1A0146_019   4.876 -14.224  -9.347
TYR-1A0146_020   4.512 -14.175  -9.663
TYR-1A0146_021   4.782 -14.117  -9.334
TYR-1A0146_022   4.781 -14.100  -9.319
TYR-1A0146_023   4.939 -14.236  -9.297
TYR-1A0146_024   4.999 -13.837  -8.838
TYR-1A0146_025   4.869 -13.540  -8.672
TYR-1A0146_026   4.956 -13.893  -8.938
TYR-1A0146_027   4.891 -14.226  -9.336
TYR-1A0146_028   4.886 -14.064  -9.178
