iConf CONFORMER     FL  occ    crg   Em0  pKa0 ne nH    vdw0    vdw1    tors    epol   dsolv   extra    history
00001 LYS01A0042_001 f 0.00  0.000     0  0.00  0  0 -12.077   0.456   0.845  -0.013   0.013   0.000 01O000M000t
00002 LYS01A0042_002 f 0.00  0.000     0  0.00  0  0 -10.057   0.512   1.537  -0.034   0.011   0.000 01E035M000t
00003 LYS01A0042_003 f 0.00  0.000     0  0.00  0  0 -10.415   0.735   1.467  -0.024  -0.005   0.000 01E07DM000t
00004 LYS01A0042_004 f 0.00  0.000     0  0.00  0  0 -11.425   1.400   0.921  -0.022   0.106   0.000 01E099M000t
00005 LYS01A0042_005 f 0.00  0.000     0  0.00  0  0 -10.306   0.715   1.465  -0.010   0.116   0.000 01E09CM000t
00006 LYS01A0042_006 f 0.00  0.000     0  0.00  0  0 -10.818   0.631   4.129  -0.016   0.057   0.000 01E09FM000t
00007 LYS01A0042_007 f 0.00  0.000     0  0.00  0  0 -10.277   0.322   3.629  -0.014   0.059   0.000 01E0B3M000t
00008 LYS01A0042_008 f 0.00  0.000     0  0.00  0  0  -9.776   1.255   4.161  -0.006  -0.135   0.000 01E0B9M000t
00009 LYS01A0042_009 f 0.00  0.000     0  0.00  0  0  -9.436   1.087   3.644  -0.001   0.000   0.000 01E0BDM000t
00010 LYS01A0042_010 f 0.00  0.000     0  0.00  0  0  -9.814   1.459   3.740  -0.084   0.079   0.000 01E120M000t
00011 LYS01A0042_011 f 0.00  0.000     0  0.00  0  0  -7.090   1.695   2.069  -0.011   0.133   0.000 01E161M000t
00012 LYS01A0042_012 f 0.00  0.000     0  0.00  0  0  -7.261   1.425   4.796  -0.001   0.009   0.000 01E174M000t
00013 LYS01A0042_013 f 0.00  0.000     0  0.00  0  0 -11.098   0.739   3.505  -0.009  -0.079   0.000 01T066M000t
00014 LYS01A0042_014 f 0.00  0.000     0  0.00  0  0 -11.096   3.960   3.545  -0.011  -0.022   0.000 01T069M000t
00015 LYS01A0042_015 f 0.00  0.000     0  0.00  0  0 -11.795   2.841   6.322  -0.019  -0.042   0.000 01T08CM000t
00016 LYS01A0042_016 f 0.00  0.000     0  0.00  0  0  -9.734   0.587   0.909  -0.017   0.021   0.000 01T0CEM000t
00017 LYS01A0042_017 f 0.00  0.000     0  0.00  0  0  -9.675   1.773   3.655  -0.019  -0.057   0.000 01T0DEM000t
00018 LYS01A0042_018 f 0.00  0.000     0  0.00  0  0  -9.406   0.498   4.292  -0.038   0.119   0.000 01T142M000t
00019 LYS01A0042_019 f 0.00  0.000     0  0.00  0  0  -7.070   0.383   2.102  -0.037   0.119   0.000 01T155M000t
00020 LYS01A0042_020 f 0.00  0.000     0  0.00  0  0  -7.477   1.318   4.797   0.035   0.043   0.000 01T16AM000t
00021 LYS+1A0042_021 f 0.00  1.000     0 10.40  0  1 -12.122   0.456   0.845   0.050  -0.261   0.000 +1O000M000t
00022 LYS+1A0042_022 f 0.00  1.000     0 10.40  0  1 -11.131   0.732   3.527   0.036  -0.233   0.000 +1E066M000t
00023 LYS+1A0042_023 f 0.00  1.000     0 10.40  0  1 -11.174   3.953   3.543  -0.029  -0.173   0.000 +1E069M000t
00024 LYS+1A0042_024 f 0.00  1.000     0 10.40  0  1 -10.587   0.735   1.468   0.077   0.022   0.000 +1E07DM000t
00025 LYS+1A0042_025 f 0.00  1.000     0 10.40  0  1 -11.828   2.805   6.344   0.120  -0.267   0.000 +1E08CM000t
00026 LYS+1A0042_026 f 0.00  1.000     0 10.40  0  1 -11.564   1.399   0.922   0.091  -0.035   0.000 +1E099M000t
00027 LYS+1A0042_027 f 0.00  1.000     0 10.40  0  1 -10.928   0.638   4.157   0.067  -0.168   0.000 +1E09FM000t
00028 LYS+1A0042_028 f 0.00  1.000     0 10.40  0  1  -7.192   0.376   2.104   0.179  -0.192   0.000 +1E155M000t
00029 LYS+1A0042_029 f 0.00  1.000     0 10.40  0  1  -7.314   1.430   4.807   0.027  -0.112   0.000 +1E174M000t
00030 LYS+1A0042_030 f 0.00  1.000     0 10.40  0  1 -10.117   0.509   1.539   0.183  -0.253   0.000 +1T035M000t
00031 LYS+1A0042_031 f 0.00  1.000     0 10.40  0  1 -10.312   0.718   1.466   0.064   0.062   0.000 +1T09CM000t
00032 LYS+1A0042_032 f 0.00  1.000     0 10.40  0  1 -10.373   0.317   3.645   0.041  -0.543   0.000 +1T0B3M000t
00033 LYS+1A0042_033 f 0.00  1.000     0 10.40  0  1  -9.819   1.252   4.164   0.086  -0.168   0.000 +1T0B9M000t
00034 LYS+1A0042_034 f 0.00  1.000     0 10.40  0  1  -9.562   1.082   3.647   0.117   0.206   0.000 +1T0BDM000t
00035 LYS+1A0042_035 f 0.00  1.000     0 10.40  0  1  -9.953   0.581   0.910   0.125   0.135   0.000 +1T0CEM000t
00036 LYS+1A0042_036 f 0.00  1.000     0 10.40  0  1  -9.701   1.789   3.657   0.023  -0.250   0.000 +1T0DEM000t
00037 LYS+1A0042_037 f 0.00  1.000     0 10.40  0  1  -9.979   1.459   3.742   0.279   0.028   0.000 +1T120M000t
00038 LYS+1A0042_038 f 0.00  1.000     0 10.40  0  1  -9.429   0.493   4.296   0.202  -0.079   0.000 +1T142M000t
00039 LYS+1A0042_039 f 0.00  1.000     0 10.40  0  1  -7.060   1.704   2.071  -0.036  -0.154   0.000 +1T161M000t
00040 LYS+1A0042_040 f 0.00  1.000     0 10.40  0  1  -7.413   1.316   4.803   0.019   0.135   0.000 +1T16AM000t
