   confID        vdw0    sas     sum
LYS01A0042_001   0.537 -12.614 -12.077
LYS01A0042_002   2.194 -12.251 -10.057
LYS01A0042_003   1.885 -12.300 -10.415
LYS01A0042_004   1.080 -12.506 -11.425
LYS01A0042_005   1.888 -12.193 -10.306
LYS01A0042_006   1.696 -12.514 -10.818
LYS01A0042_007   2.034 -12.311 -10.277
LYS01A0042_008   2.315 -12.091  -9.776
LYS01A0042_009   2.520 -11.956  -9.436
LYS01A0042_010   2.435 -12.248  -9.814
LYS01A0042_011   5.106 -12.197  -7.090
LYS01A0042_012   4.835 -12.096  -7.261
LYS01A0042_013   1.050 -12.147 -11.098
LYS01A0042_014   1.178 -12.274 -11.096
LYS01A0042_015   0.855 -12.650 -11.795
LYS01A0042_016   2.112 -11.846  -9.734
LYS01A0042_017   2.453 -12.128  -9.675
LYS01A0042_018   2.801 -12.207  -9.406
LYS01A0042_019   5.072 -12.142  -7.070
LYS01A0042_020   4.959 -12.435  -7.477
LYS+1A0042_021   0.492 -12.614 -12.122
LYS+1A0042_022   1.004 -12.135 -11.131
LYS+1A0042_023   1.100 -12.274 -11.174
LYS+1A0042_024   1.832 -12.419 -10.587
LYS+1A0042_025   0.809 -12.637 -11.828
LYS+1A0042_026   0.993 -12.557 -11.564
LYS+1A0042_027   1.650 -12.579 -10.928
LYS+1A0042_028   5.014 -12.206  -7.192
LYS+1A0042_029   4.782 -12.096  -7.314
LYS+1A0042_030   2.134 -12.251 -10.117
LYS+1A0042_031   1.830 -12.142 -10.312
LYS+1A0042_032   1.974 -12.347 -10.373
LYS+1A0042_033   2.272 -12.091  -9.819
LYS+1A0042_034   2.445 -12.007  -9.562
LYS+1A0042_035   2.012 -11.965  -9.953
LYS+1A0042_036   2.427 -12.128  -9.701
LYS+1A0042_037   2.359 -12.338  -9.979
LYS+1A0042_038   2.726 -12.155  -9.429
LYS+1A0042_039   5.072 -12.132  -7.060
LYS+1A0042_040   4.919 -12.332  -7.413
