CONFORMER         crg  vdw0  vdw1  tors  epol  self   occ  Hb     history    ASA
LYS01A0156_001  0.000 -8.14 28.46  0.95  0.00 21.27 0.000  00  01O000M000  1.000
LYS01A0156_002  0.000 -9.13  0.97  1.43  0.00 -6.73 0.502  00  01E010M000  1.000
LYS01A0156_003  0.000 -9.72  0.93  0.88  0.00 -7.91 0.502  00  01E033M000  1.000
LYS01A0156_004  0.000 -9.86  0.98  4.23  0.00 -4.64 0.503  00  01E065M000  1.000
LYS01A0156_005  0.000 -6.62  1.41  2.07  0.00 -3.14 0.502  00  01E07DM000  1.000
LYS01A0156_006  0.000 -9.04  2.08  1.43  0.00 -5.53 0.502  00  01E096M000  1.000
LYS01A0156_007  0.000 -8.80  2.13  3.68  0.00 -3.00 0.502  00  01E097M000  1.000
LYS01A0156_008  0.000 -9.68  0.83  4.23  0.00 -4.62 0.502  00  01E0D2M000  1.000
LYS01A0156_009  0.000 -7.15  1.28  1.51  0.00 -4.36 0.502  00  01T002M000  1.000
LYS01A0156_010  0.000 -9.51  3.28  4.31  0.00 -1.92 0.502  00  01T00CM000  1.000
LYS01A0156_011  0.000 -6.45  1.43  2.07  0.00 -2.95 0.502  00  01T015M000  1.000
LYS01A0156_012  0.000 -9.01  2.04  3.69  0.00 -3.28 0.502  00  01T03AM000  1.000
LYS01A0156_013  0.000-10.63  2.20  1.43  0.00 -7.00 0.501  00  01T08CM000  1.000
LYS01A0156_014  0.000-11.07  2.15  3.60  0.00 -5.32 0.502  00  01T08FM000  1.000
LYS01A0156_015  0.000 -8.87  0.72  4.24  0.00 -3.91 0.502  00  01T0A5M000  1.000
LYS01A0156_016  0.000 -9.98  4.31  3.75  0.00 -1.92 0.502  00  01T0BAM000  1.000
LYS01A0156_017  0.000 -7.78  1.08  2.07  0.00 -4.63 0.503  00  01T0C4M000  1.000
LYS01A0156_018  0.000 -9.54  1.90  1.52  0.00 -6.13 0.502  00  01T0C7M000  1.000
LYS01A0156_019  0.000 -6.88  1.13  4.87  0.00 -0.89 0.502  00  01T0DAM000  1.000
LYS01A0156_020  0.000 -9.72  1.32  1.44  0.00 -6.96 0.502  00  01T0DFM000  1.000
LYS01A0156_021  0.000 -5.70 10.16  1.01  0.00  5.48 0.000  00  01T000M000  1.000
LYS+1A0156_022  1.000 -8.23 28.45  0.95  0.00 21.17 0.000  00  +1O000M000  1.000
LYS+1A0156_023  1.000 -9.19  0.96  1.43  0.00 -6.80 0.502  00  +1E010M000  1.000
LYS+1A0156_024  1.000 -6.55  1.43  2.07  0.00 -3.05 0.502  00  +1E015M000  1.000
LYS+1A0156_025  1.000 -9.66  0.93  0.87  0.00 -7.86 0.502  00  +1E033M000  1.000
LYS+1A0156_026  1.000 -9.91  0.98  4.23  0.00 -4.70 0.503  00  +1E065M000  1.000
LYS+1A0156_027  1.000 -6.67  1.41  2.07  0.00 -3.19 0.502  00  +1E07DM000  1.000
LYS+1A0156_028  1.000-11.13  2.16  3.60  0.00 -5.37 0.502  00  +1E08FM000  1.000
LYS+1A0156_029  1.000 -8.88  2.13  3.68  0.00 -3.07 0.502  00  +1E097M000  1.000
LYS+1A0156_030  1.000-10.15  4.39  3.75  0.00 -2.02 0.502  00  +1E0BAM000  1.000
LYS+1A0156_031  1.000 -9.74  0.83  4.23  0.00 -4.68 0.502  00  +1E0D2M000  1.000
LYS+1A0156_032  1.000 -5.81 10.30  1.01  0.00  5.50 0.000  00  +1X000M000  1.000
LYS+1A0156_033  1.000 -7.23  1.27  1.51  0.00 -4.46 0.502  00  +1T002M000  1.000
LYS+1A0156_034  1.000 -9.59  3.26  4.31  0.00 -2.01 0.502  00  +1T00CM000  1.000
LYS+1A0156_035  1.000 -9.07  2.04  3.69  0.00 -3.35 0.502  00  +1T03AM000  1.000
LYS+1A0156_036  1.000-10.68  2.22  1.43  0.00 -7.02 0.501  00  +1T08CM000  1.000
LYS+1A0156_037  1.000 -9.07  2.07  1.43  0.00 -5.57 0.502  00  +1T096M000  1.000
LYS+1A0156_038  1.000 -8.93  0.71  4.24  0.00 -3.98 0.502  00  +1T0A5M000  1.000
LYS+1A0156_039  1.000 -7.83  1.08  2.07  0.00 -4.68 0.503  00  +1T0C4M000  1.000
LYS+1A0156_040  1.000 -9.61  1.91  1.52  0.00 -6.18 0.502  00  +1T0C7M000  1.000
LYS+1A0156_041  1.000 -6.94  1.12  4.87  0.00 -0.95 0.502  00  +1T0DAM000  1.000
LYS+1A0156_042  1.000 -9.79  1.32  1.44  0.00 -7.04 0.502  00  +1T0DFM000  1.000
