iConf CONFORMER     FL  occ    crg   Em0  pKa0 ne nH    vdw0    vdw1    tors    epol   dsolv   extra    history
00001 LYS01A0156_001 f 0.00  0.000     0  0.00  0  0  -8.141  28.378   0.950  -0.155  -0.033   0.000 01O000M000t
00002 LYS01A0156_002 f 0.00  0.000     0  0.00  0  0  -9.130   0.963   1.434  -0.018   0.051   0.000 01E010M000t
00003 LYS01A0156_003 f 0.00  0.000     0  0.00  0  0  -9.717   0.928   0.882  -0.017   0.002   0.000 01E033M000t
00004 LYS01A0156_004 f 0.00  0.000     0  0.00  0  0  -9.859   0.986   4.234  -0.011   0.049   0.000 01E065M000t
00005 LYS01A0156_005 f 0.00  0.000     0  0.00  0  0  -6.610   1.416   2.073  -0.012   0.022   0.000 01E07DM000t
00006 LYS01A0156_006 f 0.00  0.000     0  0.00  0  0  -9.042   2.083   1.430  -0.025   0.067   0.000 01E096M000t
00007 LYS01A0156_007 f 0.00  0.000     0  0.00  0  0  -8.799   2.128   3.678  -0.019  -0.118   0.000 01E097M000t
00008 LYS01A0156_008 f 0.00  0.000     0  0.00  0  0  -9.685   0.829   4.234  -0.012   0.036   0.000 01E0D2M000t
00009 LYS01A0156_009 f 0.00  0.000     0  0.00  0  0  -7.142   1.271   1.508  -0.034   0.086   0.000 01T002M000t
00010 LYS01A0156_010 f 0.00  0.000     0  0.00  0  0  -9.513   3.285   4.314  -0.026   0.027   0.000 01T00CM000t
00011 LYS01A0156_011 f 0.00  0.000     0  0.00  0  0  -6.435   1.434   2.072  -0.026   0.263   0.000 01T015M000t
00012 LYS01A0156_012 f 0.00  0.000     0  0.00  0  0  -9.000   2.041   3.686  -0.017   0.016   0.000 01T03AM000t
00013 LYS01A0156_013 f 0.00  0.000     0  0.00  0  0 -10.631   2.202   1.433  -0.008  -0.001   0.000 01T08CM000t
00014 LYS01A0156_014 f 0.00  0.000     0  0.00  0  0 -11.069   2.147   3.597  -0.006   0.044   0.000 01T08FM000t
00015 LYS01A0156_015 f 0.00  0.000     0  0.00  0  0  -8.871   0.716   4.239  -0.024   0.216   0.000 01T0A5M000t
00016 LYS01A0156_016 f 0.00  0.000     0  0.00  0  0  -9.986   4.321   3.748   0.060   0.142   0.000 01T0BAM000t
00017 LYS01A0156_017 f 0.00  0.000     0  0.00  0  0  -7.778   1.084   2.069  -0.046   0.092   0.000 01T0C4M000t
00018 LYS01A0156_018 f 0.00  0.000     0  0.00  0  0  -9.534   1.895   1.519  -0.050   0.002   0.000 01T0C7M000t
00019 LYS01A0156_019 f 0.00  0.000     0  0.00  0  0  -6.879   1.130   4.866  -0.033   0.126   0.000 01T0DAM000t
00020 LYS01A0156_020 f 0.00  0.000     0  0.00  0  0  -9.723   1.327   1.437  -0.001   0.009   0.000 01T0DFM000t
00021 LYS01A0156_021 f 0.00  0.000     0  0.00  0  0  -5.656  10.165   1.011  -0.152  -0.050   0.000 01T000M000t
00022 LYS+1A0156_022 f 0.00  1.000     0 10.40  0  1  -8.236  28.371   0.950   0.477   0.166   0.000 +1O000M000t
00023 LYS+1A0156_023 f 0.00  1.000     0 10.40  0  1  -9.199   0.964   1.434   0.089   0.030   0.000 +1E010M000t
00024 LYS+1A0156_024 f 0.00  1.000     0 10.40  0  1  -6.540   1.435   2.071   0.081   0.064   0.000 +1E015M000t
00025 LYS+1A0156_025 f 0.00  1.000     0 10.40  0  1  -9.665   0.928   0.873   0.078  -0.283   0.000 +1E033M000t
00026 LYS+1A0156_026 f 0.00  1.000     0 10.40  0  1  -9.911   0.978   4.234   0.080  -0.139   0.000 +1E065M000t
00027 LYS+1A0156_027 f 0.00  1.000     0 10.40  0  1  -6.660   1.409   2.074   0.076  -0.032   0.000 +1E07DM000t
00028 LYS+1A0156_028 f 0.00  1.000     0 10.40  0  1 -11.125   2.156   3.598   0.010  -0.219   0.000 +1E08FM000t
00029 LYS+1A0156_029 f 0.00  1.000     0 10.40  0  1  -8.882   2.129   3.678   0.102  -0.394   0.000 +1E097M000t
00030 LYS+1A0156_030 f 0.00  1.000     0 10.40  0  1 -10.150   4.399   3.746  -0.295   0.184   0.000 +1E0BAM000t
00031 LYS+1A0156_031 f 0.00  1.000     0 10.40  0  1  -9.739   0.826   4.234   0.066  -0.188   0.000 +1E0D2M000t
00032 LYS+1A0156_032 f 0.00  1.000     0 10.40  0  1  -5.820  10.307   1.015   0.492   0.224   0.000 +1X000M000t
00033 LYS+1A0156_033 f 0.00  1.000     0 10.40  0  1  -7.233   1.272   1.507   0.125   0.155   0.000 +1T002M000t
00034 LYS+1A0156_034 f 0.00  1.000     0 10.40  0  1  -9.582   3.261   4.314   0.061  -0.151   0.000 +1T00CM000t
00035 LYS+1A0156_035 f 0.00  1.000     0 10.40  0  1  -9.078   2.036   3.687   0.116  -0.117   0.000 +1T03AM000t
00036 LYS+1A0156_036 f 0.00  1.000     0 10.40  0  1 -10.672   2.218   1.434   0.038  -0.339   0.000 +1T08CM000t
00037 LYS+1A0156_037 f 0.00  1.000     0 10.40  0  1  -9.078   2.071   1.430  -0.017   0.068   0.000 +1T096M000t
00038 LYS+1A0156_038 f 0.00  1.000     0 10.40  0  1  -8.931   0.710   4.238   0.022   0.438   0.000 +1T0A5M000t
00039 LYS+1A0156_039 f 0.00  1.000     0 10.40  0  1  -7.832   1.082   2.069   0.210  -0.381   0.000 +1T0C4M000t
00040 LYS+1A0156_040 f 0.00  1.000     0 10.40  0  1  -9.600   1.918   1.520   0.236  -0.413   0.000 +1T0C7M000t
00041 LYS+1A0156_041 f 0.00  1.000     0 10.40  0  1  -6.942   1.117   4.867   0.027   0.006   0.000 +1T0DAM000t
00042 LYS+1A0156_042 f 0.00  1.000     0 10.40  0  1  -9.783   1.315   1.438   0.079  -0.022   0.000 +1T0DFM000t
