   confID        vdw0    sas     sum
LYS01A0156_001   3.773 -11.914  -8.141
LYS01A0156_002   3.038 -12.168  -9.130
LYS01A0156_003   2.360 -12.077  -9.717
LYS01A0156_004   2.630 -12.489  -9.859
LYS01A0156_005   5.738 -12.348  -6.610
LYS01A0156_006   2.991 -12.033  -9.042
LYS01A0156_007   2.986 -11.785  -8.799
LYS01A0156_008   2.708 -12.392  -9.685
LYS01A0156_009   4.344 -11.486  -7.142
LYS01A0156_010   2.906 -12.419  -9.513
LYS01A0156_011   5.688 -12.123  -6.435
LYS01A0156_012   2.804 -11.804  -9.000
LYS01A0156_013   1.752 -12.382 -10.631
LYS01A0156_014   1.269 -12.338 -11.069
LYS01A0156_015   2.950 -11.822  -8.871
LYS01A0156_016   2.758 -12.744  -9.986
LYS01A0156_017   4.511 -12.289  -7.778
LYS01A0156_018   2.877 -12.412  -9.534
LYS01A0156_019   5.402 -12.280  -6.879
LYS01A0156_020   2.589 -12.313  -9.723
LYS01A0156_021   6.174 -11.831  -5.656
LYS+1A0156_022   3.678 -11.914  -8.236
LYS+1A0156_023   2.969 -12.168  -9.199
LYS+1A0156_024   5.584 -12.123  -6.540
LYS+1A0156_025   2.441 -12.106  -9.665
LYS+1A0156_026   2.578 -12.489  -9.911
LYS+1A0156_027   5.688 -12.348  -6.660
LYS+1A0156_028   1.213 -12.338 -11.125
LYS+1A0156_029   2.903 -11.785  -8.882
LYS+1A0156_030   2.713 -12.863 -10.150
LYS+1A0156_031   2.653 -12.392  -9.739
LYS+1A0156_032   6.011 -11.831  -5.820
LYS+1A0156_033   4.253 -11.486  -7.233
LYS+1A0156_034   2.837 -12.419  -9.582
LYS+1A0156_035   2.727 -11.804  -9.078
LYS+1A0156_036   1.710 -12.382 -10.672
LYS+1A0156_037   2.955 -12.033  -9.078
LYS+1A0156_038   2.891 -11.822  -8.931
LYS+1A0156_039   4.457 -12.289  -7.832
LYS+1A0156_040   2.811 -12.412  -9.600
LYS+1A0156_041   5.338 -12.280  -6.942
LYS+1A0156_042   2.529 -12.313  -9.783
