iConf CONFORMER     FL  occ    crg   Em0  pKa0 ne nH    vdw0    vdw1    tors    epol   dsolv   extra    history
00001 ARG01A0200_001 f 0.00  0.000     0  0.00  0  0 -13.567   0.617   0.881  -0.011  -0.033   0.000 01O000M000t
00002 ARG01A0200_002 f 0.00  0.000     0  0.00  0  0 -12.941   1.325   4.272   0.011  -0.077   0.000 01E068M000t
00003 ARG01A0200_003 f 0.00  0.000     0  0.00  0  0 -14.293   4.745   3.477  -0.035  -0.218   0.000 01E06DM000t
00004 ARG01A0200_004 f 0.00  0.000     0  0.00  0  0 -12.783   0.051   1.180  -0.021  -0.104   0.000 01E08DM000t
00005 ARG01A0200_005 f 0.00  0.000     0  0.00  0  0 -12.771   3.492   4.459   0.060  -0.205   0.000 01E0B7M000t
00006 ARG01A0200_006 f 0.00  0.000     0  0.00  0  0 -11.659   2.342   4.345   0.038  -0.126   0.000 01E0FBM000t
00007 ARG01A0200_007 f 0.00  0.000     0  0.00  0  0 -12.233   1.229   5.691  -0.022  -0.051   0.000 01E161M000t
00008 ARG01A0200_008 f 0.00  0.000     0  0.00  0  0 -10.951   0.754   5.566   0.037  -0.007   0.000 01E17DM000t
00009 ARG01A0200_009 f 0.00  0.000     0  0.00  0  0 -13.017   1.658   3.845   0.023  -0.014   0.000 01E185M000t
00010 ARG01A0200_010 f 0.00  0.000     0  0.00  0  0 -14.169   2.966   5.788   0.035  -0.297   0.000 01T030M000t
00011 ARG01A0200_011 f 0.00  0.000     0  0.00  0  0 -13.802   9.141   2.963   0.741   0.497   0.000 01T035M000t
00012 ARG01A0200_012 f 0.00  0.000     0  0.00  0  0 -13.343   0.132   4.774   0.121  -0.206   0.000 01T043M000t
00013 ARG01A0200_013 f 0.00  0.000     0  0.00  0  0 -12.894   3.480   3.265   0.006  -0.034   0.000 01T072M000t
00014 ARG01A0200_014 f 0.00  0.000     0  0.00  0  0 -12.303   0.471   0.563  -0.000  -0.301   0.000 01T0A5M000t
00015 ARG01A0200_015 f 0.00  0.000     0  0.00  0  0 -12.457   0.040   0.577   0.020  -0.405   0.000 01T0C2M000t
00016 ARG01A0200_016 f 0.00  0.000     0  0.00  0  0 -12.597   0.670   4.868   0.036   0.033   0.000 01T0DCM000t
00017 ARG01A0200_017 f 0.00  0.000     0  0.00  0  0 -12.636   0.943   1.467   0.049  -0.041   0.000 01T104M000t
00018 ARG01A0200_018 f 0.00  0.000     0  0.00  0  0 -11.786   0.753   1.429   0.026  -0.175   0.000 01T193M000t
00019 ARG01A0200_019 f 0.00  0.000     0  0.00  0  0  -9.855   0.709   2.988   0.091  -0.167   0.000 01T1A1M000t
00020 ARG01A0200_020 f 0.00  0.000     0  0.00  0  0 -12.185   0.803   3.619   0.027  -0.142   0.000 01T1AEM000t
00021 ARG02A0200_021 f 0.00  0.000     0  0.00  0  0 -12.955   3.476   3.251   0.028   1.016   0.000 02E072M000t
00022 ARG02A0200_022 f 0.00  0.000     0  0.00  0  0 -12.947   0.035   1.194   0.017   0.982   0.000 02E08DM000t
00023 ARG02A0200_023 f 0.00  0.000     0  0.00  0  0 -12.904   3.538   4.542   0.048   1.018   0.000 02E0B7M000t
00024 ARG02A0200_024 f 0.00  0.000     0  0.00  0  0 -13.574   0.610   0.881   0.035   0.655   0.000 02O000M000t
00025 ARG02A0200_025 f 0.00  0.000     0  0.00  0  0 -13.686   2.305   4.107   0.010   0.409   0.000 02E030M000t
00026 ARG02A0200_026 f 0.00  0.000     0  0.00  0  0 -12.861   0.802   3.416   0.034   0.600   0.000 02E068M000t
00027 ARG02A0200_027 f 0.00  0.000     0  0.00  0  0 -14.403   2.836   3.254   0.045   0.728   0.000 02E06DM000t
00028 ARG02A0200_028 f 0.00  0.000     0  0.00  0  0 -12.554   0.440   0.499   0.037   0.472   0.000 02E0A5M000t
00029 ARG02A0200_029 f 0.00  0.000     0  0.00  0  0 -12.481   0.674   4.804   0.036   1.284   0.000 02T0DCM000t
00030 ARG02A0200_030 f 0.00  0.000     0  0.00  0  0 -12.745   1.686   3.771   0.033   1.012   0.000 02T185M000t
00031 ARG02A0200_031 f 0.00  0.000     0  0.00  0  0 -12.812   0.170   3.466   0.118   0.775   0.000 02T043M000t
00032 ARG02A0200_032 f 0.00  0.000     0  0.00  0  0 -11.314   0.514   2.746   0.104   0.886   0.000 02T1A1M000t
00033 ARG02A0200_033 f 0.00  0.000     0  0.00  0  0 -13.505   5.290   2.956   0.178   0.927   0.000 02T035M000t
00034 ARG02A0200_034 f 0.00  0.000     0  0.00  0  0 -11.839   2.259   4.317   0.025   0.530   0.000 02T0FBM000t
00035 ARG02A0200_035 f 0.00  0.000     0  0.00  0  0 -12.254   1.309   1.332   0.058   0.254   0.000 02T104M000t
00036 ARG02A0200_036 f 0.00  0.000     0  0.00  0  0 -12.092   1.287   5.642  -0.011   0.799   0.000 02T161M000t
00037 ARG02A0200_037 f 0.00  0.000     0  0.00  0  0 -11.175   0.772   5.563   0.021   0.649   0.000 02T17DM000t
00038 ARG02A0200_038 f 0.00  0.000     0  0.00  0  0 -12.376   0.853   1.384   0.024   0.575   0.000 02T193M000t
00039 ARG02A0200_039 f 0.00  0.000     0  0.00  0  0 -11.877   0.802   3.580   0.008   0.468   0.000 02T1AEM000t
00040 ARG02A0200_040 f 0.00  0.000     0  0.00  0  0 -12.611   0.043   0.506   0.012   0.409   0.000 02T0C2M000t
00041 ARG03A0200_041 f 0.00  0.000     0  0.00  0  0 -13.636   0.610   0.881   0.039   0.869   0.000 03O000M000t
00042 ARG03A0200_042 f 0.00  0.000     0  0.00  0  0 -12.804   3.552   4.467   0.047   0.886   0.000 03E0B7M000t
00043 ARG03A0200_043 f 0.00  0.000     0  0.00  0  0 -12.690   1.689   3.775   0.035   0.783   0.000 03E185M000t
00044 ARG03A0200_044 f 0.00  0.000     0  0.00  0  0 -12.548   0.438   0.495   0.020   0.853   0.000 03E0A5M000t
00045 ARG03A0200_045 f 0.00  0.000     0  0.00  0  0 -11.202   0.764   5.573   0.041   0.840   0.000 03E17DM000t
00046 ARG03A0200_046 f 0.00  0.000     0  0.00  0  0 -13.622   5.232   2.963   0.212   1.275   0.000 03T035M000t
00047 ARG03A0200_047 f 0.00  0.000     0  0.00  0  0 -14.299   2.836   3.248  -0.000   0.808   0.000 03T06DM000t
00048 ARG03A0200_048 f 0.00  0.000     0  0.00  0  0 -12.593   0.672   4.831   0.034   0.843   0.000 03T0DCM000t
00049 ARG03A0200_049 f 0.00  0.000     0  0.00  0  0 -12.187   1.286   5.655   0.005   0.895   0.000 03T161M000t
00050 ARG03A0200_050 f 0.00  0.000     0  0.00  0  0 -12.905   0.172   3.427   0.125   0.871   0.000 03T043M000t
00051 ARG03A0200_051 f 0.00  0.000     0  0.00  0  0 -11.866   2.232   4.256   0.043   0.907   0.000 03T0FBM000t
00052 ARG03A0200_052 f 0.00  0.000     0  0.00  0  0 -12.792   0.046   0.501   0.032   0.698   0.000 03T0C2M000t
00053 ARG03A0200_053 f 0.00  0.000     0  0.00  0  0 -12.431   0.859   1.387   0.031   0.659   0.000 03T193M000t
00054 ARG03A0200_054 f 0.00  0.000     0  0.00  0  0 -11.367   0.518   2.743   0.095   0.849   0.000 03T1A1M000t
00055 ARG03A0200_055 f 0.00  0.000     0  0.00  0  0 -13.677   2.315   3.990   0.025   0.720   0.000 03T030M000t
00056 ARG03A0200_056 f 0.00  0.000     0  0.00  0  0 -12.937   0.806   3.364   0.024   0.752   0.000 03T068M000t
00057 ARG03A0200_057 f 0.00  0.000     0  0.00  0  0 -12.967   3.497   3.252   0.018   0.785   0.000 03T072M000t
00058 ARG03A0200_058 f 0.00  0.000     0  0.00  0  0 -12.832   0.038   1.185   0.005   0.876   0.000 03T08DM000t
00059 ARG03A0200_059 f 0.00  0.000     0  0.00  0  0 -12.307   1.284   1.320   0.056   0.716   0.000 03T104M000t
00060 ARG03A0200_060 f 0.00  0.000     0  0.00  0  0 -12.161   0.799   3.597   0.025   0.827   0.000 03T1AEM000t
00061 ARG+1A0200_061 f 0.00  1.000     0 12.50  0  1 -13.674   0.610   0.881   0.154  -0.055   0.000 +1O000M000t
00062 ARG+1A0200_062 f 0.00  1.000     0 12.50  0  1 -13.828   2.308   4.151   0.051  -0.648   0.000 +1E030M000t
00063 ARG+1A0200_063 f 0.00  1.000     0 12.50  0  1 -13.676   5.420   2.954  -0.694   0.118   0.000 +1E035M000t
00064 ARG+1A0200_064 f 0.00  1.000     0 12.50  0  1 -14.394   2.835   3.266  -0.036  -0.018   0.000 +1E06DM000t
00065 ARG+1A0200_065 f 0.00  1.000     0 12.50  0  1 -13.049   0.035   1.197   0.228  -0.368   0.000 +1E08DM000t
00066 ARG+1A0200_066 f 0.00  1.000     0 12.50  0  1 -12.778   0.041   0.507   0.154  -0.145   0.000 +1E0C2M000t
00067 ARG+1A0200_067 f 0.00  1.000     0 12.50  0  1 -12.500   0.672   4.876   0.124  -0.075   0.000 +1E0DCM000t
00068 ARG+1A0200_068 f 0.00  1.000     0 12.50  0  1 -12.785   1.689   3.779   0.119  -0.268   0.000 +1E185M000t
00069 ARG+1A0200_069 f 0.00  1.000     0 12.50  0  1 -11.343   0.522   2.769   0.234  -0.091   0.000 +1E1A1M000t
00070 ARG+1A0200_070 f 0.00  1.000     0 12.50  0  1 -12.969   0.172   3.486   0.270  -0.089   0.000 +1T043M000t
00071 ARG+1A0200_071 f 0.00  1.000     0 12.50  0  1 -12.884   0.809   3.433   0.092  -0.145   0.000 +1T068M000t
00072 ARG+1A0200_072 f 0.00  1.000     0 12.50  0  1 -13.123   3.486   3.258   0.186   0.007   0.000 +1T072M000t
00073 ARG+1A0200_073 f 0.00  1.000     0 12.50  0  1 -12.582   0.441   0.501   0.132  -0.109   0.000 +1T0A5M000t
00074 ARG+1A0200_074 f 0.00  1.000     0 12.50  0  1 -12.878   3.559   4.554   0.138  -0.174   0.000 +1T0B7M000t
00075 ARG+1A0200_075 f 0.00  1.000     0 12.50  0  1 -11.968   2.249   4.330   0.064  -0.114   0.000 +1T0FBM000t
00076 ARG+1A0200_076 f 0.00  1.000     0 12.50  0  1 -12.333   1.305   1.338   0.042   0.019   0.000 +1T104M000t
00077 ARG+1A0200_077 f 0.00  1.000     0 12.50  0  1 -12.285   1.291   5.679   0.218  -0.198   0.000 +1T161M000t
00078 ARG+1A0200_078 f 0.00  1.000     0 12.50  0  1 -11.247   0.757   5.575   0.208  -0.324   0.000 +1T17DM000t
00079 ARG+1A0200_079 f 0.00  1.000     0 12.50  0  1 -12.488   0.857   1.394   0.131  -0.281   0.000 +1T193M000t
00080 ARG+1A0200_080 f 0.00  1.000     0 12.50  0  1 -12.067   0.799   3.601   0.095  -0.316   0.000 +1T1AEM000t
