   confID        vdw0    sas     sum
ARG01A0200_001   0.791 -14.358 -13.567
ARG01A0200_002   1.617 -14.558 -12.941
ARG01A0200_003   0.712 -15.004 -14.293
ARG01A0200_004   2.189 -14.973 -12.783
ARG01A0200_005   1.789 -14.561 -12.771
ARG01A0200_006   2.385 -14.043 -11.659
ARG01A0200_007   2.214 -14.447 -12.233
ARG01A0200_008   3.151 -14.102 -10.951
ARG01A0200_009   1.865 -14.882 -13.017
ARG01A0200_010   0.761 -14.930 -14.169
ARG01A0200_011   0.900 -14.703 -13.802
ARG01A0200_012   1.638 -14.981 -13.343
ARG01A0200_013   1.553 -14.448 -12.894
ARG01A0200_014   2.018 -14.321 -12.303
ARG01A0200_015   2.023 -14.480 -12.457
ARG01A0200_016   1.713 -14.310 -12.597
ARG01A0200_017   1.652 -14.288 -12.636
ARG01A0200_018   2.315 -14.101 -11.786
ARG01A0200_019   4.445 -14.300  -9.855
ARG01A0200_020   2.515 -14.700 -12.185
ARG02A0200_021   1.509 -14.464 -12.955
ARG02A0200_022   2.138 -15.085 -12.947
ARG02A0200_023   1.772 -14.676 -12.904
ARG02A0200_024   0.783 -14.358 -13.574
ARG02A0200_025   0.975 -14.661 -13.686
ARG02A0200_026   2.135 -14.996 -12.861
ARG02A0200_027   0.681 -15.084 -14.403
ARG02A0200_028   2.047 -14.601 -12.554
ARG02A0200_029   1.613 -14.095 -12.481
ARG02A0200_030   1.893 -14.638 -12.745
ARG02A0200_031   2.188 -15.000 -12.812
ARG02A0200_032   3.311 -14.625 -11.314
ARG02A0200_033   1.067 -14.572 -13.505
ARG02A0200_034   2.303 -14.143 -11.839
ARG02A0200_035   1.903 -14.157 -12.254
ARG02A0200_036   2.412 -14.505 -12.092
ARG02A0200_037   2.995 -14.170 -11.175
ARG02A0200_038   2.147 -14.523 -12.376
ARG02A0200_039   2.678 -14.556 -11.877
ARG02A0200_040   2.065 -14.676 -12.611
ARG03A0200_041   0.722 -14.358 -13.636
ARG03A0200_042   1.753 -14.557 -12.804
ARG03A0200_043   1.884 -14.574 -12.690
ARG03A0200_044   1.986 -14.533 -12.548
ARG03A0200_045   3.032 -14.234 -11.202
ARG03A0200_046   1.015 -14.636 -13.622
ARG03A0200_047   0.612 -14.911 -14.299
ARG03A0200_048   1.729 -14.323 -12.593
ARG03A0200_049   2.366 -14.553 -12.187
ARG03A0200_050   2.176 -15.081 -12.905
ARG03A0200_051   2.228 -14.095 -11.866
ARG03A0200_052   2.000 -14.792 -12.792
ARG03A0200_053   2.040 -14.472 -12.431
ARG03A0200_054   3.322 -14.689 -11.367
ARG03A0200_055   0.901 -14.578 -13.677
ARG03A0200_056   2.062 -14.999 -12.937
ARG03A0200_057   1.500 -14.467 -12.967
ARG03A0200_058   2.140 -14.973 -12.832
ARG03A0200_059   1.850 -14.157 -12.307
ARG03A0200_060   2.604 -14.764 -12.161
ARG+1A0200_061   0.684 -14.358 -13.674
ARG+1A0200_062   0.881 -14.710 -13.828
ARG+1A0200_063   0.960 -14.636 -13.676
ARG+1A0200_064   0.581 -14.975 -14.394
ARG+1A0200_065   2.084 -15.133 -13.049
ARG+1A0200_066   1.962 -14.740 -12.778
ARG+1A0200_067   1.691 -14.191 -12.500
ARG+1A0200_068   1.853 -14.638 -12.785
ARG+1A0200_069   3.347 -14.689 -11.343
ARG+1A0200_070   2.156 -15.125 -12.969
ARG+1A0200_071   2.044 -14.928 -12.884
ARG+1A0200_072   1.456 -14.579 -13.123
ARG+1A0200_073   1.952 -14.533 -12.582
ARG+1A0200_074   1.731 -14.609 -12.878
ARG+1A0200_075   2.175 -14.143 -11.968
ARG+1A0200_076   1.807 -14.140 -12.333
ARG+1A0200_077   2.335 -14.620 -12.285
ARG+1A0200_078   2.987 -14.234 -11.247
ARG+1A0200_079   1.984 -14.472 -12.488
ARG+1A0200_080   2.581 -14.649 -12.067
