CONFORMER         crg  vdw0  vdw1  tors  epol  self   occ  Hb     history    ASA
LYS01A0237_001  0.000-12.30  0.20  0.98  0.00-11.12 0.502  00  01O000M000  1.000
LYS01A0237_002  0.000 -5.34  0.86  0.85  0.00 -3.64 0.501  00  01E01EM000  1.000
LYS01A0237_003  0.000 -8.21  0.49  4.95  0.00 -2.76 0.501  00  01E0F0M000  1.000
LYS01A0237_004  0.000 -7.71  0.47  2.22  0.00 -5.02 0.502  00  01E0F1M000  1.000
LYS01A0237_005  0.000 -7.56  0.30  2.22  0.00 -5.04 0.502  00  01E0FCM000  1.000
LYS01A0237_006  0.000-10.82  1.73  1.68  0.00 -7.41 0.502  00  01E100M000  1.000
LYS01A0237_007  0.000 -9.63  1.40  4.36  0.00 -3.86 0.501  00  01E11BM000  1.000
LYS01A0237_008  0.000 -9.59  1.34  4.40  0.00 -3.85 0.501  00  01E11DM000  1.000
LYS01A0237_009  0.000 -7.95  1.48  2.21  0.00 -4.26 0.502  00  01E132M000  1.000
LYS01A0237_010  0.000-10.55  1.53  4.12  0.00 -4.91 0.501  00  01E15EM000  1.000
LYS01A0237_011  0.000-10.44  1.86  4.12  0.00 -4.46 0.501  00  01E164M000  1.000
LYS01A0237_012  0.000-12.09  3.79  3.31  0.00 -4.99 0.502  00  01T001M000  1.000
LYS01A0237_013  0.000-11.61  1.65  4.04  0.00 -5.92 0.502  00  01T00FM000  1.000
LYS01A0237_014  0.000-11.07  1.37  1.07  0.00 -8.62 0.502  00  01T034M000  1.000
LYS01A0237_015  0.000-10.45  1.42  1.59  0.00 -7.44 0.502  00  01T086M000  1.000
LYS01A0237_016  0.000-10.49  1.52  1.58  0.00 -7.39 0.501  00  01T087M000  1.000
LYS01A0237_017  0.000-10.23  0.66  6.20  0.00 -3.36 0.501  00  01T0EBM000  1.000
LYS01A0237_018  0.000 -7.32  2.75  2.19  0.00 -2.38 0.501  00  01T135M000  1.000
LYS01A0237_019  0.000 -9.30  4.11  4.42  0.00 -0.77 0.502  00  01T139M000  1.000
LYS01A0237_020  0.000 -9.79  1.55  6.89  0.00 -1.35 0.501  00  01T150M000  1.000
LYS+1A0237_021  1.000-12.34  0.20  0.98  0.00-11.17 0.502  00  +1O000M000  1.000
LYS+1A0237_022  1.000-12.13  3.79  3.31  0.00 -5.03 0.502  00  +1E001M000  1.000
LYS+1A0237_023  1.000-11.52  1.66  4.04  0.00 -5.82 0.502  00  +1E00FM000  1.000
LYS+1A0237_024  1.000 -5.39  0.86  0.85  0.00 -3.69 0.501  00  +1E01EM000  1.000
LYS+1A0237_025  1.000 -7.77  0.46  2.22  0.00 -5.08 0.502  00  +1E0F1M000  1.000
LYS+1A0237_026  1.000 -9.73  1.40  4.36  0.00 -3.96 0.501  00  +1E11BM000  1.000
LYS+1A0237_027  1.000 -7.45  2.74  2.19  0.00 -2.52 0.501  00  +1E135M000  1.000
LYS+1A0237_028  1.000-10.62  1.53  4.12  0.00 -4.97 0.501  00  +1E15EM000  1.000
LYS+1A0237_029  1.000-10.51  1.84  4.12  0.00 -4.55 0.501  00  +1E164M000  1.000
LYS+1A0237_030  1.000-11.08  1.39  1.08  0.00 -8.61 0.502  00  +1T034M000  1.000
LYS+1A0237_031  1.000-10.51  1.42  1.59  0.00 -7.50 0.502  00  +1T086M000  1.000
LYS+1A0237_032  1.000-10.57  1.52  1.58  0.00 -7.48 0.501  00  +1T087M000  1.000
LYS+1A0237_033  1.000-10.21  0.66  6.21  0.00 -3.35 0.501  00  +1T0EBM000  1.000
LYS+1A0237_034  1.000 -8.25  0.49  4.95  0.00 -2.80 0.501  00  +1T0F0M000  1.000
LYS+1A0237_035  1.000 -7.67  0.29  2.22  0.00 -5.16 0.502  00  +1T0FCM000  1.000
LYS+1A0237_036  1.000-10.85  1.73  1.67  0.00 -7.44 0.502  00  +1T100M000  1.000
LYS+1A0237_037  1.000 -9.70  1.36  4.41  0.00 -3.93 0.501  00  +1T11DM000  1.000
LYS+1A0237_038  1.000 -8.01  1.48  2.21  0.00 -4.32 0.502  00  +1T132M000  1.000
LYS+1A0237_039  1.000 -9.44  4.17  4.43  0.00 -0.84 0.502  00  +1T139M000  1.000
LYS+1A0237_040  1.000 -9.82  1.56  6.90  0.00 -1.37 0.501  00  +1T150M000  1.000
