iConf CONFORMER     FL  occ    crg   Em0  pKa0 ne nH    vdw0    vdw1    tors    epol   dsolv   extra    history
00001 LYS01A0237_001 f 0.00  0.000     0  0.00  0  0 -12.298   0.301   0.975  -0.008  -0.007   0.000 01O000M000t
00002 LYS01A0237_002 f 0.00  0.000     0  0.00  0  0  -5.345   0.911   0.847  -0.016  -0.057   0.000 01E01EM000t
00003 LYS01A0237_003 f 0.00  0.000     0  0.00  0  0  -8.219   0.543   4.956  -0.008  -0.075   0.000 01E0F0M000t
00004 LYS01A0237_004 f 0.00  0.000     0  0.00  0  0  -7.705   0.514   2.219  -0.005   0.059   0.000 01E0F1M000t
00005 LYS01A0237_005 f 0.00  0.000     0  0.00  0  0  -7.477   0.345   2.218  -0.016   0.090   0.000 01E0FCM000t
00006 LYS01A0237_006 f 0.00  0.000     0  0.00  0  0 -10.818   1.780   1.676  -0.033   0.003   0.000 01E100M000t
00007 LYS01A0237_007 f 0.00  0.000     0  0.00  0  0  -9.624   1.397   4.363  -0.015  -0.134   0.000 01E11BM000t
00008 LYS01A0237_008 f 0.00  0.000     0  0.00  0  0  -9.588   1.339   4.397  -0.025   0.088   0.000 01E11DM000t
00009 LYS01A0237_009 f 0.00  0.000     0  0.00  0  0  -7.951   1.477   2.212  -0.021  -0.053   0.000 01E132M000t
00010 LYS01A0237_010 f 0.00  0.000     0  0.00  0  0 -10.557   1.526   4.120  -0.028  -0.042   0.000 01E15EM000t
00011 LYS01A0237_011 f 0.00  0.000     0  0.00  0  0 -10.442   1.866   4.121  -0.023   0.061   0.000 01E164M000t
00012 LYS01A0237_012 f 0.00  0.000     0  0.00  0  0 -12.091   3.848   3.308  -0.009  -0.067   0.000 01T001M000t
00013 LYS01A0237_013 f 0.00  0.000     0  0.00  0  0 -11.611   1.654   4.035  -0.010  -0.033   0.000 01T00FM000t
00014 LYS01A0237_014 f 0.00  0.000     0  0.00  0  0 -11.071   1.417   1.073  -0.033   0.095   0.000 01T034M000t
00015 LYS01A0237_015 f 0.00  0.000     0  0.00  0  0 -10.448   1.421   1.589  -0.007  -0.070   0.000 01T086M000t
00016 LYS01A0237_016 f 0.00  0.000     0  0.00  0  0 -10.491   1.516   1.582  -0.018   0.145   0.000 01T087M000t
00017 LYS01A0237_017 f 0.00  0.000     0  0.00  0  0 -10.226   0.714   6.204  -0.016  -0.132   0.000 01T0EBM000t
00018 LYS01A0237_018 f 0.00  0.000     0  0.00  0  0  -7.314   2.823   2.189  -0.023   0.111   0.000 01T135M000t
00019 LYS01A0237_019 f 0.00  0.000     0  0.00  0  0  -9.301   4.174   4.421  -0.117   0.032   0.000 01T139M000t
00020 LYS01A0237_020 f 0.00  0.000     0  0.00  0  0  -9.795   1.552   6.890  -0.015   0.077   0.000 01T150M000t
00021 LYS+1A0237_021 f 0.00  1.000     0 10.40  0  1 -12.342   0.301   0.975   0.042  -0.209   0.000 +1O000M000t
00022 LYS+1A0237_022 f 0.00  1.000     0 10.40  0  1 -12.135   3.847   3.308   0.052  -0.284   0.000 +1E001M000t
00023 LYS+1A0237_023 f 0.00  1.000     0 10.40  0  1 -11.520   1.659   4.041   0.005  -0.425   0.000 +1E00FM000t
00024 LYS+1A0237_024 f 0.00  1.000     0 10.40  0  1  -5.401   0.913   0.848   0.081  -0.175   0.000 +1E01EM000t
00025 LYS+1A0237_025 f 0.00  1.000     0 10.40  0  1  -7.767   0.514   2.222   0.067  -0.041   0.000 +1E0F1M000t
00026 LYS+1A0237_026 f 0.00  1.000     0 10.40  0  1  -9.728   1.400   4.362   0.076  -0.205   0.000 +1E11BM000t
00027 LYS+1A0237_027 f 0.00  1.000     0 10.40  0  1  -7.463   2.807   2.190   0.086  -0.026   0.000 +1E135M000t
00028 LYS+1A0237_028 f 0.00  1.000     0 10.40  0  1 -10.615   1.531   4.120   0.049  -0.004   0.000 +1E15EM000t
00029 LYS+1A0237_029 f 0.00  1.000     0 10.40  0  1 -10.521   1.847   4.122   0.118   0.261   0.000 +1E164M000t
00030 LYS+1A0237_030 f 0.00  1.000     0 10.40  0  1 -11.080   1.442   1.080   0.061  -0.136   0.000 +1T034M000t
00031 LYS+1A0237_031 f 0.00  1.000     0 10.40  0  1 -10.552   1.428   1.591   0.093   0.144   0.000 +1T086M000t
00032 LYS+1A0237_032 f 0.00  1.000     0 10.40  0  1 -10.567   1.513   1.582   0.073   0.079   0.000 +1T087M000t
00033 LYS+1A0237_033 f 0.00  1.000     0 10.40  0  1 -10.218   0.716   6.209   0.039  -0.297   0.000 +1T0EBM000t
00034 LYS+1A0237_034 f 0.00  1.000     0 10.40  0  1  -8.279   0.541   4.955   0.043  -0.283   0.000 +1T0F0M000t
00035 LYS+1A0237_035 f 0.00  1.000     0 10.40  0  1  -7.671   0.341   2.218   0.085   0.040   0.000 +1T0FCM000t
00036 LYS+1A0237_036 f 0.00  1.000     0 10.40  0  1 -10.854   1.781   1.675   0.054   0.196   0.000 +1T100M000t
00037 LYS+1A0237_037 f 0.00  1.000     0 10.40  0  1  -9.706   1.359   4.415   0.119   0.037   0.000 +1T11DM000t
00038 LYS+1A0237_038 f 0.00  1.000     0 10.40  0  1  -8.011   1.479   2.212   0.087  -0.465   0.000 +1T132M000t
00039 LYS+1A0237_039 f 0.00  1.000     0 10.40  0  1  -9.447   4.243   4.430   0.407   0.052   0.000 +1T139M000t
00040 LYS+1A0237_040 f 0.00  1.000     0 10.40  0  1  -9.822   1.561   6.897   0.062  -0.207   0.000 +1T150M000t
