   confID        vdw0    sas     sum
LYS01A0237_001   0.493 -12.791 -12.298
LYS01A0237_002   6.761 -12.106  -5.345
LYS01A0237_003   4.643 -12.862  -8.219
LYS01A0237_004   4.563 -12.268  -7.705
LYS01A0237_005   4.711 -12.187  -7.477
LYS01A0237_006   2.059 -12.877 -10.818
LYS01A0237_007   2.450 -12.074  -9.624
LYS01A0237_008   2.622 -12.210  -9.588
LYS01A0237_009   4.806 -12.757  -7.951
LYS01A0237_010   2.058 -12.615 -10.557
LYS01A0237_011   1.971 -12.413 -10.442
LYS01A0237_012   0.504 -12.595 -12.091
LYS01A0237_013   1.109 -12.720 -11.611
LYS01A0237_014   1.714 -12.785 -11.071
LYS01A0237_015   1.836 -12.284 -10.448
LYS01A0237_016   1.847 -12.338 -10.491
LYS01A0237_017   1.912 -12.138 -10.226
LYS01A0237_018   4.696 -12.011  -7.314
LYS01A0237_019   2.677 -11.978  -9.301
LYS01A0237_020   2.404 -12.199  -9.795
LYS+1A0237_021   0.449 -12.791 -12.342
LYS+1A0237_022   0.460 -12.595 -12.135
LYS+1A0237_023   1.065 -12.585 -11.520
LYS+1A0237_024   6.705 -12.106  -5.401
LYS+1A0237_025   4.501 -12.268  -7.767
LYS+1A0237_026   2.397 -12.125  -9.728
LYS+1A0237_027   4.586 -12.049  -7.463
LYS+1A0237_028   2.000 -12.615 -10.615
LYS+1A0237_029   1.889 -12.410 -10.521
LYS+1A0237_030   1.653 -12.733 -11.080
LYS+1A0237_031   1.771 -12.323 -10.552
LYS+1A0237_032   1.772 -12.338 -10.567
LYS+1A0237_033   1.852 -12.070 -10.218
LYS+1A0237_034   4.622 -12.901  -8.279
LYS+1A0237_035   4.632 -12.303  -7.671
LYS+1A0237_036   1.971 -12.825 -10.854
LYS+1A0237_037   2.504 -12.210  -9.706
LYS+1A0237_038   4.746 -12.757  -8.011
LYS+1A0237_039   2.583 -12.029  -9.447
LYS+1A0237_040   2.339 -12.160  -9.822
