CONFORMER         crg  vdw0  vdw1  tors  epol  self   occ  Hb     history    ASA
LYS01A0230_001  0.000-10.87 10.22  2.49  0.00  1.83 0.000  00  01O000M000  1.000
LYS01A0230_002  0.000-11.74  2.32  1.68  0.00 -7.74 0.503  00  01E002M000  1.000
LYS01A0230_003  0.000 -9.43  2.19  1.71  0.00 -5.53 0.503  00  01E011M000  1.000
LYS01A0230_004  0.000-11.41  5.68  3.97  0.00 -1.76 0.503  00  01E03EM000  1.000
LYS01A0230_005  0.000 -8.98  4.81  2.95  0.00 -1.21 0.502  00  01E044M000  1.000
LYS01A0230_006  0.000 -9.58  2.41  3.07  0.00 -4.11 0.504  00  01E085M000  1.000
LYS01A0230_007  0.000 -7.90  2.71  3.09  0.00 -2.10 0.505  00  01E087M000  1.000
LYS01A0230_008  0.000 -7.92  4.38  3.32  0.00 -0.22 0.503  00  01E098M000  1.000
LYS01A0230_009  0.000-11.37  5.20  1.48  0.00 -4.69 0.000  00  01X000M000  1.000
LYS01A0230_010  0.000-11.20  7.35  2.17  0.00 -1.69 0.504  00  01T003M000  1.000
LYS01A0230_011  0.000 -9.63  4.75  3.01  0.00 -1.87 0.503  00  01T005M000  1.000
LYS01A0230_012  0.000-10.49  2.50  2.35  0.00 -5.65 0.504  00  01T014M000  1.000
LYS01A0230_013  0.000-11.26  5.20  2.72  0.00 -3.33 0.503  00  01T021M000  1.000
LYS01A0230_014  0.000-10.36  7.37  2.23  0.00 -0.76 0.502  00  01T039M000  1.000
LYS01A0230_015  0.000-11.06  6.94  1.71  0.00 -2.42 0.503  00  01T03AM000  1.000
LYS01A0230_016  0.000-11.49  3.42  2.33  0.00 -5.74 0.502  00  01T04BM000  1.000
LYS01A0230_017  0.000 -9.96  2.58  4.43  0.00 -2.95 0.503  00  01T04FM000  1.000
LYS01A0230_018  0.000-10.52  2.28  2.12  0.00 -6.13 0.502  00  01T066M000  1.000
LYS01A0230_019  0.000-10.74  8.31  2.47  0.00  0.05 0.502  00  01T075M000  1.000
LYS01A0230_020  0.000 -7.85  2.56  3.08  0.00 -2.21 0.503  00  01T082M000  1.000
LYS01A0230_021  0.000-10.75  5.08  5.11  0.00 -0.56 0.503  00  01T095M000  1.000
LYS+1A0230_022  1.000-10.91 10.21  2.49  0.00  1.79 0.000  00  +1O000M000  1.000
LYS+1A0230_023  1.000-11.79  2.32  1.68  0.00 -7.78 0.503  00  +1E002M000  1.000
LYS+1A0230_024  1.000-11.27  7.36  2.17  0.00 -1.73 0.504  00  +1E003M000  1.000
LYS+1A0230_025  1.000 -9.68  4.77  3.03  0.00 -1.87 0.503  00  +1E005M000  1.000
LYS+1A0230_026  1.000-10.58  7.41  2.26  0.00 -0.91 0.502  00  +1E039M000  1.000
LYS+1A0230_027  1.000-11.59  3.41  2.34  0.00 -5.84 0.502  00  +1E04BM000  1.000
LYS+1A0230_028  1.000-10.67  2.30  2.16  0.00 -6.22 0.502  00  +1E066M000  1.000
LYS+1A0230_029  1.000-10.83  8.26  2.49  0.00 -0.09 0.502  00  +1E075M000  1.000
LYS+1A0230_030  1.000 -7.81  2.56  3.09  0.00 -2.16 0.503  00  +1E082M000  1.000
LYS+1A0230_031  1.000 -9.66  2.41  3.08  0.00 -4.16 0.504  00  +1E085M000  1.000
LYS+1A0230_032  1.000 -7.89  2.70  3.10  0.00 -2.08 0.505  00  +1E087M000  1.000
LYS+1A0230_033  1.000-10.90  5.03  5.15  0.00 -0.73 0.503  00  +1E095M000  1.000
LYS+1A0230_034  1.000-11.48  5.22  1.49  0.00 -4.78 0.000  00  +1X000M000  1.000
LYS+1A0230_035  1.000 -9.32  2.20  1.71  0.00 -5.41 0.503  00  +1T011M000  1.000
LYS+1A0230_036  1.000-10.54  2.51  2.36  0.00 -5.67 0.504  00  +1T014M000  1.000
LYS+1A0230_037  1.000-11.25  5.20  2.73  0.00 -3.32 0.503  00  +1T021M000  1.000
LYS+1A0230_038  1.000-11.11  6.93  1.72  0.00 -2.46 0.503  00  +1T03AM000  1.000
LYS+1A0230_039  1.000-11.41  5.67  4.00  0.00 -1.74 0.503  00  +1T03EM000  1.000
LYS+1A0230_040  1.000 -8.93  4.82  2.96  0.00 -1.15 0.502  00  +1T044M000  1.000
LYS+1A0230_041  1.000 -9.99  2.59  4.46  0.00 -2.94 0.503  00  +1T04FM000  1.000
LYS+1A0230_042  1.000 -7.80  4.21  3.32  0.00 -0.28 0.503  00  +1T098M000  1.000
