iConf CONFORMER     FL  occ    crg   Em0  pKa0 ne nH    vdw0    vdw1    tors    epol   dsolv   extra    history
00001 LYS01A0230_001 f 0.00  0.000     0  0.00  0  0 -10.869  10.222   2.486  -0.004   0.024   0.000 01O000M000t
00002 LYS01A0230_002 f 0.00  0.000     0  0.00  0  0 -11.742   2.319   1.684  -0.006  -0.126   0.000 01E002M000t
00003 LYS01A0230_003 f 0.00  0.000     0  0.00  0  0  -9.493   2.196   1.709  -0.004  -0.033   0.000 01E011M000t
00004 LYS01A0230_004 f 0.00  0.000     0  0.00  0  0 -11.410   5.683   3.974  -0.028   0.078   0.000 01E03EM000t
00005 LYS01A0230_005 f 0.00  0.000     0  0.00  0  0  -8.983   4.812   2.955  -0.012  -0.179   0.000 01E044M000t
00006 LYS01A0230_006 f 0.00  0.000     0  0.00  0  0  -9.579   2.405   3.067  -0.033   0.107   0.000 01E085M000t
00007 LYS01A0230_007 f 0.00  0.000     0  0.00  0  0  -7.896   2.711   3.093  -0.010   0.001   0.000 01E087M000t
00008 LYS01A0230_008 f 0.00  0.000     0  0.00  0  0  -7.924   4.376   3.318  -0.290  -0.025   0.000 01E098M000t
00009 LYS01A0230_009 f 0.00  0.000     0  0.00  0  0 -11.367   5.207   1.478  -0.005   0.052   0.000 01X000M000t
00010 LYS01A0230_010 f 0.00  0.000     0  0.00  0  0 -11.205   7.350   2.170  -0.002   0.045   0.000 01T003M000t
00011 LYS01A0230_011 f 0.00  0.000     0  0.00  0  0  -9.627   4.755   3.013  -0.009  -0.131   0.000 01T005M000t
00012 LYS01A0230_012 f 0.00  0.000     0  0.00  0  0 -10.392   2.499   2.349  -0.009   0.037   0.000 01T014M000t
00013 LYS01A0230_013 f 0.00  0.000     0  0.00  0  0 -11.256   5.193   2.725  -0.014  -0.224   0.000 01T021M000t
00014 LYS01A0230_014 f 0.00  0.000     0  0.00  0  0 -10.361   7.368   2.232  -0.013  -0.063   0.000 01T039M000t
00015 LYS01A0230_015 f 0.00  0.000     0  0.00  0  0 -11.060   6.936   1.710   0.001   0.063   0.000 01T03AM000t
00016 LYS01A0230_016 f 0.00  0.000     0  0.00  0  0 -11.491   3.420   2.330  -0.018   0.004   0.000 01T04BM000t
00017 LYS01A0230_017 f 0.00  0.000     0  0.00  0  0  -9.892   2.582   4.430  -0.011   0.018   0.000 01T04FM000t
00018 LYS01A0230_018 f 0.00  0.000     0  0.00  0  0 -10.525   2.284   2.117  -0.010   0.035   0.000 01T066M000t
00019 LYS01A0230_019 f 0.00  0.000     0  0.00  0  0 -10.738   8.314   2.475  -0.163  -0.039   0.000 01T075M000t
00020 LYS01A0230_020 f 0.00  0.000     0  0.00  0  0  -7.853   2.556   3.078  -0.032   0.140   0.000 01T082M000t
00021 LYS01A0230_021 f 0.00  0.000     0  0.00  0  0 -10.745   5.082   5.110  -0.022  -0.030   0.000 01T095M000t
00022 LYS+1A0230_022 f 0.00  1.000     0 10.40  0  1 -10.911  10.221   2.486   0.003  -0.676   0.000 +1O000M000t
00023 LYS+1A0230_023 f 0.00  1.000     0 10.40  0  1 -11.784   2.320   1.684   0.025  -0.610   0.000 +1E002M000t
00024 LYS+1A0230_024 f 0.00  1.000     0 10.40  0  1 -11.265   7.368   2.172   0.002  -0.416   0.000 +1E003M000t
00025 LYS+1A0230_025 f 0.00  1.000     0 10.40  0  1  -9.674   4.777   3.035   0.019  -0.247   0.000 +1E005M000t
00026 LYS+1A0230_026 f 0.00  1.000     0 10.40  0  1 -10.583   7.411   2.256  -0.031  -0.060   0.000 +1E039M000t
00027 LYS+1A0230_027 f 0.00  1.000     0 10.40  0  1 -11.589   3.408   2.340   0.093  -0.073   0.000 +1E04BM000t
00028 LYS+1A0230_028 f 0.00  1.000     0 10.40  0  1 -10.676   2.305   2.160   0.074  -0.084   0.000 +1E066M000t
00029 LYS+1A0230_029 f 0.00  1.000     0 10.40  0  1 -10.838   8.270   2.488   0.630   0.122   0.000 +1E075M000t
00030 LYS+1A0230_030 f 0.00  1.000     0 10.40  0  1  -7.823   2.563   3.095   0.012   0.223   0.000 +1E082M000t
00031 LYS+1A0230_031 f 0.00  1.000     0 10.40  0  1  -9.661   2.412   3.086   0.175   0.048   0.000 +1E085M000t
00032 LYS+1A0230_032 f 0.00  1.000     0 10.40  0  1  -7.889   2.707   3.105   0.143   0.155   0.000 +1E087M000t
00033 LYS+1A0230_033 f 0.00  1.000     0 10.40  0  1 -10.845   5.028   5.148   0.103  -0.247   0.000 +1E095M000t
00034 LYS+1A0230_034 f 0.00  1.000     0 10.40  0  1 -11.480   5.218   1.485   0.003  -0.665   0.000 +1X000M000t
00035 LYS+1A0230_035 f 0.00  1.000     0 10.40  0  1  -9.319   2.201   1.716  -0.000  -0.488   0.000 +1T011M000t
00036 LYS+1A0230_036 f 0.00  1.000     0 10.40  0  1 -10.539   2.503   2.360   0.027  -0.548   0.000 +1T014M000t
00037 LYS+1A0230_037 f 0.00  1.000     0 10.40  0  1 -11.259   5.213   2.737   0.094  -0.625   0.000 +1T021M000t
00038 LYS+1A0230_038 f 0.00  1.000     0 10.40  0  1 -11.113   6.926   1.717  -0.066  -0.057   0.000 +1T03AM000t
00039 LYS+1A0230_039 f 0.00  1.000     0 10.40  0  1 -11.406   5.667   4.006   0.128  -0.466   0.000 +1T03EM000t
00040 LYS+1A0230_040 f 0.00  1.000     0 10.40  0  1  -8.878   4.825   2.963   0.074  -0.236   0.000 +1T044M000t
00041 LYS+1A0230_041 f 0.00  1.000     0 10.40  0  1 -10.060   2.591   4.465   0.054  -0.357   0.000 +1T04FM000t
00042 LYS+1A0230_042 f 0.00  1.000     0 10.40  0  1  -7.735   4.206   3.316   2.300   0.618   0.000 +1T098M000t
