   confID        vdw0    sas     sum
LYS01A0230_001   1.249 -12.118 -10.869
LYS01A0230_002   0.920 -12.662 -11.742
LYS01A0230_003   2.822 -12.315  -9.493
LYS01A0230_004   1.018 -12.428 -11.410
LYS01A0230_005   3.368 -12.351  -8.983
LYS01A0230_006   2.798 -12.377  -9.579
LYS01A0230_007   4.291 -12.187  -7.896
LYS01A0230_008   4.475 -12.399  -7.924
LYS01A0230_009   0.873 -12.241 -11.367
LYS01A0230_010   1.303 -12.508 -11.205
LYS01A0230_011   2.842 -12.469  -9.627
LYS01A0230_012   1.749 -12.141 -10.392
LYS01A0230_013   1.365 -12.620 -11.256
LYS01A0230_014   1.626 -11.987 -10.361
LYS01A0230_015   1.137 -12.196 -11.060
LYS01A0230_016   1.147 -12.638 -11.491
LYS01A0230_017   2.420 -12.312  -9.892
LYS01A0230_018   1.417 -11.942 -10.525
LYS01A0230_019   1.317 -12.056 -10.738
LYS01A0230_020   3.858 -11.711  -7.853
LYS01A0230_021   1.659 -12.405 -10.745
LYS+1A0230_022   1.207 -12.118 -10.911
LYS+1A0230_023   0.878 -12.662 -11.784
LYS+1A0230_024   1.259 -12.524 -11.265
LYS+1A0230_025   2.778 -12.453  -9.674
LYS+1A0230_026   1.524 -12.107 -10.583
LYS+1A0230_027   1.100 -12.689 -11.589
LYS+1A0230_028   1.331 -12.007 -10.676
LYS+1A0230_029   1.218 -12.056 -10.838
LYS+1A0230_030   3.746 -11.569  -7.823
LYS+1A0230_031   2.716 -12.377  -9.661
LYS+1A0230_032   4.298 -12.187  -7.889
LYS+1A0230_033   1.624 -12.469 -10.845
LYS+1A0230_034   0.829 -12.308 -11.480
LYS+1A0230_035   2.813 -12.131  -9.319
LYS+1A0230_036   1.705 -12.244 -10.539
LYS+1A0230_037   1.322 -12.582 -11.259
LYS+1A0230_038   1.083 -12.196 -11.113
LYS+1A0230_039   0.984 -12.389 -11.406
LYS+1A0230_040   3.358 -12.235  -8.878
LYS+1A0230_041   2.383 -12.444 -10.060
LYS+1A0230_042   4.477 -12.212  -7.735
