CONFORMER         crg  vdw0  vdw1  tors  epol  self   occ  Hb     history    ASA
ARG01A0002_001  0.000-13.44  0.33  0.49  0.00-12.62 0.502  00  01O000M000  1.000
ARG01A0002_002  0.000-13.39  1.58  0.46  0.00-11.35 0.501  00  01E002M000  1.000
ARG01A0002_003  0.000-12.87  0.54  0.45  0.00-11.88 0.502  00  01E025M000  1.000
ARG01A0002_004  0.000-12.17  0.34  0.44  0.00-11.39 0.502  00  01E054M000  1.000
ARG01A0002_005  0.000-11.30  1.86  1.13  0.00 -8.31 0.501  00  01E075M000  1.000
ARG01A0002_006  0.000-11.45  0.77  1.13  0.00 -9.55 0.502  00  01E080M000  1.000
ARG01A0002_007  0.000-11.76  1.01  0.53  0.00-10.22 0.501  00  01E083M000  1.000
ARG01A0002_008  0.000-10.27  1.00  3.13  0.00 -6.14 0.501  00  01E0D7M000  1.000
ARG01A0002_009  0.000 -9.00  0.39  3.89  0.00 -4.73 0.502  00  01E0FDM000  1.000
ARG01A0002_010  0.000 -8.86  0.38  3.91  0.00 -4.57 0.502  00  01E0FFM000  1.000
ARG01A0002_011  0.000 -8.71  1.72  3.91  0.00 -3.08 0.501  00  01E116M000  1.000
ARG01A0002_012  0.000-10.60  0.50  1.09  0.00 -9.01 0.502  00  01E133M000  1.000
ARG01A0002_013  0.000-12.11  1.31  5.95  0.00 -4.85 0.502  00  01E145M000  1.000
ARG01A0002_014  0.000-12.84  0.30  3.30  0.00 -9.25 0.502  00  01T012M000  1.000
ARG01A0002_015  0.000-11.72  3.48  3.10  0.00 -5.13 0.502  00  01T05AM000  1.000
ARG01A0002_016  0.000-11.00  1.44  0.46  0.00 -9.11 0.503  00  01T0B4M000  1.000
ARG01A0002_017  0.000-11.59  1.21  5.79  0.00 -4.59 0.501  00  01T0D2M000  1.000
ARG01A0002_018  0.000 -9.65  2.64  1.10  0.00 -5.90 0.502  00  01T108M000  1.000
ARG01A0002_019  0.000 -8.98  0.22  1.14  0.00 -7.62 0.502  00  01T132M000  1.000
ARG01A0002_020  0.000-11.21  1.81  5.97  0.00 -3.42 0.501  00  01T146M000  1.000
ARG02A0002_021  0.000-13.48  0.33  0.49  0.00-12.66 0.502  00  02O000M000  1.000
ARG02A0002_022  0.000-12.20  1.31  5.94  0.00 -4.95 0.502  00  02E145M000  1.000
ARG02A0002_023  0.000-11.71  3.48  3.11  0.00 -5.12 0.502  00  02E05AM000  1.000
ARG02A0002_024  0.000-11.00  1.43  0.46  0.00 -9.12 0.503  00  02E0B4M000  1.000
ARG02A0002_025  0.000-10.40  1.00  3.12  0.00 -6.27 0.501  00  02E0D7M000  1.000
ARG02A0002_026  0.000-13.15  0.29  3.25  0.00 -9.61 0.502  00  02T012M000  1.000
ARG02A0002_027  0.000-11.48  0.79  1.11  0.00 -9.58 0.502  00  02T080M000  1.000
ARG02A0002_028  0.000-12.19  1.01  0.53  0.00-10.65 0.501  00  02T083M000  1.000
ARG02A0002_029  0.000 -9.83  2.20  1.10  0.00 -6.53 0.502  00  02T108M000  1.000
ARG02A0002_030  0.000-13.62  1.60  0.45  0.00-11.57 0.501  00  02T002M000  1.000
ARG02A0002_031  0.000-12.89  0.54  0.45  0.00-11.91 0.502  00  02T025M000  1.000
ARG02A0002_032  0.000-12.16  0.34  0.44  0.00-11.38 0.502  00  02T054M000  1.000
ARG02A0002_033  0.000-11.47  1.80  1.10  0.00 -8.56 0.501  00  02T075M000  1.000
ARG02A0002_034  0.000-11.35  1.21  5.66  0.00 -4.48 0.501  00  02T0D2M000  1.000
ARG02A0002_035  0.000 -8.89  0.39  3.90  0.00 -4.61 0.502  00  02T0FFM000  1.000
ARG02A0002_036  0.000-10.76  0.49  1.08  0.00 -9.19 0.502  00  02T133M000  1.000
ARG02A0002_037  0.000-11.07  1.79  5.97  0.00 -3.32 0.501  00  02T146M000  1.000
ARG02A0002_038  0.000 -9.04  0.39  3.88  0.00 -4.77 0.502  00  02T0FDM000  1.000
ARG02A0002_039  0.000 -8.70  1.72  3.90  0.00 -3.07 0.501  00  02T116M000  1.000
ARG02A0002_040  0.000 -8.98  0.23  1.13  0.00 -7.63 0.502  00  02T132M000  1.000
ARG03A0002_041  0.000-12.14  0.33  0.45  0.00-11.36 0.502  00  03E054M000  1.000
ARG03A0002_042  0.000 -8.64  0.21  1.13  0.00 -7.30 0.502  00  03E132M000  1.000
ARG03A0002_043  0.000-13.48  0.33  0.49  0.00-12.66 0.502  00  03O000M000  1.000
ARG03A0002_044  0.000 -9.08  0.39  3.88  0.00 -4.81 0.502  00  03E0FDM000  1.000
ARG03A0002_045  0.000-12.95  0.53  0.45  0.00-11.97 0.502  00  03T025M000  1.000
ARG03A0002_046  0.000 -8.55  1.71  3.91  0.00 -2.93 0.501  00  03T116M000  1.000
ARG03A0002_047  0.000-10.63  0.49  1.08  0.00 -9.06 0.502  00  03T133M000  1.000
ARG03A0002_048  0.000-11.13  1.77  5.97  0.00 -3.39 0.501  00  03T146M000  1.000
ARG03A0002_049  0.000-13.68  1.61  0.44  0.00-11.63 0.501  00  03T002M000  1.000
ARG03A0002_050  0.000-11.74  3.49  3.11  0.00 -5.15 0.502  00  03T05AM000  1.000
ARG03A0002_051  0.000-11.48  0.79  1.11  0.00 -9.58 0.502  00  03T080M000  1.000
ARG03A0002_052  0.000-11.84  1.00  0.53  0.00-10.31 0.501  00  03T083M000  1.000
ARG03A0002_053  0.000-10.96  1.43  0.45  0.00 -9.07 0.503  00  03T0B4M000  1.000
ARG03A0002_054  0.000-11.39  1.20  5.67  0.00 -4.51 0.501  00  03T0D2M000  1.000
ARG03A0002_055  0.000 -8.48  0.38  3.90  0.00 -4.20 0.502  00  03T0FFM000  1.000
ARG03A0002_056  0.000 -9.51  2.66  1.09  0.00 -5.76 0.502  00  03T108M000  1.000
ARG03A0002_057  0.000-13.09  0.29  3.25  0.00 -9.54 0.502  00  03T012M000  1.000
ARG03A0002_058  0.000-11.25  1.79  1.11  0.00 -8.35 0.501  00  03T075M000  1.000
ARG03A0002_059  0.000-10.03  0.99  3.11  0.00 -5.93 0.501  00  03T0D7M000  1.000
ARG03A0002_060  0.000-12.11  1.31  5.94  0.00 -4.86 0.502  00  03T145M000  1.000
ARG+1A0002_061  1.000-13.52  0.33  0.49  0.00-12.70 0.502  00  +1O000M000  1.000
ARG+1A0002_062  1.000-13.13  0.29  3.25  0.00 -9.59 0.502  00  +1E012M000  1.000
ARG+1A0002_063  1.000-13.00  0.53  0.45  0.00-12.01 0.502  00  +1E025M000  1.000
ARG+1A0002_064  1.000-12.24  0.33  0.44  0.00-11.46 0.502  00  +1E054M000  1.000
ARG+1A0002_065  1.000-11.33  1.80  1.11  0.00 -8.43 0.501  00  +1E075M000  1.000
ARG+1A0002_066  1.000-11.52  0.79  1.11  0.00 -9.63 0.502  00  +1E080M000  1.000
ARG+1A0002_067  1.000-11.09  1.43  0.46  0.00 -9.21 0.503  00  +1E0B4M000  1.000
ARG+1A0002_068  1.000 -9.94  0.99  3.11  0.00 -5.84 0.501  00  +1E0D7M000  1.000
ARG+1A0002_069  1.000-12.22  1.30  5.94  0.00 -4.98 0.502  00  +1E145M000  1.000
ARG+1A0002_070  1.000-11.26  1.76  5.97  0.00 -3.53 0.501  00  +1E146M000  1.000
ARG+1A0002_071  1.000-13.66  1.60  0.45  0.00-11.61 0.501  00  +1T002M000  1.000
ARG+1A0002_072  1.000-11.79  3.49  3.11  0.00 -5.20 0.502  00  +1T05AM000  1.000
ARG+1A0002_073  1.000-11.82  1.00  0.53  0.00-10.29 0.501  00  +1T083M000  1.000
ARG+1A0002_074  1.000-11.44  1.21  5.68  0.00 -4.56 0.501  00  +1T0D2M000  1.000
ARG+1A0002_075  1.000 -9.12  0.39  3.88  0.00 -4.85 0.502  00  +1T0FDM000  1.000
ARG+1A0002_076  1.000 -8.61  0.38  3.90  0.00 -4.33 0.502  00  +1T0FFM000  1.000
ARG+1A0002_077  1.000 -9.58  2.60  1.09  0.00 -5.88 0.502  00  +1T108M000  1.000
ARG+1A0002_078  1.000 -8.50  1.71  3.91  0.00 -2.89 0.501  00  +1T116M000  1.000
ARG+1A0002_079  1.000 -8.73  0.21  1.13  0.00 -7.39 0.502  00  +1T132M000  1.000
ARG+1A0002_080  1.000-10.67  0.49  1.08  0.00 -9.09 0.502  00  +1T133M000  1.000
