iConf CONFORMER     FL  occ    crg   Em0  pKa0 ne nH    vdw0    vdw1    tors    epol   dsolv   extra    history
00001 ARG01A0002_001 f 0.00  0.000     0  0.00  0  0 -13.441   0.334   0.491   0.017  -0.093   0.000 01O000M000t
00002 ARG01A0002_002 f 0.00  0.000     0  0.00  0  0 -13.383   1.581   0.461   0.049  -0.278   0.000 01E002M000t
00003 ARG01A0002_003 f 0.00  0.000     0  0.00  0  0 -12.870   0.541   0.448   0.038  -0.360   0.000 01E025M000t
00004 ARG01A0002_004 f 0.00  0.000     0  0.00  0  0 -12.184   0.336   0.445   0.022  -0.230   0.000 01E054M000t
00005 ARG01A0002_005 f 0.00  0.000     0  0.00  0  0 -11.344   1.858   1.131   0.052  -0.075   0.000 01E075M000t
00006 ARG01A0002_006 f 0.00  0.000     0  0.00  0  0 -11.442   0.772   1.125   0.080  -0.204   0.000 01E080M000t
00007 ARG01A0002_007 f 0.00  0.000     0  0.00  0  0 -11.760   1.003   0.528   0.360  -0.188   0.000 01E083M000t
00008 ARG01A0002_008 f 0.00  0.000     0  0.00  0  0 -10.268   0.995   3.130   0.004  -0.165   0.000 01E0D7M000t
00009 ARG01A0002_009 f 0.00  0.000     0  0.00  0  0  -9.008   0.388   3.889   0.013  -0.080   0.000 01E0FDM000t
00010 ARG01A0002_010 f 0.00  0.000     0  0.00  0  0  -8.851   0.382   3.910   0.046  -0.133   0.000 01E0FFM000t
00011 ARG01A0002_011 f 0.00  0.000     0  0.00  0  0  -8.770   1.718   3.912   0.001   0.008   0.000 01E116M000t
00012 ARG01A0002_012 f 0.00  0.000     0  0.00  0  0 -10.601   0.502   1.088  -0.061   0.230   0.000 01E133M000t
00013 ARG01A0002_013 f 0.00  0.000     0  0.00  0  0 -12.104   1.315   5.951   0.240  -0.076   0.000 01E145M000t
00014 ARG01A0002_014 f 0.00  0.000     0  0.00  0  0 -12.901   0.295   3.296   0.027  -0.247   0.000 01T012M000t
00015 ARG01A0002_015 f 0.00  0.000     0  0.00  0  0 -11.712   3.483   3.104   0.018  -0.541   0.000 01T05AM000t
00016 ARG01A0002_016 f 0.00  0.000     0  0.00  0  0 -11.013   1.434   0.457  -0.009   0.061   0.000 01T0B4M000t
00017 ARG01A0002_017 f 0.00  0.000     0  0.00  0  0 -11.594   1.210   5.794   0.011  -0.419   0.000 01T0D2M000t
00018 ARG01A0002_018 f 0.00  0.000     0  0.00  0  0  -9.641   2.645   1.105  -0.082   0.397   0.000 01T108M000t
00019 ARG01A0002_019 f 0.00  0.000     0  0.00  0  0  -8.978   0.220   1.141  -0.090   0.282   0.000 01T132M000t
00020 ARG01A0002_020 f 0.00  0.000     0  0.00  0  0 -11.198   1.803   5.975   0.074  -0.331   0.000 01T146M000t
00021 ARG02A0002_021 f 0.00  0.000     0  0.00  0  0 -13.480   0.331   0.491   0.031   1.007   0.000 02O000M000t
00022 ARG02A0002_022 f 0.00  0.000     0  0.00  0  0 -12.194   1.316   5.936   0.271   1.087   0.000 02E145M000t
00023 ARG02A0002_023 f 0.00  0.000     0  0.00  0  0 -11.710   3.480   3.105   0.036   0.597   0.000 02E05AM000t
00024 ARG02A0002_024 f 0.00  0.000     0  0.00  0  0 -11.004   1.432   0.456  -0.021   0.958   0.000 02E0B4M000t
00025 ARG02A0002_025 f 0.00  0.000     0  0.00  0  0 -10.393   1.005   3.120  -0.059   1.015   0.000 02E0D7M000t
00026 ARG02A0002_026 f 0.00  0.000     0  0.00  0  0 -13.152   0.289   3.252   0.040   0.926   0.000 02T012M000t
00027 ARG02A0002_027 f 0.00  0.000     0  0.00  0  0 -11.477   0.789   1.108   0.091   1.047   0.000 02T080M000t
00028 ARG02A0002_028 f 0.00  0.000     0  0.00  0  0 -12.180   1.010   0.526   0.361   1.106   0.000 02T083M000t
00029 ARG02A0002_029 f 0.00  0.000     0  0.00  0  0  -9.887   2.199   1.097  -0.039   1.488   0.000 02T108M000t
00030 ARG02A0002_030 f 0.00  0.000     0  0.00  0  0 -13.614   1.603   0.446   0.010   0.390   0.000 02T002M000t
00031 ARG02A0002_031 f 0.00  0.000     0  0.00  0  0 -12.896   0.538   0.451   0.023   0.650   0.000 02T025M000t
00032 ARG02A0002_032 f 0.00  0.000     0  0.00  0  0 -12.154   0.336   0.445   0.015   0.735   0.000 02T054M000t
00033 ARG02A0002_033 f 0.00  0.000     0  0.00  0  0 -11.398   1.803   1.105   0.043   0.571   0.000 02T075M000t
00034 ARG02A0002_034 f 0.00  0.000     0  0.00  0  0 -11.362   1.210   5.666   0.024   0.706   0.000 02T0D2M000t
00035 ARG02A0002_035 f 0.00  0.000     0  0.00  0  0  -8.890   0.385   3.901   0.003   0.697   0.000 02T0FFM000t
00036 ARG02A0002_036 f 0.00  0.000     0  0.00  0  0 -10.748   0.485   1.085  -0.039   0.887   0.000 02T133M000t
00037 ARG02A0002_037 f 0.00  0.000     0  0.00  0  0 -11.075   1.787   5.966   0.107   0.789   0.000 02T146M000t
00038 ARG02A0002_038 f 0.00  0.000     0  0.00  0  0  -9.046   0.392   3.884   0.038   0.782   0.000 02T0FDM000t
00039 ARG02A0002_039 f 0.00  0.000     0  0.00  0  0  -8.700   1.722   3.905   0.046   0.839   0.000 02T116M000t
00040 ARG02A0002_040 f 0.00  0.000     0  0.00  0  0  -8.986   0.228   1.127  -0.189   1.188   0.000 02T132M000t
00041 ARG03A0002_041 f 0.00  0.000     0  0.00  0  0 -12.138   0.334   0.445   0.025   0.959   0.000 03E054M000t
00042 ARG03A0002_042 f 0.00  0.000     0  0.00  0  0  -8.631   0.205   1.135  -0.109   1.352   0.000 03E132M000t
00043 ARG03A0002_043 f 0.00  0.000     0  0.00  0  0 -13.480   0.332   0.491   0.026   0.581   0.000 03O000M000t
00044 ARG03A0002_044 f 0.00  0.000     0  0.00  0  0  -9.073   0.388   3.884   0.016   0.773   0.000 03E0FDM000t
00045 ARG03A0002_045 f 0.00  0.000     0  0.00  0  0 -12.944   0.530   0.448   0.034   0.530   0.000 03T025M000t
00046 ARG03A0002_046 f 0.00  0.000     0  0.00  0  0  -8.551   1.715   3.906   0.014   0.977   0.000 03T116M000t
00047 ARG03A0002_047 f 0.00  0.000     0  0.00  0  0 -10.749   0.490   1.085  -0.033   0.982   0.000 03T133M000t
00048 ARG03A0002_048 f 0.00  0.000     0  0.00  0  0 -11.123   1.765   5.968   0.120   1.056   0.000 03T146M000t
00049 ARG03A0002_049 f 0.00  0.000     0  0.00  0  0 -13.677   1.605   0.445   0.031   0.754   0.000 03T002M000t
00050 ARG03A0002_050 f 0.00  0.000     0  0.00  0  0 -11.741   3.489   3.105   0.026   0.777   0.000 03T05AM000t
00051 ARG03A0002_051 f 0.00  0.000     0  0.00  0  0 -11.528   0.795   1.111   0.079   0.835   0.000 03T080M000t
00052 ARG03A0002_052 f 0.00  0.000     0  0.00  0  0 -11.843   1.003   0.525   0.343   0.782   0.000 03T083M000t
00053 ARG03A0002_053 f 0.00  0.000     0  0.00  0  0 -10.958   1.433   0.455  -0.015   0.953   0.000 03T0B4M000t
00054 ARG03A0002_054 f 0.00  0.000     0  0.00  0  0 -11.386   1.202   5.675   0.017   0.688   0.000 03T0D2M000t
00055 ARG03A0002_055 f 0.00  0.000     0  0.00  0  0  -8.478   0.378   3.902   0.036   0.781   0.000 03T0FFM000t
00056 ARG03A0002_056 f 0.00  0.000     0  0.00  0  0  -9.512   2.655   1.093  -0.113   1.142   0.000 03T108M000t
00057 ARG03A0002_057 f 0.00  0.000     0  0.00  0  0 -13.087   0.289   3.253   0.036   0.695   0.000 03T012M000t
00058 ARG03A0002_058 f 0.00  0.000     0  0.00  0  0 -11.244   1.799   1.107   0.055   0.536   0.000 03T075M000t
00059 ARG03A0002_059 f 0.00  0.000     0  0.00  0  0 -10.035   0.989   3.113  -0.005   0.930   0.000 03T0D7M000t
00060 ARG03A0002_060 f 0.00  0.000     0  0.00  0  0 -12.107   1.310   5.939   0.240   0.824   0.000 03T145M000t
00061 ARG+1A0002_061 f 0.00  1.000     0 12.50  0  1 -13.523   0.331   0.491   0.097  -0.271   0.000 +1O000M000t
00062 ARG+1A0002_062 f 0.00  1.000     0 12.50  0  1 -13.128   0.288   3.253   0.083  -0.315   0.000 +1E012M000t
00063 ARG+1A0002_063 f 0.00  1.000     0 12.50  0  1 -12.999   0.531   0.450   0.116  -0.167   0.000 +1E025M000t
00064 ARG+1A0002_064 f 0.00  1.000     0 12.50  0  1 -12.235   0.334   0.445   0.093  -0.291   0.000 +1E054M000t
00065 ARG+1A0002_065 f 0.00  1.000     0 12.50  0  1 -11.342   1.796   1.106   0.030  -0.183   0.000 +1E075M000t
00066 ARG+1A0002_066 f 0.00  1.000     0 12.50  0  1 -11.579   0.790   1.110   0.222  -0.141   0.000 +1E080M000t
00067 ARG+1A0002_067 f 0.00  1.000     0 12.50  0  1 -11.087   1.428   0.456   0.072  -0.128   0.000 +1E0B4M000t
00068 ARG+1A0002_068 f 0.00  1.000     0 12.50  0  1  -9.936   0.989   3.115   0.119  -0.114   0.000 +1E0D7M000t
00069 ARG+1A0002_069 f 0.00  1.000     0 12.50  0  1 -12.222   1.304   5.940   0.664  -0.076   0.000 +1E145M000t
00070 ARG+1A0002_070 f 0.00  1.000     0 12.50  0  1 -11.263   1.758   5.969   0.447  -0.179   0.000 +1E146M000t
00071 ARG+1A0002_071 f 0.00  1.000     0 12.50  0  1 -13.656   1.604   0.446   0.018  -0.306   0.000 +1T002M000t
00072 ARG+1A0002_072 f 0.00  1.000     0 12.50  0  1 -11.792   3.479   3.106   0.052  -0.150   0.000 +1T05AM000t
00073 ARG+1A0002_073 f 0.00  1.000     0 12.50  0  1 -11.808   1.000   0.529   0.654  -0.006   0.000 +1T083M000t
00074 ARG+1A0002_074 f 0.00  1.000     0 12.50  0  1 -11.442   1.207   5.675   0.109  -0.799   0.000 +1T0D2M000t
00075 ARG+1A0002_075 f 0.00  1.000     0 12.50  0  1  -9.121   0.386   3.883   0.086  -0.188   0.000 +1T0FDM000t
00076 ARG+1A0002_076 f 0.00  1.000     0 12.50  0  1  -8.603   0.377   3.902   0.108  -0.368   0.000 +1T0FFM000t
00077 ARG+1A0002_077 f 0.00  1.000     0 12.50  0  1  -9.579   2.594   1.091   0.039  -0.353   0.000 +1T108M000t
00078 ARG+1A0002_078 f 0.00  1.000     0 12.50  0  1  -8.494   1.714   3.906   0.037  -0.056   0.000 +1T116M000t
00079 ARG+1A0002_079 f 0.00  1.000     0 12.50  0  1  -8.740   0.209   1.130   0.263   0.062   0.000 +1T132M000t
00080 ARG+1A0002_080 f 0.00  1.000     0 12.50  0  1 -10.670   0.491   1.085   0.246  -0.012   0.000 +1T133M000t
