   confID        vdw0    sas     sum
ARG01A0002_001   1.168 -14.609 -13.441
ARG01A0002_002   1.168 -14.551 -13.383
ARG01A0002_003   1.947 -14.817 -12.870
ARG01A0002_004   2.242 -14.426 -12.184
ARG01A0002_005   2.917 -14.261 -11.344
ARG01A0002_006   2.913 -14.355 -11.442
ARG01A0002_007   2.854 -14.614 -11.760
ARG01A0002_008   3.804 -14.072 -10.268
ARG01A0002_009   5.100 -14.107  -9.008
ARG01A0002_010   5.351 -14.202  -8.851
ARG01A0002_011   5.330 -14.100  -8.770
ARG01A0002_012   3.685 -14.286 -10.601
ARG01A0002_013   2.936 -15.040 -12.104
ARG01A0002_014   2.071 -14.972 -12.901
ARG01A0002_015   2.270 -13.982 -11.712
ARG01A0002_016   2.886 -13.899 -11.013
ARG01A0002_017   2.914 -14.508 -11.594
ARG01A0002_018   4.159 -13.799  -9.641
ARG01A0002_019   5.239 -14.217  -8.978
ARG01A0002_020   3.133 -14.330 -11.198
ARG02A0002_021   1.130 -14.609 -13.480
ARG02A0002_022   2.914 -15.107 -12.194
ARG02A0002_023   2.272 -13.982 -11.710
ARG02A0002_024   2.895 -13.899 -11.004
ARG02A0002_025   3.743 -14.136 -10.393
ARG02A0002_026   2.029 -15.181 -13.152
ARG02A0002_027   2.903 -14.380 -11.477
ARG02A0002_028   2.567 -14.746 -12.180
ARG02A0002_029   3.852 -13.739  -9.887
ARG02A0002_030   1.188 -14.802 -13.614
ARG02A0002_031   1.917 -14.814 -12.896
ARG02A0002_032   2.272 -14.426 -12.154
ARG02A0002_033   2.929 -14.327 -11.398
ARG02A0002_034   3.012 -14.374 -11.362
ARG02A0002_035   5.380 -14.270  -8.890
ARG02A0002_036   3.721 -14.469 -10.748
ARG02A0002_037   3.155 -14.231 -11.075
ARG02A0002_038   5.129 -14.175  -9.046
ARG02A0002_039   5.384 -14.084  -8.700
ARG02A0002_040   5.118 -14.105  -8.986
ARG03A0002_041   2.221 -14.358 -12.138
ARG03A0002_042   5.585 -14.217  -8.631
ARG03A0002_043   1.129 -14.609 -13.480
ARG03A0002_044   5.103 -14.175  -9.073
ARG03A0002_045   1.873 -14.817 -12.944
ARG03A0002_046   5.418 -13.968  -8.551
ARG03A0002_047   3.656 -14.405 -10.749
ARG03A0002_048   3.224 -14.346 -11.123
ARG03A0002_049   1.125 -14.802 -13.677
ARG03A0002_050   2.241 -13.982 -11.741
ARG03A0002_051   2.904 -14.432 -11.528
ARG03A0002_052   2.839 -14.682 -11.843
ARG03A0002_053   2.842 -13.800 -10.958
ARG03A0002_054   2.987 -14.374 -11.386
ARG03A0002_055   5.445 -13.923  -8.478
ARG03A0002_056   4.352 -13.864  -9.512
ARG03A0002_057   2.029 -15.117 -13.087
ARG03A0002_058   2.890 -14.135 -11.244
ARG03A0002_059   3.969 -14.004 -10.035
ARG03A0002_060   2.920 -15.027 -12.107
ARG+1A0002_061   1.086 -14.609 -13.523
ARG+1A0002_062   1.989 -15.117 -13.128
ARG+1A0002_063   1.818 -14.817 -12.999
ARG+1A0002_064   2.191 -14.426 -12.235
ARG+1A0002_065   2.837 -14.179 -11.342
ARG+1A0002_066   2.853 -14.432 -11.579
ARG+1A0002_067   2.812 -13.899 -11.087
ARG+1A0002_068   4.004 -13.940  -9.936
ARG+1A0002_069   2.869 -15.091 -12.222
ARG+1A0002_070   3.148 -14.411 -11.263
ARG+1A0002_071   1.082 -14.738 -13.656
ARG+1A0002_072   2.190 -13.982 -11.792
ARG+1A0002_073   2.807 -14.614 -11.808
ARG+1A0002_074   2.931 -14.374 -11.442
ARG+1A0002_075   5.054 -14.175  -9.121
ARG+1A0002_076   5.384 -13.987  -8.603
ARG+1A0002_077   4.336 -13.915  -9.579
ARG+1A0002_078   5.359 -13.853  -8.494
ARG+1A0002_079   5.477 -14.217  -8.740
ARG+1A0002_080   3.616 -14.286 -10.670
