iConf CONFORMER     FL  occ    crg   Em0  pKa0 ne nH    vdw0    vdw1    tors    epol   dsolv   extra    history
00001 MET01A0221_001 f 0.00  0.000     0  0.00  0  0 -12.074   0.117   0.166   0.064   0.044   0.000 01O000M000t
00002 MET01A0221_002 f 0.00  0.000     0  0.00  0  0 -12.072   0.150   0.166   0.035   0.045   0.000 01R002M000t
00003 MET01A0221_003 f 0.00  0.000     0  0.00  0  0 -12.153   0.724   2.000   0.017   0.044   0.000 01R027M000t
00004 MET01A0221_004 f 0.00  0.000     0  0.00  0  0 -11.363   0.643   2.000   0.025   0.045   0.000 01R02BM000t
00005 MET01A0221_005 f 0.00  0.000     0  0.00  0  0 -12.474   0.348   4.668   0.067   0.045   0.000 01R033M000t
00006 MET01A0221_006 f 0.00  0.000     0  0.00  0  0 -11.724   0.255   2.834   0.064   0.043   0.000 01R034M000t
00007 MET01A0221_007 f 0.00  0.000     0  0.00  0  0  -9.380  -0.098   4.669   0.061   0.046   0.000 01R035M000t
00008 MET01A0221_008 f 0.00  0.000     0  0.00  0  0 -12.498   3.138   0.133  -0.022   0.048   0.000 01R037M000t
00009 MET01A0221_009 f 0.00  0.000     0  0.00  0  0 -12.212   1.373   7.435   0.033   0.044   0.000 01R044M000t
00010 MET01A0221_010 f 0.00  0.000     0  0.00  0  0 -12.455   0.979   4.766   0.003   0.043   0.000 01R048M000t
00011 MET01A0221_011 f 0.00  0.000     0  0.00  0  0 -11.990   1.358   7.434   0.035   0.045   0.000 01R04DM000t
00012 MET01A0221_012 f 0.00  0.000     0  0.00  0  0 -11.915   0.152   2.834   0.027   0.045   0.000 01R054M000t
00013 MET01A0221_013 f 0.00  0.000     0  0.00  0  0 -11.845  -0.162   4.668   0.038   0.044   0.000 01R062M000t
00014 MET01A0221_014 f 0.00  0.000     0  0.00  0  0 -11.956   0.419   4.669   0.018   0.046   0.000 01R069M000t
00015 MET01A0221_015 f 0.00  0.000     0  0.00  0  0 -11.681   0.542   2.834   0.017   0.044   0.000 01R06AM000t
00016 MET01A0221_016 f 0.00  0.000     0  0.00  0  0  -9.011   0.284   4.669   0.028   0.045   0.000 01R06DM000t
00017 MET01A0221_017 f 0.00  0.000     0  0.00  0  0 -11.783   0.413   4.667   0.022   0.046   0.000 01R072M000t
00018 MET01A0221_018 f 0.00  0.000     0  0.00  0  0 -11.811   0.331   2.834   0.019   0.047   0.000 01R073M000t
00019 MET01A0221_019 f 0.00  0.000     0  0.00  0  0 -11.685   3.309   2.847   0.065   0.045   0.000 01T02FM000t
00020 MET01A0221_020 f 0.00  0.000     0  0.00  0  0 -12.226   2.505   1.904   0.055   0.047   0.000 01T070M000t
