   confID        vdw0    sas     sum
MET01A0221_001  -0.281 -11.793 -12.074
MET01A0221_002  -0.282 -11.790 -12.072
MET01A0221_003  -0.221 -11.932 -12.153
MET01A0221_004   0.041 -11.404 -11.363
MET01A0221_005   0.069 -12.543 -12.474
MET01A0221_006   0.103 -11.827 -11.724
MET01A0221_007   2.256 -11.637  -9.380
MET01A0221_008  -0.219 -12.279 -12.498
MET01A0221_009   0.070 -12.281 -12.212
MET01A0221_010  -0.212 -12.243 -12.455
MET01A0221_011   0.049 -12.039 -11.990
MET01A0221_012   0.103 -12.018 -11.915
MET01A0221_013   0.082 -11.927 -11.845
MET01A0221_014   0.056 -12.012 -11.956
MET01A0221_015   0.065 -11.746 -11.681
MET01A0221_016   2.262 -11.273  -9.011
MET01A0221_017   0.049 -11.832 -11.783
MET01A0221_018   0.068 -11.879 -11.811
MET01A0221_019  -0.208 -11.477 -11.685
MET01A0221_020  -0.218 -12.008 -12.226
