iConf CONFORMER     FL  occ    crg   Em0  pKa0 ne nH    vdw0    vdw1    tors    epol   dsolv   extra    history
00001 LYS01A0080_001 f 0.00  0.000     0  0.00  0  0 -10.744   0.429   1.065  -0.009  -0.122   0.000 01O000M000t
00002 LYS01A0080_002 f 0.00  0.000     0  0.00  0  0  -7.145   0.825   2.227  -0.030  -0.048   0.000 01E040M000t
00003 LYS01A0080_003 f 0.00  0.000     0  0.00  0  0 -11.047   0.730   3.749  -0.010  -0.117   0.000 01E063M000t
00004 LYS01A0080_004 f 0.00  0.000     0  0.00  0  0  -9.718   0.247   1.598  -0.009   0.095   0.000 01E06AM000t
00005 LYS01A0080_005 f 0.00  0.000     0  0.00  0  0 -11.442   1.111   5.842  -0.014  -0.054   0.000 01E083M000t
00006 LYS01A0080_006 f 0.00  0.000     0  0.00  0  0  -6.646   1.041   2.175  -0.346   0.255   0.000 01E0F5M000t
00007 LYS01A0080_007 f 0.00  0.000     0  0.00  0  0 -11.174   0.730   1.725   0.004  -0.044   0.000 01E111M000t
00008 LYS01A0080_008 f 0.00  0.000     0  0.00  0  0 -10.148   0.981   4.150  -0.008  -0.170   0.000 01E11AM000t
00009 LYS01A0080_009 f 0.00  0.000     0  0.00  0  0  -7.501   0.497   4.346  -0.007  -0.011   0.000 01E11EM000t
00010 LYS01A0080_010 f 0.00  0.000     0  0.00  0  0  -9.351   0.894   3.638  -0.058   0.117   0.000 01E141M000t
00011 LYS01A0080_011 f 0.00  0.000     0  0.00  0  0 -10.050   1.327   4.079  -0.008   0.003   0.000 01T078M000t
00012 LYS01A0080_012 f 0.00  0.000     0  0.00  0  0 -11.289   1.120   3.632  -0.011  -0.135   0.000 01T08AM000t
00013 LYS01A0080_013 f 0.00  0.000     0  0.00  0  0 -12.248   1.495   1.001  -0.018   0.029   0.000 01T090M000t
00014 LYS01A0080_014 f 0.00  0.000     0  0.00  0  0 -10.430   0.819   1.536  -0.018   0.067   0.000 01T093M000t
00015 LYS01A0080_015 f 0.00  0.000     0  0.00  0  0  -9.987   0.405   3.986  -0.006   0.066   0.000 01T0BFM000t
00016 LYS01A0080_016 f 0.00  0.000     0  0.00  0  0  -8.562   0.624   1.080  -0.040  -0.086   0.000 01T113M000t
00017 LYS01A0080_017 f 0.00  0.000     0  0.00  0  0 -10.000   0.698   1.112  -0.026  -0.012   0.000 01T115M000t
00018 LYS01A0080_018 f 0.00  0.000     0  0.00  0  0  -8.565   0.131   4.062  -0.030  -0.069   0.000 01T11FM000t
00019 LYS01A0080_019 f 0.00  0.000     0  0.00  0  0 -10.017   1.685   1.550  -0.031   0.051   0.000 01T162M000t
00020 LYS01A0080_020 f 0.00  0.000     0  0.00  0  0  -9.663   0.835   1.681  -0.025  -0.113   0.000 01T172M000t
00021 LYS+1A0080_021 f 0.00  1.000     0 10.40  0  1 -10.808   0.427   1.065   0.077  -0.023   0.000 +1O000M000t
00022 LYS+1A0080_022 f 0.00  1.000     0 10.40  0  1  -7.213   0.837   2.231   0.158   0.123   0.000 +1E040M000t
00023 LYS+1A0080_023 f 0.00  1.000     0 10.40  0  1  -9.767   0.238   1.607   0.010  -0.292   0.000 +1E06AM000t
00024 LYS+1A0080_024 f 0.00  1.000     0 10.40  0  1 -10.121   1.318   4.082   0.038  -0.010   0.000 +1E078M000t
00025 LYS+1A0080_025 f 0.00  1.000     0 10.40  0  1 -11.478   1.110   5.882   0.070  -0.247   0.000 +1E083M000t
00026 LYS+1A0080_026 f 0.00  1.000     0 10.40  0  1  -9.982   0.407   4.020   0.043  -0.228   0.000 +1E0BFM000t
00027 LYS+1A0080_027 f 0.00  1.000     0 10.40  0  1 -11.213   0.702   1.734  -0.062  -0.123   0.000 +1E111M000t
00028 LYS+1A0080_028 f 0.00  1.000     0 10.40  0  1  -8.655   0.616   1.083   0.139   0.204   0.000 +1E113M000t
00029 LYS+1A0080_029 f 0.00  1.000     0 10.40  0  1  -7.572   0.510   4.381   0.018  -0.205   0.000 +1E11EM000t
00030 LYS+1A0080_030 f 0.00  1.000     0 10.40  0  1  -8.717   0.113   4.124   0.164   0.232   0.000 +1E11FM000t
00031 LYS+1A0080_031 f 0.00  1.000     0 10.40  0  1 -10.161   1.684   1.567   0.057   0.231   0.000 +1E162M000t
00032 LYS+1A0080_032 f 0.00  1.000     0 10.40  0  1 -11.045   0.739   3.786   0.073  -0.303   0.000 +1T063M000t
00033 LYS+1A0080_033 f 0.00  1.000     0 10.40  0  1 -11.493   1.106   3.745   0.049  -0.200   0.000 +1T08AM000t
00034 LYS+1A0080_034 f 0.00  1.000     0 10.40  0  1 -12.226   1.481   1.003   0.078  -0.304   0.000 +1T090M000t
00035 LYS+1A0080_035 f 0.00  1.000     0 10.40  0  1 -10.371   0.804   1.535   0.122   0.103   0.000 +1T093M000t
00036 LYS+1A0080_036 f 0.00  1.000     0 10.40  0  1  -6.755   1.064   2.175   0.717   0.859   0.000 +1T0F5M000t
00037 LYS+1A0080_037 f 0.00  1.000     0 10.40  0  1 -10.142   0.712   1.114   0.096  -0.155   0.000 +1T115M000t
00038 LYS+1A0080_038 f 0.00  1.000     0 10.40  0  1 -10.233   0.971   4.177   0.057  -0.403   0.000 +1T11AM000t
00039 LYS+1A0080_039 f 0.00  1.000     0 10.40  0  1  -9.416   0.874   3.647   0.206   0.220   0.000 +1T141M000t
00040 LYS+1A0080_040 f 0.00  1.000     0 10.40  0  1  -9.800   0.833   1.683   0.135  -0.423   0.000 +1T172M000t
