   confID        vdw0    sas     sum
LYS01A0080_001   1.128 -11.872 -10.744
LYS01A0080_002   4.830 -11.975  -7.145
LYS01A0080_003   1.670 -12.717 -11.047
LYS01A0080_004   2.163 -11.881  -9.718
LYS01A0080_005   0.982 -12.424 -11.442
LYS01A0080_006   5.335 -11.981  -6.646
LYS01A0080_007   1.505 -12.679 -11.174
LYS01A0080_008   2.094 -12.241 -10.148
LYS01A0080_009   4.836 -12.337  -7.501
LYS01A0080_010   2.888 -12.239  -9.351
LYS01A0080_011   2.121 -12.171 -10.050
LYS01A0080_012   1.651 -12.940 -11.289
LYS01A0080_013   0.504 -12.753 -12.248
LYS01A0080_014   2.137 -12.567 -10.430
LYS01A0080_015   2.289 -12.276  -9.987
LYS01A0080_016   3.166 -11.727  -8.562
LYS01A0080_017   2.138 -12.138 -10.000
LYS01A0080_018   3.626 -12.191  -8.565
LYS01A0080_019   2.390 -12.407 -10.017
LYS01A0080_020   2.581 -12.244  -9.663
LYS+1A0080_021   1.064 -11.872 -10.808
LYS+1A0080_022   4.762 -11.975  -7.213
LYS+1A0080_023   2.099 -11.865  -9.767
LYS+1A0080_024   2.051 -12.171 -10.121
LYS+1A0080_025   0.946 -12.424 -11.478
LYS+1A0080_026   2.246 -12.228  -9.982
LYS+1A0080_027   1.465 -12.679 -11.213
LYS+1A0080_028   3.072 -11.727  -8.655
LYS+1A0080_029   4.804 -12.376  -7.572
LYS+1A0080_030   3.358 -12.075  -8.717
LYS+1A0080_031   2.329 -12.490 -10.161
LYS+1A0080_032   1.633 -12.678 -11.045
LYS+1A0080_033   1.611 -13.104 -11.493
LYS+1A0080_034   0.459 -12.685 -12.226
LYS+1A0080_035   2.077 -12.448 -10.371
LYS+1A0080_036   5.277 -12.032  -6.755
LYS+1A0080_037   2.047 -12.189 -10.142
LYS+1A0080_038   2.059 -12.293 -10.233
LYS+1A0080_039   2.823 -12.239  -9.416
LYS+1A0080_040   2.563 -12.363  -9.800
