CONFORMER         crg  vdw0  vdw1  tors  epol  self   occ  Hb     history    ASA
GLU01A0244_001  0.000 -4.52 14.70  3.22  0.00 13.41 0.000  00  01O000M000  1.085
GLU01A0244_002  0.000 -4.52 14.70  0.50  0.00 10.69 0.000  00  01O000M000  1.085
GLU01A0244_003  0.000 -4.21  1.62  0.37  0.00 -2.23 0.573  00  01E001M000  1.031
GLU01A0244_004  0.000 -4.35  2.45  3.13  0.00  1.23 0.572  00  01T003M000  1.000
GLU01A0244_005  0.000 -4.71  1.78  3.65  0.00  0.72 0.574  00  01T005M000  1.008
GLU01A0244_006  0.000 -4.17  1.62  3.08  0.00  0.53 0.573  00  01T001M000  1.023
GLU01A0244_007  0.000 -4.56  2.81  3.64  0.00  1.89 0.569  00  01T007M000  1.003
GLU01A0244_008  0.000 -3.40  2.81  0.21  0.00 -0.37 0.568  00  01T006M000  1.006
GLU01A0244_009  0.000 -4.29  2.52  0.41  0.00 -1.36 0.572  00  01T003M000  1.000
GLU01A0244_010  0.000 -4.40  9.86  0.51  0.00  5.97 0.000  00  01T000M000  1.072
GLU02A0244_011  0.000 -4.33 14.70  3.22  0.00 13.59 0.000  00  02O000M000  1.080
GLU02A0244_012  0.000 -4.27  2.55  3.15  0.00  1.42 0.572  00  02E003M000  1.000
GLU02A0244_013  0.000 -3.34  1.68  2.94  0.00  1.27 0.571  00  02E004M000  1.032
GLU02A0244_014  0.000 -4.33 14.70  0.50  0.00 10.87 0.000  00  02O000M000  1.080
GLU02A0244_015  0.000 -3.98  1.61  0.37  0.00 -1.99 0.573  00  02E001M000  1.036
GLU02A0244_016  0.000 -4.24  2.55  0.40  0.00 -1.28 0.572  00  02E003M000  1.000
GLU02A0244_017  0.000 -4.49  2.81  3.60  0.00  1.92 0.569  00  02T007M000  1.000
GLU02A0244_018  0.000 -3.82  2.81  0.37  0.00 -0.65 0.572  00  02T002M000  1.006
GLU02A0244_019  0.000 -4.08  9.87  0.51  0.00  6.30 0.000  00  02T000M000  1.078
GLU-1A0244_020 -1.000 -4.43 14.72  0.50  0.00 10.79 0.000  00  -1O000M000  1.078
GLU-1A0244_021 -1.000 -4.14  1.63  0.37  0.00 -2.14 0.573  00  -1E001M000  1.031
GLU-1A0244_022 -1.000 -4.27  2.51  0.41  0.00 -1.35 0.572  00  -1E003M000  1.000
GLU-1A0244_023 -1.000 -4.46  2.82  0.92  0.00 -0.72 0.569  00  -1E007M000  1.000
GLU-1A0244_024 -1.000 -4.30  9.48  0.50  0.00  5.67 0.000  00  -1X000M000  1.072
