iConf CONFORMER     FL  occ    crg   Em0  pKa0 ne nH    vdw0    vdw1    tors    epol   dsolv   extra    history
00001 GLU01A0244_001 f 0.00  0.000     0  0.00  0  0  -4.515  14.681   3.220  -0.024  -0.921   0.000 01O000M000t
00002 GLU01A0244_002 f 0.00  0.000     0  0.00  0  0  -4.515  14.681   0.500   0.014   0.288   0.000 01O000M000t
00003 GLU01A0244_003 f 0.00  0.000     0  0.00  0  0  -4.222   1.615   0.367   0.051   0.289   0.000 01E001M000t
00004 GLU01A0244_004 f 0.00  0.000     0  0.00  0  0  -4.349   2.445   3.130   0.194  -0.764   0.000 01T003M000t
00005 GLU01A0244_005 f 0.00  0.000     0  0.00  0  0  -4.710   1.778   3.651   0.088  -0.826   0.000 01T005M000t
00006 GLU01A0244_006 f 0.00  0.000     0  0.00  0  0  -4.183   1.615   3.085   0.066  -0.977   0.000 01T001M000t
00007 GLU01A0244_007 f 0.00  0.000     0  0.00  0  0  -4.565   2.812   3.639   0.068  -0.921   0.000 01T007M000t
00008 GLU01A0244_008 f 0.00  0.000     0  0.00  0  0  -3.402   2.817   0.213   0.061   0.265   0.000 01T006M000t
00009 GLU01A0244_009 f 0.00  0.000     0  0.00  0  0  -4.289   2.520   0.408   0.144   0.344   0.000 01T003M000t
00010 GLU01A0244_010 f 0.00  0.000     0  0.00  0  0  -4.405   9.881   0.507   0.017   0.328   0.000 01T000M000t
00011 GLU02A0244_011 f 0.00  0.000     0  0.00  0  0  -4.333  14.681   3.220   0.074  -0.755   0.000 02O000M000t
00012 GLU02A0244_012 f 0.00  0.000     0  0.00  0  0  -4.274   2.546   3.145   0.176  -0.500   0.000 02E003M000t
00013 GLU02A0244_013 f 0.00  0.000     0  0.00  0  0  -3.343   1.679   2.935   0.089  -0.624   0.000 02E004M000t
00014 GLU02A0244_014 f 0.00  0.000     0  0.00  0  0  -4.333  14.681   0.500   0.037   0.300   0.000 02O000M000t
00015 GLU02A0244_015 f 0.00  0.000     0  0.00  0  0  -3.981   1.615   0.370   0.051   0.250   0.000 02E001M000t
00016 GLU02A0244_016 f 0.00  0.000     0  0.00  0  0  -4.242   2.551   0.400   0.123   0.364   0.000 02E003M000t
00017 GLU02A0244_017 f 0.00  0.000     0  0.00  0  0  -4.489   2.812   3.596   0.126  -0.722   0.000 02T007M000t
00018 GLU02A0244_018 f 0.00  0.000     0  0.00  0  0  -3.823   2.809   0.369   0.074   0.322   0.000 02T002M000t
00019 GLU02A0244_019 f 0.00  0.000     0  0.00  0  0  -4.079   9.856   0.505   0.030   0.426   0.000 02T000M000t
00020 GLU-1A0244_020 f 0.00 -1.000     0  4.75  0 -1  -4.428  14.697   0.500  -0.000   0.190   0.000 -1O000M000t
00021 GLU-1A0244_021 f 0.00 -1.000     0  4.75  0 -1  -4.135   1.625   0.371  -0.052   0.104   0.000 -1E001M000t
00022 GLU-1A0244_022 f 0.00 -1.000     0  4.75  0 -1  -4.272   2.516   0.408  -0.166   0.324   0.000 -1E003M000t
00023 GLU-1A0244_023 f 0.00 -1.000     0  4.75  0 -1  -4.456   2.823   0.916  -0.037   0.125   0.000 -1E007M000t
00024 GLU-1A0244_024 f 0.00 -1.000     0  4.75  0 -1  -4.296   9.473   0.495  -0.009   0.145   0.000 -1X000M000t
