   confID        vdw0    sas     sum
GLU01A0244_001   0.502  -5.018  -4.515
GLU01A0244_002   0.502  -5.018  -4.515
GLU01A0244_003   0.644  -4.865  -4.222
GLU01A0244_004   0.524  -4.872  -4.349
GLU01A0244_005   0.115  -4.824  -4.710
GLU01A0244_006   0.644  -4.827  -4.183
GLU01A0244_007   0.162  -4.726  -4.565
GLU01A0244_008   1.086  -4.488  -3.402
GLU01A0244_009   0.596  -4.885  -4.289
GLU01A0244_010   0.714  -5.119  -4.405
GLU02A0244_011   0.665  -4.998  -4.333
GLU02A0244_012   0.712  -4.986  -4.274
GLU02A0244_013   1.472  -4.814  -3.343
GLU02A0244_014   0.665  -4.998  -4.333
GLU02A0244_015   0.848  -4.829  -3.981
GLU02A0244_016   0.708  -4.950  -4.242
GLU02A0244_017   0.192  -4.681  -4.489
GLU02A0244_018   0.841  -4.664  -3.823
GLU02A0244_019   0.932  -5.010  -4.079
GLU-1A0244_020   0.467  -4.896  -4.428
GLU-1A0244_021   0.597  -4.732  -4.135
GLU-1A0244_022   0.527  -4.799  -4.272
GLU-1A0244_023   0.108  -4.564  -4.456
GLU-1A0244_024   0.737  -5.034  -4.296
