CONFORMER         crg  vdw0  vdw1  tors  epol  self   occ  Hb     history    ASA
LYS01A0183_001  0.000-11.73  0.52  0.85  0.00-10.36 0.502  00  01O000M000  1.000
LYS01A0183_002  0.000-11.00  4.45  3.65  0.00 -2.90 0.502  00  01E019M000  1.000
LYS01A0183_003  0.000-10.46  2.15  4.27  0.00 -4.03 0.502  00  01E055M000  1.000
LYS01A0183_004  0.000-10.44  0.71  1.46  0.00 -8.27 0.502  00  01E088M000  1.000
LYS01A0183_005  0.000-11.81  1.84  3.69  0.00 -6.28 0.501  00  01E08AM000  1.000
LYS01A0183_006  0.000-10.71  2.22  6.98  0.00 -1.51 0.502  00  01E094M000  1.000
LYS01A0183_007  0.000-10.06  0.44  1.46  0.00 -8.16 0.501  00  01E0AFM000  1.000
LYS01A0183_008  0.000-10.32  1.27  6.44  0.00 -2.62 0.501  00  01E0DDM000  1.000
LYS01A0183_009  0.000-10.36  1.34  4.33  0.00 -4.69 0.501  00  01E127M000  1.000
LYS01A0183_010  0.000 -9.67  0.60  4.32  0.00 -4.75 0.502  00  01E135M000  1.000
LYS01A0183_011  0.000 -7.73  0.85  4.78  0.00 -2.09 0.501  00  01E13CM000  1.000
LYS01A0183_012  0.000-10.81  0.43  0.90  0.00 -9.48 0.502  00  01T024M000  1.000
LYS01A0183_013  0.000-11.15  1.27  3.65  0.00 -6.22 0.501  00  01T029M000  1.000
LYS01A0183_014  0.000-11.76  2.12  4.27  0.00 -5.37 0.501  00  01T050M000  1.000
LYS01A0183_015  0.000 -7.32  0.47  3.51  0.00 -3.34 0.502  00  01T059M000  1.000
LYS01A0183_016  0.000-10.50  2.18  4.20  0.00 -4.11 0.502  00  01T0A2M000  1.000
LYS01A0183_017  0.000 -9.61  1.80  4.32  0.00 -3.49 0.501  00  01T101M000  1.000
LYS01A0183_018  0.000 -7.72  0.57  2.10  0.00 -5.06 0.501  00  01T106M000  1.000
LYS01A0183_019  0.000-10.07  1.88  1.51  0.00 -6.67 0.502  00  01T12CM000  1.000
LYS01A0183_020  0.000-10.91  2.30  7.06  0.00 -1.55 0.501  00  01T142M000  1.000
LYS+1A0183_021  1.000-11.78  0.52  0.85  0.00-10.41 0.502  00  +1O000M000  1.000
LYS+1A0183_022  1.000-10.78  0.43  0.90  0.00 -9.45 0.502  00  +1E024M000  1.000
LYS+1A0183_023  1.000-11.13  1.27  3.66  0.00 -6.20 0.501  00  +1E029M000  1.000
LYS+1A0183_024  1.000 -7.40  0.46  3.52  0.00 -3.41 0.502  00  +1E059M000  1.000
LYS+1A0183_025  1.000-10.51  0.71  1.46  0.00 -8.34 0.502  00  +1E088M000  1.000
LYS+1A0183_026  1.000-10.57  2.18  4.20  0.00 -4.20 0.502  00  +1E0A2M000  1.000
LYS+1A0183_027  1.000-10.92  2.27  7.07  0.00 -1.58 0.501  00  +1E142M000  1.000
LYS+1A0183_028  1.000-11.01  4.46  3.66  0.00 -2.89 0.502  00  +1T019M000  1.000
LYS+1A0183_029  1.000-11.81  2.10  4.28  0.00 -5.42 0.501  00  +1T050M000  1.000
LYS+1A0183_030  1.000-10.51  2.15  4.27  0.00 -4.08 0.502  00  +1T055M000  1.000
LYS+1A0183_031  1.000-11.80  1.83  3.70  0.00 -6.27 0.501  00  +1T08AM000  1.000
LYS+1A0183_032  1.000-10.82  2.23  6.98  0.00 -1.61 0.502  00  +1T094M000  1.000
LYS+1A0183_033  1.000-10.13  0.43  1.46  0.00 -8.23 0.501  00  +1T0AFM000  1.000
LYS+1A0183_034  1.000-10.37  1.26  6.44  0.00 -2.67 0.501  00  +1T0DDM000  1.000
LYS+1A0183_035  1.000 -9.82  1.80  4.32  0.00 -3.70 0.501  00  +1T101M000  1.000
LYS+1A0183_036  1.000 -7.74  0.56  2.10  0.00 -5.08 0.501  00  +1T106M000  1.000
LYS+1A0183_037  1.000-10.46  1.34  4.34  0.00 -4.78 0.501  00  +1T127M000  1.000
LYS+1A0183_038  1.000-10.19  1.91  1.52  0.00 -6.76 0.502  00  +1T12CM000  1.000
LYS+1A0183_039  1.000 -9.63  0.59  4.32  0.00 -4.71 0.502  00  +1T135M000  1.000
LYS+1A0183_040  1.000 -7.63  0.86  4.80  0.00 -1.97 0.501  00  +1T13CM000  1.000
