iConf CONFORMER     FL  occ    crg   Em0  pKa0 ne nH    vdw0    vdw1    tors    epol   dsolv   extra    history
00001 LYS01A0183_001 f 0.00  0.000     0  0.00  0  0 -11.734   0.525   0.846  -0.007  -0.007   0.000 01O000M000t
00002 LYS01A0183_002 f 0.00  0.000     0  0.00  0  0 -11.002   4.441   3.652  -0.012  -0.036   0.000 01E019M000t
00003 LYS01A0183_003 f 0.00  0.000     0  0.00  0  0 -10.462   2.159   4.275  -0.009  -0.139   0.000 01E055M000t
00004 LYS01A0183_004 f 0.00  0.000     0  0.00  0  0 -10.441   0.711   1.462  -0.020   0.048   0.000 01E088M000t
00005 LYS01A0183_005 f 0.00  0.000     0  0.00  0  0 -11.814   1.843   3.691  -0.031  -0.127   0.000 01E08AM000t
00006 LYS01A0183_006 f 0.00  0.000     0  0.00  0  0 -10.641   2.222   6.975  -0.008  -0.141   0.000 01E094M000t
00007 LYS01A0183_007 f 0.00  0.000     0  0.00  0  0 -10.063   0.435   1.462   0.000  -0.087   0.000 01E0AFM000t
00008 LYS01A0183_008 f 0.00  0.000     0  0.00  0  0 -10.323   1.262   6.436  -0.012  -0.065   0.000 01E0DDM000t
00009 LYS01A0183_009 f 0.00  0.000     0  0.00  0  0 -10.396   1.338   4.329  -0.245  -0.011   0.000 01E127M000t
00010 LYS01A0183_010 f 0.00  0.000     0  0.00  0  0  -9.601   0.596   4.319  -0.047   0.076   0.000 01E135M000t
00011 LYS01A0183_011 f 0.00  0.000     0  0.00  0  0  -7.728   0.852   4.783  -0.013  -0.095   0.000 01E13CM000t
00012 LYS01A0183_012 f 0.00  0.000     0  0.00  0  0 -10.815   0.431   0.899  -0.010  -0.016   0.000 01T024M000t
00013 LYS01A0183_013 f 0.00  0.000     0  0.00  0  0 -11.150   1.270   3.652  -0.011   0.020   0.000 01T029M000t
00014 LYS01A0183_014 f 0.00  0.000     0  0.00  0  0 -11.762   2.118   4.275  -0.033  -0.056   0.000 01T050M000t
00015 LYS01A0183_015 f 0.00  0.000     0  0.00  0  0  -7.313   0.467   3.516  -0.002  -0.051   0.000 01T059M000t
00016 LYS01A0183_016 f 0.00  0.000     0  0.00  0  0 -10.498   2.184   4.197  -0.013   0.020   0.000 01T0A2M000t
00017 LYS01A0183_017 f 0.00  0.000     0  0.00  0  0  -9.613   1.796   4.319  -0.056   0.093   0.000 01T101M000t
00018 LYS01A0183_018 f 0.00  0.000     0  0.00  0  0  -7.723   0.565   2.095  -0.007   0.005   0.000 01T106M000t
00019 LYS01A0183_019 f 0.00  0.000     0  0.00  0  0 -10.068   1.882   1.515  -0.037  -0.019   0.000 01T12CM000t
00020 LYS01A0183_020 f 0.00  0.000     0  0.00  0  0 -10.912   2.296   7.065  -0.027  -0.064   0.000 01T142M000t
00021 LYS+1A0183_021 f 0.00  1.000     0 10.40  0  1 -11.779   0.525   0.846   0.036  -0.209   0.000 +1O000M000t
00022 LYS+1A0183_022 f 0.00  1.000     0 10.40  0  1 -10.816   0.431   0.901   0.039  -0.158   0.000 +1E024M000t
00023 LYS+1A0183_023 f 0.00  1.000     0 10.40  0  1 -11.124   1.270   3.655   0.050  -0.602   0.000 +1E029M000t
00024 LYS+1A0183_024 f 0.00  1.000     0 10.40  0  1  -7.352   0.462   3.524   0.092  -0.158   0.000 +1E059M000t
00025 LYS+1A0183_025 f 0.00  1.000     0 10.40  0  1 -10.505   0.703   1.461   0.085  -0.130   0.000 +1E088M000t
00026 LYS+1A0183_026 f 0.00  1.000     0 10.40  0  1 -10.566   2.180   4.196   0.112  -0.222   0.000 +1E0A2M000t
00027 LYS+1A0183_027 f 0.00  1.000     0 10.40  0  1 -10.923   2.275   7.071   0.122  -0.246   0.000 +1E142M000t
00028 LYS+1A0183_028 f 0.00  1.000     0 10.40  0  1 -11.063   4.466   3.657   0.052  -0.397   0.000 +1T019M000t
00029 LYS+1A0183_029 f 0.00  1.000     0 10.40  0  1 -11.808   2.104   4.277   0.177  -0.127   0.000 +1T050M000t
00030 LYS+1A0183_030 f 0.00  1.000     0 10.40  0  1 -10.510   2.152   4.275   0.060  -0.209   0.000 +1T055M000t
00031 LYS+1A0183_031 f 0.00  1.000     0 10.40  0  1 -11.795   1.834   3.696   0.134  -0.401   0.000 +1T08AM000t
00032 LYS+1A0183_032 f 0.00  1.000     0 10.40  0  1 -10.818   2.222   6.980   0.092  -0.222   0.000 +1T094M000t
00033 LYS+1A0183_033 f 0.00  1.000     0 10.40  0  1 -10.125   0.431   1.462   0.111   0.195   0.000 +1T0AFM000t
00034 LYS+1A0183_034 f 0.00  1.000     0 10.40  0  1 -10.361   1.265   6.435   0.065  -0.297   0.000 +1T0DDM000t
00035 LYS+1A0183_035 f 0.00  1.000     0 10.40  0  1  -9.820   1.803   4.324   0.014   0.079   0.000 +1T101M000t
00036 LYS+1A0183_036 f 0.00  1.000     0 10.40  0  1  -7.736   0.561   2.097   0.046   0.143   0.000 +1T106M000t
00037 LYS+1A0183_037 f 0.00  1.000     0 10.40  0  1 -10.461   1.344   4.337   0.737   0.225   0.000 +1T127M000t
00038 LYS+1A0183_038 f 0.00  1.000     0 10.40  0  1 -10.193   1.910   1.518   0.152  -0.195   0.000 +1T12CM000t
00039 LYS+1A0183_039 f 0.00  1.000     0 10.40  0  1  -9.624   0.593   4.320   0.210  -0.027   0.000 +1T135M000t
00040 LYS+1A0183_040 f 0.00  1.000     0 10.40  0  1  -7.637   0.861   4.804   0.066  -0.209   0.000 +1T13CM000t
