   confID        vdw0    sas     sum
LYS01A0183_001   0.648 -12.383 -11.734
LYS01A0183_002   1.436 -12.437 -11.002
LYS01A0183_003   2.136 -12.598 -10.462
LYS01A0183_004   1.962 -12.403 -10.441
LYS01A0183_005   0.942 -12.756 -11.814
LYS01A0183_006   1.736 -12.376 -10.641
LYS01A0183_007   2.176 -12.239 -10.063
LYS01A0183_008   1.850 -12.173 -10.323
LYS01A0183_009   2.095 -12.490 -10.396
LYS01A0183_010   2.756 -12.358  -9.601
LYS01A0183_011   4.848 -12.576  -7.728
LYS01A0183_012   1.599 -12.414 -10.815
LYS01A0183_013   1.425 -12.575 -11.150
LYS01A0183_014   1.425 -13.187 -11.762
LYS01A0183_015   5.016 -12.329  -7.313
LYS01A0183_016   1.992 -12.490 -10.498
LYS01A0183_017   2.691 -12.303  -9.613
LYS01A0183_018   4.732 -12.455  -7.723
LYS01A0183_019   1.988 -12.056 -10.068
LYS01A0183_020   2.124 -13.036 -10.912
LYS+1A0183_021   0.603 -12.383 -11.779
LYS+1A0183_022   1.534 -12.350 -10.816
LYS+1A0183_023   1.361 -12.485 -11.124
LYS+1A0183_024   4.910 -12.262  -7.352
LYS+1A0183_025   1.897 -12.403 -10.505
LYS+1A0183_026   1.924 -12.490 -10.566
LYS+1A0183_027   2.074 -12.997 -10.923
LYS+1A0183_028   1.362 -12.425 -11.063
LYS+1A0183_029   1.379 -13.187 -11.808
LYS+1A0183_030   2.088 -12.598 -10.510
LYS+1A0183_031   0.896 -12.691 -11.795
LYS+1A0183_032   1.690 -12.508 -10.818
LYS+1A0183_033   2.114 -12.239 -10.125
LYS+1A0183_034   1.812 -12.173 -10.361
LYS+1A0183_035   2.574 -12.393  -9.820
LYS+1A0183_036   4.668 -12.403  -7.736
LYS+1A0183_037   2.045 -12.507 -10.461
LYS+1A0183_038   1.914 -12.107 -10.193
LYS+1A0183_039   2.683 -12.306  -9.624
LYS+1A0183_040   4.820 -12.457  -7.637
