CONFORMER         crg  vdw0  vdw1  tors  epol  self   occ  Hb     history    ASA
LYS01A0167_001  0.000-11.76  0.31  0.83  0.00-10.63 0.501  00  01O000M000  1.000
LYS01A0167_002  0.000-10.78  0.99  3.69  0.00 -6.10 0.500  00  01E018M000  1.000
LYS01A0167_003  0.000 -8.84  0.53  2.03  0.00 -6.28 0.501  00  01E02DM000  1.000
LYS01A0167_004  0.000-10.56  0.64  4.27  0.00 -5.65 0.501  00  01E07CM000  1.000
LYS01A0167_005  0.000-10.83  1.67  4.23  0.00 -4.93 0.501  00  01E08FM000  1.000
LYS01A0167_006  0.000-10.06  0.22  3.72  0.00 -6.13 0.501  00  01E0ACM000  1.000
LYS01A0167_007  0.000 -7.71  0.64  2.11  0.00 -4.95 0.501  00  01E111M000  1.000
LYS01A0167_008  0.000-10.36  1.32  7.13  0.00 -1.91 0.501  00  01E133M000  1.000
LYS01A0167_009  0.000 -7.77  0.51  2.07  0.00 -5.19 0.501  00  01E145M000  1.000
LYS01A0167_010  0.000-12.35  1.24  0.94  0.00-10.17 0.501  00  01T00EM000  1.000
LYS01A0167_011  0.000-10.67  0.40  0.91  0.00 -9.36 0.501  00  01T01CM000  1.000
LYS01A0167_012  0.000 -8.82  1.58  4.83  0.00 -2.41 0.501  00  01T042M000  1.000
LYS01A0167_013  0.000 -8.62  1.26  1.52  0.00 -5.84 0.501  00  01T057M000  1.000
LYS01A0167_014  0.000-12.03  1.76  6.50  0.00 -3.78 0.502  00  01T088M000  1.000
LYS01A0167_015  0.000-10.06  0.27  4.26  0.00 -5.52 0.501  00  01T0B5M000  1.000
LYS01A0167_016  0.000 -9.99  0.49  4.24  0.00 -5.25 0.501  00  01T0C7M000  1.000
LYS01A0167_017  0.000-10.03  0.45  3.67  0.00 -5.91 0.501  00  01T0CDM000  1.000
LYS01A0167_018  0.000 -7.50  0.50  2.03  0.00 -4.97 0.501  00  01T0EEM000  1.000
LYS01A0167_019  0.000 -7.78  0.14  2.07  0.00 -5.57 0.502  00  01T0F8M000  1.000
LYS01A0167_020  0.000 -7.80  0.28  2.07  0.00 -5.45 0.502  00  01T144M000  1.000
LYS+1A0167_021  1.000-11.81  0.30  0.83  0.00-10.67 0.501  00  +1O000M000  1.000
LYS+1A0167_022  1.000-12.31  1.24  0.94  0.00-10.13 0.501  00  +1E00EM000  1.000
LYS+1A0167_023  1.000-10.72  0.40  0.91  0.00 -9.40 0.501  00  +1E01CM000  1.000
LYS+1A0167_024  1.000 -8.68  1.27  1.52  0.00 -5.89 0.501  00  +1E057M000  1.000
LYS+1A0167_025  1.000-10.61  0.64  4.27  0.00 -5.70 0.501  00  +1E07CM000  1.000
LYS+1A0167_026  1.000-10.76  1.66  4.23  0.00 -4.86 0.501  00  +1E08FM000  1.000
LYS+1A0167_027  1.000-10.11  0.27  4.26  0.00 -5.58 0.501  00  +1E0B5M000  1.000
LYS+1A0167_028  1.000-10.21  0.45  3.67  0.00 -6.09 0.501  00  +1E0CDM000  1.000
LYS+1A0167_029  1.000 -7.86  0.13  2.07  0.00 -5.67 0.502  00  +1E0F8M000  1.000
LYS+1A0167_030  1.000 -7.75  0.64  2.11  0.00 -5.00 0.501  00  +1E111M000  1.000
LYS+1A0167_031  1.000-10.41  1.32  7.13  0.00 -1.96 0.501  00  +1E133M000  1.000
LYS+1A0167_032  1.000 -7.87  0.27  2.07  0.00 -5.53 0.502  00  +1E144M000  1.000
LYS+1A0167_033  1.000 -7.82  0.50  2.07  0.00 -5.25 0.501  00  +1E145M000  1.000
LYS+1A0167_034  1.000-10.83  0.99  3.69  0.00 -6.15 0.500  00  +1T018M000  1.000
LYS+1A0167_035  1.000 -8.98  0.53  2.03  0.00 -6.42 0.501  00  +1T02DM000  1.000
LYS+1A0167_036  1.000 -8.86  1.58  4.83  0.00 -2.46 0.501  00  +1T042M000  1.000
LYS+1A0167_037  1.000-12.03  1.74  6.50  0.00 -3.78 0.502  00  +1T088M000  1.000
LYS+1A0167_038  1.000-10.10  0.22  3.72  0.00 -6.17 0.501  00  +1T0ACM000  1.000
LYS+1A0167_039  1.000 -9.98  0.49  4.24  0.00 -5.24 0.501  00  +1T0C7M000  1.000
LYS+1A0167_040  1.000 -7.54  0.50  2.03  0.00 -5.01 0.501  00  +1T0EEM000  1.000
