iConf CONFORMER     FL  occ    crg   Em0  pKa0 ne nH    vdw0    vdw1    tors    epol   dsolv   extra    history
00001 LYS01A0167_001 f 0.00  0.000     0  0.00  0  0 -11.710   0.304   0.831  -0.012   0.070   0.000 01O000M000t
00002 LYS01A0167_002 f 0.00  0.000     0  0.00  0  0 -10.781   0.987   3.692  -0.013   0.094   0.000 01E018M000t
00003 LYS01A0167_003 f 0.00  0.000     0  0.00  0  0  -8.850   0.528   2.028  -0.015  -0.106   0.000 01E02DM000t
00004 LYS01A0167_004 f 0.00  0.000     0  0.00  0  0 -10.561   0.639   4.266  -0.017   0.076   0.000 01E07CM000t
00005 LYS01A0167_005 f 0.00  0.000     0  0.00  0  0 -10.825   1.664   4.233  -0.013   0.068   0.000 01E08FM000t
00006 LYS01A0167_006 f 0.00  0.000     0  0.00  0  0 -10.061   0.217   3.717  -0.017  -0.085   0.000 01E0ACM000t
00007 LYS01A0167_007 f 0.00  0.000     0  0.00  0  0  -7.721   0.647   2.113  -0.023   0.002   0.000 01E111M000t
00008 LYS01A0167_008 f 0.00  0.000     0  0.00  0  0 -10.361   1.322   7.129  -0.041  -0.060   0.000 01E133M000t
00009 LYS01A0167_009 f 0.00  0.000     0  0.00  0  0  -7.761   0.503   2.065  -0.023   0.094   0.000 01E145M000t
00010 LYS01A0167_010 f 0.00  0.000     0  0.00  0  0 -12.348   1.245   0.938  -0.016  -0.082   0.000 01T00EM000t
00011 LYS01A0167_011 f 0.00  0.000     0  0.00  0  0 -10.665   0.400   0.911  -0.008   0.105   0.000 01T01CM000t
00012 LYS01A0167_012 f 0.00  0.000     0  0.00  0  0  -8.829   1.583   4.827  -0.019  -0.009   0.000 01T042M000t
00013 LYS01A0167_013 f 0.00  0.000     0  0.00  0  0  -8.607   1.262   1.519  -0.016  -0.030   0.000 01T057M000t
00014 LYS01A0167_014 f 0.00  0.000     0  0.00  0  0 -12.034   1.762   6.497  -0.024  -0.142   0.000 01T088M000t
00015 LYS01A0167_015 f 0.00  0.000     0  0.00  0  0 -10.052   0.267   4.263  -0.011  -0.057   0.000 01T0B5M000t
00016 LYS01A0167_016 f 0.00  0.000     0  0.00  0  0  -9.987   0.495   4.240  -0.013  -0.045   0.000 01T0C7M000t
00017 LYS01A0167_017 f 0.00  0.000     0  0.00  0  0 -10.024   0.450   3.671  -0.014  -0.101   0.000 01T0CDM000t
00018 LYS01A0167_018 f 0.00  0.000     0  0.00  0  0  -7.504   0.498   2.034  -0.028   0.175   0.000 01T0EEM000t
00019 LYS01A0167_019 f 0.00  0.000     0  0.00  0  0  -7.780   0.134   2.069  -0.063   0.006   0.000 01T0F8M000t
00020 LYS01A0167_020 f 0.00  0.000     0  0.00  0  0  -7.800   0.278   2.066  -0.000   0.099   0.000 01T144M000t
00021 LYS+1A0167_021 f 0.00  1.000     0 10.40  0  1 -11.756   0.303   0.831   0.053  -0.234   0.000 +1O000M000t
00022 LYS+1A0167_022 f 0.00  1.000     0 10.40  0  1 -12.305   1.241   0.939   0.105  -0.270   0.000 +1E00EM000t
00023 LYS+1A0167_023 f 0.00  1.000     0 10.40  0  1 -10.715   0.401   0.913   0.029  -0.490   0.000 +1E01CM000t
00024 LYS+1A0167_024 f 0.00  1.000     0 10.40  0  1  -8.686   1.268   1.517   0.072  -0.177   0.000 +1E057M000t
00025 LYS+1A0167_025 f 0.00  1.000     0 10.40  0  1 -10.605   0.636   4.267   0.072  -0.208   0.000 +1E07CM000t
00026 LYS+1A0167_026 f 0.00  1.000     0 10.40  0  1 -10.799   1.666   4.233   0.114  -0.141   0.000 +1E08FM000t
00027 LYS+1A0167_027 f 0.00  1.000     0 10.40  0  1 -10.111   0.269   4.263   0.057  -0.233   0.000 +1E0B5M000t
00028 LYS+1A0167_028 f 0.00  1.000     0 10.40  0  1 -10.162   0.453   3.673   0.082  -0.171   0.000 +1E0CDM000t
00029 LYS+1A0167_029 f 0.00  1.000     0 10.40  0  1  -7.857   0.124   2.071   0.233   0.126   0.000 +1E0F8M000t
00030 LYS+1A0167_030 f 0.00  1.000     0 10.40  0  1  -7.749   0.640   2.112   0.081  -0.103   0.000 +1E111M000t
00031 LYS+1A0167_031 f 0.00  1.000     0 10.40  0  1 -10.416   1.320   7.131   0.207  -0.219   0.000 +1E133M000t
00032 LYS+1A0167_032 f 0.00  1.000     0 10.40  0  1  -7.875   0.268   2.065   0.243   0.484   0.000 +1E144M000t
00033 LYS+1A0167_033 f 0.00  1.000     0 10.40  0  1  -7.817   0.505   2.067   0.127   0.067   0.000 +1E145M000t
00034 LYS+1A0167_034 f 0.00  1.000     0 10.40  0  1 -10.827   0.984   3.692   0.058  -0.378   0.000 +1T018M000t
00035 LYS+1A0167_035 f 0.00  1.000     0 10.40  0  1  -8.970   0.529   2.031   0.045  -0.181   0.000 +1T02DM000t
00036 LYS+1A0167_036 f 0.00  1.000     0 10.40  0  1  -8.865   1.585   4.827   0.100  -0.242   0.000 +1T042M000t
00037 LYS+1A0167_037 f 0.00  1.000     0 10.40  0  1 -12.029   1.742   6.503   0.110  -0.208   0.000 +1T088M000t
00038 LYS+1A0167_038 f 0.00  1.000     0 10.40  0  1 -10.110   0.216   3.716   0.099  -0.251   0.000 +1T0ACM000t
00039 LYS+1A0167_039 f 0.00  1.000     0 10.40  0  1 -10.048   0.494   4.241   0.017  -0.331   0.000 +1T0C7M000t
00040 LYS+1A0167_040 f 0.00  1.000     0 10.40  0  1  -7.544   0.497   2.034   0.086   0.150   0.000 +1T0EEM000t
