iConf CONFORMER     FL  occ    crg   Em0  pKa0 ne nH    vdw0    vdw1    tors    epol   dsolv   extra    history
00001 LYS01A0033_001 f 0.00  0.000     0  0.00  0  0 -11.914   0.268   0.875  -0.012  -0.023   0.000 01O000M000t
00002 LYS01A0033_002 f 0.00  0.000     0  0.00  0  0 -10.533   3.485   3.522  -0.013   0.044   0.000 01E022M000t
00003 LYS01A0033_003 f 0.00  0.000     0  0.00  0  0 -11.939   1.662   6.461  -0.022  -0.134   0.000 01E08AM000t
00004 LYS01A0033_004 f 0.00  0.000     0  0.00  0  0 -10.667   0.650   3.726  -0.013   0.055   0.000 01E0CFM000t
00005 LYS01A0033_005 f 0.00  0.000     0  0.00  0  0  -7.787   0.525   2.141  -0.026   0.136   0.000 01E112M000t
00006 LYS01A0033_006 f 0.00  0.000     0  0.00  0  0  -7.925   1.173   4.798  -0.025   0.226   0.000 01E135M000t
00007 LYS01A0033_007 f 0.00  0.000     0  0.00  0  0  -9.914   0.560   4.336  -0.029  -0.095   0.000 01E147M000t
00008 LYS01A0033_008 f 0.00  0.000     0  0.00  0  0 -10.587   2.476   1.594   0.882   0.261   0.000 01E154M000t
00009 LYS01A0033_009 f 0.00  0.000     0  0.00  0  0 -10.540   0.182   0.917  -0.018   0.036   0.000 01T013M000t
00010 LYS01A0033_010 f 0.00  0.000     0  0.00  0  0 -10.834   1.066   3.492  -0.005   0.108   0.000 01T05FM000t
00011 LYS01A0033_011 f 0.00  0.000     0  0.00  0  0 -11.841   1.645   6.460  -0.021   0.025   0.000 01T087M000t
00012 LYS01A0033_012 f 0.00  0.000     0  0.00  0  0 -11.777   2.589   3.561  -0.021   0.084   0.000 01T08CM000t
00013 LYS01A0033_013 f 0.00  0.000     0  0.00  0  0  -5.788   0.639   4.298  -0.007   0.140   0.000 01T09FM000t
00014 LYS01A0033_014 f 0.00  0.000     0  0.00  0  0 -10.120   1.502   1.448  -0.002   0.030   0.000 01T0A4M000t
00015 LYS01A0033_015 f 0.00  0.000     0  0.00  0  0 -10.333   1.412   4.300   0.003   0.031   0.000 01T0A6M000t
00016 LYS01A0033_016 f 0.00  0.000     0  0.00  0  0 -10.384   0.136   3.729  -0.016  -0.086   0.000 01T0B3M000t
00017 LYS01A0033_017 f 0.00  0.000     0  0.00  0  0  -9.597   1.281   0.936  -0.016   0.080   0.000 01T0E2M000t
00018 LYS01A0033_018 f 0.00  0.000     0  0.00  0  0  -7.398   0.426   2.089  -0.015   0.113   0.000 01T0EFM000t
00019 LYS01A0033_019 f 0.00  0.000     0  0.00  0  0  -7.449   0.812   2.080  -0.009   0.076   0.000 01T13FM000t
00020 LYS01A0033_020 f 0.00  0.000     0  0.00  0  0  -7.766   1.326   4.894  -0.008   0.038   0.000 01T179M000t
00021 LYS+1A0033_021 f 0.00  1.000     0 10.40  0  1 -11.959   0.267   0.875   0.057  -0.221   0.000 +1O000M000t
00022 LYS+1A0033_022 f 0.00  1.000     0 10.40  0  1 -10.584   0.178   0.919   0.084  -0.195   0.000 +1E013M000t
00023 LYS+1A0033_023 f 0.00  1.000     0 10.40  0  1 -10.552   3.487   3.525   0.066  -0.195   0.000 +1E022M000t
00024 LYS+1A0033_024 f 0.00  1.000     0 10.40  0  1 -10.847   1.068   3.493   0.096  -0.380   0.000 +1E05FM000t
00025 LYS+1A0033_025 f 0.00  1.000     0 10.40  0  1 -11.843   2.585   3.561   0.095   0.027   0.000 +1E08CM000t
00026 LYS+1A0033_026 f 0.00  1.000     0 10.40  0  1 -10.431   1.416   4.303  -0.014  -0.193   0.000 +1E0A6M000t
00027 LYS+1A0033_027 f 0.00  1.000     0 10.40  0  1 -10.556   0.138   3.735   0.057  -0.280   0.000 +1E0B3M000t
00028 LYS+1A0033_028 f 0.00  1.000     0 10.40  0  1 -10.679   0.658   3.733   0.078  -0.291   0.000 +1E0CFM000t
00029 LYS+1A0033_029 f 0.00  1.000     0 10.40  0  1  -7.913   0.521   2.141   0.076   0.070   0.000 +1E112M000t
00030 LYS+1A0033_030 f 0.00  1.000     0 10.40  0  1  -9.982   0.556   4.337   0.152  -0.108   0.000 +1E147M000t
00031 LYS+1A0033_031 f 0.00  1.000     0 10.40  0  1  -7.830   1.325   4.899  -0.014  -0.207   0.000 +1E179M000t
00032 LYS+1A0033_032 f 0.00  1.000     0 10.40  0  1 -11.878   1.653   6.462   0.139  -0.265   0.000 +1T087M000t
00033 LYS+1A0033_033 f 0.00  1.000     0 10.40  0  1 -12.025   1.662   6.461   0.111  -0.366   0.000 +1T08AM000t
00034 LYS+1A0033_034 f 0.00  1.000     0 10.40  0  1  -5.847   0.639   4.299   0.111   0.266   0.000 +1T09FM000t
00035 LYS+1A0033_035 f 0.00  1.000     0 10.40  0  1 -10.124   1.518   1.449  -0.032  -0.259   0.000 +1T0A4M000t
00036 LYS+1A0033_036 f 0.00  1.000     0 10.40  0  1  -9.735   1.276   0.938   0.057  -0.080   0.000 +1T0E2M000t
00037 LYS+1A0033_037 f 0.00  1.000     0 10.40  0  1  -7.439   0.425   2.091   0.098  -0.039   0.000 +1T0EFM000t
00038 LYS+1A0033_038 f 0.00  1.000     0 10.40  0  1  -7.987   1.133   4.800   0.307   0.680   0.000 +1T135M000t
00039 LYS+1A0033_039 f 0.00  1.000     0 10.40  0  1  -7.433   0.817   2.083   0.062  -0.006   0.000 +1T13FM000t
00040 LYS+1A0033_040 f 0.00  1.000     0 10.40  0  1 -10.729   2.523   1.593   1.409   0.928   0.000 +1T154M000t
