   confID        vdw0    sas     sum
LYS01A0033_001   0.627 -12.540 -11.914
LYS01A0033_002   1.670 -12.202 -10.533
LYS01A0033_003   0.978 -12.917 -11.939
LYS01A0033_004   1.912 -12.579 -10.667
LYS01A0033_005   4.523 -12.310  -7.787
LYS01A0033_006   4.489 -12.414  -7.925
LYS01A0033_007   2.511 -12.424  -9.914
LYS01A0033_008   2.031 -12.618 -10.587
LYS01A0033_009   2.061 -12.601 -10.540
LYS01A0033_010   1.330 -12.165 -10.834
LYS01A0033_011   0.979 -12.821 -11.841
LYS01A0033_012   1.147 -12.924 -11.777
LYS01A0033_013   6.059 -11.847  -5.788
LYS01A0033_014   1.900 -12.020 -10.120
LYS01A0033_015   1.667 -11.999 -10.333
LYS01A0033_016   1.950 -12.334 -10.384
LYS01A0033_017   2.121 -11.718  -9.597
LYS01A0033_018   4.709 -12.106  -7.398
LYS01A0033_019   4.732 -12.181  -7.449
LYS01A0033_020   4.584 -12.350  -7.766
LYS+1A0033_021   0.582 -12.540 -11.959
LYS+1A0033_022   2.018 -12.601 -10.584
LYS+1A0033_023   1.599 -12.151 -10.552
LYS+1A0033_024   1.266 -12.113 -10.847
LYS+1A0033_025   1.081 -12.924 -11.843
LYS+1A0033_026   1.620 -12.051 -10.431
LYS+1A0033_027   1.868 -12.424 -10.556
LYS+1A0033_028   1.849 -12.527 -10.679
LYS+1A0033_029   4.448 -12.361  -7.913
LYS+1A0033_030   2.442 -12.424  -9.982
LYS+1A0033_031   4.533 -12.363  -7.830
LYS+1A0033_032   0.930 -12.808 -11.878
LYS+1A0033_033   0.930 -12.956 -12.025
LYS+1A0033_034   6.000 -11.847  -5.847
LYS+1A0033_035   1.828 -11.952 -10.124
LYS+1A0033_036   2.034 -11.769  -9.735
LYS+1A0033_037   4.668 -12.106  -7.439
LYS+1A0033_038   4.428 -12.414  -7.987
LYS+1A0033_039   4.680 -12.113  -7.433
LYS+1A0033_040   1.975 -12.705 -10.729
