iConf CONFORMER     FL  occ    crg   Em0  pKa0 ne nH    vdw0    vdw1    tors    epol   dsolv   extra    history
00001 GLU01A0135_001 f 0.00  0.000     0  0.00  0  0  -2.282   0.318   3.095   0.110  -0.156   0.000 01O000M000t
00002 GLU01A0135_002 f 0.00  0.000     0  0.00  0  0  -3.800   0.344   3.660   0.047  -0.578   0.000 01E005M000t
00003 GLU01A0135_003 f 0.00  0.000     0  0.00  0  0  -3.899   1.868   3.656   0.076  -0.526   0.000 01E009M000t
00004 GLU01A0135_004 f 0.00  0.000     0  0.00  0  0  -3.936   0.414   6.112   0.210  -0.440   0.000 01E00EM000t
00005 GLU01A0135_005 f 0.00  0.000     0  0.00  0  0  -2.308   0.318   0.375   0.035   0.721   0.000 01O000M000t
00006 GLU01A0135_006 f 0.00  0.000     0  0.00  0  0  -3.199   1.712   0.449   0.064   0.659   0.000 01E008M000t
00007 GLU01A0135_007 f 0.00  0.000     0  0.00  0  0  -3.466   0.698   2.960   0.082   0.772   0.000 01E00FM000t
00008 GLU01A0135_008 f 0.00  0.000     0  0.00  0  0  -3.938   2.536   3.473   0.199  -0.246   0.000 01T00BM000t
00009 GLU01A0135_009 f 0.00  0.000     0  0.00  0  0  -2.862   1.156   3.079   0.302   0.072   0.000 01T003M000t
00010 GLU01A0135_010 f 0.00  0.000     0  0.00  0  0  -3.161   1.002   3.168   0.113  -0.266   0.000 01T006M000t
00011 GLU01A0135_011 f 0.00  0.000     0  0.00  0  0  -3.160   1.714   3.161   0.148  -0.276   0.000 01T008M000t
00012 GLU01A0135_012 f 0.00  0.000     0  0.00  0  0  -3.804   0.071   3.562   0.161  -0.442   0.000 01T00AM000t
00013 GLU01A0135_013 f 0.00  0.000     0  0.00  0  0  -3.668   3.007   3.470   0.480  -0.238   0.000 01T00CM000t
00014 GLU01A0135_014 f 0.00  0.000     0  0.00  0  0  -3.683   1.709   3.293   0.331  -0.263   0.000 01T00DM000t
00015 GLU01A0135_015 f 0.00  0.000     0  0.00  0  0  -3.466   0.693   5.679   0.223  -0.105   0.000 01T00FM000t
00016 GLU01A0135_016 f 0.00  0.000     0  0.00  0  0  -3.281   0.997   0.496   0.053   0.699   0.000 01T006M000t
00017 GLU01A0135_017 f 0.00  0.000     0  0.00  0  0  -3.933   0.417   3.369   0.131   0.769   0.000 01T00EM000t
00018 GLU01A0135_018 f 0.00  0.000     0  0.00  0  0  -3.804   0.071   0.842   0.081   0.769   0.000 01T00AM000t
00019 GLU01A0135_019 f 0.00  0.000     0  0.00  0  0  -3.928   2.546   0.758   0.197   0.713   0.000 01T00BM000t
00020 GLU01A0135_020 f 0.00  0.000     0  0.00  0  0  -3.668   3.007   0.750   0.213   0.752   0.000 01T00CM000t
00021 GLU01A0135_021 f 0.00  0.000     0  0.00  0  0  -3.541   1.709   0.573   0.168   0.720   0.000 01T00DM000t
00022 GLU02A0135_022 f 0.00  0.000     0  0.00  0  0  -2.665   0.326   3.095   0.046  -0.588   0.000 02O000M000t
00023 GLU02A0135_023 f 0.00  0.000     0  0.00  0  0  -3.692   1.076   3.729   0.097  -0.387   0.000 02E007M000t
00024 GLU02A0135_024 f 0.00  0.000     0  0.00  0  0  -3.712   0.072   3.681   0.131  -0.339   0.000 02E00AM000t
00025 GLU02A0135_025 f 0.00  0.000     0  0.00  0  0  -3.767   1.751   3.386  -0.054  -0.184   0.000 02E00DM000t
00026 GLU02A0135_026 f 0.00  0.000     0  0.00  0  0  -2.665   0.326   0.375   0.028   0.691   0.000 02O000M000t
00027 GLU02A0135_027 f 0.00  0.000     0  0.00  0  0  -3.756   2.999   0.711   0.134   0.765   0.000 02E00CM000t
00028 GLU02A0135_028 f 0.00  0.000     0  0.00  0  0  -3.401   0.698   2.958   0.045   0.783   0.000 02E00FM000t
00029 GLU02A0135_029 f 0.00  0.000     0  0.00  0  0  -2.701   1.047   3.009   0.070  -0.584   0.000 02T001M000t
00030 GLU02A0135_030 f 0.00  0.000     0  0.00  0  0  -2.681   1.754   3.001   0.032  -0.575   0.000 02T002M000t
00031 GLU02A0135_031 f 0.00  0.000     0  0.00  0  0  -3.637   0.337   3.694   0.099  -0.354   0.000 02T005M000t
00032 GLU02A0135_032 f 0.00  0.000     0  0.00  0  0  -3.664   1.862   3.700   0.112  -0.392   0.000 02T009M000t
00033 GLU02A0135_033 f 0.00  0.000     0  0.00  0  0  -3.824   2.640   3.468   0.162  -0.406   0.000 02T00CM000t
00034 GLU02A0135_034 f 0.00  0.000     0  0.00  0  0  -4.011   0.521   6.071   0.241  -0.219   0.000 02T00EM000t
00035 GLU02A0135_035 f 0.00  0.000     0  0.00  0  0  -3.680   0.629   5.693   0.038  -0.497   0.000 02T00FM000t
00036 GLU02A0135_036 f 0.00  0.000     0  0.00  0  0  -3.039   0.964   3.078   0.071  -0.467   0.000 02T003M000t
00037 GLU02A0135_037 f 0.00  0.000     0  0.00  0  0  -4.020   2.573   3.432   0.126  -0.523   0.000 02T00BM000t
00038 GLU02A0135_038 f 0.00  0.000     0  0.00  0  0  -3.646   1.077   0.979   0.052   0.719   0.000 02T007M000t
00039 GLU02A0135_039 f 0.00  0.000     0  0.00  0  0  -3.712   0.072   0.941   0.075   0.666   0.000 02T00AM000t
00040 GLU02A0135_040 f 0.00  0.000     0  0.00  0  0  -4.082   2.139   0.757   0.134   0.701   0.000 02T00BM000t
00041 GLU02A0135_041 f 0.00  0.000     0  0.00  0  0  -3.728   1.750   0.628   0.122   0.811   0.000 02T00DM000t
00042 GLU02A0135_042 f 0.00  0.000     0  0.00  0  0  -3.981   0.521   3.351   0.078   0.699   0.000 02T00EM000t
00043 GLU02A0135_043 f 0.00  0.000     0  0.00  0  0  -2.707   1.754   0.280   0.049   0.728   0.000 02T002M000t
00044 GLU-1A0135_044 f 0.00 -1.000     0  4.75  0 -1  -2.648   0.336   0.375  -0.086  -0.231   0.000 -1O000M000t
00045 GLU-1A0135_045 f 0.00 -1.000     0  4.75  0 -1  -3.041   1.029   0.343  -0.202  -0.019   0.000 -1E003M000t
00046 GLU-1A0135_046 f 0.00 -1.000     0  4.75  0 -1  -3.694   1.097   0.871  -0.093  -0.272   0.000 -1E007M000t
00047 GLU-1A0135_047 f 0.00 -1.000     0  4.75  0 -1  -3.731   1.853   0.889  -0.075  -0.306   0.000 -1E009M000t
00048 GLU-1A0135_048 f 0.00 -1.000     0  4.75  0 -1  -4.071   2.409   0.721  -0.542   0.092   0.000 -1E00BM000t
00049 GLU-1A0135_049 f 0.00 -1.000     0  4.75  0 -1  -3.823   2.845   0.717  -0.806   0.207   0.000 -1E00CM000t
00050 GLU-1A0135_050 f 0.00 -1.000     0  4.75  0 -1  -3.777   1.606   0.569   0.062   0.134   0.000 -1E00DM000t
00051 GLU-1A0135_051 f 0.00 -1.000     0  4.75  0 -1  -3.876   0.497   3.310   0.048   0.161   0.000 -1E00EM000t
00052 GLU-1A0135_052 f 0.00 -1.000     0  4.75  0 -1  -3.428   0.683   2.949  -0.176  -0.087   0.000 -1E00FM000t
