   confID        vdw0    sas     sum
GLU01A0135_001   2.243  -4.525  -2.282
GLU01A0135_002   0.820  -4.620  -3.800
GLU01A0135_003   0.816  -4.716  -3.899
GLU01A0135_004   0.792  -4.728  -3.936
GLU01A0135_005   2.243  -4.551  -2.308
GLU01A0135_006   1.464  -4.664  -3.199
GLU01A0135_007   1.417  -4.883  -3.466
GLU01A0135_008   1.111  -5.050  -3.938
GLU01A0135_009   1.976  -4.838  -2.862
GLU01A0135_010   1.466  -4.627  -3.161
GLU01A0135_011   1.465  -4.625  -3.160
GLU01A0135_012   0.996  -4.801  -3.804
GLU01A0135_013   1.081  -4.749  -3.668
GLU01A0135_014   1.268  -4.950  -3.683
GLU01A0135_015   1.417  -4.883  -3.466
GLU01A0135_016   1.361  -4.642  -3.281
GLU01A0135_017   0.795  -4.728  -3.933
GLU01A0135_018   0.996  -4.801  -3.804
GLU01A0135_019   1.105  -5.032  -3.928
GLU01A0135_020   1.081  -4.749  -3.668
GLU01A0135_021   1.268  -4.809  -3.541
GLU02A0135_022   1.796  -4.461  -2.665
GLU02A0135_023   0.916  -4.608  -3.692
GLU02A0135_024   0.962  -4.675  -3.712
GLU02A0135_025   1.054  -4.821  -3.767
GLU02A0135_026   1.796  -4.461  -2.665
GLU02A0135_027   1.002  -4.758  -3.756
GLU02A0135_028   1.262  -4.663  -3.401
GLU02A0135_029   1.745  -4.446  -2.701
GLU02A0135_030   1.791  -4.472  -2.681
GLU02A0135_031   0.916  -4.553  -3.637
GLU02A0135_032   0.917  -4.581  -3.664
GLU02A0135_033   0.986  -4.810  -3.824
GLU02A0135_034   0.828  -4.839  -4.011
GLU02A0135_035   1.204  -4.884  -3.680
GLU02A0135_036   1.617  -4.655  -3.039
GLU02A0135_037   1.025  -5.045  -4.020
GLU02A0135_038   0.918  -4.563  -3.646
GLU02A0135_039   0.962  -4.675  -3.712
GLU02A0135_040   1.011  -5.092  -4.082
GLU02A0135_041   1.055  -4.782  -3.728
GLU02A0135_042   0.828  -4.808  -3.981
GLU02A0135_043   1.790  -4.498  -2.707
GLU-1A0135_044   1.718  -4.367  -2.648
GLU-1A0135_045   1.543  -4.584  -3.041
GLU-1A0135_046   0.741  -4.435  -3.694
GLU-1A0135_047   0.765  -4.496  -3.731
GLU-1A0135_048   0.892  -4.963  -4.071
GLU-1A0135_049   0.868  -4.691  -3.823
GLU-1A0135_050   0.966  -4.743  -3.777
GLU-1A0135_051   0.696  -4.572  -3.876
GLU-1A0135_052   1.113  -4.541  -3.428
