CONFORMER         crg  vdw0  vdw1  tors  epol  self   occ  Hb     history    ASA
TYR01A0266_001  0.000-10.89  0.53  0.01  0.00-10.35 0.530  00  01O000M000  1.000
TYR01A0266_002  0.000-10.49  1.86  2.79  0.00 -5.84 0.528  00  01E003M000  1.000
TYR01A0266_003  0.000-10.30  1.49  2.79  0.00 -6.01 0.532  00  01E00AM000  1.000
TYR01A0266_004  0.000-10.30  1.36  0.01  0.00 -8.93 0.530  00  01E002M000  1.000
TYR01A0266_005  0.000-10.60  4.46  0.01  0.00 -6.13 0.529  00  01E004M000  1.000
TYR01A0266_006  0.000-10.29  4.56  2.80  0.00 -2.93 0.529  00  01E00EM000  1.000
TYR01A0266_007  0.000-10.57  5.21  0.00  0.00 -5.35 0.527  00  01T00BM000  1.000
TYR01A0266_008  0.000-10.17  2.95  0.01  0.00 -7.22 0.530  00  01T00CM000  1.000
TYR01A0266_009  0.000 -9.89  3.13  0.00  0.00 -6.76 0.530  00  01T00DM000  1.000
TYR01A0266_010  0.000-10.71  3.58  2.79  0.00 -4.33 0.534  00  01T001M000  1.000
TYR01A0266_011  0.000 -9.90  2.82  2.79  0.00 -4.28 0.527  00  01T007M000  1.000
TYR01A0266_012  0.000 -9.58  0.24  0.01  0.00 -9.34 0.531  00  01T008M000  1.000
TYR01A0266_013  0.000 -9.50  0.54  2.79  0.00 -6.17 0.530  00  01T00FM000  1.000
TYR01A0266_014  0.000-10.30  1.20  2.79  0.00 -6.31 0.531  00  01T005M000  1.000
TYR01A0266_015  0.000-10.63 -0.09  0.00  0.00-10.71 0.529  00  01T006M000  1.000
TYR01A0266_016  0.000-10.11  2.60  0.00  0.00 -7.50 0.526  00  01T009M000  1.000
TYR01A0266_017  0.000 -9.98  2.70  2.80  0.00 -4.48 0.527  00  01T010M000  1.000
TYR-1A0266_018 -1.000-10.89  0.53  0.01  0.00-10.35 0.530  00  -1O000M000  1.000
TYR-1A0266_019 -1.000-10.30  1.34  0.01  0.00 -8.95 0.530  00  -1E002M000  1.000
TYR-1A0266_020 -1.000-10.54  1.24  2.79  0.00 -6.50 0.531  00  -1E005M000  1.000
TYR-1A0266_021 -1.000 -9.96  2.84  2.79  0.00 -4.33 0.527  00  -1E007M000  1.000
TYR-1A0266_022 -1.000 -9.99  2.76  2.80  0.00 -4.43 0.527  00  -1E010M000  1.000
TYR-1A0266_023 -1.000-10.71  3.58  2.79  0.00 -4.34 0.534  00  -1T001M000  1.000
TYR-1A0266_024 -1.000-10.47  1.85  2.79  0.00 -5.82 0.528  00  -1T003M000  1.000
TYR-1A0266_025 -1.000-10.44  4.31  0.01  0.00 -6.13 0.529  00  -1T004M000  1.000
TYR-1A0266_026 -1.000-10.63 -0.09  0.00  0.00-10.71 0.529  00  -1T006M000  1.000
TYR-1A0266_027 -1.000 -9.72  0.23  0.01  0.00 -9.48 0.531  00  -1T008M000  1.000
TYR-1A0266_028 -1.000-10.11  2.55  0.00  0.00 -7.55 0.526  00  -1T009M000  1.000
TYR-1A0266_029 -1.000-10.34  1.49  2.79  0.00 -6.05 0.532  00  -1T00AM000  1.000
TYR-1A0266_030 -1.000-10.67  5.13  0.00  0.00 -5.54 0.527  00  -1T00BM000  1.000
TYR-1A0266_031 -1.000-10.18  2.94  0.01  0.00 -7.23 0.530  00  -1T00CM000  1.000
TYR-1A0266_032 -1.000 -9.83  3.10  0.00  0.00 -6.72 0.530  00  -1T00DM000  1.000
TYR-1A0266_033 -1.000-10.18  4.68  2.80  0.00 -2.71 0.529  00  -1T00EM000  1.000
TYR-1A0266_034 -1.000 -9.51  0.54  2.79  0.00 -6.17 0.530  00  -1T00FM000  1.000
