iConf CONFORMER     FL  occ    crg   Em0  pKa0 ne nH    vdw0    vdw1    tors    epol   dsolv   extra    history
00001 TYR01A0266_001 f 0.00  0.000     0  0.00  0  0 -10.885   0.529   0.005   0.202   0.008   0.000 01O000M000t
00002 TYR01A0266_002 f 0.00  0.000     0  0.00  0  0 -10.486   1.861   2.795  -0.029   0.066   0.000 01E003M000t
00003 TYR01A0266_003 f 0.00  0.000     0  0.00  0  0 -10.295   1.490   2.795  -0.022   0.045   0.000 01E00AM000t
00004 TYR01A0266_004 f 0.00  0.000     0  0.00  0  0 -10.300   1.358   0.007   0.179  -0.037   0.000 01E002M000t
00005 TYR01A0266_005 f 0.00  0.000     0  0.00  0  0 -10.607   4.467   0.007   0.293  -0.043   0.000 01E004M000t
00006 TYR01A0266_006 f 0.00  0.000     0  0.00  0  0 -10.285   4.563   2.796   0.261  -0.082   0.000 01E00EM000t
00007 TYR01A0266_007 f 0.00  0.000     0  0.00  0  0 -10.564   5.212   0.004   0.290   0.048   0.000 01T00BM000t
00008 TYR01A0266_008 f 0.00  0.000     0  0.00  0  0 -10.167   2.955   0.005   0.295  -0.023   0.000 01T00CM000t
00009 TYR01A0266_009 f 0.00  0.000     0  0.00  0  0  -9.892   3.136   0.003   0.295  -0.053   0.000 01T00DM000t
00010 TYR01A0266_010 f 0.00  0.000     0  0.00  0  0 -10.705   3.581   2.794   0.145  -0.056   0.000 01T001M000t
00011 TYR01A0266_011 f 0.00  0.000     0  0.00  0  0  -9.906   2.828   2.795   0.183  -0.001   0.000 01T007M000t
00012 TYR01A0266_012 f 0.00  0.000     0  0.00  0  0  -9.589   0.239   0.005   0.183  -0.048   0.000 01T008M000t
00013 TYR01A0266_013 f 0.00  0.000     0  0.00  0  0  -9.508   0.545   2.794   0.214  -0.082   0.000 01T00FM000t
00014 TYR01A0266_014 f 0.00  0.000     0  0.00  0  0 -10.299   1.205   2.793   0.205  -0.049   0.000 01T005M000t
00015 TYR01A0266_015 f 0.00  0.000     0  0.00  0  0 -10.632  -0.087   0.005   0.210  -0.095   0.000 01T006M000t
00016 TYR01A0266_016 f 0.00  0.000     0  0.00  0  0 -10.106   2.597   0.002   0.275   0.043   0.000 01T009M000t
00017 TYR01A0266_017 f 0.00  0.000     0  0.00  0  0  -9.985   2.719   2.796   0.247  -0.027   0.000 01T010M000t
00018 TYR-1A0266_018 f 0.00 -1.000     0 10.20  0 -1 -10.885   0.529   0.005   0.028  -0.780   0.000 -1O000M000t
00019 TYR-1A0266_019 f 0.00 -1.000     0 10.20  0 -1 -10.292   1.337   0.007  -0.028  -0.858   0.000 -1E002M000t
00020 TYR-1A0266_020 f 0.00 -1.000     0 10.20  0 -1 -10.532   1.238   2.793   0.092  -1.117   0.000 -1E005M000t
00021 TYR-1A0266_021 f 0.00 -1.000     0 10.20  0 -1  -9.965   2.839   2.795  -0.060  -0.699   0.000 -1E007M000t
00022 TYR-1A0266_022 f 0.00 -1.000     0 10.20  0 -1  -9.990   2.771   2.797   0.141  -1.314   0.000 -1E010M000t
00023 TYR-1A0266_023 f 0.00 -1.000     0 10.20  0 -1 -10.705   3.570   2.794  -0.092  -0.654   0.000 -1T001M000t
00024 TYR-1A0266_024 f 0.00 -1.000     0 10.20  0 -1 -10.474   1.858   2.795  -0.426  -0.508   0.000 -1T003M000t
00025 TYR-1A0266_025 f 0.00 -1.000     0 10.20  0 -1 -10.435   4.305   0.008   0.219  -0.610   0.000 -1T004M000t
00026 TYR-1A0266_026 f 0.00 -1.000     0 10.20  0 -1 -10.628  -0.086   0.005   0.011  -0.848   0.000 -1T006M000t
00027 TYR-1A0266_027 f 0.00 -1.000     0 10.20  0 -1  -9.723   0.233   0.005  -0.041  -0.852   0.000 -1T008M000t
00028 TYR-1A0266_028 f 0.00 -1.000     0 10.20  0 -1 -10.105   2.561   0.001   0.011  -0.971   0.000 -1T009M000t
00029 TYR-1A0266_029 f 0.00 -1.000     0 10.20  0 -1 -10.342   1.494   2.795  -0.353  -0.579   0.000 -1T00AM000t
00030 TYR-1A0266_030 f 0.00 -1.000     0 10.20  0 -1 -10.658   5.128   0.004   0.252  -0.668   0.000 -1T00BM000t
00031 TYR-1A0266_031 f 0.00 -1.000     0 10.20  0 -1 -10.179   2.943   0.006   0.206  -1.018   0.000 -1T00CM000t
00032 TYR-1A0266_032 f 0.00 -1.000     0 10.20  0 -1  -9.833   3.103   0.003   0.239  -0.877   0.000 -1T00DM000t
00033 TYR-1A0266_033 f 0.00 -1.000     0 10.20  0 -1 -10.250   4.669   2.795   0.121  -1.073   0.000 -1T00EM000t
00034 TYR-1A0266_034 f 0.00 -1.000     0 10.20  0 -1  -9.526   0.539   2.794   0.102  -0.911   0.000 -1T00FM000t
