   confID        vdw0    sas     sum
TYR01A0266_001   3.948 -14.833 -10.885
TYR01A0266_002   3.971 -14.457 -10.486
TYR01A0266_003   4.368 -14.663 -10.295
TYR01A0266_004   3.991 -14.291 -10.300
TYR01A0266_005   4.018 -14.625 -10.607
TYR01A0266_006   3.819 -14.104 -10.285
TYR01A0266_007   3.828 -14.392 -10.564
TYR01A0266_008   4.358 -14.524 -10.167
TYR01A0266_009   4.307 -14.198  -9.892
TYR01A0266_010   3.996 -14.701 -10.705
TYR01A0266_011   4.363 -14.269  -9.906
TYR01A0266_012   4.360 -13.950  -9.589
TYR01A0266_013   4.362 -13.871  -9.508
TYR01A0266_014   3.980 -14.279 -10.299
TYR01A0266_015   4.364 -14.997 -10.632
TYR01A0266_016   4.292 -14.398 -10.106
TYR01A0266_017   4.293 -14.278  -9.985
TYR-1A0266_018   3.948 -14.833 -10.885
TYR-1A0266_019   3.999 -14.291 -10.292
TYR-1A0266_020   3.983 -14.516 -10.532
TYR-1A0266_021   4.370 -14.336  -9.965
TYR-1A0266_022   4.288 -14.278  -9.990
TYR-1A0266_023   3.996 -14.701 -10.705
TYR-1A0266_024   3.966 -14.439 -10.474
TYR-1A0266_025   4.039 -14.474 -10.435
TYR-1A0266_026   4.369 -14.997 -10.628
TYR-1A0266_027   4.363 -14.085  -9.723
TYR-1A0266_028   4.293 -14.398 -10.105
TYR-1A0266_029   4.371 -14.713 -10.342
TYR-1A0266_030   3.835 -14.493 -10.658
TYR-1A0266_031   4.346 -14.524 -10.179
TYR-1A0266_032   4.305 -14.138  -9.833
TYR-1A0266_033   3.821 -14.070 -10.250
TYR-1A0266_034   4.361 -13.888  -9.526
