iConf CONFORMER     FL  occ    crg   Em0  pKa0 ne nH    vdw0    vdw1    tors    epol   dsolv   extra    history
00001 ARG01A0253_001 f 0.00  0.000     0  0.00  0  0 -13.925   1.212   2.508   0.099   0.133   0.000 01O000M000t
00002 ARG01A0253_002 f 0.00  0.000     0  0.00  0  0 -13.477   1.176   2.206   0.029  -0.018   0.000 01E006M000t
00003 ARG01A0253_003 f 0.00  0.000     0  0.00  0  0 -11.075   0.425   3.499   0.174   0.008   0.000 01E01EM000t
00004 ARG01A0253_004 f 0.00  0.000     0  0.00  0  0 -14.227   1.504   2.902   0.081  -0.164   0.000 01E053M000t
00005 ARG01A0253_005 f 0.00  0.000     0  0.00  0  0  -6.451   2.896   3.163   0.001  -0.085   0.000 01E07BM000t
00006 ARG01A0253_006 f 0.00  0.000     0  0.00  0  0 -13.977   7.493   3.138   0.105  -0.158   0.000 01E08DM000t
00007 ARG01A0253_007 f 0.00  0.000     0  0.00  0  0 -13.600   0.729   2.441  -0.008   0.053   0.000 01E0EFM000t
00008 ARG01A0253_008 f 0.00  0.000     0  0.00  0  0 -12.952   1.855   1.664  -0.019   0.255   0.000 01E111M000t
00009 ARG01A0253_009 f 0.00  0.000     0  0.00  0  0 -13.940   5.074   3.812   0.035   0.026   0.000 01E119M000t
00010 ARG01A0253_010 f 0.00  0.000     0  0.00  0  0 -11.906   4.067   2.163  -0.022   0.198   0.000 01E134M000t
00011 ARG01A0253_011 f 0.00  0.000     0  0.00  0  0 -13.610   3.352   2.339   0.005  -0.261   0.000 01E135M000t
00012 ARG01A0253_012 f 0.00  0.000     0  0.00  0  0 -11.968   5.588   4.589   0.269  -0.093   0.000 01E16BM000t
00013 ARG01A0253_013 f 0.00  0.000     0  0.00  0  0 -13.425   7.525   3.539   0.196  -0.022   0.000 01E16DM000t
00014 ARG01A0253_014 f 0.00  0.000     0  0.00  0  0  -8.835   1.011   2.657   0.077  -0.092   0.000 01T099M000t
00015 ARG01A0253_015 f 0.00  0.000     0  0.00  0  0 -14.404   4.180   2.438  -0.748   0.205   0.000 01T0A8M000t
00016 ARG01A0253_016 f 0.00  0.000     0  0.00  0  0 -13.775   1.632   4.340   0.081  -0.016   0.000 01T0AFM000t
00017 ARG01A0253_017 f 0.00  0.000     0  0.00  0  0 -13.764   1.274   2.775   0.020  -0.015   0.000 01T0E6M000t
00018 ARG01A0253_018 f 0.00  0.000     0  0.00  0  0 -12.726   0.943   2.515   0.040  -0.132   0.000 01T0F7M000t
00019 ARG01A0253_019 f 0.00  0.000     0  0.00  0  0 -12.842   2.587   4.287   0.049   0.166   0.000 01T109M000t
00020 ARG01A0253_020 f 0.00  0.000     0  0.00  0  0 -13.208   6.642   5.593   0.274   0.016   0.000 01T169M000t
00021 ARG02A0253_021 f 0.00  0.000     0  0.00  0  0 -13.941   1.210   2.508   0.094   0.798   0.000 02O000M000t
00022 ARG02A0253_022 f 0.00  0.000     0  0.00  0  0 -13.017   2.638   4.246   0.041   0.914   0.000 02E109M000t
00023 ARG02A0253_023 f 0.00  0.000     0  0.00  0  0 -11.028   4.453   1.975  -0.012   0.331   0.000 02E134M000t
00024 ARG02A0253_024 f 0.00  0.000     0  0.00  0  0 -13.491   1.172   2.199   0.032   0.983   0.000 02T006M000t
00025 ARG02A0253_025 f 0.00  0.000     0  0.00  0  0  -9.532   0.918   1.757   0.071   1.116   0.000 02T099M000t
00026 ARG02A0253_026 f 0.00  0.000     0  0.00  0  0 -13.348   3.531   2.498   0.039   0.964   0.000 02T135M000t
00027 ARG02A0253_027 f 0.00  0.000     0  0.00  0  0 -13.798   1.756   4.145   0.098   1.047   0.000 02T0AFM000t
00028 ARG02A0253_028 f 0.00  0.000     0  0.00  0  0 -12.780   1.863   1.385   0.019   0.898   0.000 02T111M000t
00029 ARG02A0253_029 f 0.00  0.000     0  0.00  0  0 -12.428   5.578   4.171   0.245   0.843   0.000 02T169M000t
00030 ARG02A0253_030 f 0.00  0.000     0  0.00  0  0  -8.602   4.961   2.099   0.044   0.593   0.000 02T07BM000t
00031 ARG02A0253_031 f 0.00  0.000     0  0.00  0  0 -14.069   6.319   2.524   0.227   0.433   0.000 02T08DM000t
00032 ARG02A0253_032 f 0.00  0.000     0  0.00  0  0 -13.964   1.025   2.022   0.029   0.653   0.000 02T0E6M000t
00033 ARG02A0253_033 f 0.00  0.000     0  0.00  0  0 -13.650   0.758   2.596   0.031   0.414   0.000 02T0EFM000t
00034 ARG02A0253_034 f 0.00  0.000     0  0.00  0  0 -13.908   8.493   2.819   0.040   0.450   0.000 02T119M000t
00035 ARG02A0253_035 f 0.00  0.000     0  0.00  0  0 -11.594   0.575   3.558  -0.073   0.293   0.000 02T01EM000t
00036 ARG02A0253_036 f 0.00  0.000     0  0.00  0  0 -13.915   1.391   2.736   0.080   0.294   0.000 02T053M000t
00037 ARG02A0253_037 f 0.00  0.000     0  0.00  0  0 -14.274   4.432   2.465   1.528   0.727   0.000 02T0A8M000t
00038 ARG02A0253_038 f 0.00  0.000     0  0.00  0  0 -13.102   0.892   2.324  -0.028   0.408   0.000 02T0F7M000t
00039 ARG02A0253_039 f 0.00  0.000     0  0.00  0  0 -11.871   5.443   4.381   0.191   0.313   0.000 02T16BM000t
00040 ARG02A0253_040 f 0.00  0.000     0  0.00  0  0 -13.668   5.298   2.181   0.213   0.445   0.000 02T16DM000t
00041 ARG03A0253_041 f 0.00  0.000     0  0.00  0  0 -13.944   1.210   2.508   0.085   0.962   0.000 03O000M000t
00042 ARG03A0253_042 f 0.00  0.000     0  0.00  0  0 -11.686   0.534   3.564   0.211   1.075   0.000 03E01EM000t
00043 ARG03A0253_043 f 0.00  0.000     0  0.00  0  0 -13.994   1.013   1.970   0.037   0.730   0.000 03E0E6M000t
00044 ARG03A0253_044 f 0.00  0.000     0  0.00  0  0 -13.602   5.307   2.173   0.195   0.906   0.000 03E16DM000t
00045 ARG03A0253_045 f 0.00  0.000     0  0.00  0  0 -11.879   5.450   4.378   0.234   0.894   0.000 03E16BM000t
00046 ARG03A0253_046 f 0.00  0.000     0  0.00  0  0 -13.872   8.562   2.784   0.049   0.873   0.000 03T119M000t
00047 ARG03A0253_047 f 0.00  0.000     0  0.00  0  0 -13.430   3.466   2.418   0.042   0.860   0.000 03T135M000t
00048 ARG03A0253_048 f 0.00  0.000     0  0.00  0  0 -12.694   5.610   4.118   0.245   0.555   0.000 03T169M000t
00049 ARG03A0253_049 f 0.00  0.000     0  0.00  0  0 -12.792   1.842   1.366   0.016   0.839   0.000 03T111M000t
00050 ARG03A0253_050 f 0.00  0.000     0  0.00  0  0 -13.493   1.173   2.196   0.032   0.888   0.000 03T006M000t
00051 ARG03A0253_051 f 0.00  0.000     0  0.00  0  0 -14.003   1.378   2.731   0.088   0.396   0.000 03T053M000t
00052 ARG03A0253_052 f 0.00  0.000     0  0.00  0  0 -14.098   6.352   2.479   0.190   1.005   0.000 03T08DM000t
00053 ARG03A0253_053 f 0.00  0.000     0  0.00  0  0  -9.664   0.910   1.729   0.072   0.936   0.000 03T099M000t
00054 ARG03A0253_054 f 0.00  0.000     0  0.00  0  0 -11.162   4.402   1.917  -0.016   0.580   0.000 03T134M000t
00055 ARG03A0253_055 f 0.00  0.000     0  0.00  0  0  -8.173   4.919   2.063  -0.010   1.024   0.000 03T07BM000t
00056 ARG03A0253_056 f 0.00  0.000     0  0.00  0  0 -14.368   4.452   2.464   1.520   0.694   0.000 03T0A8M000t
00057 ARG03A0253_057 f 0.00  0.000     0  0.00  0  0 -13.796   1.758   4.131   0.085   0.682   0.000 03T0AFM000t
00058 ARG03A0253_058 f 0.00  0.000     0  0.00  0  0 -13.653   0.736   2.470   0.019   0.693   0.000 03T0EFM000t
00059 ARG03A0253_059 f 0.00  0.000     0  0.00  0  0 -12.830   0.897   2.345   0.024   0.884   0.000 03T0F7M000t
00060 ARG03A0253_060 f 0.00  0.000     0  0.00  0  0 -13.113   2.653   4.255   0.044   0.719   0.000 03T109M000t
00061 ARG+1A0253_061 f 0.00  1.000     0 12.50  0  1 -13.984   1.209   2.508   0.228  -0.194   0.000 +1O000M000t
00062 ARG+1A0253_062 f 0.00  1.000     0 12.50  0  1 -11.663   0.527   3.602   0.292  -0.357   0.000 +1E01EM000t
00063 ARG+1A0253_063 f 0.00  1.000     0 12.50  0  1  -9.510   0.923   1.792   0.197  -0.242   0.000 +1E099M000t
00064 ARG+1A0253_064 f 0.00  1.000     0 12.50  0  1 -13.796   0.760   2.613   0.178  -0.209   0.000 +1E0EFM000t
00065 ARG+1A0253_065 f 0.00  1.000     0 12.50  0  1 -13.280   2.645   4.267   0.098  -0.249   0.000 +1E109M000t
00066 ARG+1A0253_066 f 0.00  1.000     0 12.50  0  1 -10.975   4.460   1.987   0.121  -0.357   0.000 +1E134M000t
00067 ARG+1A0253_067 f 0.00  1.000     0 12.50  0  1 -12.618   5.586   4.179   0.477  -0.341   0.000 +1E169M000t
00068 ARG+1A0253_068 f 0.00  1.000     0 12.50  0  1 -13.630   5.352   2.220   0.398  -0.130   0.000 +1E16DM000t
00069 ARG+1A0253_069 f 0.00  1.000     0 12.50  0  1 -13.536   1.174   2.210   0.131  -0.527   0.000 +1T006M000t
00070 ARG+1A0253_070 f 0.00  1.000     0 12.50  0  1 -13.985   1.384   2.743   0.243  -0.295   0.000 +1T053M000t
00071 ARG+1A0253_071 f 0.00  1.000     0 12.50  0  1  -8.290   4.918   2.102   0.013  -0.451   0.000 +1T07BM000t
00072 ARG+1A0253_072 f 0.00  1.000     0 12.50  0  1 -14.010   6.350   2.531   0.465  -0.147   0.000 +1T08DM000t
00073 ARG+1A0253_073 f 0.00  1.000     0 12.50  0  1 -14.346   4.368   2.465   2.985   0.587   0.000 +1T0A8M000t
00074 ARG+1A0253_074 f 0.00  1.000     0 12.50  0  1 -13.837   1.745   4.143   0.227  -0.043   0.000 +1T0AFM000t
00075 ARG+1A0253_075 f 0.00  1.000     0 12.50  0  1 -14.022   1.022   2.025   0.126  -0.004   0.000 +1T0E6M000t
00076 ARG+1A0253_076 f 0.00  1.000     0 12.50  0  1 -13.142   0.895   2.363   0.218  -0.677   0.000 +1T0F7M000t
00077 ARG+1A0253_077 f 0.00  1.000     0 12.50  0  1 -12.834   1.866   1.387   0.155  -0.157   0.000 +1T111M000t
00078 ARG+1A0253_078 f 0.00  1.000     0 12.50  0  1 -13.914   8.548   2.827   0.179  -0.065   0.000 +1T119M000t
00079 ARG+1A0253_079 f 0.00  1.000     0 12.50  0  1 -13.388   3.538   2.518   0.118  -0.239   0.000 +1T135M000t
00080 ARG+1A0253_080 f 0.00  1.000     0 12.50  0  1 -11.900   5.479   4.391   0.474  -0.367   0.000 +1T16BM000t
