CONFORMER         crg  vdw0  vdw1  tors  epol  self   occ  Hb     history    ASA
ARG01A0253_001  0.000-13.93  1.21  2.51  0.00-10.21 0.501  00  01O000M000  1.000
ARG01A0253_002  0.000-13.47  1.18  2.21  0.00-10.09 0.502  00  01E006M000  1.000
ARG01A0253_003  0.000-11.08  0.42  3.50  0.00 -7.15 0.501  00  01E01EM000  1.000
ARG01A0253_004  0.000-14.23  1.51  2.90  0.00 -9.82 0.501  00  01E053M000  1.000
ARG01A0253_005  0.000 -6.48  2.90  3.16  0.00 -0.41 0.501  00  01E07BM000  1.000
ARG01A0253_006  0.000-13.97  7.51  3.14  0.00 -3.32 0.502  00  01E08DM000  1.000
ARG01A0253_007  0.000-13.60  0.73  2.44  0.00-10.43 0.501  00  01E0EFM000  1.000
ARG01A0253_008  0.000-12.95  1.85  1.66  0.00 -9.43 0.501  00  01E111M000  1.000
ARG01A0253_009  0.000-13.94  5.07  3.83  0.00 -5.05 0.501  00  01E119M000  1.000
ARG01A0253_010  0.000-11.96  4.07  2.16  0.00 -5.73 0.501  00  01E134M000  1.000
ARG01A0253_011  0.000-13.61  3.36  2.34  0.00 -7.91 0.502  00  01E135M000  1.000
ARG01A0253_012  0.000-11.96  5.58  4.59  0.00 -1.79 0.502  00  01E16BM000  1.000
ARG01A0253_013  0.000-13.42  7.52  3.54  0.00 -2.37 0.501  00  01E16DM000  1.000
ARG01A0253_014  0.000 -8.84  1.01  2.66  0.00 -5.17 0.501  00  01T099M000  1.000
ARG01A0253_015  0.000-14.40  4.18  2.43  0.00 -7.79 0.501  00  01T0A8M000  1.000
ARG01A0253_016  0.000-13.77  1.63  4.34  0.00 -7.80 0.502  00  01T0AFM000  1.000
ARG01A0253_017  0.000-13.77  1.28  2.77  0.00 -9.72 0.502  00  01T0E6M000  1.000
ARG01A0253_018  0.000-12.73  0.94  2.52  0.00 -9.27 0.502  00  01T0F7M000  1.000
ARG01A0253_019  0.000-12.84  2.58  4.29  0.00 -5.97 0.501  00  01T109M000  1.000
ARG01A0253_020  0.000-13.21  6.65  5.60  0.00 -0.96 0.501  00  01T169M000  1.000
ARG02A0253_021  0.000-13.94  1.21  2.51  0.00-10.22 0.501  00  02O000M000  1.000
ARG02A0253_022  0.000-13.02  2.64  4.25  0.00 -6.13 0.501  00  02E109M000  1.000
ARG02A0253_023  0.000-11.03  4.45  1.97  0.00 -4.61 0.501  00  02E134M000  1.000
ARG02A0253_024  0.000-13.49  1.18  2.20  0.00-10.12 0.502  00  02T006M000  1.000
ARG02A0253_025  0.000 -9.52  0.92  1.76  0.00 -6.85 0.501  00  02T099M000  1.000
ARG02A0253_026  0.000-13.42  3.54  2.50  0.00 -7.38 0.502  00  02T135M000  1.000
ARG02A0253_027  0.000-13.80  1.76  4.15  0.00 -7.89 0.502  00  02T0AFM000  1.000
ARG02A0253_028  0.000-12.79  1.86  1.38  0.00 -9.54 0.501  00  02T111M000  1.000
ARG02A0253_029  0.000-12.44  5.58  4.18  0.00 -2.68 0.501  00  02T169M000  1.000
ARG02A0253_030  0.000 -8.61  4.96  2.10  0.00 -1.54 0.501  00  02T07BM000  1.000
ARG02A0253_031  0.000-14.07  6.32  2.53  0.00 -5.22 0.502  00  02T08DM000  1.000
ARG02A0253_032  0.000-13.96  1.03  2.02  0.00-10.92 0.502  00  02T0E6M000  1.000
ARG02A0253_033  0.000-13.65  0.76  2.60  0.00-10.30 0.501  00  02T0EFM000  1.000
ARG02A0253_034  0.000-13.90  8.51  2.82  0.00 -2.58 0.501  00  02T119M000  1.000
ARG02A0253_035  0.000-11.60  0.58  3.56  0.00 -7.46 0.501  00  02T01EM000  1.000
ARG02A0253_036  0.000-13.91  1.39  2.74  0.00 -9.78 0.501  00  02T053M000  1.000
ARG02A0253_037  0.000-14.27  4.43  2.46  0.00 -7.38 0.501  00  02T0A8M000  1.000
ARG02A0253_038  0.000-13.10  0.89  2.32  0.00 -9.88 0.502  00  02T0F7M000  1.000
ARG02A0253_039  0.000-11.87  5.46  4.38  0.00 -2.03 0.502  00  02T16BM000  1.000
ARG02A0253_040  0.000-13.71  5.28  2.18  0.00 -6.25 0.501  00  02T16DM000  1.000
ARG03A0253_041  0.000-13.94  1.21  2.51  0.00-10.23 0.501  00  03O000M000  1.000
ARG03A0253_042  0.000-11.68  0.54  3.56  0.00 -7.59 0.501  00  03E01EM000  1.000
ARG03A0253_043  0.000-14.00  1.02  1.97  0.00-11.01 0.502  00  03E0E6M000  1.000
ARG03A0253_044  0.000-13.60  5.31  2.17  0.00 -6.12 0.501  00  03E16DM000  1.000
ARG03A0253_045  0.000-11.88  5.45  4.38  0.00 -2.05 0.502  00  03E16BM000  1.000
ARG03A0253_046  0.000-13.92  8.56  2.78  0.00 -2.58 0.501  00  03T119M000  1.000
ARG03A0253_047  0.000-13.43  3.48  2.41  0.00 -7.54 0.502  00  03T135M000  1.000
ARG03A0253_048  0.000-12.62  5.61  4.12  0.00 -2.90 0.501  00  03T169M000  1.000
ARG03A0253_049  0.000-12.84  1.84  1.36  0.00 -9.64 0.501  00  03T111M000  1.000
ARG03A0253_050  0.000-13.49  1.17  2.20  0.00-10.12 0.502  00  03T006M000  1.000
ARG03A0253_051  0.000-14.00  1.38  2.73  0.00 -9.89 0.501  00  03T053M000  1.000
ARG03A0253_052  0.000-14.10  6.35  2.48  0.00 -5.27 0.502  00  03T08DM000  1.000
ARG03A0253_053  0.000 -9.66  0.91  1.73  0.00 -7.02 0.501  00  03T099M000  1.000
ARG03A0253_054  0.000-11.16  4.41  1.91  0.00 -4.84 0.501  00  03T134M000  1.000
ARG03A0253_055  0.000 -8.18  4.93  2.06  0.00 -1.19 0.501  00  03T07BM000  1.000
ARG03A0253_056  0.000-14.37  4.44  2.46  0.00 -7.46 0.501  00  03T0A8M000  1.000
ARG03A0253_057  0.000-13.79  1.76  4.13  0.00 -7.91 0.502  00  03T0AFM000  1.000
ARG03A0253_058  0.000-13.65  0.74  2.47  0.00-10.44 0.501  00  03T0EFM000  1.000
ARG03A0253_059  0.000-12.82  0.90  2.34  0.00 -9.58 0.502  00  03T0F7M000  1.000
ARG03A0253_060  0.000-13.11  2.65  4.26  0.00 -6.20 0.501  00  03T109M000  1.000
ARG+1A0253_061  1.000-13.98  1.21  2.51  0.00-10.27 0.501  00  +1O000M000  1.000
ARG+1A0253_062  1.000-11.67  0.53  3.60  0.00 -7.54 0.501  00  +1E01EM000  1.000
ARG+1A0253_063  1.000 -9.51  0.93  1.79  0.00 -6.79 0.501  00  +1E099M000  1.000
ARG+1A0253_064  1.000-13.79  0.76  2.61  0.00-10.42 0.501  00  +1E0EFM000  1.000
ARG+1A0253_065  1.000-13.28  2.64  4.27  0.00 -6.37 0.501  00  +1E109M000  1.000
ARG+1A0253_066  1.000-10.97  4.45  1.99  0.00 -4.53 0.501  00  +1E134M000  1.000
ARG+1A0253_067  1.000-12.56  5.58  4.18  0.00 -2.79 0.501  00  +1E169M000  1.000
ARG+1A0253_068  1.000-13.63  5.35  2.22  0.00 -6.06 0.501  00  +1E16DM000  1.000
ARG+1A0253_069  1.000-13.53  1.18  2.21  0.00-10.15 0.502  00  +1T006M000  1.000
ARG+1A0253_070  1.000-13.99  1.39  2.74  0.00 -9.86 0.501  00  +1T053M000  1.000
ARG+1A0253_071  1.000 -8.29  4.93  2.10  0.00 -1.27 0.501  00  +1T07BM000  1.000
ARG+1A0253_072  1.000-14.01  6.34  2.53  0.00 -5.14 0.502  00  +1T08DM000  1.000
ARG+1A0253_073  1.000-14.35  4.37  2.47  0.00 -7.51 0.501  00  +1T0A8M000  1.000
ARG+1A0253_074  1.000-13.83  1.75  4.15  0.00 -7.94 0.502  00  +1T0AFM000  1.000
ARG+1A0253_075  1.000-14.02  1.02  2.02  0.00-10.97 0.502  00  +1T0E6M000  1.000
ARG+1A0253_076  1.000-13.15  0.90  2.36  0.00 -9.89 0.502  00  +1T0F7M000  1.000
ARG+1A0253_077  1.000-12.83  1.86  1.39  0.00 -9.59 0.501  00  +1T111M000  1.000
ARG+1A0253_078  1.000-13.91  8.55  2.83  0.00 -2.54 0.501  00  +1T119M000  1.000
ARG+1A0253_079  1.000-13.39  3.54  2.51  0.00 -7.34 0.502  00  +1T135M000  1.000
ARG+1A0253_080  1.000-11.91  5.47  4.39  0.00 -2.04 0.502  00  +1T16BM000  1.000
