CONFORMER         crg  vdw0  vdw1  tors  epol  self   occ  Hb     history    ASA
HIS01A0026_001  0.000-11.73  0.20  0.01  0.00-11.52 0.518  00  01O000M000  1.000
HIS01A0026_002  0.000-11.86  0.19  0.01  0.00-11.66 0.520  00  01R001M000  1.000
HIS01A0026_003  0.000-11.29  3.62  2.79  0.00 -4.88 0.520  00  01E002M000  1.000
HIS01A0026_004  0.000-11.86  1.75  0.01  0.00-10.10 0.521  00  01E003M000  1.000
HIS01A0026_005  0.000-11.48  2.17  2.79  0.00 -6.53 0.518  00  01E005M000  1.000
HIS01A0026_006  0.000-11.84  1.38  0.01  0.00-10.46 0.519  00  01E006M000  1.000
HIS01A0026_007  0.000-12.14  0.73  0.00  0.00-11.41 0.517  00  01E009M000  1.000
HIS01A0026_008  0.000-11.55  6.68  0.02  0.00 -4.85 0.521  00  01E00DM000  1.000
HIS01A0026_009  0.000-11.38  4.96  0.01  0.00 -6.41 0.520  00  01E00FM000  1.000
HIS01A0026_010  0.000-11.73  0.35  0.01  0.00-11.37 0.520  00  01E011M000  1.000
HIS01A0026_011  0.000-11.62  1.27  0.01  0.00-10.34 0.520  00  01T004M000  1.000
HIS01A0026_012  0.000-11.77  1.53  0.01  0.00-10.23 0.518  00  01T007M000  1.000
HIS01A0026_013  0.000-11.37  3.43  2.79  0.00 -5.16 0.520  00  01T00BM000  1.000
HIS01A0026_014  0.000-11.99  1.51  0.01  0.00-10.47 0.519  00  01T00EM000  1.000
HIS01A0026_015  0.000-11.78  2.92  0.00  0.00 -8.86 0.520  00  01T010M000  1.000
HIS01A0026_016  0.000-11.90  2.03  0.00  0.00 -9.86 0.518  00  01T013M000  1.000
HIS01A0026_017  0.000-11.72  4.16  2.78  0.00 -4.78 0.520  00  01T015M000  1.000
HIS01A0026_018  0.000-11.54  2.12  2.79  0.00 -6.63 0.521  00  01T017M000  1.000
HIS01A0026_019  0.000-11.86  2.29  2.79  0.00 -6.78 0.519  00  01T019M000  1.000
HIS02A0026_020  0.000-11.75  0.18  0.01  0.00-11.56 0.518  00  02O000M000  1.000
HIS02A0026_021  0.000-11.87  0.18  0.01  0.00-11.68 0.520  00  02R001M000  1.000
HIS02A0026_022  0.000-11.86  1.29  0.00  0.00-10.56 0.519  00  02E006M000  1.000
HIS02A0026_023  0.000-11.77  1.44  0.02  0.00-10.32 0.518  00  02E007M000  1.000
HIS02A0026_024  0.000-12.16  0.72  0.00  0.00-11.44 0.517  00  02E009M000  1.000
HIS02A0026_025  0.000-11.40  3.41  2.79  0.00 -5.21 0.520  00  02E00BM000  1.000
HIS02A0026_026  0.000-11.47  4.96  0.01  0.00 -6.51 0.520  00  02E00FM000  1.000
HIS02A0026_027  0.000-11.80  3.10  0.00  0.00 -8.70 0.520  00  02E010M000  1.000
HIS02A0026_028  0.000-11.89  2.10  0.00  0.00 -9.79 0.518  00  02E013M000  1.000
HIS02A0026_029  0.000-11.76  2.28  2.78  0.00 -6.70 0.519  00  02E019M000  1.000
HIS02A0026_030  0.000-11.47  3.63  2.79  0.00 -5.05 0.520  00  02T002M000  1.000
HIS02A0026_031  0.000-12.10  1.72  0.01  0.00-10.37 0.521  00  02T003M000  1.000
HIS02A0026_032  0.000-11.67  1.26  0.01  0.00-10.41 0.520  00  02T004M000  1.000
HIS02A0026_033  0.000-11.57  2.14  2.79  0.00 -6.64 0.518  00  02T005M000  1.000
HIS02A0026_034  0.000-11.70  7.01  0.01  0.00 -4.68 0.521  00  02T00DM000  1.000
HIS02A0026_035  0.000-12.00  1.53  0.01  0.00-10.45 0.519  00  02T00EM000  1.000
HIS02A0026_036  0.000-11.69  0.30  0.01  0.00-11.38 0.520  00  02T011M000  1.000
HIS02A0026_037  0.000-11.66  4.16  2.78  0.00 -4.73 0.520  00  02T015M000  1.000
HIS02A0026_038  0.000-11.51  2.11  2.79  0.00 -6.61 0.521  00  02T017M000  1.000
HIS+1A0026_039  1.000-11.77  0.17  0.01  0.00-11.59 0.518  00  +1O000M000  1.000
HIS+1A0026_040  1.000-11.90  0.18  0.01  0.00-11.71 0.520  00  +1R001M000  1.000
HIS+1A0026_041  1.000-12.17  1.72  0.01  0.00-10.44 0.521  00  +1E003M000  1.000
HIS+1A0026_042  1.000-11.57  1.27  0.01  0.00-10.28 0.520  00  +1E004M000  1.000
HIS+1A0026_043  1.000-11.53  2.14  2.79  0.00 -6.60 0.518  00  +1E005M000  1.000
HIS+1A0026_044  1.000-11.88  1.29  0.00  0.00-10.59 0.519  00  +1E006M000  1.000
HIS+1A0026_045  1.000-12.19  0.72  0.00  0.00-11.47 0.517  00  +1E009M000  1.000
HIS+1A0026_046  1.000-11.59  7.02  0.01  0.00 -4.56 0.521  00  +1E00DM000  1.000
HIS+1A0026_047  1.000-11.45  4.98  0.01  0.00 -6.46 0.520  00  +1E00FM000  1.000
HIS+1A0026_048  1.000-11.82  3.11  0.00  0.00 -8.71 0.520  00  +1E010M000  1.000
HIS+1A0026_049  1.000-11.77  0.30  0.01  0.00-11.46 0.520  00  +1E011M000  1.000
HIS+1A0026_050  1.000-11.98  2.10  0.00  0.00 -9.88 0.518  00  +1E013M000  1.000
HIS+1A0026_051  1.000-11.69  4.14  2.78  0.00 -4.77 0.520  00  +1E015M000  1.000
HIS+1A0026_052  1.000-11.43  3.63  2.79  0.00 -5.01 0.520  00  +1T002M000  1.000
HIS+1A0026_053  1.000-11.81  1.44  0.02  0.00-10.36 0.518  00  +1T007M000  1.000
HIS+1A0026_054  1.000-11.36  3.40  2.79  0.00 -5.17 0.520  00  +1T00BM000  1.000
HIS+1A0026_055  1.000-12.02  1.54  0.01  0.00-10.47 0.519  00  +1T00EM000  1.000
HIS+1A0026_056  1.000-11.58  2.11  2.79  0.00 -6.69 0.521  00  +1T017M000  1.000
HIS+1A0026_057  1.000-11.84  2.27  2.78  0.00 -6.78 0.519  00  +1T019M000  1.000
