iConf CONFORMER     FL  occ    crg   Em0  pKa0 ne nH    vdw0    vdw1    tors    epol   dsolv   extra    history
00001 HIS01A0026_001 f 0.00  0.000     0  0.00  0  0 -11.732   0.245   0.012   0.212   0.365   0.000 01O000M000t
00002 HIS01A0026_002 f 0.00  0.000     0  0.00  0  0 -11.861   0.235   0.012   0.320   0.164   0.000 01R001M000t
00003 HIS01A0026_003 f 0.00  0.000     0  0.00  0  0 -11.288   3.628   2.786   0.138   0.536   0.000 01E002M000t
00004 HIS01A0026_004 f 0.00  0.000     0  0.00  0  0 -11.796   1.750   0.012   0.411   0.340   0.000 01E003M000t
00005 HIS01A0026_005 f 0.00  0.000     0  0.00  0  0 -11.484   2.174   2.787   0.214   0.191   0.000 01E005M000t
00006 HIS01A0026_006 f 0.00  0.000     0  0.00  0  0 -11.845   1.466   0.005   0.111   0.272   0.000 01E006M000t
00007 HIS01A0026_007 f 0.00  0.000     0  0.00  0  0 -12.143   0.837   0.005   0.345   0.271   0.000 01E009M000t
00008 HIS01A0026_008 f 0.00  0.000     0  0.00  0  0 -11.552   6.739   0.017   0.771   0.586   0.000 01E00DM000t
00009 HIS01A0026_009 f 0.00  0.000     0  0.00  0  0 -11.383   5.016   0.010   0.270   0.234   0.000 01E00FM000t
00010 HIS01A0026_010 f 0.00  0.000     0  0.00  0  0 -11.726   0.347   0.011   0.106   0.229   0.000 01E011M000t
00011 HIS01A0026_011 f 0.00  0.000     0  0.00  0  0 -11.617   1.272   0.007   0.267   0.315   0.000 01T004M000t
00012 HIS01A0026_012 f 0.00  0.000     0  0.00  0  0 -11.771   1.577   0.014   0.107   0.352   0.000 01T007M000t
00013 HIS01A0026_013 f 0.00  0.000     0  0.00  0  0 -11.375   3.437   2.786   0.378   0.443   0.000 01T00BM000t
00014 HIS01A0026_014 f 0.00  0.000     0  0.00  0  0 -11.989   1.507   0.012   0.479   0.323   0.000 01T00EM000t
00015 HIS01A0026_015 f 0.00  0.000     0  0.00  0  0 -11.781   2.971   0.000  -0.151   0.298   0.000 01T010M000t
00016 HIS01A0026_016 f 0.00  0.000     0  0.00  0  0 -11.895   2.093   0.000   0.460   0.304   0.000 01T013M000t
00017 HIS01A0026_017 f 0.00  0.000     0  0.00  0  0 -11.719   4.208   2.776   0.139   0.306   0.000 01T015M000t
00018 HIS01A0026_018 f 0.00  0.000     0  0.00  0  0 -11.538   2.122   2.786   0.311   0.260   0.000 01T017M000t
00019 HIS01A0026_019 f 0.00  0.000     0  0.00  0  0 -11.859   2.284   2.785   0.309   0.390   0.000 01T019M000t
00020 HIS02A0026_020 f 0.00  0.000     0  0.00  0  0 -11.748   0.221   0.012   0.214   0.015   0.000 02O000M000t
00021 HIS02A0026_021 f 0.00  0.000     0  0.00  0  0 -11.874   0.223   0.012   0.203   0.182   0.000 02R001M000t
00022 HIS02A0026_022 f 0.00  0.000     0  0.00  0  0 -11.858   1.383   0.005   0.282   0.404   0.000 02E006M000t
00023 HIS02A0026_023 f 0.00  0.000     0  0.00  0  0 -11.767   1.480   0.016   0.536   0.386   0.000 02E007M000t
00024 HIS02A0026_024 f 0.00  0.000     0  0.00  0  0 -12.162   0.831   0.005   0.269   0.183   0.000 02E009M000t
00025 HIS02A0026_025 f 0.00  0.000     0  0.00  0  0 -11.400   3.413   2.786   0.272   0.166   0.000 02E00BM000t
00026 HIS02A0026_026 f 0.00  0.000     0  0.00  0  0 -11.472   5.018   0.010   0.203   0.031   0.000 02E00FM000t
00027 HIS02A0026_027 f 0.00  0.000     0  0.00  0  0 -11.796   3.149   0.000   0.595   0.422   0.000 02E010M000t
00028 HIS02A0026_028 f 0.00  0.000     0  0.00  0  0 -11.890   2.167   0.000   0.410   0.126   0.000 02E013M000t
00029 HIS02A0026_029 f 0.00  0.000     0  0.00  0  0 -11.761   2.277   2.784   0.211   0.123   0.000 02E019M000t
00030 HIS02A0026_030 f 0.00  0.000     0  0.00  0  0 -11.469   3.636   2.786   0.236   0.318   0.000 02T002M000t
00031 HIS02A0026_031 f 0.00  0.000     0  0.00  0  0 -12.053   1.722   0.011   0.375   0.173   0.000 02T003M000t
00032 HIS02A0026_032 f 0.00  0.000     0  0.00  0  0 -11.673   1.260   0.008  -0.167   0.271   0.000 02T004M000t
00033 HIS02A0026_033 f 0.00  0.000     0  0.00  0  0 -11.569   2.142   2.786   0.206   0.282   0.000 02T005M000t
00034 HIS02A0026_034 f 0.00  0.000     0  0.00  0  0 -11.767   7.058   0.012   0.103   0.354   0.000 02T00DM000t
00035 HIS02A0026_035 f 0.00  0.000     0  0.00  0  0 -11.996   1.535   0.012   0.399   0.173   0.000 02T00EM000t
00036 HIS02A0026_036 f 0.00  0.000     0  0.00  0  0 -11.740   0.300   0.010   0.106   0.206   0.000 02T011M000t
00037 HIS02A0026_037 f 0.00  0.000     0  0.00  0  0 -11.665   4.213   2.777   0.268   0.206   0.000 02T015M000t
00038 HIS02A0026_038 f 0.00  0.000     0  0.00  0  0 -11.508   2.116   2.787   0.228   0.166   0.000 02T017M000t
00039 HIS+1A0026_039 f 0.00  1.000     0  6.98  0  1 -11.775   0.219   0.012   0.493  -0.468   0.000 +1O000M000t
00040 HIS+1A0026_040 f 0.00  1.000     0  6.98  0  1 -11.900   0.221   0.012   0.488  -0.538   0.000 +1R001M000t
00041 HIS+1A0026_041 f 0.00  1.000     0  6.98  0  1 -12.175   1.722   0.011   0.202  -0.286   0.000 +1E003M000t
00042 HIS+1A0026_042 f 0.00  1.000     0  6.98  0  1 -11.635   1.274   0.009   0.095  -0.185   0.000 +1E004M000t
00043 HIS+1A0026_043 f 0.00  1.000     0  6.98  0  1 -11.527   2.133   2.787   0.563  -0.507   0.000 +1E005M000t
00044 HIS+1A0026_044 f 0.00  1.000     0  6.98  0  1 -11.885   1.380   0.005   0.586  -0.281   0.000 +1E006M000t
00045 HIS+1A0026_045 f 0.00  1.000     0  6.98  0  1 -12.189   0.828   0.005   0.589  -0.238   0.000 +1E009M000t
00046 HIS+1A0026_046 f 0.00  1.000     0  6.98  0  1 -11.594   7.079   0.011  -0.182  -0.218   0.000 +1E00DM000t
00047 HIS+1A0026_047 f 0.00  1.000     0  6.98  0  1 -11.451   5.046   0.010   0.032  -0.199   0.000 +1E00FM000t
00048 HIS+1A0026_048 f 0.00  1.000     0  6.98  0  1 -11.823   3.157   0.000   1.144   0.011   0.000 +1E010M000t
00049 HIS+1A0026_049 f 0.00  1.000     0  6.98  0  1 -11.767   0.300   0.011   0.589  -0.311   0.000 +1E011M000t
00050 HIS+1A0026_050 f 0.00  1.000     0  6.98  0  1 -11.980   2.178   0.000   0.825  -0.355   0.000 +1E013M000t
00051 HIS+1A0026_051 f 0.00  1.000     0  6.98  0  1 -11.692   4.198   2.779   0.626  -0.468   0.000 +1E015M000t
00052 HIS+1A0026_052 f 0.00  1.000     0  6.98  0  1 -11.496   3.629   2.787   0.412  -0.554   0.000 +1T002M000t
00053 HIS+1A0026_053 f 0.00  1.000     0  6.98  0  1 -11.745   1.481   0.015   0.912  -0.246   0.000 +1T007M000t
00054 HIS+1A0026_054 f 0.00  1.000     0  6.98  0  1 -11.357   3.408   2.787   0.402  -0.270   0.000 +1T00BM000t
00055 HIS+1A0026_055 f 0.00  1.000     0  6.98  0  1 -12.024   1.547   0.012   0.180  -0.232   0.000 +1T00EM000t
00056 HIS+1A0026_056 f 0.00  1.000     0  6.98  0  1 -11.584   2.114   2.787   0.561  -0.481   0.000 +1T017M000t
00057 HIS+1A0026_057 f 0.00  1.000     0  6.98  0  1 -11.838   2.270   2.784   0.516  -0.523   0.000 +1T019M000t
