   confID        vdw0    sas     sum
HIS01A0026_001  -0.206 -11.526 -11.732
HIS01A0026_002  -0.178 -11.683 -11.861
HIS01A0026_003  -0.195 -11.093 -11.288
HIS01A0026_004  -0.197 -11.599 -11.796
HIS01A0026_005  -0.207 -11.278 -11.484
HIS01A0026_006  -0.348 -11.497 -11.845
HIS01A0026_007  -0.273 -11.870 -12.143
HIS01A0026_008  -0.344 -11.208 -11.552
HIS01A0026_009  -0.268 -11.115 -11.383
HIS01A0026_010  -0.262 -11.464 -11.726
HIS01A0026_011  -0.192 -11.425 -11.617
HIS01A0026_012  -0.256 -11.516 -11.771
HIS01A0026_013  -0.115 -11.260 -11.375
HIS01A0026_014  -0.110 -11.879 -11.989
HIS01A0026_015  -0.352 -11.429 -11.781
HIS01A0026_016  -0.273 -11.621 -11.895
HIS01A0026_017  -0.348 -11.371 -11.719
HIS01A0026_018  -0.120 -11.418 -11.538
HIS01A0026_019  -0.137 -11.722 -11.859
HIS02A0026_020  -0.223 -11.526 -11.748
HIS02A0026_021  -0.191 -11.683 -11.874
HIS02A0026_022  -0.361 -11.497 -11.858
HIS02A0026_023  -0.271 -11.497 -11.767
HIS02A0026_024  -0.292 -11.870 -12.162
HIS02A0026_025  -0.135 -11.265 -11.400
HIS02A0026_026  -0.288 -11.184 -11.472
HIS02A0026_027  -0.363 -11.433 -11.796
HIS02A0026_028  -0.293 -11.597 -11.890
HIS02A0026_029  -0.156 -11.605 -11.761
HIS02A0026_030  -0.214 -11.255 -11.469
HIS02A0026_031  -0.215 -11.838 -12.053
HIS02A0026_032  -0.212 -11.460 -11.673
HIS02A0026_033  -0.224 -11.345 -11.569
HIS02A0026_034  -0.359 -11.407 -11.767
HIS02A0026_035  -0.133 -11.863 -11.996
HIS02A0026_036  -0.276 -11.464 -11.740
HIS02A0026_037  -0.361 -11.304 -11.665
HIS02A0026_038  -0.138 -11.369 -11.508
HIS+1A0026_039  -0.249 -11.526 -11.775
HIS+1A0026_040  -0.217 -11.683 -11.900
HIS+1A0026_041  -0.243 -11.932 -12.175
HIS+1A0026_042  -0.239 -11.396 -11.635
HIS+1A0026_043  -0.249 -11.278 -11.527
HIS+1A0026_044  -0.388 -11.497 -11.885
HIS+1A0026_045  -0.319 -11.870 -12.189
HIS+1A0026_046  -0.386 -11.208 -11.594
HIS+1A0026_047  -0.315 -11.135 -11.451
HIS+1A0026_048  -0.390 -11.433 -11.823
HIS+1A0026_049  -0.304 -11.464 -11.767
HIS+1A0026_050  -0.319 -11.661 -11.980
HIS+1A0026_051  -0.388 -11.304 -11.692
HIS+1A0026_052  -0.241 -11.255 -11.496
HIS+1A0026_053  -0.297 -11.448 -11.745
HIS+1A0026_054  -0.161 -11.196 -11.357
HIS+1A0026_055  -0.161 -11.863 -12.024
HIS+1A0026_056  -0.166 -11.418 -11.584
HIS+1A0026_057  -0.184 -11.654 -11.838
