CONFORMER         crg  vdw0  vdw1  tors  epol  self   occ  Hb     history    ASA
TYR01A0067_001  0.000-10.00  2.03  0.44  0.00 -7.53 0.525  00  01O000M000  1.000
TYR01A0067_002  0.000 -9.53 -0.44  0.41  0.00 -9.56 0.521  00  01E006M000  1.000
TYR01A0067_003  0.000 -9.81 -0.49  0.41  0.00 -9.90 0.524  00  01E00AM000  1.000
TYR01A0067_004  0.000 -9.21  0.67  2.33  0.00 -6.20 0.525  00  01E00EM000  1.000
TYR01A0067_005  0.000 -9.44  1.58  2.30  0.00 -5.55 0.523  00  01E015M000  1.000
TYR01A0067_006  0.000-10.32  2.69  0.34  0.00 -7.28 0.523  00  01E004M000  1.000
TYR01A0067_007  0.000-10.17  1.19  0.35  0.00 -8.63 0.521  00  01E007M000  1.000
TYR01A0067_008  0.000-10.16 -0.50  0.41  0.00-10.26 0.520  00  01E00CM000  1.000
TYR01A0067_009  0.000 -9.74  0.51  2.33  0.00 -6.90 0.526  00  01E00DM000  1.000
TYR01A0067_010  0.000-10.50  2.24  0.36  0.00 -7.90 0.523  00  01T001M000  1.000
TYR01A0067_011  0.000 -9.75 -0.14  0.41  0.00 -9.48 0.521  00  01T011M000  1.000
TYR01A0067_012  0.000 -9.77 -0.49  0.41  0.00 -9.85 0.524  00  01T003M000  1.000
TYR01A0067_013  0.000 -9.83  0.50  2.34  0.00 -7.00 0.522  00  01T008M000  1.000
TYR01A0067_014  0.000-10.15  4.53  0.39  0.00 -5.23 0.525  00  01T00BM000  1.000
TYR01A0067_015  0.000-10.44 -0.22  2.34  0.00 -8.32 0.522  00  01T014M000  1.000
TYR01A0067_016  0.000-10.44  3.87  2.25  0.00 -4.32 0.525  00  01T002M000  1.000
TYR01A0067_017  0.000 -9.91  5.06  0.41  0.00 -4.44 0.522  00  01T005M000  1.000
TYR01A0067_018  0.000 -9.64  0.55  2.34  0.00 -6.76 0.522  00  01T009M000  1.000
TYR01A0067_019  0.000 -9.73 -0.11  0.41  0.00 -9.43 0.521  00  01T010M000  1.000
TYR01A0067_020  0.000 -9.96  3.28  2.33  0.00 -4.35 0.523  00  01T013M000  1.000
TYR-1A0067_021 -1.000-10.00  2.03  0.44  0.00 -7.53 0.525  00  -1O000M000  1.000
TYR-1A0067_022 -1.000-10.35  3.48  2.24  0.00 -4.63 0.525  00  -1E002M000  1.000
TYR-1A0067_023 -1.000 -9.77 -0.49  0.40  0.00 -9.85 0.524  00  -1E003M000  1.000
TYR-1A0067_024 -1.000-10.19  2.65  0.33  0.00 -7.20 0.523  00  -1E004M000  1.000
TYR-1A0067_025 -1.000-10.04  4.99  0.40  0.00 -4.66 0.522  00  -1E005M000  1.000
TYR-1A0067_026 -1.000-10.23  1.17  0.34  0.00 -8.72 0.521  00  -1E007M000  1.000
TYR-1A0067_027 -1.000 -9.61  0.49  2.33  0.00 -6.78 0.522  00  -1E008M000  1.000
TYR-1A0067_028 -1.000 -9.70  0.54  2.33  0.00 -6.83 0.522  00  -1E009M000  1.000
TYR-1A0067_029 -1.000 -9.82 -0.50  0.40  0.00 -9.91 0.524  00  -1E00AM000  1.000
TYR-1A0067_030 -1.000-10.41  4.67  0.38  0.00 -5.36 0.525  00  -1E00BM000  1.000
TYR-1A0067_031 -1.000 -9.21  0.66  2.32  0.00 -6.23 0.525  00  -1E00EM000  1.000
TYR-1A0067_032 -1.000 -9.74 -0.12  0.40  0.00 -9.45 0.521  00  -1E010M000  1.000
TYR-1A0067_033 -1.000 -9.85 -0.15  0.40  0.00 -9.60 0.521  00  -1E011M000  1.000
TYR-1A0067_034 -1.000 -9.81  3.28  2.32  0.00 -4.21 0.523  00  -1E013M000  1.000
TYR-1A0067_035 -1.000-10.33 -0.23  2.33  0.00 -8.23 0.522  00  -1E014M000  1.000
TYR-1A0067_036 -1.000-10.43  2.27  0.35  0.00 -7.82 0.523  00  -1T001M000  1.000
TYR-1A0067_037 -1.000 -9.57 -0.44  0.40  0.00 -9.61 0.521  00  -1T006M000  1.000
TYR-1A0067_038 -1.000-10.17 -0.50  0.40  0.00-10.26 0.520  00  -1T00CM000  1.000
TYR-1A0067_039 -1.000 -9.77  0.48  2.33  0.00 -6.97 0.526  00  -1T00DM000  1.000
TYR-1A0067_040 -1.000 -9.56  1.63  2.29  0.00 -5.64 0.523  00  -1T015M000  1.000
