iConf CONFORMER     FL  occ    crg   Em0  pKa0 ne nH    vdw0    vdw1    tors    epol   dsolv   extra    history
00001 TYR01A0067_001 f 0.00  0.000     0  0.00  0  0 -10.048   2.033   0.435   0.338   0.027   0.000 01O000M000t
00002 TYR01A0067_002 f 0.00  0.000     0  0.00  0  0  -9.535  -0.443   0.410   0.248   0.012   0.000 01E006M000t
00003 TYR01A0067_003 f 0.00  0.000     0  0.00  0  0  -9.806  -0.496   0.409   0.223  -0.002   0.000 01E00AM000t
00004 TYR01A0067_004 f 0.00  0.000     0  0.00  0  0  -9.211   0.676   2.334   0.138  -0.189   0.000 01E00EM000t
00005 TYR01A0067_005 f 0.00  0.000     0  0.00  0  0  -9.438   1.579   2.304   0.205  -0.055   0.000 01E015M000t
00006 TYR01A0067_006 f 0.00  0.000     0  0.00  0  0 -10.396   2.700   0.346   0.255  -0.090   0.000 01E004M000t
00007 TYR01A0067_007 f 0.00  0.000     0  0.00  0  0 -10.173   1.197   0.352   0.254  -0.015   0.000 01E007M000t
00008 TYR01A0067_008 f 0.00  0.000     0  0.00  0  0 -10.164  -0.499   0.409   0.227  -0.048   0.000 01E00CM000t
00009 TYR01A0067_009 f 0.00  0.000     0  0.00  0  0  -9.737   0.508   2.334   0.123   0.022   0.000 01E00DM000t
00010 TYR01A0067_010 f 0.00  0.000     0  0.00  0  0 -10.502   2.243   0.358   0.301   0.006   0.000 01T001M000t
00011 TYR01A0067_011 f 0.00  0.000     0  0.00  0  0  -9.731  -0.145   0.407   0.302  -0.070   0.000 01T011M000t
00012 TYR01A0067_012 f 0.00  0.000     0  0.00  0  0  -9.725  -0.487   0.410   0.245  -0.130   0.000 01T003M000t
00013 TYR01A0067_013 f 0.00  0.000     0  0.00  0  0  -9.828   0.500   2.337   0.222  -0.057   0.000 01T008M000t
00014 TYR01A0067_014 f 0.00  0.000     0  0.00  0  0 -10.273   4.524   0.391   0.296  -0.119   0.000 01T00BM000t
00015 TYR01A0067_015 f 0.00  0.000     0  0.00  0  0 -10.441  -0.221   2.337   0.253  -0.371   0.000 01T014M000t
00016 TYR01A0067_016 f 0.00  0.000     0  0.00  0  0 -10.442   3.878   2.249   0.272  -0.086   0.000 01T002M000t
00017 TYR01A0067_017 f 0.00  0.000     0  0.00  0  0  -9.910   5.072   0.407   0.345   0.028   0.000 01T005M000t
00018 TYR01A0067_018 f 0.00  0.000     0  0.00  0  0  -9.637   0.546   2.337   0.228  -0.085   0.000 01T009M000t
00019 TYR01A0067_019 f 0.00  0.000     0  0.00  0  0  -9.741  -0.104   0.409   0.298   0.076   0.000 01T010M000t
00020 TYR01A0067_020 f 0.00  0.000     0  0.00  0  0  -9.965   3.288   2.327   0.205  -0.188   0.000 01T013M000t
00021 TYR-1A0067_021 f 0.00 -1.000     0 10.20  0 -1  -9.945   2.038   0.435   0.206  -1.024   0.000 -1O000M000t
00022 TYR-1A0067_022 f 0.00 -1.000     0 10.20  0 -1 -10.339   3.488   2.237   0.157  -1.087   0.000 -1E002M000t
00023 TYR-1A0067_023 f 0.00 -1.000     0 10.20  0 -1  -9.759  -0.488   0.404   0.116  -0.864   0.000 -1E003M000t
00024 TYR-1A0067_024 f 0.00 -1.000     0 10.20  0 -1 -10.189   2.660   0.333   0.114  -0.865   0.000 -1E004M000t
00025 TYR-1A0067_025 f 0.00 -1.000     0 10.20  0 -1 -10.046   4.991   0.399   0.240  -0.958   0.000 -1E005M000t
00026 TYR-1A0067_026 f 0.00 -1.000     0 10.20  0 -1 -10.225   1.170   0.340   0.111  -0.949   0.000 -1E007M000t
00027 TYR-1A0067_027 f 0.00 -1.000     0 10.20  0 -1  -9.708   0.491   2.329   0.068  -0.777   0.000 -1E008M000t
00028 TYR-1A0067_028 f 0.00 -1.000     0 10.20  0 -1  -9.658   0.549   2.330   0.049  -0.782   0.000 -1E009M000t
00029 TYR-1A0067_029 f 0.00 -1.000     0 10.20  0 -1  -9.816  -0.495   0.403   0.052  -1.008   0.000 -1E00AM000t
00030 TYR-1A0067_030 f 0.00 -1.000     0 10.20  0 -1 -10.406   4.670   0.382   0.127  -0.882   0.000 -1E00BM000t
00031 TYR-1A0067_031 f 0.00 -1.000     0 10.20  0 -1  -9.211   0.662   2.325  -0.074  -1.017   0.000 -1E00EM000t
00032 TYR-1A0067_032 f 0.00 -1.000     0 10.20  0 -1  -9.792  -0.114   0.403   0.256  -0.643   0.000 -1E010M000t
00033 TYR-1A0067_033 f 0.00 -1.000     0 10.20  0 -1  -9.851  -0.155   0.401   0.277  -0.583   0.000 -1E011M000t
00034 TYR-1A0067_034 f 0.00 -1.000     0 10.20  0 -1  -9.808   3.278   2.322   0.107  -1.005   0.000 -1E013M000t
00035 TYR-1A0067_035 f 0.00 -1.000     0 10.20  0 -1 -10.244  -0.229   2.332   0.151  -1.191   0.000 -1E014M000t
00036 TYR-1A0067_036 f 0.00 -1.000     0 10.20  0 -1 -10.429   2.263   0.346   0.112  -1.011   0.000 -1T001M000t
00037 TYR-1A0067_037 f 0.00 -1.000     0 10.20  0 -1  -9.564  -0.442   0.404   0.118  -0.991   0.000 -1T006M000t
00038 TYR-1A0067_038 f 0.00 -1.000     0 10.20  0 -1 -10.160  -0.497   0.403   0.061  -0.923   0.000 -1T00CM000t
00039 TYR-1A0067_039 f 0.00 -1.000     0 10.20  0 -1  -9.770   0.479   2.325  -0.059  -1.154   0.000 -1T00DM000t
00040 TYR-1A0067_040 f 0.00 -1.000     0 10.20  0 -1  -9.559   1.628   2.294   0.109  -0.936   0.000 -1T015M000t
