   confID        vdw0    sas     sum
TYR01A0067_001   4.363 -14.411 -10.048
TYR01A0067_002   4.544 -14.080  -9.535
TYR01A0067_003   4.621 -14.428  -9.806
TYR01A0067_004   4.583 -13.794  -9.211
TYR01A0067_005   4.476 -13.914  -9.438
TYR01A0067_006   4.278 -14.674 -10.396
TYR01A0067_007   4.473 -14.646 -10.173
TYR01A0067_008   4.555 -14.719 -10.164
TYR01A0067_009   4.621 -14.359  -9.737
TYR01A0067_010   4.355 -14.857 -10.502
TYR01A0067_011   4.579 -14.310  -9.731
TYR01A0067_012   4.598 -14.323  -9.725
TYR01A0067_013   4.613 -14.440  -9.828
TYR01A0067_014   4.218 -14.492 -10.273
TYR01A0067_015   4.549 -14.989 -10.441
TYR01A0067_016   4.400 -14.843 -10.442
TYR01A0067_017   4.203 -14.113  -9.910
TYR01A0067_018   4.577 -14.215  -9.637
TYR01A0067_019   4.620 -14.362  -9.741
TYR01A0067_020   4.264 -14.230  -9.965
TYR-1A0067_021   4.364 -14.310  -9.945
TYR-1A0067_022   4.409 -14.748 -10.339
TYR-1A0067_023   4.615 -14.373  -9.759
TYR-1A0067_024   4.289 -14.478 -10.189
TYR-1A0067_025   4.202 -14.248 -10.046
TYR-1A0067_026   4.488 -14.714 -10.225
TYR-1A0067_027   4.606 -14.315  -9.708
TYR-1A0067_028   4.555 -14.214  -9.658
TYR-1A0067_029   4.612 -14.428  -9.816
TYR-1A0067_030   4.214 -14.619 -10.406
TYR-1A0067_031   4.584 -13.794  -9.211
TYR-1A0067_032   4.620 -14.412  -9.792
TYR-1A0067_033   4.561 -14.412  -9.851
TYR-1A0067_034   4.270 -14.078  -9.808
TYR-1A0067_035   4.559 -14.804 -10.244
TYR-1A0067_036   4.360 -14.789 -10.429
TYR-1A0067_037   4.551 -14.115  -9.564
TYR-1A0067_038   4.559 -14.719 -10.160
TYR-1A0067_039   4.615 -14.385  -9.770
TYR-1A0067_040   4.474 -14.033  -9.559
