CONFORMER         crg  vdw0  vdw1  tors  epol  self   occ  Hb     history    ASA
HIS01A0077_001  0.000-11.98 -0.25  0.30  0.00-11.93 0.518  00  01O000M000  1.000
HIS01A0077_002  0.000-11.38  0.71  2.46  0.00 -8.21 0.515  00  01E004M000  1.000
HIS01A0077_003  0.000-11.70  2.72  0.17  0.00 -8.81 0.518  00  01E008M000  1.000
HIS01A0077_004  0.000-12.26 -0.23  0.26  0.00-12.23 0.518  00  01E009M000  1.000
HIS01A0077_005  0.000-11.46  0.70  2.46  0.00 -8.30 0.517  00  01E012M000  1.000
HIS01A0077_006  0.000-11.97  1.17  0.20  0.00-10.60 0.518  00  01E015M000  1.000
HIS01A0077_007  0.000-11.83  0.05  0.26  0.00-11.52 0.519  00  01E017M000  1.000
HIS01A0077_008  0.000-11.69  3.14  0.20  0.00 -8.35 0.517  00  01E019M000  1.000
HIS01A0077_009  0.000-11.92  1.82  2.46  0.00 -7.64 0.519  00  01E01AM000  1.000
HIS01A0077_010  0.000-11.58  5.60  2.47  0.00 -3.50 0.517  00  01T002M000  1.000
HIS01A0077_011  0.000-11.63 -0.00  0.26  0.00-11.37 0.517  00  01T005M000  1.000
HIS01A0077_012  0.000-11.47  1.85  2.46  0.00 -7.16 0.517  00  01T006M000  1.000
HIS01A0077_013  0.000-11.33  5.89  2.49  0.00 -2.95 0.519  00  01T00CM000  1.000
HIS01A0077_014  0.000-11.50  1.27  0.23  0.00-10.01 0.519  00  01T00DM000  1.000
HIS01A0077_015  0.000-11.59  0.91  0.25  0.00-10.43 0.517  00  01T00FM000  1.000
HIS01A0077_016  0.000-12.07  1.38  2.33  0.00 -8.36 0.519  00  01T013M000  1.000
HIS01A0077_017  0.000-11.80  3.96  0.18  0.00 -7.66 0.517  00  01T016M000  1.000
HIS01A0077_018  0.000-11.65  4.17  2.43  0.00 -5.05 0.517  00  01T01BM000  1.000
HIS02A0077_019  0.000-12.00 -0.28  0.30  0.00-11.98 0.518  00  02O000M000  1.000
HIS02A0077_020  0.000-11.57 -0.28  0.30  0.00-11.55 0.516  00  02R001M000  1.000
HIS02A0077_021  0.000-11.49  1.82  2.46  0.00 -7.21 0.517  00  02E006M000  1.000
HIS02A0077_022  0.000-11.68  2.61  0.16  0.00 -8.91 0.518  00  02E008M000  1.000
HIS02A0077_023  0.000-11.40  5.95  2.47  0.00 -2.98 0.519  00  02E00CM000  1.000
HIS02A0077_024  0.000-11.48  0.68  2.46  0.00 -8.34 0.517  00  02E012M000  1.000
HIS02A0077_025  0.000-11.92  1.13  0.22  0.00-10.57 0.518  00  02E015M000  1.000
HIS02A0077_026  0.000-11.78  0.02  0.26  0.00-11.51 0.519  00  02E017M000  1.000
HIS02A0077_027  0.000-11.87  1.80  2.45  0.00 -7.62 0.519  00  02E01AM000  1.000
HIS02A0077_028  0.000-11.86  4.24  2.41  0.00 -5.21 0.517  00  02E01BM000  1.000
HIS02A0077_029  0.000-11.47  5.59  2.47  0.00 -3.41 0.517  00  02T002M000  1.000
HIS02A0077_030  0.000-11.40  0.68  2.46  0.00 -8.26 0.515  00  02T004M000  1.000
HIS02A0077_031  0.000-11.51 -0.02  0.26  0.00-11.28 0.517  00  02T005M000  1.000
HIS02A0077_032  0.000-11.50  1.43  0.21  0.00 -9.86 0.519  00  02T00DM000  1.000
HIS02A0077_033  0.000-11.63  0.96  0.25  0.00-10.43 0.517  00  02T00FM000  1.000
HIS02A0077_034  0.000-12.09  1.38  2.32  0.00 -8.40 0.519  00  02T013M000  1.000
HIS02A0077_035  0.000-12.01  3.82  0.16  0.00 -8.03 0.517  00  02T016M000  1.000
HIS02A0077_036  0.000-11.29  3.54  0.20  0.00 -7.55 0.517  00  02T019M000  1.000
HIS+1A0077_037  1.000-12.02 -0.29  0.30  0.00-12.01 0.518  00  +1O000M000  1.000
HIS+1A0077_038  1.000-11.60 -0.28  0.30  0.00-11.58 0.516  00  +1R001M000  1.000
HIS+1A0077_039  1.000-11.38  0.68  2.47  0.00 -8.23 0.515  00  +1E004M000  1.000
HIS+1A0077_040  1.000-11.47  1.82  2.47  0.00 -7.18 0.517  00  +1E006M000  1.000
HIS+1A0077_041  1.000-11.75  2.70  0.17  0.00 -8.87 0.518  00  +1E008M000  1.000
HIS+1A0077_042  1.000-11.43  5.93  2.47  0.00 -3.02 0.519  00  +1E00CM000  1.000
HIS+1A0077_043  1.000-11.45  0.68  2.47  0.00 -8.31 0.517  00  +1E012M000  1.000
HIS+1A0077_044  1.000-12.14  1.37  2.34  0.00 -8.43 0.519  00  +1E013M000  1.000
HIS+1A0077_045  1.000-11.95  1.11  0.22  0.00-10.62 0.518  00  +1E015M000  1.000
HIS+1A0077_046  1.000-11.91  3.96  0.17  0.00 -7.78 0.517  00  +1E016M000  1.000
HIS+1A0077_047  1.000-11.90  1.80  2.46  0.00 -7.64 0.519  00  +1E01AM000  1.000
HIS+1A0077_048  1.000-11.89  4.31  2.43  0.00 -5.15 0.517  00  +1E01BM000  1.000
HIS+1A0077_049  1.000-11.62  5.58  2.47  0.00 -3.57 0.517  00  +1T002M000  1.000
HIS+1A0077_050  1.000-11.77  2.29  0.28  0.00 -9.20 0.519  00  +1T003M000  1.000
HIS+1A0077_051  1.000-11.60 -0.02  0.26  0.00-11.36 0.517  00  +1T005M000  1.000
HIS+1A0077_052  1.000-11.46  1.43  0.23  0.00 -9.81 0.519  00  +1T00DM000  1.000
HIS+1A0077_053  1.000-11.92  0.02  0.26  0.00-11.64 0.519  00  +1T017M000  1.000
HIS+1A0077_054  1.000-11.39  3.58  0.22  0.00 -7.59 0.517  00  +1T019M000  1.000
