iConf CONFORMER     FL  occ    crg   Em0  pKa0 ne nH    vdw0    vdw1    tors    epol   dsolv   extra    history
00001 HIS01A0077_001 f 0.00  0.000     0  0.00  0  0 -11.976  -0.255   0.298   0.390   0.383   0.000 01O000M000t
00002 HIS01A0077_002 f 0.00  0.000     0  0.00  0  0 -11.511   5.600   2.474   0.357   0.464   0.000 01E002M000t
00003 HIS01A0077_003 f 0.00  0.000     0  0.00  0  0 -11.425   1.855   2.464   0.302   0.406   0.000 01E006M000t
00004 HIS01A0077_004 f 0.00  0.000     0  0.00  0  0 -11.648   0.683   0.211   0.439   0.403   0.000 01E00AM000t
00005 HIS01A0077_005 f 0.00  0.000     0  0.00  0  0 -11.973   1.176   0.203   0.204   0.564   0.000 01E015M000t
00006 HIS01A0077_006 f 0.00  0.000     0  0.00  0  0 -11.688   3.141   0.201   0.524   0.341   0.000 01E019M000t
00007 HIS01A0077_007 f 0.00  0.000     0  0.00  0  0 -11.919   1.820   2.462   0.348   0.336   0.000 01E01AM000t
00008 HIS01A0077_008 f 0.00  0.000     0  0.00  0  0 -11.671   2.069   0.279   0.782   0.449   0.000 01T003M000t
00009 HIS01A0077_009 f 0.00  0.000     0  0.00  0  0 -11.628  -0.005   0.264   0.351   0.455   0.000 01T005M000t
00010 HIS01A0077_010 f 0.00  0.000     0  0.00  0  0 -11.662   1.383   0.192   0.204   0.573   0.000 01T007M000t
00011 HIS01A0077_011 f 0.00  0.000     0  0.00  0  0 -11.657   2.714   0.176   0.015   0.389   0.000 01T008M000t
00012 HIS01A0077_012 f 0.00  0.000     0  0.00  0  0 -11.256   2.171   0.201   0.530   0.235   0.000 01T00BM000t
00013 HIS01A0077_013 f 0.00  0.000     0  0.00  0  0 -11.332   5.896   2.491   0.758   0.510   0.000 01T00CM000t
00014 HIS01A0077_014 f 0.00  0.000     0  0.00  0  0 -11.749   1.934   0.284   0.411   0.386   0.000 01T00EM000t
00015 HIS01A0077_015 f 0.00  0.000     0  0.00  0  0 -12.266   2.009   2.392   0.347   0.507   0.000 01T010M000t
00016 HIS01A0077_016 f 0.00  0.000     0  0.00  0  0 -11.609   0.700   2.464   0.370   0.407   0.000 01T012M000t
00017 HIS01A0077_017 f 0.00  0.000     0  0.00  0  0 -12.074   1.387   2.328   0.408   0.389   0.000 01T013M000t
00018 HIS01A0077_018 f 0.00  0.000     0  0.00  0  0 -11.660   1.107   2.408   0.463   0.320   0.000 01T014M000t
00019 HIS01A0077_019 f 0.00  0.000     0  0.00  0  0 -11.797   3.968   0.179  -0.021   0.601   0.000 01T016M000t
00020 HIS01A0077_020 f 0.00  0.000     0  0.00  0  0 -11.744   0.044   0.262   0.300   0.320   0.000 01T017M000t
00021 HIS02A0077_021 f 0.00  0.000     0  0.00  0  0 -11.995  -0.284   0.298   0.215  -0.025   0.000 02O000M000t
00022 HIS02A0077_022 f 0.00  0.000     0  0.00  0  0 -11.466   5.602   2.470   0.257   0.364   0.000 02E002M000t
00023 HIS02A0077_023 f 0.00  0.000     0  0.00  0  0 -11.509  -0.025   0.258   0.262   0.226   0.000 02E005M000t
00024 HIS02A0077_024 f 0.00  0.000     0  0.00  0  0 -11.623   2.611   0.161   0.622   0.559   0.000 02E008M000t
00025 HIS02A0077_025 f 0.00  0.000     0  0.00  0  0 -11.314   2.190   0.202   0.454   0.237   0.000 02E00BM000t
00026 HIS02A0077_026 f 0.00  0.000     0  0.00  0  0 -11.403   5.957   2.474   0.487   0.319   0.000 02E00CM000t
00027 HIS02A0077_027 f 0.00  0.000     0  0.00  0  0 -12.150   1.854   2.405   0.295   0.381   0.000 02E010M000t
00028 HIS02A0077_028 f 0.00  0.000     0  0.00  0  0 -11.861   1.128   2.370   0.320   0.294   0.000 02E014M000t
00029 HIS02A0077_029 f 0.00  0.000     0  0.00  0  0 -11.781   0.016   0.258   0.250   0.283   0.000 02E017M000t
00030 HIS02A0077_030 f 0.00  0.000     0  0.00  0  0 -11.344   3.363   0.204   0.501   0.192   0.000 02E019M000t
00031 HIS02A0077_031 f 0.00  0.000     0  0.00  0  0 -11.744   2.283   0.281   0.372   0.232   0.000 02T003M000t
00032 HIS02A0077_032 f 0.00  0.000     0  0.00  0  0 -11.539   1.829   2.458   0.313   0.345   0.000 02T006M000t
00033 HIS02A0077_033 f 0.00  0.000     0  0.00  0  0 -11.676   1.285   0.188   0.168   0.383   0.000 02T007M000t
00034 HIS02A0077_034 f 0.00  0.000     0  0.00  0  0 -11.463   0.658   0.223   0.280   0.282   0.000 02T00AM000t
00035 HIS02A0077_035 f 0.00  0.000     0  0.00  0  0 -11.629   1.924   0.282   0.269   0.284   0.000 02T00EM000t
00036 HIS02A0077_036 f 0.00  0.000     0  0.00  0  0 -11.623   0.676   2.459   0.289   0.207   0.000 02T012M000t
00037 HIS02A0077_037 f 0.00  0.000     0  0.00  0  0 -12.094   1.372   2.320   0.330   0.081   0.000 02T013M000t
00038 HIS02A0077_038 f 0.00  0.000     0  0.00  0  0 -11.921   1.127   0.220   0.302   0.241   0.000 02T015M000t
00039 HIS02A0077_039 f 0.00  0.000     0  0.00  0  0 -12.009   3.817   0.156   1.164   0.590   0.000 02T016M000t
00040 HIS02A0077_040 f 0.00  0.000     0  0.00  0  0 -11.890   1.801   2.456   0.319   0.023   0.000 02T01AM000t
00041 HIS+1A0077_041 f 0.00  1.000     0  6.98  0  1 -12.022  -0.287   0.298   0.609  -0.146   0.000 +1O000M000t
00042 HIS+1A0077_042 f 0.00  1.000     0  6.98  0  1 -11.557   5.579   2.474   0.393  -0.306   0.000 +1E002M000t
00043 HIS+1A0077_043 f 0.00  1.000     0  6.98  0  1 -11.656   2.290   0.283   0.362  -0.137   0.000 +1E003M000t
00044 HIS+1A0077_044 f 0.00  1.000     0  6.98  0  1 -11.849   1.238   0.204   0.555   0.020   0.000 +1E007M000t
00045 HIS+1A0077_045 f 0.00  1.000     0  6.98  0  1 -11.479   2.280   0.216   0.899  -0.259   0.000 +1E00BM000t
00046 HIS+1A0077_046 f 0.00  1.000     0  6.98  0  1 -11.767   1.973   0.283   0.264  -0.312   0.000 +1E00EM000t
00047 HIS+1A0077_047 f 0.00  1.000     0  6.98  0  1 -12.062   1.869   2.423   0.535  -0.147   0.000 +1E010M000t
00048 HIS+1A0077_048 f 0.00  1.000     0  6.98  0  1 -11.879   1.109   0.217   0.648  -0.177   0.000 +1E015M000t
00049 HIS+1A0077_049 f 0.00  1.000     0  6.98  0  1 -11.924   0.014   0.264   0.552  -0.490   0.000 +1E017M000t
00050 HIS+1A0077_050 f 0.00  1.000     0  6.98  0  1 -11.437   3.395   0.215   0.833  -0.391   0.000 +1E019M000t
00051 HIS+1A0077_051 f 0.00  1.000     0  6.98  0  1 -11.603  -0.025   0.266   0.551  -0.358   0.000 +1T005M000t
00052 HIS+1A0077_052 f 0.00  1.000     0  6.98  0  1 -11.516   1.825   2.466   0.593  -0.364   0.000 +1T006M000t
00053 HIS+1A0077_053 f 0.00  1.000     0  6.98  0  1 -11.746   2.705   0.175   1.214   0.162   0.000 +1T008M000t
00054 HIS+1A0077_054 f 0.00  1.000     0  6.98  0  1 -11.626   0.647   0.232   0.669  -0.533   0.000 +1T00AM000t
00055 HIS+1A0077_055 f 0.00  1.000     0  6.98  0  1 -11.399   5.945   2.474   0.577  -0.383   0.000 +1T00CM000t
00056 HIS+1A0077_056 f 0.00  1.000     0  6.98  0  1 -11.550   0.677   2.469   0.525  -0.463   0.000 +1T012M000t
00057 HIS+1A0077_057 f 0.00  1.000     0  6.98  0  1 -12.122   1.377   2.341   0.526  -0.316   0.000 +1T013M000t
00058 HIS+1A0077_058 f 0.00  1.000     0  6.98  0  1 -11.709   1.098   2.415   0.582  -0.626   0.000 +1T014M000t
00059 HIS+1A0077_059 f 0.00  1.000     0  6.98  0  1 -11.907   3.960   0.169   1.516  -0.083   0.000 +1T016M000t
00060 HIS+1A0077_060 f 0.00  1.000     0  6.98  0  1 -11.915   1.799   2.464   0.584  -0.512   0.000 +1T01AM000t
