   confID        vdw0    sas     sum
HIS01A0077_001  -0.120 -11.856 -11.976
HIS01A0077_002  -0.122 -11.259 -11.381
HIS01A0077_003  -0.279 -11.426 -11.704
HIS01A0077_004  -0.115 -12.145 -12.260
HIS01A0077_005  -0.126 -11.385 -11.511
HIS01A0077_006  -0.308 -11.665 -11.973
HIS01A0077_007  -0.120 -11.710 -11.830
HIS01A0077_008  -0.146 -11.542 -11.688
HIS01A0077_009  -0.123 -11.796 -11.919
HIS01A0077_010  -0.118 -11.461 -11.579
HIS01A0077_011  -0.128 -11.500 -11.628
HIS01A0077_012  -0.117 -11.355 -11.472
HIS01A0077_013  -0.103 -11.230 -11.332
HIS01A0077_014  -0.274 -11.230 -11.504
HIS01A0077_015  -0.158 -11.427 -11.584
HIS01A0077_016  -0.202 -11.872 -12.074
HIS01A0077_017  -0.273 -11.524 -11.797
HIS01A0077_018  -0.151 -11.502 -11.653
HIS02A0077_019  -0.140 -11.856 -11.995
HIS02A0077_020  -0.089 -11.484 -11.573
HIS02A0077_021  -0.135 -11.357 -11.492
HIS02A0077_022  -0.293 -11.330 -11.623
HIS02A0077_023  -0.125 -11.278 -11.403
HIS02A0077_024  -0.144 -11.334 -11.477
HIS02A0077_025  -0.324 -11.597 -11.921
HIS02A0077_026  -0.138 -11.643 -11.781
HIS02A0077_027  -0.142 -11.728 -11.870
HIS02A0077_028  -0.176 -11.682 -11.858
HIS02A0077_029  -0.136 -11.329 -11.465
HIS02A0077_030  -0.140 -11.259 -11.399
HIS02A0077_031  -0.144 -11.301 -11.445
HIS02A0077_032  -0.295 -11.209 -11.504
HIS02A0077_033  -0.183 -11.447 -11.631
HIS02A0077_034  -0.222 -11.872 -12.094
HIS02A0077_035  -0.289 -11.720 -12.009
HIS02A0077_036  -0.178 -11.117 -11.295
HIS+1A0077_037  -0.166 -11.856 -12.022
HIS+1A0077_038  -0.115 -11.484 -11.600
HIS+1A0077_039  -0.169 -11.207 -11.376
HIS+1A0077_040  -0.162 -11.308 -11.470
HIS+1A0077_041  -0.320 -11.426 -11.746
HIS+1A0077_042  -0.151 -11.278 -11.430
HIS+1A0077_043  -0.170 -11.282 -11.452
HIS+1A0077_044  -0.250 -11.891 -12.141
HIS+1A0077_045  -0.350 -11.530 -11.879
HIS+1A0077_046  -0.316 -11.591 -11.907
HIS+1A0077_047  -0.168 -11.728 -11.896
HIS+1A0077_048  -0.202 -11.682 -11.884
HIS+1A0077_049  -0.163 -11.461 -11.624
HIS+1A0077_050  -0.153 -11.618 -11.771
HIS+1A0077_051  -0.170 -11.432 -11.603
HIS+1A0077_052  -0.322 -11.141 -11.463
HIS+1A0077_053  -0.165 -11.759 -11.924
HIS+1A0077_054  -0.203 -11.185 -11.388
