CONFORMER         crg  vdw0  vdw1  tors  epol  self   occ  Hb     history    ASA
ARG01A0218_001  0.000-13.44  0.26  0.64  0.00-12.54 0.501  00  01O000M000  1.000
ARG01A0218_002  0.000-13.18  0.40  1.24  0.00-11.54 0.502  00  01E006M000  1.000
ARG01A0218_003  0.000-12.96  1.73  3.78  0.00 -7.46 0.501  00  01E00EM000  1.000
ARG01A0218_004  0.000-12.72  4.77  3.10  0.00 -4.86 0.501  00  01E01DM000  1.000
ARG01A0218_005  0.000-14.33  0.47  0.78  0.00-13.08 0.502  00  01E022M000  1.000
ARG01A0218_006  0.000-12.29  0.40  4.18  0.00 -7.70 0.501  00  01E032M000  1.000
ARG01A0218_007  0.000-12.46  4.68  3.14  0.00 -4.64 0.501  00  01E060M000  1.000
ARG01A0218_008  0.000-11.84  0.32  1.12  0.00-10.39 0.501  00  01E06DM000  1.000
ARG01A0218_009  0.000-11.82  0.48  0.71  0.00-10.63 0.502  00  01E070M000  1.000
ARG01A0218_010  0.000-11.48  0.51  0.64  0.00-10.34 0.501  00  01E0C3M000  1.000
ARG01A0218_011  0.000-10.77 -0.22  3.76  0.00 -7.24 0.501  00  01E101M000  1.000
ARG01A0218_012  0.000-13.35  2.77  3.25  0.00 -7.33 0.502  00  01E168M000  1.000
ARG01A0218_013  0.000-12.87  1.34  1.23  0.00-10.30 0.501  00  01T00BM000  1.000
ARG01A0218_014  0.000-11.04  0.89  2.60  0.00 -7.55 0.501  00  01T018M000  1.000
ARG01A0218_015  0.000-13.26  1.48  1.20  0.00-10.59 0.501  00  01T037M000  1.000
ARG01A0218_016  0.000-12.58  1.79  7.13  0.00 -3.65 0.502  00  01T05BM000  1.000
ARG01A0218_017  0.000-12.86  4.66  3.11  0.00 -5.10 0.502  00  01T0B5M000  1.000
ARG01A0218_018  0.000-10.62  1.17  1.16  0.00 -8.29 0.501  00  01T141M000  1.000
ARG01A0218_019  0.000-12.24  1.83  3.84  0.00 -6.58 0.502  00  01T156M000  1.000
ARG01A0218_020  0.000-12.45  1.08  5.81  0.00 -5.56 0.501  00  01T15FM000  1.000
ARG02A0218_021  0.000-13.51  0.25  0.64  0.00-12.63 0.501  00  02O000M000  1.000
ARG02A0218_022  0.000-13.34  0.42  1.08  0.00-11.85 0.502  00  02E006M000  1.000
ARG02A0218_023  0.000 -9.39  0.76  2.17  0.00 -6.46 0.501  00  02E018M000  1.000
ARG02A0218_024  0.000-14.21  0.61  0.54  0.00-13.06 0.502  00  02E022M000  1.000
ARG02A0218_025  0.000-13.36  1.38  1.11  0.00-10.87 0.501  00  02E037M000  1.000
ARG02A0218_026  0.000-12.32  4.65  3.13  0.00 -4.54 0.501  00  02E060M000  1.000
ARG02A0218_027  0.000-11.39 -0.28  3.58  0.00 -8.09 0.501  00  02E101M000  1.000
ARG02A0218_028  0.000-12.84  1.79  3.75  0.00 -7.29 0.501  00  02T00EM000  1.000
ARG02A0218_029  0.000-13.00  4.66  3.10  0.00 -5.23 0.502  00  02T0B5M000  1.000
ARG02A0218_030  0.000-11.88  0.52  0.63  0.00-10.72 0.501  00  02T0C3M000  1.000
ARG02A0218_031  0.000-12.47  1.08  5.82  0.00 -5.57 0.501  00  02T15FM000  1.000
ARG02A0218_032  0.000-13.30  1.13  1.07  0.00-11.10 0.501  00  02T00BM000  1.000
ARG02A0218_033  0.000-13.24  4.73  3.11  0.00 -5.40 0.501  00  02T01DM000  1.000
ARG02A0218_034  0.000-11.86  0.49  0.67  0.00-10.70 0.502  00  02T070M000  1.000
ARG02A0218_035  0.000-12.18  1.87  3.79  0.00 -6.52 0.502  00  02T156M000  1.000
ARG02A0218_036  0.000-13.32  2.76  3.25  0.00 -7.31 0.502  00  02T168M000  1.000
ARG02A0218_037  0.000-12.64  0.30  3.65  0.00 -8.70 0.501  00  02T032M000  1.000
ARG02A0218_038  0.000-12.55  1.70  6.28  0.00 -4.57 0.502  00  02T05BM000  1.000
ARG02A0218_039  0.000-11.60  0.33  1.05  0.00-10.21 0.501  00  02T06DM000  1.000
ARG02A0218_040  0.000-10.68  1.17  1.16  0.00 -8.35 0.501  00  02T141M000  1.000
ARG03A0218_041  0.000-13.52  0.25  0.64  0.00-12.63 0.501  00  03O000M000  1.000
ARG03A0218_042  0.000-11.45  0.52  0.63  0.00-10.30 0.501  00  03E0C3M000  1.000
ARG03A0218_043  0.000-12.55  1.07  5.81  0.00 -5.66 0.501  00  03E15FM000  1.000
ARG03A0218_044  0.000-13.41  0.42  1.08  0.00-11.91 0.502  00  03E006M000  1.000
ARG03A0218_045  0.000-13.30  4.72  3.11  0.00 -5.47 0.501  00  03E01DM000  1.000
ARG03A0218_046  0.000-12.73  0.30  3.61  0.00 -8.82 0.501  00  03E032M000  1.000
ARG03A0218_047  0.000-11.43 -0.29  3.59  0.00 -8.13 0.501  00  03E101M000  1.000
ARG03A0218_048  0.000-13.30  1.39  1.11  0.00-10.81 0.501  00  03T037M000  1.000
ARG03A0218_049  0.000-12.45  1.70  6.26  0.00 -4.48 0.502  00  03T05BM000  1.000
ARG03A0218_050  0.000 -9.45  0.76  2.13  0.00 -6.56 0.501  00  03T018M000  1.000
ARG03A0218_051  0.000-10.76  1.16  1.15  0.00 -8.45 0.501  00  03T141M000  1.000
ARG03A0218_052  0.000-13.38  2.77  3.25  0.00 -7.36 0.502  00  03T168M000  1.000
ARG03A0218_053  0.000-13.30  1.12  1.07  0.00-11.11 0.501  00  03T00BM000  1.000
ARG03A0218_054  0.000-12.84  1.79  3.75  0.00 -7.29 0.501  00  03T00EM000  1.000
ARG03A0218_055  0.000-14.21  0.61  0.54  0.00-13.06 0.502  00  03T022M000  1.000
ARG03A0218_056  0.000-12.38  4.64  3.13  0.00 -4.60 0.501  00  03T060M000  1.000
ARG03A0218_057  0.000-11.20  0.33  1.06  0.00 -9.82 0.501  00  03T06DM000  1.000
ARG03A0218_058  0.000-11.43  0.49  0.66  0.00-10.28 0.502  00  03T070M000  1.000
ARG03A0218_059  0.000-13.00  4.69  3.11  0.00 -5.20 0.502  00  03T0B5M000  1.000
ARG03A0218_060  0.000-12.35  1.87  3.80  0.00 -6.69 0.502  00  03T156M000  1.000
ARG+1A0218_061  1.000-13.56  0.25  0.64  0.00-12.67 0.501  00  +1O000M000  1.000
ARG+1A0218_062  1.000-13.46  1.12  1.07  0.00-11.27 0.501  00  +1E00BM000  1.000
ARG+1A0218_063  1.000-12.88  1.79  3.75  0.00 -7.33 0.501  00  +1E00EM000  1.000
ARG+1A0218_064  1.000 -9.37  0.76  2.21  0.00 -6.40 0.501  00  +1E018M000  1.000
ARG+1A0218_065  1.000-13.35  4.71  3.11  0.00 -5.53 0.501  00  +1E01DM000  1.000
ARG+1A0218_066  1.000-12.36  4.65  3.13  0.00 -4.58 0.501  00  +1E060M000  1.000
ARG+1A0218_067  1.000-11.18  0.33  1.06  0.00 -9.79 0.501  00  +1E06DM000  1.000
ARG+1A0218_068  1.000-13.45  0.42  1.08  0.00-11.96 0.502  00  +1T006M000  1.000
ARG+1A0218_069  1.000-14.26  0.61  0.54  0.00-13.10 0.502  00  +1T022M000  1.000
ARG+1A0218_070  1.000-12.79  0.30  3.66  0.00 -8.84 0.501  00  +1T032M000  1.000
ARG+1A0218_071  1.000-13.40  1.39  1.11  0.00-10.91 0.501  00  +1T037M000  1.000
ARG+1A0218_072  1.000-12.53  1.70  6.30  0.00 -4.53 0.502  00  +1T05BM000  1.000
ARG+1A0218_073  1.000-11.48  0.49  0.67  0.00-10.32 0.502  00  +1T070M000  1.000
ARG+1A0218_074  1.000-12.97  4.68  3.11  0.00 -5.18 0.502  00  +1T0B5M000  1.000
ARG+1A0218_075  1.000-11.53  0.52  0.63  0.00-10.38 0.501  00  +1T0C3M000  1.000
ARG+1A0218_076  1.000-11.52 -0.30  3.60  0.00 -8.22 0.501  00  +1T101M000  1.000
ARG+1A0218_077  1.000-10.76  1.16  1.16  0.00 -8.44 0.501  00  +1T141M000  1.000
ARG+1A0218_078  1.000-12.31  1.87  3.80  0.00 -6.64 0.502  00  +1T156M000  1.000
ARG+1A0218_079  1.000-12.44  1.08  5.83  0.00 -5.54 0.501  00  +1T15FM000  1.000
ARG+1A0218_080  1.000-13.35  2.75  3.25  0.00 -7.35 0.502  00  +1T168M000  1.000
