   confID        vdw0    sas     sum
ARG01A0218_001   1.177 -14.619 -13.442
ARG01A0218_002   1.579 -14.759 -13.180
ARG01A0218_003   1.598 -14.560 -12.962
ARG01A0218_004   1.226 -13.952 -12.726
ARG01A0218_005   0.846 -15.174 -14.328
ARG01A0218_006   2.201 -14.485 -12.284
ARG01A0218_007   2.016 -14.469 -12.452
ARG01A0218_008   2.724 -14.570 -11.846
ARG01A0218_009   2.645 -14.473 -11.828
ARG01A0218_010   2.708 -14.192 -11.484
ARG01A0218_011   3.116 -13.896 -10.780
ARG01A0218_012   1.469 -14.825 -13.356
ARG01A0218_013   1.576 -14.517 -12.941
ARG01A0218_014   3.298 -14.340 -11.042
ARG01A0218_015   1.283 -14.542 -13.259
ARG01A0218_016   2.365 -14.941 -12.575
ARG01A0218_017   1.573 -14.438 -12.865
ARG01A0218_018   3.592 -14.258 -10.666
ARG01A0218_019   2.035 -14.287 -12.252
ARG01A0218_020   2.333 -14.787 -12.454
ARG02A0218_021   1.104 -14.619 -13.514
ARG02A0218_022   1.434 -14.776 -13.342
ARG02A0218_023   4.572 -13.958  -9.386
ARG02A0218_024   0.765 -14.976 -14.210
ARG02A0218_025   1.243 -14.603 -13.360
ARG02A0218_026   2.017 -14.337 -12.319
ARG02A0218_027   3.325 -14.712 -11.387
ARG02A0218_028   1.438 -14.275 -12.837
ARG02A0218_029   1.561 -14.557 -12.996
ARG02A0218_030   2.493 -14.372 -11.879
ARG02A0218_031   2.328 -14.790 -12.462
ARG02A0218_032   1.495 -14.857 -13.362
ARG02A0218_033   1.334 -14.570 -13.236
ARG02A0218_034   2.678 -14.544 -11.866
ARG02A0218_035   2.109 -14.281 -12.173
ARG02A0218_036   1.507 -14.825 -13.318
ARG02A0218_037   2.540 -15.186 -12.647
ARG02A0218_038   2.540 -15.095 -12.555
ARG02A0218_039   2.908 -14.519 -11.610
ARG02A0218_040   3.595 -14.258 -10.664
ARG03A0218_041   1.100 -14.619 -13.519
ARG03A0218_042   2.671 -14.128 -11.457
ARG03A0218_043   2.311 -14.855 -12.543
ARG03A0218_044   1.440 -14.843 -13.403
ARG03A0218_045   1.260 -14.570 -13.310
ARG03A0218_046   2.447 -15.183 -12.736
ARG03A0218_047   3.290 -14.712 -11.422
ARG03A0218_048   1.233 -14.538 -13.306
ARG03A0218_049   2.465 -14.915 -12.450
ARG03A0218_050   4.554 -14.003  -9.448
ARG03A0218_051   3.517 -14.274 -10.757
ARG03A0218_052   1.445 -14.825 -13.380
ARG03A0218_053   1.434 -14.738 -13.304
ARG03A0218_054   1.444 -14.275 -12.831
ARG03A0218_055   0.762 -14.976 -14.214
ARG03A0218_056   1.960 -14.337 -12.377
ARG03A0218_057   3.266 -14.467 -11.201
ARG03A0218_058   2.964 -14.402 -11.437
ARG03A0218_059   1.563 -14.605 -13.042
ARG03A0218_060   2.048 -14.410 -12.362
ARG+1A0218_061   1.062 -14.619 -13.557
ARG+1A0218_062   1.397 -14.857 -13.460
ARG+1A0218_063   1.393 -14.275 -12.882
ARG+1A0218_064   4.619 -13.983  -9.364
ARG+1A0218_065   1.226 -14.570 -13.344
ARG+1A0218_066   1.918 -14.272 -12.355
ARG+1A0218_067   3.283 -14.467 -11.184
ARG+1A0218_068   1.393 -14.843 -13.450
ARG+1A0218_069   0.722 -14.976 -14.254
ARG+1A0218_070   2.451 -15.238 -12.787
ARG+1A0218_071   1.197 -14.603 -13.406
ARG+1A0218_072   2.454 -14.979 -12.525
ARG+1A0218_073   2.973 -14.453 -11.480
ARG+1A0218_074   1.511 -14.490 -12.978
ARG+1A0218_075   2.600 -14.128 -11.527
ARG+1A0218_076   3.256 -14.777 -11.520
ARG+1A0218_077   3.505 -14.258 -10.753
ARG+1A0218_078   2.018 -14.329 -12.311
ARG+1A0218_079   2.279 -14.726 -12.447
ARG+1A0218_080   1.405 -14.760 -13.355
