CONFORMER         crg  vdw0  vdw1  tors  epol  self   occ  Hb     history    ASA
ARG01A0081_001  0.000-12.59  0.67  0.69  0.00-11.23 0.501  00  01O000M000  1.000
ARG01A0081_002  0.000-13.61  1.35  0.91  0.00-11.35 0.502  00  01E017M000  1.000
ARG01A0081_003  0.000-12.95  2.34  6.02  0.00 -4.60 0.501  00  01E041M000  1.000
ARG01A0081_004  0.000-11.38  1.70  3.39  0.00 -6.29 0.502  00  01E067M000  1.000
ARG01A0081_005  0.000-11.57  0.68  0.67  0.00-10.22 0.501  00  01E06EM000  1.000
ARG01A0081_006  0.000-11.30  1.15  2.82  0.00 -7.32 0.502  00  01E08BM000  1.000
ARG01A0081_007  0.000-10.44  0.33  1.21  0.00 -8.90 0.502  00  01E0C5M000  1.000
ARG01A0081_008  0.000-10.02  0.58  1.35  0.00 -8.10 0.502  00  01E0CEM000  1.000
ARG01A0081_009  0.000-11.03  2.13  1.26  0.00 -7.65 0.502  00  01E0E8M000  1.000
ARG01A0081_010  0.000-10.25  1.77  6.45  0.00 -2.02 0.502  00  01E114M000  1.000
ARG01A0081_011  0.000-12.80  0.94  0.90  0.00-10.96 0.502  00  01T006M000  1.000
ARG01A0081_012  0.000-12.66  4.46  0.77  0.00 -7.43 0.502  00  01T019M000  1.000
ARG01A0081_013  0.000-11.37  1.80  4.60  0.00 -4.97 0.502  00  01T036M000  1.000
ARG01A0081_014  0.000-11.62  1.38  6.78  0.00 -3.45 0.502  00  01T038M000  1.000
ARG01A0081_015  0.000-11.13  3.80  2.70  0.00 -4.63 0.501  00  01T098M000  1.000
ARG01A0081_016  0.000-12.59  1.38  2.97  0.00 -8.24 0.501  00  01T0A3M000  1.000
ARG01A0081_017  0.000-10.37  0.56  3.68  0.00 -6.13 0.502  00  01T0D0M000  1.000
ARG01A0081_018  0.000 -9.93  2.16  1.25  0.00 -6.51 0.502  00  01T0D9M000  1.000
ARG01A0081_019  0.000-13.29  2.97  3.24  0.00 -7.08 0.501  00  01T108M000  1.000
ARG01A0081_020  0.000 -9.59  1.83  3.81  0.00 -3.95 0.502  00  01T10DM000  1.000
ARG02A0081_021  0.000 -9.64  1.82  3.80  0.00 -4.02 0.502  00  02E10DM000  1.000
ARG02A0081_022  0.000-12.60  0.65  0.69  0.00-11.26 0.501  00  02O000M000  1.000
ARG02A0081_023  0.000-13.60  1.46  0.60  0.00-11.53 0.502  00  02E017M000  1.000
ARG02A0081_024  0.000-10.14  2.25  1.24  0.00 -6.65 0.502  00  02E0D9M000  1.000
ARG02A0081_025  0.000-11.46  1.70  3.51  0.00 -6.25 0.502  00  02T036M000  1.000
ARG02A0081_026  0.000-12.37  4.09  0.60  0.00 -7.69 0.502  00  02T019M000  1.000
ARG02A0081_027  0.000-10.39  0.54  3.66  0.00 -6.18 0.502  00  02T0D0M000  1.000
ARG02A0081_028  0.000-11.31  1.60  6.12  0.00 -3.60 0.502  00  02T038M000  1.000
ARG02A0081_029  0.000-12.83  3.04  5.57  0.00 -4.22 0.501  00  02T041M000  1.000
ARG02A0081_030  0.000-11.46  1.68  3.36  0.00 -6.42 0.502  00  02T067M000  1.000
ARG02A0081_031  0.000-11.60  0.67  0.66  0.00-10.27 0.501  00  02T06EM000  1.000
ARG02A0081_032  0.000-11.54  1.15  2.61  0.00 -7.77 0.502  00  02T08BM000  1.000
ARG02A0081_033  0.000-10.25  0.59  1.34  0.00 -8.32 0.502  00  02T0CEM000  1.000
ARG02A0081_034  0.000-12.86  0.86  0.74  0.00-11.26 0.502  00  02T006M000  1.000
ARG02A0081_035  0.000-11.10  3.42  2.55  0.00 -5.13 0.501  00  02T098M000  1.000
ARG02A0081_036  0.000-12.49  1.38  2.94  0.00 -8.17 0.501  00  02T0A3M000  1.000
ARG02A0081_037  0.000-10.06  0.35  1.17  0.00 -8.54 0.502  00  02T0C5M000  1.000
ARG02A0081_038  0.000-10.96  2.09  1.25  0.00 -7.62 0.502  00  02T0E8M000  1.000
ARG02A0081_039  0.000-13.25  3.07  3.16  0.00 -7.02 0.501  00  02T108M000  1.000
ARG02A0081_040  0.000-10.02  1.84  6.31  0.00 -1.86 0.502  00  02T114M000  1.000
ARG03A0081_041  0.000-11.31  1.70  3.48  0.00 -6.13 0.502  00  03E036M000  1.000
ARG03A0081_042  0.000-12.66  0.65  0.69  0.00-11.31 0.501  00  03O000M000  1.000
ARG03A0081_043  0.000-12.38  4.09  0.59  0.00 -7.69 0.502  00  03E019M000  1.000
ARG03A0081_044  0.000-11.30  1.60  6.08  0.00 -3.62 0.502  00  03E038M000  1.000
ARG03A0081_045  0.000 -9.67  2.24  1.23  0.00 -6.20 0.502  00  03E0D9M000  1.000
ARG03A0081_046  0.000-13.52  1.47  0.60  0.00-11.46 0.502  00  03T017M000  1.000
ARG03A0081_047  0.000-12.90  3.08  5.57  0.00 -4.25 0.501  00  03T041M000  1.000
ARG03A0081_048  0.000-12.61  1.38  2.95  0.00 -8.29 0.501  00  03T0A3M000  1.000
ARG03A0081_049  0.000-10.46  0.54  3.66  0.00 -6.26 0.502  00  03T0D0M000  1.000
ARG03A0081_050  0.000-10.14  0.34  1.17  0.00 -8.63 0.502  00  03T0C5M000  1.000
ARG03A0081_051  0.000 -9.82  0.57  1.33  0.00 -7.92 0.502  00  03T0CEM000  1.000
ARG03A0081_052  0.000-11.01  2.12  1.25  0.00 -7.64 0.502  00  03T0E8M000  1.000
ARG03A0081_053  0.000-12.92  0.86  0.74  0.00-11.32 0.502  00  03T006M000  1.000
ARG03A0081_054  0.000-11.31  3.42  2.54  0.00 -5.35 0.501  00  03T098M000  1.000
ARG03A0081_055  0.000 -9.64  1.83  3.80  0.00 -4.02 0.502  00  03T10DM000  1.000
ARG03A0081_056  0.000-10.02  1.85  6.31  0.00 -1.86 0.502  00  03T114M000  1.000
ARG03A0081_057  0.000-11.13  1.68  3.37  0.00 -6.09 0.502  00  03T067M000  1.000
ARG03A0081_058  0.000-11.64  0.67  0.67  0.00-10.31 0.501  00  03T06EM000  1.000
ARG03A0081_059  0.000-11.72  1.15  2.57  0.00 -8.00 0.502  00  03T08BM000  1.000
ARG03A0081_060  0.000-13.23  3.08  3.16  0.00 -6.99 0.501  00  03T108M000  1.000
ARG+1A0081_061  1.000-12.70  0.65  0.69  0.00-11.36 0.501  00  +1O000M000  1.000
ARG+1A0081_062  1.000-13.56  1.46  0.61  0.00-11.49 0.502  00  +1E017M000  1.000
ARG+1A0081_063  1.000-11.30  1.60  6.12  0.00 -3.59 0.502  00  +1E038M000  1.000
ARG+1A0081_064  1.000-11.19  1.69  3.37  0.00 -6.13 0.502  00  +1E067M000  1.000
ARG+1A0081_065  1.000-11.71  1.15  2.62  0.00 -7.95 0.502  00  +1E08BM000  1.000
ARG+1A0081_066  1.000-11.25  3.43  2.57  0.00 -5.25 0.501  00  +1E098M000  1.000
ARG+1A0081_067  1.000-12.58  1.38  2.94  0.00 -8.26 0.501  00  +1E0A3M000  1.000
ARG+1A0081_068  1.000-10.03  0.33  1.18  0.00 -8.52 0.502  00  +1E0C5M000  1.000
ARG+1A0081_069  1.000 -9.68  2.26  1.23  0.00 -6.19 0.502  00  +1E0D9M000  1.000
ARG+1A0081_070  1.000-13.34  3.07  3.16  0.00 -7.11 0.501  00  +1E108M000  1.000
ARG+1A0081_071  1.000-10.05  1.84  6.32  0.00 -1.90 0.502  00  +1E114M000  1.000
ARG+1A0081_072  1.000-12.97  0.86  0.74  0.00-11.37 0.502  00  +1T006M000  1.000
ARG+1A0081_073  1.000-12.28  4.11  0.61  0.00 -7.57 0.502  00  +1T019M000  1.000
ARG+1A0081_074  1.000-11.50  1.70  3.52  0.00 -6.28 0.502  00  +1T036M000  1.000
ARG+1A0081_075  1.000-12.94  3.07  5.57  0.00 -4.30 0.501  00  +1T041M000  1.000
ARG+1A0081_076  1.000-11.68  0.67  0.67  0.00-10.34 0.501  00  +1T06EM000  1.000
ARG+1A0081_077  1.000 -9.88  0.57  1.33  0.00 -7.98 0.502  00  +1T0CEM000  1.000
ARG+1A0081_078  1.000-10.49  0.54  3.67  0.00 -6.28 0.502  00  +1T0D0M000  1.000
ARG+1A0081_079  1.000-10.97  2.10  1.26  0.00 -7.61 0.502  00  +1T0E8M000  1.000
ARG+1A0081_080  1.000 -9.69  1.82  3.81  0.00 -4.05 0.502  00  +1T10DM000  1.000
