iConf CONFORMER     FL  occ    crg   Em0  pKa0 ne nH    vdw0    vdw1    tors    epol   dsolv   extra    history
00001 ARG01A0081_001 f 0.00  0.000     0  0.00  0  0 -12.589   0.769   0.692  -0.007  -0.127   0.000 01O000M000t
00002 ARG01A0081_002 f 0.00  0.000     0  0.00  0  0 -13.562   1.064   1.013   0.045  -0.284   0.000 01E026M000t
00003 ARG01A0081_003 f 0.00  0.000     0  0.00  0  0 -12.917   2.484   1.261   0.030   0.005   0.000 01E030M000t
00004 ARG01A0081_004 f 0.00  0.000     0  0.00  0  0 -11.722   1.705   3.953   0.005  -0.032   0.000 01E042M000t
00005 ARG01A0081_005 f 0.00  0.000     0  0.00  0  0 -11.513   5.275   1.344   0.130   0.339   0.000 01E062M000t
00006 ARG01A0081_006 f 0.00  0.000     0  0.00  0  0 -11.471   3.875   0.681  -0.016   0.109   0.000 01E08EM000t
00007 ARG01A0081_007 f 0.00  0.000     0  0.00  0  0 -11.640   1.238   3.036   0.015   0.131   0.000 01E09AM000t
00008 ARG01A0081_008 f 0.00  0.000     0  0.00  0  0  -9.975   0.341   1.169  -0.007   0.247   0.000 01E0A8M000t
00009 ARG01A0081_009 f 0.00  0.000     0  0.00  0  0 -10.028   0.876   3.707   0.034   0.066   0.000 01E0B4M000t
00010 ARG01A0081_010 f 0.00  0.000     0  0.00  0  0 -12.217   2.999   5.666   0.112   0.051   0.000 01E10BM000t
00011 ARG01A0081_011 f 0.00  0.000     0  0.00  0  0 -12.230   1.632   3.647  -0.008  -0.479   0.000 01T00AM000t
00012 ARG01A0081_012 f 0.00  0.000     0  0.00  0  0 -13.047   1.042   2.851   0.030  -0.123   0.000 01T00FM000t
00013 ARG01A0081_013 f 0.00  0.000     0  0.00  0  0 -11.646   0.778   4.211   0.023  -0.286   0.000 01T022M000t
00014 ARG01A0081_014 f 0.00  0.000     0  0.00  0  0 -10.608   0.923   0.675   0.011   0.099   0.000 01T04CM000t
00015 ARG01A0081_015 f 0.00  0.000     0  0.00  0  0 -12.099   1.078   0.762   0.062  -0.079   0.000 01T057M000t
00016 ARG01A0081_016 f 0.00  0.000     0  0.00  0  0 -12.623   0.875   0.649   0.024  -0.057   0.000 01T076M000t
00017 ARG01A0081_017 f 0.00  0.000     0  0.00  0  0 -11.970   0.862   2.821   0.014   0.054   0.000 01T07AM000t
00018 ARG01A0081_018 f 0.00  0.000     0  0.00  0  0 -12.127   1.313   3.038   0.013  -0.087   0.000 01T082M000t
00019 ARG01A0081_019 f 0.00  0.000     0  0.00  0  0 -12.644   4.514   0.663   0.057  -0.271   0.000 01T096M000t
00020 ARG01A0081_020 f 0.00  0.000     0  0.00  0  0 -12.532   6.390   0.686   0.356  -0.039   0.000 01T0E0M000t
00021 ARG02A0081_021 f 0.00  0.000     0  0.00  0  0 -10.910   1.820   3.763   0.023   1.016   0.000 02E042M000t
00022 ARG02A0081_022 f 0.00  0.000     0  0.00  0  0 -10.880   0.931   0.648  -0.005   1.242   0.000 02E04CM000t
00023 ARG02A0081_023 f 0.00  0.000     0  0.00  0  0 -11.673   1.234   2.972  -0.013   1.095   0.000 02E09AM000t
00024 ARG02A0081_024 f 0.00  0.000     0  0.00  0  0 -12.602   0.756   0.692   0.026   0.436   0.000 02O000M000t
00025 ARG02A0081_025 f 0.00  0.000     0  0.00  0  0 -13.699   1.306   0.743   0.062   0.544   0.000 02E026M000t
00026 ARG02A0081_026 f 0.00  0.000     0  0.00  0  0 -12.604   0.872   0.643   0.011   0.543   0.000 02E076M000t
00027 ARG02A0081_027 f 0.00  0.000     0  0.00  0  0 -11.865   0.905   2.695   0.010   0.538   0.000 02E07AM000t
00028 ARG02A0081_028 f 0.00  0.000     0  0.00  0  0 -12.836   0.992   2.706   0.030   0.801   0.000 02T00FM000t
00029 ARG02A0081_029 f 0.00  0.000     0  0.00  0  0 -12.734   4.518   0.660   0.039   0.798   0.000 02T096M000t
00030 ARG02A0081_030 f 0.00  0.000     0  0.00  0  0 -12.580   1.757   3.651   0.032   0.657   0.000 02T00AM000t
00031 ARG02A0081_031 f 0.00  0.000     0  0.00  0  0 -11.954   0.766   3.304   0.037   0.470   0.000 02T022M000t
00032 ARG02A0081_032 f 0.00  0.000     0  0.00  0  0 -12.941   2.339   1.158   0.023   0.575   0.000 02T030M000t
00033 ARG02A0081_033 f 0.00  0.000     0  0.00  0  0 -12.058   1.045   0.745   0.037   0.676   0.000 02T057M000t
00034 ARG02A0081_034 f 0.00  0.000     0  0.00  0  0 -11.700   4.370   1.357   0.134   1.342   0.000 02T062M000t
00035 ARG02A0081_035 f 0.00  0.000     0  0.00  0  0  -9.943   0.883   3.701   0.008   0.551   0.000 02T0B4M000t
00036 ARG02A0081_036 f 0.00  0.000     0  0.00  0  0 -12.269   3.014   5.660  -0.031   0.575   0.000 02T10BM000t
00037 ARG02A0081_037 f 0.00  0.000     0  0.00  0  0 -11.778   1.302   2.695   0.025   0.526   0.000 02T082M000t
00038 ARG02A0081_038 f 0.00  0.000     0  0.00  0  0 -11.187   3.915   0.608  -0.023   0.796   0.000 02T08EM000t
00039 ARG02A0081_039 f 0.00  0.000     0  0.00  0  0  -9.757   0.334   1.122  -0.016   0.940   0.000 02T0A8M000t
00040 ARG02A0081_040 f 0.00  0.000     0  0.00  0  0 -12.592   6.595   0.644   0.258   0.591   0.000 02T0E0M000t
00041 ARG03A0081_041 f 0.00  0.000     0  0.00  0  0 -13.016   2.331   1.156   0.039   0.954   0.000 03E030M000t
00042 ARG03A0081_042 f 0.00  0.000     0  0.00  0  0 -10.003   0.879   3.697   0.028   0.939   0.000 03E0B4M000t
00043 ARG03A0081_043 f 0.00  0.000     0  0.00  0  0 -12.659   0.756   0.692   0.011   0.803   0.000 03O000M000t
00044 ARG03A0081_044 f 0.00  0.000     0  0.00  0  0 -10.977   1.822   3.752   0.020   1.016   0.000 03E042M000t
00045 ARG03A0081_045 f 0.00  0.000     0  0.00  0  0 -11.842   0.896   2.701   0.011   0.586   0.000 03E07AM000t
00046 ARG03A0081_046 f 0.00  0.000     0  0.00  0  0 -12.852   0.994   2.672   0.026   0.734   0.000 03T00FM000t
00047 ARG03A0081_047 f 0.00  0.000     0  0.00  0  0 -12.393   2.959   5.659   0.095   0.915   0.000 03T10BM000t
00048 ARG03A0081_048 f 0.00  0.000     0  0.00  0  0 -12.113   0.761   3.242   0.037   0.893   0.000 03T022M000t
00049 ARG03A0081_049 f 0.00  0.000     0  0.00  0  0 -13.697   1.294   0.740   0.063   0.825   0.000 03T026M000t
00050 ARG03A0081_050 f 0.00  0.000     0  0.00  0  0 -11.846   1.301   2.670   0.021   0.921   0.000 03T082M000t
00051 ARG03A0081_051 f 0.00  0.000     0  0.00  0  0 -12.671   4.519   0.661   0.041   0.912   0.000 03T096M000t
00052 ARG03A0081_052 f 0.00  0.000     0  0.00  0  0 -12.568   6.581   0.644   0.317   1.026   0.000 03T0E0M000t
00053 ARG03A0081_053 f 0.00  0.000     0  0.00  0  0 -10.522   0.921   0.650   0.004   0.822   0.000 03T04CM000t
00054 ARG03A0081_054 f 0.00  0.000     0  0.00  0  0 -11.573   4.353   1.388   0.104   1.225   0.000 03T062M000t
00055 ARG03A0081_055 f 0.00  0.000     0  0.00  0  0 -11.743   1.239   2.974  -0.001   0.890   0.000 03T09AM000t
00056 ARG03A0081_056 f 0.00  0.000     0  0.00  0  0  -9.921   0.345   1.114   0.010   1.050   0.000 03T0A8M000t
00057 ARG03A0081_057 f 0.00  0.000     0  0.00  0  0 -12.705   1.762   3.652   0.008   0.746   0.000 03T00AM000t
00058 ARG03A0081_058 f 0.00  0.000     0  0.00  0  0 -12.197   1.038   0.741   0.065   0.680   0.000 03T057M000t
00059 ARG03A0081_059 f 0.00  0.000     0  0.00  0  0 -12.645   0.874   0.646   0.025   0.729   0.000 03T076M000t
00060 ARG03A0081_060 f 0.00  0.000     0  0.00  0  0 -11.470   3.911   0.606  -0.019   0.607   0.000 03T08EM000t
00061 ARG+1A0081_061 f 0.00  1.000     0 12.50  0  1 -12.704   0.755   0.692   0.116  -0.292   0.000 +1O000M000t
00062 ARG+1A0081_062 f 0.00  1.000     0 12.50  0  1 -12.748   1.763   3.658   0.069  -0.215   0.000 +1E00AM000t
00063 ARG+1A0081_063 f 0.00  1.000     0 12.50  0  1 -13.737   1.296   0.749   0.153  -0.282   0.000 +1E026M000t
00064 ARG+1A0081_064 f 0.00  1.000     0 12.50  0  1 -10.712   0.920   0.651   0.091  -0.268   0.000 +1E04CM000t
00065 ARG+1A0081_065 f 0.00  1.000     0 12.50  0  1 -12.151   1.037   0.748   0.148  -0.192   0.000 +1E057M000t
00066 ARG+1A0081_066 f 0.00  1.000     0 12.50  0  1  -9.859   0.333   1.125   0.073  -0.165   0.000 +1E0A8M000t
00067 ARG+1A0081_067 f 0.00  1.000     0 12.50  0  1  -9.915   0.878   3.708   0.092  -0.141   0.000 +1E0B4M000t
00068 ARG+1A0081_068 f 0.00  1.000     0 12.50  0  1 -12.369   2.976   5.666   0.233   0.052   0.000 +1E10BM000t
00069 ARG+1A0081_069 f 0.00  1.000     0 12.50  0  1 -12.889   0.990   2.708   0.071  -0.608   0.000 +1T00FM000t
00070 ARG+1A0081_070 f 0.00  1.000     0 12.50  0  1 -11.926   0.764   3.321   0.097  -0.012   0.000 +1T022M000t
00071 ARG+1A0081_071 f 0.00  1.000     0 12.50  0  1 -13.038   2.340   1.159   0.103  -0.200   0.000 +1T030M000t
00072 ARG+1A0081_072 f 0.00  1.000     0 12.50  0  1 -10.930   1.814   3.768   0.140   0.014   0.000 +1T042M000t
00073 ARG+1A0081_073 f 0.00  1.000     0 12.50  0  1 -11.631   4.745   1.372   0.384   0.162   0.000 +1T062M000t
00074 ARG+1A0081_074 f 0.00  1.000     0 12.50  0  1 -12.689   0.874   0.648   0.083  -0.430   0.000 +1T076M000t
00075 ARG+1A0081_075 f 0.00  1.000     0 12.50  0  1 -11.953   0.891   2.720   0.102  -0.191   0.000 +1T07AM000t
00076 ARG+1A0081_076 f 0.00  1.000     0 12.50  0  1 -11.872   1.304   2.714   0.112  -0.204   0.000 +1T082M000t
00077 ARG+1A0081_077 f 0.00  1.000     0 12.50  0  1 -11.401   3.913   0.611   0.065  -0.083   0.000 +1T08EM000t
00078 ARG+1A0081_078 f 0.00  1.000     0 12.50  0  1 -12.710   4.522   0.664   0.030  -0.248   0.000 +1T096M000t
00079 ARG+1A0081_079 f 0.00  1.000     0 12.50  0  1 -11.661   1.236   2.972   0.056  -0.043   0.000 +1T09AM000t
00080 ARG+1A0081_080 f 0.00  1.000     0 12.50  0  1 -12.597   6.555   0.646   0.590  -0.038   0.000 +1T0E0M000t
