   confID        vdw0    sas     sum
ARG01A0081_001   1.537 -14.126 -12.589
ARG01A0081_002   0.951 -14.513 -13.562
ARG01A0081_003   1.535 -14.452 -12.917
ARG01A0081_004   2.784 -14.505 -11.722
ARG01A0081_005   2.594 -14.107 -11.513
ARG01A0081_006   2.367 -13.838 -11.471
ARG01A0081_007   2.202 -13.842 -11.640
ARG01A0081_008   3.808 -13.783  -9.975
ARG01A0081_009   3.894 -13.922 -10.028
ARG01A0081_010   2.281 -14.498 -12.217
ARG01A0081_011   2.010 -14.240 -12.230
ARG01A0081_012   1.614 -14.661 -13.047
ARG01A0081_013   2.744 -14.391 -11.646
ARG01A0081_014   2.802 -13.410 -10.608
ARG01A0081_015   2.428 -14.527 -12.099
ARG01A0081_016   1.758 -14.381 -12.623
ARG01A0081_017   2.207 -14.177 -11.970
ARG01A0081_018   1.986 -14.113 -12.127
ARG01A0081_019   1.778 -14.422 -12.644
ARG01A0081_020   1.617 -14.149 -12.532
ARG02A0081_021   3.268 -14.178 -10.910
ARG02A0081_022   2.784 -13.664 -10.880
ARG02A0081_023   2.253 -13.926 -11.673
ARG02A0081_024   1.524 -14.126 -12.602
ARG02A0081_025   0.919 -14.618 -13.699
ARG02A0081_026   1.777 -14.381 -12.604
ARG02A0081_027   2.434 -14.299 -11.865
ARG02A0081_028   1.713 -14.548 -12.836
ARG02A0081_029   1.755 -14.490 -12.734
ARG02A0081_030   1.901 -14.481 -12.580
ARG02A0081_031   2.896 -14.850 -11.954
ARG02A0081_032   1.613 -14.555 -12.941
ARG02A0081_033   2.421 -14.479 -12.058
ARG02A0081_034   2.638 -14.338 -11.700
ARG02A0081_035   4.043 -13.986  -9.943
ARG02A0081_036   2.345 -14.614 -12.269
ARG02A0081_037   2.409 -14.187 -11.778
ARG02A0081_038   2.471 -13.658 -11.187
ARG02A0081_039   3.997 -13.755  -9.757
ARG02A0081_040   1.625 -14.217 -12.592
ARG03A0081_041   1.559 -14.574 -13.016
ARG03A0081_042   3.967 -13.970 -10.003
ARG03A0081_043   1.467 -14.126 -12.659
ARG03A0081_044   3.201 -14.178 -10.977
ARG03A0081_045   2.390 -14.232 -11.842
ARG03A0081_046   1.697 -14.548 -12.852
ARG03A0081_047   2.289 -14.682 -12.393
ARG03A0081_048   2.785 -14.898 -12.113
ARG03A0081_049   0.857 -14.554 -13.697
ARG03A0081_050   2.341 -14.187 -11.846
ARG03A0081_051   1.751 -14.422 -12.671
ARG03A0081_052   1.581 -14.149 -12.568
ARG03A0081_053   3.016 -13.538 -10.522
ARG03A0081_054   2.582 -14.155 -11.573
ARG03A0081_055   2.247 -13.990 -11.743
ARG03A0081_056   3.901 -13.822  -9.921
ARG03A0081_057   1.840 -14.545 -12.705
ARG03A0081_058   2.394 -14.591 -12.197
ARG03A0081_059   1.736 -14.381 -12.645
ARG03A0081_060   2.419 -13.889 -11.470
ARG+1A0081_061   1.422 -14.126 -12.704
ARG+1A0081_062   1.796 -14.545 -12.748
ARG+1A0081_063   0.817 -14.554 -13.737
ARG+1A0081_064   2.955 -13.667 -10.712
ARG+1A0081_065   2.328 -14.479 -12.151
ARG+1A0081_066   3.896 -13.755  -9.859
ARG+1A0081_067   3.936 -13.851  -9.915
ARG+1A0081_068   2.245 -14.614 -12.369
ARG+1A0081_069   1.659 -14.548 -12.889
ARG+1A0081_070   2.809 -14.734 -11.926
ARG+1A0081_071   1.517 -14.555 -13.038
ARG+1A0081_072   3.247 -14.178 -10.930
ARG+1A0081_073   2.544 -14.174 -11.631
ARG+1A0081_074   1.692 -14.381 -12.689
ARG+1A0081_075   2.350 -14.303 -11.953
ARG+1A0081_076   2.315 -14.187 -11.872
ARG+1A0081_077   2.386 -13.786 -11.401
ARG+1A0081_078   1.712 -14.422 -12.710
ARG+1A0081_079   2.201 -13.862 -11.661
ARG+1A0081_080   1.552 -14.149 -12.597
