CONFORMER         crg  vdw0  vdw1  tors  epol  self   occ  Hb     history    ASA
LYS01A0104_001  0.000-11.67  0.28  0.83  0.00-10.57 0.501  00  01O000M000  1.000
LYS01A0104_002  0.000-10.93  0.67  0.82  0.00 -9.44 0.501  00  01E065M000  1.000
LYS01A0104_003  0.000-11.31  1.55  0.86  0.00 -8.91 0.502  00  01E078M000  1.000
LYS01A0104_004  0.000-10.44  0.80  1.43  0.00 -8.22 0.501  00  01E094M000  1.000
LYS01A0104_005  0.000-10.99  0.83  4.21  0.00 -5.95 0.501  00  01E095M000  1.000
LYS01A0104_006  0.000 -6.85  1.23  3.72  0.00 -1.90 0.502  00  01E098M000  1.000
LYS01A0104_007  0.000 -9.91  0.08  1.45  0.00 -8.38 0.502  00  01E0B3M000  1.000
LYS01A0104_008  0.000 -8.76  0.56  1.54  0.00 -6.66 0.502  00  01E156M000  1.000
LYS01A0104_009  0.000 -8.98  0.59  2.10  0.00 -6.30 0.501  00  01T037M000  1.000
LYS01A0104_010  0.000-10.64  1.44  3.76  0.00 -5.44 0.501  00  01T03DM000  1.000
LYS01A0104_011  0.000-10.54  0.56  4.27  0.00 -5.72 0.501  00  01T080M000  1.000
LYS01A0104_012  0.000-10.89  0.64  4.26  0.00 -5.99 0.502  00  01T09FM000  1.000
LYS01A0104_013  0.000-10.18  1.96  1.42  0.00 -6.80 0.501  00  01T0A1M000  1.000
LYS01A0104_014  0.000-10.50  0.13  3.70  0.00 -6.68 0.501  00  01T0B1M000  1.000
LYS01A0104_015  0.000 -9.96  0.20  1.44  0.00 -8.32 0.502  00  01T0B4M000  1.000
LYS01A0104_016  0.000 -9.02  0.40  0.88  0.00 -7.74 0.501  00  01T0C9M000  1.000
LYS01A0104_017  0.000 -7.78  0.57  2.10  0.00 -5.12 0.502  00  01T111M000  1.000
LYS01A0104_018  0.000 -7.81  0.78  4.84  0.00 -2.19 0.501  00  01T13BM000  1.000
LYS01A0104_019  0.000 -8.83  1.93  1.48  0.00 -5.42 0.502  00  01T15FM000  1.000
LYS01A0104_020  0.000 -8.58  1.82  1.54  0.00 -5.22 0.502  00  01T16AM000  1.000
LYS+1A0104_021  1.000-11.72  0.28  0.83  0.00-10.61 0.501  00  +1O000M000  1.000
LYS+1A0104_022  1.000 -8.99  0.59  2.10  0.00 -6.30 0.501  00  +1E037M000  1.000
LYS+1A0104_023  1.000-11.02  0.66  0.82  0.00 -9.53 0.501  00  +1E065M000  1.000
LYS+1A0104_024  1.000-10.46  0.80  1.42  0.00 -8.24 0.501  00  +1E094M000  1.000
LYS+1A0104_025  1.000-10.99  0.83  4.21  0.00 -5.94 0.501  00  +1E095M000  1.000
LYS+1A0104_026  1.000 -6.94  1.22  3.72  0.00 -1.99 0.502  00  +1E098M000  1.000
LYS+1A0104_027  1.000-10.94  0.64  4.26  0.00 -6.05 0.502  00  +1E09FM000  1.000
LYS+1A0104_028  1.000-10.15  1.97  1.43  0.00 -6.76 0.501  00  +1E0A1M000  1.000
LYS+1A0104_029  1.000-10.46  0.13  3.70  0.00 -6.63 0.501  00  +1E0B1M000  1.000
LYS+1A0104_030  1.000-10.05  0.07  1.45  0.00 -8.53 0.502  00  +1E0B3M000  1.000
LYS+1A0104_031  1.000 -7.86  0.56  2.10  0.00 -5.20 0.502  00  +1E111M000  1.000
LYS+1A0104_032  1.000 -7.96  0.79  4.85  0.00 -2.32 0.501  00  +1E13BM000  1.000
LYS+1A0104_033  1.000 -8.85  0.56  1.54  0.00 -6.75 0.502  00  +1E156M000  1.000
LYS+1A0104_034  1.000 -8.93  1.94  1.48  0.00 -5.51 0.502  00  +1E15FM000  1.000
LYS+1A0104_035  1.000 -8.74  1.82  1.54  0.00 -5.38 0.502  00  +1E16AM000  1.000
LYS+1A0104_036  1.000-10.63  1.42  3.76  0.00 -5.45 0.501  00  +1T03DM000  1.000
LYS+1A0104_037  1.000-11.38  1.56  0.86  0.00 -8.97 0.502  00  +1T078M000  1.000
LYS+1A0104_038  1.000-10.66  0.55  4.27  0.00 -5.83 0.501  00  +1T080M000  1.000
LYS+1A0104_039  1.000-10.03  0.20  1.44  0.00 -8.40 0.502  00  +1T0B4M000  1.000
LYS+1A0104_040  1.000 -8.93  0.40  0.88  0.00 -7.66 0.501  00  +1T0C9M000  1.000
