iConf CONFORMER     FL  occ    crg   Em0  pKa0 ne nH    vdw0    vdw1    tors    epol   dsolv   extra    history
00001 LYS01A0104_001 f 0.00  0.000     0  0.00  0  0 -11.792   0.276   0.828  -0.011   0.073   0.000 01O000M000t
00002 LYS01A0104_002 f 0.00  0.000     0  0.00  0  0  -4.631   1.989   0.774  -0.015  -0.122   0.000 01E026M000t
00003 LYS01A0104_003 f 0.00  0.000     0  0.00  0  0 -10.895   2.019   0.819  -0.010  -0.003   0.000 01E06CM000t
00004 LYS01A0104_004 f 0.00  0.000     0  0.00  0  0  -5.977   0.495   4.268  -0.021   0.137   0.000 01E07EM000t
00005 LYS01A0104_005 f 0.00  0.000     0  0.00  0  0 -10.837   1.817   3.699  -0.031  -0.126   0.000 01E087M000t
00006 LYS01A0104_006 f 0.00  0.000     0  0.00  0  0 -10.208   1.162   6.979  -0.010  -0.007   0.000 01E0B6M000t
00007 LYS01A0104_007 f 0.00  0.000     0  0.00  0  0  -9.711   4.349   4.171  -0.018   0.045   0.000 01E0E6M000t
00008 LYS01A0104_008 f 0.00  0.000     0  0.00  0  0  -7.853   0.204   2.107  -0.078   0.169   0.000 01E107M000t
00009 LYS01A0104_009 f 0.00  0.000     0  0.00  0  0 -10.109   0.361   4.324  -0.040  -0.112   0.000 01E109M000t
00010 LYS01A0104_010 f 0.00  0.000     0  0.00  0  0  -9.675   0.517   4.323  -0.019  -0.166   0.000 01E10EM000t
00011 LYS01A0104_011 f 0.00  0.000     0  0.00  0  0  -7.932   1.477   4.819   0.016   0.176   0.000 01E11AM000t
00012 LYS01A0104_012 f 0.00  0.000     0  0.00  0  0  -9.592   2.292   4.303  -0.018   0.038   0.000 01E163M000t
00013 LYS01A0104_013 f 0.00  0.000     0  0.00  0  0 -11.440   1.337   1.560  -0.016  -0.141   0.000 01T04AM000t
00014 LYS01A0104_014 f 0.00  0.000     0  0.00  0  0 -10.936   1.868   7.021  -0.012  -0.164   0.000 01T08DM000t
00015 LYS01A0104_015 f 0.00  0.000     0  0.00  0  0 -10.493   0.801   1.424  -0.015   0.150   0.000 01T094M000t
00016 LYS01A0104_016 f 0.00  0.000     0  0.00  0  0  -9.741   2.014   1.431  -0.009  -0.129   0.000 01T0E4M000t
00017 LYS01A0104_017 f 0.00  0.000     0  0.00  0  0  -9.445   0.439   4.341  -0.014   0.024   0.000 01T10CM000t
00018 LYS01A0104_018 f 0.00  0.000     0  0.00  0  0  -7.964   1.870   4.825  -0.025   0.104   0.000 01T113M000t
00019 LYS01A0104_019 f 0.00  0.000     0  0.00  0  0  -7.825   1.371   4.856  -0.038   0.189   0.000 01T132M000t
00020 LYS01A0104_020 f 0.00  0.000     0  0.00  0  0 -10.476   0.918   3.801  -0.067   0.183   0.000 01T14CM000t
00021 LYS+1A0104_021 f 0.00  1.000     0 10.40  0  1 -11.837   0.275   0.828   0.047  -0.195   0.000 +1O000M000t
00022 LYS+1A0104_022 f 0.00  1.000     0 10.40  0  1  -4.629   1.988   0.774   0.063  -0.174   0.000 +1E026M000t
00023 LYS+1A0104_023 f 0.00  1.000     0 10.40  0  1 -10.950   2.015   0.818  -0.054  -0.103   0.000 +1E06CM000t
00024 LYS+1A0104_024 f 0.00  1.000     0 10.40  0  1 -10.523   0.801   1.424   0.056  -0.107   0.000 +1E094M000t
00025 LYS+1A0104_025 f 0.00  1.000     0 10.40  0  1 -10.254   1.161   6.980   0.058  -0.216   0.000 +1E0B6M000t
00026 LYS+1A0104_026 f 0.00  1.000     0 10.40  0  1  -9.816   2.003   1.431  -0.049  -0.079   0.000 +1E0E4M000t
00027 LYS+1A0104_027 f 0.00  1.000     0 10.40  0  1  -9.792   4.335   4.172   0.052  -0.294   0.000 +1E0E6M000t
00028 LYS+1A0104_028 f 0.00  1.000     0 10.40  0  1  -7.882   0.162   2.107   0.367   0.331   0.000 +1E107M000t
00029 LYS+1A0104_029 f 0.00  1.000     0 10.40  0  1 -10.173   0.353   4.324   0.203  -0.143   0.000 +1E109M000t
00030 LYS+1A0104_030 f 0.00  1.000     0 10.40  0  1  -9.517   0.430   4.342   0.121   0.026   0.000 +1E10CM000t
00031 LYS+1A0104_031 f 0.00  1.000     0 10.40  0  1  -7.929   1.324   4.857   0.289   0.562   0.000 +1E132M000t
00032 LYS+1A0104_032 f 0.00  1.000     0 10.40  0  1 -11.435   1.321   1.563   0.096  -0.256   0.000 +1T04AM000t
00033 LYS+1A0104_033 f 0.00  1.000     0 10.40  0  1  -6.062   0.490   4.268   0.123   0.214   0.000 +1T07EM000t
00034 LYS+1A0104_034 f 0.00  1.000     0 10.40  0  1 -10.913   1.818   3.698   0.102  -0.043   0.000 +1T087M000t
00035 LYS+1A0104_035 f 0.00  1.000     0 10.40  0  1 -10.982   1.868   7.022   0.059  -0.211   0.000 +1T08DM000t
00036 LYS+1A0104_036 f 0.00  1.000     0 10.40  0  1  -9.698   0.518   4.331   0.078  -0.253   0.000 +1T10EM000t
00037 LYS+1A0104_037 f 0.00  1.000     0 10.40  0  1  -8.027   1.863   4.824   0.058   0.078   0.000 +1T113M000t
00038 LYS+1A0104_038 f 0.00  1.000     0 10.40  0  1  -7.996   1.467   4.819   0.364   0.437   0.000 +1T11AM000t
00039 LYS+1A0104_039 f 0.00  1.000     0 10.40  0  1 -10.520   0.894   3.803   0.297   0.136   0.000 +1T14CM000t
00040 LYS+1A0104_040 f 0.00  1.000     0 10.40  0  1  -9.644   2.301   4.302   0.012  -0.137   0.000 +1T163M000t
