CONFORMER         crg  vdw0  vdw1  tors  epol  self   occ  Hb     history    ASA
MET01A0155_001  0.000-11.30  3.75  2.54  0.00 -5.00 0.517  00  01O000M000  1.000
MET01A0155_002  0.000-11.67  5.53  4.41  0.00 -1.73 0.514  00  01R001M000  1.000
MET01A0155_003  0.000-11.73  6.30  1.65  0.00 -3.78 0.513  00  01R005M000  1.000
MET01A0155_004  0.000-11.89  4.63  1.61  0.00 -5.66 0.515  00  01R006M000  1.000
MET01A0155_005  0.000-11.63  4.09  4.30  0.00 -3.24 0.516  00  01R008M000  1.000
MET01A0155_006  0.000-11.58  5.88  2.57  0.00 -3.12 0.514  00  01R00BM000  1.000
MET01A0155_007  0.000-11.37  5.30  3.22  0.00 -2.85 0.514  00  01R019M000  1.000
MET01A0155_008  0.000-11.43  4.33  2.43  0.00 -4.68 0.512  00  01R01BM000  1.000
MET01A0155_009  0.000-11.68  5.14  4.88  0.00 -1.65 0.513  00  01R01CM000  1.000
MET01A0155_010  0.000-11.66  4.28  4.60  0.00 -2.77 0.513  00  01R01EM000  1.000
MET01A0155_011  0.000-11.66  3.38  1.80  0.00 -6.48 0.515  00  01T003M000  1.000
MET01A0155_012  0.000-11.80  2.60  0.95  0.00 -8.25 0.512  00  01T004M000  1.000
MET01A0155_013  0.000-11.89  3.77  2.65  0.00 -5.47 0.515  00  01T011M000  1.000
MET01A0155_014  0.000-11.81  2.66  2.38  0.00 -6.77 0.514  00  01T012M000  1.000
MET01A0155_015  0.000-10.16  2.74  1.42  0.00 -6.00 0.513  00  01T013M000  1.000
MET01A0155_016  0.000-11.15  6.39  3.22  0.00 -1.54 0.514  00  01T016M000  1.000
MET01A0155_017  0.000-11.15  5.61  1.52  0.00 -4.02 0.514  00  01T017M000  1.000
MET01A0155_018  0.000 -9.40  3.14  3.83  0.00 -2.44 0.512  00  01T021M000  1.000
MET01A0155_019  0.000-10.43  2.96  3.86  0.00 -3.61 0.513  00  01T022M000  1.000
MET01A0155_020  0.000-11.58  2.76  3.80  0.00 -5.02 0.513  00  01T023M000  1.000
