iConf CONFORMER     FL  occ    crg   Em0  pKa0 ne nH    vdw0    vdw1    tors    epol   dsolv   extra    history
00001 MET01A0155_001 f 0.00  0.000     0  0.00  0  0 -11.297   3.751   2.539   0.030   0.048   0.000 01O000M000t
00002 MET01A0155_002 f 0.00  0.000     0  0.00  0  0 -11.671   5.523   4.403   0.032   0.050   0.000 01R001M000t
00003 MET01A0155_003 f 0.00  0.000     0  0.00  0  0 -11.725   6.296   1.650   0.050   0.048   0.000 01R005M000t
00004 MET01A0155_004 f 0.00  0.000     0  0.00  0  0 -11.895   4.619   1.611   0.079   0.047   0.000 01R006M000t
00005 MET01A0155_005 f 0.00  0.000     0  0.00  0  0 -11.634   4.092   4.302   0.053   0.048   0.000 01R008M000t
00006 MET01A0155_006 f 0.00  0.000     0  0.00  0  0 -11.578   5.882   2.576   0.033   0.047   0.000 01R00BM000t
00007 MET01A0155_007 f 0.00  0.000     0  0.00  0  0 -11.368   5.312   3.221   0.086   0.048   0.000 01R019M000t
00008 MET01A0155_008 f 0.00  0.000     0  0.00  0  0 -11.435   4.330   2.425   0.085   0.047   0.000 01R01BM000t
00009 MET01A0155_009 f 0.00  0.000     0  0.00  0  0 -11.677   5.146   4.886   0.036   0.048   0.000 01R01CM000t
00010 MET01A0155_010 f 0.00  0.000     0  0.00  0  0 -11.655   4.286   4.601   0.033   0.049   0.000 01R01EM000t
00011 MET01A0155_011 f 0.00  0.000     0  0.00  0  0 -11.708   3.380   1.804   0.039   0.047   0.000 01T003M000t
00012 MET01A0155_012 f 0.00  0.000     0  0.00  0  0 -11.801   2.601   0.952   0.040   0.047   0.000 01T004M000t
00013 MET01A0155_013 f 0.00  0.000     0  0.00  0  0 -11.893   3.763   2.651   0.035   0.046   0.000 01T011M000t
00014 MET01A0155_014 f 0.00  0.000     0  0.00  0  0 -11.810   2.655   2.377   0.047   0.044   0.000 01T012M000t
00015 MET01A0155_015 f 0.00  0.000     0  0.00  0  0 -10.109   2.735   1.426   0.048   0.048   0.000 01T013M000t
00016 MET01A0155_016 f 0.00  0.000     0  0.00  0  0 -11.150   6.395   3.219   0.054   0.048   0.000 01T016M000t
00017 MET01A0155_017 f 0.00  0.000     0  0.00  0  0 -11.146   5.617   1.517   0.055   0.048   0.000 01T017M000t
00018 MET01A0155_018 f 0.00  0.000     0  0.00  0  0  -9.404   3.141   3.829   0.053   0.045   0.000 01T021M000t
00019 MET01A0155_019 f 0.00  0.000     0  0.00  0  0 -10.434   2.961   3.862   0.052   0.043   0.000 01T022M000t
00020 MET01A0155_020 f 0.00  0.000     0  0.00  0  0 -11.580   2.756   3.792   0.054   0.049   0.000 01T023M000t
