   confID        vdw0    sas     sum
MET01A0155_001   0.600 -11.897 -11.297
MET01A0155_002   0.254 -11.925 -11.671
MET01A0155_003   0.335 -12.060 -11.725
MET01A0155_004   0.319 -12.214 -11.895
MET01A0155_005   0.306 -11.940 -11.634
MET01A0155_006   0.527 -12.105 -11.578
MET01A0155_007   0.475 -11.843 -11.368
MET01A0155_008   0.385 -11.820 -11.435
MET01A0155_009   0.271 -11.948 -11.677
MET01A0155_010   0.193 -11.849 -11.655
MET01A0155_011   0.331 -12.039 -11.708
MET01A0155_012   0.253 -12.053 -11.801
MET01A0155_013   0.457 -12.350 -11.893
MET01A0155_014   0.217 -12.027 -11.810
MET01A0155_015   1.388 -11.497 -10.109
MET01A0155_016   0.482 -11.632 -11.150
MET01A0155_017   0.386 -11.532 -11.146
MET01A0155_018   1.453 -10.857  -9.404
MET01A0155_019   0.357 -10.791 -10.434
MET01A0155_020   0.271 -11.851 -11.580
