iConf CONFORMER     FL  occ    crg   Em0  pKa0 ne nH    vdw0    vdw1    tors    epol   dsolv   extra    history
00001 TYR01A0067_001 f 0.00  0.000     0  0.00  0  0 -10.048   2.033   0.435   0.338   0.027   0.000 01O000M000t
00002 TYR01A0067_002 f 0.00  0.000     0  0.00  0  0  -9.535  -0.443   0.410   0.248   0.012   0.000 01E006M000t
00003 TYR01A0067_003 f 0.00  0.000     0  0.00  0  0 -10.161  -0.499   0.409   0.233   0.003   0.000 01E00CM000t
00004 TYR01A0067_004 f 0.00  0.000     0  0.00  0  0  -9.744   0.508   2.334   0.110  -0.112   0.000 01E00DM000t
00005 TYR01A0067_005 f 0.00  0.000     0  0.00  0  0 -10.353   3.515   2.250   0.273  -0.093   0.000 01E002M000t
00006 TYR01A0067_006 f 0.00  0.000     0  0.00  0  0  -9.767  -0.488   0.410   0.242  -0.111   0.000 01E003M000t
00007 TYR01A0067_007 f 0.00  0.000     0  0.00  0  0  -9.842  -0.149   0.407   0.312  -0.013   0.000 01E011M000t
00008 TYR01A0067_008 f 0.00  0.000     0  0.00  0  0 -10.273   4.524   0.391   0.341  -0.036   0.000 01T00BM000t
00009 TYR01A0067_009 f 0.00  0.000     0  0.00  0  0  -9.910   5.072   0.407   0.332  -0.066   0.000 01T005M000t
00010 TYR01A0067_010 f 0.00  0.000     0  0.00  0  0 -10.146   3.469   2.304   0.167  -0.207   0.000 01T00FM000t
00011 TYR01A0067_011 f 0.00  0.000     0  0.00  0  0 -10.437  -0.226   2.337   0.234  -0.203   0.000 01T014M000t
00012 TYR01A0067_012 f 0.00  0.000     0  0.00  0  0  -9.517   0.549   2.337   0.228  -0.088   0.000 01T009M000t
00013 TYR01A0067_013 f 0.00  0.000     0  0.00  0  0  -9.138   0.649   2.333   0.097  -0.186   0.000 01T00EM000t
00014 TYR01A0067_014 f 0.00  0.000     0  0.00  0  0  -9.531   1.596   2.304   0.218  -0.068   0.000 01T015M000t
00015 TYR01A0067_015 f 0.00  0.000     0  0.00  0  0 -10.441   2.238   0.358   0.351  -0.018   0.000 01T001M000t
00016 TYR01A0067_016 f 0.00  0.000     0  0.00  0  0 -10.376   3.012   0.346   0.257  -0.075   0.000 01T004M000t
00017 TYR01A0067_017 f 0.00  0.000     0  0.00  0  0  -9.833   0.500   2.337   0.223  -0.056   0.000 01T008M000t
00018 TYR01A0067_018 f 0.00  0.000     0  0.00  0  0  -9.908  -0.493   0.409   0.240  -0.021   0.000 01T00AM000t
00019 TYR01A0067_019 f 0.00  0.000     0  0.00  0  0  -9.741  -0.104   0.409   0.293   0.096   0.000 01T010M000t
00020 TYR01A0067_020 f 0.00  0.000     0  0.00  0  0  -9.695  -0.238   2.337   0.231  -0.283   0.000 01T012M000t
00021 TYR-1A0067_021 f 0.00 -1.000     0 10.20  0 -1  -9.945   2.038   0.435   0.206  -1.024   0.000 -1O000M000t
00022 TYR-1A0067_022 f 0.00 -1.000     0 10.20  0 -1 -10.417   2.327   0.346   0.096  -0.971   0.000 -1E001M000t
00023 TYR-1A0067_023 f 0.00 -1.000     0 10.20  0 -1 -10.339   3.488   2.237   0.157  -1.072   0.000 -1E002M000t
00024 TYR-1A0067_024 f 0.00 -1.000     0 10.20  0 -1 -10.046   4.991   0.399   0.240  -0.959   0.000 -1E005M000t
00025 TYR-1A0067_025 f 0.00 -1.000     0 10.20  0 -1  -9.441  -0.442   0.404   0.118  -0.991   0.000 -1E006M000t
00026 TYR-1A0067_026 f 0.00 -1.000     0 10.20  0 -1  -9.708   0.491   2.329   0.068  -0.774   0.000 -1E008M000t
00027 TYR-1A0067_027 f 0.00 -1.000     0 10.20  0 -1  -9.658   0.549   2.330   0.049  -0.785   0.000 -1E009M000t
00028 TYR-1A0067_028 f 0.00 -1.000     0 10.20  0 -1 -10.406   4.670   0.382   0.158  -0.947   0.000 -1E00BM000t
00029 TYR-1A0067_029 f 0.00 -1.000     0 10.20  0 -1 -10.160  -0.498   0.403   0.055  -0.918   0.000 -1E00CM000t
00030 TYR-1A0067_030 f 0.00 -1.000     0 10.20  0 -1 -10.097   3.394   2.290  -0.089  -0.827   0.000 -1E00FM000t
00031 TYR-1A0067_031 f 0.00 -1.000     0 10.20  0 -1  -9.851  -0.155   0.401   0.277  -0.586   0.000 -1E011M000t
00032 TYR-1A0067_032 f 0.00 -1.000     0 10.20  0 -1 -10.244  -0.229   2.332   0.151  -1.199   0.000 -1E014M000t
00033 TYR-1A0067_033 f 0.00 -1.000     0 10.20  0 -1  -9.415   1.612   2.294   0.104  -0.955   0.000 -1E015M000t
00034 TYR-1A0067_034 f 0.00 -1.000     0 10.20  0 -1  -9.713  -0.488   0.404   0.117  -0.943   0.000 -1T003M000t
00035 TYR-1A0067_035 f 0.00 -1.000     0 10.20  0 -1 -10.068   2.965   0.333   0.117  -0.856   0.000 -1T004M000t
00036 TYR-1A0067_036 f 0.00 -1.000     0 10.20  0 -1  -9.914  -0.496   0.403   0.054  -0.979   0.000 -1T00AM000t
00037 TYR-1A0067_037 f 0.00 -1.000     0 10.20  0 -1  -9.770   0.479   2.325  -0.061  -1.159   0.000 -1T00DM000t
00038 TYR-1A0067_038 f 0.00 -1.000     0 10.20  0 -1  -9.137   0.633   2.325  -0.073  -1.035   0.000 -1T00EM000t
00039 TYR-1A0067_039 f 0.00 -1.000     0 10.20  0 -1  -9.731  -0.111   0.403   0.247  -0.501   0.000 -1T010M000t
00040 TYR-1A0067_040 f 0.00 -1.000     0 10.20  0 -1  -9.701  -0.243   2.332   0.156  -1.110   0.000 -1T012M000t
