   confID        vdw0    sas     sum
TYR01A0067_001   4.363 -14.411 -10.048
TYR01A0067_002   4.544 -14.080  -9.535
TYR01A0067_003   4.558 -14.719 -10.161
TYR01A0067_004   4.615 -14.359  -9.744
TYR01A0067_005   4.395 -14.748 -10.353
TYR01A0067_006   4.606 -14.373  -9.767
TYR01A0067_007   4.570 -14.412  -9.842
TYR01A0067_008   4.218 -14.492 -10.273
TYR01A0067_009   4.203 -14.113  -9.910
TYR01A0067_010   4.501 -14.647 -10.146
TYR01A0067_011   4.552 -14.989 -10.437
TYR01A0067_012   4.580 -14.097  -9.517
TYR01A0067_013   4.589 -13.727  -9.138
TYR01A0067_014   4.467 -13.999  -9.531
TYR01A0067_015   4.366 -14.806 -10.441
TYR01A0067_016   4.281 -14.657 -10.376
TYR01A0067_017   4.608 -14.440  -9.833
TYR01A0067_018   4.621 -14.529  -9.908
TYR01A0067_019   4.620 -14.362  -9.741
TYR01A0067_020   4.607 -14.302  -9.695
TYR-1A0067_021   4.364 -14.310  -9.945
TYR-1A0067_022   4.372 -14.789 -10.417
TYR-1A0067_023   4.409 -14.748 -10.339
TYR-1A0067_024   4.202 -14.248 -10.046
TYR-1A0067_025   4.555 -13.996  -9.441
TYR-1A0067_026   4.606 -14.315  -9.708
TYR-1A0067_027   4.555 -14.214  -9.658
TYR-1A0067_028   4.214 -14.619 -10.406
TYR-1A0067_029   4.558 -14.719 -10.160
TYR-1A0067_030   4.498 -14.596 -10.097
TYR-1A0067_031   4.561 -14.412  -9.851
TYR-1A0067_032   4.559 -14.804 -10.244
TYR-1A0067_033   4.483 -13.898  -9.415
TYR-1A0067_034   4.610 -14.323  -9.713
TYR-1A0067_035   4.291 -14.359 -10.068
TYR-1A0067_036   4.615 -14.529  -9.914
TYR-1A0067_037   4.615 -14.385  -9.770
TYR-1A0067_038   4.589 -13.727  -9.137
TYR-1A0067_039   4.631 -14.362  -9.731
TYR-1A0067_040   4.600 -14.302  -9.701
