CONFORMER         crg  vdw0  vdw1  tors  epol  self   occ  Hb     history    ASA
ARG01A0326_001  0.000191.97999.00  8.77  0.00999.00 0.000  00  01O000M000  1.000
ARG01A0326_002  0.000-12.54  0.95  3.84  0.00 -7.76 0.502  00  01E035M000  1.000
ARG01A0326_003  0.000-13.12  4.12  1.11  0.00 -7.90 0.502  00  01E039M000  1.000
ARG01A0326_004  0.000-12.07  1.00  3.55  0.00 -7.51 0.504  00  01E051M000  1.000
ARG01A0326_005  0.000-12.91  1.83  0.80  0.00-10.28 0.502  00  01E0C6M000  1.000
ARG01A0326_006  0.000-12.52  1.71  0.77  0.00-10.04 0.503  00  01E0C8M000  1.000
ARG01A0326_007  0.000999.00999.00  2.94  0.00999.00 0.000  00  01T000M000  1.000
ARG01A0326_008  0.000-12.67  2.03  3.21  0.00 -7.43 0.503  00  01T012M000  1.000
ARG01A0326_009  0.000-13.30  3.49  3.48  0.00 -6.33 0.502  00  01T018M000  1.000
ARG01A0326_010  0.000-13.03  4.74  0.78  0.00 -7.51 0.502  00  01T01EM000  1.000
ARG01A0326_011  0.000-13.16  8.04  1.02  0.00 -4.10 0.502  00  01T023M000  1.000
ARG01A0326_012  0.000-12.28  1.03  3.61  0.00 -7.64 0.503  00  01T03AM000  1.000
ARG01A0326_013  0.000-12.30  1.86  5.90  0.00 -4.55 0.503  00  01T077M000  1.000
ARG01A0326_014  0.000-14.11  2.07  3.17  0.00 -8.87 0.503  00  01T07AM000  1.000
ARG01A0326_015  0.000-12.61  2.67  5.97  0.00 -3.97 0.502  00  01T084M000  1.000
ARG01A0326_016  0.000-12.52  2.10  6.24  0.00 -4.18 0.502  00  01T09CM000  1.000
ARG01A0326_017  0.000-12.33  3.28  3.83  0.00 -5.22 0.503  00  01T0A0M000  1.000
ARG01A0326_018  0.000-13.69  4.74  0.80  0.00 -8.15 0.502  00  01T0AFM000  1.000
ARG01A0326_019  0.000-12.38  1.81  3.58  0.00 -6.99 0.502  00  01T0BBM000  1.000
ARG01A0326_020  0.000-12.85  1.74  3.49  0.00 -7.63 0.502  00  01T0C3M000  1.000
ARG01A0326_021  0.000-12.72  1.81  3.54  0.00 -7.37 0.502  00  01T0C4M000  1.000
ARG01A0326_022  0.000  3.72 30.32  5.78  0.00 39.81 0.000  00  01T000M000  1.000
ARG02A0326_023  0.000-12.55  0.91  3.85  0.00 -7.79 0.502  00  02E035M000  1.000
ARG02A0326_024  0.000-13.79  4.96  0.81  0.00 -8.02 0.502  00  02E0AFM000  1.000
ARG02A0326_025  0.000191.95999.00  8.77  0.00999.00 0.000  00  02O000M000  1.000
ARG02A0326_026  0.000-13.49  3.51  3.48  0.00 -6.50 0.502  00  02T018M000  1.000
ARG02A0326_027  0.000-12.21  1.03  3.62  0.00 -7.56 0.503  00  02T03AM000  1.000
ARG02A0326_028  0.000-12.36  3.29  3.83  0.00 -5.24 0.503  00  02T0A0M000  1.000
ARG02A0326_029  0.000-12.87  1.76  3.52  0.00 -7.59 0.502  00  02T0C3M000  1.000
ARG02A0326_030  0.000-12.97  1.82  0.80  0.00-10.36 0.502  00  02T0C6M000  1.000
ARG02A0326_031  0.000-12.44  1.73  0.78  0.00 -9.92 0.503  00  02T0C8M000  1.000
ARG02A0326_032  0.000999.00999.00  2.94  0.00999.00 0.000  00  02T000M000  1.000
ARG02A0326_033  0.000-13.18  8.61  1.02  0.00 -3.55 0.502  00  02T023M000  1.000
ARG02A0326_034  0.000-12.08  1.00  3.55  0.00 -7.53 0.504  00  02T051M000  1.000
ARG02A0326_035  0.000-13.28  4.60  1.07  0.00 -7.61 0.502  00  02T039M000  1.000
ARG02A0326_036  0.000-14.11  2.10  3.20  0.00 -8.81 0.503  00  02T07AM000  1.000
ARG02A0326_037  0.000-12.67  2.67  5.95  0.00 -4.05 0.502  00  02T084M000  1.000
ARG02A0326_038  0.000-12.60  1.91  3.59  0.00 -7.10 0.502  00  02T0BBM000  1.000
ARG02A0326_039  0.000-12.81  1.80  3.54  0.00 -7.48 0.502  00  02T0C4M000  1.000
ARG02A0326_040  0.000-12.83  2.02  3.21  0.00 -7.60 0.503  00  02T012M000  1.000
ARG02A0326_041  0.000-13.09  4.77  0.78  0.00 -7.54 0.502  00  02T01EM000  1.000
ARG02A0326_042  0.000-12.32  1.86  5.89  0.00 -4.57 0.503  00  02T077M000  1.000
ARG02A0326_043  0.000-12.54  2.10  6.24  0.00 -4.20 0.502  00  02T09CM000  1.000
ARG02A0326_044  0.000  5.42 30.74  5.50  0.00 41.65 0.000  00  02T000M000  1.000
ARG03A0326_045  0.000187.50999.00 10.38  0.00999.00 0.000  00  03O000M000  1.000
ARG03A0326_046  0.000-13.06  4.75  0.78  0.00 -7.53 0.502  00  03E01EM000  1.000
ARG03A0326_047  0.000-12.22  1.03  3.62  0.00 -7.57 0.503  00  03E03AM000  1.000
ARG03A0326_048  0.000-12.35  1.86  5.92  0.00 -4.58 0.503  00  03E077M000  1.000
ARG03A0326_049  0.000-12.57  2.10  6.24  0.00 -4.22 0.502  00  03E09CM000  1.000
ARG03A0326_050  0.000-13.01  1.76  3.52  0.00 -7.74 0.502  00  03E0C3M000  1.000
ARG03A0326_051  0.000176.68999.00  2.94  0.00999.00 0.000  00  03O000M000  1.000
ARG03A0326_052  0.000-13.34  3.52  3.48  0.00 -6.33 0.502  00  03E018M000  1.000
ARG03A0326_053  0.000-13.81  4.97  0.81  0.00 -8.03 0.502  00  03E0AFM000  1.000
ARG03A0326_054  0.000-12.52  1.91  3.60  0.00 -7.01 0.502  00  03E0BBM000  1.000
ARG03A0326_055  0.000999.00999.00  2.94  0.00999.00 0.000  00  03T000M000  1.000
ARG03A0326_056  0.000-13.04  1.82  3.54  0.00 -7.68 0.502  00  03T0C4M000  1.000
ARG03A0326_057  0.000-13.03  1.81  0.80  0.00-10.42 0.502  00  03T0C6M000  1.000
ARG03A0326_058  0.000-12.35  3.29  3.83  0.00 -5.23 0.503  00  03T0A0M000  1.000
ARG03A0326_059  0.000177.16999.00  2.94  0.00999.00 0.000  00  03T000M000  1.000
ARG03A0326_060  0.000-12.42  0.92  3.85  0.00 -7.66 0.502  00  03T035M000  1.000
ARG03A0326_061  0.000-11.96  1.01  3.56  0.00 -7.39 0.504  00  03T051M000  1.000
ARG03A0326_062  0.000-12.77  2.01  3.20  0.00 -7.56 0.503  00  03T012M000  1.000
ARG03A0326_063  0.000-13.15  8.66  1.02  0.00 -3.47 0.502  00  03T023M000  1.000
ARG03A0326_064  0.000-13.16  4.64  1.07  0.00 -7.45 0.502  00  03T039M000  1.000
ARG03A0326_065  0.000-13.89  2.11  3.20  0.00 -8.59 0.503  00  03T07AM000  1.000
ARG03A0326_066  0.000-12.71  2.67  5.96  0.00 -4.08 0.502  00  03T084M000  1.000
ARG03A0326_067  0.000-12.17  1.74  0.78  0.00 -9.65 0.503  00  03T0C8M000  1.000
ARG03A0326_068  0.000  3.03 30.71  5.44  0.00 39.19 0.000  00  03T000M000  1.000
ARG+1A0326_069  1.000191.90999.00  8.77  0.00999.00 0.000  00  +1O000M000  1.000
ARG+1A0326_070  1.000-13.21  8.53  1.02  0.00 -3.65 0.502  00  +1E023M000  1.000
ARG+1A0326_071  1.000-12.23  1.03  3.62  0.00 -7.58 0.503  00  +1E03AM000  1.000
ARG+1A0326_072  1.000-12.41  1.86  5.90  0.00 -4.65 0.503  00  +1E077M000  1.000
ARG+1A0326_073  1.000-14.13  2.11  3.21  0.00 -8.81 0.503  00  +1E07AM000  1.000
ARG+1A0326_074  1.000-12.51  2.10  6.24  0.00 -4.16 0.502  00  +1E09CM000  1.000
ARG+1A0326_075  1.000-12.34  3.29  3.83  0.00 -5.21 0.503  00  +1E0A0M000  1.000
ARG+1A0326_076  1.000-13.74  4.97  0.82  0.00 -7.96 0.502  00  +1E0AFM000  1.000
ARG+1A0326_077  1.000-12.62  1.91  3.60  0.00 -7.11 0.502  00  +1E0BBM000  1.000
ARG+1A0326_078  1.000-13.03  1.76  3.53  0.00 -7.74 0.502  00  +1E0C3M000  1.000
ARG+1A0326_079  1.000-13.00  1.82  0.80  0.00-10.38 0.502  00  +1E0C6M000  1.000
ARG+1A0326_080  1.000  5.61 30.68  5.56  0.00 41.85 0.000  00  +1X000M000  1.000
ARG+1A0326_081  1.000999.00999.00  2.94  0.00999.00 0.000  00  +1T000M000  1.000
ARG+1A0326_082  1.000-12.81  2.02  3.21  0.00 -7.58 0.503  00  +1T012M000  1.000
ARG+1A0326_083  1.000-13.45  3.49  3.49  0.00 -6.48 0.502  00  +1T018M000  1.000
ARG+1A0326_084  1.000-13.12  4.78  0.78  0.00 -7.57 0.502  00  +1T01EM000  1.000
ARG+1A0326_085  1.000-12.57  0.92  3.85  0.00 -7.81 0.502  00  +1T035M000  1.000
ARG+1A0326_086  1.000-13.34  4.68  1.08  0.00 -7.57 0.502  00  +1T039M000  1.000
ARG+1A0326_087  1.000-12.11  1.00  3.56  0.00 -7.55 0.504  00  +1T051M000  1.000
ARG+1A0326_088  1.000-12.75  2.67  5.97  0.00 -4.11 0.502  00  +1T084M000  1.000
ARG+1A0326_089  1.000-12.85  1.80  3.54  0.00 -7.50 0.502  00  +1T0C4M000  1.000
ARG+1A0326_090  1.000-12.47  1.74  0.80  0.00 -9.93 0.503  00  +1T0C8M000  1.000
