iConf CONFORMER     FL  occ    crg   Em0  pKa0 ne nH    vdw0    vdw1    tors    epol   dsolv   extra    history
00001 ARG01A0145_001 f 0.00  0.000     0  0.00  0  0 -12.894   0.448   0.491   0.031  -0.027   0.000 01O000M000t
00002 ARG01A0145_002 f 0.00  0.000     0  0.00  0  0 -13.125   4.421   3.130   0.035  -0.211   0.000 01E001M000t
00003 ARG01A0145_003 f 0.00  0.000     0  0.00  0  0 -13.259   1.974   0.546   0.158  -0.115   0.000 01E00CM000t
00004 ARG01A0145_004 f 0.00  0.000     0  0.00  0  0 -13.070   2.775   3.208   0.083  -0.119   0.000 01E010M000t
00005 ARG01A0145_005 f 0.00  0.000     0  0.00  0  0 -12.058   1.354   0.562  -0.024  -0.227   0.000 01E029M000t
00006 ARG01A0145_006 f 0.00  0.000     0  0.00  0  0 -12.090   1.879   1.112   0.047  -0.381   0.000 01E05CM000t
00007 ARG01A0145_007 f 0.00  0.000     0  0.00  0  0 -11.622   1.594   3.271   0.034  -0.204   0.000 01E08CM000t
00008 ARG01A0145_008 f 0.00  0.000     0  0.00  0  0  -8.655   1.828   3.873   0.037   0.055   0.000 01E0D5M000t
00009 ARG01A0145_009 f 0.00  0.000     0  0.00  0  0 -10.819   1.837   1.135  -0.026  -0.376   0.000 01E0D9M000t
00010 ARG01A0145_010 f 0.00  0.000     0  0.00  0  0  -8.967   1.070   3.905   0.011  -0.295   0.000 01E0F2M000t
00011 ARG01A0145_011 f 0.00  0.000     0  0.00  0  0 -12.123   1.805   0.556   0.106  -0.090   0.000 01E0F8M000t
00012 ARG01A0145_012 f 0.00  0.000     0  0.00  0  0 -11.446   1.621   1.124   0.048  -0.096   0.000 01E103M000t
00013 ARG01A0145_013 f 0.00  0.000     0  0.00  0  0 -12.206   0.725   1.120   0.034  -0.043   0.000 01T052M000t
00014 ARG01A0145_014 f 0.00  0.000     0  0.00  0  0 -11.914   1.513   1.120   0.088  -0.311   0.000 01T062M000t
00015 ARG01A0145_015 f 0.00  0.000     0  0.00  0  0 -13.589   1.733   0.599   0.189  -0.192   0.000 01T065M000t
00016 ARG01A0145_016 f 0.00  0.000     0  0.00  0  0 -11.901   4.417   3.118  -0.027   0.006   0.000 01T088M000t
00017 ARG01A0145_017 f 0.00  0.000     0  0.00  0  0 -11.427   1.569   0.461  -0.007  -0.141   0.000 01T093M000t
00018 ARG01A0145_018 f 0.00  0.000     0  0.00  0  0 -11.436   0.461   1.098  -0.063  -0.074   0.000 01T0BDM000t
00019 ARG01A0145_019 f 0.00  0.000     0  0.00  0  0 -11.230   1.252   1.117   0.085  -0.204   0.000 01T0EEM000t
00020 ARG01A0145_020 f 0.00  0.000     0  0.00  0  0 -12.149   1.884   6.000   0.005  -0.056   0.000 01T116M000t
00021 ARG02A0145_021 f 0.00  0.000     0  0.00  0  0 -12.829   0.448   0.491   0.006   0.609   0.000 02O000M000t
00022 ARG02A0145_022 f 0.00  0.000     0  0.00  0  0 -12.106   1.796   5.959   0.066   0.403   0.000 02E116M000t
00023 ARG02A0145_023 f 0.00  0.000     0  0.00  0  0 -11.551   1.551   0.446   0.029   0.717   0.000 02T093M000t
00024 ARG02A0145_024 f 0.00  0.000     0  0.00  0  0 -10.725   1.830   1.091   0.014   1.034   0.000 02T0D9M000t
00025 ARG02A0145_025 f 0.00  0.000     0  0.00  0  0  -9.122   1.105   3.885   0.001   1.029   0.000 02T0F2M000t
00026 ARG02A0145_026 f 0.00  0.000     0  0.00  0  0 -11.391   1.585   1.109   0.065   0.951   0.000 02T103M000t
00027 ARG02A0145_027 f 0.00  0.000     0  0.00  0  0 -11.976   0.708   1.100   0.047   0.779   0.000 02T052M000t
00028 ARG02A0145_028 f 0.00  0.000     0  0.00  0  0 -12.997   1.965   0.525   0.145   0.767   0.000 02T00CM000t
00029 ARG02A0145_029 f 0.00  0.000     0  0.00  0  0 -11.919   4.400   3.117   0.010   0.864   0.000 02T088M000t
00030 ARG02A0145_030 f 0.00  0.000     0  0.00  0  0 -11.720   1.591   3.238   0.023   0.398   0.000 02T08CM000t
00031 ARG02A0145_031 f 0.00  0.000     0  0.00  0  0 -12.166   1.755   0.533   0.149   0.682   0.000 02T0F8M000t
00032 ARG02A0145_032 f 0.00  0.000     0  0.00  0  0 -13.113   4.424   3.130   0.002   0.648   0.000 02T001M000t
00033 ARG02A0145_033 f 0.00  0.000     0  0.00  0  0 -13.016   2.848   3.189   0.078   0.706   0.000 02T010M000t
00034 ARG02A0145_034 f 0.00  0.000     0  0.00  0  0 -11.789   1.300   0.555   0.040   0.547   0.000 02T029M000t
00035 ARG02A0145_035 f 0.00  0.000     0  0.00  0  0 -11.840   1.881   1.105   0.006   0.706   0.000 02T05CM000t
00036 ARG02A0145_036 f 0.00  0.000     0  0.00  0  0 -11.935   1.486   1.104   0.116   0.352   0.000 02T062M000t
00037 ARG02A0145_037 f 0.00  0.000     0  0.00  0  0 -13.455   1.832   0.512   0.130   0.308   0.000 02T065M000t
00038 ARG02A0145_038 f 0.00  0.000     0  0.00  0  0 -11.540   0.413   1.094   0.068   0.771   0.000 02T0BDM000t
00039 ARG02A0145_039 f 0.00  0.000     0  0.00  0  0  -8.678   1.831   3.869  -0.017   0.907   0.000 02T0D5M000t
00040 ARG02A0145_040 f 0.00  0.000     0  0.00  0  0 -11.151   1.333   1.087   0.110   0.426   0.000 02T0EEM000t
00041 ARG03A0145_041 f 0.00  0.000     0  0.00  0  0 -11.990   1.286   0.556   0.062   0.757   0.000 03E029M000t
00042 ARG03A0145_042 f 0.00  0.000     0  0.00  0  0 -12.915   0.446   0.491   0.026   0.744   0.000 03O000M000t
00043 ARG03A0145_043 f 0.00  0.000     0  0.00  0  0 -13.132   4.412   3.130   0.027   0.842   0.000 03E001M000t
00044 ARG03A0145_044 f 0.00  0.000     0  0.00  0  0 -13.640   1.825   0.513   0.161   0.516   0.000 03E065M000t
00045 ARG03A0145_045 f 0.00  0.000     0  0.00  0  0 -11.447   0.414   1.092   0.051   0.719   0.000 03E0BDM000t
00046 ARG03A0145_046 f 0.00  0.000     0  0.00  0  0 -11.187   1.595   1.111   0.064   0.597   0.000 03E103M000t
00047 ARG03A0145_047 f 0.00  0.000     0  0.00  0  0 -12.166   1.803   5.961   0.057   0.673   0.000 03E116M000t
00048 ARG03A0145_048 f 0.00  0.000     0  0.00  0  0 -11.946   1.876   1.104   0.013   0.883   0.000 03T05CM000t
00049 ARG03A0145_049 f 0.00  0.000     0  0.00  0  0 -11.686   1.592   3.241   0.030   0.905   0.000 03T08CM000t
00050 ARG03A0145_050 f 0.00  0.000     0  0.00  0  0 -11.472   1.555   0.447   0.026   1.095   0.000 03T093M000t
00051 ARG03A0145_051 f 0.00  0.000     0  0.00  0  0 -11.347   1.332   1.088   0.106   0.742   0.000 03T0EEM000t
00052 ARG03A0145_052 f 0.00  0.000     0  0.00  0  0  -8.873   1.825   3.869   0.013   1.096   0.000 03T0D5M000t
00053 ARG03A0145_053 f 0.00  0.000     0  0.00  0  0  -9.184   1.115   3.885   0.005   1.031   0.000 03T0F2M000t
00054 ARG03A0145_054 f 0.00  0.000     0  0.00  0  0 -13.157   1.960   0.529   0.183   0.456   0.000 03T00CM000t
00055 ARG03A0145_055 f 0.00  0.000     0  0.00  0  0 -13.055   2.846   3.190   0.081   0.816   0.000 03T010M000t
00056 ARG03A0145_056 f 0.00  0.000     0  0.00  0  0 -12.128   0.704   1.105   0.037   0.727   0.000 03T052M000t
00057 ARG03A0145_057 f 0.00  0.000     0  0.00  0  0 -11.985   1.496   1.104   0.101   0.475   0.000 03T062M000t
00058 ARG03A0145_058 f 0.00  0.000     0  0.00  0  0 -12.050   4.394   3.119  -0.005   0.919   0.000 03T088M000t
00059 ARG03A0145_059 f 0.00  0.000     0  0.00  0  0 -12.158   1.754   0.533   0.148   0.682   0.000 03T0F8M000t
00060 ARG03A0145_060 f 0.00  0.000     0  0.00  0  0 -10.713   1.831   1.093  -0.004   0.649   0.000 03T0D9M000t
00061 ARG+1A0145_061 f 0.00  1.000     0 12.50  0  1 -12.958   0.446   0.491   0.104  -0.221   0.000 +1O000M000t
00062 ARG+1A0145_062 f 0.00  1.000     0 12.50  0  1 -13.084   2.835   3.190   0.247  -0.121   0.000 +1E010M000t
00063 ARG+1A0145_063 f 0.00  1.000     0 12.50  0  1 -11.972   1.288   0.556   0.351  -0.311   0.000 +1E029M000t
00064 ARG+1A0145_064 f 0.00  1.000     0 12.50  0  1 -11.970   1.495   1.105   0.253  -0.536   0.000 +1E062M000t
00065 ARG+1A0145_065 f 0.00  1.000     0 12.50  0  1 -13.620   1.822   0.514   0.460  -0.245   0.000 +1E065M000t
00066 ARG+1A0145_066 f 0.00  1.000     0 12.50  0  1 -11.558   0.411   1.094   0.314   0.171   0.000 +1E0BDM000t
00067 ARG+1A0145_067 f 0.00  1.000     0 12.50  0  1 -12.208   1.752   0.536   0.501  -0.105   0.000 +1E0F8M000t
00068 ARG+1A0145_068 f 0.00  1.000     0 12.50  0  1 -11.488   1.592   1.112   0.202  -0.053   0.000 +1E103M000t
00069 ARG+1A0145_069 f 0.00  1.000     0 12.50  0  1 -13.178   4.418   3.130   0.061  -0.243   0.000 +1T001M000t
00070 ARG+1A0145_070 f 0.00  1.000     0 12.50  0  1 -13.134   1.966   0.529   0.454  -0.501   0.000 +1T00CM000t
00071 ARG+1A0145_071 f 0.00  1.000     0 12.50  0  1 -12.094   0.707   1.102   0.135  -0.235   0.000 +1T052M000t
00072 ARG+1A0145_072 f 0.00  1.000     0 12.50  0  1 -11.993   1.875   1.104   0.013  -0.438   0.000 +1T05CM000t
00073 ARG+1A0145_073 f 0.00  1.000     0 12.50  0  1 -12.021   4.404   3.118   0.111  -0.060   0.000 +1T088M000t
00074 ARG+1A0145_074 f 0.00  1.000     0 12.50  0  1 -11.842   1.590   3.241   0.059  -0.293   0.000 +1T08CM000t
00075 ARG+1A0145_075 f 0.00  1.000     0 12.50  0  1 -11.521   1.557   0.447   0.108  -0.208   0.000 +1T093M000t
00076 ARG+1A0145_076 f 0.00  1.000     0 12.50  0  1  -8.847   1.823   3.870   0.066   0.012   0.000 +1T0D5M000t
00077 ARG+1A0145_077 f 0.00  1.000     0 12.50  0  1 -10.702   1.826   1.093   0.086  -0.002   0.000 +1T0D9M000t
00078 ARG+1A0145_078 f 0.00  1.000     0 12.50  0  1 -11.245   1.339   1.089   0.244  -0.329   0.000 +1T0EEM000t
00079 ARG+1A0145_079 f 0.00  1.000     0 12.50  0  1  -9.222   1.126   3.886   0.251  -0.184   0.000 +1T0F2M000t
00080 ARG+1A0145_080 f 0.00  1.000     0 12.50  0  1 -12.200   1.798   5.960   0.331  -0.270   0.000 +1T116M000t
