CONFORMER         crg  vdw0  vdw1  tors  epol  self   occ  Hb     history    ASA
ARG01A0145_001  0.000-12.89  0.34  0.49  0.00-12.06 0.501  00  01O000M000  1.000
ARG01A0145_002  0.000-13.12  4.37  3.13  0.00 -5.62 0.502  00  01E001M000  1.000
ARG01A0145_003  0.000-13.26  1.98  0.55  0.00-10.74 0.502  00  01E00CM000  1.000
ARG01A0145_004  0.000-13.07  2.76  3.21  0.00 -7.09 0.502  00  01E010M000  1.000
ARG01A0145_005  0.000-12.05  1.30  0.56  0.00-10.19 0.501  00  01E029M000  1.000
ARG01A0145_006  0.000-12.09  1.88  1.11  0.00 -9.10 0.502  00  01E05CM000  1.000
ARG01A0145_007  0.000-11.62  1.54  3.27  0.00 -6.81 0.502  00  01E08CM000  1.000
ARG01A0145_008  0.000 -8.72  1.83  3.88  0.00 -3.01 0.502  00  01E0D5M000  1.000
ARG01A0145_009  0.000-10.83  1.83  1.14  0.00 -7.86 0.502  00  01E0D9M000  1.000
ARG01A0145_010  0.000 -8.97  1.07  3.91  0.00 -3.99 0.502  00  01E0F2M000  1.000
ARG01A0145_011  0.000-12.12  1.81  0.56  0.00 -9.76 0.501  00  01E0F8M000  1.000
ARG01A0145_012  0.000-11.45  1.62  1.12  0.00 -8.70 0.501  00  01E103M000  1.000
ARG01A0145_013  0.000-12.21  0.68  1.12  0.00-10.41 0.502  00  01T052M000  1.000
ARG01A0145_014  0.000-11.91  1.51  1.12  0.00 -9.28 0.502  00  01T062M000  1.000
ARG01A0145_015  0.000-13.59  1.74  0.60  0.00-11.25 0.502  00  01T065M000  1.000
ARG01A0145_016  0.000-11.96  4.36  3.12  0.00 -4.48 0.502  00  01T088M000  1.000
ARG01A0145_017  0.000-11.43  1.52  0.46  0.00 -9.45 0.501  00  01T093M000  1.000
ARG01A0145_018  0.000-11.44  0.41  1.10  0.00 -9.94 0.502  00  01T0BDM000  1.000
ARG01A0145_019  0.000-11.24  1.25  1.12  0.00 -8.87 0.502  00  01T0EEM000  1.000
ARG01A0145_020  0.000-12.13  1.89  6.00  0.00 -4.25 0.502  00  01T116M000  1.000
ARG02A0145_021  0.000-12.83  0.35  0.49  0.00-11.99 0.501  00  02O000M000  1.000
ARG02A0145_022  0.000-12.10  1.79  5.96  0.00 -4.34 0.502  00  02E116M000  1.000
ARG02A0145_023  0.000-11.56  1.50  0.45  0.00 -9.61 0.501  00  02T093M000  1.000
ARG02A0145_024  0.000-10.78  1.83  1.09  0.00 -7.86 0.502  00  02T0D9M000  1.000
ARG02A0145_025  0.000 -9.12  1.11  3.88  0.00 -4.12 0.502  00  02T0F2M000  1.000
ARG02A0145_026  0.000-11.39  1.59  1.11  0.00 -8.70 0.501  00  02T103M000  1.000
ARG02A0145_027  0.000-11.98  0.66  1.10  0.00-10.22 0.502  00  02T052M000  1.000
ARG02A0145_028  0.000-13.00  1.97  0.53  0.00-10.51 0.502  00  02T00CM000  1.000
ARG02A0145_029  0.000-11.99  4.35  3.12  0.00 -4.52 0.502  00  02T088M000  1.000
ARG02A0145_030  0.000-11.73  1.54  3.24  0.00 -6.96 0.502  00  02T08CM000  1.000
ARG02A0145_031  0.000-12.17  1.76  0.53  0.00 -9.88 0.501  00  02T0F8M000  1.000
ARG02A0145_032  0.000-13.11  4.37  3.13  0.00 -5.61 0.502  00  02T001M000  1.000
ARG02A0145_033  0.000-13.02  2.85  3.19  0.00 -6.98 0.502  00  02T010M000  1.000
ARG02A0145_034  0.000-11.79  1.25  0.55  0.00 -9.98 0.501  00  02T029M000  1.000
ARG02A0145_035  0.000-11.84  1.88  1.10  0.00 -8.86 0.502  00  02T05CM000  1.000
ARG02A0145_036  0.000-11.94  1.49  1.10  0.00 -9.35 0.502  00  02T062M000  1.000
ARG02A0145_037  0.000-13.52  1.84  0.51  0.00-11.17 0.502  00  02T065M000  1.000
ARG02A0145_038  0.000-11.47  0.36  1.09  0.00-10.01 0.502  00  02T0BDM000  1.000
ARG02A0145_039  0.000 -8.67  1.83  3.87  0.00 -2.98 0.502  00  02T0D5M000  1.000
ARG02A0145_040  0.000-11.15  1.33  1.09  0.00 -8.73 0.502  00  02T0EEM000  1.000
ARG03A0145_041  0.000-11.98  1.24  0.56  0.00-10.19 0.501  00  03E029M000  1.000
ARG03A0145_042  0.000-12.92  0.34  0.49  0.00-12.08 0.501  00  03O000M000  1.000
ARG03A0145_043  0.000-13.14  4.36  3.13  0.00 -5.64 0.502  00  03E001M000  1.000
ARG03A0145_044  0.000-13.64  1.83  0.51  0.00-11.30 0.502  00  03E065M000  1.000
ARG03A0145_045  0.000-11.49  0.36  1.09  0.00-10.04 0.502  00  03E0BDM000  1.000
ARG03A0145_046  0.000-11.18  1.60  1.11  0.00 -8.47 0.501  00  03E103M000  1.000
ARG03A0145_047  0.000-12.16  1.80  5.96  0.00 -4.40 0.502  00  03E116M000  1.000
ARG03A0145_048  0.000-11.95  1.88  1.10  0.00 -8.97 0.502  00  03T05CM000  1.000
ARG03A0145_049  0.000-11.69  1.54  3.24  0.00 -6.91 0.502  00  03T08CM000  1.000
ARG03A0145_050  0.000-11.47  1.50  0.45  0.00 -9.52 0.501  00  03T093M000  1.000
ARG03A0145_051  0.000-11.34  1.33  1.09  0.00 -8.92 0.502  00  03T0EEM000  1.000
ARG03A0145_052  0.000 -8.87  1.82  3.87  0.00 -3.17 0.502  00  03T0D5M000  1.000
ARG03A0145_053  0.000 -9.18  1.12  3.88  0.00 -4.17 0.502  00  03T0F2M000  1.000
ARG03A0145_054  0.000-13.16  1.97  0.53  0.00-10.67 0.502  00  03T00CM000  1.000
ARG03A0145_055  0.000-13.05  2.85  3.19  0.00 -7.02 0.502  00  03T010M000  1.000
ARG03A0145_056  0.000-12.13  0.65  1.10  0.00-10.37 0.502  00  03T052M000  1.000
ARG03A0145_057  0.000-11.98  1.49  1.10  0.00 -9.39 0.502  00  03T062M000  1.000
ARG03A0145_058  0.000-12.05  4.34  3.12  0.00 -4.59 0.502  00  03T088M000  1.000
ARG03A0145_059  0.000-12.16  1.76  0.53  0.00 -9.87 0.501  00  03T0F8M000  1.000
ARG03A0145_060  0.000-10.71  1.83  1.09  0.00 -7.79 0.502  00  03T0D9M000  1.000
ARG+1A0145_061  1.000-12.96  0.34  0.49  0.00-12.12 0.501  00  +1O000M000  1.000
ARG+1A0145_062  1.000-13.08  2.84  3.19  0.00 -7.05 0.502  00  +1E010M000  1.000
ARG+1A0145_063  1.000-11.97  1.24  0.56  0.00-10.18 0.501  00  +1E029M000  1.000
ARG+1A0145_064  1.000-11.92  1.49  1.10  0.00 -9.32 0.502  00  +1E062M000  1.000
ARG+1A0145_065  1.000-13.62  1.83  0.51  0.00-11.28 0.502  00  +1E065M000  1.000
ARG+1A0145_066  1.000-11.56  0.36  1.09  0.00-10.10 0.502  00  +1E0BDM000  1.000
ARG+1A0145_067  1.000-12.21  1.75  0.54  0.00 -9.92 0.501  00  +1E0F8M000  1.000
ARG+1A0145_068  1.000-11.49  1.59  1.11  0.00 -8.79 0.501  00  +1E103M000  1.000
ARG+1A0145_069  1.000-13.18  4.37  3.13  0.00 -5.68 0.502  00  +1T001M000  1.000
ARG+1A0145_070  1.000-13.13  1.96  0.53  0.00-10.64 0.502  00  +1T00CM000  1.000
ARG+1A0145_071  1.000-12.09  0.66  1.10  0.00-10.33 0.502  00  +1T052M000  1.000
ARG+1A0145_072  1.000-12.00  1.88  1.10  0.00 -9.02 0.502  00  +1T05CM000  1.000
ARG+1A0145_073  1.000-12.09  4.35  3.12  0.00 -4.63 0.502  00  +1T088M000  1.000
ARG+1A0145_074  1.000-11.79  1.54  3.24  0.00 -7.01 0.502  00  +1T08CM000  1.000
ARG+1A0145_075  1.000-11.52  1.50  0.45  0.00 -9.57 0.501  00  +1T093M000  1.000
ARG+1A0145_076  1.000 -8.83  1.82  3.87  0.00 -3.14 0.502  00  +1T0D5M000  1.000
ARG+1A0145_077  1.000-10.70  1.83  1.09  0.00 -7.78 0.502  00  +1T0D9M000  1.000
ARG+1A0145_078  1.000-11.23  1.33  1.09  0.00 -8.81 0.502  00  +1T0EEM000  1.000
ARG+1A0145_079  1.000 -9.22  1.12  3.89  0.00 -4.21 0.502  00  +1T0F2M000  1.000
ARG+1A0145_080  1.000-12.20  1.80  5.96  0.00 -4.44 0.502  00  +1T116M000  1.000
