   confID        vdw0    sas     sum
ARG01A0145_001   1.627 -14.521 -12.894
ARG01A0145_002   1.598 -14.723 -13.125
ARG01A0145_003   1.404 -14.663 -13.259
ARG01A0145_004   1.501 -14.570 -13.070
ARG01A0145_005   2.334 -14.391 -12.058
ARG01A0145_006   2.302 -14.392 -12.090
ARG01A0145_007   2.739 -14.361 -11.622
ARG01A0145_008   4.638 -13.293  -8.655
ARG01A0145_009   3.215 -14.034 -10.819
ARG01A0145_010   4.997 -13.964  -8.967
ARG01A0145_011   2.268 -14.391 -12.123
ARG01A0145_012   3.108 -14.554 -11.446
ARG01A0145_013   2.383 -14.589 -12.206
ARG01A0145_014   2.293 -14.207 -11.914
ARG01A0145_015   1.609 -15.198 -13.589
ARG01A0145_016   2.402 -14.303 -11.901
ARG01A0145_017   2.470 -13.897 -11.427
ARG01A0145_018   3.148 -14.584 -11.436
ARG01A0145_019   3.230 -14.460 -11.230
ARG01A0145_020   2.558 -14.707 -12.149
ARG02A0145_021   1.693 -14.521 -12.829
ARG02A0145_022   2.546 -14.652 -12.106
ARG02A0145_023   2.414 -13.965 -11.551
ARG02A0145_024   3.383 -14.108 -10.725
ARG02A0145_025   4.954 -14.076  -9.122
ARG02A0145_026   3.051 -14.441 -11.391
ARG02A0145_027   2.362 -14.338 -11.976
ARG02A0145_028   1.486 -14.483 -12.997
ARG02A0145_029   2.384 -14.303 -11.919
ARG02A0145_030   2.760 -14.480 -11.720
ARG02A0145_031   2.218 -14.384 -12.166
ARG02A0145_032   1.674 -14.787 -13.113
ARG02A0145_033   1.551 -14.567 -13.016
ARG02A0145_034   2.406 -14.195 -11.789
ARG02A0145_035   2.355 -14.195 -11.840
ARG02A0145_036   2.378 -14.313 -11.935
ARG02A0145_037   1.518 -14.974 -13.455
ARG02A0145_038   3.124 -14.664 -11.540
ARG02A0145_039   4.743 -13.421  -8.678
ARG02A0145_040   3.441 -14.592 -11.151
ARG03A0145_041   2.321 -14.311 -11.990
ARG03A0145_042   1.606 -14.521 -12.915
ARG03A0145_043   1.591 -14.723 -13.132
ARG03A0145_044   1.462 -15.102 -13.640
ARG03A0145_045   3.085 -14.532 -11.447
ARG03A0145_046   3.061 -14.249 -11.187
ARG03A0145_047   2.486 -14.652 -12.166
ARG03A0145_048   2.314 -14.260 -11.946
ARG03A0145_049   2.675 -14.361 -11.686
ARG03A0145_050   2.425 -13.897 -11.472
ARG03A0145_051   3.376 -14.723 -11.347
ARG03A0145_052   4.613 -13.486  -8.873
ARG03A0145_053   4.944 -14.128  -9.184
ARG03A0145_054   1.394 -14.551 -13.157
ARG03A0145_055   1.461 -14.515 -13.055
ARG03A0145_056   2.342 -14.470 -12.128
ARG03A0145_057   2.328 -14.313 -11.985
ARG03A0145_058   2.320 -14.370 -12.050
ARG03A0145_059   2.162 -14.320 -12.158
ARG03A0145_060   3.383 -14.096 -10.713
ARG+1A0145_061   1.564 -14.521 -12.958
ARG+1A0145_062   1.419 -14.503 -13.084
ARG+1A0145_063   2.287 -14.259 -11.972
ARG+1A0145_064   2.279 -14.249 -11.970
ARG+1A0145_065   1.417 -15.038 -13.620
ARG+1A0145_066   3.038 -14.596 -11.558
ARG+1A0145_067   2.112 -14.320 -12.208
ARG+1A0145_068   3.018 -14.506 -11.488
ARG+1A0145_069   1.545 -14.723 -13.178
ARG+1A0145_070   1.349 -14.483 -13.134
ARG+1A0145_071   2.308 -14.402 -12.094
ARG+1A0145_072   2.267 -14.260 -11.993
ARG+1A0145_073   2.282 -14.303 -12.021
ARG+1A0145_074   2.639 -14.480 -11.842
ARG+1A0145_075   2.376 -13.897 -11.521
ARG+1A0145_076   4.574 -13.421  -8.847
ARG+1A0145_077   3.342 -14.044 -10.702
ARG+1A0145_078   3.347 -14.592 -11.245
ARG+1A0145_079   4.906 -14.128  -9.222
ARG+1A0145_080   2.452 -14.652 -12.200
