iConf CONFORMER     FL  occ    crg   Em0  pKa0 ne nH    vdw0    vdw1    tors    epol   dsolv   extra    history
00001 LYS01A0118_001 f 0.00  0.000     0  0.00  0  0 -11.941   0.521   0.841  -0.006   0.101   0.000 01O000M000t
00002 LYS01A0118_002 f 0.00  0.000     0  0.00  0  0 -11.035   0.581   1.471  -0.015  -0.035   0.000 01E00AM000t
00003 LYS01A0118_003 f 0.00  0.000     0  0.00  0  0 -10.540   0.606   0.881  -0.012   0.009   0.000 01E01FM000t
00004 LYS01A0118_004 f 0.00  0.000     0  0.00  0  0 -11.001   4.932   1.577  -0.025  -0.192   0.000 01E02FM000t
00005 LYS01A0118_005 f 0.00  0.000     0  0.00  0  0  -7.901   0.413   2.111  -0.007  -0.075   0.000 01E038M000t
00006 LYS01A0118_006 f 0.00  0.000     0  0.00  0  0  -8.072   0.618   2.052  -0.018  -0.016   0.000 01E03EM000t
00007 LYS01A0118_007 f 0.00  0.000     0  0.00  0  0 -11.303   3.172   6.330   0.001   0.057   0.000 01E055M000t
00008 LYS01A0118_008 f 0.00  0.000     0  0.00  0  0 -10.966   4.612   3.639   0.007  -0.082   0.000 01E059M000t
00009 LYS01A0118_009 f 0.00  0.000     0  0.00  0  0 -10.625   0.721   4.266  -0.006  -0.175   0.000 01E066M000t
00010 LYS01A0118_010 f 0.00  0.000     0  0.00  0  0 -10.034   0.422   3.712  -0.010  -0.203   0.000 01E0A1M000t
00011 LYS01A0118_011 f 0.00  0.000     0  0.00  0  0  -9.628   0.536   0.875  -0.008   0.087   0.000 01E0C2M000t
00012 LYS01A0118_012 f 0.00  0.000     0  0.00  0  0  -9.926   2.032   7.126  -0.016  -0.169   0.000 01E137M000t
00013 LYS01A0118_013 f 0.00  0.000     0  0.00  0  0 -10.768   3.176   4.222   0.001   0.016   0.000 01T016M000t
00014 LYS01A0118_014 f 0.00  0.000     0  0.00  0  0  -9.432   0.299   1.474  -0.012  -0.100   0.000 01T031M000t
00015 LYS01A0118_015 f 0.00  0.000     0  0.00  0  0 -10.275   0.633   1.498  -0.010  -0.051   0.000 01T040M000t
00016 LYS01A0118_016 f 0.00  0.000     0  0.00  0  0 -10.999   0.525   3.611  -0.008  -0.057   0.000 01T054M000t
00017 LYS01A0118_017 f 0.00  0.000     0  0.00  0  0 -10.946   3.159   3.582   0.005   0.085   0.000 01T056M000t
00018 LYS01A0118_018 f 0.00  0.000     0  0.00  0  0 -10.307   2.494   4.164  -0.009  -0.029   0.000 01T095M000t
00019 LYS01A0118_019 f 0.00  0.000     0  0.00  0  0  -7.219   0.743   2.112  -0.008   0.007   0.000 01T0DAM000t
00020 LYS01A0118_020 f 0.00  0.000     0  0.00  0  0  -8.734   0.570   4.322  -0.022  -0.228   0.000 01T0DFM000t
00021 LYS+1A0118_021 f 0.00  1.000     0 10.40  0  1 -11.987   0.520   0.841   0.028  -0.229   0.000 +1O000M000t
00022 LYS+1A0118_022 f 0.00  1.000     0 10.40  0  1 -10.588   0.607   0.881   0.044  -0.168   0.000 +1E01FM000t
00023 LYS+1A0118_023 f 0.00  1.000     0 10.40  0  1  -9.469   0.299   1.473   0.018  -0.117   0.000 +1E031M000t
00024 LYS+1A0118_024 f 0.00  1.000     0 10.40  0  1 -10.279   0.636   1.504   0.064  -0.200   0.000 +1E040M000t
00025 LYS+1A0118_025 f 0.00  1.000     0 10.40  0  1 -11.353   3.170   6.334   0.026  -0.450   0.000 +1E055M000t
00026 LYS+1A0118_026 f 0.00  1.000     0 10.40  0  1 -11.017   3.155   3.582   0.041  -0.148   0.000 +1E056M000t
00027 LYS+1A0118_027 f 0.00  1.000     0 10.40  0  1 -10.670   0.715   4.267   0.076  -0.215   0.000 +1E066M000t
00028 LYS+1A0118_028 f 0.00  1.000     0 10.40  0  1  -7.281   0.743   2.113   0.049   0.048   0.000 +1E0DAM000t
00029 LYS+1A0118_029 f 0.00  1.000     0 10.40  0  1  -8.708   0.562   4.318   0.110  -0.355   0.000 +1E0DFM000t
00030 LYS+1A0118_030 f 0.00  1.000     0 10.40  0  1 -11.108   0.583   1.472  -0.000  -0.429   0.000 +1T00AM000t
00031 LYS+1A0118_031 f 0.00  1.000     0 10.40  0  1 -10.820   3.177   4.222  -0.012  -0.212   0.000 +1T016M000t
00032 LYS+1A0118_032 f 0.00  1.000     0 10.40  0  1 -11.117   5.089   1.569   0.061  -0.206   0.000 +1T02FM000t
00033 LYS+1A0118_033 f 0.00  1.000     0 10.40  0  1  -7.957   0.414   2.111  -0.008  -0.344   0.000 +1T038M000t
00034 LYS+1A0118_034 f 0.00  1.000     0 10.40  0  1  -8.178   0.619   2.053   0.094  -0.218   0.000 +1T03EM000t
00035 LYS+1A0118_035 f 0.00  1.000     0 10.40  0  1 -11.037   0.522   3.619   0.025  -0.222   0.000 +1T054M000t
00036 LYS+1A0118_036 f 0.00  1.000     0 10.40  0  1 -11.018   4.623   3.639  -0.031  -0.186   0.000 +1T059M000t
00037 LYS+1A0118_037 f 0.00  1.000     0 10.40  0  1 -10.376   2.498   4.164   0.058   0.022   0.000 +1T095M000t
00038 LYS+1A0118_038 f 0.00  1.000     0 10.40  0  1 -10.164   0.420   3.715   0.065  -0.197   0.000 +1T0A1M000t
00039 LYS+1A0118_039 f 0.00  1.000     0 10.40  0  1  -9.710   0.540   0.878   0.111   0.162   0.000 +1T0C2M000t
00040 LYS+1A0118_040 f 0.00  1.000     0 10.40  0  1  -9.969   2.025   7.130   0.089  -0.374   0.000 +1T137M000t
