CONFORMER         crg  vdw0  vdw1  tors  epol  self   occ  Hb     history    ASA
LYS01A0118_001  0.000-11.94  0.42  0.84  0.00-10.68 0.501  00  01O000M000  1.000
LYS01A0118_002  0.000-11.03  0.51  1.47  0.00 -9.05 0.501  00  01E00AM000  1.000
LYS01A0118_003  0.000-10.54  0.49  0.88  0.00 -9.17 0.501  00  01E01FM000  1.000
LYS01A0118_004  0.000-11.00  4.89  1.58  0.00 -4.53 0.502  00  01E02FM000  1.000
LYS01A0118_005  0.000 -7.91  0.35  2.11  0.00 -5.45 0.502  00  01E038M000  1.000
LYS01A0118_006  0.000 -8.09  0.55  2.05  0.00 -5.49 0.501  00  01E03EM000  1.000
LYS01A0118_007  0.000-11.31  3.12  6.33  0.00 -1.85 0.501  00  01E055M000  1.000
LYS01A0118_008  0.000-10.97  4.55  3.64  0.00 -2.77 0.502  00  01E059M000  1.000
LYS01A0118_009  0.000-10.62  0.67  4.27  0.00 -5.69 0.501  00  01E066M000  1.000
LYS01A0118_010  0.000-10.03  0.32  3.71  0.00 -6.00 0.501  00  01E0A1M000  1.000
LYS01A0118_011  0.000 -9.63  0.42  0.87  0.00 -8.34 0.501  00  01E0C2M000  1.000
LYS01A0118_012  0.000 -9.98  2.03  7.13  0.00 -0.82 0.502  00  01E137M000  1.000
LYS01A0118_013  0.000-10.77  3.12  4.22  0.00 -3.43 0.502  00  01T016M000  1.000
LYS01A0118_014  0.000 -9.43  0.25  1.47  0.00 -7.71 0.501  00  01T031M000  1.000
LYS01A0118_015  0.000-10.32  0.56  1.50  0.00 -8.26 0.502  00  01T040M000  1.000
LYS01A0118_016  0.000-11.00  0.42  3.61  0.00 -6.97 0.501  00  01T054M000  1.000
LYS01A0118_017  0.000-10.95  3.11  3.58  0.00 -4.26 0.502  00  01T056M000  1.000
LYS01A0118_018  0.000-10.31  2.49  4.16  0.00 -3.65 0.502  00  01T095M000  1.000
LYS01A0118_019  0.000 -7.21  0.70  2.11  0.00 -4.40 0.501  00  01T0DAM000  1.000
LYS01A0118_020  0.000 -8.73  0.52  4.32  0.00 -3.89 0.502  00  01T0DFM000  1.000
LYS+1A0118_021  1.000-11.99  0.42  0.84  0.00-10.72 0.501  00  +1O000M000  1.000
LYS+1A0118_022  1.000-10.59  0.49  0.88  0.00 -9.22 0.501  00  +1E01FM000  1.000
LYS+1A0118_023  1.000 -9.43  0.25  1.47  0.00 -7.71 0.501  00  +1E031M000  1.000
LYS+1A0118_024  1.000-10.22  0.57  1.50  0.00 -8.15 0.502  00  +1E040M000  1.000
LYS+1A0118_025  1.000-11.42  3.12  6.33  0.00 -1.96 0.501  00  +1E055M000  1.000
LYS+1A0118_026  1.000-11.02  3.10  3.58  0.00 -4.33 0.502  00  +1E056M000  1.000
LYS+1A0118_027  1.000-10.67  0.67  4.27  0.00 -5.74 0.501  00  +1E066M000  1.000
LYS+1A0118_028  1.000 -7.29  0.70  2.11  0.00 -4.48 0.501  00  +1E0DAM000  1.000
LYS+1A0118_029  1.000 -8.71  0.51  4.32  0.00 -3.88 0.502  00  +1E0DFM000  1.000
LYS+1A0118_030  1.000-11.11  0.52  1.47  0.00 -9.12 0.501  00  +1T00AM000  1.000
LYS+1A0118_031  1.000-10.82  3.12  4.22  0.00 -3.47 0.502  00  +1T016M000  1.000
LYS+1A0118_032  1.000-11.12  5.04  1.57  0.00 -4.50 0.502  00  +1T02FM000  1.000
LYS+1A0118_033  1.000 -7.94  0.35  2.11  0.00 -5.48 0.502  00  +1T038M000  1.000
LYS+1A0118_034  1.000 -8.17  0.55  2.05  0.00 -5.57 0.501  00  +1T03EM000  1.000
LYS+1A0118_035  1.000-11.04  0.42  3.62  0.00 -7.00 0.501  00  +1T054M000  1.000
LYS+1A0118_036  1.000-11.01  4.57  3.64  0.00 -2.81 0.502  00  +1T059M000  1.000
LYS+1A0118_037  1.000-10.37  2.49  4.16  0.00 -3.72 0.502  00  +1T095M000  1.000
LYS+1A0118_038  1.000-10.21  0.32  3.72  0.00 -6.18 0.501  00  +1T0A1M000  1.000
LYS+1A0118_039  1.000 -9.72  0.42  0.88  0.00 -8.42 0.501  00  +1T0C2M000  1.000
LYS+1A0118_040  1.000 -9.97  2.03  7.13  0.00 -0.82 0.502  00  +1T137M000  1.000
