   confID        vdw0    sas     sum
LYS01A0118_001   0.589 -12.530 -11.941
LYS01A0118_002   1.260 -12.295 -11.035
LYS01A0118_003   1.555 -12.096 -10.540
LYS01A0118_004   1.514 -12.514 -11.001
LYS01A0118_005   4.204 -12.105  -7.901
LYS01A0118_006   4.346 -12.418  -8.072
LYS01A0118_007   1.125 -12.428 -11.303
LYS01A0118_008   1.140 -12.106 -10.966
LYS01A0118_009   1.812 -12.437 -10.625
LYS01A0118_010   2.313 -12.347 -10.034
LYS01A0118_011   2.250 -11.879  -9.628
LYS01A0118_012   2.174 -12.100  -9.926
LYS01A0118_013   1.623 -12.392 -10.768
LYS01A0118_014   2.863 -12.295  -9.432
LYS01A0118_015   1.975 -12.250 -10.275
LYS01A0118_016   1.139 -12.138 -10.999
LYS01A0118_017   1.254 -12.200 -10.946
LYS01A0118_018   1.896 -12.203 -10.307
LYS01A0118_019   4.984 -12.203  -7.219
LYS01A0118_020   3.340 -12.074  -8.734
LYS+1A0118_021   0.544 -12.530 -11.987
LYS+1A0118_022   1.507 -12.096 -10.588
LYS+1A0118_023   2.826 -12.295  -9.469
LYS+1A0118_024   1.904 -12.183 -10.279
LYS+1A0118_025   1.075 -12.428 -11.353
LYS+1A0118_026   1.183 -12.200 -11.017
LYS+1A0118_027   1.767 -12.437 -10.670
LYS+1A0118_028   4.922 -12.203  -7.281
LYS+1A0118_029   3.366 -12.074  -8.708
LYS+1A0118_030   1.226 -12.334 -11.108
LYS+1A0118_031   1.572 -12.392 -10.820
LYS+1A0118_032   1.465 -12.582 -11.117
LYS+1A0118_033   4.149 -12.105  -7.957
LYS+1A0118_034   4.307 -12.485  -8.178
LYS+1A0118_035   1.085 -12.122 -11.037
LYS+1A0118_036   1.088 -12.106 -11.018
LYS+1A0118_037   1.827 -12.203 -10.376
LYS+1A0118_038   2.247 -12.411 -10.164
LYS+1A0118_039   2.168 -11.879  -9.710
LYS+1A0118_040   2.130 -12.100  -9.969
