iConf CONFORMER     FL  occ    crg   Em0  pKa0 ne nH    vdw0    vdw1    tors    epol   dsolv   extra    history
00001 LYS01A0134_001 f 0.00  0.000     0  0.00  0  0 -11.919   0.358   0.924  -0.008  -0.072   0.000 01O000M000t
00002 LYS01A0134_002 f 0.00  0.000     0  0.00  0  0  -4.796   0.662   0.820  -0.015   0.008   0.000 01E024M000t
00003 LYS01A0134_003 f 0.00  0.000     0  0.00  0  0 -11.333   1.873   4.247  -0.015  -0.157   0.000 01E052M000t
00004 LYS01A0134_004 f 0.00  0.000     0  0.00  0  0 -11.138   0.326   0.872  -0.013   0.000   0.000 01E05AM000t
00005 LYS01A0134_005 f 0.00  0.000     0  0.00  0  0  -7.752   2.427   3.598  -0.030   0.000   0.000 01E077M000t
00006 LYS01A0134_006 f 0.00  0.000     0  0.00  0  0  -9.997   0.349   4.260  -0.011  -0.019   0.000 01E0B3M000t
00007 LYS01A0134_007 f 0.00  0.000     0  0.00  0  0  -9.943   1.182   4.094  -0.006   0.058   0.000 01E0D7M000t
00008 LYS01A0134_008 f 0.00  0.000     0  0.00  0  0  -9.524   0.828   4.297  -0.049   0.055   0.000 01E103M000t
00009 LYS01A0134_009 f 0.00  0.000     0  0.00  0  0  -7.578   1.570   4.726  -0.034   0.069   0.000 01E15BM000t
00010 LYS01A0134_010 f 0.00  0.000     0  0.00  0  0  -9.081   1.870   4.180  -0.025   0.189   0.000 01E160M000t
00011 LYS01A0134_011 f 0.00  0.000     0  0.00  0  0 -11.853   1.697   0.870   0.003  -0.224   0.000 01T002M000t
00012 LYS01A0134_012 f 0.00  0.000     0  0.00  0  0 -10.303   1.538   4.205  -0.075   0.033   0.000 01T04BM000t
00013 LYS01A0134_013 f 0.00  0.000     0  0.00  0  0 -10.150   1.918   4.135  -0.020   0.145   0.000 01T098M000t
00014 LYS01A0134_014 f 0.00  0.000     0  0.00  0  0  -9.777   0.230   3.691  -0.006   0.038   0.000 01T0AAM000t
00015 LYS01A0134_015 f 0.00  0.000     0  0.00  0  0  -9.576   0.587   1.504  -0.040   0.136   0.000 01T0D3M000t
00016 LYS01A0134_016 f 0.00  0.000     0  0.00  0  0 -10.343   0.814   4.252  -0.009  -0.044   0.000 01T0D5M000t
00017 LYS01A0134_017 f 0.00  0.000     0  0.00  0  0 -10.311   1.185   6.772  -0.011   0.037   0.000 01T0E3M000t
00018 LYS01A0134_018 f 0.00  0.000     0  0.00  0  0  -9.062   0.392   1.578  -0.014   0.129   0.000 01T105M000t
00019 LYS01A0134_019 f 0.00  0.000     0  0.00  0  0  -7.087   0.952   4.920  -0.017  -0.031   0.000 01T11FM000t
00020 LYS01A0134_020 f 0.00  0.000     0  0.00  0  0 -10.501   1.912   6.865  -0.015   0.098   0.000 01T15AM000t
00021 LYS+1A0134_021 f 0.00  1.000     0 10.40  0  1 -11.965   0.357   0.924   0.040  -0.249   0.000 +1O000M000t
00022 LYS+1A0134_022 f 0.00  1.000     0 10.40  0  1 -11.901   1.695   0.871  -0.008  -0.254   0.000 +1E002M000t
00023 LYS+1A0134_023 f 0.00  1.000     0 10.40  0  1  -4.902   0.665   0.820   0.062  -0.168   0.000 +1E024M000t
00024 LYS+1A0134_024 f 0.00  1.000     0 10.40  0  1 -10.361   1.527   4.205   0.294  -0.093   0.000 +1E04BM000t
00025 LYS+1A0134_025 f 0.00  1.000     0 10.40  0  1 -11.377   1.861   4.251   0.100  -0.219   0.000 +1E052M000t
00026 LYS+1A0134_026 f 0.00  1.000     0 10.40  0  1  -7.823   2.436   3.611   0.107   0.216   0.000 +1E077M000t
00027 LYS+1A0134_027 f 0.00  1.000     0 10.40  0  1 -10.238   1.925   4.136   0.083   0.026   0.000 +1E098M000t
00028 LYS+1A0134_028 f 0.00  1.000     0 10.40  0  1  -9.936   1.177   4.096   0.087  -0.014   0.000 +1E0D7M000t
00029 LYS+1A0134_029 f 0.00  1.000     0 10.40  0  1  -9.438   0.833   4.314   0.049  -0.187   0.000 +1E103M000t
00030 LYS+1A0134_030 f 0.00  1.000     0 10.40  0  1  -9.172   0.388   1.581   0.061   0.163   0.000 +1E105M000t
00031 LYS+1A0134_031 f 0.00  1.000     0 10.40  0  1 -10.564   1.897   6.886   0.091  -0.458   0.000 +1E15AM000t
00032 LYS+1A0134_032 f 0.00  1.000     0 10.40  0  1  -7.724   1.538   4.732   0.242   0.488   0.000 +1E15BM000t
00033 LYS+1A0134_033 f 0.00  1.000     0 10.40  0  1 -11.297   0.324   0.873   0.067  -0.084   0.000 +1T05AM000t
00034 LYS+1A0134_034 f 0.00  1.000     0 10.40  0  1  -9.915   0.226   3.697   0.034  -0.159   0.000 +1T0AAM000t
00035 LYS+1A0134_035 f 0.00  1.000     0 10.40  0  1  -9.937   0.348   4.268   0.058  -0.192   0.000 +1T0B3M000t
00036 LYS+1A0134_036 f 0.00  1.000     0 10.40  0  1  -9.640   0.591   1.506   0.012   0.298   0.000 +1T0D3M000t
00037 LYS+1A0134_037 f 0.00  1.000     0 10.40  0  1 -10.341   0.816   4.260   0.042  -0.254   0.000 +1T0D5M000t
00038 LYS+1A0134_038 f 0.00  1.000     0 10.40  0  1 -10.350   1.183   6.780   0.060  -0.556   0.000 +1T0E3M000t
00039 LYS+1A0134_039 f 0.00  1.000     0 10.40  0  1  -7.047   0.932   4.932   0.024  -0.137   0.000 +1T11FM000t
00040 LYS+1A0134_040 f 0.00  1.000     0 10.40  0  1  -9.163   1.861   4.181   0.067   0.153   0.000 +1T160M000t
