CONFORMER         crg  vdw0  vdw1  tors  epol  self   occ  Hb     history    ASA
LYS01A0134_001  0.000-11.92  0.26  0.92  0.00-10.74 0.502  00  01O000M000  1.000
LYS01A0134_002  0.000 -4.79  0.54  0.82  0.00 -3.43 0.502  00  01E024M000  1.000
LYS01A0134_003  0.000-11.33  1.87  4.25  0.00 -5.21 0.502  00  01E052M000  1.000
LYS01A0134_004  0.000-11.21  0.23  0.87  0.00-10.11 0.501  00  01E05AM000  1.000
LYS01A0134_005  0.000 -7.76  2.38  3.60  0.00 -1.78 0.501  00  01E077M000  1.000
LYS01A0134_006  0.000-10.00  0.25  4.26  0.00 -5.49 0.501  00  01E0B3M000  1.000
LYS01A0134_007  0.000 -9.95  1.12  4.09  0.00 -4.73 0.502  00  01E0D7M000  1.000
LYS01A0134_008  0.000 -9.53  0.78  4.30  0.00 -4.45 0.501  00  01E103M000  1.000
LYS01A0134_009  0.000 -7.58  1.57  4.73  0.00 -1.28 0.501  00  01E15BM000  1.000
LYS01A0134_010  0.000 -9.07  1.87  4.18  0.00 -3.02 0.501  00  01E160M000  1.000
LYS01A0134_011  0.000-11.86  1.64  0.87  0.00 -9.34 0.501  00  01T002M000  1.000
LYS01A0134_012  0.000-10.30  1.54  4.20  0.00 -4.56 0.502  00  01T04BM000  1.000
LYS01A0134_013  0.000-10.14  1.93  4.13  0.00 -4.08 0.501  00  01T098M000  1.000
LYS01A0134_014  0.000 -9.78  0.13  3.69  0.00 -5.96 0.502  00  01T0AAM000  1.000
LYS01A0134_015  0.000 -9.58  0.47  1.50  0.00 -7.61 0.501  00  01T0D3M000  1.000
LYS01A0134_016  0.000-10.34  0.69  4.25  0.00 -5.40 0.501  00  01T0D5M000  1.000
LYS01A0134_017  0.000-10.31  1.13  6.77  0.00 -2.41 0.501  00  01T0E3M000  1.000
LYS01A0134_018  0.000 -9.06  0.34  1.58  0.00 -7.14 0.502  00  01T105M000  1.000
LYS01A0134_019  0.000 -7.05  0.88  4.92  0.00 -1.24 0.502  00  01T11FM000  1.000
LYS01A0134_020  0.000-10.50  1.91  6.86  0.00 -1.73 0.501  00  01T15AM000  1.000
LYS+1A0134_021  1.000-11.96  0.26  0.92  0.00-10.78 0.502  00  +1O000M000  1.000
LYS+1A0134_022  1.000-11.90  1.64  0.87  0.00 -9.39 0.501  00  +1E002M000  1.000
LYS+1A0134_023  1.000 -4.89  0.55  0.82  0.00 -3.52 0.502  00  +1E024M000  1.000
LYS+1A0134_024  1.000-10.36  1.53  4.20  0.00 -4.62 0.502  00  +1E04BM000  1.000
LYS+1A0134_025  1.000-11.38  1.86  4.25  0.00 -5.26 0.502  00  +1E052M000  1.000
LYS+1A0134_026  1.000 -7.75  2.40  3.61  0.00 -1.75 0.501  00  +1E077M000  1.000
LYS+1A0134_027  1.000-10.24  1.92  4.14  0.00 -4.18 0.501  00  +1E098M000  1.000
LYS+1A0134_028  1.000 -9.88  1.12  4.10  0.00 -4.66 0.502  00  +1E0D7M000  1.000
LYS+1A0134_029  1.000 -9.43  0.78  4.31  0.00 -4.34 0.501  00  +1E103M000  1.000
LYS+1A0134_030  1.000 -9.16  0.34  1.58  0.00 -7.24 0.502  00  +1E105M000  1.000
LYS+1A0134_031  1.000-10.60  1.90  6.89  0.00 -1.82 0.501  00  +1E15AM000  1.000
LYS+1A0134_032  1.000 -7.73  1.54  4.73  0.00 -1.46 0.501  00  +1E15BM000  1.000
LYS+1A0134_033  1.000-11.23  0.22  0.87  0.00-10.14 0.501  00  +1T05AM000  1.000
LYS+1A0134_034  1.000 -9.92  0.13  3.70  0.00 -6.09 0.502  00  +1T0AAM000  1.000
LYS+1A0134_035  1.000 -9.94  0.25  4.27  0.00 -5.43 0.501  00  +1T0B3M000  1.000
LYS+1A0134_036  1.000 -9.64  0.47  1.51  0.00 -7.67 0.501  00  +1T0D3M000  1.000
LYS+1A0134_037  1.000-10.34  0.70  4.26  0.00 -5.39 0.501  00  +1T0D5M000  1.000
LYS+1A0134_038  1.000-10.41  1.13  6.78  0.00 -2.50 0.501  00  +1T0E3M000  1.000
LYS+1A0134_039  1.000 -7.06  0.86  4.93  0.00 -1.26 0.502  00  +1T11FM000  1.000
LYS+1A0134_040  1.000 -9.11  1.86  4.18  0.00 -3.06 0.501  00  +1T160M000  1.000
