iConf CONFORMER     FL  occ    crg   Em0  pKa0 ne nH    vdw0    vdw1    tors    epol   dsolv   extra    history
00001 TYR01A0074_001 f 0.00  0.000     0  0.00  0  0 -11.611   0.063   1.309   0.249  -0.025   0.000 01O000M000t
00002 TYR01A0074_002 f 0.00  0.000     0  0.00  0  0 -11.030   0.776   1.256   0.036  -0.010   0.000 01E00EM000t
00003 TYR01A0074_003 f 0.00  0.000     0  0.00  0  0 -10.853   3.266   1.300   0.317  -0.175   0.000 01E002M000t
00004 TYR01A0074_004 f 0.00  0.000     0  0.00  0  0 -11.219   0.848   1.254   0.025  -0.011   0.000 01E003M000t
00005 TYR01A0074_005 f 0.00  0.000     0  0.00  0  0 -11.592   1.760   1.191   0.240  -0.050   0.000 01E005M000t
00006 TYR01A0074_006 f 0.00  0.000     0  0.00  0  0 -11.381   3.347   1.096   0.247  -0.218   0.000 01E009M000t
00007 TYR01A0074_007 f 0.00  0.000     0  0.00  0  0 -11.552   3.960   1.023   0.252  -0.003   0.000 01T006M000t
00008 TYR01A0074_008 f 0.00  0.000     0  0.00  0  0 -11.714   2.552   1.401   0.224  -0.058   0.000 01T00CM000t
00009 TYR01A0074_009 f 0.00  0.000     0  0.00  0  0 -11.463   2.057   1.435   0.213  -0.026   0.000 01T001M000t
00010 TYR01A0074_010 f 0.00  0.000     0  0.00  0  0 -11.715   1.747   1.220   0.233  -0.149   0.000 01T008M000t
00011 TYR01A0074_011 f 0.00  0.000     0  0.00  0  0 -11.983   2.959   1.408   0.227  -0.078   0.000 01T00AM000t
00012 TYR01A0074_012 f 0.00  0.000     0  0.00  0  0 -11.075   3.631   1.288   0.271  -0.149   0.000 01T00DM000t
00013 TYR01A0074_013 f 0.00  0.000     0  0.00  0  0 -11.537   0.559   1.441   0.162  -0.020   0.000 01T010M000t
00014 TYR01A0074_014 f 0.00  0.000     0  0.00  0  0 -11.538   1.483   1.409   0.238   0.141   0.000 01T011M000t
00015 TYR01A0074_015 f 0.00  0.000     0  0.00  0  0 -11.572   0.541   1.441   0.170   0.035   0.000 01T004M000t
00016 TYR01A0074_016 f 0.00  0.000     0  0.00  0  0 -11.384   0.058   1.262   0.260  -0.149   0.000 01T007M000t
00017 TYR01A0074_017 f 0.00  0.000     0  0.00  0  0 -11.728   1.998   1.440   0.206  -0.046   0.000 01T00BM000t
00018 TYR01A0074_018 f 0.00  0.000     0  0.00  0  0 -11.390   1.799   1.412   0.258  -0.037   0.000 01T00FM000t
00019 TYR-1A0074_019 f 0.00 -1.000     0 10.20  0 -1 -11.611   0.063   1.309   0.124  -0.891   0.000 -1O000M000t
00020 TYR-1A0074_020 f 0.00 -1.000     0 10.20  0 -1 -11.495   2.058   1.421   0.083  -0.690   0.000 -1E001M000t
00021 TYR-1A0074_021 f 0.00 -1.000     0 10.20  0 -1 -10.859   3.235   1.297   0.420  -0.666   0.000 -1E002M000t
00022 TYR-1A0074_022 f 0.00 -1.000     0 10.20  0 -1 -11.201   0.827   1.240  -0.199  -0.667   0.000 -1E003M000t
00023 TYR-1A0074_023 f 0.00 -1.000     0 10.20  0 -1 -11.363   3.994   1.000   0.102  -0.811   0.000 -1E006M000t
00024 TYR-1A0074_024 f 0.00 -1.000     0 10.20  0 -1 -11.601   0.055   1.251   0.080  -0.823   0.000 -1E007M000t
00025 TYR-1A0074_025 f 0.00 -1.000     0 10.20  0 -1 -11.820   2.598   1.378   0.073  -0.883   0.000 -1E00CM000t
00026 TYR-1A0074_026 f 0.00 -1.000     0 10.20  0 -1 -11.029   3.141   1.286   0.416  -0.644   0.000 -1E00DM000t
00027 TYR-1A0074_027 f 0.00 -1.000     0 10.20  0 -1 -11.521   0.539   1.430  -0.055  -0.923   0.000 -1T004M000t
00028 TYR-1A0074_028 f 0.00 -1.000     0 10.20  0 -1 -11.417   1.756   1.170   0.087  -0.843   0.000 -1T005M000t
00029 TYR-1A0074_029 f 0.00 -1.000     0 10.20  0 -1 -11.664   1.742   1.205   0.078  -0.867   0.000 -1T008M000t
00030 TYR-1A0074_030 f 0.00 -1.000     0 10.20  0 -1 -11.534   3.238   1.083   0.116  -0.908   0.000 -1T009M000t
00031 TYR-1A0074_031 f 0.00 -1.000     0 10.20  0 -1 -11.983   2.958   1.388   0.075  -0.820   0.000 -1T00AM000t
00032 TYR-1A0074_032 f 0.00 -1.000     0 10.20  0 -1 -11.777   1.982   1.428   0.087  -0.741   0.000 -1T00BM000t
00033 TYR-1A0074_033 f 0.00 -1.000     0 10.20  0 -1 -11.196   0.754   1.243  -0.215  -0.702   0.000 -1T00EM000t
00034 TYR-1A0074_034 f 0.00 -1.000     0 10.20  0 -1 -11.274   1.824   1.394   0.004  -1.020   0.000 -1T00FM000t
00035 TYR-1A0074_035 f 0.00 -1.000     0 10.20  0 -1 -11.589   0.557   1.430  -0.065  -0.924   0.000 -1T010M000t
00036 TYR-1A0074_036 f 0.00 -1.000     0 10.20  0 -1 -11.533   1.506   1.390  -0.003  -0.982   0.000 -1T011M000t
