CONFORMER         crg  vdw0  vdw1  tors  epol  self   occ  Hb     history    ASA
TYR01A0074_001  0.000-11.66  0.06  1.31  0.00-10.29 0.527  00  01O000M000  1.000
TYR01A0074_002  0.000-11.03  0.77  1.26  0.00 -9.01 0.526  00  01E00EM000  1.000
TYR01A0074_003  0.000-10.85  3.26  1.30  0.00 -6.29 0.529  00  01E002M000  1.000
TYR01A0074_004  0.000-11.22  0.84  1.25  0.00 -9.12 0.531  00  01E003M000  1.000
TYR01A0074_005  0.000-11.58  1.76  1.19  0.00 -8.63 0.526  00  01E005M000  1.000
TYR01A0074_006  0.000-11.38  3.34  1.09  0.00 -6.95 0.529  00  01E009M000  1.000
TYR01A0074_007  0.000-11.56  3.95  1.02  0.00 -6.58 0.528  00  01T006M000  1.000
TYR01A0074_008  0.000-11.71  2.55  1.40  0.00 -7.77 0.527  00  01T00CM000  1.000
TYR01A0074_009  0.000-11.46  2.05  1.43  0.00 -7.97 0.527  00  01T001M000  1.000
TYR01A0074_010  0.000-11.71  1.74  1.22  0.00 -8.75 0.528  00  01T008M000  1.000
TYR01A0074_011  0.000-11.98  2.96  1.41  0.00 -7.62 0.529  00  01T00AM000  1.000
TYR01A0074_012  0.000-11.07  3.64  1.29  0.00 -6.15 0.526  00  01T00DM000  1.000
TYR01A0074_013  0.000-11.54  0.56  1.44  0.00 -9.53 0.530  00  01T010M000  1.000
TYR01A0074_014  0.000-11.54  1.48  1.41  0.00 -8.65 0.530  00  01T011M000  1.000
TYR01A0074_015  0.000-11.57  0.54  1.44  0.00 -9.59 0.525  00  01T004M000  1.000
TYR01A0074_016  0.000-11.39  0.06  1.26  0.00-10.07 0.526  00  01T007M000  1.000
TYR01A0074_017  0.000-11.73  2.00  1.44  0.00 -8.29 0.528  00  01T00BM000  1.000
TYR01A0074_018  0.000-11.39  1.80  1.41  0.00 -8.18 0.528  00  01T00FM000  1.000
TYR-1A0074_019 -1.000-11.66  0.06  1.31  0.00-10.29 0.527  00  -1O000M000  1.000
TYR-1A0074_020 -1.000-11.49  2.06  1.42  0.00 -8.01 0.527  00  -1E001M000  1.000
TYR-1A0074_021 -1.000-10.85  3.23  1.30  0.00 -6.32 0.529  00  -1E002M000  1.000
TYR-1A0074_022 -1.000-11.20  0.83  1.24  0.00 -9.14 0.531  00  -1E003M000  1.000
TYR-1A0074_023 -1.000-11.37  3.99  1.00  0.00 -6.38 0.528  00  -1E006M000  1.000
TYR-1A0074_024 -1.000-11.55  0.06  1.25  0.00-10.25 0.526  00  -1E007M000  1.000
TYR-1A0074_025 -1.000-11.82  2.60  1.38  0.00 -7.84 0.527  00  -1E00CM000  1.000
TYR-1A0074_026 -1.000-11.03  3.14  1.29  0.00 -6.60 0.526  00  -1E00DM000  1.000
TYR-1A0074_027 -1.000-11.52  0.54  1.43  0.00 -9.55 0.525  00  -1T004M000  1.000
TYR-1A0074_028 -1.000-11.41  1.75  1.17  0.00 -8.49 0.526  00  -1T005M000  1.000
TYR-1A0074_029 -1.000-11.66  1.74  1.20  0.00 -8.72 0.528  00  -1T008M000  1.000
TYR-1A0074_030 -1.000-11.58  3.24  1.08  0.00 -7.27 0.529  00  -1T009M000  1.000
TYR-1A0074_031 -1.000-11.99  2.96  1.39  0.00 -7.64 0.529  00  -1T00AM000  1.000
TYR-1A0074_032 -1.000-11.79  1.98  1.43  0.00 -8.38 0.528  00  -1T00BM000  1.000
TYR-1A0074_033 -1.000-11.20  0.75  1.24  0.00 -9.21 0.526  00  -1T00EM000  1.000
TYR-1A0074_034 -1.000-11.27  1.82  1.39  0.00 -8.06 0.528  00  -1T00FM000  1.000
TYR-1A0074_035 -1.000-11.59  0.56  1.43  0.00 -9.60 0.530  00  -1T010M000  1.000
TYR-1A0074_036 -1.000-11.54  1.51  1.39  0.00 -8.64 0.530  00  -1T011M000  1.000
