   confID        vdw0    sas     sum
TYR01A0074_001   3.066 -14.677 -11.611
TYR01A0074_002   3.062 -14.092 -11.030
TYR01A0074_003   3.080 -13.933 -10.853
TYR01A0074_004   3.069 -14.288 -11.219
TYR01A0074_005   2.950 -14.542 -11.592
TYR01A0074_006   2.821 -14.202 -11.381
TYR01A0074_007   2.790 -14.342 -11.552
TYR01A0074_008   2.996 -14.710 -11.714
TYR01A0074_009   3.070 -14.533 -11.463
TYR01A0074_010   2.994 -14.710 -11.715
TYR01A0074_011   2.953 -14.936 -11.983
TYR01A0074_012   3.069 -14.143 -11.075
TYR01A0074_013   3.060 -14.597 -11.537
TYR01A0074_014   2.991 -14.529 -11.538
TYR01A0074_015   3.064 -14.636 -11.572
TYR01A0074_016   3.056 -14.440 -11.384
TYR01A0074_017   3.069 -14.797 -11.728
TYR01A0074_018   2.944 -14.333 -11.390
TYR-1A0074_019   3.066 -14.677 -11.611
TYR-1A0074_020   3.071 -14.566 -11.495
TYR-1A0074_021   3.073 -13.933 -10.859
TYR-1A0074_022   3.071 -14.271 -11.201
TYR-1A0074_023   2.794 -14.157 -11.363
TYR-1A0074_024   3.058 -14.659 -11.601
TYR-1A0074_025   2.993 -14.812 -11.820
TYR-1A0074_026   3.080 -14.109 -11.029
TYR-1A0074_027   3.064 -14.585 -11.521
TYR-1A0074_028   2.956 -14.373 -11.417
TYR-1A0074_029   2.995 -14.659 -11.664
TYR-1A0074_030   2.812 -14.346 -11.534
TYR-1A0074_031   2.953 -14.936 -11.983
TYR-1A0074_032   3.080 -14.858 -11.777
TYR-1A0074_033   3.065 -14.262 -11.196
TYR-1A0074_034   2.941 -14.215 -11.274
TYR-1A0074_035   3.058 -14.647 -11.589
TYR-1A0074_036   2.996 -14.529 -11.533
