CONFORMER         crg  vdw0  vdw1  tors  epol  self   occ  Hb     history    ASA
ARG01A0031_001  0.000-13.59  0.47  0.43  0.00-12.69 0.502  00  01O000M000  1.000
ARG01A0031_002  0.000-12.70  0.92  0.99  0.00-10.79 0.501  00  01E006M000  1.000
ARG01A0031_003  0.000-12.44  2.81  3.25  0.00 -6.38 0.501  00  01E025M000  1.000
ARG01A0031_004  0.000-12.08  6.43  3.21  0.00 -2.43 0.502  00  01E062M000  1.000
ARG01A0031_005  0.000-11.52  0.78  0.99  0.00 -9.75 0.502  00  01E064M000  1.000
ARG01A0031_006  0.000-11.24  3.00  3.27  0.00 -4.97 0.502  00  01E078M000  1.000
ARG01A0031_007  0.000-10.28  1.18  5.95  0.00 -3.15 0.502  00  01E0A2M000  1.000
ARG01A0031_008  0.000 -9.36  0.94  3.26  0.00 -5.16 0.502  00  01E0A6M000  1.000
ARG01A0031_009  0.000 -8.98  0.79  3.80  0.00 -4.39 0.502  00  01E0D2M000  1.000
ARG01A0031_010  0.000-10.76  0.59  0.99  0.00 -9.17 0.501  00  01E0D6M000  1.000
ARG01A0031_011  0.000-10.35  0.02  0.98  0.00 -9.36 0.502  00  01E0D7M000  1.000
ARG01A0031_012  0.000-11.27  2.11  3.78  0.00 -5.37 0.501  00  01E0F4M000  1.000
ARG01A0031_013  0.000-10.18  1.85  3.86  0.00 -4.47 0.501  00  01E13FM000  1.000
ARG01A0031_014  0.000-12.97  1.08  1.07  0.00-10.82 0.501  00  01T008M000  1.000
ARG01A0031_015  0.000-12.71  0.81  0.99  0.00-10.91 0.502  00  01T029M000  1.000
ARG01A0031_016  0.000-11.35  1.47  3.35  0.00 -6.52 0.502  00  01T074M000  1.000
ARG01A0031_017  0.000-11.23  0.40  3.21  0.00 -7.62 0.502  00  01T0A0M000  1.000
ARG01A0031_018  0.000 -9.55  0.36  3.80  0.00 -5.39 0.501  00  01T0DBM000  1.000
ARG01A0031_019  0.000 -9.27  1.19  3.82  0.00 -4.26 0.502  00  01T0F7M000  1.000
ARG01A0031_020  0.000-10.88  0.52  1.06  0.00 -9.29 0.501  00  01T12AM000  1.000
ARG02A0031_021  0.000-11.93  1.51  3.33  0.00 -7.09 0.502  00  02E074M000  1.000
ARG02A0031_022  0.000-13.57  0.47  0.43  0.00-12.67 0.502  00  02O000M000  1.000
ARG02A0031_023  0.000-11.24  0.39  3.21  0.00 -7.63 0.502  00  02E0A0M000  1.000
ARG02A0031_024  0.000-10.77  0.60  0.99  0.00 -9.19 0.501  00  02T0D6M000  1.000
ARG02A0031_025  0.000-11.39  2.11  3.78  0.00 -5.50 0.501  00  02T0F4M000  1.000
ARG02A0031_026  0.000-10.91  0.47  1.06  0.00 -9.38 0.501  00  02T12AM000  1.000
ARG02A0031_027  0.000-12.82  0.90  0.98  0.00-10.93 0.501  00  02T006M000  1.000
ARG02A0031_028  0.000-12.10  6.43  3.21  0.00 -2.46 0.502  00  02T062M000  1.000
ARG02A0031_029  0.000 -9.36  0.95  3.24  0.00 -5.17 0.502  00  02T0A6M000  1.000
ARG02A0031_030  0.000 -9.15  0.88  3.77  0.00 -4.50 0.502  00  02T0D2M000  1.000
ARG02A0031_031  0.000 -9.45  0.39  3.77  0.00 -5.30 0.501  00  02T0DBM000  1.000
ARG02A0031_032  0.000 -9.36  1.20  3.81  0.00 -4.35 0.502  00  02T0F7M000  1.000
ARG02A0031_033  0.000-12.84  1.07  1.05  0.00-10.72 0.501  00  02T008M000  1.000
ARG02A0031_034  0.000-11.47  3.23  3.23  0.00 -5.01 0.502  00  02T078M000  1.000
ARG02A0031_035  0.000-10.36  1.19  5.96  0.00 -3.21 0.502  00  02T0A2M000  1.000
ARG02A0031_036  0.000-12.53  2.82  3.20  0.00 -6.51 0.501  00  02T025M000  1.000
ARG02A0031_037  0.000-12.73  0.81  0.99  0.00-10.93 0.502  00  02T029M000  1.000
ARG02A0031_038  0.000-11.50  0.79  0.99  0.00 -9.73 0.502  00  02T064M000  1.000
ARG02A0031_039  0.000-10.32 -0.01  0.98  0.00 -9.35 0.502  00  02T0D7M000  1.000
ARG02A0031_040  0.000-10.07  1.80  3.85  0.00 -4.42 0.501  00  02T13FM000  1.000
ARG03A0031_041  0.000-12.77  0.89  0.99  0.00-10.89 0.501  00  03E006M000  1.000
ARG03A0031_042  0.000-12.96  1.07  1.05  0.00-10.84 0.501  00  03E008M000  1.000
ARG03A0031_043  0.000 -9.04  0.39  3.77  0.00 -4.88 0.501  00  03E0DBM000  1.000
ARG03A0031_044  0.000-10.99  0.48  1.06  0.00 -9.44 0.501  00  03E12AM000  1.000
ARG03A0031_045  0.000-13.63  0.47  0.43  0.00-12.73 0.502  00  03O000M000  1.000
ARG03A0031_046  0.000-12.11  6.43  3.21  0.00 -2.46 0.502  00  03E062M000  1.000
ARG03A0031_047  0.000-11.00  3.33  3.22  0.00 -4.45 0.502  00  03E078M000  1.000
ARG03A0031_048  0.000-11.27  0.39  3.21  0.00 -7.67 0.502  00  03E0A0M000  1.000
ARG03A0031_049  0.000 -9.15  1.18  3.81  0.00 -4.17 0.502  00  03E0F7M000  1.000
ARG03A0031_050  0.000-12.79  0.81  0.99  0.00-10.99 0.502  00  03T029M000  1.000
ARG03A0031_051  0.000-12.57  2.81  3.21  0.00 -6.56 0.501  00  03T025M000  1.000
ARG03A0031_052  0.000-11.67  0.78  0.99  0.00 -9.91 0.502  00  03T064M000  1.000
ARG03A0031_053  0.000 -8.72  0.88  3.77  0.00 -4.07 0.502  00  03T0D2M000  1.000
ARG03A0031_054  0.000-10.36  0.01  0.98  0.00 -9.37 0.502  00  03T0D7M000  1.000
ARG03A0031_055  0.000-11.26  2.11  3.78  0.00 -5.37 0.501  00  03T0F4M000  1.000
ARG03A0031_056  0.000-11.23  1.54  3.32  0.00 -6.37 0.502  00  03T074M000  1.000
ARG03A0031_057  0.000-10.33  1.18  5.95  0.00 -3.19 0.502  00  03T0A2M000  1.000
ARG03A0031_058  0.000 -9.00  0.93  3.23  0.00 -4.84 0.502  00  03T0A6M000  1.000
ARG03A0031_059  0.000-10.83  0.59  0.99  0.00 -9.25 0.501  00  03T0D6M000  1.000
ARG03A0031_060  0.000-10.10  1.80  3.85  0.00 -4.45 0.501  00  03T13FM000  1.000
ARG+1A0031_061  1.000-13.67  0.47  0.43  0.00-12.78 0.502  00  +1O000M000  1.000
ARG+1A0031_062  1.000-12.94  1.07  1.05  0.00-10.82 0.501  00  +1E008M000  1.000
ARG+1A0031_063  1.000-11.65  0.77  0.99  0.00 -9.89 0.502  00  +1E064M000  1.000
ARG+1A0031_064  1.000-11.33  1.55  3.32  0.00 -6.46 0.502  00  +1E074M000  1.000
ARG+1A0031_065  1.000-11.32  0.39  3.21  0.00 -7.71 0.502  00  +1E0A0M000  1.000
ARG+1A0031_066  1.000-10.36  1.18  5.95  0.00 -3.23 0.502  00  +1E0A2M000  1.000
ARG+1A0031_067  1.000 -8.88  0.93  3.23  0.00 -4.71 0.502  00  +1E0A6M000  1.000
ARG+1A0031_068  1.000 -8.86  0.87  3.77  0.00 -4.22 0.502  00  +1E0D2M000  1.000
ARG+1A0031_069  1.000-10.41 -0.02  0.98  0.00 -9.45 0.502  00  +1E0D7M000  1.000
ARG+1A0031_070  1.000-11.43  2.11  3.78  0.00 -5.55 0.501  00  +1E0F4M000  1.000
ARG+1A0031_071  1.000 -9.18  1.18  3.81  0.00 -4.19 0.502  00  +1E0F7M000  1.000
ARG+1A0031_072  1.000-12.81  0.90  0.99  0.00-10.93 0.501  00  +1T006M000  1.000
ARG+1A0031_073  1.000-12.61  2.82  3.21  0.00 -6.59 0.501  00  +1T025M000  1.000
ARG+1A0031_074  1.000-12.83  0.81  0.99  0.00-11.03 0.502  00  +1T029M000  1.000
ARG+1A0031_075  1.000-12.15  6.43  3.21  0.00 -2.50 0.502  00  +1T062M000  1.000
ARG+1A0031_076  1.000-11.07  3.38  3.22  0.00 -4.48 0.502  00  +1T078M000  1.000
ARG+1A0031_077  1.000-10.92  0.59  0.99  0.00 -9.34 0.501  00  +1T0D6M000  1.000
ARG+1A0031_078  1.000 -9.11  0.41  3.77  0.00 -4.93 0.501  00  +1T0DBM000  1.000
ARG+1A0031_079  1.000-10.95  0.48  1.06  0.00 -9.41 0.501  00  +1T12AM000  1.000
ARG+1A0031_080  1.000-10.15  1.79  3.85  0.00 -4.51 0.501  00  +1T13FM000  1.000
