   confID        vdw0    sas     sum
ARG01A0031_001   1.109 -14.699 -13.590
ARG01A0031_002   1.610 -14.312 -12.702
ARG01A0031_003   2.075 -14.519 -12.444
ARG01A0031_004   2.133 -14.210 -12.077
ARG01A0031_005   2.635 -14.144 -11.510
ARG01A0031_006   3.019 -14.270 -11.251
ARG01A0031_007   3.940 -14.220 -10.281
ARG01A0031_008   4.420 -13.772  -9.352
ARG01A0031_009   4.515 -13.540  -9.025
ARG01A0031_010   3.097 -13.847 -10.749
ARG01A0031_011   3.555 -13.910 -10.355
ARG01A0031_012   3.176 -14.441 -11.265
ARG01A0031_013   4.637 -14.763 -10.126
ARG01A0031_014   1.605 -14.581 -12.976
ARG01A0031_015   2.122 -14.838 -12.716
ARG01A0031_016   3.067 -14.488 -11.421
ARG01A0031_017   3.156 -14.394 -11.239
ARG01A0031_018   4.672 -14.228  -9.556
ARG01A0031_019   4.863 -14.130  -9.267
ARG01A0031_020   3.066 -13.949 -10.884
ARG02A0031_021   2.731 -14.659 -11.928
ARG02A0031_022   1.130 -14.699 -13.569
ARG02A0031_023   3.165 -14.394 -11.229
ARG02A0031_024   3.070 -13.895 -10.825
ARG02A0031_025   3.107 -14.506 -11.399
ARG02A0031_026   3.039 -13.881 -10.842
ARG02A0031_027   1.586 -14.392 -12.807
ARG02A0031_028   2.107 -14.210 -12.103
ARG02A0031_029   4.217 -13.589  -9.371
ARG02A0031_030   4.482 -13.643  -9.160
ARG02A0031_031   4.710 -14.102  -9.392
ARG02A0031_032   4.707 -14.066  -9.359
ARG02A0031_033   1.636 -14.472 -12.836
ARG02A0031_034   2.832 -14.299 -11.467
ARG02A0031_035   3.793 -14.159 -10.367
ARG02A0031_036   2.108 -14.635 -12.527
ARG02A0031_037   2.111 -14.838 -12.727
ARG02A0031_038   2.641 -14.273 -11.632
ARG02A0031_039   3.576 -13.910 -10.334
ARG02A0031_040   4.646 -14.711 -10.065
ARG03A0031_041   1.565 -14.344 -12.779
ARG03A0031_042   1.571 -14.536 -12.965
ARG03A0031_043   4.913 -13.958  -9.044
ARG03A0031_044   3.023 -14.013 -10.990
ARG03A0031_045   1.069 -14.699 -13.630
ARG03A0031_046   2.107 -14.210 -12.103
ARG03A0031_047   3.185 -14.187 -11.002
ARG03A0031_048   3.120 -14.394 -11.275
ARG03A0031_049   4.964 -14.130  -9.166
ARG03A0031_050   2.044 -14.838 -12.794
ARG03A0031_051   2.053 -14.683 -12.630
ARG03A0031_052   2.600 -14.273 -11.673
ARG03A0031_053   4.744 -13.472  -8.728
ARG03A0031_054   3.553 -13.910 -10.358
ARG03A0031_055   3.119 -14.377 -11.258
ARG03A0031_056   3.231 -14.463 -11.232
ARG03A0031_057   3.891 -14.220 -10.330
ARG03A0031_058   4.665 -13.669  -9.004
ARG03A0031_059   3.070 -13.895 -10.825
ARG03A0031_060   4.621 -14.711 -10.090
ARG+1A0031_061   1.026 -14.699 -13.673
ARG+1A0031_062   1.534 -14.472 -12.938
ARG+1A0031_063   2.554 -14.209 -11.655
ARG+1A0031_064   3.263 -14.582 -11.319
ARG+1A0031_065   3.077 -14.394 -11.317
ARG+1A0031_066   3.857 -14.220 -10.363
ARG+1A0031_067   4.727 -13.605  -8.879
ARG+1A0031_068   4.676 -13.540  -8.863
ARG+1A0031_069   3.504 -13.910 -10.406
ARG+1A0031_070   3.071 -14.506 -11.435
ARG+1A0031_071   5.028 -14.194  -9.166
ARG+1A0031_072   1.528 -14.392 -12.864
ARG+1A0031_073   2.006 -14.619 -12.612
ARG+1A0031_074   2.006 -14.838 -12.832
ARG+1A0031_075   2.064 -14.210 -12.147
ARG+1A0031_076   3.176 -14.251 -11.075
ARG+1A0031_077   3.023 -13.895 -10.872
ARG+1A0031_078   4.860 -13.970  -9.110
ARG+1A0031_079   2.996 -13.949 -10.953
ARG+1A0031_080   4.560 -14.711 -10.151
