CONFORMER         crg  vdw0  vdw1  tors  epol  self   occ  Hb     history    ASA
ASP01A0216_001  0.000 -4.71  1.74  3.22  0.00  0.25 0.570  00  01O000M000  1.038
ASP01A0216_002  0.000 -4.35  0.65  5.31  0.00  1.61 0.570  00  01E003M000  1.031
ASP01A0216_003  0.000 -4.71  1.74  0.50  0.00 -2.47 0.570  00  01O000M000  1.038
ASP01A0216_004  0.000 -4.38  0.69  2.59  0.00 -1.09 0.570  00  01E003M000  1.031
ASP01A0216_005  0.000 -4.34  0.25  3.58  0.00 -0.51 0.575  00  01T002M000  1.053
ASP01A0216_006  0.000 -4.29  0.45  3.57  0.00 -0.27 0.576  00  01T005M000  1.003
ASP01A0216_007  0.000 -4.01  2.73  3.62  0.00  2.34 0.568  00  01T006M000  1.012
ASP01A0216_008  0.000 -4.34  0.25  0.86  0.00 -3.23 0.575  00  01T002M000  1.053
ASP01A0216_009  0.000 -4.17  0.61  0.81  0.00 -2.75 0.576  00  01T005M000  1.009
ASP01A0216_010  0.000 -4.01  2.73  0.90  0.00 -0.38 0.568  00  01T006M000  1.012
ASP02A0216_011  0.000 -4.62  1.25  3.22  0.00 -0.14 0.570  00  02O000M000  1.050
ASP02A0216_012  0.000 -4.28  0.63  3.59  0.00 -0.06 0.576  00  02E005M000  1.003
ASP02A0216_013  0.000 -4.62  1.25  0.50  0.00 -2.86 0.570  00  02O000M000  1.050
ASP02A0216_014  0.000 -4.44  0.45  3.61  0.00 -0.39 0.575  00  02T002M000  1.046
ASP02A0216_015  0.000 -4.30  0.60  5.26  0.00  1.56 0.570  00  02T003M000  1.022
ASP02A0216_016  0.000 -4.14  2.84  3.69  0.00  2.38 0.568  00  02T006M000  1.019
ASP02A0216_017  0.000 -4.44  0.45  0.89  0.00 -3.11 0.575  00  02T002M000  1.046
ASP02A0216_018  0.000 -4.18  2.89  0.91  0.00 -0.38 0.568  00  02T006M000  1.017
ASP02A0216_019  0.000 -4.30  0.60  2.54  0.00 -1.16 0.570  00  02T003M000  1.022
ASP02A0216_020  0.000 -4.32  0.71  0.85  0.00 -2.77 0.576  00  02T005M000  1.012
ASP-1A0216_021 -1.000 -4.58  1.28  0.50  0.00 -2.80 0.570  00  -1O000M000  1.031
ASP-1A0216_022 -1.000 -4.28  0.51  2.40  0.00 -1.38 0.570  00  -1E003M000  1.015
ASP-1A0216_023 -1.000 -4.23  0.48  0.76  0.00 -2.99 0.576  00  -1E005M000  1.003
ASP-1A0216_024 -1.000 -4.02  2.43  0.85  0.00 -0.74 0.568  00  -1E006M000  1.003
