iConf CONFORMER     FL  occ    crg   Em0  pKa0 ne nH    vdw0    vdw1    tors    epol   dsolv   extra    history
00001 ASP01A0216_001 f 0.00  0.000     0  0.00  0  0  -4.714   1.871   3.222   0.990  -0.330   0.000 01O000M000t
00002 ASP01A0216_002 f 0.00  0.000     0  0.00  0  0  -4.348   0.693   5.308   0.447  -0.492   0.000 01E003M000t
00003 ASP01A0216_003 f 0.00  0.000     0  0.00  0  0  -4.714   1.871   0.502   0.201   0.464   0.000 01O000M000t
00004 ASP01A0216_004 f 0.00  0.000     0  0.00  0  0  -4.376   0.738   2.592   0.176   0.517   0.000 01E003M000t
00005 ASP01A0216_005 f 0.00  0.000     0  0.00  0  0  -4.342   0.304   3.586   0.185  -0.785   0.000 01T002M000t
00006 ASP01A0216_006 f 0.00  0.000     0  0.00  0  0  -4.291   0.497   3.571   0.080  -0.719   0.000 01T005M000t
00007 ASP01A0216_007 f 0.00  0.000     0  0.00  0  0  -4.008   2.727   3.621   0.329  -0.693   0.000 01T006M000t
00008 ASP01A0216_008 f 0.00  0.000     0  0.00  0  0  -4.342   0.304   0.866   0.161   0.535   0.000 01T002M000t
00009 ASP01A0216_009 f 0.00  0.000     0  0.00  0  0  -4.173   0.654   0.813   0.096   0.536   0.000 01T005M000t
00010 ASP01A0216_010 f 0.00  0.000     0  0.00  0  0  -4.008   2.727   0.901   0.267   0.549   0.000 01T006M000t
00011 ASP02A0216_011 f 0.00  0.000     0  0.00  0  0  -4.620   1.389   3.222   0.140  -0.599   0.000 02O000M000t
00012 ASP02A0216_012 f 0.00  0.000     0  0.00  0  0  -4.277   0.676   3.590   0.297  -0.410   0.000 02E005M000t
00013 ASP02A0216_013 f 0.00  0.000     0  0.00  0  0  -4.620   1.389   0.502   0.138   0.675   0.000 02O000M000t
00014 ASP02A0216_014 f 0.00  0.000     0  0.00  0  0  -4.445   0.505   3.611   1.012   0.063   0.000 02T002M000t
00015 ASP02A0216_015 f 0.00  0.000     0  0.00  0  0  -4.295   0.646   5.258   0.191  -0.619   0.000 02T003M000t
00016 ASP02A0216_016 f 0.00  0.000     0  0.00  0  0  -4.144   2.833   3.692   0.027  -0.207   0.000 02T006M000t
00017 ASP02A0216_017 f 0.00  0.000     0  0.00  0  0  -4.445   0.505   0.891   0.197   0.792   0.000 02T002M000t
00018 ASP02A0216_018 f 0.00  0.000     0  0.00  0  0  -4.178   2.886   0.908   0.162   0.692   0.000 02T006M000t
00019 ASP02A0216_019 f 0.00  0.000     0  0.00  0  0  -4.295   0.646   2.538   0.166   0.692   0.000 02T003M000t
00020 ASP02A0216_020 f 0.00  0.000     0  0.00  0  0  -4.322   0.744   0.847   0.153   0.655   0.000 02T005M000t
00021 ASP-1A0216_021 f 0.00 -1.000     0  4.75  0 -1  -4.579   1.408   0.502  -0.554  -0.081   0.000 -1O000M000t
00022 ASP-1A0216_022 f 0.00 -1.000     0  4.75  0 -1  -4.282   0.546   2.401  -0.248  -0.161   0.000 -1E003M000t
00023 ASP-1A0216_023 f 0.00 -1.000     0  4.75  0 -1  -4.227   0.516   0.764  -0.223  -0.116   0.000 -1E005M000t
00024 ASP-1A0216_024 f 0.00 -1.000     0  4.75  0 -1  -4.056   2.440   0.847   0.261   0.205   0.000 -1E006M000t
