   confID        vdw0    sas     sum
ASP01A0216_001   0.027  -4.741  -4.714
ASP01A0216_002   0.204  -4.553  -4.348
ASP01A0216_003   0.027  -4.741  -4.714
ASP01A0216_004   0.199  -4.574  -4.376
ASP01A0216_005   0.260  -4.602  -4.342
ASP01A0216_006   0.262  -4.552  -4.291
ASP01A0216_007   0.275  -4.283  -4.008
ASP01A0216_008   0.260  -4.602  -4.342
ASP01A0216_009   0.238  -4.411  -4.173
ASP01A0216_010   0.275  -4.283  -4.008
ASP02A0216_011   0.085  -4.705  -4.620
ASP02A0216_012   0.196  -4.473  -4.277
ASP02A0216_013   0.085  -4.705  -4.620
ASP02A0216_014   0.200  -4.645  -4.445
ASP02A0216_015   0.261  -4.556  -4.295
ASP02A0216_016   0.236  -4.380  -4.144
ASP02A0216_017   0.200  -4.645  -4.445
ASP02A0216_018   0.228  -4.406  -4.178
ASP02A0216_019   0.261  -4.556  -4.295
ASP02A0216_020   0.189  -4.511  -4.322
ASP-1A0216_021   0.025  -4.604  -4.579
ASP-1A0216_022   0.179  -4.461  -4.282
ASP-1A0216_023   0.166  -4.392  -4.227
ASP-1A0216_024   0.194  -4.250  -4.056
