CONFORMER         crg  vdw0  vdw1  tors  epol  self   occ  Hb     history    ASA
GLU01A0135_001  0.000 -2.28  0.22  3.10  0.00  1.04 0.532  00  01O000M000  1.006
GLU01A0135_002  0.000 -2.72  1.21  3.08  0.00  1.57 0.528  00  01E003M000  1.010
GLU01A0135_003  0.000 -2.31  0.22  0.38  0.00 -1.71 0.532  00  01O000M000  1.011
GLU01A0135_004  0.000 -3.55  1.64  0.58  0.00 -1.32 0.530  00  01E00DM000  1.033
GLU01A0135_005  0.000 -3.80  0.25  3.63  0.00  0.07 0.534  00  01T005M000  1.019
GLU01A0135_006  0.000 -3.77  1.05  3.63  0.00  0.90 0.534  00  01T007M000  1.000
GLU01A0135_007  0.000 -3.90  1.75  3.62  0.00  1.48 0.532  00  01T009M000  1.022
GLU01A0135_008  0.000 -3.93  0.42  6.09  0.00  2.58 0.531  00  01T00EM000  1.003
GLU01A0135_009  0.000 -3.16  0.95  3.17  0.00  0.96 0.529  00  01T006M000  1.008
GLU01A0135_010  0.000 -3.16  1.60  3.16  0.00  1.60 0.528  00  01T008M000  1.022
GLU01A0135_011  0.000 -3.80  0.02  3.56  0.00 -0.22 0.532  00  01T00AM000  1.011
GLU01A0135_012  0.000 -3.95  2.50  3.48  0.00  2.03 0.532  00  01T00BM000  1.075
GLU01A0135_013  0.000 -3.67  3.01  3.47  0.00  2.81 0.533  00  01T00CM000  1.008
GLU01A0135_014  0.000 -3.69  1.64  3.29  0.00  1.25 0.530  00  01T00DM000  1.063
GLU01A0135_015  0.000 -3.46  0.69  5.68  0.00  2.91 0.531  00  01T00FM000  1.016
GLU01A0135_016  0.000 -2.40  0.99  0.29  0.00 -1.12 0.534  00  01T001M000  1.029
GLU01A0135_017  0.000 -3.69  2.99  0.75  0.00  0.05 0.533  00  01T00CM000  1.008
GLU01A0135_018  0.000 -2.81  1.11  0.36  0.00 -1.35 0.528  00  01T003M000  1.003
GLU01A0135_019  0.000 -3.20  1.60  0.44  0.00 -1.15 0.528  00  01T008M000  1.030
GLU01A0135_020  0.000 -3.80  0.02  0.84  0.00 -2.94 0.532  00  01T00AM000  1.011
GLU01A0135_021  0.000 -3.95  2.50  0.76  0.00 -0.69 0.532  00  01T00BM000  1.075
GLU01A0135_022  0.000 -3.82  0.53  3.28  0.00 -0.01 0.531  00  01T00EM000  1.003
GLU01A0135_023  0.000 -3.46  0.69  2.96  0.00  0.19 0.531  00  01T00FM000  1.016
GLU02A0135_024  0.000 -2.66  0.23  3.10  0.00  0.66 0.532  00  02O000M000  1.003
GLU02A0135_025  0.000 -3.39  0.96  3.22  0.00  0.79 0.529  00  02E006M000  1.011
GLU02A0135_026  0.000 -3.82  2.64  3.47  0.00  2.29 0.533  00  02E00CM000  1.022
GLU02A0135_027  0.000 -3.77  1.69  3.39  0.00  1.31 0.530  00  02E00DM000  1.053
GLU02A0135_028  0.000 -2.66  0.23  0.38  0.00 -2.06 0.532  00  02O000M000  1.003
GLU02A0135_029  0.000 -3.04  0.92  0.36  0.00 -1.76 0.528  00  02E003M000  1.003
GLU02A0135_030  0.000 -3.56  1.04  0.83  0.00 -1.69 0.534  00  02E007M000  1.012
GLU02A0135_031  0.000 -2.68  1.64  3.00  0.00  1.96 0.530  00  02T002M000  1.000
GLU02A0135_032  0.000 -3.63  0.24  3.69  0.00  0.30 0.534  00  02T005M000  1.008
GLU02A0135_033  0.000 -3.66  1.74  3.70  0.00  1.78 0.532  00  02T009M000  1.000
GLU02A0135_034  0.000 -3.71  0.02  3.66  0.00 -0.03 0.532  00  02T00AM000  1.014
GLU02A0135_035  0.000 -4.09  2.09  3.48  0.00  1.49 0.532  00  02T00BM000  1.042
GLU02A0135_036  0.000 -4.01  0.52  6.07  0.00  2.58 0.531  00  02T00EM000  1.014
GLU02A0135_037  0.000 -3.68  0.63  5.69  0.00  2.65 0.531  00  02T00FM000  1.016
GLU02A0135_038  0.000 -3.04  0.92  3.08  0.00  0.96 0.528  00  02T003M000  1.003
GLU02A0135_039  0.000 -3.53  1.04  3.54  0.00  1.05 0.534  00  02T007M000  1.008
GLU02A0135_040  0.000 -2.71  1.64  0.28  0.00 -0.79 0.530  00  02T002M000  1.006
GLU02A0135_041  0.000 -4.02  2.52  0.71  0.00 -0.78 0.532  00  02T00BM000  1.043
GLU02A0135_042  0.000 -3.75  3.00  0.71  0.00 -0.05 0.533  00  02T00CM000  1.022
GLU02A0135_043  0.000 -3.86  1.59  0.55  0.00 -1.71 0.530  00  02T00DM000  1.043
GLU02A0135_044  0.000 -3.94  0.59  3.30  0.00 -0.06 0.531  00  02T00EM000  1.008
GLU02A0135_045  0.000 -3.41  0.70  2.94  0.00  0.23 0.531  00  02T00FM000  1.017
GLU-1A0135_046 -1.000 -2.65  0.24  0.38  0.00 -2.03 0.532  00  -1O000M000  1.000
GLU-1A0135_047 -1.000 -2.69  1.65  0.28  0.00 -0.76 0.530  00  -1E002M000  1.008
GLU-1A0135_048 -1.000 -3.04  0.98  0.34  0.00 -1.72 0.528  00  -1E003M000  1.010
GLU-1A0135_049 -1.000 -3.73  1.05  0.87  0.00 -1.80 0.534  00  -1E007M000  1.008
GLU-1A0135_050 -1.000 -4.07  2.36  0.72  0.00 -0.99 0.532  00  -1E00BM000  1.058
GLU-1A0135_051 -1.000 -3.82  2.85  0.72  0.00 -0.26 0.533  00  -1E00CM000  1.007
GLU-1A0135_052 -1.000 -3.78  1.54  0.57  0.00 -1.67 0.530  00  -1E00DM000  1.053
GLU-1A0135_053 -1.000 -3.88  0.50  3.31  0.00 -0.07 0.531  00  -1E00EM000  1.008
GLU-1A0135_054 -1.000 -3.43  0.68  2.95  0.00  0.20 0.531  00  -1E00FM000  1.017
