   confID        vdw0    sas     sum
GLU01A0135_001   2.243  -4.525  -2.282
GLU01A0135_002   2.030  -4.752  -2.722
GLU01A0135_003   2.243  -4.551  -2.308
GLU01A0135_004   1.263  -4.809  -3.546
GLU01A0135_005   0.820  -4.620  -3.800
GLU01A0135_006   0.811  -4.584  -3.773
GLU01A0135_007   0.816  -4.716  -3.899
GLU01A0135_008   0.795  -4.728  -3.933
GLU01A0135_009   1.466  -4.627  -3.161
GLU01A0135_010   1.465  -4.625  -3.160
GLU01A0135_011   0.996  -4.801  -3.804
GLU01A0135_012   1.105  -5.032  -3.928
GLU01A0135_013   1.081  -4.749  -3.668
GLU01A0135_014   1.268  -4.950  -3.683
GLU01A0135_015   1.417  -4.883  -3.466
GLU01A0135_016   2.178  -4.570  -2.392
GLU01A0135_017   1.075  -4.749  -3.674
GLU01A0135_018   1.976  -4.804  -2.827
GLU01A0135_019   1.465  -4.664  -3.199
GLU01A0135_020   0.996  -4.801  -3.804
GLU01A0135_021   1.105  -5.032  -3.928
GLU01A0135_022   0.840  -4.657  -3.818
GLU01A0135_023   1.417  -4.883  -3.466
GLU02A0135_024   1.796  -4.461  -2.665
GLU02A0135_025   1.198  -4.584  -3.386
GLU02A0135_026   0.986  -4.810  -3.824
GLU02A0135_027   1.054  -4.821  -3.767
GLU02A0135_028   1.796  -4.461  -2.665
GLU02A0135_029   1.618  -4.655  -3.038
GLU02A0135_030   0.954  -4.500  -3.546
GLU02A0135_031   1.791  -4.472  -2.681
GLU02A0135_032   0.916  -4.553  -3.637
GLU02A0135_033   0.917  -4.581  -3.664
GLU02A0135_034   0.962  -4.675  -3.712
GLU02A0135_035   1.011  -5.092  -4.082
GLU02A0135_036   0.828  -4.839  -4.011
GLU02A0135_037   1.204  -4.884  -3.680
GLU02A0135_038   1.617  -4.655  -3.039
GLU02A0135_039   0.954  -4.483  -3.529
GLU02A0135_040   1.790  -4.498  -2.707
GLU02A0135_041   1.025  -5.045  -4.020
GLU02A0135_042   1.004  -4.758  -3.755
GLU02A0135_043   1.107  -4.963  -3.857
GLU02A0135_044   0.911  -4.856  -3.945
GLU02A0135_045   1.262  -4.663  -3.401
GLU-1A0135_046   1.718  -4.367  -2.648
GLU-1A0135_047   1.713  -4.401  -2.688
GLU-1A0135_048   1.543  -4.584  -3.041
GLU-1A0135_049   0.741  -4.435  -3.694
GLU-1A0135_050   0.892  -4.963  -4.071
GLU-1A0135_051   0.868  -4.691  -3.823
GLU-1A0135_052   0.966  -4.743  -3.777
GLU-1A0135_053   0.696  -4.572  -3.876
GLU-1A0135_054   1.113  -4.541  -3.428
