CONFORMER         crg  vdw0  vdw1  tors  epol  self   occ  Hb     history    ASA
ASP01A0210_001  0.000 -4.38  2.42  2.93  0.00  0.96 0.572  00  01O000M000  1.015
ASP01A0210_002  0.000 -4.38  2.41  0.21  0.00 -1.76 0.572  00  01O000M000  1.015
ASP01A0210_003  0.000 -4.18  2.78  0.91  0.00 -0.49 0.573  00  01E006M000  1.035
ASP01A0210_004  0.000 -4.17  0.68  3.61  0.00  0.13 0.573  00  01T003M000  1.012
ASP01A0210_005  0.000 -4.31  0.21  3.61  0.00 -0.50 0.566  00  01T005M000  1.000
ASP01A0210_006  0.000 -4.51  1.43  2.83  0.00 -0.25 0.571  00  01T001M000  1.000
ASP01A0210_007  0.000 -4.18  2.78  3.63  0.00  2.23 0.573  00  01T006M000  1.035
ASP01A0210_008  0.000 -4.31  0.21  0.89  0.00 -3.22 0.566  00  01T005M000  1.000
ASP02A0210_009  0.000 -4.31  1.79  2.93  0.00  0.41 0.572  00  02O000M000  1.015
ASP02A0210_010  0.000 -4.33  1.02  2.83  0.00 -0.47 0.571  00  02E001M000  1.000
ASP02A0210_011  0.000 -4.18  1.02  3.62  0.00  0.45 0.573  00  02E003M000  1.012
ASP02A0210_012  0.000 -4.15  0.31  3.67  0.00 -0.17 0.566  00  02E005M000  1.000
ASP02A0210_013  0.000 -4.31  1.79  0.21  0.00 -2.31 0.572  00  02O000M000  1.015
ASP02A0210_014  0.000 -4.36  2.99  3.66  0.00  2.30 0.573  00  02T006M000  1.016
ASP02A0210_015  0.000 -4.33  1.01  0.12  0.00 -3.20 0.571  00  02T001M000  1.000
ASP02A0210_016  0.000 -4.36  2.99  0.94  0.00 -0.42 0.573  00  02T006M000  1.016
ASP-1A0210_017 -1.000 -4.19  1.82  0.21  0.00 -2.16 0.572  00  -1O000M000  1.015
ASP-1A0210_018 -1.000 -4.41  1.06  0.11  0.00 -3.24 0.571  00  -1E001M000  1.000
ASP-1A0210_019 -1.000 -4.23  2.64  0.91  0.00 -0.69 0.573  00  -1E006M000  1.022
