iConf CONFORMER     FL  occ    crg   Em0  pKa0 ne nH    vdw0    vdw1    tors    epol   dsolv   extra    history
00001 ASP01A0210_001 f 0.00  0.000     0  0.00  0  0  -4.370   2.547   2.931   1.515  -0.092   0.000 01O000M000t
00002 ASP01A0210_002 f 0.00  0.000     0  0.00  0  0  -4.382   2.547   0.211   0.076   0.571   0.000 01O000M000t
00003 ASP01A0210_003 f 0.00  0.000     0  0.00  0  0  -4.179   2.779   0.913   0.073   0.533   0.000 01E006M000t
00004 ASP01A0210_004 f 0.00  0.000     0  0.00  0  0  -4.170   0.739   3.614   0.283  -0.605   0.000 01T003M000t
00005 ASP01A0210_005 f 0.00  0.000     0  0.00  0  0  -4.308   0.247   3.608   0.119  -0.708   0.000 01T005M000t
00006 ASP01A0210_006 f 0.00  0.000     0  0.00  0  0  -4.512   1.542   2.833   0.511  -0.397   0.000 01T001M000t
00007 ASP01A0210_007 f 0.00  0.000     0  0.00  0  0  -4.179   2.779   3.633   0.115  -0.687   0.000 01T006M000t
00008 ASP01A0210_008 f 0.00  0.000     0  0.00  0  0  -4.308   0.247   0.888   0.139   0.522   0.000 01T005M000t
00009 ASP02A0210_009 f 0.00  0.000     0  0.00  0  0  -4.309   1.925   2.931   0.036  -0.555   0.000 02O000M000t
00010 ASP02A0210_010 f 0.00  0.000     0  0.00  0  0  -4.328   1.140   2.831   0.049  -0.513   0.000 02E001M000t
00011 ASP02A0210_011 f 0.00  0.000     0  0.00  0  0  -4.184   1.074   3.620   0.291  -0.273   0.000 02E003M000t
00012 ASP02A0210_012 f 0.00  0.000     0  0.00  0  0  -4.153   0.348   3.671   0.281  -0.487   0.000 02E005M000t
00013 ASP02A0210_013 f 0.00  0.000     0  0.00  0  0  -4.309   1.925   0.211  -0.005   0.747   0.000 02O000M000t
00014 ASP02A0210_014 f 0.00  0.000     0  0.00  0  0  -4.358   2.991   3.660   0.059  -0.156   0.000 02T006M000t
00015 ASP02A0210_015 f 0.00  0.000     0  0.00  0  0  -4.326   1.125   0.117   0.046   0.743   0.000 02T001M000t
00016 ASP02A0210_016 f 0.00  0.000     0  0.00  0  0  -4.358   2.991   0.940   0.077   0.726   0.000 02T006M000t
00017 ASP-1A0210_017 f 0.00 -1.000     0  4.75  0 -1  -4.188   1.948   0.211  -0.626  -0.029   0.000 -1O000M000t
00018 ASP-1A0210_018 f 0.00 -1.000     0  4.75  0 -1  -4.406   1.173   0.107  -0.292  -0.135   0.000 -1E001M000t
00019 ASP-1A0210_019 f 0.00 -1.000     0  4.75  0 -1  -4.231   2.638   0.905   0.349   0.116   0.000 -1E006M000t
