   confID        vdw0    sas     sum
ASP01A0210_001   0.051  -4.421  -4.370
ASP01A0210_002   0.052  -4.434  -4.382
ASP01A0210_003   0.288  -4.467  -4.179
ASP01A0210_004   0.287  -4.456  -4.170
ASP01A0210_005   0.283  -4.591  -4.308
ASP01A0210_006   0.047  -4.559  -4.512
ASP01A0210_007   0.288  -4.467  -4.179
ASP01A0210_008   0.283  -4.591  -4.308
ASP02A0210_009   0.117  -4.426  -4.309
ASP02A0210_010   0.114  -4.441  -4.328
ASP02A0210_011   0.249  -4.433  -4.184
ASP02A0210_012   0.223  -4.376  -4.153
ASP02A0210_013   0.117  -4.426  -4.309
ASP02A0210_014   0.260  -4.618  -4.358
ASP02A0210_015   0.115  -4.441  -4.326
ASP02A0210_016   0.260  -4.618  -4.358
ASP-1A0210_017   0.049  -4.237  -4.188
ASP-1A0210_018   0.046  -4.453  -4.406
ASP-1A0210_019   0.212  -4.443  -4.231
