CONFORMER         crg  vdw0  vdw1  tors  epol  self   occ  Hb     history    ASA
LYS01A0233_001  0.000-11.82  0.32  0.88  0.00-10.62 0.501  00  01O000M000  1.000
LYS01A0233_002  0.000-11.08  1.09  4.05  0.00 -5.94 0.501  00  01E02CM000  1.000
LYS01A0233_003  0.000-10.94  1.12  4.28  0.00 -5.54 0.502  00  01E08BM000  1.000
LYS01A0233_004  0.000-10.71  1.73  4.15  0.00 -4.83 0.502  00  01E09BM000  1.000
LYS01A0233_005  0.000 -9.67  0.94  4.24  0.00 -4.48 0.501  00  01E0C0M000  1.000
LYS01A0233_006  0.000 -9.43  0.80  3.71  0.00 -4.92 0.501  00  01E0D8M000  1.000
LYS01A0233_007  0.000 -9.78  0.77  1.49  0.00 -7.52 0.501  00  01E0DCM000  1.000
LYS01A0233_008  0.000 -7.16  0.49  2.15  0.00 -4.52 0.501  00  01E0EFM000  1.000
LYS01A0233_009  0.000 -7.46  0.45  4.89  0.00 -2.12 0.502  00  01E110M000  1.000
LYS01A0233_010  0.000 -7.39  0.64  4.94  0.00 -1.81 0.501  00  01E135M000  1.000
LYS01A0233_011  0.000 -8.93  1.27  1.55  0.00 -6.11 0.501  00  01E14AM000  1.000
LYS01A0233_012  0.000 -8.14  1.22  2.14  0.00 -4.78 0.501  00  01T040M000  1.000
LYS01A0233_013  0.000 -8.36  0.91  2.14  0.00 -5.30 0.501  00  01T043M000  1.000
LYS01A0233_014  0.000-10.97  3.70  3.46  0.00 -3.81 0.501  00  01T060M000  1.000
LYS01A0233_015  0.000-11.06  4.44  3.46  0.00 -3.16 0.500  00  01T068M000  1.000
LYS01A0233_016  0.000-10.79  0.94  0.85  0.00 -9.00 0.501  00  01T06AM000  1.000
LYS01A0233_017  0.000-10.14  0.28  4.29  0.00 -5.57 0.502  00  01T0B3M000  1.000
LYS01A0233_018  0.000 -8.92  0.78  0.90  0.00 -7.25 0.502  00  01T0C5M000  1.000
LYS01A0233_019  0.000 -7.14  0.83  4.95  0.00 -1.36 0.502  00  01T11EM000  1.000
LYS01A0233_020  0.000 -6.79  1.15  2.13  0.00 -3.51 0.501  00  01T12CM000  1.000
LYS+1A0233_021  1.000-11.87  0.32  0.88  0.00-10.67 0.501  00  +1O000M000  1.000
LYS+1A0233_022  1.000 -8.20  1.21  2.15  0.00 -4.85 0.501  00  +1E040M000  1.000
LYS+1A0233_023  1.000 -8.41  0.92  2.14  0.00 -5.35 0.501  00  +1E043M000  1.000
LYS+1A0233_024  1.000-11.00  3.69  3.46  0.00 -3.84 0.501  00  +1E060M000  1.000
LYS+1A0233_025  1.000-11.14  4.43  3.46  0.00 -3.25 0.500  00  +1E068M000  1.000
LYS+1A0233_026  1.000-10.86  0.95  0.85  0.00 -9.06 0.501  00  +1E06AM000  1.000
LYS+1A0233_027  1.000-10.97  1.13  4.28  0.00 -5.56 0.502  00  +1E08BM000  1.000
LYS+1A0233_028  1.000-10.71  1.73  4.15  0.00 -4.83 0.502  00  +1E09BM000  1.000
LYS+1A0233_029  1.000 -9.92  0.78  1.50  0.00 -7.65 0.501  00  +1E0DCM000  1.000
LYS+1A0233_030  1.000 -6.88  1.15  2.13  0.00 -3.60 0.501  00  +1E12CM000  1.000
LYS+1A0233_031  1.000 -7.37  0.63  4.95  0.00 -1.80 0.501  00  +1E135M000  1.000
LYS+1A0233_032  1.000-11.13  1.09  4.05  0.00 -5.98 0.501  00  +1T02CM000  1.000
LYS+1A0233_033  1.000-10.19  0.28  4.29  0.00 -5.62 0.502  00  +1T0B3M000  1.000
LYS+1A0233_034  1.000 -9.68  0.94  4.24  0.00 -4.50 0.501  00  +1T0C0M000  1.000
LYS+1A0233_035  1.000 -8.99  0.77  0.90  0.00 -7.32 0.502  00  +1T0C5M000  1.000
LYS+1A0233_036  1.000 -9.55  0.80  3.71  0.00 -5.03 0.501  00  +1T0D8M000  1.000
LYS+1A0233_037  1.000 -7.24  0.49  2.14  0.00 -4.60 0.501  00  +1T0EFM000  1.000
LYS+1A0233_038  1.000 -7.53  0.44  4.90  0.00 -2.19 0.502  00  +1T110M000  1.000
LYS+1A0233_039  1.000 -7.24  0.81  4.95  0.00 -1.48 0.502  00  +1T11EM000  1.000
LYS+1A0233_040  1.000 -9.03  1.26  1.55  0.00 -6.22 0.501  00  +1T14AM000  1.000
