iConf CONFORMER     FL  occ    crg   Em0  pKa0 ne nH    vdw0    vdw1    tors    epol   dsolv   extra    history
00001 LYS01A0233_001 f 0.00  0.000     0  0.00  0  0 -11.824   0.317   0.884  -0.008   0.069   0.000 01O000M000t
00002 LYS01A0233_002 f 0.00  0.000     0  0.00  0  0 -11.086   1.093   4.050  -0.014  -0.041   0.000 01E02CM000t
00003 LYS01A0233_003 f 0.00  0.000     0  0.00  0  0 -10.933   1.117   4.280  -0.029  -0.037   0.000 01E08BM000t
00004 LYS01A0233_004 f 0.00  0.000     0  0.00  0  0 -10.762   1.732   4.145  -0.021  -0.040   0.000 01E09BM000t
00005 LYS01A0233_005 f 0.00  0.000     0  0.00  0  0  -9.664   0.937   4.243  -0.007  -0.205   0.000 01E0C0M000t
00006 LYS01A0233_006 f 0.00  0.000     0  0.00  0  0  -9.492   0.798   3.712  -0.018  -0.163   0.000 01E0D8M000t
00007 LYS01A0233_007 f 0.00  0.000     0  0.00  0  0  -9.735   0.773   1.495  -0.035   0.091   0.000 01E0DCM000t
00008 LYS01A0233_008 f 0.00  0.000     0  0.00  0  0  -7.177   0.499   2.146  -0.021   0.040   0.000 01E0EFM000t
00009 LYS01A0233_009 f 0.00  0.000     0  0.00  0  0  -7.491   0.445   4.892  -0.013  -0.022   0.000 01E110M000t
00010 LYS01A0233_010 f 0.00  0.000     0  0.00  0  0  -7.391   0.640   4.944  -0.132  -0.021   0.000 01E135M000t
00011 LYS01A0233_011 f 0.00  0.000     0  0.00  0  0  -8.932   1.267   1.551  -0.040   0.164   0.000 01E14AM000t
00012 LYS01A0233_012 f 0.00  0.000     0  0.00  0  0  -8.124   1.215   2.141  -0.020  -0.048   0.000 01T040M000t
00013 LYS01A0233_013 f 0.00  0.000     0  0.00  0  0  -8.368   0.915   2.142  -0.054   0.019   0.000 01T043M000t
00014 LYS01A0233_014 f 0.00  0.000     0  0.00  0  0 -11.026   3.707   3.461  -0.013   0.041   0.000 01T060M000t
00015 LYS01A0233_015 f 0.00  0.000     0  0.00  0  0 -11.008   4.445   3.460  -0.022   0.094   0.000 01T068M000t
00016 LYS01A0233_016 f 0.00  0.000     0  0.00  0  0 -10.790   0.944   0.852  -0.016  -0.016   0.000 01T06AM000t
00017 LYS01A0233_017 f 0.00  0.000     0  0.00  0  0 -10.144   0.285   4.288  -0.009   0.064   0.000 01T0B3M000t
00018 LYS01A0233_018 f 0.00  0.000     0  0.00  0  0  -8.929   0.778   0.900  -0.015   0.205   0.000 01T0C5M000t
00019 LYS01A0233_019 f 0.00  0.000     0  0.00  0  0  -7.143   0.826   4.945   0.034  -0.094   0.000 01T11EM000t
00020 LYS01A0233_020 f 0.00  0.000     0  0.00  0  0  -6.792   1.153   2.130  -0.017   0.104   0.000 01T12CM000t
00021 LYS+1A0233_021 f 0.00  1.000     0 10.40  0  1 -11.869   0.317   0.884   0.047  -0.346   0.000 +1O000M000t
00022 LYS+1A0233_022 f 0.00  1.000     0 10.40  0  1  -8.200   1.215   2.145   0.060  -0.254   0.000 +1E040M000t
00023 LYS+1A0233_023 f 0.00  1.000     0 10.40  0  1  -8.410   0.914   2.143   0.154  -0.163   0.000 +1E043M000t
00024 LYS+1A0233_024 f 0.00  1.000     0 10.40  0  1 -11.001   3.700   3.461  -0.004  -0.036   0.000 +1E060M000t
00025 LYS+1A0233_025 f 0.00  1.000     0 10.40  0  1 -11.085   4.435   3.460   0.069  -0.107   0.000 +1E068M000t
00026 LYS+1A0233_026 f 0.00  1.000     0 10.40  0  1 -10.863   0.947   0.853   0.093  -0.290   0.000 +1E06AM000t
00027 LYS+1A0233_027 f 0.00  1.000     0 10.40  0  1 -10.968   1.131   4.284   0.102  -0.345   0.000 +1E08BM000t
00028 LYS+1A0233_028 f 0.00  1.000     0 10.40  0  1 -10.714   1.731   4.147   0.094   0.035   0.000 +1E09BM000t
00029 LYS+1A0233_029 f 0.00  1.000     0 10.40  0  1  -9.923   0.778   1.497   0.088   0.225   0.000 +1E0DCM000t
00030 LYS+1A0233_030 f 0.00  1.000     0 10.40  0  1  -6.876   1.150   2.130   0.001   0.062   0.000 +1E12CM000t
00031 LYS+1A0233_031 f 0.00  1.000     0 10.40  0  1  -7.368   0.629   4.946   0.131   0.183   0.000 +1E135M000t
00032 LYS+1A0233_032 f 0.00  1.000     0 10.40  0  1 -11.129   1.097   4.052   0.066  -0.460   0.000 +1T02CM000t
00033 LYS+1A0233_033 f 0.00  1.000     0 10.40  0  1 -10.193   0.282   4.289   0.081  -0.161   0.000 +1T0B3M000t
00034 LYS+1A0233_034 f 0.00  1.000     0 10.40  0  1  -9.723   0.939   4.244   0.050  -0.143   0.000 +1T0C0M000t
00035 LYS+1A0233_035 f 0.00  1.000     0 10.40  0  1  -9.036   0.767   0.903   0.082   0.192   0.000 +1T0C5M000t
00036 LYS+1A0233_036 f 0.00  1.000     0 10.40  0  1  -9.551   0.804   3.712   0.076  -0.013   0.000 +1T0D8M000t
00037 LYS+1A0233_037 f 0.00  1.000     0 10.40  0  1  -7.241   0.493   2.145   0.065   0.211   0.000 +1T0EFM000t
00038 LYS+1A0233_038 f 0.00  1.000     0 10.40  0  1  -7.530   0.444   4.896   0.036  -0.238   0.000 +1T110M000t
00039 LYS+1A0233_039 f 0.00  1.000     0 10.40  0  1  -7.245   0.814   4.945   0.055   0.064   0.000 +1T11EM000t
00040 LYS+1A0233_040 f 0.00  1.000     0 10.40  0  1  -9.033   1.263   1.551   0.097   0.153   0.000 +1T14AM000t
