CONFORMER         crg  vdw0  vdw1  tors  epol  self   occ  Hb     history    ASA
ASP01A0019_001  0.000 -4.28  1.63  3.89  0.00  1.24 0.556  00  01O000M000  1.003
ASP01A0019_002  0.000 -4.24  1.85  4.05  0.00  1.66 0.555  00  01E001M000  1.016
ASP01A0019_003  0.000 -4.25  1.45  3.38  0.00  0.58 0.558  00  01E005M000  1.012
ASP01A0019_004  0.000 -4.21  0.60  5.14  0.00  1.52 0.557  00  01E008M000  1.000
ASP01A0019_005  0.000 -4.28  1.63  1.17  0.00 -1.48 0.556  00  01O000M000  1.003
ASP01A0019_006  0.000 -3.96  1.23  1.68  0.00 -1.04 0.555  00  01E004M000  1.003
ASP01A0019_007  0.000 -4.05  0.48  1.66  0.00 -1.91 0.557  00  01E006M000  1.006
ASP01A0019_008  0.000 -4.26  0.02  4.35  0.00  0.11 0.559  00  01T003M000  1.008
ASP01A0019_009  0.000 -3.96  1.23  4.40  0.00  1.68 0.555  00  01T004M000  1.003
ASP01A0019_010  0.000 -4.24  1.85  1.30  0.00 -1.09 0.555  00  01T001M000  1.016
ASP01A0019_011  0.000 -4.26  0.02  1.63  0.00 -2.61 0.559  00  01T003M000  1.008
ASP02A0019_012  0.000 -4.54  2.16  3.89  0.00  1.51 0.556  00  02O000M000  1.014
ASP02A0019_013  0.000 -4.17  0.01  4.35  0.00  0.19 0.559  00  02E003M000  1.006
ASP02A0019_014  0.000 -4.19  0.37  4.32  0.00  0.50 0.557  00  02E006M000  1.011
ASP02A0019_015  0.000 -4.67  2.45  4.29  0.00  2.08 0.549  00  02E007M000  1.058
ASP02A0019_016  0.000 -4.54  2.16  1.17  0.00 -1.21 0.556  00  02O000M000  1.014
ASP02A0019_017  0.000 -3.98  1.21  4.41  0.00  1.64 0.555  00  02T004M000  1.003
ASP02A0019_018  0.000 -4.23  0.01  1.63  0.00 -2.59 0.559  00  02T003M000  1.020
ASP02A0019_019  0.000 -4.19  0.37  1.60  0.00 -2.22 0.557  00  02T006M000  1.011
ASP02A0019_020  0.000 -4.67  2.46  1.55  0.00 -0.66 0.549  00  02T007M000  1.058
ASP02A0019_021  0.000 -3.98  1.21  1.69  0.00 -1.08 0.555  00  02T004M000  1.003
ASP-1A0019_022 -1.000 -4.28  1.65  1.17  0.00 -1.46 0.556  00  -1O000M000  1.003
ASP-1A0019_023 -1.000 -3.98  1.08  1.56  0.00 -1.35 0.555  00  -1E004M000  1.000
ASP-1A0019_024 -1.000 -4.21  1.53  0.58  0.00 -2.09 0.558  00  -1E005M000  1.012
