iConf CONFORMER     FL  occ    crg   Em0  pKa0 ne nH    vdw0    vdw1    tors    epol   dsolv   extra    history
00001 ASP01A0019_001 f 0.00  0.000     0  0.00  0  0  -4.279   1.626   3.892   0.124  -0.765   0.000 01O000M000t
00002 ASP01A0019_002 f 0.00  0.000     0  0.00  0  0  -4.245   1.851   4.049   0.129  -0.776   0.000 01E001M000t
00003 ASP01A0019_003 f 0.00  0.000     0  0.00  0  0  -4.249   1.452   3.383   0.171  -0.727   0.000 01E005M000t
00004 ASP01A0019_004 f 0.00  0.000     0  0.00  0  0  -4.214   0.596   5.142   0.558  -0.889   0.000 01E008M000t
00005 ASP01A0019_005 f 0.00  0.000     0  0.00  0  0  -4.279   1.626   1.172   0.124   0.451   0.000 01O000M000t
00006 ASP01A0019_006 f 0.00  0.000     0  0.00  0  0  -3.956   1.232   1.680   0.130   0.416   0.000 01E004M000t
00007 ASP01A0019_007 f 0.00  0.000     0  0.00  0  0  -4.054   0.480   1.656   0.420   0.610   0.000 01E006M000t
00008 ASP01A0019_008 f 0.00  0.000     0  0.00  0  0  -4.256   0.019   4.346   0.266  -1.091   0.000 01T003M000t
00009 ASP01A0019_009 f 0.00  0.000     0  0.00  0  0  -3.954   1.232   4.400   0.254  -0.604   0.000 01T004M000t
00010 ASP01A0019_010 f 0.00  0.000     0  0.00  0  0  -4.245   1.854   1.304   0.134   0.486   0.000 01T001M000t
00011 ASP01A0019_011 f 0.00  0.000     0  0.00  0  0  -4.256   0.019   1.626   0.156   0.275   0.000 01T003M000t
00012 ASP02A0019_012 f 0.00  0.000     0  0.00  0  0  -4.537   2.157   3.892   0.429  -0.209   0.000 02O000M000t
00013 ASP02A0019_013 f 0.00  0.000     0  0.00  0  0  -4.169   0.010   4.350   0.186  -0.165   0.000 02E003M000t
00014 ASP02A0019_014 f 0.00  0.000     0  0.00  0  0  -4.188   0.366   4.324   0.536  -0.860   0.000 02E006M000t
00015 ASP02A0019_015 f 0.00  0.000     0  0.00  0  0  -4.669   2.455   4.295   0.544  -0.260   0.000 02E007M000t
00016 ASP02A0019_016 f 0.00  0.000     0  0.00  0  0  -4.537   2.157   1.172   0.179   0.688   0.000 02O000M000t
00017 ASP02A0019_017 f 0.00  0.000     0  0.00  0  0  -3.976   1.206   4.407   0.046  -0.323   0.000 02T004M000t
00018 ASP02A0019_018 f 0.00  0.000     0  0.00  0  0  -4.233   0.010   1.630   0.171   0.799   0.000 02T003M000t
00019 ASP02A0019_019 f 0.00  0.000     0  0.00  0  0  -4.187   0.367   1.601   0.444   0.594   0.000 02T006M000t
00020 ASP02A0019_020 f 0.00  0.000     0  0.00  0  0  -4.669   2.456   1.553   0.294   0.664   0.000 02T007M000t
00021 ASP02A0019_021 f 0.00  0.000     0  0.00  0  0  -3.976   1.206   1.687   0.087   0.674   0.000 02T004M000t
00022 ASP-1A0019_022 f 0.00 -1.000     0  4.75  0 -1  -4.279   1.646   1.172  -0.277  -0.093   0.000 -1O000M000t
00023 ASP-1A0019_023 f 0.00 -1.000     0  4.75  0 -1  -3.983   1.074   1.558   0.134   0.161   0.000 -1E004M000t
00024 ASP-1A0019_024 f 0.00 -1.000     0  4.75  0 -1  -4.204   1.531   0.583  -0.726  -0.013   0.000 -1E005M000t
