   confID        vdw0    sas     sum
ASP01A0019_001   0.236  -4.515  -4.279
ASP01A0019_002   0.197  -4.442  -4.245
ASP01A0019_003   0.242  -4.492  -4.249
ASP01A0019_004   0.317  -4.530  -4.214
ASP01A0019_005   0.236  -4.515  -4.279
ASP01A0019_006   0.390  -4.345  -3.956
ASP01A0019_007   0.398  -4.452  -4.054
ASP01A0019_008   0.372  -4.628  -4.256
ASP01A0019_009   0.391  -4.345  -3.954
ASP01A0019_010   0.197  -4.442  -4.245
ASP01A0019_011   0.372  -4.628  -4.256
ASP02A0019_012   0.148  -4.685  -4.537
ASP02A0019_013   0.352  -4.521  -4.169
ASP02A0019_014   0.362  -4.549  -4.188
ASP02A0019_015   0.183  -4.852  -4.669
ASP02A0019_016   0.148  -4.685  -4.537
ASP02A0019_017   0.369  -4.345  -3.976
ASP02A0019_018   0.353  -4.585  -4.233
ASP02A0019_019   0.362  -4.549  -4.187
ASP02A0019_020   0.184  -4.852  -4.669
ASP02A0019_021   0.369  -4.345  -3.976
ASP-1A0019_022   0.143  -4.423  -4.279
ASP-1A0019_023   0.306  -4.288  -3.983
ASP-1A0019_024   0.140  -4.345  -4.204
