CONFORMER         crg  vdw0  vdw1  tors  epol  self   occ  Hb     history    ASA
ARG01A0239_001  0.000-13.36  0.39  0.61  0.00-12.36 0.501  00  01O000M000  1.000
ARG01A0239_002  0.000-12.64  2.07  1.24  0.00 -9.33 0.501  00  01E00CM000  1.000
ARG01A0239_003  0.000 -9.85  1.84  3.92  0.00 -4.09 0.501  00  01E039M000  1.000
ARG01A0239_004  0.000-10.28  1.30  6.34  0.00 -2.64 0.502  00  01E047M000  1.000
ARG01A0239_005  0.000-11.35  0.41  1.17  0.00 -9.78 0.503  00  01E064M000  1.000
ARG01A0239_006  0.000-11.39  1.92  1.19  0.00 -8.27 0.502  00  01E06EM000  1.000
ARG01A0239_007  0.000-10.24  1.24  3.35  0.00 -5.65 0.502  00  01E0B9M000  1.000
ARG01A0239_008  0.000 -9.26  0.30  3.96  0.00 -5.00 0.502  00  01E0CFM000  1.000
ARG01A0239_009  0.000 -8.96  1.94  3.94  0.00 -3.09 0.502  00  01E0E7M000  1.000
ARG01A0239_010  0.000-10.32  1.75  1.20  0.00 -7.37 0.501  00  01E0F4M000  1.000
ARG01A0239_011  0.000-12.28  0.37  3.33  0.00 -8.58 0.502  00  01T015M000  1.000
ARG01A0239_012  0.000-11.98  0.96  2.96  0.00 -8.07 0.502  00  01T062M000  1.000
ARG01A0239_013  0.000-10.44  1.86  1.20  0.00 -7.38 0.501  00  01T073M000  1.000
ARG01A0239_014  0.000-12.15  4.40  0.64  0.00 -7.11 0.502  00  01T078M000  1.000
ARG01A0239_015  0.000-10.64  0.87  0.53  0.00 -9.24 0.502  00  01T0A4M000  1.000
ARG01A0239_016  0.000-10.41  0.91  3.35  0.00 -6.14 0.502  00  01T0A8M000  1.000
ARG01A0239_017  0.000-11.38  0.11  3.54  0.00 -7.73 0.502  00  01T0D8M000  1.000
ARG01A0239_018  0.000-10.09  5.47  1.19  0.00 -3.43 0.502  00  01T107M000  1.000
ARG01A0239_019  0.000-10.21  0.58  3.57  0.00 -6.06 0.502  00  01T10BM000  1.000
ARG01A0239_020  0.000-11.19  2.88  5.93  0.00 -2.37 0.502  00  01T10EM000  1.000
ARG02A0239_021  0.000-10.15  5.44  1.19  0.00 -3.53 0.502  00  02E107M000  1.000
ARG02A0239_022  0.000-13.33  0.39  0.61  0.00-12.34 0.501  00  02O000M000  1.000
ARG02A0239_023  0.000-12.48  2.12  1.23  0.00 -9.13 0.501  00  02E00CM000  1.000
ARG02A0239_024  0.000 -9.25  0.30  3.94  0.00 -5.01 0.502  00  02E0CFM000  1.000
ARG02A0239_025  0.000-11.08  1.98  1.21  0.00 -7.89 0.501  00  02T073M000  1.000
ARG02A0239_026  0.000-10.44  1.77  1.19  0.00 -7.48 0.501  00  02T0F4M000  1.000
ARG02A0239_027  0.000-11.34  2.88  5.93  0.00 -2.52 0.502  00  02T10EM000  1.000
ARG02A0239_028  0.000-10.01  1.84  3.92  0.00 -4.24 0.501  00  02T039M000  1.000
ARG02A0239_029  0.000-10.19  1.29  6.34  0.00 -2.56 0.502  00  02T047M000  1.000
ARG02A0239_030  0.000-11.97  0.96  2.96  0.00 -8.06 0.502  00  02T062M000  1.000
ARG02A0239_031  0.000-11.25  2.06  1.15  0.00 -8.04 0.502  00  02T06EM000  1.000
ARG02A0239_032  0.000-10.59  0.86  0.53  0.00 -9.19 0.502  00  02T0A4M000  1.000
ARG02A0239_033  0.000-11.42  0.12  3.51  0.00 -7.79 0.502  00  02T0D8M000  1.000
ARG02A0239_034  0.000-12.15  0.37  3.31  0.00 -8.48 0.502  00  02T015M000  1.000
ARG02A0239_035  0.000-10.86  0.41  1.15  0.00 -9.30 0.503  00  02T064M000  1.000
ARG02A0239_036  0.000-12.25  4.16  0.62  0.00 -7.47 0.502  00  02T078M000  1.000
ARG02A0239_037  0.000-10.39  0.89  3.31  0.00 -6.19 0.502  00  02T0A8M000  1.000
ARG02A0239_038  0.000-10.10  1.21  3.31  0.00 -5.58 0.502  00  02T0B9M000  1.000
ARG02A0239_039  0.000 -8.86  1.94  3.93  0.00 -2.99 0.502  00  02T0E7M000  1.000
ARG02A0239_040  0.000-10.34  0.53  3.57  0.00 -6.24 0.502  00  02T10BM000  1.000
ARG03A0239_041  0.000-13.40  0.39  0.61  0.00-12.41 0.501  00  03O000M000  1.000
ARG03A0239_042  0.000-12.81  2.12  1.23  0.00 -9.47 0.501  00  03E00CM000  1.000
ARG03A0239_043  0.000-10.02  0.88  3.33  0.00 -5.82 0.502  00  03E0A8M000  1.000
ARG03A0239_044  0.000 -9.22  0.30  3.95  0.00 -4.97 0.502  00  03E0CFM000  1.000
ARG03A0239_045  0.000-11.36  2.06  1.15  0.00 -8.16 0.502  00  03E06EM000  1.000
ARG03A0239_046  0.000-10.84  1.97  1.21  0.00 -7.66 0.501  00  03E073M000  1.000
ARG03A0239_047  0.000-11.39  0.09  3.51  0.00 -7.79 0.502  00  03E0D8M000  1.000
ARG03A0239_048  0.000-11.22  2.89  5.93  0.00 -2.39 0.502  00  03E10EM000  1.000
ARG03A0239_049  0.000 -9.89  1.83  3.92  0.00 -4.14 0.501  00  03T039M000  1.000
ARG03A0239_050  0.000-12.36  4.20  0.62  0.00 -7.54 0.502  00  03T078M000  1.000
ARG03A0239_051  0.000-10.32  1.28  6.34  0.00 -2.69 0.502  00  03T047M000  1.000
ARG03A0239_052  0.000-10.65  0.86  0.53  0.00 -9.27 0.502  00  03T0A4M000  1.000
ARG03A0239_053  0.000-12.33  0.37  3.31  0.00 -8.65 0.502  00  03T015M000  1.000
ARG03A0239_054  0.000-12.01  0.96  2.96  0.00 -8.09 0.502  00  03T062M000  1.000
ARG03A0239_055  0.000-10.89  0.40  1.16  0.00 -9.34 0.503  00  03T064M000  1.000
ARG03A0239_056  0.000 -9.98  1.19  3.32  0.00 -5.46 0.502  00  03T0B9M000  1.000
ARG03A0239_057  0.000-10.40  1.83  1.19  0.00 -7.38 0.501  00  03T0F4M000  1.000
ARG03A0239_058  0.000 -9.00  1.95  3.94  0.00 -3.12 0.502  00  03T0E7M000  1.000
ARG03A0239_059  0.000-10.11  5.50  1.19  0.00 -3.42 0.502  00  03T107M000  1.000
ARG03A0239_060  0.000-10.36  0.55  3.57  0.00 -6.25 0.502  00  03T10BM000  1.000
ARG+1A0239_061  1.000-13.44  0.38  0.61  0.00-12.45 0.501  00  +1O000M000  1.000
ARG+1A0239_062  1.000-12.59  2.12  1.23  0.00 -9.24 0.501  00  +1E00CM000  1.000
ARG+1A0239_063  1.000 -9.92  1.84  3.92  0.00 -4.16 0.501  00  +1E039M000  1.000
ARG+1A0239_064  1.000-12.06  0.95  2.96  0.00 -8.14 0.502  00  +1E062M000  1.000
ARG+1A0239_065  1.000-10.96  0.40  1.15  0.00 -9.41 0.503  00  +1E064M000  1.000
ARG+1A0239_066  1.000-11.34  2.06  1.15  0.00 -8.12 0.502  00  +1E06EM000  1.000
ARG+1A0239_067  1.000-10.88  1.97  1.21  0.00 -7.70 0.501  00  +1E073M000  1.000
ARG+1A0239_068  1.000-12.33  4.24  0.62  0.00 -7.47 0.502  00  +1E078M000  1.000
ARG+1A0239_069  1.000-10.70  0.86  0.53  0.00 -9.31 0.502  00  +1E0A4M000  1.000
ARG+1A0239_070  1.000-10.17  0.88  3.32  0.00 -5.96 0.502  00  +1E0A8M000  1.000
ARG+1A0239_071  1.000 -9.26  0.30  3.95  0.00 -5.01 0.502  00  +1E0CFM000  1.000
ARG+1A0239_072  1.000-11.50  0.09  3.51  0.00 -7.90 0.502  00  +1E0D8M000  1.000
ARG+1A0239_073  1.000 -8.98  1.95  3.94  0.00 -3.10 0.502  00  +1E0E7M000  1.000
ARG+1A0239_074  1.000-10.22  5.51  1.19  0.00 -3.53 0.502  00  +1E107M000  1.000
ARG+1A0239_075  1.000-10.42  0.53  3.57  0.00 -6.32 0.502  00  +1E10BM000  1.000
ARG+1A0239_076  1.000-12.26  0.36  3.31  0.00 -8.59 0.502  00  +1T015M000  1.000
ARG+1A0239_077  1.000-10.36  1.28  6.35  0.00 -2.73 0.502  00  +1T047M000  1.000
ARG+1A0239_078  1.000-10.13  1.20  3.32  0.00 -5.61 0.502  00  +1T0B9M000  1.000
ARG+1A0239_079  1.000-10.48  1.76  1.19  0.00 -7.53 0.501  00  +1T0F4M000  1.000
ARG+1A0239_080  1.000-11.26  2.91  5.93  0.00 -2.42 0.502  00  +1T10EM000  1.000
