iConf CONFORMER     FL  occ    crg   Em0  pKa0 ne nH    vdw0    vdw1    tors    epol   dsolv   extra    history
00001 ARG01A0236_001 f 0.00  0.000     0  0.00  0  0 -13.617   0.321   0.672   0.024  -0.146   0.000 01O000M000t
00002 ARG01A0236_002 f 0.00  0.000     0  0.00  0  0 -12.634   3.837   1.247   0.116  -0.072   0.000 01E010M000t
00003 ARG01A0236_003 f 0.00  0.000     0  0.00  0  0 -13.686   3.154   2.984   0.103  -0.181   0.000 01E015M000t
00004 ARG01A0236_004 f 0.00  0.000     0  0.00  0  0 -12.022   1.657   1.273   0.074  -0.129   0.000 01E043M000t
00005 ARG01A0236_005 f 0.00  0.000     0  0.00  0  0 -11.816   1.451   3.507   0.009  -0.277   0.000 01E057M000t
00006 ARG01A0236_006 f 0.00  0.000     0  0.00  0  0 -12.094   3.099   1.285   0.112  -0.102   0.000 01E083M000t
00007 ARG01A0236_007 f 0.00  0.000     0  0.00  0  0 -10.486   0.596   0.597  -0.015   0.145   0.000 01E0AFM000t
00008 ARG01A0236_008 f 0.00  0.000     0  0.00  0  0 -10.788   4.098   2.872   0.034  -0.075   0.000 01E0B7M000t
00009 ARG01A0236_009 f 0.00  0.000     0  0.00  0  0 -10.673   0.895   0.573   0.016  -0.186   0.000 01E0C2M000t
00010 ARG01A0236_010 f 0.00  0.000     0  0.00  0  0 -13.132   2.378   0.739   0.114  -0.334   0.000 01T011M000t
00011 ARG01A0236_011 f 0.00  0.000     0  0.00  0  0 -12.642   0.950   3.542   0.079  -0.099   0.000 01T034M000t
00012 ARG01A0236_012 f 0.00  0.000     0  0.00  0  0 -12.183   3.839   2.846   0.018  -0.060   0.000 01T05BM000t
00013 ARG01A0236_013 f 0.00  0.000     0  0.00  0  0 -11.437   0.383   1.315   0.038  -0.206   0.000 01T075M000t
00014 ARG01A0236_014 f 0.00  0.000     0  0.00  0  0 -11.677   1.473   3.551   0.053  -0.202   0.000 01T094M000t
00015 ARG01A0236_015 f 0.00  0.000     0  0.00  0  0 -11.505   0.175   3.388   0.017  -0.119   0.000 01T099M000t
00016 ARG01A0236_016 f 0.00  0.000     0  0.00  0  0 -11.321   0.165   0.619  -0.010  -0.284   0.000 01T09AM000t
00017 ARG01A0236_017 f 0.00  0.000     0  0.00  0  0 -11.342   1.028   3.308   0.053  -0.163   0.000 01T0BCM000t
00018 ARG01A0236_018 f 0.00  0.000     0  0.00  0  0 -10.654   0.345   1.198   0.015  -0.056   0.000 01T0D8M000t
00019 ARG01A0236_019 f 0.00  0.000     0  0.00  0  0  -9.240   1.227   4.078  -0.002  -0.045   0.000 01T0FDM000t
00020 ARG01A0236_020 f 0.00  0.000     0  0.00  0  0  -9.801   0.732   3.555  -0.117   0.241   0.000 01T12FM000t
00021 ARG02A0236_021 f 0.00  0.000     0  0.00  0  0 -11.385   0.183   3.313   0.018   0.978   0.000 02E099M000t
00022 ARG02A0236_022 f 0.00  0.000     0  0.00  0  0 -11.121   1.042   3.314   0.053   0.961   0.000 02E0BCM000t
00023 ARG02A0236_023 f 0.00  0.000     0  0.00  0  0 -13.594   0.319   0.672   0.027   0.428   0.000 02O000M000t
00024 ARG02A0236_024 f 0.00  0.000     0  0.00  0  0 -12.656   3.766   1.241   0.076   0.757   0.000 02E010M000t
00025 ARG02A0236_025 f 0.00  0.000     0  0.00  0  0 -13.538   3.325   2.963   0.083   0.487   0.000 02E015M000t
00026 ARG02A0236_026 f 0.00  0.000     0  0.00  0  0 -12.230   3.847   2.848   0.021   0.537   0.000 02E05BM000t
00027 ARG02A0236_027 f 0.00  0.000     0  0.00  0  0 -10.758   0.902   0.576   0.001   1.167   0.000 02T0C2M000t
00028 ARG02A0236_028 f 0.00  0.000     0  0.00  0  0 -12.034   1.625   1.256   0.097   1.061   0.000 02T043M000t
00029 ARG02A0236_029 f 0.00  0.000     0  0.00  0  0 -11.500   1.548   3.535   0.055   0.888   0.000 02T094M000t
00030 ARG02A0236_030 f 0.00  0.000     0  0.00  0  0 -10.800   4.102   2.872   0.060   1.006   0.000 02T0B7M000t
00031 ARG02A0236_031 f 0.00  0.000     0  0.00  0  0 -11.602   0.397   1.277   0.044   0.286   0.000 02T075M000t
00032 ARG02A0236_032 f 0.00  0.000     0  0.00  0  0 -11.952   3.472   1.209   0.074   0.615   0.000 02T083M000t
00033 ARG02A0236_033 f 0.00  0.000     0  0.00  0  0 -11.521   0.163   0.573   0.016   0.613   0.000 02T09AM000t
00034 ARG02A0236_034 f 0.00  0.000     0  0.00  0  0 -10.593   0.605   0.594  -0.083   0.608   0.000 02T0AFM000t
00035 ARG02A0236_035 f 0.00  0.000     0  0.00  0  0 -10.773   0.344   1.199  -0.013   0.868   0.000 02T0D8M000t
00036 ARG02A0236_036 f 0.00  0.000     0  0.00  0  0  -9.174   1.277   3.981  -0.028   0.787   0.000 02T0FDM000t
00037 ARG02A0236_037 f 0.00  0.000     0  0.00  0  0 -13.493   2.807   0.679   0.119   0.690   0.000 02T011M000t
00038 ARG02A0236_038 f 0.00  0.000     0  0.00  0  0 -12.703   0.957   3.541   0.080   0.702   0.000 02T034M000t
00039 ARG02A0236_039 f 0.00  0.000     0  0.00  0  0 -11.476   1.474   3.515   0.027   0.478   0.000 02T057M000t
00040 ARG02A0236_040 f 0.00  0.000     0  0.00  0  0  -9.768   0.729   3.557  -0.153   0.987   0.000 02T12FM000t
00041 ARG03A0236_041 f 0.00  0.000     0  0.00  0  0 -12.269   3.851   2.854   0.027   0.901   0.000 03E05BM000t
00042 ARG03A0236_042 f 0.00  0.000     0  0.00  0  0 -11.423   1.553   3.545   0.053   1.066   0.000 03E094M000t
00043 ARG03A0236_043 f 0.00  0.000     0  0.00  0  0 -13.656   0.319   0.672   0.030   0.557   0.000 03O000M000t
00044 ARG03A0236_044 f 0.00  0.000     0  0.00  0  0 -11.430   0.166   0.575   0.013   0.789   0.000 03E09AM000t
00045 ARG03A0236_045 f 0.00  0.000     0  0.00  0  0  -9.088   1.289   3.991  -0.007   0.956   0.000 03T0FDM000t
00046 ARG03A0236_046 f 0.00  0.000     0  0.00  0  0 -10.606   0.591   0.595  -0.039   0.967   0.000 03T0AFM000t
00047 ARG03A0236_047 f 0.00  0.000     0  0.00  0  0 -10.793   4.103   2.872   0.057   0.914   0.000 03T0B7M000t
00048 ARG03A0236_048 f 0.00  0.000     0  0.00  0  0 -10.679   0.338   1.200   0.001   0.862   0.000 03T0D8M000t
00049 ARG03A0236_049 f 0.00  0.000     0  0.00  0  0  -9.815   0.718   3.556  -0.134   1.228   0.000 03T12FM000t
00050 ARG03A0236_050 f 0.00  0.000     0  0.00  0  0 -13.556   2.807   0.677   0.115   0.662   0.000 03T011M000t
00051 ARG03A0236_051 f 0.00  0.000     0  0.00  0  0 -12.822   0.952   3.541   0.073   0.725   0.000 03T034M000t
00052 ARG03A0236_052 f 0.00  0.000     0  0.00  0  0 -11.512   1.474   3.517   0.026   0.815   0.000 03T057M000t
00053 ARG03A0236_053 f 0.00  0.000     0  0.00  0  0 -11.644   0.398   1.279   0.049   0.674   0.000 03T075M000t
00054 ARG03A0236_054 f 0.00  0.000     0  0.00  0  0 -11.297   0.185   3.318   0.017   0.697   0.000 03T099M000t
00055 ARG03A0236_055 f 0.00  0.000     0  0.00  0  0 -10.769   0.904   0.575   0.006   0.794   0.000 03T0C2M000t
00056 ARG03A0236_056 f 0.00  0.000     0  0.00  0  0 -12.653   3.784   1.239   0.093   0.659   0.000 03T010M000t
00057 ARG03A0236_057 f 0.00  0.000     0  0.00  0  0 -13.661   3.320   2.962   0.102   0.766   0.000 03T015M000t
00058 ARG03A0236_058 f 0.00  0.000     0  0.00  0  0 -12.129   1.639   1.260   0.086   0.828   0.000 03T043M000t
00059 ARG03A0236_059 f 0.00  0.000     0  0.00  0  0 -11.997   3.468   1.208   0.092   0.645   0.000 03T083M000t
00060 ARG03A0236_060 f 0.00  0.000     0  0.00  0  0 -11.294   1.029   3.304   0.054   0.452   0.000 03T0BCM000t
00061 ARG+1A0236_061 f 0.00  1.000     0 12.50  0  1 -13.698   0.319   0.672   0.101  -0.335   0.000 +1O000M000t
00062 ARG+1A0236_062 f 0.00  1.000     0 12.50  0  1 -12.756   3.786   1.242   0.167  -0.328   0.000 +1E010M000t
00063 ARG+1A0236_063 f 0.00  1.000     0 12.50  0  1 -13.553   2.817   0.681   0.089  -0.474   0.000 +1E011M000t
00064 ARG+1A0236_064 f 0.00  1.000     0 12.50  0  1 -13.643   3.337   2.964   0.183  -0.329   0.000 +1E015M000t
00065 ARG+1A0236_065 f 0.00  1.000     0 12.50  0  1 -11.580   1.477   3.515   0.152  -0.316   0.000 +1E057M000t
00066 ARG+1A0236_066 f 0.00  1.000     0 12.50  0  1 -11.690   0.397   1.279   0.153  -0.243   0.000 +1E075M000t
00067 ARG+1A0236_067 f 0.00  1.000     0 12.50  0  1 -12.049   3.464   1.210   0.173  -0.224   0.000 +1E083M000t
00068 ARG+1A0236_068 f 0.00  1.000     0 12.50  0  1 -11.420   0.182   3.316   0.117  -0.224   0.000 +1E099M000t
00069 ARG+1A0236_069 f 0.00  1.000     0 12.50  0  1 -10.859   4.112   2.876   0.175   0.019   0.000 +1E0B7M000t
00070 ARG+1A0236_070 f 0.00  1.000     0 12.50  0  1 -10.758   0.906   0.576   0.125  -0.423   0.000 +1E0C2M000t
00071 ARG+1A0236_071 f 0.00  1.000     0 12.50  0  1  -9.143   1.290   3.991   0.134  -0.252   0.000 +1E0FDM000t
00072 ARG+1A0236_072 f 0.00  1.000     0 12.50  0  1 -12.865   0.952   3.545   0.155  -0.049   0.000 +1T034M000t
00073 ARG+1A0236_073 f 0.00  1.000     0 12.50  0  1 -12.120   1.636   1.259   0.247   0.078   0.000 +1T043M000t
00074 ARG+1A0236_074 f 0.00  1.000     0 12.50  0  1 -12.354   3.857   2.852   0.107  -0.186   0.000 +1T05BM000t
00075 ARG+1A0236_075 f 0.00  1.000     0 12.50  0  1 -11.351   1.553   3.540   0.118  -0.228   0.000 +1T094M000t
00076 ARG+1A0236_076 f 0.00  1.000     0 12.50  0  1 -11.540   0.164   0.575   0.129  -0.209   0.000 +1T09AM000t
00077 ARG+1A0236_077 f 0.00  1.000     0 12.50  0  1 -10.641   0.592   0.596   0.124  -0.351   0.000 +1T0AFM000t
00078 ARG+1A0236_078 f 0.00  1.000     0 12.50  0  1 -11.146   1.041   3.314   0.111  -0.198   0.000 +1T0BCM000t
00079 ARG+1A0236_079 f 0.00  1.000     0 12.50  0  1 -10.627   0.338   1.200   0.098  -0.386   0.000 +1T0D8M000t
00080 ARG+1A0236_080 f 0.00  1.000     0 12.50  0  1  -9.879   0.715   3.557   0.148   0.046   0.000 +1T12FM000t
