CONFORMER         crg  vdw0  vdw1  tors  epol  self   occ  Hb     history    ASA
ARG01A0236_001  0.000-13.62  0.22  0.67  0.00-12.73 0.502  00  01O000M000  1.000
ARG01A0236_002  0.000-12.63  3.84  1.25  0.00 -7.54 0.502  00  01E010M000  1.000
ARG01A0236_003  0.000-13.69  3.15  2.98  0.00 -7.56 0.501  00  01E015M000  1.000
ARG01A0236_004  0.000-12.02  1.66  1.27  0.00 -9.09 0.501  00  01E043M000  1.000
ARG01A0236_005  0.000-11.86  1.45  3.51  0.00 -6.90 0.502  00  01E057M000  1.000
ARG01A0236_006  0.000-12.09  3.04  1.28  0.00 -7.77 0.501  00  01E083M000  1.000
ARG01A0236_007  0.000-10.48  0.54  0.60  0.00 -9.34 0.501  00  01E0AFM000  1.000
ARG01A0236_008  0.000-10.80  4.05  2.87  0.00 -3.88 0.501  00  01E0B7M000  1.000
ARG01A0236_009  0.000-10.75  0.78  0.57  0.00 -9.40 0.502  00  01E0C2M000  1.000
ARG01A0236_010  0.000-13.14  2.38  0.74  0.00-10.01 0.501  00  01T011M000  1.000
ARG01A0236_011  0.000-12.65  0.90  3.54  0.00 -8.20 0.501  00  01T034M000  1.000
ARG01A0236_012  0.000-12.23  3.79  2.85  0.00 -5.60 0.502  00  01T05BM000  1.000
ARG01A0236_013  0.000-11.43  0.33  1.32  0.00 -9.78 0.502  00  01T075M000  1.000
ARG01A0236_014  0.000-11.68  1.48  3.55  0.00 -6.65 0.501  00  01T094M000  1.000
ARG01A0236_015  0.000-11.51  0.07  3.39  0.00 -8.05 0.501  00  01T099M000  1.000
ARG01A0236_016  0.000-11.25  0.06  0.62  0.00-10.57 0.502  00  01T09AM000  1.000
ARG01A0236_017  0.000-11.40  0.90  3.31  0.00 -7.19 0.501  00  01T0BCM000  1.000
ARG01A0236_018  0.000-10.59  0.30  1.20  0.00 -9.10 0.502  00  01T0D8M000  1.000
ARG01A0236_019  0.000 -9.25  1.23  4.08  0.00 -3.94 0.501  00  01T0FDM000  1.000
ARG01A0236_020  0.000 -9.78  0.73  3.55  0.00 -5.50 0.502  00  01T12FM000  1.000
ARG02A0236_021  0.000-11.39  0.08  3.31  0.00 -8.00 0.501  00  02E099M000  1.000
ARG02A0236_022  0.000-11.16  0.92  3.31  0.00 -6.93 0.501  00  02E0BCM000  1.000
ARG02A0236_023  0.000-13.59  0.22  0.67  0.00-12.71 0.502  00  02O000M000  1.000
ARG02A0236_024  0.000-12.65  3.78  1.24  0.00 -7.64 0.502  00  02E010M000  1.000
ARG02A0236_025  0.000-13.54  3.32  2.96  0.00 -7.25 0.501  00  02E015M000  1.000
ARG02A0236_026  0.000-12.23  3.79  2.85  0.00 -5.59 0.502  00  02E05BM000  1.000
ARG02A0236_027  0.000-10.76  0.78  0.58  0.00 -9.40 0.502  00  02T0C2M000  1.000
ARG02A0236_028  0.000-12.02  1.62  1.26  0.00 -9.15 0.501  00  02T043M000  1.000
ARG02A0236_029  0.000-11.50  1.55  3.53  0.00 -6.41 0.501  00  02T094M000  1.000
ARG02A0236_030  0.000-10.80  4.05  2.87  0.00 -3.88 0.501  00  02T0B7M000  1.000
ARG02A0236_031  0.000-11.60  0.35  1.28  0.00 -9.98 0.502  00  02T075M000  1.000
ARG02A0236_032  0.000-11.95  3.48  1.21  0.00 -7.27 0.501  00  02T083M000  1.000
ARG02A0236_033  0.000-11.52  0.06  0.57  0.00-10.88 0.502  00  02T09AM000  1.000
ARG02A0236_034  0.000-10.60  0.55  0.59  0.00 -9.45 0.501  00  02T0AFM000  1.000
ARG02A0236_035  0.000-10.77  0.29  1.20  0.00 -9.28 0.502  00  02T0D8M000  1.000
ARG02A0236_036  0.000 -9.17  1.27  3.98  0.00 -3.92 0.501  00  02T0FDM000  1.000
ARG02A0236_037  0.000-13.49  2.81  0.68  0.00-10.01 0.501  00  02T011M000  1.000
ARG02A0236_038  0.000-12.70  0.91  3.54  0.00 -8.25 0.501  00  02T034M000  1.000
ARG02A0236_039  0.000-11.48  1.47  3.51  0.00 -6.49 0.502  00  02T057M000  1.000
ARG02A0236_040  0.000 -9.77  0.72  3.56  0.00 -5.49 0.502  00  02T12FM000  1.000
ARG03A0236_041  0.000-12.31  3.80  2.85  0.00 -5.66 0.502  00  03E05BM000  1.000
ARG03A0236_042  0.000-11.43  1.56  3.54  0.00 -6.33 0.501  00  03E094M000  1.000
ARG03A0236_043  0.000-13.65  0.22  0.67  0.00-12.77 0.502  00  03O000M000  1.000
ARG03A0236_044  0.000-11.44  0.06  0.58  0.00-10.80 0.502  00  03E09AM000  1.000
ARG03A0236_045  0.000 -9.09  1.29  3.99  0.00 -3.80 0.501  00  03T0FDM000  1.000
ARG03A0236_046  0.000-10.61  0.54  0.59  0.00 -9.48 0.501  00  03T0AFM000  1.000
ARG03A0236_047  0.000-10.80  4.05  2.87  0.00 -3.88 0.501  00  03T0B7M000  1.000
ARG03A0236_048  0.000-10.68  0.29  1.20  0.00 -9.19 0.502  00  03T0D8M000  1.000
ARG03A0236_049  0.000 -9.81  0.71  3.56  0.00 -5.54 0.502  00  03T12FM000  1.000
ARG03A0236_050  0.000-13.56  2.80  0.68  0.00-10.08 0.501  00  03T011M000  1.000
ARG03A0236_051  0.000-12.82  0.90  3.54  0.00 -8.38 0.501  00  03T034M000  1.000
ARG03A0236_052  0.000-11.52  1.47  3.52  0.00 -6.53 0.502  00  03T057M000  1.000
ARG03A0236_053  0.000-11.65  0.35  1.28  0.00-10.02 0.502  00  03T075M000  1.000
ARG03A0236_054  0.000-11.31  0.08  3.32  0.00 -7.91 0.501  00  03T099M000  1.000
ARG03A0236_055  0.000-10.77  0.78  0.57  0.00 -9.42 0.502  00  03T0C2M000  1.000
ARG03A0236_056  0.000-12.65  3.78  1.24  0.00 -7.63 0.502  00  03T010M000  1.000
ARG03A0236_057  0.000-13.66  3.32  2.96  0.00 -7.38 0.501  00  03T015M000  1.000
ARG03A0236_058  0.000-12.13  1.64  1.26  0.00 -9.24 0.501  00  03T043M000  1.000
ARG03A0236_059  0.000-12.00  3.47  1.21  0.00 -7.32 0.501  00  03T083M000  1.000
ARG03A0236_060  0.000-11.29  0.91  3.31  0.00 -7.08 0.501  00  03T0BCM000  1.000
ARG+1A0236_061  1.000-13.70  0.22  0.67  0.00-12.81 0.502  00  +1O000M000  1.000
ARG+1A0236_062  1.000-12.75  3.79  1.24  0.00 -7.73 0.502  00  +1E010M000  1.000
ARG+1A0236_063  1.000-13.55  2.81  0.68  0.00-10.06 0.501  00  +1E011M000  1.000
ARG+1A0236_064  1.000-13.64  3.34  2.96  0.00 -7.34 0.501  00  +1E015M000  1.000
ARG+1A0236_065  1.000-11.58  1.47  3.52  0.00 -6.59 0.502  00  +1E057M000  1.000
ARG+1A0236_066  1.000-11.69  0.35  1.28  0.00-10.06 0.502  00  +1E075M000  1.000
ARG+1A0236_067  1.000-12.05  3.47  1.21  0.00 -7.37 0.501  00  +1E083M000  1.000
ARG+1A0236_068  1.000-11.42  0.08  3.32  0.00 -8.03 0.501  00  +1E099M000  1.000
ARG+1A0236_069  1.000-10.85  4.06  2.87  0.00 -3.92 0.501  00  +1E0B7M000  1.000
ARG+1A0236_070  1.000-10.75  0.78  0.58  0.00 -9.40 0.502  00  +1E0C2M000  1.000
ARG+1A0236_071  1.000 -9.14  1.29  3.99  0.00 -3.86 0.501  00  +1E0FDM000  1.000
ARG+1A0236_072  1.000-12.87  0.90  3.54  0.00 -8.42 0.501  00  +1T034M000  1.000
ARG+1A0236_073  1.000-12.12  1.63  1.26  0.00 -9.23 0.501  00  +1T043M000  1.000
ARG+1A0236_074  1.000-12.35  3.80  2.85  0.00 -5.70 0.502  00  +1T05BM000  1.000
ARG+1A0236_075  1.000-11.36  1.55  3.54  0.00 -6.27 0.501  00  +1T094M000  1.000
ARG+1A0236_076  1.000-11.54  0.06  0.57  0.00-10.91 0.502  00  +1T09AM000  1.000
ARG+1A0236_077  1.000-10.64  0.54  0.60  0.00 -9.51 0.501  00  +1T0AFM000  1.000
ARG+1A0236_078  1.000-11.14  0.92  3.31  0.00 -6.91 0.501  00  +1T0BCM000  1.000
ARG+1A0236_079  1.000-10.63  0.29  1.20  0.00 -9.14 0.502  00  +1T0D8M000  1.000
ARG+1A0236_080  1.000 -9.87  0.72  3.56  0.00 -5.60 0.502  00  +1T12FM000  1.000
