   confID        vdw0    sas     sum
ARG01A0236_001   1.224 -14.841 -13.617
ARG01A0236_002   1.846 -14.481 -12.634
ARG01A0236_003   1.104 -14.790 -13.686
ARG01A0236_004   2.742 -14.764 -12.022
ARG01A0236_005   2.729 -14.544 -11.816
ARG01A0236_006   2.844 -14.938 -12.094
ARG01A0236_007   3.293 -13.779 -10.486
ARG01A0236_008   3.401 -14.190 -10.788
ARG01A0236_009   2.767 -13.440 -10.673
ARG01A0236_010   1.145 -14.276 -13.132
ARG01A0236_011   2.021 -14.664 -12.642
ARG01A0236_012   2.195 -14.378 -12.183
ARG01A0236_013   2.875 -14.313 -11.437
ARG01A0236_014   2.599 -14.276 -11.677
ARG01A0236_015   2.800 -14.306 -11.505
ARG01A0236_016   3.031 -14.352 -11.321
ARG01A0236_017   3.204 -14.546 -11.342
ARG01A0236_018   3.486 -14.140 -10.654
ARG01A0236_019   5.078 -14.318  -9.240
ARG01A0236_020   3.987 -13.788  -9.801
ARG02A0236_021   2.857 -14.241 -11.385
ARG02A0236_022   3.152 -14.273 -11.121
ARG02A0236_023   1.247 -14.841 -13.594
ARG02A0236_024   1.889 -14.545 -12.656
ARG02A0236_025   1.104 -14.642 -13.538
ARG02A0236_026   2.216 -14.446 -12.230
ARG02A0236_027   2.749 -13.507 -10.758
ARG02A0236_028   2.665 -14.699 -12.034
ARG02A0236_029   2.653 -14.153 -11.500
ARG02A0236_030   3.322 -14.122 -10.800
ARG02A0236_031   2.878 -14.480 -11.602
ARG02A0236_032   2.847 -14.799 -11.952
ARG02A0236_033   3.011 -14.532 -11.521
ARG02A0236_034   3.251 -13.844 -10.593
ARG02A0236_035   3.499 -14.272 -10.773
ARG02A0236_036   5.153 -14.327  -9.174
ARG02A0236_037   1.099 -14.592 -13.493
ARG02A0236_038   2.028 -14.732 -12.703
ARG02A0236_039   2.804 -14.281 -11.476
ARG02A0236_040   4.020 -13.788  -9.768
ARG03A0236_041   2.176 -14.446 -12.269
ARG03A0236_042   2.794 -14.217 -11.423
ARG03A0236_043   1.185 -14.841 -13.656
ARG03A0236_044   2.974 -14.403 -11.430
ARG03A0236_045   5.124 -14.211  -9.088
ARG03A0236_046   3.238 -13.844 -10.606
ARG03A0236_047   3.329 -14.122 -10.793
ARG03A0236_048   3.445 -14.124 -10.679
ARG03A0236_049   3.973 -13.788  -9.815
ARG03A0236_050   1.036 -14.592 -13.556
ARG03A0236_051   1.974 -14.796 -12.822
ARG03A0236_052   2.769 -14.281 -11.512
ARG03A0236_053   2.836 -14.480 -11.644
ARG03A0236_054   2.877 -14.174 -11.297
ARG03A0236_055   2.738 -13.507 -10.769
ARG03A0236_056   1.827 -14.481 -12.653
ARG03A0236_057   1.045 -14.706 -13.661
ARG03A0236_058   2.702 -14.831 -12.129
ARG03A0236_059   2.802 -14.799 -11.997
ARG03A0236_060   3.156 -14.449 -11.294
ARG+1A0236_061   1.142 -14.841 -13.698
ARG+1A0236_062   1.789 -14.545 -12.756
ARG+1A0236_063   0.990 -14.544 -13.553
ARG+1A0236_064   0.999 -14.642 -13.643
ARG+1A0236_065   2.700 -14.281 -11.580
ARG+1A0236_066   2.790 -14.480 -11.690
ARG+1A0236_067   2.749 -14.799 -12.049
ARG+1A0236_068   2.821 -14.241 -11.420
ARG+1A0236_069   3.263 -14.122 -10.859
ARG+1A0236_070   2.682 -13.440 -10.758
ARG+1A0236_071   5.068 -14.211  -9.143
ARG+1A0236_072   1.931 -14.796 -12.865
ARG+1A0236_073   2.643 -14.764 -12.120
ARG+1A0236_074   2.140 -14.494 -12.354
ARG+1A0236_075   2.738 -14.089 -11.351
ARG+1A0236_076   2.927 -14.467 -11.540
ARG+1A0236_077   3.203 -13.844 -10.641
ARG+1A0236_078   3.111 -14.257 -11.146
ARG+1A0236_079   3.433 -14.059 -10.627
ARG+1A0236_080   3.909 -13.788  -9.879
