CONFORMER         crg  vdw0  vdw1  tors  epol  self   occ  Hb     history    ASA
LYS01A0104_001  0.000-11.79  0.22  0.83  0.00-10.74 0.502  00  01O000M000  1.000
LYS01A0104_002  0.000-11.76  1.87  4.22  0.00 -5.67 0.501  00  01E00CM000  1.000
LYS01A0104_003  0.000-11.18  1.11  4.18  0.00 -5.89 0.501  00  01E017M000  1.000
LYS01A0104_004  0.000-11.20  2.05  3.62  0.00 -5.53 0.501  00  01E06BM000  1.000
LYS01A0104_005  0.000-10.83  1.98  0.82  0.00 -8.03 0.501  00  01E06EM000  1.000
LYS01A0104_006  0.000 -7.32  1.49  3.63  0.00 -2.20 0.502  00  01E079M000  1.000
LYS01A0104_007  0.000-11.13  1.86  4.22  0.00 -5.04 0.502  00  01E08EM000  1.000
LYS01A0104_008  0.000-10.34  0.47  3.70  0.00 -6.17 0.501  00  01E0CBM000  1.000
LYS01A0104_009  0.000 -7.79  0.44  4.85  0.00 -2.50 0.502  00  01E0ECM000  1.000
LYS01A0104_010  0.000 -7.85  0.20  2.11  0.00 -5.54 0.502  00  01E107M000  1.000
LYS01A0104_011  0.000 -6.71  2.00  2.05  0.00 -2.66 0.501  00  01E15CM000  1.000
LYS01A0104_012  0.000-11.60  1.52  1.50  0.00 -8.58 0.502  00  01T031M000  1.000
LYS01A0104_013  0.000-11.34  2.04  3.62  0.00 -5.69 0.501  00  01T06FM000  1.000
LYS01A0104_014  0.000-10.17  0.16  4.24  0.00 -5.77 0.502  00  01T0B2M000  1.000
LYS01A0104_015  0.000-10.21  1.11  6.98  0.00 -2.11 0.501  00  01T0B6M000  1.000
LYS01A0104_016  0.000 -9.94  1.02  6.42  0.00 -2.50 0.501  00  01T0BFM000  1.000
LYS01A0104_017  0.000 -7.69  0.41  2.06  0.00 -5.21 0.501  00  01T0EDM000  1.000
LYS01A0104_018  0.000 -7.79  0.40  2.06  0.00 -5.33 0.502  00  01T0EEM000  1.000
LYS01A0104_019  0.000 -9.03  1.77  4.24  0.00 -3.02 0.502  00  01T115M000  1.000
LYS01A0104_020  0.000-10.93  2.20  7.03  0.00 -1.70 0.501  00  01T127M000  1.000
LYS+1A0104_021  1.000-11.84  0.22  0.83  0.00-10.79 0.502  00  +1O000M000  1.000
LYS+1A0104_022  1.000-11.81  1.87  4.23  0.00 -5.71 0.501  00  +1E00CM000  1.000
LYS+1A0104_023  1.000-11.25  2.06  3.62  0.00 -5.58 0.501  00  +1E06BM000  1.000
LYS+1A0104_024  1.000-10.90  1.97  0.82  0.00 -8.10 0.501  00  +1E06EM000  1.000
LYS+1A0104_025  1.000-11.40  2.04  3.62  0.00 -5.74 0.501  00  +1E06FM000  1.000
LYS+1A0104_026  1.000-11.19  1.86  4.22  0.00 -5.11 0.502  00  +1E08EM000  1.000
LYS+1A0104_027  1.000-10.22  0.15  4.24  0.00 -5.83 0.502  00  +1E0B2M000  1.000
LYS+1A0104_028  1.000-10.26  1.11  6.98  0.00 -2.17 0.501  00  +1E0B6M000  1.000
LYS+1A0104_029  1.000-10.01  1.02  6.42  0.00 -2.57 0.501  00  +1E0BFM000  1.000
LYS+1A0104_030  1.000-10.51  0.47  3.70  0.00 -6.33 0.501  00  +1E0CBM000  1.000
LYS+1A0104_031  1.000 -7.77  0.44  4.85  0.00 -2.48 0.502  00  +1E0ECM000  1.000
LYS+1A0104_032  1.000 -7.90  0.39  2.06  0.00 -5.44 0.502  00  +1E0EEM000  1.000
LYS+1A0104_033  1.000 -7.94  0.16  2.11  0.00 -5.67 0.502  00  +1E107M000  1.000
LYS+1A0104_034  1.000 -9.11  1.77  4.24  0.00 -3.10 0.502  00  +1E115M000  1.000
LYS+1A0104_035  1.000-10.99  2.20  7.03  0.00 -1.76 0.501  00  +1E127M000  1.000
LYS+1A0104_036  1.000-11.23  1.11  4.18  0.00 -5.93 0.501  00  +1T017M000  1.000
LYS+1A0104_037  1.000-11.61  1.56  1.50  0.00 -8.55 0.502  00  +1T031M000  1.000
LYS+1A0104_038  1.000 -7.41  1.49  3.63  0.00 -2.29 0.502  00  +1T079M000  1.000
LYS+1A0104_039  1.000 -7.80  0.40  2.07  0.00 -5.33 0.501  00  +1T0EDM000  1.000
LYS+1A0104_040  1.000 -6.76  2.01  2.05  0.00 -2.69 0.501  00  +1T15CM000  1.000
