iConf CONFORMER     FL  occ    crg   Em0  pKa0 ne nH    vdw0    vdw1    tors    epol   dsolv   extra    history
00001 GLU01A0098_001 f 0.00  0.000     0  0.00  0  0  -2.520   0.089   2.980   0.138  -0.243   0.000 01O000M000t
00002 GLU01A0098_002 f 0.00  0.000     0  0.00  0  0  -2.806   1.232   2.939   0.120  -0.156   0.000 01E002M000t
00003 GLU01A0098_003 f 0.00  0.000     0  0.00  0  0  -3.890   0.135   3.461   0.090  -0.478   0.000 01E005M000t
00004 GLU01A0098_004 f 0.00  0.000     0  0.00  0  0  -3.431   0.417   6.135   0.066  -0.597   0.000 01E00EM000t
00005 GLU01A0098_005 f 0.00  0.000     0  0.00  0  0  -4.116   0.876   6.027   0.181  -0.267   0.000 01E010M000t
00006 GLU01A0098_006 f 0.00  0.000     0  0.00  0  0  -4.001   0.165   3.481   0.149  -0.461   0.000 01E013M000t
00007 GLU01A0098_007 f 0.00  0.000     0  0.00  0  0  -3.533   0.228   6.135   0.058  -0.507   0.000 01E014M000t
00008 GLU01A0098_008 f 0.00  0.000     0  0.00  0  0  -4.175   2.403   3.507  -0.287  -0.242   0.000 01E015M000t
00009 GLU01A0098_009 f 0.00  0.000     0  0.00  0  0  -2.520   0.089   0.260   0.064   0.637   0.000 01O000M000t
00010 GLU01A0098_010 f 0.00  0.000     0  0.00  0  0  -3.344   0.521   0.504   0.032   0.667   0.000 01E006M000t
00011 GLU01A0098_011 f 0.00  0.000     0  0.00  0  0  -3.796   0.151   0.460   0.151   0.685   0.000 01E00CM000t
00012 GLU01A0098_012 f 0.00  0.000     0  0.00  0  0  -3.950   0.687   3.502   0.110   0.702   0.000 01E00FM000t
00013 GLU01A0098_013 f 0.00  0.000     0  0.00  0  0  -3.343   0.239   3.351   0.034   0.725   0.000 01E014M000t
00014 GLU01A0098_014 f 0.00  0.000     0  0.00  0  0  -2.838   1.516   2.961   0.351  -0.093   0.000 01T003M000t
00015 GLU01A0098_015 f 0.00  0.000     0  0.00  0  0  -4.116   0.416   3.426   0.078  -0.510   0.000 01T007M000t
00016 GLU01A0098_016 f 0.00  0.000     0  0.00  0  0  -4.067   1.284   3.422   0.008  -0.619   0.000 01T009M000t
00017 GLU01A0098_017 f 0.00  0.000     0  0.00  0  0  -4.090   0.706   6.246   0.164  -0.532   0.000 01T00FM000t
00018 GLU01A0098_018 f 0.00  0.000     0  0.00  0  0  -3.342   0.520   3.222   0.105  -0.294   0.000 01T006M000t
00019 GLU01A0098_019 f 0.00  0.000     0  0.00  0  0  -3.464   0.269   6.067   0.215  -0.519   0.000 01T00AM000t
00020 GLU01A0098_020 f 0.00  0.000     0  0.00  0  0  -3.770   0.151   3.180   0.296  -0.195   0.000 01T00CM000t
00021 GLU01A0098_021 f 0.00  0.000     0  0.00  0  0  -4.187   2.092   3.575  -0.019  -0.608   0.000 01T00DM000t
00022 GLU01A0098_022 f 0.00  0.000     0  0.00  0  0  -3.268   0.502   6.057   0.077  -0.588   0.000 01T011M000t
00023 GLU01A0098_023 f 0.00  0.000     0  0.00  0  0  -4.067   1.284   0.702   0.015   0.649   0.000 01T009M000t
00024 GLU01A0098_024 f 0.00  0.000     0  0.00  0  0  -3.429   0.416   3.380   0.057   0.649   0.000 01T00EM000t
00025 GLU01A0098_025 f 0.00  0.000     0  0.00  0  0  -3.630   0.505   3.356   0.046   0.630   0.000 01T011M000t
00026 GLU01A0098_026 f 0.00  0.000     0  0.00  0  0  -4.172   2.409   0.743  -0.062   0.803   0.000 01T015M000t
00027 GLU01A0098_027 f 0.00  0.000     0  0.00  0  0  -2.988   1.458   0.238   0.027   0.622   0.000 01T003M000t
00028 GLU01A0098_028 f 0.00  0.000     0  0.00  0  0  -3.541   0.269   3.347   0.119   0.699   0.000 01T00AM000t
00029 GLU01A0098_029 f 0.00  0.000     0  0.00  0  0  -4.003   0.887   3.247   0.064   0.675   0.000 01T010M000t
00030 GLU01A0098_030 f 0.00  0.000     0  0.00  0  0  -4.019   0.144   0.670   0.067   0.639   0.000 01T013M000t
00031 GLU02A0098_031 f 0.00  0.000     0  0.00  0  0  -3.079   0.097   2.980   0.102  -0.512   0.000 02O000M000t
00032 GLU02A0098_032 f 0.00  0.000     0  0.00  0  0  -3.255   1.239   2.940  -0.019  -0.574   0.000 02E002M000t
00033 GLU02A0098_033 f 0.00  0.000     0  0.00  0  0  -3.267   1.290   2.957   0.006  -0.515   0.000 02E003M000t
00034 GLU02A0098_034 f 0.00  0.000     0  0.00  0  0  -3.730   0.129   3.488   0.137  -0.395   0.000 02E005M000t
00035 GLU02A0098_035 f 0.00  0.000     0  0.00  0  0  -4.184   0.148   3.531   0.120  -0.372   0.000 02E013M000t
00036 GLU02A0098_036 f 0.00  0.000     0  0.00  0  0  -3.293   0.300   6.165   0.259   0.108   0.000 02E014M000t
00037 GLU02A0098_037 f 0.00  0.000     0  0.00  0  0  -3.079   0.097   0.260   0.063   0.702   0.000 02O000M000t
00038 GLU02A0098_038 f 0.00  0.000     0  0.00  0  0  -3.339   0.389   3.353   0.082   0.647   0.000 02E00EM000t
00039 GLU02A0098_039 f 0.00  0.000     0  0.00  0  0  -4.011   0.180   0.665   0.070   0.741   0.000 02E013M000t
00040 GLU02A0098_040 f 0.00  0.000     0  0.00  0  0  -3.211   0.285   3.365   0.039   0.711   0.000 02E014M000t
00041 GLU02A0098_041 f 0.00  0.000     0  0.00  0  0  -4.002   2.580   0.669   0.011   0.758   0.000 02E015M000t
00042 GLU02A0098_042 f 0.00  0.000     0  0.00  0  0  -3.020   0.426   2.941   0.054  -0.445   0.000 02T001M000t
00043 GLU02A0098_043 f 0.00  0.000     0  0.00  0  0  -3.848   1.273   3.463   0.093  -0.264   0.000 02T009M000t
00044 GLU02A0098_044 f 0.00  0.000     0  0.00  0  0  -3.355   0.366   6.159   0.251  -0.117   0.000 02T00EM000t
00045 GLU02A0098_045 f 0.00  0.000     0  0.00  0  0  -4.020   0.408   3.347   0.053  -0.441   0.000 02T007M000t
00046 GLU02A0098_046 f 0.00  0.000     0  0.00  0  0  -3.644   0.288   6.038   0.179  -0.275   0.000 02T00AM000t
00047 GLU02A0098_047 f 0.00  0.000     0  0.00  0  0  -3.990   0.131   3.152   0.206  -0.511   0.000 02T00CM000t
00048 GLU02A0098_048 f 0.00  0.000     0  0.00  0  0  -4.245   2.238   3.621   1.071   0.064   0.000 02T00DM000t
00049 GLU02A0098_049 f 0.00  0.000     0  0.00  0  0  -3.926   0.701   6.161   0.233  -0.253   0.000 02T00FM000t
00050 GLU02A0098_050 f 0.00  0.000     0  0.00  0  0  -4.248   0.876   5.942   0.073  -0.561   0.000 02T010M000t
00051 GLU02A0098_051 f 0.00  0.000     0  0.00  0  0  -3.549   0.502   6.022   0.066  -0.365   0.000 02T011M000t
00052 GLU02A0098_052 f 0.00  0.000     0  0.00  0  0  -4.001   2.587   3.380   0.062  -0.278   0.000 02T015M000t
00053 GLU02A0098_053 f 0.00  0.000     0  0.00  0  0  -3.848   1.273   0.743   0.027   0.708   0.000 02T009M000t
00054 GLU02A0098_054 f 0.00  0.000     0  0.00  0  0  -4.009   0.060   0.474   0.144   0.670   0.000 02T00CM000t
00055 GLU02A0098_055 f 0.00  0.000     0  0.00  0  0  -4.020   0.408   0.627   0.038   0.624   0.000 02T007M000t
00056 GLU02A0098_056 f 0.00  0.000     0  0.00  0  0  -3.644   0.288   3.318   0.111   0.685   0.000 02T00AM000t
00057 GLU02A0098_057 f 0.00  0.000     0  0.00  0  0  -4.245   2.238   0.901   0.015   0.784   0.000 02T00DM000t
00058 GLU02A0098_058 f 0.00  0.000     0  0.00  0  0  -3.977   0.701   3.441   0.111   0.719   0.000 02T00FM000t
00059 GLU02A0098_059 f 0.00  0.000     0  0.00  0  0  -4.274   0.876   3.222   0.047   0.740   0.000 02T010M000t
00060 GLU02A0098_060 f 0.00  0.000     0  0.00  0  0  -3.549   0.502   3.302   0.040   0.722   0.000 02T011M000t
00061 GLU-1A0098_061 f 0.00 -1.000     0  4.75  0 -1  -2.946   0.107   0.260  -0.106  -0.257   0.000 -1O000M000t
00062 GLU-1A0098_062 f 0.00 -1.000     0  4.75  0 -1  -3.249   1.255   0.232  -0.310  -0.033   0.000 -1E003M000t
00063 GLU-1A0098_063 f 0.00 -1.000     0  4.75  0 -1  -3.416   0.503   0.467  -0.081  -0.206   0.000 -1E006M000t
00064 GLU-1A0098_064 f 0.00 -1.000     0  4.75  0 -1  -3.680   1.291   0.452  -0.036  -0.284   0.000 -1E008M000t
00065 GLU-1A0098_065 f 0.00 -1.000     0  4.75  0 -1  -3.841   0.329   3.314  -0.131  -0.156   0.000 -1E00AM000t
00066 GLU-1A0098_066 f 0.00 -1.000     0  4.75  0 -1  -4.254   1.963   0.857  -0.626   0.002   0.000 -1E00DM000t
00067 GLU-1A0098_067 f 0.00 -1.000     0  4.75  0 -1  -3.415   0.404   3.316  -0.191  -0.261   0.000 -1E00EM000t
00068 GLU-1A0098_068 f 0.00 -1.000     0  4.75  0 -1  -4.099   0.722   3.490  -0.350  -0.083   0.000 -1E00FM000t
00069 GLU-1A0098_069 f 0.00 -1.000     0  4.75  0 -1  -4.177   0.850   3.246  -0.266  -0.001   0.000 -1E010M000t
00070 GLU-1A0098_070 f 0.00 -1.000     0  4.75  0 -1  -3.474   0.484   3.295  -0.118  -0.279   0.000 -1E011M000t
00071 GLU-1A0098_071 f 0.00 -1.000     0  4.75  0 -1  -3.253   0.261   3.320  -0.121  -0.027   0.000 -1E014M000t
00072 GLU-1A0098_072 f 0.00 -1.000     0  4.75  0 -1  -4.092   2.514   0.677   0.205   0.117   0.000 -1E015M000t
