   confID        vdw0    sas     sum
GLU01A0098_001   2.147  -4.668  -2.520
GLU01A0098_002   2.059  -4.865  -2.806
GLU01A0098_003   0.773  -4.662  -3.890
GLU01A0098_004   1.287  -4.719  -3.431
GLU01A0098_005   1.071  -5.187  -4.116
GLU01A0098_006   0.720  -4.721  -4.001
GLU01A0098_007   1.282  -4.816  -3.533
GLU01A0098_008   0.754  -4.930  -4.175
GLU01A0098_009   2.147  -4.668  -2.520
GLU01A0098_010   1.146  -4.490  -3.344
GLU01A0098_011   1.132  -4.928  -3.796
GLU01A0098_012   0.834  -4.784  -3.950
GLU01A0098_013   1.437  -4.780  -3.343
GLU01A0098_014   1.871  -4.709  -2.838
GLU01A0098_015   0.777  -4.893  -4.116
GLU01A0098_016   0.772  -4.839  -4.067
GLU01A0098_017   0.737  -4.827  -4.090
GLU01A0098_018   1.148  -4.490  -3.342
GLU01A0098_019   1.418  -4.883  -3.464
GLU01A0098_020   1.132  -4.902  -3.770
GLU01A0098_021   0.534  -4.721  -4.187
GLU01A0098_022   1.416  -4.684  -3.268
GLU01A0098_023   0.772  -4.839  -4.067
GLU01A0098_024   1.290  -4.719  -3.429
GLU01A0098_025   1.196  -4.826  -3.630
GLU01A0098_026   0.757  -4.930  -4.172
GLU01A0098_027   1.843  -4.831  -2.988
GLU01A0098_028   1.418  -4.960  -3.541
GLU01A0098_029   1.151  -5.154  -4.003
GLU01A0098_030   0.766  -4.785  -4.019
GLU02A0098_031   1.672  -4.751  -3.079
GLU02A0098_032   1.601  -4.856  -3.255
GLU02A0098_033   1.445  -4.712  -3.267
GLU02A0098_034   0.848  -4.578  -3.730
GLU02A0098_035   0.763  -4.948  -4.184
GLU02A0098_036   1.362  -4.655  -3.293
GLU02A0098_037   1.672  -4.751  -3.079
GLU02A0098_038   1.461  -4.800  -3.339
GLU02A0098_039   0.853  -4.864  -4.011
GLU02A0098_040   1.445  -4.655  -3.211
GLU02A0098_041   0.889  -4.890  -4.002
GLU02A0098_042   1.604  -4.624  -3.020
GLU02A0098_043   0.848  -4.696  -3.848
GLU02A0098_044   1.359  -4.714  -3.355
GLU02A0098_045   0.937  -4.957  -4.020
GLU02A0098_046   1.383  -5.027  -3.644
GLU02A0098_047   1.000  -4.990  -3.990
GLU02A0098_048   0.488  -4.733  -4.245
GLU02A0098_049   0.874  -4.800  -3.926
GLU02A0098_050   1.011  -5.259  -4.248
GLU02A0098_051   1.399  -4.948  -3.549
GLU02A0098_052   0.889  -4.890  -4.001
GLU02A0098_053   0.848  -4.696  -3.848
GLU02A0098_054   0.952  -4.960  -4.009
GLU02A0098_055   0.937  -4.957  -4.020
GLU02A0098_056   1.383  -5.027  -3.644
GLU02A0098_057   0.488  -4.733  -4.245
GLU02A0098_058   0.874  -4.851  -3.977
GLU02A0098_059   1.011  -5.285  -4.274
GLU02A0098_060   1.399  -4.948  -3.549
GLU-1A0098_061   1.615  -4.560  -2.946
GLU-1A0098_062   1.388  -4.636  -3.249
GLU-1A0098_063   0.929  -4.345  -3.416
GLU-1A0098_064   0.957  -4.638  -3.680
GLU-1A0098_065   1.192  -5.033  -3.841
GLU-1A0098_066   0.403  -4.658  -4.254
GLU-1A0098_067   1.222  -4.637  -3.415
GLU-1A0098_068   0.654  -4.753  -4.099
GLU-1A0098_069   0.889  -5.066  -4.177
GLU-1A0098_070   1.202  -4.676  -3.474
GLU-1A0098_071   1.220  -4.473  -3.253
GLU-1A0098_072   0.673  -4.765  -4.092
