iConf CONFORMER     FL  occ    crg   Em0  pKa0 ne nH    vdw0    vdw1    tors    epol   dsolv   extra    history
00001 LYS01A0080_001 f 0.00  0.000     0  0.00  0  0 -10.744   0.429   1.065  -0.009  -0.122   0.000 01O000M000t
00002 LYS01A0080_002 f 0.00  0.000     0  0.00  0  0  -9.833   0.342   3.279  -0.014  -0.004   0.000 01E0A0M000t
00003 LYS01A0080_003 f 0.00  0.000     0  0.00  0  0  -7.994   0.337   4.198  -0.015  -0.158   0.000 01E0F2M000t
00004 LYS01A0080_004 f 0.00  0.000     0  0.00  0  0  -7.536   0.719   4.636  -0.018  -0.013   0.000 01E101M000t
00005 LYS01A0080_005 f 0.00  0.000     0  0.00  0  0 -11.174   0.730   1.725   0.004  -0.044   0.000 01E111M000t
00006 LYS01A0080_006 f 0.00  0.000     0  0.00  0  0  -8.563   0.131   4.063  -0.032  -0.071   0.000 01E11FM000t
00007 LYS01A0080_007 f 0.00  0.000     0  0.00  0  0 -11.197   1.398   4.245  -0.012  -0.012   0.000 01E147M000t
00008 LYS01A0080_008 f 0.00  0.000     0  0.00  0  0  -9.232   0.846   6.708  -0.066   0.043   0.000 01E14BM000t
00009 LYS01A0080_009 f 0.00  0.000     0  0.00  0  0  -9.123   0.628   1.646  -0.064   0.117   0.000 01E15AM000t
00010 LYS01A0080_010 f 0.00  0.000     0  0.00  0  0  -9.408   0.232   1.014  -0.028   0.179   0.000 01T013M000t
00011 LYS01A0080_011 f 0.00  0.000     0  0.00  0  0  -9.967   0.310   1.532  -0.003   0.196   0.000 01T014M000t
00012 LYS01A0080_012 f 0.00  0.000     0  0.00  0  0 -11.689   0.891   5.332  -0.008  -0.201   0.000 01T055M000t
00013 LYS01A0080_013 f 0.00  0.000     0  0.00  0  0 -10.699   0.460   0.870  -0.010  -0.020   0.000 01T057M000t
00014 LYS01A0080_014 f 0.00  0.000     0  0.00  0  0 -11.371   1.437   4.087  -0.008  -0.059   0.000 01T086M000t
00015 LYS01A0080_015 f 0.00  0.000     0  0.00  0  0  -9.816   0.290   3.482  -0.028   0.123   0.000 01T09BM000t
00016 LYS01A0080_016 f 0.00  0.000     0  0.00  0  0 -10.391   3.374   5.926  -0.016  -0.155   0.000 01T0ABM000t
00017 LYS01A0080_017 f 0.00  0.000     0  0.00  0  0 -10.223   0.343   3.285  -0.014   0.094   0.000 01T0B6M000t
00018 LYS01A0080_018 f 0.00  0.000     0  0.00  0  0  -9.414   0.543   1.650  -0.014  -0.072   0.000 01T0EDM000t
00019 LYS01A0080_019 f 0.00  0.000     0  0.00  0  0 -10.301   1.002   5.888   0.228  -0.133   0.000 01T144M000t
00020 LYS01A0080_020 f 0.00  0.000     0  0.00  0  0 -10.400   1.014   4.123  -0.036   0.042   0.000 01T14CM000t
00021 LYS+1A0080_021 f 0.00  1.000     0 10.40  0  1 -10.808   0.427   1.065   0.077  -0.023   0.000 +1O000M000t
00022 LYS+1A0080_022 f 0.00  1.000     0 10.40  0  1 -10.048   0.306   1.537   0.116   0.259   0.000 +1E014M000t
00023 LYS+1A0080_023 f 0.00  1.000     0 10.40  0  1 -11.623   0.892   5.383   0.015  -0.205   0.000 +1E055M000t
00024 LYS+1A0080_024 f 0.00  1.000     0 10.40  0  1 -11.325   1.439   4.091   0.054  -0.261   0.000 +1E086M000t
00025 LYS+1A0080_025 f 0.00  1.000     0 10.40  0  1  -9.920   0.289   3.529   0.079  -0.204   0.000 +1E09BM000t
00026 LYS+1A0080_026 f 0.00  1.000     0 10.40  0  1  -7.529   0.706   4.698   0.064  -0.158   0.000 +1E101M000t
00027 LYS+1A0080_027 f 0.00  1.000     0 10.40  0  1  -8.717   0.113   4.124   0.163   0.231   0.000 +1E11FM000t
00028 LYS+1A0080_028 f 0.00  1.000     0 10.40  0  1 -11.180   1.397   4.250   0.093  -0.195   0.000 +1E147M000t
00029 LYS+1A0080_029 f 0.00  1.000     0 10.40  0  1  -9.295   0.591   1.651   0.237   0.409   0.000 +1E15AM000t
00030 LYS+1A0080_030 f 0.00  1.000     0 10.40  0  1  -9.478   0.229   1.024   0.084   0.182   0.000 +1T013M000t
00031 LYS+1A0080_031 f 0.00  1.000     0 10.40  0  1 -10.734   0.454   0.871   0.088  -0.204   0.000 +1T057M000t
00032 LYS+1A0080_032 f 0.00  1.000     0 10.40  0  1  -9.979   0.340   3.319   0.087  -0.316   0.000 +1T0A0M000t
00033 LYS+1A0080_033 f 0.00  1.000     0 10.40  0  1 -10.378   3.372   5.961   0.045  -0.221   0.000 +1T0ABM000t
00034 LYS+1A0080_034 f 0.00  1.000     0 10.40  0  1 -10.325   0.338   3.313   0.057  -0.307   0.000 +1T0B6M000t
00035 LYS+1A0080_035 f 0.00  1.000     0 10.40  0  1  -9.480   0.545   1.653   0.091  -0.386   0.000 +1T0EDM000t
00036 LYS+1A0080_036 f 0.00  1.000     0 10.40  0  1  -8.123   0.338   4.294   0.071  -0.094   0.000 +1T0F2M000t
00037 LYS+1A0080_037 f 0.00  1.000     0 10.40  0  1 -11.209   0.709   1.733  -0.062  -0.132   0.000 +1T111M000t
00038 LYS+1A0080_038 f 0.00  1.000     0 10.40  0  1 -10.260   0.954   5.948   0.825  -0.202   0.000 +1T144M000t
00039 LYS+1A0080_039 f 0.00  1.000     0 10.40  0  1  -9.424   0.841   6.750   0.257   0.140   0.000 +1T14BM000t
00040 LYS+1A0080_040 f 0.00  1.000     0 10.40  0  1 -10.431   1.016   4.124   0.178  -0.063   0.000 +1T14CM000t
