CONFORMER         crg  vdw0  vdw1  tors  epol  self   occ  Hb     history    ASA
LYS01A0080_001  0.000-10.74  0.43  1.07  0.00 -9.25 0.502  00  01O000M000  1.000
LYS01A0080_002  0.000 -9.90  0.34  3.28  0.00 -6.28 0.501  00  01E0A0M000  1.000
LYS01A0080_003  0.000 -7.99  0.34  4.20  0.00 -3.45 0.502  00  01E0F2M000  1.000
LYS01A0080_004  0.000 -7.54  0.72  4.64  0.00 -2.18 0.502  00  01E101M000  1.000
LYS01A0080_005  0.000-11.17  0.73  1.72  0.00 -8.71 0.501  00  01E111M000  1.000
LYS01A0080_006  0.000 -8.56  0.13  4.06  0.00 -4.37 0.501  00  01E11FM000  1.000
LYS01A0080_007  0.000-11.20  1.40  4.24  0.00 -5.55 0.501  00  01E147M000  1.000
LYS01A0080_008  0.000 -9.23  0.85  6.71  0.00 -1.68 0.501  00  01E14BM000  1.000
LYS01A0080_009  0.000 -9.13  0.62  1.65  0.00 -6.86 0.501  00  01E15AM000  1.000
LYS01A0080_010  0.000 -9.41  0.23  1.01  0.00 -8.16 0.501  00  01T013M000  1.000
LYS01A0080_011  0.000 -9.96  0.31  1.53  0.00 -8.12 0.501  00  01T014M000  1.000
LYS01A0080_012  0.000-11.69  0.89  5.33  0.00 -5.47 0.501  00  01T055M000  1.000
LYS01A0080_013  0.000-10.70  0.46  0.87  0.00 -9.37 0.501  00  01T057M000  1.000
LYS01A0080_014  0.000-11.37  1.44  4.09  0.00 -5.84 0.501  00  01T086M000  1.000
LYS01A0080_015  0.000 -9.76  0.29  3.48  0.00 -5.99 0.502  00  01T09BM000  1.000
LYS01A0080_016  0.000-10.39  3.38  5.93  0.00 -1.09 0.501  00  01T0ABM000  1.000
LYS01A0080_017  0.000-10.23  0.34  3.29  0.00 -6.59 0.501  00  01T0B6M000  1.000
LYS01A0080_018  0.000 -9.42  0.54  1.65  0.00 -7.22 0.501  00  01T0EDM000  1.000
LYS01A0080_019  0.000-10.30  1.01  5.89  0.00 -3.40 0.501  00  01T144M000  1.000
LYS01A0080_020  0.000-10.40  1.02  4.12  0.00 -5.26 0.501  00  01T14CM000  1.000
LYS+1A0080_021  1.000-10.81  0.43  1.07  0.00 -9.31 0.502  00  +1O000M000  1.000
LYS+1A0080_022  1.000-10.05  0.31  1.54  0.00 -8.21 0.501  00  +1E014M000  1.000
LYS+1A0080_023  1.000-11.62  0.89  5.38  0.00 -5.35 0.501  00  +1E055M000  1.000
LYS+1A0080_024  1.000-11.33  1.44  4.09  0.00 -5.80 0.501  00  +1E086M000  1.000
LYS+1A0080_025  1.000 -9.87  0.29  3.53  0.00 -6.05 0.502  00  +1E09BM000  1.000
LYS+1A0080_026  1.000 -7.53  0.71  4.70  0.00 -2.12 0.502  00  +1E101M000  1.000
LYS+1A0080_027  1.000 -8.71  0.11  4.12  0.00 -4.48 0.501  00  +1E11FM000  1.000
LYS+1A0080_028  1.000-11.24  1.40  4.25  0.00 -5.59 0.501  00  +1E147M000  1.000
LYS+1A0080_029  1.000 -9.29  0.59  1.65  0.00 -7.05 0.501  00  +1E15AM000  1.000
LYS+1A0080_030  1.000 -9.48  0.23  1.02  0.00 -8.23 0.501  00  +1T013M000  1.000
LYS+1A0080_031  1.000-10.73  0.45  0.87  0.00 -9.41 0.501  00  +1T057M000  1.000
LYS+1A0080_032  1.000 -9.99  0.34  3.32  0.00 -6.33 0.501  00  +1T0A0M000  1.000
LYS+1A0080_033  1.000-10.38  3.37  5.96  0.00 -1.04 0.501  00  +1T0ABM000  1.000
LYS+1A0080_034  1.000-10.32  0.34  3.31  0.00 -6.67 0.501  00  +1T0B6M000  1.000
LYS+1A0080_035  1.000 -9.48  0.55  1.65  0.00 -7.28 0.501  00  +1T0EDM000  1.000
LYS+1A0080_036  1.000 -8.12  0.34  4.29  0.00 -3.49 0.502  00  +1T0F2M000  1.000
LYS+1A0080_037  1.000-11.21  0.71  1.73  0.00 -8.77 0.501  00  +1T111M000  1.000
LYS+1A0080_038  1.000-10.26  0.95  5.95  0.00 -3.36 0.501  00  +1T144M000  1.000
LYS+1A0080_039  1.000 -9.44  0.84  6.75  0.00 -1.85 0.501  00  +1T14BM000  1.000
LYS+1A0080_040  1.000-10.43  1.02  4.12  0.00 -5.29 0.501  00  +1T14CM000  1.000
