   confID        vdw0    sas     sum
LYS01A0080_001   1.128 -11.872 -10.744
LYS01A0080_002   2.216 -12.048  -9.833
LYS01A0080_003   4.618 -12.611  -7.994
LYS01A0080_004   4.931 -12.466  -7.536
LYS01A0080_005   1.505 -12.679 -11.174
LYS01A0080_006   3.628 -12.191  -8.563
LYS01A0080_007   1.498 -12.694 -11.197
LYS01A0080_008   3.210 -12.442  -9.232
LYS01A0080_009   3.333 -12.456  -9.123
LYS01A0080_010   2.185 -11.592  -9.408
LYS01A0080_011   2.176 -12.143  -9.967
LYS01A0080_012   1.112 -12.801 -11.689
LYS01A0080_013   1.530 -12.229 -10.699
LYS01A0080_014   1.343 -12.714 -11.371
LYS01A0080_015   2.063 -11.878  -9.816
LYS01A0080_016   1.756 -12.147 -10.391
LYS01A0080_017   2.034 -12.257 -10.223
LYS01A0080_018   2.505 -11.919  -9.414
LYS01A0080_019   2.164 -12.465 -10.301
LYS01A0080_020   2.195 -12.595 -10.400
LYS+1A0080_021   1.064 -11.872 -10.808
LYS+1A0080_022   2.095 -12.143 -10.048
LYS+1A0080_023   1.068 -12.691 -11.623
LYS+1A0080_024   1.299 -12.624 -11.325
LYS+1A0080_025   1.929 -11.849  -9.920
LYS+1A0080_026   4.899 -12.428  -7.529
LYS+1A0080_027   3.358 -12.075  -8.717
LYS+1A0080_028   1.450 -12.630 -11.180
LYS+1A0080_029   3.228 -12.524  -9.295
LYS+1A0080_030   2.114 -11.592  -9.478
LYS+1A0080_031   1.466 -12.200 -10.734
LYS+1A0080_032   2.217 -12.196  -9.979
LYS+1A0080_033   1.718 -12.096 -10.378
LYS+1A0080_034   1.996 -12.321 -10.325
LYS+1A0080_035   2.487 -11.967  -9.480
LYS+1A0080_036   4.643 -12.766  -8.123
LYS+1A0080_037   1.469 -12.679 -11.209
LYS+1A0080_038   2.150 -12.410 -10.260
LYS+1A0080_039   2.996 -12.420  -9.424
LYS+1A0080_040   2.177 -12.608 -10.431
