   confID        vdw0    sas     sum
MET01A0218_001  -0.183 -11.321 -11.503
MET01A0218_002  -0.213 -12.004 -12.217
MET01A0218_003  -0.156 -11.873 -12.029
MET01A0218_004   0.364 -11.225 -10.861
MET01A0218_005   0.366 -11.808 -11.442
MET01A0218_006  -0.131 -11.639 -11.770
MET01A0218_007  -0.047 -12.063 -12.110
MET01A0218_008  -0.003 -11.977 -11.980
MET01A0218_009   0.036 -11.901 -11.865
MET01A0218_010  -0.201 -12.002 -12.203
MET01A0218_011  -0.162 -11.737 -11.899
MET01A0218_012   0.338 -11.526 -11.188
MET01A0218_013  -0.163 -12.238 -12.402
MET01A0218_014  -0.161 -12.163 -12.324
MET01A0218_015   0.063 -12.061 -11.998
MET01A0218_016   0.058 -11.996 -11.938
MET01A0218_017  -0.137 -12.248 -12.385
MET01A0218_018  -0.141 -11.825 -11.966
MET01A0218_019   0.059 -11.793 -11.735
MET01A0218_020  -0.077 -11.744 -11.821
