iConf CONFORMER     FL  occ    crg   Em0  pKa0 ne nH    vdw0    vdw1    tors    epol   dsolv   extra    history
00001 LYS01A0018_001 f 0.00  0.000     0  0.00  0  0 -12.062   0.590   0.865  -0.007   0.028   0.000 01O000M000t
00002 LYS01A0018_002 f 0.00  0.000     0  0.00  0  0  -9.689   3.487   4.151  -0.024   0.118   0.000 01E0A9M000t
00003 LYS01A0018_003 f 0.00  0.000     0  0.00  0  0 -10.257   2.760   1.512  -0.020  -0.026   0.000 01E0E8M000t
00004 LYS01A0018_004 f 0.00  0.000     0  0.00  0  0  -9.443   0.845   4.349  -0.036  -0.094   0.000 01E127M000t
00005 LYS01A0018_005 f 0.00  0.000     0  0.00  0  0  -9.132   2.546   3.714  -0.048   0.142   0.000 01E13BM000t
00006 LYS01A0018_006 f 0.00  0.000     0  0.00  0  0 -10.104   2.549   4.308  -0.033   0.228   0.000 01E13EM000t
00007 LYS01A0018_007 f 0.00  0.000     0  0.00  0  0 -12.325   2.505   0.877  -0.013   0.007   0.000 01T006M000t
00008 LYS01A0018_008 f 0.00  0.000     0  0.00  0  0 -10.641   3.764   1.505   0.000  -0.021   0.000 01T01DM000t
00009 LYS01A0018_009 f 0.00  0.000     0  0.00  0  0  -7.151   0.700   2.087  -0.009  -0.052   0.000 01T031M000t
00010 LYS01A0018_010 f 0.00  0.000     0  0.00  0  0  -9.595   1.109   1.504  -0.012   0.016   0.000 01T042M000t
00011 LYS01A0018_011 f 0.00  0.000     0  0.00  0  0  -9.622   2.098   4.244  -0.060   0.014   0.000 01T045M000t
00012 LYS01A0018_012 f 0.00  0.000     0  0.00  0  0 -11.386   1.149   3.644  -0.017  -0.098   0.000 01T05BM000t
00013 LYS01A0018_013 f 0.00  0.000     0  0.00  0  0  -6.078   2.771   2.080   0.083  -0.135   0.000 01T106M000t
00014 LYS01A0018_014 f 0.00  0.000     0  0.00  0  0  -8.849   2.730   4.316   0.009   0.002   0.000 01T107M000t
00015 LYS01A0018_015 f 0.00  0.000     0  0.00  0  0  -8.412   1.099   1.573  -0.004   0.064   0.000 01T111M000t
00016 LYS01A0018_016 f 0.00  0.000     0  0.00  0  0  -6.473   1.002   4.936  -0.319   0.193   0.000 01T113M000t
00017 LYS01A0018_017 f 0.00  0.000     0  0.00  0  0 -10.355   1.811   1.597  -0.035   0.016   0.000 01T11EM000t
00018 LYS01A0018_018 f 0.00  0.000     0  0.00  0  0 -10.393   1.857   4.377  -0.025   0.026   0.000 01T120M000t
00019 LYS01A0018_019 f 0.00  0.000     0  0.00  0  0 -10.141   3.470   4.170  -0.030   0.094   0.000 01T131M000t
00020 LYS01A0018_020 f 0.00  0.000     0  0.00  0  0 -10.164   2.474   7.089  -0.029   0.077   0.000 01T136M000t
00021 LYS+1A0018_021 f 0.00  1.000     0 10.40  0  1 -12.108   0.589   0.865   0.030  -0.173   0.000 +1O000M000t
00022 LYS+1A0018_022 f 0.00  1.000     0 10.40  0  1 -12.371   2.521   0.879   0.103  -0.262   0.000 +1E006M000t
00023 LYS+1A0018_023 f 0.00  1.000     0 10.40  0  1  -9.617   1.114   1.509   0.071  -0.408   0.000 +1E042M000t
00024 LYS+1A0018_024 f 0.00  1.000     0 10.40  0  1  -8.500   1.104   1.574   0.034   0.025   0.000 +1E111M000t
00025 LYS+1A0018_025 f 0.00  1.000     0 10.40  0  1 -10.431   1.826   1.600   0.131  -0.036   0.000 +1E11EM000t
00026 LYS+1A0018_026 f 0.00  1.000     0 10.40  0  1  -9.511   0.847   4.349   0.179   0.050   0.000 +1E127M000t
00027 LYS+1A0018_027 f 0.00  1.000     0 10.40  0  1 -10.153   3.467   4.178   0.115   0.064   0.000 +1E131M000t
00028 LYS+1A0018_028 f 0.00  1.000     0 10.40  0  1 -10.167   2.457   7.090   0.132  -0.121   0.000 +1E136M000t
00029 LYS+1A0018_029 f 0.00  1.000     0 10.40  0  1 -10.177   2.535   4.309   0.092   0.225   0.000 +1E13EM000t
00030 LYS+1A0018_030 f 0.00  1.000     0 10.40  0  1 -10.689   3.766   1.505   0.002  -0.383   0.000 +1T01DM000t
00031 LYS+1A0018_031 f 0.00  1.000     0 10.40  0  1  -7.245   0.700   2.088   0.016  -0.248   0.000 +1T031M000t
00032 LYS+1A0018_032 f 0.00  1.000     0 10.40  0  1  -9.725   2.096   4.245   0.260  -0.105   0.000 +1T045M000t
00033 LYS+1A0018_033 f 0.00  1.000     0 10.40  0  1 -11.432   1.150   3.644  -0.005  -0.397   0.000 +1T05BM000t
00034 LYS+1A0018_034 f 0.00  1.000     0 10.40  0  1  -9.787   3.478   4.152  -0.091   0.264   0.000 +1T0A9M000t
00035 LYS+1A0018_035 f 0.00  1.000     0 10.40  0  1 -10.272   2.805   1.515   0.083   0.017   0.000 +1T0E8M000t
00036 LYS+1A0018_036 f 0.00  1.000     0 10.40  0  1  -6.084   2.786   2.085  -0.378   0.150   0.000 +1T106M000t
00037 LYS+1A0018_037 f 0.00  1.000     0 10.40  0  1  -8.897   2.716   4.317   0.032   0.014   0.000 +1T107M000t
00038 LYS+1A0018_038 f 0.00  1.000     0 10.40  0  1  -6.624   1.068   4.938  -0.764   0.297   0.000 +1T113M000t
00039 LYS+1A0018_039 f 0.00  1.000     0 10.40  0  1 -10.331   1.871   4.384   0.108  -0.175   0.000 +1T120M000t
00040 LYS+1A0018_040 f 0.00  1.000     0 10.40  0  1  -9.221   2.536   3.715   0.142  -0.140   0.000 +1T13BM000t
