iConf CONFORMER     FL  occ    crg   Em0  pKa0 ne nH    vdw0    vdw1    tors    epol   dsolv   extra    history
00001 MET01A0191_001 f 0.00  0.000     0  0.00  0  0 -11.793   1.596   1.196   0.087   0.043   0.000 01O000M000t
00002 MET01A0191_002 f 0.00  0.000     0  0.00  0  0 -11.099   3.363   3.310   0.086   0.041   0.000 01R003M000t
00003 MET01A0191_003 f 0.00  0.000     0  0.00  0  0 -11.544   4.939   3.641   0.069   0.041   0.000 01R00BM000t
00004 MET01A0191_004 f 0.00  0.000     0  0.00  0  0  -7.782   1.492   1.179   0.087   0.043   0.000 01R00DM000t
00005 MET01A0191_005 f 0.00  0.000     0  0.00  0  0 -11.864   1.648   1.180   0.088   0.043   0.000 01R011M000t
00006 MET01A0191_006 f 0.00  0.000     0  0.00  0  0 -10.005   2.356   3.674   0.056   0.043   0.000 01R013M000t
00007 MET01A0191_007 f 0.00  0.000     0  0.00  0  0  -9.797   2.731   0.495   0.037   0.043   0.000 01R017M000t
00008 MET01A0191_008 f 0.00  0.000     0  0.00  0  0 -11.128   2.538   3.252   0.075   0.044   0.000 01R024M000t
00009 MET01A0191_009 f 0.00  0.000     0  0.00  0  0 -12.155   2.987   1.026   0.009   0.043   0.000 01R037M000t
00010 MET01A0191_010 f 0.00  0.000     0  0.00  0  0 -11.073   2.290   3.451   0.036   0.045   0.000 01R038M000t
00011 MET01A0191_011 f 0.00  0.000     0  0.00  0  0 -11.341   2.166   3.297   0.040   0.042   0.000 01R03AM000t
00012 MET01A0191_012 f 0.00  0.000     0  0.00  0  0 -11.958   2.551   3.701   0.003   0.045   0.000 01T007M000t
00013 MET01A0191_013 f 0.00  0.000     0  0.00  0  0 -11.151   1.965   3.464   0.035   0.041   0.000 01T009M000t
00014 MET01A0191_014 f 0.00  0.000     0  0.00  0  0 -11.189   4.702   3.288   0.003   0.045   0.000 01T00CM000t
00015 MET01A0191_015 f 0.00  0.000     0  0.00  0  0 -10.980   2.704   3.368   0.077   0.044   0.000 01T01CM000t
00016 MET01A0191_016 f 0.00  0.000     0  0.00  0  0 -11.605   3.137   6.143   0.048   0.043   0.000 01T026M000t
00017 MET01A0191_017 f 0.00  0.000     0  0.00  0  0 -11.704   6.598   3.970   0.018   0.043   0.000 01T028M000t
00018 MET01A0191_018 f 0.00  0.000     0  0.00  0  0 -11.282   3.145   5.711   0.043   0.044   0.000 01T030M000t
00019 MET01A0191_019 f 0.00  0.000     0  0.00  0  0 -11.188   2.146   3.411   0.040   0.044   0.000 01T031M000t
00020 MET01A0191_020 f 0.00  0.000     0  0.00  0  0 -11.603   1.973   3.362   0.028   0.046   0.000 01T039M000t
