iConf CONFORMER     FL  occ    crg   Em0  pKa0 ne nH    vdw0    vdw1    tors    epol   dsolv   extra    history
00001 HIS01A0139_001 f 0.00  0.000     0  0.00  0  0 -11.355   2.028   0.001   0.249   0.262   0.000 01O000M000t
00002 HIS01A0139_002 f 0.00  0.000     0  0.00  0  0 -11.309   2.457   0.001   0.125   0.462   0.000 01E004M000t
00003 HIS01A0139_003 f 0.00  0.000     0  0.00  0  0 -11.635   2.269   0.000   0.133   0.489   0.000 01E006M000t
00004 HIS01A0139_004 f 0.00  0.000     0  0.00  0  0 -11.695   2.049   0.001   0.279   0.192   0.000 01E007M000t
00005 HIS01A0139_005 f 0.00  0.000     0  0.00  0  0 -11.436   6.263   0.003   0.395   0.654   0.000 01E00AM000t
00006 HIS01A0139_006 f 0.00  0.000     0  0.00  0  0 -11.306   4.906   0.000   0.596   0.540   0.000 01E00BM000t
00007 HIS01A0139_007 f 0.00  0.000     0  0.00  0  0 -11.116   4.307   0.002   0.286   0.414   0.000 01E00DM000t
00008 HIS01A0139_008 f 0.00  0.000     0  0.00  0  0 -11.447   5.409   0.012   0.416   0.394   0.000 01E010M000t
00009 HIS01A0139_009 f 0.00  0.000     0  0.00  0  0 -11.766   8.944   2.799   0.141   0.325   0.000 01E012M000t
00010 HIS01A0139_010 f 0.00  0.000     0  0.00  0  0 -11.587   7.585   2.800   0.294   0.193   0.000 01E014M000t
00011 HIS01A0139_011 f 0.00  0.000     0  0.00  0  0 -11.862   7.989   2.799   0.322   0.323   0.000 01E015M000t
00012 HIS01A0139_012 f 0.00  0.000     0  0.00  0  0 -11.473   4.106   0.000   0.191   0.370   0.000 01T002M000t
00013 HIS01A0139_013 f 0.00  0.000     0  0.00  0  0 -11.240   7.239   2.799   0.299   0.326   0.000 01T003M000t
00014 HIS01A0139_014 f 0.00  0.000     0  0.00  0  0 -12.286   6.177   0.002  -0.102   0.579   0.000 01T005M000t
00015 HIS01A0139_015 f 0.00  0.000     0  0.00  0  0 -12.005   6.361   0.005   0.203   0.306   0.000 01T00FM000t
00016 HIS01A0139_016 f 0.00  0.000     0  0.00  0  0 -12.040   8.027   2.800   0.166   0.433   0.000 01T011M000t
00017 HIS01A0139_017 f 0.00  0.000     0  0.00  0  0 -11.327   7.277   2.799   0.214   0.195   0.000 01T013M000t
00018 HIS02A0139_018 f 0.00  0.000     0  0.00  0  0 -11.375   2.017   0.001   0.202   0.220   0.000 02O000M000t
00019 HIS02A0139_019 f 0.00  0.000     0  0.00  0  0 -11.261   7.222   2.799   0.126   0.140   0.000 02E003M000t
00020 HIS02A0139_020 f 0.00  0.000     0  0.00  0  0 -11.325   2.417   0.001   0.155   0.390   0.000 02E004M000t
00021 HIS02A0139_021 f 0.00  0.000     0  0.00  0  0 -11.653   2.212   0.000   0.161   0.272   0.000 02E006M000t
00022 HIS02A0139_022 f 0.00  0.000     0  0.00  0  0 -11.722   2.025   0.001   0.177   0.281   0.000 02E007M000t
00023 HIS02A0139_023 f 0.00  0.000     0  0.00  0  0 -11.662   5.385   0.006   0.114   0.511   0.000 02E009M000t
00024 HIS02A0139_024 f 0.00  0.000     0  0.00  0  0 -11.394   6.411   0.004   0.295   0.593   0.000 02E00AM000t
00025 HIS02A0139_025 f 0.00  0.000     0  0.00  0  0 -11.384   5.022   0.000  -0.137   0.419   0.000 02E00BM000t
00026 HIS02A0139_026 f 0.00  0.000     0  0.00  0  0 -11.225   3.951   0.003   0.229   0.140   0.000 02E00CM000t
00027 HIS02A0139_027 f 0.00  0.000     0  0.00  0  0 -11.027   4.305   0.002   0.250   0.333   0.000 02E00DM000t
00028 HIS02A0139_028 f 0.00  0.000     0  0.00  0  0 -11.835   6.333   0.005   0.173   0.135   0.000 02E00FM000t
00029 HIS02A0139_029 f 0.00  0.000     0  0.00  0  0 -11.531   5.312   0.014   0.359   0.199   0.000 02E010M000t
00030 HIS02A0139_030 f 0.00  0.000     0  0.00  0  0 -11.925   7.992   2.800   0.240   0.056   0.000 02E011M000t
00031 HIS02A0139_031 f 0.00  0.000     0  0.00  0  0 -11.544   4.123   0.000   0.120   0.224   0.000 02T002M000t
00032 HIS02A0139_032 f 0.00  0.000     0  0.00  0  0 -12.249   6.108   0.004   1.171   0.518   0.000 02T005M000t
00033 HIS02A0139_033 f 0.00  0.000     0  0.00  0  0 -11.741   8.901   2.799   0.216   0.139   0.000 02T012M000t
00034 HIS02A0139_034 f 0.00  0.000     0  0.00  0  0 -11.346   7.253   2.799   0.178   0.297   0.000 02T013M000t
00035 HIS02A0139_035 f 0.00  0.000     0  0.00  0  0 -11.673   7.583   2.800   0.231   0.250   0.000 02T014M000t
00036 HIS02A0139_036 f 0.00  0.000     0  0.00  0  0 -11.884   8.002   2.799   0.209   0.098   0.000 02T015M000t
00037 HIS+1A0139_037 f 0.00  1.000     0  6.98  0  1 -11.401   2.014   0.001   0.470  -0.406   0.000 +1O000M000t
00038 HIS+1A0139_038 f 0.00  1.000     0  6.98  0  1 -11.137   1.975   0.001   0.464  -0.429   0.000 +1R001M000t
00039 HIS+1A0139_039 f 0.00  1.000     0  6.98  0  1 -11.352   2.415   0.001   0.424  -0.260   0.000 +1E004M000t
00040 HIS+1A0139_040 f 0.00  1.000     0  6.98  0  1 -11.421   6.465   0.004   0.257   0.077   0.000 +1E00AM000t
00041 HIS+1A0139_041 f 0.00  1.000     0  6.98  0  1 -11.879   6.624   0.004   0.078  -0.385   0.000 +1E00FM000t
00042 HIS+1A0139_042 f 0.00  1.000     0  6.98  0  1 -11.951   7.979   2.800   0.503  -0.185   0.000 +1E011M000t
00043 HIS+1A0139_043 f 0.00  1.000     0  6.98  0  1 -11.372   7.235   2.799   0.392  -0.555   0.000 +1E013M000t
00044 HIS+1A0139_044 f 0.00  1.000     0  6.98  0  1 -11.750   7.549   2.800   0.445  -0.308   0.000 +1E014M000t
00045 HIS+1A0139_045 f 0.00  1.000     0  6.98  0  1 -11.638   4.208   0.000   0.084  -0.191   0.000 +1T002M000t
00046 HIS+1A0139_046 f 0.00  1.000     0  6.98  0  1 -11.286   7.212   2.799   0.343  -0.372   0.000 +1T003M000t
00047 HIS+1A0139_047 f 0.00  1.000     0  6.98  0  1 -12.276   6.106   0.004   1.539   0.066   0.000 +1T005M000t
00048 HIS+1A0139_048 f 0.00  1.000     0  6.98  0  1 -11.630   2.025   0.001   0.467  -0.247   0.000 +1T007M000t
00049 HIS+1A0139_049 f 0.00  1.000     0  6.98  0  1 -11.490   5.429   0.005  -0.008   0.000   0.000 +1T009M000t
00050 HIS+1A0139_050 f 0.00  1.000     0  6.98  0  1 -11.483   5.142   0.000  -0.338  -0.115   0.000 +1T00BM000t
00051 HIS+1A0139_051 f 0.00  1.000     0  6.98  0  1 -11.114   4.283   0.001   0.168  -0.238   0.000 +1T00DM000t
00052 HIS+1A0139_052 f 0.00  1.000     0  6.98  0  1 -11.543   5.433   0.011   0.302  -0.576   0.000 +1T010M000t
00053 HIS+1A0139_053 f 0.00  1.000     0  6.98  0  1 -11.721   8.885   2.799   0.421  -0.320   0.000 +1T012M000t
00054 HIS+1A0139_054 f 0.00  1.000     0  6.98  0  1 -11.911   7.978   2.799   0.415  -0.473   0.000 +1T015M000t
