   confID        vdw0    sas     sum
HIS01A0139_001  -0.119 -11.236 -11.355
HIS01A0139_002  -0.295 -11.014 -11.309
HIS01A0139_003  -0.165 -11.471 -11.635
HIS01A0139_004  -0.152 -11.542 -11.695
HIS01A0139_005  -0.345 -11.091 -11.436
HIS01A0139_006  -0.150 -11.157 -11.306
HIS01A0139_007  -0.232 -10.884 -11.116
HIS01A0139_008  -0.218 -11.229 -11.447
HIS01A0139_009  -0.337 -11.429 -11.766
HIS01A0139_010  -0.151 -11.436 -11.587
HIS01A0139_011  -0.229 -11.634 -11.862
HIS01A0139_012  -0.116 -11.356 -11.473
HIS01A0139_013  -0.120 -11.119 -11.240
HIS01A0139_014  -0.341 -11.945 -12.286
HIS01A0139_015  -0.180 -11.825 -12.005
HIS01A0139_016  -0.294 -11.747 -12.040
HIS01A0139_017  -0.169 -11.157 -11.327
HIS02A0139_018  -0.139 -11.236 -11.375
HIS02A0139_019  -0.142 -11.119 -11.261
HIS02A0139_020  -0.311 -11.014 -11.325
HIS02A0139_021  -0.182 -11.471 -11.653
HIS02A0139_022  -0.174 -11.549 -11.722
HIS02A0139_023  -0.308 -11.354 -11.662
HIS02A0139_024  -0.355 -11.039 -11.394
HIS02A0139_025  -0.172 -11.212 -11.384
HIS02A0139_026  -0.175 -11.050 -11.225
HIS02A0139_027  -0.254 -10.773 -11.027
HIS02A0139_028  -0.191 -11.645 -11.835
HIS02A0139_029  -0.238 -11.293 -11.531
HIS02A0139_030  -0.310 -11.615 -11.925
HIS02A0139_031  -0.136 -11.408 -11.544
HIS02A0139_032  -0.355 -11.894 -12.249
HIS02A0139_033  -0.351 -11.390 -11.741
HIS02A0139_034  -0.188 -11.157 -11.346
HIS02A0139_035  -0.173 -11.500 -11.673
HIS02A0139_036  -0.250 -11.634 -11.884
HIS+1A0139_037  -0.166 -11.236 -11.401
HIS+1A0139_038  -0.090 -11.047 -11.137
HIS+1A0139_039  -0.338 -11.014 -11.352
HIS+1A0139_040  -0.381 -11.039 -11.421
HIS+1A0139_041  -0.219 -11.660 -11.879
HIS+1A0139_042  -0.337 -11.615 -11.951
HIS+1A0139_043  -0.215 -11.157 -11.372
HIS+1A0139_044  -0.199 -11.552 -11.750
HIS+1A0139_045  -0.162 -11.475 -11.638
HIS+1A0139_046  -0.167 -11.119 -11.286
HIS+1A0139_047  -0.382 -11.894 -12.276
HIS+1A0139_048  -0.199 -11.431 -11.630
HIS+1A0139_049  -0.335 -11.154 -11.490
HIS+1A0139_050  -0.199 -11.284 -11.483
HIS+1A0139_051  -0.281 -10.833 -11.114
HIS+1A0139_052  -0.265 -11.278 -11.543
HIS+1A0139_053  -0.378 -11.343 -11.721
HIS+1A0139_054  -0.277 -11.634 -11.911
