   confID        vdw0    sas     sum
GLU01A0295_001   0.756  -4.918  -4.162
GLU01A0295_002   0.796  -4.821  -4.025
GLU01A0295_003   0.756  -4.986  -4.231
GLU01A0295_004   0.972  -4.784  -3.813
GLU01A0295_005   0.972  -4.874  -3.902
GLU01A0295_006   0.819  -4.789  -3.970
GLU01A0295_007   2.183  -4.700  -2.517
GLU01A0295_008   0.938  -4.861  -3.923
GLU01A0295_009   0.795  -4.782  -3.988
GLU01A0295_010   0.972  -4.784  -3.813
GLU01A0295_011   0.819  -4.789  -3.970
GLU01A0295_012   2.183  -4.794  -2.611
GLU02A0295_013   0.861  -5.050  -4.188
GLU02A0295_014   0.989  -4.736  -3.747
GLU02A0295_015   0.861  -5.050  -4.188
GLU02A0295_016   0.968  -4.719  -3.751
GLU02A0295_017   1.713  -4.844  -3.131
GLU02A0295_018   2.129  -4.676  -2.546
GLU02A0295_019   0.991  -4.821  -3.830
GLU02A0295_020   0.918  -4.783  -3.865
GLU02A0295_021   0.968  -4.719  -3.751
GLU02A0295_022   1.066  -4.800  -3.734
GLU02A0295_023   1.062  -4.820  -3.757
GLU02A0295_024   0.960  -4.764  -3.803
GLU-1A0295_025   0.664  -4.981  -4.317
GLU-1A0295_026   0.846  -4.599  -3.753
GLU-1A0295_027   0.841  -4.582  -3.741
GLU-1A0295_028   0.737  -4.620  -3.884
GLU-1A0295_029   0.729  -4.719  -3.990
GLU-1A0295_030   1.569  -4.550  -2.982
