iConf CONFORMER     FL  occ    crg   Em0  pKa0 ne nH    vdw0    vdw1    tors    epol   dsolv   extra    history
00001 LYS01A0201_001 f 0.00  0.000     0  0.00  0  0 -12.269   0.583   0.836  -0.013   0.051   0.000 01O000M000t
00002 LYS01A0201_002 f 0.00  0.000     0  0.00  0  0 -12.099   1.263   3.548  -0.009   0.006   0.000 01E001M000t
00003 LYS01A0201_003 f 0.00  0.000     0  0.00  0  0 -11.054   2.727   1.428   0.005   0.019   0.000 01E010M000t
00004 LYS01A0201_004 f 0.00  0.000     0  0.00  0  0 -10.993   4.102   4.191  -0.006  -0.052   0.000 01E024M000t
00005 LYS01A0201_005 f 0.00  0.000     0  0.00  0  0  -8.984   0.865   2.105  -0.011   0.089   0.000 01E04DM000t
00006 LYS01A0201_006 f 0.00  0.000     0  0.00  0  0  -6.018   0.725   4.240  -0.035  -0.053   0.000 01E06EM000t
00007 LYS01A0201_007 f 0.00  0.000     0  0.00  0  0  -9.980   1.040   3.637  -0.001   0.034   0.000 01E0B5M000t
00008 LYS01A0201_008 f 0.00  0.000     0  0.00  0  0  -8.033   0.249   4.870  -0.102   0.113   0.000 01E0EAM000t
00009 LYS01A0201_009 f 0.00  0.000     0  0.00  0  0 -10.281   2.376   1.510  -0.038   0.159   0.000 01E0F6M000t
00010 LYS01A0201_010 f 0.00  0.000     0  0.00  0  0 -10.565   1.637   4.320  -0.052   0.132   0.000 01E113M000t
00011 LYS01A0201_011 f 0.00  0.000     0  0.00  0  0  -9.627   2.953   1.586   0.653   0.210   0.000 01E14DM000t
00012 LYS01A0201_012 f 0.00  0.000     0  0.00  0  0 -10.261   3.138   0.873  -0.009   0.063   0.000 01T026M000t
00013 LYS01A0201_013 f 0.00  0.000     0  0.00  0  0  -8.999   0.865   2.113  -0.024  -0.006   0.000 01T031M000t
00014 LYS01A0201_014 f 0.00  0.000     0  0.00  0  0  -9.159   1.012   2.107  -0.012   0.052   0.000 01T034M000t
00015 LYS01A0201_015 f 0.00  0.000     0  0.00  0  0 -11.390   1.303   1.563  -0.037  -0.109   0.000 01T049M000t
00016 LYS01A0201_016 f 0.00  0.000     0  0.00  0  0 -11.826   0.587   3.627  -0.017  -0.087   0.000 01T056M000t
00017 LYS01A0201_017 f 0.00  0.000     0  0.00  0  0 -11.183   0.549   0.831  -0.018  -0.040   0.000 01T059M000t
00018 LYS01A0201_018 f 0.00  0.000     0  0.00  0  0 -10.876   0.767   0.824  -0.004  -0.061   0.000 01T060M000t
00019 LYS01A0201_019 f 0.00  0.000     0  0.00  0  0 -11.421   1.973   3.686  -0.030   0.100   0.000 01T081M000t
00020 LYS01A0201_020 f 0.00  0.000     0  0.00  0  0  -7.889   0.441   2.072  -0.054   0.098   0.000 01T0ECM000t
00021 LYS+1A0201_021 f 0.00  1.000     0 10.40  0  1 -12.314   0.583   0.836   0.050  -0.551   0.000 +1O000M000t
00022 LYS+1A0201_022 f 0.00  1.000     0 10.40  0  1 -11.036   4.106   4.192   0.033  -0.249   0.000 +1E024M000t
00023 LYS+1A0201_023 f 0.00  1.000     0 10.40  0  1 -10.254   3.158   0.875   0.042  -0.494   0.000 +1E026M000t
00024 LYS+1A0201_024 f 0.00  1.000     0 10.40  0  1  -9.204   1.011   2.108   0.069  -0.223   0.000 +1E034M000t
00025 LYS+1A0201_025 f 0.00  1.000     0 10.40  0  1  -9.031   0.863   2.105   0.024  -0.237   0.000 +1E04DM000t
00026 LYS+1A0201_026 f 0.00  1.000     0 10.40  0  1 -11.809   0.584   3.628   0.041  -0.179   0.000 +1E056M000t
00027 LYS+1A0201_027 f 0.00  1.000     0 10.40  0  1 -11.268   0.545   0.831   0.110  -0.195   0.000 +1E059M000t
00028 LYS+1A0201_028 f 0.00  1.000     0 10.40  0  1 -10.943   0.767   0.824   0.080  -0.024   0.000 +1E060M000t
00029 LYS+1A0201_029 f 0.00  1.000     0 10.40  0  1  -6.095   0.721   4.239   0.151  -0.074   0.000 +1E06EM000t
00030 LYS+1A0201_030 f 0.00  1.000     0 10.40  0  1 -10.009   1.033   3.641   0.113   0.195   0.000 +1E0B5M000t
00031 LYS+1A0201_031 f 0.00  1.000     0 10.40  0  1  -8.048   0.232   4.869  -0.024   0.133   0.000 +1E0EAM000t
00032 LYS+1A0201_032 f 0.00  1.000     0 10.40  0  1  -7.983   0.432   2.073   0.198  -0.181   0.000 +1E0ECM000t
00033 LYS+1A0201_033 f 0.00  1.000     0 10.40  0  1 -10.351   2.420   1.510   0.155   0.213   0.000 +1E0F6M000t
00034 LYS+1A0201_034 f 0.00  1.000     0 10.40  0  1 -10.712   1.623   4.322   0.142   0.055   0.000 +1E113M000t
00035 LYS+1A0201_035 f 0.00  1.000     0 10.40  0  1  -9.658   3.170   1.583   1.494   0.563   0.000 +1E14DM000t
00036 LYS+1A0201_036 f 0.00  1.000     0 10.40  0  1 -12.081   1.260   3.548   0.049  -0.286   0.000 +1T001M000t
00037 LYS+1A0201_037 f 0.00  1.000     0 10.40  0  1 -11.094   2.774   1.431  -0.022  -0.199   0.000 +1T010M000t
00038 LYS+1A0201_038 f 0.00  1.000     0 10.40  0  1  -9.037   0.864   2.114   0.128  -0.230   0.000 +1T031M000t
00039 LYS+1A0201_039 f 0.00  1.000     0 10.40  0  1 -11.489   1.297   1.563   0.197  -0.139   0.000 +1T049M000t
00040 LYS+1A0201_040 f 0.00  1.000     0 10.40  0  1 -11.507   1.959   3.686   0.105  -0.058   0.000 +1T081M000t
