   confID        vdw0    sas     sum
LYS01A0201_001   0.577 -12.846 -12.269
LYS01A0201_002   0.572 -12.672 -12.099
LYS01A0201_003   1.119 -12.173 -11.054
LYS01A0201_004   1.502 -12.495 -10.993
LYS01A0201_005   3.546 -12.530  -8.984
LYS01A0201_006   5.980 -11.998  -6.018
LYS01A0201_007   2.303 -12.284  -9.980
LYS01A0201_008   4.300 -12.333  -8.033
LYS01A0201_009   1.920 -12.201 -10.281
LYS01A0201_010   2.057 -12.622 -10.565
LYS01A0201_011   2.395 -12.021  -9.627
LYS01A0201_012   1.812 -12.073 -10.261
LYS01A0201_013   3.586 -12.585  -8.999
LYS01A0201_014   3.565 -12.723  -9.159
LYS01A0201_015   1.395 -12.785 -11.390
LYS01A0201_016   1.026 -12.852 -11.826
LYS01A0201_017   1.313 -12.496 -11.183
LYS01A0201_018   1.241 -12.116 -10.876
LYS01A0201_019   1.223 -12.644 -11.421
LYS01A0201_020   4.417 -12.307  -7.889
LYS+1A0201_021   0.532 -12.846 -12.314
LYS+1A0201_022   1.459 -12.495 -11.036
LYS+1A0201_023   1.768 -12.022 -10.254
LYS+1A0201_024   3.520 -12.723  -9.204
LYS+1A0201_025   3.499 -12.530  -9.031
LYS+1A0201_026   0.979 -12.788 -11.809
LYS+1A0201_027   1.228 -12.496 -11.268
LYS+1A0201_028   1.173 -12.116 -10.943
LYS+1A0201_029   5.903 -11.998  -6.095
LYS+1A0201_030   2.224 -12.232 -10.009
LYS+1A0201_031   4.233 -12.281  -8.048
LYS+1A0201_032   4.324 -12.307  -7.983
LYS+1A0201_033   1.850 -12.201 -10.351
LYS+1A0201_034   1.978 -12.690 -10.712
LYS+1A0201_035   2.364 -12.021  -9.658
LYS+1A0201_036   0.526 -12.608 -12.081
LYS+1A0201_037   1.079 -12.173 -11.094
LYS+1A0201_038   3.548 -12.585  -9.037
LYS+1A0201_039   1.347 -12.836 -11.489
LYS+1A0201_040   1.137 -12.644 -11.507
