iConf CONFORMER     FL  occ    crg   Em0  pKa0 ne nH    vdw0    vdw1    tors    epol   dsolv   extra    history
00001 GLU01A0032_001 f 0.00  0.000     0  0.00  0  0  -2.374   0.958   3.024   0.128  -0.192   0.000 01O000M000t
00002 GLU01A0032_002 f 0.00  0.000     0  0.00  0  0  -3.150   2.807   2.967   0.460  -0.055   0.000 01E002M000t
00003 GLU01A0032_003 f 0.00  0.000     0  0.00  0  0  -3.744   2.027   3.617   0.140  -0.432   0.000 01E005M000t
00004 GLU01A0032_004 f 0.00  0.000     0  0.00  0  0  -3.840   1.137   3.229   0.127  -0.472   0.000 01E007M000t
00005 GLU01A0032_005 f 0.00  0.000     0  0.00  0  0  -2.413   0.958   0.304   0.042   0.559   0.000 01O000M000t
00006 GLU01A0032_006 f 0.00  0.000     0  0.00  0  0  -3.860   2.022   0.838   0.087   0.578   0.000 01E005M000t
00007 GLU01A0032_007 f 0.00  0.000     0  0.00  0  0  -3.722   1.243   0.471   0.065   0.552   0.000 01E007M000t
00008 GLU01A0032_008 f 0.00  0.000     0  0.00  0  0  -3.556   0.925   3.183   0.077  -0.693   0.000 01T004M000t
00009 GLU01A0032_009 f 0.00  0.000     0  0.00  0  0  -3.839   2.788   3.615  -0.023  -0.414   0.000 01T008M000t
00010 GLU01A0032_010 f 0.00  0.000     0  0.00  0  0  -3.568   0.925   0.463   0.050   0.545   0.000 01T004M000t
00011 GLU01A0032_011 f 0.00  0.000     0  0.00  0  0  -3.145   2.837   0.247   0.151   0.583   0.000 01T002M000t
00012 GLU01A0032_012 f 0.00  0.000     0  0.00  0  0  -3.813   2.671   0.881  -0.009   0.627   0.000 01T008M000t
00013 GLU02A0032_013 f 0.00  0.000     0  0.00  0  0  -2.926   0.966   3.024   0.050  -0.489   0.000 02O000M000t
00014 GLU02A0032_014 f 0.00  0.000     0  0.00  0  0  -3.378   2.286   3.244   0.167  -0.297   0.000 02E006M000t
00015 GLU02A0032_015 f 0.00  0.000     0  0.00  0  0  -2.939   0.966   0.304   0.032   0.601   0.000 02O000M000t
00016 GLU02A0032_016 f 0.00  0.000     0  0.00  0  0  -3.394   2.304   0.459   0.089   0.597   0.000 02E006M000t
00017 GLU02A0032_017 f 0.00  0.000     0  0.00  0  0  -3.581   2.621   2.959   0.151  -0.565   0.000 02T002M000t
00018 GLU02A0032_018 f 0.00  0.000     0  0.00  0  0  -3.324   0.919   3.232   0.079  -0.244   0.000 02T004M000t
00019 GLU02A0032_019 f 0.00  0.000     0  0.00  0  0  -3.623   1.265   3.208   0.258  -0.114   0.000 02T007M000t
00020 GLU02A0032_020 f 0.00  0.000     0  0.00  0  0  -3.954   2.761   3.518   0.132  -0.460   0.000 02T008M000t
00021 GLU02A0032_021 f 0.00  0.000     0  0.00  0  0  -3.568   2.621   0.239   0.135   0.690   0.000 02T002M000t
00022 GLU02A0032_022 f 0.00  0.000     0  0.00  0  0  -3.401   0.919   0.512   0.045   0.562   0.000 02T004M000t
00023 GLU02A0032_023 f 0.00  0.000     0  0.00  0  0  -3.638   1.223   0.523   0.080   0.599   0.000 02T007M000t
00024 GLU02A0032_024 f 0.00  0.000     0  0.00  0  0  -3.954   2.761   0.798   0.052   0.567   0.000 02T008M000t
00025 GLU-1A0032_025 f 0.00 -1.000     0  4.75  0 -1  -2.742   0.976   0.304  -0.092  -0.105   0.000 -1O000M000t
00026 GLU-1A0032_026 f 0.00 -1.000     0  4.75  0 -1  -3.491   2.595   0.240  -0.392   0.118   0.000 -1E002M000t
00027 GLU-1A0032_027 f 0.00 -1.000     0  4.75  0 -1  -3.372   2.250   0.463  -0.107  -0.085   0.000 -1E006M000t
00028 GLU-1A0032_028 f 0.00 -1.000     0  4.75  0 -1  -3.788   1.196   0.477  -0.296   0.129   0.000 -1E007M000t
00029 GLU-1A0032_029 f 0.00 -1.000     0  4.75  0 -1  -3.992   2.708   0.873  -0.401   0.211   0.000 -1E008M000t
