   confID        vdw0    sas     sum
GLU01A0032_001   2.088  -4.462  -2.374
GLU01A0032_002   1.777  -4.927  -3.150
GLU01A0032_003   0.785  -4.529  -3.744
GLU01A0032_004   1.048  -4.888  -3.840
GLU01A0032_005   2.088  -4.501  -2.413
GLU01A0032_006   0.865  -4.725  -3.860
GLU01A0032_007   1.109  -4.832  -3.722
GLU01A0032_008   1.015  -4.570  -3.556
GLU01A0032_009   0.823  -4.662  -3.839
GLU01A0032_010   1.015  -4.583  -3.568
GLU01A0032_011   1.782  -4.927  -3.145
GLU01A0032_012   0.847  -4.660  -3.813
GLU02A0032_013   1.661  -4.587  -2.926
GLU02A0032_014   1.318  -4.696  -3.378
GLU02A0032_015   1.661  -4.600  -2.939
GLU02A0032_016   1.304  -4.698  -3.394
GLU02A0032_017   1.419  -5.000  -3.581
GLU02A0032_018   1.336  -4.660  -3.324
GLU02A0032_019   1.256  -4.879  -3.623
GLU02A0032_020   0.863  -4.817  -3.954
GLU02A0032_021   1.419  -4.987  -3.568
GLU02A0032_022   1.336  -4.737  -3.401
GLU02A0032_023   1.207  -4.845  -3.638
GLU02A0032_024   0.863  -4.817  -3.954
GLU-1A0032_025   1.595  -4.337  -2.742
GLU-1A0032_026   1.352  -4.843  -3.491
GLU-1A0032_027   1.081  -4.453  -3.372
GLU-1A0032_028   0.990  -4.778  -3.788
GLU-1A0032_029   0.657  -4.649  -3.992
