CONFORMER         crg  vdw0  vdw1  tors  epol  self   occ  Hb     history    ASA
MET01A0079_001  0.000-11.27  0.99  0.15  0.00-10.13 0.507  00  01O000M000  1.000
MET01A0079_002  0.000-11.46  1.11  2.95  0.00 -7.41 0.506  00  01R006M000  1.000
MET01A0079_003  0.000-11.26  1.41  2.95  0.00 -6.89 0.508  00  01R007M000  1.000
MET01A0079_004  0.000-11.70  1.82  2.88  0.00 -7.01 0.506  00  01R00AM000  1.000
MET01A0079_005  0.000-11.94  1.08  1.93  0.00 -8.94 0.506  00  01R00CM000  1.000
MET01A0079_006  0.000-10.55  0.94  0.15  0.00 -9.45 0.507  00  01R00FM000  1.000
MET01A0079_007  0.000 -8.47  1.25  1.93  0.00 -5.29 0.506  00  01R019M000  1.000
MET01A0079_008  0.000 -8.49  1.59  4.65  0.00 -2.25 0.507  00  01R01EM000  1.000
MET01A0079_009  0.000-12.10  3.73  0.30  0.00 -8.07 0.506  00  01R029M000  1.000
MET01A0079_010  0.000-11.67  1.18  4.72  0.00 -5.77 0.507  00  01R02BM000  1.000
MET01A0079_011  0.000 -9.90  1.10  2.95  0.00 -5.85 0.507  00  01R02EM000  1.000
MET01A0079_012  0.000-11.85  6.60  2.80  0.00 -2.45 0.506  00  01R02FM000  1.000
MET01A0079_013  0.000-11.17  1.41  4.72  0.00 -5.04 0.507  00  01R031M000  1.000
MET01A0079_014  0.000-11.26  1.59  2.95  0.00 -6.72 0.506  00  01R032M000  1.000
MET01A0079_015  0.000 -9.79  1.50  2.95  0.00 -5.35 0.506  00  01R034M000  1.000
MET01A0079_016  0.000-11.08  1.50  4.72  0.00 -4.85 0.507  00  01R03CM000  1.000
MET01A0079_017  0.000-11.16  2.06  7.27  0.00 -1.83 0.507  00  01R04BM000  1.000
MET01A0079_018  0.000-11.95  4.26  4.20  0.00 -3.49 0.508  00  01T011M000  1.000
MET01A0079_019  0.000-10.36  7.19  2.77  0.00 -0.40 0.507  00  01T030M000  1.000
MET01A0079_020  0.000-12.35  2.39  2.85  0.00 -7.12 0.506  00  01T044M000  1.000
