   confID        vdw0    sas     sum
MET01A0079_001   0.065 -11.339 -11.274
MET01A0079_002   0.434 -11.898 -11.463
MET01A0079_003   0.455 -11.711 -11.255
MET01A0079_004  -0.006 -11.698 -11.704
MET01A0079_005  -0.024 -11.920 -11.944
MET01A0079_006   0.845 -11.393 -10.547
MET01A0079_007   2.383 -10.848  -8.466
MET01A0079_008   2.379 -10.867  -8.489
MET01A0079_009  -0.088 -11.941 -12.028
MET01A0079_010   0.440 -12.116 -11.676
MET01A0079_011   1.687 -11.591  -9.904
MET01A0079_012  -0.114 -11.739 -11.853
MET01A0079_013   0.455 -11.554 -11.099
MET01A0079_014   0.405 -11.667 -11.261
MET01A0079_015   1.813 -11.601  -9.788
MET01A0079_016   0.439 -11.470 -11.030
MET01A0079_017   0.411 -11.568 -11.157
MET01A0079_018  -0.022 -11.931 -11.954
MET01A0079_019   0.506 -10.868 -10.362
MET01A0079_020  -0.129 -12.226 -12.354
