   confID        vdw0    sas     sum
MET01A0153_001   0.813 -11.644 -10.831
MET01A0153_002   0.813 -11.556 -10.742
MET01A0153_003   0.810 -11.399 -10.589
MET01A0153_004   0.630 -11.635 -11.005
MET01A0153_005  -0.074 -11.810 -11.884
MET01A0153_006  -0.019 -11.845 -11.864
MET01A0153_007  -0.078 -11.529 -11.607
MET01A0153_008  -0.074 -12.172 -12.246
MET01A0153_009   0.341 -11.854 -11.514
MET01A0153_010   0.446 -11.874 -11.429
MET01A0153_011   4.200 -11.586  -7.386
MET01A0153_012   0.460 -11.960 -11.501
MET01A0153_013   2.048 -11.375  -9.327
MET01A0153_014   2.430 -11.795  -9.366
MET01A0153_015   4.192 -11.426  -7.234
MET01A0153_016   0.342 -11.957 -11.615
MET01A0153_017   0.436 -11.941 -11.505
MET01A0153_018   2.422 -11.452  -9.030
MET01A0153_019   0.457 -12.238 -11.781
MET01A0153_020   0.001 -11.706 -11.705
