CONFORMER         crg  vdw0  vdw1  tors  epol  self   occ  Hb     history    ASA
ARG01A0010_001  0.000-12.51  0.61  0.64  0.00-11.26 0.502  00  01O000M000  1.000
ARG01A0010_002  0.000-12.42  3.86  2.95  0.00 -5.61 0.502  00  01E01AM000  1.000
ARG01A0010_003  0.000-12.34  2.36  3.23  0.00 -6.74 0.502  00  01E03DM000  1.000
ARG01A0010_004  0.000-12.43  4.64  2.95  0.00 -4.85 0.503  00  01E07EM000  1.000
ARG01A0010_005  0.000-10.17  0.41  1.20  0.00 -8.55 0.502  00  01E0AAM000  1.000
ARG01A0010_006  0.000 -9.30  1.84  3.79  0.00 -3.67 0.502  00  01E0DBM000  1.000
ARG01A0010_007  0.000-11.75  5.38  0.73  0.00 -5.64 0.502  00  01E0DDM000  1.000
ARG01A0010_008  0.000 -9.38  1.74  3.89  0.00 -3.75 0.502  00  01E0E2M000  1.000
ARG01A0010_009  0.000-12.00  2.51  3.20  0.00 -6.30 0.502  00  01E0FAM000  1.000
ARG01A0010_010  0.000-11.59  1.60  3.78  0.00 -6.20 0.502  00  01E103M000  1.000
ARG01A0010_011  0.000-12.14  1.35  3.78  0.00 -7.01 0.501  00  01T00CM000  1.000
ARG01A0010_012  0.000-12.93  0.68  3.62  0.00 -8.63 0.502  00  01T025M000  1.000
ARG01A0010_013  0.000-11.07  0.80  1.15  0.00 -9.12 0.502  00  01T054M000  1.000
ARG01A0010_014  0.000-10.57  2.70  1.26  0.00 -6.61 0.502  00  01T061M000  1.000
ARG01A0010_015  0.000-10.70  0.83  3.72  0.00 -6.16 0.502  00  01T06AM000  1.000
ARG01A0010_016  0.000 -9.33  0.31  3.12  0.00 -5.90 0.502  00  01T07AM000  1.000
ARG01A0010_017  0.000 -9.89  0.71  3.58  0.00 -5.60 0.502  00  01T0AEM000  1.000
ARG01A0010_018  0.000 -9.58  0.84  3.80  0.00 -4.94 0.502  00  01T0B5M000  1.000
ARG01A0010_019  0.000 -6.09  0.54  1.30  0.00 -4.25 0.502  00  01T0C5M000  1.000
ARG01A0010_020  0.000-11.45  1.91  1.20  0.00 -8.33 0.502  00  01T0D5M000  1.000
ARG02A0010_021  0.000-12.58  0.59  0.64  0.00-11.34 0.502  00  02O000M000  1.000
ARG02A0010_022  0.000 -9.94  0.38  1.19  0.00 -8.37 0.502  00  02E0AAM000  1.000
ARG02A0010_023  0.000-12.31  4.13  2.74  0.00 -5.43 0.502  00  02E01AM000  1.000
ARG02A0010_024  0.000-10.45  2.41  1.26  0.00 -6.78 0.502  00  02E061M000  1.000
ARG02A0010_025  0.000-12.28  4.64  2.94  0.00 -4.70 0.503  00  02E07EM000  1.000
ARG02A0010_026  0.000-11.14  0.79  1.15  0.00 -9.20 0.502  00  02T054M000  1.000
ARG02A0010_027  0.000-11.90  5.72  0.66  0.00 -5.53 0.502  00  02T0DDM000  1.000
ARG02A0010_028  0.000-12.44  2.71  3.12  0.00 -6.61 0.502  00  02T03DM000  1.000
ARG02A0010_029  0.000-10.89  0.81  3.69  0.00 -6.39 0.502  00  02T06AM000  1.000
ARG02A0010_030  0.000 -9.63  0.34  3.04  0.00 -6.25 0.502  00  02T07AM000  1.000
ARG02A0010_031  0.000 -9.38  1.84  3.79  0.00 -3.75 0.502  00  02T0DBM000  1.000
ARG02A0010_032  0.000-11.38  1.69  3.71  0.00 -5.97 0.502  00  02T103M000  1.000
ARG02A0010_033  0.000-12.94  0.51  3.27  0.00 -9.16 0.502  00  02T025M000  1.000
ARG02A0010_034  0.000 -9.84  0.71  3.59  0.00 -5.55 0.502  00  02T0AEM000  1.000
ARG02A0010_035  0.000 -9.55  0.84  3.80  0.00 -4.92 0.502  00  02T0B5M000  1.000
ARG02A0010_036  0.000-11.44  1.91  1.20  0.00 -8.33 0.502  00  02T0D5M000  1.000
ARG02A0010_037  0.000-12.31  1.24  3.67  0.00 -7.40 0.501  00  02T00CM000  1.000
ARG02A0010_038  0.000 -6.68  0.54  1.28  0.00 -4.86 0.502  00  02T0C5M000  1.000
ARG02A0010_039  0.000 -9.25  1.74  3.83  0.00 -3.68 0.502  00  02T0E2M000  1.000
ARG02A0010_040  0.000-11.86  2.64  3.14  0.00 -6.07 0.502  00  02T0FAM000  1.000
ARG03A0010_041  0.000 -5.93  0.53  1.30  0.00 -4.11 0.502  00  03E0C5M000  1.000
ARG03A0010_042  0.000 -9.39  1.74  3.83  0.00 -3.81 0.502  00  03E0E2M000  1.000
ARG03A0010_043  0.000-12.58  0.59  0.64  0.00-11.34 0.502  00  03O000M000  1.000
ARG03A0010_044  0.000-10.38  2.57  1.26  0.00 -6.55 0.502  00  03E061M000  1.000
ARG03A0010_045  0.000-11.48  1.90  1.20  0.00 -8.38 0.502  00  03T0D5M000  1.000
ARG03A0010_046  0.000-13.02  0.50  3.26  0.00 -9.26 0.502  00  03T025M000  1.000
ARG03A0010_047  0.000-12.38  4.66  2.95  0.00 -4.77 0.503  00  03T07EM000  1.000
ARG03A0010_048  0.000-10.08  0.39  1.19  0.00 -8.50 0.502  00  03T0AAM000  1.000
ARG03A0010_049  0.000-12.44  2.72  3.12  0.00 -6.59 0.502  00  03T03DM000  1.000
ARG03A0010_050  0.000-11.13  0.79  1.15  0.00 -9.19 0.502  00  03T054M000  1.000
ARG03A0010_051  0.000-10.73  0.81  3.70  0.00 -6.22 0.502  00  03T06AM000  1.000
ARG03A0010_052  0.000 -9.06  0.31  3.05  0.00 -5.70 0.502  00  03T07AM000  1.000
ARG03A0010_053  0.000 -9.91  0.70  3.58  0.00 -5.63 0.502  00  03T0AEM000  1.000
ARG03A0010_054  0.000 -9.54  0.84  3.80  0.00 -4.91 0.502  00  03T0B5M000  1.000
ARG03A0010_055  0.000 -9.39  1.85  3.79  0.00 -3.75 0.502  00  03T0DBM000  1.000
ARG03A0010_056  0.000-12.38  1.24  3.67  0.00 -7.47 0.501  00  03T00CM000  1.000
ARG03A0010_057  0.000-12.33  4.12  2.68  0.00 -5.52 0.502  00  03T01AM000  1.000
ARG03A0010_058  0.000-11.70  5.81  0.65  0.00 -5.24 0.502  00  03T0DDM000  1.000
ARG03A0010_059  0.000-11.90  2.68  3.15  0.00 -6.07 0.502  00  03T0FAM000  1.000
ARG03A0010_060  0.000-11.38  1.69  3.71  0.00 -5.98 0.502  00  03T103M000  1.000
ARG+1A0010_061  1.000-12.62  0.59  0.64  0.00-11.39 0.502  00  +1O000M000  1.000
ARG+1A0010_062  1.000-11.18  0.79  1.15  0.00 -9.24 0.502  00  +1E054M000  1.000
ARG+1A0010_063  1.000 -9.00  0.30  3.07  0.00 -5.62 0.502  00  +1E07AM000  1.000
ARG+1A0010_064  1.000-10.03  0.38  1.19  0.00 -8.46 0.502  00  +1E0AAM000  1.000
ARG+1A0010_065  1.000-11.52  1.90  1.21  0.00 -8.41 0.502  00  +1E0D5M000  1.000
ARG+1A0010_066  1.000 -9.43  1.84  3.79  0.00 -3.79 0.502  00  +1E0DBM000  1.000
ARG+1A0010_067  1.000-12.49  1.24  3.68  0.00 -7.58 0.501  00  +1T00CM000  1.000
ARG+1A0010_068  1.000-12.41  4.15  2.75  0.00 -5.51 0.502  00  +1T01AM000  1.000
ARG+1A0010_069  1.000-12.99  0.50  3.28  0.00 -9.20 0.502  00  +1T025M000  1.000
ARG+1A0010_070  1.000-12.48  2.70  3.13  0.00 -6.65 0.502  00  +1T03DM000  1.000
ARG+1A0010_071  1.000-10.25  2.46  1.26  0.00 -6.53 0.502  00  +1T061M000  1.000
ARG+1A0010_072  1.000-10.78  0.81  3.70  0.00 -6.26 0.502  00  +1T06AM000  1.000
ARG+1A0010_073  1.000-12.35  4.66  2.95  0.00 -4.74 0.503  00  +1T07EM000  1.000
ARG+1A0010_074  1.000 -9.84  0.70  3.60  0.00 -5.54 0.502  00  +1T0AEM000  1.000
ARG+1A0010_075  1.000 -9.64  0.83  3.80  0.00 -5.00 0.502  00  +1T0B5M000  1.000
ARG+1A0010_076  1.000 -5.98  0.53  1.29  0.00 -4.16 0.502  00  +1T0C5M000  1.000
ARG+1A0010_077  1.000-11.78  5.84  0.65  0.00 -5.29 0.502  00  +1T0DDM000  1.000
ARG+1A0010_078  1.000 -9.40  1.74  3.83  0.00 -3.83 0.502  00  +1T0E2M000  1.000
ARG+1A0010_079  1.000-11.93  2.68  3.14  0.00 -6.11 0.502  00  +1T0FAM000  1.000
ARG+1A0010_080  1.000-11.42  1.69  3.71  0.00 -6.02 0.502  00  +1T103M000  1.000
