iConf CONFORMER     FL  occ    crg   Em0  pKa0 ne nH    vdw0    vdw1    tors    epol   dsolv   extra    history
00001 ARG01A0010_001 f 0.00  0.000     0  0.00  0  0 -12.505   0.603   0.638  -0.007  -0.184   0.000 01O000M000t
00002 ARG01A0010_002 f 0.00  0.000     0  0.00  0  0 -12.428   3.860   2.952   0.027  -0.154   0.000 01E01AM000t
00003 ARG01A0010_003 f 0.00  0.000     0  0.00  0  0 -12.344   2.359   3.232  -0.058  -0.148   0.000 01E03DM000t
00004 ARG01A0010_004 f 0.00  0.000     0  0.00  0  0 -12.442   4.638   2.946   0.011  -0.089   0.000 01E07EM000t
00005 ARG01A0010_005 f 0.00  0.000     0  0.00  0  0 -10.161   0.408   1.202  -0.013   0.140   0.000 01E0AAM000t
00006 ARG01A0010_006 f 0.00  0.000     0  0.00  0  0  -9.305   1.843   3.791   0.037  -0.165   0.000 01E0DBM000t
00007 ARG01A0010_007 f 0.00  0.000     0  0.00  0  0 -11.758   5.386   0.725   0.294  -0.004   0.000 01E0DDM000t
00008 ARG01A0010_008 f 0.00  0.000     0  0.00  0  0  -9.430   1.738   3.891   0.079  -0.292   0.000 01E0E2M000t
00009 ARG01A0010_009 f 0.00  0.000     0  0.00  0  0 -12.007   2.502   3.198   0.092  -0.233   0.000 01E0FAM000t
00010 ARG01A0010_010 f 0.00  0.000     0  0.00  0  0 -11.600   1.604   3.777   0.056  -0.229   0.000 01E103M000t
00011 ARG01A0010_011 f 0.00  0.000     0  0.00  0  0 -12.137   1.351   3.775  -0.089   0.116   0.000 01T00CM000t
00012 ARG01A0010_012 f 0.00  0.000     0  0.00  0  0 -12.936   0.683   3.623  -0.021  -0.160   0.000 01T025M000t
00013 ARG01A0010_013 f 0.00  0.000     0  0.00  0  0 -11.066   0.798   1.150   0.020  -0.158   0.000 01T054M000t
00014 ARG01A0010_014 f 0.00  0.000     0  0.00  0  0 -10.627   2.694   1.260  -0.540   0.265   0.000 01T061M000t
00015 ARG01A0010_015 f 0.00  0.000     0  0.00  0  0 -10.707   0.826   3.716  -0.139   0.195   0.000 01T06AM000t
00016 ARG01A0010_016 f 0.00  0.000     0  0.00  0  0  -9.328   0.310   3.117   0.038   0.156   0.000 01T07AM000t
00017 ARG01A0010_017 f 0.00  0.000     0  0.00  0  0  -9.888   0.718   3.579   0.019  -0.351   0.000 01T0AEM000t
00018 ARG01A0010_018 f 0.00  0.000     0  0.00  0  0  -9.506   0.837   3.801   0.017  -0.410   0.000 01T0B5M000t
00019 ARG01A0010_019 f 0.00  0.000     0  0.00  0  0  -6.068   0.538   1.295   0.016  -0.218   0.000 01T0C5M000t
00020 ARG01A0010_020 f 0.00  0.000     0  0.00  0  0 -11.442   1.917   1.204   0.043  -0.356   0.000 01T0D5M000t
00021 ARG02A0010_021 f 0.00  0.000     0  0.00  0  0 -12.576   0.591   0.638   0.024   1.025   0.000 02O000M000t
00022 ARG02A0010_022 f 0.00  0.000     0  0.00  0  0  -9.933   0.383   1.188  -0.022   1.145   0.000 02E0AAM000t
00023 ARG02A0010_023 f 0.00  0.000     0  0.00  0  0 -12.301   4.123   2.745   0.023   0.462   0.000 02E01AM000t
00024 ARG02A0010_024 f 0.00  0.000     0  0.00  0  0 -10.454   2.420   1.261  -0.678   1.116   0.000 02E061M000t
00025 ARG02A0010_025 f 0.00  0.000     0  0.00  0  0 -12.275   4.631   2.942   0.019   0.676   0.000 02E07EM000t
00026 ARG02A0010_026 f 0.00  0.000     0  0.00  0  0 -11.142   0.787   1.148   0.027   1.025   0.000 02T054M000t
00027 ARG02A0010_027 f 0.00  0.000     0  0.00  0  0 -11.905   5.707   0.660   0.300   0.961   0.000 02T0DDM000t
00028 ARG02A0010_028 f 0.00  0.000     0  0.00  0  0 -12.384   2.710   3.124   0.018   1.101   0.000 02T03DM000t
00029 ARG02A0010_029 f 0.00  0.000     0  0.00  0  0 -10.825   0.816   3.691  -0.142   1.570   0.000 02T06AM000t
00030 ARG02A0010_030 f 0.00  0.000     0  0.00  0  0  -9.630   0.343   3.043   0.024   1.274   0.000 02T07AM000t
00031 ARG02A0010_031 f 0.00  0.000     0  0.00  0  0  -9.368   1.841   3.791   0.040   0.959   0.000 02T0DBM000t
00032 ARG02A0010_032 f 0.00  0.000     0  0.00  0  0 -11.379   1.695   3.714   0.050   0.972   0.000 02T103M000t
00033 ARG02A0010_033 f 0.00  0.000     0  0.00  0  0 -12.943   0.509   3.275   0.062   0.654   0.000 02T025M000t
00034 ARG02A0010_034 f 0.00  0.000     0  0.00  0  0  -9.831   0.703   3.590   0.010   0.712   0.000 02T0AEM000t
00035 ARG02A0010_035 f 0.00  0.000     0  0.00  0  0  -9.555   0.837   3.798   0.027   0.732   0.000 02T0B5M000t
00036 ARG02A0010_036 f 0.00  0.000     0  0.00  0  0 -11.454   1.916   1.204   0.013   0.622   0.000 02T0D5M000t
00037 ARG02A0010_037 f 0.00  0.000     0  0.00  0  0 -12.239   1.234   3.674   0.045   0.829   0.000 02T00CM000t
00038 ARG02A0010_038 f 0.00  0.000     0  0.00  0  0  -6.733   0.539   1.280   0.007   1.069   0.000 02T0C5M000t
00039 ARG02A0010_039 f 0.00  0.000     0  0.00  0  0  -9.251   1.740   3.830   0.098   0.265   0.000 02T0E2M000t
00040 ARG02A0010_040 f 0.00  0.000     0  0.00  0  0 -11.864   2.647   3.142   0.059   0.835   0.000 02T0FAM000t
00041 ARG03A0010_041 f 0.00  0.000     0  0.00  0  0  -5.930   0.533   1.294   0.018   1.156   0.000 03E0C5M000t
00042 ARG03A0010_042 f 0.00  0.000     0  0.00  0  0  -9.380   1.742   3.829   0.085   0.858   0.000 03E0E2M000t
00043 ARG03A0010_043 f 0.00  0.000     0  0.00  0  0 -12.575   0.592   0.638   0.011   0.750   0.000 03O000M000t
00044 ARG03A0010_044 f 0.00  0.000     0  0.00  0  0 -10.385   2.576   1.258  -0.567   1.381   0.000 03E061M000t
00045 ARG03A0010_045 f 0.00  0.000     0  0.00  0  0 -11.478   1.897   1.204   0.041   0.915   0.000 03T0D5M000t
00046 ARG03A0010_046 f 0.00  0.000     0  0.00  0  0 -13.015   0.502   3.256   0.063   0.727   0.000 03T025M000t
00047 ARG03A0010_047 f 0.00  0.000     0  0.00  0  0 -12.447   4.660   2.949   0.024   0.876   0.000 03T07EM000t
00048 ARG03A0010_048 f 0.00  0.000     0  0.00  0  0 -10.022   0.387   1.189  -0.022   1.084   0.000 03T0AAM000t
00049 ARG03A0010_049 f 0.00  0.000     0  0.00  0  0 -12.438   2.723   3.125  -0.012   0.416   0.000 03T03DM000t
00050 ARG03A0010_050 f 0.00  0.000     0  0.00  0  0 -11.191   0.790   1.147   0.025   0.862   0.000 03T054M000t
00051 ARG03A0010_051 f 0.00  0.000     0  0.00  0  0 -10.727   0.808   3.700  -0.140   0.870   0.000 03T06AM000t
00052 ARG03A0010_052 f 0.00  0.000     0  0.00  0  0  -9.065   0.310   3.056   0.029   1.064   0.000 03T07AM000t
00053 ARG03A0010_053 f 0.00  0.000     0  0.00  0  0  -9.912   0.705   3.583   0.021   0.304   0.000 03T0AEM000t
00054 ARG03A0010_054 f 0.00  0.000     0  0.00  0  0  -9.541   0.834   3.797   0.020   0.801   0.000 03T0B5M000t
00055 ARG03A0010_055 f 0.00  0.000     0  0.00  0  0  -9.458   1.851   3.788   0.036   0.785   0.000 03T0DBM000t
00056 ARG03A0010_056 f 0.00  0.000     0  0.00  0  0 -12.305   1.240   3.674   0.026   0.754   0.000 03T00CM000t
00057 ARG03A0010_057 f 0.00  0.000     0  0.00  0  0 -12.320   4.124   2.682   0.028   0.586   0.000 03T01AM000t
00058 ARG03A0010_058 f 0.00  0.000     0  0.00  0  0 -11.705   5.816   0.652   0.284   0.678   0.000 03T0DDM000t
00059 ARG03A0010_059 f 0.00  0.000     0  0.00  0  0 -11.894   2.678   3.146   0.084   0.665   0.000 03T0FAM000t
00060 ARG03A0010_060 f 0.00  0.000     0  0.00  0  0 -11.386   1.690   3.712   0.055   0.645   0.000 03T103M000t
00061 ARG+1A0010_061 f 0.00  1.000     0 12.50  0  1 -12.619   0.591   0.638   0.114  -0.214   0.000 +1O000M000t
00062 ARG+1A0010_062 f 0.00  1.000     0 12.50  0  1 -11.180   0.788   1.152   0.086  -0.237   0.000 +1E054M000t
00063 ARG+1A0010_063 f 0.00  1.000     0 12.50  0  1  -8.997   0.302   3.072   0.127   0.167   0.000 +1E07AM000t
00064 ARG+1A0010_064 f 0.00  1.000     0 12.50  0  1  -9.986   0.381   1.191   0.069   0.223   0.000 +1E0AAM000t
00065 ARG+1A0010_065 f 0.00  1.000     0 12.50  0  1 -11.516   1.898   1.206   0.118  -0.513   0.000 +1E0D5M000t
00066 ARG+1A0010_066 f 0.00  1.000     0 12.50  0  1  -9.435   1.850   3.792   0.098  -0.405   0.000 +1E0DBM000t
00067 ARG+1A0010_067 f 0.00  1.000     0 12.50  0  1 -12.491   1.237   3.677   0.290   0.453   0.000 +1T00CM000t
00068 ARG+1A0010_068 f 0.00  1.000     0 12.50  0  1 -12.412   4.148   2.757   0.063  -0.204   0.000 +1T01AM000t
00069 ARG+1A0010_069 f 0.00  1.000     0 12.50  0  1 -12.986   0.503   3.279   0.274  -0.288   0.000 +1T025M000t
00070 ARG+1A0010_070 f 0.00  1.000     0 12.50  0  1 -12.484   2.708   3.126   0.282   0.032   0.000 +1T03DM000t
00071 ARG+1A0010_071 f 0.00  1.000     0 12.50  0  1 -10.208   2.455   1.263   0.037   0.210   0.000 +1T061M000t
00072 ARG+1A0010_072 f 0.00  1.000     0 12.50  0  1 -10.769   0.817   3.699   0.133   0.053   0.000 +1T06AM000t
00073 ARG+1A0010_073 f 0.00  1.000     0 12.50  0  1 -12.351   4.661   2.950   0.085  -0.208   0.000 +1T07EM000t
00074 ARG+1A0010_074 f 0.00  1.000     0 12.50  0  1  -9.838   0.705   3.600   0.083  -0.572   0.000 +1T0AEM000t
00075 ARG+1A0010_075 f 0.00  1.000     0 12.50  0  1  -9.629   0.837   3.803   0.073  -0.412   0.000 +1T0B5M000t
00076 ARG+1A0010_076 f 0.00  1.000     0 12.50  0  1  -5.966   0.533   1.291   0.129  -0.048   0.000 +1T0C5M000t
00077 ARG+1A0010_077 f 0.00  1.000     0 12.50  0  1 -11.783   5.841   0.652   0.555  -0.020   0.000 +1T0DDM000t
00078 ARG+1A0010_078 f 0.00  1.000     0 12.50  0  1  -9.400   1.743   3.833   0.200  -0.142   0.000 +1T0E2M000t
00079 ARG+1A0010_079 f 0.00  1.000     0 12.50  0  1 -11.937   2.672   3.144   0.166  -0.443   0.000 +1T0FAM000t
00080 ARG+1A0010_080 f 0.00  1.000     0 12.50  0  1 -11.426   1.694   3.715   0.104  -0.600   0.000 +1T103M000t
