   confID        vdw0    sas     sum
ARG01A0010_001   1.785 -14.290 -12.505
ARG01A0010_002   1.821 -14.249 -12.428
ARG01A0010_003   1.923 -14.267 -12.344
ARG01A0010_004   2.166 -14.608 -12.442
ARG01A0010_005   4.337 -14.498 -10.161
ARG01A0010_006   4.848 -14.153  -9.305
ARG01A0010_007   2.029 -13.787 -11.758
ARG01A0010_008   4.651 -14.081  -9.430
ARG01A0010_009   1.757 -13.764 -12.007
ARG01A0010_010   2.859 -14.459 -11.600
ARG01A0010_011   2.362 -14.499 -12.137
ARG01A0010_012   1.910 -14.846 -12.936
ARG01A0010_013   3.305 -14.371 -11.066
ARG01A0010_014   3.421 -14.048 -10.627
ARG01A0010_015   3.386 -14.092 -10.707
ARG01A0010_016   4.207 -13.535  -9.328
ARG01A0010_017   4.726 -14.614  -9.888
ARG01A0010_018   4.871 -14.377  -9.506
ARG01A0010_019   7.259 -13.327  -6.068
ARG01A0010_020   2.920 -14.362 -11.442
ARG02A0010_021   1.714 -14.290 -12.576
ARG02A0010_022   4.344 -14.276  -9.933
ARG02A0010_023   1.980 -14.281 -12.301
ARG02A0010_024   3.446 -13.900 -10.454
ARG02A0010_025   2.205 -14.480 -12.275
ARG02A0010_026   3.229 -14.371 -11.142
ARG02A0010_027   2.010 -13.916 -11.905
ARG02A0010_028   1.825 -14.209 -12.384
ARG02A0010_029   3.396 -14.221 -10.825
ARG02A0010_030   3.986 -13.616  -9.630
ARG02A0010_031   4.852 -14.221  -9.368
ARG02A0010_032   2.880 -14.259 -11.379
ARG02A0010_033   2.003 -14.946 -12.943
ARG02A0010_034   4.764 -14.594  -9.831
ARG02A0010_035   4.890 -14.445  -9.555
ARG02A0010_036   2.908 -14.362 -11.454
ARG02A0010_037   2.385 -14.624 -12.239
ARG02A0010_038   6.954 -13.687  -6.733
ARG02A0010_039   4.782 -14.033  -9.251
ARG02A0010_040   1.972 -13.835 -11.864
ARG03A0010_041   7.513 -13.443  -5.930
ARG03A0010_042   4.720 -14.101  -9.380
ARG03A0010_043   1.714 -14.290 -12.575
ARG03A0010_044   3.599 -13.983 -10.385
ARG03A0010_045   2.884 -14.362 -11.478
ARG03A0010_046   1.931 -14.946 -13.015
ARG03A0010_047   2.162 -14.608 -12.447
ARG03A0010_048   4.331 -14.353 -10.022
ARG03A0010_049   1.836 -14.274 -12.438
ARG03A0010_050   3.247 -14.438 -11.191
ARG03A0010_051   3.391 -14.118 -10.727
ARG03A0010_052   4.666 -13.731  -9.065
ARG03A0010_053   4.702 -14.614  -9.912
ARG03A0010_054   4.840 -14.381  -9.541
ARG03A0010_055   4.831 -14.288  -9.458
ARG03A0010_056   2.318 -14.624 -12.305
ARG03A0010_057   1.897 -14.217 -12.320
ARG03A0010_058   2.201 -13.906 -11.705
ARG03A0010_059   2.054 -13.948 -11.894
ARG03A0010_060   2.873 -14.259 -11.386
ARG+1A0010_061   1.670 -14.290 -12.619
ARG+1A0010_062   3.191 -14.371 -11.180
ARG+1A0010_063   4.670 -13.667  -8.997
ARG+1A0010_064   4.303 -14.289  -9.986
ARG+1A0010_065   2.846 -14.362 -11.516
ARG+1A0010_066   4.785 -14.221  -9.435
ARG+1A0010_067   2.268 -14.759 -12.491
ARG+1A0010_068   1.870 -14.281 -12.412
ARG+1A0010_069   1.896 -14.882 -12.986
ARG+1A0010_070   1.790 -14.274 -12.484
ARG+1A0010_071   3.609 -13.816 -10.208
ARG+1A0010_072   3.349 -14.118 -10.769
ARG+1A0010_073   2.128 -14.480 -12.351
ARG+1A0010_074   4.692 -14.530  -9.838
ARG+1A0010_075   4.816 -14.445  -9.629
ARG+1A0010_076   7.413 -13.379  -5.966
ARG+1A0010_077   2.188 -13.970 -11.783
ARG+1A0010_078   4.701 -14.101  -9.400
ARG+1A0010_079   2.027 -13.964 -11.937
ARG+1A0010_080   2.832 -14.259 -11.426
