iConf CONFORMER     FL  occ    crg   Em0  pKa0 ne nH    vdw0    vdw1    tors    epol   dsolv   extra    history
00001 ARG01A0099_001 f 0.00  0.000     0  0.00  0  0 -10.631   0.142   0.622   0.015   0.079   0.000 01O000M000t
00002 ARG01A0099_002 f 0.00  0.000     0  0.00  0  0 -10.344  -0.169   1.213   0.077   0.119   0.000 01E006M000t
00003 ARG01A0099_003 f 0.00  0.000     0  0.00  0  0 -11.718   0.452   0.482   0.017  -0.015   0.000 01E01EM000t
00004 ARG01A0099_004 f 0.00  0.000     0  0.00  0  0  -8.019   0.349   3.876   0.063  -0.184   0.000 01E032M000t
00005 ARG01A0099_005 f 0.00  0.000     0  0.00  0  0 -12.429   1.097   3.066   0.020  -0.227   0.000 01E08EM000t
00006 ARG01A0099_006 f 0.00  0.000     0  0.00  0  0 -11.802   0.490   0.478   0.061  -0.327   0.000 01E0B6M000t
00007 ARG01A0099_007 f 0.00  0.000     0  0.00  0  0 -11.863   1.003   1.188   0.015  -0.044   0.000 01E11DM000t
00008 ARG01A0099_008 f 0.00  0.000     0  0.00  0  0 -11.743   5.996   3.173   0.027   0.055   0.000 01E124M000t
00009 ARG01A0099_009 f 0.00  0.000     0  0.00  0  0 -12.101   7.067   0.926  -0.048  -0.105   0.000 01E131M000t
00010 ARG01A0099_010 f 0.00  0.000     0  0.00  0  0 -10.786   1.050   3.269  -0.083   0.016   0.000 01T044M000t
00011 ARG01A0099_011 f 0.00  0.000     0  0.00  0  0 -11.564   3.376   3.110   0.011  -0.304   0.000 01T05AM000t
00012 ARG01A0099_012 f 0.00  0.000     0  0.00  0  0  -7.419   0.401   3.716  -0.307   0.105   0.000 01T0E6M000t
00013 ARG01A0099_013 f 0.00  0.000     0  0.00  0  0  -8.103   0.255   1.149  -0.092   0.266   0.000 01T104M000t
00014 ARG01A0099_014 f 0.00  0.000     0  0.00  0  0  -9.715   0.880   4.164  -0.010  -0.146   0.000 01T106M000t
00015 ARG01A0099_015 f 0.00  0.000     0  0.00  0  0 -12.881   1.028   3.482  -0.154   0.060   0.000 01T10FM000t
00016 ARG01A0099_016 f 0.00  0.000     0  0.00  0  0 -11.440   1.487   3.175   0.093  -0.223   0.000 01T115M000t
00017 ARG01A0099_017 f 0.00  0.000     0  0.00  0  0  -9.294   0.667   4.021   0.001  -0.079   0.000 01T120M000t
00018 ARG01A0099_018 f 0.00  0.000     0  0.00  0  0  -8.846   1.595   4.035   0.014  -0.046   0.000 01T12EM000t
00019 ARG01A0099_019 f 0.00  0.000     0  0.00  0  0  -7.506   1.197   3.858   0.081  -0.114   0.000 01T138M000t
00020 ARG01A0099_020 f 0.00  0.000     0  0.00  0  0 -11.491   1.410   1.175   0.104   0.027   0.000 01T13AM000t
00021 ARG02A0099_021 f 0.00  0.000     0  0.00  0  0 -10.678   0.138   0.622   0.033   1.105   0.000 02O000M000t
00022 ARG02A0099_022 f 0.00  0.000     0  0.00  0  0  -7.954   0.342   3.878   0.058   0.741   0.000 02E032M000t
00023 ARG02A0099_023 f 0.00  0.000     0  0.00  0  0 -11.570   0.487   0.474   0.062   0.896   0.000 02E0B6M000t
00024 ARG02A0099_024 f 0.00  0.000     0  0.00  0  0 -11.735   6.009   3.164   0.024   1.340   0.000 02E124M000t
00025 ARG02A0099_025 f 0.00  0.000     0  0.00  0  0  -8.381   0.267   1.148  -0.113   1.117   0.000 02E104M000t
00026 ARG02A0099_026 f 0.00  0.000     0  0.00  0  0 -12.834   6.950   0.591   0.016   0.702   0.000 02E131M000t
00027 ARG02A0099_027 f 0.00  0.000     0  0.00  0  0 -12.434   1.107   3.048   0.038   1.050   0.000 02T08EM000t
00028 ARG02A0099_028 f 0.00  0.000     0  0.00  0  0  -9.186   0.974   3.906   0.020   1.045   0.000 02T106M000t
00029 ARG02A0099_029 f 0.00  0.000     0  0.00  0  0 -12.025   3.329   3.029   0.023   0.725   0.000 02T05AM000t
00030 ARG02A0099_030 f 0.00  0.000     0  0.00  0  0 -11.761   0.431   0.471   0.033   0.459   0.000 02T01EM000t
00031 ARG02A0099_031 f 0.00  0.000     0  0.00  0  0 -11.065   1.011   3.264   0.186   0.616   0.000 02T044M000t
00032 ARG02A0099_032 f 0.00  0.000     0  0.00  0  0  -7.460   1.195   3.865   0.014   0.444   0.000 02T138M000t
00033 ARG02A0099_033 f 0.00  0.000     0  0.00  0  0 -11.589   1.444   1.158   0.049   0.601   0.000 02T13AM000t
00034 ARG02A0099_034 f 0.00  0.000     0  0.00  0  0 -10.188  -0.169   1.202   0.089   0.673   0.000 02T006M000t
00035 ARG02A0099_035 f 0.00  0.000     0  0.00  0  0  -7.788   0.402   3.720  -0.354   1.132   0.000 02T0E6M000t
00036 ARG02A0099_036 f 0.00  0.000     0  0.00  0  0 -12.089   0.898   3.215  -0.046   0.753   0.000 02T10FM000t
00037 ARG02A0099_037 f 0.00  0.000     0  0.00  0  0 -11.230   1.322   3.188   0.070   0.628   0.000 02T115M000t
00038 ARG02A0099_038 f 0.00  0.000     0  0.00  0  0 -11.786   1.028   1.160   0.036   0.512   0.000 02T11DM000t
00039 ARG02A0099_039 f 0.00  0.000     0  0.00  0  0  -8.700   0.800   3.869   0.063   0.579   0.000 02T120M000t
00040 ARG02A0099_040 f 0.00  0.000     0  0.00  0  0  -8.510   1.340   3.854   0.021   0.203   0.000 02T12EM000t
00041 ARG03A0099_041 f 0.00  0.000     0  0.00  0  0 -10.683   0.138   0.622   0.027   1.047   0.000 03O000M000t
00042 ARG03A0099_042 f 0.00  0.000     0  0.00  0  0  -8.265   0.268   1.145  -0.098   1.012   0.000 03E104M000t
00043 ARG03A0099_043 f 0.00  0.000     0  0.00  0  0 -11.236   1.007   3.261   0.207   0.717   0.000 03E044M000t
00044 ARG03A0099_044 f 0.00  0.000     0  0.00  0  0  -9.146   0.979   3.902   0.013   0.597   0.000 03E106M000t
00045 ARG03A0099_045 f 0.00  0.000     0  0.00  0  0 -11.784   6.056   3.167   0.015   0.850   0.000 03E124M000t
00046 ARG03A0099_046 f 0.00  0.000     0  0.00  0  0 -12.943   6.769   0.584  -0.019   0.654   0.000 03E131M000t
00047 ARG03A0099_047 f 0.00  0.000     0  0.00  0  0 -10.234  -0.187   1.211   0.085   1.043   0.000 03T006M000t
00048 ARG03A0099_048 f 0.00  0.000     0  0.00  0  0 -11.857   3.315   3.035   0.023   0.833   0.000 03T05AM000t
00049 ARG03A0099_049 f 0.00  0.000     0  0.00  0  0 -11.310   1.306   3.197   0.100   0.846   0.000 03T115M000t
00050 ARG03A0099_050 f 0.00  0.000     0  0.00  0  0 -11.790   1.019   1.158   0.036   0.836   0.000 03T11DM000t
00051 ARG03A0099_051 f 0.00  0.000     0  0.00  0  0  -8.787   0.802   3.867   0.058   0.763   0.000 03T120M000t
00052 ARG03A0099_052 f 0.00  0.000     0  0.00  0  0 -12.402   1.107   3.050   0.036   0.816   0.000 03T08EM000t
00053 ARG03A0099_053 f 0.00  0.000     0  0.00  0  0 -11.773   0.488   0.473   0.061   0.919   0.000 03T0B6M000t
00054 ARG03A0099_054 f 0.00  0.000     0  0.00  0  0 -12.156   0.888   3.215  -0.015   1.094   0.000 03T10FM000t
00055 ARG03A0099_055 f 0.00  0.000     0  0.00  0  0 -11.718   1.431   1.161   0.067   1.008   0.000 03T13AM000t
00056 ARG03A0099_056 f 0.00  0.000     0  0.00  0  0 -11.835   0.424   0.469   0.023   0.746   0.000 03T01EM000t
00057 ARG03A0099_057 f 0.00  0.000     0  0.00  0  0  -7.962   0.343   3.875   0.061   0.418   0.000 03T032M000t
00058 ARG03A0099_058 f 0.00  0.000     0  0.00  0  0  -7.604   0.393   3.712  -0.352   0.894   0.000 03T0E6M000t
00059 ARG03A0099_059 f 0.00  0.000     0  0.00  0  0  -8.557   1.340   3.856   0.027   0.699   0.000 03T12EM000t
00060 ARG03A0099_060 f 0.00  0.000     0  0.00  0  0  -7.581   1.197   3.863   0.064   0.808   0.000 03T138M000t
00061 ARG+1A0099_061 f 0.00  1.000     0 12.50  0  1 -10.725   0.138   0.622   0.151  -0.219   0.000 +1O000M000t
00062 ARG+1A0099_062 f 0.00  1.000     0 12.50  0  1 -10.260  -0.186   1.206   0.251  -0.168   0.000 +1E006M000t
00063 ARG+1A0099_063 f 0.00  1.000     0 12.50  0  1 -11.900   0.427   0.471   0.093  -0.294   0.000 +1E01EM000t
00064 ARG+1A0099_064 f 0.00  1.000     0 12.50  0  1 -11.216   1.013   3.268   0.672  -0.096   0.000 +1E044M000t
00065 ARG+1A0099_065 f 0.00  1.000     0 12.50  0  1 -12.007   3.314   3.035   0.074  -0.271   0.000 +1E05AM000t
00066 ARG+1A0099_066 f 0.00  1.000     0 12.50  0  1 -11.667   0.489   0.474   0.057  -0.847   0.000 +1E0B6M000t
00067 ARG+1A0099_067 f 0.00  1.000     0 12.50  0  1  -9.254   0.979   3.906   0.173  -0.305   0.000 +1E106M000t
00068 ARG+1A0099_068 f 0.00  1.000     0 12.50  0  1 -11.304   1.315   3.201   0.264  -0.599   0.000 +1E115M000t
00069 ARG+1A0099_069 f 0.00  1.000     0 12.50  0  1 -11.840   6.065   3.164  -0.044  -0.038   0.000 +1E124M000t
00070 ARG+1A0099_070 f 0.00  1.000     0 12.50  0  1  -8.621   1.344   3.859   0.042  -0.337   0.000 +1E12EM000t
00071 ARG+1A0099_071 f 0.00  1.000     0 12.50  0  1 -11.687   1.435   1.164   0.086  -0.223   0.000 +1E13AM000t
00072 ARG+1A0099_072 f 0.00  1.000     0 12.50  0  1  -8.008   0.345   3.877   0.164  -0.364   0.000 +1T032M000t
00073 ARG+1A0099_073 f 0.00  1.000     0 12.50  0  1 -12.436   1.114   3.052   0.123  -0.310   0.000 +1T08EM000t
00074 ARG+1A0099_074 f 0.00  1.000     0 12.50  0  1  -7.523   0.383   3.714   0.223  -0.530   0.000 +1T0E6M000t
00075 ARG+1A0099_075 f 0.00  1.000     0 12.50  0  1  -8.247   0.265   1.147   0.189  -0.207   0.000 +1T104M000t
00076 ARG+1A0099_076 f 0.00  1.000     0 12.50  0  1 -12.140   0.892   3.221   0.422   0.051   0.000 +1T10FM000t
00077 ARG+1A0099_077 f 0.00  1.000     0 12.50  0  1 -11.886   1.025   1.163   0.107  -0.221   0.000 +1T11DM000t
00078 ARG+1A0099_078 f 0.00  1.000     0 12.50  0  1  -8.814   0.801   3.869   0.173  -0.252   0.000 +1T120M000t
00079 ARG+1A0099_079 f 0.00  1.000     0 12.50  0  1 -12.946   7.009   0.591  -0.224  -0.124   0.000 +1T131M000t
00080 ARG+1A0099_080 f 0.00  1.000     0 12.50  0  1  -7.563   1.204   3.865   0.149  -0.274   0.000 +1T138M000t
