CONFORMER         crg  vdw0  vdw1  tors  epol  self   occ  Hb     history    ASA
ARG01A0099_001  0.000-10.63  0.02  0.62  0.00 -9.99 0.502  00  01O000M000  1.000
ARG01A0099_002  0.000-10.36 -0.23  1.21  0.00 -9.38 0.502  00  01E006M000  1.000
ARG01A0099_003  0.000-11.76  0.35  0.48  0.00-10.93 0.502  00  01E01EM000  1.000
ARG01A0099_004  0.000 -8.02  0.28  3.88  0.00 -3.86 0.502  00  01E032M000  1.000
ARG01A0099_005  0.000-12.43  1.04  3.07  0.00 -8.32 0.501  00  01E08EM000  1.000
ARG01A0099_006  0.000-11.81  0.43  0.48  0.00-10.89 0.502  00  01E0B6M000  1.000
ARG01A0099_007  0.000-11.87  0.96  1.19  0.00 -9.73 0.502  00  01E11DM000  1.000
ARG01A0099_008  0.000-11.74  6.01  3.17  0.00 -2.56 0.502  00  01E124M000  1.000
ARG01A0099_009  0.000-12.10  7.09  0.93  0.00 -4.09 0.501  00  01E131M000  1.000
ARG01A0099_010  0.000-10.78  1.00  3.27  0.00 -6.51 0.502  00  01T044M000  1.000
ARG01A0099_011  0.000-11.57  3.32  3.11  0.00 -5.14 0.501  00  01T05AM000  1.000
ARG01A0099_012  0.000 -7.40  0.40  3.72  0.00 -3.29 0.502  00  01T0E6M000  1.000
ARG01A0099_013  0.000 -8.11  0.21  1.15  0.00 -6.75 0.502  00  01T104M000  1.000
ARG01A0099_014  0.000 -9.72  0.84  4.16  0.00 -4.72 0.501  00  01T106M000  1.000
ARG01A0099_015  0.000-12.88  0.98  3.48  0.00 -8.42 0.502  00  01T10FM000  1.000
ARG01A0099_016  0.000-11.43  1.44  3.18  0.00 -6.82 0.502  00  01T115M000  1.000
ARG01A0099_017  0.000 -9.30  0.62  4.02  0.00 -4.65 0.502  00  01T120M000  1.000
ARG01A0099_018  0.000 -8.85  1.59  4.03  0.00 -3.22 0.501  00  01T12EM000  1.000
ARG01A0099_019  0.000 -7.49  1.20  3.86  0.00 -2.43 0.502  00  01T138M000  1.000
ARG01A0099_020  0.000-11.49  1.41  1.18  0.00 -8.91 0.502  00  01T13AM000  1.000
ARG02A0099_021  0.000-10.68  0.02  0.62  0.00-10.04 0.502  00  02O000M000  1.000
ARG02A0099_022  0.000 -7.96  0.28  3.88  0.00 -3.80 0.502  00  02E032M000  1.000
ARG02A0099_023  0.000-11.57  0.43  0.47  0.00-10.66 0.502  00  02E0B6M000  1.000
ARG02A0099_024  0.000-11.73  6.01  3.16  0.00 -2.56 0.502  00  02E124M000  1.000
ARG02A0099_025  0.000 -8.38  0.22  1.15  0.00 -7.02 0.502  00  02E104M000  1.000
ARG02A0099_026  0.000-12.83  6.96  0.59  0.00 -5.28 0.501  00  02E131M000  1.000
ARG02A0099_027  0.000-12.43  1.06  3.05  0.00 -8.33 0.501  00  02T08EM000  1.000
ARG02A0099_028  0.000 -9.19  0.93  3.91  0.00 -4.35 0.501  00  02T106M000  1.000
ARG02A0099_029  0.000-12.02  3.27  3.03  0.00 -5.72 0.501  00  02T05AM000  1.000
ARG02A0099_030  0.000-11.76  0.33  0.47  0.00-10.96 0.502  00  02T01EM000  1.000
ARG02A0099_031  0.000-11.07  0.97  3.27  0.00 -6.84 0.502  00  02T044M000  1.000
ARG02A0099_032  0.000 -7.46  1.19  3.86  0.00 -2.40 0.502  00  02T138M000  1.000
ARG02A0099_033  0.000-11.59  1.44  1.16  0.00 -8.99 0.502  00  02T13AM000  1.000
ARG02A0099_034  0.000-10.19 -0.24  1.20  0.00 -9.23 0.502  00  02T006M000  1.000
ARG02A0099_035  0.000 -7.78  0.40  3.72  0.00 -3.66 0.502  00  02T0E6M000  1.000
ARG02A0099_036  0.000-12.09  0.86  3.22  0.00 -8.01 0.502  00  02T10FM000  1.000
ARG02A0099_037  0.000-11.23  1.28  3.19  0.00 -6.76 0.502  00  02T115M000  1.000
ARG02A0099_038  0.000-11.78  0.98  1.16  0.00 -9.64 0.502  00  02T11DM000  1.000
ARG02A0099_039  0.000 -8.77  0.75  3.87  0.00 -4.14 0.502  00  02T120M000  1.000
ARG02A0099_040  0.000 -8.51  1.34  3.85  0.00 -3.32 0.501  00  02T12EM000  1.000
ARG03A0099_041  0.000-10.68  0.02  0.62  0.00-10.04 0.502  00  03O000M000  1.000
ARG03A0099_042  0.000 -8.26  0.22  1.15  0.00 -6.90 0.502  00  03E104M000  1.000
ARG03A0099_043  0.000-11.23  0.96  3.26  0.00 -7.01 0.502  00  03E044M000  1.000
ARG03A0099_044  0.000 -9.14  0.93  3.90  0.00 -4.30 0.501  00  03E106M000  1.000
ARG03A0099_045  0.000-11.78  6.06  3.17  0.00 -2.56 0.502  00  03E124M000  1.000
ARG03A0099_046  0.000-12.89  6.77  0.58  0.00 -5.54 0.501  00  03E131M000  1.000
ARG03A0099_047  0.000-10.23 -0.25  1.21  0.00 -9.27 0.502  00  03T006M000  1.000
ARG03A0099_048  0.000-11.86  3.27  3.03  0.00 -5.56 0.501  00  03T05AM000  1.000
ARG03A0099_049  0.000-11.31  1.26  3.20  0.00 -6.85 0.502  00  03T115M000  1.000
ARG03A0099_050  0.000-11.79  0.97  1.16  0.00 -9.66 0.502  00  03T11DM000  1.000
ARG03A0099_051  0.000 -8.77  0.76  3.87  0.00 -4.15 0.502  00  03T120M000  1.000
ARG03A0099_052  0.000-12.40  1.06  3.05  0.00 -8.30 0.501  00  03T08EM000  1.000
ARG03A0099_053  0.000-11.77  0.43  0.47  0.00-10.86 0.502  00  03T0B6M000  1.000
ARG03A0099_054  0.000-12.15  0.84  3.22  0.00 -8.10 0.502  00  03T10FM000  1.000
ARG03A0099_055  0.000-11.72  1.43  1.16  0.00 -9.12 0.502  00  03T13AM000  1.000
ARG03A0099_056  0.000-11.84  0.32  0.47  0.00-11.05 0.502  00  03T01EM000  1.000
ARG03A0099_057  0.000 -7.96  0.28  3.87  0.00 -3.81 0.502  00  03T032M000  1.000
ARG03A0099_058  0.000 -7.60  0.39  3.71  0.00 -3.50 0.502  00  03T0E6M000  1.000
ARG03A0099_059  0.000 -8.56  1.34  3.86  0.00 -3.36 0.501  00  03T12EM000  1.000
ARG03A0099_060  0.000 -7.53  1.20  3.86  0.00 -2.47 0.502  00  03T138M000  1.000
ARG+1A0099_061  1.000-10.73  0.02  0.62  0.00-10.09 0.502  00  +1O000M000  1.000
ARG+1A0099_062  1.000-10.26 -0.25  1.21  0.00 -9.31 0.502  00  +1E006M000  1.000
ARG+1A0099_063  1.000-11.89  0.32  0.47  0.00-11.10 0.502  00  +1E01EM000  1.000
ARG+1A0099_064  1.000-11.28  0.97  3.27  0.00 -7.05 0.502  00  +1E044M000  1.000
ARG+1A0099_065  1.000-12.02  3.27  3.03  0.00 -5.71 0.501  00  +1E05AM000  1.000
ARG+1A0099_066  1.000-11.66  0.43  0.47  0.00-10.75 0.502  00  +1E0B6M000  1.000
ARG+1A0099_067  1.000 -9.25  0.93  3.91  0.00 -4.41 0.501  00  +1E106M000  1.000
ARG+1A0099_068  1.000-11.30  1.26  3.20  0.00 -6.84 0.502  00  +1E115M000  1.000
ARG+1A0099_069  1.000-11.84  6.07  3.16  0.00 -2.61 0.502  00  +1E124M000  1.000
ARG+1A0099_070  1.000 -8.62  1.34  3.86  0.00 -3.41 0.501  00  +1E12EM000  1.000
ARG+1A0099_071  1.000-11.69  1.44  1.16  0.00 -9.09 0.502  00  +1E13AM000  1.000
ARG+1A0099_072  1.000 -8.00  0.28  3.88  0.00 -3.85 0.502  00  +1T032M000  1.000
ARG+1A0099_073  1.000-12.44  1.06  3.05  0.00 -8.33 0.501  00  +1T08EM000  1.000
ARG+1A0099_074  1.000 -7.52  0.38  3.71  0.00 -3.43 0.502  00  +1T0E6M000  1.000
ARG+1A0099_075  1.000 -8.23  0.22  1.15  0.00 -6.87 0.502  00  +1T104M000  1.000
ARG+1A0099_076  1.000-12.13  0.85  3.22  0.00 -8.07 0.502  00  +1T10FM000  1.000
ARG+1A0099_077  1.000-11.89  0.98  1.16  0.00 -9.74 0.502  00  +1T11DM000  1.000
ARG+1A0099_078  1.000 -8.80  0.75  3.87  0.00 -4.18 0.502  00  +1T120M000  1.000
ARG+1A0099_079  1.000-12.95  7.01  0.59  0.00 -5.35 0.501  00  +1T131M000  1.000
ARG+1A0099_080  1.000 -7.57  1.20  3.87  0.00 -2.50 0.502  00  +1T138M000  1.000
