   confID        vdw0    sas     sum
ARG01A0099_001   3.183 -13.814 -10.631
ARG01A0099_002   3.996 -14.339 -10.344
ARG01A0099_003   2.674 -14.391 -11.718
ARG01A0099_004   6.331 -14.350  -8.019
ARG01A0099_005   2.008 -14.436 -12.429
ARG01A0099_006   2.191 -13.993 -11.802
ARG01A0099_007   2.584 -14.447 -11.863
ARG01A0099_008   2.301 -14.044 -11.743
ARG01A0099_009   2.074 -14.175 -12.101
ARG01A0099_010   3.824 -14.610 -10.786
ARG01A0099_011   2.472 -14.037 -11.564
ARG01A0099_012   6.041 -13.460  -7.419
ARG01A0099_013   5.598 -13.701  -8.103
ARG01A0099_014   4.947 -14.662  -9.715
ARG01A0099_015   2.243 -15.124 -12.881
ARG01A0099_016   3.085 -14.525 -11.440
ARG01A0099_017   5.276 -14.570  -9.294
ARG01A0099_018   5.289 -14.135  -8.846
ARG01A0099_019   6.033 -13.539  -7.506
ARG01A0099_020   2.568 -14.058 -11.491
ARG02A0099_021   3.136 -13.814 -10.678
ARG02A0099_022   6.328 -14.282  -7.954
ARG02A0099_023   2.175 -13.745 -11.570
ARG02A0099_024   2.309 -14.044 -11.735
ARG02A0099_025   5.464 -13.845  -8.381
ARG02A0099_026   1.653 -14.487 -12.834
ARG02A0099_027   1.871 -14.305 -12.434
ARG02A0099_028   5.292 -14.478  -9.186
ARG02A0099_029   2.303 -14.329 -12.025
ARG02A0099_030   2.727 -14.487 -11.761
ARG02A0099_031   3.745 -14.810 -11.065
ARG02A0099_032   6.083 -13.542  -7.460
ARG02A0099_033   2.537 -14.126 -11.589
ARG02A0099_034   4.016 -14.204 -10.188
ARG02A0099_035   5.855 -13.643  -7.788
ARG02A0099_036   2.613 -14.702 -12.089
ARG02A0099_037   3.334 -14.564 -11.230
ARG02A0099_038   2.526 -14.312 -11.786
ARG02A0099_039   5.513 -14.213  -8.700
ARG02A0099_040   5.537 -14.048  -8.510
ARG03A0099_041   3.130 -13.814 -10.683
ARG03A0099_042   5.496 -13.761  -8.265
ARG03A0099_043   3.706 -14.941 -11.236
ARG03A0099_044   5.268 -14.414  -9.146
ARG03A0099_045   2.324 -14.108 -11.784
ARG03A0099_046   1.595 -14.538 -12.943
ARG03A0099_047   3.970 -14.204 -10.234
ARG03A0099_048   2.289 -14.145 -11.857
ARG03A0099_049   3.302 -14.612 -11.310
ARG03A0099_050   2.458 -14.248 -11.790
ARG03A0099_051   5.426 -14.213  -8.787
ARG03A0099_052   1.855 -14.257 -12.402
ARG03A0099_053   2.169 -13.941 -11.773
ARG03A0099_054   2.546 -14.702 -12.156
ARG03A0099_055   2.472 -14.190 -11.718
ARG03A0099_056   2.717 -14.552 -11.835
ARG03A0099_057   6.321 -14.282  -7.962
ARG03A0099_058   5.971 -13.576  -7.604
ARG03A0099_059   5.491 -14.048  -8.557
ARG03A0099_060   6.009 -13.590  -7.581
ARG+1A0099_061   3.089 -13.814 -10.725
ARG+1A0099_062   3.944 -14.204 -10.260
ARG+1A0099_063   2.652 -14.552 -11.900
ARG+1A0099_064   3.661 -14.877 -11.216
ARG+1A0099_065   2.254 -14.261 -12.007
ARG+1A0099_066   2.127 -13.793 -11.667
ARG+1A0099_067   5.225 -14.478  -9.254
ARG+1A0099_068   3.260 -14.564 -11.304
ARG+1A0099_069   2.268 -14.108 -11.840
ARG+1A0099_070   5.426 -14.048  -8.621
ARG+1A0099_071   2.439 -14.126 -11.687
ARG+1A0099_072   6.275 -14.282  -8.008
ARG+1A0099_073   1.821 -14.257 -12.436
ARG+1A0099_074   5.989 -13.512  -7.523
ARG+1A0099_075   5.514 -13.761  -8.247
ARG+1A0099_076   2.511 -14.650 -12.140
ARG+1A0099_077   2.425 -14.312 -11.886
ARG+1A0099_078   5.399 -14.213  -8.814
ARG+1A0099_079   1.541 -14.487 -12.946
ARG+1A0099_080   5.979 -13.542  -7.563
