iConf CONFORMER     FL  occ    crg   Em0  pKa0 ne nH    vdw0    vdw1    tors    epol   dsolv   extra    history
00001 PHE01A0084_001 f 0.00  0.000     0  0.00  0  0  -9.028   0.610   0.218   0.000   0.000   0.000 01O000M000t
00002 PHE01A0084_002 f 0.00  0.000     0  0.00  0  0  -8.835   0.402   2.583   0.000   0.000   0.000 01R001M000t
00003 PHE01A0084_003 f 0.00  0.000     0  0.00  0  0  -9.235  -0.159   0.218   0.000   0.000   0.000 01R002M000t
00004 PHE01A0084_004 f 0.00  0.000     0  0.00  0  0  -9.025   2.626   2.561   0.000   0.000   0.000 01R003M000t
00005 PHE01A0084_005 f 0.00  0.000     0  0.00  0  0  -8.340   0.394   0.219   0.000   0.000   0.000 01R004M000t
00006 PHE01A0084_006 f 0.00  0.000     0  0.00  0  0  -8.666   3.687   2.559   0.000   0.000   0.000 01R005M000t
00007 PHE01A0084_007 f 0.00  0.000     0  0.00  0  0  -8.966   0.485   0.218   0.000   0.000   0.000 01R006M000t
00008 PHE01A0084_008 f 0.00  0.000     0  0.00  0  0  -9.369   3.193   2.563   0.000   0.000   0.000 01R007M000t
00009 PHE01A0084_009 f 0.00  0.000     0  0.00  0  0  -8.782   0.435   2.583   0.000   0.000   0.000 01R008M000t
00010 PHE01A0084_010 f 0.00  0.000     0  0.00  0  0  -8.574   1.933   2.583   0.000   0.000   0.000 01R009M000t
00011 PHE01A0084_011 f 0.00  0.000     0  0.00  0  0  -9.633  -0.042   0.218   0.000   0.000   0.000 01R00CM000t
00012 PHE01A0084_012 f 0.00  0.000     0  0.00  0  0  -8.876   1.424   0.218   0.000   0.000   0.000 01R00DM000t
00013 PHE01A0084_013 f 0.00  0.000     0  0.00  0  0  -8.632   0.480   0.219   0.000   0.000   0.000 01R010M000t
00014 PHE01A0084_014 f 0.00  0.000     0  0.00  0  0  -8.507   3.785   2.562   0.000   0.000   0.000 01R012M000t
00015 PHE01A0084_015 f 0.00  0.000     0  0.00  0  0  -9.437   4.464   2.477   0.000   0.000   0.000 01T00AM000t
00016 PHE01A0084_016 f 0.00  0.000     0  0.00  0  0  -9.368   2.187   0.157   0.000   0.000   0.000 01T00BM000t
00017 PHE01A0084_017 f 0.00  0.000     0  0.00  0  0  -9.406   6.192   0.241   0.000   0.000   0.000 01T00EM000t
00018 PHE01A0084_018 f 0.00  0.000     0  0.00  0  0  -8.799   2.656   2.563   0.000   0.000   0.000 01T00FM000t
00019 PHE01A0084_019 f 0.00  0.000     0  0.00  0  0  -9.204   7.175   0.220   0.000   0.000   0.000 01T011M000t
