CONFORMER         crg  vdw0  vdw1  tors  epol  self   occ  Hb     history    ASA
LYS01A0045_001  0.000-12.44  0.56  1.23  0.00-10.65 0.502  00  01O000M000  1.000
LYS01A0045_002  0.000-11.64  0.51  1.53  0.00 -9.60 0.502  00  01E00FM000  1.000
LYS01A0045_003  0.000-11.33  4.09  3.61  0.00 -3.63 0.502  00  01E060M000  1.000
LYS01A0045_004  0.000-11.11  2.69  5.70  0.00 -2.72 0.502  00  01E120M000  1.000
LYS01A0045_005  0.000-10.54  3.64  3.55  0.00 -3.35 0.502  00  01E156M000  1.000
LYS01A0045_006  0.000 -8.78  3.58  2.24  0.00 -2.96 0.501  00  01E157M000  1.000
LYS01A0045_007  0.000-11.88  2.34  4.24  0.00 -5.30 0.502  00  01T00BM000  1.000
LYS01A0045_008  0.000-11.93  0.58  1.58  0.00 -9.78 0.502  00  01T00CM000  1.000
LYS01A0045_009  0.000 -9.89  2.31  4.94  0.00 -2.65 0.501  00  01T03EM000  1.000
LYS01A0045_010  0.000-11.50  0.53  0.93  0.00-10.05 0.501  00  01T052M000  1.000
LYS01A0045_011  0.000-10.48  0.45  1.52  0.00 -8.51 0.501  00  01T068M000  1.000
LYS01A0045_012  0.000-12.26  3.75  5.14  0.00 -3.37 0.502  00  01T07EM000  1.000
LYS01A0045_013  0.000-10.32  4.33  1.53  0.00 -4.45 0.502  00  01T09BM000  1.000
LYS01A0045_014  0.000 -9.92  0.44  1.44  0.00 -8.05 0.501  00  01T09FM000  1.000
LYS01A0045_015  0.000-10.39  1.16  5.89  0.00 -3.35 0.502  00  01T0B8M000  1.000
LYS01A0045_016  0.000-11.03  2.12  6.05  0.00 -2.85 0.501  00  01T10AM000  1.000
LYS01A0045_017  0.000-10.52  2.06  4.19  0.00 -4.27 0.501  00  01T118M000  1.000
LYS01A0045_018  0.000-10.65  0.49  3.53  0.00 -6.63 0.501  00  01T12DM000  1.000
LYS01A0045_019  0.000 -9.50  0.57  3.64  0.00 -5.29 0.501  00  01T137M000  1.000
LYS01A0045_020  0.000-11.03  0.62  3.19  0.00 -7.22 0.501  00  01T142M000  1.000
LYS+1A0045_021  1.000-12.48  0.55  1.23  0.00-10.69 0.502  00  +1O000M000  1.000
LYS+1A0045_022  1.000-11.92  2.33  4.25  0.00 -5.34 0.502  00  +1E00BM000  1.000
LYS+1A0045_023  1.000-11.54  0.52  0.95  0.00-10.07 0.501  00  +1E052M000  1.000
LYS+1A0045_024  1.000-12.18  3.75  5.21  0.00 -3.22 0.502  00  +1E07EM000  1.000
LYS+1A0045_025  1.000 -9.86  0.43  1.46  0.00 -7.97 0.501  00  +1E09FM000  1.000
LYS+1A0045_026  1.000-10.56  2.05  4.20  0.00 -4.31 0.501  00  +1E118M000  1.000
LYS+1A0045_027  1.000 -9.48  0.57  3.72  0.00 -5.19 0.501  00  +1E137M000  1.000
LYS+1A0045_028  1.000-11.05  0.63  3.26  0.00 -7.17 0.501  00  +1E142M000  1.000
LYS+1A0045_029  1.000 -8.95  3.56  2.25  0.00 -3.14 0.501  00  +1E157M000  1.000
LYS+1A0045_030  1.000-11.97  0.58  1.58  0.00 -9.81 0.502  00  +1T00CM000  1.000
LYS+1A0045_031  1.000-11.75  0.51  1.53  0.00 -9.71 0.502  00  +1T00FM000  1.000
LYS+1A0045_032  1.000 -9.94  2.31  4.94  0.00 -2.69 0.501  00  +1T03EM000  1.000
LYS+1A0045_033  1.000-11.37  4.09  3.63  0.00 -3.65 0.502  00  +1T060M000  1.000
LYS+1A0045_034  1.000-10.48  0.44  1.52  0.00 -8.52 0.501  00  +1T068M000  1.000
LYS+1A0045_035  1.000-10.38  4.31  1.54  0.00 -4.53 0.502  00  +1T09BM000  1.000
LYS+1A0045_036  1.000-10.35  1.16  5.93  0.00 -3.26 0.502  00  +1T0B8M000  1.000
LYS+1A0045_037  1.000-11.15  2.13  6.15  0.00 -2.87 0.501  00  +1T10AM000  1.000
LYS+1A0045_038  1.000-11.16  2.67  5.78  0.00 -2.72 0.502  00  +1T120M000  1.000
LYS+1A0045_039  1.000-10.84  0.49  3.58  0.00 -6.77 0.501  00  +1T12DM000  1.000
LYS+1A0045_040  1.000-10.57  3.70  3.62  0.00 -3.25 0.502  00  +1T156M000  1.000
