   confID        vdw0    sas     sum
LYS01A0045_001   0.632 -13.071 -12.438
LYS01A0045_002   1.045 -12.691 -11.646
LYS01A0045_003   0.872 -12.200 -11.328
LYS01A0045_004   1.642 -12.656 -11.013
LYS01A0045_005   1.569 -12.109 -10.540
LYS01A0045_006   3.651 -12.428  -8.777
LYS01A0045_007   1.052 -12.929 -11.877
LYS01A0045_008   1.053 -12.984 -11.932
LYS01A0045_009   2.916 -12.810  -9.894
LYS01A0045_010   0.888 -12.393 -11.505
LYS01A0045_011   2.007 -12.480 -10.474
LYS01A0045_012   0.664 -12.982 -12.318
LYS01A0045_013   2.000 -12.322 -10.322
LYS01A0045_014   2.329 -12.245  -9.916
LYS01A0045_015   1.896 -12.290 -10.394
LYS01A0045_016   1.560 -12.637 -11.077
LYS01A0045_017   2.156 -12.683 -10.527
LYS01A0045_018   1.564 -12.212 -10.648
LYS01A0045_019   3.176 -12.665  -9.490
LYS01A0045_020   1.914 -12.891 -10.977
LYS+1A0045_021   0.592 -13.071 -12.479
LYS+1A0045_022   1.011 -12.929 -11.918
LYS+1A0045_023   0.797 -12.341 -11.544
LYS+1A0045_024   0.619 -12.795 -12.177
LYS+1A0045_025   2.321 -12.177  -9.856
LYS+1A0045_026   2.128 -12.686 -10.558
LYS+1A0045_027   3.183 -12.665  -9.482
LYS+1A0045_028   1.896 -12.891 -10.994
LYS+1A0045_029   3.551 -12.496  -8.945
LYS+1A0045_030   1.013 -12.984 -11.971
LYS+1A0045_031   1.008 -12.759 -11.751
LYS+1A0045_032   2.865 -12.810  -9.945
LYS+1A0045_033   0.777 -12.148 -11.371
LYS+1A0045_034   1.987 -12.464 -10.477
LYS+1A0045_035   1.993 -12.374 -10.380
LYS+1A0045_036   1.855 -12.210 -10.354
LYS+1A0045_037   1.531 -12.676 -11.144
LYS+1A0045_038   1.641 -12.810 -11.169
LYS+1A0045_039   1.508 -12.348 -10.840
LYS+1A0045_040   1.540 -12.109 -10.569
