iConf CONFORMER     FL  occ    crg   Em0  pKa0 ne nH    vdw0    vdw1    tors    epol   dsolv   extra    history
00001 LYS01A0136_001 f 0.00  0.000     0  0.00  0  0 -11.992   1.523   0.822  -0.008  -0.042   0.000 01O000M000t
00002 LYS01A0136_002 f 0.00  0.000     0  0.00  0  0 -11.146   1.483   1.435  -0.008  -0.049   0.000 01E00DM000t
00003 LYS01A0136_003 f 0.00  0.000     0  0.00  0  0 -10.843   1.828   0.893  -0.000  -0.065   0.000 01E017M000t
00004 LYS01A0136_004 f 0.00  0.000     0  0.00  0  0 -11.300   2.468   0.934  -0.023   0.072   0.000 01E024M000t
00005 LYS01A0136_005 f 0.00  0.000     0  0.00  0  0  -9.689   1.335   3.679  -0.015   0.144   0.000 01E07BM000t
00006 LYS01A0136_006 f 0.00  0.000     0  0.00  0  0  -9.784   2.398   4.164  -0.004   0.149   0.000 01E09EM000t
00007 LYS01A0136_007 f 0.00  0.000     0  0.00  0  0  -9.261   1.912   4.303  -0.016   0.042   0.000 01E0CDM000t
00008 LYS01A0136_008 f 0.00  0.000     0  0.00  0  0  -7.412   1.933   2.077  -0.003  -0.057   0.000 01E0DDM000t
00009 LYS01A0136_009 f 0.00  0.000     0  0.00  0  0 -12.012   2.533   3.559  -0.004  -0.108   0.000 01T003M000t
00010 LYS01A0136_010 f 0.00  0.000     0  0.00  0  0 -10.454   1.432   1.524  -0.016   0.015   0.000 01T021M000t
00011 LYS01A0136_011 f 0.00  0.000     0  0.00  0  0 -10.261   1.978   1.460  -0.003   0.038   0.000 01T05DM000t
00012 LYS01A0136_012 f 0.00  0.000     0  0.00  0  0  -9.859   1.390   1.457  -0.012  -0.021   0.000 01T07FM000t
00013 LYS01A0136_013 f 0.00  0.000     0  0.00  0  0 -10.540   2.393   3.686  -0.017   0.008   0.000 01T0B2M000t
00014 LYS01A0136_014 f 0.00  0.000     0  0.00  0  0 -10.811   2.790   4.317  -0.035  -0.108   0.000 01T0B8M000t
00015 LYS01A0136_015 f 0.00  0.000     0  0.00  0  0  -9.515   2.535   4.319  -0.033   0.103   0.000 01T0BFM000t
00016 LYS01A0136_016 f 0.00  0.000     0  0.00  0  0  -7.412   1.665   2.080  -0.018   0.056   0.000 01T0C4M000t
00017 LYS01A0136_017 f 0.00  0.000     0  0.00  0  0  -7.739   1.615   4.868   0.006  -0.015   0.000 01T0D5M000t
00018 LYS01A0136_018 f 0.00  0.000     0  0.00  0  0  -9.539   1.962   4.301  -0.002  -0.121   0.000 01T0DAM000t
00019 LYS01A0136_019 f 0.00  0.000     0  0.00  0  0  -7.398   1.882   2.077   0.000   0.115   0.000 01T0DCM000t
00020 LYS01A0136_020 f 0.00  0.000     0  0.00  0  0  -7.494   2.722   4.852   0.077   0.143   0.000 01T0E0M000t
00021 LYS+1A0136_021 f 0.00  1.000     0 10.40  0  1 -12.037   1.522   0.822   0.025  -0.263   0.000 +1O000M000t
00022 LYS+1A0136_022 f 0.00  1.000     0 10.40  0  1 -11.240   1.482   1.437   0.028  -0.389   0.000 +1E00DM000t
00023 LYS+1A0136_023 f 0.00  1.000     0 10.40  0  1 -10.495   1.431   1.524   0.049  -0.105   0.000 +1E021M000t
00024 LYS+1A0136_024 f 0.00  1.000     0 10.40  0  1 -11.359   2.478   0.938   0.078  -0.518   0.000 +1E024M000t
00025 LYS+1A0136_025 f 0.00  1.000     0 10.40  0  1 -10.387   1.969   1.460   0.035  -0.021   0.000 +1E05DM000t
00026 LYS+1A0136_026 f 0.00  1.000     0 10.40  0  1  -9.745   1.329   3.679  -0.020  -0.040   0.000 +1E07BM000t
00027 LYS+1A0136_027 f 0.00  1.000     0 10.40  0  1 -10.524   2.376   3.690   0.072  -0.100   0.000 +1E0B2M000t
00028 LYS+1A0136_028 f 0.00  1.000     0 10.40  0  1  -7.478   1.660   2.080   0.019   0.145   0.000 +1E0C4M000t
00029 LYS+1A0136_029 f 0.00  1.000     0 10.40  0  1  -9.431   1.913   4.314   0.094  -0.024   0.000 +1E0CDM000t
00030 LYS+1A0136_030 f 0.00  1.000     0 10.40  0  1  -7.606   1.612   4.871  -0.055  -0.162   0.000 +1E0D5M000t
00031 LYS+1A0136_031 f 0.00  1.000     0 10.40  0  1  -7.403   1.930   2.076   0.021  -0.010   0.000 +1E0DDM000t
00032 LYS+1A0136_032 f 0.00  1.000     0 10.40  0  1 -12.058   2.532   3.559   0.002  -0.429   0.000 +1T003M000t
00033 LYS+1A0136_033 f 0.00  1.000     0 10.40  0  1 -10.882   1.830   0.892  -0.010  -0.395   0.000 +1T017M000t
00034 LYS+1A0136_034 f 0.00  1.000     0 10.40  0  1  -9.946   1.385   1.457   0.016  -0.034   0.000 +1T07FM000t
00035 LYS+1A0136_035 f 0.00  1.000     0 10.40  0  1  -9.839   2.404   4.171  -0.021  -0.436   0.000 +1T09EM000t
00036 LYS+1A0136_036 f 0.00  1.000     0 10.40  0  1 -10.862   2.752   4.318   0.153  -0.495   0.000 +1T0B8M000t
00037 LYS+1A0136_037 f 0.00  1.000     0 10.40  0  1  -9.624   2.518   4.324   0.148   0.076   0.000 +1T0BFM000t
00038 LYS+1A0136_038 f 0.00  1.000     0 10.40  0  1  -9.592   1.961   4.302  -0.003  -0.650   0.000 +1T0DAM000t
00039 LYS+1A0136_039 f 0.00  1.000     0 10.40  0  1  -7.370   1.877   2.078   0.015  -0.015   0.000 +1T0DCM000t
00040 LYS+1A0136_040 f 0.00  1.000     0 10.40  0  1  -7.543   2.687   4.854  -0.391   0.818   0.000 +1T0E0M000t
