CONFORMER         crg  vdw0  vdw1  tors  epol  self   occ  Hb     history    ASA
LYS01A0136_001  0.000-11.99  1.42  0.82  0.00 -9.75 0.502  00  01O000M000  1.000
LYS01A0136_002  0.000-11.15  1.38  1.43  0.00 -8.33 0.502  00  01E00DM000  1.000
LYS01A0136_003  0.000-10.84  1.78  0.89  0.00 -8.17 0.502  00  01E017M000  1.000
LYS01A0136_004  0.000-11.30  2.42  0.93  0.00 -7.95 0.503  00  01E024M000  1.000
LYS01A0136_005  0.000 -9.69  1.23  3.68  0.00 -4.78 0.503  00  01E07BM000  1.000
LYS01A0136_006  0.000 -9.85  2.34  4.16  0.00 -3.35 0.502  00  01E09EM000  1.000
LYS01A0136_007  0.000 -9.25  1.91  4.30  0.00 -3.04 0.502  00  01E0CDM000  1.000
LYS01A0136_008  0.000 -7.40  1.93  2.08  0.00 -3.39 0.502  00  01E0DDM000  1.000
LYS01A0136_009  0.000-12.01  2.48  3.56  0.00 -5.97 0.502  00  01T003M000  1.000
LYS01A0136_010  0.000-10.45  1.39  1.52  0.00 -7.54 0.502  00  01T021M000  1.000
LYS01A0136_011  0.000-10.26  1.98  1.46  0.00 -6.82 0.503  00  01T05DM000  1.000
LYS01A0136_012  0.000 -9.93  1.29  1.46  0.00 -7.18 0.502  00  01T07FM000  1.000
LYS01A0136_013  0.000-10.54  2.35  3.69  0.00 -4.50 0.502  00  01T0B2M000  1.000
LYS01A0136_014  0.000-10.81  2.74  4.32  0.00 -3.75 0.502  00  01T0B8M000  1.000
LYS01A0136_015  0.000 -9.45  2.49  4.32  0.00 -2.65 0.502  00  01T0BFM000  1.000
LYS01A0136_016  0.000 -7.40  1.62  2.08  0.00 -3.71 0.501  00  01T0C4M000  1.000
LYS01A0136_017  0.000 -7.67  1.62  4.87  0.00 -1.18 0.502  00  01T0D5M000  1.000
LYS01A0136_018  0.000 -9.54  1.96  4.30  0.00 -3.28 0.503  00  01T0DAM000  1.000
LYS01A0136_019  0.000 -7.40  1.88  2.08  0.00 -3.44 0.502  00  01T0DCM000  1.000
LYS01A0136_020  0.000 -7.49  2.72  4.85  0.00  0.08 0.502  00  01T0E0M000  1.000
LYS+1A0136_021  1.000-12.04  1.42  0.82  0.00 -9.79 0.502  00  +1O000M000  1.000
LYS+1A0136_022  1.000-11.24  1.38  1.44  0.00 -8.42 0.502  00  +1E00DM000  1.000
LYS+1A0136_023  1.000-10.49  1.38  1.52  0.00 -7.59 0.502  00  +1E021M000  1.000
LYS+1A0136_024  1.000-11.36  2.43  0.94  0.00 -7.99 0.503  00  +1E024M000  1.000
LYS+1A0136_025  1.000-10.32  1.97  1.46  0.00 -6.90 0.503  00  +1E05DM000  1.000
LYS+1A0136_026  1.000 -9.75  1.23  3.68  0.00 -4.84 0.503  00  +1E07BM000  1.000
LYS+1A0136_027  1.000-10.52  2.33  3.69  0.00 -4.50 0.502  00  +1E0B2M000  1.000
LYS+1A0136_028  1.000 -7.49  1.61  2.08  0.00 -3.80 0.501  00  +1E0C4M000  1.000
LYS+1A0136_029  1.000 -9.43  1.91  4.31  0.00 -3.21 0.502  00  +1E0CDM000  1.000
LYS+1A0136_030  1.000 -7.59  1.61  4.87  0.00 -1.11 0.502  00  +1E0D5M000  1.000
LYS+1A0136_031  1.000 -7.40  1.93  2.08  0.00 -3.40 0.502  00  +1E0DDM000  1.000
LYS+1A0136_032  1.000-12.06  2.48  3.56  0.00 -6.02 0.502  00  +1T003M000  1.000
LYS+1A0136_033  1.000-10.89  1.78  0.89  0.00 -8.22 0.502  00  +1T017M000  1.000
LYS+1A0136_034  1.000 -9.88  1.28  1.46  0.00 -7.14 0.502  00  +1T07FM000  1.000
LYS+1A0136_035  1.000 -9.84  2.35  4.17  0.00 -3.32 0.502  00  +1T09EM000  1.000
LYS+1A0136_036  1.000-10.86  2.71  4.32  0.00 -3.83 0.502  00  +1T0B8M000  1.000
LYS+1A0136_037  1.000 -9.62  2.47  4.32  0.00 -2.83 0.502  00  +1T0BFM000  1.000
LYS+1A0136_038  1.000 -9.59  1.96  4.30  0.00 -3.32 0.503  00  +1T0DAM000  1.000
LYS+1A0136_039  1.000 -7.38  1.88  2.08  0.00 -3.42 0.502  00  +1T0DCM000  1.000
LYS+1A0136_040  1.000 -7.54  2.69  4.85  0.00  0.01 0.502  00  +1T0E0M000  1.000
