   confID        vdw0    sas     sum
LYS01A0136_001   0.519 -12.511 -11.992
LYS01A0136_002   1.542 -12.688 -11.146
LYS01A0136_003   1.497 -12.340 -10.843
LYS01A0136_004   1.497 -12.798 -11.300
LYS01A0136_005   2.279 -11.968  -9.689
LYS01A0136_006   2.403 -12.187  -9.784
LYS01A0136_007   2.739 -12.000  -9.261
LYS01A0136_008   4.836 -12.248  -7.412
LYS01A0136_009   0.518 -12.530 -12.012
LYS01A0136_010   2.193 -12.646 -10.454
LYS01A0136_011   1.901 -12.162 -10.261
LYS01A0136_012   2.254 -12.114  -9.859
LYS01A0136_013   2.116 -12.656 -10.540
LYS01A0136_014   2.212 -13.023 -10.811
LYS01A0136_015   2.560 -12.075  -9.515
LYS01A0136_016   4.573 -11.985  -7.412
LYS01A0136_017   4.772 -12.511  -7.739
LYS01A0136_018   2.476 -12.015  -9.539
LYS01A0136_019   4.560 -11.959  -7.398
LYS01A0136_020   4.628 -12.122  -7.494
LYS+1A0136_021   0.474 -12.511 -12.037
LYS+1A0136_022   1.500 -12.740 -11.240
LYS+1A0136_023   2.151 -12.646 -10.495
LYS+1A0136_024   1.439 -12.798 -11.359
LYS+1A0136_025   1.842 -12.229 -10.387
LYS+1A0136_026   2.223 -11.968  -9.745
LYS+1A0136_027   2.081 -12.605 -10.524
LYS+1A0136_028   4.507 -11.985  -7.478
LYS+1A0136_029   2.621 -12.052  -9.431
LYS+1A0136_030   4.702 -12.308  -7.606
LYS+1A0136_031   4.778 -12.180  -7.403
LYS+1A0136_032   0.473 -12.530 -12.058
LYS+1A0136_033   1.459 -12.340 -10.882
LYS+1A0136_034   2.184 -12.130  -9.946
LYS+1A0136_035   2.351 -12.190  -9.839
LYS+1A0136_036   2.161 -13.023 -10.862
LYS+1A0136_037   2.434 -12.058  -9.624
LYS+1A0136_038   2.424 -12.015  -9.592
LYS+1A0136_039   4.498 -11.869  -7.370
LYS+1A0136_040   4.566 -12.109  -7.543
