iConf CONFORMER     FL  occ    crg   Em0  pKa0 ne nH    vdw0    vdw1    tors    epol   dsolv   extra    history
00001 LYS01A0086_001 f 0.00  0.000     0  0.00  0  0  -9.834   0.273   0.974  -0.010   0.133   0.000 01O000M000t
00002 LYS01A0086_002 f 0.00  0.000     0  0.00  0  0  -9.091   0.608   1.592  -0.013  -0.115   0.000 01E006M000t
00003 LYS01A0086_003 f 0.00  0.000     0  0.00  0  0  -8.546   2.824   1.570  -0.014   0.081   0.000 01E00BM000t
00004 LYS01A0086_004 f 0.00  0.000     0  0.00  0  0  -8.955   0.854   4.110  -0.019   0.184   0.000 01E021M000t
00005 LYS01A0086_005 f 0.00  0.000     0  0.00  0  0  -7.208   0.618   2.009  -0.016   0.202   0.000 01E02AM000t
00006 LYS01A0086_006 f 0.00  0.000     0  0.00  0  0  -8.845   1.697   3.840  -0.040   0.162   0.000 01E03CM000t
00007 LYS01A0086_007 f 0.00  0.000     0  0.00  0  0 -11.604   4.601   3.508  -0.010   0.027   0.000 01E04DM000t
00008 LYS01A0086_008 f 0.00  0.000     0  0.00  0  0  -9.776   1.268   4.103  -0.012  -0.171   0.000 01E063M000t
00009 LYS01A0086_009 f 0.00  0.000     0  0.00  0  0 -10.346   0.564   1.610  -0.011   0.038   0.000 01E0F2M000t
00010 LYS01A0086_010 f 0.00  0.000     0  0.00  0  0 -10.731   4.764   1.783  -0.161  -0.042   0.000 01E104M000t
00011 LYS01A0086_011 f 0.00  0.000     0  0.00  0  0  -9.552   2.705   4.347  -0.010   0.057   0.000 01E11CM000t
00012 LYS01A0086_012 f 0.00  0.000     0  0.00  0  0  -8.509   2.578   1.966  -0.007  -0.021   0.000 01E125M000t
00013 LYS01A0086_013 f 0.00  0.000     0  0.00  0  0  -7.966   1.173   4.237  -0.020  -0.087   0.000 01E133M000t
00014 LYS01A0086_014 f 0.00  0.000     0  0.00  0  0  -8.295   0.882   1.048  -0.018   0.183   0.000 01T019M000t
00015 LYS01A0086_015 f 0.00  0.000     0  0.00  0  0  -7.693   1.581   4.685  -0.042   0.077   0.000 01T03EM000t
00016 LYS01A0086_016 f 0.00  0.000     0  0.00  0  0  -8.620   2.006   4.266  -0.026   0.145   0.000 01T03FM000t
00017 LYS01A0086_017 f 0.00  0.000     0  0.00  0  0 -10.478   4.387   3.865  -0.014  -0.188   0.000 01T0AFM000t
00018 LYS01A0086_018 f 0.00  0.000     0  0.00  0  0  -9.020   2.611   4.265  -0.015  -0.041   0.000 01T0B2M000t
00019 LYS01A0086_019 f 0.00  0.000     0  0.00  0  0  -4.779   0.449   1.554  -0.016   0.137   0.000 01T0D5M000t
00020 LYS01A0086_020 f 0.00  0.000     0  0.00  0  0  -7.798   0.466   4.096  -0.037  -0.147   0.000 01T0EEM000t
00021 LYS+1A0086_021 f 0.00  1.000     0 10.40  0  1  -9.896   0.268   0.974   0.085   0.033   0.000 +1O000M000t
00022 LYS+1A0086_022 f 0.00  1.000     0 10.40  0  1  -8.611   2.834   1.573   0.024   0.080   0.000 +1E00BM000t
00023 LYS+1A0086_023 f 0.00  1.000     0 10.40  0  1  -7.309   0.612   2.013   0.064   0.092   0.000 +1E02AM000t
00024 LYS+1A0086_024 f 0.00  1.000     0 10.40  0  1  -8.922   1.693   3.842   0.126   0.165   0.000 +1E03CM000t
00025 LYS+1A0086_025 f 0.00  1.000     0 10.40  0  1  -8.802   2.007   4.266   0.068   0.008   0.000 +1E03FM000t
00026 LYS+1A0086_026 f 0.00  1.000     0 10.40  0  1 -10.514   4.390   3.880   0.067  -0.193   0.000 +1E0AFM000t
00027 LYS+1A0086_027 f 0.00  1.000     0 10.40  0  1  -7.626   0.458   4.129   0.152  -0.036   0.000 +1E0EEM000t
00028 LYS+1A0086_028 f 0.00  1.000     0 10.40  0  1  -9.617   2.704   4.356  -0.021  -0.157   0.000 +1E11CM000t
00029 LYS+1A0086_029 f 0.00  1.000     0 10.40  0  1  -8.554   2.594   1.966   0.029  -0.356   0.000 +1E125M000t
00030 LYS+1A0086_030 f 0.00  1.000     0 10.40  0  1  -7.989   1.163   4.237   0.103  -0.199   0.000 +1E133M000t
00031 LYS+1A0086_031 f 0.00  1.000     0 10.40  0  1  -9.161   0.607   1.593   0.064  -0.277   0.000 +1T006M000t
00032 LYS+1A0086_032 f 0.00  1.000     0 10.40  0  1  -8.372   0.879   1.057   0.132   0.189   0.000 +1T019M000t
00033 LYS+1A0086_033 f 0.00  1.000     0 10.40  0  1  -9.025   0.856   4.125   0.125   0.373   0.000 +1T021M000t
00034 LYS+1A0086_034 f 0.00  1.000     0 10.40  0  1  -7.752   1.530   4.694   0.280   0.550   0.000 +1T03EM000t
00035 LYS+1A0086_035 f 0.00  1.000     0 10.40  0  1 -11.662   4.629   3.511   0.047  -0.187   0.000 +1T04DM000t
00036 LYS+1A0086_036 f 0.00  1.000     0 10.40  0  1  -9.792   1.263   4.160   0.063  -0.200   0.000 +1T063M000t
00037 LYS+1A0086_037 f 0.00  1.000     0 10.40  0  1  -9.014   2.632   4.275   0.015  -0.428   0.000 +1T0B2M000t
00038 LYS+1A0086_038 f 0.00  1.000     0 10.40  0  1  -4.488   0.443   1.553   0.094   0.143   0.000 +1T0D5M000t
00039 LYS+1A0086_039 f 0.00  1.000     0 10.40  0  1 -10.341   0.563   1.617   0.075  -0.176   0.000 +1T0F2M000t
00040 LYS+1A0086_040 f 0.00  1.000     0 10.40  0  1 -10.732   4.818   1.784   0.527   0.014   0.000 +1T104M000t
