CONFORMER         crg  vdw0  vdw1  tors  epol  self   occ  Hb     history    ASA
LYS01A0086_001  0.000 -9.83  0.27  0.97  0.00 -8.58 0.501  00  01O000M000  1.000
LYS01A0086_002  0.000 -9.09  0.61  1.59  0.00 -6.89 0.501  00  01E006M000  1.000
LYS01A0086_003  0.000 -8.54  2.83  1.57  0.00 -4.15 0.502  00  01E00BM000  1.000
LYS01A0086_004  0.000 -8.96  0.85  4.11  0.00 -3.99 0.501  00  01E021M000  1.000
LYS01A0086_005  0.000 -7.21  0.62  2.01  0.00 -4.59 0.502  00  01E02AM000  1.000
LYS01A0086_006  0.000 -8.84  1.70  3.84  0.00 -3.30 0.501  00  01E03CM000  1.000
LYS01A0086_007  0.000-11.61  4.61  3.51  0.00 -3.49 0.501  00  01E04DM000  1.000
LYS01A0086_008  0.000 -9.78  1.27  4.10  0.00 -4.41 0.502  00  01E063M000  1.000
LYS01A0086_009  0.000-10.34  0.57  1.61  0.00 -8.16 0.501  00  01E0F2M000  1.000
LYS01A0086_010  0.000-10.72  4.76  1.78  0.00 -4.18 0.502  00  01E104M000  1.000
LYS01A0086_011  0.000 -9.56  2.71  4.35  0.00 -2.50 0.501  00  01E11CM000  1.000
LYS01A0086_012  0.000 -8.51  2.57  1.97  0.00 -3.97 0.502  00  01E125M000  1.000
LYS01A0086_013  0.000 -7.97  1.17  4.24  0.00 -2.56 0.502  00  01E133M000  1.000
LYS01A0086_014  0.000 -8.30  0.88  1.05  0.00 -6.37 0.502  00  01T019M000  1.000
LYS01A0086_015  0.000 -7.70  1.58  4.68  0.00 -1.43 0.502  00  01T03EM000  1.000
LYS01A0086_016  0.000 -8.62  2.01  4.26  0.00 -2.35 0.502  00  01T03FM000  1.000
LYS01A0086_017  0.000-10.47  4.38  3.87  0.00 -2.22 0.502  00  01T0AFM000  1.000
LYS01A0086_018  0.000 -9.03  2.61  4.26  0.00 -2.16 0.501  00  01T0B2M000  1.000
LYS01A0086_019  0.000 -4.78  0.45  1.55  0.00 -2.77 0.502  00  01T0D5M000  1.000
LYS01A0086_020  0.000 -7.79  0.46  4.10  0.00 -3.23 0.501  00  01T0EEM000  1.000
LYS+1A0086_021  1.000 -9.89  0.27  0.97  0.00 -8.65 0.501  00  +1O000M000  1.000
LYS+1A0086_022  1.000 -8.61  2.83  1.57  0.00 -4.21 0.502  00  +1E00BM000  1.000
LYS+1A0086_023  1.000 -7.31  0.61  2.01  0.00 -4.68 0.502  00  +1E02AM000  1.000
LYS+1A0086_024  1.000 -8.93  1.69  3.84  0.00 -3.39 0.501  00  +1E03CM000  1.000
LYS+1A0086_025  1.000 -8.80  2.01  4.27  0.00 -2.52 0.502  00  +1E03FM000  1.000
LYS+1A0086_026  1.000-10.51  4.38  3.88  0.00 -2.25 0.502  00  +1E0AFM000  1.000
LYS+1A0086_027  1.000 -7.62  0.46  4.13  0.00 -3.04 0.501  00  +1E0EEM000  1.000
LYS+1A0086_028  1.000 -9.61  2.71  4.36  0.00 -2.54 0.501  00  +1E11CM000  1.000
LYS+1A0086_029  1.000 -8.56  2.59  1.97  0.00 -4.00 0.502  00  +1E125M000  1.000
LYS+1A0086_030  1.000 -7.99  1.16  4.24  0.00 -2.59 0.502  00  +1E133M000  1.000
LYS+1A0086_031  1.000 -9.16  0.61  1.59  0.00 -6.95 0.501  00  +1T006M000  1.000
LYS+1A0086_032  1.000 -8.36  0.88  1.06  0.00 -6.43 0.502  00  +1T019M000  1.000
LYS+1A0086_033  1.000 -9.03  0.86  4.12  0.00 -4.05 0.501  00  +1T021M000  1.000
LYS+1A0086_034  1.000 -7.75  1.53  4.69  0.00 -1.52 0.502  00  +1T03EM000  1.000
LYS+1A0086_035  1.000-11.66  4.62  3.51  0.00 -3.53 0.501  00  +1T04DM000  1.000
LYS+1A0086_036  1.000 -9.86  1.26  4.16  0.00 -4.44 0.502  00  +1T063M000  1.000
LYS+1A0086_037  1.000 -9.02  2.63  4.28  0.00 -2.11 0.501  00  +1T0B2M000  1.000
LYS+1A0086_038  1.000 -4.49  0.44  1.55  0.00 -2.49 0.502  00  +1T0D5M000  1.000
LYS+1A0086_039  1.000-10.34  0.56  1.62  0.00 -8.16 0.501  00  +1T0F2M000  1.000
LYS+1A0086_040  1.000-10.73  4.82  1.78  0.00 -4.13 0.502  00  +1T104M000  1.000
