   confID        vdw0    sas     sum
LYS01A0086_001   2.604 -12.438  -9.834
LYS01A0086_002   3.277 -11.823  -8.546
LYS01A0086_003   3.073 -12.027  -8.955
LYS01A0086_004   2.366 -12.377 -10.011
LYS01A0086_005   2.420 -12.341  -9.921
LYS01A0086_006   3.666 -12.190  -8.525
LYS01A0086_007   2.640 -12.052  -9.412
LYS01A0086_008   7.342 -11.699  -4.357
LYS01A0086_009   1.945 -12.682 -10.736
LYS01A0086_010   2.947 -12.258  -9.311
LYS01A0086_011   2.571 -12.383  -9.812
LYS01A0086_012   3.026 -12.310  -9.283
LYS01A0086_013   3.556 -11.904  -8.349
LYS01A0086_014   0.947 -12.595 -11.648
LYS01A0086_015   1.719 -12.341 -10.622
LYS01A0086_016   1.574 -12.364 -10.790
LYS01A0086_017   0.856 -12.299 -11.443
LYS01A0086_018   3.227 -12.247  -9.020
LYS01A0086_019   2.027 -12.019  -9.992
LYS01A0086_020   4.490 -12.098  -7.608
LYS+1A0086_021   2.543 -12.438  -9.896
LYS+1A0086_022   3.212 -11.823  -8.611
LYS+1A0086_023   2.926 -12.258  -9.332
LYS+1A0086_024   0.898 -12.595 -11.697
LYS+1A0086_025   1.681 -12.270 -10.589
LYS+1A0086_026   1.560 -12.390 -10.830
LYS+1A0086_027   0.805 -12.299 -11.494
LYS+1A0086_028   3.644 -12.271  -8.626
LYS+1A0086_029   1.992 -11.955  -9.963
LYS+1A0086_030   4.417 -12.046  -7.630
LYS+1A0086_031   7.455 -11.647  -4.192
LYS+1A0086_032   1.890 -12.682 -10.792
LYS+1A0086_033   2.853 -12.258  -9.405
LYS+1A0086_034   2.485 -12.383  -9.899
LYS+1A0086_035   2.934 -11.960  -9.025
LYS+1A0086_036   3.471 -11.904  -8.434
LYS+1A0086_037   2.318 -12.258  -9.941
LYS+1A0086_038   2.376 -12.209  -9.834
LYS+1A0086_039   2.562 -12.001  -9.438
LYS+1A0086_040   3.182 -12.196  -9.014
