iConf CONFORMER     FL  occ    crg   Em0  pKa0 ne nH    vdw0    vdw1    tors    epol   dsolv   extra    history
00001 LYS01A0217_001 f 0.00  0.000     0  0.00  0  0 -12.623   2.089   0.898  -0.016   0.032   0.000 01O000M000t
00002 LYS01A0217_002 f 0.00  0.000     0  0.00  0  0 -11.024   2.123   3.765   0.075   0.110   0.000 01E016M000t
00003 LYS01A0217_003 f 0.00  0.000     0  0.00  0  0 -10.317   1.043   1.490  -0.010   0.007   0.000 01E022M000t
00004 LYS01A0217_004 f 0.00  0.000     0  0.00  0  0 -11.827   4.818   3.625   0.029   0.050   0.000 01E07DM000t
00005 LYS01A0217_005 f 0.00  0.000     0  0.00  0  0 -10.713   1.896   4.224  -0.005   0.085   0.000 01E094M000t
00006 LYS01A0217_006 f 0.00  0.000     0  0.00  0  0  -9.774   0.938   1.440  -0.006  -0.189   0.000 01E0E4M000t
00007 LYS01A0217_007 f 0.00  0.000     0  0.00  0  0 -10.344   3.189   4.219  -0.001   0.081   0.000 01E112M000t
00008 LYS01A0217_008 f 0.00  0.000     0  0.00  0  0  -7.567   2.058   4.868  -0.016   0.097   0.000 01E129M000t
00009 LYS01A0217_009 f 0.00  0.000     0  0.00  0  0 -10.323   1.998   4.322  -0.009  -0.086   0.000 01T046M000t
00010 LYS01A0217_010 f 0.00  0.000     0  0.00  0  0 -10.526   1.035   3.662  -0.013   0.017   0.000 01T049M000t
00011 LYS01A0217_011 f 0.00  0.000     0  0.00  0  0 -11.948   2.044   3.691  -0.011  -0.007   0.000 01T051M000t
00012 LYS01A0217_012 f 0.00  0.000     0  0.00  0  0 -11.514   2.128   3.692   0.000  -0.103   0.000 01T057M000t
00013 LYS01A0217_013 f 0.00  0.000     0  0.00  0  0 -11.271   0.993   0.804  -0.018   0.114   0.000 01T073M000t
00014 LYS01A0217_014 f 0.00  0.000     0  0.00  0  0 -10.222   1.510   3.757  -0.080   0.145   0.000 01T09DM000t
00015 LYS01A0217_015 f 0.00  0.000     0  0.00  0  0 -10.178   3.080   4.259  -0.055   0.002   0.000 01T0ABM000t
00016 LYS01A0217_016 f 0.00  0.000     0  0.00  0  0  -7.512   1.020   2.071  -0.019   0.097   0.000 01T0B2M000t
00017 LYS01A0217_017 f 0.00  0.000     0  0.00  0  0  -7.909   2.400   2.082  -0.333   0.157   0.000 01T0D9M000t
00018 LYS01A0217_018 f 0.00  0.000     0  0.00  0  0 -10.114   0.914   1.430   0.001   0.166   0.000 01T0EEM000t
00019 LYS01A0217_019 f 0.00  0.000     0  0.00  0  0  -7.726   1.905   2.048  -0.128   0.193   0.000 01T0FCM000t
00020 LYS01A0217_020 f 0.00  0.000     0  0.00  0  0 -10.114   3.273   4.230  -0.004  -0.126   0.000 01T115M000t
00021 LYS+1A0217_021 f 0.00  1.000     0 10.40  0  1 -12.667   2.087   0.898   0.065  -0.380   0.000 +1O000M000t
00022 LYS+1A0217_022 f 0.00  1.000     0 10.40  0  1 -11.059   2.224   3.759  -0.338  -0.111   0.000 +1E016M000t
00023 LYS+1A0217_023 f 0.00  1.000     0 10.40  0  1 -10.313   1.060   1.488   0.023  -0.222   0.000 +1E022M000t
00024 LYS+1A0217_024 f 0.00  1.000     0 10.40  0  1 -10.578   1.034   3.663   0.060  -0.165   0.000 +1E049M000t
00025 LYS+1A0217_025 f 0.00  1.000     0 10.40  0  1 -11.945   2.041   3.691   0.100  -0.178   0.000 +1E051M000t
00026 LYS+1A0217_026 f 0.00  1.000     0 10.40  0  1 -11.573   2.146   3.692   0.026   0.041   0.000 +1E057M000t
00027 LYS+1A0217_027 f 0.00  1.000     0 10.40  0  1 -11.354   0.987   0.804   0.048  -0.069   0.000 +1E073M000t
00028 LYS+1A0217_028 f 0.00  1.000     0 10.40  0  1 -11.890   4.799   3.637  -0.193  -0.056   0.000 +1E07DM000t
00029 LYS+1A0217_029 f 0.00  1.000     0 10.40  0  1 -10.110   1.475   3.759   0.102   0.202   0.000 +1E09DM000t
00030 LYS+1A0217_030 f 0.00  1.000     0 10.40  0  1  -7.658   1.013   2.072   0.050   0.211   0.000 +1E0B2M000t
00031 LYS+1A0217_031 f 0.00  1.000     0 10.40  0  1  -7.955   2.463   2.082   0.735   0.838   0.000 +1E0D9M000t
00032 LYS+1A0217_032 f 0.00  1.000     0 10.40  0  1  -7.804   1.908   2.050   0.080   0.686   0.000 +1E0FCM000t
00033 LYS+1A0217_033 f 0.00  1.000     0 10.40  0  1 -10.391   3.197   4.219   0.021  -0.139   0.000 +1E112M000t
00034 LYS+1A0217_034 f 0.00  1.000     0 10.40  0  1 -10.104   3.296   4.229  -0.018  -0.174   0.000 +1E115M000t
00035 LYS+1A0217_035 f 0.00  1.000     0 10.40  0  1 -10.384   1.993   4.323   0.074  -0.150   0.000 +1T046M000t
00036 LYS+1A0217_036 f 0.00  1.000     0 10.40  0  1 -10.631   1.895   4.224  -0.017  -0.117   0.000 +1T094M000t
00037 LYS+1A0217_037 f 0.00  1.000     0 10.40  0  1 -10.232   3.146   4.255   0.240   0.007   0.000 +1T0ABM000t
00038 LYS+1A0217_038 f 0.00  1.000     0 10.40  0  1  -9.827   0.935   1.441   0.061  -0.127   0.000 +1T0E4M000t
00039 LYS+1A0217_039 f 0.00  1.000     0 10.40  0  1 -10.143   0.907   1.431   0.104   0.258   0.000 +1T0EEM000t
00040 LYS+1A0217_040 f 0.00  1.000     0 10.40  0  1  -7.653   2.055   4.868   0.040  -0.221   0.000 +1T129M000t
