CONFORMER         crg  vdw0  vdw1  tors  epol  self   occ  Hb     history    ASA
LYS01A0217_001  0.000-12.62  2.04  0.90  0.00 -9.68 0.502  00  01O000M000  1.000
LYS01A0217_002  0.000-11.57  2.08  1.53  0.00 -7.96 0.502  00  01E012M000  1.000
LYS01A0217_003  0.000-10.52  0.98  3.66  0.00 -5.88 0.502  00  01E049M000  1.000
LYS01A0217_004  0.000 -7.08  0.75  3.59  0.00 -2.73 0.501  00  01E061M000  1.000
LYS01A0217_005  0.000 -6.50  1.06  4.24  0.00 -1.20 0.502  00  01E06DM000  1.000
LYS01A0217_006  0.000-10.31  0.67  1.44  0.00 -8.20 0.502  00  01E0B7M000  1.000
LYS01A0217_007  0.000-10.04  0.69  3.66  0.00 -5.69 0.502  00  01E0B9M000  1.000
LYS01A0217_008  0.000 -7.47  1.05  4.85  0.00 -1.57 0.501  00  01E0C3M000  1.000
LYS01A0217_009  0.000 -9.99  0.78  4.30  0.00 -4.91 0.502  00  01E0CCM000  1.000
LYS01A0217_010  0.000 -7.56  1.11  2.07  0.00 -4.38 0.501  00  01E0E0M000  1.000
LYS01A0217_011  0.000-10.28  0.94  1.43  0.00 -7.91 0.501  00  01E0EFM000  1.000
LYS01A0217_012  0.000 -7.47  1.96  4.86  0.00 -0.65 0.501  00  01E13AM000  1.000
LYS01A0217_013  0.000-11.46  6.12  1.45  0.00 -3.89 0.502  00  01T00BM000  1.000
LYS01A0217_014  0.000-11.31  1.84  1.52  0.00 -7.95 0.502  00  01T014M000  1.000
LYS01A0217_015  0.000-11.64  2.96  3.66  0.00 -5.01 0.502  00  01T089M000  1.000
LYS01A0217_016  0.000-10.38  1.80  3.76  0.00 -4.83 0.502  00  01T09BM000  1.000
LYS01A0217_017  0.000 -7.74  0.59  4.88  0.00 -2.27 0.502  00  01T0AAM000  1.000
LYS01A0217_018  0.000 -7.84  1.14  2.07  0.00 -4.63 0.502  00  01T0E1M000  1.000
LYS01A0217_019  0.000 -9.89  2.20  4.31  0.00 -3.37 0.501  00  01T0F8M000  1.000
LYS01A0217_020  0.000-10.20  3.03  1.44  0.00 -5.73 0.502  00  01T109M000  1.000
LYS+1A0217_021  1.000-12.67  2.04  0.90  0.00 -9.73 0.502  00  +1O000M000  1.000
LYS+1A0217_022  1.000-11.57  6.26  1.45  0.00 -3.87 0.502  00  +1E00BM000  1.000
LYS+1A0217_023  1.000-11.36  1.83  1.52  0.00 -8.01 0.502  00  +1E014M000  1.000
LYS+1A0217_024  1.000-10.57  0.98  3.66  0.00 -5.93 0.502  00  +1E049M000  1.000
LYS+1A0217_025  1.000 -7.17  0.75  3.60  0.00 -2.83 0.501  00  +1E061M000  1.000
LYS+1A0217_026  1.000 -6.59  1.05  4.24  0.00 -1.30 0.502  00  +1E06DM000  1.000
LYS+1A0217_027  1.000-11.66  3.15  3.66  0.00 -4.86 0.502  00  +1E089M000  1.000
LYS+1A0217_028  1.000-10.44  1.79  3.76  0.00 -4.89 0.502  00  +1E09BM000  1.000
LYS+1A0217_029  1.000 -7.79  0.57  4.88  0.00 -2.35 0.502  00  +1E0AAM000  1.000
LYS+1A0217_030  1.000-10.41  0.66  1.44  0.00 -8.31 0.502  00  +1E0B7M000  1.000
LYS+1A0217_031  1.000-10.09  0.69  3.66  0.00 -5.74 0.502  00  +1E0B9M000  1.000
LYS+1A0217_032  1.000 -7.68  1.05  4.85  0.00 -1.78 0.501  00  +1E0C3M000  1.000
LYS+1A0217_033  1.000-10.26  0.78  4.30  0.00 -5.17 0.502  00  +1E0CCM000  1.000
LYS+1A0217_034  1.000 -7.50  1.10  2.07  0.00 -4.32 0.501  00  +1E0E0M000  1.000
LYS+1A0217_035  1.000 -7.93  1.14  2.07  0.00 -4.72 0.502  00  +1E0E1M000  1.000
LYS+1A0217_036  1.000-11.56  2.09  1.53  0.00 -7.94 0.502  00  +1T012M000  1.000
LYS+1A0217_037  1.000-10.36  0.94  1.43  0.00 -7.99 0.501  00  +1T0EFM000  1.000
LYS+1A0217_038  1.000 -9.96  2.22  4.32  0.00 -3.42 0.501  00  +1T0F8M000  1.000
LYS+1A0217_039  1.000-10.19  3.03  1.44  0.00 -5.72 0.502  00  +1T109M000  1.000
LYS+1A0217_040  1.000 -7.55  1.96  4.86  0.00 -0.73 0.501  00  +1T13AM000  1.000
