   confID        vdw0    sas     sum
LYS01A0217_001   0.352 -12.974 -12.623
LYS01A0217_002   1.492 -12.515 -11.024
LYS01A0217_003   2.078 -12.395 -10.317
LYS01A0217_004   0.824 -12.651 -11.827
LYS01A0217_005   1.761 -12.474 -10.713
LYS01A0217_006   2.251 -12.026  -9.774
LYS01A0217_007   2.158 -12.502 -10.344
LYS01A0217_008   4.395 -11.962  -7.567
LYS01A0217_009   2.110 -12.434 -10.323
LYS01A0217_010   1.634 -12.160 -10.526
LYS01A0217_011   0.856 -12.804 -11.948
LYS01A0217_012   1.040 -12.554 -11.514
LYS01A0217_013   1.215 -12.486 -11.271
LYS01A0217_014   2.024 -12.246 -10.222
LYS01A0217_015   2.308 -12.486 -10.178
LYS01A0217_016   4.418 -11.930  -7.512
LYS01A0217_017   4.368 -12.277  -7.909
LYS01A0217_018   2.148 -12.262 -10.114
LYS01A0217_019   4.441 -12.167  -7.726
LYS01A0217_020   2.242 -12.357 -10.114
LYS+1A0217_021   0.307 -12.974 -12.667
LYS+1A0217_022   1.456 -12.515 -11.059
LYS+1A0217_023   2.082 -12.395 -10.313
LYS+1A0217_024   1.582 -12.160 -10.578
LYS+1A0217_025   0.807 -12.753 -11.945
LYS+1A0217_026   0.981 -12.554 -11.573
LYS+1A0217_027   1.132 -12.486 -11.354
LYS+1A0217_028   0.773 -12.663 -11.890
LYS+1A0217_029   1.953 -12.063 -10.110
LYS+1A0217_030   4.336 -11.994  -7.658
LYS+1A0217_031   4.271 -12.225  -7.955
LYS+1A0217_032   4.347 -12.151  -7.804
LYS+1A0217_033   2.111 -12.502 -10.391
LYS+1A0217_034   2.188 -12.292 -10.104
LYS+1A0217_035   2.049 -12.434 -10.384
LYS+1A0217_036   1.711 -12.342 -10.631
LYS+1A0217_037   2.254 -12.486 -10.232
LYS+1A0217_038   2.199 -12.026  -9.827
LYS+1A0217_039   2.080 -12.223 -10.143
LYS+1A0217_040   4.310 -11.962  -7.653
