CONFORMER         crg  vdw0  vdw1  tors  epol  self   occ  Hb     history    ASA
ASP01A0158_001  0.000 -4.30  1.89  2.84  0.00  0.43 0.568  00  01O000M000  1.000
ASP01A0158_002  0.000 -4.30  1.89  0.12  0.00 -2.29 0.568  00  01O000M000  1.000
ASP01A0158_003  0.000 -4.24  0.45  3.65  0.00 -0.13 0.571  00  01T003M000  1.000
ASP01A0158_004  0.000 -4.39  0.25  3.64  0.00 -0.50 0.572  00  01T005M000  1.024
ASP01A0158_005  0.000 -4.14  2.01  3.58  0.00  1.45 0.573  00  01T006M000  1.000
ASP01A0158_006  0.000 -4.33  2.72  3.09  0.00  1.48 0.575  00  01T004M000  1.020
ASP01A0158_007  0.000 -4.33  2.72  0.37  0.00 -1.24 0.575  00  01T004M000  1.020
ASP01A0158_008  0.000 -4.09  2.08  0.81  0.00 -1.20 0.573  00  01T006M000  1.000
ASP02A0158_009  0.000 -4.29  1.39  2.84  0.00 -0.06 0.568  00  02O000M000  1.000
ASP02A0158_010  0.000 -4.16  0.72  3.67  0.00  0.24 0.571  00  02E003M000  1.000
ASP02A0158_011  0.000 -4.41  0.31  3.69  0.00 -0.42 0.572  00  02E005M000  1.025
ASP02A0158_012  0.000 -4.29  1.39  0.12  0.00 -2.78 0.568  00  02O000M000  1.000
ASP02A0158_013  0.000 -4.38  2.02  0.39  0.00 -1.98 0.575  00  02E004M000  1.022
ASP02A0158_014  0.000 -4.38  2.02  3.11  0.00  0.74 0.575  00  02T004M000  1.022
ASP02A0158_015  0.000 -4.17  2.19  3.57  0.00  1.58 0.573  00  02T006M000  1.000
ASP02A0158_016  0.000 -4.19  2.14  0.87  0.00 -1.18 0.573  00  02T006M000  1.000
ASP-1A0158_017 -1.000 -4.14  1.41  0.12  0.00 -2.61 0.568  00  -1O000M000  1.000
ASP-1A0158_018 -1.000 -4.23  1.30  0.05  0.00 -2.88 0.575  00  -1E001M000  1.003
ASP-1A0158_019 -1.000 -4.21  1.85  0.84  0.00 -1.52 0.573  00  -1E006M000  1.000
