   confID        vdw0    sas     sum
ASP01A0158_001   0.049  -4.350  -4.301
ASP01A0158_002   0.050  -4.350  -4.300
ASP01A0158_003   0.227  -4.465  -4.238
ASP01A0158_004   0.216  -4.605  -4.388
ASP01A0158_005   0.222  -4.358  -4.135
ASP01A0158_006   0.119  -4.446  -4.327
ASP01A0158_007   0.119  -4.446  -4.327
ASP01A0158_008   0.211  -4.302  -4.091
ASP02A0158_009   0.113  -4.405  -4.292
ASP02A0158_010   0.205  -4.360  -4.155
ASP02A0158_011   0.184  -4.594  -4.410
ASP02A0158_012   0.113  -4.405  -4.292
ASP02A0158_013   0.198  -4.583  -4.385
ASP02A0158_014   0.198  -4.583  -4.385
ASP02A0158_015   0.191  -4.364  -4.172
ASP02A0158_016   0.198  -4.385  -4.187
ASP-1A0158_017   0.048  -4.186  -4.138
ASP-1A0158_018   0.038  -4.272  -4.233
ASP-1A0158_019   0.154  -4.366  -4.212
