CONFORMER         crg  vdw0  vdw1  tors  epol  self   occ  Hb     history    ASA
GLU01A0117_001  0.000  0.48  2.85  4.23  0.00  7.57 0.000  00  01O000M000  1.014
GLU01A0117_002  0.000 -3.43  0.95  3.98  0.00  1.50 0.525  00  01E004M000  1.008
GLU01A0117_003  0.000 -3.55  0.61  3.64  0.00  0.71 0.527  00  01E00FM000  1.017
GLU01A0117_004  0.000 -3.74  1.67  4.75  0.00  2.69 0.521  00  01E015M000  1.000
GLU01A0117_005  0.000  0.47  2.85  1.51  0.00  4.84 0.000  00  01O000M000  1.016
GLU01A0117_006  0.000 -3.91  1.18  1.93  0.00 -0.80 0.527  00  01E002M000  1.042
GLU01A0117_007  0.000 -3.71  0.88  4.63  0.00  1.80 0.521  00  01T006M000  1.003
GLU01A0117_008  0.000 -3.94  1.11  5.04  0.00  2.21 0.524  00  01T009M000  1.033
GLU01A0117_009  0.000 -4.00  1.56  5.00  0.00  2.57 0.524  00  01T00CM000  1.025
GLU01A0117_010  0.000 -3.88  1.18  4.65  0.00  1.95 0.527  00  01T002M000  1.036
GLU01A0117_011  0.000 -3.75  1.47  4.66  0.00  2.37 0.525  00  01T007M000  1.045
GLU01A0117_012  0.000 -3.21  0.58  3.97  0.00  1.34 0.522  00  01T00DM000  1.047
GLU01A0117_013  0.000 -3.80  0.57  4.56  0.00  1.34 0.523  00  01T011M000  1.054
GLU01A0117_014  0.000 -3.58  1.47  4.49  0.00  2.39 0.526  00  01T014M000  1.023
GLU01A0117_015  0.000 -3.40  0.95  1.25  0.00 -1.20 0.525  00  01T004M000  1.003
GLU01A0117_016  0.000 -3.59  0.61  0.92  0.00 -2.05 0.527  00  01T00FM000  1.026
GLU01A0117_017  0.000 -3.75  0.92  2.01  0.00 -0.83 0.521  00  01T006M000  1.003
GLU01A0117_018  0.000 -3.75  1.47  1.94  0.00 -0.35 0.525  00  01T007M000  1.045
GLU01A0117_019  0.000 -4.06  1.03  2.31  0.00 -0.73 0.524  00  01T009M000  1.034
GLU01A0117_020  0.000 -3.98  1.63  2.27  0.00 -0.08 0.524  00  01T00CM000  1.025
GLU01A0117_021  0.000 -3.55  0.57  1.84  0.00 -1.14 0.523  00  01T011M000  1.000
GLU01A0117_022  0.000 -3.55  1.47  1.77  0.00 -0.31 0.526  00  01T014M000  1.017
GLU01A0117_023  0.000 -1.08  1.99  0.87  0.00  1.78 0.000  00  01T000M000  1.011
GLU02A0117_024  0.000 -0.66  2.83  4.23  0.00  6.40 0.000  00  02O000M000  1.014
GLU02A0117_025  0.000 -3.55  1.46  4.67  0.00  2.58 0.525  00  02E007M000  1.031
GLU02A0117_026  0.000 -0.66  2.83  1.51  0.00  3.68 0.000  00  02O000M000  1.014
GLU02A0117_027  0.000 -4.07  0.93  2.05  0.00 -1.08 0.521  00  02E006M000  1.017
GLU02A0117_028  0.000 -3.77  1.15  4.63  0.00  2.02 0.527  00  02T002M000  1.061
GLU02A0117_029  0.000 -3.51  0.86  4.63  0.00  1.98 0.523  00  02T00BM000  1.020
GLU02A0117_030  0.000 -3.91  0.60  3.98  0.00  0.67 0.523  00  02T010M000  1.046
GLU02A0117_031  0.000 -3.25  0.96  4.09  0.00  1.80 0.525  00  02T004M000  1.000
GLU02A0117_032  0.000 -3.99  0.93  4.76  0.00  1.70 0.521  00  02T006M000  1.000
GLU02A0117_033  0.000 -3.87  0.59  4.50  0.00  1.22 0.520  00  02T00EM000  1.000
GLU02A0117_034  0.000 -3.31  1.43  4.16  0.00  2.28 0.522  00  02T013M000  1.008
GLU02A0117_035  0.000 -3.93  1.54  4.82  0.00  2.43 0.521  00  02T015M000  1.000
GLU02A0117_036  0.000 -3.75  0.87  1.96  0.00 -0.92 0.523  00  02T003M000  1.000
GLU02A0117_037  0.000 -3.55  1.46  1.92  0.00 -0.16 0.525  00  02T007M000  1.031
GLU02A0117_038  0.000 -3.39  2.41  1.65  0.00  0.68 0.523  00  02T001M000  1.000
GLU02A0117_039  0.000 -3.39  0.87  1.88  0.00 -0.63 0.523  00  02T00BM000  1.020
GLU02A0117_040  0.000 -3.95  0.60  1.27  0.00 -2.08 0.523  00  02T010M000  1.066
GLU02A0117_041  0.000 -3.33  1.43  1.44  0.00 -0.47 0.522  00  02T013M000  1.014
GLU02A0117_042  0.000 -3.93  1.54  2.10  0.00 -0.29 0.521  00  02T015M000  1.000
GLU02A0117_043  0.000 -1.93  1.88  0.86  0.00  0.81 0.000  00  02T000M000  1.016
GLU-1A0117_044 -1.000 -0.57  2.85  1.51  0.00  3.79 0.000  00  -1O000M000  1.008
GLU-1A0117_045 -1.000 -3.48  2.18  1.54  0.00  0.24 0.523  00  -1E001M000  1.008
GLU-1A0117_046 -1.000 -3.62  0.97  1.62  0.00 -1.03 0.527  00  -1E005M000  1.011
GLU-1A0117_047 -1.000 -3.59  1.49  1.82  0.00 -0.28 0.525  00  -1E007M000  1.039
GLU-1A0117_048 -1.000 -3.59  0.90  1.78  0.00 -0.91 0.523  00  -1E00BM000  1.020
GLU-1A0117_049 -1.000 -3.55  0.60  1.12  0.00 -1.84 0.522  00  -1E00DM000  1.032
GLU-1A0117_050 -1.000 -3.70  1.44  1.66  0.00 -0.59 0.526  00  -1E014M000  1.033
GLU-1A0117_051 -1.000 -1.77  1.98  0.88  0.00  1.10 0.000  00  -1X000M000  1.005
