iConf CONFORMER     FL  occ    crg   Em0  pKa0 ne nH    vdw0    vdw1    tors    epol   dsolv   extra    history
00001 GLU01A0117_001 f 0.00  0.000     0  0.00  0  0   0.481   2.855   4.235   0.188   0.087   0.000 01O000M000t
00002 GLU01A0117_002 f 0.00  0.000     0  0.00  0  0  -3.427   0.952   3.977   0.077  -0.412   0.000 01E004M000t
00003 GLU01A0117_003 f 0.00  0.000     0  0.00  0  0  -3.554   0.614   3.646   0.010  -0.426   0.000 01E00FM000t
00004 GLU01A0117_004 f 0.00  0.000     0  0.00  0  0  -3.739   1.673   4.754   0.099  -0.343   0.000 01E015M000t
00005 GLU01A0117_005 f 0.00  0.000     0  0.00  0  0   0.469   2.855   1.515   0.039   0.674   0.000 01O000M000t
00006 GLU01A0117_006 f 0.00  0.000     0  0.00  0  0  -3.911   1.182   1.930   0.081   0.734   0.000 01E002M000t
00007 GLU01A0117_007 f 0.00  0.000     0  0.00  0  0  -3.711   0.875   4.631   0.080  -0.407   0.000 01T006M000t
00008 GLU01A0117_008 f 0.00  0.000     0  0.00  0  0  -3.938   1.110   5.038   0.043  -0.404   0.000 01T009M000t
00009 GLU01A0117_009 f 0.00  0.000     0  0.00  0  0  -3.995   1.561   5.004   0.274   0.038   0.000 01T00CM000t
00010 GLU01A0117_010 f 0.00  0.000     0  0.00  0  0  -3.880   1.185   4.648   0.165  -0.363   0.000 01T002M000t
00011 GLU01A0117_011 f 0.00  0.000     0  0.00  0  0  -3.756   1.469   4.657   0.232  -0.335   0.000 01T007M000t
00012 GLU01A0117_012 f 0.00  0.000     0  0.00  0  0  -3.210   0.580   3.970   0.088  -0.271   0.000 01T00DM000t
00013 GLU01A0117_013 f 0.00  0.000     0  0.00  0  0  -3.797   0.574   4.566   0.093  -0.082   0.000 01T011M000t
00014 GLU01A0117_014 f 0.00  0.000     0  0.00  0  0  -3.583   1.480   4.491   0.044  -0.432   0.000 01T014M000t
00015 GLU01A0117_015 f 0.00  0.000     0  0.00  0  0  -3.406   0.950   1.254   0.042   0.659   0.000 01T004M000t
00016 GLU01A0117_016 f 0.00  0.000     0  0.00  0  0  -3.591   0.613   0.924   0.028   0.821   0.000 01T00FM000t
00017 GLU01A0117_017 f 0.00  0.000     0  0.00  0  0  -3.750   0.917   2.003   0.035   0.479   0.000 01T006M000t
00018 GLU01A0117_018 f 0.00  0.000     0  0.00  0  0  -3.756   1.469   1.937   0.130   0.644   0.000 01T007M000t
00019 GLU01A0117_019 f 0.00  0.000     0  0.00  0  0  -4.061   1.026   2.305   0.039   0.633   0.000 01T009M000t
00020 GLU01A0117_020 f 0.00  0.000     0  0.00  0  0  -3.979   1.633   2.267   0.031   0.695   0.000 01T00CM000t
00021 GLU01A0117_021 f 0.00  0.000     0  0.00  0  0  -3.550   0.574   1.846   0.039   0.705   0.000 01T011M000t
00022 GLU01A0117_022 f 0.00  0.000     0  0.00  0  0  -3.555   1.480   1.771   0.042   0.653   0.000 01T014M000t
00023 GLU01A0117_023 f 0.00  0.000     0  0.00  0  0  -1.073   1.982   0.866   0.051   0.673   0.000 01T000M000t
00024 GLU02A0117_024 f 0.00  0.000     0  0.00  0  0  -0.665   2.830   4.235   0.072  -0.687   0.000 02O000M000t
00025 GLU02A0117_025 f 0.00  0.000     0  0.00  0  0  -3.546   1.459   4.668   0.168  -0.488   0.000 02E007M000t
00026 GLU02A0117_026 f 0.00  0.000     0  0.00  0  0  -0.665   2.830   1.515   0.041   0.585   0.000 02O000M000t
00027 GLU02A0117_027 f 0.00  0.000     0  0.00  0  0  -4.066   0.936   2.052   0.043   0.706   0.000 02E006M000t
00028 GLU02A0117_028 f 0.00  0.000     0  0.00  0  0  -3.763   1.154   4.635   0.092  -0.356   0.000 02T002M000t
00029 GLU02A0117_029 f 0.00  0.000     0  0.00  0  0  -3.509   0.858   4.628   0.130  -0.496   0.000 02T00BM000t
00030 GLU02A0117_030 f 0.00  0.000     0  0.00  0  0  -3.915   0.602   3.986   0.073  -0.712   0.000 02T010M000t
00031 GLU02A0117_031 f 0.00  0.000     0  0.00  0  0  -3.247   0.963   4.090   0.064  -0.422   0.000 02T004M000t
00032 GLU02A0117_032 f 0.00  0.000     0  0.00  0  0  -3.988   0.935   4.761   0.066  -0.782   0.000 02T006M000t
00033 GLU02A0117_033 f 0.00  0.000     0  0.00  0  0  -3.872   0.596   4.504   0.090  -0.293   0.000 02T00EM000t
00034 GLU02A0117_034 f 0.00  0.000     0  0.00  0  0  -3.307   1.428   4.161   0.105  -0.424   0.000 02T013M000t
00035 GLU02A0117_035 f 0.00  0.000     0  0.00  0  0  -3.927   1.534   4.823  -0.018  -0.985   0.000 02T015M000t
00036 GLU02A0117_036 f 0.00  0.000     0  0.00  0  0  -3.754   0.875   1.961   0.037   0.398   0.000 02T003M000t
00037 GLU02A0117_037 f 0.00  0.000     0  0.00  0  0  -3.545   1.465   1.925   0.086   0.582   0.000 02T007M000t
00038 GLU02A0117_038 f 0.00  0.000     0  0.00  0  0  -3.385   2.407   1.652   0.112   0.454   0.000 02T001M000t
00039 GLU02A0117_039 f 0.00  0.000     0  0.00  0  0  -3.391   0.876   1.882   0.082   0.660   0.000 02T00BM000t
00040 GLU02A0117_040 f 0.00  0.000     0  0.00  0  0  -3.952   0.603   1.270   0.040   0.398   0.000 02T010M000t
00041 GLU02A0117_041 f 0.00  0.000     0  0.00  0  0  -3.332   1.428   1.441   0.047   0.537   0.000 02T013M000t
00042 GLU02A0117_042 f 0.00  0.000     0  0.00  0  0  -3.927   1.534   2.103   0.025   0.524   0.000 02T015M000t
00043 GLU02A0117_043 f 0.00  0.000     0  0.00  0  0  -1.916   1.871   0.862   0.047   0.573   0.000 02T000M000t
00044 GLU-1A0117_044 f 0.00 -1.000     0  4.75  0 -1  -0.571   2.847   1.515  -0.151   0.039   0.000 -1O000M000t
00045 GLU-1A0117_045 f 0.00 -1.000     0  4.75  0 -1  -3.483   2.174   1.541  -0.171   0.202   0.000 -1E001M000t
00046 GLU-1A0117_046 f 0.00 -1.000     0  4.75  0 -1  -3.621   0.971   1.618  -0.059  -0.177   0.000 -1E005M000t
00047 GLU-1A0117_047 f 0.00 -1.000     0  4.75  0 -1  -3.587   1.498   1.818   0.003   0.222   0.000 -1E007M000t
00048 GLU-1A0117_048 f 0.00 -1.000     0  4.75  0 -1  -3.590   0.898   1.785  -0.080  -0.132   0.000 -1E00BM000t
00049 GLU-1A0117_049 f 0.00 -1.000     0  4.75  0 -1  -3.551   0.599   1.119  -0.050  -0.133   0.000 -1E00DM000t
00050 GLU-1A0117_050 f 0.00 -1.000     0  4.75  0 -1  -3.693   1.442   1.666  -0.007  -0.094   0.000 -1E014M000t
00051 GLU-1A0117_051 f 0.00 -1.000     0  4.75  0 -1  -1.770   1.983   0.883  -0.174   0.064   0.000 -1X000M000t
