   confID        vdw0    sas     sum
GLU01A0117_001   5.260  -4.779   0.481
GLU01A0117_002   1.185  -4.612  -3.427
GLU01A0117_003   1.064  -4.618  -3.554
GLU01A0117_004   0.767  -4.507  -3.739
GLU01A0117_005   5.260  -4.792   0.469
GLU01A0117_006   1.193  -5.104  -3.911
GLU01A0117_007   0.772  -4.484  -3.711
GLU01A0117_008   0.917  -4.856  -3.938
GLU01A0117_009   0.721  -4.715  -3.995
GLU01A0117_010   1.195  -5.074  -3.880
GLU01A0117_011   1.205  -4.962  -3.756
GLU01A0117_012   1.441  -4.651  -3.210
GLU01A0117_013   1.015  -4.812  -3.797
GLU01A0117_014   1.146  -4.729  -3.583
GLU01A0117_015   1.185  -4.590  -3.406
GLU01A0117_016   1.066  -4.657  -3.591
GLU01A0117_017   0.806  -4.556  -3.750
GLU01A0117_018   1.205  -4.962  -3.756
GLU01A0117_019   0.962  -5.023  -4.061
GLU01A0117_020   0.771  -4.750  -3.979
GLU01A0117_021   1.015  -4.565  -3.550
GLU01A0117_022   1.146  -4.701  -3.555
GLU01A0117_023   3.821  -4.894  -1.073
GLU02A0117_024   4.133  -4.798  -0.665
GLU02A0117_025   1.183  -4.730  -3.546
GLU02A0117_026   4.133  -4.798  -0.665
GLU02A0117_027   0.683  -4.749  -4.066
GLU02A0117_028   1.179  -4.941  -3.763
GLU02A0117_029   1.170  -4.679  -3.509
GLU02A0117_030   0.883  -4.798  -3.915
GLU02A0117_031   1.410  -4.658  -3.247
GLU02A0117_032   0.684  -4.672  -3.988
GLU02A0117_033   0.838  -4.710  -3.872
GLU02A0117_034   1.411  -4.718  -3.307
GLU02A0117_035   0.681  -4.608  -3.927
GLU02A0117_036   0.812  -4.567  -3.754
GLU02A0117_037   1.184  -4.730  -3.545
GLU02A0117_038   1.454  -4.840  -3.385
GLU02A0117_039   1.303  -4.694  -3.391
GLU02A0117_040   0.887  -4.839  -3.952
GLU02A0117_041   1.411  -4.743  -3.332
GLU02A0117_042   0.681  -4.608  -3.927
GLU02A0117_043   2.884  -4.800  -1.916
GLU-1A0117_044   4.088  -4.658  -0.571
GLU-1A0117_045   1.136  -4.619  -3.483
GLU-1A0117_046   0.922  -4.543  -3.621
GLU-1A0117_047   1.007  -4.593  -3.587
GLU-1A0117_048   0.991  -4.581  -3.590
GLU-1A0117_049   1.156  -4.707  -3.551
GLU-1A0117_050   0.949  -4.641  -3.693
GLU-1A0117_051   2.991  -4.761  -1.770
