CONFORMER         crg  vdw0  vdw1  tors  epol  self   occ  Hb     history    ASA
GLU01A0147_001  0.000 -4.24  1.25  4.71  0.00  1.72 0.548  00  01O000M000  1.086
GLU01A0147_002  0.000 -4.24  1.25  1.99  0.00 -1.00 0.548  00  01O000M000  1.086
GLU01A0147_003  0.000 -3.59  1.11  4.32  0.00  1.83 0.547  00  01T002M000  1.034
GLU01A0147_004  0.000 -4.32  1.08  5.11  0.00  1.87 0.547  00  01T004M000  1.000
GLU01A0147_005  0.000 -4.58  1.03  5.44  0.00  1.89 0.544  00  01T006M000  1.047
GLU01A0147_006  0.000 -3.43  1.09  3.87  0.00  1.53 0.546  00  01T007M000  1.028
GLU01A0147_007  0.000 -4.34  1.22  4.93  0.00  1.81 0.544  00  01T00AM000  1.024
GLU01A0147_008  0.000 -4.49  0.92  2.21  0.00 -1.36 0.545  00  01T008M000  1.000
GLU01A0147_009  0.000 -3.29  0.70  1.91  0.00 -0.68 0.544  00  01T001M000  1.036
GLU01A0147_010  0.000 -3.59  1.11  1.60  0.00 -0.89 0.547  00  01T002M000  1.034
GLU02A0147_011  0.000 -4.30  1.26  4.71  0.00  1.66 0.548  00  02O000M000  1.050
GLU02A0147_012  0.000 -4.37  1.26  1.99  0.00 -1.12 0.548  00  02O000M000  1.064
GLU02A0147_013  0.000 -3.74  1.12  1.66  0.00 -0.96 0.547  00  02E002M000  1.003
GLU02A0147_014  0.000 -3.62  0.75  1.21  0.00 -1.66 0.546  00  02E007M000  1.003
GLU02A0147_015  0.000 -4.40  1.07  5.09  0.00  1.76 0.547  00  02T004M000  1.000
GLU02A0147_016  0.000 -3.79  1.01  4.26  0.00  1.49 0.546  00  02T005M000  1.022
GLU02A0147_017  0.000 -3.73  1.12  4.37  0.00  1.76 0.547  00  02T002M000  1.000
GLU02A0147_018  0.000 -3.61  0.75  3.89  0.00  1.03 0.546  00  02T007M000  1.000
GLU02A0147_019  0.000 -4.58  1.21  5.00  0.00  1.64 0.544  00  02T00AM000  1.022
GLU02A0147_020  0.000 -4.54  0.99  2.64  0.00 -0.91 0.544  00  02T006M000  1.047
GLU-1A0147_021 -1.000 -4.29  1.27  1.99  0.00 -1.04 0.548  00  -1O000M000  1.066
GLU-1A0147_022 -1.000 -4.74  1.05  2.45  0.00 -1.24 0.544  00  -1E006M000  1.053
GLU-1A0147_023 -1.000 -4.48  0.99  2.06  0.00 -1.43 0.545  00  -1E008M000  1.000
GLU-1A0147_024 -1.000 -4.41  1.20  1.97  0.00 -1.24 0.544  00  -1E00AM000  1.008
