iConf CONFORMER     FL  occ    crg   Em0  pKa0 ne nH    vdw0    vdw1    tors    epol   dsolv   extra    history
00001 GLU01A0147_001 f 0.00  0.000     0  0.00  0  0  -4.238   1.248   4.709   0.090  -0.226   0.000 01O000M000t
00002 GLU01A0147_002 f 0.00  0.000     0  0.00  0  0  -4.238   1.248   1.989   0.037   0.650   0.000 01O000M000t
00003 GLU01A0147_003 f 0.00  0.000     0  0.00  0  0  -3.561   1.109   4.320   0.097  -0.285   0.000 01T002M000t
00004 GLU01A0147_004 f 0.00  0.000     0  0.00  0  0  -4.323   1.083   5.115   0.056  -0.417   0.000 01T004M000t
00005 GLU01A0147_005 f 0.00  0.000     0  0.00  0  0  -4.574   1.027   5.434   0.228  -0.115   0.000 01T006M000t
00006 GLU01A0147_006 f 0.00  0.000     0  0.00  0  0  -3.434   1.086   3.871   0.181  -0.112   0.000 01T007M000t
00007 GLU01A0147_007 f 0.00  0.000     0  0.00  0  0  -4.341   1.216   4.933   0.045  -0.509   0.000 01T00AM000t
00008 GLU01A0147_008 f 0.00  0.000     0  0.00  0  0  -4.487   0.919   2.212  -0.019   0.738   0.000 01T008M000t
00009 GLU01A0147_009 f 0.00  0.000     0  0.00  0  0  -3.287   0.698   1.908   0.061   0.620   0.000 01T001M000t
00010 GLU01A0147_010 f 0.00  0.000     0  0.00  0  0  -3.561   1.109   1.600   0.037   0.613   0.000 01T002M000t
00011 GLU02A0147_011 f 0.00  0.000     0  0.00  0  0  -4.301   1.253   4.709   0.059  -0.708   0.000 02O000M000t
00012 GLU02A0147_012 f 0.00  0.000     0  0.00  0  0  -4.365   1.253   1.989   0.035   0.486   0.000 02O000M000t
00013 GLU02A0147_013 f 0.00  0.000     0  0.00  0  0  -3.736   1.119   1.661   0.031   0.479   0.000 02E002M000t
00014 GLU02A0147_014 f 0.00  0.000     0  0.00  0  0  -3.624   0.751   1.211   0.051   0.534   0.000 02E007M000t
00015 GLU02A0147_015 f 0.00  0.000     0  0.00  0  0  -4.402   1.074   5.090   0.078  -0.798   0.000 02T004M000t
00016 GLU02A0147_016 f 0.00  0.000     0  0.00  0  0  -3.782   1.020   4.267   0.037  -0.715   0.000 02T005M000t
00017 GLU02A0147_017 f 0.00  0.000     0  0.00  0  0  -3.723   1.119   4.364   0.039  -0.733   0.000 02T002M000t
00018 GLU02A0147_018 f 0.00  0.000     0  0.00  0  0  -3.609   0.755   3.892   0.037  -0.698   0.000 02T007M000t
00019 GLU02A0147_019 f 0.00  0.000     0  0.00  0  0  -4.577   1.215   4.999   0.103  -0.679   0.000 02T00AM000t
00020 GLU02A0147_020 f 0.00  0.000     0  0.00  0  0  -4.539   0.990   2.637   0.040   0.492   0.000 02T006M000t
00021 GLU-1A0147_021 f 0.00 -1.000     0  4.75  0 -1  -4.292   1.264   1.989  -0.051  -0.126   0.000 -1O000M000t
00022 GLU-1A0147_022 f 0.00 -1.000     0  4.75  0 -1  -4.744   1.054   2.451  -0.107  -0.071   0.000 -1E006M000t
00023 GLU-1A0147_023 f 0.00 -1.000     0  4.75  0 -1  -4.483   0.992   2.067  -0.500   0.072   0.000 -1E008M000t
00024 GLU-1A0147_024 f 0.00 -1.000     0  4.75  0 -1  -4.411   1.205   1.971  -0.084  -0.145   0.000 -1E00AM000t
