iConf CONFORMER     FL  occ    crg   Em0  pKa0 ne nH    vdw0    vdw1    tors    epol   dsolv   extra    history
00001 PHE01A0165_001 f 0.00  0.000     0  0.00  0  0 -10.085  -0.166   0.003   0.000   0.000   0.000 01O000M000t
00002 PHE01A0165_002 f 0.00  0.000     0  0.00  0  0  -9.760   0.465   0.003   0.000   0.000   0.000 01R002M000t
00003 PHE01A0165_003 f 0.00  0.000     0  0.00  0  0 -10.385   0.842   2.797   0.000   0.000   0.000 01R003M000t
00004 PHE01A0165_004 f 0.00  0.000     0  0.00  0  0 -10.148  -0.285   0.003   0.000   0.000   0.000 01R004M000t
00005 PHE01A0165_005 f 0.00  0.000     0  0.00  0  0  -9.902   2.222   2.797   0.000   0.000   0.000 01R005M000t
00006 PHE01A0165_006 f 0.00  0.000     0  0.00  0  0 -10.149  -0.177   0.003   0.000   0.000   0.000 01R006M000t
00007 PHE01A0165_007 f 0.00  0.000     0  0.00  0  0  -9.755   2.450   2.797   0.000   0.000   0.000 01R007M000t
00008 PHE01A0165_008 f 0.00  0.000     0  0.00  0  0 -10.310   1.362   0.003   0.000   0.000   0.000 01R008M000t
00009 PHE01A0165_009 f 0.00  0.000     0  0.00  0  0  -9.487   0.476   0.003   0.000   0.000   0.000 01R009M000t
00010 PHE01A0165_010 f 0.00  0.000     0  0.00  0  0 -10.566   0.925   0.003   0.000   0.000   0.000 01R00AM000t
00011 PHE01A0165_011 f 0.00  0.000     0  0.00  0  0 -10.165   0.819   2.797   0.000   0.000   0.000 01R00CM000t
00012 PHE01A0165_012 f 0.00  0.000     0  0.00  0  0 -10.068   2.177   2.797   0.000   0.000   0.000 01R00EM000t
00013 PHE01A0165_013 f 0.00  0.000     0  0.00  0  0 -10.174   2.964   0.004   0.000   0.000   0.000 01R00FM000t
00014 PHE01A0165_014 f 0.00  0.000     0  0.00  0  0 -10.473  -0.274   0.003   0.000   0.000   0.000 01R010M000t
00015 PHE01A0165_015 f 0.00  0.000     0  0.00  0  0 -10.311   2.313   0.004   0.000   0.000   0.000 01R011M000t
00016 PHE01A0165_016 f 0.00  0.000     0  0.00  0  0  -9.899   2.273   2.797   0.000   0.000   0.000 01R012M000t
00017 PHE01A0165_017 f 0.00  0.000     0  0.00  0  0  -9.442   2.378   2.797   0.000   0.000   0.000 01T001M000t
00018 PHE01A0165_018 f 0.00  0.000     0  0.00  0  0 -10.448   2.513   2.798   0.000   0.000   0.000 01T00BM000t
00019 PHE01A0165_019 f 0.00  0.000     0  0.00  0  0 -11.007   5.004   2.796   0.000   0.000   0.000 01T00DM000t
