CONFORMER         crg  vdw0  vdw1  tors  epol  self   occ  Hb     history    ASA
PHE01A0165_001  0.000-10.09 -0.17  0.00  0.00-10.25 0.525  00  01O000M000  1.000
PHE01A0165_002  0.000 -9.76  0.47  0.00  0.00 -9.29 0.529  00  01R002M000  1.000
PHE01A0165_003  0.000-10.38  0.84  2.80  0.00 -6.74 0.524  00  01R003M000  1.000
PHE01A0165_004  0.000-10.01 -0.28  0.00  0.00-10.29 0.526  00  01R004M000  1.000
PHE01A0165_005  0.000 -9.90  2.22  2.80  0.00 -4.88 0.527  00  01R005M000  1.000
PHE01A0165_006  0.000-10.15 -0.18  0.00  0.00-10.32 0.526  00  01R006M000  1.000
PHE01A0165_007  0.000 -9.75  2.45  2.80  0.00 -4.50 0.526  00  01R007M000  1.000
PHE01A0165_008  0.000-10.31  1.36  0.00  0.00 -8.95 0.525  00  01R008M000  1.000
PHE01A0165_009  0.000 -9.49  0.48  0.00  0.00 -9.01 0.527  00  01R009M000  1.000
PHE01A0165_010  0.000-10.56  0.92  0.00  0.00 -9.63 0.527  00  01R00AM000  1.000
PHE01A0165_011  0.000-10.16  0.82  2.80  0.00 -6.54 0.527  00  01R00CM000  1.000
PHE01A0165_012  0.000-10.08  2.18  2.80  0.00 -5.10 0.526  00  01R00EM000  1.000
PHE01A0165_013  0.000-10.18  2.96  0.00  0.00 -7.21 0.525  00  01R00FM000  1.000
PHE01A0165_014  0.000-10.41 -0.27  0.00  0.00-10.68 0.527  00  01R010M000  1.000
PHE01A0165_015  0.000-10.31  2.31  0.00  0.00 -7.99 0.526  00  01R011M000  1.000
PHE01A0165_016  0.000 -9.90  2.27  2.80  0.00 -4.83 0.529  00  01R012M000  1.000
PHE01A0165_017  0.000 -9.44  2.37  2.80  0.00 -4.27 0.524  00  01T001M000  1.000
PHE01A0165_018  0.000-10.45  2.51  2.80  0.00 -5.14 0.527  00  01T00BM000  1.000
PHE01A0165_019  0.000-11.01  5.01  2.80  0.00 -3.20 0.527  00  01T00DM000  1.000
