   confID        vdw0    sas     sum
PHE01A0165_001   4.007 -14.092 -10.085
PHE01A0165_002   4.005 -13.765  -9.760
PHE01A0165_003   4.002 -14.387 -10.385
PHE01A0165_004   4.003 -14.152 -10.148
PHE01A0165_005   4.013 -13.915  -9.902
PHE01A0165_006   4.011 -14.160 -10.149
PHE01A0165_007   4.011 -13.766  -9.755
PHE01A0165_008   3.813 -14.123 -10.310
PHE01A0165_009   4.009 -13.496  -9.487
PHE01A0165_010   3.877 -14.443 -10.566
PHE01A0165_011   4.004 -14.169 -10.165
PHE01A0165_012   3.898 -13.966 -10.068
PHE01A0165_013   3.678 -13.852 -10.174
PHE01A0165_014   4.016 -14.489 -10.473
PHE01A0165_015   3.727 -14.038 -10.311
PHE01A0165_016   4.016 -13.915  -9.899
PHE01A0165_017   4.019 -13.461  -9.442
PHE01A0165_018   3.822 -14.270 -10.448
PHE01A0165_019   3.757 -14.763 -11.007
