CONFORMER         crg  vdw0  vdw1  tors  epol  self   occ  Hb     history    ASA
LYS01A0175_001  0.000-12.17  0.79  1.18  0.00-10.20 0.502  00  01O000M000  1.000
LYS01A0175_002  0.000-11.83  7.26  3.63  0.00 -0.94 0.503  00  01E00BM000  1.000
LYS01A0175_003  0.000-12.74  5.76  3.47  0.00 -3.51 0.501  00  01E00EM000  1.000
LYS01A0175_004  0.000-11.11  0.83  1.65  0.00 -8.64 0.502  00  01E014M000  1.000
LYS01A0175_005  0.000-11.02  1.67  1.59  0.00 -7.75 0.502  00  01E015M000  1.000
LYS01A0175_006  0.000 -9.58  2.87  2.19  0.00 -4.52 0.502  00  01E038M000  1.000
LYS01A0175_007  0.000-12.02  1.99  2.58  0.00 -7.44 0.502  00  01E050M000  1.000
LYS01A0175_008  0.000-10.39  0.80  3.94  0.00 -5.66 0.502  00  01E089M000  1.000
LYS01A0175_009  0.000-10.13  5.77  3.96  0.00 -0.39 0.501  00  01E0A9M000  1.000
LYS01A0175_010  0.000-10.73  1.02  5.71  0.00 -3.99 0.502  00  01E0C1M000  1.000
LYS01A0175_011  0.000-11.24  1.07  3.92  0.00 -6.25 0.502  00  01T027M000  1.000
LYS01A0175_012  0.000 -9.73  1.76  4.62  0.00 -3.35 0.502  00  01T04AM000  1.000
LYS01A0175_013  0.000-10.14  0.78  3.32  0.00 -6.05 0.502  00  01T090M000  1.000
LYS01A0175_014  0.000-10.07  5.42  4.12  0.00 -0.53 0.502  00  01T0A6M000  1.000
LYS01A0175_015  0.000 -9.26  1.91  1.59  0.00 -5.76 0.502  00  01T0ACM000  1.000
LYS01A0175_016  0.000-10.47  1.07  6.21  0.00 -3.19 0.501  00  01T0C2M000  1.000
LYS01A0175_017  0.000-10.61  0.84  3.38  0.00 -6.40 0.502  00  01T0CAM000  1.000
LYS01A0175_018  0.000 -9.14  3.25  4.40  0.00 -1.49 0.502  00  01T0F2M000  1.000
LYS01A0175_019  0.000 -7.98  1.37  4.73  0.00 -1.88 0.502  00  01T116M000  1.000
LYS01A0175_020  0.000 -9.96  1.23  4.19  0.00 -4.54 0.502  00  01T118M000  1.000
LYS+1A0175_021  1.000-12.22  0.79  1.18  0.00-10.24 0.502  00  +1O000M000  1.000
LYS+1A0175_022  1.000-11.99  7.27  3.63  0.00 -1.08 0.503  00  +1E00BM000  1.000
LYS+1A0175_023  1.000-12.78  5.96  3.49  0.00 -3.33 0.501  00  +1E00EM000  1.000
LYS+1A0175_024  1.000-11.11  1.68  1.60  0.00 -7.83 0.502  00  +1E015M000  1.000
LYS+1A0175_025  1.000 -9.51  2.86  2.20  0.00 -4.45 0.502  00  +1E038M000  1.000
LYS+1A0175_026  1.000-11.92  2.01  2.68  0.00 -7.23 0.502  00  +1E050M000  1.000
LYS+1A0175_027  1.000-10.55  0.79  4.00  0.00 -5.75 0.502  00  +1E089M000  1.000
LYS+1A0175_028  1.000-10.14  5.42  4.13  0.00 -0.58 0.502  00  +1E0A6M000  1.000
LYS+1A0175_029  1.000-10.22  5.82  3.97  0.00 -0.43 0.501  00  +1E0A9M000  1.000
LYS+1A0175_030  1.000-10.73  1.02  5.77  0.00 -3.94 0.502  00  +1E0C1M000  1.000
LYS+1A0175_031  1.000-10.63  1.07  6.26  0.00 -3.30 0.501  00  +1E0C2M000  1.000
LYS+1A0175_032  1.000-10.48  0.83  3.41  0.00 -6.24 0.502  00  +1E0CAM000  1.000
LYS+1A0175_033  1.000 -8.15  1.32  4.73  0.00 -2.10 0.502  00  +1E116M000  1.000
LYS+1A0175_034  1.000-11.25  0.83  1.65  0.00 -8.76 0.502  00  +1T014M000  1.000
LYS+1A0175_035  1.000-11.18  1.07  3.91  0.00 -6.20 0.502  00  +1T027M000  1.000
LYS+1A0175_036  1.000 -9.83  1.75  4.62  0.00 -3.45 0.502  00  +1T04AM000  1.000
LYS+1A0175_037  1.000-10.12  0.77  3.37  0.00 -5.99 0.502  00  +1T090M000  1.000
LYS+1A0175_038  1.000 -9.32  1.92  1.61  0.00 -5.79 0.502  00  +1T0ACM000  1.000
LYS+1A0175_039  1.000 -9.28  3.22  4.43  0.00 -1.62 0.502  00  +1T0F2M000  1.000
LYS+1A0175_040  1.000-10.13  1.21  4.20  0.00 -4.71 0.502  00  +1T118M000  1.000
