iConf CONFORMER     FL  occ    crg   Em0  pKa0 ne nH    vdw0    vdw1    tors    epol   dsolv   extra    history
00001 LYS01A0175_001 f 0.00  0.000     0  0.00  0  0 -12.173   0.898   1.183  -0.009   0.003   0.000 01O000M000t
00002 LYS01A0175_002 f 0.00  0.000     0  0.00  0  0 -11.828   7.252   3.627  -0.031  -0.156   0.000 01E00BM000t
00003 LYS01A0175_003 f 0.00  0.000     0  0.00  0  0 -12.739   5.759   3.472  -0.009  -0.077   0.000 01E00EM000t
00004 LYS01A0175_004 f 0.00  0.000     0  0.00  0  0 -11.114   0.931   1.647  -0.006  -0.095   0.000 01E014M000t
00005 LYS01A0175_005 f 0.00  0.000     0  0.00  0  0 -11.020   1.725   1.593  -0.010   0.034   0.000 01E015M000t
00006 LYS01A0175_006 f 0.00  0.000     0  0.00  0  0  -9.585   2.880   2.195  -0.051  -0.013   0.000 01E038M000t
00007 LYS01A0175_007 f 0.00  0.000     0  0.00  0  0 -12.019   2.053   2.582  -0.007  -0.092   0.000 01E050M000t
00008 LYS01A0175_008 f 0.00  0.000     0  0.00  0  0 -10.391   0.895   3.935  -0.011   0.013   0.000 01E089M000t
00009 LYS01A0175_009 f 0.00  0.000     0  0.00  0  0 -10.131   5.828   3.960  -0.012  -0.194   0.000 01E0A9M000t
00010 LYS01A0175_010 f 0.00  0.000     0  0.00  0  0 -10.686   1.082   5.714  -0.014  -0.076   0.000 01E0C1M000t
00011 LYS01A0175_011 f 0.00  0.000     0  0.00  0  0 -11.237   1.125   3.916  -0.003  -0.196   0.000 01T027M000t
00012 LYS01A0175_012 f 0.00  0.000     0  0.00  0  0  -9.729   1.758   4.625  -0.006  -0.246   0.000 01T04AM000t
00013 LYS01A0175_013 f 0.00  0.000     0  0.00  0  0 -10.144   0.876   3.321  -0.010   0.010   0.000 01T090M000t
00014 LYS01A0175_014 f 0.00  0.000     0  0.00  0  0 -10.066   5.470   4.119  -0.019   0.087   0.000 01T0A6M000t
00015 LYS01A0175_015 f 0.00  0.000     0  0.00  0  0  -9.258   2.033   1.590  -0.014   0.037   0.000 01T0ACM000t
00016 LYS01A0175_016 f 0.00  0.000     0  0.00  0  0 -10.472   1.128   6.213  -0.003  -0.071   0.000 01T0C2M000t
00017 LYS01A0175_017 f 0.00  0.000     0  0.00  0  0 -10.611   0.880   3.375  -0.010  -0.049   0.000 01T0CAM000t
00018 LYS01A0175_018 f 0.00  0.000     0  0.00  0  0  -9.186   3.249   4.396  -0.005   0.038   0.000 01T0F2M000t
00019 LYS01A0175_019 f 0.00  0.000     0  0.00  0  0  -7.974   1.376   4.725  -0.035   0.020   0.000 01T116M000t
00020 LYS01A0175_020 f 0.00  0.000     0  0.00  0  0  -9.949   1.231   4.190  -0.060   0.162   0.000 01T118M000t
00021 LYS+1A0175_021 f 0.00  1.000     0 10.40  0  1 -12.218   0.897   1.183   0.043  -0.248   0.000 +1O000M000t
00022 LYS+1A0175_022 f 0.00  1.000     0 10.40  0  1 -11.990   7.278   3.634   0.138  -0.366   0.000 +1E00BM000t
00023 LYS+1A0175_023 f 0.00  1.000     0 10.40  0  1 -12.783   5.963   3.490   0.034  -0.352   0.000 +1E00EM000t
00024 LYS+1A0175_024 f 0.00  1.000     0 10.40  0  1 -11.117   1.733   1.604   0.043  -0.365   0.000 +1E015M000t
00025 LYS+1A0175_025 f 0.00  1.000     0 10.40  0  1  -9.518   2.866   2.202   0.146  -0.378   0.000 +1E038M000t
00026 LYS+1A0175_026 f 0.00  1.000     0 10.40  0  1 -11.866   2.057   2.678   0.048  -0.334   0.000 +1E050M000t
00027 LYS+1A0175_027 f 0.00  1.000     0 10.40  0  1 -10.547   0.893   4.005   0.061  -0.173   0.000 +1E089M000t
00028 LYS+1A0175_028 f 0.00  1.000     0 10.40  0  1 -10.137   5.469   4.135   0.015   0.000   0.000 +1E0A6M000t
00029 LYS+1A0175_029 f 0.00  1.000     0 10.40  0  1 -10.216   5.870   3.974   0.105  -0.185   0.000 +1E0A9M000t
00030 LYS+1A0175_030 f 0.00  1.000     0 10.40  0  1 -10.728   1.071   5.771   0.013  -0.128   0.000 +1E0C1M000t
00031 LYS+1A0175_031 f 0.00  1.000     0 10.40  0  1 -10.626   1.126   6.262   0.011  -0.151   0.000 +1E0C2M000t
00032 LYS+1A0175_032 f 0.00  1.000     0 10.40  0  1 -10.477   0.879   3.413   0.044  -0.370   0.000 +1E0CAM000t
00033 LYS+1A0175_033 f 0.00  1.000     0 10.40  0  1  -8.148   1.315   4.730   0.193   0.619   0.000 +1E116M000t
00034 LYS+1A0175_034 f 0.00  1.000     0 10.40  0  1 -11.247   0.931   1.652   0.034  -0.209   0.000 +1T014M000t
00035 LYS+1A0175_035 f 0.00  1.000     0 10.40  0  1 -11.234   1.125   3.914   0.014  -0.315   0.000 +1T027M000t
00036 LYS+1A0175_036 f 0.00  1.000     0 10.40  0  1  -9.824   1.752   4.624   0.042  -0.288   0.000 +1T04AM000t
00037 LYS+1A0175_037 f 0.00  1.000     0 10.40  0  1 -10.127   0.873   3.366   0.049  -0.049   0.000 +1T090M000t
00038 LYS+1A0175_038 f 0.00  1.000     0 10.40  0  1  -9.328   2.041   1.613   0.034   0.160   0.000 +1T0ACM000t
00039 LYS+1A0175_039 f 0.00  1.000     0 10.40  0  1  -9.283   3.230   4.435   0.114  -0.146   0.000 +1T0F2M000t
00040 LYS+1A0175_040 f 0.00  1.000     0 10.40  0  1 -10.130   1.224   4.198   0.233   0.408   0.000 +1T118M000t
