   confID        vdw0    sas     sum
LYS01A0175_001   0.451 -12.624 -12.173
LYS01A0175_002   0.390 -12.218 -11.828
LYS01A0175_003   0.287 -13.026 -12.739
LYS01A0175_004   1.445 -12.559 -11.114
LYS01A0175_005   1.452 -12.473 -11.020
LYS01A0175_006   2.949 -12.534  -9.585
LYS01A0175_007   0.650 -12.669 -12.019
LYS01A0175_008   2.155 -12.547 -10.391
LYS01A0175_009   2.066 -12.197 -10.131
LYS01A0175_010   1.404 -12.090 -10.686
LYS01A0175_011   1.406 -12.643 -11.237
LYS01A0175_012   2.981 -12.711  -9.729
LYS01A0175_013   1.991 -12.135 -10.144
LYS01A0175_014   2.037 -12.103 -10.066
LYS01A0175_015   2.701 -11.959  -9.258
LYS01A0175_016   2.064 -12.537 -10.472
LYS01A0175_017   1.784 -12.395 -10.611
LYS01A0175_018   3.725 -12.911  -9.186
LYS01A0175_019   4.109 -12.083  -7.974
LYS01A0175_020   2.294 -12.243  -9.949
LYS+1A0175_021   0.406 -12.624 -12.218
LYS+1A0175_022   0.347 -12.337 -11.990
LYS+1A0175_023   0.244 -13.026 -12.783
LYS+1A0175_024   1.407 -12.524 -11.117
LYS+1A0175_025   2.913 -12.431  -9.518
LYS+1A0175_026   0.620 -12.485 -11.866
LYS+1A0175_027   2.135 -12.682 -10.547
LYS+1A0175_028   1.966 -12.103 -10.137
LYS+1A0175_029   1.994 -12.210 -10.216
LYS+1A0175_030   1.362 -12.090 -10.728
LYS+1A0175_031   2.029 -12.656 -10.626
LYS+1A0175_032   1.812 -12.289 -10.477
LYS+1A0175_033   4.041 -12.189  -8.148
LYS+1A0175_034   1.403 -12.649 -11.247
LYS+1A0175_035   1.358 -12.592 -11.234
LYS+1A0175_036   2.939 -12.762  -9.824
LYS+1A0175_037   1.956 -12.084 -10.127
LYS+1A0175_038   2.631 -11.959  -9.328
LYS+1A0175_039   3.682 -12.966  -9.283
LYS+1A0175_040   2.181 -12.311 -10.130
