iConf CONFORMER     FL  occ    crg   Em0  pKa0 ne nH    vdw0    vdw1    tors    epol   dsolv   extra    history
00001 LYS01A0006_001 f 0.00  0.000     0  0.00  0  0 -11.437   0.064   0.924  -0.020  -0.073   0.000 01O000M000t
00002 LYS01A0006_002 f 0.00  0.000     0  0.00  0  0  -9.991   3.082   4.171  -0.027  -0.020   0.000 01E022M000t
00003 LYS01A0006_003 f 0.00  0.000     0  0.00  0  0  -8.342   1.290   4.831  -0.025  -0.024   0.000 01E035M000t
00004 LYS01A0006_004 f 0.00  0.000     0  0.00  0  0 -10.512   1.420   4.204  -0.015   0.067   0.000 01E07DM000t
00005 LYS01A0006_005 f 0.00  0.000     0  0.00  0  0 -10.931   2.808   4.071  -0.046   0.166   0.000 01E0FDM000t
00006 LYS01A0006_006 f 0.00  0.000     0  0.00  0  0 -10.586   0.955   6.855  -0.045   0.003   0.000 01E12BM000t
00007 LYS01A0006_007 f 0.00  0.000     0  0.00  0  0 -10.317   1.431   4.347  -0.011   0.050   0.000 01E13EM000t
00008 LYS01A0006_008 f 0.00  0.000     0  0.00  0  0 -11.007   1.179   4.210  -0.021   0.066   0.000 01E152M000t
00009 LYS01A0006_009 f 0.00  0.000     0  0.00  0  0 -11.682   0.807   1.005  -0.015   0.013   0.000 01T00EM000t
00010 LYS01A0006_010 f 0.00  0.000     0  0.00  0  0 -10.990   0.961   1.624   0.462   0.013   0.000 01T03DM000t
00011 LYS01A0006_011 f 0.00  0.000     0  0.00  0  0 -10.933   0.463   0.864  -0.022   0.124   0.000 01T05AM000t
00012 LYS01A0006_012 f 0.00  0.000     0  0.00  0  0 -11.369   2.990   5.690  -0.013  -0.045   0.000 01T05FM000t
00013 LYS01A0006_013 f 0.00  0.000     0  0.00  0  0 -12.009   1.423   6.066  -0.012   0.004   0.000 01T076M000t
00014 LYS01A0006_014 f 0.00  0.000     0  0.00  0  0 -11.052   0.560   4.001  -0.009  -0.240   0.000 01T094M000t
00015 LYS01A0006_015 f 0.00  0.000     0  0.00  0  0 -10.313   0.122   4.145  -0.010   0.005   0.000 01T09FM000t
00016 LYS01A0006_016 f 0.00  0.000     0  0.00  0  0 -10.660   0.954   6.867  -0.011  -0.056   0.000 01T0AFM000t
00017 LYS01A0006_017 f 0.00  0.000     0  0.00  0  0 -11.073   3.262   3.624  -0.012  -0.007   0.000 01T0D1M000t
00018 LYS01A0006_018 f 0.00  0.000     0  0.00  0  0 -10.238   3.150   6.275  -0.020   0.031   0.000 01T0E9M000t
00019 LYS01A0006_019 f 0.00  0.000     0  0.00  0  0  -7.805   0.598   4.719  -0.009   0.037   0.000 01T16BM000t
00020 LYS01A0006_020 f 0.00  0.000     0  0.00  0  0  -9.558   0.414   1.552  -0.036   0.250   0.000 01T16FM000t
00021 LYS+1A0006_021 f 0.00  1.000     0 10.40  0  1 -11.501   0.062   0.924  -0.008  -0.453   0.000 +1O000M000t
00022 LYS+1A0006_022 f 0.00  1.000     0 10.40  0  1 -10.105   3.077   4.170   0.006  -0.415   0.000 +1E022M000t
00023 LYS+1A0006_023 f 0.00  1.000     0 10.40  0  1 -11.131   0.900   1.625   0.928   0.750   0.000 +1E03DM000t
00024 LYS+1A0006_024 f 0.00  1.000     0 10.40  0  1 -11.384   2.991   5.771   0.016  -0.180   0.000 +1E05FM000t
00025 LYS+1A0006_025 f 0.00  1.000     0 10.40  0  1 -10.427   0.118   4.168   0.022  -0.169   0.000 +1E09FM000t
00026 LYS+1A0006_026 f 0.00  1.000     0 10.40  0  1 -10.604   0.950   6.894   0.045  -0.366   0.000 +1E0AFM000t
00027 LYS+1A0006_027 f 0.00  1.000     0 10.40  0  1 -10.350   1.435   4.356   0.084  -0.159   0.000 +1E13EM000t
00028 LYS+1A0006_028 f 0.00  1.000     0 10.40  0  1 -11.135   1.146   4.251   0.031  -0.187   0.000 +1E152M000t
00029 LYS+1A0006_029 f 0.00  1.000     0 10.40  0  1 -11.815   0.798   1.008   0.121  -0.056   0.000 +1T00EM000t
00030 LYS+1A0006_030 f 0.00  1.000     0 10.40  0  1  -8.394   1.284   4.832   0.072  -0.287   0.000 +1T035M000t
00031 LYS+1A0006_031 f 0.00  1.000     0 10.40  0  1 -10.934   0.458   0.864   0.070  -0.076   0.000 +1T05AM000t
00032 LYS+1A0006_032 f 0.00  1.000     0 10.40  0  1 -12.038   1.406   6.149   0.009  -0.137   0.000 +1T076M000t
00033 LYS+1A0006_033 f 0.00  1.000     0 10.40  0  1 -10.573   1.421   4.208   0.052  -0.023   0.000 +1T07DM000t
00034 LYS+1A0006_034 f 0.00  1.000     0 10.40  0  1 -11.092   0.562   4.022   0.067  -0.535   0.000 +1T094M000t
00035 LYS+1A0006_035 f 0.00  1.000     0 10.40  0  1 -11.200   3.257   3.635   0.054  -0.228   0.000 +1T0D1M000t
00036 LYS+1A0006_036 f 0.00  1.000     0 10.40  0  1 -10.282   3.155   6.305   0.086  -0.227   0.000 +1T0E9M000t
00037 LYS+1A0006_037 f 0.00  1.000     0 10.40  0  1 -10.969   2.922   4.093  -0.969   0.624   0.000 +1T0FDM000t
00038 LYS+1A0006_038 f 0.00  1.000     0 10.40  0  1 -10.656   0.915   6.882  -0.029   0.186   0.000 +1T12BM000t
00039 LYS+1A0006_039 f 0.00  1.000     0 10.40  0  1  -7.853   0.599   4.738   0.057  -0.215   0.000 +1T16BM000t
00040 LYS+1A0006_040 f 0.00  1.000     0 10.40  0  1  -9.591   0.416   1.555   0.126   0.733   0.000 +1T16FM000t
