CONFORMER         crg  vdw0  vdw1  tors  epol  self   occ  Hb     history    ASA
LYS01A0006_001  0.000-11.44  0.01  0.92  0.00-10.50 0.502  00  01O000M000  1.000
LYS01A0006_002  0.000 -9.99  3.03  4.17  0.00 -2.80 0.501  00  01E022M000  1.000
LYS01A0006_003  0.000 -8.35  1.29  4.83  0.00 -2.23 0.501  00  01E035M000  1.000
LYS01A0006_004  0.000-10.51  1.42  4.20  0.00 -4.89 0.501  00  01E07DM000  1.000
LYS01A0006_005  0.000-10.93  2.82  4.07  0.00 -4.04 0.502  00  01E0FDM000  1.000
LYS01A0006_006  0.000-10.59  0.96  6.86  0.00 -2.77 0.502  00  01E12BM000  1.000
LYS01A0006_007  0.000-10.32  1.43  4.35  0.00 -4.54 0.501  00  01E13EM000  1.000
LYS01A0006_008  0.000-11.01  1.13  4.21  0.00 -5.66 0.501  00  01E152M000  1.000
LYS01A0006_009  0.000-11.68  0.76  1.00  0.00 -9.91 0.501  00  01T00EM000  1.000
LYS01A0006_010  0.000-10.99  0.91  1.62  0.00 -8.45 0.501  00  01T03DM000  1.000
LYS01A0006_011  0.000-10.93  0.41  0.86  0.00 -9.66 0.501  00  01T05AM000  1.000
LYS01A0006_012  0.000-11.37  2.94  5.69  0.00 -2.73 0.502  00  01T05FM000  1.000
LYS01A0006_013  0.000-11.97  1.42  6.07  0.00 -4.48 0.501  00  01T076M000  1.000
LYS01A0006_014  0.000-11.05  0.56  4.00  0.00 -6.49 0.501  00  01T094M000  1.000
LYS01A0006_015  0.000-10.32  0.07  4.15  0.00 -6.10 0.501  00  01T09FM000  1.000
LYS01A0006_016  0.000-10.66  0.90  6.87  0.00 -2.89 0.501  00  01T0AFM000  1.000
LYS01A0006_017  0.000-11.07  3.20  3.62  0.00 -4.25 0.501  00  01T0D1M000  1.000
LYS01A0006_018  0.000-10.24  3.10  6.27  0.00 -0.86 0.501  00  01T0E9M000  1.000
LYS01A0006_019  0.000 -7.80  0.60  4.72  0.00 -2.48 0.502  00  01T16BM000  1.000
LYS01A0006_020  0.000 -9.56  0.42  1.55  0.00 -7.59 0.501  00  01T16FM000  1.000
LYS+1A0006_021  1.000-11.50  0.01  0.92  0.00-10.57 0.502  00  +1O000M000  1.000
LYS+1A0006_022  1.000-10.11  3.03  4.17  0.00 -2.91 0.501  00  +1E022M000  1.000
LYS+1A0006_023  1.000-11.13  0.86  1.63  0.00 -8.65 0.501  00  +1E03DM000  1.000
LYS+1A0006_024  1.000-11.38  2.94  5.77  0.00 -2.67 0.502  00  +1E05FM000  1.000
LYS+1A0006_025  1.000-10.38  0.06  4.17  0.00 -6.15 0.501  00  +1E09FM000  1.000
LYS+1A0006_026  1.000-10.60  0.90  6.89  0.00 -2.81 0.501  00  +1E0AFM000  1.000
LYS+1A0006_027  1.000-10.35  1.43  4.36  0.00 -4.56 0.501  00  +1E13EM000  1.000
LYS+1A0006_028  1.000-11.14  1.10  4.25  0.00 -5.79 0.501  00  +1E152M000  1.000
LYS+1A0006_029  1.000-11.87  0.75  1.01  0.00-10.11 0.501  00  +1T00EM000  1.000
LYS+1A0006_030  1.000 -8.39  1.29  4.83  0.00 -2.27 0.501  00  +1T035M000  1.000
LYS+1A0006_031  1.000-10.93  0.40  0.86  0.00 -9.67 0.501  00  +1T05AM000  1.000
LYS+1A0006_032  1.000-12.04  1.40  6.15  0.00 -4.49 0.501  00  +1T076M000  1.000
LYS+1A0006_033  1.000-10.57  1.42  4.21  0.00 -4.95 0.501  00  +1T07DM000  1.000
LYS+1A0006_034  1.000-11.10  0.56  4.02  0.00 -6.51 0.501  00  +1T094M000  1.000
LYS+1A0006_035  1.000-11.20  3.21  3.63  0.00 -4.36 0.501  00  +1T0D1M000  1.000
LYS+1A0006_036  1.000-10.29  3.10  6.30  0.00 -0.88 0.501  00  +1T0E9M000  1.000
LYS+1A0006_037  1.000-11.03  2.93  4.09  0.00 -4.00 0.502  00  +1T0FDM000  1.000
LYS+1A0006_038  1.000-10.66  0.91  6.88  0.00 -2.86 0.502  00  +1T12BM000  1.000
LYS+1A0006_039  1.000 -7.84  0.60  4.74  0.00 -2.51 0.502  00  +1T16BM000  1.000
LYS+1A0006_040  1.000 -9.60  0.41  1.56  0.00 -7.63 0.501  00  +1T16FM000  1.000
