   confID        vdw0    sas     sum
LYS01A0006_001   0.908 -12.345 -11.437
LYS01A0006_002   2.006 -11.997  -9.991
LYS01A0006_003   4.521 -12.863  -8.342
LYS01A0006_004   1.813 -12.325 -10.512
LYS01A0006_005   1.769 -12.700 -10.931
LYS01A0006_006   1.891 -12.477 -10.586
LYS01A0006_007   1.949 -12.266 -10.317
LYS01A0006_008   1.805 -12.811 -11.007
LYS01A0006_009   0.875 -12.557 -11.682
LYS01A0006_010   1.778 -12.769 -10.990
LYS01A0006_011   1.296 -12.229 -10.933
LYS01A0006_012   0.847 -12.216 -11.369
LYS01A0006_013   0.780 -12.789 -12.009
LYS01A0006_014   1.581 -12.634 -11.052
LYS01A0006_015   2.092 -12.405 -10.313
LYS01A0006_016   2.125 -12.785 -10.660
LYS01A0006_017   1.129 -12.202 -11.073
LYS01A0006_018   1.723 -11.961 -10.238
LYS01A0006_019   4.655 -12.460  -7.805
LYS01A0006_020   2.750 -12.308  -9.558
LYS+1A0006_021   0.844 -12.345 -11.501
LYS+1A0006_022   1.944 -12.049 -10.105
LYS+1A0006_023   1.706 -12.836 -11.131
LYS+1A0006_024   0.803 -12.187 -11.384
LYS+1A0006_025   2.046 -12.473 -10.427
LYS+1A0006_026   2.078 -12.682 -10.604
LYS+1A0006_027   1.865 -12.215 -10.350
LYS+1A0006_028   1.767 -12.901 -11.135
LYS+1A0006_029   0.806 -12.622 -11.815
LYS+1A0006_030   4.469 -12.863  -8.394
LYS+1A0006_031   1.230 -12.164 -10.934
LYS+1A0006_032   0.737 -12.776 -12.038
LYS+1A0006_033   1.752 -12.325 -10.573
LYS+1A0006_034   1.541 -12.634 -11.092
LYS+1A0006_035   1.054 -12.254 -11.200
LYS+1A0006_036   1.679 -11.961 -10.282
LYS+1A0006_037   1.719 -12.688 -10.969
LYS+1A0006_038   1.860 -12.516 -10.656
LYS+1A0006_039   4.603 -12.456  -7.853
LYS+1A0006_040   2.665 -12.256  -9.591
