iConf CONFORMER     FL  occ    crg   Em0  pKa0 ne nH    vdw0    vdw1    tors    epol   dsolv   extra    history
00001 MET01A0158_001 f 0.00  0.000     0  0.00  0  0 -11.019   2.644   3.182   0.033   0.041   0.000 01O000M000t
00002 MET01A0158_002 f 0.00  0.000     0  0.00  0  0 -10.985   0.991   3.163   0.039   0.041   0.000 01R005M000t
00003 MET01A0158_003 f 0.00  0.000     0  0.00  0  0 -10.847   0.716   3.074   0.046   0.042   0.000 01R00FM000t
00004 MET01A0158_004 f 0.00  0.000     0  0.00  0  0 -11.656   2.203   3.795   0.033   0.043   0.000 01R016M000t
00005 MET01A0158_005 f 0.00  0.000     0  0.00  0  0 -11.287   0.166   4.509   0.076   0.043   0.000 01R017M000t
00006 MET01A0158_006 f 0.00  0.000     0  0.00  0  0 -11.398   3.631   3.242   0.077   0.043   0.000 01R01AM000t
00007 MET01A0158_007 f 0.00  0.000     0  0.00  0  0 -11.275   1.045   4.506   0.041   0.041   0.000 01R025M000t
00008 MET01A0158_008 f 0.00  0.000     0  0.00  0  0 -11.637   1.499   4.437   0.011   0.042   0.000 01R027M000t
00009 MET01A0158_009 f 0.00  0.000     0  0.00  0  0 -11.543   1.233   4.439   0.037   0.045   0.000 01R02EM000t
00010 MET01A0158_010 f 0.00  0.000     0  0.00  0  0  -8.575   0.903   3.077   0.074   0.042   0.000 01R037M000t
00011 MET01A0158_011 f 0.00  0.000     0  0.00  0  0 -11.307   1.023   3.075   0.071   0.042   0.000 01R039M000t
00012 MET01A0158_012 f 0.00  0.000     0  0.00  0  0 -11.069   1.928   2.990   0.078   0.041   0.000 01R041M000t
00013 MET01A0158_013 f 0.00  0.000     0  0.00  0  0 -11.497   0.907   3.073   0.029   0.043   0.000 01R044M000t
00014 MET01A0158_014 f 0.00  0.000     0  0.00  0  0 -11.300   1.079   4.417   0.032   0.045   0.000 01R045M000t
00015 MET01A0158_015 f 0.00  0.000     0  0.00  0  0 -11.362   0.865   4.419   0.041   0.041   0.000 01R04CM000t
00016 MET01A0158_016 f 0.00  0.000     0  0.00  0  0 -11.634   1.275   3.092   0.033   0.043   0.000 01R04EM000t
00017 MET01A0158_017 f 0.00  0.000     0  0.00  0  0 -11.092   1.972   4.192   0.014   0.040   0.000 01R050M000t
00018 MET01A0158_018 f 0.00  0.000     0  0.00  0  0 -11.233   1.403   4.436   0.035   0.044   0.000 01R056M000t
00019 MET01A0158_019 f 0.00  0.000     0  0.00  0  0 -10.885   3.766   2.720   0.071   0.038   0.000 01T002M000t
00020 MET01A0158_020 f 0.00  0.000     0  0.00  0  0 -11.095   1.985   3.878   0.036   0.042   0.000 01T020M000t
