CONFORMER         crg  vdw0  vdw1  tors  epol  self   occ  Hb     history    ASA
MET01A0158_001  0.000-11.02  2.64  3.18  0.00 -5.19 0.505  00  01O000M000  1.000
MET01A0158_002  0.000-10.98  0.99  3.16  0.00 -6.83 0.505  00  01R005M000  1.000
MET01A0158_003  0.000-10.78  0.72  3.07  0.00 -6.98 0.506  00  01R00FM000  1.000
MET01A0158_004  0.000-11.66  2.20  3.79  0.00 -5.66 0.505  00  01R016M000  1.000
MET01A0158_005  0.000-11.29  0.17  4.51  0.00 -6.61 0.504  00  01R017M000  1.000
MET01A0158_006  0.000-11.40  3.63  3.24  0.00 -4.53 0.506  00  01R01AM000  1.000
MET01A0158_007  0.000-11.27  1.04  4.51  0.00 -5.72 0.506  00  01R025M000  1.000
MET01A0158_008  0.000-11.64  1.50  4.44  0.00 -5.70 0.505  00  01R027M000  1.000
MET01A0158_009  0.000-11.54  1.23  4.44  0.00 -5.87 0.504  00  01R02EM000  1.000
MET01A0158_010  0.000 -8.57  0.90  3.07  0.00 -4.60 0.505  00  01R037M000  1.000
MET01A0158_011  0.000-11.35  1.02  3.07  0.00 -7.26 0.505  00  01R039M000  1.000
MET01A0158_012  0.000-11.07  1.93  2.99  0.00 -6.15 0.507  00  01R041M000  1.000
MET01A0158_013  0.000-11.45  0.91  3.07  0.00 -7.46 0.504  00  01R044M000  1.000
MET01A0158_014  0.000-11.40  1.08  4.42  0.00 -5.89 0.505  00  01R045M000  1.000
MET01A0158_015  0.000-11.36  0.87  4.42  0.00 -6.07 0.503  00  01R04CM000  1.000
MET01A0158_016  0.000-11.49  1.28  3.09  0.00 -7.12 0.504  00  01R04EM000  1.000
MET01A0158_017  0.000-11.14  1.98  4.19  0.00 -4.97 0.506  00  01R050M000  1.000
MET01A0158_018  0.000-11.23  1.41  4.44  0.00 -5.39 0.505  00  01R056M000  1.000
MET01A0158_019  0.000-10.89  3.76  2.72  0.00 -4.41 0.505  00  01T002M000  1.000
MET01A0158_020  0.000-11.14  1.98  3.88  0.00 -5.28 0.505  00  01T020M000  1.000
