   confID        vdw0    sas     sum
MET01A0158_001   0.473 -11.492 -11.019
MET01A0158_002   0.471 -11.456 -10.985
MET01A0158_003   0.938 -11.785 -10.847
MET01A0158_004   0.498 -12.154 -11.656
MET01A0158_005   0.490 -11.777 -11.287
MET01A0158_006   0.428 -11.826 -11.398
MET01A0158_007   0.529 -11.804 -11.275
MET01A0158_008   0.474 -12.111 -11.637
MET01A0158_009   0.514 -12.058 -11.543
MET01A0158_010   2.719 -11.294  -8.575
MET01A0158_011   0.410 -11.717 -11.307
MET01A0158_012   0.322 -11.391 -11.069
MET01A0158_013   0.382 -11.878 -11.497
MET01A0158_014   0.472 -11.772 -11.300
MET01A0158_015   0.515 -11.877 -11.362
MET01A0158_016   0.382 -12.016 -11.634
MET01A0158_017   0.427 -11.519 -11.092
MET01A0158_018   0.515 -11.748 -11.233
MET01A0158_019   0.516 -11.401 -10.885
MET01A0158_020   0.444 -11.539 -11.095
