CONFORMER         crg  vdw0  vdw1  tors  epol  self   occ  Hb     history    ASA
LYS01A0165_001  0.000-11.57  0.79  1.07  0.00 -9.71 0.501  00  01O000M000  1.000
LYS01A0165_002  0.000 -7.92  0.14  2.08  0.00 -5.70 0.501  00  01E01BM000  1.000
LYS01A0165_003  0.000 -7.73  1.52  4.71  0.00 -1.50 0.501  00  01E041M000  1.000
LYS01A0165_004  0.000-11.20  0.62  4.15  0.00 -6.43 0.502  00  01E079M000  1.000
LYS01A0165_005  0.000-10.57  3.46  1.73  0.00 -5.38 0.501  00  01E0A6M000  1.000
LYS01A0165_006  0.000 -9.91  0.14  0.97  0.00 -8.80 0.501  00  01E0CBM000  1.000
LYS01A0165_007  0.000-10.23  0.44  4.24  0.00 -5.54 0.502  00  01E0D2M000  1.000
LYS01A0165_008  0.000 -8.45  0.25  1.95  0.00 -6.26 0.502  00  01E0E0M000  1.000
LYS01A0165_009  0.000 -8.37  0.51  2.03  0.00 -5.82 0.502  00  01E0EBM000  1.000
LYS01A0165_010  0.000-10.22  0.43  4.14  0.00 -5.65 0.501  00  01E146M000  1.000
LYS01A0165_011  0.000-11.37  3.98  3.67  0.00 -3.72 0.501  00  01T005M000  1.000
LYS01A0165_012  0.000-10.37  0.73  0.90  0.00 -8.73 0.502  00  01T028M000  1.000
LYS01A0165_013  0.000-11.22  0.82  0.88  0.00 -9.52 0.501  00  01T069M000  1.000
LYS01A0165_014  0.000-11.09  3.98  3.67  0.00 -3.44 0.501  00  01T073M000  1.000
LYS01A0165_015  0.000-10.61  1.12  7.10  0.00 -2.38 0.501  00  01T0B4M000  1.000
LYS01A0165_016  0.000-10.70  3.98  4.29  0.00 -2.43 0.502  00  01T0E3M000  1.000
LYS01A0165_017  0.000 -9.99  3.98  4.32  0.00 -1.69 0.501  00  01T0E9M000  1.000
LYS01A0165_018  0.000-10.00  0.77  4.20  0.00 -5.02 0.502  00  01T0F6M000  1.000
LYS01A0165_019  0.000 -9.88  0.76  1.48  0.00 -7.64 0.501  00  01T0F9M000  1.000
LYS01A0165_020  0.000-10.99  2.24  3.60  0.00 -5.15 0.501  00  01T11EM000  1.000
LYS+1A0165_021  1.000-11.65  0.79  1.07  0.00 -9.80 0.501  00  +1O000M000  1.000
LYS+1A0165_022  1.000-11.44  4.00  3.67  0.00 -3.78 0.501  00  +1E005M000  1.000
LYS+1A0165_023  1.000 -8.03  0.14  2.08  0.00 -5.81 0.501  00  +1E01BM000  1.000
LYS+1A0165_024  1.000 -7.82  1.52  4.71  0.00 -1.59 0.501  00  +1E041M000  1.000
LYS+1A0165_025  1.000-11.14  3.97  3.67  0.00 -3.50 0.501  00  +1E073M000  1.000
LYS+1A0165_026  1.000-11.27  0.62  4.17  0.00 -6.47 0.502  00  +1E079M000  1.000
LYS+1A0165_027  1.000-10.49  3.50  1.73  0.00 -5.26 0.501  00  +1E0A6M000  1.000
LYS+1A0165_028  1.000-10.69  1.11  7.13  0.00 -2.45 0.501  00  +1E0B4M000  1.000
LYS+1A0165_029  1.000-10.74  3.99  4.29  0.00 -2.46 0.502  00  +1E0E3M000  1.000
LYS+1A0165_030  1.000-10.00  0.78  4.22  0.00 -5.00 0.502  00  +1E0F6M000  1.000
LYS+1A0165_031  1.000-11.05  2.24  3.60  0.00 -5.21 0.501  00  +1E11EM000  1.000
LYS+1A0165_032  1.000-10.38  0.43  4.15  0.00 -5.79 0.501  00  +1E146M000  1.000
LYS+1A0165_033  1.000-10.46  0.73  0.90  0.00 -8.83 0.502  00  +1T028M000  1.000
LYS+1A0165_034  1.000-11.23  0.82  0.88  0.00 -9.53 0.501  00  +1T069M000  1.000
LYS+1A0165_035  1.000 -9.96  0.13  0.97  0.00 -8.86 0.501  00  +1T0CBM000  1.000
LYS+1A0165_036  1.000-10.29  0.45  4.25  0.00 -5.60 0.502  00  +1T0D2M000  1.000
LYS+1A0165_037  1.000 -8.51  0.25  1.95  0.00 -6.31 0.502  00  +1T0E0M000  1.000
LYS+1A0165_038  1.000-10.05  3.99  4.32  0.00 -1.75 0.501  00  +1T0E9M000  1.000
LYS+1A0165_039  1.000 -8.34  0.52  2.04  0.00 -5.78 0.502  00  +1T0EBM000  1.000
LYS+1A0165_040  1.000 -9.94  0.76  1.48  0.00 -7.70 0.501  00  +1T0F9M000  1.000
