iConf CONFORMER     FL  occ    crg   Em0  pKa0 ne nH    vdw0    vdw1    tors    epol   dsolv   extra    history
00001 LYS01A0165_001 f 0.00  0.000     0  0.00  0  0 -11.500   0.786   1.069  -0.021   0.009   0.000 01O000M000t
00002 LYS01A0165_002 f 0.00  0.000     0  0.00  0  0  -7.918   0.138   2.078  -0.009  -0.099   0.000 01E01BM000t
00003 LYS01A0165_003 f 0.00  0.000     0  0.00  0  0  -7.735   1.524   4.706  -0.021   0.126   0.000 01E041M000t
00004 LYS01A0165_004 f 0.00  0.000     0  0.00  0  0 -11.198   0.621   4.148  -0.020   0.065   0.000 01E079M000t
00005 LYS01A0165_005 f 0.00  0.000     0  0.00  0  0 -10.570   3.464   1.728   0.064   0.014   0.000 01E0A6M000t
00006 LYS01A0165_006 f 0.00  0.000     0  0.00  0  0  -9.903   0.135   0.973  -0.008   0.069   0.000 01E0CBM000t
00007 LYS01A0165_007 f 0.00  0.000     0  0.00  0  0 -10.291   0.446   4.238  -0.009  -0.192   0.000 01E0D2M000t
00008 LYS01A0165_008 f 0.00  0.000     0  0.00  0  0  -8.461   0.246   1.946  -0.014  -0.009   0.000 01E0E0M000t
00009 LYS01A0165_009 f 0.00  0.000     0  0.00  0  0  -8.402   0.512   2.035   0.008  -0.086   0.000 01E0EBM000t
00010 LYS01A0165_010 f 0.00  0.000     0  0.00  0  0 -10.218   0.432   4.136  -0.036   0.120   0.000 01E146M000t
00011 LYS01A0165_011 f 0.00  0.000     0  0.00  0  0 -11.371   3.984   3.667  -0.010   0.136   0.000 01T005M000t
00012 LYS01A0165_012 f 0.00  0.000     0  0.00  0  0 -10.328   0.736   0.902  -0.019  -0.089   0.000 01T028M000t
00013 LYS01A0165_013 f 0.00  0.000     0  0.00  0  0 -11.215   0.824   0.876  -0.011  -0.051   0.000 01T069M000t
00014 LYS01A0165_014 f 0.00  0.000     0  0.00  0  0 -11.094   3.977   3.671  -0.029  -0.016   0.000 01T073M000t
00015 LYS01A0165_015 f 0.00  0.000     0  0.00  0  0 -10.610   1.117   7.106  -0.039   0.039   0.000 01T0B4M000t
00016 LYS01A0165_016 f 0.00  0.000     0  0.00  0  0 -10.698   3.979   4.288  -0.001   0.065   0.000 01T0E3M000t
00017 LYS01A0165_017 f 0.00  0.000     0  0.00  0  0  -9.986   3.984   4.315  -0.001   0.125   0.000 01T0E9M000t
00018 LYS01A0165_018 f 0.00  0.000     0  0.00  0  0 -10.001   0.771   4.204  -0.009  -0.141   0.000 01T0F6M000t
00019 LYS01A0165_019 f 0.00  0.000     0  0.00  0  0  -9.831   0.764   1.481  -0.028  -0.011   0.000 01T0F9M000t
00020 LYS01A0165_020 f 0.00  0.000     0  0.00  0  0 -10.995   2.238   3.601  -0.051   0.077   0.000 01T11EM000t
00021 LYS+1A0165_021 f 0.00  1.000     0 10.40  0  1 -11.583   0.785   1.069   0.083  -0.397   0.000 +1O000M000t
00022 LYS+1A0165_022 f 0.00  1.000     0 10.40  0  1 -11.439   3.989   3.667  -0.019  -0.111   0.000 +1E005M000t
00023 LYS+1A0165_023 f 0.00  1.000     0 10.40  0  1  -8.027   0.138   2.079   0.066  -0.017   0.000 +1E01BM000t
00024 LYS+1A0165_024 f 0.00  1.000     0 10.40  0  1  -7.821   1.521   4.706   0.075   0.080   0.000 +1E041M000t
00025 LYS+1A0165_025 f 0.00  1.000     0 10.40  0  1 -11.192   3.975   3.671   0.009  -0.086   0.000 +1E073M000t
00026 LYS+1A0165_026 f 0.00  1.000     0 10.40  0  1 -11.267   0.622   4.174   0.124  -0.312   0.000 +1E079M000t
00027 LYS+1A0165_027 f 0.00  1.000     0 10.40  0  1 -10.487   3.513   1.727  -0.226  -0.061   0.000 +1E0A6M000t
00028 LYS+1A0165_028 f 0.00  1.000     0 10.40  0  1 -10.691   1.106   7.137   0.182  -0.176   0.000 +1E0B4M000t
00029 LYS+1A0165_029 f 0.00  1.000     0 10.40  0  1 -10.742   3.995   4.289   0.000  -0.421   0.000 +1E0E3M000t
00030 LYS+1A0165_030 f 0.00  1.000     0 10.40  0  1  -9.995   0.774   4.219   0.059  -0.323   0.000 +1E0F6M000t
00031 LYS+1A0165_031 f 0.00  1.000     0 10.40  0  1 -11.049   2.234   3.604   0.261  -0.312   0.000 +1E11EM000t
00032 LYS+1A0165_032 f 0.00  1.000     0 10.40  0  1 -10.368   0.434   4.155   0.048  -0.034   0.000 +1E146M000t
00033 LYS+1A0165_033 f 0.00  1.000     0 10.40  0  1 -10.464   0.733   0.902   0.081  -0.105   0.000 +1T028M000t
00034 LYS+1A0165_034 f 0.00  1.000     0 10.40  0  1 -11.222   0.821   0.877  -0.015  -0.086   0.000 +1T069M000t
00035 LYS+1A0165_035 f 0.00  1.000     0 10.40  0  1  -9.964   0.131   0.973   0.042   0.022   0.000 +1T0CBM000t
00036 LYS+1A0165_036 f 0.00  1.000     0 10.40  0  1 -10.288   0.448   4.243   0.063  -0.154   0.000 +1T0D2M000t
00037 LYS+1A0165_037 f 0.00  1.000     0 10.40  0  1  -8.513   0.247   1.948   0.089  -0.487   0.000 +1T0E0M000t
00038 LYS+1A0165_038 f 0.00  1.000     0 10.40  0  1 -10.055   3.983   4.317   0.090  -0.089   0.000 +1T0E9M000t
00039 LYS+1A0165_039 f 0.00  1.000     0 10.40  0  1  -8.325   0.519   2.038  -0.057  -0.197   0.000 +1T0EBM000t
00040 LYS+1A0165_040 f 0.00  1.000     0 10.40  0  1  -9.936   0.753   1.483  -0.034   0.020   0.000 +1T0F9M000t
