iConf CONFORMER     FL  occ    crg   Em0  pKa0 ne nH    vdw0    vdw1    tors    epol   dsolv   extra    history
00001 LYS01A0127_001 f 0.00  0.000     0  0.00  0  0 -12.321   0.430   0.803  -0.012   0.016   0.000 01O000M000t
00002 LYS01A0127_002 f 0.00  0.000     0  0.00  0  0 -11.598   2.137   4.221  -0.011   0.073   0.000 01E009M000t
00003 LYS01A0127_003 f 0.00  0.000     0  0.00  0  0  -8.908   2.139   4.850  -0.010  -0.055   0.000 01E036M000t
00004 LYS01A0127_004 f 0.00  0.000     0  0.00  0  0 -11.313   2.387   3.712  -0.047   0.067   0.000 01E03EM000t
00005 LYS01A0127_005 f 0.00  0.000     0  0.00  0  0  -8.961   0.645   2.082  -0.010   0.010   0.000 01E04EM000t
00006 LYS01A0127_006 f 0.00  0.000     0  0.00  0  0 -10.918   2.260   4.288  -0.026  -0.146   0.000 01E0FBM000t
00007 LYS01A0127_007 f 0.00  0.000     0  0.00  0  0  -9.132   0.294   1.493  -0.054   0.009   0.000 01E134M000t
00008 LYS01A0127_008 f 0.00  0.000     0  0.00  0  0 -10.696   0.344   0.878  -0.015  -0.051   0.000 01T013M000t
00009 LYS01A0127_009 f 0.00  0.000     0  0.00  0  0 -11.772   1.321   1.534  -0.037  -0.191   0.000 01T04AM000t
00010 LYS01A0127_010 f 0.00  0.000     0  0.00  0  0 -11.018   0.707   4.245  -0.017  -0.122   0.000 01T07DM000t
00011 LYS01A0127_011 f 0.00  0.000     0  0.00  0  0 -12.069   2.964   6.450  -0.018  -0.080   0.000 01T089M000t
00012 LYS01A0127_012 f 0.00  0.000     0  0.00  0  0 -10.550   0.715   1.424  -0.003  -0.070   0.000 01T08FM000t
00013 LYS01A0127_013 f 0.00  0.000     0  0.00  0  0 -11.042   0.643   4.245  -0.010  -0.065   0.000 01T098M000t
00014 LYS01A0127_014 f 0.00  0.000     0  0.00  0  0 -10.685   2.871   4.244   0.012  -0.054   0.000 01T0A1M000t
00015 LYS01A0127_015 f 0.00  0.000     0  0.00  0  0 -10.120   1.198   7.037  -0.017  -0.067   0.000 01T0BDM000t
00016 LYS01A0127_016 f 0.00  0.000     0  0.00  0  0  -9.978   3.023   4.231  -0.001   0.010   0.000 01T0E2M000t
00017 LYS01A0127_017 f 0.00  0.000     0  0.00  0  0  -8.011   0.535   4.875  -0.031   0.020   0.000 01T0FFM000t
00018 LYS01A0127_018 f 0.00  0.000     0  0.00  0  0 -10.290   2.043   7.089  -0.013  -0.083   0.000 01T10AM000t
00019 LYS01A0127_019 f 0.00  0.000     0  0.00  0  0  -9.650   0.651   1.494  -0.023   0.040   0.000 01T131M000t
00020 LYS01A0127_020 f 0.00  0.000     0  0.00  0  0  -9.735   0.424   4.310  -0.037   0.058   0.000 01T14CM000t
00021 LYS+1A0127_021 f 0.00  1.000     0 10.40  0  1 -12.367   0.429   0.803   0.043  -0.209   0.000 +1O000M000t
00022 LYS+1A0127_022 f 0.00  1.000     0 10.40  0  1 -11.713   2.136   4.221   0.066  -0.409   0.000 +1E009M000t
00023 LYS+1A0127_023 f 0.00  1.000     0 10.40  0  1 -10.756   0.343   0.878   0.067  -0.181   0.000 +1E013M000t
00024 LYS+1A0127_024 f 0.00  1.000     0 10.40  0  1  -8.944   2.135   4.852   0.051  -0.371   0.000 +1E036M000t
00025 LYS+1A0127_025 f 0.00  1.000     0 10.40  0  1 -11.439   2.413   3.714   0.203  -0.183   0.000 +1E03EM000t
00026 LYS+1A0127_026 f 0.00  1.000     0 10.40  0  1 -11.877   1.310   1.534   0.184  -0.143   0.000 +1E04AM000t
00027 LYS+1A0127_027 f 0.00  1.000     0 10.40  0  1 -11.137   0.699   4.245   0.106  -0.228   0.000 +1E07DM000t
00028 LYS+1A0127_028 f 0.00  1.000     0 10.40  0  1 -12.122   2.954   6.450   0.120  -0.198   0.000 +1E089M000t
00029 LYS+1A0127_029 f 0.00  1.000     0 10.40  0  1 -11.093   0.646   4.245   0.043  -0.199   0.000 +1E098M000t
00030 LYS+1A0127_030 f 0.00  1.000     0 10.40  0  1 -10.230   1.201   7.037   0.050  -0.181   0.000 +1E0BDM000t
00031 LYS+1A0127_031 f 0.00  1.000     0 10.40  0  1  -9.741   0.653   1.495   0.058   0.075   0.000 +1E131M000t
00032 LYS+1A0127_032 f 0.00  1.000     0 10.40  0  1  -9.234   0.266   1.493   0.274   0.463   0.000 +1E134M000t
00033 LYS+1A0127_033 f 0.00  1.000     0 10.40  0  1  -9.839   0.419   4.310  -0.027  -0.123   0.000 +1E14CM000t
00034 LYS+1A0127_034 f 0.00  1.000     0 10.40  0  1  -9.006   0.641   2.082   0.020  -0.206   0.000 +1T04EM000t
00035 LYS+1A0127_035 f 0.00  1.000     0 10.40  0  1 -10.607   0.709   1.424   0.102   0.063   0.000 +1T08FM000t
00036 LYS+1A0127_036 f 0.00  1.000     0 10.40  0  1 -10.694   2.880   4.244  -0.051  -0.234   0.000 +1T0A1M000t
00037 LYS+1A0127_037 f 0.00  1.000     0 10.40  0  1 -10.104   3.029   4.231  -0.024  -0.489   0.000 +1T0E2M000t
00038 LYS+1A0127_038 f 0.00  1.000     0 10.40  0  1 -10.902   2.294   4.290   0.123  -0.420   0.000 +1T0FBM000t
00039 LYS+1A0127_039 f 0.00  1.000     0 10.40  0  1  -8.120   0.530   4.876   0.168  -0.103   0.000 +1T0FFM000t
00040 LYS+1A0127_040 f 0.00  1.000     0 10.40  0  1 -10.385   2.041   7.092   0.063  -0.123   0.000 +1T10AM000t
