   confID        vdw0    sas     sum
LYS01A0127_001   0.502 -12.823 -12.321
LYS01A0127_002   1.113 -12.711 -11.598
LYS01A0127_003   3.864 -12.772  -8.908
LYS01A0127_004   1.414 -12.727 -11.313
LYS01A0127_005   3.846 -12.807  -8.961
LYS01A0127_006   2.124 -13.042 -10.918
LYS01A0127_007   3.121 -12.253  -9.132
LYS01A0127_008   1.689 -12.385 -10.696
LYS01A0127_009   1.369 -13.142 -11.772
LYS01A0127_010   1.641 -12.659 -11.018
LYS01A0127_011   0.886 -12.956 -12.069
LYS01A0127_012   1.904 -12.454 -10.550
LYS01A0127_013   1.637 -12.679 -11.042
LYS01A0127_014   1.636 -12.322 -10.685
LYS01A0127_015   2.263 -12.383 -10.120
LYS01A0127_016   2.340 -12.318  -9.978
LYS01A0127_017   4.633 -12.644  -8.011
LYS01A0127_018   2.399 -12.688 -10.290
LYS01A0127_019   2.817 -12.467  -9.650
LYS01A0127_020   2.719 -12.454  -9.735
LYS+1A0127_021   0.457 -12.823 -12.367
LYS+1A0127_022   1.066 -12.778 -11.713
LYS+1A0127_023   1.630 -12.385 -10.756
LYS+1A0127_024   3.828 -12.772  -8.944
LYS+1A0127_025   1.340 -12.778 -11.439
LYS+1A0127_026   1.317 -13.193 -11.877
LYS+1A0127_027   1.590 -12.727 -11.137
LYS+1A0127_028   0.834 -12.956 -12.122
LYS+1A0127_029   1.586 -12.679 -11.093
LYS+1A0127_030   2.204 -12.434 -10.230
LYS+1A0127_031   2.726 -12.467  -9.741
LYS+1A0127_032   3.019 -12.253  -9.234
LYS+1A0127_033   2.667 -12.506  -9.839
LYS+1A0127_034   3.801 -12.807  -9.006
LYS+1A0127_035   1.847 -12.454 -10.607
LYS+1A0127_036   1.589 -12.283 -10.694
LYS+1A0127_037   2.282 -12.386 -10.104
LYS+1A0127_038   2.072 -12.975 -10.902
LYS+1A0127_039   4.592 -12.712  -8.120
LYS+1A0127_040   2.342 -12.727 -10.385
