iConf CONFORMER     FL  occ    crg   Em0  pKa0 ne nH    vdw0    vdw1    tors    epol   dsolv   extra    history
00001 LYS01A0053_001 f 0.00  0.000     0  0.00  0  0 -11.965   0.361   0.863  -0.013   0.014   0.000 01O000M000t
00002 LYS01A0053_002 f 0.00  0.000     0  0.00  0  0  -9.936   0.271   0.890  -0.016  -0.135   0.000 01E013M000t
00003 LYS01A0053_003 f 0.00  0.000     0  0.00  0  0 -10.274   1.805   4.287  -0.008   0.002   0.000 01E044M000t
00004 LYS01A0053_004 f 0.00  0.000     0  0.00  0  0  -9.551   4.479   1.538  -0.005   0.020   0.000 01E056M000t
00005 LYS01A0053_005 f 0.00  0.000     0  0.00  0  0  -9.332   0.685   3.695  -0.004   0.031   0.000 01E0C6M000t
00006 LYS01A0053_006 f 0.00  0.000     0  0.00  0  0  -9.858   0.780   4.222  -0.010  -0.011   0.000 01E0CFM000t
00007 LYS01A0053_007 f 0.00  0.000     0  0.00  0  0  -7.586   1.379   4.827  -0.013   0.218   0.000 01E129M000t
00008 LYS01A0053_008 f 0.00  0.000     0  0.00  0  0  -6.735   2.183   2.102  -0.003   0.065   0.000 01E163M000t
00009 LYS01A0053_009 f 0.00  0.000     0  0.00  0  0 -10.647   0.765   0.950  -0.015  -0.049   0.000 01T01EM000t
00010 LYS01A0053_010 f 0.00  0.000     0  0.00  0  0 -10.192   0.380   1.569  -0.018  -0.141   0.000 01T02FM000t
00011 LYS01A0053_011 f 0.00  0.000     0  0.00  0  0 -11.740   1.133   6.296  -0.008   0.038   0.000 01T05EM000t
00012 LYS01A0053_012 f 0.00  0.000     0  0.00  0  0 -11.172   5.168   3.496  -0.037  -0.117   0.000 01T06FM000t
00013 LYS01A0053_013 f 0.00  0.000     0  0.00  0  0 -10.746   1.875   6.988  -0.013  -0.009   0.000 01T08FM000t
00014 LYS01A0053_014 f 0.00  0.000     0  0.00  0  0  -9.837   0.612   1.488  -0.031   0.175   0.000 01T0C4M000t
00015 LYS01A0053_015 f 0.00  0.000     0  0.00  0  0 -10.222   0.754   3.745  -0.012   0.027   0.000 01T0CBM000t
00016 LYS01A0053_016 f 0.00  0.000     0  0.00  0  0  -7.934   0.491   4.941  -0.035   0.142   0.000 01T100M000t
00017 LYS01A0053_017 f 0.00  0.000     0  0.00  0  0  -7.680   0.702   2.114  -0.021  -0.004   0.000 01T109M000t
00018 LYS01A0053_018 f 0.00  0.000     0  0.00  0  0  -9.216   1.409   7.025  -0.101  -0.137   0.000 01T10EM000t
00019 LYS01A0053_019 f 0.00  0.000     0  0.00  0  0  -8.516   2.206   1.476  -0.010   0.127   0.000 01T158M000t
00020 LYS01A0053_020 f 0.00  0.000     0  0.00  0  0  -9.303   2.228   4.267  -0.010   0.121   0.000 01T159M000t
00021 LYS+1A0053_021 f 0.00  1.000     0 10.40  0  1 -12.010   0.360   0.863   0.051  -0.278   0.000 +1O000M000t
00022 LYS+1A0053_022 f 0.00  1.000     0 10.40  0  1 -10.015   0.269   0.891   0.074  -0.335   0.000 +1E013M000t
00023 LYS+1A0053_023 f 0.00  1.000     0 10.40  0  1 -10.204   0.399   1.564   0.076   0.006   0.000 +1E02FM000t
00024 LYS+1A0053_024 f 0.00  1.000     0 10.40  0  1 -11.793   1.134   6.297   0.061  -0.506   0.000 +1E05EM000t
00025 LYS+1A0053_025 f 0.00  1.000     0 10.40  0  1 -11.236   5.177   3.497  -0.040  -0.064   0.000 +1E06FM000t
00026 LYS+1A0053_026 f 0.00  1.000     0 10.40  0  1  -9.370   0.692   3.695   0.023  -0.129   0.000 +1E0C6M000t
00027 LYS+1A0053_027 f 0.00  1.000     0 10.40  0  1 -10.293   0.762   3.752   0.072  -0.197   0.000 +1E0CBM000t
00028 LYS+1A0053_028 f 0.00  1.000     0 10.40  0  1  -8.007   0.482   4.941   0.183  -0.073   0.000 +1E100M000t
00029 LYS+1A0053_029 f 0.00  1.000     0 10.40  0  1  -7.775   0.698   2.115   0.077  -0.222   0.000 +1E109M000t
00030 LYS+1A0053_030 f 0.00  1.000     0 10.40  0  1  -9.308   1.404   7.032   0.264   0.191   0.000 +1E10EM000t
00031 LYS+1A0053_031 f 0.00  1.000     0 10.40  0  1  -7.667   1.334   4.828   0.319   0.653   0.000 +1E129M000t
00032 LYS+1A0053_032 f 0.00  1.000     0 10.40  0  1  -9.314   2.255   4.273   0.081  -0.048   0.000 +1E159M000t
00033 LYS+1A0053_033 f 0.00  1.000     0 10.40  0  1 -10.702   0.767   0.951   0.057  -0.232   0.000 +1T01EM000t
00034 LYS+1A0053_034 f 0.00  1.000     0 10.40  0  1 -10.317   1.810   4.290   0.061  -0.223   0.000 +1T044M000t
00035 LYS+1A0053_035 f 0.00  1.000     0 10.40  0  1  -9.652   4.630   1.540   0.043  -0.244   0.000 +1T056M000t
00036 LYS+1A0053_036 f 0.00  1.000     0 10.40  0  1 -10.804   1.884   6.990   0.089  -0.415   0.000 +1T08FM000t
00037 LYS+1A0053_037 f 0.00  1.000     0 10.40  0  1 -10.176   0.603   1.490   0.016  -0.051   0.000 +1T0C4M000t
00038 LYS+1A0053_038 f 0.00  1.000     0 10.40  0  1  -9.902   0.779   4.222   0.051  -0.208   0.000 +1T0CFM000t
00039 LYS+1A0053_039 f 0.00  1.000     0 10.40  0  1  -8.534   2.222   1.478   0.053   0.184   0.000 +1T158M000t
00040 LYS+1A0053_040 f 0.00  1.000     0 10.40  0  1  -6.788   2.184   2.101   0.037   0.098   0.000 +1T163M000t
