CONFORMER         crg  vdw0  vdw1  tors  epol  self   occ  Hb     history    ASA
ARG01A0283_001  0.000-14.22  1.12  5.45  0.00 -7.65 0.500  00  01O000M000  1.000
ARG01A0283_002  0.000-13.78  0.32  3.45  0.00-10.02 0.501  00  01E017M000  1.000
ARG01A0283_003  0.000-14.19  3.64  5.57  0.00 -4.98 0.501  00  01E06FM000  1.000
ARG01A0283_004  0.000-13.95  0.28  3.47  0.00-10.20 0.501  00  01E0B3M000  1.000
ARG01A0283_005  0.000-14.13  3.81  5.13  0.00 -5.19 0.501  00  01E0EAM000  1.000
ARG01A0283_006  0.000-14.97  4.49  3.53  0.00 -6.96 0.501  00  01E0FFM000  1.000
ARG01A0283_007  0.000-14.32  0.43  2.64  0.00-11.25 0.501  00  01E174M000  1.000
ARG01A0283_008  0.000-13.44  3.07  5.59  0.00 -4.79 0.501  00  01E1A3M000  1.000
ARG01A0283_009  0.000-13.65  5.14  4.97  0.00 -3.53 0.501  00  01E1EFM000  1.000
ARG01A0283_010  0.000-14.36  4.96  3.11  0.00 -6.29 0.500  00  01T009M000  1.000
ARG01A0283_011  0.000-13.59  0.20  1.53  0.00-11.85 0.501  00  01T01BM000  1.000
ARG01A0283_012  0.000-14.07  2.85  3.26  0.00 -7.96 0.501  00  01T044M000  1.000
ARG01A0283_013  0.000-13.14  0.37  3.66  0.00 -9.10 0.501  00  01T05CM000  1.000
ARG01A0283_014  0.000-12.20  0.09  3.47  0.00 -8.65 0.501  00  01T069M000  1.000
ARG01A0283_015  0.000-14.87  1.19  5.20  0.00 -8.48 0.501  00  01T081M000  1.000
ARG01A0283_016  0.000-13.83  0.19  1.62  0.00-12.02 0.501  00  01T0CFM000  1.000
ARG01A0283_017  0.000-14.32  0.73  5.23  0.00 -8.36 0.501  00  01T103M000  1.000
ARG01A0283_018  0.000-14.65  2.89  3.57  0.00 -8.19 0.501  00  01T1A5M000  1.000
ARG01A0283_019  0.000-14.39  2.95  4.42  0.00 -7.02 0.501  00  01T1A7M000  1.000
ARG01A0283_020  0.000-14.86  5.00  4.81  0.00 -5.05 0.501  00  01T1F2M000  1.000
ARG02A0283_021  0.000-14.23  1.11  5.45  0.00 -7.67 0.500  00  02O000M000  1.000
ARG02A0283_022  0.000-15.14  4.44  3.51  0.00 -7.19 0.501  00  02E0FFM000  1.000
ARG02A0283_023  0.000-14.32  0.79  4.95  0.00 -8.58 0.501  00  02E103M000  1.000
ARG02A0283_024  0.000-14.80  1.06  3.54  0.00-10.21 0.501  00  02T081M000  1.000
ARG02A0283_025  0.000-14.31  3.28  3.43  0.00 -7.60 0.501  00  02T1A7M000  1.000
ARG02A0283_026  0.000-13.70  0.20  1.48  0.00-12.02 0.501  00  02T01BM000  1.000
ARG02A0283_027  0.000-14.21  3.55  4.79  0.00 -5.86 0.501  00  02T0EAM000  1.000
ARG02A0283_028  0.000-13.80  4.00  4.74  0.00 -5.06 0.501  00  02T1EFM000  1.000
ARG02A0283_029  0.000-14.13  0.30  3.34  0.00-10.49 0.501  00  02T017M000  1.000
ARG02A0283_030  0.000-13.88  2.76  3.24  0.00 -7.89 0.501  00  02T044M000  1.000
ARG02A0283_031  0.000-12.33  0.09  3.43  0.00 -8.81 0.501  00  02T069M000  1.000
ARG02A0283_032  0.000-13.78  4.92  5.24  0.00 -3.62 0.501  00  02T06FM000  1.000
ARG02A0283_033  0.000-14.65  0.49  1.62  0.00-12.54 0.501  00  02T174M000  1.000
ARG02A0283_034  0.000-14.02  5.00  3.03  0.00 -5.99 0.500  00  02T009M000  1.000
ARG02A0283_035  0.000-13.28  0.40  3.66  0.00 -9.22 0.501  00  02T05CM000  1.000
ARG02A0283_036  0.000-14.05  0.26  3.35  0.00-10.44 0.501  00  02T0B3M000  1.000
ARG02A0283_037  0.000-13.93  0.23  1.59  0.00-12.12 0.501  00  02T0CFM000  1.000
ARG02A0283_038  0.000-13.15  3.07  5.46  0.00 -4.62 0.501  00  02T1A3M000  1.000
ARG02A0283_039  0.000-14.55  2.92  3.55  0.00 -8.08 0.501  00  02T1A5M000  1.000
ARG02A0283_040  0.000-14.68  4.35  4.71  0.00 -5.62 0.501  00  02T1F2M000  1.000
ARG03A0283_041  0.000-14.24  1.11  5.45  0.00 -7.68 0.500  00  03O000M000  1.000
ARG03A0283_042  0.000-14.22  4.82  3.04  0.00 -6.35 0.500  00  03E009M000  1.000
ARG03A0283_043  0.000-13.42  0.39  3.64  0.00 -9.39 0.501  00  03E05CM000  1.000
ARG03A0283_044  0.000-13.70  0.18  1.49  0.00-12.02 0.501  00  03E01BM000  1.000
ARG03A0283_045  0.000-13.78  4.89  5.22  0.00 -3.68 0.501  00  03E06FM000  1.000
ARG03A0283_046  0.000-14.23  3.24  3.40  0.00 -7.59 0.501  00  03E1A7M000  1.000
ARG03A0283_047  0.000-14.68  4.39  4.72  0.00 -5.57 0.501  00  03E1F2M000  1.000
ARG03A0283_048  0.000-14.47  2.85  3.55  0.00 -8.07 0.501  00  03T1A5M000  1.000
ARG03A0283_049  0.000-13.80  3.90  4.74  0.00 -5.16 0.501  00  03T1EFM000  1.000
ARG03A0283_050  0.000-13.96  2.80  3.25  0.00 -7.92 0.501  00  03T044M000  1.000
ARG03A0283_051  0.000-14.66  1.05  3.36  0.00-10.25 0.501  00  03T081M000  1.000
ARG03A0283_052  0.000-13.15  3.08  5.44  0.00 -4.62 0.501  00  03T1A3M000  1.000
ARG03A0283_053  0.000-14.12  0.29  3.34  0.00-10.49 0.501  00  03T017M000  1.000
ARG03A0283_054  0.000-12.14  0.07  3.45  0.00 -8.62 0.501  00  03T069M000  1.000
ARG03A0283_055  0.000-14.17  0.25  3.34  0.00-10.58 0.501  00  03T0B3M000  1.000
ARG03A0283_056  0.000-13.86  0.22  1.59  0.00-12.05 0.501  00  03T0CFM000  1.000
ARG03A0283_057  0.000-14.06  3.67  4.82  0.00 -5.57 0.501  00  03T0EAM000  1.000
ARG03A0283_058  0.000-15.07  4.31  3.53  0.00 -7.24 0.501  00  03T0FFM000  1.000
ARG03A0283_059  0.000-14.31  0.73  4.96  0.00 -8.62 0.501  00  03T103M000  1.000
ARG03A0283_060  0.000-14.65  0.49  1.58  0.00-12.57 0.501  00  03T174M000  1.000
ARG+1A0283_061  1.000-14.28  1.11  5.45  0.00 -7.72 0.500  00  +1O000M000  1.000
ARG+1A0283_062  1.000-14.03  0.29  3.36  0.00-10.38 0.501  00  +1E017M000  1.000
ARG+1A0283_063  1.000-13.74  0.18  1.49  0.00-12.06 0.501  00  +1E01BM000  1.000
ARG+1A0283_064  1.000-13.41  0.39  3.67  0.00 -9.34 0.501  00  +1E05CM000  1.000
ARG+1A0283_065  1.000-14.09  0.25  3.35  0.00-10.49 0.501  00  +1E0B3M000  1.000
ARG+1A0283_066  1.000-14.08  0.22  1.60  0.00-12.27 0.501  00  +1E0CFM000  1.000
ARG+1A0283_067  1.000-14.17  3.66  4.83  0.00 -5.68 0.501  00  +1E0EAM000  1.000
ARG+1A0283_068  1.000-15.07  4.52  3.51  0.00 -7.04 0.501  00  +1E0FFM000  1.000
ARG+1A0283_069  1.000-14.35  0.73  4.98  0.00 -8.65 0.501  00  +1E103M000  1.000
ARG+1A0283_070  1.000-13.25  3.08  5.46  0.00 -4.70 0.501  00  +1E1A3M000  1.000
ARG+1A0283_071  1.000-14.71  2.87  3.57  0.00 -8.27 0.501  00  +1E1A5M000  1.000
ARG+1A0283_072  1.000-14.31  3.28  3.45  0.00 -7.59 0.501  00  +1E1A7M000  1.000
ARG+1A0283_073  1.000-13.78  4.03  4.77  0.00 -4.98 0.501  00  +1E1EFM000  1.000
ARG+1A0283_074  1.000-14.12  4.93  3.05  0.00 -6.14 0.500  00  +1T009M000  1.000
ARG+1A0283_075  1.000-14.06  2.79  3.25  0.00 -8.02 0.501  00  +1T044M000  1.000
ARG+1A0283_076  1.000-12.29  0.07  3.45  0.00 -8.76 0.501  00  +1T069M000  1.000
ARG+1A0283_077  1.000-13.87  4.91  5.24  0.00 -3.71 0.501  00  +1T06FM000  1.000
ARG+1A0283_078  1.000-14.74  1.06  3.58  0.00-10.10 0.501  00  +1T081M000  1.000
ARG+1A0283_079  1.000-14.74  0.49  1.63  0.00-12.62 0.501  00  +1T174M000  1.000
ARG+1A0283_080  1.000-14.77  4.46  4.73  0.00 -5.58 0.501  00  +1T1F2M000  1.000
