iConf CONFORMER     FL  occ    crg   Em0  pKa0 ne nH    vdw0    vdw1    tors    epol   dsolv   extra    history
00001 ARG01A0283_001 f 0.00  0.000     0  0.00  0  0 -14.215   1.119   5.447   0.061  -0.091   0.000 01O000M000t
00002 ARG01A0283_002 f 0.00  0.000     0  0.00  0  0 -13.833   0.317   3.456  -0.002  -0.142   0.000 01E017M000t
00003 ARG01A0283_003 f 0.00  0.000     0  0.00  0  0 -14.190   3.644   5.564   0.165  -0.147   0.000 01E06FM000t
00004 ARG01A0283_004 f 0.00  0.000     0  0.00  0  0 -13.881   0.280   3.461   0.005  -0.064   0.000 01E0B3M000t
00005 ARG01A0283_005 f 0.00  0.000     0  0.00  0  0 -14.126   3.802   5.136   0.049  -0.018   0.000 01E0EAM000t
00006 ARG01A0283_006 f 0.00  0.000     0  0.00  0  0 -14.973   4.497   3.529   0.639  -0.096   0.000 01E0FFM000t
00007 ARG01A0283_007 f 0.00  0.000     0  0.00  0  0 -14.321   0.430   2.660   0.083  -0.247   0.000 01E174M000t
00008 ARG01A0283_008 f 0.00  0.000     0  0.00  0  0 -13.448   3.067   5.593   0.114  -0.354   0.000 01E1A3M000t
00009 ARG01A0283_009 f 0.00  0.000     0  0.00  0  0 -13.646   5.154   4.969   0.086  -0.191   0.000 01E1EFM000t
00010 ARG01A0283_010 f 0.00  0.000     0  0.00  0  0 -14.360   4.970   3.111   0.206   0.023   0.000 01T009M000t
00011 ARG01A0283_011 f 0.00  0.000     0  0.00  0  0 -13.654   0.207   1.535  -0.011   0.059   0.000 01T01BM000t
00012 ARG01A0283_012 f 0.00  0.000     0  0.00  0  0 -14.070   2.849   3.260   0.077  -0.224   0.000 01T044M000t
00013 ARG01A0283_013 f 0.00  0.000     0  0.00  0  0 -13.134   0.375   3.660   0.058   0.029   0.000 01T05CM000t
00014 ARG01A0283_014 f 0.00  0.000     0  0.00  0  0 -12.211   0.089   3.473   0.068   0.181   0.000 01T069M000t
00015 ARG01A0283_015 f 0.00  0.000     0  0.00  0  0 -14.866   1.192   5.181  -0.002  -0.059   0.000 01T081M000t
00016 ARG01A0283_016 f 0.00  0.000     0  0.00  0  0 -13.896   0.185   1.623  -0.006  -0.124   0.000 01T0CFM000t
00017 ARG01A0283_017 f 0.00  0.000     0  0.00  0  0 -14.322   0.738   5.231  -0.104   0.068   0.000 01T103M000t
00018 ARG01A0283_018 f 0.00  0.000     0  0.00  0  0 -14.650   2.888   3.568  -0.061   0.006   0.000 01T1A5M000t
00019 ARG01A0283_019 f 0.00  0.000     0  0.00  0  0 -14.391   2.957   4.414   0.094  -0.130   0.000 01T1A7M000t
00020 ARG01A0283_020 f 0.00  0.000     0  0.00  0  0 -14.859   5.011   4.808   0.117  -0.248   0.000 01T1F2M000t
00021 ARG02A0283_021 f 0.00  0.000     0  0.00  0  0 -14.233   1.116   5.447   0.054   0.974   0.000 02O000M000t
00022 ARG02A0283_022 f 0.00  0.000     0  0.00  0  0 -15.142   4.436   3.513  -0.154   1.199   0.000 02E0FFM000t
00023 ARG02A0283_023 f 0.00  0.000     0  0.00  0  0 -14.321   0.790   4.952  -0.106   1.268   0.000 02E103M000t
00024 ARG02A0283_024 f 0.00  0.000     0  0.00  0  0 -14.806   1.057   3.541   0.023   0.826   0.000 02T081M000t
00025 ARG02A0283_025 f 0.00  0.000     0  0.00  0  0 -14.245   3.277   3.435   0.139   0.745   0.000 02T1A7M000t
00026 ARG02A0283_026 f 0.00  0.000     0  0.00  0  0 -13.705   0.200   1.481   0.027   1.149   0.000 02T01BM000t
00027 ARG02A0283_027 f 0.00  0.000     0  0.00  0  0 -14.208   3.549   4.796   0.054   0.615   0.000 02T0EAM000t
00028 ARG02A0283_028 f 0.00  0.000     0  0.00  0  0 -13.800   4.020   4.737   0.095   0.822   0.000 02T1EFM000t
00029 ARG02A0283_029 f 0.00  0.000     0  0.00  0  0 -14.133   0.300   3.341   0.002   0.309   0.000 02T017M000t
00030 ARG02A0283_030 f 0.00  0.000     0  0.00  0  0 -13.928   2.753   3.233   0.019   0.448   0.000 02T044M000t
00031 ARG02A0283_031 f 0.00  0.000     0  0.00  0  0 -12.334   0.091   3.427   0.009   0.770   0.000 02T069M000t
00032 ARG02A0283_032 f 0.00  0.000     0  0.00  0  0 -13.780   4.919   5.240   0.142   0.268   0.000 02T06FM000t
00033 ARG02A0283_033 f 0.00  0.000     0  0.00  0  0 -14.652   0.497   1.617   0.118   0.629   0.000 02T174M000t
00034 ARG02A0283_034 f 0.00  0.000     0  0.00  0  0 -14.015   4.996   3.024   0.198   0.669   0.000 02T009M000t
00035 ARG02A0283_035 f 0.00  0.000     0  0.00  0  0 -13.278   0.403   3.659   0.036   0.742   0.000 02T05CM000t
00036 ARG02A0283_036 f 0.00  0.000     0  0.00  0  0 -13.994   0.257   3.347  -0.005   0.796   0.000 02T0B3M000t
00037 ARG02A0283_037 f 0.00  0.000     0  0.00  0  0 -13.930   0.226   1.590   0.045   0.387   0.000 02T0CFM000t
00038 ARG02A0283_038 f 0.00  0.000     0  0.00  0  0 -13.151   3.072   5.455   0.137   0.334   0.000 02T1A3M000t
00039 ARG02A0283_039 f 0.00  0.000     0  0.00  0  0 -14.549   2.922   3.551   0.140   0.674   0.000 02T1A5M000t
00040 ARG02A0283_040 f 0.00  0.000     0  0.00  0  0 -14.686   4.362   4.715   0.067   0.276   0.000 02T1F2M000t
00041 ARG03A0283_041 f 0.00  0.000     0  0.00  0  0 -14.238   1.116   5.447   0.060   0.720   0.000 03O000M000t
00042 ARG03A0283_042 f 0.00  0.000     0  0.00  0  0 -14.216   4.819   3.036   0.206   1.001   0.000 03E009M000t
00043 ARG03A0283_043 f 0.00  0.000     0  0.00  0  0 -13.421   0.389   3.643   0.055   0.966   0.000 03E05CM000t
00044 ARG03A0283_044 f 0.00  0.000     0  0.00  0  0 -13.697   0.184   1.489   0.009   1.010   0.000 03E01BM000t
00045 ARG03A0283_045 f 0.00  0.000     0  0.00  0  0 -13.837   4.888   5.220   0.160   0.475   0.000 03E06FM000t
00046 ARG03A0283_046 f 0.00  0.000     0  0.00  0  0 -14.228   3.232   3.402   0.134   0.746   0.000 03E1A7M000t
00047 ARG03A0283_047 f 0.00  0.000     0  0.00  0  0 -14.679   4.408   4.723   0.100   0.777   0.000 03E1F2M000t
00048 ARG03A0283_048 f 0.00  0.000     0  0.00  0  0 -14.472   2.853   3.549  -0.035   1.069   0.000 03T1A5M000t
00049 ARG03A0283_049 f 0.00  0.000     0  0.00  0  0 -13.796   3.903   4.743   0.096   0.554   0.000 03T1EFM000t
00050 ARG03A0283_050 f 0.00  0.000     0  0.00  0  0 -13.963   2.800   3.251   0.068   0.879   0.000 03T044M000t
00051 ARG03A0283_051 f 0.00  0.000     0  0.00  0  0 -14.665   1.051   3.361   0.025   0.772   0.000 03T081M000t
00052 ARG03A0283_052 f 0.00  0.000     0  0.00  0  0 -13.148   3.078   5.445   0.109   0.700   0.000 03T1A3M000t
00053 ARG03A0283_053 f 0.00  0.000     0  0.00  0  0 -14.123   0.290   3.345   0.000   0.698   0.000 03T017M000t
00054 ARG03A0283_054 f 0.00  0.000     0  0.00  0  0 -12.148   0.076   3.446   0.066   0.853   0.000 03T069M000t
00055 ARG03A0283_055 f 0.00  0.000     0  0.00  0  0 -14.166   0.250   3.340   0.005   0.789   0.000 03T0B3M000t
00056 ARG03A0283_056 f 0.00  0.000     0  0.00  0  0 -13.860   0.225   1.588   0.037   0.575   0.000 03T0CFM000t
00057 ARG03A0283_057 f 0.00  0.000     0  0.00  0  0 -14.062   3.673   4.818   0.035   0.617   0.000 03T0EAM000t
00058 ARG03A0283_058 f 0.00  0.000     0  0.00  0  0 -15.069   4.308   3.532  -0.021   1.030   0.000 03T0FFM000t
00059 ARG03A0283_059 f 0.00  0.000     0  0.00  0  0 -14.311   0.733   4.961  -0.187   0.836   0.000 03T103M000t
00060 ARG03A0283_060 f 0.00  0.000     0  0.00  0  0 -14.648   0.497   1.582   0.109   0.551   0.000 03T174M000t
00061 ARG+1A0283_061 f 0.00  1.000     0 12.50  0  1 -14.277   1.116   5.447   0.150  -0.184   0.000 +1O000M000t
00062 ARG+1A0283_062 f 0.00  1.000     0 12.50  0  1 -14.034   0.290   3.362   0.103  -0.233   0.000 +1E017M000t
00063 ARG+1A0283_063 f 0.00  1.000     0 12.50  0  1 -13.740   0.188   1.496   0.197  -0.188   0.000 +1E01BM000t
00064 ARG+1A0283_064 f 0.00  1.000     0 12.50  0  1 -13.402   0.397   3.667   0.145  -0.046   0.000 +1E05CM000t
00065 ARG+1A0283_065 f 0.00  1.000     0 12.50  0  1 -14.094   0.252   3.352   0.116  -0.127   0.000 +1E0B3M000t
00066 ARG+1A0283_066 f 0.00  1.000     0 12.50  0  1 -14.126   0.219   1.599   0.216  -0.170   0.000 +1E0CFM000t
00067 ARG+1A0283_067 f 0.00  1.000     0 12.50  0  1 -14.169   3.664   4.839   0.371  -0.281   0.000 +1E0EAM000t
00068 ARG+1A0283_068 f 0.00  1.000     0 12.50  0  1 -15.065   4.530   3.504  -1.043   0.227   0.000 +1E0FFM000t
00069 ARG+1A0283_069 f 0.00  1.000     0 12.50  0  1 -14.356   0.738   4.977  -0.307   0.019   0.000 +1E103M000t
00070 ARG+1A0283_070 f 0.00  1.000     0 12.50  0  1 -13.247   3.084   5.458   0.233  -0.360   0.000 +1E1A3M000t
00071 ARG+1A0283_071 f 0.00  1.000     0 12.50  0  1 -14.710   2.870   3.564   0.011   0.238   0.000 +1E1A5M000t
00072 ARG+1A0283_072 f 0.00  1.000     0 12.50  0  1 -14.313   3.279   3.444   0.253  -0.046   0.000 +1E1A7M000t
00073 ARG+1A0283_073 f 0.00  1.000     0 12.50  0  1 -13.784   4.040   4.768   0.175  -0.208   0.000 +1E1EFM000t
00074 ARG+1A0283_074 f 0.00  1.000     0 12.50  0  1 -14.121   4.928   3.042   0.467   0.028   0.000 +1T009M000t
00075 ARG+1A0283_075 f 0.00  1.000     0 12.50  0  1 -14.057   2.795   3.255   0.167  -0.522   0.000 +1T044M000t
00076 ARG+1A0283_076 f 0.00  1.000     0 12.50  0  1 -12.296   0.076   3.452   0.187   0.144   0.000 +1T069M000t
00077 ARG+1A0283_077 f 0.00  1.000     0 12.50  0  1 -13.921   4.914   5.244   0.344  -0.449   0.000 +1T06FM000t
00078 ARG+1A0283_078 f 0.00  1.000     0 12.50  0  1 -14.744   1.063   3.579   0.124  -0.198   0.000 +1T081M000t
00079 ARG+1A0283_079 f 0.00  1.000     0 12.50  0  1 -14.738   0.499   1.626   0.283  -0.056   0.000 +1T174M000t
00080 ARG+1A0283_080 f 0.00  1.000     0 12.50  0  1 -14.770   4.473   4.733   0.205  -0.133   0.000 +1T1F2M000t
