   confID        vdw0    sas     sum
ARG01A0283_001   0.496 -14.711 -14.215
ARG01A0283_002   0.421 -14.254 -13.833
ARG01A0283_003   0.660 -14.850 -14.190
ARG01A0283_004   0.582 -14.463 -13.881
ARG01A0283_005   0.657 -14.784 -14.126
ARG01A0283_006   0.274 -15.247 -14.973
ARG01A0283_007   0.547 -14.868 -14.321
ARG01A0283_008   1.237 -14.685 -13.448
ARG01A0283_009   1.059 -14.706 -13.646
ARG01A0283_010   0.294 -14.654 -14.360
ARG01A0283_011   0.629 -14.284 -13.654
ARG01A0283_012   0.302 -14.371 -14.070
ARG01A0283_013   1.020 -14.155 -13.134
ARG01A0283_014   2.082 -14.293 -12.211
ARG01A0283_015   0.192 -15.058 -14.866
ARG01A0283_016   1.169 -15.065 -13.896
ARG01A0283_017   0.694 -15.017 -14.322
ARG01A0283_018   0.589 -15.238 -14.650
ARG01A0283_019   0.527 -14.918 -14.391
ARG01A0283_020   0.580 -15.439 -14.859
ARG02A0283_021   0.478 -14.711 -14.233
ARG02A0283_022   0.221 -15.363 -15.142
ARG02A0283_023   0.710 -15.031 -14.321
ARG02A0283_024   0.264 -15.070 -14.806
ARG02A0283_025   0.599 -14.845 -14.245
ARG02A0283_026   0.582 -14.287 -13.705
ARG02A0283_027   0.660 -14.868 -14.208
ARG02A0283_028   0.828 -14.629 -13.800
ARG02A0283_029   0.481 -14.614 -14.133
ARG02A0283_030   0.411 -14.339 -13.928
ARG02A0283_031   1.886 -14.219 -12.334
ARG02A0283_032   0.775 -14.554 -13.780
ARG02A0283_033   0.346 -14.997 -14.652
ARG02A0283_034   0.375 -14.390 -14.015
ARG02A0283_035   1.063 -14.341 -13.278
ARG02A0283_036   0.610 -14.605 -13.994
ARG02A0283_037   1.071 -15.001 -13.930
ARG02A0283_038   1.386 -14.536 -13.151
ARG02A0283_039   0.625 -15.174 -14.549
ARG02A0283_040   0.602 -15.289 -14.686
ARG03A0283_041   0.473 -14.711 -14.238
ARG03A0283_042   0.306 -14.522 -14.216
ARG03A0283_043   0.968 -14.389 -13.421
ARG03A0283_044   0.590 -14.287 -13.697
ARG03A0283_045   0.721 -14.558 -13.837
ARG03A0283_046   0.601 -14.829 -14.228
ARG03A0283_047   0.558 -15.237 -14.679
ARG03A0283_048   0.570 -15.042 -14.472
ARG03A0283_049   0.764 -14.561 -13.796
ARG03A0283_050   0.328 -14.291 -13.963
ARG03A0283_051   0.248 -14.913 -14.665
ARG03A0283_052   1.324 -14.472 -13.148
ARG03A0283_053   0.423 -14.546 -14.123
ARG03A0283_054   2.132 -14.280 -12.148
ARG03A0283_055   0.554 -14.720 -14.166
ARG03A0283_056   1.026 -14.885 -13.860
ARG03A0283_057   0.674 -14.736 -14.062
ARG03A0283_058   0.226 -15.295 -15.069
ARG03A0283_059   0.720 -15.031 -14.311
ARG03A0283_060   0.298 -14.946 -14.648
ARG+1A0283_061   0.435 -14.711 -14.277
ARG+1A0283_062   0.384 -14.418 -14.034
ARG+1A0283_063   0.547 -14.287 -13.740
ARG+1A0283_064   0.939 -14.341 -13.402
ARG+1A0283_065   0.510 -14.605 -14.094
ARG+1A0283_066   0.991 -15.117 -14.126
ARG+1A0283_067   0.631 -14.800 -14.169
ARG+1A0283_068   0.179 -15.244 -15.065
ARG+1A0283_069   0.675 -15.031 -14.356
ARG+1A0283_070   1.290 -14.536 -13.247
ARG+1A0283_071   0.529 -15.238 -14.710
ARG+1A0283_072   0.563 -14.877 -14.313
ARG+1A0283_073   0.729 -14.513 -13.784
ARG+1A0283_074   0.269 -14.390 -14.121
ARG+1A0283_075   0.282 -14.339 -14.057
ARG+1A0283_076   2.049 -14.345 -12.296
ARG+1A0283_077   0.684 -14.606 -13.921
ARG+1A0283_078   0.230 -14.974 -14.744
ARG+1A0283_079   0.260 -14.997 -14.738
ARG+1A0283_080   0.519 -15.289 -14.770
