iConf CONFORMER     FL  occ    crg   Em0  pKa0 ne nH    vdw0    vdw1    tors    epol   dsolv   extra    history
00001 TYR01A0146_001 f 0.00  0.000     0  0.00  0  0  -9.396   1.368   0.171   0.170   0.015   0.000 01O000M000t
00002 TYR01A0146_002 f 0.00  0.000     0  0.00  0  0  -8.951   6.366   2.613   0.256  -0.054   0.000 01E003M000t
00003 TYR01A0146_003 f 0.00  0.000     0  0.00  0  0  -8.985   5.160   2.601   0.195  -0.069   0.000 01T009M000t
00004 TYR01A0146_004 f 0.00  0.000     0  0.00  0  0  -8.838   4.550   2.614   0.191  -0.242   0.000 01T001M000t
00005 TYR01A0146_005 f 0.00  0.000     0  0.00  0  0  -9.665   5.487   0.106   0.274   0.010   0.000 01T006M000t
00006 TYR01A0146_006 f 0.00  0.000     0  0.00  0  0  -9.327   2.087   0.153   0.196  -0.138   0.000 01T00AM000t
00007 TYR01A0146_007 f 0.00  0.000     0  0.00  0  0 -10.025   7.466   0.092   0.263  -0.002   0.000 01T004M000t
00008 TYR01A0146_008 f 0.00  0.000     0  0.00  0  0  -9.368   5.385   2.603   0.203  -0.414   0.000 01T007M000t
00009 TYR01A0146_009 f 0.00  0.000     0  0.00  0  0  -9.329   3.542   0.149   0.163  -0.130   0.000 01T00BM000t
00010 TYR01A0146_010 f 0.00  0.000     0  0.00  0  0  -9.012   3.068   0.151   0.202   0.019   0.000 01T002M000t
00011 TYR01A0146_011 f 0.00  0.000     0  0.00  0  0  -9.539   1.312   0.160   0.173  -0.001   0.000 01T005M000t
00012 TYR01A0146_012 f 0.00  0.000     0  0.00  0  0  -8.679   4.637   2.614   0.194  -0.274   0.000 01T008M000t
00013 TYR01A0146_013 f 0.00  0.000     0  0.00  0  0  -9.297   1.878   0.153   0.170  -0.112   0.000 01T00CM000t
00014 TYR01A0146_014 f 0.00  0.000     0  0.00  0  0  -9.178   6.577   2.614   0.239  -0.089   0.000 01T00DM000t
00015 TYR-1A0146_015 f 0.00 -1.000     0 10.20  0 -1  -9.396   1.368   0.171   0.075  -1.004   0.000 -1O000M000t
00016 TYR-1A0146_016 f 0.00 -1.000     0 10.20  0 -1  -8.883   3.046   0.148   0.016  -1.107   0.000 -1E002M000t
00017 TYR-1A0146_017 f 0.00 -1.000     0 10.20  0 -1  -9.976   7.420   0.090   0.088  -0.962   0.000 -1E004M000t
00018 TYR-1A0146_018 f 0.00 -1.000     0 10.20  0 -1  -9.663   5.463   0.104   0.100  -1.001   0.000 -1E006M000t
00019 TYR-1A0146_019 f 0.00 -1.000     0 10.20  0 -1  -8.674   4.622   2.609   0.039  -1.168   0.000 -1E008M000t
00020 TYR-1A0146_020 f 0.00 -1.000     0 10.20  0 -1  -9.319   2.137   0.150   0.032  -0.890   0.000 -1E00AM000t
00021 TYR-1A0146_021 f 0.00 -1.000     0 10.20  0 -1  -9.366   3.440   0.144  -0.007  -0.892   0.000 -1E00BM000t
00022 TYR-1A0146_022 f 0.00 -1.000     0 10.20  0 -1  -9.146   6.561   2.611   0.199  -0.659   0.000 -1E00DM000t
00023 TYR-1A0146_023 f 0.00 -1.000     0 10.20  0 -1  -8.838   4.552   2.609   0.042  -1.041   0.000 -1T001M000t
00024 TYR-1A0146_024 f 0.00 -1.000     0 10.20  0 -1  -8.938   6.351   2.609   0.221  -0.763   0.000 -1T003M000t
00025 TYR-1A0146_025 f 0.00 -1.000     0 10.20  0 -1  -9.497   1.315   0.158   0.070  -1.052   0.000 -1T005M000t
00026 TYR-1A0146_026 f 0.00 -1.000     0 10.20  0 -1  -9.368   5.365   2.596   0.038  -1.055   0.000 -1T007M000t
00027 TYR-1A0146_027 f 0.00 -1.000     0 10.20  0 -1  -8.938   5.138   2.594   0.056  -0.987   0.000 -1T009M000t
00028 TYR-1A0146_028 f 0.00 -1.000     0 10.20  0 -1  -9.354   1.883   0.149   0.015  -1.084   0.000 -1T00CM000t
