CONFORMER         crg  vdw0  vdw1  tors  epol  self   occ  Hb     history    ASA
TYR01A0146_001  0.000 -9.39  1.37  0.17  0.00 -7.85 0.535  00  01O000M000  1.000
TYR01A0146_002  0.000 -8.90  6.37  2.61  0.00  0.08 0.536  00  01E003M000  1.000
TYR01A0146_003  0.000 -8.99  5.15  2.60  0.00 -1.24 0.537  00  01T009M000  1.000
TYR01A0146_004  0.000 -8.83  4.56  2.61  0.00 -1.66 0.537  00  01T001M000  1.000
TYR01A0146_005  0.000 -9.67  5.49  0.10  0.00 -4.07 0.538  00  01T006M000  1.000
TYR01A0146_006  0.000 -9.32  2.09  0.15  0.00 -7.08 0.536  00  01T00AM000  1.000
TYR01A0146_007  0.000-10.02  7.46  0.09  0.00 -2.47 0.532  00  01T004M000  1.000
TYR01A0146_008  0.000 -9.36  5.38  2.60  0.00 -1.38 0.541  00  01T007M000  1.000
TYR01A0146_009  0.000 -9.33  3.54  0.15  0.00 -5.64 0.533  00  01T00BM000  1.000
TYR01A0146_010  0.000 -9.00  3.07  0.15  0.00 -5.79 0.537  00  01T002M000  1.000
TYR01A0146_011  0.000 -9.50  1.31  0.16  0.00 -8.02 0.535  00  01T005M000  1.000
TYR01A0146_012  0.000 -8.68  4.63  2.61  0.00 -1.44 0.534  00  01T008M000  1.000
TYR01A0146_013  0.000 -9.30  1.88  0.15  0.00 -7.27 0.537  00  01T00CM000  1.000
TYR01A0146_014  0.000 -9.18  6.56  2.61  0.00 -0.01 0.533  00  01T00DM000  1.000
TYR-1A0146_015 -1.000 -9.39  1.37  0.17  0.00 -7.85 0.535  00  -1O000M000  1.000
TYR-1A0146_016 -1.000 -8.88  3.05  0.15  0.00 -5.69 0.537  00  -1E002M000  1.000
TYR-1A0146_017 -1.000 -9.97  7.41  0.09  0.00 -2.47 0.532  00  -1E004M000  1.000
TYR-1A0146_018 -1.000 -9.66  5.46  0.10  0.00 -4.10 0.538  00  -1E006M000  1.000
TYR-1A0146_019 -1.000 -8.68  4.61  2.61  0.00 -1.46 0.534  00  -1E008M000  1.000
TYR-1A0146_020 -1.000 -9.32  2.14  0.15  0.00 -7.03 0.536  00  -1E00AM000  1.000
TYR-1A0146_021 -1.000 -9.30  3.44  0.14  0.00 -5.71 0.533  00  -1E00BM000  1.000
TYR-1A0146_022 -1.000 -9.15  6.56  2.61  0.00  0.02 0.533  00  -1E00DM000  1.000
TYR-1A0146_023 -1.000 -8.84  4.55  2.61  0.00 -1.68 0.537  00  -1T001M000  1.000
TYR-1A0146_024 -1.000 -8.94  6.36  2.61  0.00  0.03 0.536  00  -1T003M000  1.000
TYR-1A0146_025 -1.000 -9.50  1.31  0.16  0.00 -8.03 0.535  00  -1T005M000  1.000
TYR-1A0146_026 -1.000 -9.36  5.37  2.60  0.00 -1.40 0.541  00  -1T007M000  1.000
TYR-1A0146_027 -1.000 -8.99  5.13  2.59  0.00 -1.27 0.537  00  -1T009M000  1.000
TYR-1A0146_028 -1.000 -9.35  1.88  0.15  0.00 -7.32 0.537  00  -1T00CM000  1.000
