   confID        vdw0    sas     sum
TYR01A0146_001   5.004 -14.400  -9.396
TYR01A0146_002   5.020 -13.970  -8.951
TYR01A0146_003   4.959 -13.944  -8.985
TYR01A0146_004   4.998 -13.837  -8.838
TYR01A0146_005   4.510 -14.175  -9.665
TYR01A0146_006   4.773 -14.100  -9.327
TYR01A0146_007   4.448 -14.473 -10.025
TYR01A0146_008   4.781 -14.149  -9.368
TYR01A0146_009   4.898 -14.226  -9.329
TYR01A0146_010   5.019 -14.031  -9.012
TYR01A0146_011   4.886 -14.425  -9.539
TYR01A0146_012   4.862 -13.540  -8.679
TYR01A0146_013   4.940 -14.236  -9.297
TYR01A0146_014   4.886 -14.064  -9.178
TYR-1A0146_015   5.004 -14.400  -9.396
TYR-1A0146_016   5.030 -13.913  -8.883
TYR-1A0146_017   4.446 -14.422  -9.976
TYR-1A0146_018   4.512 -14.175  -9.663
TYR-1A0146_019   4.867 -13.540  -8.674
TYR-1A0146_020   4.781 -14.100  -9.319
TYR-1A0146_021   4.893 -14.260  -9.366
TYR-1A0146_022   4.885 -14.031  -9.146
TYR-1A0146_023   4.999 -13.837  -8.838
TYR-1A0146_024   5.015 -13.953  -8.938
TYR-1A0146_025   4.878 -14.374  -9.497
TYR-1A0146_026   4.781 -14.149  -9.368
TYR-1A0146_027   4.956 -13.893  -8.938
TYR-1A0146_028   4.933 -14.287  -9.354
