CONFORMER         crg  vdw0  vdw1  tors  epol  self   occ  Hb     history    ASA
LYS01A0127_001  0.000-12.43  4.17  1.08  0.00 -7.18 0.501  00  01O000M000  1.000
LYS01A0127_002  0.000-12.12  3.27  1.47  0.00 -7.38 0.501  00  01E00AM000  1.000
LYS01A0127_003  0.000-11.75  6.04  3.39  0.00 -2.32 0.501  00  01E059M000  1.000
LYS01A0127_004  0.000-11.15  0.39  1.59  0.00 -9.17 0.502  00  01E06BM000  1.000
LYS01A0127_005  0.000-11.42  2.22  3.80  0.00 -5.39 0.502  00  01E078M000  1.000
LYS01A0127_006  0.000-11.41  1.09  6.46  0.00 -3.85 0.501  00  01E09EM000  1.000
LYS01A0127_007  0.000-10.58  1.20  1.78  0.00 -7.60 0.501  00  01E0A9M000  1.000
LYS01A0127_008  0.000-10.43  0.33  4.27  0.00 -5.83 0.501  00  01E0AEM000  1.000
LYS01A0127_009  0.000-10.40  0.95  7.14  0.00 -2.30 0.502  00  01E171M000  1.000
LYS01A0127_010  0.000-10.97  0.59  1.27  0.00 -9.10 0.501  00  01T061M000  1.000
LYS01A0127_011  0.000-11.62  0.29  1.31  0.00-10.02 0.501  00  01T066M000  1.000
LYS01A0127_012  0.000-11.33  0.34  4.00  0.00 -6.99 0.501  00  01T069M000  1.000
LYS01A0127_013  0.000-11.24  1.11  3.97  0.00 -6.16 0.501  00  01T073M000  1.000
LYS01A0127_014  0.000-11.16  3.01  4.12  0.00 -4.03 0.502  00  01T08FM000  1.000
LYS01A0127_015  0.000-10.14  0.36  1.84  0.00 -7.93 0.501  00  01T0B0M000  1.000
LYS01A0127_016  0.000 -9.97  0.27  1.69  0.00 -8.00 0.502  00  01T0CEM000  1.000
LYS01A0127_017  0.000-10.90  0.55  4.50  0.00 -5.85 0.501  00  01T0D0M000  1.000
LYS01A0127_018  0.000-11.29  3.62  4.39  0.00 -3.28 0.502  00  01T0E1M000  1.000
LYS01A0127_019  0.000-11.27  2.12  4.21  0.00 -4.94 0.501  00  01T103M000  1.000
LYS01A0127_020  0.000 -9.95  0.89  4.05  0.00 -5.01 0.502  00  01T161M000  1.000
LYS+1A0127_021  1.000-12.48  4.17  1.08  0.00 -7.23 0.501  00  +1O000M000  1.000
LYS+1A0127_022  1.000-12.17  3.29  1.47  0.00 -7.40 0.501  00  +1E00AM000  1.000
LYS+1A0127_023  1.000-11.80  0.29  1.32  0.00-10.19 0.501  00  +1E066M000  1.000
LYS+1A0127_024  1.000-11.21  1.12  4.02  0.00 -6.08 0.501  00  +1E073M000  1.000
LYS+1A0127_025  1.000-11.24  3.57  4.41  0.00 -3.25 0.502  00  +1E0E1M000  1.000
LYS+1A0127_026  1.000-10.60  0.95  7.17  0.00 -2.48 0.502  00  +1E171M000  1.000
LYS+1A0127_027  1.000-11.77  6.02  3.40  0.00 -2.35 0.501  00  +1T059M000  1.000
LYS+1A0127_028  1.000-10.95  0.58  1.28  0.00 -9.09 0.501  00  +1T061M000  1.000
LYS+1A0127_029  1.000-11.61  0.34  4.03  0.00 -7.23 0.501  00  +1T069M000  1.000
LYS+1A0127_030  1.000-11.27  0.39  1.60  0.00 -9.28 0.502  00  +1T06BM000  1.000
LYS+1A0127_031  1.000-11.50  2.21  3.82  0.00 -5.47 0.502  00  +1T078M000  1.000
LYS+1A0127_032  1.000-11.17  3.01  4.13  0.00 -4.03 0.502  00  +1T08FM000  1.000
LYS+1A0127_033  1.000-11.53  1.09  6.47  0.00 -3.97 0.501  00  +1T09EM000  1.000
LYS+1A0127_034  1.000-10.71  1.18  1.79  0.00 -7.74 0.501  00  +1T0A9M000  1.000
LYS+1A0127_035  1.000-10.39  0.33  4.34  0.00 -5.72 0.501  00  +1T0AEM000  1.000
LYS+1A0127_036  1.000-10.19  0.36  1.85  0.00 -7.98 0.501  00  +1T0B0M000  1.000
LYS+1A0127_037  1.000-10.03  0.27  1.70  0.00 -8.07 0.502  00  +1T0CEM000  1.000
LYS+1A0127_038  1.000-10.96  0.55  4.52  0.00 -5.89 0.501  00  +1T0D0M000  1.000
LYS+1A0127_039  1.000-11.21  2.13  4.22  0.00 -4.86 0.501  00  +1T103M000  1.000
LYS+1A0127_040  1.000-10.05  0.89  4.06  0.00 -5.11 0.502  00  +1T161M000  1.000
