iConf CONFORMER     FL  occ    crg   Em0  pKa0 ne nH    vdw0    vdw1    tors    epol   dsolv   extra    history
00001 LYS01A0127_001 f 0.00  0.000     0  0.00  0  0 -12.432   4.175   1.082  -0.017  -0.058   0.000 01O000M000t
00002 LYS01A0127_002 f 0.00  0.000     0  0.00  0  0 -12.121   3.263   1.472  -0.004  -0.016   0.000 01E00AM000t
00003 LYS01A0127_003 f 0.00  0.000     0  0.00  0  0 -11.752   6.033   3.389  -0.011  -0.064   0.000 01E059M000t
00004 LYS01A0127_004 f 0.00  0.000     0  0.00  0  0 -11.150   0.394   1.594  -0.005   0.081   0.000 01E06BM000t
00005 LYS01A0127_005 f 0.00  0.000     0  0.00  0  0 -11.422   2.222   3.803  -0.008  -0.036   0.000 01E078M000t
00006 LYS01A0127_006 f 0.00  0.000     0  0.00  0  0 -11.411   1.096   6.463  -0.007  -0.199   0.000 01E09EM000t
00007 LYS01A0127_007 f 0.00  0.000     0  0.00  0  0 -10.582   1.196   1.783  -0.026   0.072   0.000 01E0A9M000t
00008 LYS01A0127_008 f 0.00  0.000     0  0.00  0  0 -10.431   0.334   4.268  -0.017   0.053   0.000 01E0AEM000t
00009 LYS01A0127_009 f 0.00  0.000     0  0.00  0  0 -10.448   0.951   7.141  -0.029   0.022   0.000 01E171M000t
00010 LYS01A0127_010 f 0.00  0.000     0  0.00  0  0 -10.969   0.590   1.272  -0.012   0.066   0.000 01T061M000t
00011 LYS01A0127_011 f 0.00  0.000     0  0.00  0  0 -11.622   0.292   1.312  -0.006   0.033   0.000 01T066M000t
00012 LYS01A0127_012 f 0.00  0.000     0  0.00  0  0 -11.332   0.345   3.996  -0.008   0.023   0.000 01T069M000t
00013 LYS01A0127_013 f 0.00  0.000     0  0.00  0  0 -11.240   1.116   3.973  -0.011   0.005   0.000 01T073M000t
00014 LYS01A0127_014 f 0.00  0.000     0  0.00  0  0 -11.167   3.012   4.120  -0.033  -0.006   0.000 01T08FM000t
00015 LYS01A0127_015 f 0.00  0.000     0  0.00  0  0 -10.141   0.367   1.844  -0.011   0.025   0.000 01T0B0M000t
00016 LYS01A0127_016 f 0.00  0.000     0  0.00  0  0  -9.968   0.271   1.694  -0.009   0.057   0.000 01T0CEM000t
00017 LYS01A0127_017 f 0.00  0.000     0  0.00  0  0 -10.900   0.549   4.502  -0.008  -0.105   0.000 01T0D0M000t
00018 LYS01A0127_018 f 0.00  0.000     0  0.00  0  0 -11.298   3.623   4.396  -0.072   0.029   0.000 01T0E1M000t
00019 LYS01A0127_019 f 0.00  0.000     0  0.00  0  0 -11.266   2.127   4.206  -0.017  -0.179   0.000 01T103M000t
00020 LYS01A0127_020 f 0.00  0.000     0  0.00  0  0  -9.951   0.890   4.050  -0.017   0.115   0.000 01T161M000t
00021 LYS+1A0127_021 f 0.00  1.000     0 10.40  0  1 -12.477   4.172   1.082   0.067  -0.476   0.000 +1O000M000t
00022 LYS+1A0127_022 f 0.00  1.000     0 10.40  0  1 -12.170   3.299   1.475  -0.012  -0.271   0.000 +1E00AM000t
00023 LYS+1A0127_023 f 0.00  1.000     0 10.40  0  1 -11.806   0.289   1.321   0.059  -0.143   0.000 +1E066M000t
00024 LYS+1A0127_024 f 0.00  1.000     0 10.40  0  1 -11.208   1.112   4.017   0.062  -0.509   0.000 +1E073M000t
00025 LYS+1A0127_025 f 0.00  1.000     0 10.40  0  1 -11.242   3.579   4.415   0.144   0.005   0.000 +1E0E1M000t
00026 LYS+1A0127_026 f 0.00  1.000     0 10.40  0  1 -10.600   0.944   7.173   0.050  -0.267   0.000 +1E171M000t
00027 LYS+1A0127_027 f 0.00  1.000     0 10.40  0  1 -11.766   6.015   3.395   0.040  -0.023   0.000 +1T059M000t
00028 LYS+1A0127_028 f 0.00  1.000     0 10.40  0  1 -10.955   0.582   1.280   0.063  -0.035   0.000 +1T061M000t
00029 LYS+1A0127_029 f 0.00  1.000     0 10.40  0  1 -11.608   0.343   4.030   0.050  -0.266   0.000 +1T069M000t
00030 LYS+1A0127_030 f 0.00  1.000     0 10.40  0  1 -11.278   0.393   1.598   0.077  -0.006   0.000 +1T06BM000t
00031 LYS+1A0127_031 f 0.00  1.000     0 10.40  0  1 -11.500   2.209   3.820   0.062  -0.233   0.000 +1T078M000t
00032 LYS+1A0127_032 f 0.00  1.000     0 10.40  0  1 -11.169   3.009   4.130  -0.005  -0.188   0.000 +1T08FM000t
00033 LYS+1A0127_033 f 0.00  1.000     0 10.40  0  1 -11.527   1.089   6.474   0.041  -0.238   0.000 +1T09EM000t
00034 LYS+1A0127_034 f 0.00  1.000     0 10.40  0  1 -10.711   1.177   1.788   0.094  -0.196   0.000 +1T0A9M000t
00035 LYS+1A0127_035 f 0.00  1.000     0 10.40  0  1 -10.389   0.330   4.339   0.089  -0.430   0.000 +1T0AEM000t
00036 LYS+1A0127_036 f 0.00  1.000     0 10.40  0  1 -10.187   0.361   1.846   0.139   0.055   0.000 +1T0B0M000t
00037 LYS+1A0127_037 f 0.00  1.000     0 10.40  0  1 -10.035   0.268   1.698   0.061  -0.369   0.000 +1T0CEM000t
00038 LYS+1A0127_038 f 0.00  1.000     0 10.40  0  1 -10.956   0.548   4.517   0.044  -0.404   0.000 +1T0D0M000t
00039 LYS+1A0127_039 f 0.00  1.000     0 10.40  0  1 -11.213   2.137   4.214   0.090  -0.256   0.000 +1T103M000t
00040 LYS+1A0127_040 f 0.00  1.000     0 10.40  0  1 -10.053   0.891   4.057   0.103   0.291   0.000 +1T161M000t
