   confID        vdw0    sas     sum
LYS01A0127_001   0.543 -12.975 -12.432
LYS01A0127_002   0.721 -12.843 -12.121
LYS01A0127_003   0.735 -12.487 -11.752
LYS01A0127_004   1.281 -12.432 -11.150
LYS01A0127_005   1.176 -12.598 -11.422
LYS01A0127_006   1.220 -12.631 -11.411
LYS01A0127_007   1.602 -12.184 -10.582
LYS01A0127_008   2.258 -12.688 -10.431
LYS01A0127_009   1.710 -12.158 -10.448
LYS01A0127_010   1.228 -12.197 -10.969
LYS01A0127_011   0.984 -12.605 -11.622
LYS01A0127_012   1.208 -12.540 -11.332
LYS01A0127_013   1.439 -12.678 -11.240
LYS01A0127_014   1.477 -12.643 -11.167
LYS01A0127_015   2.036 -12.177 -10.141
LYS01A0127_016   2.212 -12.180  -9.968
LYS01A0127_017   1.739 -12.640 -10.900
LYS01A0127_018   1.175 -12.473 -11.298
LYS01A0127_019   1.281 -12.547 -11.266
LYS01A0127_020   1.954 -11.905  -9.951
LYS+1A0127_021   0.498 -12.975 -12.477
LYS+1A0127_022   0.673 -12.843 -12.170
LYS+1A0127_023   0.918 -12.724 -11.806
LYS+1A0127_024   1.419 -12.627 -11.208
LYS+1A0127_025   1.125 -12.367 -11.242
LYS+1A0127_026   1.674 -12.274 -10.600
LYS+1A0127_027   0.670 -12.435 -11.766
LYS+1A0127_028   1.174 -12.129 -10.955
LYS+1A0127_029   1.158 -12.766 -11.608
LYS+1A0127_030   1.218 -12.496 -11.278
LYS+1A0127_031   1.136 -12.636 -11.500
LYS+1A0127_032   1.436 -12.605 -11.169
LYS+1A0127_033   1.164 -12.692 -11.527
LYS+1A0127_034   1.537 -12.248 -10.711
LYS+1A0127_035   2.239 -12.627 -10.389
LYS+1A0127_036   1.990 -12.177 -10.187
LYS+1A0127_037   2.145 -12.180 -10.035
LYS+1A0127_038   1.697 -12.653 -10.956
LYS+1A0127_039   1.228 -12.441 -11.213
LYS+1A0127_040   1.852 -11.905 -10.053
