iConf CONFORMER     FL  occ    crg   Em0  pKa0 ne nH    vdw0    vdw1    tors    epol   dsolv   extra    history
00001 LEU01A0207_001 f 0.00  0.000     0  0.00  0  0 -10.738   1.996   0.648   0.000   0.000   0.000 01O000M000t
00002 LEU01A0207_002 f 0.00  0.000     0  0.00  0  0 -10.401   3.370   3.049   0.000   0.000   0.000 01R002M000t
00003 LEU01A0207_003 f 0.00  0.000     0  0.00  0  0 -10.236   3.057   0.454   0.000   0.000   0.000 01R003M000t
00004 LEU01A0207_004 f 0.00  0.000     0  0.00  0  0  -9.025   0.275   1.048   0.000   0.000   0.000 01R005M000t
00005 LEU01A0207_005 f 0.00  0.000     0  0.00  0  0  -9.039   2.744   3.464   0.000   0.000   0.000 01R007M000t
00006 LEU01A0207_006 f 0.00  0.000     0  0.00  0  0  -8.702   2.503   0.989   0.000   0.000   0.000 01R008M000t
00007 LEU01A0207_007 f 0.00  0.000     0  0.00  0  0  -9.503   3.583   3.244   0.000   0.000   0.000 01R009M000t
00008 LEU01A0207_008 f 0.00  0.000     0  0.00  0  0  -8.472   4.234   3.465   0.000   0.000   0.000 01R00AM000t
00009 LEU01A0207_009 f 0.00  0.000     0  0.00  0  0  -9.683  -0.093   0.837   0.000   0.000   0.000 01R00EM000t
00010 LEU01A0207_010 f 0.00  0.000     0  0.00  0  0  -8.926  -0.101   1.047   0.000   0.000   0.000 01R00FM000t
00011 LEU01A0207_011 f 0.00  0.000     0  0.00  0  0 -10.575   2.436   2.959   0.000   0.000   0.000 01R010M000t
00012 LEU01A0207_012 f 0.00  0.000     0  0.00  0  0  -9.739   0.805   3.319   0.000   0.000   0.000 01R012M000t
00013 LEU01A0207_013 f 0.00  0.000     0  0.00  0  0  -8.987   0.857   3.530   0.000   0.000   0.000 01R013M000t
00014 LEU01A0207_014 f 0.00  0.000     0  0.00  0  0 -10.492   5.230   0.653   0.000   0.000   0.000 01T001M000t
00015 LEU01A0207_015 f 0.00  0.000     0  0.00  0  0  -9.951   3.349   0.806   0.000   0.000   0.000 01T004M000t
00016 LEU01A0207_016 f 0.00  0.000     0  0.00  0  0  -9.255   2.442   3.262   0.000   0.000   0.000 01T006M000t
00017 LEU01A0207_017 f 0.00  0.000     0  0.00  0  0 -10.128   2.789   1.120   0.000   0.000   0.000 01T00BM000t
00018 LEU01A0207_018 f 0.00  0.000     0  0.00  0  0 -10.429   4.135   0.526   0.000   0.000   0.000 01T00CM000t
00019 LEU01A0207_019 f 0.00  0.000     0  0.00  0  0  -9.971   2.602   0.464   0.000   0.000   0.000 01T00DM000t
00020 LEU01A0207_020 f 0.00  0.000     0  0.00  0  0  -9.959   6.600   2.956   0.000   0.000   0.000 01T011M000t
