iConf CONFORMER     FL  occ    crg   Em0  pKa0 ne nH    vdw0    vdw1    tors    epol   dsolv   extra    history
00001 ASP01A0106_001 f 0.00  0.000     0  0.00  0  0  -4.339   0.734   4.598   1.065  -0.262   0.000 01O000M000t
00002 ASP01A0106_002 f 0.00  0.000     0  0.00  0  0  -4.180   1.973   3.800   0.581  -0.045   0.000 01E003M000t
00003 ASP01A0106_003 f 0.00  0.000     0  0.00  0  0  -4.166   1.049   4.701   0.161  -0.461   0.000 01E008M000t
00004 ASP01A0106_004 f 0.00  0.000     0  0.00  0  0  -4.049   0.494   4.696   0.741  -0.375   0.000 01E00AM000t
00005 ASP01A0106_005 f 0.00  0.000     0  0.00  0  0  -4.153   0.284   4.531   0.621  -0.710   0.000 01E00BM000t
00006 ASP01A0106_006 f 0.00  0.000     0  0.00  0  0  -4.352   0.734   1.878   0.160   0.534   0.000 01O000M000t
00007 ASP01A0106_007 f 0.00  0.000     0  0.00  0  0  -4.219   0.406   1.877   0.131   0.595   0.000 01E009M000t
00008 ASP01A0106_008 f 0.00  0.000     0  0.00  0  0  -3.977   0.565   2.055   0.290   0.704   0.000 01E00AM000t
00009 ASP01A0106_009 f 0.00  0.000     0  0.00  0  0  -4.185   0.373   4.540   0.555  -0.451   0.000 01T009M000t
00010 ASP01A0106_010 f 0.00  0.000     0  0.00  0  0  -4.723   2.345   3.916   0.407  -0.265   0.000 01T002M000t
00011 ASP01A0106_011 f 0.00  0.000     0  0.00  0  0  -4.165   1.047   1.981   0.167   0.578   0.000 01T008M000t
00012 ASP01A0106_012 f 0.00  0.000     0  0.00  0  0  -4.204   0.286   1.802   0.432   0.545   0.000 01T00BM000t
00013 ASP01A0106_013 f 0.00  0.000     0  0.00  0  0  -4.172   0.076   1.878   0.170   0.568   0.000 01T007M000t
00014 ASP02A0106_014 f 0.00  0.000     0  0.00  0  0  -4.203   0.528   4.598   0.154  -0.517   0.000 02O000M000t
00015 ASP02A0106_015 f 0.00  0.000     0  0.00  0  0  -4.060   0.244   4.533   0.576  -0.454   0.000 02E00BM000t
00016 ASP02A0106_016 f 0.00  0.000     0  0.00  0  0  -4.203   0.528   1.878   0.126   0.727   0.000 02O000M000t
00017 ASP02A0106_017 f 0.00  0.000     0  0.00  0  0  -4.122   0.810   4.707   0.224  -0.512   0.000 02T008M000t
00018 ASP02A0106_018 f 0.00  0.000     0  0.00  0  0  -4.225   0.297   4.520   0.200  -0.361   0.000 02T009M000t
00019 ASP02A0106_019 f 0.00  0.000     0  0.00  0  0  -4.245   0.737   4.003   0.164  -0.515   0.000 02T001M000t
00020 ASP02A0106_020 f 0.00  0.000     0  0.00  0  0  -4.160   1.944   3.817   0.349  -0.494   0.000 02T003M000t
00021 ASP02A0106_021 f 0.00  0.000     0  0.00  0  0  -4.019   0.337   1.996   0.224   0.687   0.000 02T00AM000t
00022 ASP02A0106_022 f 0.00  0.000     0  0.00  0  0  -4.245   0.737   1.283   0.144   0.760   0.000 02T001M000t
00023 ASP02A0106_023 f 0.00  0.000     0  0.00  0  0  -4.302   0.367   1.842   0.112   0.779   0.000 02T009M000t
00024 ASP02A0106_024 f 0.00  0.000     0  0.00  0  0  -4.083   0.300   1.843   0.391   0.654   0.000 02T00BM000t
00025 ASP-1A0106_025 f 0.00 -1.000     0  4.75  0 -1  -4.253   0.544   1.878  -0.549  -0.248   0.000 -1O000M000t
00026 ASP-1A0106_026 f 0.00 -1.000     0  4.75  0 -1  -4.372   1.070   0.756  -0.373  -0.197   0.000 -1E006M000t
00027 ASP-1A0106_027 f 0.00 -1.000     0  4.75  0 -1  -3.981   0.289   1.878  -0.593  -0.135   0.000 -1E00AM000t
00028 ASP-1A0106_028 f 0.00 -1.000     0  4.75  0 -1  -4.123   0.179   1.648  -0.689  -0.213   0.000 -1E00BM000t
