   confID        vdw0    sas     sum
ASP01A0106_001   0.169  -4.508  -4.339
ASP01A0106_002   0.135  -4.314  -4.180
ASP01A0106_003   0.376  -4.541  -4.166
ASP01A0106_004   0.372  -4.421  -4.049
ASP01A0106_005   0.300  -4.453  -4.153
ASP01A0106_006   0.169  -4.521  -4.352
ASP01A0106_007   0.302  -4.521  -4.219
ASP01A0106_008   0.371  -4.348  -3.977
ASP01A0106_009   0.302  -4.487  -4.185
ASP01A0106_010   0.151  -4.875  -4.723
ASP01A0106_011   0.376  -4.541  -4.165
ASP01A0106_012   0.300  -4.504  -4.204
ASP01A0106_013   0.299  -4.471  -4.172
ASP02A0106_014   0.238  -4.441  -4.203
ASP02A0106_015   0.337  -4.397  -4.060
ASP02A0106_016   0.238  -4.441  -4.203
ASP02A0106_017   0.385  -4.507  -4.122
ASP02A0106_018   0.341  -4.566  -4.225
ASP02A0106_019   0.204  -4.449  -4.245
ASP02A0106_020   0.182  -4.343  -4.160
ASP02A0106_021   0.381  -4.401  -4.019
ASP02A0106_022   0.204  -4.449  -4.245
ASP02A0106_023   0.336  -4.637  -4.302
ASP02A0106_024   0.336  -4.418  -4.083
ASP-1A0106_025   0.152  -4.405  -4.253
ASP-1A0106_026   0.042  -4.414  -4.372
ASP-1A0106_027   0.304  -4.284  -3.981
ASP-1A0106_028   0.248  -4.371  -4.123
