iConf CONFORMER     FL  occ    crg   Em0  pKa0 ne nH    vdw0    vdw1    tors    epol   dsolv   extra    history
00001 ASP01A0148_001 f 0.00  0.000     0  0.00  0  0  -4.157   2.777   3.413   1.551  -0.145   0.000 01O000M000t
00002 ASP01A0148_002 f 0.00  0.000     0  0.00  0  0  -4.156   2.779   0.692   0.082   0.558   0.000 01O000M000t
00003 ASP01A0148_003 f 0.00  0.000     0  0.00  0  0  -4.362   0.646   0.517   0.425   0.509   0.000 01E001M000t
00004 ASP01A0148_004 f 0.00  0.000     0  0.00  0  0  -4.273   0.273   0.890   0.153   0.534   0.000 01E008M000t
00005 ASP01A0148_005 f 0.00  0.000     0  0.00  0  0  -4.247   0.488   3.629   0.604  -0.800   0.000 01T003M000t
00006 ASP01A0148_006 f 0.00  0.000     0  0.00  0  0  -4.386   1.133   6.118   0.256  -0.785   0.000 01T007M000t
00007 ASP01A0148_007 f 0.00  0.000     0  0.00  0  0  -4.362   0.646   3.223   0.802  -0.555   0.000 01T001M000t
00008 ASP01A0148_008 f 0.00  0.000     0  0.00  0  0  -4.489   1.882   5.612   0.430  -0.471   0.000 01T002M000t
00009 ASP01A0148_009 f 0.00  0.000     0  0.00  0  0  -4.536   2.964   2.819   0.055  -0.766   0.000 01T006M000t
00010 ASP01A0148_010 f 0.00  0.000     0  0.00  0  0  -4.273   0.273   3.602   0.175  -0.793   0.000 01T008M000t
00011 ASP01A0148_011 f 0.00  0.000     0  0.00  0  0  -4.489   1.882   2.892   0.219   0.483   0.000 01T002M000t
00012 ASP01A0148_012 f 0.00  0.000     0  0.00  0  0  -4.536   2.964   0.099   0.024   0.546   0.000 01T006M000t
00013 ASP02A0148_013 f 0.00  0.000     0  0.00  0  0  -4.258   2.056   3.412   0.123  -0.508   0.000 02O000M000t
00014 ASP02A0148_014 f 0.00  0.000     0  0.00  0  0  -4.538   3.327   2.794   0.544  -0.038   0.000 02E009M000t
00015 ASP02A0148_015 f 0.00  0.000     0  0.00  0  0  -4.258   2.056   0.693   0.102   0.772   0.000 02O000M000t
00016 ASP02A0148_016 f 0.00  0.000     0  0.00  0  0  -4.529   4.222   2.801   0.450   0.362   0.000 02T004M000t
00017 ASP02A0148_017 f 0.00  0.000     0  0.00  0  0  -4.266   1.234   6.132   0.552  -0.395   0.000 02T007M000t
00018 ASP02A0148_018 f 0.00  0.000     0  0.00  0  0  -4.230   0.444   3.215   0.409  -0.531   0.000 02T001M000t
00019 ASP02A0148_019 f 0.00  0.000     0  0.00  0  0  -4.461   1.738   5.581   0.287  -0.588   0.000 02T002M000t
00020 ASP02A0148_020 f 0.00  0.000     0  0.00  0  0  -4.607   3.940   2.813   1.873   0.012   0.000 02T006M000t
00021 ASP02A0148_021 f 0.00  0.000     0  0.00  0  0  -4.538   3.327   0.065   0.071   0.731   0.000 02T009M000t
00022 ASP02A0148_022 f 0.00  0.000     0  0.00  0  0  -4.230   0.444   0.495   0.356   0.726   0.000 02T001M000t
00023 ASP02A0148_023 f 0.00  0.000     0  0.00  0  0  -4.461   1.738   2.861   0.219   0.685   0.000 02T002M000t
00024 ASP02A0148_024 f 0.00  0.000     0  0.00  0  0  -4.607   3.940   0.093   0.162   0.699   0.000 02T006M000t
00025 ASP-1A0148_025 f 0.00 -1.000     0  4.75  0 -1  -4.169   2.076   0.692  -0.633  -0.015   0.000 -1O000M000t
00026 ASP-1A0148_026 f 0.00 -1.000     0  4.75  0 -1  -4.359   1.631   2.811  -0.351  -0.213   0.000 -1E002M000t
00027 ASP-1A0148_027 f 0.00 -1.000     0  4.75  0 -1  -4.316   3.179   0.090  -0.960  -0.069   0.000 -1E006M000t
00028 ASP-1A0148_028 f 0.00 -1.000     0  4.75  0 -1  -4.536   2.718   0.071  -0.483  -0.049   0.000 -1E009M000t
