   confID        vdw0    sas     sum
ASP01A0148_001   0.236  -4.393  -4.157
ASP01A0148_002   0.236  -4.393  -4.156
ASP01A0148_003   0.180  -4.542  -4.362
ASP01A0148_004   0.243  -4.516  -4.273
ASP01A0148_005   0.268  -4.516  -4.247
ASP01A0148_006   0.271  -4.657  -4.386
ASP01A0148_007   0.180  -4.542  -4.362
ASP01A0148_008   0.192  -4.681  -4.489
ASP01A0148_009   0.036  -4.572  -4.536
ASP01A0148_010   0.243  -4.516  -4.273
ASP01A0148_011   0.192  -4.681  -4.489
ASP01A0148_012   0.036  -4.572  -4.536
ASP02A0148_013   0.330  -4.588  -4.258
ASP02A0148_014   0.002  -4.540  -4.538
ASP02A0148_015   0.330  -4.588  -4.258
ASP02A0148_016  -0.002  -4.528  -4.529
ASP02A0148_017   0.228  -4.494  -4.266
ASP02A0148_018   0.274  -4.505  -4.230
ASP02A0148_019   0.268  -4.730  -4.461
ASP02A0148_020  -0.008  -4.599  -4.607
ASP02A0148_021   0.002  -4.540  -4.538
ASP02A0148_022   0.274  -4.505  -4.230
ASP02A0148_023   0.268  -4.730  -4.461
ASP02A0148_024  -0.008  -4.599  -4.607
ASP-1A0148_025   0.223  -4.392  -4.169
ASP-1A0148_026   0.180  -4.539  -4.359
ASP-1A0148_027  -0.010  -4.306  -4.316
ASP-1A0148_028  -0.001  -4.534  -4.536
