iConf CONFORMER     FL  occ    crg   Em0  pKa0 ne nH    vdw0    vdw1    tors    epol   dsolv   extra    history
00001 LYS01A0143_001 f 0.00  0.000     0  0.00  0  0 -11.679   1.144   0.817  -0.008   0.029   0.000 01O000M000t
00002 LYS01A0143_002 f 0.00  0.000     0  0.00  0  0 -12.146   2.971   3.646  -0.002   0.047   0.000 01E00AM000t
00003 LYS01A0143_003 f 0.00  0.000     0  0.00  0  0 -11.796   2.594   4.218  -0.007  -0.045   0.000 01E00CM000t
00004 LYS01A0143_004 f 0.00  0.000     0  0.00  0  0  -9.161   1.235   2.063  -0.020  -0.040   0.000 01E02FM000t
00005 LYS01A0143_005 f 0.00  0.000     0  0.00  0  0 -11.592   1.623   6.354  -0.004   0.016   0.000 01E04FM000t
00006 LYS01A0143_006 f 0.00  0.000     0  0.00  0  0 -11.685   2.122   3.637  -0.009  -0.109   0.000 01E055M000t
00007 LYS01A0143_007 f 0.00  0.000     0  0.00  0  0 -11.005   2.195   0.849  -0.022   0.067   0.000 01E058M000t
00008 LYS01A0143_008 f 0.00  0.000     0  0.00  0  0 -11.104   1.449   4.206  -0.014   0.000   0.000 01E05AM000t
00009 LYS01A0143_009 f 0.00  0.000     0  0.00  0  0  -9.520   1.059   1.454   0.001   0.038   0.000 01E078M000t
00010 LYS01A0143_010 f 0.00  0.000     0  0.00  0  0 -10.750   1.955   3.658  -0.024  -0.046   0.000 01E0B5M000t
00011 LYS01A0143_011 f 0.00  0.000     0  0.00  0  0  -8.695   2.548   2.069  -0.172   0.169   0.000 01E0BEM000t
00012 LYS01A0143_012 f 0.00  0.000     0  0.00  0  0  -8.269   0.988   4.852  -0.039   0.082   0.000 01E0DBM000t
00013 LYS01A0143_013 f 0.00  0.000     0  0.00  0  0  -9.048   1.887   4.244  -0.047   0.143   0.000 01E0FAM000t
00014 LYS01A0143_014 f 0.00  0.000     0  0.00  0  0 -10.918   6.251   3.620  -0.008   0.031   0.000 01T013M000t
00015 LYS01A0143_015 f 0.00  0.000     0  0.00  0  0  -9.492   1.484   2.049  -0.008  -0.022   0.000 01T02EM000t
00016 LYS01A0143_016 f 0.00  0.000     0  0.00  0  0 -11.049   1.160   3.569  -0.008  -0.059   0.000 01T044M000t
00017 LYS01A0143_017 f 0.00  0.000     0  0.00  0  0 -10.168   1.675   1.458  -0.017  -0.032   0.000 01T061M000t
00018 LYS01A0143_018 f 0.00  0.000     0  0.00  0  0 -10.747   2.385   7.009  -0.008   0.052   0.000 01T067M000t
00019 LYS01A0143_019 f 0.00  0.000     0  0.00  0  0  -8.024   1.643   2.097  -0.015   0.003   0.000 01T0CBM000t
00020 LYS01A0143_020 f 0.00  0.000     0  0.00  0  0 -10.473   4.692   4.274  -0.017   0.083   0.000 01T0ECM000t
00021 LYS+1A0143_021 f 0.00  1.000     0 10.40  0  1 -11.725   1.143   0.817   0.031  -0.218   0.000 +1O000M000t
00022 LYS+1A0143_022 f 0.00  1.000     0 10.40  0  1 -12.155   2.968   3.646  -0.044  -0.452   0.000 +1E00AM000t
00023 LYS+1A0143_023 f 0.00  1.000     0 10.40  0  1 -11.792   2.596   4.217   0.041  -0.236   0.000 +1E00CM000t
00024 LYS+1A0143_024 f 0.00  1.000     0 10.40  0  1  -9.496   1.469   2.050   0.063  -0.164   0.000 +1E02EM000t
00025 LYS+1A0143_025 f 0.00  1.000     0 10.40  0  1  -9.236   1.234   2.065   0.019  -0.189   0.000 +1E02FM000t
00026 LYS+1A0143_026 f 0.00  1.000     0 10.40  0  1 -11.142   2.196   0.849   0.062  -0.009   0.000 +1E058M000t
00027 LYS+1A0143_027 f 0.00  1.000     0 10.40  0  1 -11.174   1.443   4.208   0.053  -0.190   0.000 +1E05AM000t
00028 LYS+1A0143_028 f 0.00  1.000     0 10.40  0  1 -10.246   1.659   1.458   0.039  -0.005   0.000 +1E061M000t
00029 LYS+1A0143_029 f 0.00  1.000     0 10.40  0  1 -10.835   2.374   7.010  -0.044  -0.228   0.000 +1E067M000t
00030 LYS+1A0143_030 f 0.00  1.000     0 10.40  0  1 -10.851   1.949   3.658   0.092  -0.263   0.000 +1E0B5M000t
00031 LYS+1A0143_031 f 0.00  1.000     0 10.40  0  1 -10.527   4.698   4.277   0.057   0.039   0.000 +1E0ECM000t
00032 LYS+1A0143_032 f 0.00  1.000     0 10.40  0  1 -10.974   6.254   3.622   0.029  -0.330   0.000 +1T013M000t
00033 LYS+1A0143_033 f 0.00  1.000     0 10.40  0  1 -11.062   1.151   3.582   0.049  -0.255   0.000 +1T044M000t
00034 LYS+1A0143_034 f 0.00  1.000     0 10.40  0  1 -11.644   1.621   6.370   0.029  -0.254   0.000 +1T04FM000t
00035 LYS+1A0143_035 f 0.00  1.000     0 10.40  0  1 -11.737   2.129   3.638   0.105  -0.274   0.000 +1T055M000t
00036 LYS+1A0143_036 f 0.00  1.000     0 10.40  0  1  -9.516   1.057   1.453   0.084  -0.077   0.000 +1T078M000t
00037 LYS+1A0143_037 f 0.00  1.000     0 10.40  0  1  -8.829   2.584   2.066   1.316   0.843   0.000 +1T0BEM000t
00038 LYS+1A0143_038 f 0.00  1.000     0 10.40  0  1  -8.074   1.639   2.097   0.034  -0.026   0.000 +1T0CBM000t
00039 LYS+1A0143_039 f 0.00  1.000     0 10.40  0  1  -8.337   0.954   4.859  -0.102   0.237   0.000 +1T0DBM000t
00040 LYS+1A0143_040 f 0.00  1.000     0 10.40  0  1  -9.135   1.865   4.244   0.317   0.604   0.000 +1T0FAM000t
