   confID        vdw0    sas     sum
LYS01A0143_001   0.426 -12.105 -11.679
LYS01A0143_002   0.333 -12.479 -12.146
LYS01A0143_003   0.904 -12.701 -11.796
LYS01A0143_004   2.925 -12.086  -9.161
LYS01A0143_005   1.012 -12.604 -11.592
LYS01A0143_006   0.923 -12.608 -11.685
LYS01A0143_007   1.298 -12.303 -11.005
LYS01A0143_008   1.475 -12.579 -11.104
LYS01A0143_009   2.403 -11.923  -9.520
LYS01A0143_010   2.016 -12.765 -10.750
LYS01A0143_011   3.607 -12.302  -8.695
LYS01A0143_012   3.787 -12.056  -8.269
LYS01A0143_013   3.157 -12.205  -9.048
LYS01A0143_014   1.351 -12.270 -10.918
LYS01A0143_015   2.926 -12.418  -9.492
LYS01A0143_016   1.012 -12.061 -11.049
LYS01A0143_017   1.839 -12.007 -10.168
LYS01A0143_018   1.484 -12.231 -10.747
LYS01A0143_019   3.932 -11.955  -8.024
LYS01A0143_020   1.901 -12.374 -10.473
LYS+1A0143_021   0.380 -12.105 -11.725
LYS+1A0143_022   0.285 -12.440 -12.155
LYS+1A0143_023   0.858 -12.649 -11.792
LYS+1A0143_024   2.883 -12.379  -9.496
LYS+1A0143_025   2.889 -12.125  -9.236
LYS+1A0143_026   1.213 -12.355 -11.142
LYS+1A0143_027   1.434 -12.608 -11.174
LYS+1A0143_028   1.761 -12.007 -10.246
LYS+1A0143_029   1.435 -12.270 -10.835
LYS+1A0143_030   1.966 -12.817 -10.851
LYS+1A0143_031   1.808 -12.335 -10.527
LYS+1A0143_032   1.296 -12.270 -10.974
LYS+1A0143_033   0.960 -12.022 -11.062
LYS+1A0143_034   0.963 -12.608 -11.644
LYS+1A0143_035   0.871 -12.608 -11.737
LYS+1A0143_036   2.356 -11.872  -9.516
LYS+1A0143_037   3.511 -12.341  -8.829
LYS+1A0143_038   3.881 -11.955  -8.074
LYS+1A0143_039   3.719 -12.056  -8.337
LYS+1A0143_040   3.070 -12.205  -9.135
