CONFORMER         crg  vdw0  vdw1  tors  epol  self   occ  Hb     history    ASA
HIS01A0184_001  0.000-11.47  0.05  0.12  0.00-11.29 0.516  00  01O000M000  1.000
HIS01A0184_002  0.000-11.55 -0.22  0.10  0.00-11.67 0.516  00  01E007M000  1.000
HIS01A0184_003  0.000-11.58  2.49  2.65  0.00 -6.44 0.517  00  01E00DM000  1.000
HIS01A0184_004  0.000-11.66  2.46  0.08  0.00 -9.12 0.514  00  01E010M000  1.000
HIS01A0184_005  0.000-11.54  1.07  0.10  0.00-10.38 0.516  00  01E012M000  1.000
HIS01A0184_006  0.000-12.17  3.51  0.11  0.00 -8.55 0.516  00  01E013M000  1.000
HIS01A0184_007  0.000-11.27  1.02  0.09  0.00-10.17 0.516  00  01E015M000  1.000
HIS01A0184_008  0.000-12.28  2.06  2.57  0.00 -7.65 0.516  00  01E01EM000  1.000
HIS01A0184_009  0.000-11.96  2.57  2.66  0.00 -6.73 0.516  00  01T002M000  1.000
HIS01A0184_010  0.000-11.59  3.23  2.66  0.00 -5.70 0.516  00  01T004M000  1.000
HIS01A0184_011  0.000-12.22 -0.08  0.11  0.00-12.20 0.515  00  01T009M000  1.000
HIS01A0184_012  0.000-11.81 -0.13  0.10  0.00-11.84 0.515  00  01T00AM000  1.000
HIS01A0184_013  0.000-11.59  3.22  2.65  0.00 -5.71 0.515  00  01T014M000  1.000
HIS01A0184_014  0.000-12.01 -0.32  0.10  0.00-12.23 0.517  00  01T017M000  1.000
HIS01A0184_015  0.000-11.67  1.93  0.09  0.00 -9.64 0.517  00  01T018M000  1.000
HIS01A0184_016  0.000-12.03  1.58  0.08  0.00-10.38 0.515  00  01T019M000  1.000
HIS01A0184_017  0.000-11.98  1.70  2.62  0.00 -7.66 0.516  00  01T01BM000  1.000
HIS01A0184_018  0.000-11.25  1.06  2.66  0.00 -7.53 0.520  00  01T01CM000  1.000
HIS02A0184_019  0.000-11.48 -0.00  0.12  0.00-11.36 0.516  00  02O000M000  1.000
HIS02A0184_020  0.000-11.51  3.25  2.66  0.00 -5.61 0.516  00  02E004M000  1.000
HIS02A0184_021  0.000-11.69  2.48  0.10  0.00 -9.11 0.514  00  02E010M000  1.000
HIS02A0184_022  0.000-11.49  1.05  0.09  0.00-10.35 0.516  00  02E012M000  1.000
HIS02A0184_023  0.000-12.27  3.56  0.10  0.00 -8.61 0.516  00  02E013M000  1.000
HIS02A0184_024  0.000-12.23 -0.34  0.10  0.00-12.47 0.517  00  02E017M000  1.000
HIS02A0184_025  0.000-11.62 -0.23  0.10  0.00-11.75 0.516  00  02T007M000  1.000
HIS02A0184_026  0.000-12.11 -0.09  0.10  0.00-12.10 0.515  00  02T009M000  1.000
HIS02A0184_027  0.000-11.87 -0.17  0.10  0.00-11.94 0.515  00  02T00AM000  1.000
HIS02A0184_028  0.000-11.91  2.47  2.65  0.00 -6.80 0.515  00  02T00CM000  1.000
HIS02A0184_029  0.000-11.59  2.50  2.65  0.00 -6.44 0.517  00  02T00DM000  1.000
HIS02A0184_030  0.000-11.56  3.24  2.65  0.00 -5.67 0.515  00  02T014M000  1.000
HIS02A0184_031  0.000-11.29  1.06  0.09  0.00-10.14 0.516  00  02T015M000  1.000
HIS02A0184_032  0.000-11.71  1.11  0.07  0.00-10.54 0.516  00  02T016M000  1.000
HIS02A0184_033  0.000-11.57  1.85  0.09  0.00 -9.63 0.517  00  02T018M000  1.000
HIS02A0184_034  0.000-12.09  1.56  0.08  0.00-10.46 0.515  00  02T019M000  1.000
HIS02A0184_035  0.000-12.00  1.70  2.62  0.00 -7.68 0.516  00  02T01BM000  1.000
HIS02A0184_036  0.000-11.33  1.05  2.65  0.00 -7.63 0.520  00  02T01CM000  1.000
HIS02A0184_037  0.000-12.28  2.02  2.61  0.00 -7.64 0.516  00  02T01EM000  1.000
HIS+1A0184_038  1.000-11.51 -0.00  0.12  0.00-11.39 0.516  00  +1O000M000  1.000
HIS+1A0184_039  1.000-11.80  2.57  2.66  0.00 -6.57 0.516  00  +1E002M000  1.000
HIS+1A0184_040  1.000-11.66 -0.23  0.10  0.00-11.79 0.516  00  +1E007M000  1.000
HIS+1A0184_041  1.000-12.24 -0.09  0.11  0.00-12.23 0.515  00  +1E009M000  1.000
HIS+1A0184_042  1.000-11.69  2.47  2.65  0.00 -6.56 0.515  00  +1E00CM000  1.000
HIS+1A0184_043  1.000-11.72  2.48  0.10  0.00 -9.14 0.514  00  +1E010M000  1.000
HIS+1A0184_044  1.000-11.45  1.07  0.09  0.00-10.28 0.516  00  +1E012M000  1.000
HIS+1A0184_045  1.000-11.56  3.24  2.66  0.00 -5.67 0.515  00  +1E014M000  1.000
HIS+1A0184_046  1.000-11.12  1.05  0.09  0.00 -9.98 0.516  00  +1E015M000  1.000
HIS+1A0184_047  1.000-11.69  1.88  0.09  0.00 -9.72 0.517  00  +1E018M000  1.000
HIS+1A0184_048  1.000-12.03  1.55  0.08  0.00-10.40 0.515  00  +1E019M000  1.000
HIS+1A0184_049  1.000-11.87  1.69  2.62  0.00 -7.55 0.516  00  +1E01BM000  1.000
HIS+1A0184_050  1.000-11.59  3.24  2.66  0.00 -5.69 0.516  00  +1T004M000  1.000
HIS+1A0184_051  1.000-11.90 -0.17  0.10  0.00-11.96 0.515  00  +1T00AM000  1.000
HIS+1A0184_052  1.000-11.56  2.50  2.66  0.00 -6.39 0.517  00  +1T00DM000  1.000
HIS+1A0184_053  1.000-12.34  3.56  0.10  0.00 -8.68 0.516  00  +1T013M000  1.000
HIS+1A0184_054  1.000-11.68  1.12  0.07  0.00-10.49 0.516  00  +1T016M000  1.000
HIS+1A0184_055  1.000-12.08 -0.33  0.10  0.00-12.31 0.517  00  +1T017M000  1.000
HIS+1A0184_056  1.000-11.41  1.05  2.66  0.00 -7.70 0.520  00  +1T01CM000  1.000
HIS+1A0184_057  1.000-12.23  2.02  2.61  0.00 -7.60 0.516  00  +1T01EM000  1.000
