iConf CONFORMER     FL  occ    crg   Em0  pKa0 ne nH    vdw0    vdw1    tors    epol   dsolv   extra    history
00001 HIS01A0184_001 f 0.00  0.000     0  0.00  0  0 -11.533   0.053   0.122   0.307   0.494   0.000 01O000M000t
00002 HIS01A0184_002 f 0.00  0.000     0  0.00  0  0 -11.611  -0.220   0.100   0.424   0.346   0.000 01E007M000t
00003 HIS01A0184_003 f 0.00  0.000     0  0.00  0  0 -11.574   2.488   2.654   0.331   0.372   0.000 01E00DM000t
00004 HIS01A0184_004 f 0.00  0.000     0  0.00  0  0 -11.663   2.464   0.080   0.290   0.391   0.000 01E010M000t
00005 HIS01A0184_005 f 0.00  0.000     0  0.00  0  0 -11.545   1.068   0.095   0.555   0.524   0.000 01E012M000t
00006 HIS01A0184_006 f 0.00  0.000     0  0.00  0  0 -12.168   3.514   0.113   0.803   0.502   0.000 01E013M000t
00007 HIS01A0184_007 f 0.00  0.000     0  0.00  0  0 -11.274   1.018   0.092   0.425   0.363   0.000 01E015M000t
00008 HIS01A0184_008 f 0.00  0.000     0  0.00  0  0 -12.283   2.056   2.572   0.244   0.288   0.000 01E01EM000t
00009 HIS01A0184_009 f 0.00  0.000     0  0.00  0  0 -11.961   2.573   2.658   0.460   0.344   0.000 01T002M000t
00010 HIS01A0184_010 f 0.00  0.000     0  0.00  0  0 -11.547   3.225   2.664   0.234   0.300   0.000 01T004M000t
00011 HIS01A0184_011 f 0.00  0.000     0  0.00  0  0 -12.225  -0.078   0.106   0.405   0.314   0.000 01T009M000t
00012 HIS01A0184_012 f 0.00  0.000     0  0.00  0  0 -11.871  -0.129   0.099   0.288   0.424   0.000 01T00AM000t
00013 HIS01A0184_013 f 0.00  0.000     0  0.00  0  0 -11.585   3.217   2.656   0.587   0.470   0.000 01T014M000t
00014 HIS01A0184_014 f 0.00  0.000     0  0.00  0  0 -12.013  -0.313   0.101   0.372   0.413   0.000 01T017M000t
00015 HIS01A0184_015 f 0.00  0.000     0  0.00  0  0 -11.601   1.934   0.089   0.004   0.437   0.000 01T018M000t
00016 HIS01A0184_016 f 0.00  0.000     0  0.00  0  0 -12.032   1.581   0.077  -0.069   0.289   0.000 01T019M000t
00017 HIS01A0184_017 f 0.00  0.000     0  0.00  0  0 -11.977   1.700   2.620   0.457   0.399   0.000 01T01BM000t
00018 HIS01A0184_018 f 0.00  0.000     0  0.00  0  0 -11.250   1.064   2.656   0.388   0.280   0.000 01T01CM000t
00019 HIS02A0184_019 f 0.00  0.000     0  0.00  0  0 -11.548  -0.000   0.122   0.431   0.423   0.000 02O000M000t
00020 HIS02A0184_020 f 0.00  0.000     0  0.00  0  0 -11.565   3.254   2.657   0.295   0.388   0.000 02E004M000t
00021 HIS02A0184_021 f 0.00  0.000     0  0.00  0  0 -11.693   2.484   0.099   0.171   0.236   0.000 02E010M000t
00022 HIS02A0184_022 f 0.00  0.000     0  0.00  0  0 -11.490   1.051   0.087   0.321   0.361   0.000 02E012M000t
00023 HIS02A0184_023 f 0.00  0.000     0  0.00  0  0 -12.268   3.553   0.101  -0.240   0.520   0.000 02E013M000t
00024 HIS02A0184_024 f 0.00  0.000     0  0.00  0  0 -12.233  -0.338   0.100   0.150   0.376   0.000 02E017M000t
00025 HIS02A0184_025 f 0.00  0.000     0  0.00  0  0 -11.679  -0.230   0.097   0.298   0.112   0.000 02T007M000t
00026 HIS02A0184_026 f 0.00  0.000     0  0.00  0  0 -12.112  -0.091   0.104   0.371   0.220   0.000 02T009M000t
00027 HIS02A0184_027 f 0.00  0.000     0  0.00  0  0 -11.869  -0.167   0.096   0.306   0.345   0.000 02T00AM000t
00028 HIS02A0184_028 f 0.00  0.000     0  0.00  0  0 -11.915   2.470   2.646   0.374   0.350   0.000 02T00CM000t
00029 HIS02A0184_029 f 0.00  0.000     0  0.00  0  0 -11.594   2.502   2.652   0.267   0.266   0.000 02T00DM000t
00030 HIS02A0184_030 f 0.00  0.000     0  0.00  0  0 -11.490   3.236   2.653   0.403   0.393   0.000 02T014M000t
00031 HIS02A0184_031 f 0.00  0.000     0  0.00  0  0 -11.291   1.057   0.089   0.310   0.267   0.000 02T015M000t
00032 HIS02A0184_032 f 0.00  0.000     0  0.00  0  0 -11.715   1.109   0.066   0.429   0.032   0.000 02T016M000t
00033 HIS02A0184_033 f 0.00  0.000     0  0.00  0  0 -11.565   1.848   0.086   0.340   0.343   0.000 02T018M000t
00034 HIS02A0184_034 f 0.00  0.000     0  0.00  0  0 -12.094   1.557   0.076   0.509   0.499   0.000 02T019M000t
00035 HIS02A0184_035 f 0.00  0.000     0  0.00  0  0 -11.996   1.700   2.620   0.316   0.252   0.000 02T01BM000t
00036 HIS02A0184_036 f 0.00  0.000     0  0.00  0  0 -11.268   1.054   2.652   0.263   0.256   0.000 02T01CM000t
00037 HIS02A0184_037 f 0.00  0.000     0  0.00  0  0 -12.208   2.018   2.614   0.323   0.167   0.000 02T01EM000t
00038 HIS+1A0184_038 f 0.00  1.000     0  6.98  0  1 -11.575  -0.002   0.122   0.701  -0.270   0.000 +1O000M000t
00039 HIS+1A0184_039 f 0.00  1.000     0  6.98  0  1 -11.804   2.565   2.661   0.405  -0.399   0.000 +1E002M000t
00040 HIS+1A0184_040 f 0.00  1.000     0  6.98  0  1 -11.658  -0.229   0.100   0.591  -0.424   0.000 +1E007M000t
00041 HIS+1A0184_041 f 0.00  1.000     0  6.98  0  1 -12.244  -0.092   0.107   0.690  -0.357   0.000 +1E009M000t
00042 HIS+1A0184_042 f 0.00  1.000     0  6.98  0  1 -11.689   2.473   2.654   0.646  -0.358   0.000 +1E00CM000t
00043 HIS+1A0184_043 f 0.00  1.000     0  6.98  0  1 -11.771   2.480   0.098   0.176  -0.420   0.000 +1E010M000t
00044 HIS+1A0184_044 f 0.00  1.000     0  6.98  0  1 -11.449   1.075   0.091   0.279  -0.011   0.000 +1E012M000t
00045 HIS+1A0184_045 f 0.00  1.000     0  6.98  0  1 -11.565   3.229   2.657   0.659  -0.392   0.000 +1E014M000t
00046 HIS+1A0184_046 f 0.00  1.000     0  6.98  0  1 -11.117   1.046   0.095   0.864  -0.533   0.000 +1E015M000t
00047 HIS+1A0184_047 f 0.00  1.000     0  6.98  0  1 -11.692   1.884   0.092   0.890   0.004   0.000 +1E018M000t
00048 HIS+1A0184_048 f 0.00  1.000     0  6.98  0  1 -12.025   1.554   0.077   1.160  -0.058   0.000 +1E019M000t
00049 HIS+1A0184_049 f 0.00  1.000     0  6.98  0  1 -11.868   1.691   2.621   0.668  -0.501   0.000 +1E01BM000t
00050 HIS+1A0184_050 f 0.00  1.000     0  6.98  0  1 -11.591   3.234   2.661   0.696  -0.583   0.000 +1T004M000t
00051 HIS+1A0184_051 f 0.00  1.000     0  6.98  0  1 -11.897  -0.164   0.100   0.588  -0.372   0.000 +1T00AM000t
00052 HIS+1A0184_052 f 0.00  1.000     0  6.98  0  1 -11.555   2.502   2.658   0.453  -0.279   0.000 +1T00DM000t
00053 HIS+1A0184_053 f 0.00  1.000     0  6.98  0  1 -12.343   3.576   0.100  -0.296   0.254   0.000 +1T013M000t
00054 HIS+1A0184_054 f 0.00  1.000     0  6.98  0  1 -11.677   1.116   0.067   0.964  -0.507   0.000 +1T016M000t
00055 HIS+1A0184_055 f 0.00  1.000     0  6.98  0  1 -12.078  -0.332   0.105   0.705  -0.336   0.000 +1T017M000t
00056 HIS+1A0184_056 f 0.00  1.000     0  6.98  0  1 -11.406   1.052   2.657   0.622  -0.439   0.000 +1T01CM000t
00057 HIS+1A0184_057 f 0.00  1.000     0  6.98  0  1 -12.167   2.018   2.615   0.677  -0.283   0.000 +1T01EM000t
