   confID        vdw0    sas     sum
HIS01A0184_001  -0.232 -11.301 -11.533
HIS01A0184_002  -0.170 -11.441 -11.611
HIS01A0184_003  -0.166 -11.408 -11.574
HIS01A0184_004  -0.295 -11.369 -11.663
HIS01A0184_005  -0.268 -11.277 -11.545
HIS01A0184_006  -0.364 -11.805 -12.168
HIS01A0184_007  -0.164 -11.110 -11.274
HIS01A0184_008  -0.363 -11.920 -12.283
HIS01A0184_009  -0.223 -11.738 -11.961
HIS01A0184_010  -0.222 -11.326 -11.547
HIS01A0184_011  -0.167 -12.058 -12.225
HIS01A0184_012  -0.272 -11.599 -11.871
HIS01A0184_013  -0.166 -11.419 -11.585
HIS01A0184_014  -0.166 -11.847 -12.013
HIS01A0184_015  -0.267 -11.334 -11.601
HIS01A0184_016  -0.362 -11.670 -12.032
HIS01A0184_017  -0.291 -11.686 -11.977
HIS01A0184_018  -0.168 -11.082 -11.250
HIS02A0184_019  -0.248 -11.301 -11.548
HIS02A0184_020  -0.239 -11.326 -11.565
HIS02A0184_021  -0.311 -11.381 -11.693
HIS02A0184_022  -0.284 -11.205 -11.490
HIS02A0184_023  -0.376 -11.893 -12.268
HIS02A0184_024  -0.186 -12.047 -12.233
HIS02A0184_025  -0.189 -11.490 -11.679
HIS02A0184_026  -0.185 -11.927 -12.112
HIS02A0184_027  -0.286 -11.583 -11.869
HIS02A0184_028  -0.187 -11.728 -11.915
HIS02A0184_029  -0.186 -11.408 -11.594
HIS02A0184_030  -0.185 -11.305 -11.490
HIS02A0184_031  -0.185 -11.107 -11.291
HIS02A0184_032  -0.310 -11.404 -11.715
HIS02A0184_033  -0.282 -11.283 -11.565
HIS02A0184_034  -0.375 -11.719 -12.094
HIS02A0184_035  -0.310 -11.686 -11.996
HIS02A0184_036  -0.186 -11.082 -11.268
HIS02A0184_037  -0.375 -11.833 -12.208
HIS+1A0184_038  -0.275 -11.301 -11.575
HIS+1A0184_039  -0.267 -11.537 -11.804
HIS+1A0184_040  -0.217 -11.441 -11.658
HIS+1A0184_041  -0.213 -12.030 -12.244
HIS+1A0184_042  -0.213 -11.476 -11.689
HIS+1A0184_043  -0.338 -11.433 -11.771
HIS+1A0184_044  -0.311 -11.138 -11.449
HIS+1A0184_045  -0.213 -11.352 -11.565
HIS+1A0184_046  -0.213 -10.904 -11.117
HIS+1A0184_047  -0.310 -11.383 -11.692
HIS+1A0184_048  -0.401 -11.623 -12.025
HIS+1A0184_049  -0.337 -11.531 -11.868
HIS+1A0184_050  -0.265 -11.326 -11.591
HIS+1A0184_051  -0.313 -11.583 -11.897
HIS+1A0184_052  -0.212 -11.344 -11.555
HIS+1A0184_053  -0.403 -11.940 -12.343
HIS+1A0184_054  -0.337 -11.340 -11.677
HIS+1A0184_055  -0.212 -11.866 -12.078
HIS+1A0184_056  -0.213 -11.193 -11.406
HIS+1A0184_057  -0.401 -11.765 -12.167
