iConf CONFORMER     FL  occ    crg   Em0  pKa0 ne nH    vdw0    vdw1    tors    epol   dsolv   extra    history
00001 ASP01A0158_001 f 0.00  0.000     0  0.00  0  0  -4.301   2.023   2.842   1.456  -0.133   0.000 01O000M000t
00002 ASP01A0158_002 f 0.00  0.000     0  0.00  0  0  -4.300   2.022   0.122   0.110   0.523   0.000 01O000M000t
00003 ASP01A0158_003 f 0.00  0.000     0  0.00  0  0  -4.469   1.797   2.780   0.477  -0.320   0.000 01T001M000t
00004 ASP01A0158_004 f 0.00  0.000     0  0.00  0  0  -4.238   0.511   3.655   0.358  -0.837   0.000 01T003M000t
00005 ASP01A0158_005 f 0.00  0.000     0  0.00  0  0  -4.435   0.311   3.645   0.141  -0.673   0.000 01T005M000t
00006 ASP01A0158_006 f 0.00  0.000     0  0.00  0  0  -4.091   2.077   3.530   0.160  -0.687   0.000 01T006M000t
00007 ASP01A0158_007 f 0.00  0.000     0  0.00  0  0  -4.330   0.311   0.925   0.149   0.544   0.000 01T005M000t
00008 ASP01A0158_008 f 0.00  0.000     0  0.00  0  0  -4.091   2.077   0.810   0.100   0.508   0.000 01T006M000t
00009 ASP02A0158_009 f 0.00  0.000     0  0.00  0  0  -4.292   1.518   2.842   0.063  -0.526   0.000 02O000M000t
00010 ASP02A0158_010 f 0.00  0.000     0  0.00  0  0  -4.155   0.784   3.669   0.203  -0.102   0.000 02E003M000t
00011 ASP02A0158_011 f 0.00  0.000     0  0.00  0  0  -4.292   1.518   0.122   0.053   0.718   0.000 02O000M000t
00012 ASP02A0158_012 f 0.00  0.000     0  0.00  0  0  -4.268   2.105   3.137   0.019  -0.590   0.000 02T004M000t
00013 ASP02A0158_013 f 0.00  0.000     0  0.00  0  0  -4.187   2.142   3.585   0.172  -0.283   0.000 02T006M000t
00014 ASP02A0158_014 f 0.00  0.000     0  0.00  0  0  -4.389   0.359   3.624   0.311  -0.389   0.000 02T005M000t
00015 ASP02A0158_015 f 0.00  0.000     0  0.00  0  0  -4.268   2.105   0.417  -0.025   0.709   0.000 02T004M000t
00016 ASP02A0158_016 f 0.00  0.000     0  0.00  0  0  -4.172   2.186   0.849   0.100   0.683   0.000 02T006M000t
00017 ASP-1A0158_017 f 0.00 -1.000     0  4.75  0 -1  -4.138   1.540   0.122  -0.603  -0.029   0.000 -1O000M000t
00018 ASP-1A0158_018 f 0.00 -1.000     0  4.75  0 -1  -4.233   1.423   0.049  -0.299  -0.128   0.000 -1E001M000t
00019 ASP-1A0158_019 f 0.00 -1.000     0  4.75  0 -1  -4.212   1.850   0.837   0.232   0.080   0.000 -1E006M000t
