   confID        vdw0    sas     sum
HIS01A0220_001  -0.130 -11.119 -11.249
HIS01A0220_002  -0.091 -11.633 -11.724
HIS01A0220_003  -0.136 -11.968 -12.105
HIS01A0220_004  -0.308 -11.267 -11.575
HIS01A0220_005  -0.242 -11.434 -11.676
HIS01A0220_006  -0.087 -11.479 -11.566
HIS01A0220_007  -0.256 -11.865 -12.121
HIS01A0220_008  -0.214 -11.583 -11.797
HIS01A0220_009  -0.094 -11.464 -11.557
HIS01A0220_010  -0.308 -11.481 -11.789
HIS01A0220_011  -0.247 -11.652 -11.899
HIS01A0220_012  -0.114 -11.520 -11.634
HIS01A0220_013  -0.113 -11.624 -11.738
HIS01A0220_014  -0.135 -11.189 -11.325
HIS01A0220_015  -0.116 -11.698 -11.814
HIS01A0220_016  -0.314 -11.809 -12.124
HIS01A0220_017  -0.124 -12.184 -12.309
HIS01A0220_018  -0.087 -11.722 -11.809
HIS01A0220_019  -0.080 -11.605 -11.684
HIS02A0220_020  -0.149 -11.119 -11.268
HIS02A0220_021  -0.105 -11.633 -11.738
HIS02A0220_022  -0.138 -11.516 -11.655
HIS02A0220_023  -0.272 -11.865 -12.136
HIS02A0220_024  -0.112 -11.528 -11.640
HIS02A0220_025  -0.146 -12.165 -12.311
HIS02A0220_026  -0.324 -11.533 -11.857
HIS02A0220_027  -0.262 -11.535 -11.798
HIS02A0220_028  -0.142 -11.524 -11.666
HIS02A0220_029  -0.104 -11.559 -11.663
HIS02A0220_030  -0.150 -11.138 -11.288
HIS02A0220_031  -0.153 -11.720 -11.873
HIS02A0220_032  -0.137 -11.630 -11.767
HIS02A0220_033  -0.324 -11.393 -11.717
HIS02A0220_034  -0.261 -11.615 -11.876
HIS02A0220_035  -0.105 -11.461 -11.566
HIS02A0220_036  -0.233 -11.533 -11.765
HIS02A0220_037  -0.326 -11.809 -12.136
HIS02A0220_038  -0.107 -11.658 -11.764
HIS+1A0220_039  -0.176 -11.119 -11.295
HIS+1A0220_040  -0.165 -11.632 -11.797
HIS+1A0220_041  -0.177 -11.070 -11.247
HIS+1A0220_042  -0.164 -11.695 -11.859
HIS+1A0220_043  -0.351 -11.393 -11.744
HIS+1A0220_044  -0.288 -11.486 -11.774
HIS+1A0220_045  -0.132 -11.428 -11.560
HIS+1A0220_046  -0.137 -11.464 -11.601
HIS+1A0220_047  -0.173 -12.165 -12.338
HIS+1A0220_048  -0.350 -11.417 -11.767
HIS+1A0220_049  -0.179 -11.788 -11.967
HIS+1A0220_050  -0.131 -11.309 -11.440
HIS+1A0220_051  -0.299 -11.865 -12.163
HIS+1A0220_052  -0.258 -11.533 -11.791
HIS+1A0220_053  -0.353 -11.908 -12.261
HIS+1A0220_054  -0.290 -11.652 -11.942
HIS+1A0220_055  -0.132 -11.658 -11.790
HIS+1A0220_056  -0.168 -11.505 -11.673
HIS+1A0220_057  -0.129 -11.584 -11.713
