iConf CONFORMER     FL  occ    crg   Em0  pKa0 ne nH    vdw0    vdw1    tors    epol   dsolv   extra    history
00001 TYR01A0173_001 f 0.00  0.000     0  0.00  0  0 -10.251   1.992   1.968   0.251  -0.007   0.000 01O000M000t
00002 TYR01A0173_002 f 0.00  0.000     0  0.00  0  0  -9.297   2.497   0.765   0.252  -0.019   0.000 01E001M000t
00003 TYR01A0173_003 f 0.00  0.000     0  0.00  0  0  -9.607   3.048   0.781   0.248  -0.042   0.000 01E002M000t
00004 TYR01A0173_004 f 0.00  0.000     0  0.00  0  0 -10.251   1.992   1.968   0.241  -0.071   0.000 01O000M000t
00005 TYR01A0173_005 f 0.00  0.000     0  0.00  0  0 -10.050   1.994   0.772   0.132  -0.185   0.000 01E008M000t
00006 TYR01A0173_006 f 0.00  0.000     0  0.00  0  0  -9.582   5.101   1.681   0.255  -0.044   0.000 01T003M000t
00007 TYR01A0173_007 f 0.00  0.000     0  0.00  0  0  -9.102   1.883   1.910   0.261  -0.177   0.000 01T004M000t
00008 TYR01A0173_008 f 0.00  0.000     0  0.00  0  0  -9.004   5.296   0.754   0.215   0.000   0.000 01T005M000t
00009 TYR01A0173_009 f 0.00  0.000     0  0.00  0  0  -9.787   3.297   1.903  -0.025  -0.299   0.000 01T006M000t
00010 TYR01A0173_010 f 0.00  0.000     0  0.00  0  0 -10.614   4.472   0.501   0.220  -0.080   0.000 01T007M000t
00011 TYR-1A0173_011 f 0.00 -1.000     0 10.20  0 -1 -10.251   1.992   1.968   0.080  -1.036   0.000 -1O000M000t
00012 TYR-1A0173_012 f 0.00 -1.000     0 10.20  0 -1  -9.646   3.075   0.769  -0.027  -0.943   0.000 -1E002M000t
00013 TYR-1A0173_013 f 0.00 -1.000     0 10.20  0 -1  -9.453   4.922   1.679   0.086  -1.097   0.000 -1E003M000t
00014 TYR-1A0173_014 f 0.00 -1.000     0 10.20  0 -1  -9.198   4.989   0.736   0.124  -0.947   0.000 -1E005M000t
00015 TYR-1A0173_015 f 0.00 -1.000     0 10.20  0 -1  -9.733   3.277   1.884  -0.366  -0.788   0.000 -1E006M000t
00016 TYR-1A0173_016 f 0.00 -1.000     0 10.20  0 -1 -10.519   4.535   0.499  -0.064  -1.065   0.000 -1E007M000t
00017 TYR-1A0173_017 f 0.00 -1.000     0 10.20  0 -1  -9.395   2.473   0.751   0.153  -1.097   0.000 -1T001M000t
00018 TYR-1A0173_018 f 0.00 -1.000     0 10.20  0 -1  -9.172   1.871   1.898   0.099  -0.905   0.000 -1T004M000t
00019 TYR-1A0173_019 f 0.00 -1.000     0 10.20  0 -1 -10.061   1.986   0.760  -0.089  -0.918   0.000 -1T008M000t
