CONFORMER         crg  vdw0  vdw1  tors  epol  self   occ  Hb     history    ASA
TYR01A0173_001  0.000-10.25  1.99  1.97  0.00 -6.29 0.557  00  01O000M000  1.000
TYR01A0173_002  0.000 -9.30  2.50  0.77  0.00 -6.03 0.554  00  01E001M000  1.000
TYR01A0173_003  0.000 -9.61  3.05  0.78  0.00 -5.78 0.555  00  01E002M000  1.000
TYR01A0173_004  0.000-10.25  1.99  1.97  0.00 -6.29 0.557  00  01O000M000  1.000
TYR01A0173_005  0.000-10.05  1.99  0.77  0.00 -7.28 0.559  00  01E008M000  1.000
TYR01A0173_006  0.000 -9.57  5.10  1.68  0.00 -2.79 0.553  00  01T003M000  1.000
TYR01A0173_007  0.000 -9.05  1.88  1.91  0.00 -5.26 0.555  00  01T004M000  1.000
TYR01A0173_008  0.000 -9.00  5.29  0.75  0.00 -2.96 0.553  00  01T005M000  1.000
TYR01A0173_009  0.000 -9.80  3.30  1.90  0.00 -4.60 0.557  00  01T006M000  1.000
TYR01A0173_010  0.000-10.62  4.47  0.50  0.00 -5.64 0.557  00  01T007M000  1.000
TYR-1A0173_011 -1.000-10.25  1.99  1.97  0.00 -6.29 0.557  00  -1O000M000  1.000
TYR-1A0173_012 -1.000 -9.65  3.07  0.77  0.00 -5.81 0.555  00  -1E002M000  1.000
TYR-1A0173_013 -1.000 -9.40  4.93  1.68  0.00 -2.80 0.553  00  -1E003M000  1.000
TYR-1A0173_014 -1.000 -9.21  4.98  0.73  0.00 -3.49 0.553  00  -1E005M000  1.000
TYR-1A0173_015 -1.000 -9.74  3.28  1.89  0.00 -4.57 0.557  00  -1E006M000  1.000
TYR-1A0173_016 -1.000-10.51  4.54  0.50  0.00 -5.47 0.557  00  -1E007M000  1.000
TYR-1A0173_017 -1.000 -9.40  2.47  0.75  0.00 -6.17 0.554  00  -1T001M000  1.000
TYR-1A0173_018 -1.000 -9.18  1.87  1.90  0.00 -5.41 0.555  00  -1T004M000  1.000
TYR-1A0173_019 -1.000-10.06  1.98  0.76  0.00 -7.32 0.559  00  -1T008M000  1.000
