   confID        vdw0    sas     sum
TYR01A0173_001   4.736 -14.987 -10.251
TYR01A0173_002   4.737 -14.034  -9.297
TYR01A0173_003   4.737 -14.344  -9.607
TYR01A0173_004   4.736 -14.987 -10.251
TYR01A0173_005   4.753 -14.803 -10.050
TYR01A0173_006   4.199 -13.781  -9.582
TYR01A0173_007   4.752 -13.854  -9.102
TYR01A0173_008   4.782 -13.787  -9.004
TYR01A0173_009   4.775 -14.561  -9.787
TYR01A0173_010   4.211 -14.825 -10.614
TYR-1A0173_011   4.736 -14.987 -10.251
TYR-1A0173_012   4.741 -14.387  -9.646
TYR-1A0173_013   4.209 -13.662  -9.453
TYR-1A0173_014   4.801 -13.999  -9.198
TYR-1A0173_015   4.760 -14.493  -9.733
TYR-1A0173_016   4.205 -14.724 -10.519
TYR-1A0173_017   4.740 -14.135  -9.395
TYR-1A0173_018   4.749 -13.922  -9.172
TYR-1A0173_019   4.759 -14.820 -10.061
