iConf CONFORMER     FL  occ    crg   Em0  pKa0 ne nH    vdw0    vdw1    tors    epol   dsolv   extra    history
00001 LEU01A0220_001 f 0.00  0.000     0  0.00  0  0 -10.958   0.521   0.572   0.000   0.000   0.000 01O000M000t
00002 LEU01A0220_002 f 0.00  0.000     0  0.00  0  0 -11.194   3.222   0.601   0.000   0.000   0.000 01R002M000t
00003 LEU01A0220_003 f 0.00  0.000     0  0.00  0  0  -9.394   0.088   1.152   0.000   0.000   0.000 01R003M000t
00004 LEU01A0220_004 f 0.00  0.000     0  0.00  0  0 -10.327   3.813   0.480   0.000   0.000   0.000 01R004M000t
00005 LEU01A0220_005 f 0.00  0.000     0  0.00  0  0  -9.747   4.556   1.115   0.000   0.000   0.000 01R005M000t
00006 LEU01A0220_006 f 0.00  0.000     0  0.00  0  0  -9.483   1.806   3.729   0.000   0.000   0.000 01R006M000t
00007 LEU01A0220_007 f 0.00  0.000     0  0.00  0  0 -10.837   1.801   3.089   0.000   0.000   0.000 01R007M000t
00008 LEU01A0220_008 f 0.00  0.000     0  0.00  0  0  -9.932   3.959   3.688   0.000   0.000   0.000 01R008M000t
00009 LEU01A0220_009 f 0.00  0.000     0  0.00  0  0 -11.309   1.954   3.179   0.000   0.000   0.000 01R009M000t
00010 LEU01A0220_010 f 0.00  0.000     0  0.00  0  0  -9.365   0.064   1.152   0.000   0.000   0.000 01R00BM000t
00011 LEU01A0220_011 f 0.00  0.000     0  0.00  0  0 -10.666   0.255   0.512   0.000   0.000   0.000 01R00CM000t
00012 LEU01A0220_012 f 0.00  0.000     0  0.00  0  0 -11.346   1.967   0.599   0.000   0.000   0.000 01R00EM000t
00013 LEU01A0220_013 f 0.00  0.000     0  0.00  0  0 -10.976   4.920   0.464   0.000   0.000   0.000 01R00FM000t
00014 LEU01A0220_014 f 0.00  0.000     0  0.00  0  0  -9.538   4.928   3.695   0.000   0.000   0.000 01R010M000t
00015 LEU01A0220_015 f 0.00  0.000     0  0.00  0  0 -10.719   5.014   3.050   0.000   0.000   0.000 01R011M000t
00016 LEU01A0220_016 f 0.00  0.000     0  0.00  0  0  -9.227   0.398   1.153   0.000   0.000   0.000 01R012M000t
00017 LEU01A0220_017 f 0.00  0.000     0  0.00  0  0 -10.345   4.256   0.487   0.000   0.000   0.000 01R013M000t
00018 LEU01A0220_018 f 0.00  0.000     0  0.00  0  0 -11.231   2.331   3.120   0.000   0.000   0.000 01T001M000t
00019 LEU01A0220_019 f 0.00  0.000     0  0.00  0  0 -10.445   6.467   0.454   0.000   0.000   0.000 01T004M000t
00020 LEU01A0220_020 f 0.00  0.000     0  0.00  0  0  -9.742   6.701   1.098   0.000   0.000   0.000 01T005M000t
00021 LEU01A0220_021 f 0.00  0.000     0  0.00  0  0 -10.946   6.798   3.018   0.000   0.000   0.000 01T00AM000t
00022 LEU01A0220_022 f 0.00  0.000     0  0.00  0  0 -10.077   2.964   1.113   0.000   0.000   0.000 01T00DM000t
00023 LEU01A0220_023 f 0.00  0.000     0  0.00  0  0 -10.344   7.115   0.460   0.000   0.000   0.000 01T013M000t
