CONFORMER         crg  vdw0  vdw1  tors  epol  self   occ  Hb     history    ASA
LEU01A0220_001  0.000-10.96  0.52  0.57  0.00 -9.86 0.523  00  01O000M000  1.000
LEU01A0220_002  0.000-11.19  3.22  0.60  0.00 -7.37 0.523  00  01R002M000  1.000
LEU01A0220_003  0.000 -9.40  0.09  1.15  0.00 -8.16 0.525  00  01R003M000  1.000
LEU01A0220_004  0.000-10.33  3.81  0.48  0.00 -6.04 0.526  00  01R004M000  1.000
LEU01A0220_005  0.000 -9.74  4.54  1.12  0.00 -4.09 0.524  00  01R005M000  1.000
LEU01A0220_006  0.000 -9.53  1.80  3.73  0.00 -4.00 0.524  00  01R006M000  1.000
LEU01A0220_007  0.000-10.84  1.79  3.09  0.00 -5.95 0.528  00  01R007M000  1.000
LEU01A0220_008  0.000 -9.93  3.96  3.69  0.00 -2.29 0.523  00  01R008M000  1.000
LEU01A0220_009  0.000-11.31  1.95  3.18  0.00 -6.18 0.526  00  01R009M000  1.000
LEU01A0220_010  0.000 -9.36  0.07  1.15  0.00 -8.15 0.526  00  01R00BM000  1.000
LEU01A0220_011  0.000-10.61  0.26  0.51  0.00 -9.85 0.526  00  01R00CM000  1.000
LEU01A0220_012  0.000-11.35  1.96  0.60  0.00 -8.78 0.525  00  01R00EM000  1.000
LEU01A0220_013  0.000-10.97  4.91  0.46  0.00 -5.60 0.528  00  01R00FM000  1.000
LEU01A0220_014  0.000 -9.54  4.93  3.70  0.00 -0.91 0.525  00  01R010M000  1.000
LEU01A0220_015  0.000-10.72  5.01  3.05  0.00 -2.66 0.523  00  01R011M000  1.000
LEU01A0220_016  0.000 -9.22  0.40  1.15  0.00 -7.68 0.523  00  01R012M000  1.000
LEU01A0220_017  0.000-10.34  4.25  0.49  0.00 -5.61 0.528  00  01R013M000  1.000
LEU01A0220_018  0.000-11.23  2.33  3.12  0.00 -5.78 0.526  00  01T001M000  1.000
LEU01A0220_019  0.000-10.50  6.46  0.45  0.00 -3.58 0.526  00  01T004M000  1.000
LEU01A0220_020  0.000 -9.74  6.70  1.10  0.00 -1.94 0.524  00  01T005M000  1.000
LEU01A0220_021  0.000-10.94  6.78  3.02  0.00 -1.15 0.522  00  01T00AM000  1.000
LEU01A0220_022  0.000-10.08  2.96  1.11  0.00 -6.01 0.526  00  01T00DM000  1.000
LEU01A0220_023  0.000-10.34  7.11  0.46  0.00 -2.77 0.528  00  01T013M000  1.000
