   confID        vdw0    sas     sum
LEU01A0220_001   0.918 -11.876 -10.958
LEU01A0220_002   1.024 -12.218 -11.194
LEU01A0220_003   2.399 -11.793  -9.394
LEU01A0220_004   1.225 -11.551 -10.327
LEU01A0220_005   2.007 -11.754  -9.747
LEU01A0220_006   2.393 -11.876  -9.483
LEU01A0220_007   1.123 -11.960 -10.837
LEU01A0220_008   1.996 -11.928  -9.932
LEU01A0220_009   0.892 -12.202 -11.309
LEU01A0220_010   2.393 -11.757  -9.365
LEU01A0220_011   1.123 -11.790 -10.666
LEU01A0220_012   0.891 -12.237 -11.346
LEU01A0220_013   1.242 -12.218 -10.976
LEU01A0220_014   2.390 -11.928  -9.538
LEU01A0220_015   1.158 -11.876 -10.719
LEU01A0220_016   2.392 -11.619  -9.227
LEU01A0220_017   1.222 -11.567 -10.345
LEU01A0220_018   0.919 -12.150 -11.231
LEU01A0220_019   1.138 -11.584 -10.445
LEU01A0220_020   1.996 -11.738  -9.742
LEU01A0220_021   1.240 -12.186 -10.946
LEU01A0220_022   2.005 -12.083 -10.077
LEU01A0220_023   1.137 -11.481 -10.344
