CONFORMER         crg  vdw0  vdw1  tors  epol  self   occ  Hb     history    ASA
LYS01A0134_001  0.000-11.92  0.26  0.92  0.00-10.74 0.501  00  01O000M000  1.000
LYS01A0134_002  0.000-11.18  0.85  1.54  0.00 -8.79 0.501  00  01E00BM000  1.000
LYS01A0134_003  0.000 -7.93  1.94  4.77  0.00 -1.21 0.502  00  01E049M000  1.000
LYS01A0134_004  0.000-11.85  2.05  3.56  0.00 -6.24 0.502  00  01E079M000  1.000
LYS01A0134_005  0.000 -9.10  1.44  0.95  0.00 -6.71 0.501  00  01E0C2M000  1.000
LYS01A0134_006  0.000 -7.12  0.44  4.89  0.00 -1.80 0.501  00  01E107M000  1.000
LYS01A0134_007  0.000 -8.87  3.58  1.66  0.00 -3.63 0.501  00  01E110M000  1.000
LYS01A0134_008  0.000 -7.24  0.88  4.94  0.00 -1.42 0.501  00  01E11CM000  1.000
LYS01A0134_009  0.000 -7.05  0.75  2.16  0.00 -4.14 0.501  00  01E11EM000  1.000
LYS01A0134_010  0.000-10.53  2.27  6.91  0.00 -1.36 0.501  00  01E14EM000  1.000
LYS01A0134_011  0.000 -9.41  1.61  6.91  0.00 -0.88 0.501  00  01E15CM000  1.000
LYS01A0134_012  0.000-10.65  0.68  0.96  0.00 -9.01 0.501  00  01T023M000  1.000
LYS01A0134_013  0.000-10.14  1.90  4.18  0.00 -4.05 0.501  00  01T055M000  1.000
LYS01A0134_014  0.000-10.69  5.82  3.42  0.00 -1.44 0.502  00  01T065M000  1.000
LYS01A0134_015  0.000-10.31  1.13  6.77  0.00 -2.41 0.501  00  01T0E3M000  1.000
LYS01A0134_016  0.000-10.62  2.97  1.59  0.00 -6.06 0.501  00  01T0F4M000  1.000
LYS01A0134_017  0.000 -8.74  0.69  4.37  0.00 -3.67 0.502  00  01T122M000  1.000
LYS01A0134_018  0.000 -6.66  0.99  2.14  0.00 -3.54 0.501  00  01T132M000  1.000
LYS01A0134_019  0.000 -6.85  1.10  4.89  0.00 -0.86 0.501  00  01T13BM000  1.000
LYS01A0134_020  0.000-10.64  2.48  6.93  0.00 -1.23 0.502  00  01T150M000  1.000
LYS+1A0134_021  1.000-11.96  0.26  0.92  0.00-10.78 0.501  00  +1O000M000  1.000
LYS+1A0134_022  1.000-11.22  0.87  1.54  0.00 -8.81 0.501  00  +1E00BM000  1.000
LYS+1A0134_023  1.000-10.70  0.68  0.96  0.00 -9.06 0.501  00  +1E023M000  1.000
LYS+1A0134_024  1.000-10.79  5.81  3.43  0.00 -1.55 0.502  00  +1E065M000  1.000
LYS+1A0134_025  1.000-10.42  1.13  6.78  0.00 -2.51 0.501  00  +1E0E3M000  1.000
LYS+1A0134_026  1.000 -8.96  3.74  1.65  0.00 -3.56 0.501  00  +1E110M000  1.000
LYS+1A0134_027  1.000 -7.30  0.88  4.95  0.00 -1.47 0.501  00  +1E11CM000  1.000
LYS+1A0134_028  1.000 -7.21  0.75  2.16  0.00 -4.29 0.501  00  +1E11EM000  1.000
LYS+1A0134_029  1.000 -8.76  0.67  4.37  0.00 -3.72 0.502  00  +1E122M000  1.000
LYS+1A0134_030  1.000 -6.85  1.10  4.89  0.00 -0.85 0.501  00  +1E13BM000  1.000
LYS+1A0134_031  1.000-10.74  2.26  6.91  0.00 -1.56 0.501  00  +1E14EM000  1.000
LYS+1A0134_032  1.000 -8.09  1.94  4.78  0.00 -1.37 0.502  00  +1T049M000  1.000
LYS+1A0134_033  1.000-10.15  1.91  4.18  0.00 -4.07 0.501  00  +1T055M000  1.000
LYS+1A0134_034  1.000-11.94  2.04  3.59  0.00 -6.32 0.502  00  +1T079M000  1.000
LYS+1A0134_035  1.000 -9.21  1.43  0.95  0.00 -6.83 0.501  00  +1T0C2M000  1.000
LYS+1A0134_036  1.000-10.61  2.98  1.60  0.00 -6.03 0.501  00  +1T0F4M000  1.000
LYS+1A0134_037  1.000 -7.16  0.43  4.89  0.00 -1.83 0.501  00  +1T107M000  1.000
LYS+1A0134_038  1.000 -6.83  0.99  2.15  0.00 -3.69 0.501  00  +1T132M000  1.000
LYS+1A0134_039  1.000-10.62  2.51  6.93  0.00 -1.17 0.502  00  +1T150M000  1.000
LYS+1A0134_040  1.000 -9.53  1.61  6.92  0.00 -1.00 0.501  00  +1T15CM000  1.000
