iConf CONFORMER     FL  occ    crg   Em0  pKa0 ne nH    vdw0    vdw1    tors    epol   dsolv   extra    history
00001 LYS01A0134_001 f 0.00  0.000     0  0.00  0  0 -11.919   0.358   0.924  -0.008  -0.072   0.000 01O000M000t
00002 LYS01A0134_002 f 0.00  0.000     0  0.00  0  0 -11.180   0.918   1.538  -0.022   0.029   0.000 01E00BM000t
00003 LYS01A0134_003 f 0.00  0.000     0  0.00  0  0  -7.927   1.941   4.775  -0.012   0.015   0.000 01E049M000t
00004 LYS01A0134_004 f 0.00  0.000     0  0.00  0  0 -11.849   2.088   3.560  -0.015  -0.139   0.000 01E079M000t
00005 LYS01A0134_005 f 0.00  0.000     0  0.00  0  0  -9.162   1.492   0.946  -0.011   0.074   0.000 01E0C2M000t
00006 LYS01A0134_006 f 0.00  0.000     0  0.00  0  0  -7.112   0.485   4.890  -0.013  -0.012   0.000 01E107M000t
00007 LYS01A0134_007 f 0.00  0.000     0  0.00  0  0  -8.870   3.589   1.657  -0.069   0.181   0.000 01E110M000t
00008 LYS01A0134_008 f 0.00  0.000     0  0.00  0  0  -7.231   0.947   4.944  -0.011  -0.020   0.000 01E11CM000t
00009 LYS01A0134_009 f 0.00  0.000     0  0.00  0  0  -7.058   0.819   2.163  -0.029   0.108   0.000 01E11EM000t
00010 LYS01A0134_010 f 0.00  0.000     0  0.00  0  0 -10.583   2.265   6.907  -0.032   0.199   0.000 01E14EM000t
00011 LYS01A0134_011 f 0.00  0.000     0  0.00  0  0  -9.401   1.616   6.915  -0.030  -0.079   0.000 01E15CM000t
00012 LYS01A0134_012 f 0.00  0.000     0  0.00  0  0 -10.645   0.802   0.956  -0.015   0.006   0.000 01T023M000t
00013 LYS01A0134_013 f 0.00  0.000     0  0.00  0  0 -10.146   1.904   4.179  -0.010  -0.078   0.000 01T055M000t
00014 LYS01A0134_014 f 0.00  0.000     0  0.00  0  0 -10.692   5.880   3.424  -0.032  -0.072   0.000 01T065M000t
00015 LYS01A0134_015 f 0.00  0.000     0  0.00  0  0 -10.311   1.185   6.772  -0.011   0.036   0.000 01T0E3M000t
00016 LYS01A0134_016 f 0.00  0.000     0  0.00  0  0 -10.625   3.011   1.594  -0.028  -0.056   0.000 01T0F4M000t
00017 LYS01A0134_017 f 0.00  0.000     0  0.00  0  0  -8.735   0.761   4.371  -0.031   0.070   0.000 01T122M000t
00018 LYS01A0134_018 f 0.00  0.000     0  0.00  0  0  -6.662   1.049   2.144  -0.027   0.096   0.000 01T132M000t
00019 LYS01A0134_019 f 0.00  0.000     0  0.00  0  0  -6.844   1.165   4.890  -0.015  -0.043   0.000 01T13BM000t
00020 LYS01A0134_020 f 0.00  0.000     0  0.00  0  0 -10.636   2.481   6.926  -0.046  -0.011   0.000 01T150M000t
00021 LYS+1A0134_021 f 0.00  1.000     0 10.40  0  1 -11.965   0.357   0.924   0.040  -0.249   0.000 +1O000M000t
00022 LYS+1A0134_022 f 0.00  1.000     0 10.40  0  1 -11.220   0.934   1.543   0.025  -0.271   0.000 +1E00BM000t
00023 LYS+1A0134_023 f 0.00  1.000     0 10.40  0  1 -10.701   0.804   0.957   0.067  -0.202   0.000 +1E023M000t
00024 LYS+1A0134_024 f 0.00  1.000     0 10.40  0  1 -10.791   5.871   3.428  -0.074   0.079   0.000 +1E065M000t
00025 LYS+1A0134_025 f 0.00  1.000     0 10.40  0  1 -10.354   1.184   6.780   0.060  -0.558   0.000 +1E0E3M000t
00026 LYS+1A0134_026 f 0.00  1.000     0 10.40  0  1  -8.966   3.737   1.652  -0.004   0.533   0.000 +1E110M000t
00027 LYS+1A0134_027 f 0.00  1.000     0 10.40  0  1  -7.246   0.946   4.951   0.047  -0.173   0.000 +1E11CM000t
00028 LYS+1A0134_028 f 0.00  1.000     0 10.40  0  1  -7.241   0.817   2.165   0.067   0.181   0.000 +1E11EM000t
00029 LYS+1A0134_029 f 0.00  1.000     0 10.40  0  1  -8.761   0.736   4.375  -0.015  -0.282   0.000 +1E122M000t
00030 LYS+1A0134_030 f 0.00  1.000     0 10.40  0  1  -6.852   1.169   4.893   0.060  -0.334   0.000 +1E13BM000t
00031 LYS+1A0134_031 f 0.00  1.000     0 10.40  0  1 -10.744   2.262   6.914   0.490   0.346   0.000 +1E14EM000t
00032 LYS+1A0134_032 f 0.00  1.000     0 10.40  0  1  -8.092   1.942   4.776   0.054  -0.235   0.000 +1T049M000t
00033 LYS+1A0134_033 f 0.00  1.000     0 10.40  0  1 -10.156   1.906   4.181   0.066  -0.220   0.000 +1T055M000t
00034 LYS+1A0134_034 f 0.00  1.000     0 10.40  0  1 -11.946   2.089   3.588   0.092  -0.262   0.000 +1T079M000t
00035 LYS+1A0134_035 f 0.00  1.000     0 10.40  0  1  -9.247   1.480   0.954   0.066   0.119   0.000 +1T0C2M000t
00036 LYS+1A0134_036 f 0.00  1.000     0 10.40  0  1 -10.615   3.034   1.597   0.132  -0.169   0.000 +1T0F4M000t
00037 LYS+1A0134_037 f 0.00  1.000     0 10.40  0  1  -7.163   0.483   4.895   0.027  -0.066   0.000 +1T107M000t
00038 LYS+1A0134_038 f 0.00  1.000     0 10.40  0  1  -6.877   1.056   2.149   0.167  -0.103   0.000 +1T132M000t
00039 LYS+1A0134_039 f 0.00  1.000     0 10.40  0  1 -10.625   2.508   6.935   0.210  -0.349   0.000 +1T150M000t
00040 LYS+1A0134_040 f 0.00  1.000     0 10.40  0  1  -9.534   1.609   6.919   0.161  -0.125   0.000 +1T15CM000t
