   confID        vdw0    sas     sum
LYS01A0134_001   0.602 -12.521 -11.919
LYS01A0134_002   1.270 -12.450 -11.180
LYS01A0134_003   4.420 -12.347  -7.927
LYS01A0134_004   0.959 -12.807 -11.849
LYS01A0134_005   2.720 -11.882  -9.162
LYS01A0134_006   5.207 -12.318  -7.112
LYS01A0134_007   2.804 -11.674  -8.870
LYS01A0134_008   5.222 -12.453  -7.231
LYS01A0134_009   5.033 -12.091  -7.058
LYS01A0134_010   2.136 -12.719 -10.583
LYS01A0134_011   2.946 -12.347  -9.401
LYS01A0134_012   1.486 -12.131 -10.645
LYS01A0134_013   2.310 -12.456 -10.146
LYS01A0134_014   1.395 -12.088 -10.692
LYS01A0134_015   2.448 -12.759 -10.311
LYS01A0134_016   1.949 -12.574 -10.625
LYS01A0134_017   2.982 -11.717  -8.735
LYS01A0134_018   5.455 -12.117  -6.662
LYS01A0134_019   5.211 -12.055  -6.844
LYS01A0134_020   2.206 -12.843 -10.636
LYS+1A0134_021   0.556 -12.521 -11.965
LYS+1A0134_022   1.229 -12.450 -11.220
LYS+1A0134_023   1.430 -12.131 -10.701
LYS+1A0134_024   1.349 -12.139 -10.791
LYS+1A0134_025   2.392 -12.746 -10.354
LYS+1A0134_026   2.707 -11.674  -8.966
LYS+1A0134_027   5.156 -12.402  -7.246
LYS+1A0134_028   4.930 -12.171  -7.241
LYS+1A0134_029   2.960 -11.721  -8.761
LYS+1A0134_030   5.138 -11.990  -6.852
LYS+1A0134_031   2.081 -12.825 -10.744
LYS+1A0134_032   4.391 -12.482  -8.092
LYS+1A0134_033   2.300 -12.456 -10.156
LYS+1A0134_034   0.913 -12.859 -11.946
LYS+1A0134_035   2.596 -11.843  -9.247
LYS+1A0134_036   1.843 -12.458 -10.615
LYS+1A0134_037   5.155 -12.318  -7.163
LYS+1A0134_038   5.398 -12.274  -6.877
LYS+1A0134_039   2.154 -12.778 -10.625
LYS+1A0134_040   2.877 -12.412  -9.534
