iConf CONFORMER     FL  occ    crg   Em0  pKa0 ne nH    vdw0    vdw1    tors    epol   dsolv   extra    history
00001 LYS01A0046_001 f 0.00  0.000     0  0.00  0  0 -11.826   0.314   0.842  -0.011   0.029   0.000 01O000M000t
00002 LYS01A0046_002 f 0.00  0.000     0  0.00  0  0 -11.039   0.414   1.474  -0.011  -0.204   0.000 01E00FM000t
00003 LYS01A0046_003 f 0.00  0.000     0  0.00  0  0  -4.211   0.137   0.760  -0.016   0.025   0.000 01E014M000t
00004 LYS01A0046_004 f 0.00  0.000     0  0.00  0  0  -8.091   0.069   2.056  -0.034   0.101   0.000 01E030M000t
00005 LYS01A0046_005 f 0.00  0.000     0  0.00  0  0 -10.657   1.673   0.833  -0.005   0.094   0.000 01E06CM000t
00006 LYS01A0046_006 f 0.00  0.000     0  0.00  0  0  -8.948   0.160   3.595  -0.016  -0.037   0.000 01E0AFM000t
00007 LYS01A0046_007 f 0.00  0.000     0  0.00  0  0 -10.453   0.283   3.781  -0.004  -0.089   0.000 01E0C6M000t
00008 LYS01A0046_008 f 0.00  0.000     0  0.00  0  0  -9.709   1.661   1.452   0.007   0.115   0.000 01E0E2M000t
00009 LYS01A0046_009 f 0.00  0.000     0  0.00  0  0  -9.412   4.481   3.760  -0.011   0.029   0.000 01E0E7M000t
00010 LYS01A0046_010 f 0.00  0.000     0  0.00  0  0  -8.288   4.381   3.600  -0.031  -0.087   0.000 01E0E8M000t
00011 LYS01A0046_011 f 0.00  0.000     0  0.00  0  0 -10.077   1.768   7.178  -0.012  -0.082   0.000 01E10EM000t
00012 LYS01A0046_012 f 0.00  0.000     0  0.00  0  0 -10.027   3.150   4.285  -0.025   0.082   0.000 01E120M000t
00013 LYS01A0046_013 f 0.00  0.000     0  0.00  0  0  -7.426   1.462   4.806  -0.026   0.072   0.000 01E122M000t
00014 LYS01A0046_014 f 0.00  0.000     0  0.00  0  0  -6.895   3.128   2.060  -0.116   0.264   0.000 01E158M000t
00015 LYS01A0046_015 f 0.00  0.000     0  0.00  0  0  -8.245   0.653   2.094  -0.012  -0.057   0.000 01T037M000t
00016 LYS01A0046_016 f 0.00  0.000     0  0.00  0  0 -10.879   1.757   3.627   0.004  -0.046   0.000 01T069M000t
00017 LYS01A0046_017 f 0.00  0.000     0  0.00  0  0 -11.840   2.026   6.536  -0.027   0.014   0.000 01T083M000t
00018 LYS01A0046_018 f 0.00  0.000     0  0.00  0  0  -9.708   1.026   3.757  -0.005   0.075   0.000 01T0B9M000t
00019 LYS01A0046_019 f 0.00  0.000     0  0.00  0  0  -7.150   0.374   2.103  -0.009   0.041   0.000 01T14CM000t
00020 LYS01A0046_020 f 0.00  0.000     0  0.00  0  0  -9.422   1.542   1.577  -0.010   0.023   0.000 01T153M000t
00021 LYS+1A0046_021 f 0.00  1.000     0 10.40  0  1 -11.871   0.313   0.842   0.042  -0.245   0.000 +1O000M000t
00022 LYS+1A0046_022 f 0.00  1.000     0 10.40  0  1  -4.248   0.135   0.760   0.072  -0.184   0.000 +1E014M000t
00023 LYS+1A0046_023 f 0.00  1.000     0 10.40  0  1  -8.084   0.056   2.057   0.076  -0.189   0.000 +1E030M000t
00024 LYS+1A0046_024 f 0.00  1.000     0 10.40  0  1 -11.958   2.023   6.538   0.159  -0.164   0.000 +1E083M000t
00025 LYS+1A0046_025 f 0.00  1.000     0 10.40  0  1  -8.977   0.158   3.596   0.028  -0.185   0.000 +1E0AFM000t
00026 LYS+1A0046_026 f 0.00  1.000     0 10.40  0  1  -9.889   1.022   3.760   0.116   0.201   0.000 +1E0B9M000t
00027 LYS+1A0046_027 f 0.00  1.000     0 10.40  0  1 -10.566   0.284   3.783   0.027  -0.452   0.000 +1E0C6M000t
00028 LYS+1A0046_028 f 0.00  1.000     0 10.40  0  1  -9.678   1.648   1.452   0.061   0.333   0.000 +1E0E2M000t
00029 LYS+1A0046_029 f 0.00  1.000     0 10.40  0  1  -8.395   4.358   3.600  -0.022   0.014   0.000 +1E0E8M000t
00030 LYS+1A0046_030 f 0.00  1.000     0 10.40  0  1 -10.106   3.148   4.285   0.100  -0.104   0.000 +1E120M000t
00031 LYS+1A0046_031 f 0.00  1.000     0 10.40  0  1  -7.487   1.431   4.808   0.205   0.259   0.000 +1E122M000t
00032 LYS+1A0046_032 f 0.00  1.000     0 10.40  0  1  -7.101   0.381   2.099   0.057  -0.031   0.000 +1E14CM000t
00033 LYS+1A0046_033 f 0.00  1.000     0 10.40  0  1  -9.488   1.550   1.584   0.034   0.008   0.000 +1E153M000t
00034 LYS+1A0046_034 f 0.00  1.000     0 10.40  0  1  -6.996   3.139   2.061  -0.072   0.773   0.000 +1E158M000t
00035 LYS+1A0046_035 f 0.00  1.000     0 10.40  0  1 -11.081   0.416   1.474   0.035  -0.479   0.000 +1T00FM000t
00036 LYS+1A0046_036 f 0.00  1.000     0 10.40  0  1  -8.382   0.645   2.094   0.071  -0.292   0.000 +1T037M000t
00037 LYS+1A0046_037 f 0.00  1.000     0 10.40  0  1 -10.924   1.765   3.630  -0.009  -0.388   0.000 +1T069M000t
00038 LYS+1A0046_038 f 0.00  1.000     0 10.40  0  1 -10.739   1.666   0.833  -0.085   0.036   0.000 +1T06CM000t
00039 LYS+1A0046_039 f 0.00  1.000     0 10.40  0  1  -9.440   4.478   3.763   0.143   0.102   0.000 +1T0E7M000t
00040 LYS+1A0046_040 f 0.00  1.000     0 10.40  0  1 -10.125   1.769   7.184   0.064  -0.138   0.000 +1T10EM000t
