   confID        vdw0    sas     sum
LYS01A0046_001   0.660 -12.485 -11.826
LYS01A0046_002   1.453 -12.492 -11.039
LYS01A0046_003   7.631 -11.842  -4.211
LYS01A0046_004   4.195 -12.286  -8.091
LYS01A0046_005   1.212 -11.869 -10.657
LYS01A0046_006   3.582 -12.530  -8.948
LYS01A0046_007   1.823 -12.276 -10.453
LYS01A0046_008   2.215 -11.924  -9.709
LYS01A0046_009   2.311 -11.724  -9.412
LYS01A0046_010   3.104 -11.393  -8.288
LYS01A0046_011   2.328 -12.405 -10.077
LYS01A0046_012   2.170 -12.197 -10.027
LYS01A0046_013   4.978 -12.404  -7.426
LYS01A0046_014   4.986 -11.881  -6.895
LYS01A0046_015   4.176 -12.421  -8.245
LYS01A0046_016   1.175 -12.054 -10.879
LYS01A0046_017   1.009 -12.849 -11.840
LYS01A0046_018   2.308 -12.017  -9.708
LYS01A0046_019   5.050 -12.200  -7.150
LYS01A0046_020   2.636 -12.059  -9.422
LYS+1A0046_021   0.614 -12.485 -11.871
LYS+1A0046_022   7.593 -11.842  -4.248
LYS+1A0046_023   4.163 -12.247  -8.084
LYS+1A0046_024   0.959 -12.917 -11.958
LYS+1A0046_025   3.553 -12.530  -8.977
LYS+1A0046_026   2.231 -12.120  -9.889
LYS+1A0046_027   1.762 -12.328 -10.566
LYS+1A0046_028   2.127 -11.805  -9.678
LYS+1A0046_029   2.998 -11.393  -8.395
LYS+1A0046_030   2.091 -12.197 -10.106
LYS+1A0046_031   4.917 -12.404  -7.487
LYS+1A0046_032   5.047 -12.148  -7.101
LYS+1A0046_033   2.571 -12.059  -9.488
LYS+1A0046_034   4.885 -11.881  -6.996
LYS+1A0046_035   1.411 -12.492 -11.081
LYS+1A0046_036   4.130 -12.511  -8.382
LYS+1A0046_037   1.130 -12.054 -10.924
LYS+1A0046_038   1.130 -11.869 -10.739
LYS+1A0046_039   2.232 -11.672  -9.440
LYS+1A0046_040   2.280 -12.405 -10.125
