CONFORMER         crg  vdw0  vdw1  tors  epol  self   occ  Hb     history    ASA
ASP01A0022_001  0.000 -4.42  5.97  2.83  0.00  4.39 0.000  00  01O000M000  1.023
ASP01A0022_002  0.000 -4.33  3.46  3.14  0.00  2.27 0.582  00  01E004M000  1.008
ASP01A0022_003  0.000 -4.51  5.97  0.11  0.00  1.58 0.000  00  01O000M000  1.044
ASP01A0022_004  0.000 -4.68  2.06  2.81  0.00  0.19 0.584  00  01T001M000  1.086
ASP01A0022_005  0.000 -4.04  1.91  3.62  0.00  1.49 0.584  00  01T006M000  1.049
ASP01A0022_006  0.000 -4.33  1.30  3.01  0.00 -0.02 0.584  00  01T002M000  1.000
ASP01A0022_007  0.000 -4.07  0.43  3.66  0.00  0.02 0.584  00  01T005M000  1.008
ASP01A0022_008  0.000 -4.57  2.06  0.09  0.00 -2.43 0.584  00  01T001M000  1.062
ASP01A0022_009  0.000 -4.27  1.33  0.30  0.00 -2.64 0.584  00  01T002M000  1.006
ASP01A0022_010  0.000 -4.35  3.88  0.32  0.00 -0.15 0.582  00  01T004M000  1.016
ASP01A0022_011  0.000 -4.07  1.91  0.85  0.00 -1.30 0.584  00  01T006M000  1.041
ASP02A0022_012  0.000 -4.31  4.68  2.83  0.00  3.21 0.000  00  02O000M000  1.016
ASP02A0022_013  0.000 -4.28  0.44  3.68  0.00 -0.16 0.584  00  02E005M000  1.031
ASP02A0022_014  0.000 -4.01  2.00  3.62  0.00  1.61 0.584  00  02E006M000  1.050
ASP02A0022_015  0.000 -4.31  4.68  0.11  0.00  0.49 0.000  00  02O000M000  1.016
ASP02A0022_016  0.000 -4.02  1.02  0.95  0.00 -2.05 0.582  00  02E003M000  1.011
ASP02A0022_017  0.000 -4.79  1.67  2.79  0.00 -0.32 0.584  00  02T001M000  1.101
ASP02A0022_018  0.000 -4.01  1.02  3.67  0.00  0.68 0.582  00  02T003M000  1.008
ASP02A0022_019  0.000 -4.29  3.02  3.04  0.00  1.77 0.582  00  02T004M000  1.031
ASP02A0022_020  0.000 -4.31  3.02  0.32  0.00 -0.96 0.582  00  02T004M000  1.034
ASP02A0022_021  0.000 -4.04  2.01  0.88  0.00 -1.15 0.584  00  02T006M000  1.049
ASP-1A0022_022 -1.000 -4.12  4.71  0.11  0.00  0.70 0.000  00  -1O000M000  1.025
ASP-1A0022_023 -1.000 -3.98  0.81  0.95  0.00 -2.22 0.582  00  -1E003M000  1.008
ASP-1A0022_024 -1.000 -4.12  0.41  0.95  0.00 -2.76 0.584  00  -1E005M000  1.008
ASP-1A0022_025 -1.000 -3.97  1.78  0.88  0.00 -1.31 0.584  00  -1E006M000  1.041
