   confID        vdw0    sas     sum
ASP01A0022_001   0.091  -4.509  -4.418
ASP01A0022_002   0.179  -4.506  -4.327
ASP01A0022_003   0.091  -4.599  -4.509
ASP01A0022_004   0.076  -4.757  -4.680
ASP01A0022_005   0.495  -4.535  -4.040
ASP01A0022_006   0.150  -4.482  -4.332
ASP01A0022_007   0.459  -4.527  -4.069
ASP01A0022_008   0.076  -4.651  -4.575
ASP01A0022_009   0.171  -4.439  -4.267
ASP01A0022_010   0.157  -4.506  -4.348
ASP01A0022_011   0.491  -4.561  -4.070
ASP02A0022_012   0.159  -4.468  -4.309
ASP02A0022_013   0.394  -4.670  -4.276
ASP02A0022_014   0.422  -4.436  -4.014
ASP02A0022_015   0.159  -4.468  -4.309
ASP02A0022_016   0.425  -4.447  -4.023
ASP02A0022_017   0.137  -4.921  -4.784
ASP02A0022_018   0.426  -4.422  -3.995
ASP02A0022_019   0.229  -4.523  -4.294
ASP02A0022_020   0.229  -4.536  -4.307
ASP02A0022_021   0.421  -4.459  -4.038
ASP-1A0022_022   0.084  -4.207  -4.123
ASP-1A0022_023   0.362  -4.345  -3.983
ASP-1A0022_024   0.345  -4.462  -4.117
ASP-1A0022_025   0.372  -4.344  -3.972
