iConf CONFORMER     FL  occ    crg   Em0  pKa0 ne nH    vdw0    vdw1    tors    epol   dsolv   extra    history
00001 TYR01A0109_001 f 0.00  0.000     0  0.00  0  0  -9.193   0.673   0.085   0.321   0.001   0.000 01O000M000t
00002 TYR01A0109_002 f 0.00  0.000     0  0.00  0  0  -9.267   2.772   0.080   0.444   0.028   0.000 01E003M000t
00003 TYR01A0109_003 f 0.00  0.000     0  0.00  0  0  -8.500  -0.364   0.078   0.307  -0.167   0.000 01E007M000t
00004 TYR01A0109_004 f 0.00  0.000     0  0.00  0  0  -8.555   0.890   2.709   0.370  -0.084   0.000 01E009M000t
00005 TYR01A0109_005 f 0.00  0.000     0  0.00  0  0  -9.246   2.462   2.674   0.284  -0.128   0.000 01E012M000t
00006 TYR01A0109_006 f 0.00  0.000     0  0.00  0  0  -9.150   1.924   2.694   0.326  -0.024   0.000 01E002M000t
00007 TYR01A0109_007 f 0.00  0.000     0  0.00  0  0  -9.444   0.987   2.707   0.299  -0.083   0.000 01E013M000t
00008 TYR01A0109_008 f 0.00  0.000     0  0.00  0  0  -9.178   3.495   2.682   0.279  -0.077   0.000 01E015M000t
00009 TYR01A0109_009 f 0.00  0.000     0  0.00  0  0  -9.810   1.548   0.055   0.330  -0.229   0.000 01T005M000t
00010 TYR01A0109_010 f 0.00  0.000     0  0.00  0  0  -9.203  -0.536   0.080   0.394  -0.057   0.000 01T00AM000t
00011 TYR01A0109_011 f 0.00  0.000     0  0.00  0  0  -9.622   0.562   0.067   0.225  -0.003   0.000 01T00EM000t
00012 TYR01A0109_012 f 0.00  0.000     0  0.00  0  0  -9.391   2.575   2.699   0.351  -0.064   0.000 01T014M000t
00013 TYR01A0109_013 f 0.00  0.000     0  0.00  0  0  -8.525   5.645   0.042   0.310  -0.084   0.000 01T001M000t
00014 TYR01A0109_014 f 0.00  0.000     0  0.00  0  0  -8.565  -0.449   0.080   0.400  -0.113   0.000 01T00BM000t
00015 TYR01A0109_015 f 0.00  0.000     0  0.00  0  0  -8.929   1.461   2.708   0.200   0.039   0.000 01T00CM000t
00016 TYR01A0109_016 f 0.00  0.000     0  0.00  0  0  -8.801   1.480   2.708   0.171  -0.073   0.000 01T00DM000t
00017 TYR01A0109_017 f 0.00  0.000     0  0.00  0  0  -9.400   5.891   0.117   0.429   0.180   0.000 01T006M000t
00018 TYR01A0109_018 f 0.00  0.000     0  0.00  0  0  -9.462   1.221   0.069   0.213  -0.024   0.000 01T010M000t
00019 TYR01A0109_019 f 0.00  0.000     0  0.00  0  0  -9.010  -0.305   0.078   0.132  -0.022   0.000 01T011M000t
00020 TYR01A0109_020 f 0.00  0.000     0  0.00  0  0  -9.339   0.986   2.708   0.291  -0.161   0.000 01T016M000t
00021 TYR-1A0109_021 f 0.00 -1.000     0 10.20  0 -1  -9.193   0.673   0.085   0.177  -0.982   0.000 -1O000M000t
00022 TYR-1A0109_022 f 0.00 -1.000     0 10.20  0 -1  -9.271   2.783   0.079   0.289  -0.934   0.000 -1E003M000t
00023 TYR-1A0109_023 f 0.00 -1.000     0 10.20  0 -1  -8.505  -0.364   0.077   0.145  -0.960   0.000 -1E007M000t
00024 TYR-1A0109_024 f 0.00 -1.000     0 10.20  0 -1  -8.599   0.883   2.706   0.254  -0.803   0.000 -1E009M000t
00025 TYR-1A0109_025 f 0.00 -1.000     0 10.20  0 -1  -9.423  -0.525   0.079   0.366  -0.870   0.000 -1E00AM000t
00026 TYR-1A0109_026 f 0.00 -1.000     0 10.20  0 -1  -8.884   1.475   2.708  -0.039  -1.149   0.000 -1E00DM000t
00027 TYR-1A0109_027 f 0.00 -1.000     0 10.20  0 -1  -9.670   0.608   0.063  -0.081  -0.967   0.000 -1E00EM000t
00028 TYR-1A0109_028 f 0.00 -1.000     0 10.20  0 -1  -8.964  -0.298   0.077  -0.186  -1.094   0.000 -1E011M000t
00029 TYR-1A0109_029 f 0.00 -1.000     0 10.20  0 -1  -9.327   0.991   2.706   0.081  -0.908   0.000 -1E016M000t
00030 TYR-1A0109_030 f 0.00 -1.000     0 10.20  0 -1  -8.568   5.513   0.038   0.300  -0.865   0.000 -1T001M000t
00031 TYR-1A0109_031 f 0.00 -1.000     0 10.20  0 -1  -9.025   1.906   2.689   0.097  -1.170   0.000 -1T002M000t
00032 TYR-1A0109_032 f 0.00 -1.000     0 10.20  0 -1  -9.879   1.537   0.052   0.168  -1.030   0.000 -1T005M000t
00033 TYR-1A0109_033 f 0.00 -1.000     0 10.20  0 -1  -9.249   5.800   0.122   0.277  -0.950   0.000 -1T006M000t
00034 TYR-1A0109_034 f 0.00 -1.000     0 10.20  0 -1  -8.411  -0.453   0.079   0.367  -0.862   0.000 -1T00BM000t
00035 TYR-1A0109_035 f 0.00 -1.000     0 10.20  0 -1  -8.934   1.461   2.707  -0.024  -0.850   0.000 -1T00CM000t
00036 TYR-1A0109_036 f 0.00 -1.000     0 10.20  0 -1  -9.530   1.235   0.065  -0.094  -0.952   0.000 -1T010M000t
00037 TYR-1A0109_037 f 0.00 -1.000     0 10.20  0 -1  -9.046   2.565   2.666   0.080  -1.031   0.000 -1T012M000t
00038 TYR-1A0109_038 f 0.00 -1.000     0 10.20  0 -1  -9.398   0.982   2.706   0.073  -1.039   0.000 -1T013M000t
00039 TYR-1A0109_039 f 0.00 -1.000     0 10.20  0 -1  -9.395   2.590   2.694   0.127  -0.971   0.000 -1T014M000t
00040 TYR-1A0109_040 f 0.00 -1.000     0 10.20  0 -1  -9.212   3.759   2.677   0.094  -1.055   0.000 -1T015M000t
