   confID        vdw0    sas     sum
TYR01A0109_001   5.199 -14.392  -9.193
TYR01A0109_002   5.160 -14.427  -9.267
TYR01A0109_003   5.389 -13.890  -8.500
TYR01A0109_004   5.392 -13.947  -8.555
TYR01A0109_005   5.161 -14.407  -9.246
TYR01A0109_006   5.194 -14.344  -9.150
TYR01A0109_007   5.382 -14.826  -9.444
TYR01A0109_008   4.943 -14.121  -9.178
TYR01A0109_009   4.953 -14.763  -9.810
TYR01A0109_010   5.430 -14.633  -9.203
TYR01A0109_011   5.153 -14.775  -9.622
TYR01A0109_012   4.939 -14.330  -9.391
TYR01A0109_013   5.248 -13.773  -8.525
TYR01A0109_014   5.422 -13.988  -8.565
TYR01A0109_015   5.429 -14.358  -8.929
TYR01A0109_016   5.438 -14.239  -8.801
TYR01A0109_017   4.923 -14.323  -9.400
TYR01A0109_018   4.913 -14.375  -9.462
TYR01A0109_019   5.400 -14.409  -9.010
TYR01A0109_020   5.369 -14.707  -9.339
TYR-1A0109_021   5.199 -14.392  -9.193
TYR-1A0109_022   5.156 -14.427  -9.271
TYR-1A0109_023   5.385 -13.890  -8.505
TYR-1A0109_024   5.398 -13.997  -8.599
TYR-1A0109_025   5.413 -14.836  -9.423
TYR-1A0109_026   5.423 -14.307  -8.884
TYR-1A0109_027   5.154 -14.825  -9.670
TYR-1A0109_028   5.394 -14.358  -8.964
TYR-1A0109_029   5.381 -14.707  -9.327
TYR-1A0109_030   5.257 -13.824  -8.568
TYR-1A0109_031   5.185 -14.210  -9.025
TYR-1A0109_032   4.935 -14.814  -9.879
TYR-1A0109_033   4.922 -14.171  -9.249
TYR-1A0109_034   5.441 -13.852  -8.411
TYR-1A0109_035   5.424 -14.358  -8.934
TYR-1A0109_036   4.912 -14.443  -9.530
TYR-1A0109_037   5.166 -14.212  -9.046
TYR-1A0109_038   5.377 -14.775  -9.398
TYR-1A0109_039   4.935 -14.330  -9.395
TYR-1A0109_040   4.942 -14.154  -9.212
