iConf CONFORMER     FL  occ    crg   Em0  pKa0 ne nH    vdw0    vdw1    tors    epol   dsolv   extra    history
00001 ARG01A0160_001 f 0.00  0.000     0  0.00  0  0 -10.868   0.546   0.481  -0.012  -0.064   0.000 01O000M000t
00002 ARG01A0160_002 f 0.00  0.000     0  0.00  0  0 -10.828   1.196   0.510   0.005  -0.501   0.000 01E013M000t
00003 ARG01A0160_003 f 0.00  0.000     0  0.00  0  0 -10.310   1.978   3.875   0.008  -0.073   0.000 01E040M000t
00004 ARG01A0160_004 f 0.00  0.000     0  0.00  0  0  -9.698   4.603   3.165  -0.009   0.023   0.000 01E045M000t
00005 ARG01A0160_005 f 0.00  0.000     0  0.00  0  0  -9.893   1.058   1.117  -0.161   0.319   0.000 01E057M000t
00006 ARG01A0160_006 f 0.00  0.000     0  0.00  0  0 -11.003   0.642   3.299   0.027  -0.284   0.000 01E066M000t
00007 ARG01A0160_007 f 0.00  0.000     0  0.00  0  0 -10.392   4.805   3.169   0.005  -0.019   0.000 01E073M000t
00008 ARG01A0160_008 f 0.00  0.000     0  0.00  0  0  -9.683   1.143   0.479   0.008  -0.135   0.000 01E078M000t
00009 ARG01A0160_009 f 0.00  0.000     0  0.00  0  0  -8.865   0.995   3.427   0.095  -0.054   0.000 01E0B4M000t
00010 ARG01A0160_010 f 0.00  0.000     0  0.00  0  0  -7.874   0.040   3.945  -0.096   0.038   0.000 01E0C2M000t
00011 ARG01A0160_011 f 0.00  0.000     0  0.00  0  0 -10.987   1.925   3.348   0.091  -0.041   0.000 01E0E5M000t
00012 ARG01A0160_012 f 0.00  0.000     0  0.00  0  0  -8.620   2.054   3.821  -0.002  -0.359   0.000 01E0EDM000t
00013 ARG01A0160_013 f 0.00  0.000     0  0.00  0  0  -8.661   1.324   4.077   0.103  -0.200   0.000 01T02FM000t
00014 ARG01A0160_014 f 0.00  0.000     0  0.00  0  0  -9.298   0.323   1.097  -0.026   0.055   0.000 01T0A1M000t
00015 ARG01A0160_015 f 0.00  0.000     0  0.00  0  0 -11.615   0.656   3.437  -0.058   0.085   0.000 01T0ABM000t
00016 ARG01A0160_016 f 0.00  0.000     0  0.00  0  0  -8.422   0.315   1.085   0.023   0.083   0.000 01T0B6M000t
00017 ARG01A0160_017 f 0.00  0.000     0  0.00  0  0 -11.023   0.604   1.122   0.057  -0.241   0.000 01T0BFM000t
00018 ARG01A0160_018 f 0.00  0.000     0  0.00  0  0  -6.664   0.336   3.895  -0.057  -0.118   0.000 01T0C1M000t
00019 ARG01A0160_019 f 0.00  0.000     0  0.00  0  0  -9.355   1.164   3.740   0.151   0.284   0.000 01T0E0M000t
00020 ARG01A0160_020 f 0.00  0.000     0  0.00  0  0 -11.289   2.811   6.130   0.118   0.039   0.000 01T0E9M000t
00021 ARG02A0160_021 f 0.00  0.000     0  0.00  0  0 -11.391   0.656   3.339  -0.063   1.073   0.000 02E0ABM000t
00022 ARG02A0160_022 f 0.00  0.000     0  0.00  0  0 -10.892   0.531   0.481   0.023   0.498   0.000 02O000M000t
00023 ARG02A0160_023 f 0.00  0.000     0  0.00  0  0  -9.848   4.577   3.163  -0.002   0.711   0.000 02E045M000t
00024 ARG02A0160_024 f 0.00  0.000     0  0.00  0  0 -10.668   4.759   3.121   0.001   0.605   0.000 02E073M000t
00025 ARG02A0160_025 f 0.00  0.000     0  0.00  0  0  -9.680   2.021   3.800   0.027   0.687   0.000 02T040M000t
00026 ARG02A0160_026 f 0.00  0.000     0  0.00  0  0  -8.718   0.319   1.084   0.017   1.202   0.000 02T0B6M000t
00027 ARG02A0160_027 f 0.00  0.000     0  0.00  0  0  -7.486  -0.016   3.833  -0.088   0.804   0.000 02T0C2M000t
00028 ARG02A0160_028 f 0.00  0.000     0  0.00  0  0  -9.226   1.196   3.702  -0.021   0.993   0.000 02T0E0M000t
00029 ARG02A0160_029 f 0.00  0.000     0  0.00  0  0  -8.579   1.488   3.843   0.119   0.819   0.000 02T02FM000t
00030 ARG02A0160_030 f 0.00  0.000     0  0.00  0  0 -11.250   0.593   1.100   0.045   1.016   0.000 02T0BFM000t
00031 ARG02A0160_031 f 0.00  0.000     0  0.00  0  0 -11.173   3.161   5.915   0.102   1.096   0.000 02T0E9M000t
00032 ARG02A0160_032 f 0.00  0.000     0  0.00  0  0  -9.856   1.029   1.117  -0.017   0.922   0.000 02T057M000t
00033 ARG02A0160_033 f 0.00  0.000     0  0.00  0  0  -6.545   0.346   3.855  -0.052   0.982   0.000 02T0C1M000t
00034 ARG02A0160_034 f 0.00  0.000     0  0.00  0  0 -10.728   1.172   0.447   0.048   0.685   0.000 02T013M000t
00035 ARG02A0160_035 f 0.00  0.000     0  0.00  0  0 -10.627   0.674   3.126   0.028   0.695   0.000 02T066M000t
00036 ARG02A0160_036 f 0.00  0.000     0  0.00  0  0  -9.636   1.141   0.463   0.018   0.517   0.000 02T078M000t
00037 ARG02A0160_037 f 0.00  0.000     0  0.00  0  0  -8.969   0.305   1.058  -0.021   0.867   0.000 02T0A1M000t
00038 ARG02A0160_038 f 0.00  0.000     0  0.00  0  0  -8.848   1.052   3.363   0.050   0.896   0.000 02T0B4M000t
00039 ARG02A0160_039 f 0.00  0.000     0  0.00  0  0 -11.288   2.168   3.264   0.032   0.888   0.000 02T0E5M000t
00040 ARG02A0160_040 f 0.00  0.000     0  0.00  0  0  -8.727   2.044   3.811   0.031   0.678   0.000 02T0EDM000t
00041 ARG03A0160_041 f 0.00  0.000     0  0.00  0  0 -10.955   0.531   0.481   0.022   0.917   0.000 03O000M000t
00042 ARG03A0160_042 f 0.00  0.000     0  0.00  0  0 -10.944   2.173   3.258   0.072   1.096   0.000 03E0E5M000t
00043 ARG03A0160_043 f 0.00  0.000     0  0.00  0  0  -9.703   2.025   3.802   0.023   0.637   0.000 03E040M000t
00044 ARG03A0160_044 f 0.00  0.000     0  0.00  0  0  -9.755   4.579   3.165   0.010   0.724   0.000 03E045M000t
00045 ARG03A0160_045 f 0.00  0.000     0  0.00  0  0  -9.683   1.140   0.462   0.022   0.508   0.000 03E078M000t
00046 ARG03A0160_046 f 0.00  0.000     0  0.00  0  0  -8.620   1.479   3.846   0.107   0.477   0.000 03T02FM000t
00047 ARG03A0160_047 f 0.00  0.000     0  0.00  0  0 -10.734   4.734   3.123   0.010   0.567   0.000 03T073M000t
00048 ARG03A0160_048 f 0.00  0.000     0  0.00  0  0  -8.580   1.027   3.361   0.089   1.024   0.000 03T0B4M000t
00049 ARG03A0160_049 f 0.00  0.000     0  0.00  0  0  -8.555   0.313   1.085   0.019   1.312   0.000 03T0B6M000t
00050 ARG03A0160_050 f 0.00  0.000     0  0.00  0  0  -6.326   0.339   3.854  -0.042   1.042   0.000 03T0C1M000t
00051 ARG03A0160_051 f 0.00  0.000     0  0.00  0  0 -11.163   3.153   5.921   0.106   1.027   0.000 03T0E9M000t
00052 ARG03A0160_052 f 0.00  0.000     0  0.00  0  0 -10.730   1.172   0.447   0.038   0.792   0.000 03T013M000t
00053 ARG03A0160_053 f 0.00  0.000     0  0.00  0  0 -10.596   0.669   3.134   0.028   0.544   0.000 03T066M000t
00054 ARG03A0160_054 f 0.00  0.000     0  0.00  0  0 -11.522   0.686   3.348  -0.097   1.000   0.000 03T0ABM000t
00055 ARG03A0160_055 f 0.00  0.000     0  0.00  0  0 -11.103   0.592   1.101   0.051   0.745   0.000 03T0BFM000t
00056 ARG03A0160_056 f 0.00  0.000     0  0.00  0  0  -7.472  -0.017   3.839  -0.109   0.969   0.000 03T0C2M000t
00057 ARG03A0160_057 f 0.00  0.000     0  0.00  0  0  -9.940   1.036   1.117  -0.017   1.084   0.000 03T057M000t
00058 ARG03A0160_058 f 0.00  0.000     0  0.00  0  0  -9.104   0.316   1.060   0.016   0.778   0.000 03T0A1M000t
00059 ARG03A0160_059 f 0.00  0.000     0  0.00  0  0  -9.323   1.236   3.703   0.087   0.938   0.000 03T0E0M000t
00060 ARG03A0160_060 f 0.00  0.000     0  0.00  0  0  -8.677   2.049   3.812   0.024   0.437   0.000 03T0EDM000t
00061 ARG+1A0160_061 f 0.00  1.000     0 12.50  0  1 -10.994   0.530   0.481   0.129  -0.216   0.000 +1O000M000t
00062 ARG+1A0160_062 f 0.00  1.000     0 12.50  0  1  -9.753   2.024   3.801   0.137  -0.206   0.000 +1E040M000t
00063 ARG+1A0160_063 f 0.00  1.000     0 12.50  0  1  -9.858   4.581   3.166   0.120  -0.131   0.000 +1E045M000t
00064 ARG+1A0160_064 f 0.00  1.000     0 12.50  0  1  -9.984   1.004   1.116   0.403   0.026   0.000 +1E057M000t
00065 ARG+1A0160_065 f 0.00  1.000     0 12.50  0  1  -9.067   0.302   1.060   0.117   0.243   0.000 +1E0A1M000t
00066 ARG+1A0160_066 f 0.00  1.000     0 12.50  0  1  -8.345   1.036   3.365   0.176   0.033   0.000 +1E0B4M000t
00067 ARG+1A0160_067 f 0.00  1.000     0 12.50  0  1  -8.612   0.307   1.085   0.153  -0.014   0.000 +1E0B6M000t
00068 ARG+1A0160_068 f 0.00  1.000     0 12.50  0  1 -11.298   0.590   1.101   0.167  -0.361   0.000 +1E0BFM000t
00069 ARG+1A0160_069 f 0.00  1.000     0 12.50  0  1  -7.535  -0.016   3.836   0.156  -0.535   0.000 +1E0C2M000t
00070 ARG+1A0160_070 f 0.00  1.000     0 12.50  0  1  -9.314   1.206   3.703  -0.262   0.481   0.000 +1E0E0M000t
00071 ARG+1A0160_071 f 0.00  1.000     0 12.50  0  1  -8.687   2.038   3.812   0.142  -0.141   0.000 +1E0EDM000t
00072 ARG+1A0160_072 f 0.00  1.000     0 12.50  0  1 -10.764   1.171   0.447   0.161  -0.207   0.000 +1T013M000t
00073 ARG+1A0160_073 f 0.00  1.000     0 12.50  0  1  -8.629   1.481   3.846   0.237  -0.209   0.000 +1T02FM000t
00074 ARG+1A0160_074 f 0.00  1.000     0 12.50  0  1 -10.771   0.666   3.138   0.084  -0.350   0.000 +1T066M000t
00075 ARG+1A0160_075 f 0.00  1.000     0 12.50  0  1 -10.842   4.751   3.123   0.094  -0.159   0.000 +1T073M000t
00076 ARG+1A0160_076 f 0.00  1.000     0 12.50  0  1  -9.766   1.142   0.463   0.145  -0.127   0.000 +1T078M000t
00077 ARG+1A0160_077 f 0.00  1.000     0 12.50  0  1 -11.393   0.678   3.345   0.183  -0.233   0.000 +1T0ABM000t
00078 ARG+1A0160_078 f 0.00  1.000     0 12.50  0  1  -6.311   0.348   3.849   0.192  -0.072   0.000 +1T0C1M000t
00079 ARG+1A0160_079 f 0.00  1.000     0 12.50  0  1 -10.944   2.172   3.260   0.141  -0.120   0.000 +1T0E5M000t
00080 ARG+1A0160_080 f 0.00  1.000     0 12.50  0  1 -11.214   3.163   5.923   0.263  -0.239   0.000 +1T0E9M000t
