CONFORMER         crg  vdw0  vdw1  tors  epol  self   occ  Hb     history    ASA
ARG01A0160_001  0.000-10.87  0.44  0.48  0.00 -9.94 0.502  00  01O000M000  1.000
ARG01A0160_002  0.000-10.83  1.14  0.51  0.00 -9.18 0.502  00  01E013M000  1.000
ARG01A0160_003  0.000-10.31  1.98  3.88  0.00 -4.45 0.502  00  01E040M000  1.000
ARG01A0160_004  0.000 -9.69  4.55  3.16  0.00 -1.98 0.502  00  01E045M000  1.000
ARG01A0160_005  0.000 -9.90  1.01  1.12  0.00 -7.78 0.502  00  01E057M000  1.000
ARG01A0160_006  0.000-11.00  0.54  3.30  0.00 -7.16 0.502  00  01E066M000  1.000
ARG01A0160_007  0.000-10.39  4.75  3.17  0.00 -2.47 0.503  00  01E073M000  1.000
ARG01A0160_008  0.000 -9.68  1.09  0.48  0.00 -8.11 0.502  00  01E078M000  1.000
ARG01A0160_009  0.000 -8.88  0.95  3.43  0.00 -4.51 0.502  00  01E0B4M000  1.000
ARG01A0160_010  0.000 -7.83 -0.01  3.95  0.00 -3.89 0.502  00  01E0C2M000  1.000
ARG01A0160_011  0.000-11.06  1.92  3.35  0.00 -5.78 0.503  00  01E0E5M000  1.000
ARG01A0160_012  0.000 -8.62  2.05  3.82  0.00 -2.75 0.502  00  01E0EDM000  1.000
ARG01A0160_013  0.000 -8.66  1.32  4.08  0.00 -3.26 0.502  00  01T02FM000  1.000
ARG01A0160_014  0.000 -9.37  0.27  1.09  0.00 -8.00 0.502  00  01T0A1M000  1.000
ARG01A0160_015  0.000-11.62  0.60  3.44  0.00 -7.57 0.502  00  01T0ABM000  1.000
ARG01A0160_016  0.000 -8.43  0.27  1.09  0.00 -7.08 0.502  00  01T0B6M000  1.000
ARG01A0160_017  0.000-11.03  0.56  1.12  0.00 -9.35 0.502  00  01T0BFM000  1.000
ARG01A0160_018  0.000 -6.67  0.29  3.89  0.00 -2.48 0.502  00  01T0C1M000  1.000
ARG01A0160_019  0.000 -9.39  1.16  3.74  0.00 -4.49 0.503  00  01T0E0M000  1.000
ARG01A0160_020  0.000-11.29  2.81  6.13  0.00 -2.35 0.502  00  01T0E9M000  1.000
ARG02A0160_021  0.000-11.40  0.61  3.34  0.00 -7.45 0.502  00  02E0ABM000  1.000
ARG02A0160_022  0.000-10.89  0.43  0.48  0.00 -9.98 0.502  00  02O000M000  1.000
ARG02A0160_023  0.000 -9.85  4.52  3.16  0.00 -2.16 0.502  00  02E045M000  1.000
ARG02A0160_024  0.000-10.67  4.70  3.12  0.00 -2.84 0.503  00  02E073M000  1.000
ARG02A0160_025  0.000 -9.68  2.02  3.80  0.00 -3.86 0.502  00  02T040M000  1.000
ARG02A0160_026  0.000 -8.71  0.27  1.08  0.00 -7.36 0.502  00  02T0B6M000  1.000
ARG02A0160_027  0.000 -7.48 -0.06  3.83  0.00 -3.71 0.502  00  02T0C2M000  1.000
ARG02A0160_028  0.000 -9.22  1.19  3.70  0.00 -4.33 0.503  00  02T0E0M000  1.000
ARG02A0160_029  0.000 -8.59  1.48  3.84  0.00 -3.26 0.502  00  02T02FM000  1.000
ARG02A0160_030  0.000-11.25  0.54  1.10  0.00 -9.61 0.502  00  02T0BFM000  1.000
ARG02A0160_031  0.000-11.17  3.16  5.92  0.00 -2.09 0.502  00  02T0E9M000  1.000
ARG02A0160_032  0.000 -9.87  0.98  1.12  0.00 -7.77 0.502  00  02T057M000  1.000
ARG02A0160_033  0.000 -6.54  0.30  3.86  0.00 -2.39 0.502  00  02T0C1M000  1.000
ARG02A0160_034  0.000-10.73  1.11  0.45  0.00 -9.17 0.502  00  02T013M000  1.000
ARG02A0160_035  0.000-10.63  0.57  3.13  0.00 -6.93 0.502  00  02T066M000  1.000
ARG02A0160_036  0.000 -9.64  1.09  0.46  0.00 -8.09 0.502  00  02T078M000  1.000
ARG02A0160_037  0.000 -8.97  0.26  1.06  0.00 -7.65 0.502  00  02T0A1M000  1.000
ARG02A0160_038  0.000 -8.84  1.00  3.36  0.00 -4.48 0.502  00  02T0B4M000  1.000
ARG02A0160_039  0.000-11.30  2.17  3.26  0.00 -5.87 0.503  00  02T0E5M000  1.000
ARG02A0160_040  0.000 -8.72  2.04  3.81  0.00 -2.87 0.502  00  02T0EDM000  1.000
ARG03A0160_041  0.000-10.95  0.43  0.48  0.00-10.04 0.502  00  03O000M000  1.000
ARG03A0160_042  0.000-10.95  2.17  3.26  0.00 -5.53 0.503  00  03E0E5M000  1.000
ARG03A0160_043  0.000 -9.71  2.02  3.80  0.00 -3.88 0.502  00  03E040M000  1.000
ARG03A0160_044  0.000 -9.76  4.52  3.17  0.00 -2.07 0.502  00  03E045M000  1.000
ARG03A0160_045  0.000 -9.68  1.09  0.46  0.00 -8.13 0.502  00  03E078M000  1.000
ARG03A0160_046  0.000 -8.64  1.48  3.85  0.00 -3.32 0.502  00  03T02FM000  1.000
ARG03A0160_047  0.000-10.74  4.68  3.12  0.00 -2.93 0.503  00  03T073M000  1.000
ARG03A0160_048  0.000 -8.59  0.98  3.36  0.00 -4.25 0.502  00  03T0B4M000  1.000
ARG03A0160_049  0.000 -8.55  0.26  1.08  0.00 -7.20 0.502  00  03T0B6M000  1.000
ARG03A0160_050  0.000 -6.33  0.29  3.85  0.00 -2.18 0.502  00  03T0C1M000  1.000
ARG03A0160_051  0.000-11.17  3.15  5.92  0.00 -2.10 0.502  00  03T0E9M000  1.000
ARG03A0160_052  0.000-10.80  1.11  0.45  0.00 -9.24 0.502  00  03T013M000  1.000
ARG03A0160_053  0.000-10.60  0.57  3.13  0.00 -6.89 0.502  00  03T066M000  1.000
ARG03A0160_054  0.000-11.52  0.64  3.35  0.00 -7.53 0.502  00  03T0ABM000  1.000
ARG03A0160_055  0.000-11.11  0.54  1.10  0.00 -9.46 0.502  00  03T0BFM000  1.000
ARG03A0160_056  0.000 -7.47 -0.06  3.84  0.00 -3.69 0.502  00  03T0C2M000  1.000
ARG03A0160_057  0.000 -9.93  0.99  1.12  0.00 -7.83 0.502  00  03T057M000  1.000
ARG03A0160_058  0.000 -9.11  0.27  1.06  0.00 -7.79 0.502  00  03T0A1M000  1.000
ARG03A0160_059  0.000 -9.32  1.24  3.70  0.00 -4.37 0.503  00  03T0E0M000  1.000
ARG03A0160_060  0.000 -8.68  2.04  3.81  0.00 -2.82 0.502  00  03T0EDM000  1.000
ARG+1A0160_061  1.000-10.99  0.43  0.48  0.00-10.08 0.502  00  +1O000M000  1.000
ARG+1A0160_062  1.000 -9.75  2.02  3.80  0.00 -3.93 0.502  00  +1E040M000  1.000
ARG+1A0160_063  1.000 -9.87  4.52  3.17  0.00 -2.18 0.502  00  +1E045M000  1.000
ARG+1A0160_064  1.000 -9.99  0.96  1.12  0.00 -7.92 0.502  00  +1E057M000  1.000
ARG+1A0160_065  1.000 -9.07  0.26  1.06  0.00 -7.75 0.502  00  +1E0A1M000  1.000
ARG+1A0160_066  1.000 -8.41  0.99  3.37  0.00 -4.06 0.502  00  +1E0B4M000  1.000
ARG+1A0160_067  1.000 -8.62  0.26  1.08  0.00 -7.27 0.502  00  +1E0B6M000  1.000
ARG+1A0160_068  1.000-11.29  0.54  1.10  0.00 -9.65 0.502  00  +1E0BFM000  1.000
ARG+1A0160_069  1.000 -7.53 -0.06  3.84  0.00 -3.76 0.502  00  +1E0C2M000  1.000
ARG+1A0160_070  1.000 -9.31  1.20  3.70  0.00 -4.41 0.503  00  +1E0E0M000  1.000
ARG+1A0160_071  1.000 -8.70  2.04  3.81  0.00 -2.85 0.502  00  +1E0EDM000  1.000
ARG+1A0160_072  1.000-10.77  1.11  0.45  0.00 -9.21 0.502  00  +1T013M000  1.000
ARG+1A0160_073  1.000 -8.68  1.48  3.85  0.00 -3.36 0.502  00  +1T02FM000  1.000
ARG+1A0160_074  1.000-10.77  0.56  3.14  0.00 -7.07 0.502  00  +1T066M000  1.000
ARG+1A0160_075  1.000-10.78  4.70  3.12  0.00 -2.96 0.503  00  +1T073M000  1.000
ARG+1A0160_076  1.000 -9.77  1.09  0.46  0.00 -8.22 0.502  00  +1T078M000  1.000
ARG+1A0160_077  1.000-11.39  0.63  3.35  0.00 -7.41 0.502  00  +1T0ABM000  1.000
ARG+1A0160_078  1.000 -6.33  0.30  3.85  0.00 -2.18 0.502  00  +1T0C1M000  1.000
ARG+1A0160_079  1.000-10.95  2.17  3.26  0.00 -5.52 0.503  00  +1T0E5M000  1.000
ARG+1A0160_080  1.000-11.21  3.16  5.92  0.00 -2.13 0.502  00  +1T0E9M000  1.000
