   confID        vdw0    sas     sum
ARG01A0160_001   3.097 -13.965 -10.868
ARG01A0160_002   2.806 -13.634 -10.828
ARG01A0160_003   3.995 -14.306 -10.310
ARG01A0160_004   4.113 -13.811  -9.698
ARG01A0160_005   4.441 -14.334  -9.893
ARG01A0160_006   3.407 -14.409 -11.003
ARG01A0160_007   3.792 -14.184 -10.392
ARG01A0160_008   4.012 -13.695  -9.683
ARG01A0160_009   4.808 -13.673  -8.865
ARG01A0160_010   6.520 -14.394  -7.874
ARG01A0160_011   2.937 -13.924 -10.987
ARG01A0160_012   5.696 -14.315  -8.620
ARG01A0160_013   5.548 -14.209  -8.661
ARG01A0160_014   5.206 -14.504  -9.298
ARG01A0160_015   3.359 -14.975 -11.615
ARG01A0160_016   5.485 -13.907  -8.422
ARG01A0160_017   3.220 -14.243 -11.023
ARG01A0160_018   7.101 -13.766  -6.664
ARG01A0160_019   4.742 -14.097  -9.355
ARG01A0160_020   3.068 -14.357 -11.289
ARG02A0160_021   3.428 -14.820 -11.391
ARG02A0160_022   3.074 -13.965 -10.892
ARG02A0160_023   4.095 -13.943  -9.848
ARG02A0160_024   3.760 -14.428 -10.668
ARG02A0160_025   4.241 -13.921  -9.680
ARG02A0160_026   5.447 -14.164  -8.718
ARG02A0160_027   6.600 -14.086  -7.486
ARG02A0160_028   4.977 -14.203  -9.226
ARG02A0160_029   5.759 -14.338  -8.579
ARG02A0160_030   3.196 -14.446 -11.250
ARG02A0160_031   3.149 -14.322 -11.173
ARG02A0160_032   4.478 -14.334  -9.856
ARG02A0160_033   7.257 -13.802  -6.545
ARG02A0160_034   2.926 -13.653 -10.728
ARG02A0160_035   3.569 -14.197 -10.627
ARG02A0160_036   3.995 -13.631  -9.636
ARG02A0160_037   5.356 -14.325  -8.969
ARG02A0160_038   4.784 -13.632  -8.848
ARG02A0160_039   2.938 -14.227 -11.288
ARG02A0160_040   5.704 -14.431  -8.727
ARG03A0160_041   3.010 -13.965 -10.955
ARG03A0160_042   3.227 -14.172 -10.944
ARG03A0160_043   4.218 -13.921  -9.703
ARG03A0160_044   4.056 -13.811  -9.755
ARG03A0160_045   3.948 -13.631  -9.683
ARG03A0160_046   5.785 -14.405  -8.620
ARG03A0160_047   3.746 -14.479 -10.734
ARG03A0160_048   5.120 -13.700  -8.580
ARG03A0160_049   5.481 -14.036  -8.555
ARG03A0160_050   7.369 -13.695  -6.326
ARG03A0160_051   3.159 -14.322 -11.163
ARG03A0160_052   2.856 -13.586 -10.730
ARG03A0160_053   3.520 -14.117 -10.596
ARG03A0160_054   3.427 -14.948 -11.522
ARG03A0160_055   3.207 -14.311 -11.103
ARG03A0160_056   6.614 -14.086  -7.472
ARG03A0160_057   4.394 -14.334  -9.940
ARG03A0160_058   5.284 -14.389  -9.104
ARG03A0160_059   4.932 -14.255  -9.323
ARG03A0160_060   5.639 -14.315  -8.677
ARG+1A0160_061   2.972 -13.965 -10.994
ARG+1A0160_062   4.167 -13.921  -9.753
ARG+1A0160_063   4.017 -13.876  -9.858
ARG+1A0160_064   4.350 -14.334  -9.984
ARG+1A0160_065   5.258 -14.325  -9.067
ARG+1A0160_066   5.152 -13.497  -8.345
ARG+1A0160_067   5.424 -14.036  -8.612
ARG+1A0160_068   3.147 -14.446 -11.298
ARG+1A0160_069   6.551 -14.086  -7.535
ARG+1A0160_070   4.941 -14.255  -9.314
ARG+1A0160_071   5.629 -14.315  -8.687
ARG+1A0160_072   2.822 -13.586 -10.764
ARG+1A0160_073   5.709 -14.338  -8.629
ARG+1A0160_074   3.478 -14.248 -10.771
ARG+1A0160_075   3.701 -14.544 -10.842
ARG+1A0160_076   3.916 -13.683  -9.766
ARG+1A0160_077   3.375 -14.768 -11.393
ARG+1A0160_078   7.400 -13.711  -6.311
ARG+1A0160_079   3.163 -14.107 -10.944
ARG+1A0160_080   3.108 -14.322 -11.214
