iConf CONFORMER     FL  occ    crg   Em0  pKa0 ne nH    vdw0    vdw1    tors    epol   dsolv   extra    history
00001 ARG01A0074_001 f 0.00  0.000     0  0.00  0  0 -12.867   0.550   0.464   0.035  -0.136   0.000 01O000M000t
00002 ARG01A0074_002 f 0.00  0.000     0  0.00  0  0 -12.338   0.443   1.195   0.074  -0.069   0.000 01E006M000t
00003 ARG01A0074_003 f 0.00  0.000     0  0.00  0  0 -11.736   4.321   1.150   0.047  -0.198   0.000 01E010M000t
00004 ARG01A0074_004 f 0.00  0.000     0  0.00  0  0 -11.927   3.240   3.414   0.035  -0.244   0.000 01E027M000t
00005 ARG01A0074_005 f 0.00  0.000     0  0.00  0  0 -11.124   3.135   0.449   0.055  -0.294   0.000 01E05BM000t
00006 ARG01A0074_006 f 0.00  0.000     0  0.00  0  0 -10.096   1.118   0.586   0.175   0.147   0.000 01E07CM000t
00007 ARG01A0074_007 f 0.00  0.000     0  0.00  0  0  -9.497   1.240   3.177   0.003  -0.045   0.000 01E09CM000t
00008 ARG01A0074_008 f 0.00  0.000     0  0.00  0  0 -10.920   1.217   3.230  -0.044   0.016   0.000 01E0CAM000t
00009 ARG01A0074_009 f 0.00  0.000     0  0.00  0  0  -6.655  -0.072   1.164  -0.100   0.343   0.000 01E0D7M000t
00010 ARG01A0074_010 f 0.00  0.000     0  0.00  0  0  -9.022   1.794   3.863   0.038   0.005   0.000 01E0E0M000t
00011 ARG01A0074_011 f 0.00  0.000     0  0.00  0  0 -11.986   1.401   3.204   0.020  -0.216   0.000 01T018M000t
00012 ARG01A0074_012 f 0.00  0.000     0  0.00  0  0 -11.682   0.618   0.460  -0.012  -0.359   0.000 01T01EM000t
00013 ARG01A0074_013 f 0.00  0.000     0  0.00  0  0 -12.515   1.974   6.170   0.091  -0.265   0.000 01T038M000t
00014 ARG01A0074_014 f 0.00  0.000     0  0.00  0  0 -12.207   1.179   0.611  -0.012  -0.454   0.000 01T043M000t
00015 ARG01A0074_015 f 0.00  0.000     0  0.00  0  0  -9.376   0.461   3.166   0.042  -0.276   0.000 01T0A2M000t
00016 ARG01A0074_016 f 0.00  0.000     0  0.00  0  0  -6.981   0.635   3.742   0.005  -0.154   0.000 01T0D4M000t
00017 ARG01A0074_017 f 0.00  0.000     0  0.00  0  0  -9.419   0.325   1.070  -0.058   0.068   0.000 01T0D6M000t
00018 ARG01A0074_018 f 0.00  0.000     0  0.00  0  0 -10.623   2.283   5.932   0.139   0.023   0.000 01T0EFM000t
00019 ARG01A0074_019 f 0.00  0.000     0  0.00  0  0 -10.794   1.234   0.520  -0.039  -0.218   0.000 01T108M000t
00020 ARG01A0074_020 f 0.00  0.000     0  0.00  0  0  -8.995   3.361   1.075  -0.019   0.049   0.000 01T11DM000t
00021 ARG02A0074_021 f 0.00  0.000     0  0.00  0  0 -12.905   0.547   0.464   0.058   1.063   0.000 02O000M000t
00022 ARG02A0074_022 f 0.00  0.000     0  0.00  0  0  -9.073   0.436   3.027   0.025   0.838   0.000 02E0A2M000t
00023 ARG02A0074_023 f 0.00  0.000     0  0.00  0  0 -10.942   1.187   3.228   0.198   1.105   0.000 02E0CAM000t
00024 ARG02A0074_024 f 0.00  0.000     0  0.00  0  0  -7.015   0.615   3.751   0.050   1.089   0.000 02E0D4M000t
00025 ARG02A0074_025 f 0.00  0.000     0  0.00  0  0 -12.551   0.497   1.053   0.106   0.571   0.000 02E006M000t
00026 ARG02A0074_026 f 0.00  0.000     0  0.00  0  0  -8.872   3.315   1.076  -0.080   1.014   0.000 02E11DM000t
00027 ARG02A0074_027 f 0.00  0.000     0  0.00  0  0 -12.452   1.249   0.476   0.038   0.962   0.000 02T043M000t
00028 ARG02A0074_028 f 0.00  0.000     0  0.00  0  0  -9.504   0.298   1.068  -0.018   1.247   0.000 02T0D6M000t
00029 ARG02A0074_029 f 0.00  0.000     0  0.00  0  0 -10.514   2.155   5.902   0.141   0.911   0.000 02T0EFM000t
00030 ARG02A0074_030 f 0.00  0.000     0  0.00  0  0 -11.839   2.839   2.890   0.017   0.987   0.000 02T027M000t
00031 ARG02A0074_031 f 0.00  0.000     0  0.00  0  0 -10.572   1.181   0.545   0.160   1.119   0.000 02T07CM000t
00032 ARG02A0074_032 f 0.00  0.000     0  0.00  0  0  -6.774  -0.087   1.130  -0.093   1.486   0.000 02T0D7M000t
00033 ARG02A0074_033 f 0.00  0.000     0  0.00  0  0 -11.960   0.594   0.432   0.029   0.631   0.000 02T01EM000t
00034 ARG02A0074_034 f 0.00  0.000     0  0.00  0  0  -8.858   1.802   3.834  -0.029   0.567   0.000 02T0E0M000t
00035 ARG02A0074_035 f 0.00  0.000     0  0.00  0  0 -10.443   1.167   0.468  -0.127   0.717   0.000 02T108M000t
00036 ARG02A0074_036 f 0.00  0.000     0  0.00  0  0 -11.600   3.697   1.039   0.010   0.630   0.000 02T010M000t
00037 ARG02A0074_037 f 0.00  0.000     0  0.00  0  0 -11.872   1.408   3.161   0.029   0.591   0.000 02T018M000t
00038 ARG02A0074_038 f 0.00  0.000     0  0.00  0  0 -12.645   2.164   5.971   0.048   0.682   0.000 02T038M000t
00039 ARG02A0074_039 f 0.00  0.000     0  0.00  0  0 -11.121   3.169   0.444   0.021   0.687   0.000 02T05BM000t
00040 ARG02A0074_040 f 0.00  0.000     0  0.00  0  0  -9.615   1.244   3.162  -0.049   0.791   0.000 02T09CM000t
00041 ARG03A0074_041 f 0.00  0.000     0  0.00  0  0 -12.910   0.547   0.464   0.056   0.848   0.000 03O000M000t
00042 ARG03A0074_042 f 0.00  0.000     0  0.00  0  0 -12.548   0.494   1.053   0.086   0.918   0.000 03E006M000t
00043 ARG03A0074_043 f 0.00  0.000     0  0.00  0  0  -9.820   1.195   0.546   0.168   1.126   0.000 03E07CM000t
00044 ARG03A0074_044 f 0.00  0.000     0  0.00  0  0 -10.583   1.095   0.469  -0.070   1.043   0.000 03E108M000t
00045 ARG03A0074_045 f 0.00  0.000     0  0.00  0  0 -10.886   1.173   3.229   0.165   0.885   0.000 03E0CAM000t
00046 ARG03A0074_046 f 0.00  0.000     0  0.00  0  0 -11.940   1.404   3.156   0.040   0.893   0.000 03T018M000t
00047 ARG03A0074_047 f 0.00  0.000     0  0.00  0  0 -11.214   3.156   0.443   0.030   0.914   0.000 03T05BM000t
00048 ARG03A0074_048 f 0.00  0.000     0  0.00  0  0  -6.469  -0.068   1.143  -0.110   1.352   0.000 03T0D7M000t
00049 ARG03A0074_049 f 0.00  0.000     0  0.00  0  0 -11.459   3.676   1.043   0.031   0.601   0.000 03T010M000t
00050 ARG03A0074_050 f 0.00  0.000     0  0.00  0  0 -11.982   0.597   0.436   0.012   0.631   0.000 03T01EM000t
00051 ARG03A0074_051 f 0.00  0.000     0  0.00  0  0 -11.709   2.835   2.889   0.018   0.704   0.000 03T027M000t
00052 ARG03A0074_052 f 0.00  0.000     0  0.00  0  0 -12.710   2.165   5.968   0.075   0.541   0.000 03T038M000t
00053 ARG03A0074_053 f 0.00  0.000     0  0.00  0  0 -12.528   1.261   0.473   0.022   0.577   0.000 03T043M000t
00054 ARG03A0074_054 f 0.00  0.000     0  0.00  0  0  -9.433   1.232   3.163  -0.011   0.970   0.000 03T09CM000t
00055 ARG03A0074_055 f 0.00  0.000     0  0.00  0  0  -7.875   0.435   3.059   0.034   0.910   0.000 03T0A2M000t
00056 ARG03A0074_056 f 0.00  0.000     0  0.00  0  0  -7.084   0.617   3.747   0.029   0.733   0.000 03T0D4M000t
00057 ARG03A0074_057 f 0.00  0.000     0  0.00  0  0  -9.470   0.298   1.067  -0.033   0.917   0.000 03T0D6M000t
00058 ARG03A0074_058 f 0.00  0.000     0  0.00  0  0 -10.476   2.155   5.901   0.128   0.947   0.000 03T0EFM000t
00059 ARG03A0074_059 f 0.00  0.000     0  0.00  0  0  -8.767   3.294   1.080  -0.040   0.700   0.000 03T11DM000t
00060 ARG03A0074_060 f 0.00  0.000     0  0.00  0  0  -9.042   1.801   3.830   0.022   1.022   0.000 03T0E0M000t
00061 ARG+1A0074_061 f 0.00  1.000     0 12.50  0  1 -12.949   0.547   0.464   0.141  -0.139   0.000 +1O000M000t
00062 ARG+1A0074_062 f 0.00  1.000     0 12.50  0  1 -11.638   3.712   1.042  -0.023  -0.184   0.000 +1E010M000t
00063 ARG+1A0074_063 f 0.00  1.000     0 12.50  0  1 -11.891   1.403   3.159   0.120  -0.145   0.000 +1E018M000t
00064 ARG+1A0074_064 f 0.00  1.000     0 12.50  0  1 -12.592   1.242   0.476   0.293  -0.118   0.000 +1E043M000t
00065 ARG+1A0074_065 f 0.00  1.000     0 12.50  0  1 -11.188   3.167   0.444   0.008  -0.218   0.000 +1E05BM000t
00066 ARG+1A0074_066 f 0.00  1.000     0 12.50  0  1 -10.049   1.199   0.541   0.342   0.156   0.000 +1E07CM000t
00067 ARG+1A0074_067 f 0.00  1.000     0 12.50  0  1  -8.197   0.444   3.078   0.081  -0.281   0.000 +1E0A2M000t
00068 ARG+1A0074_068 f 0.00  1.000     0 12.50  0  1 -11.001   1.182   3.232   0.674   0.137   0.000 +1E0CAM000t
00069 ARG+1A0074_069 f 0.00  1.000     0 12.50  0  1  -7.051   0.615   3.753   0.231  -0.383   0.000 +1E0D4M000t
00070 ARG+1A0074_070 f 0.00  1.000     0 12.50  0  1  -6.250  -0.065   1.144   0.245  -0.049   0.000 +1E0D7M000t
00071 ARG+1A0074_071 f 0.00  1.000     0 12.50  0  1 -10.628   1.105   0.469   0.272  -0.427   0.000 +1E108M000t
00072 ARG+1A0074_072 f 0.00  1.000     0 12.50  0  1 -12.450   0.494   1.055   0.217  -0.284   0.000 +1T006M000t
00073 ARG+1A0074_073 f 0.00  1.000     0 12.50  0  1 -12.011   0.593   0.434   0.126  -0.086   0.000 +1T01EM000t
00074 ARG+1A0074_074 f 0.00  1.000     0 12.50  0  1 -11.749   2.838   2.893   0.013  -0.571   0.000 +1T027M000t
00075 ARG+1A0074_075 f 0.00  1.000     0 12.50  0  1 -12.750   2.161   5.968   0.369  -0.319   0.000 +1T038M000t
00076 ARG+1A0074_076 f 0.00  1.000     0 12.50  0  1  -9.590   1.237   3.163   0.104  -0.285   0.000 +1T09CM000t
00077 ARG+1A0074_077 f 0.00  1.000     0 12.50  0  1  -9.488   0.296   1.069   0.260   0.026   0.000 +1T0D6M000t
00078 ARG+1A0074_078 f 0.00  1.000     0 12.50  0  1  -8.937   1.798   3.835   0.176  -0.475   0.000 +1T0E0M000t
00079 ARG+1A0074_079 f 0.00  1.000     0 12.50  0  1 -10.504   2.157   5.908   0.277  -0.027   0.000 +1T0EFM000t
00080 ARG+1A0074_080 f 0.00  1.000     0 12.50  0  1  -8.806   3.297   1.082   0.075  -0.053   0.000 +1T11DM000t
