CONFORMER         crg  vdw0  vdw1  tors  epol  self   occ  Hb     history    ASA
ARG01A0074_001  0.000-12.87  0.43  0.46  0.00-11.97 0.501  00  01O000M000  1.000
ARG01A0074_002  0.000-12.34  0.37  1.19  0.00-10.78 0.502  00  01E006M000  1.000
ARG01A0074_003  0.000-11.73  4.32  1.15  0.00 -6.26 0.501  00  01E010M000  1.000
ARG01A0074_004  0.000-11.93  3.19  3.42  0.00 -5.32 0.501  00  01E027M000  1.000
ARG01A0074_005  0.000-11.12  3.08  0.45  0.00 -7.59 0.502  00  01E05BM000  1.000
ARG01A0074_006  0.000-10.08  1.07  0.59  0.00 -8.42 0.502  00  01E07CM000  1.000
ARG01A0074_007  0.000 -9.50  1.19  3.18  0.00 -5.13 0.501  00  01E09CM000  1.000
ARG01A0074_008  0.000-10.92  1.15  3.23  0.00 -6.54 0.501  00  01E0CAM000  1.000
ARG01A0074_009  0.000 -6.68 -0.14  1.16  0.00 -5.66 0.501  00  01E0D7M000  1.000
ARG01A0074_010  0.000 -8.97  1.79  3.86  0.00 -3.31 0.502  00  01E0E0M000  1.000
ARG01A0074_011  0.000-12.00  1.35  3.21  0.00 -7.44 0.501  00  01T018M000  1.000
ARG01A0074_012  0.000-11.69  0.52  0.46  0.00-10.71 0.502  00  01T01EM000  1.000
ARG01A0074_013  0.000-12.51  1.97  6.17  0.00 -4.37 0.502  00  01T038M000  1.000
ARG01A0074_014  0.000-12.20  1.13  0.61  0.00-10.46 0.502  00  01T043M000  1.000
ARG01A0074_015  0.000 -9.38  0.36  3.17  0.00 -5.85 0.502  00  01T0A2M000  1.000
ARG01A0074_016  0.000 -6.98  0.57  3.74  0.00 -2.67 0.502  00  01T0D4M000  1.000
ARG01A0074_017  0.000 -9.42  0.26  1.07  0.00 -8.09 0.502  00  01T0D6M000  1.000
ARG01A0074_018  0.000-10.62  2.28  5.94  0.00 -2.40 0.502  00  01T0EFM000  1.000
ARG01A0074_019  0.000-10.80  1.19  0.52  0.00 -9.09 0.502  00  01T108M000  1.000
ARG01A0074_020  0.000 -8.99  3.37  1.08  0.00 -4.55 0.502  00  01T11DM000  1.000
ARG02A0074_021  0.000-12.90  0.43  0.46  0.00-12.01 0.501  00  02O000M000  1.000
ARG02A0074_022  0.000 -9.08  0.33  3.03  0.00 -5.71 0.502  00  02E0A2M000  1.000
ARG02A0074_023  0.000-10.94  1.12  3.23  0.00 -6.59 0.501  00  02E0CAM000  1.000
ARG02A0074_024  0.000 -7.02  0.55  3.75  0.00 -2.72 0.502  00  02E0D4M000  1.000
ARG02A0074_025  0.000-12.55  0.43  1.05  0.00-11.07 0.502  00  02E006M000  1.000
ARG02A0074_026  0.000 -8.86  3.32  1.08  0.00 -4.46 0.502  00  02E11DM000  1.000
ARG02A0074_027  0.000-12.46  1.20  0.48  0.00-10.78 0.502  00  02T043M000  1.000
ARG02A0074_028  0.000 -9.50  0.23  1.07  0.00 -8.20 0.502  00  02T0D6M000  1.000
ARG02A0074_029  0.000-10.52  2.15  5.90  0.00 -2.47 0.502  00  02T0EFM000  1.000
ARG02A0074_030  0.000-11.84  2.78  2.89  0.00 -6.16 0.501  00  02T027M000  1.000
ARG02A0074_031  0.000-10.57  1.13  0.55  0.00 -8.90 0.502  00  02T07CM000  1.000
ARG02A0074_032  0.000 -6.79 -0.15  1.13  0.00 -5.81 0.501  00  02T0D7M000  1.000
ARG02A0074_033  0.000-11.96  0.49  0.43  0.00-11.03 0.502  00  02T01EM000  1.000
ARG02A0074_034  0.000 -8.87  1.81  3.83  0.00 -3.23 0.502  00  02T0E0M000  1.000
ARG02A0074_035  0.000-10.44  1.12  0.47  0.00 -8.85 0.502  00  02T108M000  1.000
ARG02A0074_036  0.000-11.61  3.70  1.04  0.00 -6.86 0.501  00  02T010M000  1.000
ARG02A0074_037  0.000-11.87  1.35  3.16  0.00 -7.35 0.501  00  02T018M000  1.000
ARG02A0074_038  0.000-12.65  2.16  5.97  0.00 -4.51 0.502  00  02T038M000  1.000
ARG02A0074_039  0.000-11.12  3.11  0.44  0.00 -7.57 0.502  00  02T05BM000  1.000
ARG02A0074_040  0.000 -9.61  1.19  3.16  0.00 -5.26 0.501  00  02T09CM000  1.000
ARG03A0074_041  0.000-12.91  0.43  0.46  0.00-12.02 0.501  00  03O000M000  1.000
ARG03A0074_042  0.000-12.54  0.43  1.05  0.00-11.06 0.502  00  03E006M000  1.000
ARG03A0074_043  0.000 -9.82  1.15  0.55  0.00 -8.13 0.502  00  03E07CM000  1.000
ARG03A0074_044  0.000-10.59  1.05  0.47  0.00 -9.08 0.502  00  03E108M000  1.000
ARG03A0074_045  0.000-10.89  1.11  3.23  0.00 -6.55 0.501  00  03E0CAM000  1.000
ARG03A0074_046  0.000-11.95  1.35  3.16  0.00 -7.44 0.501  00  03T018M000  1.000
ARG03A0074_047  0.000-11.22  3.11  0.44  0.00 -7.67 0.502  00  03T05BM000  1.000
ARG03A0074_048  0.000 -6.47 -0.13  1.14  0.00 -5.46 0.501  00  03T0D7M000  1.000
ARG03A0074_049  0.000-11.46  3.67  1.04  0.00 -6.75 0.501  00  03T010M000  1.000
ARG03A0074_050  0.000-11.98  0.49  0.44  0.00-11.05 0.502  00  03T01EM000  1.000
ARG03A0074_051  0.000-11.71  2.78  2.89  0.00 -6.04 0.501  00  03T027M000  1.000
ARG03A0074_052  0.000-12.71  2.16  5.97  0.00 -4.58 0.502  00  03T038M000  1.000
ARG03A0074_053  0.000-12.53  1.21  0.47  0.00-10.84 0.502  00  03T043M000  1.000
ARG03A0074_054  0.000 -9.44  1.18  3.16  0.00 -5.10 0.501  00  03T09CM000  1.000
ARG03A0074_055  0.000 -7.88  0.33  3.06  0.00 -4.49 0.502  00  03T0A2M000  1.000
ARG03A0074_056  0.000 -7.08  0.55  3.75  0.00 -2.79 0.502  00  03T0D4M000  1.000
ARG03A0074_057  0.000 -9.46  0.23  1.07  0.00 -8.17 0.502  00  03T0D6M000  1.000
ARG03A0074_058  0.000-10.46  2.16  5.90  0.00 -2.41 0.502  00  03T0EFM000  1.000
ARG03A0074_059  0.000 -8.75  3.29  1.08  0.00 -4.38 0.502  00  03T11DM000  1.000
ARG03A0074_060  0.000 -9.05  1.80  3.83  0.00 -3.42 0.502  00  03T0E0M000  1.000
ARG+1A0074_061  1.000-12.95  0.43  0.46  0.00-12.06 0.501  00  +1O000M000  1.000
ARG+1A0074_062  1.000-11.64  3.72  1.04  0.00 -6.87 0.501  00  +1E010M000  1.000
ARG+1A0074_063  1.000-11.96  1.35  3.16  0.00 -7.45 0.501  00  +1E018M000  1.000
ARG+1A0074_064  1.000-12.65  1.20  0.48  0.00-10.98 0.502  00  +1E043M000  1.000
ARG+1A0074_065  1.000-11.19  3.11  0.44  0.00 -7.64 0.502  00  +1E05BM000  1.000
ARG+1A0074_066  1.000-10.04  1.15  0.54  0.00 -8.35 0.502  00  +1E07CM000  1.000
ARG+1A0074_067  1.000 -8.20  0.34  3.08  0.00 -4.78 0.502  00  +1E0A2M000  1.000
ARG+1A0074_068  1.000-10.99  1.12  3.23  0.00 -6.64 0.501  00  +1E0CAM000  1.000
ARG+1A0074_069  1.000 -7.06  0.55  3.75  0.00 -2.76 0.502  00  +1E0D4M000  1.000
ARG+1A0074_070  1.000 -6.25 -0.13  1.14  0.00 -5.23 0.501  00  +1E0D7M000  1.000
ARG+1A0074_071  1.000-10.62  1.06  0.47  0.00 -9.09 0.502  00  +1E108M000  1.000
ARG+1A0074_072  1.000-12.45  0.43  1.06  0.00-10.97 0.502  00  +1T006M000  1.000
ARG+1A0074_073  1.000-12.02  0.49  0.43  0.00-11.10 0.502  00  +1T01EM000  1.000
ARG+1A0074_074  1.000-11.75  2.79  2.89  0.00 -6.07 0.501  00  +1T027M000  1.000
ARG+1A0074_075  1.000-12.75  2.16  5.97  0.00 -4.63 0.502  00  +1T038M000  1.000
ARG+1A0074_076  1.000 -9.58  1.18  3.16  0.00 -5.24 0.501  00  +1T09CM000  1.000
ARG+1A0074_077  1.000 -9.48  0.23  1.07  0.00 -8.19 0.502  00  +1T0D6M000  1.000
ARG+1A0074_078  1.000 -8.94  1.80  3.84  0.00 -3.30 0.502  00  +1T0E0M000  1.000
ARG+1A0074_079  1.000-10.51  2.15  5.91  0.00 -2.44 0.502  00  +1T0EFM000  1.000
ARG+1A0074_080  1.000 -8.82  3.30  1.08  0.00 -4.44 0.502  00  +1T11DM000  1.000
