   confID        vdw0    sas     sum
ARG01A0074_001   1.630 -14.497 -12.867
ARG01A0074_002   3.764 -13.762  -9.998
ARG01A0074_003   3.660 -14.048 -10.388
ARG01A0074_004   3.784 -14.406 -10.622
ARG01A0074_005   4.637 -14.066  -9.429
ARG01A0074_006   3.424 -14.177 -10.752
ARG01A0074_007   5.469 -14.686  -9.217
ARG01A0074_008   3.669 -14.643 -10.974
ARG01A0074_009   4.728 -14.527  -9.799
ARG01A0074_010   1.432 -14.575 -13.142
ARG01A0074_011   2.402 -14.640 -12.237
ARG01A0074_012   2.414 -14.489 -12.075
ARG01A0074_013   3.306 -14.497 -11.192
ARG01A0074_014   3.019 -14.709 -11.690
ARG01A0074_015   2.648 -14.232 -11.584
ARG01A0074_016   2.773 -14.532 -11.759
ARG01A0074_017   6.895 -14.019  -7.124
ARG01A0074_018   3.852 -14.427 -10.575
ARG01A0074_019   3.661 -14.455 -10.794
ARG01A0074_020   6.460 -14.023  -7.563
ARG02A0074_021   1.592 -14.497 -12.905
ARG02A0074_022   3.663 -14.511 -10.849
ARG02A0074_023   1.425 -14.738 -13.314
ARG02A0074_024   3.273 -14.452 -11.178
ARG02A0074_025   3.685 -13.864 -10.180
ARG02A0074_026   6.893 -14.019  -7.126
ARG02A0074_027   2.977 -14.644 -11.667
ARG02A0074_028   3.788 -14.406 -10.618
ARG02A0074_029   3.688 -14.147 -10.459
ARG02A0074_030   3.368 -14.177 -10.808
ARG02A0074_031   3.788 -14.363 -10.575
ARG02A0074_032   4.645 -14.408  -9.763
ARG02A0074_033   2.461 -14.893 -12.431
ARG02A0074_034   3.657 -13.614  -9.957
ARG02A0074_035   4.648 -14.397  -9.749
ARG02A0074_036   5.366 -14.434  -9.068
ARG02A0074_037   2.467 -14.415 -11.949
ARG02A0074_038   2.600 -14.347 -11.747
ARG02A0074_039   2.759 -14.464 -11.705
ARG02A0074_040   6.558 -13.959  -7.401
ARG03A0074_041   1.587 -14.497 -12.910
ARG03A0074_042   3.765 -14.379 -10.615
ARG03A0074_043   6.432 -13.956  -7.523
ARG03A0074_044   2.987 -14.763 -11.777
ARG03A0074_045   6.865 -13.955  -7.090
ARG03A0074_046   4.591 -14.281  -9.690
ARG03A0074_047   3.657 -13.983 -10.326
ARG03A0074_048   3.771 -14.406 -10.635
ARG03A0074_049   1.356 -14.851 -13.495
ARG03A0074_050   2.713 -14.283 -11.570
ARG03A0074_051   3.743 -13.745 -10.002
ARG03A0074_052   3.325 -14.045 -10.720
ARG03A0074_053   2.400 -14.809 -12.408
ARG03A0074_054   3.198 -14.320 -11.122
ARG03A0074_055   5.332 -14.328  -8.996
ARG03A0074_056   2.403 -14.511 -12.108
ARG03A0074_057   2.746 -14.528 -11.783
ARG03A0074_058   3.668 -14.515 -10.847
ARG03A0074_059   3.686 -14.259 -10.573
ARG03A0074_060   4.629 -14.412  -9.783
ARG+1A0074_061   1.548 -14.497 -12.949
ARG+1A0074_062   2.361 -14.809 -12.448
ARG+1A0074_063   3.148 -14.452 -11.303
ARG+1A0074_064   2.940 -14.763 -11.824
ARG+1A0074_065   2.690 -14.416 -11.726
ARG+1A0074_066   3.614 -13.983 -10.369
ARG+1A0074_067   6.818 -14.019  -7.201
ARG+1A0074_068   3.295 -14.045 -10.750
ARG+1A0074_069   3.625 -14.579 -10.954
ARG+1A0074_070   1.319 -14.851 -13.532
ARG+1A0074_071   2.365 -14.447 -12.082
ARG+1A0074_072   2.680 -14.283 -11.604
ARG+1A0074_073   3.694 -13.745 -10.051
ARG+1A0074_074   3.743 -14.406 -10.663
ARG+1A0074_075   4.578 -14.397  -9.819
ARG+1A0074_076   5.321 -14.331  -9.010
ARG+1A0074_077   3.749 -14.363 -10.614
ARG+1A0074_078   3.640 -14.259 -10.619
ARG+1A0074_079   6.395 -13.908  -7.512
ARG+1A0074_080   4.582 -14.344  -9.762
