CONFORMER         crg  vdw0  vdw1  tors  epol  self   occ  Hb     history    ASA
HIS01A0151_001  0.000-11.69 -0.38  0.00  0.00-12.07 0.517  00  01O000M000  1.000
HIS01A0151_002  0.000-11.80 -0.39  0.00  0.00-12.19 0.517  00  01R001M000  1.000
HIS01A0151_003  0.000-11.60  1.69  0.00  0.00 -9.91 0.517  00  01E008M000  1.000
HIS01A0151_004  0.000-12.05  0.44  0.00  0.00-11.61 0.518  00  01E016M000  1.000
HIS01A0151_005  0.000-12.41  1.10  2.80  0.00 -8.51 0.520  00  01E018M000  1.000
HIS01A0151_006  0.000-12.11  0.58  2.80  0.00 -8.73 0.518  00  01E019M000  1.000
HIS01A0151_007  0.000-12.38  1.47  2.80  0.00 -8.11 0.518  00  01E01BM000  1.000
HIS01A0151_008  0.000-11.65  1.69  2.80  0.00 -7.15 0.519  00  01T002M000  1.000
HIS01A0151_009  0.000-11.16 -0.63  0.00  0.00-11.80 0.519  00  01T003M000  1.000
HIS01A0151_010  0.000-11.88 -0.01  0.00  0.00-11.89 0.518  00  01T007M000  1.000
HIS01A0151_011  0.000-12.00  0.25  0.00  0.00-11.75 0.519  00  01T00AM000  1.000
HIS01A0151_012  0.000-11.74  1.88  0.00  0.00 -9.85 0.517  00  01T00BM000  1.000
HIS01A0151_013  0.000-11.73  1.79  0.00  0.00 -9.93 0.518  00  01T00FM000  1.000
HIS01A0151_014  0.000-11.56  2.15  2.80  0.00 -6.60 0.517  00  01T011M000  1.000
HIS01A0151_015  0.000-12.23  4.33  0.01  0.00 -7.88 0.518  00  01T012M000  1.000
HIS01A0151_016  0.000-12.22  0.07  0.00  0.00-12.15 0.518  00  01T013M000  1.000
HIS01A0151_017  0.000-11.66 -0.10  0.00  0.00-11.76 0.519  00  01T014M000  1.000
HIS01A0151_018  0.000-11.80  4.64  0.00  0.00 -7.16 0.519  00  01T015M000  1.000
HIS01A0151_019  0.000-11.74  1.20  2.80  0.00 -7.74 0.516  00  01T017M000  1.000
HIS02A0151_020  0.000-11.71 -0.41  0.00  0.00-12.12 0.517  00  02O000M000  1.000
HIS02A0151_021  0.000-11.67  1.67  2.80  0.00 -7.20 0.519  00  02E002M000  1.000
HIS02A0151_022  0.000-11.03 -0.64  0.00  0.00-11.67 0.519  00  02E003M000  1.000
HIS02A0151_023  0.000-11.83  1.74  0.00  0.00-10.08 0.517  00  02E00BM000  1.000
HIS02A0151_024  0.000-11.75  1.74  0.00  0.00-10.00 0.518  00  02E00FM000  1.000
HIS02A0151_025  0.000-12.23  0.07  0.00  0.00-12.16 0.518  00  02E013M000  1.000
HIS02A0151_026  0.000-12.06  0.42  0.00  0.00-11.64 0.518  00  02E016M000  1.000
HIS02A0151_027  0.000-11.64  1.20  2.80  0.00 -7.64 0.516  00  02E017M000  1.000
HIS02A0151_028  0.000-12.12  0.56  2.80  0.00 -8.76 0.518  00  02E019M000  1.000
HIS02A0151_029  0.000-12.39  1.50  2.80  0.00 -8.09 0.518  00  02E01BM000  1.000
HIS02A0151_030  0.000-11.90 -0.02  0.00  0.00-11.92 0.518  00  02T007M000  1.000
HIS02A0151_031  0.000-11.67  1.70  0.00  0.00 -9.97 0.517  00  02T008M000  1.000
HIS02A0151_032  0.000-11.73 -0.44  0.00  0.00-12.17 0.518  00  02T009M000  1.000
HIS02A0151_033  0.000-12.02  0.18  0.00  0.00-11.83 0.519  00  02T00AM000  1.000
HIS02A0151_034  0.000-11.57  2.12  2.80  0.00 -6.65 0.517  00  02T011M000  1.000
HIS02A0151_035  0.000-12.19  4.24  0.02  0.00 -7.93 0.518  00  02T012M000  1.000
HIS02A0151_036  0.000-11.68 -0.14  0.00  0.00-11.82 0.519  00  02T014M000  1.000
HIS02A0151_037  0.000-11.83  4.70  0.01  0.00 -7.12 0.519  00  02T015M000  1.000
HIS02A0151_038  0.000-12.38  1.09  2.80  0.00 -8.50 0.520  00  02T018M000  1.000
HIS+1A0151_039  1.000-11.73 -0.41  0.00  0.00-12.15 0.517  00  +1O000M000  1.000
HIS+1A0151_040  1.000-11.70  1.67  2.80  0.00 -7.23 0.519  00  +1E002M000  1.000
HIS+1A0151_041  1.000-11.65  1.70  0.00  0.00 -9.95 0.517  00  +1E008M000  1.000
HIS+1A0151_042  1.000-11.75 -0.44  0.00  0.00-12.20 0.518  00  +1E009M000  1.000
HIS+1A0151_043  1.000-12.04  0.18  0.00  0.00-11.86 0.519  00  +1E00AM000  1.000
HIS+1A0151_044  1.000-11.53  2.12  2.80  0.00 -6.62 0.517  00  +1E011M000  1.000
HIS+1A0151_045  1.000-11.77  4.75  0.00  0.00 -7.01 0.519  00  +1E015M000  1.000
HIS+1A0151_046  1.000-11.67  1.20  2.80  0.00 -7.67 0.516  00  +1E017M000  1.000
HIS+1A0151_047  1.000-12.46  1.10  2.80  0.00 -8.56 0.520  00  +1E018M000  1.000
HIS+1A0151_048  1.000-12.15  0.56  2.80  0.00 -8.79 0.518  00  +1E019M000  1.000
HIS+1A0151_049  1.000-12.35  1.51  2.80  0.00 -8.05 0.518  00  +1E01BM000  1.000
HIS+1A0151_050  1.000-11.10 -0.64  0.00  0.00-11.74 0.519  00  +1T003M000  1.000
HIS+1A0151_051  1.000-11.93 -0.02  0.00  0.00-11.95 0.518  00  +1T007M000  1.000
HIS+1A0151_052  1.000-11.76  1.78  0.00  0.00 -9.98 0.517  00  +1T00BM000  1.000
HIS+1A0151_053  1.000-11.77  1.76  0.00  0.00-10.01 0.518  00  +1T00FM000  1.000
HIS+1A0151_054  1.000-12.21  4.38  0.01  0.00 -7.82 0.518  00  +1T012M000  1.000
HIS+1A0151_055  1.000-12.22  0.06  0.00  0.00-12.16 0.518  00  +1T013M000  1.000
HIS+1A0151_056  1.000-11.77 -0.15  0.00  0.00-11.92 0.519  00  +1T014M000  1.000
HIS+1A0151_057  1.000-12.02  0.42  0.00  0.00-11.60 0.518  00  +1T016M000  1.000
