iConf CONFORMER     FL  occ    crg   Em0  pKa0 ne nH    vdw0    vdw1    tors    epol   dsolv   extra    history
00001 HIS01A0151_001 f 0.00  0.000     0  0.00  0  0 -11.688  -0.384   0.000   0.351   0.513   0.000 01O000M000t
00002 HIS01A0151_002 f 0.00  0.000     0  0.00  0  0 -11.942   2.308   2.800   0.159   0.324   0.000 01E004M000t
00003 HIS01A0151_003 f 0.00  0.000     0  0.00  0  0 -11.735   1.886   0.002   0.115   0.356   0.000 01E00BM000t
00004 HIS01A0151_004 f 0.00  0.000     0  0.00  0  0 -11.637   1.664   2.800   0.327   0.290   0.000 01E00CM000t
00005 HIS01A0151_005 f 0.00  0.000     0  0.00  0  0 -11.781  -0.631   0.000   0.479   0.358   0.000 01E00EM000t
00006 HIS01A0151_006 f 0.00  0.000     0  0.00  0  0 -12.213   0.075   0.000   0.461   0.327   0.000 01E013M000t
00007 HIS01A0151_007 f 0.00  0.000     0  0.00  0  0 -11.683   4.645   0.004  -0.318   0.510   0.000 01E015M000t
00008 HIS01A0151_008 f 0.00  0.000     0  0.00  0  0 -11.647   1.692   2.800   0.468   0.402   0.000 01T002M000t
00009 HIS01A0151_009 f 0.00  0.000     0  0.00  0  0 -11.162  -0.634   0.000   0.372   0.366   0.000 01T003M000t
00010 HIS01A0151_010 f 0.00  0.000     0  0.00  0  0 -11.875  -0.177   0.000   0.337   0.413   0.000 01T005M000t
00011 HIS01A0151_011 f 0.00  0.000     0  0.00  0  0 -11.882  -0.012   0.000   0.413   0.310   0.000 01T007M000t
00012 HIS01A0151_012 f 0.00  0.000     0  0.00  0  0 -11.648   1.708   0.002   0.542   0.355   0.000 01T008M000t
00013 HIS01A0151_013 f 0.00  0.000     0  0.00  0  0 -11.709  -0.426   0.000   0.345   0.197   0.000 01T009M000t
00014 HIS01A0151_014 f 0.00  0.000     0  0.00  0  0 -11.730   1.792   0.001   0.587   0.656   0.000 01T00FM000t
00015 HIS01A0151_015 f 0.00  0.000     0  0.00  0  0 -11.800   3.525   0.008   0.539   0.626   0.000 01T010M000t
00016 HIS01A0151_016 f 0.00  0.000     0  0.00  0  0 -11.557   2.158   2.800   0.417   0.359   0.000 01T011M000t
00017 HIS01A0151_017 f 0.00  0.000     0  0.00  0  0 -11.740   1.197   2.800   0.452   0.350   0.000 01T017M000t
00018 HIS01A0151_018 f 0.00  0.000     0  0.00  0  0 -12.363   1.093   2.800   0.411   0.345   0.000 01T018M000t
00019 HIS01A0151_019 f 0.00  0.000     0  0.00  0  0 -12.106   0.581   2.800   0.328   0.358   0.000 01T019M000t
00020 HIS01A0151_020 f 0.00  0.000     0  0.00  0  0 -12.425   1.479   2.799   0.270   0.292   0.000 01T01BM000t
00021 HIS02A0151_021 f 0.00  0.000     0  0.00  0  0 -11.706  -0.412   0.000   0.266   0.357   0.000 02O000M000t
00022 HIS02A0151_022 f 0.00  0.000     0  0.00  0  0 -11.027  -0.640   0.000   0.299   0.407   0.000 02E003M000t
00023 HIS02A0151_023 f 0.00  0.000     0  0.00  0  0 -11.763  -0.192   0.000   0.193   0.370   0.000 02E005M000t
00024 HIS02A0151_024 f 0.00  0.000     0  0.00  0  0 -11.830   1.743   0.004   1.003   0.252   0.000 02E00BM000t
00025 HIS02A0151_025 f 0.00  0.000     0  0.00  0  0 -11.723   1.645   2.800   0.317   0.431   0.000 02E00CM000t
00026 HIS02A0151_026 f 0.00  0.000     0  0.00  0  0 -11.800  -0.657   0.000   0.359   0.304   0.000 02E00EM000t
00027 HIS02A0151_027 f 0.00  0.000     0  0.00  0  0 -11.745   1.740   0.001   0.022   0.534   0.000 02E00FM000t
00028 HIS02A0151_028 f 0.00  0.000     0  0.00  0  0 -11.574   2.126   2.800   0.104   0.472   0.000 02E011M000t
00029 HIS02A0151_029 f 0.00  0.000     0  0.00  0  0 -12.232   0.068   0.000   0.273   0.310   0.000 02E013M000t
00030 HIS02A0151_030 f 0.00  0.000     0  0.00  0  0 -11.739   4.700   0.005   0.970   0.438   0.000 02E015M000t
00031 HIS02A0151_031 f 0.00  0.000     0  0.00  0  0 -11.643   1.197   2.800   0.347   0.104   0.000 02E017M000t
00032 HIS02A0151_032 f 0.00  0.000     0  0.00  0  0 -12.342   1.506   2.799   0.286   0.346   0.000 02E01BM000t
00033 HIS02A0151_033 f 0.00  0.000     0  0.00  0  0 -11.667   1.669   2.800   0.302   0.245   0.000 02T002M000t
00034 HIS02A0151_034 f 0.00  0.000     0  0.00  0  0 -12.028   2.289   2.800   0.051   0.282   0.000 02T004M000t
00035 HIS02A0151_035 f 0.00  0.000     0  0.00  0  0 -11.903  -0.017   0.000   0.322   0.256   0.000 02T007M000t
00036 HIS02A0151_036 f 0.00  0.000     0  0.00  0  0 -11.669   1.696   0.002   0.491   0.302   0.000 02T008M000t
00037 HIS02A0151_037 f 0.00  0.000     0  0.00  0  0 -11.727  -0.441   0.000   0.290   0.080   0.000 02T009M000t
00038 HIS02A0151_038 f 0.00  0.000     0  0.00  0  0 -11.810   3.942   0.014  -0.552   0.564   0.000 02T010M000t
00039 HIS02A0151_039 f 0.00  0.000     0  0.00  0  0 -12.383   1.086   2.800   0.294   0.275   0.000 02T018M000t
00040 HIS02A0151_040 f 0.00  0.000     0  0.00  0  0 -12.122   0.561   2.800   0.270   0.463   0.000 02T019M000t
00041 HIS+1A0151_041 f 0.00  1.000     0  6.98  0  1 -11.733  -0.414   0.000   0.605  -0.317   0.000 +1O000M000t
00042 HIS+1A0151_042 f 0.00  1.000     0  6.98  0  1 -11.695   1.671   2.800   0.499  -0.361   0.000 +1E002M000t
00043 HIS+1A0151_043 f 0.00  1.000     0  6.98  0  1 -11.054  -0.644   0.000   0.531  -0.218   0.000 +1E003M000t
00044 HIS+1A0151_044 f 0.00  1.000     0  6.98  0  1 -12.054   2.289   2.800   0.770  -0.412   0.000 +1E004M000t
00045 HIS+1A0151_045 f 0.00  1.000     0  6.98  0  1 -11.832  -0.019   0.000   0.651  -0.281   0.000 +1E007M000t
00046 HIS+1A0151_046 f 0.00  1.000     0  6.98  0  1 -11.789   1.781   0.003   1.384   0.041   0.000 +1E00BM000t
00047 HIS+1A0151_047 f 0.00  1.000     0  6.98  0  1 -11.682   1.642   2.800   0.488  -0.296   0.000 +1E00CM000t
00048 HIS+1A0151_048 f 0.00  1.000     0  6.98  0  1 -11.791   4.136   0.011  -0.320   0.013   0.000 +1E010M000t
00049 HIS+1A0151_049 f 0.00  1.000     0  6.98  0  1 -12.261   0.066   0.000   0.924  -0.504   0.000 +1E013M000t
00050 HIS+1A0151_050 f 0.00  1.000     0  6.98  0  1 -11.766   4.756   0.005   1.804  -0.003   0.000 +1E015M000t
00051 HIS+1A0151_051 f 0.00  1.000     0  6.98  0  1 -11.671   1.195   2.800   0.726  -0.428   0.000 +1E017M000t
00052 HIS+1A0151_052 f 0.00  1.000     0  6.98  0  1 -12.459   1.096   2.800   0.680  -0.652   0.000 +1E018M000t
00053 HIS+1A0151_053 f 0.00  1.000     0  6.98  0  1 -11.851  -0.193   0.000   0.888  -0.342   0.000 +1T005M000t
00054 HIS+1A0151_054 f 0.00  1.000     0  6.98  0  1 -11.696   1.704   0.002   0.827  -0.280   0.000 +1T008M000t
00055 HIS+1A0151_055 f 0.00  1.000     0  6.98  0  1 -11.754  -0.442   0.000   0.612  -0.353   0.000 +1T009M000t
00056 HIS+1A0151_056 f 0.00  1.000     0  6.98  0  1 -11.850  -0.659   0.000   0.603  -0.412   0.000 +1T00EM000t
00057 HIS+1A0151_057 f 0.00  1.000     0  6.98  0  1 -11.773   1.758   0.001   0.157   0.011   0.000 +1T00FM000t
00058 HIS+1A0151_058 f 0.00  1.000     0  6.98  0  1 -11.533   2.115   2.800   0.769  -0.436   0.000 +1T011M000t
00059 HIS+1A0151_059 f 0.00  1.000     0  6.98  0  1 -12.150   0.560   2.800   0.711  -0.333   0.000 +1T019M000t
00060 HIS+1A0151_060 f 0.00  1.000     0  6.98  0  1 -12.468   1.504   2.800   0.679  -0.211   0.000 +1T01BM000t
