   confID        vdw0    sas     sum
HIS01A0151_001  -0.152 -11.535 -11.688
HIS01A0151_002  -0.117 -11.683 -11.800
HIS01A0151_003  -0.207 -11.392 -11.599
HIS01A0151_004  -0.287 -11.693 -11.980
HIS01A0151_005  -0.208 -12.203 -12.412
HIS01A0151_006  -0.140 -11.966 -12.106
HIS01A0151_007  -0.287 -12.091 -12.378
HIS01A0151_008  -0.147 -11.500 -11.647
HIS01A0151_009  -0.141 -11.022 -11.162
HIS01A0151_010  -0.215 -11.668 -11.882
HIS01A0151_011  -0.302 -11.701 -12.004
HIS01A0151_012  -0.289 -11.446 -11.735
HIS01A0151_013  -0.299 -11.431 -11.730
HIS01A0151_014  -0.135 -11.421 -11.557
HIS01A0151_015  -0.218 -12.008 -12.226
HIS01A0151_016  -0.208 -11.967 -12.176
HIS01A0151_017  -0.139 -11.521 -11.660
HIS01A0151_018  -0.301 -11.498 -11.799
HIS01A0151_019  -0.215 -11.525 -11.740
HIS02A0151_020  -0.171 -11.535 -11.706
HIS02A0151_021  -0.167 -11.500 -11.667
HIS02A0151_022  -0.169 -10.858 -11.027
HIS02A0151_023  -0.303 -11.527 -11.830
HIS02A0151_024  -0.314 -11.431 -11.745
HIS02A0151_025  -0.227 -12.005 -12.232
HIS02A0151_026  -0.302 -11.761 -12.063
HIS02A0151_027  -0.235 -11.408 -11.643
HIS02A0151_028  -0.156 -11.966 -12.122
HIS02A0151_029  -0.302 -12.040 -12.342
HIS02A0151_030  -0.235 -11.668 -11.903
HIS02A0151_031  -0.228 -11.441 -11.669
HIS02A0151_032  -0.156 -11.571 -11.727
HIS02A0151_033  -0.315 -11.701 -12.017
HIS02A0151_034  -0.152 -11.421 -11.573
HIS02A0151_035  -0.239 -11.956 -12.195
HIS02A0151_036  -0.157 -11.589 -11.746
HIS02A0151_037  -0.313 -11.515 -11.828
HIS02A0151_038  -0.228 -12.155 -12.383
HIS+1A0151_039  -0.198 -11.535 -11.733
HIS+1A0151_040  -0.195 -11.500 -11.695
HIS+1A0151_041  -0.255 -11.392 -11.647
HIS+1A0151_042  -0.183 -11.571 -11.754
HIS+1A0151_043  -0.342 -11.701 -12.044
HIS+1A0151_044  -0.179 -11.353 -11.533
HIS+1A0151_045  -0.341 -11.425 -11.766
HIS+1A0151_046  -0.263 -11.408 -11.671
HIS+1A0151_047  -0.256 -12.203 -12.459
HIS+1A0151_048  -0.184 -11.966 -12.150
HIS+1A0151_049  -0.329 -12.091 -12.421
HIS+1A0151_050  -0.195 -10.907 -11.102
HIS+1A0151_051  -0.262 -11.668 -11.930
HIS+1A0151_052  -0.331 -11.432 -11.763
HIS+1A0151_053  -0.342 -11.431 -11.773
HIS+1A0151_054  -0.266 -11.943 -12.209
HIS+1A0151_055  -0.256 -12.016 -12.272
HIS+1A0151_056  -0.181 -11.454 -11.635
HIS+1A0151_057  -0.329 -11.693 -12.022
