CONFORMER         crg  vdw0  vdw1  tors  epol  self   occ  Hb     history    ASA
ARG01A0007_001  0.000-12.96  0.50  0.56  0.00-11.90 0.502  00  01O000M000  1.000
ARG01A0007_002  0.000-12.47  6.18  3.01  0.00 -3.28 0.502  00  01E01FM000  1.000
ARG01A0007_003  0.000-11.51  0.31  1.13  0.00-10.06 0.501  00  01E02AM000  1.000
ARG01A0007_004  0.000-12.68  3.26  3.44  0.00 -5.97 0.502  00  01E03EM000  1.000
ARG01A0007_005  0.000-11.72  0.39  1.20  0.00-10.14 0.502  00  01E065M000  1.000
ARG01A0007_006  0.000-11.35  4.00  1.24  0.00 -6.11 0.503  00  01E06CM000  1.000
ARG01A0007_007  0.000-11.61  3.39  0.56  0.00 -7.66 0.502  00  01E070M000  1.000
ARG01A0007_008  0.000 -9.48  1.54  1.11  0.00 -6.84 0.503  00  01E0DFM000  1.000
ARG01A0007_009  0.000 -8.78  1.84  3.94  0.00 -3.00 0.502  00  01E0ECM000  1.000
ARG01A0007_010  0.000-10.06  4.70  1.07  0.00 -4.29 0.502  00  01E0EDM000  1.000
ARG01A0007_011  0.000 -9.96  1.56  3.99  0.00 -4.41 0.502  00  01T037M000  1.000
ARG01A0007_012  0.000-12.10  5.38  3.06  0.00 -3.66 0.502  00  01T050M000  1.000
ARG01A0007_013  0.000-11.68  1.21  0.47  0.00-10.00 0.502  00  01T052M000  1.000
ARG01A0007_014  0.000-10.81  0.53  1.17  0.00 -9.11 0.502  00  01T064M000  1.000
ARG01A0007_015  0.000 -4.98  0.22  3.30  0.00 -1.46 0.502  00  01T088M000  1.000
ARG01A0007_016  0.000-11.01  1.12  5.73  0.00 -4.16 0.502  00  01T0B0M000  1.000
ARG01A0007_017  0.000-11.06  0.88  0.68  0.00 -9.50 0.502  00  01T0C7M000  1.000
ARG01A0007_018  0.000 -8.89 -0.20  3.97  0.00 -5.12 0.502  00  01T0CFM000  1.000
ARG01A0007_019  0.000 -9.80  1.80  1.09  0.00 -6.91 0.502  00  01T0DCM000  1.000
ARG01A0007_020  0.000 -8.70  1.79  3.94  0.00 -2.96 0.502  00  01T0EBM000  1.000
ARG02A0007_021  0.000-11.85  3.55  0.57  0.00 -7.73 0.502  00  02E070M000  1.000
ARG02A0007_022  0.000 -8.83  1.87  3.94  0.00 -3.03 0.502  00  02E0ECM000  1.000
ARG02A0007_023  0.000-12.94  0.50  0.56  0.00-11.88 0.502  00  02O000M000  1.000
ARG02A0007_024  0.000-11.27  0.39  1.16  0.00 -9.72 0.502  00  02E065M000  1.000
ARG02A0007_025  0.000-11.25  4.83  1.10  0.00 -5.33 0.503  00  02E06CM000  1.000
ARG02A0007_026  0.000-12.55  6.17  3.02  0.00 -3.36 0.502  00  02T01FM000  1.000
ARG02A0007_027  0.000-10.02  1.61  3.96  0.00 -4.46 0.502  00  02T037M000  1.000
ARG02A0007_028  0.000-11.74  1.21  0.47  0.00-10.06 0.502  00  02T052M000  1.000
ARG02A0007_029  0.000-11.15  1.12  5.63  0.00 -4.40 0.502  00  02T0B0M000  1.000
ARG02A0007_030  0.000 -9.96  1.81  1.09  0.00 -7.06 0.502  00  02T0DCM000  1.000
ARG02A0007_031  0.000-12.18  5.37  3.06  0.00 -3.76 0.502  00  02T050M000  1.000
ARG02A0007_032  0.000-11.11  0.85  0.68  0.00 -9.58 0.502  00  02T0C7M000  1.000
ARG02A0007_033  0.000 -8.78  1.76  3.93  0.00 -3.08 0.502  00  02T0EBM000  1.000
ARG02A0007_034  0.000-11.37  0.27  1.12  0.00 -9.98 0.501  00  02T02AM000  1.000
ARG02A0007_035  0.000-10.98  0.53  1.18  0.00 -9.27 0.502  00  02T064M000  1.000
ARG02A0007_036  0.000 -8.80 -0.18  3.97  0.00 -5.01 0.502  00  02T0CFM000  1.000
ARG02A0007_037  0.000-10.11  4.70  1.07  0.00 -4.33 0.502  00  02T0EDM000  1.000
ARG02A0007_038  0.000-12.44  3.05  3.23  0.00 -6.16 0.502  00  02T03EM000  1.000
ARG02A0007_039  0.000 -5.07  0.21  3.30  0.00 -1.56 0.502  00  02T088M000  1.000
ARG02A0007_040  0.000 -9.52  1.51  1.11  0.00 -6.90 0.503  00  02T0DFM000  1.000
ARG03A0007_041  0.000-11.41  0.27  1.12  0.00-10.03 0.501  00  03E02AM000  1.000
ARG03A0007_042  0.000-13.00  0.50  0.56  0.00-11.94 0.502  00  03O000M000  1.000
ARG03A0007_043  0.000-11.70  1.20  0.47  0.00-10.03 0.502  00  03E052M000  1.000
ARG03A0007_044  0.000 -5.12  0.21  3.30  0.00 -1.61 0.502  00  03E088M000  1.000
ARG03A0007_045  0.000-11.09  1.12  5.64  0.00 -4.33 0.502  00  03E0B0M000  1.000
ARG03A0007_046  0.000-11.12  0.85  0.68  0.00 -9.59 0.502  00  03E0C7M000  1.000
ARG03A0007_047  0.000-10.14  4.70  1.07  0.00 -4.37 0.502  00  03E0EDM000  1.000
ARG03A0007_048  0.000-12.19  5.37  3.06  0.00 -3.76 0.502  00  03T050M000  1.000
ARG03A0007_049  0.000-10.91  0.52  1.17  0.00 -9.22 0.502  00  03T064M000  1.000
ARG03A0007_050  0.000-11.89  3.55  0.56  0.00 -7.78 0.502  00  03T070M000  1.000
ARG03A0007_051  0.000-12.56  6.16  3.02  0.00 -3.38 0.502  00  03T01FM000  1.000
ARG03A0007_052  0.000-10.11  1.61  3.96  0.00 -4.55 0.502  00  03T037M000  1.000
ARG03A0007_053  0.000-11.29  0.38  1.17  0.00 -9.75 0.502  00  03T065M000  1.000
ARG03A0007_054  0.000-11.23  4.83  1.10  0.00 -5.30 0.503  00  03T06CM000  1.000
ARG03A0007_055  0.000 -9.50  1.52  1.11  0.00 -6.88 0.503  00  03T0DFM000  1.000
ARG03A0007_056  0.000 -8.89  1.88  3.94  0.00 -3.07 0.502  00  03T0ECM000  1.000
ARG03A0007_057  0.000-12.48  3.09  3.23  0.00 -6.16 0.502  00  03T03EM000  1.000
ARG03A0007_058  0.000 -8.90 -0.21  3.97  0.00 -5.14 0.502  00  03T0CFM000  1.000
ARG03A0007_059  0.000 -9.84  1.81  1.09  0.00 -6.94 0.502  00  03T0DCM000  1.000
ARG03A0007_060  0.000 -8.71  1.77  3.94  0.00 -3.00 0.502  00  03T0EBM000  1.000
ARG+1A0007_061  1.000-13.05  0.50  0.56  0.00-11.99 0.502  00  +1O000M000  1.000
ARG+1A0007_062  1.000-12.59  6.17  3.02  0.00 -3.41 0.502  00  +1E01FM000  1.000
ARG+1A0007_063  1.000-11.04  0.52  1.18  0.00 -9.34 0.502  00  +1E064M000  1.000
ARG+1A0007_064  1.000-11.34  0.38  1.16  0.00 -9.80 0.502  00  +1E065M000  1.000
ARG+1A0007_065  1.000-11.31  4.82  1.10  0.00 -5.39 0.503  00  +1E06CM000  1.000
ARG+1A0007_066  1.000-11.93  3.56  0.56  0.00 -7.81 0.502  00  +1E070M000  1.000
ARG+1A0007_067  1.000-11.16  0.85  0.68  0.00 -9.63 0.502  00  +1E0C7M000  1.000
ARG+1A0007_068  1.000 -8.91 -0.21  3.97  0.00 -5.14 0.502  00  +1E0CFM000  1.000
ARG+1A0007_069  1.000 -9.61  1.51  1.11  0.00 -6.99 0.503  00  +1E0DFM000  1.000
ARG+1A0007_070  1.000 -8.94  1.87  3.94  0.00 -3.13 0.502  00  +1E0ECM000  1.000
ARG+1A0007_071  1.000-10.18  4.70  1.07  0.00 -4.41 0.502  00  +1E0EDM000  1.000
ARG+1A0007_072  1.000-11.53  0.27  1.12  0.00-10.14 0.501  00  +1T02AM000  1.000
ARG+1A0007_073  1.000-10.14  1.61  3.96  0.00 -4.57 0.502  00  +1T037M000  1.000
ARG+1A0007_074  1.000-12.59  3.09  3.24  0.00 -6.26 0.502  00  +1T03EM000  1.000
ARG+1A0007_075  1.000-12.23  5.38  3.06  0.00 -3.79 0.502  00  +1T050M000  1.000
ARG+1A0007_076  1.000-11.74  1.20  0.47  0.00-10.07 0.502  00  +1T052M000  1.000
ARG+1A0007_077  1.000 -5.16  0.21  3.30  0.00 -1.65 0.502  00  +1T088M000  1.000
ARG+1A0007_078  1.000-11.25  1.12  5.64  0.00 -4.48 0.502  00  +1T0B0M000  1.000
ARG+1A0007_079  1.000 -9.88  1.80  1.09  0.00 -6.98 0.502  00  +1T0DCM000  1.000
ARG+1A0007_080  1.000 -8.76  1.77  3.94  0.00 -3.05 0.502  00  +1T0EBM000  1.000
