iConf CONFORMER     FL  occ    crg   Em0  pKa0 ne nH    vdw0    vdw1    tors    epol   dsolv   extra    history
00001 ARG01A0007_001 f 0.00  0.000     0  0.00  0  0 -12.964   0.608   0.556   0.021  -0.038   0.000 01O000M000t
00002 ARG01A0007_002 f 0.00  0.000     0  0.00  0  0 -12.475   6.235   3.014   0.016  -0.162   0.000 01E01FM000t
00003 ARG01A0007_003 f 0.00  0.000     0  0.00  0  0 -11.517   0.363   1.131  -0.010  -0.179   0.000 01E02AM000t
00004 ARG01A0007_004 f 0.00  0.000     0  0.00  0  0 -12.727   3.259   3.445   0.027  -0.385   0.000 01E03EM000t
00005 ARG01A0007_005 f 0.00  0.000     0  0.00  0  0 -11.721   0.435   1.197   0.068  -0.383   0.000 01E065M000t
00006 ARG01A0007_006 f 0.00  0.000     0  0.00  0  0 -11.347   4.010   1.234   0.131  -0.083   0.000 01E06CM000t
00007 ARG01A0007_007 f 0.00  0.000     0  0.00  0  0 -11.607   3.387   0.563   0.122  -0.126   0.000 01E070M000t
00008 ARG01A0007_008 f 0.00  0.000     0  0.00  0  0  -9.483   1.541   1.105  -0.081  -0.151   0.000 01E0DFM000t
00009 ARG01A0007_009 f 0.00  0.000     0  0.00  0  0  -8.786   1.845   3.939   0.112   0.007   0.000 01E0ECM000t
00010 ARG01A0007_010 f 0.00  0.000     0  0.00  0  0 -10.054   4.714   1.072   0.034  -0.242   0.000 01E0EDM000t
00011 ARG01A0007_011 f 0.00  0.000     0  0.00  0  0  -9.956   1.565   3.990  -0.025  -0.109   0.000 01T037M000t
00012 ARG01A0007_012 f 0.00  0.000     0  0.00  0  0 -12.101   5.439   3.055   0.021  -0.382   0.000 01T050M000t
00013 ARG01A0007_013 f 0.00  0.000     0  0.00  0  0 -11.686   1.264   0.471   0.045  -0.188   0.000 01T052M000t
00014 ARG01A0007_014 f 0.00  0.000     0  0.00  0  0 -10.806   0.584   1.166   0.040   0.018   0.000 01T064M000t
00015 ARG01A0007_015 f 0.00  0.000     0  0.00  0  0  -4.975   0.322   3.297  -0.033   0.206   0.000 01T088M000t
00016 ARG01A0007_016 f 0.00  0.000     0  0.00  0  0 -11.008   1.182   5.732   0.021  -0.050   0.000 01T0B0M000t
00017 ARG01A0007_017 f 0.00  0.000     0  0.00  0  0 -11.059   0.933   0.676   0.036  -0.072   0.000 01T0C7M000t
00018 ARG01A0007_018 f 0.00  0.000     0  0.00  0  0  -8.882  -0.155   3.970  -0.169   0.138   0.000 01T0CFM000t
00019 ARG01A0007_019 f 0.00  0.000     0  0.00  0  0  -9.803   1.801   1.088   0.009  -0.095   0.000 01T0DCM000t
00020 ARG01A0007_020 f 0.00  0.000     0  0.00  0  0  -8.698   1.787   3.943   0.133   0.101   0.000 01T0EBM000t
00021 ARG02A0007_021 f 0.00  0.000     0  0.00  0  0 -11.844   3.553   0.569   0.069   0.839   0.000 02E070M000t
00022 ARG02A0007_022 f 0.00  0.000     0  0.00  0  0  -8.845   1.872   3.936   0.116   1.078   0.000 02E0ECM000t
00023 ARG02A0007_023 f 0.00  0.000     0  0.00  0  0 -12.941   0.606   0.556   0.027   0.559   0.000 02O000M000t
00024 ARG02A0007_024 f 0.00  0.000     0  0.00  0  0 -11.263   0.439   1.162  -0.003   0.791   0.000 02E065M000t
00025 ARG02A0007_025 f 0.00  0.000     0  0.00  0  0 -11.258   4.835   1.097   0.104   0.294   0.000 02E06CM000t
00026 ARG02A0007_026 f 0.00  0.000     0  0.00  0  0 -12.547   6.227   3.015   0.057   0.898   0.000 02T01FM000t
00027 ARG02A0007_027 f 0.00  0.000     0  0.00  0  0 -10.016   1.606   3.957   0.026   1.102   0.000 02T037M000t
00028 ARG02A0007_028 f 0.00  0.000     0  0.00  0  0 -11.729   1.260   0.470   0.040   1.191   0.000 02T052M000t
00029 ARG02A0007_029 f 0.00  0.000     0  0.00  0  0 -11.151   1.168   5.629   0.012   0.936   0.000 02T0B0M000t
00030 ARG02A0007_030 f 0.00  0.000     0  0.00  0  0  -9.955   1.809   1.090   0.019   1.116   0.000 02T0DCM000t
00031 ARG02A0007_031 f 0.00  0.000     0  0.00  0  0 -12.188   5.415   3.055   0.028   0.883   0.000 02T050M000t
00032 ARG02A0007_032 f 0.00  0.000     0  0.00  0  0 -11.109   0.897   0.676   0.060   1.098   0.000 02T0C7M000t
00033 ARG02A0007_033 f 0.00  0.000     0  0.00  0  0  -8.778   1.761   3.933   0.130   1.184   0.000 02T0EBM000t
00034 ARG02A0007_034 f 0.00  0.000     0  0.00  0  0 -11.365   0.319   1.118   0.038   0.232   0.000 02T02AM000t
00035 ARG02A0007_035 f 0.00  0.000     0  0.00  0  0 -10.977   0.577   1.179   0.031   0.827   0.000 02T064M000t
00036 ARG02A0007_036 f 0.00  0.000     0  0.00  0  0  -8.797  -0.129   3.969  -0.215   0.962   0.000 02T0CFM000t
00037 ARG02A0007_037 f 0.00  0.000     0  0.00  0  0 -10.111   4.705   1.071   0.074   0.589   0.000 02T0EDM000t
00038 ARG02A0007_038 f 0.00  0.000     0  0.00  0  0 -12.438   3.060   3.226   0.076   0.369   0.000 02T03EM000t
00039 ARG02A0007_039 f 0.00  0.000     0  0.00  0  0  -5.063   0.317   3.296  -0.016   0.783   0.000 02T088M000t
00040 ARG02A0007_040 f 0.00  0.000     0  0.00  0  0  -9.523   1.506   1.107   0.007   0.632   0.000 02T0DFM000t
00041 ARG03A0007_041 f 0.00  0.000     0  0.00  0  0 -11.417   0.317   1.118   0.047   0.880   0.000 03E02AM000t
00042 ARG03A0007_042 f 0.00  0.000     0  0.00  0  0 -13.003   0.605   0.556   0.030   0.720   0.000 03O000M000t
00043 ARG03A0007_043 f 0.00  0.000     0  0.00  0  0 -11.696   1.252   0.470   0.041   0.712   0.000 03E052M000t
00044 ARG03A0007_044 f 0.00  0.000     0  0.00  0  0  -5.091   0.317   3.295  -0.018   0.825   0.000 03E088M000t
00045 ARG03A0007_045 f 0.00  0.000     0  0.00  0  0 -11.159   1.175   5.640   0.017   0.853   0.000 03E0B0M000t
00046 ARG03A0007_046 f 0.00  0.000     0  0.00  0  0 -11.121   0.900   0.676   0.067   0.867   0.000 03E0C7M000t
00047 ARG03A0007_047 f 0.00  0.000     0  0.00  0  0 -10.153   4.705   1.071   0.062   0.555   0.000 03E0EDM000t
00048 ARG03A0007_048 f 0.00  0.000     0  0.00  0  0 -12.188   5.432   3.056   0.029   0.770   0.000 03T050M000t
00049 ARG03A0007_049 f 0.00  0.000     0  0.00  0  0 -10.925   0.573   1.175   0.047   1.055   0.000 03T064M000t
00050 ARG03A0007_050 f 0.00  0.000     0  0.00  0  0 -11.881   3.538   0.564   0.061   0.925   0.000 03T070M000t
00051 ARG03A0007_051 f 0.00  0.000     0  0.00  0  0 -12.553   6.220   3.019   0.042   0.624   0.000 03T01FM000t
00052 ARG03A0007_052 f 0.00  0.000     0  0.00  0  0 -10.110   1.609   3.959  -0.001   0.744   0.000 03T037M000t
00053 ARG03A0007_053 f 0.00  0.000     0  0.00  0  0 -11.287   0.427   1.166   0.055   0.891   0.000 03T065M000t
00054 ARG03A0007_054 f 0.00  0.000     0  0.00  0  0 -11.313   4.826   1.098   0.121   0.726   0.000 03T06CM000t
00055 ARG03A0007_055 f 0.00  0.000     0  0.00  0  0  -9.500   1.517   1.108  -0.020   0.957   0.000 03T0DFM000t
00056 ARG03A0007_056 f 0.00  0.000     0  0.00  0  0  -8.870   1.876   3.938   0.108   0.851   0.000 03T0ECM000t
00057 ARG03A0007_057 f 0.00  0.000     0  0.00  0  0 -12.479   3.085   3.234   0.043   0.549   0.000 03T03EM000t
00058 ARG03A0007_058 f 0.00  0.000     0  0.00  0  0  -8.887  -0.159   3.970  -0.187   0.991   0.000 03T0CFM000t
00059 ARG03A0007_059 f 0.00  0.000     0  0.00  0  0  -9.834   1.806   1.090   0.010   1.001   0.000 03T0DCM000t
00060 ARG03A0007_060 f 0.00  0.000     0  0.00  0  0  -8.706   1.775   3.935   0.128   0.973   0.000 03T0EBM000t
00061 ARG+1A0007_061 f 0.00  1.000     0 12.50  0  1 -13.046   0.605   0.556   0.097  -0.168   0.000 +1O000M000t
00062 ARG+1A0007_062 f 0.00  1.000     0 12.50  0  1 -12.596   6.221   3.016   0.193  -0.155   0.000 +1E01FM000t
00063 ARG+1A0007_063 f 0.00  1.000     0 12.50  0  1 -11.035   0.571   1.178   0.160  -0.205   0.000 +1E064M000t
00064 ARG+1A0007_064 f 0.00  1.000     0 12.50  0  1 -11.332   0.427   1.165   0.208  -0.242   0.000 +1E065M000t
00065 ARG+1A0007_065 f 0.00  1.000     0 12.50  0  1 -11.307   4.825   1.099   0.184  -0.395   0.000 +1E06CM000t
00066 ARG+1A0007_066 f 0.00  1.000     0 12.50  0  1 -11.931   3.559   0.565   0.046  -0.208   0.000 +1E070M000t
00067 ARG+1A0007_067 f 0.00  1.000     0 12.50  0  1 -11.173   0.896   0.678   0.193   0.178   0.000 +1E0C7M000t
00068 ARG+1A0007_068 f 0.00  1.000     0 12.50  0  1  -8.904  -0.159   3.970   0.140  -0.090   0.000 +1E0CFM000t
00069 ARG+1A0007_069 f 0.00  1.000     0 12.50  0  1  -9.591   1.506   1.107   0.289  -0.143   0.000 +1E0DFM000t
00070 ARG+1A0007_070 f 0.00  1.000     0 12.50  0  1  -8.954   1.877   3.938   0.244  -0.348   0.000 +1E0ECM000t
00071 ARG+1A0007_071 f 0.00  1.000     0 12.50  0  1 -10.191   4.706   1.072   0.224   0.103   0.000 +1E0EDM000t
00072 ARG+1A0007_072 f 0.00  1.000     0 12.50  0  1 -11.536   0.317   1.120   0.146   0.124   0.000 +1T02AM000t
00073 ARG+1A0007_073 f 0.00  1.000     0 12.50  0  1 -10.133   1.606   3.959   0.322  -0.074   0.000 +1T037M000t
00074 ARG+1A0007_074 f 0.00  1.000     0 12.50  0  1 -12.583   3.086   3.238   0.079  -0.439   0.000 +1T03EM000t
00075 ARG+1A0007_075 f 0.00  1.000     0 12.50  0  1 -12.170   5.432   3.056   0.104  -0.311   0.000 +1T050M000t
00076 ARG+1A0007_076 f 0.00  1.000     0 12.50  0  1 -11.814   1.258   0.470   0.132  -0.572   0.000 +1T052M000t
00077 ARG+1A0007_077 f 0.00  1.000     0 12.50  0  1  -5.153   0.316   3.295   0.117  -0.022   0.000 +1T088M000t
00078 ARG+1A0007_078 f 0.00  1.000     0 12.50  0  1 -11.241   1.171   5.647   0.106  -0.302   0.000 +1T0B0M000t
00079 ARG+1A0007_079 f 0.00  1.000     0 12.50  0  1  -9.865   1.805   1.090   0.120  -0.150   0.000 +1T0DCM000t
00080 ARG+1A0007_080 f 0.00  1.000     0 12.50  0  1  -8.760   1.775   3.939   0.263   0.043   0.000 +1T0EBM000t
