iConf CONFORMER     FL  occ    crg   Em0  pKa0 ne nH    vdw0    vdw1    tors    epol   dsolv   extra    history
00001 HIS01A0212_001 f 0.00  0.000     0  0.00  0  0 -11.584   1.600   0.276   0.411   0.364   0.000 01O000M000t
00002 HIS01A0212_002 f 0.00  0.000     0  0.00  0  0 -11.692   1.011   0.180   0.430   0.360   0.000 01E002M000t
00003 HIS01A0212_003 f 0.00  0.000     0  0.00  0  0 -11.824   5.538   0.182  -0.060   0.620   0.000 01E007M000t
00004 HIS01A0212_004 f 0.00  0.000     0  0.00  0  0 -11.980   4.019   2.470   0.378   0.185   0.000 01E009M000t
00005 HIS01A0212_005 f 0.00  0.000     0  0.00  0  0 -12.056   1.639   2.487   0.360   0.283   0.000 01E00BM000t
00006 HIS01A0212_006 f 0.00  0.000     0  0.00  0  0 -11.631   0.749   0.201   0.507   0.315   0.000 01E00CM000t
00007 HIS01A0212_007 f 0.00  0.000     0  0.00  0  0 -11.831  -0.571   0.246   0.293   0.442   0.000 01E010M000t
00008 HIS01A0212_008 f 0.00  0.000     0  0.00  0  0 -11.595   2.556   2.496   0.162   0.523   0.000 01E011M000t
00009 HIS01A0212_009 f 0.00  0.000     0  0.00  0  0 -11.752   2.480   2.496   0.456   0.572   0.000 01E012M000t
00010 HIS01A0212_010 f 0.00  0.000     0  0.00  0  0 -11.521   0.220   2.488   0.396   0.303   0.000 01E018M000t
00011 HIS01A0212_011 f 0.00  0.000     0  0.00  0  0 -11.974   2.802   2.360   0.408   0.218   0.000 01T003M000t
00012 HIS01A0212_012 f 0.00  0.000     0  0.00  0  0 -11.486   3.457   0.183   0.587   0.373   0.000 01T004M000t
00013 HIS01A0212_013 f 0.00  0.000     0  0.00  0  0 -11.539   2.942   0.169   0.118   0.289   0.000 01T006M000t
00014 HIS01A0212_014 f 0.00  0.000     0  0.00  0  0 -11.813  -0.456   0.246   0.373   0.499   0.000 01T00DM000t
00015 HIS01A0212_015 f 0.00  0.000     0  0.00  0  0 -11.777   2.492   0.183   0.198   0.518   0.000 01T00EM000t
00016 HIS01A0212_016 f 0.00  0.000     0  0.00  0  0 -12.055   1.687   0.198  -0.048   0.541   0.000 01T00FM000t
00017 HIS01A0212_017 f 0.00  0.000     0  0.00  0  0 -11.626   2.161   0.231   0.495   0.506   0.000 01T015M000t
00018 HIS01A0212_018 f 0.00  0.000     0  0.00  0  0 -11.782   1.102   2.457   0.433   0.346   0.000 01T017M000t
00019 HIS01A0212_019 f 0.00  0.000     0  0.00  0  0 -11.576   0.166   2.489   0.345   0.349   0.000 01T01BM000t
00020 HIS02A0212_020 f 0.00  0.000     0  0.00  0  0 -11.604   1.596   0.276   0.382   0.328   0.000 02O000M000t
00021 HIS02A0212_021 f 0.00  0.000     0  0.00  0  0 -11.621   1.143   0.276   0.312   0.332   0.000 02R001M000t
00022 HIS02A0212_022 f 0.00  0.000     0  0.00  0  0 -11.320   3.110   0.164   0.270   0.303   0.000 02E006M000t
00023 HIS02A0212_023 f 0.00  0.000     0  0.00  0  0 -12.127   1.612   2.480   0.294   0.232   0.000 02E00BM000t
00024 HIS02A0212_024 f 0.00  0.000     0  0.00  0  0 -11.718   0.744   0.199   0.440   0.277   0.000 02E00CM000t
00025 HIS02A0212_025 f 0.00  0.000     0  0.00  0  0 -11.672   2.397   0.178   0.171   0.467   0.000 02E00EM000t
00026 HIS02A0212_026 f 0.00  0.000     0  0.00  0  0 -12.073   1.586   0.184   0.611   0.529   0.000 02E00FM000t
00027 HIS02A0212_027 f 0.00  0.000     0  0.00  0  0 -11.782  -0.600   0.242   0.161   0.394   0.000 02E010M000t
00028 HIS02A0212_028 f 0.00  0.000     0  0.00  0  0 -11.560   2.545   2.490   0.016   0.274   0.000 02E011M000t
00029 HIS02A0212_029 f 0.00  0.000     0  0.00  0  0 -11.656   2.482   2.491   0.158   0.392   0.000 02E012M000t
00030 HIS02A0212_030 f 0.00  0.000     0  0.00  0  0 -11.835   2.412   0.220   0.335   0.446   0.000 02E015M000t
00031 HIS02A0212_031 f 0.00  0.000     0  0.00  0  0 -11.641   1.124   2.445   0.309  -0.083   0.000 02E017M000t
00032 HIS02A0212_032 f 0.00  0.000     0  0.00  0  0 -11.663   0.982   0.197   0.258   0.300   0.000 02T002M000t
00033 HIS02A0212_033 f 0.00  0.000     0  0.00  0  0 -11.869   2.981   2.384   0.327   0.299   0.000 02T003M000t
00034 HIS02A0212_034 f 0.00  0.000     0  0.00  0  0 -11.352   4.008   0.185   0.512   0.144   0.000 02T004M000t
00035 HIS02A0212_035 f 0.00  0.000     0  0.00  0  0 -11.743   5.284   0.161   1.038   0.542   0.000 02T007M000t
00036 HIS02A0212_036 f 0.00  0.000     0  0.00  0  0 -11.752   3.972   2.463   0.237   0.249   0.000 02T009M000t
00037 HIS02A0212_037 f 0.00  0.000     0  0.00  0  0 -11.833  -0.493   0.243   0.255   0.351   0.000 02T00DM000t
00038 HIS02A0212_038 f 0.00  0.000     0  0.00  0  0 -11.589   0.176   2.485   0.198   0.101   0.000 02T018M000t
00039 HIS02A0212_039 f 0.00  0.000     0  0.00  0  0 -11.596   0.153   2.484   0.277   0.309   0.000 02T01BM000t
00040 HIS+1A0212_040 f 0.00  1.000     0  6.98  0  1 -11.630   1.593   0.276   0.725  -0.240   0.000 +1O000M000t
00041 HIS+1A0212_041 f 0.00  1.000     0  6.98  0  1 -11.352   3.735   0.194   0.895  -0.477   0.000 +1E004M000t
00042 HIS+1A0212_042 f 0.00  1.000     0  6.98  0  1 -11.346   3.059   0.175   0.652  -0.194   0.000 +1E006M000t
00043 HIS+1A0212_043 f 0.00  1.000     0  6.98  0  1 -11.894   4.113   2.473   0.564  -0.299   0.000 +1E009M000t
00044 HIS+1A0212_044 f 0.00  1.000     0  6.98  0  1 -11.809  -0.604   0.250   0.641  -0.288   0.000 +1E010M000t
00045 HIS+1A0212_045 f 0.00  1.000     0  6.98  0  1 -11.637   2.521   2.496   0.675  -0.381   0.000 +1E011M000t
00046 HIS+1A0212_046 f 0.00  1.000     0  6.98  0  1 -11.734   2.476   2.496   0.751  -0.412   0.000 +1E012M000t
00047 HIS+1A0212_047 f 0.00  1.000     0  6.98  0  1 -11.621   0.975   0.200   0.702  -0.287   0.000 +1T002M000t
00048 HIS+1A0212_048 f 0.00  1.000     0  6.98  0  1 -11.894   2.977   2.395   0.617  -0.309   0.000 +1T003M000t
00049 HIS+1A0212_049 f 0.00  1.000     0  6.98  0  1 -11.791   5.557   0.174   1.677   0.042   0.000 +1T007M000t
00050 HIS+1A0212_050 f 0.00  1.000     0  6.98  0  1 -12.284   1.623   2.489   0.675  -0.365   0.000 +1T00BM000t
00051 HIS+1A0212_051 f 0.00  1.000     0  6.98  0  1 -11.743   0.802   0.208   0.913  -0.356   0.000 +1T00CM000t
00052 HIS+1A0212_052 f 0.00  1.000     0  6.98  0  1 -11.924  -0.499   0.250   0.732  -0.158   0.000 +1T00DM000t
00053 HIS+1A0212_053 f 0.00  1.000     0  6.98  0  1 -11.817   2.366   0.185   0.600  -0.130   0.000 +1T00EM000t
00054 HIS+1A0212_054 f 0.00  1.000     0  6.98  0  1 -12.215   1.638   0.195   1.235  -0.120   0.000 +1T00FM000t
00055 HIS+1A0212_055 f 0.00  1.000     0  6.98  0  1 -11.626   2.400   0.226   0.547  -0.200   0.000 +1T015M000t
00056 HIS+1A0212_056 f 0.00  1.000     0  6.98  0  1 -11.760   1.089   2.464   0.588  -0.326   0.000 +1T017M000t
00057 HIS+1A0212_057 f 0.00  1.000     0  6.98  0  1 -11.616   0.175   2.495   0.522  -0.503   0.000 +1T018M000t
00058 HIS+1A0212_058 f 0.00  1.000     0  6.98  0  1 -11.685   0.154   2.494   0.570  -0.344   0.000 +1T01BM000t
