CONFORMER         crg  vdw0  vdw1  tors  epol  self   occ  Hb     history    ASA
HIS01A0212_001  0.000-11.58  1.56  0.28  0.00 -9.75 0.517  00  01O000M000  1.000
HIS01A0212_002  0.000-11.69  1.01  0.18  0.00-10.50 0.518  00  01E002M000  1.000
HIS01A0212_003  0.000-11.82  5.49  0.18  0.00 -6.16 0.516  00  01E007M000  1.000
HIS01A0212_004  0.000-11.98  4.02  2.47  0.00 -5.49 0.516  00  01E009M000  1.000
HIS01A0212_005  0.000-12.06  1.64  2.49  0.00 -7.93 0.519  00  01E00BM000  1.000
HIS01A0212_006  0.000-11.63  0.75  0.20  0.00-10.68 0.516  00  01E00CM000  1.000
HIS01A0212_007  0.000-11.83 -0.57  0.25  0.00-12.16 0.515  00  01E010M000  1.000
HIS01A0212_008  0.000-11.59  2.56  2.49  0.00 -6.54 0.519  00  01E011M000  1.000
HIS01A0212_009  0.000-11.75  2.48  2.49  0.00 -6.77 0.516  00  01E012M000  1.000
HIS01A0212_010  0.000-11.52  0.22  2.49  0.00 -8.81 0.516  00  01E018M000  1.000
HIS01A0212_011  0.000-11.97  2.81  2.36  0.00 -6.80 0.518  00  01T003M000  1.000
HIS01A0212_012  0.000-11.49  3.41  0.18  0.00 -7.90 0.521  00  01T004M000  1.000
HIS01A0212_013  0.000-11.54  2.91  0.17  0.00 -8.46 0.518  00  01T006M000  1.000
HIS01A0212_014  0.000-11.81 -0.46  0.25  0.00-12.02 0.518  00  01T00DM000  1.000
HIS01A0212_015  0.000-11.78  2.48  0.18  0.00 -9.11 0.516  00  01T00EM000  1.000
HIS01A0212_016  0.000-12.06  1.68  0.20  0.00-10.18 0.517  00  01T00FM000  1.000
HIS01A0212_017  0.000-11.63  2.10  0.23  0.00 -9.30 0.519  00  01T015M000  1.000
HIS01A0212_018  0.000-11.78  1.11  2.46  0.00 -8.22 0.519  00  01T017M000  1.000
HIS01A0212_019  0.000-11.58  0.17  2.49  0.00 -8.92 0.519  00  01T01BM000  1.000
HIS02A0212_020  0.000-11.60  1.55  0.28  0.00 -9.77 0.517  00  02O000M000  1.000
HIS02A0212_021  0.000-11.62  1.10  0.28  0.00-10.24 0.519  00  02R001M000  1.000
HIS02A0212_022  0.000-11.32  3.07  0.16  0.00 -8.09 0.518  00  02E006M000  1.000
HIS02A0212_023  0.000-12.13  1.62  2.48  0.00 -8.03 0.519  00  02E00BM000  1.000
HIS02A0212_024  0.000-11.72  0.75  0.20  0.00-10.77 0.516  00  02E00CM000  1.000
HIS02A0212_025  0.000-11.67  2.39  0.18  0.00 -9.10 0.516  00  02E00EM000  1.000
HIS02A0212_026  0.000-12.07  1.59  0.18  0.00-10.30 0.517  00  02E00FM000  1.000
HIS02A0212_027  0.000-11.78 -0.60  0.24  0.00-12.14 0.515  00  02E010M000  1.000
HIS02A0212_028  0.000-11.56  2.53  2.49  0.00 -6.54 0.519  00  02E011M000  1.000
HIS02A0212_029  0.000-11.66  2.48  2.49  0.00 -6.68 0.516  00  02E012M000  1.000
HIS02A0212_030  0.000-11.83  2.35  0.22  0.00 -9.26 0.519  00  02E015M000  1.000
HIS02A0212_031  0.000-11.64  1.13  2.45  0.00 -8.06 0.519  00  02E017M000  1.000
HIS02A0212_032  0.000-11.71  0.99  0.20  0.00-10.53 0.518  00  02T002M000  1.000
HIS02A0212_033  0.000-11.87  2.98  2.38  0.00 -6.50 0.518  00  02T003M000  1.000
HIS02A0212_034  0.000-11.35  3.98  0.19  0.00 -7.19 0.521  00  02T004M000  1.000
HIS02A0212_035  0.000-11.74  5.29  0.16  0.00 -6.29 0.516  00  02T007M000  1.000
HIS02A0212_036  0.000-11.75  3.97  2.46  0.00 -5.31 0.516  00  02T009M000  1.000
HIS02A0212_037  0.000-11.83 -0.49  0.24  0.00-12.08 0.518  00  02T00DM000  1.000
HIS02A0212_038  0.000-11.59  0.18  2.48  0.00 -8.92 0.516  00  02T018M000  1.000
HIS02A0212_039  0.000-11.60  0.16  2.48  0.00 -8.95 0.519  00  02T01BM000  1.000
HIS+1A0212_040  1.000-11.63  1.55  0.28  0.00 -9.80 0.517  00  +1O000M000  1.000
HIS+1A0212_041  1.000-11.35  3.70  0.19  0.00 -7.46 0.521  00  +1E004M000  1.000
HIS+1A0212_042  1.000-11.35  3.02  0.17  0.00 -8.15 0.518  00  +1E006M000  1.000
HIS+1A0212_043  1.000-11.89  4.11  2.47  0.00 -5.31 0.516  00  +1E009M000  1.000
HIS+1A0212_044  1.000-11.81 -0.60  0.25  0.00-12.16 0.515  00  +1E010M000  1.000
HIS+1A0212_045  1.000-11.64  2.52  2.49  0.00 -6.62 0.519  00  +1E011M000  1.000
HIS+1A0212_046  1.000-11.73  2.48  2.49  0.00 -6.76 0.516  00  +1E012M000  1.000
HIS+1A0212_047  1.000-11.74  0.97  0.20  0.00-10.57 0.518  00  +1T002M000  1.000
HIS+1A0212_048  1.000-11.89  2.98  2.40  0.00 -6.52 0.518  00  +1T003M000  1.000
HIS+1A0212_049  1.000-11.79  5.52  0.17  0.00 -6.10 0.516  00  +1T007M000  1.000
HIS+1A0212_050  1.000-12.28  1.62  2.49  0.00 -8.18 0.519  00  +1T00BM000  1.000
HIS+1A0212_051  1.000-11.74  0.80  0.21  0.00-10.73 0.516  00  +1T00CM000  1.000
HIS+1A0212_052  1.000-11.92 -0.50  0.25  0.00-12.17 0.518  00  +1T00DM000  1.000
HIS+1A0212_053  1.000-11.82  2.36  0.18  0.00 -9.27 0.516  00  +1T00EM000  1.000
HIS+1A0212_054  1.000-12.16  1.63  0.20  0.00-10.34 0.517  00  +1T00FM000  1.000
HIS+1A0212_055  1.000-11.73  2.33  0.23  0.00 -9.17 0.519  00  +1T015M000  1.000
HIS+1A0212_056  1.000-11.76  1.09  2.46  0.00 -8.21 0.519  00  +1T017M000  1.000
HIS+1A0212_057  1.000-11.62  0.18  2.49  0.00 -8.94 0.516  00  +1T018M000  1.000
HIS+1A0212_058  1.000-11.69  0.15  2.49  0.00 -9.04 0.519  00  +1T01BM000  1.000
