   confID        vdw0    sas     sum
HIS01A0212_001  -0.227 -11.357 -11.584
HIS01A0212_002  -0.229 -11.463 -11.692
HIS01A0212_003  -0.270 -11.554 -11.824
HIS01A0212_004  -0.128 -11.852 -11.980
HIS01A0212_005  -0.104 -11.952 -12.056
HIS01A0212_006  -0.139 -11.492 -11.631
HIS01A0212_007  -0.107 -11.724 -11.831
HIS01A0212_008  -0.153 -11.442 -11.595
HIS01A0212_009  -0.094 -11.658 -11.752
HIS01A0212_010  -0.156 -11.366 -11.521
HIS01A0212_011  -0.219 -11.755 -11.974
HIS01A0212_012  -0.117 -11.369 -11.486
HIS01A0212_013  -0.331 -11.208 -11.539
HIS01A0212_014  -0.160 -11.653 -11.813
HIS01A0212_015  -0.337 -11.440 -11.777
HIS01A0212_016  -0.280 -11.775 -12.055
HIS01A0212_017  -0.273 -11.353 -11.626
HIS01A0212_018  -0.139 -11.643 -11.782
HIS01A0212_019  -0.108 -11.469 -11.576
HIS02A0212_020  -0.247 -11.357 -11.604
HIS02A0212_021  -0.200 -11.421 -11.621
HIS02A0212_022  -0.348 -10.972 -11.320
HIS02A0212_023  -0.124 -12.003 -12.127
HIS02A0212_024  -0.162 -11.556 -11.718
HIS02A0212_025  -0.350 -11.322 -11.672
HIS02A0212_026  -0.296 -11.778 -12.073
HIS02A0212_027  -0.126 -11.656 -11.782
HIS02A0212_028  -0.170 -11.390 -11.560
HIS02A0212_029  -0.117 -11.539 -11.656
HIS02A0212_030  -0.292 -11.543 -11.835
HIS02A0212_031  -0.159 -11.481 -11.641
HIS02A0212_032  -0.246 -11.417 -11.663
HIS02A0212_033  -0.245 -11.623 -11.869
HIS02A0212_034  -0.148 -11.204 -11.352
HIS02A0212_035  -0.285 -11.458 -11.743
HIS02A0212_036  -0.151 -11.600 -11.752
HIS02A0212_037  -0.176 -11.657 -11.833
HIS02A0212_038  -0.174 -11.414 -11.589
HIS02A0212_039  -0.127 -11.469 -11.596
HIS+1A0212_040  -0.272 -11.357 -11.630
HIS+1A0212_041  -0.172 -11.180 -11.352
HIS+1A0212_042  -0.374 -10.972 -11.346
HIS+1A0212_043  -0.177 -11.717 -11.894
HIS+1A0212_044  -0.152 -11.656 -11.809
HIS+1A0212_045  -0.196 -11.442 -11.637
HIS+1A0212_046  -0.143 -11.591 -11.734
HIS+1A0212_047  -0.271 -11.350 -11.621
HIS+1A0212_048  -0.271 -11.623 -11.894
HIS+1A0212_049  -0.312 -11.479 -11.791
HIS+1A0212_050  -0.149 -12.136 -12.284
HIS+1A0212_051  -0.187 -11.556 -11.743
HIS+1A0212_052  -0.203 -11.721 -11.924
HIS+1A0212_053  -0.377 -11.440 -11.817
HIS+1A0212_054  -0.322 -11.894 -12.215
HIS+1A0212_055  -0.318 -11.307 -11.626
HIS+1A0212_056  -0.185 -11.575 -11.760
HIS+1A0212_057  -0.202 -11.414 -11.616
HIS+1A0212_058  -0.152 -11.533 -11.685
