iConf CONFORMER     FL  occ    crg   Em0  pKa0 ne nH    vdw0    vdw1    tors    epol   dsolv   extra    history
00001 LYS01A0175_001 f 0.00  0.000     0  0.00  0  0 -12.173   0.898   1.183  -0.009   0.003   0.000 01O000M000t
00002 LYS01A0175_002 f 0.00  0.000     0  0.00  0  0 -12.013   1.776   4.076  -0.006   0.047   0.000 01E00FM000t
00003 LYS01A0175_003 f 0.00  0.000     0  0.00  0  0 -11.114   0.931   1.647  -0.006  -0.095   0.000 01E014M000t
00004 LYS01A0175_004 f 0.00  0.000     0  0.00  0  0  -9.492   0.527   2.219  -0.057   0.046   0.000 01E02FM000t
00005 LYS01A0175_005 f 0.00  0.000     0  0.00  0  0 -10.448   1.695   4.047  -0.017   0.080   0.000 01E087M000t
00006 LYS01A0175_006 f 0.00  0.000     0  0.00  0  0  -9.400   0.720   1.613  -0.026   0.053   0.000 01E08BM000t
00007 LYS01A0175_007 f 0.00  0.000     0  0.00  0  0 -10.271   0.956   3.858  -0.007   0.045   0.000 01E097M000t
00008 LYS01A0175_008 f 0.00  0.000     0  0.00  0  0  -8.896   0.781   4.411  -0.020   0.049   0.000 01E0D0M000t
00009 LYS01A0175_009 f 0.00  0.000     0  0.00  0  0 -10.227   3.817   3.775  -0.050  -0.008   0.000 01E0F1M000t
00010 LYS01A0175_010 f 0.00  0.000     0  0.00  0  0 -10.461   3.318   4.108  -0.018  -0.082   0.000 01E112M000t
00011 LYS01A0175_011 f 0.00  0.000     0  0.00  0  0  -5.803   0.762   0.861  -0.016  -0.015   0.000 01T012M000t
00012 LYS01A0175_012 f 0.00  0.000     0  0.00  0  0 -11.708   1.943   2.520  -0.013   0.011   0.000 01T054M000t
00013 LYS01A0175_013 f 0.00  0.000     0  0.00  0  0 -10.163   1.848   3.920  -0.009   0.018   0.000 01T098M000t
00014 LYS01A0175_014 f 0.00  0.000     0  0.00  0  0  -8.623   0.543   2.178  -0.013   0.215   0.000 01T0D1M000t
00015 LYS01A0175_015 f 0.00  0.000     0  0.00  0  0  -8.895   2.761   3.698  -0.022   0.213   0.000 01T0EFM000t
00016 LYS01A0175_016 f 0.00  0.000     0  0.00  0  0  -8.738   3.793   2.172   0.073   0.288   0.000 01T0F3M000t
00017 LYS01A0175_017 f 0.00  0.000     0  0.00  0  0  -8.164   3.700   2.281  -0.018   0.143   0.000 01T0FFM000t
00018 LYS01A0175_018 f 0.00  0.000     0  0.00  0  0  -8.586   1.695   4.558  -0.007   0.088   0.000 01T101M000t
00019 LYS01A0175_019 f 0.00  0.000     0  0.00  0  0 -11.122   1.781   5.716  -0.016  -0.096   0.000 01T10DM000t
00020 LYS+1A0175_020 f 0.00  1.000     0 10.40  0  1 -12.218   0.897   1.183   0.043  -0.248   0.000 +1O000M000t
00021 LYS+1A0175_021 f 0.00  1.000     0 10.40  0  1  -5.837   0.759   0.865   0.070  -0.222   0.000 +1E012M000t
00022 LYS+1A0175_022 f 0.00  1.000     0 10.40  0  1 -11.250   0.927   1.654   0.034  -0.211   0.000 +1E014M000t
00023 LYS+1A0175_023 f 0.00  1.000     0 10.40  0  1  -9.480   0.525   2.226   0.225  -0.297   0.000 +1E02FM000t
00024 LYS+1A0175_024 f 0.00  1.000     0 10.40  0  1 -11.622   1.916   2.658   0.048  -0.125   0.000 +1E054M000t
00025 LYS+1A0175_025 f 0.00  1.000     0 10.40  0  1  -9.485   0.684   1.634   0.156   0.307   0.000 +1E08BM000t
00026 LYS+1A0175_026 f 0.00  1.000     0 10.40  0  1 -10.009   1.846   3.988   0.049  -0.643   0.000 +1E098M000t
00027 LYS+1A0175_027 f 0.00  1.000     0 10.40  0  1  -8.966   0.774   4.457   0.008  -0.163   0.000 +1E0D0M000t
00028 LYS+1A0175_028 f 0.00  1.000     0 10.40  0  1  -8.660   0.536   2.190   0.066   0.261   0.000 +1E0D1M000t
00029 LYS+1A0175_029 f 0.00  1.000     0 10.40  0  1 -10.393   3.828   3.847   0.183   0.010   0.000 +1E0F1M000t
00030 LYS+1A0175_030 f 0.00  1.000     0 10.40  0  1 -12.057   1.783   4.083   0.041  -0.368   0.000 +1T00FM000t
00031 LYS+1A0175_031 f 0.00  1.000     0 10.40  0  1 -10.500   1.691   4.046   0.018   0.007   0.000 +1T087M000t
00032 LYS+1A0175_032 f 0.00  1.000     0 10.40  0  1 -10.284   0.953   3.930   0.043  -0.173   0.000 +1T097M000t
00033 LYS+1A0175_033 f 0.00  1.000     0 10.40  0  1  -9.249   2.824   3.794   0.112   0.156   0.000 +1T0EFM000t
00034 LYS+1A0175_034 f 0.00  1.000     0 10.40  0  1  -8.815   3.736   2.187   0.303   0.713   0.000 +1T0F3M000t
00035 LYS+1A0175_035 f 0.00  1.000     0 10.40  0  1  -8.090   3.689   2.293   0.079  -0.094   0.000 +1T0FFM000t
00036 LYS+1A0175_036 f 0.00  1.000     0 10.40  0  1  -8.583   1.696   4.567   0.030  -0.089   0.000 +1T101M000t
00037 LYS+1A0175_037 f 0.00  1.000     0 10.40  0  1 -11.050   1.810   5.767   0.059  -0.162   0.000 +1T10DM000t
00038 LYS+1A0175_038 f 0.00  1.000     0 10.40  0  1 -10.723   3.361   4.115   0.122  -0.064   0.000 +1T112M000t
