   confID        vdw0    sas     sum
LYS01A0175_001   0.451 -12.624 -12.173
LYS01A0175_002   0.836 -12.849 -12.013
LYS01A0175_003   1.445 -12.559 -11.114
LYS01A0175_004   2.961 -12.453  -9.492
LYS01A0175_005   1.849 -12.297 -10.448
LYS01A0175_006   2.678 -12.079  -9.400
LYS01A0175_007   2.101 -12.373 -10.271
LYS01A0175_008   3.714 -12.611  -8.896
LYS01A0175_009   1.963 -12.191 -10.227
LYS01A0175_010   1.733 -12.194 -10.461
LYS01A0175_011   6.367 -12.170  -5.803
LYS01A0175_012   0.717 -12.425 -11.708
LYS01A0175_013   2.155 -12.318 -10.163
LYS01A0175_014   3.565 -12.188  -8.623
LYS01A0175_015   2.958 -11.853  -8.895
LYS01A0175_016   3.518 -12.256  -8.738
LYS01A0175_017   4.419 -12.583  -8.164
LYS01A0175_018   3.739 -12.325  -8.586
LYS01A0175_019   1.830 -12.952 -11.122
LYS+1A0175_020   0.406 -12.624 -12.218
LYS+1A0175_021   6.294 -12.131  -5.837
LYS+1A0175_022   1.399 -12.649 -11.250
LYS+1A0175_023   2.922 -12.402  -9.480
LYS+1A0175_024   0.668 -12.290 -11.622
LYS+1A0175_025   2.609 -12.095  -9.485
LYS+1A0175_026   2.138 -12.147 -10.009
LYS+1A0175_027   3.683 -12.650  -8.966
LYS+1A0175_028   3.463 -12.124  -8.660
LYS+1A0175_029   1.945 -12.338 -10.393
LYS+1A0175_030   0.792 -12.849 -12.057
LYS+1A0175_031   1.796 -12.297 -10.500
LYS+1A0175_032   2.076 -12.360 -10.284
LYS+1A0175_033   2.693 -11.943  -9.249
LYS+1A0175_034   3.442 -12.256  -8.815
LYS+1A0175_035   4.390 -12.480  -8.090
LYS+1A0175_036   3.674 -12.258  -8.583
LYS+1A0175_037   1.799 -12.849 -11.050
LYS+1A0175_038   1.654 -12.377 -10.723
