CONFORMER         crg  vdw0  vdw1  tors  epol  self   occ  Hb     history    ASA
LYS01A0148_001  0.000-11.91  5.95  1.06  0.00 -4.90 0.503  00  01O000M000  1.000
LYS01A0148_002  0.000-11.59  3.04  5.63  0.00 -2.92 0.503  00  01E045M000  1.000
LYS01A0148_003  0.000 -9.94  6.74  1.59  0.00 -1.61 0.502  00  01E046M000  1.000
LYS01A0148_004  0.000-10.64  6.45  1.63  0.00 -2.55 0.502  00  01E04DM000  1.000
LYS01A0148_005  0.000 -8.21  5.53  0.90  0.00 -1.78 0.503  00  01E06DM000  1.000
LYS01A0148_006  0.000-10.33  5.65  3.59  0.00 -1.10 0.502  00  01E06EM000  1.000
LYS01A0148_007  0.000 -9.30  5.43  1.45  0.00 -2.42 0.503  00  01E072M000  1.000
LYS01A0148_008  0.000-10.02  2.95  6.50  0.00 -0.58 0.502  00  01E086M000  1.000
LYS01A0148_009  0.000-10.11  5.62  1.70  0.00 -2.80 0.503  00  01E090M000  1.000
LYS01A0148_010  0.000-11.38  5.37  1.08  0.00 -4.93 0.502  00  01T00EM000  1.000
LYS01A0148_011  0.000-11.10  5.78  1.09  0.00 -4.23 0.503  00  01T012M000  1.000
LYS01A0148_012  0.000 -9.71  6.37  1.57  0.00 -1.77 0.502  00  01T01DM000  1.000
LYS01A0148_013  0.000-11.50  6.85  3.62  0.00 -1.04 0.504  00  01T05BM000  1.000
LYS01A0148_014  0.000-11.74  7.17  3.68  0.00 -0.89 0.503  00  01T05CM000  1.000
LYS01A0148_015  0.000 -9.78  5.63  4.06  0.00 -0.10 0.502  00  01T069M000  1.000
LYS01A0148_016  0.000 -9.84  5.71  1.12  0.00 -3.01 0.503  00  01T06FM000  1.000
LYS01A0148_017  0.000 -9.47  2.88  3.98  0.00 -2.61 0.504  00  01T08DM000  1.000
LYS01A0148_018  0.000 -8.16  3.31  1.56  0.00 -3.30 0.503  00  01T098M000  1.000
LYS01A0148_019  0.000 -8.56  4.24  1.57  0.00 -2.75 0.504  00  01T0A6M000  1.000
LYS+1A0148_020  1.000-11.96  5.95  1.06  0.00 -4.94 0.503  00  +1O000M000  1.000
LYS+1A0148_021  1.000-11.42  5.35  1.09  0.00 -4.99 0.502  00  +1E00EM000  1.000
LYS+1A0148_022  1.000-11.57  3.04  5.72  0.00 -2.82 0.503  00  +1E045M000  1.000
LYS+1A0148_023  1.000-10.03  6.82  1.60  0.00 -1.62 0.502  00  +1E046M000  1.000
LYS+1A0148_024  1.000-10.70  6.52  1.64  0.00 -2.54 0.502  00  +1E04DM000  1.000
LYS+1A0148_025  1.000-11.57  6.85  3.62  0.00 -1.10 0.504  00  +1E05BM000  1.000
LYS+1A0148_026  1.000 -8.29  5.54  0.90  0.00 -1.86 0.503  00  +1E06DM000  1.000
LYS+1A0148_027  1.000 -9.58  2.88  3.98  0.00 -2.71 0.504  00  +1E08DM000  1.000
LYS+1A0148_028  1.000-10.21  5.59  1.70  0.00 -2.91 0.503  00  +1E090M000  1.000
LYS+1A0148_029  1.000-11.17  5.77  1.09  0.00 -4.31 0.503  00  +1T012M000  1.000
LYS+1A0148_030  1.000 -9.88  6.49  1.58  0.00 -1.81 0.502  00  +1T01DM000  1.000
LYS+1A0148_031  1.000-11.83  7.23  3.69  0.00 -0.92 0.503  00  +1T05CM000  1.000
LYS+1A0148_032  1.000 -9.89  5.61  4.09  0.00 -0.18 0.502  00  +1T069M000  1.000
LYS+1A0148_033  1.000-10.43  5.70  3.62  0.00 -1.11 0.502  00  +1T06EM000  1.000
LYS+1A0148_034  1.000-10.00  5.73  1.13  0.00 -3.14 0.503  00  +1T06FM000  1.000
LYS+1A0148_035  1.000 -9.38  5.44  1.46  0.00 -2.47 0.503  00  +1T072M000  1.000
LYS+1A0148_036  1.000-10.02  2.95  6.55  0.00 -0.52 0.502  00  +1T086M000  1.000
LYS+1A0148_037  1.000 -8.14  3.31  1.55  0.00 -3.28 0.503  00  +1T098M000  1.000
LYS+1A0148_038  1.000 -8.57  4.34  1.57  0.00 -2.66 0.504  00  +1T0A6M000  1.000
