iConf CONFORMER     FL  occ    crg   Em0  pKa0 ne nH    vdw0    vdw1    tors    epol   dsolv   extra    history
00001 LYS01A0148_001 f 0.00  0.000     0  0.00  0  0 -11.911   5.947   1.064  -0.010   0.013   0.000 01O000M000t
00002 LYS01A0148_002 f 0.00  0.000     0  0.00  0  0 -11.593   3.038   5.632  -0.011   0.041   0.000 01E045M000t
00003 LYS01A0148_003 f 0.00  0.000     0  0.00  0  0  -9.949   6.763   1.590  -0.006   0.083   0.000 01E046M000t
00004 LYS01A0148_004 f 0.00  0.000     0  0.00  0  0 -10.586   6.461   1.631  -0.078   0.071   0.000 01E04DM000t
00005 LYS01A0148_005 f 0.00  0.000     0  0.00  0  0  -8.202   5.524   0.897   0.006  -0.043   0.000 01E06DM000t
00006 LYS01A0148_006 f 0.00  0.000     0  0.00  0  0 -10.404   5.647   3.584  -0.007   0.132   0.000 01E06EM000t
00007 LYS01A0148_007 f 0.00  0.000     0  0.00  0  0  -9.348   5.427   1.449  -0.002   0.144   0.000 01E072M000t
00008 LYS01A0148_008 f 0.00  0.000     0  0.00  0  0 -10.028   2.944   6.499  -0.013   0.010   0.000 01E086M000t
00009 LYS01A0148_009 f 0.00  0.000     0  0.00  0  0 -10.115   5.596   1.696  -0.054   0.164   0.000 01E090M000t
00010 LYS01A0148_010 f 0.00  0.000     0  0.00  0  0 -11.377   5.367   1.079  -0.016  -0.052   0.000 01T00EM000t
00011 LYS01A0148_011 f 0.00  0.000     0  0.00  0  0 -11.101   5.787   1.089  -0.009  -0.012   0.000 01T012M000t
00012 LYS01A0148_012 f 0.00  0.000     0  0.00  0  0  -9.793   6.358   1.570  -0.018  -0.061   0.000 01T01DM000t
00013 LYS01A0148_013 f 0.00  0.000     0  0.00  0  0 -11.504   6.848   3.616  -0.031  -0.091   0.000 01T05BM000t
00014 LYS01A0148_014 f 0.00  0.000     0  0.00  0  0 -11.788   7.161   3.679  -0.034  -0.085   0.000 01T05CM000t
00015 LYS01A0148_015 f 0.00  0.000     0  0.00  0  0  -9.780   5.636   4.057  -0.016  -0.214   0.000 01T069M000t
00016 LYS01A0148_016 f 0.00  0.000     0  0.00  0  0  -9.881   5.715   1.124  -0.013   0.096   0.000 01T06FM000t
00017 LYS01A0148_017 f 0.00  0.000     0  0.00  0  0  -9.467   2.881   3.976  -0.002  -0.069   0.000 01T08DM000t
00018 LYS01A0148_018 f 0.00  0.000     0  0.00  0  0  -8.173   3.318   1.556  -0.032   0.150   0.000 01T098M000t
00019 LYS01A0148_019 f 0.00  0.000     0  0.00  0  0  -8.560   4.242   1.572   0.027   0.222   0.000 01T0A6M000t
00020 LYS+1A0148_020 f 0.00  1.000     0 10.40  0  1 -11.956   5.946   1.064   0.056  -0.367   0.000 +1O000M000t
00021 LYS+1A0148_021 f 0.00  1.000     0 10.40  0  1 -11.417   5.341   1.085   0.075  -0.385   0.000 +1E00EM000t
00022 LYS+1A0148_022 f 0.00  1.000     0 10.40  0  1 -11.573   3.035   5.717   0.070  -0.336   0.000 +1E045M000t
00023 LYS+1A0148_023 f 0.00  1.000     0 10.40  0  1 -10.032   6.829   1.599   0.126  -0.136   0.000 +1E046M000t
00024 LYS+1A0148_024 f 0.00  1.000     0 10.40  0  1 -10.699   6.532   1.642   0.220   0.089   0.000 +1E04DM000t
00025 LYS+1A0148_025 f 0.00  1.000     0 10.40  0  1 -11.567   6.852   3.621   0.153  -0.022   0.000 +1E05BM000t
00026 LYS+1A0148_026 f 0.00  1.000     0 10.40  0  1  -8.289   5.528   0.902   0.198   0.357   0.000 +1E06DM000t
00027 LYS+1A0148_027 f 0.00  1.000     0 10.40  0  1  -9.572   2.879   3.982   0.141   0.108   0.000 +1E08DM000t
00028 LYS+1A0148_028 f 0.00  1.000     0 10.40  0  1 -10.207   5.575   1.699   0.247   0.227   0.000 +1E090M000t
00029 LYS+1A0148_029 f 0.00  1.000     0 10.40  0  1 -11.169   5.770   1.092   0.050  -0.274   0.000 +1T012M000t
00030 LYS+1A0148_030 f 0.00  1.000     0 10.40  0  1  -9.878   6.470   1.581   0.092  -0.350   0.000 +1T01DM000t
00031 LYS+1A0148_031 f 0.00  1.000     0 10.40  0  1 -11.838   7.234   3.690   0.124  -0.458   0.000 +1T05CM000t
00032 LYS+1A0148_032 f 0.00  1.000     0 10.40  0  1  -9.823   5.614   4.092  -0.007  -0.512   0.000 +1T069M000t
00033 LYS+1A0148_033 f 0.00  1.000     0 10.40  0  1 -10.425   5.708   3.621   0.090   0.013   0.000 +1T06EM000t
00034 LYS+1A0148_034 f 0.00  1.000     0 10.40  0  1 -10.001   5.734   1.127   0.041   0.047   0.000 +1T06FM000t
00035 LYS+1A0148_035 f 0.00  1.000     0 10.40  0  1  -9.384   5.447   1.461   0.024  -0.036   0.000 +1T072M000t
00036 LYS+1A0148_036 f 0.00  1.000     0 10.40  0  1 -10.070   2.948   6.549   0.069  -0.329   0.000 +1T086M000t
00037 LYS+1A0148_037 f 0.00  1.000     0 10.40  0  1  -8.151   3.313   1.556   0.143   0.109   0.000 +1T098M000t
00038 LYS+1A0148_038 f 0.00  1.000     0 10.40  0  1  -8.564   4.358   1.573   0.506   0.489   0.000 +1T0A6M000t
