   confID        vdw0    sas     sum
LYS01A0148_001   0.610 -12.521 -11.911
LYS01A0148_002   0.989 -12.582 -11.593
LYS01A0148_003   2.012 -11.962  -9.949
LYS01A0148_004   1.901 -12.487 -10.586
LYS01A0148_005   3.461 -11.663  -8.202
LYS01A0148_006   1.403 -11.807 -10.404
LYS01A0148_007   2.811 -12.159  -9.348
LYS01A0148_008   2.306 -12.334 -10.028
LYS01A0148_009   2.469 -12.584 -10.115
LYS01A0148_010   1.102 -12.479 -11.377
LYS01A0148_011   1.133 -12.234 -11.101
LYS01A0148_012   2.535 -12.328  -9.793
LYS01A0148_013   1.350 -12.853 -11.504
LYS01A0148_014   1.236 -13.024 -11.788
LYS01A0148_015   2.249 -12.029  -9.780
LYS01A0148_016   1.785 -11.666  -9.881
LYS01A0148_017   2.646 -12.113  -9.467
LYS01A0148_018   3.667 -11.840  -8.173
LYS01A0148_019   3.784 -12.343  -8.560
LYS+1A0148_020   0.565 -12.521 -11.956
LYS+1A0148_021   1.075 -12.492 -11.417
LYS+1A0148_022   0.957 -12.531 -11.573
LYS+1A0148_023   1.955 -11.988 -10.032
LYS+1A0148_024   1.787 -12.487 -10.699
LYS+1A0148_025   1.287 -12.853 -11.567
LYS+1A0148_026   3.413 -11.702  -8.289
LYS+1A0148_027   2.593 -12.165  -9.572
LYS+1A0148_028   2.377 -12.584 -10.207
LYS+1A0148_029   1.103 -12.273 -11.169
LYS+1A0148_030   2.501 -12.379  -9.878
LYS+1A0148_031   1.122 -12.960 -11.838
LYS+1A0148_032   2.219 -12.042  -9.823
LYS+1A0148_033   1.331 -11.756 -10.425
LYS+1A0148_034   1.678 -11.679 -10.001
LYS+1A0148_035   2.775 -12.159  -9.384
LYS+1A0148_036   2.264 -12.334 -10.070
LYS+1A0148_037   3.650 -11.801  -8.151
LYS+1A0148_038   3.766 -12.330  -8.564
