CONFORMER         crg  vdw0  vdw1  tors  epol  self   occ  Hb     history    ASA
LYS01A0166_001  0.000 -1.89  0.98  4.06  0.00  3.15 0.000  00  01O000M000  1.000
LYS01A0166_002  0.000 -9.49  0.89  2.74  0.00 -5.86 0.501  00  01E00DM000  1.000
LYS01A0166_003  0.000 -8.96  1.98  4.54  0.00 -2.44 0.502  00  01E015M000  1.000
LYS01A0166_004  0.000 -9.34  1.62  3.59  0.00 -4.13 0.502  00  01E016M000  1.000
LYS01A0166_005  0.000 -9.96  1.23  3.86  0.00 -4.87 0.502  00  01E040M000  1.000
LYS01A0166_006  0.000-10.32  2.56  2.22  0.00 -5.55 0.502  00  01E064M000  1.000
LYS01A0166_007  0.000 -9.13  3.26  3.00  0.00 -2.87 0.502  00  01E069M000  1.000
LYS01A0166_008  0.000-11.23  0.72  2.06  0.00 -8.45 0.502  00  01E080M000  1.000
LYS01A0166_009  0.000-10.97  5.14  2.57  0.00 -3.27 0.503  00  01E0B2M000  1.000
LYS01A0166_010  0.000-10.20  4.13  2.99  0.00 -3.09 0.502  00  01E0C0M000  1.000
LYS01A0166_011  0.000-10.45  4.65  3.49  0.00 -2.31 0.501  00  01E0FCM000  1.000
LYS01A0166_012  0.000-10.84  1.06  4.06  0.00 -5.72 0.501  00  01E109M000  1.000
LYS01A0166_013  0.000 -9.73  2.14  2.65  0.00 -4.94 0.502  00  01T013M000  1.000
LYS01A0166_014  0.000-11.03  1.14  3.41  0.00 -6.48 0.501  00  01T047M000  1.000
LYS01A0166_015  0.000 -6.21  0.44  2.62  0.00 -3.14 0.502  00  01T090M000  1.000
LYS01A0166_016  0.000-10.35  3.46  2.12  0.00 -4.77 0.501  00  01T0A8M000  1.000
LYS01A0166_017  0.000-10.92  4.56  1.96  0.00 -4.40 0.502  00  01T0C9M000  1.000
LYS01A0166_018  0.000-10.99  4.91  2.05  0.00 -4.03 0.501  00  01T0DBM000  1.000
LYS01A0166_019  0.000 -9.11  3.77  3.63  0.00 -1.70 0.501  00  01T0F3M000  1.000
LYS01A0166_020  0.000 -9.11  1.66  3.80  0.00 -3.65 0.502  00  01T117M000  1.000
LYS+1A0166_021  1.000 -1.62  0.98  4.06  0.00  3.42 0.000  00  +1O000M000  1.000
LYS+1A0166_022  1.000-10.02  1.22  3.90  0.00 -4.89 0.502  00  +1E040M000  1.000
LYS+1A0166_023  1.000 -9.25  3.29  3.06  0.00 -2.91 0.502  00  +1E069M000  1.000
LYS+1A0166_024  1.000-11.09  5.12  2.62  0.00 -3.35 0.503  00  +1E0B2M000  1.000
LYS+1A0166_025  1.000-11.00  4.58  2.02  0.00 -4.40 0.502  00  +1E0C9M000  1.000
LYS+1A0166_026  1.000-11.02  4.93  2.15  0.00 -3.93 0.501  00  +1E0DBM000  1.000
LYS+1A0166_027  1.000 -9.10  3.79  3.69  0.00 -1.62 0.501  00  +1E0F3M000  1.000
LYS+1A0166_028  1.000-10.45  4.67  3.57  0.00 -2.21 0.501  00  +1E0FCM000  1.000
LYS+1A0166_029  1.000 -9.03  1.66  3.86  0.00 -3.51 0.502  00  +1E117M000  1.000
LYS+1A0166_030  1.000 -9.56  0.89  2.84  0.00 -5.83 0.501  00  +1T00DM000  1.000
LYS+1A0166_031  1.000 -9.77  2.13  2.67  0.00 -4.96 0.502  00  +1T013M000  1.000
LYS+1A0166_032  1.000 -8.92  1.99  4.66  0.00 -2.26 0.502  00  +1T015M000  1.000
LYS+1A0166_033  1.000 -9.46  1.62  3.59  0.00 -4.25 0.502  00  +1T016M000  1.000
LYS+1A0166_034  1.000-11.15  1.14  3.42  0.00 -6.58 0.501  00  +1T047M000  1.000
LYS+1A0166_035  1.000-10.41  2.56  2.26  0.00 -5.60 0.502  00  +1T064M000  1.000
LYS+1A0166_036  1.000-11.45  0.72  2.16  0.00 -8.58 0.502  00  +1T080M000  1.000
LYS+1A0166_037  1.000 -6.45  0.44  2.73  0.00 -3.28 0.502  00  +1T090M000  1.000
LYS+1A0166_038  1.000-10.60  3.54  2.17  0.00 -4.89 0.501  00  +1T0A8M000  1.000
LYS+1A0166_039  1.000-10.27  4.14  3.03  0.00 -3.11 0.502  00  +1T0C0M000  1.000
LYS+1A0166_040  1.000-10.92  1.06  4.12  0.00 -5.74 0.501  00  +1T109M000  1.000
