   confID        vdw0    sas     sum
LYS01A0166_001  10.562 -12.461  -1.899
LYS01A0166_002   2.994 -12.483  -9.489
LYS01A0166_003   3.024 -11.990  -8.967
LYS01A0166_004   2.925 -12.273  -9.348
LYS01A0166_005   2.521 -12.476  -9.955
LYS01A0166_006   1.710 -12.032 -10.322
LYS01A0166_007   3.191 -12.315  -9.124
LYS01A0166_008   1.208 -12.435 -11.227
LYS01A0166_009   1.440 -12.416 -10.976
LYS01A0166_010   1.974 -12.173 -10.199
LYS01A0166_011   2.026 -12.476 -10.450
LYS01A0166_012   2.001 -12.839 -10.838
LYS01A0166_013   2.784 -12.514  -9.730
LYS01A0166_014   1.806 -12.836 -11.030
LYS01A0166_015   5.494 -11.702  -6.208
LYS01A0166_016   1.779 -12.129 -10.350
LYS01A0166_017   1.032 -11.958 -10.926
LYS01A0166_018   1.174 -12.167 -10.994
LYS01A0166_019   3.113 -12.215  -9.103
LYS01A0166_020   2.917 -12.017  -9.100
LYS+1A0166_021  10.834 -12.461  -1.627
LYS+1A0166_022   2.498 -12.514 -10.016
LYS+1A0166_023   3.112 -12.370  -9.258
LYS+1A0166_024   1.349 -12.445 -11.096
LYS+1A0166_025   0.954 -11.958 -11.005
LYS+1A0166_026   1.067 -12.132 -11.066
LYS+1A0166_027   3.041 -12.141  -9.100
LYS+1A0166_028   1.990 -12.447 -10.456
LYS+1A0166_029   2.901 -11.975  -9.074
LYS+1A0166_030   2.954 -12.512  -9.558
LYS+1A0166_031   2.739 -12.514  -9.775
LYS+1A0166_032   3.020 -11.939  -8.919
LYS+1A0166_033   2.879 -12.340  -9.461
LYS+1A0166_034   1.755 -12.900 -11.145
LYS+1A0166_035   1.572 -11.913 -10.342
LYS+1A0166_036   1.090 -12.541 -11.451
LYS+1A0166_037   5.358 -11.808  -6.450
LYS+1A0166_038   1.681 -12.287 -10.606
LYS+1A0166_039   1.918 -12.241 -10.322
LYS+1A0166_040   1.976 -12.904 -10.927
