CONFORMER         crg  vdw0  vdw1  tors  epol  self   occ  Hb     history    ASA
LYS01A0079_001  0.000-11.76  5.07  5.79  0.00 -0.89 0.501  00  01O000M000  1.000
LYS01A0079_002  0.000-10.33  1.94  3.76  0.00 -4.63 0.502  00  01E059M000  1.000
LYS01A0079_003  0.000-11.43  2.86  1.42  0.00 -7.15 0.501  00  01E067M000  1.000
LYS01A0079_004  0.000-10.20  1.07  3.67  0.00 -5.46 0.501  00  01E0B6M000  1.000
LYS01A0079_005  0.000 -9.97  1.18  3.31  0.00 -5.48 0.501  00  01E0C1M000  1.000
LYS01A0079_006  0.000 -8.84  1.84  3.98  0.00 -3.02 0.501  00  01E0C5M000  1.000
LYS01A0079_007  0.000 -6.77  1.65  3.40  0.00 -1.72 0.502  00  01E0C9M000  1.000
LYS01A0079_008  0.000-11.16  1.06  5.26  0.00 -4.83 0.501  00  01E0DEM000  1.000
LYS01A0079_009  0.000-10.63  2.96  2.11  0.00 -5.56 0.502  00  01E10AM000  1.000
LYS01A0079_010  0.000-10.96  4.22  5.69  0.00 -1.04 0.501  00  01E118M000  1.000
LYS01A0079_011  0.000-10.47  2.18  2.33  0.00 -5.97 0.501  00  01E124M000  1.000
LYS01A0079_012  0.000-11.46  1.91  3.64  0.00 -5.91 0.502  00  01E138M000  1.000
LYS01A0079_013  0.000-10.89  0.45  4.04  0.00 -6.40 0.502  00  01T041M000  1.000
LYS01A0079_014  0.000 -9.52  2.20  3.74  0.00 -3.59 0.501  00  01T0ACM000  1.000
LYS01A0079_015  0.000 -8.41  1.62  4.01  0.00 -2.79 0.501  00  01T0CBM000  1.000
LYS01A0079_016  0.000-10.23  1.95  4.09  0.00 -4.19 0.501  00  01T0D0M000  1.000
LYS01A0079_017  0.000-11.25  1.31  3.81  0.00 -6.12 0.501  00  01T0DDM000  1.000
LYS01A0079_018  0.000 -7.64  1.90  1.24  0.00 -4.50 0.501  00  01T132M000  1.000
LYS01A0079_019  0.000-10.26  6.12  2.19  0.00 -1.94 0.501  00  01T14DM000  1.000
LYS+1A0079_020  1.000-11.81  5.07  5.79  0.00 -0.94 0.501  00  +1O000M000  1.000
LYS+1A0079_021  1.000-10.46  1.29  5.81  0.00 -3.36 0.501  00  +1E01DM000  1.000
LYS+1A0079_022  1.000-10.38  1.94  3.78  0.00 -4.66 0.502  00  +1E059M000  1.000
LYS+1A0079_023  1.000-11.47  2.85  1.42  0.00 -7.20 0.501  00  +1E067M000  1.000
LYS+1A0079_024  1.000 -9.44  2.17  3.76  0.00 -3.51 0.501  00  +1E0ACM000  1.000
LYS+1A0079_025  1.000-10.36  1.04  3.67  0.00 -5.65 0.501  00  +1E0B6M000  1.000
LYS+1A0079_026  1.000-10.02  1.18  3.32  0.00 -5.52 0.501  00  +1E0C1M000  1.000
LYS+1A0079_027  1.000 -6.67  1.64  3.41  0.00 -1.62 0.502  00  +1E0C9M000  1.000
LYS+1A0079_028  1.000-11.14  1.06  5.32  0.00 -4.75 0.501  00  +1E0DEM000  1.000
LYS+1A0079_029  1.000-11.49  1.92  3.72  0.00 -5.84 0.502  00  +1E138M000  1.000
LYS+1A0079_030  1.000-10.40  6.18  2.21  0.00 -2.02 0.501  00  +1E14DM000  1.000
LYS+1A0079_031  1.000-10.92  0.45  4.09  0.00 -6.38 0.502  00  +1T041M000  1.000
LYS+1A0079_032  1.000 -8.86  1.84  4.00  0.00 -3.02 0.501  00  +1T0C5M000  1.000
LYS+1A0079_033  1.000-10.30  1.95  4.12  0.00 -4.24 0.501  00  +1T0D0M000  1.000
LYS+1A0079_034  1.000-11.25  1.31  3.84  0.00 -6.10 0.501  00  +1T0DDM000  1.000
LYS+1A0079_035  1.000-10.72  2.93  2.11  0.00 -5.68 0.502  00  +1T10AM000  1.000
LYS+1A0079_036  1.000-11.16  4.26  5.77  0.00 -1.14 0.501  00  +1T118M000  1.000
LYS+1A0079_037  1.000-10.50  2.18  2.34  0.00 -5.98 0.501  00  +1T124M000  1.000
LYS+1A0079_038  1.000 -7.58  1.92  1.25  0.00 -4.41 0.501  00  +1T132M000  1.000
