iConf CONFORMER     FL  occ    crg   Em0  pKa0 ne nH    vdw0    vdw1    tors    epol   dsolv   extra    history
00001 LYS01A0079_001 f 0.00  0.000     0  0.00  0  0 -11.757   5.073   5.789  -0.016   0.046   0.000 01O000M000t
00002 LYS01A0079_002 f 0.00  0.000     0  0.00  0  0 -10.334   1.944   3.762  -0.008   0.040   0.000 01E059M000t
00003 LYS01A0079_003 f 0.00  0.000     0  0.00  0  0 -11.427   2.858   1.420  -0.010  -0.030   0.000 01E067M000t
00004 LYS01A0079_004 f 0.00  0.000     0  0.00  0  0 -10.204   1.070   3.670  -0.022   0.100   0.000 01E0B6M000t
00005 LYS01A0079_005 f 0.00  0.000     0  0.00  0  0  -9.961   1.172   3.314  -0.020  -0.137   0.000 01E0C1M000t
00006 LYS01A0079_006 f 0.00  0.000     0  0.00  0  0  -8.840   1.840   3.983  -0.006   0.073   0.000 01E0C5M000t
00007 LYS01A0079_007 f 0.00  0.000     0  0.00  0  0  -6.770   1.643   3.404  -0.017   0.185   0.000 01E0C9M000t
00008 LYS01A0079_008 f 0.00  0.000     0  0.00  0  0 -11.160   1.058   5.265  -0.012  -0.069   0.000 01E0DEM000t
00009 LYS01A0079_009 f 0.00  0.000     0  0.00  0  0 -10.628   2.960   2.110  -0.042   0.016   0.000 01E10AM000t
00010 LYS01A0079_010 f 0.00  0.000     0  0.00  0  0 -10.955   4.218   5.694  -0.016  -0.001   0.000 01E118M000t
00011 LYS01A0079_011 f 0.00  0.000     0  0.00  0  0 -10.422   2.181   2.326  -0.079  -0.009   0.000 01E124M000t
00012 LYS01A0079_012 f 0.00  0.000     0  0.00  0  0 -11.454   1.905   3.643  -0.015  -0.180   0.000 01E138M000t
00013 LYS01A0079_013 f 0.00  0.000     0  0.00  0  0 -10.882   0.446   4.038  -0.016  -0.095   0.000 01T041M000t
00014 LYS01A0079_014 f 0.00  0.000     0  0.00  0  0  -9.471   2.200   3.744  -0.096   0.069   0.000 01T0ACM000t
00015 LYS01A0079_015 f 0.00  0.000     0  0.00  0  0  -8.406   1.615   4.007  -0.197   0.408   0.000 01T0CBM000t
00016 LYS01A0079_016 f 0.00  0.000     0  0.00  0  0 -10.227   1.947   4.094  -0.008  -0.056   0.000 01T0D0M000t
00017 LYS01A0079_017 f 0.00  0.000     0  0.00  0  0 -11.249   1.312   3.812  -0.014   0.059   0.000 01T0DDM000t
00018 LYS01A0079_018 f 0.00  0.000     0  0.00  0  0  -7.624   1.902   1.240  -0.020  -0.217   0.000 01T132M000t
00019 LYS01A0079_019 f 0.00  0.000     0  0.00  0  0 -10.263   6.123   2.196  -0.021   0.071   0.000 01T14DM000t
00020 LYS+1A0079_020 f 0.00  1.000     0 10.40  0  1 -11.806   5.071   5.789   0.069  -0.173   0.000 +1O000M000t
00021 LYS+1A0079_021 f 0.00  1.000     0 10.40  0  1 -10.460   1.290   5.813   0.034   0.281   0.000 +1E01DM000t
00022 LYS+1A0079_022 f 0.00  1.000     0 10.40  0  1 -10.389   1.950   3.786   0.054  -0.034   0.000 +1E059M000t
00023 LYS+1A0079_023 f 0.00  1.000     0 10.40  0  1 -11.464   2.848   1.420   0.055  -0.398   0.000 +1E067M000t
00024 LYS+1A0079_024 f 0.00  1.000     0 10.40  0  1  -9.443   2.171   3.762   0.433  -0.189   0.000 +1E0ACM000t
00025 LYS+1A0079_025 f 0.00  1.000     0 10.40  0  1 -10.360   1.043   3.671   0.166   0.312   0.000 +1E0B6M000t
00026 LYS+1A0079_026 f 0.00  1.000     0 10.40  0  1 -10.011   1.172   3.317   0.014  -0.313   0.000 +1E0C1M000t
00027 LYS+1A0079_027 f 0.00  1.000     0 10.40  0  1  -6.678   1.642   3.411   0.126   0.182   0.000 +1E0C9M000t
00028 LYS+1A0079_028 f 0.00  1.000     0 10.40  0  1 -11.140   1.059   5.325   0.023  -0.327   0.000 +1E0DEM000t
00029 LYS+1A0079_029 f 0.00  1.000     0 10.40  0  1 -11.487   1.921   3.725   0.072  -0.265   0.000 +1E138M000t
00030 LYS+1A0079_030 f 0.00  1.000     0 10.40  0  1 -10.403   6.190   2.204   0.131  -0.028   0.000 +1E14DM000t
00031 LYS+1A0079_031 f 0.00  1.000     0 10.40  0  1 -10.968   0.449   4.094   0.031  -0.125   0.000 +1T041M000t
00032 LYS+1A0079_032 f 0.00  1.000     0 10.40  0  1  -8.863   1.842   3.997   0.068  -0.007   0.000 +1T0C5M000t
00033 LYS+1A0079_033 f 0.00  1.000     0 10.40  0  1 -10.305   1.951   4.117   0.032  -0.054   0.000 +1T0D0M000t
00034 LYS+1A0079_034 f 0.00  1.000     0 10.40  0  1 -11.246   1.306   3.840   0.054  -0.155   0.000 +1T0DDM000t
00035 LYS+1A0079_035 f 0.00  1.000     0 10.40  0  1 -10.772   2.936   2.112   0.066   0.264   0.000 +1T10AM000t
00036 LYS+1A0079_036 f 0.00  1.000     0 10.40  0  1 -11.160   4.263   5.768   0.066  -0.281   0.000 +1T118M000t
00037 LYS+1A0079_037 f 0.00  1.000     0 10.40  0  1 -10.494   2.180   2.339   0.299  -0.147   0.000 +1T124M000t
00038 LYS+1A0079_038 f 0.00  1.000     0 10.40  0  1  -7.594   1.928   1.252   0.090  -0.499   0.000 +1T132M000t
