CONFORMER         crg  vdw0  vdw1  tors  epol  self   occ  Hb     history    ASA
GLN01A0184_001  0.000 -5.09999.00  1.70  0.00999.00 0.000  00  01O000M000  1.029
GLN01A0184_002  0.000 -3.15  0.71  1.27  0.00 -1.17 0.522  00  01E004M000  1.036
GLN01A0184_003  0.000 -4.27  2.61  1.37  0.00 -0.29 0.520  00  01E005M000  1.024
GLN01A0184_004  0.000 -5.01  1.75  2.36  0.00 -0.89 0.521  00  01E007M000  1.048
GLN01A0184_005  0.000 -4.20  2.86  1.37  0.00  0.04 0.521  00  01E008M000  1.020
GLN01A0184_006  0.000 -4.89  1.98  2.37  0.00 -0.54 0.521  00  01E00EM000  1.026
GLN01A0184_007  0.000 -3.87  1.95  1.31  0.00 -0.61 0.521  00  01E00FM000  1.000
GLN01A0184_008  0.000 -5.01  0.77  2.35  0.00 -1.88 0.523  00  01E015M000  1.017
GLN01A0184_009  0.000 -3.91  1.72  1.31  0.00 -0.88 0.521  00  01T003M000  1.000
GLN01A0184_010  0.000 -4.94  1.80  2.33  0.00 -0.82 0.520  00  01T006M000  1.032
GLN01A0184_011  0.000 -5.50  0.84  2.35  0.00 -2.31 0.521  00  01T009M000  1.122
GLN01A0184_012  0.000 -2.96  0.80  1.26  0.00 -0.90 0.520  00  01T00AM000  1.000
GLN01A0184_013  0.000 -5.41  0.83  2.30  0.00 -2.27 0.520  00  01T00BM000  1.123
GLN01A0184_014  0.000 -4.95  2.14  2.33  0.00 -0.48 0.519  00  01T00DM000  1.036
GLN01A0184_015  0.000 -4.73  1.79  2.36  0.00 -0.57 0.521  00  01T010M000  1.000
GLN01A0184_016  0.000 -3.02  1.72  1.26  0.00 -0.04 0.523  00  01T011M000  1.019
GLN01A0184_017  0.000 -4.95  0.76  2.30  0.00 -1.88 0.522  00  01T013M000  1.018
GLN01A0184_018  0.000 -3.05  0.72  1.26  0.00 -1.07 0.521  00  01T014M000  1.045
GLN01A0184_019  0.000 -3.99  0.76  1.30  0.00 -1.94 0.519  00  01T016M000  1.022
GLN01A0184_020  0.000 -5.37  1.58  2.32  0.00 -1.47 0.521  00  01T018M000  1.082
GLN01A0184_021  0.000 -4.05 30.88  1.06  0.00 27.89 0.000  00  01T000M000  1.015
