iConf CONFORMER     FL  occ    crg   Em0  pKa0 ne nH    vdw0    vdw1    tors    epol   dsolv   extra    history
00001 GLN01A0184_001 f 0.00  0.000     0  0.00  0  0  -5.087 999.000   1.700   4.208   0.093   0.000 01O000M000t
00002 GLN01A0184_002 f 0.00  0.000     0  0.00  0  0  -3.165   0.711   1.276   0.030  -0.440   0.000 01E004M000t
00003 GLN01A0184_003 f 0.00  0.000     0  0.00  0  0  -4.270   2.610   1.370  -0.036  -0.303   0.000 01E005M000t
00004 GLN01A0184_004 f 0.00  0.000     0  0.00  0  0  -4.995   1.753   2.367   0.115  -0.338   0.000 01E007M000t
00005 GLN01A0184_005 f 0.00  0.000     0  0.00  0  0  -4.195   2.858   1.375   0.044  -0.268   0.000 01E008M000t
00006 GLN01A0184_006 f 0.00  0.000     0  0.00  0  0  -4.887   1.981   2.368   0.116  -0.358   0.000 01E00EM000t
00007 GLN01A0184_007 f 0.00  0.000     0  0.00  0  0  -3.874   1.947   1.313   0.120  -0.448   0.000 01E00FM000t
00008 GLN01A0184_008 f 0.00  0.000     0  0.00  0  0  -5.008   0.777   2.356   0.079  -0.265   0.000 01E015M000t
00009 GLN01A0184_009 f 0.00  0.000     0  0.00  0  0  -3.919   1.727   1.308   0.056  -0.434   0.000 01T003M000t
00010 GLN01A0184_010 f 0.00  0.000     0  0.00  0  0  -4.939   1.795   2.326   0.219  -0.650   0.000 01T006M000t
00011 GLN01A0184_011 f 0.00  0.000     0  0.00  0  0  -5.504   0.844   2.354   0.127  -0.367   0.000 01T009M000t
00012 GLN01A0184_012 f 0.00  0.000     0  0.00  0  0  -2.963   0.804   1.258   0.109  -0.299   0.000 01T00AM000t
00013 GLN01A0184_013 f 0.00  0.000     0  0.00  0  0  -5.400   0.831   2.306   0.071  -0.694   0.000 01T00BM000t
00014 GLN01A0184_014 f 0.00  0.000     0  0.00  0  0  -4.949   2.137   2.329   0.145  -0.631   0.000 01T00DM000t
00015 GLN01A0184_015 f 0.00  0.000     0  0.00  0  0  -4.713   1.792   2.364   0.054  -0.273   0.000 01T010M000t
00016 GLN01A0184_016 f 0.00  0.000     0  0.00  0  0  -3.017   1.716   1.265   0.056  -0.690   0.000 01T011M000t
00017 GLN01A0184_017 f 0.00  0.000     0  0.00  0  0  -4.947   0.762   2.306   0.028  -0.845   0.000 01T013M000t
00018 GLN01A0184_018 f 0.00  0.000     0  0.00  0  0  -3.093   0.724   1.260   0.051  -0.677   0.000 01T014M000t
00019 GLN01A0184_019 f 0.00  0.000     0  0.00  0  0  -3.992   0.755   1.303   0.054  -0.501   0.000 01T016M000t
00020 GLN01A0184_020 f 0.00  0.000     0  0.00  0  0  -5.369   1.576   2.325   0.130  -0.524   0.000 01T018M000t
00021 GLN01A0184_021 f 0.00  0.000     0  0.00  0  0  -4.049  30.843   1.063  -0.018  -0.182   0.000 01T000M000t
