   confID        vdw0    sas     sum
GLN01A0184_001   0.453  -5.540  -5.087
GLN01A0184_002   1.910  -5.075  -3.165
GLN01A0184_003   1.073  -5.343  -4.270
GLN01A0184_004   0.240  -5.235  -4.995
GLN01A0184_005   1.074  -5.269  -4.195
GLN01A0184_006   0.218  -5.105  -4.887
GLN01A0184_007   1.044  -4.918  -3.874
GLN01A0184_008   0.215  -5.223  -5.008
GLN01A0184_009   1.043  -4.962  -3.919
GLN01A0184_010   0.212  -5.151  -4.939
GLN01A0184_011   0.215  -5.719  -5.504
GLN01A0184_012   1.913  -4.876  -2.963
GLN01A0184_013   0.193  -5.593  -5.400
GLN01A0184_014   0.201  -5.150  -4.949
GLN01A0184_015   0.218  -4.931  -4.713
GLN01A0184_016   1.909  -4.926  -3.017
GLN01A0184_017   0.196  -5.143  -4.947
GLN01A0184_018   1.912  -5.005  -3.093
GLN01A0184_019   1.091  -5.083  -3.992
GLN01A0184_020   0.212  -5.581  -5.369
GLN01A0184_021   1.206  -5.255  -4.049
