iConf CONFORMER     FL  occ    crg   Em0  pKa0 ne nH    vdw0    vdw1    tors    epol   dsolv   extra    history
00001 GLU01A0216_001 f 0.00  0.000     0  0.00  0  0  -3.663   0.921   3.699   0.192  -0.402   0.000 01O000M000t
00002 GLU01A0216_002 f 0.00  0.000     0  0.00  0  0  -3.294   0.588   3.254   0.080  -0.524   0.000 01E008M000t
00003 GLU01A0216_003 f 0.00  0.000     0  0.00  0  0  -3.179   0.819   3.282   0.137  -0.452   0.000 01E00AM000t
00004 GLU01A0216_004 f 0.00  0.000     0  0.00  0  0  -3.663   0.921   0.979   0.131   0.684   0.000 01O000M000t
00005 GLU01A0216_005 f 0.00  0.000     0  0.00  0  0  -2.188   1.068   0.237   0.071   0.628   0.000 01E007M000t
00006 GLU01A0216_006 f 0.00  0.000     0  0.00  0  0  -2.436   2.111   2.953   0.093  -0.580   0.000 01T005M000t
00007 GLU01A0216_007 f 0.00  0.000     0  0.00  0  0  -3.235   1.198   3.227   0.085  -0.510   0.000 01T006M000t
00008 GLU01A0216_008 f 0.00  0.000     0  0.00  0  0  -3.536   2.439   3.229  -0.001  -0.624   0.000 01T00BM000t
00009 GLU01A0216_009 f 0.00  0.000     0  0.00  0  0  -3.445   2.458   3.518   0.104  -0.333   0.000 01T001M000t
00010 GLU01A0216_010 f 0.00  0.000     0  0.00  0  0  -3.271   2.514   3.465   0.081  -0.430   0.000 01T004M000t
00011 GLU01A0216_011 f 0.00  0.000     0  0.00  0  0  -3.536   2.439   0.509   0.014   0.662   0.000 01T00BM000t
00012 GLU01A0216_012 f 0.00  0.000     0  0.00  0  0  -3.445   2.458   0.798   0.119   0.735   0.000 01T001M000t
00013 GLU01A0216_013 f 0.00  0.000     0  0.00  0  0  -1.991   0.626   0.239   0.035   0.728   0.000 01T009M000t
00014 GLU01A0216_014 f 0.00  0.000     0  0.00  0  0  -3.188   0.953   0.493   0.054   0.797   0.000 01T00AM000t
00015 GLU02A0216_015 f 0.00  0.000     0  0.00  0  0  -3.629   0.932   3.699   0.418  -0.348   0.000 02O000M000t
00016 GLU02A0216_016 f 0.00  0.000     0  0.00  0  0  -3.716   1.031   3.561   0.134  -0.538   0.000 02E002M000t
00017 GLU02A0216_017 f 0.00  0.000     0  0.00  0  0  -1.548   1.043   2.943   0.147  -0.098   0.000 02E007M000t
00018 GLU02A0216_018 f 0.00  0.000     0  0.00  0  0  -1.324   0.619   2.952   0.109  -0.127   0.000 02E009M000t
00019 GLU02A0216_019 f 0.00  0.000     0  0.00  0  0  -3.745   0.932   0.979   0.178   0.704   0.000 02O000M000t
00020 GLU02A0216_020 f 0.00  0.000     0  0.00  0  0  -3.598   2.274   3.585   0.222  -0.419   0.000 02T001M000t
00021 GLU02A0216_021 f 0.00  0.000     0  0.00  0  0  -3.367   0.681   3.547   0.054  -0.565   0.000 02T003M000t
00022 GLU02A0216_022 f 0.00  0.000     0  0.00  0  0  -1.766   2.281   2.966   0.465   0.066   0.000 02T005M000t
00023 GLU02A0216_023 f 0.00  0.000     0  0.00  0  0  -3.007   2.436   3.291   0.088  -0.260   0.000 02T00BM000t
00024 GLU02A0216_024 f 0.00  0.000     0  0.00  0  0  -3.091   2.491   3.402  -0.004  -0.463   0.000 02T004M000t
00025 GLU02A0216_025 f 0.00  0.000     0  0.00  0  0  -2.973   0.950   3.251   0.217  -0.174   0.000 02T00AM000t
00026 GLU02A0216_026 f 0.00  0.000     0  0.00  0  0  -3.598   2.274   0.865   0.177   0.771   0.000 02T001M000t
00027 GLU02A0216_027 f 0.00  0.000     0  0.00  0  0  -1.547   1.044   0.222   0.070   0.637   0.000 02T007M000t
00028 GLU02A0216_028 f 0.00  0.000     0  0.00  0  0  -3.027   0.919   0.573   0.084   0.699   0.000 02T00AM000t
00029 GLU02A0216_029 f 0.00  0.000     0  0.00  0  0  -3.007   2.436   0.571   0.030   0.629   0.000 02T00BM000t
00030 GLU02A0216_030 f 0.00  0.000     0  0.00  0  0  -1.695   2.234   0.241   0.115   0.773   0.000 02T005M000t
00031 GLU02A0216_031 f 0.00  0.000     0  0.00  0  0  -2.828   0.577   0.478   0.041   0.735   0.000 02T008M000t
00032 GLU-1A0216_032 f 0.00 -1.000     0  4.75  0 -1  -3.749   0.941   0.979  -0.405  -0.046   0.000 -1O000M000t
00033 GLU-1A0216_033 f 0.00 -1.000     0  4.75  0 -1  -3.613   2.454   0.773  -0.437   0.029   0.000 -1E001M000t
00034 GLU-1A0216_034 f 0.00 -1.000     0  4.75  0 -1  -3.589   1.002   0.740  -0.077  -0.289   0.000 -1E002M000t
00035 GLU-1A0216_035 f 0.00 -1.000     0  4.75  0 -1  -1.910   0.636   0.234  -0.082  -0.208   0.000 -1E009M000t
00036 GLU-1A0216_036 f 0.00 -1.000     0  4.75  0 -1  -3.218   0.888   0.520  -0.298  -0.020   0.000 -1E00AM000t
00037 GLU-1A0216_037 f 0.00 -1.000     0  4.75  0 -1  -3.218   2.476   0.503  -0.034  -0.216   0.000 -1E00BM000t
