CONFORMER         crg  vdw0  vdw1  tors  epol  self   occ  Hb     history    ASA
GLU01A0216_001  0.000 -3.66  0.92  3.70  0.00  0.96 0.541  00  01O000M000  1.003
GLU01A0216_002  0.000 -3.29  0.59  3.25  0.00  0.55 0.540  00  01E008M000  1.008
GLU01A0216_003  0.000 -3.17  0.82  3.28  0.00  0.93 0.540  00  01E00AM000  1.008
GLU01A0216_004  0.000 -3.66  0.92  0.98  0.00 -1.76 0.541  00  01O000M000  1.003
GLU01A0216_005  0.000 -2.18  1.07  0.24  0.00 -0.87 0.542  00  01E007M000  1.069
GLU01A0216_006  0.000 -2.43  2.11  2.95  0.00  2.63 0.540  00  01T005M000  1.003
GLU01A0216_007  0.000 -3.24  1.20  3.23  0.00  1.19 0.540  00  01T006M000  1.033
GLU01A0216_008  0.000 -3.53  2.45  3.23  0.00  2.14 0.546  00  01T00BM000  1.066
GLU01A0216_009  0.000 -3.45  2.46  3.52  0.00  2.53 0.542  00  01T001M000  1.008
GLU01A0216_010  0.000 -3.27  2.51  3.47  0.00  2.71 0.543  00  01T004M000  1.027
GLU01A0216_011  0.000 -3.53  2.45  0.51  0.00 -0.58 0.546  00  01T00BM000  1.066
GLU01A0216_012  0.000 -3.45  2.46  0.80  0.00 -0.19 0.542  00  01T001M000  1.008
GLU01A0216_013  0.000 -1.99  0.63  0.24  0.00 -1.13 0.543  00  01T009M000  1.006
GLU01A0216_014  0.000 -3.18  0.95  0.49  0.00 -1.74 0.540  00  01T00AM000  1.000
GLU02A0216_015  0.000 -3.63  0.93  3.70  0.00  1.00 0.541  00  02O000M000  1.006
GLU02A0216_016  0.000 -3.72  1.03  3.56  0.00  0.87 0.544  00  02E002M000  1.032
GLU02A0216_017  0.000 -1.54  1.04  2.94  0.00  2.44 0.542  00  02E007M000  1.056
GLU02A0216_018  0.000 -1.33  0.62  2.95  0.00  2.24 0.543  00  02E009M000  1.003
GLU02A0216_019  0.000 -3.74  0.93  0.98  0.00 -1.83 0.541  00  02O000M000  1.030
GLU02A0216_020  0.000 -3.60  2.27  3.58  0.00  2.25 0.542  00  02T001M000  1.008
GLU02A0216_021  0.000 -3.37  0.68  3.55  0.00  0.86 0.540  00  02T003M000  1.022
GLU02A0216_022  0.000 -1.77  2.28  2.97  0.00  3.48 0.540  00  02T005M000  1.018
GLU02A0216_023  0.000 -3.01  2.44  3.29  0.00  2.72 0.546  00  02T00BM000  1.060
GLU02A0216_024  0.000 -3.09  2.49  3.40  0.00  2.80 0.543  00  02T004M000  1.003
GLU02A0216_025  0.000 -2.97  0.95  3.25  0.00  1.23 0.540  00  02T00AM000  1.015
GLU02A0216_026  0.000 -3.60  2.27  0.86  0.00 -0.47 0.542  00  02T001M000  1.008
GLU02A0216_027  0.000 -1.54  1.04  0.22  0.00 -0.28 0.542  00  02T007M000  1.056
GLU02A0216_028  0.000 -3.03  0.92  0.57  0.00 -1.53 0.540  00  02T00AM000  1.007
GLU02A0216_029  0.000 -3.01  2.44  0.57  0.00  0.00 0.546  00  02T00BM000  1.060
GLU02A0216_030  0.000 -1.69  2.23  0.24  0.00  0.78 0.540  00  02T005M000  1.003
GLU02A0216_031  0.000 -2.83  0.58  0.48  0.00 -1.78 0.540  00  02T008M000  1.009
GLU-1A0216_032 -1.000 -3.75  0.94  0.98  0.00 -1.83 0.541  00  -1O000M000  1.003
GLU-1A0216_033 -1.000 -3.61  2.46  0.77  0.00 -0.38 0.542  00  -1E001M000  1.008
GLU-1A0216_034 -1.000 -3.59  1.00  0.74  0.00 -1.85 0.544  00  -1E002M000  1.015
GLU-1A0216_035 -1.000 -1.91  0.64  0.23  0.00 -1.04 0.543  00  -1E009M000  1.003
GLU-1A0216_036 -1.000 -3.22  0.89  0.52  0.00 -1.81 0.540  00  -1E00AM000  1.008
GLU-1A0216_037 -1.000 -3.21  2.48  0.50  0.00 -0.24 0.546  00  -1E00BM000  1.061
