CONFORMER         crg  vdw0  vdw1  tors  epol  self   occ  Hb     history    ASA
ASP01A0332_001  0.000 -4.26  2.63  3.61  0.00  1.98 0.601  00  01O000M000  1.008
ASP01A0332_002  0.000 -3.95  1.84  3.38  0.00  1.27 0.602  00  01E002M000  1.006
ASP01A0332_003  0.000 -4.18  2.51  3.75  0.00  2.09 0.599  00  01E003M000  1.018
ASP01A0332_004  0.000 -4.26  2.63  0.89  0.00 -0.74 0.601  00  01O000M000  1.008
ASP01A0332_005  0.000 -4.09  2.79  3.70  0.00  2.40 0.602  00  01T004M000  1.020
ASP01A0332_006  0.000 -4.08  1.40  3.30  0.00  0.62 0.596  00  01T001M000  1.018
ASP01A0332_007  0.000 -3.95  1.84  0.64  0.00 -1.47 0.602  00  01T002M000  1.006
ASP01A0332_008  0.000 -4.09  2.79  0.98  0.00 -0.32 0.602  00  01T004M000  1.020
ASP01A0332_009  0.000 -4.08  1.40  0.58  0.00 -2.10 0.596  00  01T001M000  1.018
ASP01A0332_010  0.000 -4.23  2.60  0.98  0.00 -0.64 0.599  00  01T003M000  1.018
ASP02A0332_011  0.000 -4.22  2.27  3.61  0.00  1.66 0.601  00  02O000M000  1.000
ASP02A0332_012  0.000 -4.10  1.45  3.35  0.00  0.70 0.596  00  02E001M000  1.003
ASP02A0332_013  0.000 -4.22  2.27  0.89  0.00 -1.06 0.601  00  02O000M000  1.000
ASP02A0332_014  0.000 -4.04  2.33  0.65  0.00 -1.07 0.602  00  02E002M000  1.024
ASP02A0332_015  0.000 -4.18  2.38  0.99  0.00 -0.80 0.599  00  02E003M000  1.021
ASP02A0332_016  0.000 -4.00  2.25  3.38  0.00  1.63 0.602  00  02T002M000  1.009
ASP02A0332_017  0.000 -4.18  2.38  3.71  0.00  1.91 0.599  00  02T003M000  1.021
ASP02A0332_018  0.000 -4.30  3.00  3.68  0.00  2.38 0.602  00  02T004M000  1.014
ASP02A0332_019  0.000 -4.08  1.54  0.60  0.00 -1.95 0.596  00  02T001M000  1.003
ASP02A0332_020  0.000 -4.30  3.00  0.96  0.00 -0.34 0.602  00  02T004M000  1.014
ASP-1A0332_021 -1.000 -4.18  2.24  0.89  0.00 -1.05 0.601  00  -1O000M000  1.008
ASP-1A0332_022 -1.000 -4.06  1.29  0.56  0.00 -2.20 0.596  00  -1E001M000  1.003
ASP-1A0332_023 -1.000 -3.88  2.00  0.60  0.00 -1.28 0.602  00  -1E002M000  1.006
ASP-1A0332_024 -1.000 -4.12  2.36  0.99  0.00 -0.77 0.599  00  -1E003M000  1.018
ASP-1A0332_025 -1.000 -4.14  2.74  0.95  0.00 -0.45 0.602  00  -1E004M000  1.014
