iConf CONFORMER     FL  occ    crg   Em0  pKa0 ne nH    vdw0    vdw1    tors    epol   dsolv   extra    history
00001 ASP01A0332_001 f 0.00  0.000     0  0.00  0  0  -4.261   2.626   3.614   0.248  -0.421   0.000 01O000M000t
00002 ASP01A0332_002 f 0.00  0.000     0  0.00  0  0  -3.947   1.840   3.379   0.324  -0.614   0.000 01E002M000t
00003 ASP01A0332_003 f 0.00  0.000     0  0.00  0  0  -4.179   2.509   3.751   0.364  -0.469   0.000 01E003M000t
00004 ASP01A0332_004 f 0.00  0.000     0  0.00  0  0  -4.261   2.626   0.894   0.106   0.485   0.000 01O000M000t
00005 ASP01A0332_005 f 0.00  0.000     0  0.00  0  0  -4.088   2.788   3.704   0.128  -0.576   0.000 01T004M000t
00006 ASP01A0332_006 f 0.00  0.000     0  0.00  0  0  -4.076   1.398   3.300   0.145  -0.725   0.000 01T001M000t
00007 ASP01A0332_007 f 0.00  0.000     0  0.00  0  0  -3.947   1.841   0.641   0.338   0.525   0.000 01T002M000t
00008 ASP01A0332_008 f 0.00  0.000     0  0.00  0  0  -4.088   2.788   0.984   0.148   0.515   0.000 01T004M000t
00009 ASP01A0332_009 f 0.00  0.000     0  0.00  0  0  -4.076   1.398   0.580   0.130   0.464   0.000 01T001M000t
00010 ASP01A0332_010 f 0.00  0.000     0  0.00  0  0  -4.225   2.603   0.984   0.156   0.528   0.000 01T003M000t
00011 ASP02A0332_011 f 0.00  0.000     0  0.00  0  0  -4.225   2.267   3.614   0.079  -0.614   0.000 02O000M000t
00012 ASP02A0332_012 f 0.00  0.000     0  0.00  0  0  -4.104   1.457   3.352   0.271  -0.487   0.000 02E001M000t
00013 ASP02A0332_013 f 0.00  0.000     0  0.00  0  0  -4.225   2.267   0.894   0.086   0.568   0.000 02O000M000t
00014 ASP02A0332_014 f 0.00  0.000     0  0.00  0  0  -4.047   2.338   0.645   0.349   0.587   0.000 02E002M000t
00015 ASP02A0332_015 f 0.00  0.000     0  0.00  0  0  -4.176   2.385   0.993   0.109   0.614   0.000 02E003M000t
00016 ASP02A0332_016 f 0.00  0.000     0  0.00  0  0  -4.000   2.255   3.378   0.233  -0.251   0.000 02T002M000t
00017 ASP02A0332_017 f 0.00  0.000     0  0.00  0  0  -4.176   2.385   3.712   0.101  -0.638   0.000 02T003M000t
00018 ASP02A0332_018 f 0.00  0.000     0  0.00  0  0  -4.300   3.002   3.683   0.543  -0.319   0.000 02T004M000t
00019 ASP02A0332_019 f 0.00  0.000     0  0.00  0  0  -4.084   1.539   0.600   0.180   0.699   0.000 02T001M000t
00020 ASP02A0332_020 f 0.00  0.000     0  0.00  0  0  -4.300   3.002   0.963   0.198   0.617   0.000 02T004M000t
00021 ASP-1A0332_021 f 0.00 -1.000     0  4.75  0 -1  -4.181   2.241   0.894  -0.395   0.085   0.000 -1O000M000t
00022 ASP-1A0332_022 f 0.00 -1.000     0  4.75  0 -1  -4.058   1.294   0.564  -0.274  -0.106   0.000 -1E001M000t
00023 ASP-1A0332_023 f 0.00 -1.000     0  4.75  0 -1  -3.882   2.002   0.597  -0.084   0.013   0.000 -1E002M000t
00024 ASP-1A0332_024 f 0.00 -1.000     0  4.75  0 -1  -4.117   2.363   0.995   0.003  -0.050   0.000 -1E003M000t
00025 ASP-1A0332_025 f 0.00 -1.000     0  4.75  0 -1  -4.137   2.736   0.955   0.107   0.127   0.000 -1E004M000t
