CONFORMER         crg  vdw0  vdw1  tors  epol  self   occ  Hb     history    ASA
LYS01A0046_001  0.000-11.83  0.20  0.84  0.00-10.79 0.502  00  01O000M000  1.000
LYS01A0046_002  0.000-12.20  1.17  3.62  0.00 -7.41 0.502  00  01E001M000  1.000
LYS01A0046_003  0.000-11.12  0.48  1.44  0.00 -9.19 0.501  00  01E00DM000  1.000
LYS01A0046_004  0.000-11.43  2.74  4.20  0.00 -4.48 0.500  00  01E03EM000  1.000
LYS01A0046_005  0.000-11.27  0.18  3.63  0.00 -7.46 0.502  00  01E057M000  1.000
LYS01A0046_006  0.000-10.74  0.16  0.84  0.00 -9.74 0.502  00  01E05AM000  1.000
LYS01A0046_007  0.000 -9.89  0.55  1.47  0.00 -7.87 0.502  00  01E07BM000  1.000
LYS01A0046_008  0.000-10.46  1.83  7.02  0.00 -1.60 0.501  00  01E082M000  1.000
LYS01A0046_009  0.000-11.96  1.78  3.74  0.00 -6.43 0.501  00  01E094M000  1.000
LYS01A0046_010  0.000 -8.95  1.02  6.38  0.00 -1.54 0.501  00  01E0BDM000  1.000
LYS01A0046_011  0.000 -9.00  0.15  0.81  0.00 -8.04 0.502  00  01E0CAM000  1.000
LYS01A0046_012  0.000-10.03  0.34  4.24  0.00 -5.45 0.501  00  01E0CFM000  1.000
LYS01A0046_013  0.000 -7.26 -0.08  2.06  0.00 -5.28 0.501  00  01E0F3M000  1.000
LYS01A0046_014  0.000 -7.20  1.58  1.96  0.00 -3.66 0.501  00  01E14FM000  1.000
LYS01A0046_015  0.000 -9.72  3.49  3.60  0.00 -2.63 0.502  00  01T022M000  1.000
LYS01A0046_016  0.000-10.56  1.80  7.00  0.00 -1.76 0.501  00  01T07FM000  1.000
LYS01A0046_017  0.000-10.50  1.40  4.26  0.00 -4.83 0.501  00  01T0A5M000  1.000
LYS01A0046_018  0.000 -9.91  0.35  4.14  0.00 -5.42 0.501  00  01T0C2M000  1.000
LYS01A0046_019  0.000 -7.22  1.54  4.73  0.00 -0.95 0.502  00  01T14EM000  1.000
LYS01A0046_020  0.000 -7.07  1.43  2.10  0.00 -3.54 0.502  00  01T162M000  1.000
LYS+1A0046_021  1.000-11.87  0.19  0.84  0.00-10.84 0.502  00  +1O000M000  1.000
LYS+1A0046_022  1.000-12.24  1.17  3.62  0.00 -7.45 0.502  00  +1E001M000  1.000
LYS+1A0046_023  1.000-11.16  0.49  1.44  0.00 -9.23 0.501  00  +1E00DM000  1.000
LYS+1A0046_024  1.000 -9.66  3.48  3.60  0.00 -2.59 0.502  00  +1E022M000  1.000
LYS+1A0046_025  1.000-10.83  0.16  0.84  0.00 -9.83 0.502  00  +1E05AM000  1.000
LYS+1A0046_026  1.000 -9.93  0.55  1.47  0.00 -7.91 0.502  00  +1E07BM000  1.000
LYS+1A0046_027  1.000-10.61  1.80  7.00  0.00 -1.81 0.501  00  +1E07FM000  1.000
LYS+1A0046_028  1.000-10.51  1.83  7.02  0.00 -1.65 0.501  00  +1E082M000  1.000
LYS+1A0046_029  1.000-10.57  1.39  4.27  0.00 -4.90 0.501  00  +1E0A5M000  1.000
LYS+1A0046_030  1.000 -9.96  0.35  4.14  0.00 -5.46 0.501  00  +1E0C2M000  1.000
LYS+1A0046_031  1.000-10.07  0.34  4.25  0.00 -5.49 0.501  00  +1E0CFM000  1.000
LYS+1A0046_032  1.000-11.52  2.75  4.20  0.00 -4.57 0.500  00  +1T03EM000  1.000
LYS+1A0046_033  1.000-11.25  0.18  3.63  0.00 -7.44 0.502  00  +1T057M000  1.000
LYS+1A0046_034  1.000-12.00  1.80  3.74  0.00 -6.46 0.501  00  +1T094M000  1.000
LYS+1A0046_035  1.000 -9.04  1.02  6.39  0.00 -1.64 0.501  00  +1T0BDM000  1.000
LYS+1A0046_036  1.000 -9.06  0.14  0.80  0.00 -8.11 0.502  00  +1T0CAM000  1.000
LYS+1A0046_037  1.000 -7.33 -0.08  2.06  0.00 -5.35 0.501  00  +1T0F3M000  1.000
LYS+1A0046_038  1.000 -7.26  1.54  4.73  0.00 -0.99 0.502  00  +1T14EM000  1.000
LYS+1A0046_039  1.000 -7.21  1.59  1.97  0.00 -3.65 0.501  00  +1T14FM000  1.000
LYS+1A0046_040  1.000 -7.22  1.43  2.10  0.00 -3.69 0.502  00  +1T162M000  1.000
