iConf CONFORMER     FL  occ    crg   Em0  pKa0 ne nH    vdw0    vdw1    tors    epol   dsolv   extra    history
00001 LYS01A0046_001 f 0.00  0.000     0  0.00  0  0 -11.826   0.314   0.842  -0.011   0.029   0.000 01O000M000t
00002 LYS01A0046_002 f 0.00  0.000     0  0.00  0  0 -12.201   1.228   3.617  -0.010   0.054   0.000 01E001M000t
00003 LYS01A0046_003 f 0.00  0.000     0  0.00  0  0 -11.120   0.531   1.443  -0.009   0.061   0.000 01E00DM000t
00004 LYS01A0046_004 f 0.00  0.000     0  0.00  0  0 -11.425   2.743   4.204  -0.029  -0.060   0.000 01E03EM000t
00005 LYS01A0046_005 f 0.00  0.000     0  0.00  0  0 -11.270   0.300   3.625  -0.018  -0.217   0.000 01E057M000t
00006 LYS01A0046_006 f 0.00  0.000     0  0.00  0  0 -10.738   0.282   0.836  -0.015   0.118   0.000 01E05AM000t
00007 LYS01A0046_007 f 0.00  0.000     0  0.00  0  0  -9.898   0.620   1.473  -0.023  -0.148   0.000 01E07BM000t
00008 LYS01A0046_008 f 0.00  0.000     0  0.00  0  0 -10.458   1.835   7.022  -0.015   0.080   0.000 01E082M000t
00009 LYS01A0046_009 f 0.00  0.000     0  0.00  0  0 -11.957   1.833   3.742  -0.015  -0.094   0.000 01E094M000t
00010 LYS01A0046_010 f 0.00  0.000     0  0.00  0  0  -8.983   1.072   6.384  -0.013   0.063   0.000 01E0BDM000t
00011 LYS01A0046_011 f 0.00  0.000     0  0.00  0  0  -8.992   0.253   0.806  -0.020   0.028   0.000 01E0CAM000t
00012 LYS01A0046_012 f 0.00  0.000     0  0.00  0  0 -10.028   0.440   4.242  -0.011  -0.064   0.000 01E0CFM000t
00013 LYS01A0046_013 f 0.00  0.000     0  0.00  0  0  -7.258  -0.009   2.063  -0.059   0.064   0.000 01E0F3M000t
00014 LYS01A0046_014 f 0.00  0.000     0  0.00  0  0  -7.206   1.583   1.964  -0.012   0.052   0.000 01E14FM000t
00015 LYS01A0046_015 f 0.00  0.000     0  0.00  0  0  -9.716   3.534   3.602  -0.013   0.066   0.000 01T022M000t
00016 LYS01A0046_016 f 0.00  0.000     0  0.00  0  0 -10.506   1.799   7.002  -0.007  -0.084   0.000 01T07FM000t
00017 LYS01A0046_017 f 0.00  0.000     0  0.00  0  0 -10.501   1.404   4.264   0.011   0.008   0.000 01T0A5M000t
00018 LYS01A0046_018 f 0.00  0.000     0  0.00  0  0  -9.903   0.456   4.137  -0.005   0.015   0.000 01T0C2M000t
00019 LYS01A0046_019 f 0.00  0.000     0  0.00  0  0  -7.221   1.541   4.732  -0.008  -0.114   0.000 01T14EM000t
00020 LYS01A0046_020 f 0.00  0.000     0  0.00  0  0  -7.073   1.433   2.096  -0.002   0.056   0.000 01T162M000t
00021 LYS+1A0046_021 f 0.00  1.000     0 10.40  0  1 -11.871   0.313   0.842   0.042  -0.245   0.000 +1O000M000t
00022 LYS+1A0046_022 f 0.00  1.000     0 10.40  0  1 -12.243   1.228   3.618   0.048  -0.228   0.000 +1E001M000t
00023 LYS+1A0046_023 f 0.00  1.000     0 10.40  0  1 -11.156   0.534   1.445   0.065  -0.238   0.000 +1E00DM000t
00024 LYS+1A0046_024 f 0.00  1.000     0 10.40  0  1  -9.666   3.531   3.599   0.054  -0.223   0.000 +1E022M000t
00025 LYS+1A0046_025 f 0.00  1.000     0 10.40  0  1 -10.833   0.282   0.836   0.092  -0.017   0.000 +1E05AM000t
00026 LYS+1A0046_026 f 0.00  1.000     0 10.40  0  1  -9.936   0.620   1.475   0.067  -0.252   0.000 +1E07BM000t
00027 LYS+1A0046_027 f 0.00  1.000     0 10.40  0  1 -10.649   1.796   7.003   0.105  -0.185   0.000 +1E07FM000t
00028 LYS+1A0046_028 f 0.00  1.000     0 10.40  0  1 -10.512   1.837   7.023   0.065  -0.255   0.000 +1E082M000t
00029 LYS+1A0046_029 f 0.00  1.000     0 10.40  0  1 -10.573   1.400   4.267  -0.113  -0.153   0.000 +1E0A5M000t
00030 LYS+1A0046_030 f 0.00  1.000     0 10.40  0  1  -9.955   0.455   4.138   0.041  -0.201   0.000 +1E0C2M000t
00031 LYS+1A0046_031 f 0.00  1.000     0 10.40  0  1 -10.074   0.440   4.245   0.055  -0.240   0.000 +1E0CFM000t
00032 LYS+1A0046_032 f 0.00  1.000     0 10.40  0  1 -11.523   2.754   4.202   0.148  -0.237   0.000 +1T03EM000t
00033 LYS+1A0046_033 f 0.00  1.000     0 10.40  0  1 -11.251   0.299   3.628   0.030  -0.264   0.000 +1T057M000t
00034 LYS+1A0046_034 f 0.00  1.000     0 10.40  0  1 -12.008   1.853   3.745   0.130  -0.162   0.000 +1T094M000t
00035 LYS+1A0046_035 f 0.00  1.000     0 10.40  0  1  -9.042   1.075   6.387   0.066  -0.473   0.000 +1T0BDM000t
00036 LYS+1A0046_036 f 0.00  1.000     0 10.40  0  1  -9.147   0.247   0.803   0.133   0.151   0.000 +1T0CAM000t
00037 LYS+1A0046_037 f 0.00  1.000     0 10.40  0  1  -7.331  -0.017   2.063   0.206   0.061   0.000 +1T0F3M000t
00038 LYS+1A0046_038 f 0.00  1.000     0 10.40  0  1  -7.271   1.544   4.734  -0.025  -0.344   0.000 +1T14EM000t
00039 LYS+1A0046_039 f 0.00  1.000     0 10.40  0  1  -7.207   1.586   1.967  -0.051   0.042   0.000 +1T14FM000t
00040 LYS+1A0046_040 f 0.00  1.000     0 10.40  0  1  -7.222   1.437   2.097   0.055  -0.176   0.000 +1T162M000t
