   confID        vdw0    sas     sum
LYS01A0046_001   0.780 -12.485 -11.705
LYS01A0046_002   1.452 -12.292 -10.840
LYS01A0046_003   4.331 -12.112  -7.781
LYS01A0046_004   4.201 -12.347  -8.146
LYS01A0046_005   1.823 -12.276 -10.453
LYS01A0046_006   2.374 -12.402 -10.028
LYS01A0046_007   5.071 -11.994  -6.924
LYS01A0046_008   5.021 -12.431  -7.411
LYS01A0046_009   2.470 -12.492 -10.022
LYS01A0046_010   4.108 -12.527  -8.419
LYS01A0046_011   1.260 -12.525 -11.265
LYS01A0046_012   1.263 -11.849 -10.586
LYS01A0046_013   2.046 -12.244 -10.198
LYS01A0046_014   2.470 -12.120  -9.650
LYS01A0046_015   3.531 -12.334  -8.803
LYS01A0046_016   4.796 -12.337  -7.541
LYS01A0046_017   4.560 -12.180  -7.619
LYS01A0046_018   2.329 -12.405 -10.077
LYS01A0046_019   4.986 -11.829  -6.844
LYS01A0046_020   5.134 -12.232  -7.098
LYS+1A0046_021   0.735 -12.485 -11.750
LYS+1A0046_022   1.403 -12.241 -10.838
LYS+1A0046_023   4.159 -12.347  -8.188
LYS+1A0046_024   1.998 -12.283 -10.285
LYS+1A0046_025   1.762 -12.328 -10.566
LYS+1A0046_026   2.328 -12.402 -10.074
LYS+1A0046_027   4.551 -12.180  -7.629
LYS+1A0046_028   4.885 -11.881  -6.996
LYS+1A0046_029   5.055 -12.113  -7.058
LYS+1A0046_030   5.064 -12.496  -7.432
LYS+1A0046_031   2.491 -12.492 -10.001
LYS+1A0046_032   4.158 -12.460  -8.301
LYS+1A0046_033   4.326 -12.112  -7.786
LYS+1A0046_034   1.171 -12.525 -11.354
LYS+1A0046_035   1.169 -11.849 -10.680
LYS+1A0046_036   2.393 -12.107  -9.714
LYS+1A0046_037   3.492 -12.373  -8.881
LYS+1A0046_038   4.756 -12.337  -7.581
LYS+1A0046_039   2.280 -12.405 -10.125
LYS+1A0046_040   5.016 -12.062  -7.046
