iConf CONFORMER     FL  occ    crg   Em0  pKa0 ne nH    vdw0    vdw1    tors    epol   dsolv   extra    history
00001 HIS01A0184_001 f 0.00  0.000     0  0.00  0  0 -11.533   0.053   0.122   0.307   0.494   0.000 01O000M000t
00002 HIS01A0184_002 f 0.00  0.000     0  0.00  0  0 -11.498   3.221   2.664   0.233   0.303   0.000 01E004M000t
00003 HIS01A0184_003 f 0.00  0.000     0  0.00  0  0 -12.015  -0.236   0.102   0.253   0.380   0.000 01E005M000t
00004 HIS01A0184_004 f 0.00  0.000     0  0.00  0  0 -12.196  -0.079   0.106   0.405   0.321   0.000 01E009M000t
00005 HIS01A0184_005 f 0.00  0.000     0  0.00  0  0 -11.923  -0.129   0.099   0.288   0.427   0.000 01E00AM000t
00006 HIS01A0184_006 f 0.00  0.000     0  0.00  0  0 -11.861   0.794   0.084   0.213   0.557   0.000 01E00BM000t
00007 HIS01A0184_007 f 0.00  0.000     0  0.00  0  0 -11.663   2.464   0.080   0.290   0.391   0.000 01E010M000t
00008 HIS01A0184_008 f 0.00  0.000     0  0.00  0  0 -11.660   1.228   2.650   0.247   0.213   0.000 01E01DM000t
00009 HIS01A0184_009 f 0.00  0.000     0  0.00  0  0 -12.283   2.056   2.572   0.245   0.290   0.000 01E01EM000t
00010 HIS01A0184_010 f 0.00  0.000     0  0.00  0  0 -12.214   0.262   0.063   0.451   0.435   0.000 01T008M000t
00011 HIS01A0184_011 f 0.00  0.000     0  0.00  0  0 -11.827   2.491   2.650   0.451   0.229   0.000 01T00CM000t
00012 HIS01A0184_012 f 0.00  0.000     0  0.00  0  0 -11.750   3.320   2.653   0.132   0.646   0.000 01T00EM000t
00013 HIS01A0184_013 f 0.00  0.000     0  0.00  0  0 -12.142   3.513   0.113   0.802   0.499   0.000 01T013M000t
00014 HIS01A0184_014 f 0.00  0.000     0  0.00  0  0 -11.139   1.045   0.092   0.427   0.365   0.000 01T015M000t
00015 HIS01A0184_015 f 0.00  0.000     0  0.00  0  0 -12.013  -0.313   0.101   0.373   0.417   0.000 01T017M000t
00016 HIS01A0184_016 f 0.00  0.000     0  0.00  0  0 -11.601   1.934   0.089   0.004   0.441   0.000 01T018M000t
00017 HIS01A0184_017 f 0.00  0.000     0  0.00  0  0 -11.499   1.107   2.650   0.452   0.269   0.000 01T01AM000t
00018 HIS01A0184_018 f 0.00  0.000     0  0.00  0  0 -11.250   1.064   2.656   0.388   0.255   0.000 01T01CM000t
00019 HIS02A0184_019 f 0.00  0.000     0  0.00  0  0 -11.548  -0.000   0.122   0.431   0.423   0.000 02O000M000t
00020 HIS02A0184_020 f 0.00  0.000     0  0.00  0  0 -11.565   3.254   2.657   0.295   0.384   0.000 02E004M000t
00021 HIS02A0184_021 f 0.00  0.000     0  0.00  0  0 -12.030  -0.262   0.100   0.180   0.295   0.000 02E005M000t
00022 HIS02A0184_022 f 0.00  0.000     0  0.00  0  0 -12.151  -0.088   0.104   0.369   0.221   0.000 02E009M000t
00023 HIS02A0184_023 f 0.00  0.000     0  0.00  0  0 -11.872  -0.168   0.096   0.306   0.347   0.000 02E00AM000t
00024 HIS02A0184_024 f 0.00  0.000     0  0.00  0  0 -11.941   0.690   0.085   0.483   0.441   0.000 02E00BM000t
00025 HIS02A0184_025 f 0.00  0.000     0  0.00  0  0 -11.658   0.383   0.092   0.323   0.146   0.000 02E00FM000t
00026 HIS02A0184_026 f 0.00  0.000     0  0.00  0  0 -11.693   2.484   0.099   0.171   0.236   0.000 02E010M000t
00027 HIS02A0184_027 f 0.00  0.000     0  0.00  0  0 -12.268   3.553   0.101  -0.240   0.519   0.000 02E013M000t
00028 HIS02A0184_028 f 0.00  0.000     0  0.00  0  0 -11.089   1.014   0.089   0.315   0.335   0.000 02E015M000t
00029 HIS02A0184_029 f 0.00  0.000     0  0.00  0  0 -11.336   1.049   2.652   0.263   0.217   0.000 02E01CM000t
00030 HIS02A0184_030 f 0.00  0.000     0  0.00  0  0 -11.674   1.183   2.648   0.325   0.293   0.000 02E01DM000t
00031 HIS02A0184_031 f 0.00  0.000     0  0.00  0  0 -12.047   0.265   0.082   0.370   0.279   0.000 02T008M000t
00032 HIS02A0184_032 f 0.00  0.000     0  0.00  0  0 -11.915   2.470   2.646   0.374   0.359   0.000 02T00CM000t
00033 HIS02A0184_033 f 0.00  0.000     0  0.00  0  0 -11.843   3.491   2.654   0.393   0.355   0.000 02T00EM000t
00034 HIS02A0184_034 f 0.00  0.000     0  0.00  0  0 -12.117  -0.336   0.100   0.147   0.373   0.000 02T017M000t
00035 HIS02A0184_035 f 0.00  0.000     0  0.00  0  0 -11.565   1.848   0.086   0.339   0.344   0.000 02T018M000t
00036 HIS02A0184_036 f 0.00  0.000     0  0.00  0  0 -11.520   1.099   2.647   0.320   0.176   0.000 02T01AM000t
00037 HIS02A0184_037 f 0.00  0.000     0  0.00  0  0 -12.208   2.018   2.614   0.324   0.166   0.000 02T01EM000t
00038 HIS+1A0184_038 f 0.00  1.000     0  6.98  0  1 -11.575  -0.002   0.122   0.701  -0.270   0.000 +1O000M000t
00039 HIS+1A0184_039 f 0.00  1.000     0  6.98  0  1 -12.056  -0.260   0.105   0.749  -0.315   0.000 +1E005M000t
00040 HIS+1A0184_040 f 0.00  1.000     0  6.98  0  1 -12.244  -0.092   0.107   0.690  -0.321   0.000 +1E009M000t
00041 HIS+1A0184_041 f 0.00  1.000     0  6.98  0  1 -11.771   2.480   0.098   0.176  -0.420   0.000 +1E010M000t
00042 HIS+1A0184_042 f 0.00  1.000     0  6.98  0  1 -11.117   1.046   0.095   0.866  -0.524   0.000 +1E015M000t
00043 HIS+1A0184_043 f 0.00  1.000     0  6.98  0  1 -11.545   1.098   2.654   0.666  -0.268   0.000 +1E01AM000t
00044 HIS+1A0184_044 f 0.00  1.000     0  6.98  0  1 -11.474   1.046   2.657   0.616  -0.432   0.000 +1E01CM000t
00045 HIS+1A0184_045 f 0.00  1.000     0  6.98  0  1 -11.591   3.234   2.661   0.698  -0.587   0.000 +1T004M000t
00046 HIS+1A0184_046 f 0.00  1.000     0  6.98  0  1 -12.073   0.260   0.082   0.663  -0.333   0.000 +1T008M000t
00047 HIS+1A0184_047 f 0.00  1.000     0  6.98  0  1 -11.897  -0.164   0.100   0.589  -0.371   0.000 +1T00AM000t
00048 HIS+1A0184_048 f 0.00  1.000     0  6.98  0  1 -11.879   0.685   0.085   0.811  -0.055   0.000 +1T00BM000t
00049 HIS+1A0184_049 f 0.00  1.000     0  6.98  0  1 -11.757   2.466   2.654   0.645  -0.360   0.000 +1T00CM000t
00050 HIS+1A0184_050 f 0.00  1.000     0  6.98  0  1 -11.555   2.502   2.658   0.454  -0.261   0.000 +1T00DM000t
00051 HIS+1A0184_051 f 0.00  1.000     0  6.98  0  1 -11.637   0.416   0.096   0.324  -0.430   0.000 +1T00FM000t
00052 HIS+1A0184_052 f 0.00  1.000     0  6.98  0  1 -12.343   3.576   0.100  -0.296   0.260   0.000 +1T013M000t
00053 HIS+1A0184_053 f 0.00  1.000     0  6.98  0  1 -12.078  -0.332   0.105   0.705  -0.321   0.000 +1T017M000t
00054 HIS+1A0184_054 f 0.00  1.000     0  6.98  0  1 -11.643   1.882   0.092   0.891   0.002   0.000 +1T018M000t
00055 HIS+1A0184_055 f 0.00  1.000     0  6.98  0  1 -11.653   1.194   2.655   0.719  -0.499   0.000 +1T01DM000t
00056 HIS+1A0184_056 f 0.00  1.000     0  6.98  0  1 -12.167   2.018   2.615   0.677  -0.286   0.000 +1T01EM000t
