   confID        vdw0    sas     sum
HIS01A0184_001  -0.232 -11.301 -11.533
HIS01A0184_002  -0.221 -11.277 -11.498
HIS01A0184_003  -0.236 -11.779 -12.015
HIS01A0184_004  -0.166 -12.030 -12.196
HIS01A0184_005  -0.272 -11.650 -11.923
HIS01A0184_006  -0.363 -11.498 -11.861
HIS01A0184_007  -0.295 -11.369 -11.663
HIS01A0184_008  -0.275 -11.385 -11.660
HIS01A0184_009  -0.363 -11.920 -12.283
HIS01A0184_010  -0.295 -11.919 -12.214
HIS01A0184_011  -0.167 -11.660 -11.827
HIS01A0184_012  -0.265 -11.484 -11.750
HIS01A0184_013  -0.364 -11.778 -12.142
HIS01A0184_014  -0.164 -10.975 -11.139
HIS01A0184_015  -0.166 -11.847 -12.013
HIS01A0184_016  -0.267 -11.334 -11.601
HIS01A0184_017  -0.169 -11.330 -11.499
HIS01A0184_018  -0.168 -11.082 -11.250
HIS02A0184_019  -0.248 -11.301 -11.548
HIS02A0184_020  -0.239 -11.326 -11.565
HIS02A0184_021  -0.251 -11.779 -12.030
HIS02A0184_022  -0.185 -11.966 -12.151
HIS02A0184_023  -0.286 -11.586 -11.872
HIS02A0184_024  -0.375 -11.566 -11.941
HIS02A0184_025  -0.187 -11.471 -11.658
HIS02A0184_026  -0.311 -11.381 -11.693
HIS02A0184_027  -0.376 -11.893 -12.268
HIS02A0184_028  -0.185 -10.904 -11.089
HIS02A0184_029  -0.187 -11.150 -11.336
HIS02A0184_030  -0.290 -11.385 -11.674
HIS02A0184_031  -0.311 -11.736 -12.047
HIS02A0184_032  -0.187 -11.728 -11.915
HIS02A0184_033  -0.283 -11.560 -11.843
HIS02A0184_034  -0.186 -11.931 -12.117
HIS02A0184_035  -0.282 -11.283 -11.565
HIS02A0184_036  -0.190 -11.330 -11.520
HIS02A0184_037  -0.375 -11.833 -12.208
HIS+1A0184_038  -0.275 -11.301 -11.575
HIS+1A0184_039  -0.277 -11.779 -12.056
HIS+1A0184_040  -0.213 -12.030 -12.244
HIS+1A0184_041  -0.338 -11.433 -11.771
HIS+1A0184_042  -0.213 -10.904 -11.117
HIS+1A0184_043  -0.217 -11.328 -11.545
HIS+1A0184_044  -0.213 -11.261 -11.474
HIS+1A0184_045  -0.265 -11.326 -11.591
HIS+1A0184_046  -0.337 -11.736 -12.073
HIS+1A0184_047  -0.313 -11.583 -11.897
HIS+1A0184_048  -0.402 -11.476 -11.879
HIS+1A0184_049  -0.213 -11.544 -11.757
HIS+1A0184_050  -0.212 -11.344 -11.555
HIS+1A0184_051  -0.215 -11.422 -11.637
HIS+1A0184_052  -0.403 -11.940 -12.343
HIS+1A0184_053  -0.212 -11.866 -12.078
HIS+1A0184_054  -0.309 -11.334 -11.643
HIS+1A0184_055  -0.317 -11.336 -11.653
HIS+1A0184_056  -0.401 -11.765 -12.167
