iConf CONFORMER     FL  occ    crg   Em0  pKa0 ne nH    vdw0    vdw1    tors    epol   dsolv   extra    history
00001 LYS01A0134_001 f 0.00  0.000     0  0.00  0  0 -11.919   0.358   0.924  -0.008  -0.072   0.000 01O000M000t
00002 LYS01A0134_002 f 0.00  0.000     0  0.00  0  0 -10.774   0.249   0.961  -0.009   0.048   0.000 01E013M000t
00003 LYS01A0134_003 f 0.00  0.000     0  0.00  0  0  -8.206   0.839   2.156  -0.013   0.013   0.000 01E03EM000t
00004 LYS01A0134_004 f 0.00  0.000     0  0.00  0  0 -11.261   2.734   4.130  -0.051  -0.030   0.000 01E04FM000t
00005 LYS01A0134_005 f 0.00  0.000     0  0.00  0  0  -9.907   0.413   1.503  -0.012   0.164   0.000 01E07DM000t
00006 LYS01A0134_006 f 0.00  0.000     0  0.00  0  0  -7.394   1.552   3.461  -0.057   0.122   0.000 01E08EM000t
00007 LYS01A0134_007 f 0.00  0.000     0  0.00  0  0  -9.857   1.885   4.140  -0.016  -0.140   0.000 01E097M000t
00008 LYS01A0134_008 f 0.00  0.000     0  0.00  0  0 -11.772   2.397   6.184  -0.030   0.027   0.000 01E09AM000t
00009 LYS01A0134_009 f 0.00  0.000     0  0.00  0  0  -9.308   3.672   4.048   0.002   0.053   0.000 01E0B8M000t
00010 LYS01A0134_010 f 0.00  0.000     0  0.00  0  0  -7.112   0.506   2.119  -0.010   0.127   0.000 01E109M000t
00011 LYS01A0134_011 f 0.00  0.000     0  0.00  0  0  -6.859   0.817   2.154  -0.014   0.103   0.000 01E11DM000t
00012 LYS01A0134_012 f 0.00  0.000     0  0.00  0  0  -7.365   0.822   2.136  -0.071   0.236   0.000 01E133M000t
00013 LYS01A0134_013 f 0.00  0.000     0  0.00  0  0 -10.726   2.565   6.805  -0.045   0.081   0.000 01E14AM000t
00014 LYS01A0134_014 f 0.00  0.000     0  0.00  0  0 -11.207   1.828   1.545   0.006   0.053   0.000 01T009M000t
00015 LYS01A0134_015 f 0.00  0.000     0  0.00  0  0  -9.498   1.802   1.593  -0.011  -0.032   0.000 01T037M000t
00016 LYS01A0134_016 f 0.00  0.000     0  0.00  0  0  -9.464   1.814   4.215  -0.019   0.093   0.000 01T04AM000t
00017 LYS01A0134_017 f 0.00  0.000     0  0.00  0  0  -9.950   1.070   4.054  -0.003   0.139   0.000 01T0E1M000t
00018 LYS01A0134_018 f 0.00  0.000     0  0.00  0  0  -6.953   0.206   2.173   0.005   0.160   0.000 01T0EFM000t
00019 LYS01A0134_019 f 0.00  0.000     0  0.00  0  0 -10.744   2.123   1.598  -0.048  -0.096   0.000 01T0FBM000t
00020 LYS01A0134_020 f 0.00  0.000     0  0.00  0  0  -6.846   1.013   4.822  -0.027  -0.002   0.000 01T134M000t
00021 LYS+1A0134_021 f 0.00  1.000     0 10.40  0  1 -11.965   0.357   0.924   0.040  -0.249   0.000 +1O000M000t
00022 LYS+1A0134_022 f 0.00  1.000     0 10.40  0  1 -10.823   0.247   0.962   0.034  -0.171   0.000 +1E013M000t
00023 LYS+1A0134_023 f 0.00  1.000     0 10.40  0  1  -8.262   0.843   2.155   0.022  -0.205   0.000 +1E03EM000t
00024 LYS+1A0134_024 f 0.00  1.000     0 10.40  0  1 -11.312   2.742   4.131   0.258  -0.504   0.000 +1E04FM000t
00025 LYS+1A0134_025 f 0.00  1.000     0 10.40  0  1 -10.000   0.412   1.502   0.112   0.089   0.000 +1E07DM000t
00026 LYS+1A0134_026 f 0.00  1.000     0 10.40  0  1  -7.460   1.542   3.511   0.166  -0.031   0.000 +1E08EM000t
00027 LYS+1A0134_027 f 0.00  1.000     0 10.40  0  1  -9.855   1.880   4.142   0.132   0.064   0.000 +1E097M000t
00028 LYS+1A0134_028 f 0.00  1.000     0 10.40  0  1 -11.824   2.394   6.196   0.162  -0.172   0.000 +1E09AM000t
00029 LYS+1A0134_029 f 0.00  1.000     0 10.40  0  1  -9.375   3.682   4.061   0.110   0.210   0.000 +1E0B8M000t
00030 LYS+1A0134_030 f 0.00  1.000     0 10.40  0  1 -10.833   2.106   1.598   0.182  -0.201   0.000 +1E0FBM000t
00031 LYS+1A0134_031 f 0.00  1.000     0 10.40  0  1  -7.139   0.506   2.121   0.066  -0.083   0.000 +1E109M000t
00032 LYS+1A0134_032 f 0.00  1.000     0 10.40  0  1  -7.462   0.785   2.135   0.329   0.216   0.000 +1E133M000t
00033 LYS+1A0134_033 f 0.00  1.000     0 10.40  0  1  -7.134   1.013   4.851   0.158  -0.334   0.000 +1E134M000t
00034 LYS+1A0134_034 f 0.00  1.000     0 10.40  0  1 -11.254   1.829   1.545  -0.012  -0.246   0.000 +1T009M000t
00035 LYS+1A0134_035 f 0.00  1.000     0 10.40  0  1  -9.570   1.794   1.595   0.051  -0.175   0.000 +1T037M000t
00036 LYS+1A0134_036 f 0.00  1.000     0 10.40  0  1  -9.621   1.813   4.217   0.067  -0.167   0.000 +1T04AM000t
00037 LYS+1A0134_037 f 0.00  1.000     0 10.40  0  1 -10.012   1.070   4.066   0.114   0.215   0.000 +1T0E1M000t
00038 LYS+1A0134_038 f 0.00  1.000     0 10.40  0  1  -6.984   0.191   2.172   0.256   0.345   0.000 +1T0EFM000t
00039 LYS+1A0134_039 f 0.00  1.000     0 10.40  0  1  -7.007   0.821   2.154   0.082  -0.091   0.000 +1T11DM000t
00040 LYS+1A0134_040 f 0.00  1.000     0 10.40  0  1 -10.420   2.593   6.842   0.160  -0.038   0.000 +1T14AM000t
