CONFORMER         crg  vdw0  vdw1  tors  epol  self   occ  Hb     history    ASA
LYS01A0134_001  0.000-11.92  0.26  0.92  0.00-10.74 0.502  00  01O000M000  1.000
LYS01A0134_002  0.000-10.77  0.15  0.96  0.00 -9.66 0.502  00  01E013M000  1.000
LYS01A0134_003  0.000 -8.14  0.77  2.16  0.00 -5.21 0.501  00  01E03EM000  1.000
LYS01A0134_004  0.000-11.26  2.73  4.13  0.00 -4.40 0.502  00  01E04FM000  1.000
LYS01A0134_005  0.000 -9.91  0.37  1.50  0.00 -8.04 0.502  00  01E07DM000  1.000
LYS01A0134_006  0.000 -7.38  1.49  3.46  0.00 -2.44 0.502  00  01E08EM000  1.000
LYS01A0134_007  0.000 -9.86  1.88  4.14  0.00 -3.84 0.502  00  01E097M000  1.000
LYS01A0134_008  0.000-11.77  2.40  6.18  0.00 -3.19 0.501  00  01E09AM000  1.000
LYS01A0134_009  0.000 -9.31  3.62  4.05  0.00 -1.64 0.501  00  01E0B8M000  1.000
LYS01A0134_010  0.000 -7.11  0.46  2.12  0.00 -4.53 0.501  00  01E109M000  1.000
LYS01A0134_011  0.000 -6.87  0.75  2.15  0.00 -3.96 0.502  00  01E11DM000  1.000
LYS01A0134_012  0.000 -7.36  0.75  2.14  0.00 -4.47 0.502  00  01E133M000  1.000
LYS01A0134_013  0.000-10.72  2.57  6.80  0.00 -1.35 0.501  00  01E14AM000  1.000
LYS01A0134_014  0.000-11.21  1.83  1.54  0.00 -7.84 0.502  00  01T009M000  1.000
LYS01A0134_015  0.000 -9.57  1.80  1.59  0.00 -6.18 0.502  00  01T037M000  1.000
LYS01A0134_016  0.000 -9.53  1.82  4.22  0.00 -3.50 0.501  00  01T04AM000  1.000
LYS01A0134_017  0.000 -9.95  1.02  4.05  0.00 -4.88 0.501  00  01T0E1M000  1.000
LYS01A0134_018  0.000 -6.96  0.16  2.17  0.00 -4.63 0.501  00  01T0EFM000  1.000
LYS01A0134_019  0.000-10.74  2.08  1.60  0.00 -7.07 0.502  00  01T0FBM000  1.000
LYS01A0134_020  0.000 -6.83  0.94  4.82  0.00 -1.06 0.502  00  01T134M000  1.000
LYS+1A0134_021  1.000-11.96  0.26  0.92  0.00-10.78 0.502  00  +1O000M000  1.000
LYS+1A0134_022  1.000-10.82  0.14  0.96  0.00 -9.71 0.502  00  +1E013M000  1.000
LYS+1A0134_023  1.000 -8.28  0.77  2.16  0.00 -5.35 0.501  00  +1E03EM000  1.000
LYS+1A0134_024  1.000-11.31  2.74  4.13  0.00 -4.44 0.502  00  +1E04FM000  1.000
LYS+1A0134_025  1.000-10.00  0.36  1.50  0.00 -8.13 0.502  00  +1E07DM000  1.000
LYS+1A0134_026  1.000 -7.46  1.47  3.51  0.00 -2.47 0.502  00  +1E08EM000  1.000
LYS+1A0134_027  1.000 -9.85  1.88  4.14  0.00 -3.83 0.502  00  +1E097M000  1.000
LYS+1A0134_028  1.000-11.82  2.39  6.19  0.00 -3.23 0.501  00  +1E09AM000  1.000
LYS+1A0134_029  1.000 -9.38  3.63  4.06  0.00 -1.69 0.501  00  +1E0B8M000  1.000
LYS+1A0134_030  1.000-10.83  2.06  1.60  0.00 -7.17 0.502  00  +1E0FBM000  1.000
LYS+1A0134_031  1.000 -7.14  0.46  2.12  0.00 -4.56 0.501  00  +1E109M000  1.000
LYS+1A0134_032  1.000 -7.46  0.72  2.14  0.00 -4.61 0.502  00  +1E133M000  1.000
LYS+1A0134_033  1.000 -7.14  0.95  4.85  0.00 -1.34 0.502  00  +1E134M000  1.000
LYS+1A0134_034  1.000-11.25  1.83  1.54  0.00 -7.88 0.502  00  +1T009M000  1.000
LYS+1A0134_035  1.000 -9.57  1.79  1.59  0.00 -6.19 0.502  00  +1T037M000  1.000
LYS+1A0134_036  1.000 -9.57  1.82  4.22  0.00 -3.54 0.501  00  +1T04AM000  1.000
LYS+1A0134_037  1.000-10.02  1.01  4.06  0.00 -4.94 0.501  00  +1T0E1M000  1.000
LYS+1A0134_038  1.000 -6.98  0.14  2.17  0.00 -4.67 0.501  00  +1T0EFM000  1.000
LYS+1A0134_039  1.000 -6.97  0.75  2.15  0.00 -4.07 0.502  00  +1T11DM000  1.000
LYS+1A0134_040  1.000-10.42  2.59  6.84  0.00 -0.98 0.501  00  +1T14AM000  1.000
