iConf CONFORMER     FL  occ    crg   Em0  pKa0 ne nH    vdw0    vdw1    tors    epol   dsolv   extra    history
00001 TRP01A0058_001 f 0.00  0.000     0  0.00  0  0 -12.150  -0.338   0.949   0.000   0.000   0.000 01O000M000t
00002 TRP01A0058_002 f 0.00  0.000     0  0.00  0  0 -13.515   1.207   1.819   0.000   0.000   0.000 01E002M000t
00003 TRP01A0058_003 f 0.00  0.000     0  0.00  0  0 -12.888   2.262   0.659   0.000   0.000   0.000 01E005M000t
00004 TRP01A0058_004 f 0.00  0.000     0  0.00  0  0 -12.217   1.154   0.899   0.000   0.000   0.000 01E00EM000t
00005 TRP01A0058_005 f 0.00  0.000     0  0.00  0  0 -13.080   2.625   1.595   0.000   0.000   0.000 01E011M000t
00006 TRP01A0058_006 f 0.00  0.000     0  0.00  0  0 -13.304   1.705   1.808   0.000   0.000   0.000 01T001M000t
00007 TRP01A0058_007 f 0.00  0.000     0  0.00  0  0 -12.615   2.809   0.907   0.000   0.000   0.000 01T003M000t
00008 TRP01A0058_008 f 0.00  0.000     0  0.00  0  0 -12.310  -0.128   0.911   0.000   0.000   0.000 01T004M000t
00009 TRP01A0058_009 f 0.00  0.000     0  0.00  0  0 -12.550   0.541   0.904   0.000   0.000   0.000 01T006M000t
00010 TRP01A0058_010 f 0.00  0.000     0  0.00  0  0 -12.794   2.078   1.810   0.000   0.000   0.000 01T007M000t
00011 TRP01A0058_011 f 0.00  0.000     0  0.00  0  0 -13.250   4.345   0.933   0.000   0.000   0.000 01T008M000t
00012 TRP01A0058_012 f 0.00  0.000     0  0.00  0  0 -12.999   3.182   0.896   0.000   0.000   0.000 01T009M000t
00013 TRP01A0058_013 f 0.00  0.000     0  0.00  0  0 -12.535   1.407   0.897   0.000   0.000   0.000 01T00AM000t
00014 TRP01A0058_014 f 0.00  0.000     0  0.00  0  0 -12.717   0.643   1.813   0.000   0.000   0.000 01T00BM000t
00015 TRP01A0058_015 f 0.00  0.000     0  0.00  0  0 -12.300   1.077   0.908   0.000   0.000   0.000 01T00CM000t
00016 TRP01A0058_016 f 0.00  0.000     0  0.00  0  0 -12.410   2.233   0.902   0.000   0.000   0.000 01T00DM000t
00017 TRP01A0058_017 f 0.00  0.000     0  0.00  0  0 -12.458   0.162   1.798   0.000   0.000   0.000 01T00FM000t
00018 TRP01A0058_018 f 0.00  0.000     0  0.00  0  0 -12.337   0.130   1.814   0.000   0.000   0.000 01T010M000t
00019 TRP01A0058_019 f 0.00  0.000     0  0.00  0  0 -12.674   0.307   1.801   0.000   0.000   0.000 01T012M000t
