   confID        vdw0    sas     sum
TRP01A0058_001   3.583 -15.733 -12.150
TRP01A0058_002   3.581 -17.095 -13.515
TRP01A0058_003   3.263 -16.151 -12.888
TRP01A0058_004   3.610 -15.827 -12.217
TRP01A0058_005   3.258 -16.338 -13.080
TRP01A0058_006   3.587 -16.892 -13.304
TRP01A0058_007   3.605 -16.219 -12.615
TRP01A0058_008   3.638 -15.948 -12.310
TRP01A0058_009   3.597 -16.147 -12.550
TRP01A0058_010   3.632 -16.426 -12.794
TRP01A0058_011   3.562 -16.812 -13.250
TRP01A0058_012   3.650 -16.649 -12.999
TRP01A0058_013   3.593 -16.127 -12.535
TRP01A0058_014   3.636 -16.353 -12.717
TRP01A0058_015   3.565 -15.864 -12.300
TRP01A0058_016   3.654 -16.064 -12.410
TRP01A0058_017   3.563 -16.021 -12.458
TRP01A0058_018   3.634 -15.971 -12.337
TRP01A0058_019   3.597 -16.270 -12.674
