CONFORMER         crg  vdw0  vdw1  tors  epol  self   occ  Hb     history    ASA
LYS01A0035_001  0.000-12.13  0.10  0.84  0.00-11.19 0.501  00  01O000M000  1.000
LYS01A0035_002  0.000-10.10  0.51  1.45  0.00 -8.14 0.501  00  01E087M000  1.000
LYS01A0035_003  0.000-11.26  1.84  3.61  0.00 -5.82 0.501  00  01E09CM000  1.000
LYS01A0035_004  0.000-10.82  1.52  6.97  0.00 -2.33 0.502  00  01E0A5M000  1.000
LYS01A0035_005  0.000-10.27  0.53  4.24  0.00 -5.50 0.501  00  01E0BEM000  1.000
LYS01A0035_006  0.000-10.08  0.48  3.71  0.00 -5.89 0.501  00  01E0BFM000  1.000
LYS01A0035_007  0.000 -9.81  0.55  1.47  0.00 -7.79 0.501  00  01E0DAM000  1.000
LYS01A0035_008  0.000-10.23  1.23  4.35  0.00 -4.65 0.501  00  01E13DM000  1.000
LYS01A0035_009  0.000-11.16  1.02  1.51  0.00 -8.63 0.501  00  01T033M000  1.000
LYS01A0035_010  0.000-11.20  1.78  4.23  0.00 -5.19 0.502  00  01T051M000  1.000
LYS01A0035_011  0.000-11.88  3.03  6.33  0.00 -2.51 0.501  00  01T05EM000  1.000
LYS01A0035_012  0.000-11.55  3.03  6.34  0.00 -2.18 0.501  00  01T061M000  1.000
LYS01A0035_013  0.000-10.09  0.19  1.45  0.00 -8.45 0.501  00  01T07FM000  1.000
LYS01A0035_014  0.000-10.86  0.71  4.27  0.00 -5.87 0.501  00  01T081M000  1.000
LYS01A0035_015  0.000-10.21  0.73  1.48  0.00 -8.00 0.502  00  01T08AM000  1.000
LYS01A0035_016  0.000 -8.11  0.26  4.91  0.00 -2.93 0.502  00  01T0F8M000  1.000
LYS01A0035_017  0.000 -7.55  0.75  2.11  0.00 -4.69 0.501  00  01T114M000  1.000
LYS01A0035_018  0.000 -9.87  2.68  4.33  0.00 -2.86 0.502  00  01T11BM000  1.000
LYS01A0035_019  0.000-10.09  1.93  4.22  0.00 -3.94 0.501  00  01T15AM000  1.000
LYS01A0035_020  0.000-10.44  1.12  4.31  0.00 -5.01 0.501  00  01T164M000  1.000
LYS+1A0035_021  1.000-12.17  0.10  0.84  0.00-11.24 0.501  00  +1O000M000  1.000
LYS+1A0035_022  1.000-11.21  1.04  1.51  0.00 -8.66 0.501  00  +1E033M000  1.000
LYS+1A0035_023  1.000-11.83  3.03  6.34  0.00 -2.46 0.501  00  +1E05EM000  1.000
LYS+1A0035_024  1.000-11.60  3.03  6.34  0.00 -2.23 0.501  00  +1E061M000  1.000
LYS+1A0035_025  1.000-10.91  0.71  4.27  0.00 -5.93 0.501  00  +1E081M000  1.000
LYS+1A0035_026  1.000-10.16  0.50  1.45  0.00 -8.21 0.501  00  +1E087M000  1.000
LYS+1A0035_027  1.000-10.34  0.73  1.48  0.00 -8.13 0.502  00  +1E08AM000  1.000
LYS+1A0035_028  1.000-11.26  1.84  3.61  0.00 -5.82 0.501  00  +1E09CM000  1.000
LYS+1A0035_029  1.000-10.88  1.52  6.97  0.00 -2.38 0.502  00  +1E0A5M000  1.000
LYS+1A0035_030  1.000-10.21  0.48  3.71  0.00 -6.01 0.501  00  +1E0BFM000  1.000
LYS+1A0035_031  1.000 -8.13  0.26  4.91  0.00 -2.95 0.502  00  +1E0F8M000  1.000
LYS+1A0035_032  1.000-10.28  1.23  4.35  0.00 -4.70 0.501  00  +1E13DM000  1.000
LYS+1A0035_033  1.000-10.28  1.92  4.23  0.00 -4.13 0.501  00  +1E15AM000  1.000
LYS+1A0035_034  1.000-11.25  1.78  4.23  0.00 -5.23 0.502  00  +1T051M000  1.000
LYS+1A0035_035  1.000-10.16  0.19  1.45  0.00 -8.53 0.501  00  +1T07FM000  1.000
LYS+1A0035_036  1.000-10.32  0.53  4.24  0.00 -5.55 0.501  00  +1T0BEM000  1.000
LYS+1A0035_037  1.000 -9.76  0.55  1.47  0.00 -7.74 0.501  00  +1T0DAM000  1.000
LYS+1A0035_038  1.000 -7.69  0.74  2.11  0.00 -4.84 0.501  00  +1T114M000  1.000
LYS+1A0035_039  1.000 -9.90  2.76  4.33  0.00 -2.81 0.502  00  +1T11BM000  1.000
LYS+1A0035_040  1.000-10.50  1.11  4.31  0.00 -5.08 0.501  00  +1T164M000  1.000
