iConf CONFORMER     FL  occ    crg   Em0  pKa0 ne nH    vdw0    vdw1    tors    epol   dsolv   extra    history
00001 LYS01A0035_001 f 0.00  0.000     0  0.00  0  0 -12.128   0.202   0.836  -0.008   0.040   0.000 01O000M000t
00002 LYS01A0035_002 f 0.00  0.000     0  0.00  0  0 -10.099   0.505   1.446  -0.028   0.117   0.000 01E087M000t
00003 LYS01A0035_003 f 0.00  0.000     0  0.00  0  0 -11.256   1.832   3.608  -0.037  -0.124   0.000 01E09CM000t
00004 LYS01A0035_004 f 0.00  0.000     0  0.00  0  0 -10.824   1.523   6.973  -0.012  -0.025   0.000 01E0A5M000t
00005 LYS01A0035_005 f 0.00  0.000     0  0.00  0  0 -10.272   0.584   4.241  -0.006   0.013   0.000 01E0BEM000t
00006 LYS01A0035_006 f 0.00  0.000     0  0.00  0  0 -10.079   0.536   3.708  -0.021  -0.173   0.000 01E0BFM000t
00007 LYS01A0035_007 f 0.00  0.000     0  0.00  0  0  -9.807   0.666   1.465  -0.032  -0.114   0.000 01E0DAM000t
00008 LYS01A0035_008 f 0.00  0.000     0  0.00  0  0 -10.238   1.299   4.350  -0.031  -0.075   0.000 01E13DM000t
00009 LYS01A0035_009 f 0.00  0.000     0  0.00  0  0 -11.113   1.066   1.513  -0.033   0.010   0.000 01T033M000t
00010 LYS01A0035_010 f 0.00  0.000     0  0.00  0  0 -11.205   1.783   4.233  -0.048  -0.030   0.000 01T051M000t
00011 LYS01A0035_011 f 0.00  0.000     0  0.00  0  0 -11.878   3.091   6.335  -0.001  -0.136   0.000 01T05EM000t
00012 LYS01A0035_012 f 0.00  0.000     0  0.00  0  0 -11.547   3.078   6.339  -0.007  -0.054   0.000 01T061M000t
00013 LYS01A0035_013 f 0.00  0.000     0  0.00  0  0 -10.093   0.242   1.447  -0.015  -0.005   0.000 01T07FM000t
00014 LYS01A0035_014 f 0.00  0.000     0  0.00  0  0 -10.863   0.712   4.274  -0.007  -0.206   0.000 01T081M000t
00015 LYS01A0035_015 f 0.00  0.000     0  0.00  0  0 -10.207   0.794   1.476  -0.028   0.170   0.000 01T08AM000t
00016 LYS01A0035_016 f 0.00  0.000     0  0.00  0  0  -8.108   0.312   4.912  -0.021  -0.163   0.000 01T0F8M000t
00017 LYS01A0035_017 f 0.00  0.000     0  0.00  0  0  -7.547   0.745   2.109  -0.009   0.156   0.000 01T114M000t
00018 LYS01A0035_018 f 0.00  0.000     0  0.00  0  0  -9.864   2.688   4.332  -0.031   0.068   0.000 01T11BM000t
00019 LYS01A0035_019 f 0.00  0.000     0  0.00  0  0 -10.158   1.925   4.223  -0.034   0.155   0.000 01T15AM000t
00020 LYS01A0035_020 f 0.00  0.000     0  0.00  0  0 -10.438   1.118   4.312  -0.036   0.115   0.000 01T164M000t
00021 LYS+1A0035_021 f 0.00  1.000     0 10.40  0  1 -12.173   0.201   0.836   0.047  -0.339   0.000 +1O000M000t
00022 LYS+1A0035_022 f 0.00  1.000     0 10.40  0  1 -11.163   1.083   1.512   0.192  -0.168   0.000 +1E033M000t
00023 LYS+1A0035_023 f 0.00  1.000     0 10.40  0  1 -11.927   3.087   6.335   0.042  -0.186   0.000 +1E05EM000t
00024 LYS+1A0035_024 f 0.00  1.000     0 10.40  0  1 -11.601   3.083   6.339   0.005  -0.178   0.000 +1E061M000t
00025 LYS+1A0035_025 f 0.00  1.000     0 10.40  0  1 -10.910   0.708   4.274  -0.029  -0.175   0.000 +1E081M000t
00026 LYS+1A0035_026 f 0.00  1.000     0 10.40  0  1 -10.161   0.498   1.446  -0.104   0.257   0.000 +1E087M000t
00027 LYS+1A0035_027 f 0.00  1.000     0 10.40  0  1 -10.338   0.801   1.477   0.181   0.136   0.000 +1E08AM000t
00028 LYS+1A0035_028 f 0.00  1.000     0 10.40  0  1 -11.260   1.831   3.607   0.134  -0.049   0.000 +1E09CM000t
00029 LYS+1A0035_029 f 0.00  1.000     0 10.40  0  1 -10.879   1.523   6.975   0.087  -0.339   0.000 +1E0A5M000t
00030 LYS+1A0035_030 f 0.00  1.000     0 10.40  0  1 -10.205   0.537   3.709   0.059  -0.155   0.000 +1E0BFM000t
00031 LYS+1A0035_031 f 0.00  1.000     0 10.40  0  1  -8.124   0.310   4.913   0.095  -0.410   0.000 +1E0F8M000t
00032 LYS+1A0035_032 f 0.00  1.000     0 10.40  0  1 -10.287   1.299   4.352   0.149  -0.294   0.000 +1E13DM000t
00033 LYS+1A0035_033 f 0.00  1.000     0 10.40  0  1 -10.272   1.923   4.228   0.145  -0.130   0.000 +1E15AM000t
00034 LYS+1A0035_034 f 0.00  1.000     0 10.40  0  1 -11.250   1.781   4.234   0.246  -0.206   0.000 +1T051M000t
00035 LYS+1A0035_035 f 0.00  1.000     0 10.40  0  1 -10.165   0.238   1.447   0.113  -0.168   0.000 +1T07FM000t
00036 LYS+1A0035_036 f 0.00  1.000     0 10.40  0  1 -10.323   0.585   4.242   0.048  -0.419   0.000 +1T0BEM000t
00037 LYS+1A0035_037 f 0.00  1.000     0 10.40  0  1  -9.756   0.671   1.466   0.098   0.204   0.000 +1T0DAM000t
00038 LYS+1A0035_038 f 0.00  1.000     0 10.40  0  1  -7.674   0.742   2.108   0.059   0.144   0.000 +1T114M000t
00039 LYS+1A0035_039 f 0.00  1.000     0 10.40  0  1  -9.897   2.759   4.332   0.080  -0.108   0.000 +1T11BM000t
00040 LYS+1A0035_040 f 0.00  1.000     0 10.40  0  1 -10.503   1.113   4.313   0.180   0.070   0.000 +1T164M000t
