   confID        vdw0    sas     sum
LYS01A0035_001   0.531 -12.659 -12.128
LYS01A0035_002   2.044 -12.143 -10.099
LYS01A0035_003   1.304 -12.561 -11.256
LYS01A0035_004   1.619 -12.444 -10.824
LYS01A0035_005   2.475 -12.747 -10.272
LYS01A0035_006   2.075 -12.154 -10.079
LYS01A0035_007   2.440 -12.246  -9.807
LYS01A0035_008   2.332 -12.570 -10.238
LYS01A0035_009   1.444 -12.557 -11.113
LYS01A0035_010   1.428 -12.633 -11.205
LYS01A0035_011   1.045 -12.923 -11.878
LYS01A0035_012   1.052 -12.598 -11.547
LYS01A0035_013   2.033 -12.126 -10.093
LYS01A0035_014   1.616 -12.479 -10.863
LYS01A0035_015   1.990 -12.197 -10.207
LYS01A0035_016   4.657 -12.765  -8.108
LYS01A0035_017   4.602 -12.149  -7.547
LYS01A0035_018   2.390 -12.254  -9.864
LYS01A0035_019   2.422 -12.580 -10.158
LYS01A0035_020   2.457 -12.895 -10.438
LYS+1A0035_021   0.486 -12.659 -12.173
LYS+1A0035_022   1.394 -12.557 -11.163
LYS+1A0035_023   0.996 -12.923 -11.927
LYS+1A0035_024   0.997 -12.598 -11.601
LYS+1A0035_025   1.570 -12.479 -10.910
LYS+1A0035_026   1.982 -12.143 -10.161
LYS+1A0035_027   1.924 -12.262 -10.338
LYS+1A0035_028   1.249 -12.509 -11.260
LYS+1A0035_029   1.565 -12.444 -10.879
LYS+1A0035_030   2.013 -12.219 -10.205
LYS+1A0035_031   4.603 -12.727  -8.124
LYS+1A0035_032   2.282 -12.570 -10.287
LYS+1A0035_033   2.372 -12.644 -10.272
LYS+1A0035_034   1.383 -12.633 -11.250
LYS+1A0035_035   1.961 -12.126 -10.165
LYS+1A0035_036   2.424 -12.747 -10.323
LYS+1A0035_037   2.371 -12.127  -9.756
LYS+1A0035_038   4.527 -12.200  -7.674
LYS+1A0035_039   2.357 -12.254  -9.897
LYS+1A0035_040   2.392 -12.895 -10.503
