iConf CONFORMER     FL  occ    crg   Em0  pKa0 ne nH    vdw0    vdw1    tors    epol   dsolv   extra    history
00001 ARG01A0099_001 f 0.00  0.000     0  0.00  0  0 -10.631   0.142   0.622   0.015   0.079   0.000 01O000M000t
00002 ARG01A0099_002 f 0.00  0.000     0  0.00  0  0 -10.684   3.214   3.053   0.006  -0.258   0.000 01E003M000t
00003 ARG01A0099_003 f 0.00  0.000     0  0.00  0  0 -11.080   1.458   5.772   0.030  -0.029   0.000 01E037M000t
00004 ARG01A0099_004 f 0.00  0.000     0  0.00  0  0 -12.426   1.639   3.260   0.139  -0.222   0.000 01E038M000t
00005 ARG01A0099_005 f 0.00  0.000     0  0.00  0  0 -10.434   0.721   1.164   0.022  -0.149   0.000 01E047M000t
00006 ARG01A0099_006 f 0.00  0.000     0  0.00  0  0 -12.344   4.298   3.142  -0.252   0.093   0.000 01E06AM000t
00007 ARG01A0099_007 f 0.00  0.000     0  0.00  0  0 -10.876   3.485   5.436  -0.018  -0.531   0.000 01E0A6M000t
00008 ARG01A0099_008 f 0.00  0.000     0  0.00  0  0 -11.225   0.751   3.388   0.130  -0.423   0.000 01E0D3M000t
00009 ARG01A0099_009 f 0.00  0.000     0  0.00  0  0 -12.283   1.662   6.045  -0.008  -0.033   0.000 01E0EBM000t
00010 ARG01A0099_010 f 0.00  0.000     0  0.00  0  0 -12.087   0.742   3.169  -0.062   0.256   0.000 01E0F3M000t
00011 ARG01A0099_011 f 0.00  0.000     0  0.00  0  0  -8.728   0.962   3.989  -0.005  -0.029   0.000 01E108M000t
00012 ARG01A0099_012 f 0.00  0.000     0  0.00  0  0  -9.376   1.200   4.060   0.050  -0.344   0.000 01E10CM000t
00013 ARG01A0099_013 f 0.00  0.000     0  0.00  0  0 -11.205   0.370   1.271   0.055  -0.119   0.000 01T033M000t
00014 ARG01A0099_014 f 0.00  0.000     0  0.00  0  0 -10.193   1.587   5.915   0.071  -0.014   0.000 01T03BM000t
00015 ARG01A0099_015 f 0.00  0.000     0  0.00  0  0 -11.161   0.068   1.195  -0.025  -0.033   0.000 01T064M000t
00016 ARG01A0099_016 f 0.00  0.000     0  0.00  0  0 -11.142   1.038   3.744  -0.045  -0.075   0.000 01T06CM000t
00017 ARG01A0099_017 f 0.00  0.000     0  0.00  0  0 -11.502   1.309   0.618   0.018   0.011   0.000 01T071M000t
00018 ARG01A0099_018 f 0.00  0.000     0  0.00  0  0  -7.868   0.946   3.601   0.046   0.121   0.000 01T0FEM000t
00019 ARG01A0099_019 f 0.00  0.000     0  0.00  0  0 -10.931   1.332   3.663   0.051  -0.241   0.000 01T102M000t
00020 ARG01A0099_020 f 0.00  0.000     0  0.00  0  0  -8.125   0.959   3.937   0.059  -0.341   0.000 01T10EM000t
00021 ARG02A0099_021 f 0.00  0.000     0  0.00  0  0 -10.638   0.140   0.622   0.030   0.729   0.000 02O000M000t
00022 ARG02A0099_022 f 0.00  0.000     0  0.00  0  0 -11.020   1.453   5.777   0.067   0.700   0.000 02E037M000t
00023 ARG02A0099_023 f 0.00  0.000     0  0.00  0  0 -11.965   0.773   3.076  -0.097   0.881   0.000 02E0F3M000t
00024 ARG02A0099_024 f 0.00  0.000     0  0.00  0  0 -10.785   3.228   3.027  -0.021   1.130   0.000 02T003M000t
00025 ARG02A0099_025 f 0.00  0.000     0  0.00  0  0 -10.885   0.303   1.136   0.053   0.913   0.000 02T033M000t
00026 ARG02A0099_026 f 0.00  0.000     0  0.00  0  0 -12.476   4.726   3.184   0.030   1.217   0.000 02T06AM000t
00027 ARG02A0099_027 f 0.00  0.000     0  0.00  0  0 -10.611   3.331   5.332  -0.004   1.086   0.000 02T0A6M000t
00028 ARG02A0099_028 f 0.00  0.000     0  0.00  0  0 -11.228   0.779   3.360   0.137   1.062   0.000 02T0D3M000t
00029 ARG02A0099_029 f 0.00  0.000     0  0.00  0  0  -8.191   0.969   3.601   0.052   0.956   0.000 02T0FEM000t
00030 ARG02A0099_030 f 0.00  0.000     0  0.00  0  0  -8.214   0.929   3.919   0.065   1.174   0.000 02T10EM000t
00031 ARG02A0099_031 f 0.00  0.000     0  0.00  0  0 -12.333   2.376   3.043   0.138   0.733   0.000 02T038M000t
00032 ARG02A0099_032 f 0.00  0.000     0  0.00  0  0 -11.074   0.049   1.134   0.076   0.927   0.000 02T064M000t
00033 ARG02A0099_033 f 0.00  0.000     0  0.00  0  0  -8.951   1.025   3.862   0.045   0.740   0.000 02T10CM000t
00034 ARG02A0099_034 f 0.00  0.000     0  0.00  0  0 -10.670   1.503   5.888   0.049   0.654   0.000 02T03BM000t
00035 ARG02A0099_035 f 0.00  0.000     0  0.00  0  0 -10.291   0.838   1.136   0.032   0.629   0.000 02T047M000t
00036 ARG02A0099_036 f 0.00  0.000     0  0.00  0  0 -11.010   1.027   3.649   0.133   0.797   0.000 02T06CM000t
00037 ARG02A0099_037 f 0.00  0.000     0  0.00  0  0 -11.461   1.214   0.604   0.073   0.574   0.000 02T071M000t
00038 ARG02A0099_038 f 0.00  0.000     0  0.00  0  0 -11.861   1.347   5.717  -0.014   0.800   0.000 02T0EBM000t
00039 ARG02A0099_039 f 0.00  0.000     0  0.00  0  0 -11.079   1.331   3.642  -0.000   0.762   0.000 02T102M000t
00040 ARG02A0099_040 f 0.00  0.000     0  0.00  0  0  -8.529   0.911   3.964   0.004   0.460   0.000 02T108M000t
00041 ARG03A0099_041 f 0.00  0.000     0  0.00  0  0 -12.059   2.377   3.045   0.135   0.554   0.000 03E038M000t
00042 ARG03A0099_042 f 0.00  0.000     0  0.00  0  0 -10.677   0.138   0.622   0.016   0.934   0.000 03O000M000t
00043 ARG03A0099_043 f 0.00  0.000     0  0.00  0  0 -11.052   1.436   5.771   0.070   0.522   0.000 03E037M000t
00044 ARG03A0099_044 f 0.00  0.000     0  0.00  0  0 -11.349   1.205   0.604   0.068   0.457   0.000 03E071M000t
00045 ARG03A0099_045 f 0.00  0.000     0  0.00  0  0 -12.046   0.778   3.072  -0.066   1.102   0.000 03T0F3M000t
00046 ARG03A0099_046 f 0.00  0.000     0  0.00  0  0 -11.043   1.314   3.641   0.045   1.072   0.000 03T102M000t
00047 ARG03A0099_047 f 0.00  0.000     0  0.00  0  0  -8.578   0.894   3.963   0.014   0.968   0.000 03T108M000t
00048 ARG03A0099_048 f 0.00  0.000     0  0.00  0  0 -10.660   3.221   3.029  -0.015   0.909   0.000 03T003M000t
00049 ARG03A0099_049 f 0.00  0.000     0  0.00  0  0 -11.041   1.026   3.651   0.126   0.935   0.000 03T06CM000t
00050 ARG03A0099_050 f 0.00  0.000     0  0.00  0  0  -8.938   1.028   3.862   0.047   0.822   0.000 03T10CM000t
00051 ARG03A0099_051 f 0.00  0.000     0  0.00  0  0 -10.896   0.302   1.136   0.055   0.853   0.000 03T033M000t
00052 ARG03A0099_052 f 0.00  0.000     0  0.00  0  0 -10.760   1.512   5.884   0.073   0.437   0.000 03T03BM000t
00053 ARG03A0099_053 f 0.00  0.000     0  0.00  0  0 -10.277   0.828   1.140   0.039   0.576   0.000 03T047M000t
00054 ARG03A0099_054 f 0.00  0.000     0  0.00  0  0 -12.368   4.703   3.194  -0.037   0.985   0.000 03T06AM000t
00055 ARG03A0099_055 f 0.00  0.000     0  0.00  0  0 -10.545   3.303   5.333  -0.013   0.794   0.000 03T0A6M000t
00056 ARG03A0099_056 f 0.00  0.000     0  0.00  0  0 -11.183   0.799   3.368   0.134   0.624   0.000 03T0D3M000t
00057 ARG03A0099_057 f 0.00  0.000     0  0.00  0  0 -11.918   1.350   5.724   0.028   0.886   0.000 03T0EBM000t
00058 ARG03A0099_058 f 0.00  0.000     0  0.00  0  0  -7.953   0.947   3.601   0.041   1.048   0.000 03T0FEM000t
00059 ARG03A0099_059 f 0.00  0.000     0  0.00  0  0  -8.293   0.914   3.916   0.059   0.478   0.000 03T10EM000t
00060 ARG03A0099_060 f 0.00  0.000     0  0.00  0  0 -11.089   0.053   1.133   0.051   0.870   0.000 03T064M000t
00061 ARG+1A0099_061 f 0.00  1.000     0 12.50  0  1 -10.725   0.138   0.622   0.151  -0.219   0.000 +1O000M000t
00062 ARG+1A0099_062 f 0.00  1.000     0 12.50  0  1 -10.949   0.298   1.140   0.181  -0.444   0.000 +1E033M000t
00063 ARG+1A0099_063 f 0.00  1.000     0 12.50  0  1 -10.793   1.498   5.887   0.215  -0.268   0.000 +1E03BM000t
00064 ARG+1A0099_064 f 0.00  1.000     0 12.50  0  1 -10.278   0.828   1.140   0.107  -0.096   0.000 +1E047M000t
00065 ARG+1A0099_065 f 0.00  1.000     0 12.50  0  1 -11.072   0.050   1.137   0.304  -0.093   0.000 +1E064M000t
00066 ARG+1A0099_066 f 0.00  1.000     0 12.50  0  1 -12.532   4.745   3.185   0.566   0.493   0.000 +1E06AM000t
00067 ARG+1A0099_067 f 0.00  1.000     0 12.50  0  1 -11.519   1.202   0.604   0.342  -0.265   0.000 +1E071M000t
00068 ARG+1A0099_068 f 0.00  1.000     0 12.50  0  1 -10.531   3.311   5.349   0.058  -0.402   0.000 +1E0A6M000t
00069 ARG+1A0099_069 f 0.00  1.000     0 12.50  0  1 -11.961   1.349   5.721   0.368  -0.377   0.000 +1E0EBM000t
00070 ARG+1A0099_070 f 0.00  1.000     0 12.50  0  1 -11.239   1.319   3.644   0.148  -0.219   0.000 +1E102M000t
00071 ARG+1A0099_071 f 0.00  1.000     0 12.50  0  1  -8.682   0.903   3.965   0.161  -0.298   0.000 +1E108M000t
00072 ARG+1A0099_072 f 0.00  1.000     0 12.50  0  1  -9.052   1.029   3.864   0.134  -0.544   0.000 +1E10CM000t
00073 ARG+1A0099_073 f 0.00  1.000     0 12.50  0  1 -10.748   3.230   3.030   0.052  -0.181   0.000 +1T003M000t
00074 ARG+1A0099_074 f 0.00  1.000     0 12.50  0  1 -11.159   1.440   5.775   0.392  -0.146   0.000 +1T037M000t
00075 ARG+1A0099_075 f 0.00  1.000     0 12.50  0  1 -12.104   2.367   3.050   0.332  -0.452   0.000 +1T038M000t
00076 ARG+1A0099_076 f 0.00  1.000     0 12.50  0  1 -11.195   1.027   3.653   0.357   0.190   0.000 +1T06CM000t
00077 ARG+1A0099_077 f 0.00  1.000     0 12.50  0  1 -11.227   0.786   3.369   0.333  -0.255   0.000 +1T0D3M000t
00078 ARG+1A0099_078 f 0.00  1.000     0 12.50  0  1 -12.012   0.769   3.081   0.240  -0.275   0.000 +1T0F3M000t
00079 ARG+1A0099_079 f 0.00  1.000     0 12.50  0  1  -7.957   0.945   3.604   0.143  -0.189   0.000 +1T0FEM000t
00080 ARG+1A0099_080 f 0.00  1.000     0 12.50  0  1  -8.273   0.929   3.923   0.146  -0.458   0.000 +1T10EM000t
