CONFORMER         crg  vdw0  vdw1  tors  epol  self   occ  Hb     history    ASA
ARG01A0099_001  0.000-10.63  0.14  0.62  0.00 -9.87 0.501  00  01O000M000  1.000
ARG01A0099_002  0.000-10.69  3.21  3.05  0.00 -4.42 0.502  00  01E003M000  1.000
ARG01A0099_003  0.000-11.09  1.46  5.77  0.00 -3.86 0.502  00  01E037M000  1.000
ARG01A0099_004  0.000-12.42  1.64  3.27  0.00 -7.52 0.502  00  01E038M000  1.000
ARG01A0099_005  0.000-10.43  0.72  1.16  0.00 -8.55 0.501  00  01E047M000  1.000
ARG01A0099_006  0.000-12.35  4.30  3.14  0.00 -4.90 0.502  00  01E06AM000  1.000
ARG01A0099_007  0.000-10.88  3.48  5.44  0.00 -1.97 0.501  00  01E0A6M000  1.000
ARG01A0099_008  0.000-11.23  0.75  3.39  0.00 -7.09 0.502  00  01E0D3M000  1.000
ARG01A0099_009  0.000-12.28  1.66  6.05  0.00 -4.56 0.501  00  01E0EBM000  1.000
ARG01A0099_010  0.000-12.09  0.75  3.17  0.00 -8.17 0.502  00  01E0F3M000  1.000
ARG01A0099_011  0.000 -8.74  0.96  3.99  0.00 -3.79 0.502  00  01E108M000  1.000
ARG01A0099_012  0.000 -9.38  1.20  4.06  0.00 -4.12 0.502  00  01E10CM000  1.000
ARG01A0099_013  0.000-11.21  0.37  1.27  0.00 -9.57 0.502  00  01T033M000  1.000
ARG01A0099_014  0.000-10.19  1.59  5.92  0.00 -2.69 0.501  00  01T03BM000  1.000
ARG01A0099_015  0.000-11.17  0.07  1.20  0.00 -9.91 0.501  00  01T064M000  1.000
ARG01A0099_016  0.000-11.14  1.04  3.74  0.00 -6.36 0.502  00  01T06CM000  1.000
ARG01A0099_017  0.000-11.50  1.31  0.62  0.00 -9.57 0.502  00  01T071M000  1.000
ARG01A0099_018  0.000 -7.88  0.94  3.60  0.00 -3.34 0.501  00  01T0FEM000  1.000
ARG01A0099_019  0.000-10.94  1.33  3.66  0.00 -5.94 0.501  00  01T102M000  1.000
ARG01A0099_020  0.000 -8.18  0.96  3.94  0.00 -3.29 0.502  00  01T10EM000  1.000
ARG02A0099_021  0.000-10.64  0.14  0.62  0.00 -9.88 0.501  00  02O000M000  1.000
ARG02A0099_022  0.000-11.02  1.45  5.78  0.00 -3.79 0.502  00  02E037M000  1.000
ARG02A0099_023  0.000-11.96  0.78  3.08  0.00 -8.11 0.502  00  02E0F3M000  1.000
ARG02A0099_024  0.000-10.78  3.22  3.03  0.00 -4.54 0.502  00  02T003M000  1.000
ARG02A0099_025  0.000-10.88  0.30  1.14  0.00 -9.44 0.502  00  02T033M000  1.000
ARG02A0099_026  0.000-12.47  4.72  3.18  0.00 -4.57 0.502  00  02T06AM000  1.000
ARG02A0099_027  0.000-10.61  3.33  5.33  0.00 -1.95 0.501  00  02T0A6M000  1.000
ARG02A0099_028  0.000-11.29  0.78  3.36  0.00 -7.15 0.502  00  02T0D3M000  1.000
ARG02A0099_029  0.000 -8.19  0.97  3.60  0.00 -3.62 0.501  00  02T0FEM000  1.000
ARG02A0099_030  0.000 -8.21  0.92  3.92  0.00 -3.37 0.502  00  02T10EM000  1.000
ARG02A0099_031  0.000-12.33  2.38  3.04  0.00 -6.91 0.502  00  02T038M000  1.000
ARG02A0099_032  0.000-11.07  0.05  1.13  0.00 -9.89 0.501  00  02T064M000  1.000
ARG02A0099_033  0.000 -8.95  1.03  3.86  0.00 -4.06 0.502  00  02T10CM000  1.000
ARG02A0099_034  0.000-10.67  1.50  5.89  0.00 -3.28 0.501  00  02T03BM000  1.000
ARG02A0099_035  0.000-10.23  0.84  1.14  0.00 -8.25 0.501  00  02T047M000  1.000
ARG02A0099_036  0.000-11.00  1.03  3.65  0.00 -6.33 0.502  00  02T06CM000  1.000
ARG02A0099_037  0.000-11.46  1.21  0.60  0.00 -9.65 0.502  00  02T071M000  1.000
ARG02A0099_038  0.000-11.85  1.35  5.72  0.00 -4.79 0.501  00  02T0EBM000  1.000
ARG02A0099_039  0.000-11.08  1.33  3.64  0.00 -6.11 0.501  00  02T102M000  1.000
ARG02A0099_040  0.000 -8.54  0.91  3.96  0.00 -3.67 0.502  00  02T108M000  1.000
ARG03A0099_041  0.000-12.06  2.37  3.05  0.00 -6.64 0.502  00  03E038M000  1.000
ARG03A0099_042  0.000-10.68  0.14  0.62  0.00 -9.92 0.501  00  03O000M000  1.000
ARG03A0099_043  0.000-11.06  1.44  5.77  0.00 -3.86 0.502  00  03E037M000  1.000
ARG03A0099_044  0.000-11.34  1.20  0.60  0.00 -9.54 0.502  00  03E071M000  1.000
ARG03A0099_045  0.000-12.05  0.78  3.07  0.00 -8.19 0.502  00  03T0F3M000  1.000
ARG03A0099_046  0.000-11.04  1.32  3.64  0.00 -6.09 0.501  00  03T102M000  1.000
ARG03A0099_047  0.000 -8.57  0.89  3.96  0.00 -3.71 0.502  00  03T108M000  1.000
ARG03A0099_048  0.000-10.66  3.23  3.03  0.00 -4.41 0.502  00  03T003M000  1.000
ARG03A0099_049  0.000-11.04  1.03  3.65  0.00 -6.36 0.502  00  03T06CM000  1.000
ARG03A0099_050  0.000 -8.94  1.03  3.86  0.00 -4.05 0.502  00  03T10CM000  1.000
ARG03A0099_051  0.000-10.89  0.30  1.14  0.00 -9.45 0.502  00  03T033M000  1.000
ARG03A0099_052  0.000-10.81  1.51  5.88  0.00 -3.42 0.501  00  03T03BM000  1.000
ARG03A0099_053  0.000-10.28  0.83  1.14  0.00 -8.31 0.501  00  03T047M000  1.000
ARG03A0099_054  0.000-12.36  4.71  3.19  0.00 -4.46 0.502  00  03T06AM000  1.000
ARG03A0099_055  0.000-10.55  3.30  5.33  0.00 -1.92 0.501  00  03T0A6M000  1.000
ARG03A0099_056  0.000-11.19  0.80  3.37  0.00 -7.02 0.502  00  03T0D3M000  1.000
ARG03A0099_057  0.000-11.91  1.35  5.72  0.00 -4.84 0.501  00  03T0EBM000  1.000
ARG03A0099_058  0.000 -7.96  0.95  3.60  0.00 -3.41 0.501  00  03T0FEM000  1.000
ARG03A0099_059  0.000 -8.30  0.92  3.92  0.00 -3.46 0.502  00  03T10EM000  1.000
ARG03A0099_060  0.000-11.09  0.06  1.13  0.00 -9.90 0.501  00  03T064M000  1.000
ARG+1A0099_061  1.000-10.73  0.14  0.62  0.00 -9.97 0.501  00  +1O000M000  1.000
ARG+1A0099_062  1.000-10.95  0.30  1.14  0.00 -9.51 0.502  00  +1E033M000  1.000
ARG+1A0099_063  1.000-10.75  1.50  5.89  0.00 -3.36 0.501  00  +1E03BM000  1.000
ARG+1A0099_064  1.000-10.33  0.83  1.14  0.00 -8.36 0.501  00  +1E047M000  1.000
ARG+1A0099_065  1.000-11.07  0.05  1.14  0.00 -9.88 0.501  00  +1E064M000  1.000
ARG+1A0099_066  1.000-12.53  4.74  3.19  0.00 -4.61 0.502  00  +1E06AM000  1.000
ARG+1A0099_067  1.000-11.52  1.20  0.60  0.00 -9.71 0.502  00  +1E071M000  1.000
ARG+1A0099_068  1.000-10.52  3.31  5.35  0.00 -1.86 0.501  00  +1E0A6M000  1.000
ARG+1A0099_069  1.000-11.96  1.35  5.72  0.00 -4.89 0.501  00  +1E0EBM000  1.000
ARG+1A0099_070  1.000-11.24  1.32  3.64  0.00 -6.28 0.501  00  +1E102M000  1.000
ARG+1A0099_071  1.000 -8.69  0.90  3.96  0.00 -3.82 0.502  00  +1E108M000  1.000
ARG+1A0099_072  1.000 -8.99  1.03  3.86  0.00 -4.10 0.502  00  +1E10CM000  1.000
ARG+1A0099_073  1.000-10.76  3.23  3.03  0.00 -4.50 0.502  00  +1T003M000  1.000
ARG+1A0099_074  1.000-11.11  1.44  5.77  0.00 -3.90 0.502  00  +1T037M000  1.000
ARG+1A0099_075  1.000-12.10  2.37  3.05  0.00 -6.68 0.502  00  +1T038M000  1.000
ARG+1A0099_076  1.000-11.13  1.03  3.65  0.00 -6.45 0.502  00  +1T06CM000  1.000
ARG+1A0099_077  1.000-11.23  0.79  3.37  0.00 -7.07 0.502  00  +1T0D3M000  1.000
ARG+1A0099_078  1.000-12.01  0.77  3.08  0.00 -8.16 0.502  00  +1T0F3M000  1.000
ARG+1A0099_079  1.000 -7.95  0.94  3.60  0.00 -3.40 0.501  00  +1T0FEM000  1.000
ARG+1A0099_080  1.000 -8.26  0.93  3.92  0.00 -3.41 0.502  00  +1T10EM000  1.000
