   confID        vdw0    sas     sum
ARG01A0099_001   3.183 -13.814 -10.631
ARG01A0099_002   3.149 -13.833 -10.684
ARG01A0099_003   3.611 -14.691 -11.080
ARG01A0099_004   2.062 -14.488 -12.426
ARG01A0099_005   3.873 -14.308 -10.434
ARG01A0099_006   2.113 -14.457 -12.344
ARG01A0099_007   3.060 -13.936 -10.876
ARG01A0099_008   2.964 -14.190 -11.225
ARG01A0099_009   2.352 -14.635 -12.283
ARG01A0099_010   2.479 -14.566 -12.087
ARG01A0099_011   5.671 -14.400  -8.728
ARG01A0099_012   5.250 -14.626  -9.376
ARG01A0099_013   3.048 -14.253 -11.205
ARG01A0099_014   3.858 -14.051 -10.193
ARG01A0099_015   3.374 -14.535 -11.161
ARG01A0099_016   3.422 -14.564 -11.142
ARG01A0099_017   2.688 -14.191 -11.502
ARG01A0099_018   6.035 -13.903  -7.868
ARG01A0099_019   2.944 -13.875 -10.931
ARG01A0099_020   5.451 -13.575  -8.125
ARG02A0099_021   3.175 -13.814 -10.638
ARG02A0099_022   3.619 -14.639 -11.020
ARG02A0099_023   2.386 -14.351 -11.965
ARG02A0099_024   3.112 -13.897 -10.785
ARG02A0099_025   3.385 -14.269 -10.885
ARG02A0099_026   1.946 -14.421 -12.476
ARG02A0099_027   3.093 -13.703 -10.611
ARG02A0099_028   2.955 -14.183 -11.228
ARG02A0099_029   5.644 -13.836  -8.191
ARG02A0099_030   5.445 -13.659  -8.214
ARG02A0099_031   2.444 -14.778 -12.333
ARG02A0099_032   3.214 -14.287 -11.074
ARG02A0099_033   5.467 -14.418  -8.951
ARG02A0099_034   3.748 -14.418 -10.670
ARG02A0099_035   4.325 -14.616 -10.291
ARG02A0099_036   3.230 -14.240 -11.010
ARG02A0099_037   2.798 -14.258 -11.461
ARG02A0099_038   2.703 -14.564 -11.861
ARG02A0099_039   3.092 -14.171 -11.079
ARG02A0099_040   5.803 -14.332  -8.529
ARG03A0099_041   2.488 -14.547 -12.059
ARG03A0099_042   3.137 -13.814 -10.677
ARG03A0099_043   3.587 -14.639 -11.052
ARG03A0099_044   2.761 -14.110 -11.349
ARG03A0099_045   2.308 -14.354 -12.046
ARG03A0099_046   2.999 -14.042 -11.043
ARG03A0099_047   5.693 -14.271  -8.578
ARG03A0099_048   3.121 -13.781 -10.660
ARG03A0099_049   3.151 -14.192 -11.041
ARG03A0099_050   5.479 -14.418  -8.938
ARG03A0099_051   3.441 -14.337 -10.896
ARG03A0099_052   3.709 -14.469 -10.760
ARG03A0099_053   4.342 -14.619 -10.277
ARG03A0099_054   1.935 -14.302 -12.368
ARG03A0099_055   3.097 -13.642 -10.545
ARG03A0099_056   2.952 -14.135 -11.183
ARG03A0099_057   2.646 -14.564 -11.918
ARG03A0099_058   5.951 -13.903  -7.953
ARG03A0099_059   5.459 -13.752  -8.293
ARG03A0099_060   3.198 -14.287 -11.089
ARG+1A0099_061   3.089 -13.814 -10.725
ARG+1A0099_062   3.388 -14.337 -10.949
ARG+1A0099_063   3.676 -14.469 -10.793
ARG+1A0099_064   4.290 -14.568 -10.278
ARG+1A0099_065   3.147 -14.220 -11.072
ARG+1A0099_066   1.889 -14.421 -12.532
ARG+1A0099_067   2.723 -14.242 -11.519
ARG+1A0099_068   3.044 -13.575 -10.531
ARG+1A0099_069   2.604 -14.564 -11.961
ARG+1A0099_070   2.932 -14.171 -11.239
ARG+1A0099_071   5.653 -14.336  -8.682
ARG+1A0099_072   5.417 -14.469  -9.052
ARG+1A0099_073   3.098 -13.846 -10.748
ARG+1A0099_074   3.532 -14.691 -11.159
ARG+1A0099_075   2.426 -14.530 -12.104
ARG+1A0099_076   3.109 -14.304 -11.195
ARG+1A0099_077   2.904 -14.131 -11.227
ARG+1A0099_078   2.291 -14.303 -12.012
ARG+1A0099_079   5.947 -13.903  -7.957
ARG+1A0099_080   5.386 -13.659  -8.273
