iConf CONFORMER     FL  occ    crg   Em0  pKa0 ne nH    vdw0    vdw1    tors    epol   dsolv   extra    history
00001 MET01A0282_001 f 0.00  0.000     0  0.00  0  0  -4.397   2.626   0.574   0.066   0.040   0.000 01O000M000t
00002 MET01A0282_002 f 0.00  0.000     0  0.00  0  0  -2.108   0.365   0.523   0.039   0.040   0.000 01R001M000t
00003 MET01A0282_003 f 0.00  0.000     0  0.00  0  0 -10.382   1.056   4.661   0.037   0.039   0.000 01R007M000t
00004 MET01A0282_004 f 0.00  0.000     0  0.00  0  0 -10.466   4.315   4.184   0.037   0.038   0.000 01R00DM000t
00005 MET01A0282_005 f 0.00  0.000     0  0.00  0  0 -10.815   1.144   0.520   0.050   0.039   0.000 01R011M000t
00006 MET01A0282_006 f 0.00  0.000     0  0.00  0  0 -10.202   1.026   2.404   0.056   0.039   0.000 01R012M000t
00007 MET01A0282_007 f 0.00  0.000     0  0.00  0  0  -9.301   1.437   7.078   0.030   0.039   0.000 01R014M000t
00008 MET01A0282_008 f 0.00  0.000     0  0.00  0  0 -10.088   1.849   5.196   0.028   0.039   0.000 01R01BM000t
00009 MET01A0282_009 f 0.00  0.000     0  0.00  0  0  -9.834   0.891   2.938   0.038   0.039   0.000 01R01EM000t
00010 MET01A0282_010 f 0.00  0.000     0  0.00  0  0 -10.991   1.964   2.400   0.030   0.039   0.000 01R020M000t
00011 MET01A0282_011 f 0.00  0.000     0  0.00  0  0  -9.979   0.842   2.939   0.024   0.039   0.000 01R024M000t
00012 MET01A0282_012 f 0.00  0.000     0  0.00  0  0  -9.254   1.478   4.822   0.055   0.039   0.000 01R025M000t
00013 MET01A0282_013 f 0.00  0.000     0  0.00  0  0  -9.329   1.949   4.624   0.053   0.039   0.000 01R027M000t
00014 MET01A0282_014 f 0.00  0.000     0  0.00  0  0  -9.911   2.432   2.359   0.048   0.039   0.000 01R028M000t
00015 MET01A0282_015 f 0.00  0.000     0  0.00  0  0  -9.217   2.460   4.702   0.048   0.044   0.000 01R029M000t
00016 MET01A0282_016 f 0.00  0.000     0  0.00  0  0 -10.537   2.378   2.222   0.054   0.039   0.000 01T004M000t
00017 MET01A0282_017 f 0.00  0.000     0  0.00  0  0 -11.030   3.759   2.635   0.036   0.039   0.000 01T00EM000t
00018 MET01A0282_018 f 0.00  0.000     0  0.00  0  0 -10.584   4.874   2.643   0.104   0.039   0.000 01T013M000t
00019 MET01A0282_019 f 0.00  0.000     0  0.00  0  0 -11.163   7.165   2.590  -0.035   0.043   0.000 01T026M000t
00020 MET01A0282_020 f 0.00  0.000     0  0.00  0  0  -9.758   2.053   4.376   0.022   0.038   0.000 01T02CM000t
