   confID        vdw0    sas     sum
MET01A0282_001   6.495 -10.892  -4.397
MET01A0282_002   8.981 -11.090  -2.108
MET01A0282_003   1.150 -11.532 -10.382
MET01A0282_004   1.033 -11.499 -10.466
MET01A0282_005   0.598 -11.413 -10.815
MET01A0282_006   1.152 -11.354 -10.202
MET01A0282_007   2.288 -11.589  -9.301
MET01A0282_008   1.706 -11.794 -10.088
MET01A0282_009   1.729 -11.563  -9.834
MET01A0282_010   1.021 -12.012 -10.991
MET01A0282_011   1.704 -11.683  -9.979
MET01A0282_012   2.274 -11.528  -9.254
MET01A0282_013   2.220 -11.549  -9.329
MET01A0282_014   1.455 -11.366  -9.911
MET01A0282_015   2.218 -11.435  -9.217
MET01A0282_016   1.131 -11.668 -10.537
MET01A0282_017   0.568 -11.598 -11.030
MET01A0282_018   0.577 -11.161 -10.584
MET01A0282_019   0.358 -11.520 -11.163
MET01A0282_020   2.100 -11.858  -9.758
