CONFORMER         crg  vdw0  vdw1  tors  epol  self   occ  Hb     history    ASA
LYS01A0027_001  0.000-11.85  0.48  0.86  0.00-10.51 0.501  00  01O000M000  1.000
LYS01A0027_002  0.000-10.43  0.64  1.56  0.00 -8.23 0.501  00  01E037M000  1.000
LYS01A0027_003  0.000-12.33  2.55  6.36  0.00 -3.42 0.501  00  01E09BM000  1.000
LYS01A0027_004  0.000-10.51  2.40  1.56  0.00 -6.54 0.502  00  01E0F3M000  1.000
LYS01A0027_005  0.000 -9.53  1.90  4.31  0.00 -3.31 0.501  00  01E10FM000  1.000
LYS01A0027_006  0.000 -7.86  1.86  4.87  0.00 -1.13 0.501  00  01E11DM000  1.000
LYS01A0027_007  0.000 -9.09  1.07  1.55  0.00 -6.47 0.501  00  01E13AM000  1.000
LYS01A0027_008  0.000-10.94  2.61  6.46  0.00 -1.86 0.501  00  01E153M000  1.000
LYS01A0027_009  0.000-11.03  0.37  0.92  0.00 -9.74 0.501  00  01T013M000  1.000
LYS01A0027_010  0.000 -8.92  1.56  2.10  0.00 -5.26 0.502  00  01T04BM000  1.000
LYS01A0027_011  0.000 -9.07  2.08  4.79  0.00 -2.20 0.502  00  01T04FM000  1.000
LYS01A0027_012  0.000-10.96  1.84  4.26  0.00 -4.86 0.501  00  01T083M000  1.000
LYS01A0027_013  0.000-11.69  1.90  0.92  0.00 -8.87 0.502  00  01T08EM000  1.000
LYS01A0027_014  0.000-10.19  1.56  1.48  0.00 -7.15 0.502  00  01T092M000  1.000
LYS01A0027_015  0.000-12.00  2.66  6.42  0.00 -2.92 0.501  00  01T09FM000  1.000
LYS01A0027_016  0.000-10.12  0.43  1.46  0.00 -8.23 0.502  00  01T0A5M000  1.000
LYS01A0027_017  0.000 -9.55  4.85  3.54  0.00 -1.16 0.501  00  01T0C4M000  1.000
LYS01A0027_018  0.000 -7.73  0.79  2.13  0.00 -4.81 0.501  00  01T0E6M000  1.000
LYS01A0027_019  0.000 -7.81  1.22  2.11  0.00 -4.48 0.502  00  01T137M000  1.000
LYS01A0027_020  0.000 -7.44  1.47  2.10  0.00 -3.87 0.502  00  01T140M000  1.000
LYS+1A0027_021  1.000-11.89  0.48  0.86  0.00-10.55 0.501  00  +1O000M000  1.000
LYS+1A0027_022  1.000-11.07  0.37  0.92  0.00 -9.78 0.501  00  +1E013M000  1.000
LYS+1A0027_023  1.000-10.48  0.63  1.56  0.00 -8.28 0.501  00  +1E037M000  1.000
LYS+1A0027_024  1.000 -8.97  1.56  2.10  0.00 -5.31 0.502  00  +1E04BM000  1.000
LYS+1A0027_025  1.000 -9.13  2.08  4.79  0.00 -2.26 0.502  00  +1E04FM000  1.000
LYS+1A0027_026  1.000-11.06  1.84  4.27  0.00 -4.94 0.501  00  +1E083M000  1.000
LYS+1A0027_027  1.000-12.31  2.52  6.37  0.00 -3.41 0.501  00  +1E09BM000  1.000
LYS+1A0027_028  1.000 -7.84  0.79  2.13  0.00 -4.93 0.501  00  +1E0E6M000  1.000
LYS+1A0027_029  1.000 -7.91  1.86  4.88  0.00 -1.17 0.501  00  +1E11DM000  1.000
LYS+1A0027_030  1.000-11.70  1.89  0.93  0.00 -8.89 0.502  00  +1T08EM000  1.000
LYS+1A0027_031  1.000-10.26  1.57  1.48  0.00 -7.21 0.502  00  +1T092M000  1.000
LYS+1A0027_032  1.000-12.06  2.68  6.42  0.00 -2.95 0.501  00  +1T09FM000  1.000
LYS+1A0027_033  1.000-10.17  0.43  1.46  0.00 -8.28 0.502  00  +1T0A5M000  1.000
LYS+1A0027_034  1.000 -9.66  4.85  3.55  0.00 -1.27 0.501  00  +1T0C4M000  1.000
LYS+1A0027_035  1.000-10.55  2.43  1.57  0.00 -6.56 0.502  00  +1T0F3M000  1.000
LYS+1A0027_036  1.000 -9.58  1.90  4.31  0.00 -3.36 0.501  00  +1T10FM000  1.000
LYS+1A0027_037  1.000 -7.84  1.19  2.11  0.00 -4.54 0.502  00  +1T137M000  1.000
LYS+1A0027_038  1.000 -9.16  1.05  1.55  0.00 -6.56 0.501  00  +1T13AM000  1.000
LYS+1A0027_039  1.000 -7.56  1.47  2.10  0.00 -3.98 0.502  00  +1T140M000  1.000
LYS+1A0027_040  1.000-11.07  2.66  6.46  0.00 -1.95 0.501  00  +1T153M000  1.000
