iConf CONFORMER     FL  occ    crg   Em0  pKa0 ne nH    vdw0    vdw1    tors    epol   dsolv   extra    history
00001 LYS01A0027_001 f 0.00  0.000     0  0.00  0  0 -11.849   0.581   0.863  -0.008   0.001   0.000 01O000M000t
00002 LYS01A0027_002 f 0.00  0.000     0  0.00  0  0 -10.428   0.686   1.560  -0.012  -0.058   0.000 01E037M000t
00003 LYS01A0027_003 f 0.00  0.000     0  0.00  0  0 -12.329   2.551   6.364  -0.030  -0.081   0.000 01E09BM000t
00004 LYS01A0027_004 f 0.00  0.000     0  0.00  0  0 -10.508   2.451   1.564  -0.024   0.045   0.000 01E0F3M000t
00005 LYS01A0027_005 f 0.00  0.000     0  0.00  0  0  -9.527   1.901   4.311  -0.013  -0.143   0.000 01E10FM000t
00006 LYS01A0027_006 f 0.00  0.000     0  0.00  0  0  -7.845   1.859   4.874  -0.005  -0.004   0.000 01E11DM000t
00007 LYS01A0027_007 f 0.00  0.000     0  0.00  0  0  -9.087   1.132   1.553  -0.007   0.176   0.000 01E13AM000t
00008 LYS01A0027_008 f 0.00  0.000     0  0.00  0  0 -10.930   2.612   6.463  -0.335   0.088   0.000 01E153M000t
00009 LYS01A0027_009 f 0.00  0.000     0  0.00  0  0 -10.986   0.475   0.919  -0.010   0.022   0.000 01T013M000t
00010 LYS01A0027_010 f 0.00  0.000     0  0.00  0  0  -8.924   1.624   2.100  -0.013   0.089   0.000 01T04BM000t
00011 LYS01A0027_011 f 0.00  0.000     0  0.00  0  0  -9.073   2.086   4.788  -0.031  -0.046   0.000 01T04FM000t
00012 LYS01A0027_012 f 0.00  0.000     0  0.00  0  0 -10.966   1.841   4.264  -0.001   0.051   0.000 01T083M000t
00013 LYS01A0027_013 f 0.00  0.000     0  0.00  0  0 -11.696   1.969   0.925  -0.078  -0.029   0.000 01T08EM000t
00014 LYS01A0027_014 f 0.00  0.000     0  0.00  0  0 -10.182   1.626   1.480  -0.028   0.038   0.000 01T092M000t
00015 LYS01A0027_015 f 0.00  0.000     0  0.00  0  0 -12.007   2.672   6.419  -0.019  -0.043   0.000 01T09FM000t
00016 LYS01A0027_016 f 0.00  0.000     0  0.00  0  0 -10.122   0.536   1.458  -0.002   0.020   0.000 01T0A5M000t
00017 LYS01A0027_017 f 0.00  0.000     0  0.00  0  0  -9.546   4.900   3.543  -0.011   0.088   0.000 01T0C4M000t
00018 LYS01A0027_018 f 0.00  0.000     0  0.00  0  0  -7.739   0.837   2.132  -0.022  -0.003   0.000 01T0E6M000t
00019 LYS01A0027_019 f 0.00  0.000     0  0.00  0  0  -7.818   1.286   2.105  -0.091   0.182   0.000 01T137M000t
00020 LYS01A0027_020 f 0.00  0.000     0  0.00  0  0  -7.433   1.538   2.104  -0.028  -0.143   0.000 01T140M000t
00021 LYS+1A0027_021 f 0.00  1.000     0 10.40  0  1 -11.894   0.580   0.863   0.048  -0.377   0.000 +1O000M000t
00022 LYS+1A0027_022 f 0.00  1.000     0 10.40  0  1 -11.074   0.475   0.920   0.042  -0.501   0.000 +1E013M000t
00023 LYS+1A0027_023 f 0.00  1.000     0 10.40  0  1 -10.544   0.684   1.565   0.036  -0.535   0.000 +1E037M000t
00024 LYS+1A0027_024 f 0.00  1.000     0 10.40  0  1  -9.033   1.630   2.102   0.073  -0.227   0.000 +1E04BM000t
00025 LYS+1A0027_025 f 0.00  1.000     0 10.40  0  1  -9.127   2.089   4.789   0.143  -0.235   0.000 +1E04FM000t
00026 LYS+1A0027_026 f 0.00  1.000     0 10.40  0  1 -11.059   1.842   4.270  -0.005  -0.544   0.000 +1E083M000t
00027 LYS+1A0027_027 f 0.00  1.000     0 10.40  0  1 -12.312   2.526   6.373   0.131  -0.188   0.000 +1E09BM000t
00028 LYS+1A0027_028 f 0.00  1.000     0 10.40  0  1  -7.846   0.833   2.132   0.065   0.148   0.000 +1E0E6M000t
00029 LYS+1A0027_029 f 0.00  1.000     0 10.40  0  1  -7.910   1.855   4.880   0.044  -0.111   0.000 +1E11DM000t
00030 LYS+1A0027_030 f 0.00  1.000     0 10.40  0  1 -11.700   1.956   0.926   0.244   0.101   0.000 +1T08EM000t
00031 LYS+1A0027_031 f 0.00  1.000     0 10.40  0  1 -10.263   1.635   1.483   0.172  -0.125   0.000 +1T092M000t
00032 LYS+1A0027_032 f 0.00  1.000     0 10.40  0  1 -12.055   2.684   6.423   0.130  -0.287   0.000 +1T09FM000t
00033 LYS+1A0027_033 f 0.00  1.000     0 10.40  0  1 -10.175   0.534   1.458   0.076  -0.031   0.000 +1T0A5M000t
00034 LYS+1A0027_034 f 0.00  1.000     0 10.40  0  1  -9.665   4.909   3.547   0.197   0.117   0.000 +1T0C4M000t
00035 LYS+1A0027_035 f 0.00  1.000     0 10.40  0  1 -10.589   2.474   1.567   0.100   0.036   0.000 +1T0F3M000t
00036 LYS+1A0027_036 f 0.00  1.000     0 10.40  0  1  -9.646   1.898   4.312   0.045  -0.387   0.000 +1T10FM000t
00037 LYS+1A0027_037 f 0.00  1.000     0 10.40  0  1  -7.839   1.256   2.108   0.384   0.456   0.000 +1T137M000t
00038 LYS+1A0027_038 f 0.00  1.000     0 10.40  0  1  -9.204   1.113   1.555   0.430   0.162   0.000 +1T13AM000t
00039 LYS+1A0027_039 f 0.00  1.000     0 10.40  0  1  -7.565   1.538   2.104   0.078   0.169   0.000 +1T140M000t
00040 LYS+1A0027_040 f 0.00  1.000     0 10.40  0  1 -11.067   2.656   6.459   1.289   0.050   0.000 +1T153M000t
