   confID        vdw0    sas     sum
LYS01A0027_001   0.511 -12.360 -11.849
LYS01A0027_002   2.106 -12.534 -10.428
LYS01A0027_003   0.907 -13.236 -12.329
LYS01A0027_004   2.336 -12.844 -10.508
LYS01A0027_005   2.584 -12.112  -9.527
LYS01A0027_006   4.547 -12.392  -7.845
LYS01A0027_007   3.062 -12.149  -9.087
LYS01A0027_008   1.899 -12.829 -10.930
LYS01A0027_009   1.561 -12.546 -10.986
LYS01A0027_010   3.697 -12.621  -8.924
LYS01A0027_011   3.696 -12.768  -9.073
LYS01A0027_012   1.609 -12.576 -10.966
LYS01A0027_013   1.287 -12.982 -11.696
LYS01A0027_014   2.050 -12.232 -10.182
LYS01A0027_015   0.936 -12.943 -12.007
LYS01A0027_016   2.455 -12.577 -10.122
LYS01A0027_017   2.628 -12.175  -9.546
LYS01A0027_018   4.552 -12.291  -7.739
LYS01A0027_019   4.622 -12.439  -7.818
LYS01A0027_020   4.446 -11.879  -7.433
LYS+1A0027_021   0.466 -12.360 -11.894
LYS+1A0027_022   1.511 -12.585 -11.074
LYS+1A0027_023   2.041 -12.585 -10.544
LYS+1A0027_024   3.639 -12.672  -9.033
LYS+1A0027_025   3.641 -12.768  -9.127
LYS+1A0027_026   1.558 -12.618 -11.059
LYS+1A0027_027   0.856 -13.168 -12.312
LYS+1A0027_028   4.445 -12.291  -7.846
LYS+1A0027_029   4.482 -12.392  -7.910
LYS+1A0027_030   1.219 -12.918 -11.700
LYS+1A0027_031   1.969 -12.232 -10.263
LYS+1A0027_032   0.888 -12.943 -12.055
LYS+1A0027_033   2.401 -12.577 -10.175
LYS+1A0027_034   2.549 -12.213  -9.665
LYS+1A0027_035   2.280 -12.870 -10.589
LYS+1A0027_036   2.534 -12.179  -9.646
LYS+1A0027_037   4.549 -12.388  -7.839
LYS+1A0027_038   2.997 -12.201  -9.204
LYS+1A0027_039   4.366 -11.930  -7.565
LYS+1A0027_040   1.826 -12.893 -11.067
