iConf CONFORMER     FL  occ    crg   Em0  pKa0 ne nH    vdw0    vdw1    tors    epol   dsolv   extra    history
00001 LYS01A0129_001 f 0.00  0.000     0  0.00  0  0 -11.716   0.605   0.812  -0.013  -0.023   0.000 01O000M000t
00002 LYS01A0129_002 f 0.00  0.000     0  0.00  0  0 -10.545   1.841   4.312  -0.039   0.057   0.000 01E040M000t
00003 LYS01A0129_003 f 0.00  0.000     0  0.00  0  0  -9.957   2.578   1.512  -0.016   0.032   0.000 01E050M000t
00004 LYS01A0129_004 f 0.00  0.000     0  0.00  0  0 -11.176   0.964   4.219  -0.011  -0.025   0.000 01E090M000t
00005 LYS01A0129_005 f 0.00  0.000     0  0.00  0  0  -8.000   0.827   4.856  -0.023   0.030   0.000 01E0E4M000t
00006 LYS01A0129_006 f 0.00  0.000     0  0.00  0  0 -10.104   0.898   4.286  -0.013   0.052   0.000 01E134M000t
00007 LYS01A0129_007 f 0.00  0.000     0  0.00  0  0  -9.183   0.479   1.500  -0.055   0.027   0.000 01E138M000t
00008 LYS01A0129_008 f 0.00  0.000     0  0.00  0  0 -10.913   0.588   1.445  -0.014   0.044   0.000 01T012M000t
00009 LYS01A0129_009 f 0.00  0.000     0  0.00  0  0  -8.812   0.885   2.088  -0.026   0.013   0.000 01T031M000t
00010 LYS01A0129_010 f 0.00  0.000     0  0.00  0  0  -9.104   2.146   4.842  -0.023  -0.137   0.000 01T038M000t
00011 LYS01A0129_011 f 0.00  0.000     0  0.00  0  0 -11.436   2.098   3.704  -0.029   0.118   0.000 01T082M000t
00012 LYS01A0129_012 f 0.00  0.000     0  0.00  0  0  -6.426   1.591   3.680  -0.031   0.056   0.000 01T093M000t
00013 LYS01A0129_013 f 0.00  0.000     0  0.00  0  0  -9.974   2.673   1.418  -0.028  -0.107   0.000 01T09CM000t
00014 LYS01A0129_014 f 0.00  0.000     0  0.00  0  0  -9.869   0.584   4.245  -0.014   0.037   0.000 01T0A3M000t
00015 LYS01A0129_015 f 0.00  0.000     0  0.00  0  0  -9.861   1.237   7.027  -0.018  -0.043   0.000 01T0BBM000t
00016 LYS01A0129_016 f 0.00  0.000     0  0.00  0  0 -10.374   4.772   1.493  -0.347   0.264   0.000 01T0F1M000t
00017 LYS01A0129_017 f 0.00  0.000     0  0.00  0  0  -9.234   2.140   4.275  -0.019   0.121   0.000 01T10BM000t
00018 LYS01A0129_018 f 0.00  0.000     0  0.00  0  0  -9.835   1.734   7.077  -0.110   0.086   0.000 01T10DM000t
00019 LYS01A0129_019 f 0.00  0.000     0  0.00  0  0  -9.888   0.635   4.300  -0.037  -0.151   0.000 01T137M000t
00020 LYS01A0129_020 f 0.00  0.000     0  0.00  0  0  -9.727   0.625   4.322  -0.036   0.024   0.000 01T150M000t
00021 LYS+1A0129_021 f 0.00  1.000     0 10.40  0  1 -11.761   0.604   0.812   0.051  -0.197   0.000 +1O000M000t
00022 LYS+1A0129_022 f 0.00  1.000     0 10.40  0  1  -8.868   0.885   2.088   0.128  -0.387   0.000 +1E031M000t
00023 LYS+1A0129_023 f 0.00  1.000     0 10.40  0  1  -9.138   2.139   4.844   0.115  -0.297   0.000 +1E038M000t
00024 LYS+1A0129_024 f 0.00  1.000     0 10.40  0  1 -11.443   2.103   3.702   0.110  -0.124   0.000 +1E082M000t
00025 LYS+1A0129_025 f 0.00  1.000     0 10.40  0  1 -11.162   0.963   4.219   0.054  -0.278   0.000 +1E090M000t
00026 LYS+1A0129_026 f 0.00  1.000     0 10.40  0  1  -6.598   1.581   3.685   0.112   0.216   0.000 +1E093M000t
00027 LYS+1A0129_027 f 0.00  1.000     0 10.40  0  1 -10.089   2.686   1.419  -0.136   0.038   0.000 +1E09CM000t
00028 LYS+1A0129_028 f 0.00  1.000     0 10.40  0  1  -9.914   0.583   4.246   0.070  -0.631   0.000 +1E0A3M000t
00029 LYS+1A0129_029 f 0.00  1.000     0 10.40  0  1  -9.912   1.235   7.028   0.058  -0.131   0.000 +1E0BBM000t
00030 LYS+1A0129_030 f 0.00  1.000     0 10.40  0  1  -8.067   0.822   4.859   0.047  -0.135   0.000 +1E0E4M000t
00031 LYS+1A0129_031 f 0.00  1.000     0 10.40  0  1 -10.475   4.908   1.490   1.648   1.008   0.000 +1E0F1M000t
00032 LYS+1A0129_032 f 0.00  1.000     0 10.40  0  1  -9.268   2.137   4.277   0.087   0.016   0.000 +1E10BM000t
00033 LYS+1A0129_033 f 0.00  1.000     0 10.40  0  1  -9.942   0.632   4.299   0.195  -0.254   0.000 +1E137M000t
00034 LYS+1A0129_034 f 0.00  1.000     0 10.40  0  1  -9.803   0.627   4.321  -0.018  -0.118   0.000 +1E150M000t
00035 LYS+1A0129_035 f 0.00  1.000     0 10.40  0  1 -10.961   0.587   1.446   0.064  -0.347   0.000 +1T012M000t
00036 LYS+1A0129_036 f 0.00  1.000     0 10.40  0  1 -10.696   1.844   4.311   0.177  -0.154   0.000 +1T040M000t
00037 LYS+1A0129_037 f 0.00  1.000     0 10.40  0  1 -10.003   2.587   1.514   0.063  -0.165   0.000 +1T050M000t
00038 LYS+1A0129_038 f 0.00  1.000     0 10.40  0  1  -9.907   1.729   7.079   0.277   0.180   0.000 +1T10DM000t
00039 LYS+1A0129_039 f 0.00  1.000     0 10.40  0  1 -10.236   0.905   4.291   0.062  -0.542   0.000 +1T134M000t
00040 LYS+1A0129_040 f 0.00  1.000     0 10.40  0  1  -9.257   0.464   1.500   0.288   0.427   0.000 +1T138M000t
