   confID        vdw0    sas     sum
LYS01A0129_001   0.599 -12.315 -11.716
LYS01A0129_002   2.005 -12.550 -10.545
LYS01A0129_003   2.106 -12.064  -9.957
LYS01A0129_004   1.602 -12.779 -11.176
LYS01A0129_005   4.369 -12.370  -8.000
LYS01A0129_006   2.314 -12.418 -10.104
LYS01A0129_007   3.083 -12.266  -9.183
LYS01A0129_008   1.569 -12.482 -10.913
LYS01A0129_009   3.615 -12.427  -8.812
LYS01A0129_010   3.616 -12.720  -9.104
LYS01A0129_011   1.314 -12.751 -11.436
LYS01A0129_012   5.794 -12.220  -6.426
LYS01A0129_013   2.008 -11.981  -9.974
LYS01A0129_014   2.384 -12.254  -9.869
LYS01A0129_015   2.325 -12.186  -9.861
LYS01A0129_016   2.171 -12.544 -10.374
LYS01A0129_017   2.812 -12.046  -9.234
LYS01A0129_018   2.597 -12.432  -9.835
LYS01A0129_019   2.512 -12.400  -9.888
LYS01A0129_020   2.605 -12.332  -9.727
LYS+1A0129_021   0.554 -12.315 -11.761
LYS+1A0129_022   3.559 -12.427  -8.868
LYS+1A0129_023   3.582 -12.720  -9.138
LYS+1A0129_024   1.257 -12.699 -11.443
LYS+1A0129_025   1.552 -12.714 -11.162
LYS+1A0129_026   5.690 -12.288  -6.598
LYS+1A0129_027   1.944 -12.033 -10.089
LYS+1A0129_028   2.339 -12.254  -9.914
LYS+1A0129_029   2.274 -12.186  -9.912
LYS+1A0129_030   4.303 -12.370  -8.067
LYS+1A0129_031   2.108 -12.583 -10.475
LYS+1A0129_032   2.726 -11.994  -9.268
LYS+1A0129_033   2.458 -12.400  -9.942
LYS+1A0129_034   2.529 -12.332  -9.803
LYS+1A0129_035   1.521 -12.482 -10.961
LYS+1A0129_036   1.982 -12.678 -10.696
LYS+1A0129_037   2.060 -12.064 -10.003
LYS+1A0129_038   2.524 -12.432  -9.907
LYS+1A0129_039   2.246 -12.482 -10.236
LYS+1A0129_040   3.008 -12.266  -9.257
