iConf CONFORMER     FL  occ    crg   Em0  pKa0 ne nH    vdw0    vdw1    tors    epol   dsolv   extra    history
00001 GLN01A0180_001 f 0.00  0.000     0  0.00  0  0  -3.988  -0.041   0.868   0.150  -0.124   0.000 01O000M000t
00002 GLN01A0180_002 f 0.00  0.000     0  0.00  0  0  -4.016   1.110   0.726   0.139  -0.060   0.000 01E003M000t
00003 GLN01A0180_003 f 0.00  0.000     0  0.00  0  0  -3.166   0.213   3.119   0.089  -0.119   0.000 01E004M000t
00004 GLN01A0180_004 f 0.00  0.000     0  0.00  0  0  -3.535   0.233   3.144   0.001  -0.043   0.000 01E00AM000t
00005 GLN01A0180_005 f 0.00  0.000     0  0.00  0  0  -3.689   0.701   0.650  -0.012  -0.075   0.000 01E00BM000t
00006 GLN01A0180_006 f 0.00  0.000     0  0.00  0  0  -3.606   0.979   0.738   0.084   0.042   0.000 01E00FM000t
00007 GLN01A0180_007 f 0.00  0.000     0  0.00  0  0  -3.425   0.202   3.465   0.053  -0.136   0.000 01E01BM000t
00008 GLN01A0180_008 f 0.00  0.000     0  0.00  0  0  -1.060   0.033   0.319   0.050   0.003   0.000 01E01DM000t
00009 GLN01A0180_009 f 0.00  0.000     0  0.00  0  0  -3.959   0.062   0.912   0.057   0.067   0.000 01E01FM000t
00010 GLN01A0180_010 f 0.00  0.000     0  0.00  0  0  -2.716   0.216   3.108   0.133   0.096   0.000 01E022M000t
00011 GLN01A0180_011 f 0.00  0.000     0  0.00  0  0  -4.085   0.007   0.838   0.065  -0.053   0.000 01E024M000t
00012 GLN01A0180_012 f 0.00  0.000     0  0.00  0  0  -4.370  -0.041   0.838   0.079  -0.090   0.000 01E025M000t
00013 GLN01A0180_013 f 0.00  0.000     0  0.00  0  0  -4.119   0.945   3.396   0.051  -0.069   0.000 01T007M000t
00014 GLN01A0180_014 f 0.00  0.000     0  0.00  0  0  -4.155   0.256   0.882   0.096  -0.046   0.000 01T012M000t
00015 GLN01A0180_015 f 0.00  0.000     0  0.00  0  0  -3.041   0.160   0.695   0.059  -0.100   0.000 01T014M000t
00016 GLN01A0180_016 f 0.00  0.000     0  0.00  0  0  -3.576   0.196   0.309   0.068  -0.042   0.000 01T016M000t
00017 GLN01A0180_017 f 0.00  0.000     0  0.00  0  0  -3.248  -0.188   3.448   0.124  -0.036   0.000 01T017M000t
00018 GLN01A0180_018 f 0.00  0.000     0  0.00  0  0  -3.185  -0.209   3.447   0.186  -0.029   0.000 01T018M000t
00019 GLN01A0180_019 f 0.00  0.000     0  0.00  0  0  -3.065   0.079   3.461   0.073  -0.011   0.000 01T01AM000t
