   confID        vdw0    sas     sum
GLN01A0180_001   1.042  -5.030  -3.988
GLN01A0180_002   1.011  -5.027  -4.016
GLN01A0180_003   1.743  -4.908  -3.166
GLN01A0180_004   1.636  -5.170  -3.535
GLN01A0180_005   1.204  -4.893  -3.689
GLN01A0180_006   1.529  -5.135  -3.606
GLN01A0180_007   1.421  -4.846  -3.425
GLN01A0180_008   3.790  -4.850  -1.060
GLN01A0180_009   0.887  -4.845  -3.959
GLN01A0180_010   2.290  -5.006  -2.716
GLN01A0180_011   1.030  -5.116  -4.085
GLN01A0180_012   0.808  -5.178  -4.370
GLN01A0180_013   1.126  -5.244  -4.119
GLN01A0180_014   0.977  -5.132  -4.155
GLN01A0180_015   1.779  -4.821  -3.041
GLN01A0180_016   1.491  -5.067  -3.576
GLN01A0180_017   1.691  -4.939  -3.248
GLN01A0180_018   1.488  -4.673  -3.185
GLN01A0180_019   1.658  -4.723  -3.065
