CONFORMER         crg  vdw0  vdw1  tors  epol  self   occ  Hb     history    ASA
LYS01A0159_001  0.000-11.78  0.82  0.90  0.00-10.06 0.502  00  01O000M000  1.000
LYS01A0159_002  0.000-11.02  5.89  3.51  0.00 -1.61 0.502  00  01E01FM000  1.000
LYS01A0159_003  0.000 -9.52  2.25  2.14  0.00 -5.14 0.502  00  01E036M000  1.000
LYS01A0159_004  0.000-10.59  6.11  1.05  0.00 -3.43 0.502  00  01E03AM000  1.000
LYS01A0159_005  0.000 -9.87  1.69  4.29  0.00 -3.89 0.502  00  01E0AAM000  1.000
LYS01A0159_006  0.000-10.80  1.86  4.37  0.00 -4.57 0.501  00  01E0D9M000  1.000
LYS01A0159_007  0.000 -8.44  2.17  2.14  0.00 -4.13 0.502  00  01E0F0M000  1.000
LYS01A0159_008  0.000 -8.25  1.89  2.15  0.00 -4.22 0.502  00  01E0F9M000  1.000
LYS01A0159_009  0.000 -8.36  2.12  4.76  0.00 -1.48 0.502  00  01E129M000  1.000
LYS01A0159_010  0.000-11.68  1.05  1.51  0.00 -9.12 0.502  00  01T006M000  1.000
LYS01A0159_011  0.000-11.78  2.29  1.51  0.00 -7.98 0.502  00  01T009M000  1.000
LYS01A0159_012  0.000-11.08  6.68  3.53  0.00 -0.87 0.501  00  01T017M000  1.000
LYS01A0159_013  0.000-10.98  1.63  0.96  0.00 -8.39 0.502  00  01T019M000  1.000
LYS01A0159_014  0.000-11.05  2.57  3.67  0.00 -4.80 0.502  00  01T045M000  1.000
LYS01A0159_015  0.000-10.38  1.78  4.20  0.00 -4.40 0.501  00  01T04AM000  1.000
LYS01A0159_016  0.000-11.95  2.11  3.71  0.00 -6.13 0.502  00  01T067M000  1.000
LYS01A0159_017  0.000 -9.98  0.69  4.36  0.00 -4.93 0.501  00  01T0D1M000  1.000
LYS01A0159_018  0.000 -9.54  2.39  1.65  0.00 -5.50 0.502  00  01T0E6M000  1.000
LYS01A0159_019  0.000 -9.97  2.59  4.42  0.00 -2.96 0.502  00  01T0E7M000  1.000
LYS01A0159_020  0.000-10.20  1.85  7.00  0.00 -1.35 0.502  00  01T112M000  1.000
LYS+1A0159_021  1.000-11.82  0.82  0.90  0.00-10.10 0.502  00  +1O000M000  1.000
LYS+1A0159_022  1.000-11.62  1.04  1.52  0.00 -9.06 0.502  00  +1E006M000  1.000
LYS+1A0159_023  1.000-11.86  2.30  1.51  0.00 -8.05 0.502  00  +1E009M000  1.000
LYS+1A0159_024  1.000-11.10  6.69  3.54  0.00 -0.88 0.501  00  +1E017M000  1.000
LYS+1A0159_025  1.000-11.03  1.63  0.96  0.00 -8.44 0.502  00  +1E019M000  1.000
LYS+1A0159_026  1.000-10.64  6.13  1.04  0.00 -3.46 0.502  00  +1E03AM000  1.000
LYS+1A0159_027  1.000-11.87  2.13  3.72  0.00 -6.03 0.502  00  +1E067M000  1.000
LYS+1A0159_028  1.000 -9.99  1.70  4.29  0.00 -4.00 0.502  00  +1E0AAM000  1.000
LYS+1A0159_029  1.000-10.13  2.57  4.42  0.00 -3.13 0.502  00  +1E0E7M000  1.000
LYS+1A0159_030  1.000 -8.51  2.17  2.14  0.00 -4.19 0.502  00  +1E0F0M000  1.000
LYS+1A0159_031  1.000 -8.21  1.88  2.15  0.00 -4.19 0.502  00  +1E0F9M000  1.000
LYS+1A0159_032  1.000-10.21  1.84  7.00  0.00 -1.37 0.502  00  +1E112M000  1.000
LYS+1A0159_033  1.000 -8.43  2.11  4.76  0.00 -1.56 0.502  00  +1E129M000  1.000
LYS+1A0159_034  1.000-11.09  5.94  3.52  0.00 -1.63 0.502  00  +1T01FM000  1.000
LYS+1A0159_035  1.000 -9.57  2.25  2.14  0.00 -5.18 0.502  00  +1T036M000  1.000
LYS+1A0159_036  1.000-11.05  2.62  3.67  0.00 -4.76 0.502  00  +1T045M000  1.000
LYS+1A0159_037  1.000-10.43  1.78  4.20  0.00 -4.45 0.501  00  +1T04AM000  1.000
LYS+1A0159_038  1.000-10.15  0.69  4.36  0.00 -5.10 0.501  00  +1T0D1M000  1.000
LYS+1A0159_039  1.000-10.85  1.84  4.37  0.00 -4.63 0.501  00  +1T0D9M000  1.000
LYS+1A0159_040  1.000 -9.65  2.46  1.64  0.00 -5.55 0.502  00  +1T0E6M000  1.000
