   confID        vdw0    sas     sum
LYS01A0159_001   0.434 -12.331 -11.897
LYS01A0159_002   6.196 -11.996  -5.800
LYS01A0159_003   1.505 -12.376 -10.871
LYS01A0159_004   2.459 -12.859 -10.399
LYS01A0159_005   2.384 -12.503 -10.118
LYS01A0159_006   2.441 -12.722 -10.281
LYS01A0159_007   3.963 -12.476  -8.513
LYS01A0159_008   2.243 -11.573  -9.330
LYS01A0159_009   2.287 -12.605 -10.318
LYS01A0159_010   0.351 -12.305 -11.954
LYS01A0159_011   1.500 -12.382 -10.882
LYS01A0159_012   3.044 -12.701  -9.657
LYS01A0159_013   1.910 -12.217 -10.307
LYS01A0159_014   2.650 -12.282  -9.631
LYS01A0159_015   1.596 -11.991 -10.394
LYS01A0159_016   1.853 -12.185 -10.333
LYS01A0159_017   2.299 -12.103  -9.804
LYS01A0159_018   3.969 -12.580  -8.611
LYS01A0159_019   2.283 -11.885  -9.602
LYS01A0159_020   2.150 -12.576 -10.426
LYS+1A0159_021   0.389 -12.331 -11.942
LYS+1A0159_022   0.306 -12.357 -12.051
LYS+1A0159_023   6.168 -12.047  -5.880
LYS+1A0159_024   1.462 -12.376 -10.914
LYS+1A0159_025   1.856 -12.165 -10.309
LYS+1A0159_026   2.414 -12.820 -10.407
LYS+1A0159_027   2.322 -12.435 -10.113
LYS+1A0159_028   2.359 -12.722 -10.362
LYS+1A0159_029   1.731 -12.301 -10.571
LYS+1A0159_030   3.906 -12.543  -8.637
LYS+1A0159_031   2.154 -11.573  -9.419
LYS+1A0159_032   2.244 -12.605 -10.361
LYS+1A0159_033   1.455 -12.382 -10.927
LYS+1A0159_034   3.006 -12.701  -9.695
LYS+1A0159_035   2.549 -12.282  -9.733
LYS+1A0159_036   1.508 -11.991 -10.483
LYS+1A0159_037   2.238 -12.103  -9.865
LYS+1A0159_038   3.927 -12.580  -8.653
LYS+1A0159_039   2.213 -11.924  -9.711
LYS+1A0159_040   2.110 -12.643 -10.533
