CONFORMER         crg  vdw0  vdw1  tors  epol  self   occ  Hb     history    ASA
LYS01A0116_001  0.000-11.57  0.68  0.91  0.00 -9.98 0.502  00  01O000M000  1.000
LYS01A0116_002  0.000-10.36  1.48  1.61  0.00 -7.27 0.501  00  01E02FM000  1.000
LYS01A0116_003  0.000-10.87  0.43  3.87  0.00 -6.56 0.502  00  01E07EM000  1.000
LYS01A0116_004  0.000-11.14  1.77  3.71  0.00 -5.66 0.502  00  01E096M000  1.000
LYS01A0116_005  0.000 -7.14  0.85  3.64  0.00 -2.65 0.502  00  01E09FM000  1.000
LYS01A0116_006  0.000-10.52  0.84  3.99  0.00 -5.69 0.501  00  01E0A7M000  1.000
LYS01A0116_007  0.000 -6.05  0.98  2.15  0.00 -2.92 0.501  00  01E0F1M000  1.000
LYS01A0116_008  0.000 -8.60  0.25  4.12  0.00 -4.22 0.501  00  01E111M000  1.000
LYS01A0116_009  0.000-10.27  2.94  4.24  0.00 -3.09 0.501  00  01E137M000  1.000
LYS01A0116_010  0.000 -9.00  0.81  4.03  0.00 -4.16 0.502  00  01E14FM000  1.000
LYS01A0116_011  0.000-10.94  0.52  1.44  0.00 -8.98 0.502  00  01T00AM000  1.000
LYS01A0116_012  0.000 -7.99  0.81  2.07  0.00 -5.12 0.501  00  01T051M000  1.000
LYS01A0116_013  0.000-11.09  0.61  0.87  0.00 -9.61 0.502  00  01T05CM000  1.000
LYS01A0116_014  0.000-10.81  0.43  0.86  0.00 -9.52 0.502  00  01T06CM000  1.000
LYS01A0116_015  0.000-11.30  1.49  0.99  0.00 -8.82 0.502  00  01T084M000  1.000
LYS01A0116_016  0.000 -9.65  4.17  4.21  0.00 -1.27 0.502  00  01T0BBM000  1.000
LYS01A0116_017  0.000 -9.26  0.20  0.85  0.00 -8.22 0.501  00  01T0E1M000  1.000
LYS01A0116_018  0.000 -7.33  0.27  1.55  0.00 -5.51 0.501  00  01T110M000  1.000
LYS01A0116_019  0.000 -7.20  0.78  2.06  0.00 -4.36 0.501  00  01T157M000  1.000
LYS+1A0116_020  1.000-11.62  0.68  0.91  0.00-10.03 0.502  00  +1O000M000  1.000
LYS+1A0116_021  1.000-10.99  0.52  1.44  0.00 -9.03 0.502  00  +1E00AM000  1.000
LYS+1A0116_022  1.000-11.19  0.60  0.87  0.00 -9.72 0.502  00  +1E05CM000  1.000
LYS+1A0116_023  1.000-10.94  0.43  0.86  0.00 -9.65 0.502  00  +1E06CM000  1.000
LYS+1A0116_024  1.000 -7.02  0.86  3.72  0.00 -2.44 0.502  00  +1E09FM000  1.000
LYS+1A0116_025  1.000-10.71  0.85  4.02  0.00 -5.83 0.501  00  +1E0A7M000  1.000
LYS+1A0116_026  1.000 -6.09  0.98  2.15  0.00 -2.96 0.501  00  +1E0F1M000  1.000
LYS+1A0116_027  1.000 -7.32  0.27  1.54  0.00 -5.51 0.501  00  +1E110M000  1.000
LYS+1A0116_028  1.000 -8.47  0.23  4.16  0.00 -4.08 0.501  00  +1E111M000  1.000
LYS+1A0116_029  1.000 -9.13  0.81  4.05  0.00 -4.28 0.502  00  +1E14FM000  1.000
LYS+1A0116_030  1.000-10.40  1.52  1.61  0.00 -7.27 0.501  00  +1T02FM000  1.000
LYS+1A0116_031  1.000 -8.10  0.81  2.07  0.00 -5.22 0.501  00  +1T051M000  1.000
LYS+1A0116_032  1.000-10.83  0.43  3.90  0.00 -6.50 0.502  00  +1T07EM000  1.000
LYS+1A0116_033  1.000-11.37  1.49  0.99  0.00 -8.89 0.502  00  +1T084M000  1.000
LYS+1A0116_034  1.000-11.21  1.76  3.72  0.00 -5.73 0.502  00  +1T096M000  1.000
LYS+1A0116_035  1.000 -9.75  4.18  4.20  0.00 -1.37 0.502  00  +1T0BBM000  1.000
LYS+1A0116_036  1.000 -9.32  0.19  0.85  0.00 -8.28 0.501  00  +1T0E1M000  1.000
LYS+1A0116_037  1.000-10.39  2.95  4.25  0.00 -3.18 0.501  00  +1T137M000  1.000
LYS+1A0116_038  1.000 -7.33  0.77  2.06  0.00 -4.50 0.501  00  +1T157M000  1.000
