   confID        vdw0    sas     sum
LYS01A0116_001   0.818 -12.392 -11.575
LYS01A0116_002   2.183 -12.550 -10.367
LYS01A0116_003   1.961 -12.827 -10.866
LYS01A0116_004   1.361 -12.499 -11.139
LYS01A0116_005   5.455 -12.593  -7.138
LYS01A0116_006   1.974 -12.492 -10.518
LYS01A0116_007   5.901 -11.946  -6.045
LYS01A0116_008   3.699 -12.287  -8.588
LYS01A0116_009   1.952 -12.230 -10.278
LYS01A0116_010   3.596 -12.666  -9.070
LYS01A0116_011   1.591 -12.534 -10.942
LYS01A0116_012   4.768 -12.766  -7.998
LYS01A0116_013   1.469 -12.563 -11.094
LYS01A0116_014   1.507 -12.316 -10.809
LYS01A0116_015   1.353 -12.651 -11.297
LYS01A0116_016   2.390 -12.037  -9.647
LYS01A0116_017   3.086 -12.419  -9.334
LYS01A0116_018   4.711 -12.043  -7.332
LYS01A0116_019   5.343 -12.541  -7.197
LYS+1A0116_020   0.773 -12.392 -11.620
LYS+1A0116_021   1.539 -12.534 -10.994
LYS+1A0116_022   1.375 -12.563 -11.188
LYS+1A0116_023   1.440 -12.381 -10.941
LYS+1A0116_024   5.410 -12.439  -7.029
LYS+1A0116_025   1.925 -12.634 -10.709
LYS+1A0116_026   5.847 -11.946  -6.099
LYS+1A0116_027   4.724 -12.056  -7.331
LYS+1A0116_028   3.722 -12.184  -8.461
LYS+1A0116_029   3.530 -12.666  -9.137
LYS+1A0116_030   2.153 -12.550 -10.397
LYS+1A0116_031   4.747 -12.833  -8.087
LYS+1A0116_032   1.915 -12.750 -10.835
LYS+1A0116_033   1.285 -12.651 -11.366
LYS+1A0116_034   1.286 -12.499 -11.213
LYS+1A0116_035   2.284 -12.037  -9.753
LYS+1A0116_036   3.040 -12.355  -9.315
LYS+1A0116_037   1.845 -12.230 -10.385
LYS+1A0116_038   5.273 -12.592  -7.319
