iConf CONFORMER     FL  occ    crg   Em0  pKa0 ne nH    vdw0    vdw1    tors    epol   dsolv   extra    history
00001 LYS01A0217_001 f 0.00  0.000     0  0.00  0  0 -12.503   2.089   0.898  -0.016   0.032   0.000 01O000M000t
00002 LYS01A0217_002 f 0.00  0.000     0  0.00  0  0 -11.662   1.054   1.444  -0.014   0.070   0.000 01E002M000t
00003 LYS01A0217_003 f 0.00  0.000     0  0.00  0  0 -11.989   1.056   0.803  -0.008  -0.014   0.000 01E007M000t
00004 LYS01A0217_004 f 0.00  0.000     0  0.00  0  0 -11.355   4.889   1.477  -0.002  -0.022   0.000 01E037M000t
00005 LYS01A0217_005 f 0.00  0.000     0  0.00  0  0  -9.846   6.033   1.540  -0.010  -0.117   0.000 01E039M000t
00006 LYS01A0217_006 f 0.00  0.000     0  0.00  0  0 -11.510   5.528   3.598  -0.008   0.095   0.000 01E06AM000t
00007 LYS01A0217_007 f 0.00  0.000     0  0.00  0  0 -11.678   3.027   3.664  -0.015   0.039   0.000 01E088M000t
00008 LYS01A0217_008 f 0.00  0.000     0  0.00  0  0 -10.133   0.870   4.219  -0.013   0.018   0.000 01E0BFM000t
00009 LYS01A0217_009 f 0.00  0.000     0  0.00  0  0 -10.345   0.964   4.237  -0.018  -0.102   0.000 01E0E6M000t
00010 LYS01A0217_010 f 0.00  0.000     0  0.00  0  0  -9.992   4.885   1.483  -0.006   0.042   0.000 01E103M000t
00011 LYS01A0217_011 f 0.00  0.000     0  0.00  0  0 -10.319   4.886   4.276  -0.002  -0.129   0.000 01E105M000t
00012 LYS01A0217_012 f 0.00  0.000     0  0.00  0  0 -10.668   2.040   4.299  -0.033  -0.122   0.000 01E118M000t
00013 LYS01A0217_013 f 0.00  0.000     0  0.00  0  0 -10.033   1.018   6.463  -0.012  -0.019   0.000 01E12FM000t
00014 LYS01A0217_014 f 0.00  0.000     0  0.00  0  0 -10.872   1.705   0.955  -0.020   0.124   0.000 01T013M000t
00015 LYS01A0217_015 f 0.00  0.000     0  0.00  0  0 -10.443   1.037   1.443  -0.016  -0.032   0.000 01T05BM000t
00016 LYS01A0217_016 f 0.00  0.000     0  0.00  0  0 -10.341   2.075   4.319  -0.020  -0.065   0.000 01T09AM000t
00017 LYS01A0217_017 f 0.00  0.000     0  0.00  0  0 -10.361   4.807   3.731  -0.018  -0.036   0.000 01T101M000t
00018 LYS01A0217_018 f 0.00  0.000     0  0.00  0  0 -10.225   1.701   7.102  -0.045  -0.098   0.000 01T123M000t
00019 LYS01A0217_019 f 0.00  0.000     0  0.00  0  0 -10.263   0.978   6.463  -0.018   0.083   0.000 01T131M000t
00020 LYS01A0217_020 f 0.00  0.000     0  0.00  0  0  -9.892   2.426   7.089   0.032  -0.095   0.000 01T140M000t
00021 LYS+1A0217_021 f 0.00  1.000     0 10.40  0  1 -12.547   2.087   0.898   0.065  -0.380   0.000 +1O000M000t
00022 LYS+1A0217_022 f 0.00  1.000     0 10.40  0  1 -11.708   1.052   1.444   0.073  -0.446   0.000 +1E002M000t
00023 LYS+1A0217_023 f 0.00  1.000     0 10.40  0  1 -12.035   1.055   0.803   0.035  -0.356   0.000 +1E007M000t
00024 LYS+1A0217_024 f 0.00  1.000     0 10.40  0  1 -10.928   1.700   0.957   0.071  -0.315   0.000 +1E013M000t
00025 LYS+1A0217_025 f 0.00  1.000     0 10.40  0  1 -11.400   4.894   1.477  -0.008  -0.249   0.000 +1E037M000t
00026 LYS+1A0217_026 f 0.00  1.000     0 10.40  0  1 -10.557   1.034   1.443   0.071   0.043   0.000 +1E05BM000t
00027 LYS+1A0217_027 f 0.00  1.000     0 10.40  0  1 -11.688   3.058   3.663   0.048   0.058   0.000 +1E088M000t
00028 LYS+1A0217_028 f 0.00  1.000     0 10.40  0  1 -10.403   2.110   4.324   0.022  -0.335   0.000 +1E09AM000t
00029 LYS+1A0217_029 f 0.00  1.000     0 10.40  0  1 -10.016   0.873   4.220   0.015  -0.168   0.000 +1E0BFM000t
00030 LYS+1A0217_030 f 0.00  1.000     0 10.40  0  1 -10.320   0.962   4.240   0.014  -0.093   0.000 +1E0E6M000t
00031 LYS+1A0217_031 f 0.00  1.000     0 10.40  0  1 -10.483   4.816   3.737   0.056  -0.246   0.000 +1E101M000t
00032 LYS+1A0217_032 f 0.00  1.000     0 10.40  0  1 -10.103   4.920   1.484   0.043   0.239   0.000 +1E103M000t
00033 LYS+1A0217_033 f 0.00  1.000     0 10.40  0  1 -10.574   2.072   4.296   0.054   0.049   0.000 +1E118M000t
00034 LYS+1A0217_034 f 0.00  1.000     0 10.40  0  1 -10.227   1.687   7.103   0.185  -0.054   0.000 +1E123M000t
00035 LYS+1A0217_035 f 0.00  1.000     0 10.40  0  1 -10.081   1.016   6.463   0.072  -0.170   0.000 +1E12FM000t
00036 LYS+1A0217_036 f 0.00  1.000     0 10.40  0  1 -10.343   0.977   6.464   0.075   0.000   0.000 +1E131M000t
00037 LYS+1A0217_037 f 0.00  1.000     0 10.40  0  1  -9.799   2.475   7.086  -0.170  -0.074   0.000 +1E140M000t
00038 LYS+1A0217_038 f 0.00  1.000     0 10.40  0  1  -9.920   6.187   1.545   0.049  -0.223   0.000 +1T039M000t
00039 LYS+1A0217_039 f 0.00  1.000     0 10.40  0  1 -11.588   5.523   3.598   0.068  -0.265   0.000 +1T06AM000t
00040 LYS+1A0217_040 f 0.00  1.000     0 10.40  0  1 -10.243   4.924   4.279  -0.035  -0.334   0.000 +1T105M000t
