   confID        vdw0    sas     sum
LYS01A0217_001   0.472 -12.974 -12.503
LYS01A0217_002   1.161 -12.823 -11.662
LYS01A0217_003   0.579 -12.569 -11.989
LYS01A0217_004   1.320 -12.675 -11.355
LYS01A0217_005   2.099 -11.945  -9.846
LYS01A0217_006   1.240 -12.750 -11.510
LYS01A0217_007   1.072 -12.750 -11.678
LYS01A0217_008   2.157 -12.289 -10.133
LYS01A0217_009   2.172 -12.518 -10.345
LYS01A0217_010   1.961 -11.953  -9.992
LYS01A0217_011   2.041 -12.360 -10.319
LYS01A0217_012   2.073 -12.741 -10.668
LYS01A0217_013   2.237 -12.270 -10.033
LYS01A0217_014   1.558 -12.431 -10.872
LYS01A0217_015   1.792 -12.235 -10.443
LYS01A0217_016   2.029 -12.370 -10.341
LYS01A0217_017   1.741 -12.102 -10.361
LYS01A0217_018   2.380 -12.604 -10.225
LYS01A0217_019   2.152 -12.415 -10.263
LYS01A0217_020   2.346 -12.238  -9.892
LYS+1A0217_021   0.427 -12.974 -12.547
LYS+1A0217_022   1.115 -12.823 -11.708
LYS+1A0217_023   0.534 -12.569 -12.035
LYS+1A0217_024   1.502 -12.431 -10.928
LYS+1A0217_025   1.275 -12.675 -11.400
LYS+1A0217_026   1.730 -12.287 -10.557
LYS+1A0217_027   1.011 -12.699 -11.688
LYS+1A0217_028   1.967 -12.370 -10.403
LYS+1A0217_029   2.106 -12.122 -10.016
LYS+1A0217_030   2.118 -12.437 -10.320
LYS+1A0217_031   1.658 -12.141 -10.483
LYS+1A0217_032   1.888 -11.991 -10.103
LYS+1A0217_033   2.048 -12.622 -10.574
LYS+1A0217_034   2.326 -12.553 -10.227
LYS+1A0217_035   2.189 -12.270 -10.081
LYS+1A0217_036   2.072 -12.415 -10.343
LYS+1A0217_037   2.307 -12.106  -9.799
LYS+1A0217_038   2.024 -11.945  -9.920
LYS+1A0217_039   1.162 -12.750 -11.588
LYS+1A0217_040   1.998 -12.241 -10.243
