CONFORMER         crg  vdw0  vdw1  tors  epol  self   occ  Hb     history    ASA
LYS01A0126_001  0.000-11.84  1.83  1.30  0.00 -8.72 0.501  00  01O000M000  1.000
LYS01A0126_002  0.000-10.17  1.25  1.58  0.00 -7.34 0.502  00  01E002M000  1.000
LYS01A0126_003  0.000 -7.54  2.19  4.93  0.00 -0.42 0.502  00  01E022M000  1.000
LYS01A0126_004  0.000 -7.64  1.38  2.10  0.00 -4.16 0.501  00  01E027M000  1.000
LYS01A0126_005  0.000-10.47  5.77  4.18  0.00 -0.52 0.502  00  01E030M000  1.000
LYS01A0126_006  0.000-11.76  1.70  2.66  0.00 -7.41 0.502  00  01E037M000  1.000
LYS01A0126_007  0.000-10.87  1.59  2.95  0.00 -6.33 0.502  00  01E064M000  1.000
LYS01A0126_008  0.000-11.20  1.76  3.21  0.00 -6.23 0.502  00  01E06EM000  1.000
LYS01A0126_009  0.000-11.63  3.45  1.50  0.00 -6.69 0.502  00  01E06FM000  1.000
LYS01A0126_010  0.000 -7.24  2.34  4.33  0.00 -0.58 0.502  00  01E0BDM000  1.000
LYS01A0126_011  0.000-11.69  3.86  4.32  0.00 -3.51 0.501  00  01E0C6M000  1.000
LYS01A0126_012  0.000-10.34  1.03  3.20  0.00 -6.10 0.502  00  01E0DBM000  1.000
LYS01A0126_013  0.000 -8.06  1.37  4.02  0.00 -2.67 0.502  00  01E0F2M000  1.000
LYS01A0126_014  0.000-10.82  1.09  1.56  0.00 -8.17 0.501  00  01T049M000  1.000
LYS01A0126_015  0.000-11.86  2.23  3.69  0.00 -5.93 0.502  00  01T051M000  1.000
LYS01A0126_016  0.000-11.29  1.21  2.45  0.00 -7.63 0.502  00  01T062M000  1.000
LYS01A0126_017  0.000-10.28  3.12  4.36  0.00 -2.79 0.502  00  01T07CM000  1.000
LYS01A0126_018  0.000 -9.39  2.04  4.24  0.00 -3.12 0.502  00  01T0B5M000  1.000
LYS01A0126_019  0.000-11.59  5.97  3.95  0.00 -1.67 0.503  00  01T0C3M000  1.000
LYS01A0126_020  0.000 -9.92  4.32  4.29  0.00 -1.31 0.502  00  01T0C4M000  1.000
LYS+1A0126_021  1.000-11.90  1.83  1.30  0.00 -8.78 0.501  00  +1O000M000  1.000
LYS+1A0126_022  1.000-10.22  1.25  1.59  0.00 -7.38 0.502  00  +1E002M000  1.000
LYS+1A0126_023  1.000 -7.67  1.39  2.11  0.00 -4.17 0.501  00  +1E027M000  1.000
LYS+1A0126_024  1.000-10.54  5.77  4.20  0.00 -0.57 0.502  00  +1E030M000  1.000
LYS+1A0126_025  1.000-11.91  1.69  2.70  0.00 -7.52 0.502  00  +1E037M000  1.000
LYS+1A0126_026  1.000-10.83  1.09  1.56  0.00 -8.18 0.501  00  +1E049M000  1.000
LYS+1A0126_027  1.000-11.31  1.21  2.50  0.00 -7.60 0.502  00  +1E062M000  1.000
LYS+1A0126_028  1.000-11.07  1.58  3.10  0.00 -6.38 0.502  00  +1E064M000  1.000
LYS+1A0126_029  1.000-10.36  3.09  4.38  0.00 -2.89 0.502  00  +1E07CM000  1.000
LYS+1A0126_030  1.000 -9.35  2.03  4.25  0.00 -3.08 0.502  00  +1E0B5M000  1.000
LYS+1A0126_031  1.000 -7.36  2.33  4.34  0.00 -0.69 0.502  00  +1E0BDM000  1.000
LYS+1A0126_032  1.000-10.05  4.33  4.29  0.00 -1.42 0.502  00  +1E0C4M000  1.000
LYS+1A0126_033  1.000 -8.10  1.38  4.08  0.00 -2.65 0.502  00  +1E0F2M000  1.000
LYS+1A0126_034  1.000 -7.46  2.16  4.95  0.00 -0.35 0.502  00  +1T022M000  1.000
LYS+1A0126_035  1.000-11.90  2.23  3.70  0.00 -5.97 0.502  00  +1T051M000  1.000
LYS+1A0126_036  1.000-11.15  1.80  3.33  0.00 -6.02 0.502  00  +1T06EM000  1.000
LYS+1A0126_037  1.000-11.66  3.40  1.51  0.00 -6.75 0.502  00  +1T06FM000  1.000
LYS+1A0126_038  1.000-11.61  6.05  3.96  0.00 -1.61 0.503  00  +1T0C3M000  1.000
LYS+1A0126_039  1.000-11.67  3.79  4.33  0.00 -3.56 0.501  00  +1T0C6M000  1.000
LYS+1A0126_040  1.000-10.44  1.03  3.28  0.00 -6.12 0.502  00  +1T0DBM000  1.000
