CONFORMER         crg  vdw0  vdw1  tors  epol  self   occ  Hb     history    ASA
LYS01A0116_001  0.000-11.57  0.68  0.91  0.00 -9.98 0.502  00  01O000M000  1.000
LYS01A0116_002  0.000-10.64  3.95  4.20  0.00 -2.50 0.502  00  01E02CM000  1.000
LYS01A0116_003  0.000 -7.75  1.60  4.82  0.00 -1.33 0.501  00  01E04AM000  1.000
LYS01A0116_004  0.000-10.06  0.51  1.44  0.00 -8.12 0.501  00  01E089M000  1.000
LYS01A0116_005  0.000-11.20  3.18  3.59  0.00 -4.43 0.501  00  01E092M000  1.000
LYS01A0116_006  0.000 -9.39  0.33  1.44  0.00 -7.63 0.501  00  01E0CBM000  1.000
LYS01A0116_007  0.000 -9.96  0.50  4.10  0.00 -5.37 0.502  00  01E0CDM000  1.000
LYS01A0116_008  0.000 -9.79  1.02  6.14  0.00 -2.63 0.501  00  01E0D7M000  1.000
LYS01A0116_009  0.000 -6.68  0.77  4.75  0.00 -1.17 0.502  00  01E0FDM000  1.000
LYS01A0116_010  0.000 -9.31  2.42  3.58  0.00 -3.31 0.501  00  01E138M000  1.000
LYS01A0116_011  0.000-11.92  1.88  0.86  0.00 -9.18 0.501  00  01T010M000  1.000
LYS01A0116_012  0.000 -7.56  1.01  2.16  0.00 -4.40 0.502  00  01T02DM000  1.000
LYS01A0116_013  0.000-10.62  0.61  0.86  0.00 -9.15 0.502  00  01T05AM000  1.000
LYS01A0116_014  0.000-10.99  0.47  0.86  0.00 -9.65 0.501  00  01T063M000  1.000
LYS01A0116_015  0.000-11.10  1.12  3.52  0.00 -6.46 0.502  00  01T068M000  1.000
LYS01A0116_016  0.000-11.30  1.49  0.99  0.00 -8.82 0.502  00  01T084M000  1.000
LYS01A0116_017  0.000 -9.33  0.58  1.49  0.00 -7.26 0.502  00  01T0ADM000  1.000
LYS01A0116_018  0.000 -8.99  0.55  3.57  0.00 -4.87 0.501  00  01T0B2M000  1.000
LYS01A0116_019  0.000-10.19  0.36  3.56  0.00 -6.27 0.501  00  01T0C9M000  1.000
LYS01A0116_020  0.000 -6.34  0.92  2.04  0.00 -3.38 0.502  00  01T16EM000  1.000
LYS+1A0116_021  1.000-11.62  0.68  0.91  0.00-10.03 0.502  00  +1O000M000  1.000
LYS+1A0116_022  1.000-12.02  1.87  0.87  0.00 -9.28 0.501  00  +1E010M000  1.000
LYS+1A0116_023  1.000 -7.65  1.00  2.16  0.00 -4.48 0.502  00  +1E02DM000  1.000
LYS+1A0116_024  1.000-10.99  0.47  0.87  0.00 -9.65 0.501  00  +1E063M000  1.000
LYS+1A0116_025  1.000-11.17  1.12  3.53  0.00 -6.53 0.502  00  +1E068M000  1.000
LYS+1A0116_026  1.000-10.12  0.51  1.44  0.00 -8.18 0.501  00  +1E089M000  1.000
LYS+1A0116_027  1.000 -9.25  0.58  1.49  0.00 -7.18 0.502  00  +1E0ADM000  1.000
LYS+1A0116_028  1.000 -9.02  0.54  3.58  0.00 -4.90 0.501  00  +1E0B2M000  1.000
LYS+1A0116_029  1.000 -9.49  0.31  1.45  0.00 -7.73 0.501  00  +1E0CBM000  1.000
LYS+1A0116_030  1.000 -6.59  0.77  4.77  0.00 -1.05 0.502  00  +1E0FDM000  1.000
LYS+1A0116_031  1.000 -9.39  2.41  3.59  0.00 -3.40 0.501  00  +1E138M000  1.000
LYS+1A0116_032  1.000 -6.44  0.91  2.04  0.00 -3.48 0.502  00  +1E16EM000  1.000
LYS+1A0116_033  1.000-10.69  3.96  4.20  0.00 -2.53 0.502  00  +1T02CM000  1.000
LYS+1A0116_034  1.000 -7.82  1.60  4.83  0.00 -1.40 0.501  00  +1T04AM000  1.000
LYS+1A0116_035  1.000-10.75  0.60  0.87  0.00 -9.28 0.502  00  +1T05AM000  1.000
LYS+1A0116_036  1.000-11.37  1.49  0.99  0.00 -8.89 0.502  00  +1T084M000  1.000
LYS+1A0116_037  1.000-11.32  3.20  3.59  0.00 -4.54 0.501  00  +1T092M000  1.000
LYS+1A0116_038  1.000-10.26  0.35  3.60  0.00 -6.31 0.501  00  +1T0C9M000  1.000
LYS+1A0116_039  1.000-10.01  0.50  4.11  0.00 -5.39 0.502  00  +1T0CDM000  1.000
LYS+1A0116_040  1.000-10.10  1.02  6.18  0.00 -2.91 0.501  00  +1T0D7M000  1.000
