iConf CONFORMER     FL  occ    crg   Em0  pKa0 ne nH    vdw0    vdw1    tors    epol   dsolv   extra    history
00001 LYS01A0116_001 f 0.00  0.000     0  0.00  0  0 -11.575   0.682   0.910  -0.004   0.053   0.000 01O000M000t
00002 LYS01A0116_002 f 0.00  0.000     0  0.00  0  0 -11.345   1.717   4.147  -0.013  -0.156   0.000 01E00EM000t
00003 LYS01A0116_003 f 0.00  0.000     0  0.00  0  0  -7.220   0.585   2.072  -0.029   0.002   0.000 01E031M000t
00004 LYS01A0116_004 f 0.00  0.000     0  0.00  0  0 -10.903   4.004   3.533  -0.001  -0.107   0.000 01E071M000t
00005 LYS01A0116_005 f 0.00  0.000     0  0.00  0  0 -10.264   0.813   3.830  -0.018  -0.082   0.000 01E074M000t
00006 LYS01A0116_006 f 0.00  0.000     0  0.00  0  0 -10.518   0.594   3.880  -0.017   0.008   0.000 01E08CM000t
00007 LYS01A0116_007 f 0.00  0.000     0  0.00  0  0 -10.507   0.974   1.508  -0.008   0.125   0.000 01E09EM000t
00008 LYS01A0116_008 f 0.00  0.000     0  0.00  0  0  -7.168   1.191   2.052   0.166   0.237   0.000 01E114M000t
00009 LYS01A0116_009 f 0.00  0.000     0  0.00  0  0  -6.709   0.150   4.739  -0.048   0.072   0.000 01E116M000t
00010 LYS01A0116_010 f 0.00  0.000     0  0.00  0  0  -6.471   1.635   4.843  -0.032   0.003   0.000 01E130M000t
00011 LYS01A0116_011 f 0.00  0.000     0  0.00  0  0 -10.690   3.094   3.967  -0.020  -0.007   0.000 01E159M000t
00012 LYS01A0116_012 f 0.00  0.000     0  0.00  0  0 -10.892   1.562   4.253  -0.015   0.059   0.000 01T049M000t
00013 LYS01A0116_013 f 0.00  0.000     0  0.00  0  0  -9.963   0.481   1.422  -0.026   0.054   0.000 01T0CCM000t
00014 LYS01A0116_014 f 0.00  0.000     0  0.00  0  0 -10.076   1.114   6.795  -0.014  -0.039   0.000 01T0D1M000t
00015 LYS01A0116_015 f 0.00  0.000     0  0.00  0  0  -9.870   0.303   1.505  -0.026   0.134   0.000 01T0DEM000t
00016 LYS01A0116_016 f 0.00  0.000     0  0.00  0  0 -10.190   3.879   4.191  -0.012  -0.052   0.000 01T0EFM000t
00017 LYS01A0116_017 f 0.00  0.000     0  0.00  0  0  -6.094   1.019   2.149  -0.015   0.064   0.000 01T14CM000t
00018 LYS01A0116_018 f 0.00  0.000     0  0.00  0  0  -6.411   0.473   2.067  -0.026   0.001   0.000 01T164M000t
00019 LYS01A0116_019 f 0.00  0.000     0  0.00  0  0  -9.202   0.929   4.011  -0.012  -0.071   0.000 01T167M000t
00020 LYS01A0116_020 f 0.00  0.000     0  0.00  0  0  -6.888   0.924   2.070  -0.011  -0.076   0.000 01T16FM000t
00021 LYS+1A0116_021 f 0.00  1.000     0 10.40  0  1 -11.620   0.681   0.910   0.029  -0.381   0.000 +1O000M000t
00022 LYS+1A0116_022 f 0.00  1.000     0 10.40  0  1 -10.953   1.553   4.261   0.102  -0.266   0.000 +1E049M000t
00023 LYS+1A0116_023 f 0.00  1.000     0 10.40  0  1 -10.548   0.586   3.939   0.110  -0.255   0.000 +1E08CM000t
00024 LYS+1A0116_024 f 0.00  1.000     0 10.40  0  1 -10.117   0.479   1.427   0.123  -0.027   0.000 +1E0CCM000t
00025 LYS+1A0116_025 f 0.00  1.000     0 10.40  0  1 -10.180   1.110   6.829   0.066  -0.295   0.000 +1E0D1M000t
00026 LYS+1A0116_026 f 0.00  1.000     0 10.40  0  1  -7.027   1.235   2.059   1.227   0.908   0.000 +1E114M000t
00027 LYS+1A0116_027 f 0.00  1.000     0 10.40  0  1  -9.269   0.936   4.032   0.095  -0.253   0.000 +1E167M000t
00028 LYS+1A0116_028 f 0.00  1.000     0 10.40  0  1  -7.005   0.917   2.079   0.075  -0.258   0.000 +1E16FM000t
00029 LYS+1A0116_029 f 0.00  1.000     0 10.40  0  1 -11.435   1.718   4.150   0.071  -0.259   0.000 +1T00EM000t
00030 LYS+1A0116_030 f 0.00  1.000     0 10.40  0  1  -7.125   0.582   2.076   0.122  -0.144   0.000 +1T031M000t
00031 LYS+1A0116_031 f 0.00  1.000     0 10.40  0  1 -10.974   4.013   3.534   0.048  -0.153   0.000 +1T071M000t
00032 LYS+1A0116_032 f 0.00  1.000     0 10.40  0  1 -10.310   0.814   3.855  -0.040  -0.278   0.000 +1T074M000t
00033 LYS+1A0116_033 f 0.00  1.000     0 10.40  0  1 -10.565   0.974   1.509   0.110  -0.357   0.000 +1T09EM000t
00034 LYS+1A0116_034 f 0.00  1.000     0 10.40  0  1  -9.978   0.299   1.511   0.044   0.183   0.000 +1T0DEM000t
00035 LYS+1A0116_035 f 0.00  1.000     0 10.40  0  1 -10.298   3.865   4.196   0.053  -0.051   0.000 +1T0EFM000t
00036 LYS+1A0116_036 f 0.00  1.000     0 10.40  0  1  -6.771   0.154   4.758   0.214  -0.217   0.000 +1T116M000t
00037 LYS+1A0116_037 f 0.00  1.000     0 10.40  0  1  -6.557   1.630   4.847   0.100   0.255   0.000 +1T130M000t
00038 LYS+1A0116_038 f 0.00  1.000     0 10.40  0  1  -6.216   1.022   2.151   0.073  -0.222   0.000 +1T14CM000t
00039 LYS+1A0116_039 f 0.00  1.000     0 10.40  0  1 -10.629   3.152   3.979   0.103  -0.146   0.000 +1T159M000t
00040 LYS+1A0116_040 f 0.00  1.000     0 10.40  0  1  -6.464   0.466   2.067   0.162   0.129   0.000 +1T164M000t
