   confID        vdw0    sas     sum
LYS01A0116_001   0.818 -12.392 -11.575
LYS01A0116_002   1.578 -12.923 -11.345
LYS01A0116_003   4.860 -12.080  -7.220
LYS01A0116_004   1.552 -12.454 -10.903
LYS01A0116_005   1.952 -12.216 -10.264
LYS01A0116_006   1.987 -12.505 -10.518
LYS01A0116_007   2.298 -12.805 -10.507
LYS01A0116_008   5.482 -12.650  -7.168
LYS01A0116_009   5.693 -12.402  -6.709
LYS01A0116_010   5.279 -11.750  -6.471
LYS01A0116_011   2.133 -12.823 -10.690
LYS01A0116_012   1.690 -12.582 -10.892
LYS01A0116_013   2.363 -12.326  -9.963
LYS01A0116_014   2.480 -12.557 -10.076
LYS01A0116_015   2.324 -12.194  -9.870
LYS01A0116_016   2.409 -12.599 -10.190
LYS01A0116_017   5.912 -12.007  -6.094
LYS01A0116_018   5.773 -12.184  -6.411
LYS01A0116_019   3.429 -12.631  -9.202
LYS01A0116_020   5.553 -12.441  -6.888
LYS+1A0116_021   0.773 -12.392 -11.620
LYS+1A0116_022   1.645 -12.598 -10.953
LYS+1A0116_023   1.957 -12.505 -10.548
LYS+1A0116_024   2.260 -12.377 -10.117
LYS+1A0116_025   2.429 -12.608 -10.180
LYS+1A0116_026   5.440 -12.466  -7.027
LYS+1A0116_027   3.362 -12.631  -9.269
LYS+1A0116_028   5.436 -12.441  -7.005
LYS+1A0116_029   1.539 -12.974 -11.435
LYS+1A0116_030   4.858 -11.983  -7.125
LYS+1A0116_031   1.480 -12.454 -10.974
LYS+1A0116_032   1.905 -12.216 -10.310
LYS+1A0116_033   2.240 -12.805 -10.565
LYS+1A0116_034   2.217 -12.194  -9.978
LYS+1A0116_035   2.301 -12.599 -10.298
LYS+1A0116_036   5.602 -12.373  -6.771
LYS+1A0116_037   5.209 -11.766  -6.557
LYS+1A0116_038   5.874 -12.090  -6.216
LYS+1A0116_039   2.092 -12.720 -10.629
LYS+1A0116_040   5.720 -12.184  -6.464
