CONFORMER         crg  vdw0  vdw1  tors  epol  self   occ  Hb     history    ASA
LYS01A0237_001  0.000-12.30  0.20  0.98  0.00-11.12 0.501  00  01O000M000  1.000
LYS01A0237_002  0.000-11.04  3.68  3.97  0.00 -3.39 0.502  00  01E021M000  1.000
LYS01A0237_003  0.000-11.00  3.61  3.42  0.00 -3.97 0.502  00  01E023M000  1.000
LYS01A0237_004  0.000-11.14  0.76  3.31  0.00 -7.07 0.501  00  01E074M000  1.000
LYS01A0237_005  0.000-10.65  0.31  1.59  0.00 -8.75 0.502  00  01E083M000  1.000
LYS01A0237_006  0.000-10.71  2.65  4.32  0.00 -3.74 0.502  00  01E08FM000  1.000
LYS01A0237_007  0.000-11.15  1.87  4.44  0.00 -4.84 0.502  00  01E0FEM000  1.000
LYS01A0237_008  0.000 -7.74  1.19  2.19  0.00 -4.36 0.501  00  01E127M000  1.000
LYS01A0237_009  0.000-10.16  2.49  4.46  0.00 -3.21 0.501  00  01E12AM000  1.000
LYS01A0237_010  0.000 -7.65  1.33  4.66  0.00 -1.66 0.502  00  01E168M000  1.000
LYS01A0237_011  0.000-12.50  2.07  1.03  0.00 -9.40 0.501  00  01T007M000  1.000
LYS01A0237_012  0.000-12.20  6.77  1.07  0.00 -4.36 0.502  00  01T00AM000  1.000
LYS01A0237_013  0.000-11.42  3.75  3.89  0.00 -3.77 0.501  00  01T01BM000  1.000
LYS01A0237_014  0.000 -8.59  2.57  2.20  0.00 -3.81 0.501  00  01T046M000  1.000
LYS01A0237_015  0.000-11.27  3.56  4.09  0.00 -3.62 0.502  00  01T051M000  1.000
LYS01A0237_016  0.000-11.08  1.53  4.38  0.00 -5.17 0.501  00  01T088M000  1.000
LYS01A0237_017  0.000 -9.96  3.60  3.88  0.00 -2.48 0.501  00  01T0D3M000  1.000
LYS01A0237_018  0.000-10.03  1.07  4.27  0.00 -4.70 0.501  00  01T0D7M000  1.000
LYS01A0237_019  0.000 -9.60  0.64  6.16  0.00 -2.80 0.501  00  01T0E8M000  1.000
LYS01A0237_020  0.000-10.34  1.04  3.83  0.00 -5.48 0.501  00  01T104M000  1.000
LYS+1A0237_021  1.000-12.34  0.20  0.98  0.00-11.17 0.501  00  +1O000M000  1.000
LYS+1A0237_022  1.000-12.25  6.95  1.07  0.00 -4.23 0.502  00  +1E00AM000  1.000
LYS+1A0237_023  1.000-11.10  3.62  3.42  0.00 -4.05 0.502  00  +1E023M000  1.000
LYS+1A0237_024  1.000 -8.64  2.57  2.21  0.00 -3.86 0.501  00  +1E046M000  1.000
LYS+1A0237_025  1.000-11.23  0.76  3.31  0.00 -7.15 0.501  00  +1E074M000  1.000
LYS+1A0237_026  1.000-10.76  0.31  1.60  0.00 -8.86 0.502  00  +1E083M000  1.000
LYS+1A0237_027  1.000-11.17  1.53  4.39  0.00 -5.25 0.501  00  +1E088M000  1.000
LYS+1A0237_028  1.000 -9.72  0.64  6.17  0.00 -2.91 0.501  00  +1E0E8M000  1.000
LYS+1A0237_029  1.000-11.20  1.86  4.44  0.00 -4.89 0.502  00  +1E0FEM000  1.000
LYS+1A0237_030  1.000-10.41  1.06  3.85  0.00 -5.50 0.501  00  +1E104M000  1.000
LYS+1A0237_031  1.000 -7.69  1.19  2.19  0.00 -4.30 0.501  00  +1E127M000  1.000
LYS+1A0237_032  1.000-10.28  2.53  4.46  0.00 -3.28 0.501  00  +1E12AM000  1.000
LYS+1A0237_033  1.000-12.60  2.09  1.04  0.00 -9.47 0.501  00  +1T007M000  1.000
LYS+1A0237_034  1.000-11.46  3.76  3.89  0.00 -3.81 0.501  00  +1T01BM000  1.000
LYS+1A0237_035  1.000-11.09  3.69  3.97  0.00 -3.43 0.502  00  +1T021M000  1.000
LYS+1A0237_036  1.000-11.47  3.68  4.09  0.00 -3.71 0.502  00  +1T051M000  1.000
LYS+1A0237_037  1.000-10.73  2.68  4.33  0.00 -3.72 0.502  00  +1T08FM000  1.000
LYS+1A0237_038  1.000-10.08  3.59  3.89  0.00 -2.60 0.501  00  +1T0D3M000  1.000
LYS+1A0237_039  1.000-10.09  1.08  4.27  0.00 -4.74 0.501  00  +1T0D7M000  1.000
LYS+1A0237_040  1.000 -7.73  1.29  4.66  0.00 -1.78 0.502  00  +1T168M000  1.000
