iConf CONFORMER     FL  occ    crg   Em0  pKa0 ne nH    vdw0    vdw1    tors    epol   dsolv   extra    history
00001 LYS01A0237_001 f 0.00  0.000     0  0.00  0  0 -12.298   0.301   0.975  -0.008  -0.007   0.000 01O000M000t
00002 LYS01A0237_002 f 0.00  0.000     0  0.00  0  0 -11.044   3.726   3.972  -0.010  -0.044   0.000 01E021M000t
00003 LYS01A0237_003 f 0.00  0.000     0  0.00  0  0 -11.000   3.665   3.416  -0.018  -0.050   0.000 01E023M000t
00004 LYS01A0237_004 f 0.00  0.000     0  0.00  0  0 -11.195   0.816   3.315  -0.011   0.058   0.000 01E074M000t
00005 LYS01A0237_005 f 0.00  0.000     0  0.00  0  0 -10.648   0.361   1.593  -0.016   0.104   0.000 01E083M000t
00006 LYS01A0237_006 f 0.00  0.000     0  0.00  0  0 -10.709   2.714   4.324  -0.025   0.028   0.000 01E08FM000t
00007 LYS01A0237_007 f 0.00  0.000     0  0.00  0  0 -11.144   1.920   4.438  -0.011   0.016   0.000 01E0FEM000t
00008 LYS01A0237_008 f 0.00  0.000     0  0.00  0  0  -7.747   1.189   2.190  -0.044   0.123   0.000 01E127M000t
00009 LYS01A0237_009 f 0.00  0.000     0  0.00  0  0 -10.151   2.486   4.464  -0.093  -0.059   0.000 01E12AM000t
00010 LYS01A0237_010 f 0.00  0.000     0  0.00  0  0  -7.586   1.328   4.665  -0.039   0.218   0.000 01E168M000t
00011 LYS01A0237_011 f 0.00  0.000     0  0.00  0  0 -12.502   2.127   1.032  -0.016   0.037   0.000 01T007M000t
00012 LYS01A0237_012 f 0.00  0.000     0  0.00  0  0 -12.202   6.770   1.072  -0.046  -0.078   0.000 01T00AM000t
00013 LYS01A0237_013 f 0.00  0.000     0  0.00  0  0 -11.416   3.807   3.894  -0.009  -0.023   0.000 01T01BM000t
00014 LYS01A0237_014 f 0.00  0.000     0  0.00  0  0  -8.581   2.643   2.205  -0.021  -0.008   0.000 01T046M000t
00015 LYS01A0237_015 f 0.00  0.000     0  0.00  0  0 -11.270   3.558   4.090  -0.006  -0.039   0.000 01T051M000t
00016 LYS01A0237_016 f 0.00  0.000     0  0.00  0  0 -11.043   1.537   4.383  -0.013  -0.044   0.000 01T088M000t
00017 LYS01A0237_017 f 0.00  0.000     0  0.00  0  0  -9.963   3.662   3.877  -0.028  -0.023   0.000 01T0D3M000t
00018 LYS01A0237_018 f 0.00  0.000     0  0.00  0  0 -10.026   1.183   4.267  -0.009   0.094   0.000 01T0D7M000t
00019 LYS01A0237_019 f 0.00  0.000     0  0.00  0  0  -9.593   0.694   6.161  -0.019  -0.026   0.000 01T0E8M000t
00020 LYS01A0237_020 f 0.00  0.000     0  0.00  0  0 -10.347   1.088   3.826  -0.106   0.069   0.000 01T104M000t
00021 LYS+1A0237_021 f 0.00  1.000     0 10.40  0  1 -12.342   0.301   0.975   0.042  -0.209   0.000 +1O000M000t
00022 LYS+1A0237_022 f 0.00  1.000     0 10.40  0  1 -12.251   6.950   1.066   0.139  -0.229   0.000 +1E00AM000t
00023 LYS+1A0237_023 f 0.00  1.000     0 10.40  0  1 -11.092   3.675   3.421   0.086  -0.218   0.000 +1E023M000t
00024 LYS+1A0237_024 f 0.00  1.000     0 10.40  0  1  -8.660   2.636   2.206   0.106  -0.126   0.000 +1E046M000t
00025 LYS+1A0237_025 f 0.00  1.000     0 10.40  0  1 -11.227   0.813   3.315   0.044   0.008   0.000 +1E074M000t
00026 LYS+1A0237_026 f 0.00  1.000     0 10.40  0  1 -10.767   0.353   1.597   0.113   0.010   0.000 +1E083M000t
00027 LYS+1A0237_027 f 0.00  1.000     0 10.40  0  1 -11.165   1.536   4.386   0.062  -0.282   0.000 +1E088M000t
00028 LYS+1A0237_028 f 0.00  1.000     0 10.40  0  1  -9.712   0.692   6.170   0.100  -0.353   0.000 +1E0E8M000t
00029 LYS+1A0237_029 f 0.00  1.000     0 10.40  0  1 -11.198   1.906   4.440   0.053  -0.240   0.000 +1E0FEM000t
00030 LYS+1A0237_030 f 0.00  1.000     0 10.40  0  1 -10.409   1.108   3.850   0.077   0.444   0.000 +1E104M000t
00031 LYS+1A0237_031 f 0.00  1.000     0 10.40  0  1  -7.693   1.194   2.194   0.191  -0.165   0.000 +1E127M000t
00032 LYS+1A0237_032 f 0.00  1.000     0 10.40  0  1 -10.283   2.535   4.458   0.333  -0.110   0.000 +1E12AM000t
00033 LYS+1A0237_033 f 0.00  1.000     0 10.40  0  1 -12.598   2.138   1.037   0.050  -0.213   0.000 +1T007M000t
00034 LYS+1A0237_034 f 0.00  1.000     0 10.40  0  1 -11.464   3.800   3.895   0.050  -0.208   0.000 +1T01BM000t
00035 LYS+1A0237_035 f 0.00  1.000     0 10.40  0  1 -11.093   3.736   3.975   0.044  -0.391   0.000 +1T021M000t
00036 LYS+1A0237_036 f 0.00  1.000     0 10.40  0  1 -11.471   3.682   4.090  -0.042  -0.442   0.000 +1T051M000t
00037 LYS+1A0237_037 f 0.00  1.000     0 10.40  0  1 -10.730   2.745   4.328   0.012  -0.204   0.000 +1T08FM000t
00038 LYS+1A0237_038 f 0.00  1.000     0 10.40  0  1 -10.127   3.650   3.888   0.097  -0.062   0.000 +1T0D3M000t
00039 LYS+1A0237_039 f 0.00  1.000     0 10.40  0  1 -10.089   1.197   4.270   0.046  -0.460   0.000 +1T0D7M000t
00040 LYS+1A0237_040 f 0.00  1.000     0 10.40  0  1  -7.730   1.289   4.665   0.191   0.577   0.000 +1T168M000t
