   confID        vdw0    sas     sum
LYS01A0237_001   0.493 -12.791 -12.298
LYS01A0237_002   1.487 -12.531 -11.044
LYS01A0237_003   1.418 -12.418 -11.000
LYS01A0237_004   1.295 -12.490 -11.195
LYS01A0237_005   1.900 -12.548 -10.648
LYS01A0237_006   1.609 -12.319 -10.709
LYS01A0237_007   2.137 -13.281 -11.144
LYS01A0237_008   4.669 -12.416  -7.747
LYS01A0237_009   2.261 -12.412 -10.151
LYS01A0237_010   4.660 -12.247  -7.586
LYS01A0237_011   0.370 -12.871 -12.502
LYS01A0237_012   0.377 -12.579 -12.202
LYS01A0237_013   1.494 -12.910 -11.416
LYS01A0237_014   3.862 -12.444  -8.581
LYS01A0237_015   1.331 -12.601 -11.270
LYS01A0237_016   1.616 -12.659 -11.043
LYS01A0237_017   2.270 -12.232  -9.963
LYS01A0237_018   2.228 -12.254 -10.026
LYS01A0237_019   2.349 -11.942  -9.593
LYS01A0237_020   2.179 -12.526 -10.347
LYS+1A0237_021   0.449 -12.791 -12.342
LYS+1A0237_022   0.327 -12.579 -12.251
LYS+1A0237_023   1.351 -12.443 -11.092
LYS+1A0237_024   3.784 -12.444  -8.660
LYS+1A0237_025   1.211 -12.438 -11.227
LYS+1A0237_026   1.819 -12.587 -10.767
LYS+1A0237_027   1.561 -12.727 -11.165
LYS+1A0237_028   2.230 -11.942  -9.712
LYS+1A0237_029   2.082 -13.281 -11.198
LYS+1A0237_030   2.050 -12.459 -10.409
LYS+1A0237_031   4.620 -12.313  -7.693
LYS+1A0237_032   2.196 -12.479 -10.283
LYS+1A0237_033   0.325 -12.923 -12.598
LYS+1A0237_034   1.446 -12.910 -11.464
LYS+1A0237_035   1.438 -12.531 -11.093
LYS+1A0237_036   1.285 -12.756 -11.471
LYS+1A0237_037   1.563 -12.293 -10.730
LYS+1A0237_038   2.208 -12.335 -10.127
LYS+1A0237_039   2.165 -12.254 -10.089
LYS+1A0237_040   4.568 -12.298  -7.730
