iConf CONFORMER     FL  occ    crg   Em0  pKa0 ne nH    vdw0    vdw1    tors    epol   dsolv   extra    history
00001 TYR01A0145_001 f 0.00  0.000     0  0.00  0  0 -10.786   0.531   1.484   0.150  -0.168   0.000 01O000M000t
00002 TYR01A0145_002 f 0.00  0.000     0  0.00  0  0 -10.179   0.240   1.265   0.218  -0.179   0.000 01E001M000t
00003 TYR01A0145_003 f 0.00  0.000     0  0.00  0  0  -9.796   3.034   1.267   0.363  -0.015   0.000 01E00FM000t
00004 TYR01A0145_004 f 0.00  0.000     0  0.00  0  0 -10.964   2.655   1.387   0.274  -0.185   0.000 01T008M000t
00005 TYR01A0145_005 f 0.00  0.000     0  0.00  0  0 -10.990   3.678   1.212   0.225   0.023   0.000 01T00CM000t
00006 TYR01A0145_006 f 0.00  0.000     0  0.00  0  0 -10.349   5.423   1.438   0.297   0.039   0.000 01T010M000t
00007 TYR01A0145_007 f 0.00  0.000     0  0.00  0  0 -10.049   4.257   1.279   0.406  -0.081   0.000 01T003M000t
00008 TYR01A0145_008 f 0.00  0.000     0  0.00  0  0  -9.970   6.465   1.426   0.358   0.032   0.000 01T004M000t
00009 TYR01A0145_009 f 0.00  0.000     0  0.00  0  0 -11.340   1.806   1.253  -0.060   0.012   0.000 01T005M000t
00010 TYR01A0145_010 f 0.00  0.000     0  0.00  0  0 -10.868   4.249   1.213   0.272  -0.205   0.000 01T00AM000t
00011 TYR01A0145_011 f 0.00  0.000     0  0.00  0  0 -10.527   0.189   1.265   0.233  -0.074   0.000 01T00BM000t
00012 TYR01A0145_012 f 0.00  0.000     0  0.00  0  0 -10.018   3.335   1.436   0.213  -0.026   0.000 01T00EM000t
00013 TYR01A0145_013 f 0.00  0.000     0  0.00  0  0 -10.546   3.850   1.418   0.201  -0.027   0.000 01T002M000t
00014 TYR01A0145_014 f 0.00  0.000     0  0.00  0  0 -10.232   3.066   1.383   0.261  -0.038   0.000 01T006M000t
00015 TYR01A0145_015 f 0.00  0.000     0  0.00  0  0 -10.678   0.504   1.430   0.154  -0.263   0.000 01T007M000t
00016 TYR01A0145_016 f 0.00  0.000     0  0.00  0  0 -10.765   4.315   1.210   0.227  -0.173   0.000 01T009M000t
00017 TYR01A0145_017 f 0.00  0.000     0  0.00  0  0 -10.157   4.655   1.201   0.265  -0.053   0.000 01T00DM000t
00018 TYR01A0145_018 f 0.00  0.000     0  0.00  0  0 -10.235   1.521   1.265   0.007   0.025   0.000 01T011M000t
00019 TYR-1A0145_019 f 0.00 -1.000     0 10.20  0 -1 -10.786   0.531   1.484  -0.096  -1.075   0.000 -1O000M000t
00020 TYR-1A0145_020 f 0.00 -1.000     0 10.20  0 -1 -10.160   0.243   1.256   0.053  -0.888   0.000 -1E001M000t
00021 TYR-1A0145_021 f 0.00 -1.000     0 10.20  0 -1 -11.060   1.804   1.239  -0.386  -0.668   0.000 -1E005M000t
00022 TYR-1A0145_022 f 0.00 -1.000     0 10.20  0 -1 -11.066   2.732   1.372   0.021  -0.956   0.000 -1E008M000t
00023 TYR-1A0145_023 f 0.00 -1.000     0 10.20  0 -1 -10.675   4.249   1.204   0.097  -1.093   0.000 -1E00AM000t
00024 TYR-1A0145_024 f 0.00 -1.000     0 10.20  0 -1 -10.535   0.187   1.256   0.061  -0.938   0.000 -1E00BM000t
00025 TYR-1A0145_025 f 0.00 -1.000     0 10.20  0 -1 -10.229   4.655   1.188   0.085  -0.915   0.000 -1E00DM000t
00026 TYR-1A0145_026 f 0.00 -1.000     0 10.20  0 -1 -10.317   3.327   1.422   0.103  -0.609   0.000 -1E00EM000t
00027 TYR-1A0145_027 f 0.00 -1.000     0 10.20  0 -1 -10.119   1.498   1.250  -0.304  -0.916   0.000 -1E011M000t
00028 TYR-1A0145_028 f 0.00 -1.000     0 10.20  0 -1 -10.600   3.832   1.406   0.068  -0.725   0.000 -1T002M000t
00029 TYR-1A0145_029 f 0.00 -1.000     0 10.20  0 -1 -10.048   4.256   1.272   0.544  -0.602   0.000 -1T003M000t
00030 TYR-1A0145_030 f 0.00 -1.000     0 10.20  0 -1  -9.994   6.451   1.416   0.402  -0.478   0.000 -1T004M000t
00031 TYR-1A0145_031 f 0.00 -1.000     0 10.20  0 -1 -10.386   3.061   1.365  -0.011  -0.883   0.000 -1T006M000t
00032 TYR-1A0145_032 f 0.00 -1.000     0 10.20  0 -1 -10.555   0.494   1.422  -0.068  -1.194   0.000 -1T007M000t
00033 TYR-1A0145_033 f 0.00 -1.000     0 10.20  0 -1 -10.767   4.337   1.197   0.041  -1.070   0.000 -1T009M000t
00034 TYR-1A0145_034 f 0.00 -1.000     0 10.20  0 -1 -10.988   3.624   1.195   0.051  -0.906   0.000 -1T00CM000t
00035 TYR-1A0145_035 f 0.00 -1.000     0 10.20  0 -1  -9.778   2.971   1.257   0.472  -0.814   0.000 -1T00FM000t
00036 TYR-1A0145_036 f 0.00 -1.000     0 10.20  0 -1 -10.355   5.429   1.429   0.287  -0.484   0.000 -1T010M000t
