CONFORMER         crg  vdw0  vdw1  tors  epol  self   occ  Hb     history    ASA
TYR01A0145_001  0.000-10.79  0.53  1.48  0.00 -8.77 0.524  00  01O000M000  1.000
TYR01A0145_002  0.000-10.18  0.24  1.26  0.00 -8.67 0.527  00  01E001M000  1.000
TYR01A0145_003  0.000 -9.79  3.04  1.27  0.00 -5.49 0.528  00  01E00FM000  1.000
TYR01A0145_004  0.000-10.97  2.66  1.39  0.00 -6.92 0.528  00  01T008M000  1.000
TYR01A0145_005  0.000-10.99  3.68  1.21  0.00 -6.11 0.528  00  01T00CM000  1.000
TYR01A0145_006  0.000-10.42  5.43  1.44  0.00 -3.55 0.529  00  01T010M000  1.000
TYR01A0145_007  0.000-10.06  4.25  1.28  0.00 -4.52 0.528  00  01T003M000  1.000
TYR01A0145_008  0.000 -9.97  6.47  1.43  0.00 -2.08 0.527  00  01T004M000  1.000
TYR01A0145_009  0.000-11.35  1.81  1.25  0.00 -8.28 0.527  00  01T005M000  1.000
TYR01A0145_010  0.000-10.87  4.25  1.21  0.00 -5.41 0.524  00  01T00AM000  1.000
TYR01A0145_011  0.000-10.52  0.19  1.26  0.00 -9.07 0.527  00  01T00BM000  1.000
TYR01A0145_012  0.000-10.01  3.34  1.43  0.00 -5.24 0.526  00  01T00EM000  1.000
TYR01A0145_013  0.000-10.55  3.86  1.42  0.00 -5.27 0.532  00  01T002M000  1.000
TYR01A0145_014  0.000-10.26  3.06  1.38  0.00 -5.81 0.530  00  01T006M000  1.000
TYR01A0145_015  0.000-10.67  0.50  1.43  0.00 -8.74 0.526  00  01T007M000  1.000
TYR01A0145_016  0.000-10.76  4.32  1.21  0.00 -5.24 0.528  00  01T009M000  1.000
TYR01A0145_017  0.000-10.16  4.66  1.20  0.00 -4.31 0.530  00  01T00DM000  1.000
TYR01A0145_018  0.000-10.23  1.51  1.26  0.00 -7.45 0.530  00  01T011M000  1.000
TYR-1A0145_019 -1.000-10.79  0.53  1.48  0.00 -8.77 0.524  00  -1O000M000  1.000
TYR-1A0145_020 -1.000-10.23  0.24  1.25  0.00 -8.73 0.527  00  -1E001M000  1.000
TYR-1A0145_021 -1.000-11.06  1.80  1.24  0.00 -8.02 0.527  00  -1E005M000  1.000
TYR-1A0145_022 -1.000-11.07  2.73  1.37  0.00 -6.96 0.528  00  -1E008M000  1.000
TYR-1A0145_023 -1.000-10.68  4.25  1.20  0.00 -5.22 0.524  00  -1E00AM000  1.000
TYR-1A0145_024 -1.000-10.59  0.19  1.25  0.00 -9.14 0.527  00  -1E00BM000  1.000
TYR-1A0145_025 -1.000-10.24  4.65  1.19  0.00 -4.40 0.530  00  -1E00DM000  1.000
TYR-1A0145_026 -1.000-10.32  3.32  1.42  0.00 -5.58 0.526  00  -1E00EM000  1.000
TYR-1A0145_027 -1.000-10.13  1.50  1.25  0.00 -7.38 0.530  00  -1E011M000  1.000
TYR-1A0145_028 -1.000-10.47  3.83  1.41  0.00 -5.23 0.532  00  -1T002M000  1.000
TYR-1A0145_029 -1.000-10.06  4.25  1.27  0.00 -4.53 0.528  00  -1T003M000  1.000
TYR-1A0145_030 -1.000 -9.99  6.45  1.42  0.00 -2.12 0.527  00  -1T004M000  1.000
TYR-1A0145_031 -1.000-10.39  3.06  1.36  0.00 -5.97 0.530  00  -1T006M000  1.000
TYR-1A0145_032 -1.000-10.55  0.49  1.42  0.00 -8.64 0.526  00  -1T007M000  1.000
TYR-1A0145_033 -1.000-10.76  4.34  1.20  0.00 -5.23 0.528  00  -1T009M000  1.000
TYR-1A0145_034 -1.000-11.06  3.62  1.19  0.00 -6.24 0.528  00  -1T00CM000  1.000
TYR-1A0145_035 -1.000 -9.78  2.97  1.26  0.00 -5.55 0.528  00  -1T00FM000  1.000
TYR-1A0145_036 -1.000-10.35  5.42  1.43  0.00 -3.50 0.529  00  -1T010M000  1.000
