   confID        vdw0    sas     sum
TYR01A0145_001   3.925 -14.711 -10.786
TYR01A0145_002   3.923 -14.102 -10.179
TYR01A0145_003   4.034 -13.830  -9.796
TYR01A0145_004   3.760 -14.724 -10.964
TYR01A0145_005   3.784 -14.774 -10.990
TYR01A0145_006   4.034 -14.383 -10.349
TYR01A0145_007   3.935 -13.984 -10.049
TYR01A0145_008   3.931 -13.901  -9.970
TYR01A0145_009   3.938 -15.279 -11.340
TYR01A0145_010   3.673 -14.541 -10.868
TYR01A0145_011   4.005 -14.532 -10.527
TYR01A0145_012   4.019 -14.037 -10.018
TYR01A0145_013   3.931 -14.477 -10.546
TYR01A0145_014   3.763 -13.995 -10.232
TYR01A0145_015   4.011 -14.689 -10.678
TYR01A0145_016   3.813 -14.578 -10.765
TYR01A0145_017   3.684 -13.840 -10.157
TYR01A0145_018   4.021 -14.256 -10.235
TYR-1A0145_019   3.925 -14.711 -10.786
TYR-1A0145_020   3.924 -14.085 -10.160
TYR-1A0145_021   3.931 -14.991 -11.060
TYR-1A0145_022   3.760 -14.826 -11.066
TYR-1A0145_023   3.672 -14.347 -10.675
TYR-1A0145_024   4.014 -14.549 -10.535
TYR-1A0145_025   3.695 -13.924 -10.229
TYR-1A0145_026   4.025 -14.341 -10.317
TYR-1A0145_027   4.028 -14.147 -10.119
TYR-1A0145_028   3.928 -14.528 -10.600
TYR-1A0145_029   3.936 -13.984 -10.048
TYR-1A0145_030   3.924 -13.918  -9.994
TYR-1A0145_031   3.763 -14.149 -10.386
TYR-1A0145_032   4.016 -14.571 -10.555
TYR-1A0145_033   3.812 -14.578 -10.767
TYR-1A0145_034   3.786 -14.774 -10.988
TYR-1A0145_035   4.035 -13.812  -9.778
TYR-1A0145_036   4.028 -14.383 -10.355
