CONFORMER         crg  vdw0  vdw1  tors  epol  self   occ  Hb     history    ASA
ARG01A0207_001  0.000-13.76  0.16  0.44  0.00-13.16 0.502  00  01O000M000  1.000
ARG01A0207_002  0.000-12.49  0.48  3.22  0.00 -8.79 0.502  00  01E023M000  1.000
ARG01A0207_003  0.000-11.83  1.39  1.07  0.00 -9.38 0.501  00  01E03EM000  1.000
ARG01A0207_004  0.000-12.91  0.69  0.52  0.00-11.71 0.501  00  01E046M000  1.000
ARG01A0207_005  0.000-12.00  0.44  1.05  0.00-10.51 0.502  00  01E049M000  1.000
ARG01A0207_006  0.000-11.78  0.66  1.06  0.00-10.07 0.501  00  01E04AM000  1.000
ARG01A0207_007  0.000-10.58  3.18  3.17  0.00 -4.23 0.501  00  01E05BM000  1.000
ARG01A0207_008  0.000-12.34  3.22  3.14  0.00 -5.98 0.501  00  01E05CM000  1.000
ARG01A0207_009  0.000-11.17  1.02  3.22  0.00 -6.93 0.502  00  01E0AFM000  1.000
ARG01A0207_010  0.000-10.98  0.36  1.08  0.00 -9.55 0.501  00  01E0E2M000  1.000
ARG01A0207_011  0.000-11.43  1.33  3.31  0.00 -6.80 0.501  00  01E0EBM000  1.000
ARG01A0207_012  0.000 -9.39  0.33  1.07  0.00 -7.98 0.501  00  01E120M000  1.000
ARG01A0207_013  0.000-10.90  1.38  3.79  0.00 -5.74 0.502  00  01E142M000  1.000
ARG01A0207_014  0.000-13.67  1.18  3.14  0.00 -9.35 0.502  00  01T005M000  1.000
ARG01A0207_015  0.000-13.20  1.89  3.80  0.00 -7.50 0.501  00  01T00FM000  1.000
ARG01A0207_016  0.000-10.49  0.31  3.87  0.00 -6.31 0.501  00  01T02FM000  1.000
ARG01A0207_017  0.000-13.00  1.51  6.06  0.00 -5.43 0.501  00  01T053M000  1.000
ARG01A0207_018  0.000-11.58  1.88  3.78  0.00 -5.93 0.501  00  01T09AM000  1.000
ARG01A0207_019  0.000-11.74  1.30  3.28  0.00 -7.16 0.501  00  01T0EEM000  1.000
ARG01A0207_020  0.000-11.61  1.10  3.26  0.00 -7.25 0.501  00  01T14FM000  1.000
ARG02A0207_021  0.000-12.59  0.47  3.21  0.00 -8.91 0.502  00  02E023M000  1.000
ARG02A0207_022  0.000-10.55  0.30  3.88  0.00 -6.37 0.501  00  02E02FM000  1.000
ARG02A0207_023  0.000-13.74  0.16  0.44  0.00-13.14 0.502  00  02O000M000  1.000
ARG02A0207_024  0.000-12.98  1.51  6.06  0.00 -5.42 0.501  00  02E053M000  1.000
ARG02A0207_025  0.000-10.94  3.16  3.18  0.00 -4.60 0.501  00  02E05BM000  1.000
ARG02A0207_026  0.000-11.72  1.37  3.28  0.00 -7.06 0.501  00  02E0EBM000  1.000
ARG02A0207_027  0.000-12.82  0.68  0.52  0.00-11.62 0.501  00  02T046M000  1.000
ARG02A0207_028  0.000-11.92  0.64  1.05  0.00-10.23 0.501  00  02T04AM000  1.000
ARG02A0207_029  0.000-12.37  3.22  3.14  0.00 -6.00 0.501  00  02T05CM000  1.000
ARG02A0207_030  0.000-12.19  0.39  1.05  0.00-10.75 0.502  00  02T049M000  1.000
ARG02A0207_031  0.000 -9.64  0.32  1.07  0.00 -8.24 0.501  00  02T120M000  1.000
ARG02A0207_032  0.000-13.18  1.89  3.80  0.00 -7.48 0.501  00  02T00FM000  1.000
ARG02A0207_033  0.000-11.93  1.40  1.06  0.00 -9.48 0.501  00  02T03EM000  1.000
ARG02A0207_034  0.000-11.08  0.35  1.08  0.00 -9.65 0.501  00  02T0E2M000  1.000
ARG02A0207_035  0.000-11.67  1.32  3.28  0.00 -7.08 0.501  00  02T0EEM000  1.000
ARG02A0207_036  0.000-10.93  1.33  3.79  0.00 -5.80 0.502  00  02T142M000  1.000
ARG02A0207_037  0.000-11.52  1.11  3.26  0.00 -7.15 0.501  00  02T14FM000  1.000
ARG02A0207_038  0.000-13.40  1.18  3.14  0.00 -9.08 0.502  00  02T005M000  1.000
ARG02A0207_039  0.000-11.57  1.88  3.77  0.00 -5.92 0.501  00  02T09AM000  1.000
ARG02A0207_040  0.000-11.17  1.02  3.22  0.00 -6.93 0.502  00  02T0AFM000  1.000
ARG03A0207_041  0.000-13.31  1.89  3.80  0.00 -7.62 0.501  00  03E00FM000  1.000
ARG03A0207_042  0.000-12.96  0.68  0.52  0.00-11.76 0.501  00  03E046M000  1.000
ARG03A0207_043  0.000-11.63  1.39  3.28  0.00 -6.95 0.501  00  03E0EBM000  1.000
ARG03A0207_044  0.000-13.80  0.16  0.44  0.00-13.20 0.502  00  03O000M000  1.000
ARG03A0207_045  0.000-11.83  0.64  1.05  0.00-10.14 0.501  00  03E04AM000  1.000
ARG03A0207_046  0.000-10.96  1.33  3.79  0.00 -5.83 0.502  00  03E142M000  1.000
ARG03A0207_047  0.000-13.59  1.18  3.14  0.00 -9.27 0.502  00  03T005M000  1.000
ARG03A0207_048  0.000-12.37  3.23  3.14  0.00 -6.00 0.501  00  03T05CM000  1.000
ARG03A0207_049  0.000-12.06  0.39  1.05  0.00-10.61 0.502  00  03T049M000  1.000
ARG03A0207_050  0.000-12.92  1.51  6.06  0.00 -5.35 0.501  00  03T053M000  1.000
ARG03A0207_051  0.000-12.48  0.47  3.21  0.00 -8.79 0.502  00  03T023M000  1.000
ARG03A0207_052  0.000-10.49  0.30  3.87  0.00 -6.31 0.501  00  03T02FM000  1.000
ARG03A0207_053  0.000-11.98  1.40  1.06  0.00 -9.52 0.501  00  03T03EM000  1.000
ARG03A0207_054  0.000-10.59  3.16  3.17  0.00 -4.25 0.501  00  03T05BM000  1.000
ARG03A0207_055  0.000-11.61  1.88  3.77  0.00 -5.96 0.501  00  03T09AM000  1.000
ARG03A0207_056  0.000-11.27  1.02  3.22  0.00 -7.02 0.502  00  03T0AFM000  1.000
ARG03A0207_057  0.000-11.04  0.35  1.08  0.00 -9.62 0.501  00  03T0E2M000  1.000
ARG03A0207_058  0.000-11.71  1.32  3.28  0.00 -7.11 0.501  00  03T0EEM000  1.000
ARG03A0207_059  0.000 -9.23  0.31  1.07  0.00 -7.86 0.501  00  03T120M000  1.000
ARG03A0207_060  0.000-11.51  1.08  3.26  0.00 -7.17 0.501  00  03T14FM000  1.000
ARG+1A0207_061  1.000-13.84  0.16  0.44  0.00-13.24 0.502  00  +1O000M000  1.000
ARG+1A0207_062  1.000-13.50  1.18  3.14  0.00 -9.19 0.502  00  +1E005M000  1.000
ARG+1A0207_063  1.000-12.57  0.47  3.21  0.00 -8.88 0.502  00  +1E023M000  1.000
ARG+1A0207_064  1.000-12.04  1.40  1.06  0.00 -9.59 0.501  00  +1E03EM000  1.000
ARG+1A0207_065  1.000-12.93  0.68  0.52  0.00-11.73 0.501  00  +1E046M000  1.000
ARG+1A0207_066  1.000-10.54  3.16  3.17  0.00 -4.21 0.501  00  +1E05BM000  1.000
ARG+1A0207_067  1.000-12.41  3.22  3.14  0.00 -6.05 0.501  00  +1E05CM000  1.000
ARG+1A0207_068  1.000-11.25  1.02  3.22  0.00 -7.01 0.502  00  +1E0AFM000  1.000
ARG+1A0207_069  1.000-11.81  1.30  3.28  0.00 -7.22 0.501  00  +1E0EEM000  1.000
ARG+1A0207_070  1.000 -9.34  0.31  1.07  0.00 -7.97 0.501  00  +1E120M000  1.000
ARG+1A0207_071  1.000-13.28  1.89  3.80  0.00 -7.59 0.501  00  +1T00FM000  1.000
ARG+1A0207_072  1.000-10.60  0.30  3.88  0.00 -6.42 0.501  00  +1T02FM000  1.000
ARG+1A0207_073  1.000-12.16  0.39  1.05  0.00-10.72 0.502  00  +1T049M000  1.000
ARG+1A0207_074  1.000-11.89  0.64  1.05  0.00-10.20 0.501  00  +1T04AM000  1.000
ARG+1A0207_075  1.000-13.03  1.50  6.06  0.00 -5.47 0.501  00  +1T053M000  1.000
ARG+1A0207_076  1.000-11.65  1.88  3.77  0.00 -6.00 0.501  00  +1T09AM000  1.000
ARG+1A0207_077  1.000-11.15  0.35  1.08  0.00 -9.73 0.501  00  +1T0E2M000  1.000
ARG+1A0207_078  1.000-11.66  1.38  3.28  0.00 -7.00 0.501  00  +1T0EBM000  1.000
ARG+1A0207_079  1.000-11.01  1.33  3.79  0.00 -5.88 0.502  00  +1T142M000  1.000
ARG+1A0207_080  1.000-11.61  1.07  3.26  0.00 -7.28 0.501  00  +1T14FM000  1.000
