iConf CONFORMER     FL  occ    crg   Em0  pKa0 ne nH    vdw0    vdw1    tors    epol   dsolv   extra    history
00001 ARG01A0207_001 f 0.00  0.000     0  0.00  0  0 -13.762   0.262   0.441   0.019  -0.300   0.000 01O000M000t
00002 ARG01A0207_002 f 0.00  0.000     0  0.00  0  0 -12.490   0.599   3.218   0.028  -0.032   0.000 01E023M000t
00003 ARG01A0207_003 f 0.00  0.000     0  0.00  0  0 -11.831   1.392   1.069  -0.023  -0.269   0.000 01E03EM000t
00004 ARG01A0207_004 f 0.00  0.000     0  0.00  0  0 -12.908   0.751   0.517   0.079  -0.068   0.000 01E046M000t
00005 ARG01A0207_005 f 0.00  0.000     0  0.00  0  0 -11.992   0.501   1.055  -0.053  -0.058   0.000 01E049M000t
00006 ARG01A0207_006 f 0.00  0.000     0  0.00  0  0 -11.785   0.719   1.062   0.033  -0.016   0.000 01E04AM000t
00007 ARG01A0207_007 f 0.00  0.000     0  0.00  0  0 -10.591   3.233   3.173   0.050  -0.023   0.000 01E05BM000t
00008 ARG01A0207_008 f 0.00  0.000     0  0.00  0  0 -12.338   3.288   3.139   0.019  -0.268   0.000 01E05CM000t
00009 ARG01A0207_009 f 0.00  0.000     0  0.00  0  0 -11.174   1.076   3.222   0.029  -0.071   0.000 01E0AFM000t
00010 ARG01A0207_010 f 0.00  0.000     0  0.00  0  0 -10.977   0.407   1.076   0.012  -0.353   0.000 01E0E2M000t
00011 ARG01A0207_011 f 0.00  0.000     0  0.00  0  0 -11.433   1.376   3.304   0.077  -0.041   0.000 01E0EBM000t
00012 ARG01A0207_012 f 0.00  0.000     0  0.00  0  0  -9.396   0.399   1.075   0.098   0.139   0.000 01E120M000t
00013 ARG01A0207_013 f 0.00  0.000     0  0.00  0  0 -10.901   1.369   3.794  -0.194   0.024   0.000 01E142M000t
00014 ARG01A0207_014 f 0.00  0.000     0  0.00  0  0 -13.668   1.230   3.138   0.022  -0.059   0.000 01T005M000t
00015 ARG01A0207_015 f 0.00  0.000     0  0.00  0  0 -13.205   1.890   3.803   0.055  -0.115   0.000 01T00FM000t
00016 ARG01A0207_016 f 0.00  0.000     0  0.00  0  0 -10.490   0.362   3.875   0.001  -0.335   0.000 01T02FM000t
00017 ARG01A0207_017 f 0.00  0.000     0  0.00  0  0 -12.998   1.506   6.057   0.084  -0.332   0.000 01T053M000t
00018 ARG01A0207_018 f 0.00  0.000     0  0.00  0  0 -11.585   1.875   3.778   0.040  -0.257   0.000 01T09AM000t
00019 ARG01A0207_019 f 0.00  0.000     0  0.00  0  0 -11.790   1.343   3.285   0.104  -0.060   0.000 01T0EEM000t
00020 ARG01A0207_020 f 0.00  0.000     0  0.00  0  0 -11.607   1.098   3.260  -0.198   0.034   0.000 01T14FM000t
00021 ARG02A0207_021 f 0.00  0.000     0  0.00  0  0 -12.512   0.592   3.208   0.050   1.022   0.000 02E023M000t
00022 ARG02A0207_022 f 0.00  0.000     0  0.00  0  0 -10.612   0.348   3.876   0.033   1.045   0.000 02E02FM000t
00023 ARG02A0207_023 f 0.00  0.000     0  0.00  0  0 -13.740   0.260   0.441   0.031   0.473   0.000 02O000M000t
00024 ARG02A0207_024 f 0.00  0.000     0  0.00  0  0 -12.982   1.510   6.057   0.055   0.639   0.000 02E053M000t
00025 ARG02A0207_025 f 0.00  0.000     0  0.00  0  0 -10.939   3.217   3.176  -0.002   0.778   0.000 02E05BM000t
00026 ARG02A0207_026 f 0.00  0.000     0  0.00  0  0 -11.728   1.422   3.285   0.069   0.507   0.000 02E0EBM000t
00027 ARG02A0207_027 f 0.00  0.000     0  0.00  0  0 -12.814   0.743   0.519   0.109   1.009   0.000 02T046M000t
00028 ARG02A0207_028 f 0.00  0.000     0  0.00  0  0 -11.919   0.703   1.052   0.050   1.004   0.000 02T04AM000t
00029 ARG02A0207_029 f 0.00  0.000     0  0.00  0  0 -12.364   3.289   3.140   0.037   0.793   0.000 02T05CM000t
00030 ARG02A0207_030 f 0.00  0.000     0  0.00  0  0 -12.142   0.461   1.050   0.066   1.270   0.000 02T049M000t
00031 ARG02A0207_031 f 0.00  0.000     0  0.00  0  0  -9.640   0.389   1.069   0.064   1.231   0.000 02T120M000t
00032 ARG02A0207_032 f 0.00  0.000     0  0.00  0  0 -13.180   1.891   3.803   0.055   0.687   0.000 02T00FM000t
00033 ARG02A0207_033 f 0.00  0.000     0  0.00  0  0 -11.931   1.400   1.057   0.014   0.231   0.000 02T03EM000t
00034 ARG02A0207_034 f 0.00  0.000     0  0.00  0  0 -11.071   0.399   1.075   0.035   0.457   0.000 02T0E2M000t
00035 ARG02A0207_035 f 0.00  0.000     0  0.00  0  0 -11.667   1.364   3.282   0.041   0.814   0.000 02T0EEM000t
00036 ARG02A0207_036 f 0.00  0.000     0  0.00  0  0 -10.922   1.328   3.794   0.094   0.606   0.000 02T142M000t
00037 ARG02A0207_037 f 0.00  0.000     0  0.00  0  0 -11.529   1.109   3.261  -0.355   1.112   0.000 02T14FM000t
00038 ARG02A0207_038 f 0.00  0.000     0  0.00  0  0 -13.398   1.233   3.137   0.036   0.372   0.000 02T005M000t
00039 ARG02A0207_039 f 0.00  0.000     0  0.00  0  0 -11.575   1.879   3.773   0.019   0.757   0.000 02T09AM000t
00040 ARG02A0207_040 f 0.00  0.000     0  0.00  0  0 -11.172   1.074   3.222   0.036   0.740   0.000 02T0AFM000t
00041 ARG03A0207_041 f 0.00  0.000     0  0.00  0  0 -13.307   1.882   3.802   0.068   0.772   0.000 03E00FM000t
00042 ARG03A0207_042 f 0.00  0.000     0  0.00  0  0 -12.955   0.745   0.520   0.103   0.946   0.000 03E046M000t
00043 ARG03A0207_043 f 0.00  0.000     0  0.00  0  0 -11.631   1.445   3.285   0.082   0.727   0.000 03E0EBM000t
00044 ARG03A0207_044 f 0.00  0.000     0  0.00  0  0 -13.801   0.260   0.441   0.029   0.610   0.000 03O000M000t
00045 ARG03A0207_045 f 0.00  0.000     0  0.00  0  0 -11.837   0.706   1.052   0.048   0.708   0.000 03E04AM000t
00046 ARG03A0207_046 f 0.00  0.000     0  0.00  0  0 -10.969   1.334   3.794   0.077   0.750   0.000 03E142M000t
00047 ARG03A0207_047 f 0.00  0.000     0  0.00  0  0 -13.592   1.237   3.139   0.038   0.976   0.000 03T005M000t
00048 ARG03A0207_048 f 0.00  0.000     0  0.00  0  0 -12.368   3.288   3.140   0.037   0.838   0.000 03T05CM000t
00049 ARG03A0207_049 f 0.00  0.000     0  0.00  0  0 -12.062   0.461   1.051   0.062   1.128   0.000 03T049M000t
00050 ARG03A0207_050 f 0.00  0.000     0  0.00  0  0 -12.917   1.507   6.058   0.090   0.638   0.000 03T053M000t
00051 ARG03A0207_051 f 0.00  0.000     0  0.00  0  0 -12.471   0.592   3.213   0.043   0.702   0.000 03T023M000t
00052 ARG03A0207_052 f 0.00  0.000     0  0.00  0  0 -10.490   0.355   3.875   0.023   0.675   0.000 03T02FM000t
00053 ARG03A0207_053 f 0.00  0.000     0  0.00  0  0 -11.975   1.397   1.057  -0.003   0.817   0.000 03T03EM000t
00054 ARG03A0207_054 f 0.00  0.000     0  0.00  0  0 -10.586   3.218   3.172   0.042   0.817   0.000 03T05BM000t
00055 ARG03A0207_055 f 0.00  0.000     0  0.00  0  0 -11.607   1.875   3.775   0.039   0.558   0.000 03T09AM000t
00056 ARG03A0207_056 f 0.00  0.000     0  0.00  0  0 -11.277   1.078   3.222   0.038   0.802   0.000 03T0AFM000t
00057 ARG03A0207_057 f 0.00  0.000     0  0.00  0  0 -11.048   0.397   1.077   0.040   0.783   0.000 03T0E2M000t
00058 ARG03A0207_058 f 0.00  0.000     0  0.00  0  0 -11.714   1.365   3.283   0.106   0.989   0.000 03T0EEM000t
00059 ARG03A0207_059 f 0.00  0.000     0  0.00  0  0  -9.231   0.382   1.066   0.071   0.871   0.000 03T120M000t
00060 ARG03A0207_060 f 0.00  0.000     0  0.00  0  0 -11.501   1.074   3.261  -0.185   1.169   0.000 03T14FM000t
00061 ARG+1A0207_061 f 0.00  1.000     0 12.50  0  1 -13.844   0.260   0.441   0.105  -0.213   0.000 +1O000M000t
00062 ARG+1A0207_062 f 0.00  1.000     0 12.50  0  1 -13.502   1.231   3.138   0.128  -0.114   0.000 +1E005M000t
00063 ARG+1A0207_063 f 0.00  1.000     0 12.50  0  1 -12.565   0.591   3.210   0.165  -0.104   0.000 +1E023M000t
00064 ARG+1A0207_064 f 0.00  1.000     0 12.50  0  1 -12.046   1.397   1.057   0.118  -0.065   0.000 +1E03EM000t
00065 ARG+1A0207_065 f 0.00  1.000     0 12.50  0  1 -12.924   0.742   0.520   0.412  -0.143   0.000 +1E046M000t
00066 ARG+1A0207_066 f 0.00  1.000     0 12.50  0  1 -10.486   3.214   3.172   0.082  -0.143   0.000 +1E05BM000t
00067 ARG+1A0207_067 f 0.00  1.000     0 12.50  0  1 -12.409   3.283   3.140   0.060  -0.161   0.000 +1E05CM000t
00068 ARG+1A0207_068 f 0.00  1.000     0 12.50  0  1 -11.244   1.075   3.222   0.048  -0.165   0.000 +1E0AFM000t
00069 ARG+1A0207_069 f 0.00  1.000     0 12.50  0  1 -11.804   1.354   3.283   0.254   0.028   0.000 +1E0EEM000t
00070 ARG+1A0207_070 f 0.00  1.000     0 12.50  0  1  -9.364   0.376   1.066   0.205  -0.047   0.000 +1E120M000t
00071 ARG+1A0207_071 f 0.00  1.000     0 12.50  0  1 -13.282   1.894   3.803   0.187  -0.017   0.000 +1T00FM000t
00072 ARG+1A0207_072 f 0.00  1.000     0 12.50  0  1 -10.596   0.352   3.875   0.163  -0.043   0.000 +1T02FM000t
00073 ARG+1A0207_073 f 0.00  1.000     0 12.50  0  1 -12.120   0.458   1.051   0.322   0.322   0.000 +1T049M000t
00074 ARG+1A0207_074 f 0.00  1.000     0 12.50  0  1 -11.893   0.706   1.053   0.184  -0.059   0.000 +1T04AM000t
00075 ARG+1A0207_075 f 0.00  1.000     0 12.50  0  1 -13.033   1.505   6.058   0.221  -0.266   0.000 +1T053M000t
00076 ARG+1A0207_076 f 0.00  1.000     0 12.50  0  1 -11.646   1.876   3.773   0.149  -0.202   0.000 +1T09AM000t
00077 ARG+1A0207_077 f 0.00  1.000     0 12.50  0  1 -11.158   0.395   1.076   0.165  -0.246   0.000 +1T0E2M000t
00078 ARG+1A0207_078 f 0.00  1.000     0 12.50  0  1 -11.658   1.428   3.284   0.233  -0.067   0.000 +1T0EBM000t
00079 ARG+1A0207_079 f 0.00  1.000     0 12.50  0  1 -11.013   1.326   3.794   0.583   0.100   0.000 +1T142M000t
00080 ARG+1A0207_080 f 0.00  1.000     0 12.50  0  1 -11.615   1.065   3.261   0.181  -0.158   0.000 +1T14FM000t
