   confID        vdw0    sas     sum
ARG01A0207_001   1.144 -14.905 -13.762
ARG01A0207_002   2.081 -14.571 -12.490
ARG01A0207_003   2.397 -14.228 -11.831
ARG01A0207_004   1.742 -14.650 -12.908
ARG01A0207_005   2.468 -14.461 -11.992
ARG01A0207_006   2.392 -14.178 -11.785
ARG01A0207_007   3.424 -14.015 -10.591
ARG01A0207_008   2.210 -14.548 -12.338
ARG01A0207_009   3.194 -14.368 -11.174
ARG01A0207_010   3.725 -14.701 -10.977
ARG01A0207_011   3.016 -14.449 -11.433
ARG01A0207_012   4.646 -14.041  -9.396
ARG01A0207_013   3.456 -14.358 -10.901
ARG01A0207_014   1.134 -14.802 -13.668
ARG01A0207_015   1.717 -14.922 -13.205
ARG01A0207_016   3.920 -14.410 -10.490
ARG01A0207_017   1.949 -14.947 -12.998
ARG01A0207_018   2.802 -14.387 -11.585
ARG01A0207_019   2.864 -14.653 -11.790
ARG01A0207_020   2.749 -14.356 -11.607
ARG02A0207_021   2.055 -14.567 -12.512
ARG02A0207_022   3.866 -14.478 -10.612
ARG02A0207_023   1.165 -14.905 -13.740
ARG02A0207_024   1.965 -14.947 -12.982
ARG02A0207_025   3.204 -14.143 -10.939
ARG02A0207_026   3.020 -14.748 -11.728
ARG02A0207_027   1.669 -14.483 -12.814
ARG02A0207_028   2.329 -14.249 -11.919
ARG02A0207_029   2.184 -14.548 -12.364
ARG02A0207_030   2.387 -14.528 -12.142
ARG02A0207_031   4.466 -14.106  -9.640
ARG02A0207_032   1.742 -14.922 -13.180
ARG02A0207_033   2.396 -14.327 -11.931
ARG02A0207_034   3.694 -14.766 -11.071
ARG02A0207_035   2.887 -14.554 -11.667
ARG02A0207_036   3.436 -14.358 -10.922
ARG02A0207_037   2.756 -14.285 -11.529
ARG02A0207_038   1.163 -14.561 -13.398
ARG02A0207_039   2.813 -14.387 -11.575
ARG02A0207_040   3.196 -14.368 -11.172
ARG03A0207_041   1.680 -14.986 -13.307
ARG03A0207_042   1.657 -14.611 -12.955
ARG03A0207_043   2.985 -14.616 -11.631
ARG03A0207_044   1.104 -14.905 -13.801
ARG03A0207_045   2.341 -14.178 -11.837
ARG03A0207_046   3.388 -14.358 -10.969
ARG03A0207_047   1.098 -14.690 -13.592
ARG03A0207_048   2.180 -14.548 -12.368
ARG03A0207_049   2.386 -14.448 -12.062
ARG03A0207_050   1.901 -14.818 -12.917
ARG03A0207_051   2.052 -14.523 -12.471
ARG03A0207_052   3.869 -14.358 -10.490
ARG03A0207_053   2.356 -14.331 -11.975
ARG03A0207_054   3.441 -14.027 -10.586
ARG03A0207_055   2.781 -14.387 -11.607
ARG03A0207_056   3.155 -14.432 -11.277
ARG03A0207_057   3.653 -14.701 -11.048
ARG03A0207_058   2.836 -14.550 -11.714
ARG03A0207_059   4.858 -14.089  -9.231
ARG03A0207_060   2.719 -14.221 -11.501
ARG+1A0207_061   1.061 -14.905 -13.844
ARG+1A0207_062   1.059 -14.561 -13.502
ARG+1A0207_063   2.005 -14.571 -12.565
ARG+1A0207_064   2.297 -14.344 -12.046
ARG+1A0207_065   1.622 -14.547 -12.924
ARG+1A0207_066   3.413 -13.899 -10.486
ARG+1A0207_067   2.140 -14.548 -12.409
ARG+1A0207_068   3.125 -14.368 -11.244
ARG+1A0207_069   2.798 -14.602 -11.804
ARG+1A0207_070   4.789 -14.154  -9.364
ARG+1A0207_071   1.640 -14.922 -13.282
ARG+1A0207_072   3.830 -14.426 -10.596
ARG+1A0207_073   2.341 -14.461 -12.120
ARG+1A0207_074   2.289 -14.181 -11.893
ARG+1A0207_075   1.862 -14.895 -13.033
ARG+1A0207_076   2.741 -14.387 -11.646
ARG+1A0207_077   3.607 -14.766 -11.158
ARG+1A0207_078   2.958 -14.616 -11.658
ARG+1A0207_079   3.344 -14.358 -11.013
ARG+1A0207_080   2.670 -14.285 -11.615
