iConf CONFORMER     FL  occ    crg   Em0  pKa0 ne nH    vdw0    vdw1    tors    epol   dsolv   extra    history
00001 TYR01A0271_001 f 0.00  0.000     0  0.00  0  0 -10.725   0.397   0.008   0.148   0.007   0.000 01O000M000t
00002 TYR01A0271_002 f 0.00  0.000     0  0.00  0  0 -10.605   5.229   2.791   0.264  -0.001   0.000 01E003M000t
00003 TYR01A0271_003 f 0.00  0.000     0  0.00  0  0 -10.577   2.846   2.794   0.200  -0.006   0.000 01E007M000t
00004 TYR01A0271_004 f 0.00  0.000     0  0.00  0  0 -10.881   0.449   2.792   0.238  -0.048   0.000 01E008M000t
00005 TYR01A0271_005 f 0.00  0.000     0  0.00  0  0 -10.777   5.891   2.791  -0.107   0.005   0.000 01E005M000t
00006 TYR01A0271_006 f 0.00  0.000     0  0.00  0  0 -10.625   2.483   0.004   0.260  -0.047   0.000 01T00AM000t
00007 TYR01A0271_007 f 0.00  0.000     0  0.00  0  0 -10.328   1.024   0.009   0.250  -0.064   0.000 01T002M000t
00008 TYR01A0271_008 f 0.00  0.000     0  0.00  0  0 -10.142   1.148   0.008   0.244  -0.022   0.000 01T004M000t
00009 TYR01A0271_009 f 0.00  0.000     0  0.00  0  0 -10.864   3.344   0.004   0.264   0.058   0.000 01T00CM000t
00010 TYR01A0271_010 f 0.00  0.000     0  0.00  0  0 -10.231   0.890   0.008   0.222  -0.069   0.000 01T00EM000t
00011 TYR01A0271_011 f 0.00  0.000     0  0.00  0  0 -10.908   0.492   2.792   0.258  -0.029   0.000 01T001M000t
00012 TYR01A0271_012 f 0.00  0.000     0  0.00  0  0 -10.242   0.748   0.008   0.261   0.017   0.000 01T00BM000t
00013 TYR01A0271_013 f 0.00  0.000     0  0.00  0  0 -10.791   5.547   2.791  -0.102   0.106   0.000 01T00FM000t
00014 TYR01A0271_014 f 0.00  0.000     0  0.00  0  0 -10.832   0.311   0.007   0.144   0.025   0.000 01T006M000t
00015 TYR01A0271_015 f 0.00  0.000     0  0.00  0  0 -10.570   3.535   2.794   0.196   0.015   0.000 01T009M000t
00016 TYR01A0271_016 f 0.00  0.000     0  0.00  0  0 -10.355   5.002   2.792   0.270   0.038   0.000 01T00DM000t
00017 TYR-1A0271_017 f 0.00 -1.000     0 10.20  0 -1 -10.725   0.397   0.008  -0.091  -0.575   0.000 -1O000M000t
00018 TYR-1A0271_018 f 0.00 -1.000     0 10.20  0 -1 -10.909   0.493   2.792   0.086  -0.844   0.000 -1E001M000t
00019 TYR-1A0271_019 f 0.00 -1.000     0 10.20  0 -1 -10.394   1.096   0.009   0.031  -0.877   0.000 -1E002M000t
00020 TYR-1A0271_020 f 0.00 -1.000     0 10.20  0 -1 -10.267   1.182   0.008  -0.068  -0.940   0.000 -1E004M000t
00021 TYR-1A0271_021 f 0.00 -1.000     0 10.20  0 -1 -10.887   0.450   2.792   0.095  -0.864   0.000 -1E008M000t
00022 TYR-1A0271_022 f 0.00 -1.000     0 10.20  0 -1 -10.543   2.249   0.003   0.056  -0.741   0.000 -1E00AM000t
00023 TYR-1A0271_023 f 0.00 -1.000     0 10.20  0 -1 -10.671   2.980   0.004   0.049  -0.740   0.000 -1E00CM000t
00024 TYR-1A0271_024 f 0.00 -1.000     0 10.20  0 -1 -10.491   5.022   2.791   0.100  -0.689   0.000 -1E00DM000t
00025 TYR-1A0271_025 f 0.00 -1.000     0 10.20  0 -1 -10.368   0.919   0.008  -0.070  -0.766   0.000 -1E00EM000t
00026 TYR-1A0271_026 f 0.00 -1.000     0 10.20  0 -1 -10.766   5.208   2.791   0.097  -0.634   0.000 -1T003M000t
00027 TYR-1A0271_027 f 0.00 -1.000     0 10.20  0 -1 -10.829   5.822   2.790  -0.547  -0.595   0.000 -1T005M000t
00028 TYR-1A0271_028 f 0.00 -1.000     0 10.20  0 -1 -10.827   0.304   0.007  -0.108  -0.647   0.000 -1T006M000t
00029 TYR-1A0271_029 f 0.00 -1.000     0 10.20  0 -1 -10.623   2.736   2.795   0.036  -0.909   0.000 -1T007M000t
00030 TYR-1A0271_030 f 0.00 -1.000     0 10.20  0 -1 -10.445   3.512   2.794   0.039  -0.970   0.000 -1T009M000t
00031 TYR-1A0271_031 f 0.00 -1.000     0 10.20  0 -1 -10.247   0.749   0.008   0.038  -0.849   0.000 -1T00BM000t
00032 TYR-1A0271_032 f 0.00 -1.000     0 10.20  0 -1 -10.779   5.531   2.791  -0.543  -0.602   0.000 -1T00FM000t
