CONFORMER         crg  vdw0  vdw1  tors  epol  self   occ  Hb     history    ASA
TYR01A0271_001  0.000-10.72  0.40  0.01  0.00-10.32 0.529  00  01O000M000  1.000
TYR01A0271_002  0.000-10.60  5.23  2.79  0.00 -2.59 0.529  00  01E003M000  1.000
TYR01A0271_003  0.000-10.58  2.84  2.79  0.00 -4.94 0.530  00  01E007M000  1.000
TYR01A0271_004  0.000-10.89  0.45  2.79  0.00 -7.65 0.530  00  01E008M000  1.000
TYR01A0271_005  0.000-10.78  5.88  2.79  0.00 -2.11 0.527  00  01E005M000  1.000
TYR01A0271_006  0.000-10.62  2.48  0.00  0.00 -8.14 0.532  00  01T00AM000  1.000
TYR01A0271_007  0.000-10.32  1.03  0.01  0.00 -9.29 0.530  00  01T002M000  1.000
TYR01A0271_008  0.000-10.14  1.14  0.01  0.00 -8.98 0.532  00  01T004M000  1.000
TYR01A0271_009  0.000-10.86  3.34  0.00  0.00 -7.52 0.532  00  01T00CM000  1.000
TYR01A0271_010  0.000-10.22  0.89  0.01  0.00 -9.33 0.534  00  01T00EM000  1.000
TYR01A0271_011  0.000-10.91  0.49  2.79  0.00 -7.63 0.532  00  01T001M000  1.000
TYR01A0271_012  0.000-10.24  0.75  0.01  0.00 -9.49 0.533  00  01T00BM000  1.000
TYR01A0271_013  0.000-10.78  5.54  2.79  0.00 -2.45 0.529  00  01T00FM000  1.000
TYR01A0271_014  0.000-10.83  0.31  0.01  0.00-10.51 0.534  00  01T006M000  1.000
TYR01A0271_015  0.000-10.57  3.53  2.79  0.00 -4.25 0.534  00  01T009M000  1.000
TYR01A0271_016  0.000-10.35  5.02  2.79  0.00 -2.54 0.533  00  01T00DM000  1.000
TYR-1A0271_017 -1.000-10.72  0.40  0.01  0.00-10.32 0.529  00  -1O000M000  1.000
TYR-1A0271_018 -1.000-10.91  0.49  2.79  0.00 -7.63 0.532  00  -1E001M000  1.000
TYR-1A0271_019 -1.000-10.40  1.10  0.01  0.00 -9.29 0.530  00  -1E002M000  1.000
TYR-1A0271_020 -1.000-10.26  1.18  0.01  0.00 -9.06 0.532  00  -1E004M000  1.000
TYR-1A0271_021 -1.000-10.89  0.45  2.79  0.00 -7.65 0.530  00  -1E008M000  1.000
TYR-1A0271_022 -1.000-10.54  2.24  0.00  0.00 -8.29 0.532  00  -1E00AM000  1.000
TYR-1A0271_023 -1.000-10.67  2.98  0.00  0.00 -7.69 0.532  00  -1E00CM000  1.000
TYR-1A0271_024 -1.000-10.49  5.02  2.79  0.00 -2.68 0.533  00  -1E00DM000  1.000
TYR-1A0271_025 -1.000-10.37  0.92  0.01  0.00 -9.44 0.534  00  -1E00EM000  1.000
TYR-1A0271_026 -1.000-10.70  5.22  2.79  0.00 -2.69 0.529  00  -1T003M000  1.000
TYR-1A0271_027 -1.000-10.84  5.83  2.79  0.00 -2.22 0.527  00  -1T005M000  1.000
TYR-1A0271_028 -1.000-10.83  0.30  0.01  0.00-10.51 0.534  00  -1T006M000  1.000
TYR-1A0271_029 -1.000-10.62  2.73  2.79  0.00 -5.10 0.530  00  -1T007M000  1.000
TYR-1A0271_030 -1.000-10.44  3.51  2.79  0.00 -4.13 0.534  00  -1T009M000  1.000
TYR-1A0271_031 -1.000-10.24  0.75  0.01  0.00 -9.48 0.533  00  -1T00BM000  1.000
TYR-1A0271_032 -1.000-10.78  5.52  2.79  0.00 -2.47 0.529  00  -1T00FM000  1.000
