   confID        vdw0    sas     sum
TYR01A0271_001   3.951 -14.676 -10.725
TYR01A0271_002   3.977 -14.582 -10.605
TYR01A0271_003   3.915 -14.492 -10.577
TYR01A0271_004   4.043 -14.924 -10.881
TYR01A0271_005   3.987 -14.764 -10.777
TYR01A0271_006   3.908 -14.533 -10.625
TYR01A0271_007   3.977 -14.304 -10.328
TYR01A0271_008   3.971 -14.113 -10.142
TYR01A0271_009   3.813 -14.677 -10.864
TYR01A0271_010   4.051 -14.282 -10.231
TYR01A0271_011   3.958 -14.866 -10.908
TYR01A0271_012   4.053 -14.295 -10.242
TYR01A0271_013   4.040 -14.830 -10.791
TYR01A0271_014   4.048 -14.880 -10.832
TYR01A0271_015   3.811 -14.381 -10.570
TYR01A0271_016   4.055 -14.410 -10.355
TYR-1A0271_017   3.951 -14.676 -10.725
TYR-1A0271_018   3.957 -14.866 -10.909
TYR-1A0271_019   3.977 -14.372 -10.394
TYR-1A0271_020   3.964 -14.231 -10.267
TYR-1A0271_021   4.037 -14.924 -10.887
TYR-1A0271_022   3.905 -14.448 -10.543
TYR-1A0271_023   3.809 -14.480 -10.671
TYR-1A0271_024   4.054 -14.545 -10.491
TYR-1A0271_025   4.048 -14.417 -10.368
TYR-1A0271_026   3.984 -14.751 -10.766
TYR-1A0271_027   3.995 -14.824 -10.829
TYR-1A0271_028   4.053 -14.880 -10.827
TYR-1A0271_029   3.920 -14.542 -10.623
TYR-1A0271_030   3.801 -14.246 -10.445
TYR-1A0271_031   4.048 -14.295 -10.247
TYR-1A0271_032   4.052 -14.830 -10.779
