iConf CONFORMER     FL  occ    crg   Em0  pKa0 ne nH    vdw0    vdw1    tors    epol   dsolv   extra    history
00001 ARG01A0183_001 f 0.00  0.000     0  0.00  0  0  -7.706   1.766   1.390   0.000  -0.015   0.000 01O000M000t
00002 ARG01A0183_002 f 0.00  0.000     0  0.00  0  0 -12.477   2.114   1.650   0.012  -0.040   0.000 01E004M000t
00003 ARG01A0183_003 f 0.00  0.000     0  0.00  0  0 -11.084   3.131   1.903   0.041  -0.090   0.000 01E015M000t
00004 ARG01A0183_004 f 0.00  0.000     0  0.00  0  0 -10.885   5.197   1.805  -0.307   0.143   0.000 01E01DM000t
00005 ARG01A0183_005 f 0.00  0.000     0  0.00  0  0 -12.408   4.352   4.900   0.111  -0.271   0.000 01E029M000t
00006 ARG01A0183_006 f 0.00  0.000     0  0.00  0  0 -10.462   3.286   3.435  -0.025  -0.227   0.000 01E032M000t
00007 ARG01A0183_007 f 0.00  0.000     0  0.00  0  0 -11.768   6.265   4.416   0.007  -0.416   0.000 01E043M000t
00008 ARG01A0183_008 f 0.00  0.000     0  0.00  0  0 -12.406   6.086   4.515   0.024  -0.064   0.000 01E049M000t
00009 ARG01A0183_009 f 0.00  0.000     0  0.00  0  0 -13.315   3.388   4.305   0.019  -0.236   0.000 01E05FM000t
00010 ARG01A0183_010 f 0.00  0.000     0  0.00  0  0 -11.453   2.790   3.386   0.050  -0.026   0.000 01E06DM000t
00011 ARG01A0183_011 f 0.00  0.000     0  0.00  0  0 -12.358   3.430   5.338   0.085  -0.094   0.000 01E0A6M000t
00012 ARG01A0183_012 f 0.00  0.000     0  0.00  0  0 -12.537   7.135   3.241   0.024  -0.060   0.000 01T009M000t
00013 ARG01A0183_013 f 0.00  0.000     0  0.00  0  0 -11.056   7.727   3.382  -0.012  -0.191   0.000 01T040M000t
00014 ARG01A0183_014 f 0.00  0.000     0  0.00  0  0 -12.699   2.266   2.244   0.025  -0.199   0.000 01T04FM000t
00015 ARG01A0183_015 f 0.00  0.000     0  0.00  0  0 -13.467   2.216   1.968   0.035  -0.175   0.000 01T053M000t
00016 ARG01A0183_016 f 0.00  0.000     0  0.00  0  0 -10.643   2.917   2.749   0.059   0.023   0.000 01T078M000t
00017 ARG01A0183_017 f 0.00  0.000     0  0.00  0  0  -6.330   3.222   1.880   0.006   0.001   0.000 01T07BM000t
00018 ARG01A0183_018 f 0.00  0.000     0  0.00  0  0 -11.382   2.732   3.357   0.027  -0.065   0.000 01T08CM000t
00019 ARG01A0183_019 f 0.00  0.000     0  0.00  0  0 -11.870   5.079   6.120  -0.026  -0.239   0.000 01T0A1M000t
00020 ARG01A0183_020 f 0.00  0.000     0  0.00  0  0 -12.630   7.028   4.968  -0.138   0.203   0.000 01T0ACM000t
00021 ARG02A0183_021 f 0.00  0.000     0  0.00  0  0 -11.889   6.216   4.376   0.029   0.775   0.000 02E043M000t
00022 ARG02A0183_022 f 0.00  0.000     0  0.00  0  0  -7.731   1.755   1.390  -0.019   0.658   0.000 02O000M000t
00023 ARG02A0183_023 f 0.00  0.000     0  0.00  0  0 -12.535   2.094   1.554   0.035   0.609   0.000 02E004M000t
00024 ARG02A0183_024 f 0.00  0.000     0  0.00  0  0 -12.491   7.051   3.224   0.009   0.697   0.000 02E009M000t
00025 ARG02A0183_025 f 0.00  0.000     0  0.00  0  0 -11.307   7.322   3.337  -0.044   0.747   0.000 02E040M000t
00026 ARG02A0183_026 f 0.00  0.000     0  0.00  0  0 -13.342   2.153   0.949   0.032   0.340   0.000 02E053M000t
00027 ARG02A0183_027 f 0.00  0.000     0  0.00  0  0 -12.088   3.562   4.917   0.063   0.648   0.000 02E0A6M000t
00028 ARG02A0183_028 f 0.00  0.000     0  0.00  0  0 -11.963   3.796   4.814   0.083   1.258   0.000 02T029M000t
00029 ARG02A0183_029 f 0.00  0.000     0  0.00  0  0  -9.795   3.142   3.310   0.002   1.189   0.000 02T032M000t
00030 ARG02A0183_030 f 0.00  0.000     0  0.00  0  0 -10.319   2.987   2.737   0.044   1.114   0.000 02T078M000t
00031 ARG02A0183_031 f 0.00  0.000     0  0.00  0  0 -11.353   4.833   5.260   0.016   1.034   0.000 02T0A1M000t
00032 ARG02A0183_032 f 0.00  0.000     0  0.00  0  0 -10.612   4.017   1.849  -0.370   1.199   0.000 02T01DM000t
00033 ARG02A0183_033 f 0.00  0.000     0  0.00  0  0 -10.922   3.129   2.687   0.044   0.651   0.000 02T06DM000t
00034 ARG02A0183_034 f 0.00  0.000     0  0.00  0  0 -10.864   3.002   1.805   0.021   0.633   0.000 02T015M000t
00035 ARG02A0183_035 f 0.00  0.000     0  0.00  0  0 -12.154   6.177   4.499   0.025   0.505   0.000 02T049M000t
00036 ARG02A0183_036 f 0.00  0.000     0  0.00  0  0 -12.736   2.597   1.313   0.029   0.522   0.000 02T04FM000t
00037 ARG02A0183_037 f 0.00  0.000     0  0.00  0  0 -13.185   3.383   3.209   0.030   0.422   0.000 02T05FM000t
00038 ARG02A0183_038 f 0.00  0.000     0  0.00  0  0  -7.190   3.076   1.771  -0.001   0.758   0.000 02T07BM000t
00039 ARG02A0183_039 f 0.00  0.000     0  0.00  0  0 -10.900   2.523   2.678   0.021   0.569   0.000 02T08CM000t
00040 ARG02A0183_040 f 0.00  0.000     0  0.00  0  0 -12.257   5.641   5.033  -0.289   1.065   0.000 02T0ACM000t
00041 ARG03A0183_041 f 0.00  0.000     0  0.00  0  0  -7.794   1.754   1.390  -0.009   0.996   0.000 03O000M000t
00042 ARG03A0183_042 f 0.00  0.000     0  0.00  0  0 -10.154   3.164   3.263  -0.000   0.741   0.000 03E032M000t
00043 ARG03A0183_043 f 0.00  0.000     0  0.00  0  0 -11.649   4.830   5.181   0.007   0.689   0.000 03E0A1M000t
00044 ARG03A0183_044 f 0.00  0.000     0  0.00  0  0 -12.540   2.089   1.560   0.011   0.756   0.000 03E004M000t
00045 ARG03A0183_045 f 0.00  0.000     0  0.00  0  0 -13.359   3.378   3.160   0.021   0.247   0.000 03E05FM000t
00046 ARG03A0183_046 f 0.00  0.000     0  0.00  0  0 -11.305   3.124   2.572   0.048   0.851   0.000 03E06DM000t
00047 ARG03A0183_047 f 0.00  0.000     0  0.00  0  0 -11.905   6.194   4.361   0.028   0.965   0.000 03T043M000t
00048 ARG03A0183_048 f 0.00  0.000     0  0.00  0  0 -12.238   5.532   5.054  -0.156   1.159   0.000 03T0ACM000t
00049 ARG03A0183_049 f 0.00  0.000     0  0.00  0  0 -13.365   2.161   0.888   0.036   0.789   0.000 03T053M000t
00050 ARG03A0183_050 f 0.00  0.000     0  0.00  0  0 -10.940   3.012   1.797   0.037   0.624   0.000 03T015M000t
00051 ARG03A0183_051 f 0.00  0.000     0  0.00  0  0 -10.455   4.343   1.847  -0.314   1.116   0.000 03T01DM000t
00052 ARG03A0183_052 f 0.00  0.000     0  0.00  0  0 -11.890   3.807   4.809   0.092   0.420   0.000 03T029M000t
00053 ARG03A0183_053 f 0.00  0.000     0  0.00  0  0 -12.341   6.135   4.423   0.034   0.850   0.000 03T049M000t
00054 ARG03A0183_054 f 0.00  0.000     0  0.00  0  0 -13.038   2.606   1.226   0.025   0.391   0.000 03T04FM000t
00055 ARG03A0183_055 f 0.00  0.000     0  0.00  0  0 -10.275   2.984   2.714   0.053   0.853   0.000 03T078M000t
00056 ARG03A0183_056 f 0.00  0.000     0  0.00  0  0 -12.135   3.582   4.908   0.091   0.736   0.000 03T0A6M000t
00057 ARG03A0183_057 f 0.00  0.000     0  0.00  0  0 -12.479   7.084   3.231   0.021   0.821   0.000 03T009M000t
00058 ARG03A0183_058 f 0.00  0.000     0  0.00  0  0 -11.229   7.343   3.290  -0.019   0.723   0.000 03T040M000t
00059 ARG03A0183_059 f 0.00  0.000     0  0.00  0  0  -7.044   3.060   1.784   0.001   0.712   0.000 03T07BM000t
00060 ARG03A0183_060 f 0.00  0.000     0  0.00  0  0 -11.311   2.519   2.566   0.039   0.766   0.000 03T08CM000t
00061 ARG+1A0183_061 f 0.00  1.000     0 12.50  0  1  -7.835   1.754   1.390   0.067  -0.188   0.000 +1O000M000t
00062 ARG+1A0183_062 f 0.00  1.000     0 12.50  0  1 -12.518   2.086   1.597   0.070  -0.307   0.000 +1E004M000t
00063 ARG+1A0183_063 f 0.00  1.000     0 12.50  0  1 -12.523   7.094   3.248   0.078  -0.347   0.000 +1E009M000t
00064 ARG+1A0183_064 f 0.00  1.000     0 12.50  0  1 -10.970   3.013   1.815   0.108  -0.263   0.000 +1E015M000t
00065 ARG+1A0183_065 f 0.00  1.000     0 12.50  0  1 -11.938   3.798   4.849   0.199  -0.303   0.000 +1E029M000t
00066 ARG+1A0183_066 f 0.00  1.000     0 12.50  0  1  -9.782   3.133   3.332   0.072  -0.259   0.000 +1E032M000t
00067 ARG+1A0183_067 f 0.00  1.000     0 12.50  0  1 -11.355   7.290   3.344   0.076  -0.674   0.000 +1E040M000t
00068 ARG+1A0183_068 f 0.00  1.000     0 12.50  0  1 -11.857   6.234   4.411   0.090  -0.491   0.000 +1E043M000t
00069 ARG+1A0183_069 f 0.00  1.000     0 12.50  0  1 -12.327   6.169   4.504   0.076  -0.207   0.000 +1E049M000t
00070 ARG+1A0183_070 f 0.00  1.000     0 12.50  0  1 -12.851   2.577   1.367   0.083  -0.653   0.000 +1E04FM000t
00071 ARG+1A0183_071 f 0.00  1.000     0 12.50  0  1 -13.425   2.152   0.966   0.073  -0.388   0.000 +1E053M000t
00072 ARG+1A0183_072 f 0.00  1.000     0 12.50  0  1 -13.204   3.373   3.239   0.059  -0.413   0.000 +1E05FM000t
00073 ARG+1A0183_073 f 0.00  1.000     0 12.50  0  1 -11.126   3.124   2.700   0.094  -0.423   0.000 +1E06DM000t
00074 ARG+1A0183_074 f 0.00  1.000     0 12.50  0  1  -7.008   3.061   1.793   0.111  -0.202   0.000 +1E07BM000t
00075 ARG+1A0183_075 f 0.00  1.000     0 12.50  0  1 -11.195   4.824   5.292  -0.000  -0.216   0.000 +1E0A1M000t
00076 ARG+1A0183_076 f 0.00  1.000     0 12.50  0  1 -12.289   3.556   4.945   0.197  -0.706   0.000 +1E0A6M000t
00077 ARG+1A0183_077 f 0.00  1.000     0 12.50  0  1 -10.504   4.101   1.884   0.052  -0.199   0.000 +1T01DM000t
00078 ARG+1A0183_078 f 0.00  1.000     0 12.50  0  1 -10.334   2.987   2.747   0.128  -0.391   0.000 +1T078M000t
00079 ARG+1A0183_079 f 0.00  1.000     0 12.50  0  1 -11.102   2.515   2.701   0.105  -0.055   0.000 +1T08CM000t
00080 ARG+1A0183_080 f 0.00  1.000     0 12.50  0  1 -12.277   5.546   5.055   0.223  -0.402   0.000 +1T0ACM000t
