CONFORMER         crg  vdw0  vdw1  tors  epol  self   occ  Hb     history    ASA
ARG01A0183_001  0.000 -7.70  1.72  1.39  0.00 -4.59 0.503  00  01O000M000  1.000
ARG01A0183_002  0.000-12.53  2.12  1.65  0.00 -8.76 0.503  00  01E004M000  1.000
ARG01A0183_003  0.000-11.09  3.09  1.91  0.00 -6.09 0.503  00  01E015M000  1.000
ARG01A0183_004  0.000-10.89  5.20  1.80  0.00 -3.89 0.503  00  01E01DM000  1.000
ARG01A0183_005  0.000-12.34  4.35  4.90  0.00 -3.09 0.502  00  01E029M000  1.000
ARG01A0183_006  0.000-10.46  3.28  3.44  0.00 -3.74 0.502  00  01E032M000  1.000
ARG01A0183_007  0.000-11.77  6.26  4.42  0.00 -1.09 0.502  00  01E043M000  1.000
ARG01A0183_008  0.000-12.40  6.09  4.51  0.00 -1.81 0.503  00  01E049M000  1.000
ARG01A0183_009  0.000-13.27  3.39  4.32  0.00 -5.56 0.502  00  01E05FM000  1.000
ARG01A0183_010  0.000-11.45  2.78  3.38  0.00 -5.29 0.503  00  01E06DM000  1.000
ARG01A0183_011  0.000-12.36  3.43  5.34  0.00 -3.59 0.502  00  01E0A6M000  1.000
ARG01A0183_012  0.000-12.54  7.13  3.24  0.00 -2.16 0.502  00  01T009M000  1.000
ARG01A0183_013  0.000-11.05  7.72  3.39  0.00  0.05 0.502  00  01T040M000  1.000
ARG01A0183_014  0.000-12.69  2.27  2.24  0.00 -8.18 0.503  00  01T04FM000  1.000
ARG01A0183_015  0.000-13.47  2.22  1.97  0.00 -9.28 0.503  00  01T053M000  1.000
ARG01A0183_016  0.000-10.65  2.87  2.75  0.00 -5.02 0.503  00  01T078M000  1.000
ARG01A0183_017  0.000 -6.33  3.18  1.88  0.00 -1.27 0.503  00  01T07BM000  1.000
ARG01A0183_018  0.000-11.39  2.72  3.37  0.00 -5.29 0.503  00  01T08CM000  1.000
ARG01A0183_019  0.000-11.93  5.07  6.12  0.00 -0.74 0.503  00  01T0A1M000  1.000
ARG01A0183_020  0.000-12.63  7.04  4.97  0.00 -0.61 0.502  00  01T0ACM000  1.000
ARG02A0183_021  0.000-11.89  6.22  4.38  0.00 -1.30 0.502  00  02E043M000  1.000
ARG02A0183_022  0.000 -7.72  1.71  1.39  0.00 -4.63 0.503  00  02O000M000  1.000
ARG02A0183_023  0.000-12.54  2.09  1.56  0.00 -8.89 0.503  00  02E004M000  1.000
ARG02A0183_024  0.000-12.49  7.05  3.22  0.00 -2.22 0.502  00  02E009M000  1.000
ARG02A0183_025  0.000-11.31  7.32  3.33  0.00 -0.65 0.502  00  02E040M000  1.000
ARG02A0183_026  0.000-13.34  2.16  0.95  0.00-10.24 0.503  00  02E053M000  1.000
ARG02A0183_027  0.000-12.09  3.56  4.92  0.00 -3.61 0.502  00  02E0A6M000  1.000
ARG02A0183_028  0.000-11.96  3.79  4.82  0.00 -3.35 0.502  00  02T029M000  1.000
ARG02A0183_029  0.000 -9.81  3.14  3.31  0.00 -3.35 0.502  00  02T032M000  1.000
ARG02A0183_030  0.000-10.31  2.94  2.74  0.00 -4.63 0.503  00  02T078M000  1.000
ARG02A0183_031  0.000-11.36  4.83  5.26  0.00 -1.27 0.503  00  02T0A1M000  1.000
ARG02A0183_032  0.000-10.61  4.02  1.85  0.00 -4.74 0.503  00  02T01DM000  1.000
ARG02A0183_033  0.000-10.91  3.07  2.69  0.00 -5.15 0.503  00  02T06DM000  1.000
ARG02A0183_034  0.000-10.87  2.96  1.81  0.00 -6.10 0.503  00  02T015M000  1.000
ARG02A0183_035  0.000-12.16  6.17  4.50  0.00 -1.49 0.503  00  02T049M000  1.000
ARG02A0183_036  0.000-12.69  2.59  1.31  0.00 -8.78 0.503  00  02T04FM000  1.000
ARG02A0183_037  0.000-13.19  3.38  3.21  0.00 -6.60 0.502  00  02T05FM000  1.000
ARG02A0183_038  0.000 -7.18  3.03  1.77  0.00 -2.39 0.503  00  02T07BM000  1.000
ARG02A0183_039  0.000-10.89  2.52  2.68  0.00 -5.69 0.503  00  02T08CM000  1.000
ARG02A0183_040  0.000-12.26  5.64  5.04  0.00 -1.58 0.502  00  02T0ACM000  1.000
ARG03A0183_041  0.000 -7.79  1.71  1.39  0.00 -4.69 0.503  00  03O000M000  1.000
ARG03A0183_042  0.000-10.16  3.16  3.26  0.00 -3.74 0.502  00  03E032M000  1.000
ARG03A0183_043  0.000-11.65  4.82  5.18  0.00 -1.65 0.503  00  03E0A1M000  1.000
ARG03A0183_044  0.000-12.41  2.09  1.56  0.00 -8.76 0.503  00  03E004M000  1.000
ARG03A0183_045  0.000-13.36  3.38  3.16  0.00 -6.82 0.502  00  03E05FM000  1.000
ARG03A0183_046  0.000-11.31  3.07  2.58  0.00 -5.66 0.503  00  03E06DM000  1.000
ARG03A0183_047  0.000-11.91  6.19  4.36  0.00 -1.36 0.502  00  03T043M000  1.000
ARG03A0183_048  0.000-12.24  5.53  5.05  0.00 -1.65 0.502  00  03T0ACM000  1.000
ARG03A0183_049  0.000-13.36  2.16  0.89  0.00-10.31 0.503  00  03T053M000  1.000
ARG03A0183_050  0.000-10.95  2.96  1.80  0.00 -6.19 0.503  00  03T015M000  1.000
ARG03A0183_051  0.000-10.45  4.34  1.85  0.00 -4.27 0.503  00  03T01DM000  1.000
ARG03A0183_052  0.000-11.90  3.81  4.81  0.00 -3.28 0.502  00  03T029M000  1.000
ARG03A0183_053  0.000-12.34  6.14  4.42  0.00 -1.78 0.503  00  03T049M000  1.000
ARG03A0183_054  0.000-13.04  2.60  1.23  0.00 -9.21 0.503  00  03T04FM000  1.000
ARG03A0183_055  0.000-10.32  2.93  2.72  0.00 -4.67 0.503  00  03T078M000  1.000
ARG03A0183_056  0.000-12.14  3.58  4.91  0.00 -3.65 0.502  00  03T0A6M000  1.000
ARG03A0183_057  0.000-12.48  7.09  3.23  0.00 -2.16 0.502  00  03T009M000  1.000
ARG03A0183_058  0.000-11.23  7.34  3.29  0.00 -0.60 0.502  00  03T040M000  1.000
ARG03A0183_059  0.000 -7.03  3.01  1.78  0.00 -2.24 0.503  00  03T07BM000  1.000
ARG03A0183_060  0.000-11.31  2.52  2.57  0.00 -6.23 0.503  00  03T08CM000  1.000
ARG+1A0183_061  1.000 -7.83  1.71  1.39  0.00 -4.73 0.503  00  +1O000M000  1.000
ARG+1A0183_062  1.000-12.52  2.08  1.60  0.00 -8.84 0.503  00  +1E004M000  1.000
ARG+1A0183_063  1.000-12.52  7.08  3.25  0.00 -2.19 0.502  00  +1E009M000  1.000
ARG+1A0183_064  1.000-10.97  2.96  1.82  0.00 -6.19 0.503  00  +1E015M000  1.000
ARG+1A0183_065  1.000-11.93  3.80  4.85  0.00 -3.29 0.502  00  +1E029M000  1.000
ARG+1A0183_066  1.000 -9.79  3.14  3.33  0.00 -3.32 0.502  00  +1E032M000  1.000
ARG+1A0183_067  1.000-11.36  7.30  3.34  0.00 -0.72 0.502  00  +1E040M000  1.000
ARG+1A0183_068  1.000-11.85  6.22  4.41  0.00 -1.22 0.502  00  +1E043M000  1.000
ARG+1A0183_069  1.000-12.33  6.17  4.51  0.00 -1.66 0.503  00  +1E049M000  1.000
ARG+1A0183_070  1.000-12.85  2.57  1.37  0.00 -8.91 0.503  00  +1E04FM000  1.000
ARG+1A0183_071  1.000-13.42  2.15  0.97  0.00-10.30 0.503  00  +1E053M000  1.000
ARG+1A0183_072  1.000-13.21  3.37  3.24  0.00 -6.60 0.502  00  +1E05FM000  1.000
ARG+1A0183_073  1.000-11.13  3.07  2.70  0.00 -5.36 0.503  00  +1E06DM000  1.000
ARG+1A0183_074  1.000 -7.01  3.01  1.79  0.00 -2.21 0.503  00  +1E07BM000  1.000
ARG+1A0183_075  1.000-11.20  4.82  5.29  0.00 -1.09 0.503  00  +1E0A1M000  1.000
ARG+1A0183_076  1.000-12.29  3.56  4.95  0.00 -3.78 0.502  00  +1E0A6M000  1.000
ARG+1A0183_077  1.000-10.49  4.10  1.88  0.00 -4.51 0.503  00  +1T01DM000  1.000
ARG+1A0183_078  1.000-10.33  2.94  2.75  0.00 -4.64 0.503  00  +1T078M000  1.000
ARG+1A0183_079  1.000-11.03  2.52  2.70  0.00 -5.81 0.503  00  +1T08CM000  1.000
ARG+1A0183_080  1.000-12.28  5.56  5.06  0.00 -1.67 0.502  00  +1T0ACM000  1.000
