   confID        vdw0    sas     sum
ARG01A0183_001   6.573 -14.279  -7.706
ARG01A0183_002   1.719 -14.196 -12.477
ARG01A0183_003   3.117 -14.201 -11.084
ARG01A0183_004   3.250 -14.135 -10.885
ARG01A0183_005   1.561 -13.969 -12.408
ARG01A0183_006   3.247 -13.709 -10.462
ARG01A0183_007   2.208 -13.976 -11.768
ARG01A0183_008   1.858 -14.264 -12.406
ARG01A0183_009   1.129 -14.445 -13.315
ARG01A0183_010   2.947 -14.401 -11.453
ARG01A0183_011   2.232 -14.590 -12.358
ARG01A0183_012   1.490 -14.027 -12.537
ARG01A0183_013   2.438 -13.493 -11.056
ARG01A0183_014   1.459 -14.158 -12.699
ARG01A0183_015   1.090 -14.557 -13.467
ARG01A0183_016   3.416 -14.058 -10.643
ARG01A0183_017   7.475 -13.805  -6.330
ARG01A0183_018   2.949 -14.331 -11.382
ARG01A0183_019   2.919 -14.789 -11.870
ARG01A0183_020   1.974 -14.604 -12.630
ARG02A0183_021   2.151 -14.040 -11.889
ARG02A0183_022   6.548 -14.279  -7.731
ARG02A0183_023   1.899 -14.435 -12.535
ARG02A0183_024   1.523 -14.014 -12.491
ARG02A0183_025   2.434 -13.741 -11.307
ARG02A0183_026   1.142 -14.483 -13.342
ARG02A0183_027   2.394 -14.482 -12.088
ARG02A0183_028   1.990 -13.953 -11.963
ARG02A0183_029   3.944 -13.738  -9.795
ARG02A0183_030   3.691 -14.009 -10.319
ARG02A0183_031   3.182 -14.534 -11.353
ARG02A0183_032   3.481 -14.094 -10.612
ARG02A0183_033   3.308 -14.230 -10.922
ARG02A0183_034   3.192 -14.056 -10.864
ARG02A0183_035   1.891 -14.045 -12.154
ARG02A0183_036   1.561 -14.297 -12.736
ARG02A0183_037   1.102 -14.288 -13.185
ARG02A0183_038   6.442 -13.632  -7.190
ARG02A0183_039   3.289 -14.189 -10.900
ARG02A0183_040   2.180 -14.436 -12.257
ARG03A0183_041   6.484 -14.279  -7.794
ARG03A0183_042   3.768 -13.922 -10.154
ARG03A0183_043   3.097 -14.747 -11.649
ARG03A0183_044   1.827 -14.367 -12.540
ARG03A0183_045   1.041 -14.400 -13.359
ARG03A0183_046   3.150 -14.454 -11.305
ARG03A0183_047   2.136 -14.040 -11.905
ARG03A0183_048   2.135 -14.372 -12.238
ARG03A0183_049   1.071 -14.435 -13.365
ARG03A0183_050   3.116 -14.056 -10.940
ARG03A0183_051   3.442 -13.897 -10.455
ARG03A0183_052   1.999 -13.889 -11.890
ARG03A0183_053   1.808 -14.148 -12.341
ARG03A0183_054   1.455 -14.493 -13.038
ARG03A0183_055   3.671 -13.945 -10.275
ARG03A0183_056   2.331 -14.466 -12.135
ARG03A0183_057   1.471 -13.950 -12.479
ARG03A0183_058   2.409 -13.638 -11.229
ARG03A0183_059   6.639 -13.683  -7.044
ARG03A0183_060   3.142 -14.453 -11.311
ARG+1A0183_061   6.444 -14.279  -7.835
ARG+1A0183_062   1.797 -14.315 -12.518
ARG+1A0183_063   1.427 -13.950 -12.523
ARG+1A0183_064   3.089 -14.060 -10.970
ARG+1A0183_065   1.947 -13.885 -11.938
ARG+1A0183_066   3.889 -13.671  -9.782
ARG+1A0183_067   2.334 -13.689 -11.355
ARG+1A0183_068   2.119 -13.976 -11.857
ARG+1A0183_069   1.786 -14.113 -12.327
ARG+1A0183_070   1.465 -14.317 -12.851
ARG+1A0183_071   1.055 -14.480 -13.425
ARG+1A0183_072   1.017 -14.220 -13.204
ARG+1A0183_073   3.216 -14.342 -11.126
ARG+1A0183_074   6.675 -13.683  -7.008
ARG+1A0183_075   3.147 -14.342 -11.195
ARG+1A0183_076   2.308 -14.598 -12.289
ARG+1A0183_077   3.393 -13.897 -10.504
ARG+1A0183_078   3.676 -14.009 -10.334
ARG+1A0183_079   3.207 -14.308 -11.102
ARG+1A0183_080   2.096 -14.372 -12.277
