iConf CONFORMER     FL  occ    crg   Em0  pKa0 ne nH    vdw0    vdw1    tors    epol   dsolv   extra    history
00001 PHE01A0028_001 f 0.00  0.000     0  0.00  0  0  -8.930  -0.380   0.090   0.000   0.000   0.000 01O000M000t
00002 PHE01A0028_002 f 0.00  0.000     0  0.00  0  0  -7.992   2.019   2.702   0.000   0.000   0.000 01R001M000t
00003 PHE01A0028_003 f 0.00  0.000     0  0.00  0  0  -9.272  -0.278   0.090   0.000   0.000   0.000 01R002M000t
00004 PHE01A0028_004 f 0.00  0.000     0  0.00  0  0  -9.050   0.614   2.710   0.000   0.000   0.000 01R003M000t
00005 PHE01A0028_005 f 0.00  0.000     0  0.00  0  0  -8.436  -0.166   0.090   0.000   0.000   0.000 01R004M000t
00006 PHE01A0028_006 f 0.00  0.000     0  0.00  0  0  -8.831   1.767   2.710   0.000   0.000   0.000 01R005M000t
00007 PHE01A0028_007 f 0.00  0.000     0  0.00  0  0  -8.934   6.045   0.122   0.000   0.000   0.000 01R006M000t
00008 PHE01A0028_008 f 0.00  0.000     0  0.00  0  0  -8.973  -0.375   0.090   0.000   0.000   0.000 01R007M000t
00009 PHE01A0028_009 f 0.00  0.000     0  0.00  0  0  -8.496   2.067   2.702   0.000   0.000   0.000 01R008M000t
00010 PHE01A0028_010 f 0.00  0.000     0  0.00  0  0  -8.378   0.754   0.090   0.000   0.000   0.000 01R009M000t
00011 PHE01A0028_011 f 0.00  0.000     0  0.00  0  0  -8.905  -0.078   0.090   0.000   0.000   0.000 01R00AM000t
00012 PHE01A0028_012 f 0.00  0.000     0  0.00  0  0  -9.285   2.132   0.061   0.000   0.000   0.000 01R00BM000t
00013 PHE01A0028_013 f 0.00  0.000     0  0.00  0  0  -9.144   0.622   2.710   0.000   0.000   0.000 01R00EM000t
00014 PHE01A0028_014 f 0.00  0.000     0  0.00  0  0  -9.670   3.084   2.699   0.000   0.000   0.000 01R00FM000t
00015 PHE01A0028_015 f 0.00  0.000     0  0.00  0  0  -8.938   1.148   0.090   0.000   0.000   0.000 01R010M000t
00016 PHE01A0028_016 f 0.00  0.000     0  0.00  0  0  -8.877  -0.252   0.090   0.000   0.000   0.000 01R011M000t
00017 PHE01A0028_017 f 0.00  0.000     0  0.00  0  0  -9.405   2.860   0.083   0.000   0.000   0.000 01R012M000t
00018 PHE01A0028_018 f 0.00  0.000     0  0.00  0  0  -8.738   1.883   2.710   0.000   0.000   0.000 01R013M000t
00019 PHE01A0028_019 f 0.00  0.000     0  0.00  0  0  -8.876   2.702   2.674   0.000   0.000   0.000 01T00CM000t
00020 PHE01A0028_020 f 0.00  0.000     0  0.00  0  0  -9.126   1.918   2.697   0.000   0.000   0.000 01T00DM000t
