CONFORMER         crg  vdw0  vdw1  tors  epol  self   occ  Hb     history    ASA
CYS01A0070_001  0.000 -7.30  0.65  0.51  0.00 -6.14 0.582  00  01O000M000  1.000
CYS01A0070_002  0.000 -7.37  0.16  0.51  0.00 -6.70 0.584  00  01R004M000  1.000
CYS01A0070_003  0.000 -7.30  0.65  0.51  0.00 -6.14 0.582  00  01O000M000  1.000
CYS01A0070_004  0.000 -7.30  0.67  0.51  0.00 -6.12 0.582  00  01O000M000  1.000
CYS01A0070_005  0.000 -7.14  0.43  2.29  0.00 -4.41 0.587  00  01R003M000  1.000
CYS01A0070_006  0.000 -7.14  0.44  2.29  0.00 -4.40 0.587  00  01R003M000  1.000
CYS01A0070_007  0.000 -7.37  0.15  0.51  0.00 -6.71 0.584  00  01R004M000  1.000
CYS01A0070_008  0.000 -7.37  0.17  0.51  0.00 -6.69 0.584  00  01R004M000  1.000
CYS01A0070_009  0.000 -7.17  1.90  2.09  0.00 -3.18 0.580  00  01T001M000  1.000
CYS01A0070_010  0.000 -7.16  1.94  2.21  0.00 -3.02 0.584  00  01T005M000  1.000
CYS01A0070_011  0.000 -7.17  1.92  2.10  0.00 -3.15 0.580  00  01T001M000  1.000
CYS01A0070_012  0.000 -7.18  1.94  0.20  0.00 -5.05 0.583  00  01T002M000  1.000
CYS01A0070_013  0.000 -7.16  1.92  2.21  0.00 -3.03 0.584  00  01T005M000  1.000
CYS01A0070_014  0.000 -7.16  1.95  2.21  0.00 -3.00 0.584  00  01T005M000  1.000
CYS01A0070_015  0.000 -7.17  1.86  2.09  0.00 -3.21 0.580  00  01T001M000  1.000
CYS-1A0070_016 -1.000 -7.30  0.68  0.51  0.00 -6.11 0.582  00  -1O000M000  1.000
CYS-1A0070_017 -1.000 -7.17  1.92  2.09  0.00 -3.15 0.580  00  -1R001M000  1.000
CYS-1A0070_018 -1.000 -7.14  0.45  2.29  0.00 -4.39 0.587  00  -1R003M000  1.000
CYS-1A0070_019 -1.000 -7.37  0.17  0.51  0.00 -6.68 0.584  00  -1R004M000  1.000
CYS-1A0070_020 -1.000 -7.28  1.87  2.11  0.00 -3.29 0.584  00  -1R005M000  1.000
