iConf CONFORMER     FL  occ    crg   Em0  pKa0 ne nH    vdw0    vdw1    tors    epol   dsolv   extra    history
00001 CYS01A0070_001 f 0.00  0.000     0  0.00  0  0  -7.298   0.646   0.507  -0.134   0.013   0.000 01O000M000t
00002 CYS01A0070_002 f 0.00  0.000     0  0.00  0  0  -7.367   0.159   0.507  -0.095  -0.021   0.000 01R004M000t
00003 CYS01A0070_003 f 0.00  0.000     0  0.00  0  0  -7.298   0.652   0.507  -0.097   0.017   0.000 01O000M000t
00004 CYS01A0070_004 f 0.00  0.000     0  0.00  0  0  -7.298   0.673   0.507  -0.138  -0.002   0.000 01O000M000t
00005 CYS01A0070_005 f 0.00  0.000     0  0.00  0  0  -7.137   0.432   2.293  -0.094  -0.024   0.000 01R003M000t
00006 CYS01A0070_006 f 0.00  0.000     0  0.00  0  0  -7.137   0.441   2.293  -0.115  -0.024   0.000 01R003M000t
00007 CYS01A0070_007 f 0.00  0.000     0  0.00  0  0  -7.367   0.153   0.507  -0.069   0.001   0.000 01R004M000t
00008 CYS01A0070_008 f 0.00  0.000     0  0.00  0  0  -7.368   0.168   0.507  -0.106  -0.026   0.000 01R004M000t
00009 CYS01A0070_009 f 0.00  0.000     0  0.00  0  0  -7.167   1.899   2.092  -0.176  -0.008   0.000 01T001M000t
00010 CYS01A0070_010 f 0.00  0.000     0  0.00  0  0  -7.157   1.932   2.209  -0.051   0.010   0.000 01T005M000t
00011 CYS01A0070_011 f 0.00  0.000     0  0.00  0  0  -7.167   1.919   2.096  -0.276  -0.003   0.000 01T001M000t
00012 CYS01A0070_012 f 0.00  0.000     0  0.00  0  0  -7.183   1.936   0.196  -0.100  -0.002   0.000 01T002M000t
00013 CYS01A0070_013 f 0.00  0.000     0  0.00  0  0  -7.157   1.925   2.204  -0.080   0.005   0.000 01T005M000t
00014 CYS01A0070_014 f 0.00  0.000     0  0.00  0  0  -7.158   1.955   2.204  -0.098  -0.008   0.000 01T005M000t
00015 CYS01A0070_015 f 0.00  0.000     0  0.00  0  0  -7.167   1.865   2.092  -0.257   0.009   0.000 01T001M000t
00016 CYS-1A0070_016 f 0.00 -1.000     0  9.10  0 -1  -7.296   0.681   0.507  -0.801  -0.269   0.000 -1O000M000t
00017 CYS-1A0070_017 f 0.00 -1.000     0  9.10  0 -1  -7.165   1.920   2.091  -1.243  -0.164   0.000 -1R001M000t
00018 CYS-1A0070_018 f 0.00 -1.000     0  9.10  0 -1  -7.135   0.447   2.293  -0.685  -0.414   0.000 -1R003M000t
00019 CYS-1A0070_019 f 0.00 -1.000     0  9.10  0 -1  -7.365   0.174   0.507  -0.691  -0.423   0.000 -1R004M000t
00020 CYS-1A0070_020 f 0.00 -1.000     0  9.10  0 -1  -7.275   1.875   2.109  -0.733  -0.343   0.000 -1R005M000t
