   confID        vdw0    sas     sum
CYS01A0070_001  -0.002  -7.296  -7.298
CYS01A0070_002  -0.002  -7.365  -7.367
CYS01A0070_003  -0.002  -7.296  -7.298
CYS01A0070_004  -0.002  -7.296  -7.298
CYS01A0070_005  -0.002  -7.135  -7.137
CYS01A0070_006  -0.002  -7.135  -7.137
CYS01A0070_007  -0.002  -7.365  -7.367
CYS01A0070_008  -0.002  -7.365  -7.368
CYS01A0070_009  -0.002  -7.165  -7.167
CYS01A0070_010  -0.002  -7.156  -7.157
CYS01A0070_011  -0.002  -7.165  -7.167
CYS01A0070_012  -0.002  -7.181  -7.183
CYS01A0070_013  -0.002  -7.156  -7.157
CYS01A0070_014  -0.002  -7.156  -7.158
CYS01A0070_015  -0.002  -7.165  -7.167
CYS-1A0070_016   0.000  -7.296  -7.296
CYS-1A0070_017   0.000  -7.165  -7.165
CYS-1A0070_018   0.000  -7.135  -7.135
CYS-1A0070_019   0.000  -7.365  -7.365
CYS-1A0070_020   0.000  -7.275  -7.275
