iConf CONFORMER     FL  occ    crg   Em0  pKa0 ne nH    vdw0    vdw1    tors    epol   dsolv   extra    history
00001 ARG01A0099_001 f 0.00  0.000     0  0.00  0  0 -10.631   0.142   0.622   0.015   0.079   0.000 01O000M000t
00002 ARG01A0099_002 f 0.00  0.000     0  0.00  0  0 -10.684   3.214   3.053   0.006  -0.258   0.000 01E003M000t
00003 ARG01A0099_003 f 0.00  0.000     0  0.00  0  0 -10.519   0.851   1.326  -0.065   0.066   0.000 01E040M000t
00004 ARG01A0099_004 f 0.00  0.000     0  0.00  0  0 -11.098   3.975   3.100   0.001  -0.131   0.000 01E05EM000t
00005 ARG01A0099_005 f 0.00  0.000     0  0.00  0  0 -10.173   1.325   3.713   0.026  -0.067   0.000 01E067M000t
00006 ARG01A0099_006 f 0.00  0.000     0  0.00  0  0 -11.267   0.565   3.485   0.035  -0.037   0.000 01E0B1M000t
00007 ARG01A0099_007 f 0.00  0.000     0  0.00  0  0 -11.173   0.313   1.151   0.045  -0.070   0.000 01E0E0M000t
00008 ARG01A0099_008 f 0.00  0.000     0  0.00  0  0 -12.087   0.742   3.169  -0.061   0.184   0.000 01E0F3M000t
00009 ARG01A0099_009 f 0.00  0.000     0  0.00  0  0 -12.433   1.595   3.224   0.079  -0.097   0.000 01E0F8M000t
00010 ARG01A0099_010 f 0.00  0.000     0  0.00  0  0 -11.803   3.514   0.801  -0.445   0.434   0.000 01T007M000t
00011 ARG01A0099_011 f 0.00  0.000     0  0.00  0  0 -11.709   0.693   0.610  -0.013  -0.257   0.000 01T00EM000t
00012 ARG01A0099_012 f 0.00  0.000     0  0.00  0  0  -6.478   0.284   3.228  -0.022  -0.186   0.000 01T01BM000t
00013 ARG01A0099_013 f 0.00  0.000     0  0.00  0  0 -10.807   0.904   5.849   0.074   0.120   0.000 01T03DM000t
00014 ARG01A0099_014 f 0.00  0.000     0  0.00  0  0 -10.937   1.445   3.703   0.034  -0.029   0.000 01T03FM000t
00015 ARG01A0099_015 f 0.00  0.000     0  0.00  0  0  -7.865   1.362   3.939   0.019  -0.352   0.000 01T04EM000t
00016 ARG01A0099_016 f 0.00  0.000     0  0.00  0  0  -9.763   0.494   3.346   0.050  -0.092   0.000 01T0B2M000t
00017 ARG01A0099_017 f 0.00  0.000     0  0.00  0  0 -12.851   0.686   0.730   0.124  -0.262   0.000 01T0D4M000t
00018 ARG01A0099_018 f 0.00  0.000     0  0.00  0  0 -11.211   0.502   1.188   0.086  -0.013   0.000 01T11FM000t
00019 ARG01A0099_019 f 0.00  0.000     0  0.00  0  0  -8.846   1.595   4.035   0.014  -0.113   0.000 01T12EM000t
00020 ARG01A0099_020 f 0.00  0.000     0  0.00  0  0 -10.238   1.206   1.149   0.095  -0.073   0.000 01T13BM000t
00021 ARG02A0099_021 f 0.00  0.000     0  0.00  0  0 -10.678   0.138   0.622   0.033   1.105   0.000 02O000M000t
00022 ARG02A0099_022 f 0.00  0.000     0  0.00  0  0 -11.191   0.309   1.152   0.059   0.864   0.000 02E0E0M000t
00023 ARG02A0099_023 f 0.00  0.000     0  0.00  0  0 -10.034   1.308   3.662   0.030   0.821   0.000 02E067M000t
00024 ARG02A0099_024 f 0.00  0.000     0  0.00  0  0 -11.965   0.773   3.076  -0.096   0.856   0.000 02E0F3M000t
00025 ARG02A0099_025 f 0.00  0.000     0  0.00  0  0  -6.516   0.272   3.231  -0.010   1.212   0.000 02T01BM000t
00026 ARG02A0099_026 f 0.00  0.000     0  0.00  0  0  -7.836   1.333   3.876   0.012   0.829   0.000 02T04EM000t
00027 ARG02A0099_027 f 0.00  0.000     0  0.00  0  0  -8.570   1.347   3.859   0.014   1.005   0.000 02T12EM000t
00028 ARG02A0099_028 f 0.00  0.000     0  0.00  0  0 -11.518   0.604   3.272   0.014   0.945   0.000 02T0B1M000t
00029 ARG02A0099_029 f 0.00  0.000     0  0.00  0  0  -9.649   0.481   3.313   0.028   1.099   0.000 02T0B2M000t
00030 ARG02A0099_030 f 0.00  0.000     0  0.00  0  0 -12.888   1.271   3.151   0.093   1.002   0.000 02T0F8M000t
00031 ARG02A0099_031 f 0.00  0.000     0  0.00  0  0 -10.743   3.229   3.027  -0.030   0.817   0.000 02T003M000t
00032 ARG02A0099_032 f 0.00  0.000     0  0.00  0  0 -10.249   0.644   1.157   0.044   0.557   0.000 02T040M000t
00033 ARG02A0099_033 f 0.00  0.000     0  0.00  0  0 -10.481   1.267   1.143   0.048   0.834   0.000 02T13BM000t
00034 ARG02A0099_034 f 0.00  0.000     0  0.00  0  0 -11.814   3.701   0.779  -0.182   0.942   0.000 02T007M000t
00035 ARG02A0099_035 f 0.00  0.000     0  0.00  0  0 -11.539   0.715   0.587  -0.062   0.862   0.000 02T00EM000t
00036 ARG02A0099_036 f 0.00  0.000     0  0.00  0  0 -10.864   0.954   5.820  -0.033   0.808   0.000 02T03DM000t
00037 ARG02A0099_037 f 0.00  0.000     0  0.00  0  0 -11.019   1.429   3.651   0.018   0.500   0.000 02T03FM000t
00038 ARG02A0099_038 f 0.00  0.000     0  0.00  0  0 -11.411   3.924   3.030   0.047   0.347   0.000 02T05EM000t
00039 ARG02A0099_039 f 0.00  0.000     0  0.00  0  0 -12.795   0.589   0.707   0.090   0.211   0.000 02T0D4M000t
00040 ARG02A0099_040 f 0.00  0.000     0  0.00  0  0 -11.200   0.700   1.131  -0.015   0.859   0.000 02T11FM000t
00041 ARG03A0099_041 f 0.00  0.000     0  0.00  0  0 -10.683   0.138   0.622   0.027   1.047   0.000 03O000M000t
00042 ARG03A0099_042 f 0.00  0.000     0  0.00  0  0 -12.881   0.580   0.710   0.117   0.893   0.000 03E0D4M000t
00043 ARG03A0099_043 f 0.00  0.000     0  0.00  0  0 -11.487   3.925   3.037   0.030   0.785   0.000 03E05EM000t
00044 ARG03A0099_044 f 0.00  0.000     0  0.00  0  0  -9.699   0.478   3.314   0.038   0.661   0.000 03E0B2M000t
00045 ARG03A0099_045 f 0.00  0.000     0  0.00  0  0 -11.220   0.677   1.135   0.078   1.053   0.000 03T11FM000t
00046 ARG03A0099_046 f 0.00  0.000     0  0.00  0  0  -8.563   1.340   3.856   0.023   0.858   0.000 03T12EM000t
00047 ARG03A0099_047 f 0.00  0.000     0  0.00  0  0 -10.886   0.921   5.822   0.069   1.098   0.000 03T03DM000t
00048 ARG03A0099_048 f 0.00  0.000     0  0.00  0  0 -11.856   3.757   0.779  -0.240   1.158   0.000 03T007M000t
00049 ARG03A0099_049 f 0.00  0.000     0  0.00  0  0 -11.453   0.712   0.592  -0.023   0.765   0.000 03T00EM000t
00050 ARG03A0099_050 f 0.00  0.000     0  0.00  0  0 -10.388   0.616   1.152   0.032   0.804   0.000 03T040M000t
00051 ARG03A0099_051 f 0.00  0.000     0  0.00  0  0  -7.825   1.340   3.873   0.010   0.542   0.000 03T04EM000t
00052 ARG03A0099_052 f 0.00  0.000     0  0.00  0  0 -11.504   0.605   3.270   0.023   0.673   0.000 03T0B1M000t
00053 ARG03A0099_053 f 0.00  0.000     0  0.00  0  0 -11.203   0.310   1.153   0.047   0.610   0.000 03T0E0M000t
00054 ARG03A0099_054 f 0.00  0.000     0  0.00  0  0 -10.465   1.252   1.142   0.074   0.833   0.000 03T13BM000t
00055 ARG03A0099_055 f 0.00  0.000     0  0.00  0  0 -10.653   3.222   3.029  -0.007   0.699   0.000 03T003M000t
00056 ARG03A0099_056 f 0.00  0.000     0  0.00  0  0  -6.525   0.276   3.230  -0.001   0.887   0.000 03T01BM000t
00057 ARG03A0099_057 f 0.00  0.000     0  0.00  0  0 -11.090   1.424   3.655   0.038   0.834   0.000 03T03FM000t
00058 ARG03A0099_058 f 0.00  0.000     0  0.00  0  0  -9.961   1.319   3.668   0.043   0.862   0.000 03T067M000t
00059 ARG03A0099_059 f 0.00  0.000     0  0.00  0  0 -12.033   0.785   3.075  -0.077   1.001   0.000 03T0F3M000t
00060 ARG03A0099_060 f 0.00  0.000     0  0.00  0  0 -12.961   1.272   3.149   0.085   0.760   0.000 03T0F8M000t
00061 ARG+1A0099_061 f 0.00  1.000     0 12.50  0  1 -10.725   0.138   0.622   0.151  -0.219   0.000 +1O000M000t
00062 ARG+1A0099_062 f 0.00  1.000     0 12.50  0  1 -10.747   3.224   3.030   0.053  -0.181   0.000 +1E003M000t
00063 ARG+1A0099_063 f 0.00  1.000     0 12.50  0  1  -6.491   0.275   3.236   0.109  -0.001   0.000 +1E01BM000t
00064 ARG+1A0099_064 f 0.00  1.000     0 12.50  0  1 -10.938   0.917   5.824   0.307  -0.082   0.000 +1E03DM000t
00065 ARG+1A0099_065 f 0.00  1.000     0 12.50  0  1  -7.890   1.344   3.878   0.034  -0.330   0.000 +1E04EM000t
00066 ARG+1A0099_066 f 0.00  1.000     0 12.50  0  1 -11.533   3.934   3.036   0.189  -0.551   0.000 +1E05EM000t
00067 ARG+1A0099_067 f 0.00  1.000     0 12.50  0  1  -9.551   0.483   3.316   0.065  -0.449   0.000 +1E0B2M000t
00068 ARG+1A0099_068 f 0.00  1.000     0 12.50  0  1 -12.984   0.579   0.710   0.329  -0.406   0.000 +1E0D4M000t
00069 ARG+1A0099_069 f 0.00  1.000     0 12.50  0  1  -8.621   1.344   3.859   0.041  -0.284   0.000 +1E12EM000t
00070 ARG+1A0099_070 f 0.00  1.000     0 12.50  0  1 -10.510   1.252   1.146   0.069  -0.299   0.000 +1E13BM000t
00071 ARG+1A0099_071 f 0.00  1.000     0 12.50  0  1 -11.889   3.611   0.792   0.693   0.054   0.000 +1T007M000t
00072 ARG+1A0099_072 f 0.00  1.000     0 12.50  0  1 -11.686   0.706   0.590   0.279  -0.365   0.000 +1T00EM000t
00073 ARG+1A0099_073 f 0.00  1.000     0 12.50  0  1 -11.140   1.424   3.654   0.133  -0.452   0.000 +1T03FM000t
00074 ARG+1A0099_074 f 0.00  1.000     0 12.50  0  1 -10.292   0.629   1.155   0.295  -0.064   0.000 +1T040M000t
00075 ARG+1A0099_075 f 0.00  1.000     0 12.50  0  1 -10.066   1.310   3.669   0.184  -0.207   0.000 +1T067M000t
00076 ARG+1A0099_076 f 0.00  1.000     0 12.50  0  1 -11.560   0.605   3.272   0.062  -0.263   0.000 +1T0B1M000t
00077 ARG+1A0099_077 f 0.00  1.000     0 12.50  0  1 -11.238   0.310   1.154   0.173  -0.329   0.000 +1T0E0M000t
00078 ARG+1A0099_078 f 0.00  1.000     0 12.50  0  1 -12.012   0.769   3.081   0.242  -0.212   0.000 +1T0F3M000t
00079 ARG+1A0099_079 f 0.00  1.000     0 12.50  0  1 -13.001   1.267   3.157   0.233  -0.579   0.000 +1T0F8M000t
00080 ARG+1A0099_080 f 0.00  1.000     0 12.50  0  1 -11.337   0.679   1.135   0.207  -0.276   0.000 +1T11FM000t
