CONFORMER         crg  vdw0  vdw1  tors  epol  self   occ  Hb     history    ASA
ARG01A0099_001  0.000-10.63  0.14  0.62  0.00 -9.87 0.501  00  01O000M000  1.000
ARG01A0099_002  0.000-10.30  0.50  0.47  0.00 -9.33 0.502  00  01E023M000  1.000
ARG01A0099_003  0.000-11.41  3.87  3.06  0.00 -4.48 0.502  00  01E028M000  1.000
ARG01A0099_004  0.000-11.53  1.42  3.89  0.00 -6.22 0.503  00  01E036M000  1.000
ARG01A0099_005  0.000-10.77  3.28  3.08  0.00 -4.41 0.502  00  01E05BM000  1.000
ARG01A0099_006  0.000-10.75  1.32  3.72  0.00 -5.71 0.502  00  01E0E9M000  1.000
ARG01A0099_007  0.000-11.14  1.38  3.67  0.00 -6.08 0.501  00  01E101M000  1.000
ARG01A0099_008  0.000 -7.24  1.00  3.90  0.00 -2.33 0.502  00  01T053M000  1.000
ARG01A0099_009  0.000-12.40  1.37  0.74  0.00-10.29 0.501  00  01T070M000  1.000
ARG01A0099_010  0.000-12.08  0.27  0.48  0.00-11.33 0.502  00  01T084M000  1.000
ARG01A0099_011  0.000-11.47  0.28  3.35  0.00 -7.84 0.501  00  01T085M000  1.000
ARG01A0099_012  0.000 -9.95  0.85  5.49  0.00 -3.62 0.502  00  01T08CM000  1.000
ARG01A0099_013  0.000-11.92  1.02  5.40  0.00 -5.50 0.501  00  01T091M000  1.000
ARG01A0099_014  0.000-11.97  0.40  0.48  0.00-11.08 0.502  00  01T09DM000  1.000
ARG01A0099_015  0.000 -8.18  0.13  3.93  0.00 -4.12 0.501  00  01T0CBM000  1.000
ARG01A0099_016  0.000-10.95  1.45  5.89  0.00 -3.62 0.502  00  01T0F2M000  1.000
ARG01A0099_017  0.000-12.43  1.59  3.22  0.00 -7.62 0.502  00  01T0F8M000  1.000
ARG01A0099_018  0.000 -7.88  0.94  3.60  0.00 -3.34 0.501  00  01T0FEM000  1.000
ARG01A0099_019  0.000 -7.69  0.83  3.86  0.00 -3.00 0.502  00  01T11BM000  1.000
ARG01A0099_020  0.000 -9.30  1.66  4.21  0.00 -3.42 0.502  00  01T137M000  1.000
ARG02A0099_021  0.000-10.75  3.26  3.06  0.00 -4.44 0.502  00  02E05BM000  1.000
ARG02A0099_022  0.000-10.93  1.31  3.71  0.00 -5.91 0.502  00  02E0E9M000  1.000
ARG02A0099_023  0.000-10.64  0.14  0.62  0.00 -9.88 0.501  00  02O000M000  1.000
ARG02A0099_024  0.000 -7.38  0.95  3.90  0.00 -2.53 0.502  00  02E053M000  1.000
ARG02A0099_025  0.000 -8.16  0.12  3.93  0.00 -4.11 0.501  00  02E0CBM000  1.000
ARG02A0099_026  0.000-12.82  1.27  3.15  0.00 -8.40 0.502  00  02E0F8M000  1.000
ARG02A0099_027  0.000-12.23  1.12  0.59  0.00-10.52 0.501  00  02T070M000  1.000
ARG02A0099_028  0.000-11.84  1.01  5.20  0.00 -5.62 0.501  00  02T091M000  1.000
ARG02A0099_029  0.000-10.96  1.60  5.82  0.00 -3.53 0.502  00  02T0F2M000  1.000
ARG02A0099_030  0.000-10.93  1.43  3.63  0.00 -5.87 0.501  00  02T101M000  1.000
ARG02A0099_031  0.000-10.10  0.50  0.47  0.00 -9.12 0.502  00  02T023M000  1.000
ARG02A0099_032  0.000-11.19  3.93  3.06  0.00 -4.20 0.502  00  02T028M000  1.000
ARG02A0099_033  0.000 -7.62  0.83  3.87  0.00 -2.93 0.502  00  02T11BM000  1.000
ARG02A0099_034  0.000 -8.70  1.31  3.80  0.00 -3.59 0.502  00  02T137M000  1.000
ARG02A0099_035  0.000-10.74  1.42  3.68  0.00 -5.64 0.503  00  02T036M000  1.000
ARG02A0099_036  0.000-11.93  0.27  0.48  0.00-11.18 0.502  00  02T084M000  1.000
ARG02A0099_037  0.000-11.35  0.27  3.26  0.00 -7.82 0.501  00  02T085M000  1.000
ARG02A0099_038  0.000-10.12  0.85  5.40  0.00 -3.87 0.502  00  02T08CM000  1.000
ARG02A0099_039  0.000-12.03  0.40  0.47  0.00-11.16 0.502  00  02T09DM000  1.000
ARG02A0099_040  0.000 -8.00  0.97  3.60  0.00 -3.43 0.501  00  02T0FEM000  1.000
ARG03A0099_041  0.000-10.68  0.14  0.62  0.00 -9.92 0.501  00  03O000M000  1.000
ARG03A0099_042  0.000-10.40  0.50  0.47  0.00 -9.43 0.502  00  03E023M000  1.000
ARG03A0099_043  0.000-11.20  3.93  3.07  0.00 -4.20 0.502  00  03E028M000  1.000
ARG03A0099_044  0.000-11.89  1.01  5.18  0.00 -5.70 0.501  00  03E091M000  1.000
ARG03A0099_045  0.000 -8.70  1.31  3.81  0.00 -3.59 0.502  00  03E137M000  1.000
ARG03A0099_046  0.000 -7.49  0.96  3.90  0.00 -2.63 0.502  00  03T053M000  1.000
ARG03A0099_047  0.000-10.89  3.24  3.06  0.00 -4.59 0.502  00  03T05BM000  1.000
ARG03A0099_048  0.000-12.08  0.26  0.48  0.00-11.34 0.502  00  03T084M000  1.000
ARG03A0099_049  0.000-11.09  1.66  5.82  0.00 -3.61 0.502  00  03T0F2M000  1.000
ARG03A0099_050  0.000 -7.97  0.95  3.60  0.00 -3.42 0.501  00  03T0FEM000  1.000
ARG03A0099_051  0.000-11.42  0.27  3.26  0.00 -7.89 0.501  00  03T085M000  1.000
ARG03A0099_052  0.000-10.26  0.84  5.41  0.00 -4.00 0.502  00  03T08CM000  1.000
ARG03A0099_053  0.000 -8.38  0.12  3.93  0.00 -4.34 0.501  00  03T0CBM000  1.000
ARG03A0099_054  0.000 -7.87  0.83  3.86  0.00 -3.18 0.502  00  03T11BM000  1.000
ARG03A0099_055  0.000-10.81  1.42  3.69  0.00 -5.70 0.503  00  03T036M000  1.000
ARG03A0099_056  0.000-13.03  1.27  3.15  0.00 -8.62 0.502  00  03T0F8M000  1.000
ARG03A0099_057  0.000-10.95  1.44  3.63  0.00 -5.88 0.501  00  03T101M000  1.000
ARG03A0099_058  0.000-12.24  1.12  0.59  0.00-10.54 0.501  00  03T070M000  1.000
ARG03A0099_059  0.000-12.01  0.40  0.47  0.00-11.14 0.502  00  03T09DM000  1.000
ARG03A0099_060  0.000-10.75  1.31  3.71  0.00 -5.73 0.502  00  03T0E9M000  1.000
ARG+1A0099_061  1.000-10.73  0.14  0.62  0.00 -9.97 0.501  00  +1O000M000  1.000
ARG+1A0099_062  1.000-11.24  3.93  3.07  0.00 -4.25 0.502  00  +1E028M000  1.000
ARG+1A0099_063  1.000-12.36  1.12  0.59  0.00-10.65 0.501  00  +1E070M000  1.000
ARG+1A0099_064  1.000-12.07  0.26  0.48  0.00-11.33 0.502  00  +1E084M000  1.000
ARG+1A0099_065  1.000-11.93  1.01  5.20  0.00 -5.72 0.501  00  +1E091M000  1.000
ARG+1A0099_066  1.000-10.92  1.31  3.71  0.00 -5.90 0.502  00  +1E0E9M000  1.000
ARG+1A0099_067  1.000-11.07  1.62  5.82  0.00 -3.62 0.502  00  +1E0F2M000  1.000
ARG+1A0099_068  1.000-13.00  1.27  3.16  0.00 -8.58 0.502  00  +1E0F8M000  1.000
ARG+1A0099_069  1.000 -7.96  0.94  3.60  0.00 -3.42 0.501  00  +1E0FEM000  1.000
ARG+1A0099_070  1.000-10.95  1.43  3.63  0.00 -5.89 0.501  00  +1E101M000  1.000
ARG+1A0099_071  1.000 -8.75  1.31  3.80  0.00 -3.64 0.502  00  +1E137M000  1.000
ARG+1A0099_072  1.000-10.24  0.50  0.47  0.00 -9.26 0.502  00  +1T023M000  1.000
ARG+1A0099_073  1.000-10.80  1.42  3.68  0.00 -5.69 0.503  00  +1T036M000  1.000
ARG+1A0099_074  1.000 -7.45  0.95  3.90  0.00 -2.60 0.502  00  +1T053M000  1.000
ARG+1A0099_075  1.000-10.83  3.25  3.06  0.00 -4.52 0.502  00  +1T05BM000  1.000
ARG+1A0099_076  1.000-11.45  0.27  3.26  0.00 -7.92 0.501  00  +1T085M000  1.000
ARG+1A0099_077  1.000-10.25  0.84  5.42  0.00 -3.98 0.502  00  +1T08CM000  1.000
ARG+1A0099_078  1.000-12.12  0.40  0.47  0.00-11.25 0.502  00  +1T09DM000  1.000
ARG+1A0099_079  1.000 -8.29  0.12  3.93  0.00 -4.24 0.501  00  +1T0CBM000  1.000
ARG+1A0099_080  1.000 -7.78  0.83  3.87  0.00 -3.08 0.502  00  +1T11BM000  1.000
