   confID        vdw0    sas     sum
ARG01A0099_001   3.183 -13.814 -10.631
ARG01A0099_002   3.727 -14.014 -10.287
ARG01A0099_003   2.699 -14.109 -11.410
ARG01A0099_004   2.910 -14.440 -11.531
ARG01A0099_005   3.107 -13.875 -10.767
ARG01A0099_006   3.302 -14.056 -10.754
ARG01A0099_007   3.180 -14.317 -11.137
ARG01A0099_008   6.470 -13.699  -7.229
ARG01A0099_009   2.271 -14.670 -12.399
ARG01A0099_010   2.182 -14.264 -12.081
ARG01A0099_011   2.871 -14.343 -11.472
ARG01A0099_012   3.630 -13.586  -9.956
ARG01A0099_013   2.584 -14.507 -11.923
ARG01A0099_014   2.517 -14.477 -11.960
ARG01A0099_015   6.081 -14.273  -8.192
ARG01A0099_016   2.848 -13.794 -10.946
ARG01A0099_017   2.015 -14.447 -12.432
ARG01A0099_018   6.035 -13.903  -7.868
ARG01A0099_019   6.072 -13.744  -7.672
ARG01A0099_020   4.710 -14.000  -9.289
ARG02A0099_021   3.062 -13.817 -10.755
ARG02A0099_022   3.338 -14.272 -10.934
ARG02A0099_023   3.175 -13.814 -10.638
ARG02A0099_024   6.444 -13.828  -7.383
ARG02A0099_025   6.239 -14.382  -8.144
ARG02A0099_026   1.795 -14.620 -12.825
ARG02A0099_027   2.078 -14.304 -12.226
ARG02A0099_028   2.753 -14.590 -11.837
ARG02A0099_029   2.829 -13.788 -10.958
ARG02A0099_030   3.311 -14.240 -10.929
ARG02A0099_031   3.726 -13.821 -10.095
ARG02A0099_032   2.776 -13.970 -11.194
ARG02A0099_033   6.091 -13.708  -7.617
ARG02A0099_034   5.375 -14.080  -8.705
ARG02A0099_035   3.427 -14.173 -10.747
ARG02A0099_036   2.266 -14.264 -11.998
ARG02A0099_037   2.996 -14.339 -11.343
ARG02A0099_038   3.653 -13.843 -10.189
ARG02A0099_039   2.586 -14.608 -12.022
ARG02A0099_040   5.847 -13.836  -7.988
ARG03A0099_041   3.130 -13.814 -10.683
ARG03A0099_042   3.683 -14.078 -10.396
ARG03A0099_043   2.787 -13.970 -11.183
ARG03A0099_044   2.750 -14.642 -11.892
ARG03A0099_045   5.310 -14.016  -8.706
ARG03A0099_046   6.420 -13.896  -7.476
ARG03A0099_047   3.120 -14.010 -10.890
ARG03A0099_048   2.184 -14.264 -12.080
ARG03A0099_049   2.834 -13.919 -11.085
ARG03A0099_050   5.945 -13.903  -7.959
ARG03A0099_051   2.918 -14.339 -11.421
ARG03A0099_052   3.587 -13.843 -10.256
ARG03A0099_053   6.213 -14.578  -8.365
ARG03A0099_054   6.014 -13.888  -7.874
ARG03A0099_055   3.432 -14.238 -10.805
ARG03A0099_056   1.721 -14.752 -13.031
ARG03A0099_057   3.346 -14.288 -10.942
ARG03A0099_058   2.072 -14.304 -12.232
ARG03A0099_059   2.519 -14.541 -12.022
ARG03A0099_060   3.343 -14.088 -10.745
ARG+1A0099_061   3.089 -13.814 -10.725
ARG+1A0099_062   2.733 -13.970 -11.237
ARG+1A0099_063   2.021 -14.368 -12.348
ARG+1A0099_064   2.123 -14.199 -12.077
ARG+1A0099_065   2.719 -14.642 -11.923
ARG+1A0099_066   3.299 -14.220 -10.921
ARG+1A0099_067   2.792 -13.855 -11.063
ARG+1A0099_068   1.683 -14.684 -13.001
ARG+1A0099_069   5.940 -13.903  -7.963
ARG+1A0099_070   3.282 -14.236 -10.954
ARG+1A0099_071   5.264 -13.952  -8.688
ARG+1A0099_072   3.655 -13.886 -10.230
ARG+1A0099_073   3.371 -14.170 -10.799
ARG+1A0099_074   6.376 -13.828  -7.452
ARG+1A0099_075   3.044 -13.878 -10.834
ARG+1A0099_076   2.890 -14.339 -11.449
ARG+1A0099_077   3.545 -13.794 -10.250
ARG+1A0099_078   2.487 -14.608 -12.122
ARG+1A0099_079   6.162 -14.447  -8.285
ARG+1A0099_080   5.988 -13.756  -7.768
