iConf CONFORMER     FL  occ    crg   Em0  pKa0 ne nH    vdw0    vdw1    tors    epol   dsolv   extra    history
00001 TYR01A0240_001 f 0.00  0.000     0  0.00  0  0 -10.138   3.981   0.246   0.261   0.031   0.000 01O000M000t
00002 TYR01A0240_002 f 0.00  0.000     0  0.00  0  0 -10.101  -0.261   0.231   0.253  -0.052   0.000 01E003M000t
00003 TYR01A0240_003 f 0.00  0.000     0  0.00  0  0  -9.982   1.933   0.227   0.282  -0.122   0.000 01E009M000t
00004 TYR01A0240_004 f 0.00  0.000     0  0.00  0  0 -10.137   3.981   0.246   0.279   0.018   0.000 01O000M000t
00005 TYR01A0240_005 f 0.00  0.000     0  0.00  0  0  -9.958   3.866   2.492   0.231   0.009   0.000 01E001M000t
00006 TYR01A0240_006 f 0.00  0.000     0  0.00  0  0  -9.631   0.297   0.228   0.239  -0.165   0.000 01T006M000t
00007 TYR01A0240_007 f 0.00  0.000     0  0.00  0  0  -9.603   0.369   2.538   0.197   0.057   0.000 01T00BM000t
00008 TYR01A0240_008 f 0.00  0.000     0  0.00  0  0 -10.186   6.288   0.288   0.479  -0.239   0.000 01T002M000t
00009 TYR01A0240_009 f 0.00  0.000     0  0.00  0  0 -10.270   1.630   2.536   0.227  -0.028   0.000 01T004M000t
00010 TYR01A0240_010 f 0.00  0.000     0  0.00  0  0  -9.842   4.910   0.260   0.342  -0.357   0.000 01T005M000t
00011 TYR01A0240_011 f 0.00  0.000     0  0.00  0  0  -9.775   1.724   2.535   0.052   0.019   0.000 01T007M000t
00012 TYR01A0240_012 f 0.00  0.000     0  0.00  0  0 -10.109   4.798   0.210   0.333  -0.037   0.000 01T008M000t
00013 TYR01A0240_013 f 0.00  0.000     0  0.00  0  0 -10.333   1.989   2.502   0.265  -0.273   0.000 01T00AM000t
00014 TYR-1A0240_014 f 0.00 -1.000     0 10.20  0 -1 -10.138   3.981   0.246   0.118  -1.032   0.000 -1O000M000t
00015 TYR-1A0240_015 f 0.00 -1.000     0 10.20  0 -1  -9.781   4.853   0.260   0.169  -0.964   0.000 -1E005M000t
00016 TYR-1A0240_016 f 0.00 -1.000     0 10.20  0 -1  -9.616   0.313   0.224   0.060  -1.003   0.000 -1E006M000t
00017 TYR-1A0240_017 f 0.00 -1.000     0 10.20  0 -1  -9.978   1.912   0.221   0.262  -0.725   0.000 -1E009M000t
00018 TYR-1A0240_018 f 0.00 -1.000     0 10.20  0 -1  -9.669   0.366   2.536   0.129  -0.956   0.000 -1E00BM000t
00019 TYR-1A0240_019 f 0.00 -1.000     0 10.20  0 -1 -10.037   4.069   2.482   0.116  -0.887   0.000 -1T001M000t
00020 TYR-1A0240_020 f 0.00 -1.000     0 10.20  0 -1 -10.188   6.147   0.295   0.293  -0.932   0.000 -1T002M000t
00021 TYR-1A0240_021 f 0.00 -1.000     0 10.20  0 -1 -10.115  -0.263   0.227   0.089  -1.055   0.000 -1T003M000t
00022 TYR-1A0240_022 f 0.00 -1.000     0 10.20  0 -1 -10.220   1.631   2.530   0.075  -0.772   0.000 -1T004M000t
00023 TYR-1A0240_023 f 0.00 -1.000     0 10.20  0 -1  -9.781   1.719   2.529  -0.206  -0.830   0.000 -1T007M000t
00024 TYR-1A0240_024 f 0.00 -1.000     0 10.20  0 -1 -10.114   4.704   0.204   0.338  -0.764   0.000 -1T008M000t
00025 TYR-1A0240_025 f 0.00 -1.000     0 10.20  0 -1 -10.323   1.983   2.492   0.168  -1.077   0.000 -1T00AM000t
