   confID        vdw0    sas     sum
TYR01A0240_001   4.172 -14.310 -10.138
TYR01A0240_002   4.508 -14.609 -10.101
TYR01A0240_003   4.537 -14.518  -9.982
TYR01A0240_004   4.172 -14.310 -10.137
TYR01A0240_005   4.175 -14.133  -9.958
TYR01A0240_006   4.535 -14.166  -9.631
TYR01A0240_007   4.501 -14.105  -9.603
TYR01A0240_008   4.365 -14.551 -10.186
TYR01A0240_009   4.520 -14.790 -10.270
TYR01A0240_010   4.344 -14.186  -9.842
TYR01A0240_011   4.530 -14.305  -9.775
TYR01A0240_012   4.381 -14.490 -10.109
TYR01A0240_013   4.352 -14.685 -10.333
TYR-1A0240_014   4.172 -14.310 -10.138
TYR-1A0240_015   4.355 -14.136  -9.781
TYR-1A0240_016   4.516 -14.132  -9.616
TYR-1A0240_017   4.540 -14.518  -9.978
TYR-1A0240_018   4.504 -14.172  -9.669
TYR-1A0240_019   4.164 -14.201 -10.037
TYR-1A0240_020   4.363 -14.551 -10.188
TYR-1A0240_021   4.493 -14.609 -10.115
TYR-1A0240_022   4.519 -14.739 -10.220
TYR-1A0240_023   4.525 -14.305  -9.781
TYR-1A0240_024   4.376 -14.490 -10.114
TYR-1A0240_025   4.362 -14.685 -10.323
