iConf CONFORMER     FL  occ    crg   Em0  pKa0 ne nH    vdw0    vdw1    tors    epol   dsolv   extra    history
00001 LYS01A0104_001 f 0.00  0.000     0  0.00  0  0 -11.672   0.276   0.828  -0.011   0.073   0.000 01O000M000t
00002 LYS01A0104_002 f 0.00  0.000     0  0.00  0  0 -12.205   1.833   3.695  -0.018   0.021   0.000 01E00AM000t
00003 LYS01A0104_003 f 0.00  0.000     0  0.00  0  0 -10.254   0.752   1.493  -0.013   0.051   0.000 01E047M000t
00004 LYS01A0104_004 f 0.00  0.000     0  0.00  0  0  -5.923   0.495   4.268  -0.021   0.137   0.000 01E07EM000t
00005 LYS01A0104_005 f 0.00  0.000     0  0.00  0  0 -10.988   0.826   4.209  -0.011  -0.018   0.000 01E095M000t
00006 LYS01A0104_006 f 0.00  0.000     0  0.00  0  0 -10.524   1.914   4.176  -0.004  -0.027   0.000 01E0A0M000t
00007 LYS01A0104_007 f 0.00  0.000     0  0.00  0  0 -10.044   1.142   6.979  -0.012   0.102   0.000 01E0B9M000t
00008 LYS01A0104_008 f 0.00  0.000     0  0.00  0  0  -9.100   3.554   3.647  -0.045   0.192   0.000 01E0D4M000t
00009 LYS01A0104_009 f 0.00  0.000     0  0.00  0  0  -9.280   1.814   0.875  -0.025   0.088   0.000 01E0DDM000t
00010 LYS01A0104_010 f 0.00  0.000     0  0.00  0  0  -7.965   1.872   4.825  -0.025   0.171   0.000 01E113M000t
00011 LYS01A0104_011 f 0.00  0.000     0  0.00  0  0  -7.219   0.756   2.061  -0.021   0.136   0.000 01E13AM000t
00012 LYS01A0104_012 f 0.00  0.000     0  0.00  0  0 -10.468   1.338   1.563  -0.021   0.085   0.000 01E147M000t
00013 LYS01A0104_013 f 0.00  0.000     0  0.00  0  0  -7.648   0.249   4.904  -0.075   0.161   0.000 01E154M000t
00014 LYS01A0104_014 f 0.00  0.000     0  0.00  0  0 -10.640   1.439   3.759  -0.069  -0.195   0.000 01T03DM000t
00015 LYS01A0104_015 f 0.00  0.000     0  0.00  0  0 -10.821   0.228   0.822  -0.012   0.085   0.000 01T05AM000t
00016 LYS01A0104_016 f 0.00  0.000     0  0.00  0  0 -10.807   3.792   3.557  -0.012  -0.096   0.000 01T069M000t
00017 LYS01A0104_017 f 0.00  0.000     0  0.00  0  0 -10.891   0.575   4.268  -0.017   0.072   0.000 01T07CM000t
00018 LYS01A0104_018 f 0.00  0.000     0  0.00  0  0 -10.460   1.893   4.187  -0.018  -0.023   0.000 01T083M000t
00019 LYS01A0104_019 f 0.00  0.000     0  0.00  0  0  -9.918   2.076   4.231  -0.004   0.031   0.000 01T0E5M000t
00020 LYS01A0104_020 f 0.00  0.000     0  0.00  0  0  -9.661   0.518   4.323  -0.019  -0.143   0.000 01T10EM000t
00021 LYS+1A0104_021 f 0.00  1.000     0 10.40  0  1 -11.716   0.275   0.828   0.047  -0.195   0.000 +1O000M000t
00022 LYS+1A0104_022 f 0.00  1.000     0 10.40  0  1 -12.249   1.829   3.696   0.122  -0.168   0.000 +1E00AM000t
00023 LYS+1A0104_023 f 0.00  1.000     0 10.40  0  1 -10.644   1.422   3.763   0.288  -0.139   0.000 +1E03DM000t
00024 LYS+1A0104_024 f 0.00  1.000     0 10.40  0  1 -10.879   0.227   0.821   0.067  -0.144   0.000 +1E05AM000t
00025 LYS+1A0104_025 f 0.00  1.000     0 10.40  0  1 -10.945   0.573   4.269   0.069  -0.165   0.000 +1E07CM000t
00026 LYS+1A0104_026 f 0.00  1.000     0 10.40  0  1  -6.010   0.490   4.268   0.123   0.212   0.000 +1E07EM000t
00027 LYS+1A0104_027 f 0.00  1.000     0 10.40  0  1 -10.100   1.138   6.985   0.055  -0.238   0.000 +1E0B9M000t
00028 LYS+1A0104_028 f 0.00  1.000     0 10.40  0  1  -9.188   3.551   3.650  -0.069   0.304   0.000 +1E0D4M000t
00029 LYS+1A0104_029 f 0.00  1.000     0 10.40  0  1  -9.352   1.817   0.875   0.049   0.030   0.000 +1E0DDM000t
00030 LYS+1A0104_030 f 0.00  1.000     0 10.40  0  1  -8.040   1.865   4.825   0.058   0.081   0.000 +1E113M000t
00031 LYS+1A0104_031 f 0.00  1.000     0 10.40  0  1  -7.312   0.754   2.060   0.040   0.155   0.000 +1E13AM000t
00032 LYS+1A0104_032 f 0.00  1.000     0 10.40  0  1 -10.587   1.344   1.568   0.089  -0.052   0.000 +1E147M000t
00033 LYS+1A0104_033 f 0.00  1.000     0 10.40  0  1  -7.705   0.237   4.906   0.146   0.098   0.000 +1E154M000t
00034 LYS+1A0104_034 f 0.00  1.000     0 10.40  0  1 -10.346   0.759   1.495   0.078  -0.150   0.000 +1T047M000t
00035 LYS+1A0104_035 f 0.00  1.000     0 10.40  0  1 -10.771   3.792   3.558  -0.035  -0.074   0.000 +1T069M000t
00036 LYS+1A0104_036 f 0.00  1.000     0 10.40  0  1 -10.547   1.891   4.186   0.079  -0.152   0.000 +1T083M000t
00037 LYS+1A0104_037 f 0.00  1.000     0 10.40  0  1 -10.987   0.827   4.213   0.051  -0.210   0.000 +1T095M000t
00038 LYS+1A0104_038 f 0.00  1.000     0 10.40  0  1 -10.575   1.933   4.177  -0.054  -0.223   0.000 +1T0A0M000t
00039 LYS+1A0104_039 f 0.00  1.000     0 10.40  0  1  -9.966   2.074   4.231  -0.021  -0.226   0.000 +1T0E5M000t
00040 LYS+1A0104_040 f 0.00  1.000     0 10.40  0  1  -9.698   0.518   4.331   0.078  -0.253   0.000 +1T10EM000t
