CONFORMER         crg  vdw0  vdw1  tors  epol  self   occ  Hb     history    ASA
LYS01A0104_001  0.000-11.67  0.28  0.83  0.00-10.57 0.501  00  01O000M000  1.000
LYS01A0104_002  0.000-12.21  1.83  3.69  0.00 -6.68 0.501  00  01E00AM000  1.000
LYS01A0104_003  0.000-10.25  0.75  1.49  0.00 -8.00 0.502  00  01E047M000  1.000
LYS01A0104_004  0.000 -5.91  0.50  4.27  0.00 -1.15 0.501  00  01E07EM000  1.000
LYS01A0104_005  0.000-10.99  0.83  4.21  0.00 -5.95 0.502  00  01E095M000  1.000
LYS01A0104_006  0.000-10.53  1.91  4.18  0.00 -4.44 0.501  00  01E0A0M000  1.000
LYS01A0104_007  0.000-10.04  1.14  6.98  0.00 -1.92 0.502  00  01E0B9M000  1.000
LYS01A0104_008  0.000 -9.10  3.55  3.65  0.00 -1.90 0.501  00  01E0D4M000  1.000
LYS01A0104_009  0.000 -9.28  1.82  0.87  0.00 -6.59 0.501  00  01E0DDM000  1.000
LYS01A0104_010  0.000 -7.99  1.87  4.82  0.00 -1.30 0.502  00  01E113M000  1.000
LYS01A0104_011  0.000 -7.22  0.76  2.06  0.00 -4.40 0.501  00  01E13AM000  1.000
LYS01A0104_012  0.000-10.47  1.34  1.56  0.00 -7.57 0.502  00  01E147M000  1.000
LYS01A0104_013  0.000 -7.66  0.25  4.90  0.00 -2.50 0.502  00  01E154M000  1.000
LYS01A0104_014  0.000-10.64  1.44  3.76  0.00 -5.44 0.502  00  01T03DM000  1.000
LYS01A0104_015  0.000-10.87  0.23  0.82  0.00 -9.82 0.501  00  01T05AM000  1.000
LYS01A0104_016  0.000-10.81  3.79  3.56  0.00 -3.46 0.501  00  01T069M000  1.000
LYS01A0104_017  0.000-10.89  0.57  4.27  0.00 -6.05 0.502  00  01T07CM000  1.000
LYS01A0104_018  0.000-10.46  1.90  4.19  0.00 -4.38 0.502  00  01T083M000  1.000
LYS01A0104_019  0.000 -9.91  2.07  4.23  0.00 -3.61 0.502  00  01T0E5M000  1.000
LYS01A0104_020  0.000 -9.66  0.52  4.32  0.00 -4.82 0.501  00  01T10EM000  1.000
LYS+1A0104_021  1.000-11.72  0.28  0.83  0.00-10.61 0.501  00  +1O000M000  1.000
LYS+1A0104_022  1.000-12.25  1.83  3.70  0.00 -6.73 0.501  00  +1E00AM000  1.000
LYS+1A0104_023  1.000-10.64  1.42  3.76  0.00 -5.45 0.502  00  +1E03DM000  1.000
LYS+1A0104_024  1.000-10.88  0.23  0.82  0.00 -9.83 0.501  00  +1E05AM000  1.000
LYS+1A0104_025  1.000-10.94  0.57  4.27  0.00 -6.10 0.502  00  +1E07CM000  1.000
LYS+1A0104_026  1.000 -6.00  0.49  4.27  0.00 -1.24 0.501  00  +1E07EM000  1.000
LYS+1A0104_027  1.000-10.10  1.14  6.98  0.00 -1.98 0.502  00  +1E0B9M000  1.000
LYS+1A0104_028  1.000 -9.18  3.55  3.65  0.00 -1.98 0.501  00  +1E0D4M000  1.000
LYS+1A0104_029  1.000 -9.35  1.81  0.87  0.00 -6.66 0.501  00  +1E0DDM000  1.000
LYS+1A0104_030  1.000 -8.05  1.86  4.82  0.00 -1.36 0.502  00  +1E113M000  1.000
LYS+1A0104_031  1.000 -7.31  0.76  2.06  0.00 -4.49 0.501  00  +1E13AM000  1.000
LYS+1A0104_032  1.000-10.59  1.34  1.57  0.00 -7.68 0.502  00  +1E147M000  1.000
LYS+1A0104_033  1.000 -7.70  0.24  4.91  0.00 -2.56 0.502  00  +1E154M000  1.000
LYS+1A0104_034  1.000-10.34  0.76  1.50  0.00 -8.09 0.502  00  +1T047M000  1.000
LYS+1A0104_035  1.000-10.83  3.79  3.56  0.00 -3.48 0.501  00  +1T069M000  1.000
LYS+1A0104_036  1.000-10.54  1.89  4.19  0.00 -4.46 0.502  00  +1T083M000  1.000
LYS+1A0104_037  1.000-10.98  0.83  4.21  0.00 -5.94 0.502  00  +1T095M000  1.000
LYS+1A0104_038  1.000-10.58  1.94  4.18  0.00 -4.46 0.501  00  +1T0A0M000  1.000
LYS+1A0104_039  1.000 -9.97  2.08  4.23  0.00 -3.66 0.502  00  +1T0E5M000  1.000
LYS+1A0104_040  1.000 -9.70  0.52  4.33  0.00 -4.85 0.501  00  +1T10EM000  1.000
