   confID        vdw0    sas     sum
LYS01A0104_001   0.650 -12.321 -11.672
LYS01A0104_002   0.538 -12.743 -12.205
LYS01A0104_003   2.248 -12.501 -10.254
LYS01A0104_004   6.168 -12.091  -5.923
LYS01A0104_005   1.710 -12.698 -10.988
LYS01A0104_006   1.701 -12.225 -10.524
LYS01A0104_007   2.326 -12.370 -10.044
LYS01A0104_008   2.661 -11.760  -9.100
LYS01A0104_009   2.821 -12.101  -9.280
LYS01A0104_010   4.615 -12.580  -7.965
LYS01A0104_011   4.573 -11.792  -7.219
LYS01A0104_012   2.305 -12.773 -10.468
LYS01A0104_013   4.687 -12.336  -7.648
LYS01A0104_014   1.864 -12.505 -10.640
LYS01A0104_015   1.337 -12.158 -10.821
LYS01A0104_016   1.374 -12.181 -10.807
LYS01A0104_017   1.714 -12.605 -10.891
LYS01A0104_018   1.972 -12.432 -10.460
LYS01A0104_019   2.387 -12.305  -9.918
LYS01A0104_020   2.689 -12.350  -9.661
LYS+1A0104_021   0.605 -12.321 -11.716
LYS+1A0104_022   0.494 -12.743 -12.249
LYS+1A0104_023   1.809 -12.453 -10.644
LYS+1A0104_024   1.279 -12.158 -10.879
LYS+1A0104_025   1.660 -12.605 -10.945
LYS+1A0104_026   6.082 -12.091  -6.010
LYS+1A0104_027   2.270 -12.370 -10.100
LYS+1A0104_028   2.572 -11.760  -9.188
LYS+1A0104_029   2.749 -12.101  -9.352
LYS+1A0104_030   4.540 -12.580  -8.040
LYS+1A0104_031   4.480 -11.792  -7.312
LYS+1A0104_032   2.254 -12.841 -10.587
LYS+1A0104_033   4.631 -12.336  -7.705
LYS+1A0104_034   2.223 -12.569 -10.346
LYS+1A0104_035   1.307 -12.078 -10.771
LYS+1A0104_036   1.885 -12.432 -10.547
LYS+1A0104_037   1.660 -12.646 -10.987
LYS+1A0104_038   1.650 -12.225 -10.575
LYS+1A0104_039   2.339 -12.305  -9.966
LYS+1A0104_040   2.601 -12.299  -9.698
