iConf CONFORMER     FL  occ    crg   Em0  pKa0 ne nH    vdw0    vdw1    tors    epol   dsolv   extra    history
00001 TRP01A0325_001 f 0.00  0.000     0  0.00  0  0 -13.694   4.497   2.796   0.000   0.000   0.000 01O000M000t
00002 TRP01A0325_002 f 0.00  0.000     0  0.00  0  0 -13.602   1.539   0.000   0.000   0.000   0.000 01E002M000t
00003 TRP01A0325_003 f 0.00  0.000     0  0.00  0  0 -13.066   2.071   2.796   0.000   0.000   0.000 01E003M000t
00004 TRP01A0325_004 f 0.00  0.000     0  0.00  0  0 -13.033   1.826   2.795   0.000   0.000   0.000 01E005M000t
00005 TRP01A0325_005 f 0.00  0.000     0  0.00  0  0 -12.648   2.258   2.795   0.000   0.000   0.000 01E006M000t
00006 TRP01A0325_006 f 0.00  0.000     0  0.00  0  0 -13.667   1.128   0.004   0.000   0.000   0.000 01E007M000t
00007 TRP01A0325_007 f 0.00  0.000     0  0.00  0  0 -14.106   0.790   0.004   0.000   0.000   0.000 01E008M000t
00008 TRP01A0325_008 f 0.00  0.000     0  0.00  0  0 -13.932   4.358   2.794   0.000   0.000   0.000 01E00CM000t
00009 TRP01A0325_009 f 0.00  0.000     0  0.00  0  0 -12.840   3.657   2.795   0.000   0.000   0.000 01E00DM000t
00010 TRP01A0325_010 f 0.00  0.000     0  0.00  0  0 -12.881   4.720   2.795   0.000   0.000   0.000 01E00FM000t
00011 TRP01A0325_011 f 0.00  0.000     0  0.00  0  0 -12.874   4.483   2.795   0.000   0.000   0.000 01E010M000t
00012 TRP01A0325_012 f 0.00  0.000     0  0.00  0  0 -13.591   7.178   0.000   0.000   0.000   0.000 01E012M000t
00013 TRP01A0325_013 f 0.00  0.000     0  0.00  0  0 -14.057   0.411   0.004   0.000   0.000   0.000 01E013M000t
00014 TRP01A0325_014 f 0.00  0.000     0  0.00  0  0 -12.735   1.636   0.005   0.000   0.000   0.000 01E014M000t
00015 TRP01A0325_015 f 0.00  0.000     0  0.00  0  0 -13.449   2.552   0.000   0.000   0.000   0.000 01T001M000t
00016 TRP01A0325_016 f 0.00  0.000     0  0.00  0  0 -13.064   2.091   2.795   0.000   0.000   0.000 01T004M000t
00017 TRP01A0325_017 f 0.00  0.000     0  0.00  0  0 -13.654   2.462   0.003   0.000   0.000   0.000 01T009M000t
00018 TRP01A0325_018 f 0.00  0.000     0  0.00  0  0 -12.394   0.634   0.004   0.000   0.000   0.000 01T00AM000t
00019 TRP01A0325_019 f 0.00  0.000     0  0.00  0  0 -13.113   3.063   2.795   0.000   0.000   0.000 01T00BM000t
00020 TRP01A0325_020 f 0.00  0.000     0  0.00  0  0 -13.336   3.839   0.004   0.000   0.000   0.000 01T00EM000t
