CONFORMER         crg  vdw0  vdw1  tors  epol  self   occ  Hb     history    ASA
TRP01A0325_001  0.000-13.69  4.44  2.80  0.00 -6.46 0.522  00  01O000M000  1.000
TRP01A0325_002  0.000-13.60  1.49  0.00  0.00-12.12 0.526  00  01E002M000  1.000
TRP01A0325_003  0.000-13.07  2.08  2.80  0.00 -8.20 0.522  00  01E003M000  1.000
TRP01A0325_004  0.000-13.03  1.82  2.80  0.00 -8.42 0.526  00  01E005M000  1.000
TRP01A0325_005  0.000-12.65  2.26  2.80  0.00 -7.60 0.522  00  01E006M000  1.000
TRP01A0325_006  0.000-13.67  1.13  0.00  0.00-12.53 0.524  00  01E007M000  1.000
TRP01A0325_007  0.000-14.11  0.79  0.00  0.00-13.31 0.526  00  01E008M000  1.000
TRP01A0325_008  0.000-13.93  4.36  2.79  0.00 -6.77 0.521  00  01E00CM000  1.000
TRP01A0325_009  0.000-12.84  3.66  2.79  0.00 -6.39 0.524  00  01E00DM000  1.000
TRP01A0325_010  0.000-12.88  4.72  2.79  0.00 -5.36 0.522  00  01E00FM000  1.000
TRP01A0325_011  0.000-12.88  4.48  2.79  0.00 -5.60 0.525  00  01E010M000  1.000
TRP01A0325_012  0.000-13.59  7.18  0.00  0.00 -6.40 0.525  00  01E012M000  1.000
TRP01A0325_013  0.000-14.06  0.41  0.00  0.00-13.65 0.525  00  01E013M000  1.000
TRP01A0325_014  0.000-12.74  1.63  0.00  0.00-11.10 0.524  00  01E014M000  1.000
TRP01A0325_015  0.000-13.45  2.50  0.00  0.00-10.94 0.525  00  01T001M000  1.000
TRP01A0325_016  0.000-13.06  2.09  2.80  0.00 -8.17 0.524  00  01T004M000  1.000
TRP01A0325_017  0.000-13.64  2.46  0.00  0.00-11.18 0.527  00  01T009M000  1.000
TRP01A0325_018  0.000-12.39  0.63  0.00  0.00-11.75 0.522  00  01T00AM000  1.000
TRP01A0325_019  0.000-13.10  3.07  2.80  0.00 -7.23 0.521  00  01T00BM000  1.000
TRP01A0325_020  0.000-13.29  3.84  0.00  0.00 -9.45 0.523  00  01T00EM000  1.000
