CONFORMER         crg  vdw0  vdw1  tors  epol  self   occ  Hb     history    ASA
HIS01A0082_001  0.000-11.69  0.25  0.00  0.00-11.44 0.521  00  01O000M000  1.000
HIS01A0082_002  0.000-12.17  0.24  0.00  0.00-11.93 0.520  00  01R001M000  1.000
HIS01A0082_003  0.000-11.90  1.01  2.80  0.00 -8.10 0.521  00  01E004M000  1.000
HIS01A0082_004  0.000-11.77  1.22  0.00  0.00-10.55 0.518  00  01E008M000  1.000
HIS01A0082_005  0.000-11.69  5.83  0.01  0.00 -5.85 0.519  00  01E00BM000  1.000
HIS01A0082_006  0.000-11.78  0.55  0.00  0.00-11.23 0.518  00  01E00DM000  1.000
HIS01A0082_007  0.000-11.79  4.64  0.01  0.00 -7.15 0.522  00  01E00EM000  1.000
HIS01A0082_008  0.000-11.71  1.10  0.00  0.00-10.61 0.518  00  01E011M000  1.000
HIS01A0082_009  0.000-11.64  3.42  0.00  0.00 -8.22 0.519  00  01E012M000  1.000
HIS01A0082_010  0.000-11.85  1.07  0.00  0.00-10.78 0.518  00  01E013M000  1.000
HIS01A0082_011  0.000-11.79  0.98  2.80  0.00 -8.01 0.523  00  01E016M000  1.000
HIS01A0082_012  0.000-11.48  1.55  2.80  0.00 -7.13 0.521  00  01E018M000  1.000
HIS01A0082_013  0.000-11.45  6.21  2.80  0.00 -2.44 0.522  00  01T003M000  1.000
HIS01A0082_014  0.000-11.81  5.13  0.00  0.00 -6.67 0.520  00  01T006M000  1.000
HIS01A0082_015  0.000-12.05  7.15  2.80  0.00 -2.10 0.520  00  01T00AM000  1.000
HIS01A0082_016  0.000-11.43  2.00  0.00  0.00 -9.43 0.523  00  01T00FM000  1.000
HIS01A0082_017  0.000-12.09  4.31  2.80  0.00 -4.98 0.519  00  01T014M000  1.000
HIS01A0082_018  0.000-12.10  1.79  2.80  0.00 -7.51 0.519  00  01T015M000  1.000
HIS02A0082_019  0.000-11.71  0.23  0.00  0.00-11.48 0.521  00  02O000M000  1.000
HIS02A0082_020  0.000-11.82  1.06  0.00  0.00-10.76 0.522  00  02E002M000  1.000
HIS02A0082_021  0.000-11.92  0.97  2.80  0.00 -8.15 0.521  00  02E004M000  1.000
HIS02A0082_022  0.000-11.90  0.21  0.00  0.00-11.68 0.521  00  02E007M000  1.000
HIS02A0082_023  0.000-12.07  7.12  2.80  0.00 -2.15 0.520  00  02E00AM000  1.000
HIS02A0082_024  0.000-11.73  0.52  0.00  0.00-11.21 0.518  00  02E00DM000  1.000
HIS02A0082_025  0.000-11.81  4.64  0.01  0.00 -7.16 0.522  00  02E00EM000  1.000
HIS02A0082_026  0.000-11.45  2.00  0.00  0.00 -9.45 0.523  00  02E00FM000  1.000
HIS02A0082_027  0.000-11.35  3.79  0.00  0.00 -7.56 0.519  00  02E012M000  1.000
HIS02A0082_028  0.000-12.18  4.27  2.80  0.00 -5.11 0.519  00  02E014M000  1.000
HIS02A0082_029  0.000-12.24  1.79  2.80  0.00 -7.66 0.519  00  02E015M000  1.000
HIS02A0082_030  0.000-11.50  1.54  2.80  0.00 -7.16 0.521  00  02E018M000  1.000
HIS02A0082_031  0.000-11.42  6.16  2.80  0.00 -2.46 0.522  00  02T003M000  1.000
HIS02A0082_032  0.000-11.76  4.92  0.00  0.00 -6.84 0.520  00  02T006M000  1.000
HIS02A0082_033  0.000-11.84  1.20  0.00  0.00-10.63 0.518  00  02T008M000  1.000
HIS02A0082_034  0.000-11.63  5.77  0.01  0.00 -5.85 0.519  00  02T00BM000  1.000
HIS02A0082_035  0.000-11.60  1.18  0.00  0.00-10.42 0.518  00  02T011M000  1.000
HIS02A0082_036  0.000-11.94  1.06  0.00  0.00-10.88 0.518  00  02T013M000  1.000
HIS02A0082_037  0.000-11.81  0.97  2.80  0.00 -8.04 0.523  00  02T016M000  1.000
HIS+1A0082_038  1.000-11.74  0.23  0.00  0.00-11.51 0.521  00  +1O000M000  1.000
HIS+1A0082_039  1.000-11.44  6.18  2.80  0.00 -2.46 0.522  00  +1E003M000  1.000
HIS+1A0082_040  1.000-11.95  0.97  2.80  0.00 -8.18 0.521  00  +1E004M000  1.000
HIS+1A0082_041  1.000-11.87  5.02  0.00  0.00 -6.85 0.520  00  +1E006M000  1.000
HIS+1A0082_042  1.000-11.92  0.21  0.00  0.00-11.71 0.521  00  +1E007M000  1.000
HIS+1A0082_043  1.000-11.81  1.21  0.00  0.00-10.61 0.518  00  +1E008M000  1.000
HIS+1A0082_044  1.000-12.09  7.12  2.80  0.00 -2.17 0.520  00  +1E00AM000  1.000
HIS+1A0082_045  1.000-11.85  5.96  0.01  0.00 -5.88 0.519  00  +1E00BM000  1.000
HIS+1A0082_046  1.000-11.76  0.52  0.00  0.00-11.24 0.518  00  +1E00DM000  1.000
HIS+1A0082_047  1.000-11.84  4.64  0.01  0.00 -7.19 0.522  00  +1E00EM000  1.000
HIS+1A0082_048  1.000-11.48  2.01  0.00  0.00 -9.46 0.523  00  +1E00FM000  1.000
HIS+1A0082_049  1.000-11.62  1.18  0.00  0.00-10.44 0.518  00  +1E011M000  1.000
HIS+1A0082_050  1.000-12.20  1.79  2.80  0.00 -7.62 0.519  00  +1E015M000  1.000
HIS+1A0082_051  1.000-11.84  0.96  2.80  0.00 -8.07 0.523  00  +1E016M000  1.000
HIS+1A0082_052  1.000-11.73  1.06  0.00  0.00-10.67 0.522  00  +1T002M000  1.000
HIS+1A0082_053  1.000-11.42  3.81  0.00  0.00 -7.61 0.519  00  +1T012M000  1.000
HIS+1A0082_054  1.000-11.90  1.07  0.00  0.00-10.84 0.518  00  +1T013M000  1.000
HIS+1A0082_055  1.000-12.12  4.27  2.80  0.00 -5.05 0.519  00  +1T014M000  1.000
HIS+1A0082_056  1.000-11.53  1.53  2.80  0.00 -7.20 0.521  00  +1T018M000  1.000
