iConf CONFORMER     FL  occ    crg   Em0  pKa0 ne nH    vdw0    vdw1    tors    epol   dsolv   extra    history
00001 HIS01A0082_001 f 0.00  0.000     0  0.00  0  0 -11.693   0.295   0.000   0.300   0.261   0.000 01O000M000t
00002 HIS01A0082_002 f 0.00  0.000     0  0.00  0  0 -12.170   0.282   0.000   0.220   0.271   0.000 01R001M000t
00003 HIS01A0082_003 f 0.00  0.000     0  0.00  0  0 -11.903   1.003   2.800   0.341   0.370   0.000 01E004M000t
00004 HIS01A0082_004 f 0.00  0.000     0  0.00  0  0 -11.769   1.260   0.000   0.353   0.107   0.000 01E008M000t
00005 HIS01A0082_005 f 0.00  0.000     0  0.00  0  0 -11.685   5.843   0.009   0.172   0.544   0.000 01E00BM000t
00006 HIS01A0082_006 f 0.00  0.000     0  0.00  0  0 -11.782   0.552   0.000   0.301   0.286   0.000 01E00DM000t
00007 HIS01A0082_007 f 0.00  0.000     0  0.00  0  0 -11.792   4.641   0.006   0.327   0.357   0.000 01E00EM000t
00008 HIS01A0082_008 f 0.00  0.000     0  0.00  0  0 -11.710   1.100   0.000   0.385   0.470   0.000 01E011M000t
00009 HIS01A0082_009 f 0.00  0.000     0  0.00  0  0 -11.642   3.424   0.000   0.311   0.443   0.000 01E012M000t
00010 HIS01A0082_010 f 0.00  0.000     0  0.00  0  0 -11.854   1.070   0.000   0.411   0.406   0.000 01E013M000t
00011 HIS01A0082_011 f 0.00  0.000     0  0.00  0  0 -11.791   0.978   2.800   0.301   0.271   0.000 01E016M000t
00012 HIS01A0082_012 f 0.00  0.000     0  0.00  0  0 -11.480   1.546   2.800   0.382   0.262   0.000 01E018M000t
00013 HIS01A0082_013 f 0.00  0.000     0  0.00  0  0 -11.452   6.215   2.799   0.302   0.590   0.000 01T003M000t
00014 HIS01A0082_014 f 0.00  0.000     0  0.00  0  0 -11.806   5.174   0.002  -0.178   0.276   0.000 01T006M000t
00015 HIS01A0082_015 f 0.00  0.000     0  0.00  0  0 -12.049   7.157   2.800   0.283   0.446   0.000 01T00AM000t
00016 HIS01A0082_016 f 0.00  0.000     0  0.00  0  0 -11.429   1.993   0.001   0.382   0.457   0.000 01T00FM000t
00017 HIS01A0082_017 f 0.00  0.000     0  0.00  0  0 -12.095   4.306   2.800   0.245   0.344   0.000 01T014M000t
00018 HIS01A0082_018 f 0.00  0.000     0  0.00  0  0 -12.097   1.794   2.800   0.247   0.489   0.000 01T015M000t
00019 HIS02A0082_019 f 0.00  0.000     0  0.00  0  0 -11.709   0.273   0.000   0.157   0.049   0.000 02O000M000t
00020 HIS02A0082_020 f 0.00  0.000     0  0.00  0  0 -11.818   1.056   0.000   0.211   0.138   0.000 02E002M000t
00021 HIS02A0082_021 f 0.00  0.000     0  0.00  0  0 -11.919   0.966   2.800   0.164   0.336   0.000 02E004M000t
00022 HIS02A0082_022 f 0.00  0.000     0  0.00  0  0 -11.895   0.252   0.000   0.148   0.227   0.000 02E007M000t
00023 HIS02A0082_023 f 0.00  0.000     0  0.00  0  0 -12.068   7.132   2.800   0.263   0.201   0.000 02E00AM000t
00024 HIS02A0082_024 f 0.00  0.000     0  0.00  0  0 -11.732   0.521   0.000   0.154   0.266   0.000 02E00DM000t
00025 HIS02A0082_025 f 0.00  0.000     0  0.00  0  0 -11.812   4.638   0.005   0.237   0.198   0.000 02E00EM000t
00026 HIS02A0082_026 f 0.00  0.000     0  0.00  0  0 -11.449   1.994   0.001   0.350   0.373   0.000 02E00FM000t
00027 HIS02A0082_027 f 0.00  0.000     0  0.00  0  0 -11.346   3.787   0.000   0.211   0.254   0.000 02E012M000t
00028 HIS02A0082_028 f 0.00  0.000     0  0.00  0  0 -12.178   4.263   2.799   0.278   0.416   0.000 02E014M000t
00029 HIS02A0082_029 f 0.00  0.000     0  0.00  0  0 -12.177   1.782   2.800   0.243   0.396   0.000 02E015M000t
00030 HIS02A0082_030 f 0.00  0.000     0  0.00  0  0 -11.500   1.538   2.800   0.227   0.258   0.000 02E018M000t
00031 HIS02A0082_031 f 0.00  0.000     0  0.00  0  0 -11.420   6.152   2.799   0.310   0.303   0.000 02T003M000t
00032 HIS02A0082_032 f 0.00  0.000     0  0.00  0  0 -11.763   4.967   0.005   1.224   0.238   0.000 02T006M000t
00033 HIS02A0082_033 f 0.00  0.000     0  0.00  0  0 -11.837   1.242   0.000   0.240   0.117   0.000 02T008M000t
00034 HIS02A0082_034 f 0.00  0.000     0  0.00  0  0 -11.632   5.759   0.013   0.050   0.330   0.000 02T00BM000t
00035 HIS02A0082_035 f 0.00  0.000     0  0.00  0  0 -11.598   1.187   0.000   0.353   0.465   0.000 02T011M000t
00036 HIS02A0082_036 f 0.00  0.000     0  0.00  0  0 -12.005   1.060   0.000   0.342   0.366   0.000 02T013M000t
00037 HIS02A0082_037 f 0.00  0.000     0  0.00  0  0 -11.810   0.970   2.800   0.211   0.207   0.000 02T016M000t
00038 HIS+1A0082_038 f 0.00  1.000     0  6.98  0  1 -11.736   0.271   0.000   0.457  -0.392   0.000 +1O000M000t
00039 HIS+1A0082_039 f 0.00  1.000     0  6.98  0  1 -11.439   6.172   2.800   0.372  -0.372   0.000 +1E003M000t
00040 HIS+1A0082_040 f 0.00  1.000     0  6.98  0  1 -11.945   0.964   2.800   0.404  -0.273   0.000 +1E004M000t
00041 HIS+1A0082_041 f 0.00  1.000     0  6.98  0  1 -11.874   5.051   0.004   2.117  -0.232   0.000 +1E006M000t
00042 HIS+1A0082_042 f 0.00  1.000     0  6.98  0  1 -11.921   0.249   0.000   0.488  -0.291   0.000 +1E007M000t
00043 HIS+1A0082_043 f 0.00  1.000     0  6.98  0  1 -11.815   1.247   0.000   0.590  -0.503   0.000 +1E008M000t
00044 HIS+1A0082_044 f 0.00  1.000     0  6.98  0  1 -12.094   7.126   2.800   0.516  -0.409   0.000 +1E00AM000t
00045 HIS+1A0082_045 f 0.00  1.000     0  6.98  0  1 -11.854   5.967   0.008   0.348   0.125   0.000 +1E00BM000t
00046 HIS+1A0082_046 f 0.00  1.000     0  6.98  0  1 -11.760   0.521   0.000   0.392  -0.379   0.000 +1E00DM000t
00047 HIS+1A0082_047 f 0.00  1.000     0  6.98  0  1 -11.839   4.641   0.005   0.490  -0.386   0.000 +1E00EM000t
00048 HIS+1A0082_048 f 0.00  1.000     0  6.98  0  1 -11.476   2.009   0.001   0.670  -0.295   0.000 +1E00FM000t
00049 HIS+1A0082_049 f 0.00  1.000     0  6.98  0  1 -11.622   1.180   0.000   0.379  -0.216   0.000 +1E011M000t
00050 HIS+1A0082_050 f 0.00  1.000     0  6.98  0  1 -12.204   1.782   2.800   0.503  -0.149   0.000 +1E015M000t
00051 HIS+1A0082_051 f 0.00  1.000     0  6.98  0  1 -11.836   0.961   2.800   0.424  -0.534   0.000 +1E016M000t
00052 HIS+1A0082_052 f 0.00  1.000     0  6.98  0  1 -11.728   1.064   0.000   0.477  -0.155   0.000 +1T002M000t
00053 HIS+1A0082_053 f 0.00  1.000     0  6.98  0  1 -11.421   3.804   0.000   0.204  -0.377   0.000 +1T012M000t
00054 HIS+1A0082_054 f 0.00  1.000     0  6.98  0  1 -11.900   1.066   0.000   0.350  -0.348   0.000 +1T013M000t
00055 HIS+1A0082_055 f 0.00  1.000     0  6.98  0  1 -12.116   4.269   2.800   0.506  -0.147   0.000 +1T014M000t
00056 HIS+1A0082_056 f 0.00  1.000     0  6.98  0  1 -11.526   1.521   2.800   0.457  -0.313   0.000 +1T018M000t
