iConf CONFORMER     FL  occ    crg   Em0  pKa0 ne nH    vdw0    vdw1    tors    epol   dsolv   extra    history
00001 LYS01A0042_001 f 0.00  0.000     0  0.00  0  0 -11.957   0.456   0.845  -0.013   0.013   0.000 01O000M000t
00002 LYS01A0042_002 f 0.00  0.000     0  0.00  0  0 -10.603   0.381   0.897  -0.017   0.019   0.000 01E013M000t
00003 LYS01A0042_003 f 0.00  0.000     0  0.00  0  0  -8.050   1.479   2.062   0.008  -0.082   0.000 01E054M000t
00004 LYS01A0042_004 f 0.00  0.000     0  0.00  0  0 -10.724   0.769   4.051  -0.007  -0.184   0.000 01E091M000t
00005 LYS01A0042_005 f 0.00  0.000     0  0.00  0  0 -11.371   1.400   0.921  -0.023   0.106   0.000 01E099M000t
00006 LYS01A0042_006 f 0.00  0.000     0  0.00  0  0 -10.076   0.425   4.317  -0.044   0.070   0.000 01E10AM000t
00007 LYS01A0042_007 f 0.00  0.000     0  0.00  0  0 -10.625   2.241   4.232  -0.031  -0.036   0.000 01E12EM000t
00008 LYS01A0042_008 f 0.00  0.000     0  0.00  0  0  -9.612   0.683   4.238  -0.020   0.049   0.000 01E141M000t
00009 LYS01A0042_009 f 0.00  0.000     0  0.00  0  0  -7.218   0.701   2.065  -0.021   0.060   0.000 01E147M000t
00010 LYS01A0042_010 f 0.00  0.000     0  0.00  0  0  -7.671   0.631   4.776  -0.008   0.005   0.000 01E160M000t
00011 LYS01A0042_011 f 0.00  0.000     0  0.00  0  0 -10.818   5.401   4.156  -0.012  -0.002   0.000 01T029M000t
00012 LYS01A0042_012 f 0.00  0.000     0  0.00  0  0  -7.660   1.451   3.420  -0.051   0.111   0.000 01T079M000t
00013 LYS01A0042_013 f 0.00  0.000     0  0.00  0  0 -10.732   1.485   4.018  -0.006   0.036   0.000 01T0A0M000t
00014 LYS01A0042_014 f 0.00  0.000     0  0.00  0  0 -10.014   0.365   1.470  -0.026   0.205   0.000 01T0ACM000t
00015 LYS01A0042_015 f 0.00  0.000     0  0.00  0  0  -9.951   0.441   4.206  -0.011   0.031   0.000 01T0B7M000t
00016 LYS01A0042_016 f 0.00  0.000     0  0.00  0  0  -9.786   0.524   4.257  -0.016  -0.131   0.000 01T0EFM000t
00017 LYS01A0042_017 f 0.00  0.000     0  0.00  0  0 -10.671   1.553   4.262  -0.205   0.089   0.000 01T0FCM000t
00018 LYS01A0042_018 f 0.00  0.000     0  0.00  0  0  -9.324   1.377   6.880  -0.056   0.045   0.000 01T118M000t
00019 LYS01A0042_019 f 0.00  0.000     0  0.00  0  0  -7.536   0.683   4.804  -0.009  -0.158   0.000 01T145M000t
00020 LYS01A0042_020 f 0.00  0.000     0  0.00  0  0  -7.069   0.805   4.841  -0.016   0.092   0.000 01T148M000t
00021 LYS+1A0042_021 f 0.00  1.000     0 10.40  0  1 -12.002   0.456   0.845   0.050  -0.261   0.000 +1O000M000t
00022 LYS+1A0042_022 f 0.00  1.000     0 10.40  0  1  -8.086   1.487   2.066  -0.016  -0.159   0.000 +1E054M000t
00023 LYS+1A0042_023 f 0.00  1.000     0 10.40  0  1  -7.729   1.424   3.456   0.160   0.113   0.000 +1E079M000t
00024 LYS+1A0042_024 f 0.00  1.000     0 10.40  0  1 -10.773   0.766   4.062   0.086  -0.251   0.000 +1E091M000t
00025 LYS+1A0042_025 f 0.00  1.000     0 10.40  0  1 -10.780   1.492   4.031  -0.052  -0.300   0.000 +1E0A0M000t
00026 LYS+1A0042_026 f 0.00  1.000     0 10.40  0  1  -9.798   0.514   4.264   0.060  -0.183   0.000 +1E0EFM000t
00027 LYS+1A0042_027 f 0.00  1.000     0 10.40  0  1  -9.706   0.688   4.251   0.110  -0.328   0.000 +1E141M000t
00028 LYS+1A0042_028 f 0.00  1.000     0 10.40  0  1  -7.599   0.676   4.811   0.142  -0.083   0.000 +1E145M000t
00029 LYS+1A0042_029 f 0.00  1.000     0 10.40  0  1 -10.658   0.378   0.899   0.082  -0.203   0.000 +1T013M000t
00030 LYS+1A0042_030 f 0.00  1.000     0 10.40  0  1 -10.862   5.379   4.157   0.052  -0.234   0.000 +1T029M000t
00031 LYS+1A0042_031 f 0.00  1.000     0 10.40  0  1 -11.457   1.402   0.922   0.091  -0.036   0.000 +1T099M000t
00032 LYS+1A0042_032 f 0.00  1.000     0 10.40  0  1 -10.165   0.356   1.471   0.135   0.087   0.000 +1T0ACM000t
00033 LYS+1A0042_033 f 0.00  1.000     0 10.40  0  1  -9.859   0.437   4.212   0.049  -0.337   0.000 +1T0B7M000t
00034 LYS+1A0042_034 f 0.00  1.000     0 10.40  0  1 -10.727   1.497   4.263   0.619   0.213   0.000 +1T0FCM000t
00035 LYS+1A0042_035 f 0.00  1.000     0 10.40  0  1 -10.106   0.422   4.318   0.216  -0.046   0.000 +1T10AM000t
00036 LYS+1A0042_036 f 0.00  1.000     0 10.40  0  1  -9.434   1.375   6.907   0.267  -0.155   0.000 +1T118M000t
00037 LYS+1A0042_037 f 0.00  1.000     0 10.40  0  1 -10.682   2.252   4.236   0.110  -0.043   0.000 +1T12EM000t
00038 LYS+1A0042_038 f 0.00  1.000     0 10.40  0  1  -7.314   0.696   2.066   0.114  -0.053   0.000 +1T147M000t
00039 LYS+1A0042_039 f 0.00  1.000     0 10.40  0  1  -7.341   0.805   4.848   0.088  -0.230   0.000 +1T148M000t
00040 LYS+1A0042_040 f 0.00  1.000     0 10.40  0  1  -7.736   0.637   4.793   0.041  -0.284   0.000 +1T160M000t
