   confID        vdw0    sas     sum
LYS01A0042_001   0.657 -12.614 -11.957
LYS01A0042_002   1.911 -12.514 -10.603
LYS01A0042_003   4.330 -12.379  -8.050
LYS01A0042_004   1.723 -12.447 -10.724
LYS01A0042_005   1.134 -12.506 -11.371
LYS01A0042_006   2.481 -12.557 -10.076
LYS01A0042_007   1.974 -12.599 -10.625
LYS01A0042_008   2.527 -12.139  -9.612
LYS01A0042_009   5.011 -12.229  -7.218
LYS01A0042_010   4.937 -12.607  -7.671
LYS01A0042_011   1.600 -12.418 -10.818
LYS01A0042_012   4.501 -12.162  -7.660
LYS01A0042_013   1.718 -12.450 -10.732
LYS01A0042_014   2.125 -12.139 -10.014
LYS01A0042_015   2.302 -12.254  -9.951
LYS01A0042_016   2.513 -12.299  -9.786
LYS01A0042_017   2.025 -12.696 -10.671
LYS01A0042_018   2.914 -12.237  -9.324
LYS01A0042_019   4.967 -12.502  -7.536
LYS01A0042_020   5.046 -12.115  -7.069
LYS+1A0042_021   0.612 -12.614 -12.002
LYS+1A0042_022   4.309 -12.395  -8.086
LYS+1A0042_023   4.433 -12.162  -7.729
LYS+1A0042_024   1.674 -12.447 -10.773
LYS+1A0042_025   1.670 -12.450 -10.780
LYS+1A0042_026   2.449 -12.247  -9.798
LYS+1A0042_027   2.497 -12.203  -9.706
LYS+1A0042_028   4.904 -12.502  -7.599
LYS+1A0042_029   1.856 -12.514 -10.658
LYS+1A0042_030   1.556 -12.418 -10.862
LYS+1A0042_031   1.049 -12.506 -11.457
LYS+1A0042_032   2.026 -12.191 -10.165
LYS+1A0042_033   2.260 -12.119  -9.859
LYS+1A0042_034   1.969 -12.696 -10.727
LYS+1A0042_035   2.451 -12.557 -10.106
LYS+1A0042_036   2.816 -12.250  -9.434
LYS+1A0042_037   1.917 -12.599 -10.682
LYS+1A0042_038   4.915 -12.229  -7.314
LYS+1A0042_039   4.977 -12.318  -7.341
LYS+1A0042_040   4.923 -12.659  -7.736
