CONFORMER         crg  vdw0  vdw1  tors  epol  self   occ  Hb     history    ASA
LYS01A0127_001  0.000-12.20  0.43  0.80  0.00-10.97 0.501  00  01O000M000  1.000
LYS01A0127_002  0.000-12.50  2.98  3.65  0.00 -5.88 0.502  00  01E00BM000  1.000
LYS01A0127_003  0.000-11.17  1.30  0.97  0.00 -8.90 0.501  00  01E049M000  1.000
LYS01A0127_004  0.000-11.56  0.41  3.60  0.00 -7.54 0.502  00  01E057M000  1.000
LYS01A0127_005  0.000-10.66  2.97  4.20  0.00 -3.50 0.501  00  01E0A0M000  1.000
LYS01A0127_006  0.000 -7.46  1.61  2.05  0.00 -3.80 0.501  00  01E0EEM000  1.000
LYS01A0127_007  0.000-10.52  1.28  3.72  0.00 -5.52 0.502  00  01E0F5M000  1.000
LYS01A0127_008  0.000-10.83  2.05  7.08  0.00 -1.71 0.502  00  01E11DM000  1.000
LYS01A0127_009  0.000-10.13  2.40  3.72  0.00 -4.00 0.502  00  01E11FM000  1.000
LYS01A0127_010  0.000 -9.83  0.44  4.29  0.00 -5.09 0.501  00  01E133M000  1.000
LYS01A0127_011  0.000-10.20  1.26  0.97  0.00 -7.97 0.501  00  01E13FM000  1.000
LYS01A0127_012  0.000 -7.70  3.03  2.07  0.00 -2.59 0.502  00  01E15DM000  1.000
LYS01A0127_013  0.000-10.77  0.49  0.87  0.00 -9.41 0.501  00  01T01FM000  1.000
LYS01A0127_014  0.000-10.10  3.00  1.50  0.00 -5.60 0.502  00  01T050M000  1.000
LYS01A0127_015  0.000-10.92  0.72  4.24  0.00 -5.95 0.502  00  01T079M000  1.000
LYS01A0127_016  0.000 -9.95  0.44  3.67  0.00 -5.84 0.502  00  01T0C8M000  1.000
LYS01A0127_017  0.000 -7.76  0.71  2.08  0.00 -4.97 0.502  00  01T108M000  1.000
LYS01A0127_018  0.000-10.58  1.83  7.12  0.00 -1.63 0.501  00  01T111M000  1.000
LYS01A0127_019  0.000-10.52  2.31  4.28  0.00 -3.92 0.503  00  01T123M000  1.000
LYS01A0127_020  0.000 -7.64  0.62  4.88  0.00 -2.14 0.501  00  01T14FM000  1.000
LYS+1A0127_021  1.000-12.25  0.43  0.80  0.00-11.01 0.501  00  +1O000M000  1.000
LYS+1A0127_022  1.000-12.55  2.97  3.65  0.00 -5.93 0.502  00  +1E00BM000  1.000
LYS+1A0127_023  1.000-11.17  1.30  0.98  0.00 -8.90 0.501  00  +1E049M000  1.000
LYS+1A0127_024  1.000-10.14  3.04  1.50  0.00 -5.59 0.502  00  +1E050M000  1.000
LYS+1A0127_025  1.000-11.61  0.41  3.60  0.00 -7.59 0.502  00  +1E057M000  1.000
LYS+1A0127_026  1.000-11.04  0.72  4.24  0.00 -6.07 0.502  00  +1E079M000  1.000
LYS+1A0127_027  1.000-10.62  1.27  3.72  0.00 -5.64 0.502  00  +1E0F5M000  1.000
LYS+1A0127_028  1.000-10.64  1.82  7.13  0.00 -1.69 0.501  00  +1E111M000  1.000
LYS+1A0127_029  1.000-10.89  2.00  7.08  0.00 -1.81 0.502  00  +1E11DM000  1.000
LYS+1A0127_030  1.000-10.60  2.30  4.28  0.00 -4.02 0.503  00  +1E123M000  1.000
LYS+1A0127_031  1.000 -9.89  0.44  4.29  0.00 -5.16 0.501  00  +1E133M000  1.000
LYS+1A0127_032  1.000 -7.71  0.62  4.88  0.00 -2.20 0.501  00  +1E14FM000  1.000
LYS+1A0127_033  1.000 -7.73  3.08  2.08  0.00 -2.57 0.502  00  +1E15DM000  1.000
LYS+1A0127_034  1.000-10.82  0.50  0.87  0.00 -9.46 0.501  00  +1T01FM000  1.000
LYS+1A0127_035  1.000-10.71  2.99  4.20  0.00 -3.51 0.501  00  +1T0A0M000  1.000
LYS+1A0127_036  1.000 -9.97  0.44  3.67  0.00 -5.86 0.502  00  +1T0C8M000  1.000
LYS+1A0127_037  1.000 -7.55  1.75  2.05  0.00 -3.75 0.501  00  +1T0EEM000  1.000
LYS+1A0127_038  1.000 -7.83  0.70  2.08  0.00 -5.04 0.502  00  +1T108M000  1.000
LYS+1A0127_039  1.000-10.22  2.40  3.72  0.00 -4.10 0.502  00  +1T11FM000  1.000
LYS+1A0127_040  1.000-10.22  1.28  0.98  0.00 -7.97 0.501  00  +1T13FM000  1.000
