iConf CONFORMER     FL  occ    crg   Em0  pKa0 ne nH    vdw0    vdw1    tors    epol   dsolv   extra    history
00001 LYS01A0127_001 f 0.00  0.000     0  0.00  0  0 -12.201   0.430   0.803  -0.012   0.016   0.000 01O000M000t
00002 LYS01A0127_002 f 0.00  0.000     0  0.00  0  0 -12.440   2.975   3.651  -0.016   0.044   0.000 01E00BM000t
00003 LYS01A0127_003 f 0.00  0.000     0  0.00  0  0 -11.171   1.295   0.973  -0.038  -0.173   0.000 01E049M000t
00004 LYS01A0127_004 f 0.00  0.000     0  0.00  0  0 -11.552   0.412   3.603  -0.017   0.054   0.000 01E057M000t
00005 LYS01A0127_005 f 0.00  0.000     0  0.00  0  0 -10.662   2.971   4.199   0.005  -0.064   0.000 01E0A0M000t
00006 LYS01A0127_006 f 0.00  0.000     0  0.00  0  0  -7.465   1.602   2.050   0.291   0.108   0.000 01E0EEM000t
00007 LYS01A0127_007 f 0.00  0.000     0  0.00  0  0 -10.520   1.276   3.716  -0.048   0.001   0.000 01E0F5M000t
00008 LYS01A0127_008 f 0.00  0.000     0  0.00  0  0 -10.829   2.048   7.077  -0.060   0.081   0.000 01E11DM000t
00009 LYS01A0127_009 f 0.00  0.000     0  0.00  0  0 -10.132   2.406   3.718  -0.056  -0.091   0.000 01E11FM000t
00010 LYS01A0127_010 f 0.00  0.000     0  0.00  0  0  -9.867   0.441   4.293  -0.038  -0.128   0.000 01E133M000t
00011 LYS01A0127_011 f 0.00  0.000     0  0.00  0  0 -10.199   1.260   0.974  -0.044  -0.079   0.000 01E13FM000t
00012 LYS01A0127_012 f 0.00  0.000     0  0.00  0  0  -7.691   3.040   2.074   0.094  -0.078   0.000 01E15DM000t
00013 LYS01A0127_013 f 0.00  0.000     0  0.00  0  0 -10.776   0.494   0.869  -0.014  -0.035   0.000 01T01FM000t
00014 LYS01A0127_014 f 0.00  0.000     0  0.00  0  0 -10.059   2.994   1.501  -0.009  -0.083   0.000 01T050M000t
00015 LYS01A0127_015 f 0.00  0.000     0  0.00  0  0 -10.917   0.721   4.245  -0.017   0.026   0.000 01T079M000t
00016 LYS01A0127_016 f 0.00  0.000     0  0.00  0  0  -9.946   0.437   3.672  -0.026  -0.026   0.000 01T0C8M000t
00017 LYS01A0127_017 f 0.00  0.000     0  0.00  0  0  -7.770   0.708   2.082  -0.021   0.135   0.000 01T108M000t
00018 LYS01A0127_018 f 0.00  0.000     0  0.00  0  0 -10.584   1.837   7.123  -0.024  -0.053   0.000 01T111M000t
00019 LYS01A0127_019 f 0.00  0.000     0  0.00  0  0 -10.518   2.309   4.282  -0.020   0.184   0.000 01T123M000t
00020 LYS01A0127_020 f 0.00  0.000     0  0.00  0  0  -7.635   0.622   4.881  -0.012  -0.191   0.000 01T14FM000t
00021 LYS+1A0127_021 f 0.00  1.000     0 10.40  0  1 -12.246   0.429   0.803   0.043  -0.209   0.000 +1O000M000t
00022 LYS+1A0127_022 f 0.00  1.000     0 10.40  0  1 -12.550   2.979   3.651   0.103  -0.302   0.000 +1E00BM000t
00023 LYS+1A0127_023 f 0.00  1.000     0 10.40  0  1 -11.173   1.302   0.977   0.175  -0.153   0.000 +1E049M000t
00024 LYS+1A0127_024 f 0.00  1.000     0 10.40  0  1 -10.140   3.043   1.503   0.039  -0.183   0.000 +1E050M000t
00025 LYS+1A0127_025 f 0.00  1.000     0 10.40  0  1 -11.603   0.410   3.603   0.037  -0.239   0.000 +1E057M000t
00026 LYS+1A0127_026 f 0.00  1.000     0 10.40  0  1 -11.039   0.721   4.245   0.064  -0.181   0.000 +1E079M000t
00027 LYS+1A0127_027 f 0.00  1.000     0 10.40  0  1 -10.555   1.262   3.719   0.344   0.171   0.000 +1E0F5M000t
00028 LYS+1A0127_028 f 0.00  1.000     0 10.40  0  1 -10.637   1.819   7.125   0.114  -0.189   0.000 +1E111M000t
00029 LYS+1A0127_029 f 0.00  1.000     0 10.40  0  1 -10.886   2.001   7.078   0.258  -0.173   0.000 +1E11DM000t
00030 LYS+1A0127_030 f 0.00  1.000     0 10.40  0  1 -10.604   2.301   4.284   0.090  -0.049   0.000 +1E123M000t
00031 LYS+1A0127_031 f 0.00  1.000     0 10.40  0  1  -9.894   0.434   4.293   0.194  -0.091   0.000 +1E133M000t
00032 LYS+1A0127_032 f 0.00  1.000     0 10.40  0  1  -7.703   0.622   4.882   0.016  -0.471   0.000 +1E14FM000t
00033 LYS+1A0127_033 f 0.00  1.000     0 10.40  0  1  -7.733   3.087   2.077  -0.407   0.168   0.000 +1E15DM000t
00034 LYS+1A0127_034 f 0.00  1.000     0 10.40  0  1 -10.820   0.497   0.869   0.054  -0.205   0.000 +1T01FM000t
00035 LYS+1A0127_035 f 0.00  1.000     0 10.40  0  1 -10.711   2.998   4.204  -0.029  -0.255   0.000 +1T0A0M000t
00036 LYS+1A0127_036 f 0.00  1.000     0 10.40  0  1  -9.969   0.444   3.670   0.055  -0.084   0.000 +1T0C8M000t
00037 LYS+1A0127_037 f 0.00  1.000     0 10.40  0  1  -7.557   1.750   2.053   0.463   1.034   0.000 +1T0EEM000t
00038 LYS+1A0127_038 f 0.00  1.000     0 10.40  0  1  -7.815   0.706   2.082   0.065  -0.066   0.000 +1T108M000t
00039 LYS+1A0127_039 f 0.00  1.000     0 10.40  0  1 -10.293   2.403   3.719   0.170  -0.076   0.000 +1T11FM000t
00040 LYS+1A0127_040 f 0.00  1.000     0 10.40  0  1 -10.219   1.276   0.977   0.163   0.231   0.000 +1T13FM000t
