iConf CONFORMER     FL  occ    crg   Em0  pKa0 ne nH    vdw0    vdw1    tors    epol   dsolv   extra    history
00001 HIS01A0220_001 f 0.00  0.000     0  0.00  0  0 -11.249  -0.213   0.141   0.498   0.554   0.000 01O000M000t
00002 HIS01A0220_002 f 0.00  0.000     0  0.00  0  0 -11.724  -0.176   0.141   0.346   0.290   0.000 01R001M000t
00003 HIS01A0220_003 f 0.00  0.000     0  0.00  0  0 -11.256   0.995   2.639   0.291   0.454   0.000 01E004M000t
00004 HIS01A0220_004 f 0.00  0.000     0  0.00  0  0 -11.575   2.556   0.093   0.557   0.654   0.000 01E007M000t
00005 HIS01A0220_005 f 0.00  0.000     0  0.00  0  0 -11.676   4.766   0.073   0.246   0.681   0.000 01E008M000t
00006 HIS01A0220_006 f 0.00  0.000     0  0.00  0  0 -11.560   1.707   0.089   0.310   0.423   0.000 01E00AM000t
00007 HIS01A0220_007 f 0.00  0.000     0  0.00  0  0 -12.121   0.222   0.103   0.123   0.519   0.000 01E00DM000t
00008 HIS01A0220_008 f 0.00  0.000     0  0.00  0  0 -11.864  -0.040   0.125   0.375   0.424   0.000 01E00EM000t
00009 HIS01A0220_009 f 0.00  0.000     0  0.00  0  0 -12.102   2.351   2.572   0.230   0.555   0.000 01E011M000t
00010 HIS01A0220_010 f 0.00  0.000     0  0.00  0  0 -11.824   1.574   2.616   0.290   0.512   0.000 01E012M000t
00011 HIS01A0220_011 f 0.00  0.000     0  0.00  0  0 -11.904   1.677   2.541   0.424   0.371   0.000 01E014M000t
00012 HIS01A0220_012 f 0.00  0.000     0  0.00  0  0 -11.899   4.116   0.075   0.100   0.499   0.000 01E017M000t
00013 HIS01A0220_013 f 0.00  0.000     0  0.00  0  0 -11.738   3.190   2.639   0.276   0.593   0.000 01T002M000t
00014 HIS01A0220_014 f 0.00  0.000     0  0.00  0  0 -11.496   3.177   2.637   0.228   0.518   0.000 01T00BM000t
00015 HIS01A0220_015 f 0.00  0.000     0  0.00  0  0 -12.080   3.035   0.102  -0.309   0.575   0.000 01T00CM000t
00016 HIS01A0220_016 f 0.00  0.000     0  0.00  0  0 -11.746   2.144   0.107   0.563   0.420   0.000 01T00FM000t
00017 HIS01A0220_017 f 0.00  0.000     0  0.00  0  0 -12.132  -0.045   0.107   0.428   0.363   0.000 01T010M000t
00018 HIS01A0220_018 f 0.00  0.000     0  0.00  0  0 -11.765   0.773   0.075   0.412   0.464   0.000 01T019M000t
00019 HIS01A0220_019 f 0.00  0.000     0  0.00  0  0 -11.695   5.482   2.630   0.322   0.464   0.000 01T01CM000t
00020 HIS02A0220_020 f 0.00  0.000     0  0.00  0  0 -11.268  -0.256   0.141   0.311   0.224   0.000 02O000M000t
00021 HIS02A0220_021 f 0.00  0.000     0  0.00  0  0 -11.738  -0.196   0.141   0.209   0.348   0.000 02R001M000t
00022 HIS02A0220_022 f 0.00  0.000     0  0.00  0  0 -11.717   2.686   0.086  -0.123   0.496   0.000 02E007M000t
00023 HIS02A0220_023 f 0.00  0.000     0  0.00  0  0 -11.810   3.018   0.105   0.776   0.557   0.000 02E00CM000t
00024 HIS02A0220_024 f 0.00  0.000     0  0.00  0  0 -12.136   0.161   0.098   0.149   0.424   0.000 02E00DM000t
00025 HIS02A0220_025 f 0.00  0.000     0  0.00  0  0 -11.947  -0.053   0.123   0.247   0.266   0.000 02E00EM000t
00026 HIS02A0220_026 f 0.00  0.000     0  0.00  0  0 -12.174  -0.057   0.105   0.221   0.306   0.000 02E010M000t
00027 HIS02A0220_027 f 0.00  0.000     0  0.00  0  0 -12.162   2.261   2.576   0.334   0.345   0.000 02E011M000t
00028 HIS02A0220_028 f 0.00  0.000     0  0.00  0  0 -12.172   1.691   2.550   0.327   0.306   0.000 02E014M000t
00029 HIS02A0220_029 f 0.00  0.000     0  0.00  0  0 -11.798   3.973   0.065   0.877   0.513   0.000 02E017M000t
00030 HIS02A0220_030 f 0.00  0.000     0  0.00  0  0 -11.726   0.765   0.080   0.374   0.325   0.000 02E019M000t
00031 HIS02A0220_031 f 0.00  0.000     0  0.00  0  0 -11.622   5.603   2.623   0.237   0.300   0.000 02E01CM000t
00032 HIS02A0220_032 f 0.00  0.000     0  0.00  0  0 -11.799   3.243   2.634  -0.045   0.451   0.000 02T002M000t
00033 HIS02A0220_033 f 0.00  0.000     0  0.00  0  0 -11.288   0.970   2.634   0.301   0.298   0.000 02T004M000t
00034 HIS02A0220_034 f 0.00  0.000     0  0.00  0  0 -11.876   4.872   0.060   0.081   0.682   0.000 02T008M000t
00035 HIS02A0220_035 f 0.00  0.000     0  0.00  0  0 -11.344   1.673   0.088   0.136   0.298   0.000 02T00AM000t
00036 HIS02A0220_036 f 0.00  0.000     0  0.00  0  0 -11.566   3.162   2.632   0.055   0.288   0.000 02T00BM000t
00037 HIS02A0220_037 f 0.00  0.000     0  0.00  0  0 -11.765   2.155   0.110   0.534   0.358   0.000 02T00FM000t
00038 HIS02A0220_038 f 0.00  0.000     0  0.00  0  0 -11.960   1.542   2.611   0.304   0.382   0.000 02T012M000t
00039 HIS+1A0220_039 f 0.00  1.000     0  6.98  0  1 -11.295  -0.259   0.141   0.652  -0.270   0.000 +1O000M000t
00040 HIS+1A0220_040 f 0.00  1.000     0  6.98  0  1 -11.247   0.970   2.639   0.692  -0.269   0.000 +1E004M000t
00041 HIS+1A0220_041 f 0.00  1.000     0  6.98  0  1 -11.560   3.150   2.641   0.858  -0.304   0.000 +1E00BM000t
00042 HIS+1A0220_042 f 0.00  1.000     0  6.98  0  1 -11.900   2.980   0.110   1.651   0.091   0.000 +1E00CM000t
00043 HIS+1A0220_043 f 0.00  1.000     0  6.98  0  1 -12.163   0.159   0.105   0.848  -0.228   0.000 +1E00DM000t
00044 HIS+1A0220_044 f 0.00  1.000     0  6.98  0  1 -11.971  -0.062   0.126   0.900  -0.298   0.000 +1E00EM000t
00045 HIS+1A0220_045 f 0.00  1.000     0  6.98  0  1 -12.181  -0.058   0.108   0.864  -0.357   0.000 +1E010M000t
00046 HIS+1A0220_046 f 0.00  1.000     0  6.98  0  1 -12.241   2.273   2.581   0.720  -0.196   0.000 +1E011M000t
00047 HIS+1A0220_047 f 0.00  1.000     0  6.98  0  1 -11.802   1.529   2.621   0.679  -0.158   0.000 +1E012M000t
00048 HIS+1A0220_048 f 0.00  1.000     0  6.98  0  1 -12.151   1.698   2.557   0.691  -0.339   0.000 +1E014M000t
00049 HIS+1A0220_049 f 0.00  1.000     0  6.98  0  1 -11.752   0.773   0.084   0.731  -0.314   0.000 +1E019M000t
00050 HIS+1A0220_050 f 0.00  1.000     0  6.98  0  1 -11.942   3.243   2.641   0.760  -0.272   0.000 +1T002M000t
00051 HIS+1A0220_051 f 0.00  1.000     0  6.98  0  1 -11.744   2.695   0.088   0.117   0.218   0.000 +1T007M000t
00052 HIS+1A0220_052 f 0.00  1.000     0  6.98  0  1 -11.887   5.076   0.067   0.441   0.339   0.000 +1T008M000t
00053 HIS+1A0220_053 f 0.00  1.000     0  6.98  0  1 -11.440  -0.347   0.124   0.596  -0.213   0.000 +1T009M000t
00054 HIS+1A0220_054 f 0.00  1.000     0  6.98  0  1 -11.438   1.669   0.090   0.393  -0.210   0.000 +1T00AM000t
00055 HIS+1A0220_055 f 0.00  1.000     0  6.98  0  1 -11.791   2.123   0.113   1.125  -0.246   0.000 +1T00FM000t
00056 HIS+1A0220_056 f 0.00  1.000     0  6.98  0  1 -11.942   4.099   0.073   1.356   0.014   0.000 +1T017M000t
00057 HIS+1A0220_057 f 0.00  1.000     0  6.98  0  1 -11.846   5.649   2.627   0.346  -0.295   0.000 +1T01CM000t
