CONFORMER         crg  vdw0  vdw1  tors  epol  self   occ  Hb     history    ASA
HIS01A0220_001  0.000-11.25 -0.21  0.14  0.00-11.32 0.516  00  01O000M000  1.000
HIS01A0220_002  0.000-11.72 -0.18  0.14  0.00-11.76 0.517  00  01R001M000  1.000
HIS01A0220_003  0.000-11.26  1.00  2.64  0.00 -7.62 0.517  00  01E004M000  1.000
HIS01A0220_004  0.000-11.62  2.55  0.09  0.00 -8.98 0.519  00  01E007M000  1.000
HIS01A0220_005  0.000-11.68  4.76  0.07  0.00 -6.85 0.519  00  01E008M000  1.000
HIS01A0220_006  0.000-11.56  1.71  0.09  0.00 -9.76 0.516  00  01E00AM000  1.000
HIS01A0220_007  0.000-12.12  0.22  0.10  0.00-11.80 0.518  00  01E00DM000  1.000
HIS01A0220_008  0.000-11.86 -0.04  0.12  0.00-11.78 0.517  00  01E00EM000  1.000
HIS01A0220_009  0.000-12.15  2.35  2.57  0.00 -7.22 0.516  00  01E011M000  1.000
HIS01A0220_010  0.000-11.82  1.58  2.62  0.00 -7.63 0.517  00  01E012M000  1.000
HIS01A0220_011  0.000-11.95  1.67  2.54  0.00 -7.74 0.516  00  01E014M000  1.000
HIS01A0220_012  0.000-11.90  4.12  0.07  0.00 -7.70 0.519  00  01E017M000  1.000
HIS01A0220_013  0.000-11.74  3.19  2.64  0.00 -5.91 0.518  00  01T002M000  1.000
HIS01A0220_014  0.000-11.50  3.17  2.64  0.00 -5.68 0.517  00  01T00BM000  1.000
HIS01A0220_015  0.000-12.08  3.03  0.10  0.00 -8.95 0.518  00  01T00CM000  1.000
HIS01A0220_016  0.000-11.75  2.14  0.11  0.00 -9.50 0.519  00  01T00FM000  1.000
HIS01A0220_017  0.000-12.13 -0.05  0.11  0.00-12.07 0.515  00  01T010M000  1.000
HIS01A0220_018  0.000-11.77  0.77  0.07  0.00-10.92 0.514  00  01T019M000  1.000
HIS01A0220_019  0.000-11.70  5.48  2.63  0.00 -3.58 0.517  00  01T01CM000  1.000
HIS02A0220_020  0.000-11.27 -0.26  0.14  0.00-11.38 0.516  00  02O000M000  1.000
HIS02A0220_021  0.000-11.74 -0.20  0.14  0.00-11.79 0.517  00  02R001M000  1.000
HIS02A0220_022  0.000-11.72  2.69  0.09  0.00 -8.94 0.519  00  02E007M000  1.000
HIS02A0220_023  0.000-11.81  3.01  0.11  0.00 -8.69 0.518  00  02E00CM000  1.000
HIS02A0220_024  0.000-12.14  0.16  0.10  0.00-11.88 0.518  00  02E00DM000  1.000
HIS02A0220_025  0.000-11.95 -0.05  0.12  0.00-11.88 0.517  00  02E00EM000  1.000
HIS02A0220_026  0.000-12.17 -0.06  0.10  0.00-12.13 0.515  00  02E010M000  1.000
HIS02A0220_027  0.000-12.10  2.26  2.58  0.00 -7.26 0.516  00  02E011M000  1.000
HIS02A0220_028  0.000-12.17  1.69  2.55  0.00 -7.93 0.516  00  02E014M000  1.000
HIS02A0220_029  0.000-11.80  3.98  0.07  0.00 -7.76 0.519  00  02E017M000  1.000
HIS02A0220_030  0.000-11.73  0.77  0.08  0.00-10.88 0.514  00  02E019M000  1.000
HIS02A0220_031  0.000-11.62  5.61  2.62  0.00 -3.39 0.517  00  02E01CM000  1.000
HIS02A0220_032  0.000-11.80  3.24  2.63  0.00 -5.93 0.518  00  02T002M000  1.000
HIS02A0220_033  0.000-11.29  0.97  2.63  0.00 -7.68 0.517  00  02T004M000  1.000
HIS02A0220_034  0.000-11.88  4.87  0.06  0.00 -6.94 0.519  00  02T008M000  1.000
HIS02A0220_035  0.000-11.34  1.68  0.09  0.00 -9.58 0.516  00  02T00AM000  1.000
HIS02A0220_036  0.000-11.57  3.15  2.63  0.00 -5.78 0.517  00  02T00BM000  1.000
HIS02A0220_037  0.000-11.76  2.15  0.11  0.00 -9.51 0.519  00  02T00FM000  1.000
HIS02A0220_038  0.000-12.02  1.54  2.61  0.00 -7.87 0.517  00  02T012M000  1.000
HIS+1A0220_039  1.000-11.30 -0.26  0.14  0.00-11.41 0.516  00  +1O000M000  1.000
HIS+1A0220_040  1.000-11.25  0.97  2.64  0.00 -7.64 0.517  00  +1E004M000  1.000
HIS+1A0220_041  1.000-11.56  3.15  2.64  0.00 -5.77 0.517  00  +1E00BM000  1.000
HIS+1A0220_042  1.000-11.90  2.98  0.11  0.00 -8.81 0.518  00  +1E00CM000  1.000
HIS+1A0220_043  1.000-12.16  0.16  0.10  0.00-11.90 0.518  00  +1E00DM000  1.000
HIS+1A0220_044  1.000-11.97 -0.06  0.13  0.00-11.91 0.517  00  +1E00EM000  1.000
HIS+1A0220_045  1.000-12.18 -0.06  0.11  0.00-12.13 0.515  00  +1E010M000  1.000
HIS+1A0220_046  1.000-12.24  2.27  2.58  0.00 -7.39 0.516  00  +1E011M000  1.000
HIS+1A0220_047  1.000-11.80  1.53  2.62  0.00 -7.65 0.517  00  +1E012M000  1.000
HIS+1A0220_048  1.000-12.15  1.69  2.56  0.00 -7.90 0.516  00  +1E014M000  1.000
HIS+1A0220_049  1.000-11.75  0.77  0.08  0.00-10.90 0.514  00  +1E019M000  1.000
HIS+1A0220_050  1.000-11.94  3.24  2.64  0.00 -6.06 0.518  00  +1T002M000  1.000
HIS+1A0220_051  1.000-11.74  2.69  0.09  0.00 -8.96 0.519  00  +1T007M000  1.000
HIS+1A0220_052  1.000-11.89  5.08  0.07  0.00 -6.74 0.519  00  +1T008M000  1.000
HIS+1A0220_053  1.000-11.44 -0.35  0.12  0.00-11.67 0.517  00  +1T009M000  1.000
HIS+1A0220_054  1.000-11.44  1.67  0.09  0.00 -9.68 0.516  00  +1T00AM000  1.000
HIS+1A0220_055  1.000-11.79  2.12  0.11  0.00 -9.56 0.519  00  +1T00FM000  1.000
HIS+1A0220_056  1.000-11.94  4.10  0.07  0.00 -7.77 0.519  00  +1T017M000  1.000
HIS+1A0220_057  1.000-11.85  5.65  2.63  0.00 -3.57 0.517  00  +1T01CM000  1.000
