   confID        vdw0    sas     sum
HIS01A0220_001  -0.130 -11.119 -11.249
HIS01A0220_002  -0.091 -11.633 -11.724
HIS01A0220_003  -0.135 -11.122 -11.256
HIS01A0220_004  -0.308 -11.267 -11.575
HIS01A0220_005  -0.242 -11.434 -11.676
HIS01A0220_006  -0.210 -11.350 -11.560
HIS01A0220_007  -0.256 -11.865 -12.121
HIS01A0220_008  -0.091 -11.773 -11.864
HIS01A0220_009  -0.314 -11.789 -12.102
HIS01A0220_010  -0.258 -11.566 -11.824
HIS01A0220_011  -0.211 -11.693 -11.904
HIS01A0220_012  -0.247 -11.652 -11.899
HIS01A0220_013  -0.113 -11.624 -11.738
HIS01A0220_014  -0.087 -11.409 -11.496
HIS01A0220_015  -0.315 -11.764 -12.080
HIS01A0220_016  -0.214 -11.533 -11.746
HIS01A0220_017  -0.129 -12.003 -12.132
HIS01A0220_018  -0.210 -11.555 -11.765
HIS01A0220_019  -0.111 -11.584 -11.695
HIS02A0220_020  -0.149 -11.119 -11.268
HIS02A0220_021  -0.105 -11.633 -11.738
HIS02A0220_022  -0.324 -11.393 -11.717
HIS02A0220_023  -0.328 -11.481 -11.810
HIS02A0220_024  -0.272 -11.865 -12.136
HIS02A0220_025  -0.110 -11.837 -11.947
HIS02A0220_026  -0.150 -12.024 -12.174
HIS02A0220_027  -0.326 -11.836 -12.162
HIS02A0220_028  -0.233 -11.938 -12.172
HIS02A0220_029  -0.262 -11.535 -11.798
HIS02A0220_030  -0.228 -11.498 -11.726
HIS02A0220_031  -0.137 -11.485 -11.622
HIS02A0220_032  -0.138 -11.661 -11.799
HIS02A0220_033  -0.150 -11.138 -11.288
HIS02A0220_034  -0.261 -11.615 -11.876
HIS02A0220_035  -0.229 -11.115 -11.344
HIS02A0220_036  -0.105 -11.461 -11.566
HIS02A0220_037  -0.233 -11.533 -11.765
HIS02A0220_038  -0.274 -11.686 -11.960
HIS+1A0220_039  -0.176 -11.119 -11.295
HIS+1A0220_040  -0.177 -11.070 -11.247
HIS+1A0220_041  -0.132 -11.428 -11.560
HIS+1A0220_042  -0.355 -11.545 -11.900
HIS+1A0220_043  -0.298 -11.865 -12.163
HIS+1A0220_044  -0.135 -11.837 -11.971
HIS+1A0220_045  -0.178 -12.003 -12.181
HIS+1A0220_046  -0.354 -11.887 -12.241
HIS+1A0220_047  -0.300 -11.502 -11.802
HIS+1A0220_048  -0.261 -11.889 -12.151
HIS+1A0220_049  -0.254 -11.498 -11.752
HIS+1A0220_050  -0.165 -11.777 -11.942
HIS+1A0220_051  -0.351 -11.393 -11.744
HIS+1A0220_052  -0.288 -11.599 -11.887
HIS+1A0220_053  -0.131 -11.309 -11.440
HIS+1A0220_054  -0.256 -11.183 -11.438
HIS+1A0220_055  -0.258 -11.533 -11.791
HIS+1A0220_056  -0.290 -11.652 -11.942
HIS+1A0220_057  -0.165 -11.681 -11.846
