iConf CONFORMER     FL  occ    crg   Em0  pKa0 ne nH    vdw0    vdw1    tors    epol   dsolv   extra    history
00001 ASP01A0276_001 f 0.00  0.000     0  0.00  0  0  -4.120   2.374   5.634   0.467  -0.357   0.000 01O000M000t
00002 ASP01A0276_002 f 0.00  0.000     0  0.00  0  0  -4.291   2.171   3.751   0.378  -0.369   0.000 01E001M000t
00003 ASP01A0276_003 f 0.00  0.000     0  0.00  0  0  -4.120   2.374   2.914   0.236   0.425   0.000 01O000M000t
00004 ASP01A0276_004 f 0.00  0.000     0  0.00  0  0  -4.344   2.277   1.053   0.192   0.396   0.000 01E001M000t
00005 ASP01A0276_005 f 0.00  0.000     0  0.00  0  0  -4.287   1.837   1.087   0.361   0.480   0.000 01E003M000t
00006 ASP01A0276_006 f 0.00  0.000     0  0.00  0  0  -4.260   1.558   3.794   0.633  -0.343   0.000 01T003M000t
00007 ASP01A0276_007 f 0.00  0.000     0  0.00  0  0  -4.042   2.585   3.041   0.411  -0.549   0.000 01T005M000t
00008 ASP01A0276_008 f 0.00  0.000     0  0.00  0  0  -3.858   1.817   3.739   0.232  -0.547   0.000 01T002M000t
00009 ASP01A0276_009 f 0.00  0.000     0  0.00  0  0  -3.858   1.817   1.019   0.164   0.436   0.000 01T002M000t
00010 ASP01A0276_010 f 0.00  0.000     0  0.00  0  0  -4.061   2.315   0.394   0.351   0.499   0.000 01T005M000t
00011 ASP02A0276_011 f 0.00  0.000     0  0.00  0  0  -4.084   2.170   5.634   0.301  -0.675   0.000 02O000M000t
00012 ASP02A0276_012 f 0.00  0.000     0  0.00  0  0  -4.137   1.786   3.774   0.306  -0.683   0.000 02E002M000t
00013 ASP02A0276_013 f 0.00  0.000     0  0.00  0  0  -4.049   2.170   2.914   0.253   0.475   0.000 02O000M000t
00014 ASP02A0276_014 f 0.00  0.000     0  0.00  0  0  -4.125   1.862   1.073   0.184   0.464   0.000 02E002M000t
00015 ASP02A0276_015 f 0.00  0.000     0  0.00  0  0  -4.188   1.420   1.087   0.366   0.509   0.000 02E003M000t
00016 ASP02A0276_016 f 0.00  0.000     0  0.00  0  0  -4.578   1.843   3.740   0.204  -0.655   0.000 02T001M000t
00017 ASP02A0276_017 f 0.00  0.000     0  0.00  0  0  -4.177   1.424   3.806   0.527  -0.592   0.000 02T003M000t
00018 ASP02A0276_018 f 0.00  0.000     0  0.00  0  0  -4.127   3.228   3.101   0.716  -0.064   0.000 02T005M000t
00019 ASP02A0276_019 f 0.00  0.000     0  0.00  0  0  -4.440   2.155   1.004   0.164   0.530   0.000 02T001M000t
00020 ASP02A0276_020 f 0.00  0.000     0  0.00  0  0  -4.178   3.228   0.381   0.339   0.589   0.000 02T005M000t
00021 ASP-1A0276_021 f 0.00 -1.000     0  4.75  0 -1  -3.982   2.186   2.914  -0.282  -0.006   0.000 -1O000M000t
00022 ASP-1A0276_022 f 0.00 -1.000     0  4.75  0 -1  -4.385   1.889   0.928  -0.315   0.086   0.000 -1E001M000t
00023 ASP-1A0276_023 f 0.00 -1.000     0  4.75  0 -1  -3.920   1.550   0.950  -0.330   0.195   0.000 -1E002M000t
00024 ASP-1A0276_024 f 0.00 -1.000     0  4.75  0 -1  -3.476   2.630   1.114  -0.353   0.177   0.000 -1E004M000t
00025 ASP-1A0276_025 f 0.00 -1.000     0  4.75  0 -1  -3.667   0.780   0.933  -0.357   0.108   0.000 -1E006M000t
