CONFORMER         crg  vdw0  vdw1  tors  epol  self   occ  Hb     history    ASA
ASP01A0276_001  0.000 -4.12  2.38  5.63  0.00  3.89 0.000  00  01O000M000  1.000
ASP01A0276_002  0.000 -4.29  2.17  3.75  0.00  1.63 0.587  00  01E001M000  1.052
ASP01A0276_003  0.000 -4.12  2.38  2.91  0.00  1.17 0.000  00  01O000M000  1.000
ASP01A0276_004  0.000 -4.34  2.28  1.05  0.00 -1.01 0.587  00  01E001M000  1.055
ASP01A0276_005  0.000 -4.29  1.83  1.09  0.00 -1.37 0.581  00  01E003M000  1.000
ASP01A0276_006  0.000 -4.26  1.56  3.79  0.00  1.09 0.581  00  01T003M000  1.000
ASP01A0276_007  0.000 -4.04  2.59  3.04  0.00  1.58 0.586  00  01T005M000  1.000
ASP01A0276_008  0.000 -3.86  1.81  3.74  0.00  1.69 0.578  00  01T002M000  1.025
ASP01A0276_009  0.000 -3.86  1.81  1.02  0.00 -1.03 0.578  00  01T002M000  1.025
ASP01A0276_010  0.000 -4.06  2.31  0.39  0.00 -1.36 0.586  00  01T005M000  1.000
ASP02A0276_011  0.000 -4.08  2.17  5.63  0.00  3.72 0.000  00  02O000M000  1.008
ASP02A0276_012  0.000 -4.14  1.79  3.77  0.00  1.42 0.578  00  02E002M000  1.044
ASP02A0276_013  0.000 -4.05  2.17  2.91  0.00  1.04 0.000  00  02O000M000  1.000
ASP02A0276_014  0.000 -4.13  1.86  1.07  0.00 -1.20 0.578  00  02E002M000  1.041
ASP02A0276_015  0.000 -4.19  1.42  1.09  0.00 -1.68 0.581  00  02E003M000  1.003
ASP02A0276_016  0.000 -4.58  1.84  3.74  0.00  1.00 0.587  00  02T001M000  1.065
ASP02A0276_017  0.000 -4.18  1.42  3.81  0.00  1.05 0.581  00  02T003M000  1.000
ASP02A0276_018  0.000 -4.13  3.22  3.10  0.00  2.19 0.586  00  02T005M000  1.000
ASP02A0276_019  0.000 -4.44  2.16  1.00  0.00 -1.28 0.587  00  02T001M000  1.045
ASP02A0276_020  0.000 -4.18  3.22  0.38  0.00 -0.58 0.586  00  02T005M000  1.012
ASP-1A0276_021 -1.000 -3.98  2.19  2.91  0.00  1.12 0.000  00  -1O000M000  1.000
ASP-1A0276_022 -1.000 -4.39  1.89  0.93  0.00 -1.57 0.587  00  -1E001M000  1.054
ASP-1A0276_023 -1.000 -3.92  1.55  0.95  0.00 -1.42 0.578  00  -1E002M000  1.037
ASP-1A0276_024 -1.000 -3.48  2.63  1.11  0.00  0.27 0.582  00  -1E004M000  1.000
ASP-1A0276_025 -1.000 -3.67  0.78  0.93  0.00 -1.96 0.585  00  -1E006M000  1.016
