   confID        vdw0    sas     sum
ASP01A0276_001   0.385  -4.505  -4.120
ASP01A0276_002   0.311  -4.602  -4.291
ASP01A0276_003   0.385  -4.505  -4.120
ASP01A0276_004   0.305  -4.649  -4.344
ASP01A0276_005   0.288  -4.574  -4.287
ASP01A0276_006   0.314  -4.574  -4.260
ASP01A0276_007   0.302  -4.344  -4.042
ASP01A0276_008   0.853  -4.711  -3.858
ASP01A0276_009   0.853  -4.711  -3.858
ASP01A0276_010   0.303  -4.364  -4.061
ASP02A0276_011   0.421  -4.504  -4.084
ASP02A0276_012   0.674  -4.812  -4.137
ASP02A0276_013   0.421  -4.470  -4.049
ASP02A0276_014   0.674  -4.799  -4.125
ASP02A0276_015   0.353  -4.541  -4.188
ASP02A0276_016   0.366  -4.944  -4.578
ASP02A0276_017   0.351  -4.528  -4.177
ASP02A0276_018   0.192  -4.318  -4.127
ASP02A0276_019   0.338  -4.778  -4.440
ASP02A0276_020   0.192  -4.370  -4.178
ASP-1A0276_021   0.325  -4.306  -3.982
ASP-1A0276_022   0.252  -4.637  -4.385
ASP-1A0276_023   0.640  -4.560  -3.920
ASP-1A0276_024   0.658  -4.134  -3.476
ASP-1A0276_025   0.639  -4.306  -3.667
