CONFORMER         crg  vdw0  vdw1  tors  epol  self   occ  Hb     history    ASA
LYS01A0217_001  0.000-12.50  2.09  0.90  0.00 -9.51 0.502  00  01O000M000  1.000
LYS01A0217_002  0.000-10.24  1.05  1.49  0.00 -7.71 0.501  00  01E022M000  1.000
LYS01A0217_003  0.000-11.36  4.89  1.48  0.00 -4.99 0.502  00  01E037M000  1.000
LYS01A0217_004  0.000 -8.71  1.95  4.88  0.00 -1.88 0.502  00  01E044M000  1.000
LYS01A0217_005  0.000-11.68  2.09  3.69  0.00 -5.89 0.502  00  01E055M000  1.000
LYS01A0217_006  0.000-10.66  1.91  4.22  0.00 -4.53 0.502  00  01E094M000  1.000
LYS01A0217_007  0.000-10.46  3.46  1.52  0.00 -5.47 0.502  00  01E09FM000  1.000
LYS01A0217_008  0.000-10.19  3.84  4.34  0.00 -2.01 0.502  00  01E0A2M000  1.000
LYS01A0217_009  0.000-10.22  3.11  3.69  0.00 -3.43 0.502  00  01E10FM000  1.000
LYS01A0217_010  0.000 -7.61  1.99  4.86  0.00 -0.75 0.501  00  01E139M000  1.000
LYS01A0217_011  0.000 -9.28  1.86  4.31  0.00 -3.12 0.501  00  01E13FM000  1.000
LYS01A0217_012  0.000-11.18  3.78  4.34  0.00 -3.06 0.502  00  01T015M000  1.000
LYS01A0217_013  0.000-11.36  2.10  4.29  0.00 -4.97 0.502  00  01T041M000  1.000
LYS01A0217_014  0.000 -8.59  2.01  4.86  0.00 -1.73 0.502  00  01T04DM000  1.000
LYS01A0217_015  0.000-11.14  1.14  6.40  0.00 -3.60 0.501  00  01T08FM000  1.000
LYS01A0217_016  0.000 -7.84  1.14  2.07  0.00 -4.63 0.502  00  01T0E1M000  1.000
LYS01A0217_017  0.000 -7.42  1.23  2.07  0.00 -4.13 0.502  00  01T0F3M000  1.000
LYS01A0217_018  0.000 -9.89  2.20  4.31  0.00 -3.37 0.501  00  01T0F8M000  1.000
LYS01A0217_019  0.000-10.26  1.09  4.23  0.00 -4.94 0.501  00  01T12CM000  1.000
LYS01A0217_020  0.000-10.26  0.98  6.46  0.00 -2.82 0.502  00  01T131M000  1.000
LYS+1A0217_021  1.000-12.55  2.09  0.90  0.00 -9.56 0.502  00  +1O000M000  1.000
LYS+1A0217_022  1.000-11.30  3.85  4.34  0.00 -3.11 0.502  00  +1E015M000  1.000
LYS+1A0217_023  1.000-10.24  1.06  1.49  0.00 -7.70 0.501  00  +1E022M000  1.000
LYS+1A0217_024  1.000-11.41  2.11  4.29  0.00 -5.01 0.502  00  +1E041M000  1.000
LYS+1A0217_025  1.000 -8.60  2.00  4.86  0.00 -1.73 0.502  00  +1E04DM000  1.000
LYS+1A0217_026  1.000-11.73  2.10  3.69  0.00 -5.93 0.502  00  +1E055M000  1.000
LYS+1A0217_027  1.000-11.19  1.14  6.40  0.00 -3.65 0.501  00  +1E08FM000  1.000
LYS+1A0217_028  1.000-10.58  1.90  4.22  0.00 -4.45 0.502  00  +1E094M000  1.000
LYS+1A0217_029  1.000-10.43  3.46  1.52  0.00 -5.45 0.502  00  +1E09FM000  1.000
LYS+1A0217_030  1.000 -7.93  1.14  2.07  0.00 -4.72 0.502  00  +1E0E1M000  1.000
LYS+1A0217_031  1.000-10.28  3.11  3.69  0.00 -3.48 0.502  00  +1E10FM000  1.000
LYS+1A0217_032  1.000-10.34  0.98  6.46  0.00 -2.90 0.502  00  +1E131M000  1.000
LYS+1A0217_033  1.000 -7.66  1.99  4.86  0.00 -0.81 0.501  00  +1E139M000  1.000
LYS+1A0217_034  1.000 -9.42  1.88  4.31  0.00 -3.24 0.501  00  +1E13FM000  1.000
LYS+1A0217_035  1.000-11.40  4.90  1.48  0.00 -5.02 0.502  00  +1T037M000  1.000
LYS+1A0217_036  1.000 -8.70  1.95  4.88  0.00 -1.88 0.502  00  +1T044M000  1.000
LYS+1A0217_037  1.000-10.25  3.86  4.34  0.00 -2.05 0.502  00  +1T0A2M000  1.000
LYS+1A0217_038  1.000 -7.57  1.22  2.07  0.00 -4.28 0.502  00  +1T0F3M000  1.000
LYS+1A0217_039  1.000 -9.96  2.22  4.32  0.00 -3.42 0.501  00  +1T0F8M000  1.000
LYS+1A0217_040  1.000-10.32  1.09  4.23  0.00 -5.00 0.501  00  +1T12CM000  1.000
