   confID        vdw0    sas     sum
LYS01A0217_001   0.472 -12.974 -12.503
LYS01A0217_002   2.144 -12.395 -10.251
LYS01A0217_003   1.320 -12.675 -11.355
LYS01A0217_004   3.789 -12.457  -8.668
LYS01A0217_005   0.911 -12.589 -11.678
LYS01A0217_006   1.815 -12.474 -10.659
LYS01A0217_007   1.980 -12.370 -10.390
LYS01A0217_008   2.052 -12.248 -10.196
LYS01A0217_009   1.745 -11.968 -10.223
LYS01A0217_010   4.517 -12.119  -7.602
LYS01A0217_011   2.775 -12.051  -9.276
LYS01A0217_012   1.352 -12.533 -11.181
LYS01A0217_013   1.341 -12.704 -11.363
LYS01A0217_014   3.790 -12.279  -8.489
LYS01A0217_015   1.021 -12.157 -11.136
LYS01A0217_016   4.500 -12.332  -7.832
LYS01A0217_017   4.365 -11.795  -7.430
LYS01A0217_018   2.311 -12.200  -9.890
LYS01A0217_019   2.242 -12.502 -10.260
LYS01A0217_020   2.152 -12.415 -10.263
LYS+1A0217_021   0.427 -12.974 -12.547
LYS+1A0217_022   1.300 -12.601 -11.301
LYS+1A0217_023   2.148 -12.395 -10.247
LYS+1A0217_024   1.296 -12.704 -11.409
LYS+1A0217_025   3.736 -12.279  -8.544
LYS+1A0217_026   0.861 -12.589 -11.728
LYS+1A0217_027   0.969 -12.157 -11.189
LYS+1A0217_028   1.764 -12.342 -10.578
LYS+1A0217_029   1.920 -12.421 -10.501
LYS+1A0217_030   4.407 -12.383  -7.977
LYS+1A0217_031   1.683 -11.968 -10.285
LYS+1A0217_032   2.072 -12.415 -10.343
LYS+1A0217_033   4.451 -12.119  -7.668
LYS+1A0217_034   2.678 -12.051  -9.373
LYS+1A0217_035   1.277 -12.675 -11.397
LYS+1A0217_036   3.757 -12.457  -8.700
LYS+1A0217_037   1.999 -12.196 -10.198
LYS+1A0217_038   4.292 -11.795  -7.503
LYS+1A0217_039   2.238 -12.200  -9.962
LYS+1A0217_040   2.184 -12.502 -10.318
