iConf CONFORMER     FL  occ    crg   Em0  pKa0 ne nH    vdw0    vdw1    tors    epol   dsolv   extra    history
00001 ARG01A0112_001 f 0.00  0.000     0  0.00  0  0 -13.483   0.359   0.467   0.039  -0.341   0.000 01O000M000t
00002 ARG01A0112_002 f 0.00  0.000     0  0.00  0  0 -12.535   0.566   3.496   0.029  -0.084   0.000 01E01BM000t
00003 ARG01A0112_003 f 0.00  0.000     0  0.00  0  0 -12.395   0.430   0.469  -0.008  -0.302   0.000 01E01EM000t
00004 ARG01A0112_004 f 0.00  0.000     0  0.00  0  0 -11.103   1.591   3.961  -0.101   0.074   0.000 01E036M000t
00005 ARG01A0112_005 f 0.00  0.000     0  0.00  0  0 -12.771   2.330   6.140   0.041  -0.205   0.000 01E03AM000t
00006 ARG01A0112_006 f 0.00  0.000     0  0.00  0  0 -10.940   0.607   4.044   0.031  -0.096   0.000 01E049M000t
00007 ARG01A0112_007 f 0.00  0.000     0  0.00  0  0 -11.823   2.001   1.062  -0.027  -0.275   0.000 01E04BM000t
00008 ARG01A0112_008 f 0.00  0.000     0  0.00  0  0 -10.560   1.719   4.094   0.033  -0.329   0.000 01E04DM000t
00009 ARG01A0112_009 f 0.00  0.000     0  0.00  0  0 -11.457   0.473   0.419   0.035  -0.004   0.000 01E05BM000t
00010 ARG01A0112_010 f 0.00  0.000     0  0.00  0  0 -10.110   0.614   1.172   0.124  -0.191   0.000 01E071M000t
00011 ARG01A0112_011 f 0.00  0.000     0  0.00  0  0  -8.756  -0.119   3.208   0.061   0.076   0.000 01E09EM000t
00012 ARG01A0112_012 f 0.00  0.000     0  0.00  0  0 -10.912   0.641   3.158   0.006  -0.318   0.000 01E0B8M000t
00013 ARG01A0112_013 f 0.00  0.000     0  0.00  0  0  -9.596   1.865   1.048  -0.011  -0.112   0.000 01E12FM000t
00014 ARG01A0112_014 f 0.00  0.000     0  0.00  0  0  -7.992   1.858   3.813   0.054   0.130   0.000 01E13CM000t
00015 ARG01A0112_015 f 0.00  0.000     0  0.00  0  0 -12.110   0.711   1.170   0.062  -0.247   0.000 01T008M000t
00016 ARG01A0112_016 f 0.00  0.000     0  0.00  0  0 -10.536   0.053   1.058   0.237  -0.140   0.000 01T068M000t
00017 ARG01A0112_017 f 0.00  0.000     0  0.00  0  0 -10.522   1.952   3.867   0.034  -0.254   0.000 01T07DM000t
00018 ARG01A0112_018 f 0.00  0.000     0  0.00  0  0  -8.878   2.092   3.208   0.066   0.124   0.000 01T0C9M000t
00019 ARG01A0112_019 f 0.00  0.000     0  0.00  0  0 -11.089   2.271   6.003   0.151  -0.139   0.000 01T102M000t
00020 ARG01A0112_020 f 0.00  0.000     0  0.00  0  0  -9.521   0.196   1.016  -0.071   0.153   0.000 01T10EM000t
00021 ARG02A0112_021 f 0.00  0.000     0  0.00  0  0 -10.073   0.480   3.728   0.038   0.837   0.000 02E049M000t
00022 ARG02A0112_022 f 0.00  0.000     0  0.00  0  0 -10.676   1.951   3.860   0.036   1.200   0.000 02E07DM000t
00023 ARG02A0112_023 f 0.00  0.000     0  0.00  0  0 -13.457   0.357   0.467   0.053   0.660   0.000 02O000M000t
00024 ARG02A0112_024 f 0.00  0.000     0  0.00  0  0 -12.729   2.622   5.914   0.029   0.692   0.000 02E03AM000t
00025 ARG02A0112_025 f 0.00  0.000     0  0.00  0  0 -10.609   2.156   3.650  -0.024   0.857   0.000 02E04DM000t
00026 ARG02A0112_026 f 0.00  0.000     0  0.00  0  0 -10.802   0.064   1.049   0.225   1.196   0.000 02T068M000t
00027 ARG02A0112_027 f 0.00  0.000     0  0.00  0  0 -10.990   2.403   5.930   0.148   1.096   0.000 02T102M000t
00028 ARG02A0112_028 f 0.00  0.000     0  0.00  0  0 -12.277   0.458   0.419   0.032   0.625   0.000 02T01EM000t
00029 ARG02A0112_029 f 0.00  0.000     0  0.00  0  0 -11.241   1.545   3.796   0.166   0.612   0.000 02T036M000t
00030 ARG02A0112_030 f 0.00  0.000     0  0.00  0  0  -9.123  -0.095   3.200  -0.005   1.006   0.000 02T09EM000t
00031 ARG02A0112_031 f 0.00  0.000     0  0.00  0  0  -9.387   0.184   0.988  -0.049   0.943   0.000 02T10EM000t
00032 ARG02A0112_032 f 0.00  0.000     0  0.00  0  0  -9.577   1.911   1.011  -0.042   0.682   0.000 02T12FM000t
00033 ARG02A0112_033 f 0.00  0.000     0  0.00  0  0  -7.922   1.879   3.811  -0.030   0.716   0.000 02T13CM000t
00034 ARG02A0112_034 f 0.00  0.000     0  0.00  0  0 -12.411   0.672   1.070   0.058   0.439   0.000 02T008M000t
00035 ARG02A0112_035 f 0.00  0.000     0  0.00  0  0 -12.576   0.655   3.042   0.039   0.630   0.000 02T01BM000t
00036 ARG02A0112_036 f 0.00  0.000     0  0.00  0  0 -11.939   2.150   1.019  -0.003   0.602   0.000 02T04BM000t
00037 ARG02A0112_037 f 0.00  0.000     0  0.00  0  0 -11.486   0.473   0.415  -0.003   0.847   0.000 02T05BM000t
00038 ARG02A0112_038 f 0.00  0.000     0  0.00  0  0  -9.773   0.566   1.115   0.007   0.953   0.000 02T071M000t
00039 ARG02A0112_039 f 0.00  0.000     0  0.00  0  0 -10.923   0.633   3.158   0.018   0.713   0.000 02T0B8M000t
00040 ARG02A0112_040 f 0.00  0.000     0  0.00  0  0  -9.095   2.186   3.193  -0.003   0.893   0.000 02T0C9M000t
00041 ARG03A0112_041 f 0.00  0.000     0  0.00  0  0 -11.383   1.548   3.794   0.179   0.850   0.000 03E036M000t
00042 ARG03A0112_042 f 0.00  0.000     0  0.00  0  0 -12.036   2.145   1.020  -0.006   0.921   0.000 03E04BM000t
00043 ARG03A0112_043 f 0.00  0.000     0  0.00  0  0  -8.576   2.098   3.204   0.047   1.191   0.000 03E0C9M000t
00044 ARG03A0112_044 f 0.00  0.000     0  0.00  0  0 -13.521   0.357   0.467   0.052   0.447   0.000 03O000M000t
00045 ARG03A0112_045 f 0.00  0.000     0  0.00  0  0 -10.070   0.476   3.727   0.037   0.833   0.000 03T049M000t
00046 ARG03A0112_046 f 0.00  0.000     0  0.00  0  0 -10.506   0.058   1.045   0.205   0.990   0.000 03T068M000t
00047 ARG03A0112_047 f 0.00  0.000     0  0.00  0  0  -7.975   1.881   3.812   0.026   1.201   0.000 03T13CM000t
00048 ARG03A0112_048 f 0.00  0.000     0  0.00  0  0 -10.616   2.153   3.641  -0.020   0.776   0.000 03T04DM000t
00049 ARG03A0112_049 f 0.00  0.000     0  0.00  0  0 -12.576   0.652   3.044   0.041   0.609   0.000 03T01BM000t
00050 ARG03A0112_050 f 0.00  0.000     0  0.00  0  0 -12.793   2.618   5.915   0.042   0.782   0.000 03T03AM000t
00051 ARG03A0112_051 f 0.00  0.000     0  0.00  0  0 -11.469   0.471   0.416   0.031   0.850   0.000 03T05BM000t
00052 ARG03A0112_052 f 0.00  0.000     0  0.00  0  0  -9.360   0.546   1.117   0.111   0.543   0.000 03T071M000t
00053 ARG03A0112_053 f 0.00  0.000     0  0.00  0  0 -10.332   1.951   3.854   0.037   0.596   0.000 03T07DM000t
00054 ARG03A0112_054 f 0.00  0.000     0  0.00  0  0  -8.622  -0.127   3.201   0.050   0.827   0.000 03T09EM000t
00055 ARG03A0112_055 f 0.00  0.000     0  0.00  0  0 -10.935   0.641   3.155   0.016   0.644   0.000 03T0B8M000t
00056 ARG03A0112_056 f 0.00  0.000     0  0.00  0  0 -11.000   2.413   5.930   0.139   0.635   0.000 03T102M000t
00057 ARG03A0112_057 f 0.00  0.000     0  0.00  0  0  -9.549   0.193   0.988  -0.065   0.991   0.000 03T10EM000t
00058 ARG03A0112_058 f 0.00  0.000     0  0.00  0  0 -12.525   0.671   1.071   0.074   0.724   0.000 03T008M000t
00059 ARG03A0112_059 f 0.00  0.000     0  0.00  0  0 -12.447   0.453   0.418   0.025   0.689   0.000 03T01EM000t
00060 ARG03A0112_060 f 0.00  0.000     0  0.00  0  0  -9.493   1.925   1.013  -0.017   0.664   0.000 03T12FM000t
00061 ARG+1A0112_061 f 0.00  1.000     0 12.50  0  1 -13.563   0.356   0.467   0.145  -0.436   0.000 +1O000M000t
00062 ARG+1A0112_062 f 0.00  1.000     0 12.50  0  1 -12.637   0.671   1.072   0.200  -0.184   0.000 +1E008M000t
00063 ARG+1A0112_063 f 0.00  1.000     0 12.50  0  1 -12.126   2.156   1.023   0.055  -0.041   0.000 +1E04BM000t
00064 ARG+1A0112_064 f 0.00  1.000     0 12.50  0  1 -11.489   0.473   0.418   0.105  -0.101   0.000 +1E05BM000t
00065 ARG+1A0112_065 f 0.00  1.000     0 12.50  0  1 -10.557   0.059   1.047   0.383   0.006   0.000 +1E068M000t
00066 ARG+1A0112_066 f 0.00  1.000     0 12.50  0  1  -9.501   0.544   1.116   0.260  -0.084   0.000 +1E071M000t
00067 ARG+1A0112_067 f 0.00  1.000     0 12.50  0  1 -10.490   1.950   3.857   0.136  -0.148   0.000 +1E07DM000t
00068 ARG+1A0112_068 f 0.00  1.000     0 12.50  0  1  -9.523   0.188   0.988   0.176  -0.070   0.000 +1E10EM000t
00069 ARG+1A0112_069 f 0.00  1.000     0 12.50  0  1  -8.081   1.870   3.812   0.057   0.249   0.000 +1E13CM000t
00070 ARG+1A0112_070 f 0.00  1.000     0 12.50  0  1 -12.684   0.651   3.045   0.085  -0.048   0.000 +1T01BM000t
00071 ARG+1A0112_071 f 0.00  1.000     0 12.50  0  1 -12.549   0.456   0.419   0.130  -0.367   0.000 +1T01EM000t
00072 ARG+1A0112_072 f 0.00  1.000     0 12.50  0  1 -11.471   1.549   3.797   0.523   0.120   0.000 +1T036M000t
00073 ARG+1A0112_073 f 0.00  1.000     0 12.50  0  1 -12.837   2.615   5.913   0.266  -0.157   0.000 +1T03AM000t
00074 ARG+1A0112_074 f 0.00  1.000     0 12.50  0  1 -10.119   0.481   3.728   0.099  -0.125   0.000 +1T049M000t
00075 ARG+1A0112_075 f 0.00  1.000     0 12.50  0  1 -10.655   2.154   3.655  -0.059  -0.303   0.000 +1T04DM000t
00076 ARG+1A0112_076 f 0.00  1.000     0 12.50  0  1  -8.612  -0.129   3.199   0.139   0.127   0.000 +1T09EM000t
00077 ARG+1A0112_077 f 0.00  1.000     0 12.50  0  1 -10.986   0.636   3.160   0.098  -0.277   0.000 +1T0B8M000t
00078 ARG+1A0112_078 f 0.00  1.000     0 12.50  0  1  -8.816   2.109   3.201   0.078   0.075   0.000 +1T0C9M000t
00079 ARG+1A0112_079 f 0.00  1.000     0 12.50  0  1 -11.030   2.395   5.932   0.325  -0.258   0.000 +1T102M000t
00080 ARG+1A0112_080 f 0.00  1.000     0 12.50  0  1  -9.540   1.925   1.014   0.050  -0.196   0.000 +1T12FM000t
