iConf CONFORMER     FL  occ    crg   Em0  pKa0 ne nH    vdw0    vdw1    tors    epol   dsolv   extra    history
00001 ARG01A0218_001 f 0.00  0.000     0  0.00  0  0 -13.442   0.259   0.642   0.013  -0.090   0.000 01O000M000t
00002 ARG01A0218_002 f 0.00  0.000     0  0.00  0  0 -14.502   6.533   0.601   0.236  -0.405   0.000 01E030M000t
00003 ARG01A0218_003 f 0.00  0.000     0  0.00  0  0 -13.826   0.271   1.378   0.024  -0.058   0.000 01E033M000t
00004 ARG01A0218_004 f 0.00  0.000     0  0.00  0  0 -12.429   1.020   4.200   0.062  -0.152   0.000 01E03CM000t
00005 ARG01A0218_005 f 0.00  0.000     0  0.00  0  0 -13.323   1.660   6.312   0.049  -0.220   0.000 01E057M000t
00006 ARG01A0218_006 f 0.00  0.000     0  0.00  0  0 -12.685   1.873   6.991   0.043  -0.451   0.000 01E059M000t
00007 ARG01A0218_007 f 0.00  0.000     0  0.00  0  0 -11.828   0.288   0.573   0.036  -0.153   0.000 01E094M000t
00008 ARG01A0218_008 f 0.00  0.000     0  0.00  0  0 -11.683   0.733   2.842   0.004  -0.131   0.000 01E0A8M000t
00009 ARG01A0218_009 f 0.00  0.000     0  0.00  0  0 -13.278   1.105   3.401   0.184  -0.148   0.000 01E15BM000t
00010 ARG01A0218_010 f 0.00  0.000     0  0.00  0  0 -13.121   0.865   0.665  -0.005  -0.067   0.000 01T019M000t
00011 ARG01A0218_011 f 0.00  0.000     0  0.00  0  0 -14.024   5.004   3.288   0.059  -0.032   0.000 01T01EM000t
00012 ARG01A0218_012 f 0.00  0.000     0  0.00  0  0 -12.069   0.344   0.603   0.021  -0.111   0.000 01T0BAM000t
00013 ARG01A0218_013 f 0.00  0.000     0  0.00  0  0 -13.327   0.627   0.589   0.037  -0.423   0.000 01T0C4M000t
00014 ARG01A0218_014 f 0.00  0.000     0  0.00  0  0  -9.735   0.812   3.145  -0.000  -0.033   0.000 01T0CAM000t
00015 ARG01A0218_015 f 0.00  0.000     0  0.00  0  0 -11.346   0.424   3.222   0.083   0.085   0.000 01T0EEM000t
00016 ARG01A0218_016 f 0.00  0.000     0  0.00  0  0 -11.011   1.006   1.067  -0.049   0.255   0.000 01T102M000t
00017 ARG01A0218_017 f 0.00  0.000     0  0.00  0  0 -10.898   1.197   3.629   0.022  -0.333   0.000 01T10CM000t
00018 ARG01A0218_018 f 0.00  0.000     0  0.00  0  0 -12.650   1.170   1.244   0.117  -0.243   0.000 01T11BM000t
00019 ARG01A0218_019 f 0.00  0.000     0  0.00  0  0 -10.697   1.035   3.608   0.106   0.193   0.000 01T12DM000t
00020 ARG01A0218_020 f 0.00  0.000     0  0.00  0  0 -12.252   1.823   3.839   0.037  -0.268   0.000 01T156M000t
00021 ARG02A0218_021 f 0.00  0.000     0  0.00  0  0 -13.524   2.449   5.660   0.070   1.038   0.000 02E057M000t
00022 ARG02A0218_022 f 0.00  0.000     0  0.00  0  0 -10.353   0.815   3.157  -0.016   1.251   0.000 02E0CAM000t
00023 ARG02A0218_023 f 0.00  0.000     0  0.00  0  0 -13.456   0.246   0.642   0.011   0.323   0.000 02O000M000t
00024 ARG02A0218_024 f 0.00  0.000     0  0.00  0  0 -11.117   0.752   2.675   0.034   0.825   0.000 02E0A8M000t
00025 ARG02A0218_025 f 0.00  0.000     0  0.00  0  0 -11.471   0.423   3.236   0.057   0.571   0.000 02E0EEM000t
00026 ARG02A0218_026 f 0.00  0.000     0  0.00  0  0 -12.524   1.200   1.205   0.059   0.517   0.000 02E11BM000t
00027 ARG02A0218_027 f 0.00  0.000     0  0.00  0  0 -12.245   1.863   3.798   0.052   0.595   0.000 02E156M000t
00028 ARG02A0218_028 f 0.00  0.000     0  0.00  0  0 -14.414   6.484   0.609   0.234   0.867   0.000 02T030M000t
00029 ARG02A0218_029 f 0.00  0.000     0  0.00  0  0 -11.974   1.274   3.650   0.074   0.985   0.000 02T03CM000t
00030 ARG02A0218_030 f 0.00  0.000     0  0.00  0  0 -12.442   0.284   0.553   0.024   1.048   0.000 02T094M000t
00031 ARG02A0218_031 f 0.00  0.000     0  0.00  0  0 -13.888   4.610   3.089   0.052   0.887   0.000 02T01EM000t
00032 ARG02A0218_032 f 0.00  0.000     0  0.00  0  0 -13.252   0.622   0.587   0.041   0.949   0.000 02T0C4M000t
00033 ARG02A0218_033 f 0.00  0.000     0  0.00  0  0 -13.617   0.307   1.172   0.042   0.676   0.000 02T033M000t
00034 ARG02A0218_034 f 0.00  0.000     0  0.00  0  0 -12.062   0.349   0.566  -0.013   0.761   0.000 02T0BAM000t
00035 ARG02A0218_035 f 0.00  0.000     0  0.00  0  0 -11.144   1.346   3.583   0.037   0.462   0.000 02T10CM000t
00036 ARG02A0218_036 f 0.00  0.000     0  0.00  0  0 -13.206   1.139   3.351   0.097   0.664   0.000 02T15BM000t
00037 ARG02A0218_037 f 0.00  0.000     0  0.00  0  0 -13.041   0.829   0.546   0.031   0.709   0.000 02T019M000t
00038 ARG02A0218_038 f 0.00  0.000     0  0.00  0  0 -12.308   1.769   6.259   0.040   0.601   0.000 02T059M000t
00039 ARG02A0218_039 f 0.00  0.000     0  0.00  0  0 -10.787   0.983   1.060  -0.044   1.062   0.000 02T102M000t
00040 ARG02A0218_040 f 0.00  0.000     0  0.00  0  0 -10.529   1.205   3.599   0.051   0.634   0.000 02T12DM000t
00041 ARG03A0218_041 f 0.00  0.000     0  0.00  0  0 -13.519   0.246   0.642   0.017   0.811   0.000 03O000M000t
00042 ARG03A0218_042 f 0.00  0.000     0  0.00  0  0 -13.100   0.829   0.547   0.030   0.802   0.000 03E019M000t
00043 ARG03A0218_043 f 0.00  0.000     0  0.00  0  0 -13.271   1.123   3.353   0.162   0.824   0.000 03E15BM000t
00044 ARG03A0218_044 f 0.00  0.000     0  0.00  0  0 -10.786   0.957   1.057  -0.048   0.877   0.000 03E102M000t
00045 ARG03A0218_045 f 0.00  0.000     0  0.00  0  0 -12.580   1.201   1.203   0.095   0.796   0.000 03E11BM000t
00046 ARG03A0218_046 f 0.00  0.000     0  0.00  0  0 -13.832   4.619   3.086   0.053   0.895   0.000 03T01EM000t
00047 ARG03A0218_047 f 0.00  0.000     0  0.00  0  0 -13.683   0.303   1.171   0.039   0.851   0.000 03T033M000t
00048 ARG03A0218_048 f 0.00  0.000     0  0.00  0  0 -13.367   0.617   0.586   0.040   0.744   0.000 03T0C4M000t
00049 ARG03A0218_049 f 0.00  0.000     0  0.00  0  0  -9.991   0.810   3.156  -0.017   1.082   0.000 03T0CAM000t
00050 ARG03A0218_050 f 0.00  0.000     0  0.00  0  0 -10.949   1.344   3.580   0.033   0.834   0.000 03T10CM000t
00051 ARG03A0218_051 f 0.00  0.000     0  0.00  0  0 -14.352   6.484   0.608   0.230   0.816   0.000 03T030M000t
00052 ARG03A0218_052 f 0.00  0.000     0  0.00  0  0 -11.707   0.282   0.557   0.031   0.570   0.000 03T094M000t
00053 ARG03A0218_053 f 0.00  0.000     0  0.00  0  0 -11.919   1.281   3.627   0.078   0.683   0.000 03T03CM000t
00054 ARG03A0218_054 f 0.00  0.000     0  0.00  0  0 -12.290   1.768   6.242   0.048   0.672   0.000 03T059M000t
00055 ARG03A0218_055 f 0.00  0.000     0  0.00  0  0 -12.200   0.348   0.564   0.018   1.014   0.000 03T0BAM000t
00056 ARG03A0218_056 f 0.00  0.000     0  0.00  0  0 -13.720   2.493   5.637   0.058   0.813   0.000 03T057M000t
00057 ARG03A0218_057 f 0.00  0.000     0  0.00  0  0 -10.744   0.747   2.687   0.007   0.921   0.000 03T0A8M000t
00058 ARG03A0218_058 f 0.00  0.000     0  0.00  0  0 -11.473   0.416   3.232   0.080   0.923   0.000 03T0EEM000t
00059 ARG03A0218_059 f 0.00  0.000     0  0.00  0  0 -10.352   1.191   3.609   0.092   0.913   0.000 03T12DM000t
00060 ARG03A0218_060 f 0.00  0.000     0  0.00  0  0 -12.362   1.865   3.797   0.054   0.581   0.000 03T156M000t
00061 ARG+1A0218_061 f 0.00  1.000     0 12.50  0  1 -13.557   0.245   0.642   0.091  -0.082   0.000 +1O000M000t
00062 ARG+1A0218_062 f 0.00  1.000     0 12.50  0  1 -13.212   0.829   0.548   0.137  -0.124   0.000 +1E019M000t
00063 ARG+1A0218_063 f 0.00  1.000     0 12.50  0  1 -13.867   4.620   3.091   0.139  -0.274   0.000 +1E01EM000t
00064 ARG+1A0218_064 f 0.00  1.000     0 12.50  0  1 -14.394   6.503   0.607   0.485  -0.354   0.000 +1E030M000t
00065 ARG+1A0218_065 f 0.00  1.000     0 12.50  0  1 -12.343   1.773   6.276   0.145  -0.012   0.000 +1E059M000t
00066 ARG+1A0218_066 f 0.00  1.000     0 12.50  0  1 -10.822   0.747   2.710   0.063  -0.156   0.000 +1E0A8M000t
00067 ARG+1A0218_067 f 0.00  1.000     0 12.50  0  1 -12.233   0.348   0.566   0.140  -0.271   0.000 +1E0BAM000t
00068 ARG+1A0218_068 f 0.00  1.000     0 12.50  0  1  -9.983   0.809   3.159   0.130  -0.065   0.000 +1E0CAM000t
00069 ARG+1A0218_069 f 0.00  1.000     0 12.50  0  1 -10.865   0.958   1.059   0.159   0.029   0.000 +1E102M000t
00070 ARG+1A0218_070 f 0.00  1.000     0 12.50  0  1 -10.973   1.332   3.589   0.058  -0.194   0.000 +1E10CM000t
00071 ARG+1A0218_071 f 0.00  1.000     0 12.50  0  1 -10.363   1.193   3.615   0.224  -0.101   0.000 +1E12DM000t
00072 ARG+1A0218_072 f 0.00  1.000     0 12.50  0  1 -12.314   1.865   3.802   0.182  -0.232   0.000 +1E156M000t
00073 ARG+1A0218_073 f 0.00  1.000     0 12.50  0  1 -13.717   0.304   1.171   0.128  -0.166   0.000 +1T033M000t
00074 ARG+1A0218_074 f 0.00  1.000     0 12.50  0  1 -12.014   1.276   3.653   0.162  -0.059   0.000 +1T03CM000t
00075 ARG+1A0218_075 f 0.00  1.000     0 12.50  0  1 -13.692   2.468   5.660   0.284  -0.028   0.000 +1T057M000t
00076 ARG+1A0218_076 f 0.00  1.000     0 12.50  0  1 -11.559   0.280   0.561   0.117  -0.369   0.000 +1T094M000t
00077 ARG+1A0218_077 f 0.00  1.000     0 12.50  0  1 -13.343   0.617   0.590   0.158  -0.367   0.000 +1T0C4M000t
00078 ARG+1A0218_078 f 0.00  1.000     0 12.50  0  1 -11.517   0.418   3.229   0.225  -0.040   0.000 +1T0EEM000t
00079 ARG+1A0218_079 f 0.00  1.000     0 12.50  0  1 -12.619   1.201   1.205   0.118  -0.306   0.000 +1T11BM000t
00080 ARG+1A0218_080 f 0.00  1.000     0 12.50  0  1 -13.300   1.127   3.356   0.398  -0.567   0.000 +1T15BM000t
