   confID        vdw0    sas     sum
ARG01A0218_001   1.177 -14.619 -13.442
ARG01A0218_002   0.716 -15.218 -14.502
ARG01A0218_003   1.267 -15.093 -13.826
ARG01A0218_004   2.204 -14.632 -12.429
ARG01A0218_005   1.299 -14.622 -13.323
ARG01A0218_006   2.159 -14.844 -12.685
ARG01A0218_007   2.553 -14.382 -11.828
ARG01A0218_008   2.354 -14.037 -11.683
ARG01A0218_009   1.508 -14.786 -13.278
ARG01A0218_010   1.280 -14.401 -13.121
ARG01A0218_011   0.820 -14.843 -14.024
ARG01A0218_012   1.972 -14.041 -12.069
ARG01A0218_013   1.578 -14.905 -13.327
ARG01A0218_014   3.889 -13.624  -9.735
ARG01A0218_015   3.041 -14.387 -11.346
ARG01A0218_016   3.216 -14.227 -11.011
ARG01A0218_017   3.284 -14.183 -10.898
ARG01A0218_018   2.045 -14.695 -12.650
ARG01A0218_019   3.473 -14.170 -10.697
ARG01A0218_020   2.035 -14.287 -12.252
ARG02A0218_021   1.400 -14.924 -13.524
ARG02A0218_022   3.435 -13.788 -10.353
ARG02A0218_023   1.162 -14.619 -13.456
ARG02A0218_024   2.893 -14.011 -11.117
ARG02A0218_025   2.980 -14.451 -11.471
ARG02A0218_026   2.107 -14.631 -12.524
ARG02A0218_027   2.101 -14.346 -12.245
ARG02A0218_028   0.676 -15.090 -14.414
ARG02A0218_029   2.497 -14.470 -11.974
ARG02A0218_030   2.171 -14.613 -12.442
ARG02A0218_031   0.757 -14.644 -13.888
ARG02A0218_032   1.557 -14.809 -13.252
ARG02A0218_033   1.303 -14.920 -13.617
ARG02A0218_034   2.038 -14.099 -12.062
ARG02A0218_035   3.489 -14.633 -11.144
ARG02A0218_036   1.571 -14.777 -13.206
ARG02A0218_037   1.411 -14.452 -13.041
ARG02A0218_038   2.507 -14.815 -12.308
ARG02A0218_039   3.309 -14.095 -10.787
ARG02A0218_040   3.634 -14.163 -10.529
ARG03A0218_041   1.100 -14.619 -13.519
ARG03A0218_042   1.352 -14.452 -13.100
ARG03A0218_043   1.503 -14.774 -13.271
ARG03A0218_044   3.258 -14.044 -10.786
ARG03A0218_045   2.051 -14.631 -12.580
ARG03A0218_046   0.748 -14.580 -13.832
ARG03A0218_047   1.237 -14.920 -13.683
ARG03A0218_048   1.555 -14.921 -13.367
ARG03A0218_049   3.682 -13.672  -9.991
ARG03A0218_050   3.436 -14.386 -10.949
ARG03A0218_051   0.674 -15.026 -14.352
ARG03A0218_052   2.555 -14.262 -11.707
ARG03A0218_053   2.484 -14.403 -11.919
ARG03A0218_054   2.442 -14.731 -12.290
ARG03A0218_055   1.964 -14.164 -12.200
ARG03A0218_056   1.396 -15.117 -13.720
ARG03A0218_057   3.071 -13.815 -10.744
ARG03A0218_058   2.978 -14.451 -11.473
ARG03A0218_059   3.663 -14.015 -10.352
ARG03A0218_060   2.048 -14.410 -12.362
ARG+1A0218_061   1.062 -14.619 -13.557
ARG+1A0218_062   1.305 -14.517 -13.212
ARG+1A0218_063   0.713 -14.580 -13.867
ARG+1A0218_064   0.632 -15.026 -14.394
ARG+1A0218_065   2.404 -14.748 -12.343
ARG+1A0218_066   3.061 -13.882 -10.822
ARG+1A0218_067   1.930 -14.164 -12.233
ARG+1A0218_068   3.689 -13.672  -9.983
ARG+1A0218_069   3.231 -14.095 -10.865
ARG+1A0218_070   3.412 -14.386 -10.973
ARG+1A0218_071   3.655 -14.019 -10.363
ARG+1A0218_072   2.015 -14.329 -12.314
ARG+1A0218_073   1.203 -14.920 -13.717
ARG+1A0218_074   2.456 -14.470 -12.014
ARG+1A0218_075   1.360 -15.052 -13.692
ARG+1A0218_076   2.571 -14.131 -11.559
ARG+1A0218_077   1.514 -14.857 -13.343
ARG+1A0218_078   2.933 -14.451 -11.517
ARG+1A0218_079   2.012 -14.631 -12.619
ARG+1A0218_080   1.474 -14.774 -13.300
