iConf CONFORMER     FL  occ    crg   Em0  pKa0 ne nH    vdw0    vdw1    tors    epol   dsolv   extra    history
00001 HIS01A0134_001 f 0.00  0.000     0  0.00  0  0 -11.282  -0.241   0.019   0.451   0.470   0.000 01O000M000t
00002 HIS01A0134_002 f 0.00  0.000     0  0.00  0  0 -11.784   0.834   0.015   0.250   0.446   0.000 01E003M000t
00003 HIS01A0134_003 f 0.00  0.000     0  0.00  0  0 -12.182   1.092   0.015   0.087   0.506   0.000 01E005M000t
00004 HIS01A0134_004 f 0.00  0.000     0  0.00  0  0 -11.543   5.696   2.779   0.311   0.521   0.000 01E006M000t
00005 HIS01A0134_005 f 0.00  0.000     0  0.00  0  0 -11.594  -0.311   0.018   0.396   0.525   0.000 01E008M000t
00006 HIS01A0134_006 f 0.00  0.000     0  0.00  0  0 -11.657   0.992   2.775   0.444   0.275   0.000 01E00AM000t
00007 HIS01A0134_007 f 0.00  0.000     0  0.00  0  0 -11.411   0.739   2.778   0.480   0.255   0.000 01E00CM000t
00008 HIS01A0134_008 f 0.00  0.000     0  0.00  0  0 -11.961   1.453   2.773   0.393   0.461   0.000 01E00DM000t
00009 HIS01A0134_009 f 0.00  0.000     0  0.00  0  0 -12.037   4.683   2.773   0.328   0.468   0.000 01E00EM000t
00010 HIS01A0134_010 f 0.00  0.000     0  0.00  0  0 -11.806   3.022   0.000   0.566   0.341   0.000 01E010M000t
00011 HIS01A0134_011 f 0.00  0.000     0  0.00  0  0 -11.594   0.321   0.015   0.440   0.282   0.000 01E011M000t
00012 HIS01A0134_012 f 0.00  0.000     0  0.00  0  0 -11.546   3.737   2.778   0.384   0.434   0.000 01E014M000t
00013 HIS01A0134_013 f 0.00  0.000     0  0.00  0  0 -12.045   2.940   0.026   0.426   0.542   0.000 01E018M000t
00014 HIS01A0134_014 f 0.00  0.000     0  0.00  0  0 -11.638   6.380   0.000  -0.092   0.689   0.000 01E019M000t
00015 HIS01A0134_015 f 0.00  0.000     0  0.00  0  0 -12.084   0.849   2.778   0.404   0.257   0.000 01T002M000t
00016 HIS01A0134_016 f 0.00  0.000     0  0.00  0  0 -11.808   2.680   2.765   0.481   0.343   0.000 01T00BM000t
00017 HIS01A0134_017 f 0.00  0.000     0  0.00  0  0 -11.904   0.047   0.015   0.420   0.298   0.000 01T00FM000t
00018 HIS01A0134_018 f 0.00  0.000     0  0.00  0  0 -11.762   3.285   0.001   0.611   0.437   0.000 01T016M000t
00019 HIS01A0134_019 f 0.00  0.000     0  0.00  0  0 -11.987   0.499   0.015   0.491   0.387   0.000 01T017M000t
00020 HIS02A0134_020 f 0.00  0.000     0  0.00  0  0 -11.300  -0.269   0.019   0.285   0.410   0.000 02O000M000t
00021 HIS02A0134_021 f 0.00  0.000     0  0.00  0  0 -11.671  -0.267   0.019   0.258   0.260   0.000 02R001M000t
00022 HIS02A0134_022 f 0.00  0.000     0  0.00  0  0 -12.166   0.815   2.778   0.351   0.337   0.000 02E002M000t
00023 HIS02A0134_023 f 0.00  0.000     0  0.00  0  0 -11.484   5.916   2.780  -0.056   0.124   0.000 02E006M000t
00024 HIS02A0134_024 f 0.00  0.000     0  0.00  0  0 -11.678   0.992   2.774   0.337   0.156   0.000 02E00AM000t
00025 HIS02A0134_025 f 0.00  0.000     0  0.00  0  0 -11.987   2.721   2.763   0.353   0.156   0.000 02E00BM000t
00026 HIS02A0134_026 f 0.00  0.000     0  0.00  0  0 -11.816   1.429   2.773   0.291   0.077   0.000 02E00DM000t
00027 HIS02A0134_027 f 0.00  0.000     0  0.00  0  0 -11.872   0.037   0.014   0.322   0.220   0.000 02E00FM000t
00028 HIS02A0134_028 f 0.00  0.000     0  0.00  0  0 -11.681   0.301   0.015   0.342   0.092   0.000 02E011M000t
00029 HIS02A0134_029 f 0.00  0.000     0  0.00  0  0 -11.849   3.244   0.001   0.500   0.225   0.000 02E016M000t
00030 HIS02A0134_030 f 0.00  0.000     0  0.00  0  0 -12.064   2.981   0.029   0.124   0.395   0.000 02E018M000t
00031 HIS02A0134_031 f 0.00  0.000     0  0.00  0  0 -11.805   0.855   0.014   0.339   0.267   0.000 02T003M000t
00032 HIS02A0134_032 f 0.00  0.000     0  0.00  0  0 -12.086   1.103   0.014   0.374   0.326   0.000 02T005M000t
00033 HIS02A0134_033 f 0.00  0.000     0  0.00  0  0 -11.432   0.725   2.778   0.319   0.285   0.000 02T00CM000t
00034 HIS02A0134_034 f 0.00  0.000     0  0.00  0  0 -12.346   4.813   2.782   0.332   0.328   0.000 02T00EM000t
00035 HIS02A0134_035 f 0.00  0.000     0  0.00  0  0 -11.780   3.036   0.000   0.495   0.126   0.000 02T010M000t
00036 HIS02A0134_036 f 0.00  0.000     0  0.00  0  0 -11.499   3.709   2.777   0.324   0.274   0.000 02T014M000t
00037 HIS02A0134_037 f 0.00  0.000     0  0.00  0  0 -12.025   0.472   0.015   0.385   0.226   0.000 02T017M000t
00038 HIS02A0134_038 f 0.00  0.000     0  0.00  0  0 -11.650   6.351   0.000   0.818   0.549   0.000 02T019M000t
00039 HIS+1A0134_039 f 0.00  1.000     0  6.98  0  1 -11.326  -0.272   0.019   0.717  -0.256   0.000 +1O000M000t
00040 HIS+1A0134_040 f 0.00  1.000     0  6.98  0  1 -11.698  -0.270   0.019   0.715  -0.694   0.000 +1R001M000t
00041 HIS+1A0134_041 f 0.00  1.000     0  6.98  0  1 -12.063   0.818   2.779   0.630  -0.309   0.000 +1E002M000t
00042 HIS+1A0134_042 f 0.00  1.000     0  6.98  0  1 -11.832   0.847   0.015   0.697  -0.340   0.000 +1E003M000t
00043 HIS+1A0134_043 f 0.00  1.000     0  6.98  0  1 -12.248   1.101   0.015   0.938  -0.104   0.000 +1E005M000t
00044 HIS+1A0134_044 f 0.00  1.000     0  6.98  0  1 -11.776   1.428   2.775   0.631  -0.490   0.000 +1E00DM000t
00045 HIS+1A0134_045 f 0.00  1.000     0  6.98  0  1 -11.965   0.039   0.015   0.670  -0.365   0.000 +1E00FM000t
00046 HIS+1A0134_046 f 0.00  1.000     0  6.98  0  1 -11.784   3.002   0.000   0.970  -0.321   0.000 +1E010M000t
00047 HIS+1A0134_047 f 0.00  1.000     0  6.98  0  1 -11.640   0.302   0.015   0.673  -0.607   0.000 +1E011M000t
00048 HIS+1A0134_048 f 0.00  1.000     0  6.98  0  1 -11.933   0.493   0.016   0.935  -0.362   0.000 +1E017M000t
00049 HIS+1A0134_049 f 0.00  1.000     0  6.98  0  1 -12.092   3.032   0.027   0.619  -0.081   0.000 +1E018M000t
00050 HIS+1A0134_050 f 0.00  1.000     0  6.98  0  1 -11.463   5.910   2.779   0.770  -0.271   0.000 +1T006M000t
00051 HIS+1A0134_051 f 0.00  1.000     0  6.98  0  1 -11.622   0.986   2.775   0.637  -0.712   0.000 +1T00AM000t
00052 HIS+1A0134_052 f 0.00  1.000     0  6.98  0  1 -11.918   2.682   2.766   0.670  -0.282   0.000 +1T00BM000t
00053 HIS+1A0134_053 f 0.00  1.000     0  6.98  0  1 -11.457   0.723   2.779   0.653  -0.298   0.000 +1T00CM000t
00054 HIS+1A0134_054 f 0.00  1.000     0  6.98  0  1 -12.308   4.819   2.782   0.683  -0.083   0.000 +1T00EM000t
00055 HIS+1A0134_055 f 0.00  1.000     0  6.98  0  1 -11.521   3.718   2.778   0.612  -0.773   0.000 +1T014M000t
00056 HIS+1A0134_056 f 0.00  1.000     0  6.98  0  1 -11.876   3.265   0.001   1.048  -0.286   0.000 +1T016M000t
00057 HIS+1A0134_057 f 0.00  1.000     0  6.98  0  1 -11.673   6.352   0.000   1.460   0.237   0.000 +1T019M000t
