   confID        vdw0    sas     sum
HIS01A0134_001  -0.171 -11.111 -11.282
HIS01A0134_002  -0.153 -11.632 -11.784
HIS01A0134_003  -0.152 -12.030 -12.182
HIS01A0134_004  -0.144 -11.399 -11.543
HIS01A0134_005  -0.053 -11.542 -11.594
HIS01A0134_006  -0.080 -11.577 -11.657
HIS01A0134_007  -0.055 -11.356 -11.411
HIS01A0134_008  -0.253 -11.707 -11.961
HIS01A0134_009  -0.342 -11.694 -12.037
HIS01A0134_010  -0.236 -11.571 -11.806
HIS01A0134_011  -0.055 -11.540 -11.594
HIS01A0134_012  -0.053 -11.492 -11.546
HIS01A0134_013  -0.248 -11.797 -12.045
HIS01A0134_014  -0.348 -11.289 -11.638
HIS01A0134_015  -0.171 -11.913 -12.084
HIS01A0134_016  -0.229 -11.579 -11.808
HIS01A0134_017  -0.077 -11.827 -11.904
HIS01A0134_018  -0.234 -11.528 -11.762
HIS01A0134_019  -0.052 -11.935 -11.987
HIS02A0134_020  -0.189 -11.111 -11.300
HIS02A0134_021  -0.142 -11.529 -11.671
HIS02A0134_022  -0.188 -11.978 -12.166
HIS02A0134_023  -0.168 -11.316 -11.484
HIS02A0134_024  -0.101 -11.577 -11.678
HIS02A0134_025  -0.248 -11.739 -11.987
HIS02A0134_026  -0.271 -11.546 -11.816
HIS02A0134_027  -0.097 -11.775 -11.872
HIS02A0134_028  -0.074 -11.607 -11.681
HIS02A0134_029  -0.253 -11.596 -11.849
HIS02A0134_030  -0.267 -11.797 -12.064
HIS02A0134_031  -0.173 -11.632 -11.805
HIS02A0134_032  -0.172 -11.914 -12.086
HIS02A0134_033  -0.076 -11.356 -11.432
HIS02A0134_034  -0.358 -11.988 -12.346
HIS02A0134_035  -0.256 -11.524 -11.780
HIS02A0134_036  -0.074 -11.424 -11.499
HIS02A0134_037  -0.073 -11.951 -12.025
HIS02A0134_038  -0.361 -11.289 -11.650
HIS+1A0134_039  -0.215 -11.111 -11.326
HIS+1A0134_040  -0.168 -11.529 -11.698
HIS+1A0134_041  -0.214 -11.849 -12.063
HIS+1A0134_042  -0.200 -11.632 -11.832
HIS+1A0134_043  -0.198 -12.049 -12.248
HIS+1A0134_044  -0.298 -11.478 -11.776
HIS+1A0134_045  -0.122 -11.843 -11.965
HIS+1A0134_046  -0.281 -11.503 -11.784
HIS+1A0134_047  -0.100 -11.540 -11.640
HIS+1A0134_048  -0.098 -11.835 -11.933
HIS+1A0134_049  -0.295 -11.797 -12.092
HIS+1A0134_050  -0.195 -11.267 -11.463
HIS+1A0134_051  -0.128 -11.494 -11.622
HIS+1A0134_052  -0.275 -11.643 -11.918
HIS+1A0134_053  -0.101 -11.356 -11.457
HIS+1A0134_054  -0.384 -11.924 -12.308
HIS+1A0134_055  -0.099 -11.421 -11.521
HIS+1A0134_056  -0.280 -11.596 -11.876
HIS+1A0134_057  -0.387 -11.286 -11.673
