iConf CONFORMER     FL  occ    crg   Em0  pKa0 ne nH    vdw0    vdw1    tors    epol   dsolv   extra    history
00001 ASP01A0022_001 f 0.00  0.000     0  0.00  0  0  -4.418   6.107   2.832   1.970   0.173   0.000 01O000M000t
00002 ASP01A0022_002 f 0.00  0.000     0  0.00  0  0  -4.040   1.910   3.643   0.095  -0.545   0.000 01E006M000t
00003 ASP01A0022_003 f 0.00  0.000     0  0.00  0  0  -4.509   6.108   0.112   0.024   0.609   0.000 01O000M000t
00004 ASP01A0022_004 f 0.00  0.000     0  0.00  0  0  -4.069   0.470   0.943   0.106   0.530   0.000 01E005M000t
00005 ASP01A0022_005 f 0.00  0.000     0  0.00  0  0  -3.991   0.840   3.672   0.355  -0.569   0.000 01T003M000t
00006 ASP01A0022_006 f 0.00  0.000     0  0.00  0  0  -4.348   3.925   3.043   1.715  -0.111   0.000 01T004M000t
00007 ASP01A0022_007 f 0.00  0.000     0  0.00  0  0  -4.069   0.470   3.662   0.122  -0.688   0.000 01T005M000t
00008 ASP01A0022_008 f 0.00  0.000     0  0.00  0  0  -3.966   0.903   0.951   0.296   0.586   0.000 01T003M000t
00009 ASP01A0022_009 f 0.00  0.000     0  0.00  0  0  -4.348   3.925   0.323  -0.025   0.510   0.000 01T004M000t
00010 ASP01A0022_010 f 0.00  0.000     0  0.00  0  0  -4.070   1.915   0.851   0.085   0.609   0.000 01T006M000t
00011 ASP02A0022_011 f 0.00  0.000     0  0.00  0  0  -4.309   4.819   2.832   0.009  -0.547   0.000 02O000M000t
00012 ASP02A0022_012 f 0.00  0.000     0  0.00  0  0  -4.309   4.819   0.112  -0.042   0.777   0.000 02O000M000t
00013 ASP02A0022_013 f 0.00  0.000     0  0.00  0  0  -4.023   1.079   0.948   0.266   0.733   0.000 02E003M000t
00014 ASP02A0022_014 f 0.00  0.000     0  0.00  0  0  -4.883   1.685   2.812   0.045  -0.462   0.000 02T001M000t
00015 ASP02A0022_015 f 0.00  0.000     0  0.00  0  0  -4.161   1.014   3.054   0.142  -0.473   0.000 02T002M000t
00016 ASP02A0022_016 f 0.00  0.000     0  0.00  0  0  -4.261   3.083   3.082  -0.086  -0.371   0.000 02T004M000t
00017 ASP02A0022_017 f 0.00  0.000     0  0.00  0  0  -3.995   1.080   3.668   0.251  -0.105   0.000 02T003M000t
00018 ASP02A0022_018 f 0.00  0.000     0  0.00  0  0  -4.186   0.471   3.650   0.236  -0.497   0.000 02T005M000t
00019 ASP02A0022_019 f 0.00  0.000     0  0.00  0  0  -4.038   2.008   3.603   0.131  -0.109   0.000 02T006M000t
00020 ASP02A0022_020 f 0.00  0.000     0  0.00  0  0  -4.274   3.083   0.362  -0.084   0.826   0.000 02T004M000t
00021 ASP02A0022_021 f 0.00  0.000     0  0.00  0  0  -4.014   1.996   0.897   0.120   0.774   0.000 02T006M000t
00022 ASP-1A0022_022 f 0.00 -1.000     0  4.75  0 -1  -4.123   4.841   0.112  -0.729   0.040   0.000 -1O000M000t
00023 ASP-1A0022_023 f 0.00 -1.000     0  4.75  0 -1  -4.190   1.174   0.271  -0.516  -0.136   0.000 -1E002M000t
00024 ASP-1A0022_024 f 0.00 -1.000     0  4.75  0 -1  -4.301   3.059   0.335  -0.456  -0.118   0.000 -1E004M000t
00025 ASP-1A0022_025 f 0.00 -1.000     0  4.75  0 -1  -3.972   1.778   0.885   0.274   0.062   0.000 -1E006M000t
