   confID        vdw0    sas     sum
ASP01A0022_001   0.091  -4.509  -4.418
ASP01A0022_002   0.495  -4.535  -4.040
ASP01A0022_003   0.091  -4.599  -4.509
ASP01A0022_004   0.459  -4.527  -4.069
ASP01A0022_005   0.481  -4.472  -3.991
ASP01A0022_006   0.157  -4.506  -4.348
ASP01A0022_007   0.459  -4.527  -4.069
ASP01A0022_008   0.471  -4.438  -3.966
ASP01A0022_009   0.157  -4.506  -4.348
ASP01A0022_010   0.491  -4.561  -4.070
ASP02A0022_011   0.159  -4.468  -4.309
ASP02A0022_012   0.159  -4.468  -4.309
ASP02A0022_013   0.425  -4.447  -4.023
ASP02A0022_014   0.141  -5.024  -4.883
ASP02A0022_015   0.241  -4.401  -4.161
ASP02A0022_016   0.249  -4.510  -4.261
ASP02A0022_017   0.426  -4.422  -3.995
ASP02A0022_018   0.401  -4.587  -4.186
ASP02A0022_019   0.421  -4.459  -4.038
ASP02A0022_020   0.249  -4.523  -4.274
ASP02A0022_021   0.422  -4.436  -4.014
ASP-1A0022_022   0.084  -4.207  -4.123
ASP-1A0022_023   0.142  -4.332  -4.190
ASP-1A0022_024   0.148  -4.449  -4.301
ASP-1A0022_025   0.372  -4.344  -3.972
