CONFORMER         crg  vdw0  vdw1  tors  epol  self   occ  Hb     history    ASA
LYS01A0086_001  0.000 -9.89  0.17  0.97  0.00 -8.74 0.501  00  01O000M000  1.000
LYS01A0086_002  0.000 -8.86  2.80  1.46  0.00 -4.59 0.501  00  01E00DM000  1.000
LYS01A0086_003  0.000 -7.29  1.19  2.13  0.00 -3.97 0.502  00  01E028M000  1.000
LYS01A0086_004  0.000-11.70  0.23  0.89  0.00-10.58 0.502  00  01E042M000  1.000
LYS01A0086_005  0.000-10.04  2.13  6.79  0.00 -1.12 0.502  00  01E085M000  1.000
LYS01A0086_006  0.000 -9.16  0.18  4.27  0.00 -4.71 0.501  00  01E089M000  1.000
LYS01A0086_007  0.000 -9.14  0.90  3.74  0.00 -4.50 0.502  00  01E0A7M000  1.000
LYS01A0086_008  0.000-11.11  3.75  1.54  0.00 -5.83 0.502  00  01E0E2M000  1.000
LYS01A0086_009  0.000 -8.20  2.76  2.12  0.00 -3.32 0.502  00  01E117M000  1.000
LYS01A0086_010  0.000 -8.32  1.09  1.63  0.00 -5.60 0.502  00  01T030M000  1.000
LYS01A0086_011  0.000 -9.97  1.23  4.21  0.00 -4.53 0.501  00  01T065M000  1.000
LYS01A0086_012  0.000 -9.88  3.01  1.08  0.00 -5.79 0.501  00  01T072M000  1.000
LYS01A0086_013  0.000-11.76  1.81  3.69  0.00 -6.25 0.502  00  01T080M000  1.000
LYS01A0086_014  0.000-10.00  1.79  3.69  0.00 -4.52 0.502  00  01T082M000  1.000
LYS01A0086_015  0.000 -8.41  3.04  1.78  0.00 -3.58 0.501  00  01T0E5M000  1.000
LYS01A0086_016  0.000 -8.64  0.33  2.14  0.00 -6.18 0.502  00  01T0EBM000  1.000
LYS01A0086_017  0.000 -6.52  1.13  2.16  0.00 -3.23 0.502  00  01T0FBM000  1.000
LYS01A0086_018  0.000-10.25  1.11  1.61  0.00 -7.54 0.501  00  01T10EM000  1.000
LYS01A0086_019  0.000-10.24  2.78  1.59  0.00 -5.88 0.502  00  01T123M000  1.000
LYS01A0086_020  0.000 -9.21  1.30  6.83  0.00 -1.09 0.502  00  01T132M000  1.000
LYS+1A0086_021  1.000 -9.95  0.17  0.97  0.00 -8.81 0.501  00  +1O000M000  1.000
LYS+1A0086_022  1.000 -8.89  2.87  1.47  0.00 -4.55 0.501  00  +1E00DM000  1.000
LYS+1A0086_023  1.000-10.08  3.02  1.09  0.00 -5.97 0.501  00  +1E072M000  1.000
LYS+1A0086_024  1.000-11.81  1.80  3.70  0.00 -6.31 0.502  00  +1E080M000  1.000
LYS+1A0086_025  1.000-10.07  1.78  3.69  0.00 -4.59 0.502  00  +1E082M000  1.000
LYS+1A0086_026  1.000-10.07  2.14  6.80  0.00 -1.13 0.502  00  +1E085M000  1.000
LYS+1A0086_027  1.000 -9.18  0.90  3.75  0.00 -4.53 0.502  00  +1E0A7M000  1.000
LYS+1A0086_028  1.000 -8.43  3.01  1.79  0.00 -3.63 0.501  00  +1E0E5M000  1.000
LYS+1A0086_029  1.000 -8.67  0.32  2.14  0.00 -6.21 0.502  00  +1E0EBM000  1.000
LYS+1A0086_030  1.000 -6.55  1.13  2.16  0.00 -3.27 0.502  00  +1E0FBM000  1.000
LYS+1A0086_031  1.000-10.31  1.11  1.61  0.00 -7.59 0.501  00  +1E10EM000  1.000
LYS+1A0086_032  1.000-10.31  2.84  1.59  0.00 -5.88 0.502  00  +1E123M000  1.000
LYS+1A0086_033  1.000 -7.39  1.24  2.13  0.00 -4.03 0.502  00  +1T028M000  1.000
LYS+1A0086_034  1.000 -8.41  1.09  1.64  0.00 -5.68 0.502  00  +1T030M000  1.000
LYS+1A0086_035  1.000-11.75  0.23  0.89  0.00-10.63 0.502  00  +1T042M000  1.000
LYS+1A0086_036  1.000 -9.89  1.23  4.23  0.00 -4.43 0.501  00  +1T065M000  1.000
LYS+1A0086_037  1.000 -9.30  0.18  4.28  0.00 -4.83 0.501  00  +1T089M000  1.000
LYS+1A0086_038  1.000-11.14  3.83  1.54  0.00 -5.77 0.502  00  +1T0E2M000  1.000
LYS+1A0086_039  1.000 -8.24  2.79  2.12  0.00 -3.33 0.502  00  +1T117M000  1.000
LYS+1A0086_040  1.000 -9.23  1.30  6.85  0.00 -1.08 0.502  00  +1T132M000  1.000
