iConf CONFORMER     FL  occ    crg   Em0  pKa0 ne nH    vdw0    vdw1    tors    epol   dsolv   extra    history
00001 LYS01A0086_001 f 0.00  0.000     0  0.00  0  0  -9.889   0.273   0.974  -0.010   0.133   0.000 01O000M000t
00002 LYS01A0086_002 f 0.00  0.000     0  0.00  0  0  -8.867   2.875   1.465  -0.025  -0.007   0.000 01E00DM000t
00003 LYS01A0086_003 f 0.00  0.000     0  0.00  0  0  -7.295   1.240   2.129  -0.090   0.209   0.000 01E028M000t
00004 LYS01A0086_004 f 0.00  0.000     0  0.00  0  0 -11.701   0.333   0.892  -0.009  -0.111   0.000 01E042M000t
00005 LYS01A0086_005 f 0.00  0.000     0  0.00  0  0 -10.040   2.132   6.787  -0.011  -0.001   0.000 01E085M000t
00006 LYS01A0086_006 f 0.00  0.000     0  0.00  0  0  -9.172   0.288   4.271  -0.011   0.045   0.000 01E089M000t
00007 LYS01A0086_007 f 0.00  0.000     0  0.00  0  0  -9.138   0.954   3.740  -0.024   0.125   0.000 01E0A7M000t
00008 LYS01A0086_008 f 0.00  0.000     0  0.00  0  0 -11.109   3.782   1.536  -0.036  -0.020   0.000 01E0E2M000t
00009 LYS01A0086_009 f 0.00  0.000     0  0.00  0  0  -8.198   2.819   2.121   0.001   0.034   0.000 01E117M000t
00010 LYS01A0086_010 f 0.00  0.000     0  0.00  0  0  -8.316   1.088   1.632  -0.027   0.160   0.000 01T030M000t
00011 LYS01A0086_011 f 0.00  0.000     0  0.00  0  0  -9.968   1.231   4.209  -0.011   0.028   0.000 01T065M000t
00012 LYS01A0086_012 f 0.00  0.000     0  0.00  0  0  -9.889   3.078   1.083   0.005   0.078   0.000 01T072M000t
00013 LYS01A0086_013 f 0.00  0.000     0  0.00  0  0 -11.757   1.807   3.694  -0.010   0.004   0.000 01T080M000t
00014 LYS01A0086_014 f 0.00  0.000     0  0.00  0  0  -9.997   1.782   3.692  -0.016   0.048   0.000 01T082M000t
00015 LYS01A0086_015 f 0.00  0.000     0  0.00  0  0  -8.404   3.090   1.783  -0.119  -0.120   0.000 01T0E5M000t
00016 LYS01A0086_016 f 0.00  0.000     0  0.00  0  0  -8.646   0.372   2.135  -0.026   0.003   0.000 01T0EBM000t
00017 LYS01A0086_017 f 0.00  0.000     0  0.00  0  0  -6.503   1.132   2.156  -0.015   0.118   0.000 01T0FBM000t
00018 LYS01A0086_018 f 0.00  0.000     0  0.00  0  0 -10.253   1.108   1.606  -0.021  -0.067   0.000 01T10EM000t
00019 LYS01A0086_019 f 0.00  0.000     0  0.00  0  0 -10.245   2.842   1.585  -0.015   0.014   0.000 01T123M000t
00020 LYS01A0086_020 f 0.00  0.000     0  0.00  0  0  -9.210   1.295   6.832  -0.013   0.021   0.000 01T132M000t
00021 LYS+1A0086_021 f 0.00  1.000     0 10.40  0  1  -9.950   0.268   0.974   0.085   0.033   0.000 +1O000M000t
00022 LYS+1A0086_022 f 0.00  1.000     0 10.40  0  1  -8.882   2.926   1.472  -0.055   0.136   0.000 +1E00DM000t
00023 LYS+1A0086_023 f 0.00  1.000     0 10.40  0  1 -10.085   3.096   1.090  -0.026   0.075   0.000 +1E072M000t
00024 LYS+1A0086_024 f 0.00  1.000     0 10.40  0  1 -11.809   1.800   3.696   0.056  -0.334   0.000 +1E080M000t
00025 LYS+1A0086_025 f 0.00  1.000     0 10.40  0  1 -10.030   1.777   3.693   0.050   0.046   0.000 +1E082M000t
00026 LYS+1A0086_026 f 0.00  1.000     0 10.40  0  1 -10.063   2.132   6.803   0.036  -0.172   0.000 +1E085M000t
00027 LYS+1A0086_027 f 0.00  1.000     0 10.40  0  1  -9.186   0.955   3.754   0.101   0.085   0.000 +1E0A7M000t
00028 LYS+1A0086_028 f 0.00  1.000     0 10.40  0  1  -8.437   3.062   1.785   0.477   0.045   0.000 +1E0E5M000t
00029 LYS+1A0086_029 f 0.00  1.000     0 10.40  0  1  -8.663   0.370   2.139   0.126  -0.396   0.000 +1E0EBM000t
00030 LYS+1A0086_030 f 0.00  1.000     0 10.40  0  1  -6.555   1.128   2.156   0.073  -0.070   0.000 +1E0FBM000t
00031 LYS+1A0086_031 f 0.00  1.000     0 10.40  0  1 -10.315   1.111   1.612   0.059  -0.349   0.000 +1E10EM000t
00032 LYS+1A0086_032 f 0.00  1.000     0 10.40  0  1 -10.316   2.895   1.595   0.068  -0.175   0.000 +1E123M000t
00033 LYS+1A0086_033 f 0.00  1.000     0 10.40  0  1  -7.406   1.288   2.128   1.150   0.930   0.000 +1T028M000t
00034 LYS+1A0086_034 f 0.00  1.000     0 10.40  0  1  -8.403   1.089   1.636   0.110   0.109   0.000 +1T030M000t
00035 LYS+1A0086_035 f 0.00  1.000     0 10.40  0  1 -11.750   0.332   0.893   0.041  -0.205   0.000 +1T042M000t
00036 LYS+1A0086_036 f 0.00  1.000     0 10.40  0  1  -9.888   1.229   4.225   0.082  -0.311   0.000 +1T065M000t
00037 LYS+1A0086_037 f 0.00  1.000     0 10.40  0  1  -9.300   0.286   4.285   0.060  -0.166   0.000 +1T089M000t
00038 LYS+1A0086_038 f 0.00  1.000     0 10.40  0  1 -11.147   3.868   1.539   0.121  -0.199   0.000 +1T0E2M000t
00039 LYS+1A0086_039 f 0.00  1.000     0 10.40  0  1  -8.247   2.865   2.122   0.009  -0.395   0.000 +1T117M000t
00040 LYS+1A0086_040 f 0.00  1.000     0 10.40  0  1  -9.224   1.301   6.849   0.104  -0.328   0.000 +1T132M000t
