CONFORMER         crg  vdw0  vdw1  tors  epol  self   occ  Hb     history    ASA
HIS01A0184_001  0.000-11.47  0.01  0.12  0.00-11.33 0.515  00  01O000M000  1.000
HIS01A0184_002  0.000-11.71  0.80  0.11  0.00-10.79 0.516  00  01E003M000  1.000
HIS01A0184_003  0.000-11.44  1.13  2.66  0.00 -7.66 0.516  00  01E006M000  1.000
HIS01A0184_004  0.000-11.55 -0.26  0.10  0.00-11.71 0.516  00  01E007M000  1.000
HIS01A0184_005  0.000-12.31  0.21  0.06  0.00-12.03 0.516  00  01E008M000  1.000
HIS01A0184_006  0.000-12.20 -0.12  0.11  0.00-12.21 0.516  00  01E009M000  1.000
HIS01A0184_007  0.000-11.71  2.49  2.65  0.00 -6.57 0.517  00  01E00CM000  1.000
HIS01A0184_008  0.000-12.17  3.46  0.11  0.00 -8.60 0.515  00  01E013M000  1.000
HIS01A0184_009  0.000-11.81 -0.17  0.10  0.00-11.88 0.519  00  01T00AM000  1.000
HIS01A0184_010  0.000-11.75  3.32  2.65  0.00 -5.77 0.515  00  01T00EM000  1.000
HIS01A0184_011  0.000-11.70  2.57  0.08  0.00 -9.05 0.513  00  01T010M000  1.000
HIS01A0184_012  0.000-11.54  1.06  0.10  0.00-10.39 0.517  00  01T012M000  1.000
HIS01A0184_013  0.000-12.01 -0.32  0.10  0.00-12.23 0.517  00  01T017M000  1.000
HIS01A0184_014  0.000-11.67  1.93  0.09  0.00 -9.64 0.516  00  01T018M000  1.000
HIS01A0184_015  0.000-12.03  1.53  0.08  0.00-10.42 0.517  00  01T019M000  1.000
HIS01A0184_016  0.000-11.98  1.70  2.62  0.00 -7.66 0.515  00  01T01BM000  1.000
HIS01A0184_017  0.000-11.25  1.06  2.66  0.00 -7.53 0.517  00  01T01CM000  1.000
HIS01A0184_018  0.000-11.61  1.23  2.65  0.00 -7.73 0.516  00  01T01DM000  1.000
HIS02A0184_019  0.000-11.48 -0.04  0.12  0.00-11.40 0.515  00  02O000M000  1.000
HIS02A0184_020  0.000-11.79  2.56  2.65  0.00 -6.57 0.518  00  02E002M000  1.000
HIS02A0184_021  0.000-11.46  1.10  2.65  0.00 -7.70 0.516  00  02E006M000  1.000
HIS02A0184_022  0.000-11.57 -0.27  0.10  0.00-11.74 0.516  00  02E007M000  1.000
HIS02A0184_023  0.000-12.08  0.22  0.08  0.00-11.78 0.516  00  02E008M000  1.000
HIS02A0184_024  0.000-11.87 -0.21  0.10  0.00-11.99 0.519  00  02E00AM000  1.000
HIS02A0184_025  0.000-11.69  2.48  0.10  0.00 -9.11 0.513  00  02E010M000  1.000
HIS02A0184_026  0.000-11.66  1.17  0.07  0.00-10.43 0.516  00  02E016M000  1.000
HIS02A0184_027  0.000-12.00  1.51  0.08  0.00-10.41 0.517  00  02E019M000  1.000
HIS02A0184_028  0.000-11.29  0.90  0.11  0.00-10.28 0.516  00  02T003M000  1.000
HIS02A0184_029  0.000-12.11 -0.13  0.10  0.00-12.14 0.516  00  02T009M000  1.000
HIS02A0184_030  0.000-11.91  2.47  2.65  0.00 -6.80 0.517  00  02T00CM000  1.000
HIS02A0184_031  0.000-11.79  3.48  2.65  0.00 -5.66 0.515  00  02T00EM000  1.000
HIS02A0184_032  0.000-11.56  1.05  0.09  0.00-10.42 0.517  00  02T012M000  1.000
HIS02A0184_033  0.000-12.32  3.50  0.10  0.00 -8.72 0.515  00  02T013M000  1.000
HIS02A0184_034  0.000-12.12 -0.34  0.10  0.00-12.35 0.517  00  02T017M000  1.000
HIS02A0184_035  0.000-11.57  1.85  0.09  0.00 -9.63 0.516  00  02T018M000  1.000
HIS02A0184_036  0.000-12.00  1.70  2.62  0.00 -7.68 0.515  00  02T01BM000  1.000
HIS02A0184_037  0.000-11.33  1.05  2.65  0.00 -7.63 0.517  00  02T01CM000  1.000
HIS02A0184_038  0.000-11.63  1.18  2.65  0.00 -7.79 0.516  00  02T01DM000  1.000
HIS+1A0184_039  1.000-11.51 -0.04  0.12  0.00-11.43 0.515  00  +1O000M000  1.000
HIS+1A0184_040  1.000-11.48  1.10  2.66  0.00 -7.72 0.516  00  +1E006M000  1.000
HIS+1A0184_041  1.000-11.66 -0.27  0.10  0.00-11.83 0.516  00  +1E007M000  1.000
HIS+1A0184_042  1.000-12.11  0.21  0.08  0.00-11.81 0.516  00  +1E008M000  1.000
HIS+1A0184_043  1.000-11.90 -0.21  0.10  0.00-12.01 0.519  00  +1E00AM000  1.000
HIS+1A0184_044  1.000-11.72  2.48  0.10  0.00 -9.14 0.513  00  +1E010M000  1.000
HIS+1A0184_045  1.000-11.63  1.18  0.07  0.00-10.38 0.516  00  +1E016M000  1.000
HIS+1A0184_046  1.000-12.20 -0.33  0.10  0.00-12.42 0.517  00  +1E017M000  1.000
HIS+1A0184_047  1.000-11.47  1.05  2.66  0.00 -7.77 0.517  00  +1E01CM000  1.000
HIS+1A0184_048  1.000-11.32  0.91  0.11  0.00-10.29 0.516  00  +1T003M000  1.000
HIS+1A0184_049  1.000-12.20 -0.14  0.11  0.00-12.23 0.516  00  +1T009M000  1.000
HIS+1A0184_050  1.000-11.76  2.47  2.65  0.00 -6.64 0.517  00  +1T00CM000  1.000
HIS+1A0184_051  1.000-11.87  3.48  2.66  0.00 -5.73 0.515  00  +1T00EM000  1.000
HIS+1A0184_052  1.000-11.59  1.07  0.09  0.00-10.42 0.517  00  +1T012M000  1.000
HIS+1A0184_053  1.000-12.34  3.52  0.10  0.00 -8.73 0.515  00  +1T013M000  1.000
HIS+1A0184_054  1.000-11.64  1.88  0.09  0.00 -9.67 0.516  00  +1T018M000  1.000
HIS+1A0184_055  1.000-12.12  1.51  0.08  0.00-10.54 0.517  00  +1T019M000  1.000
HIS+1A0184_056  1.000-12.02  1.70  2.62  0.00 -7.71 0.515  00  +1T01BM000  1.000
HIS+1A0184_057  1.000-11.65  1.19  2.65  0.00 -7.81 0.516  00  +1T01DM000  1.000
