   confID        vdw0    sas     sum
HIS01A0184_001  -0.232 -11.301 -11.533
HIS01A0184_002  -0.222 -11.487 -11.710
HIS01A0184_003  -0.234 -11.209 -11.443
HIS01A0184_004  -0.170 -11.441 -11.611
HIS01A0184_005  -0.295 -12.015 -12.310
HIS01A0184_006  -0.166 -12.030 -12.196
HIS01A0184_007  -0.167 -11.544 -11.711
HIS01A0184_008  -0.364 -11.805 -12.168
HIS01A0184_009  -0.272 -11.599 -11.871
HIS01A0184_010  -0.265 -11.484 -11.750
HIS01A0184_011  -0.295 -11.408 -11.703
HIS01A0184_012  -0.267 -11.277 -11.544
HIS01A0184_013  -0.166 -11.847 -12.013
HIS01A0184_014  -0.267 -11.334 -11.601
HIS01A0184_015  -0.362 -11.670 -12.032
HIS01A0184_016  -0.291 -11.686 -11.977
HIS01A0184_017  -0.168 -11.082 -11.250
HIS01A0184_018  -0.276 -11.336 -11.612
HIS02A0184_019  -0.248 -11.301 -11.548
HIS02A0184_020  -0.240 -11.553 -11.793
HIS02A0184_021  -0.247 -11.209 -11.456
HIS02A0184_022  -0.189 -11.441 -11.630
HIS02A0184_023  -0.310 -11.832 -12.142
HIS02A0184_024  -0.286 -11.586 -11.872
HIS02A0184_025  -0.311 -11.381 -11.693
HIS02A0184_026  -0.310 -11.356 -11.666
HIS02A0184_027  -0.375 -11.623 -11.998
HIS02A0184_028  -0.243 -11.049 -11.293
HIS02A0184_029  -0.185 -11.927 -12.112
HIS02A0184_030  -0.187 -11.728 -11.915
HIS02A0184_031  -0.283 -11.560 -11.843
HIS02A0184_032  -0.284 -11.275 -11.559
HIS02A0184_033  -0.375 -11.940 -12.315
HIS02A0184_034  -0.186 -11.931 -12.117
HIS02A0184_035  -0.282 -11.283 -11.565
HIS02A0184_036  -0.310 -11.686 -11.996
HIS02A0184_037  -0.186 -11.082 -11.268
HIS02A0184_038  -0.290 -11.336 -11.626
HIS+1A0184_039  -0.275 -11.301 -11.575
HIS+1A0184_040  -0.274 -11.209 -11.483
HIS+1A0184_041  -0.217 -11.441 -11.658
HIS+1A0184_042  -0.337 -11.832 -12.169
HIS+1A0184_043  -0.313 -11.586 -11.899
HIS+1A0184_044  -0.338 -11.433 -11.771
HIS+1A0184_045  -0.337 -11.291 -11.628
HIS+1A0184_046  -0.212 -11.983 -12.194
HIS+1A0184_047  -0.213 -11.261 -11.474
HIS+1A0184_048  -0.270 -11.049 -11.319
HIS+1A0184_049  -0.213 -11.991 -12.204
HIS+1A0184_050  -0.213 -11.544 -11.757
HIS+1A0184_051  -0.309 -11.560 -11.869
HIS+1A0184_052  -0.311 -11.275 -11.586
HIS+1A0184_053  -0.403 -11.940 -12.343
HIS+1A0184_054  -0.309 -11.334 -11.643
HIS+1A0184_055  -0.401 -11.719 -12.121
HIS+1A0184_056  -0.337 -11.686 -12.024
HIS+1A0184_057  -0.317 -11.336 -11.653
