CONFORMER         crg  vdw0  vdw1  tors  epol  self   occ  Hb     history    ASA
LYS01A0108_001  0.000-12.28  0.26  0.81  0.00-11.21 0.501  00  01O000M000  1.000
LYS01A0108_002  0.000-10.82  0.13  0.87  0.00 -9.81 0.501  00  01E013M000  1.000
LYS01A0108_003  0.000-10.68  1.24  3.66  0.00 -5.77 0.502  00  01E02AM000  1.000
LYS01A0108_004  0.000-10.56  1.62  1.53  0.00 -7.42 0.501  00  01E042M000  1.000
LYS01A0108_005  0.000-11.10  1.51  3.79  0.00 -5.79 0.502  00  01E053M000  1.000
LYS01A0108_006  0.000 -5.74  1.08  4.25  0.00 -0.41 0.501  00  01E083M000  1.000
LYS01A0108_007  0.000-11.87  1.15  3.69  0.00 -7.04 0.501  00  01E090M000  1.000
LYS01A0108_008  0.000-10.52  1.73  4.25  0.00 -4.55 0.501  00  01E09CM000  1.000
LYS01A0108_009  0.000-10.06  0.21  4.24  0.00 -5.61 0.502  00  01E0B4M000  1.000
LYS01A0108_010  0.000 -7.53  0.51  2.09  0.00 -4.94 0.501  00  01E0EDM000  1.000
LYS01A0108_011  0.000 -7.26  1.22  4.88  0.00 -1.16 0.502  00  01E115M000  1.000
LYS01A0108_012  0.000 -7.20  0.51  2.08  0.00 -4.61 0.501  00  01E12CM000  1.000
LYS01A0108_013  0.000 -7.53  0.66  4.84  0.00 -2.02 0.502  00  01E13FM000  1.000
LYS01A0108_014  0.000 -7.44  0.60  4.84  0.00 -1.99 0.502  00  01E142M000  1.000
LYS01A0108_015  0.000-10.26  2.28  7.06  0.00 -0.92 0.502  00  01E159M000  1.000
LYS01A0108_016  0.000-10.44  0.23  4.24  0.00 -5.98 0.501  00  01T0AAM000  1.000
LYS01A0108_017  0.000 -9.81  1.20  4.23  0.00 -4.38 0.501  00  01T0E8M000  1.000
LYS01A0108_018  0.000-10.31  1.61  1.48  0.00 -7.23 0.501  00  01T0FBM000  1.000
LYS01A0108_019  0.000 -9.12  1.08  4.32  0.00 -3.72 0.501  00  01T118M000  1.000
LYS01A0108_020  0.000 -8.69  0.27  1.49  0.00 -6.93 0.502  00  01T144M000  1.000
LYS+1A0108_021  1.000-12.33  0.26  0.81  0.00-11.26 0.501  00  +1O000M000  1.000
LYS+1A0108_022  1.000-10.87  0.13  0.87  0.00 -9.86 0.501  00  +1E013M000  1.000
LYS+1A0108_023  1.000-10.73  1.24  3.66  0.00 -5.82 0.502  00  +1E02AM000  1.000
LYS+1A0108_024  1.000-11.13  1.50  3.79  0.00 -5.83 0.502  00  +1E053M000  1.000
LYS+1A0108_025  1.000-10.64  1.73  4.25  0.00 -4.67 0.501  00  +1E09CM000  1.000
LYS+1A0108_026  1.000-10.55  0.23  4.24  0.00 -6.08 0.501  00  +1E0AAM000  1.000
LYS+1A0108_027  1.000 -9.82  1.20  4.23  0.00 -4.39 0.501  00  +1E0E8M000  1.000
LYS+1A0108_028  1.000 -7.56  0.51  2.08  0.00 -4.96 0.501  00  +1E0EDM000  1.000
LYS+1A0108_029  1.000-10.48  1.60  1.48  0.00 -7.40 0.501  00  +1E0FBM000  1.000
LYS+1A0108_030  1.000 -7.32  1.22  4.88  0.00 -1.22 0.502  00  +1E115M000  1.000
LYS+1A0108_031  1.000 -7.58  0.66  4.84  0.00 -2.07 0.502  00  +1E13FM000  1.000
LYS+1A0108_032  1.000-10.64  1.70  1.52  0.00 -7.42 0.501  00  +1T042M000  1.000
LYS+1A0108_033  1.000 -5.82  1.07  4.25  0.00 -0.50 0.501  00  +1T083M000  1.000
LYS+1A0108_034  1.000-11.87  1.15  3.69  0.00 -7.03 0.501  00  +1T090M000  1.000
LYS+1A0108_035  1.000-10.10  0.21  4.24  0.00 -5.65 0.502  00  +1T0B4M000  1.000
LYS+1A0108_036  1.000 -9.13  1.08  4.32  0.00 -3.73 0.501  00  +1T118M000  1.000
LYS+1A0108_037  1.000 -7.27  0.52  2.08  0.00 -4.67 0.501  00  +1T12CM000  1.000
LYS+1A0108_038  1.000 -7.48  0.60  4.84  0.00 -2.04 0.502  00  +1T142M000  1.000
LYS+1A0108_039  1.000 -8.77  0.26  1.49  0.00 -7.03 0.502  00  +1T144M000  1.000
LYS+1A0108_040  1.000-10.27  2.29  7.06  0.00 -0.92 0.502  00  +1T159M000  1.000
