iConf CONFORMER     FL  occ    crg   Em0  pKa0 ne nH    vdw0    vdw1    tors    epol   dsolv   extra    history
00001 LYS01A0108_001 f 0.00  0.000     0  0.00  0  0 -12.298   0.366   0.807  -0.007  -0.144   0.000 01O000M000t
00002 LYS01A0108_002 f 0.00  0.000     0  0.00  0  0 -10.817   0.233   0.874  -0.010  -0.016   0.000 01E013M000t
00003 LYS01A0108_003 f 0.00  0.000     0  0.00  0  0 -10.681   1.297   3.665  -0.014  -0.085   0.000 01E02AM000t
00004 LYS01A0108_004 f 0.00  0.000     0  0.00  0  0 -10.557   1.677   1.527  -0.055  -0.065   0.000 01E042M000t
00005 LYS01A0108_005 f 0.00  0.000     0  0.00  0  0 -11.098   1.514   3.792  -0.036  -0.013   0.000 01E053M000t
00006 LYS01A0108_006 f 0.00  0.000     0  0.00  0  0  -5.750   1.085   4.246  -0.009   0.165   0.000 01E083M000t
00007 LYS01A0108_007 f 0.00  0.000     0  0.00  0  0 -11.870   1.212   3.685  -0.031  -0.074   0.000 01E090M000t
00008 LYS01A0108_008 f 0.00  0.000     0  0.00  0  0 -10.522   1.734   4.247  -0.021   0.123   0.000 01E09CM000t
00009 LYS01A0108_009 f 0.00  0.000     0  0.00  0  0 -10.058   0.316   4.238  -0.007   0.053   0.000 01E0B4M000t
00010 LYS01A0108_010 f 0.00  0.000     0  0.00  0  0  -7.520   0.557   2.086  -0.022   0.110   0.000 01E0EDM000t
00011 LYS01A0108_011 f 0.00  0.000     0  0.00  0  0  -7.252   1.218   4.883  -0.003  -0.114   0.000 01E115M000t
00012 LYS01A0108_012 f 0.00  0.000     0  0.00  0  0  -7.203   0.578   2.084  -0.035   0.070   0.000 01E12CM000t
00013 LYS01A0108_013 f 0.00  0.000     0  0.00  0  0  -7.516   0.726   4.841  -0.024   0.036   0.000 01E13FM000t
00014 LYS01A0108_014 f 0.00  0.000     0  0.00  0  0  -7.444   0.670   4.843  -0.032   0.029   0.000 01E142M000t
00015 LYS01A0108_015 f 0.00  0.000     0  0.00  0  0 -10.257   2.280   7.060  -0.046  -0.192   0.000 01E159M000t
00016 LYS01A0108_016 f 0.00  0.000     0  0.00  0  0 -10.445   0.331   4.239  -0.005   0.019   0.000 01T0AAM000t
00017 LYS01A0108_017 f 0.00  0.000     0  0.00  0  0  -9.778   1.261   4.233   0.002  -0.053   0.000 01T0E8M000t
00018 LYS01A0108_018 f 0.00  0.000     0  0.00  0  0 -10.314   1.657   1.475  -0.026   0.034   0.000 01T0FBM000t
00019 LYS01A0108_019 f 0.00  0.000     0  0.00  0  0  -9.130   1.087   4.320  -0.014   0.097   0.000 01T118M000t
00020 LYS01A0108_020 f 0.00  0.000     0  0.00  0  0  -8.703   0.344   1.486  -0.008  -0.129   0.000 01T144M000t
00021 LYS+1A0108_021 f 0.00  1.000     0 10.40  0  1 -12.343   0.366   0.807   0.043  -0.183   0.000 +1O000M000t
00022 LYS+1A0108_022 f 0.00  1.000     0 10.40  0  1 -10.863   0.233   0.874   0.044  -0.177   0.000 +1E013M000t
00023 LYS+1A0108_023 f 0.00  1.000     0 10.40  0  1 -10.732   1.295   3.666   0.057  -0.191   0.000 +1E02AM000t
00024 LYS+1A0108_024 f 0.00  1.000     0 10.40  0  1 -11.132   1.503   3.792   0.174  -0.130   0.000 +1E053M000t
00025 LYS+1A0108_025 f 0.00  1.000     0 10.40  0  1 -10.649   1.725   4.246   0.087  -0.079   0.000 +1E09CM000t
00026 LYS+1A0108_026 f 0.00  1.000     0 10.40  0  1 -10.545   0.329   4.239   0.044  -0.192   0.000 +1E0AAM000t
00027 LYS+1A0108_027 f 0.00  1.000     0 10.40  0  1  -9.840   1.256   4.234   0.145   0.115   0.000 +1E0E8M000t
00028 LYS+1A0108_028 f 0.00  1.000     0 10.40  0  1  -7.605   0.558   2.084   0.064  -0.140   0.000 +1E0EDM000t
00029 LYS+1A0108_029 f 0.00  1.000     0 10.40  0  1 -10.480   1.650   1.477   0.139   0.113   0.000 +1E0FBM000t
00030 LYS+1A0108_030 f 0.00  1.000     0 10.40  0  1  -7.330   1.227   4.884   0.042  -0.209   0.000 +1E115M000t
00031 LYS+1A0108_031 f 0.00  1.000     0 10.40  0  1  -7.586   0.726   4.842   0.125  -0.159   0.000 +1E13FM000t
00032 LYS+1A0108_032 f 0.00  1.000     0 10.40  0  1 -10.641   1.764   1.524   0.224  -0.152   0.000 +1T042M000t
00033 LYS+1A0108_033 f 0.00  1.000     0 10.40  0  1  -5.837   1.076   4.246  -0.078   0.292   0.000 +1T083M000t
00034 LYS+1A0108_034 f 0.00  1.000     0 10.40  0  1 -11.918   1.214   3.689   0.137  -0.211   0.000 +1T090M000t
00035 LYS+1A0108_035 f 0.00  1.000     0 10.40  0  1 -10.107   0.316   4.238   0.080  -0.252   0.000 +1T0B4M000t
00036 LYS+1A0108_036 f 0.00  1.000     0 10.40  0  1  -9.187   1.081   4.319   0.100  -0.244   0.000 +1T118M000t
00037 LYS+1A0108_037 f 0.00  1.000     0 10.40  0  1  -7.269   0.580   2.084   0.096   0.198   0.000 +1T12CM000t
00038 LYS+1A0108_038 f 0.00  1.000     0 10.40  0  1  -7.482   0.664   4.843   0.162  -0.156   0.000 +1T142M000t
00039 LYS+1A0108_039 f 0.00  1.000     0 10.40  0  1  -8.775   0.326   1.486   0.350  -0.004   0.000 +1T144M000t
00040 LYS+1A0108_040 f 0.00  1.000     0 10.40  0  1 -10.270   2.292   7.063   0.189  -0.436   0.000 +1T159M000t
