   confID        vdw0    sas     sum
LYS01A0108_001   0.564 -12.862 -12.298
LYS01A0108_002   1.626 -12.443 -10.817
LYS01A0108_003   1.650 -12.331 -10.681
LYS01A0108_004   2.157 -12.714 -10.557
LYS01A0108_005   1.677 -12.775 -11.098
LYS01A0108_006   6.109 -11.859  -5.750
LYS01A0108_007   0.931 -12.801 -11.870
LYS01A0108_008   2.003 -12.525 -10.522
LYS01A0108_009   2.370 -12.428 -10.058
LYS01A0108_010   4.902 -12.422  -7.520
LYS01A0108_011   4.941 -12.193  -7.252
LYS01A0108_012   4.904 -12.107  -7.203
LYS01A0108_013   5.066 -12.582  -7.516
LYS01A0108_014   4.990 -12.434  -7.444
LYS01A0108_015   2.113 -12.370 -10.257
LYS01A0108_016   2.443 -12.888 -10.445
LYS01A0108_017   2.381 -12.159  -9.778
LYS01A0108_018   2.073 -12.387 -10.314
LYS01A0108_019   2.945 -12.075  -9.130
LYS01A0108_020   3.388 -12.092  -8.703
LYS+1A0108_021   0.519 -12.862 -12.343
LYS+1A0108_022   1.580 -12.443 -10.863
LYS+1A0108_023   1.599 -12.331 -10.732
LYS+1A0108_024   1.643 -12.775 -11.132
LYS+1A0108_025   1.928 -12.577 -10.649
LYS+1A0108_026   2.394 -12.939 -10.545
LYS+1A0108_027   2.303 -12.143  -9.840
LYS+1A0108_028   4.818 -12.422  -7.605
LYS+1A0108_029   1.975 -12.455 -10.480
LYS+1A0108_030   4.863 -12.193  -7.330
LYS+1A0108_031   4.996 -12.582  -7.586
LYS+1A0108_032   2.124 -12.765 -10.641
LYS+1A0108_033   6.023 -11.859  -5.837
LYS+1A0108_034   0.883 -12.801 -11.918
LYS+1A0108_035   2.321 -12.428 -10.107
LYS+1A0108_036   2.888 -12.075  -9.187
LYS+1A0108_037   4.838 -12.107  -7.269
LYS+1A0108_038   4.953 -12.434  -7.482
LYS+1A0108_039   3.317 -12.092  -8.775
LYS+1A0108_040   2.061 -12.331 -10.270
