CONFORMER         crg  vdw0  vdw1  tors  epol  self   occ  Hb     history    ASA
GLU01A0005_001  0.000 -4.35  1.36  3.22  0.00  0.23 0.541  00  01O000M000  1.022
GLU01A0005_002  0.000 -4.68  1.21  3.66  0.00  0.19 0.539  00  01E006M000  1.000
GLU01A0005_003  0.000 -4.31  1.36  0.50  0.00 -2.45 0.541  00  01O000M000  1.014
GLU01A0005_004  0.000 -4.67  1.08  0.94  0.00 -2.65 0.543  00  01E008M000  1.000
GLU01A0005_005  0.000 -4.23  1.40  5.89  0.00  3.07 0.541  00  01T001M000  1.000
GLU01A0005_006  0.000 -4.86  1.85  3.65  0.00  0.64 0.539  00  01T00BM000  1.010
GLU01A0005_007  0.000 -4.33  0.95  3.09  0.00 -0.29 0.544  00  01T002M000  1.053
GLU01A0005_008  0.000 -4.04  1.92  3.10  0.00  0.98 0.541  00  01T003M000  1.000
GLU01A0005_009  0.000 -4.56  1.95  3.13  0.00  0.52 0.539  00  01T004M000  1.028
GLU01A0005_010  0.000 -4.67  1.08  3.65  0.00  0.06 0.543  00  01T008M000  1.000
GLU01A0005_011  0.000 -4.93  1.93  3.64  0.00  0.64 0.541  00  01T00AM000  1.077
GLU01A0005_012  0.000 -4.86  1.85  0.93  0.00 -2.08 0.539  00  01T00BM000  1.010
GLU01A0005_013  0.000 -4.25  1.40  3.16  0.00  0.31 0.541  00  01T001M000  1.000
GLU01A0005_014  0.000 -4.56  1.95  0.41  0.00 -2.20 0.539  00  01T004M000  1.028
GLU01A0005_015  0.000 -4.62  1.22  0.92  0.00 -2.48 0.539  00  01T006M000  1.000
GLU01A0005_016  0.000 -5.01  1.93  0.92  0.00 -2.16 0.541  00  01T00AM000  1.094
GLU02A0005_017  0.000 -4.10  1.35  3.22  0.00  0.47 0.541  00  02O000M000  1.011
GLU02A0005_018  0.000 -4.58  1.22  3.72  0.00  0.36 0.539  00  02E006M000  1.011
GLU02A0005_019  0.000 -3.83  1.91  2.93  0.00  1.01 0.539  00  02E009M000  1.119
GLU02A0005_020  0.000 -4.92  1.79  3.74  0.00  0.61 0.539  00  02E00BM000  1.020
GLU02A0005_021  0.000 -4.10  1.35  0.50  0.00 -2.25 0.541  00  02O000M000  1.011
GLU02A0005_022  0.000 -4.92  1.93  0.89  0.00 -2.10 0.541  00  02E00AM000  1.084
GLU02A0005_023  0.000 -3.96  1.40  5.90  0.00  3.34 0.541  00  02T001M000  1.000
GLU02A0005_024  0.000 -4.28  1.98  3.14  0.00  0.85 0.539  00  02T004M000  1.026
GLU02A0005_025  0.000 -4.60  1.07  3.72  0.00  0.18 0.543  00  02T008M000  1.000
GLU02A0005_026  0.000 -4.21  0.95  3.09  0.00 -0.17 0.544  00  02T002M000  1.057
GLU02A0005_027  0.000 -4.56  1.22  0.98  0.00 -2.36 0.539  00  02T006M000  1.005
GLU02A0005_028  0.000 -4.92  1.80  0.99  0.00 -2.13 0.539  00  02T00BM000  1.020
GLU02A0005_029  0.000 -3.90  1.39  3.16  0.00  0.65 0.541  00  02T001M000  1.000
GLU02A0005_030  0.000 -4.21  0.95  0.37  0.00 -2.89 0.544  00  02T002M000  1.057
GLU02A0005_031  0.000 -4.27  1.99  0.40  0.00 -1.89 0.539  00  02T004M000  1.026
GLU-1A0005_032 -1.000 -4.26  1.37  0.50  0.00 -2.39 0.541  00  -1O000M000  1.011
GLU-1A0005_033 -1.000 -4.11  1.41  3.16  0.00  0.45 0.541  00  -1E001M000  1.000
GLU-1A0005_034 -1.000 -4.38  1.94  0.41  0.00 -2.04 0.539  00  -1E004M000  1.021
GLU-1A0005_035 -1.000 -4.62  1.22  0.91  0.00 -2.49 0.539  00  -1E006M000  1.000
GLU-1A0005_036 -1.000 -3.58  1.03  0.22  0.00 -2.33 0.545  00  -1E007M000  1.000
GLU-1A0005_037 -1.000 -4.95  1.94  0.92  0.00 -2.09 0.541  00  -1E00AM000  1.070
GLU-1A0005_038 -1.000 -4.79  1.78  0.93  0.00 -2.08 0.539  00  -1E00BM000  1.003
