iConf CONFORMER     FL  occ    crg   Em0  pKa0 ne nH    vdw0    vdw1    tors    epol   dsolv   extra    history
00001 GLU01A0005_001 f 0.00  0.000     0  0.00  0  0  -4.347   1.353   3.220   0.124  -0.905   0.000 01O000M000t
00002 GLU01A0005_002 f 0.00  0.000     0  0.00  0  0  -4.682   1.218   3.659   0.109  -0.864   0.000 01E006M000t
00003 GLU01A0005_003 f 0.00  0.000     0  0.00  0  0  -4.309   1.353   0.500   0.101   0.263   0.000 01O000M000t
00004 GLU01A0005_004 f 0.00  0.000     0  0.00  0  0  -4.673   1.077   0.941   0.066   0.243   0.000 01E008M000t
00005 GLU01A0005_005 f 0.00  0.000     0  0.00  0  0  -4.227   1.396   5.892   0.060  -0.996   0.000 01T001M000t
00006 GLU01A0005_006 f 0.00  0.000     0  0.00  0  0  -4.858   1.845   3.647   0.214  -0.579   0.000 01T00BM000t
00007 GLU01A0005_007 f 0.00  0.000     0  0.00  0  0  -4.332   0.954   3.087   0.060  -0.902   0.000 01T002M000t
00008 GLU01A0005_008 f 0.00  0.000     0  0.00  0  0  -4.036   1.925   3.096   0.106  -0.953   0.000 01T003M000t
00009 GLU01A0005_009 f 0.00  0.000     0  0.00  0  0  -4.562   1.945   3.129   0.202  -0.724   0.000 01T004M000t
00010 GLU01A0005_010 f 0.00  0.000     0  0.00  0  0  -4.673   1.080   3.655   0.091  -0.923   0.000 01T008M000t
00011 GLU01A0005_011 f 0.00  0.000     0  0.00  0  0  -4.930   1.929   3.645   0.123  -0.868   0.000 01T00AM000t
00012 GLU01A0005_012 f 0.00  0.000     0  0.00  0  0  -4.858   1.845   0.927   0.303   0.342   0.000 01T00BM000t
00013 GLU01A0005_013 f 0.00  0.000     0  0.00  0  0  -4.249   1.398   3.160   0.057   0.211   0.000 01T001M000t
00014 GLU01A0005_014 f 0.00  0.000     0  0.00  0  0  -4.562   1.945   0.409   0.128   0.363   0.000 01T004M000t
00015 GLU01A0005_015 f 0.00  0.000     0  0.00  0  0  -4.617   1.218   0.915   0.100   0.376   0.000 01T006M000t
00016 GLU01A0005_016 f 0.00  0.000     0  0.00  0  0  -5.007   1.929   0.925   0.098   0.309   0.000 01T00AM000t
00017 GLU02A0005_017 f 0.00  0.000     0  0.00  0  0  -4.097   1.349   3.220   0.162  -0.713   0.000 02O000M000t
00018 GLU02A0005_018 f 0.00  0.000     0  0.00  0  0  -4.583   1.220   3.721   0.181  -0.832   0.000 02E006M000t
00019 GLU02A0005_019 f 0.00  0.000     0  0.00  0  0  -3.831   1.910   2.933   0.171  -0.590   0.000 02E009M000t
00020 GLU02A0005_020 f 0.00  0.000     0  0.00  0  0  -4.916   1.788   3.739   0.386  -0.687   0.000 02E00BM000t
00021 GLU02A0005_021 f 0.00  0.000     0  0.00  0  0  -4.097   1.349   0.500   0.108   0.296   0.000 02O000M000t
00022 GLU02A0005_022 f 0.00  0.000     0  0.00  0  0  -4.916   1.922   0.886   0.092   0.295   0.000 02E00AM000t
00023 GLU02A0005_023 f 0.00  0.000     0  0.00  0  0  -3.941   1.388   5.898   0.134  -0.717   0.000 02T001M000t
00024 GLU02A0005_024 f 0.00  0.000     0  0.00  0  0  -4.241   1.984   3.144   0.237  -0.642   0.000 02T004M000t
00025 GLU02A0005_025 f 0.00  0.000     0  0.00  0  0  -4.604   1.070   3.716   0.084  -0.877   0.000 02T008M000t
00026 GLU02A0005_026 f 0.00  0.000     0  0.00  0  0  -4.209   0.949   3.087   0.126  -0.716   0.000 02T002M000t
00027 GLU02A0005_027 f 0.00  0.000     0  0.00  0  0  -4.557   1.220   0.976   0.117   0.266   0.000 02T006M000t
00028 GLU02A0005_028 f 0.00  0.000     0  0.00  0  0  -4.916   1.794   0.990   0.326   0.357   0.000 02T00BM000t
00029 GLU02A0005_029 f 0.00  0.000     0  0.00  0  0  -3.899   1.391   3.158   0.072   0.277   0.000 02T001M000t
00030 GLU02A0005_030 f 0.00  0.000     0  0.00  0  0  -4.209   0.949   0.367   0.058   0.237   0.000 02T002M000t
00031 GLU02A0005_031 f 0.00  0.000     0  0.00  0  0  -4.276   1.986   0.402   0.120   0.333   0.000 02T004M000t
00032 GLU-1A0005_032 f 0.00 -1.000     0  4.75  0 -1  -4.256   1.364   0.500  -0.100   0.132   0.000 -1O000M000t
00033 GLU-1A0005_033 f 0.00 -1.000     0  4.75  0 -1  -4.117   1.407   3.160  -0.093   0.121   0.000 -1E001M000t
00034 GLU-1A0005_034 f 0.00 -1.000     0  4.75  0 -1  -4.384   1.931   0.410  -0.179   0.305   0.000 -1E004M000t
00035 GLU-1A0005_035 f 0.00 -1.000     0  4.75  0 -1  -4.621   1.218   0.911  -0.098   0.034   0.000 -1E006M000t
00036 GLU-1A0005_036 f 0.00 -1.000     0  4.75  0 -1  -3.579   1.029   0.215  -0.097   0.148   0.000 -1E007M000t
00037 GLU-1A0005_037 f 0.00 -1.000     0  4.75  0 -1  -4.951   1.934   0.921  -0.111   0.136   0.000 -1E00AM000t
00038 GLU-1A0005_038 f 0.00 -1.000     0  4.75  0 -1  -4.789   1.780   0.933  -0.087   0.426   0.000 -1E00BM000t
