   confID        vdw0    sas     sum
GLU01A0005_001   0.499  -4.846  -4.347
GLU01A0005_002   0.123  -4.805  -4.682
GLU01A0005_003   0.499  -4.808  -4.309
GLU01A0005_004   0.158  -4.831  -4.673
GLU01A0005_005   0.618  -4.845  -4.227
GLU01A0005_006   0.075  -4.933  -4.858
GLU01A0005_007   0.649  -4.981  -4.332
GLU01A0005_008   0.661  -4.698  -4.036
GLU01A0005_009   0.607  -5.169  -4.562
GLU01A0005_010   0.157  -4.831  -4.673
GLU01A0005_011   0.159  -5.089  -4.930
GLU01A0005_012   0.075  -4.933  -4.858
GLU01A0005_013   0.665  -4.914  -4.249
GLU01A0005_014   0.607  -5.169  -4.562
GLU01A0005_015   0.164  -4.781  -4.617
GLU01A0005_016   0.159  -5.166  -5.007
GLU02A0005_017   0.665  -4.762  -4.097
GLU02A0005_018   0.181  -4.764  -4.583
GLU02A0005_019   1.462  -5.293  -3.831
GLU02A0005_020   0.138  -5.054  -4.916
GLU02A0005_021   0.665  -4.762  -4.097
GLU02A0005_022   0.189  -5.105  -4.916
GLU02A0005_023   0.815  -4.756  -3.941
GLU02A0005_024   0.718  -4.959  -4.241
GLU02A0005_025   0.171  -4.775  -4.604
GLU02A0005_026   0.848  -5.057  -4.209
GLU02A0005_027   0.181  -4.739  -4.557
GLU02A0005_028   0.137  -5.054  -4.916
GLU02A0005_029   0.857  -4.756  -3.899
GLU02A0005_030   0.848  -5.057  -4.209
GLU02A0005_031   0.718  -4.994  -4.276
GLU-1A0005_032   0.468  -4.724  -4.256
GLU-1A0005_033   0.607  -4.724  -4.117
GLU-1A0005_034   0.540  -4.924  -4.384
GLU-1A0005_035   0.111  -4.732  -4.621
GLU-1A0005_036   1.093  -4.672  -3.579
GLU-1A0005_037   0.107  -5.059  -4.951
GLU-1A0005_038   0.071  -4.860  -4.789
