iConf CONFORMER     FL  occ    crg   Em0  pKa0 ne nH    vdw0    vdw1    tors    epol   dsolv   extra    history
00001 ARG01A0200_001 f 0.00  0.000     0  0.00  0  0 -13.567   0.617   0.881  -0.011  -0.033   0.000 01O000M000t
00002 ARG01A0200_002 f 0.00  0.000     0  0.00  0  0 -13.484   1.496   1.607   0.114  -0.133   0.000 01E03AM000t
00003 ARG01A0200_003 f 0.00  0.000     0  0.00  0  0 -13.858   0.332   1.640   0.040  -0.192   0.000 01E04DM000t
00004 ARG01A0200_004 f 0.00  0.000     0  0.00  0  0 -14.865   1.726   6.297   0.121  -0.341   0.000 01E055M000t
00005 ARG01A0200_005 f 0.00  0.000     0  0.00  0  0 -14.718   0.545   4.150   0.099  -0.133   0.000 01E064M000t
00006 ARG01A0200_006 f 0.00  0.000     0  0.00  0  0 -13.036   3.105   0.854   0.040  -0.284   0.000 01E089M000t
00007 ARG01A0200_007 f 0.00  0.000     0  0.00  0  0 -11.678  -0.341   1.157  -0.143   0.132   0.000 01E09FM000t
00008 ARG01A0200_008 f 0.00  0.000     0  0.00  0  0 -10.916   0.204   0.516  -0.020  -0.059   0.000 01E0A4M000t
00009 ARG01A0200_009 f 0.00  0.000     0  0.00  0  0 -10.688   1.264   1.343   0.003  -0.095   0.000 01E116M000t
00010 ARG01A0200_010 f 0.00  0.000     0  0.00  0  0 -13.231   0.199   0.882   0.032   0.124   0.000 01E140M000t
00011 ARG01A0200_011 f 0.00  0.000     0  0.00  0  0 -13.343   0.138   0.974   0.175  -0.054   0.000 01E148M000t
00012 ARG01A0200_012 f 0.00  0.000     0  0.00  0  0 -12.970   0.589   1.468   0.040  -0.124   0.000 01E191M000t
00013 ARG01A0200_013 f 0.00  0.000     0  0.00  0  0 -12.791   0.395   0.495   0.063  -0.192   0.000 01T0ACM000t
00014 ARG01A0200_014 f 0.00  0.000     0  0.00  0  0 -12.457   0.040   0.577   0.017  -0.404   0.000 01T0C2M000t
00015 ARG01A0200_015 f 0.00  0.000     0  0.00  0  0 -11.633   0.596   3.187  -0.020   0.099   0.000 01T0D2M000t
00016 ARG01A0200_016 f 0.00  0.000     0  0.00  0  0 -12.436   5.051   3.270   0.404   0.081   0.000 01T129M000t
00017 ARG01A0200_017 f 0.00  0.000     0  0.00  0  0 -12.917  -0.070   1.462   0.111   0.023   0.000 01T132M000t
00018 ARG01A0200_018 f 0.00  0.000     0  0.00  0  0  -9.891   0.090   3.663   0.148  -0.061   0.000 01T137M000t
00019 ARG01A0200_019 f 0.00  0.000     0  0.00  0  0 -13.284   1.289   5.511   0.112  -0.174   0.000 01T16FM000t
00020 ARG01A0200_020 f 0.00  0.000     0  0.00  0  0 -13.092   0.965   1.421   0.029  -0.563   0.000 01T194M000t
00021 ARG02A0200_021 f 0.00  0.000     0  0.00  0  0 -11.183   0.214   0.507  -0.004   1.254   0.000 02E0A4M000t
00022 ARG02A0200_022 f 0.00  0.000     0  0.00  0  0 -13.338   0.128   0.974   0.167   1.129   0.000 02E148M000t
00023 ARG02A0200_023 f 0.00  0.000     0  0.00  0  0 -13.574   0.610   0.881   0.035   0.655   0.000 02O000M000t
00024 ARG02A0200_024 f 0.00  0.000     0  0.00  0  0 -14.149   0.320   1.308   0.048   0.610   0.000 02E04DM000t
00025 ARG02A0200_025 f 0.00  0.000     0  0.00  0  0 -11.446  -0.312   1.105  -0.243   1.175   0.000 02E09FM000t
00026 ARG02A0200_026 f 0.00  0.000     0  0.00  0  0 -13.079   0.043   0.823  -0.086   0.853   0.000 02E140M000t
00027 ARG02A0200_027 f 0.00  0.000     0  0.00  0  0 -13.070   0.968   1.416   0.038   0.482   0.000 02E194M000t
00028 ARG02A0200_028 f 0.00  0.000     0  0.00  0  0 -13.043   3.232   0.844   0.233   1.038   0.000 02T089M000t
00029 ARG02A0200_029 f 0.00  0.000     0  0.00  0  0 -12.983   4.724   3.269   0.436   1.256   0.000 02T129M000t
00030 ARG02A0200_030 f 0.00  0.000     0  0.00  0  0 -12.557   0.783   1.333   0.035   0.890   0.000 02T191M000t
00031 ARG02A0200_031 f 0.00  0.000     0  0.00  0  0 -14.214   1.335   5.274   0.086   0.617   0.000 02T055M000t
00032 ARG02A0200_032 f 0.00  0.000     0  0.00  0  0 -14.288   0.397   2.576   0.066   0.464   0.000 02T064M000t
00033 ARG02A0200_033 f 0.00  0.000     0  0.00  0  0 -12.597   0.402   0.489   0.026   0.812   0.000 02T0ACM000t
00034 ARG02A0200_034 f 0.00  0.000     0  0.00  0  0 -12.623   0.043   0.505   0.013   0.306   0.000 02T0C2M000t
00035 ARG02A0200_035 f 0.00  0.000     0  0.00  0  0 -10.953   1.324   1.313   0.011   0.635   0.000 02T116M000t
00036 ARG02A0200_036 f 0.00  0.000     0  0.00  0  0 -13.127   1.339   5.458   0.098   0.787   0.000 02T16FM000t
00037 ARG02A0200_037 f 0.00  0.000     0  0.00  0  0 -13.300   1.734   1.309   0.063   0.579   0.000 02T03AM000t
00038 ARG02A0200_038 f 0.00  0.000     0  0.00  0  0 -11.804   0.604   3.188  -0.074   0.527   0.000 02T0D2M000t
00039 ARG02A0200_039 f 0.00  0.000     0  0.00  0  0 -12.874  -0.060   1.336   0.035   0.604   0.000 02T132M000t
00040 ARG02A0200_040 f 0.00  0.000     0  0.00  0  0 -10.154   0.105   3.675   0.071   0.643   0.000 02T137M000t
00041 ARG03A0200_041 f 0.00  0.000     0  0.00  0  0 -13.636   0.610   0.881   0.039   0.869   0.000 03O000M000t
00042 ARG03A0200_042 f 0.00  0.000     0  0.00  0  0 -13.501   1.720   1.295   0.084   0.591   0.000 03E03AM000t
00043 ARG03A0200_043 f 0.00  0.000     0  0.00  0  0 -10.895  -0.272   1.099  -0.148   1.208   0.000 03E09FM000t
00044 ARG03A0200_044 f 0.00  0.000     0  0.00  0  0 -14.340   0.319   1.293   0.052   0.533   0.000 03E04DM000t
00045 ARG03A0200_045 f 0.00  0.000     0  0.00  0  0 -12.919  -0.067   1.333   0.092   0.801   0.000 03E132M000t
00046 ARG03A0200_046 f 0.00  0.000     0  0.00  0  0 -12.844   0.396   0.491   0.063   0.787   0.000 03T0ACM000t
00047 ARG03A0200_047 f 0.00  0.000     0  0.00  0  0 -10.108   0.100   3.671   0.124   0.806   0.000 03T137M000t
00048 ARG03A0200_048 f 0.00  0.000     0  0.00  0  0 -13.061   4.752   3.283   0.373   1.152   0.000 03T129M000t
00049 ARG03A0200_049 f 0.00  0.000     0  0.00  0  0 -14.335   1.324   5.240   0.115   0.599   0.000 03T055M000t
00050 ARG03A0200_050 f 0.00  0.000     0  0.00  0  0 -14.087   0.380   2.531   0.087   0.746   0.000 03T064M000t
00051 ARG03A0200_051 f 0.00  0.000     0  0.00  0  0 -13.044   3.203   0.841   0.215   0.913   0.000 03T089M000t
00052 ARG03A0200_052 f 0.00  0.000     0  0.00  0  0 -12.792   0.046   0.501   0.031   0.701   0.000 03T0C2M000t
00053 ARG03A0200_053 f 0.00  0.000     0  0.00  0  0 -11.064   1.321   1.316   0.011   1.029   0.000 03T116M000t
00054 ARG03A0200_054 f 0.00  0.000     0  0.00  0  0 -13.189   1.345   5.457   0.120   0.771   0.000 03T16FM000t
00055 ARG03A0200_055 f 0.00  0.000     0  0.00  0  0 -12.739   0.787   1.330   0.034   0.657   0.000 03T191M000t
00056 ARG03A0200_056 f 0.00  0.000     0  0.00  0  0 -13.120   0.969   1.409   0.042   0.802   0.000 03T194M000t
00057 ARG03A0200_057 f 0.00  0.000     0  0.00  0  0 -11.191   0.207   0.506  -0.020   1.009   0.000 03T0A4M000t
00058 ARG03A0200_058 f 0.00  0.000     0  0.00  0  0 -11.952   0.602   3.190  -0.035   1.004   0.000 03T0D2M000t
00059 ARG03A0200_059 f 0.00  0.000     0  0.00  0  0 -13.140   0.009   0.807   0.005   0.936   0.000 03T140M000t
00060 ARG03A0200_060 f 0.00  0.000     0  0.00  0  0 -13.426   0.129   0.978   0.161   0.853   0.000 03T148M000t
00061 ARG+1A0200_061 f 0.00  1.000     0 12.50  0  1 -13.674   0.610   0.881   0.154  -0.055   0.000 +1O000M000t
00062 ARG+1A0200_062 f 0.00  1.000     0 12.50  0  1 -14.134   0.318   1.315   0.170  -0.361   0.000 +1E04DM000t
00063 ARG+1A0200_063 f 0.00  1.000     0 12.50  0  1 -11.115  -0.265   1.098   0.019  -0.039   0.000 +1E09FM000t
00064 ARG+1A0200_064 f 0.00  1.000     0 12.50  0  1 -11.153   0.206   0.509   0.097  -0.491   0.000 +1E0A4M000t
00065 ARG+1A0200_065 f 0.00  1.000     0 12.50  0  1 -12.778   0.041   0.507   0.155  -0.147   0.000 +1E0C2M000t
00066 ARG+1A0200_066 f 0.00  1.000     0 12.50  0  1 -10.276   0.096   3.681   0.313  -0.148   0.000 +1E137M000t
00067 ARG+1A0200_067 f 0.00  1.000     0 12.50  0  1 -13.164  -0.002   0.825   0.344  -0.056   0.000 +1E140M000t
00068 ARG+1A0200_068 f 0.00  1.000     0 12.50  0  1 -13.524   0.128   0.981   0.375  -0.035   0.000 +1E148M000t
00069 ARG+1A0200_069 f 0.00  1.000     0 12.50  0  1 -12.657   0.780   1.339   0.140  -0.453   0.000 +1E191M000t
00070 ARG+1A0200_070 f 0.00  1.000     0 12.50  0  1 -13.122   0.970   1.422   0.138  -0.636   0.000 +1E194M000t
00071 ARG+1A0200_071 f 0.00  1.000     0 12.50  0  1 -13.471   1.739   1.315   0.153  -0.168   0.000 +1T03AM000t
00072 ARG+1A0200_072 f 0.00  1.000     0 12.50  0  1 -14.301   1.327   5.291   0.296  -0.003   0.000 +1T055M000t
00073 ARG+1A0200_073 f 0.00  1.000     0 12.50  0  1 -14.403   0.389   2.599   0.219  -0.180   0.000 +1T064M000t
00074 ARG+1A0200_074 f 0.00  1.000     0 12.50  0  1 -13.156   3.263   0.848   0.888   0.263   0.000 +1T089M000t
00075 ARG+1A0200_075 f 0.00  1.000     0 12.50  0  1 -12.892   0.396   0.494   0.098  -0.421   0.000 +1T0ACM000t
00076 ARG+1A0200_076 f 0.00  1.000     0 12.50  0  1 -11.927   0.599   3.192   0.127  -0.215   0.000 +1T0D2M000t
00077 ARG+1A0200_077 f 0.00  1.000     0 12.50  0  1 -11.106   1.313   1.320   0.206  -0.306   0.000 +1T116M000t
00078 ARG+1A0200_078 f 0.00  1.000     0 12.50  0  1 -13.100   4.742   3.287   0.830   0.192   0.000 +1T129M000t
00079 ARG+1A0200_079 f 0.00  1.000     0 12.50  0  1 -12.889  -0.071   1.342   0.343  -0.022   0.000 +1T132M000t
00080 ARG+1A0200_080 f 0.00  1.000     0 12.50  0  1 -13.218   1.335   5.469   0.291  -0.299   0.000 +1T16FM000t
