CONFORMER         crg  vdw0  vdw1  tors  epol  self   occ  Hb     history    ASA
ARG01A0200_001  0.000-13.57  0.57  0.88  0.00-12.12 0.501  00  01O000M000  1.000
ARG01A0200_002  0.000-13.48  1.50  1.61  0.00-10.37 0.501  00  01E03AM000  1.000
ARG01A0200_003  0.000-13.86  0.26  1.64  0.00-11.95 0.501  00  01E04DM000  1.000
ARG01A0200_004  0.000-14.81  1.73  6.30  0.00 -6.79 0.501  00  01E055M000  1.000
ARG01A0200_005  0.000-14.72  0.50  4.15  0.00-10.07 0.501  00  01E064M000  1.000
ARG01A0200_006  0.000-13.04  3.04  0.86  0.00 -9.14 0.501  00  01E089M000  1.000
ARG01A0200_007  0.000-11.68 -0.39  1.15  0.00-10.91 0.501  00  01E09FM000  1.000
ARG01A0200_008  0.000-10.92  0.15  0.51  0.00-10.25 0.500  00  01E0A4M000  1.000
ARG01A0200_009  0.000-10.70  1.26  1.34  0.00 -8.09 0.501  00  01E116M000  1.000
ARG01A0200_010  0.000-13.23  0.14  0.88  0.00-12.21 0.501  00  01E140M000  1.000
ARG01A0200_011  0.000-13.34  0.08  0.97  0.00-12.29 0.501  00  01E148M000  1.000
ARG01A0200_012  0.000-12.97  0.54  1.47  0.00-10.96 0.501  00  01E191M000  1.000
ARG01A0200_013  0.000-12.79  0.34  0.49  0.00-11.95 0.501  00  01T0ACM000  1.000
ARG01A0200_014  0.000-12.46 -0.08  0.58  0.00-11.96 0.501  00  01T0C2M000  1.000
ARG01A0200_015  0.000-11.63  0.54  3.19  0.00 -7.90 0.501  00  01T0D2M000  1.000
ARG01A0200_016  0.000-12.44  5.05  3.27  0.00 -4.11 0.501  00  01T129M000  1.000
ARG01A0200_017  0.000-12.92 -0.14  1.45  0.00-11.60 0.501  00  01T132M000  1.000
ARG01A0200_018  0.000 -9.89  0.02  3.66  0.00 -6.21 0.501  00  01T137M000  1.000
ARG01A0200_019  0.000-13.29  1.29  5.51  0.00 -6.48 0.501  00  01T16FM000  1.000
ARG01A0200_020  0.000-13.09  0.92  1.42  0.00-10.76 0.502  00  01T194M000  1.000
ARG02A0200_021  0.000-11.26  0.16  0.51  0.00-10.59 0.500  00  02E0A4M000  1.000
ARG02A0200_022  0.000-13.34  0.06  0.97  0.00-12.30 0.501  00  02E148M000  1.000
ARG02A0200_023  0.000-13.57  0.56  0.88  0.00-12.14 0.501  00  02O000M000  1.000
ARG02A0200_024  0.000-14.15  0.26  1.31  0.00-12.58 0.501  00  02E04DM000  1.000
ARG02A0200_025  0.000-11.45 -0.36  1.10  0.00-10.70 0.501  00  02E09FM000  1.000
ARG02A0200_026  0.000-13.08 -0.02  0.82  0.00-12.27 0.501  00  02E140M000  1.000
ARG02A0200_027  0.000-13.08  0.92  1.42  0.00-10.74 0.502  00  02E194M000  1.000
ARG02A0200_028  0.000-13.04  3.16  0.85  0.00 -9.03 0.501  00  02T089M000  1.000
ARG02A0200_029  0.000-12.99  4.72  3.27  0.00 -4.99 0.501  00  02T129M000  1.000
ARG02A0200_030  0.000-12.56  0.73  1.33  0.00-10.49 0.501  00  02T191M000  1.000
ARG02A0200_031  0.000-14.22  1.34  5.28  0.00 -7.60 0.501  00  02T055M000  1.000
ARG02A0200_032  0.000-14.29  0.35  2.58  0.00-11.37 0.501  00  02T064M000  1.000
ARG02A0200_033  0.000-12.60  0.35  0.49  0.00-11.76 0.501  00  02T0ACM000  1.000
ARG02A0200_034  0.000-12.62 -0.08  0.50  0.00-12.19 0.501  00  02T0C2M000  1.000
ARG02A0200_035  0.000-10.95  1.32  1.31  0.00 -8.32 0.501  00  02T116M000  1.000
ARG02A0200_036  0.000-13.18  1.34  5.46  0.00 -6.37 0.501  00  02T16FM000  1.000
ARG02A0200_037  0.000-13.31  1.73  1.31  0.00-10.26 0.501  00  02T03AM000  1.000
ARG02A0200_038  0.000-11.80  0.55  3.19  0.00 -8.06 0.501  00  02T0D2M000  1.000
ARG02A0200_039  0.000-12.87 -0.12  1.34  0.00-11.66 0.501  00  02T132M000  1.000
ARG02A0200_040  0.000-10.16  0.04  3.67  0.00 -6.44 0.501  00  02T137M000  1.000
ARG03A0200_041  0.000-13.64  0.56  0.88  0.00-12.20 0.501  00  03O000M000  1.000
ARG03A0200_042  0.000-13.51  1.72  1.30  0.00-10.49 0.501  00  03E03AM000  1.000
ARG03A0200_043  0.000-10.89 -0.32  1.10  0.00-10.12 0.501  00  03E09FM000  1.000
ARG03A0200_044  0.000-14.34  0.25  1.29  0.00-12.79 0.501  00  03E04DM000  1.000
ARG03A0200_045  0.000-12.92 -0.13  1.33  0.00-11.72 0.501  00  03E132M000  1.000
ARG03A0200_046  0.000-12.84  0.34  0.49  0.00-12.01 0.501  00  03T0ACM000  1.000
ARG03A0200_047  0.000-10.11  0.03  3.67  0.00 -6.41 0.501  00  03T137M000  1.000
ARG03A0200_048  0.000-13.06  4.75  3.28  0.00 -5.03 0.501  00  03T129M000  1.000
ARG03A0200_049  0.000-14.28  1.32  5.24  0.00 -7.72 0.501  00  03T055M000  1.000
ARG03A0200_050  0.000-14.15  0.33  2.53  0.00-11.29 0.501  00  03T064M000  1.000
ARG03A0200_051  0.000-13.04  3.14  0.84  0.00 -9.06 0.501  00  03T089M000  1.000
ARG03A0200_052  0.000-12.80 -0.07  0.50  0.00-12.37 0.501  00  03T0C2M000  1.000
ARG03A0200_053  0.000-11.06  1.32  1.32  0.00 -8.43 0.501  00  03T116M000  1.000
ARG03A0200_054  0.000-13.13  1.35  5.46  0.00 -6.33 0.501  00  03T16FM000  1.000
ARG03A0200_055  0.000-12.73  0.74  1.33  0.00-10.66 0.501  00  03T191M000  1.000
ARG03A0200_056  0.000-13.07  0.92  1.41  0.00-10.74 0.502  00  03T194M000  1.000
ARG03A0200_057  0.000-11.19  0.16  0.50  0.00-10.53 0.500  00  03T0A4M000  1.000
ARG03A0200_058  0.000-11.95  0.55  3.19  0.00 -8.21 0.501  00  03T0D2M000  1.000
ARG03A0200_059  0.000-13.13 -0.05  0.81  0.00-12.38 0.501  00  03T140M000  1.000
ARG03A0200_060  0.000-13.48  0.06  0.98  0.00-12.44 0.501  00  03T148M000  1.000
ARG+1A0200_061  1.000-13.67  0.56  0.88  0.00-12.24 0.501  00  +1O000M000  1.000
ARG+1A0200_062  1.000-14.14  0.25  1.32  0.00-12.57 0.501  00  +1E04DM000  1.000
ARG+1A0200_063  1.000-11.11 -0.32  1.10  0.00-10.33 0.501  00  +1E09FM000  1.000
ARG+1A0200_064  1.000-11.16  0.16  0.51  0.00-10.49 0.500  00  +1E0A4M000  1.000
ARG+1A0200_065  1.000-12.77 -0.08  0.51  0.00-12.34 0.501  00  +1E0C2M000  1.000
ARG+1A0200_066  1.000-10.28  0.03  3.68  0.00 -6.57 0.501  00  +1E137M000  1.000
ARG+1A0200_067  1.000-13.17 -0.07  0.82  0.00-12.41 0.501  00  +1E140M000  1.000
ARG+1A0200_068  1.000-13.52  0.06  0.98  0.00-12.48 0.501  00  +1E148M000  1.000
ARG+1A0200_069  1.000-12.66  0.73  1.34  0.00-10.59 0.501  00  +1E191M000  1.000
ARG+1A0200_070  1.000-13.16  0.92  1.42  0.00-10.82 0.502  00  +1E194M000  1.000
ARG+1A0200_071  1.000-13.47  1.74  1.32  0.00-10.42 0.501  00  +1T03AM000  1.000
ARG+1A0200_072  1.000-14.31  1.33  5.29  0.00 -7.69 0.501  00  +1T055M000  1.000
ARG+1A0200_073  1.000-14.40  0.34  2.60  0.00-11.46 0.501  00  +1T064M000  1.000
ARG+1A0200_074  1.000-13.15  3.19  0.85  0.00 -9.11 0.501  00  +1T089M000  1.000
ARG+1A0200_075  1.000-12.89  0.34  0.49  0.00-12.05 0.501  00  +1T0ACM000  1.000
ARG+1A0200_076  1.000-11.93  0.55  3.19  0.00 -8.19 0.501  00  +1T0D2M000  1.000
ARG+1A0200_077  1.000-11.11  1.31  1.32  0.00 -8.48 0.501  00  +1T116M000  1.000
ARG+1A0200_078  1.000-13.16  4.74  3.29  0.00 -5.12 0.501  00  +1T129M000  1.000
ARG+1A0200_079  1.000-12.96 -0.14  1.34  0.00-11.75 0.501  00  +1T132M000  1.000
ARG+1A0200_080  1.000-13.22  1.34  5.47  0.00 -6.41 0.501  00  +1T16FM000  1.000
