   confID        vdw0    sas     sum
ARG01A0200_001   0.791 -14.358 -13.567
ARG01A0200_002   1.224 -14.708 -13.484
ARG01A0200_003   1.218 -15.076 -13.858
ARG01A0200_004   0.861 -15.726 -14.865
ARG01A0200_005   0.773 -15.491 -14.718
ARG01A0200_006   1.567 -14.603 -13.036
ARG01A0200_007   2.523 -14.201 -11.678
ARG01A0200_008   2.739 -13.655 -10.916
ARG01A0200_009   2.899 -13.587 -10.688
ARG01A0200_010   1.742 -14.973 -13.231
ARG01A0200_011   1.276 -14.619 -13.343
ARG01A0200_012   1.600 -14.570 -12.970
ARG01A0200_013   1.208 -13.998 -12.791
ARG01A0200_014   2.023 -14.480 -12.457
ARG01A0200_015   2.529 -14.162 -11.633
ARG01A0200_016   1.831 -14.267 -12.436
ARG01A0200_017   1.629 -14.546 -12.917
ARG01A0200_018   4.370 -14.261  -9.891
ARG01A0200_019   1.844 -15.128 -13.284
ARG01A0200_020   1.909 -15.001 -13.092
ARG02A0200_021   2.396 -13.579 -11.183
ARG02A0200_022   1.233 -14.571 -13.338
ARG02A0200_023   0.783 -14.358 -13.574
ARG02A0200_024   1.122 -15.271 -14.149
ARG02A0200_025   2.655 -14.102 -11.446
ARG02A0200_026   1.893 -14.973 -13.079
ARG02A0200_027   1.932 -15.001 -13.070
ARG02A0200_028   1.508 -14.551 -13.043
ARG02A0200_029   1.531 -14.514 -12.983
ARG02A0200_030   1.782 -14.339 -12.557
ARG02A0200_031   1.065 -15.279 -14.214
ARG02A0200_032   1.052 -15.340 -14.288
ARG02A0200_033   1.272 -13.870 -12.597
ARG02A0200_034   2.053 -14.676 -12.623
ARG02A0200_035   2.814 -13.767 -10.953
ARG02A0200_036   1.827 -14.954 -13.127
ARG02A0200_037   1.140 -14.439 -13.300
ARG02A0200_038   2.425 -14.229 -11.804
ARG02A0200_039   1.834 -14.708 -12.874
ARG02A0200_040   4.151 -14.306 -10.154
ARG03A0200_041   0.722 -14.358 -13.636
ARG03A0200_042   1.067 -14.568 -13.501
ARG03A0200_043   3.030 -13.925 -10.895
ARG03A0200_044   1.063 -15.403 -14.340
ARG03A0200_045   1.788 -14.708 -12.919
ARG03A0200_046   1.154 -13.998 -12.844
ARG03A0200_047   4.134 -14.241 -10.108
ARG03A0200_048   1.505 -14.566 -13.061
ARG03A0200_049   1.012 -15.347 -14.335
ARG03A0200_050   1.009 -15.096 -14.087
ARG03A0200_051   1.507 -14.551 -13.044
ARG03A0200_052   2.000 -14.792 -12.792
ARG03A0200_053   2.703 -13.767 -11.064
ARG03A0200_054   1.765 -14.954 -13.189
ARG03A0200_055   1.784 -14.522 -12.739
ARG03A0200_056   1.881 -15.001 -13.120
ARG03A0200_057   2.388 -13.579 -11.191
ARG03A0200_058   2.325 -14.277 -11.952
ARG03A0200_059   1.833 -14.973 -13.140
ARG03A0200_060   1.225 -14.651 -13.426
ARG+1A0200_061   0.684 -14.358 -13.674
ARG+1A0200_062   1.024 -15.159 -14.134
ARG+1A0200_063   2.922 -14.037 -11.115
ARG+1A0200_064   2.375 -13.527 -11.153
ARG+1A0200_065   1.962 -14.740 -12.778
ARG+1A0200_066   4.098 -14.373 -10.276
ARG+1A0200_067   1.808 -14.973 -13.164
ARG+1A0200_068   1.175 -14.699 -13.524
ARG+1A0200_069   1.749 -14.407 -12.657
ARG+1A0200_070   1.827 -14.950 -13.122
ARG+1A0200_071   1.032 -14.503 -13.471
ARG+1A0200_072   0.978 -15.279 -14.301
ARG+1A0200_073   0.969 -15.372 -14.403
ARG+1A0200_074   1.463 -14.619 -13.156
ARG+1A0200_075   1.107 -13.998 -12.892
ARG+1A0200_076   2.286 -14.213 -11.927
ARG+1A0200_077   2.661 -13.767 -11.106
ARG+1A0200_078   1.466 -14.566 -13.100
ARG+1A0200_079   1.751 -14.640 -12.889
ARG+1A0200_080   1.740 -14.957 -13.218
