iConf CONFORMER     FL  occ    crg   Em0  pKa0 ne nH    vdw0    vdw1    tors    epol   dsolv   extra    history
00001 MET01A0079_001 f 0.00  0.000     0  0.00  0  0 -11.274   0.990   0.151   0.029   0.044   0.000 01O000M000t
00002 MET01A0079_002 f 0.00  0.000     0  0.00  0  0 -11.860   1.087   0.150   0.034   0.043   0.000 01R00DM000t
00003 MET01A0079_003 f 0.00  0.000     0  0.00  0  0 -11.333   1.041   1.926   0.032   0.043   0.000 01R00EM000t
00004 MET01A0079_004 f 0.00  0.000     0  0.00  0  0 -11.650   1.392   1.926   0.045   0.043   0.000 01R015M000t
00005 MET01A0079_005 f 0.00  0.000     0  0.00  0  0 -11.791   1.762   4.651   0.036   0.043   0.000 01R01CM000t
00006 MET01A0079_006 f 0.00  0.000     0  0.00  0  0 -10.038   1.664   2.877   0.043   0.043   0.000 01R01DM000t
00007 MET01A0079_007 f 0.00  0.000     0  0.00  0  0  -8.489   1.588   4.651   0.039   0.042   0.000 01R01EM000t
00008 MET01A0079_008 f 0.00  0.000     0  0.00  0  0 -11.092   1.146   4.723   0.032   0.044   0.000 01R01FM000t
00009 MET01A0079_009 f 0.00  0.000     0  0.00  0  0 -11.493   1.239   2.948   0.030   0.043   0.000 01R020M000t
00010 MET01A0079_010 f 0.00  0.000     0  0.00  0  0 -11.912   7.113   2.852  -0.047   0.047   0.000 01R027M000t
00011 MET01A0079_011 f 0.00  0.000     0  0.00  0  0 -11.676   1.182   4.724   0.022   0.044   0.000 01R02BM000t
00012 MET01A0079_012 f 0.00  0.000     0  0.00  0  0 -11.715   1.143   2.948   0.027   0.044   0.000 01R02CM000t
00013 MET01A0079_013 f 0.00  0.000     0  0.00  0  0 -11.324   0.882   4.723   0.036   0.043   0.000 01R02DM000t
00014 MET01A0079_014 f 0.00  0.000     0  0.00  0  0 -10.431   7.182   2.775  -0.069   0.044   0.000 01R030M000t
00015 MET01A0079_015 f 0.00  0.000     0  0.00  0  0 -11.446   1.088   4.723   0.045   0.043   0.000 01R03EM000t
00016 MET01A0079_016 f 0.00  0.000     0  0.00  0  0 -12.239   2.387   2.848   0.049   0.047   0.000 01R044M000t
00017 MET01A0079_017 f 0.00  0.000     0  0.00  0  0 -11.807   5.975   1.648   0.047   0.046   0.000 01T037M000t
00018 MET01A0079_018 f 0.00  0.000     0  0.00  0  0 -11.712   2.191   5.666   0.045   0.043   0.000 01T040M000t
00019 MET01A0079_019 f 0.00  0.000     0  0.00  0  0 -12.387   1.970   2.871   0.014   0.045   0.000 01T047M000t
00020 MET01A0079_020 f 0.00  0.000     0  0.00  0  0 -11.375   2.317   5.670   0.030   0.044   0.000 01T04AM000t
