CONFORMER         crg  vdw0  vdw1  tors  epol  self   occ  Hb     history    ASA
MET01A0079_001  0.000-11.27  0.92  0.15  0.00-10.21 0.507  00  01O000M000  1.000
MET01A0079_002  0.000-11.07  1.26  0.15  0.00 -9.67 0.507  00  01R002M000  1.000
MET01A0079_003  0.000-11.46  1.11  2.95  0.00 -7.41 0.508  00  01R006M000  1.000
MET01A0079_004  0.000-11.33  0.97  1.93  0.00 -8.44 0.506  00  01R00EM000  1.000
MET01A0079_005  0.000-11.67  1.26  1.93  0.00 -8.48 0.506  00  01R017M000  1.000
MET01A0079_006  0.000-10.41  1.16  0.15  0.00 -9.10 0.506  00  01R018M000  1.000
MET01A0079_007  0.000-12.01  1.68  4.65  0.00 -5.68 0.506  00  01R01AM000  1.000
MET01A0079_008  0.000 -8.49  1.51  4.65  0.00 -2.32 0.506  00  01R01EM000  1.000
MET01A0079_009  0.000-11.50  1.24  4.72  0.00 -5.54 0.504  00  01R021M000  1.000
MET01A0079_010  0.000-12.14  3.73  0.30  0.00 -8.11 0.507  00  01R029M000  1.000
MET01A0079_011  0.000-11.76  1.14  2.95  0.00 -7.67 0.507  00  01R02CM000  1.000
MET01A0079_012  0.000-11.17  1.41  4.72  0.00 -5.04 0.506  00  01R031M000  1.000
MET01A0079_013  0.000-11.31  1.59  2.95  0.00 -6.77 0.507  00  01R032M000  1.000
MET01A0079_014  0.000-11.52  4.55  0.10  0.00 -6.87 0.506  00  01T005M000  1.000
MET01A0079_015  0.000-12.08  7.10  2.84  0.00 -2.14 0.507  00  01T027M000  1.000
MET01A0079_016  0.000-11.87  5.97  1.65  0.00 -4.26 0.506  00  01T037M000  1.000
MET01A0079_017  0.000-12.01  4.30  0.24  0.00 -7.48 0.508  00  01T03AM000  1.000
MET01A0079_018  0.000 -9.89  2.00  5.60  0.00 -2.30 0.508  00  01T042M000  1.000
MET01A0079_019  0.000-12.40  2.39  2.85  0.00 -7.16 0.506  00  01T044M000  1.000
MET01A0079_020  0.000-11.16  2.06  7.26  0.00 -1.83 0.507  00  01T04BM000  1.000
