   confID        vdw0    sas     sum
MET01A0079_001   0.065 -11.339 -11.274
MET01A0079_002   0.066 -11.138 -11.072
MET01A0079_003   0.434 -11.898 -11.463
MET01A0079_004  -0.058 -11.275 -11.333
MET01A0079_005  -0.057 -11.613 -11.670
MET01A0079_006   0.842 -11.252 -10.410
MET01A0079_007  -0.024 -11.988 -12.012
MET01A0079_008   2.379 -10.867  -8.489
MET01A0079_009   0.410 -11.910 -11.500
MET01A0079_010  -0.131 -11.941 -12.072
MET01A0079_011   0.361 -12.120 -11.759
MET01A0079_012   0.455 -11.554 -11.099
MET01A0079_013   0.362 -11.667 -11.305
MET01A0079_014   0.165 -11.683 -11.518
MET01A0079_015  -0.055 -12.024 -12.079
MET01A0079_016  -0.130 -11.677 -11.807
MET01A0079_017  -0.141 -11.873 -12.014
MET01A0079_018   1.389 -11.278  -9.889
MET01A0079_019  -0.172 -12.226 -12.398
MET01A0079_020   0.411 -11.568 -11.157
