CONFORMER         crg  vdw0  vdw1  tors  epol  self   occ  Hb     history    ASA
LYS01A0237_001  0.000-12.18  0.30  0.98  0.00-10.90 0.501  00  01O000M000  1.000
LYS01A0237_002  0.000-10.60  0.39  1.67  0.00 -8.54 0.501  00  01E037M000  1.000
LYS01A0237_003  0.000-10.49  1.33  1.67  0.00 -7.49 0.502  00  01E040M000  1.000
LYS01A0237_004  0.000-11.68  0.30  3.66  0.00 -7.71 0.501  00  01E05BM000  1.000
LYS01A0237_005  0.000-10.61  1.48  1.58  0.00 -7.55 0.502  00  01E08CM000  1.000
LYS01A0237_006  0.000-10.31  0.99  4.27  0.00 -5.06 0.502  00  01E0C3M000  1.000
LYS01A0237_007  0.000-10.32  1.12  3.79  0.00 -5.41 0.502  00  01E0DAM000  1.000
LYS01A0237_008  0.000 -9.81  1.03  1.69  0.00 -7.10 0.502  00  01E10EM000  1.000
LYS01A0237_009  0.000 -9.86  2.52  4.44  0.00 -2.90 0.502  00  01E11EM000  1.000
LYS01A0237_010  0.000-10.16  2.49  4.46  0.00 -3.21 0.502  00  01E12AM000  1.000
LYS01A0237_011  0.000 -8.21  1.36  4.89  0.00 -1.96 0.501  00  01E133M000  1.000
LYS01A0237_012  0.000-11.74  1.21  0.90  0.00 -9.63 0.501  00  01T004M000  1.000
LYS01A0237_013  0.000-10.95  0.99  0.90  0.00 -9.06 0.501  00  01T067M000  1.000
LYS01A0237_014  0.000-11.44  3.72  6.11  0.00 -1.61 0.502  00  01T069M000  1.000
LYS01A0237_015  0.000-10.45  3.14  1.58  0.00 -5.73 0.502  00  01T09AM000  1.000
LYS01A0237_016  0.000-10.44  0.26  4.34  0.00 -5.84 0.501  00  01T0B6M000  1.000
LYS01A0237_017  0.000-10.07  1.11  1.51  0.00 -7.45 0.501  00  01T0D6M000  1.000
LYS01A0237_018  0.000-10.32  0.81  6.77  0.00 -2.73 0.501  00  01T0E5M000  1.000
LYS01A0237_019  0.000 -9.44  2.45  1.66  0.00 -5.33 0.501  00  01T147M000  1.000
LYS01A0237_020  0.000-10.07  2.71  4.46  0.00 -2.90 0.501  00  01T148M000  1.000
LYS+1A0237_021  1.000-12.22  0.30  0.98  0.00-10.95 0.501  00  +1O000M000  1.000
LYS+1A0237_022  1.000-11.78  1.20  0.90  0.00 -9.68 0.501  00  +1E004M000  1.000
LYS+1A0237_023  1.000-10.58  0.37  1.67  0.00 -8.53 0.501  00  +1E037M000  1.000
LYS+1A0237_024  1.000-11.66  0.30  3.67  0.00 -7.69 0.501  00  +1E05BM000  1.000
LYS+1A0237_025  1.000-10.67  1.48  1.58  0.00 -7.61 0.502  00  +1E08CM000  1.000
LYS+1A0237_026  1.000-10.36  0.99  4.27  0.00 -5.10 0.502  00  +1E0C3M000  1.000
LYS+1A0237_027  1.000-10.18  1.12  1.52  0.00 -7.54 0.501  00  +1E0D6M000  1.000
LYS+1A0237_028  1.000-10.27  0.82  6.78  0.00 -2.68 0.501  00  +1E0E5M000  1.000
LYS+1A0237_029  1.000 -9.86  1.05  1.68  0.00 -7.13 0.502  00  +1E10EM000  1.000
LYS+1A0237_030  1.000 -9.93  2.56  4.45  0.00 -2.93 0.502  00  +1E11EM000  1.000
LYS+1A0237_031  1.000 -9.56  2.45  1.66  0.00 -5.45 0.501  00  +1E147M000  1.000
LYS+1A0237_032  1.000-10.52  1.33  1.67  0.00 -7.53 0.502  00  +1T040M000  1.000
LYS+1A0237_033  1.000-11.03  0.99  0.91  0.00 -9.13 0.501  00  +1T067M000  1.000
LYS+1A0237_034  1.000-11.49  3.73  6.11  0.00 -1.65 0.502  00  +1T069M000  1.000
LYS+1A0237_035  1.000-10.57  3.18  1.59  0.00 -5.80 0.502  00  +1T09AM000  1.000
LYS+1A0237_036  1.000-10.49  0.26  4.34  0.00 -5.89 0.501  00  +1T0B6M000  1.000
LYS+1A0237_037  1.000-10.34  1.12  3.80  0.00 -5.42 0.502  00  +1T0DAM000  1.000
LYS+1A0237_038  1.000-10.27  2.54  4.46  0.00 -3.28 0.502  00  +1T12AM000  1.000
LYS+1A0237_039  1.000 -8.25  1.37  4.91  0.00 -1.97 0.501  00  +1T133M000  1.000
LYS+1A0237_040  1.000-10.11  2.75  4.46  0.00 -2.90 0.501  00  +1T148M000  1.000
