iConf CONFORMER     FL  occ    crg   Em0  pKa0 ne nH    vdw0    vdw1    tors    epol   dsolv   extra    history
00001 LYS01A0237_001 f 0.00  0.000     0  0.00  0  0 -12.177   0.301   0.975  -0.008  -0.007   0.000 01O000M000t
00002 LYS01A0237_002 f 0.00  0.000     0  0.00  0  0 -11.371   1.857   1.676  -0.013  -0.157   0.000 01E033M000t
00003 LYS01A0237_003 f 0.00  0.000     0  0.00  0  0 -10.068   1.193   4.112  -0.006  -0.108   0.000 01E04FM000t
00004 LYS01A0237_004 f 0.00  0.000     0  0.00  0  0 -10.655   2.714   4.324  -0.025   0.028   0.000 01E08FM000t
00005 LYS01A0237_005 f 0.00  0.000     0  0.00  0  0  -9.558   3.511   3.369  -0.043   0.133   0.000 01E0D0M000t
00006 LYS01A0237_006 f 0.00  0.000     0  0.00  0  0  -9.597   0.694   6.161  -0.020  -0.028   0.000 01E0E8M000t
00007 LYS01A0237_007 f 0.00  0.000     0  0.00  0  0 -10.198   1.424   1.076  -0.029   0.035   0.000 01E103M000t
00008 LYS01A0237_008 f 0.00  0.000     0  0.00  0  0 -10.346   1.089   3.826  -0.105   0.083   0.000 01E104M000t
00009 LYS01A0237_009 f 0.00  0.000     0  0.00  0  0  -8.955   1.508   4.086  -0.017  -0.123   0.000 01E151M000t
00010 LYS01A0237_010 f 0.00  0.000     0  0.00  0  0  -9.907   1.593   6.878  -0.010   0.016   0.000 01E16CM000t
00011 LYS01A0237_011 f 0.00  0.000     0  0.00  0  0 -11.355   0.524   1.588  -0.011  -0.089   0.000 01T006M000t
00012 LYS01A0237_012 f 0.00  0.000     0  0.00  0  0 -10.588   1.102   0.941  -0.017  -0.046   0.000 01T028M000t
00013 LYS01A0237_013 f 0.00  0.000     0  0.00  0  0 -10.541   0.436   1.590  -0.016  -0.056   0.000 01T081M000t
00014 LYS01A0237_014 f 0.00  0.000     0  0.00  0  0 -10.142   3.725   3.937  -0.008   0.109   0.000 01T0BEM000t
00015 LYS01A0237_015 f 0.00  0.000     0  0.00  0  0 -10.289   1.165   4.334  -0.009  -0.035   0.000 01T0DEM000t
00016 LYS01A0237_016 f 0.00  0.000     0  0.00  0  0 -10.154   1.472   4.473  -0.057  -0.001   0.000 01T10DM000t
00017 LYS01A0237_017 f 0.00  0.000     0  0.00  0  0  -7.690   0.442   2.223  -0.015  -0.055   0.000 01T115M000t
00018 LYS01A0237_018 f 0.00  0.000     0  0.00  0  0  -9.619   1.280   4.406  -0.047   0.085   0.000 01T12DM000t
00019 LYS01A0237_019 f 0.00  0.000     0  0.00  0  0  -7.569   2.757   2.206  -0.020   0.108   0.000 01T134M000t
00020 LYS01A0237_020 f 0.00  0.000     0  0.00  0  0 -10.066   2.701   4.460  -0.034   0.063   0.000 01T148M000t
00021 LYS+1A0237_021 f 0.00  1.000     0 10.40  0  1 -12.222   0.301   0.975   0.042  -0.209   0.000 +1O000M000t
00022 LYS+1A0237_022 f 0.00  1.000     0 10.40  0  1 -11.401   0.519   1.593   0.032  -0.464   0.000 +1E006M000t
00023 LYS+1A0237_023 f 0.00  1.000     0 10.40  0  1 -10.642   1.101   0.941   0.084  -0.232   0.000 +1E028M000t
00024 LYS+1A0237_024 f 0.00  1.000     0 10.40  0  1 -10.231   1.185   4.118   0.014  -0.262   0.000 +1E04FM000t
00025 LYS+1A0237_025 f 0.00  1.000     0 10.40  0  1 -10.653   0.434   1.591   0.062  -0.288   0.000 +1E081M000t
00026 LYS+1A0237_026 f 0.00  1.000     0 10.40  0  1 -10.681   2.737   4.329   0.011  -0.198   0.000 +1E08FM000t
00027 LYS+1A0237_027 f 0.00  1.000     0 10.40  0  1  -9.581   3.520   3.379   0.072   0.139   0.000 +1E0D0M000t
00028 LYS+1A0237_028 f 0.00  1.000     0 10.40  0  1  -9.712   0.692   6.170   0.100  -0.351   0.000 +1E0E8M000t
00029 LYS+1A0237_029 f 0.00  1.000     0 10.40  0  1 -10.287   1.455   1.078   0.104   0.175   0.000 +1E103M000t
00030 LYS+1A0237_030 f 0.00  1.000     0 10.40  0  1 -10.409   1.108   3.850   0.076   0.416   0.000 +1E104M000t
00031 LYS+1A0237_031 f 0.00  1.000     0 10.40  0  1  -9.681   1.292   4.411   0.088   0.070   0.000 +1E12DM000t
00032 LYS+1A0237_032 f 0.00  1.000     0 10.40  0  1 -10.113   2.738   4.463   0.149  -0.019   0.000 +1E148M000t
00033 LYS+1A0237_033 f 0.00  1.000     0 10.40  0  1  -9.030   1.507   4.088   0.094  -0.283   0.000 +1E151M000t
00034 LYS+1A0237_034 f 0.00  1.000     0 10.40  0  1  -9.923   1.591   6.882   0.122   0.127   0.000 +1E16CM000t
00035 LYS+1A0237_035 f 0.00  1.000     0 10.40  0  1 -11.365   1.921   1.678   0.033  -0.255   0.000 +1T033M000t
00036 LYS+1A0237_036 f 0.00  1.000     0 10.40  0  1 -10.162   3.723   3.949   0.089   0.142   0.000 +1T0BEM000t
00037 LYS+1A0237_037 f 0.00  1.000     0 10.40  0  1 -10.310   1.176   4.335   0.072  -0.128   0.000 +1T0DEM000t
00038 LYS+1A0237_038 f 0.00  1.000     0 10.40  0  1 -10.216   1.508   4.469   0.239  -0.108   0.000 +1T10DM000t
00039 LYS+1A0237_039 f 0.00  1.000     0 10.40  0  1  -7.818   0.445   2.224   0.063  -0.017   0.000 +1T115M000t
00040 LYS+1A0237_040 f 0.00  1.000     0 10.40  0  1  -7.702   2.773   2.206   0.034  -0.224   0.000 +1T134M000t
