   confID        vdw0    sas     sum
LYS01A0237_001   0.614 -12.791 -12.177
LYS01A0237_002   2.018 -12.617 -10.599
LYS01A0237_003   1.990 -12.476 -10.486
LYS01A0237_004   1.059 -12.737 -11.677
LYS01A0237_005   1.899 -12.509 -10.610
LYS01A0237_006   2.215 -12.524 -10.309
LYS01A0237_007   1.781 -12.094 -10.312
LYS01A0237_008   2.646 -12.462  -9.816
LYS01A0237_009   2.606 -12.458  -9.852
LYS01A0237_010   2.261 -12.412 -10.151
LYS01A0237_011   4.639 -12.830  -8.191
LYS01A0237_012   0.626 -12.363 -11.737
LYS01A0237_013   1.293 -12.242 -10.949
LYS01A0237_014   1.063 -12.502 -11.439
LYS01A0237_015   2.006 -12.506 -10.499
LYS01A0237_016   2.229 -12.666 -10.437
LYS01A0237_017   2.358 -12.435 -10.078
LYS01A0237_018   2.230 -12.554 -10.324
LYS01A0237_019   2.760 -12.195  -9.435
LYS01A0237_020   2.305 -12.371 -10.066
LYS+1A0237_021   0.569 -12.791 -12.222
LYS+1A0237_022   0.580 -12.363 -11.783
LYS+1A0237_023   1.990 -12.566 -10.575
LYS+1A0237_024   1.011 -12.669 -11.658
LYS+1A0237_025   1.836 -12.509 -10.673
LYS+1A0237_026   2.162 -12.524 -10.362
LYS+1A0237_027   2.276 -12.452 -10.176
LYS+1A0237_028   2.170 -12.447 -10.277
LYS+1A0237_029   2.592 -12.462  -9.870
LYS+1A0237_030   2.521 -12.458  -9.937
LYS+1A0237_031   2.680 -12.234  -9.554
LYS+1A0237_032   1.950 -12.476 -10.525
LYS+1A0237_033   1.212 -12.190 -10.978
LYS+1A0237_034   1.012 -12.502 -11.490
LYS+1A0237_035   1.931 -12.454 -10.523
LYS+1A0237_036   2.173 -12.666 -10.493
LYS+1A0237_037   1.694 -12.026 -10.332
LYS+1A0237_038   2.197 -12.479 -10.282
LYS+1A0237_039   4.601 -12.846  -8.245
LYS+1A0237_040   2.260 -12.371 -10.110
