iConf CONFORMER     FL  occ    crg   Em0  pKa0 ne nH    vdw0    vdw1    tors    epol   dsolv   extra    history
00001 ARG01A0218_001 f 0.00  0.000     0  0.00  0  0 -13.442   0.259   0.642   0.013  -0.090   0.000 01O000M000t
00002 ARG01A0218_002 f 0.00  0.000     0  0.00  0  0 -13.182   4.595   3.171   0.013  -0.319   0.000 01E001M000t
00003 ARG01A0218_003 f 0.00  0.000     0  0.00  0  0 -13.493   1.392   3.952  -0.074   0.188   0.000 01E010M000t
00004 ARG01A0218_004 f 0.00  0.000     0  0.00  0  0 -13.621   1.443   1.196   0.052  -0.081   0.000 01E041M000t
00005 ARG01A0218_005 f 0.00  0.000     0  0.00  0  0 -12.460   1.572   7.037  -0.035  -0.234   0.000 01E04EM000t
00006 ARG01A0218_006 f 0.00  0.000     0  0.00  0  0 -12.579   1.787   7.153   0.011  -0.223   0.000 01E05BM000t
00007 ARG01A0218_007 f 0.00  0.000     0  0.00  0  0 -11.217  -0.065   0.642   0.027   0.028   0.000 01E05DM000t
00008 ARG01A0218_008 f 0.00  0.000     0  0.00  0  0 -12.684   4.602   3.131   0.014  -0.045   0.000 01E05FM000t
00009 ARG01A0218_009 f 0.00  0.000     0  0.00  0  0 -11.846   0.325   1.122   0.014  -0.044   0.000 01E06DM000t
00010 ARG01A0218_010 f 0.00  0.000     0  0.00  0  0 -13.393   4.662   3.075   0.019  -0.013   0.000 01E0A0M000t
00011 ARG01A0218_011 f 0.00  0.000     0  0.00  0  0 -13.000   0.894   0.604   0.057  -0.305   0.000 01E0AAM000t
00012 ARG01A0218_012 f 0.00  0.000     0  0.00  0  0 -10.767   1.684   6.430  -0.017  -0.146   0.000 01E152M000t
00013 ARG01A0218_013 f 0.00  0.000     0  0.00  0  0 -10.670   0.556   2.619  -0.010   0.122   0.000 01T011M000t
00014 ARG01A0218_014 f 0.00  0.000     0  0.00  0  0 -13.173   1.125   6.730   0.020  -0.152   0.000 01T027M000t
00015 ARG01A0218_015 f 0.00  0.000     0  0.00  0  0 -12.290   0.210   0.609   0.017  -0.221   0.000 01T05CM000t
00016 ARG01A0218_016 f 0.00  0.000     0  0.00  0  0 -12.116   0.290   0.614  -0.011  -0.306   0.000 01T08EM000t
00017 ARG01A0218_017 f 0.00  0.000     0  0.00  0  0 -11.461   0.539   3.634   0.040  -0.111   0.000 01T0E2M000t
00018 ARG01A0218_018 f 0.00  0.000     0  0.00  0  0 -11.427   0.092   3.800   0.172  -0.183   0.000 01T121M000t
00019 ARG01A0218_019 f 0.00  0.000     0  0.00  0  0 -12.781   2.777   3.236  -0.038  -0.108   0.000 01T165M000t
00020 ARG02A0218_020 f 0.00  0.000     0  0.00  0  0 -13.456   4.617   3.127   0.005   0.783   0.000 02E001M000t
00021 ARG02A0218_021 f 0.00  0.000     0  0.00  0  0 -11.991   1.733   6.174   0.045   0.532   0.000 02E04EM000t
00022 ARG02A0218_022 f 0.00  0.000     0  0.00  0  0 -13.456   0.246   0.642   0.011   0.323   0.000 02O000M000t
00023 ARG02A0218_023 f 0.00  0.000     0  0.00  0  0 -13.142   1.261   3.769   0.060   0.581   0.000 02E010M000t
00024 ARG02A0218_024 f 0.00  0.000     0  0.00  0  0 -13.357   1.384   1.109   0.027   0.749   0.000 02T037M000t
00025 ARG02A0218_025 f 0.00  0.000     0  0.00  0  0 -12.762   4.599   3.139   0.035   1.132   0.000 02T05FM000t
00026 ARG02A0218_026 f 0.00  0.000     0  0.00  0  0 -11.727   0.336   1.060   0.029   0.933   0.000 02T06DM000t
00027 ARG02A0218_027 f 0.00  0.000     0  0.00  0  0 -12.835   2.633   3.241   0.182   0.913   0.000 02T165M000t
00028 ARG02A0218_028 f 0.00  0.000     0  0.00  0  0 -13.178   1.171   5.532   0.034   0.727   0.000 02T027M000t
00029 ARG02A0218_029 f 0.00  0.000     0  0.00  0  0 -13.565   1.277   1.108   0.092   0.138   0.000 02T041M000t
00030 ARG02A0218_030 f 0.00  0.000     0  0.00  0  0 -10.998   0.160   3.579   0.083   0.966   0.000 02T121M000t
00031 ARG02A0218_031 f 0.00  0.000     0  0.00  0  0 -11.012   1.737   6.261   0.052   0.627   0.000 02T152M000t
00032 ARG02A0218_032 f 0.00  0.000     0  0.00  0  0 -12.555   1.700   6.278   0.029   0.625   0.000 02T05BM000t
00033 ARG02A0218_033 f 0.00  0.000     0  0.00  0  0 -12.225   0.207   0.610   0.004   0.506   0.000 02T05CM000t
00034 ARG02A0218_034 f 0.00  0.000     0  0.00  0  0 -10.963  -0.060   0.576  -0.027   0.645   0.000 02T05DM000t
00035 ARG02A0218_035 f 0.00  0.000     0  0.00  0  0 -12.157   0.276   0.610   0.009   0.767   0.000 02T08EM000t
00036 ARG02A0218_036 f 0.00  0.000     0  0.00  0  0 -13.379   4.652   3.071   0.035   0.648   0.000 02T0A0M000t
00037 ARG02A0218_037 f 0.00  0.000     0  0.00  0  0 -12.985   0.894   0.601   0.024   0.462   0.000 02T0AAM000t
00038 ARG02A0218_038 f 0.00  0.000     0  0.00  0  0 -11.353   0.478   3.591   0.023   0.471   0.000 02T0E2M000t
00039 ARG03A0218_039 f 0.00  0.000     0  0.00  0  0 -12.854   2.636   3.239   0.158   0.976   0.000 03E165M000t
00040 ARG03A0218_040 f 0.00  0.000     0  0.00  0  0 -13.513   0.247   0.642   0.023   0.554   0.000 03O000M000t
00041 ARG03A0218_041 f 0.00  0.000     0  0.00  0  0 -13.439   4.628   3.122   0.017   0.720   0.000 03E001M000t
00042 ARG03A0218_042 f 0.00  0.000     0  0.00  0  0 -13.306   1.382   1.109   0.025   0.685   0.000 03T037M000t
00043 ARG03A0218_043 f 0.00  0.000     0  0.00  0  0 -10.958   1.738   6.252   0.062   0.960   0.000 03T152M000t
00044 ARG03A0218_044 f 0.00  0.000     0  0.00  0  0 -13.390   1.169   5.457   0.038   0.526   0.000 03T027M000t
00045 ARG03A0218_045 f 0.00  0.000     0  0.00  0  0 -13.627   1.276   1.106   0.091   0.750   0.000 03T041M000t
00046 ARG03A0218_046 f 0.00  0.000     0  0.00  0  0 -11.966   1.731   6.116   0.045   0.999   0.000 03T04EM000t
00047 ARG03A0218_047 f 0.00  0.000     0  0.00  0  0 -11.413   0.477   3.581   0.039   0.875   0.000 03T0E2M000t
00048 ARG03A0218_048 f 0.00  0.000     0  0.00  0  0 -13.139   1.271   3.770   0.053   0.922   0.000 03T010M000t
00049 ARG03A0218_049 f 0.00  0.000     0  0.00  0  0 -10.616  -0.093   0.575   0.023   1.030   0.000 03T05DM000t
00050 ARG03A0218_050 f 0.00  0.000     0  0.00  0  0 -12.758   4.600   3.135   0.035   0.915   0.000 03T05FM000t
00051 ARG03A0218_051 f 0.00  0.000     0  0.00  0  0 -11.123   0.330   1.055   0.021   0.977   0.000 03T06DM000t
00052 ARG03A0218_052 f 0.00  0.000     0  0.00  0  0 -12.276   0.277   0.605   0.008   0.235   0.000 03T08EM000t
00053 ARG03A0218_053 f 0.00  0.000     0  0.00  0  0 -13.352   4.657   3.078   0.027   0.810   0.000 03T0A0M000t
00054 ARG03A0218_054 f 0.00  0.000     0  0.00  0  0 -12.517   1.700   6.245   0.027   0.519   0.000 03T05BM000t
00055 ARG03A0218_055 f 0.00  0.000     0  0.00  0  0 -12.280   0.203   0.607   0.023   0.737   0.000 03T05CM000t
00056 ARG03A0218_056 f 0.00  0.000     0  0.00  0  0 -13.158   0.890   0.601   0.046   0.634   0.000 03T0AAM000t
00057 ARG03A0218_057 f 0.00  0.000     0  0.00  0  0 -11.137   0.152   3.568   0.179   0.807   0.000 03T121M000t
00058 ARG+1A0218_058 f 0.00  1.000     0 12.50  0  1 -13.557   0.245   0.642   0.091  -0.082   0.000 +1O000M000t
00059 ARG+1A0218_059 f 0.00  1.000     0 12.50  0  1 -13.241   1.264   3.773   0.322   0.064   0.000 +1E010M000t
00060 ARG+1A0218_060 f 0.00  1.000     0 12.50  0  1 -10.739  -0.089   0.582   0.098  -0.232   0.000 +1E05DM000t
00061 ARG+1A0218_061 f 0.00  1.000     0 12.50  0  1 -12.184   0.275   0.612   0.127  -0.089   0.000 +1E08EM000t
00062 ARG+1A0218_062 f 0.00  1.000     0 12.50  0  1 -13.079   0.891   0.604   0.062  -0.320   0.000 +1E0AAM000t
00063 ARG+1A0218_063 f 0.00  1.000     0 12.50  0  1 -11.448   0.474   3.595   0.115  -0.306   0.000 +1E0E2M000t
00064 ARG+1A0218_064 f 0.00  1.000     0 12.50  0  1  -9.791   0.315   2.215   0.139   0.203   0.000 +1T011M000t
00065 ARG+1A0218_065 f 0.00  1.000     0 12.50  0  1 -13.340   1.171   5.543   0.129  -0.355   0.000 +1T027M000t
00066 ARG+1A0218_066 f 0.00  1.000     0 12.50  0  1 -13.406   1.385   1.109   0.033  -0.318   0.000 +1T037M000t
00067 ARG+1A0218_067 f 0.00  1.000     0 12.50  0  1 -13.669   1.278   1.108   0.232  -0.199   0.000 +1T041M000t
00068 ARG+1A0218_068 f 0.00  1.000     0 12.50  0  1 -11.960   1.739   6.188   0.248  -0.010   0.000 +1T04EM000t
00069 ARG+1A0218_069 f 0.00  1.000     0 12.50  0  1 -12.525   1.696   6.297   0.166  -0.297   0.000 +1T05BM000t
00070 ARG+1A0218_070 f 0.00  1.000     0 12.50  0  1 -12.324   0.206   0.610   0.084  -0.150   0.000 +1T05CM000t
00071 ARG+1A0218_071 f 0.00  1.000     0 12.50  0  1 -12.805   4.600   3.140   0.082   0.119   0.000 +1T05FM000t
00072 ARG+1A0218_072 f 0.00  1.000     0 12.50  0  1 -11.194   0.326   1.061   0.131  -0.148   0.000 +1T06DM000t
00073 ARG+1A0218_073 f 0.00  1.000     0 12.50  0  1 -13.509   4.658   3.080   0.070  -0.137   0.000 +1T0A0M000t
00074 ARG+1A0218_074 f 0.00  1.000     0 12.50  0  1 -10.995   0.147   3.594   0.179  -0.180   0.000 +1T121M000t
00075 ARG+1A0218_075 f 0.00  1.000     0 12.50  0  1 -11.038   1.736   6.268   0.268  -0.025   0.000 +1T152M000t
00076 ARG+1A0218_076 f 0.00  1.000     0 12.50  0  1 -12.810   2.630   3.241   0.525   0.153   0.000 +1T165M000t
