CONFORMER         crg  vdw0  vdw1  tors  epol  self   occ  Hb     history    ASA
ARG01A0218_001  0.000-13.44  0.16  0.64  0.00-12.64 0.502  00  01O000M000  1.000
ARG01A0218_002  0.000-13.18  4.53  3.17  0.00 -5.47 0.501  00  01E001M000  1.000
ARG01A0218_003  0.000-13.49  1.39  3.95  0.00 -8.15 0.501  00  01E010M000  1.000
ARG01A0218_004  0.000-13.62  1.38  1.19  0.00-11.05 0.501  00  01E041M000  1.000
ARG01A0218_005  0.000-12.46  1.58  7.04  0.00 -3.85 0.501  00  01E04EM000  1.000
ARG01A0218_006  0.000-12.58  1.79  7.15  0.00 -3.63 0.502  00  01E05BM000  1.000
ARG01A0218_007  0.000-11.22 -0.17  0.64  0.00-10.74 0.501  00  01E05DM000  1.000
ARG01A0218_008  0.000-12.69  4.55  3.13  0.00 -5.01 0.502  00  01E05FM000  1.000
ARG01A0218_009  0.000-11.84  0.28  1.12  0.00-10.44 0.501  00  01E06DM000  1.000
ARG01A0218_010  0.000-13.39  4.61  3.08  0.00 -5.71 0.501  00  01E0A0M000  1.000
ARG01A0218_011  0.000-13.00  0.84  0.60  0.00-11.56 0.501  00  01E0AAM000  1.000
ARG01A0218_012  0.000-10.77  1.68  6.43  0.00 -2.65 0.501  00  01E152M000  1.000
ARG01A0218_013  0.000-10.68  0.45  2.61  0.00 -7.61 0.501  00  01T011M000  1.000
ARG01A0218_014  0.000-13.17  1.07  6.72  0.00 -5.39 0.501  00  01T027M000  1.000
ARG01A0218_015  0.000-12.28  0.11  0.61  0.00-11.56 0.501  00  01T05CM000  1.000
ARG01A0218_016  0.000-12.11  0.19  0.62  0.00-11.31 0.501  00  01T08EM000  1.000
ARG01A0218_017  0.000-11.46  0.49  3.63  0.00 -7.34 0.502  00  01T0E2M000  1.000
ARG01A0218_018  0.000-11.43  0.09  3.79  0.00 -7.54 0.500  00  01T121M000  1.000
ARG01A0218_019  0.000-12.78  2.78  3.24  0.00 -6.77 0.501  00  01T165M000  1.000
ARG02A0218_020  0.000-13.46  4.57  3.13  0.00 -5.76 0.501  00  02E001M000  1.000
ARG02A0218_021  0.000-12.00  1.74  6.17  0.00 -4.09 0.501  00  02E04EM000  1.000
ARG02A0218_022  0.000-13.45  0.14  0.64  0.00-12.67 0.502  00  02O000M000  1.000
ARG02A0218_023  0.000-13.14  1.27  3.77  0.00 -8.10 0.501  00  02E010M000  1.000
ARG02A0218_024  0.000-13.36  1.39  1.11  0.00-10.86 0.501  00  02T037M000  1.000
ARG02A0218_025  0.000-12.76  4.55  3.14  0.00 -5.07 0.502  00  02T05FM000  1.000
ARG02A0218_026  0.000-11.72  0.29  1.06  0.00-10.38 0.501  00  02T06DM000  1.000
ARG02A0218_027  0.000-12.83  2.64  3.24  0.00 -6.95 0.501  00  02T165M000  1.000
ARG02A0218_028  0.000-13.17  1.12  5.53  0.00 -6.52 0.501  00  02T027M000  1.000
ARG02A0218_029  0.000-13.56  1.21  1.11  0.00-11.24 0.501  00  02T041M000  1.000
ARG02A0218_030  0.000-11.00  0.16  3.58  0.00 -7.26 0.500  00  02T121M000  1.000
ARG02A0218_031  0.000-11.01  1.74  6.26  0.00 -3.01 0.501  00  02T152M000  1.000
ARG02A0218_032  0.000-12.55  1.70  6.28  0.00 -4.57 0.502  00  02T05BM000  1.000
ARG02A0218_033  0.000-12.23  0.10  0.61  0.00-11.51 0.501  00  02T05CM000  1.000
ARG02A0218_034  0.000-11.02 -0.16  0.58  0.00-10.61 0.501  00  02T05DM000  1.000
ARG02A0218_035  0.000-12.16  0.18  0.61  0.00-11.37 0.501  00  02T08EM000  1.000
ARG02A0218_036  0.000-13.37  4.59  3.07  0.00 -5.71 0.501  00  02T0A0M000  1.000
ARG02A0218_037  0.000-12.98  0.84  0.60  0.00-11.54 0.501  00  02T0AAM000  1.000
ARG02A0218_038  0.000-11.36  0.43  3.59  0.00 -7.34 0.502  00  02T0E2M000  1.000
ARG03A0218_039  0.000-12.84  2.64  3.24  0.00 -6.96 0.501  00  03E165M000  1.000
ARG03A0218_040  0.000-13.51  0.15  0.64  0.00-12.72 0.502  00  03O000M000  1.000
ARG03A0218_041  0.000-13.44  4.58  3.12  0.00 -5.75 0.501  00  03E001M000  1.000
ARG03A0218_042  0.000-13.30  1.39  1.11  0.00-10.81 0.501  00  03T037M000  1.000
ARG03A0218_043  0.000-10.96  1.74  6.25  0.00 -2.97 0.501  00  03T152M000  1.000
ARG03A0218_044  0.000-13.39  1.12  5.46  0.00 -6.81 0.501  00  03T027M000  1.000
ARG03A0218_045  0.000-13.63  1.21  1.11  0.00-11.31 0.501  00  03T041M000  1.000
ARG03A0218_046  0.000-11.97  1.74  6.12  0.00 -4.12 0.501  00  03T04EM000  1.000
ARG03A0218_047  0.000-11.42  0.43  3.58  0.00 -7.41 0.502  00  03T0E2M000  1.000
ARG03A0218_048  0.000-13.20  1.27  3.77  0.00 -8.16 0.501  00  03T010M000  1.000
ARG03A0218_049  0.000-10.62 -0.19  0.58  0.00-10.24 0.501  00  03T05DM000  1.000
ARG03A0218_050  0.000-12.75  4.54  3.13  0.00 -5.07 0.502  00  03T05FM000  1.000
ARG03A0218_051  0.000-11.11  0.28  1.06  0.00 -9.78 0.501  00  03T06DM000  1.000
ARG03A0218_052  0.000-12.32  0.18  0.61  0.00-11.54 0.501  00  03T08EM000  1.000
ARG03A0218_053  0.000-13.41  4.60  3.08  0.00 -5.73 0.501  00  03T0A0M000  1.000
ARG03A0218_054  0.000-12.57  1.71  6.24  0.00 -4.62 0.502  00  03T05BM000  1.000
ARG03A0218_055  0.000-12.27  0.10  0.61  0.00-11.56 0.501  00  03T05CM000  1.000
ARG03A0218_056  0.000-13.16  0.84  0.60  0.00-11.72 0.501  00  03T0AAM000  1.000
ARG03A0218_057  0.000-11.14  0.15  3.57  0.00 -7.42 0.500  00  03T121M000  1.000
ARG+1A0218_058  1.000-13.56  0.14  0.64  0.00-12.77 0.502  00  +1O000M000  1.000
ARG+1A0218_059  1.000-13.24  1.27  3.77  0.00 -8.20 0.501  00  +1E010M000  1.000
ARG+1A0218_060  1.000-10.74 -0.19  0.58  0.00-10.35 0.501  00  +1E05DM000  1.000
ARG+1A0218_061  1.000-12.18  0.17  0.61  0.00-11.40 0.501  00  +1E08EM000  1.000
ARG+1A0218_062  1.000-13.07  0.84  0.60  0.00-11.63 0.501  00  +1E0AAM000  1.000
ARG+1A0218_063  1.000-11.45  0.43  3.60  0.00 -7.42 0.502  00  +1E0E2M000  1.000
ARG+1A0218_064  1.000 -9.80  0.21  2.22  0.00 -7.36 0.501  00  +1T011M000  1.000
ARG+1A0218_065  1.000-13.34  1.12  5.54  0.00 -6.68 0.501  00  +1T027M000  1.000
ARG+1A0218_066  1.000-13.40  1.39  1.11  0.00-10.91 0.501  00  +1T037M000  1.000
ARG+1A0218_067  1.000-13.67  1.22  1.11  0.00-11.34 0.501  00  +1T041M000  1.000
ARG+1A0218_068  1.000-11.96  1.74  6.19  0.00 -4.04 0.501  00  +1T04EM000  1.000
ARG+1A0218_069  1.000-12.53  1.70  6.30  0.00 -4.53 0.502  00  +1T05BM000  1.000
ARG+1A0218_070  1.000-12.32  0.10  0.61  0.00-11.61 0.501  00  +1T05CM000  1.000
ARG+1A0218_071  1.000-12.80  4.56  3.14  0.00 -5.11 0.502  00  +1T05FM000  1.000
ARG+1A0218_072  1.000-11.19  0.28  1.06  0.00 -9.85 0.501  00  +1T06DM000  1.000
ARG+1A0218_073  1.000-13.51  4.61  3.08  0.00 -5.82 0.501  00  +1T0A0M000  1.000
ARG+1A0218_074  1.000-10.99  0.15  3.60  0.00 -7.25 0.500  00  +1T121M000  1.000
ARG+1A0218_075  1.000-11.04  1.74  6.27  0.00 -3.03 0.501  00  +1T152M000  1.000
ARG+1A0218_076  1.000-12.81  2.63  3.24  0.00 -6.93 0.501  00  +1T165M000  1.000
