   confID        vdw0    sas     sum
ARG01A0218_001   1.177 -14.619 -13.442
ARG01A0218_002   1.452 -14.634 -13.182
ARG01A0218_003   1.573 -15.066 -13.493
ARG01A0218_004   1.279 -14.900 -13.621
ARG01A0218_005   2.367 -14.828 -12.460
ARG01A0218_006   2.361 -14.941 -12.579
ARG01A0218_007   2.804 -14.021 -11.217
ARG01A0218_008   2.137 -14.820 -12.684
ARG01A0218_009   2.724 -14.570 -11.846
ARG01A0218_010   1.506 -14.899 -13.393
ARG01A0218_011   1.583 -14.583 -13.000
ARG01A0218_012   3.386 -14.153 -10.767
ARG01A0218_013   3.329 -13.999 -10.670
ARG01A0218_014   1.317 -14.490 -13.173
ARG01A0218_015   2.014 -14.304 -12.290
ARG01A0218_016   2.327 -14.443 -12.116
ARG01A0218_017   3.286 -14.747 -11.461
ARG01A0218_018   3.073 -14.500 -11.427
ARG01A0218_019   2.136 -14.917 -12.781
ARG02A0218_020   1.310 -14.766 -13.456
ARG02A0218_021   2.433 -14.424 -11.991
ARG02A0218_022   1.162 -14.619 -13.456
ARG02A0218_023   1.541 -14.683 -13.142
ARG02A0218_024   1.245 -14.603 -13.357
ARG02A0218_025   2.058 -14.820 -12.762
ARG02A0218_026   2.740 -14.467 -11.727
ARG02A0218_027   2.082 -14.917 -12.835
ARG02A0218_028   1.566 -14.744 -13.178
ARG02A0218_029   1.302 -14.867 -13.565
ARG02A0218_030   3.329 -14.327 -10.998
ARG02A0218_031   3.408 -14.420 -11.012
ARG02A0218_032   2.540 -15.095 -12.555
ARG02A0218_033   2.011 -14.236 -12.225
ARG02A0218_034   2.983 -13.947 -10.963
ARG02A0218_035   2.303 -14.460 -12.157
ARG02A0218_036   1.520 -14.899 -13.379
ARG02A0218_037   1.597 -14.583 -12.985
ARG02A0218_038   3.491 -14.844 -11.353
ARG03A0218_039   2.063 -14.917 -12.854
ARG03A0218_040   1.106 -14.619 -13.513
ARG03A0218_041   1.327 -14.766 -13.439
ARG03A0218_042   1.233 -14.538 -13.306
ARG03A0218_043   3.346 -14.304 -10.958
ARG03A0218_044   1.486 -14.876 -13.390
ARG03A0218_045   1.240 -14.867 -13.627
ARG03A0218_046   2.390 -14.356 -11.966
ARG03A0218_047   3.431 -14.844 -11.413
ARG03A0218_048   1.480 -14.619 -13.139
ARG03A0218_049   3.366 -13.982 -10.616
ARG03A0218_050   2.063 -14.820 -12.758
ARG03A0218_051   3.325 -14.448 -11.123
ARG03A0218_052   2.251 -14.527 -12.276
ARG03A0218_053   1.547 -14.899 -13.352
ARG03A0218_054   2.465 -14.983 -12.517
ARG03A0218_055   1.956 -14.236 -12.280
ARG03A0218_056   1.557 -14.715 -13.158
ARG03A0218_057   3.287 -14.423 -11.137
ARG+1A0218_058   1.062 -14.619 -13.557
ARG+1A0218_059   1.442 -14.683 -13.241
ARG+1A0218_060   3.307 -14.046 -10.739
ARG+1A0218_061   2.211 -14.395 -12.184
ARG+1A0218_062   1.504 -14.583 -13.079
ARG+1A0218_063   3.396 -14.844 -11.448
ARG+1A0218_064   4.649 -14.441  -9.791
ARG+1A0218_065   1.472 -14.812 -13.340
ARG+1A0218_066   1.197 -14.603 -13.406
ARG+1A0218_067   1.198 -14.867 -13.669
ARG+1A0218_068   2.396 -14.356 -11.960
ARG+1A0218_069   2.454 -14.979 -12.525
ARG+1A0218_070   1.912 -14.236 -12.324
ARG+1A0218_071   2.015 -14.820 -12.805
ARG+1A0218_072   3.274 -14.467 -11.194
ARG+1A0218_073   1.441 -14.950 -13.509
ARG+1A0218_074   3.248 -14.244 -10.995
ARG+1A0218_075   3.318 -14.356 -11.038
ARG+1A0218_076   2.039 -14.849 -12.810
