   confID        vdw0    sas     sum
ARG01A0081_001   1.537 -14.126 -12.589
ARG01A0081_002   1.715 -14.482 -12.767
ARG01A0081_003   2.767 -14.217 -11.450
ARG01A0081_004   2.670 -14.407 -11.737
ARG01A0081_005   4.024 -13.807  -9.783
ARG01A0081_006   2.411 -14.541 -12.130
ARG01A0081_007   2.811 -14.397 -11.586
ARG01A0081_008   2.443 -14.379 -11.935
ARG01A0081_009   4.063 -13.833  -9.770
ARG01A0081_010   2.768 -14.857 -12.089
ARG01A0081_011   2.858 -14.788 -11.930
ARG01A0081_012   1.678 -14.595 -12.917
ARG01A0081_013   2.534 -14.132 -11.598
ARG01A0081_014   2.745 -13.882 -11.137
ARG01A0081_015   3.420 -14.405 -10.985
ARG01A0081_016   4.419 -13.900  -9.481
ARG01A0081_017   3.316 -14.120 -10.804
ARG01A0081_018   3.877 -13.771  -9.894
ARG01A0081_019   1.805 -13.961 -12.157
ARG01A0081_020   3.492 -14.238 -10.747
ARG02A0081_021   2.611 -13.809 -11.198
ARG02A0081_022   1.524 -14.126 -12.602
ARG02A0081_023   4.141 -13.833  -9.692
ARG02A0081_024   1.560 -14.357 -12.797
ARG02A0081_025   2.916 -14.922 -12.006
ARG02A0081_026   3.184 -14.257 -11.073
ARG02A0081_027   1.757 -14.604 -12.847
ARG02A0081_028   2.707 -14.281 -11.574
ARG02A0081_029   1.764 -13.974 -12.210
ARG02A0081_030   3.737 -13.911 -10.173
ARG02A0081_031   2.679 -14.607 -11.927
ARG02A0081_032   2.461 -14.754 -12.292
ARG02A0081_033   4.377 -13.884  -9.507
ARG02A0081_034   4.018 -13.710  -9.692
ARG02A0081_035   2.530 -14.132 -11.602
ARG02A0081_036   4.098 -13.858  -9.760
ARG02A0081_037   3.805 -14.501 -10.696
ARG02A0081_038   2.807 -14.342 -11.535
ARG02A0081_039   2.459 -14.487 -12.028
ARG02A0081_040   3.643 -14.341 -10.699
ARG03A0081_041   2.465 -14.132 -11.668
ARG03A0081_042   2.395 -14.689 -12.294
ARG03A0081_043   3.579 -14.274 -10.695
ARG03A0081_044   1.467 -14.126 -12.659
ARG03A0081_045   3.776 -14.501 -10.725
ARG03A0081_046   2.878 -14.726 -11.848
ARG03A0081_047   1.749 -14.620 -12.871
ARG03A0081_048   1.562 -14.309 -12.747
ARG03A0081_049   2.712 -14.281 -11.569
ARG03A0081_050   2.630 -14.607 -11.977
ARG03A0081_051   4.033 -13.939  -9.906
ARG03A0081_052   4.385 -13.768  -9.383
ARG03A0081_053   2.860 -14.390 -11.530
ARG03A0081_054   3.733 -13.715  -9.981
ARG03A0081_055   2.005 -13.974 -11.969
ARG03A0081_056   4.074 -13.833  -9.759
ARG03A0081_057   3.159 -14.324 -11.166
ARG03A0081_058   2.602 -13.854 -11.252
ARG03A0081_059   2.409 -14.420 -12.011
ARG03A0081_060   3.942 -13.839  -9.896
ARG+1A0081_061   1.422 -14.126 -12.704
ARG+1A0081_062   2.856 -14.726 -11.870
ARG+1A0081_063   2.669 -14.217 -11.548
ARG+1A0081_064   2.601 -14.607 -12.006
ARG+1A0081_065   2.366 -14.689 -12.324
ARG+1A0081_066   4.306 -13.704  -9.398
ARG+1A0081_067   2.810 -14.390 -11.580
ARG+1A0081_068   3.721 -13.779 -10.058
ARG+1A0081_069   1.952 -13.910 -11.957
ARG+1A0081_070   1.513 -14.309 -12.796
ARG+1A0081_071   3.143 -14.321 -11.178
ARG+1A0081_072   1.718 -14.604 -12.886
ARG+1A0081_073   2.438 -14.132 -11.694
ARG+1A0081_074   2.560 -13.809 -11.249
ARG+1A0081_075   4.014 -13.926  -9.912
ARG+1A0081_076   3.742 -14.501 -10.759
ARG+1A0081_077   2.370 -14.420 -12.049
ARG+1A0081_078   3.913 -13.646  -9.733
ARG+1A0081_079   3.586 -14.341 -10.756
ARG+1A0081_080   4.013 -13.833  -9.819
