CONFORMER         crg  vdw0  vdw1  tors  epol  self   occ  Hb     history    ASA
PHE01A0028_001  0.000 -8.93 -0.38  0.09  0.00 -9.22 0.526  00  01O000M000  1.000
PHE01A0028_002  0.000 -9.26 -0.28  0.09  0.00 -9.45 0.526  00  01R002M000  1.000
PHE01A0028_003  0.000 -9.06  0.61  2.71  0.00 -5.74 0.525  00  01R003M000  1.000
PHE01A0028_004  0.000 -8.43 -0.17  0.09  0.00 -8.51 0.526  00  01R004M000  1.000
PHE01A0028_005  0.000 -8.76  1.76  2.71  0.00 -4.29 0.522  00  01R005M000  1.000
PHE01A0028_006  0.000 -8.97 -0.37  0.09  0.00 -9.25 0.526  00  01R007M000  1.000
PHE01A0028_007  0.000 -8.38  0.75  0.09  0.00 -7.54 0.525  00  01R009M000  1.000
PHE01A0028_008  0.000 -8.86 -0.08  0.09  0.00 -8.85 0.527  00  01R00AM000  1.000
PHE01A0028_009  0.000 -8.81  2.55  2.67  0.00 -3.59 0.525  00  01R00CM000  1.000
PHE01A0028_010  0.000 -9.22  1.98  2.70  0.00 -4.55 0.524  00  01R00DM000  1.000
PHE01A0028_011  0.000 -9.09  0.62  2.71  0.00 -5.76 0.528  00  01R00EM000  1.000
PHE01A0028_012  0.000 -9.67  3.08  2.70  0.00 -3.89 0.526  00  01R00FM000  1.000
PHE01A0028_013  0.000 -8.93  1.15  0.09  0.00 -7.69 0.525  00  01R010M000  1.000
PHE01A0028_014  0.000 -8.88 -0.25  0.09  0.00 -9.04 0.526  00  01R011M000  1.000
PHE01A0028_015  0.000 -9.40  2.86  0.08  0.00 -6.46 0.527  00  01R012M000  1.000
PHE01A0028_016  0.000 -8.81  1.88  2.71  0.00 -4.22 0.525  00  01R013M000  1.000
PHE01A0028_017  0.000 -8.06  2.03  2.70  0.00 -3.33 0.522  00  01T001M000  1.000
PHE01A0028_018  0.000 -8.95  6.08  0.12  0.00 -2.75 0.525  00  01T006M000  1.000
PHE01A0028_019  0.000 -8.58  2.07  2.70  0.00 -3.81 0.522  00  01T008M000  1.000
PHE01A0028_020  0.000 -9.25  2.27  0.06  0.00 -6.91 0.523  00  01T00BM000  1.000
