   confID        vdw0    sas     sum
PHE01A0028_001   4.941 -13.871  -8.930
PHE01A0028_002   4.933 -14.205  -9.272
PHE01A0028_003   4.948 -13.998  -9.050
PHE01A0028_004   4.938 -13.374  -8.436
PHE01A0028_005   4.936 -13.767  -8.831
PHE01A0028_006   4.881 -13.854  -8.973
PHE01A0028_007   4.812 -13.190  -8.378
PHE01A0028_008   4.896 -13.800  -8.905
PHE01A0028_009   4.742 -13.559  -8.817
PHE01A0028_010   4.808 -14.030  -9.222
PHE01A0028_011   4.888 -14.032  -9.144
PHE01A0028_012   4.532 -14.202  -9.670
PHE01A0028_013   4.726 -13.664  -8.938
PHE01A0028_014   4.887 -13.764  -8.877
PHE01A0028_015   4.499 -13.903  -9.405
PHE01A0028_016   4.893 -13.631  -8.738
PHE01A0028_017   4.959 -13.021  -8.062
PHE01A0028_018   4.743 -13.687  -8.944
PHE01A0028_019   4.909 -13.494  -8.584
PHE01A0028_020   4.533 -13.783  -9.250
