iConf CONFORMER     FL  occ    crg   Em0  pKa0 ne nH    vdw0    vdw1    tors    epol   dsolv   extra    history
00001 LYS01A0152_001 f 0.00  0.000     0  0.00  0  0 -12.248   0.463   0.898  -0.008  -0.091   0.000 01O000M000t
00002 LYS01A0152_002 f 0.00  0.000     0  0.00  0  0 -10.830   2.092   4.061   0.004  -0.071   0.000 01E085M000t
00003 LYS01A0152_003 f 0.00  0.000     0  0.00  0  0 -10.735   1.059   1.454  -0.024   0.055   0.000 01E08DM000t
00004 LYS01A0152_004 f 0.00  0.000     0  0.00  0  0 -10.024   1.170   4.113  -0.013   0.066   0.000 01E0E7M000t
00005 LYS01A0152_005 f 0.00  0.000     0  0.00  0  0  -9.488   0.501   4.166  -0.028   0.166   0.000 01E0EFM000t
00006 LYS01A0152_006 f 0.00  0.000     0  0.00  0  0  -8.053   0.534   4.694  -0.012   0.081   0.000 01E10CM000t
00007 LYS01A0152_007 f 0.00  0.000     0  0.00  0  0  -7.988   0.563   4.622  -0.009  -0.052   0.000 01E10FM000t
00008 LYS01A0152_008 f 0.00  0.000     0  0.00  0  0  -8.187   2.210   4.647  -0.007  -0.100   0.000 01E110M000t
00009 LYS01A0152_009 f 0.00  0.000     0  0.00  0  0  -9.688   2.491   4.238  -0.028  -0.100   0.000 01E117M000t
00010 LYS01A0152_010 f 0.00  0.000     0  0.00  0  0  -9.598   1.892   4.231  -0.019   0.119   0.000 01E14FM000t
00011 LYS01A0152_011 f 0.00  0.000     0  0.00  0  0  -7.698   1.572   4.795   0.046   0.145   0.000 01E154M000t
00012 LYS01A0152_012 f 0.00  0.000     0  0.00  0  0 -10.184   2.508   4.218  -0.022   0.135   0.000 01E168M000t
00013 LYS01A0152_013 f 0.00  0.000     0  0.00  0  0 -10.951   2.021   1.497  -0.001  -0.046   0.000 01T01FM000t
00014 LYS01A0152_014 f 0.00  0.000     0  0.00  0  0 -11.565   1.479   0.982  -0.046  -0.232   0.000 01T046M000t
00015 LYS01A0152_015 f 0.00  0.000     0  0.00  0  0 -11.036   4.430   3.516  -0.014   0.053   0.000 01T061M000t
00016 LYS01A0152_016 f 0.00  0.000     0  0.00  0  0  -7.265   0.467   3.848  -0.007  -0.137   0.000 01T07FM000t
00017 LYS01A0152_017 f 0.00  0.000     0  0.00  0  0 -10.932   1.254   1.503  -0.025   0.116   0.000 01T095M000t
00018 LYS01A0152_018 f 0.00  0.000     0  0.00  0  0  -9.672   4.208   3.599  -0.015   0.128   0.000 01T0BAM000t
00019 LYS01A0152_019 f 0.00  0.000     0  0.00  0  0  -8.738   0.365   1.562  -0.017  -0.090   0.000 01T10AM000t
00020 LYS01A0152_020 f 0.00  0.000     0  0.00  0  0  -8.031   2.180   4.673  -0.002   0.005   0.000 01T113M000t
00021 LYS+1A0152_021 f 0.00  1.000     0 10.40  0  1 -12.293   0.463   0.898   0.040  -0.232   0.000 +1O000M000t
00022 LYS+1A0152_022 f 0.00  1.000     0 10.40  0  1 -10.923   2.025   1.499   0.007  -0.228   0.000 +1E01FM000t
00023 LYS+1A0152_023 f 0.00  1.000     0 10.40  0  1  -7.194   0.459   3.901   0.100  -0.030   0.000 +1E07FM000t
00024 LYS+1A0152_024 f 0.00  1.000     0 10.40  0  1 -10.881   2.081   4.112  -0.020  -0.210   0.000 +1E085M000t
00025 LYS+1A0152_025 f 0.00  1.000     0 10.40  0  1 -10.818   1.056   1.455   0.103   0.074   0.000 +1E08DM000t
00026 LYS+1A0152_026 f 0.00  1.000     0 10.40  0  1 -10.935   1.250   1.504   0.082  -0.130   0.000 +1E095M000t
00027 LYS+1A0152_027 f 0.00  1.000     0 10.40  0  1  -8.180   0.534   4.714   0.022  -0.189   0.000 +1E10CM000t
00028 LYS+1A0152_028 f 0.00  1.000     0 10.40  0  1  -8.032   0.553   4.671   0.050  -0.176   0.000 +1E10FM000t
00029 LYS+1A0152_029 f 0.00  1.000     0 10.40  0  1  -8.000   2.156   4.720   0.027  -0.362   0.000 +1E113M000t
00030 LYS+1A0152_030 f 0.00  1.000     0 10.40  0  1  -9.717   2.542   4.259   0.142  -0.425   0.000 +1E117M000t
00031 LYS+1A0152_031 f 0.00  1.000     0 10.40  0  1  -9.675   1.885   4.232   0.095   0.011   0.000 +1E14FM000t
00032 LYS+1A0152_032 f 0.00  1.000     0 10.40  0  1  -7.752   1.551   4.796   0.444   0.552   0.000 +1E154M000t
00033 LYS+1A0152_033 f 0.00  1.000     0 10.40  0  1 -10.130   2.475   4.220   0.094  -0.001   0.000 +1E168M000t
00034 LYS+1A0152_034 f 0.00  1.000     0 10.40  0  1 -11.668   1.499   0.990   0.235  -0.461   0.000 +1T046M000t
00035 LYS+1A0152_035 f 0.00  1.000     0 10.40  0  1 -11.096   4.431   3.514  -0.017  -0.382   0.000 +1T061M000t
00036 LYS+1A0152_036 f 0.00  1.000     0 10.40  0  1  -9.772   4.192   3.606   0.115  -0.036   0.000 +1T0BAM000t
00037 LYS+1A0152_037 f 0.00  1.000     0 10.40  0  1 -10.067   1.171   4.121   0.100  -0.262   0.000 +1T0E7M000t
00038 LYS+1A0152_038 f 0.00  1.000     0 10.40  0  1  -9.598   0.494   4.207   0.122  -0.083   0.000 +1T0EFM000t
00039 LYS+1A0152_039 f 0.00  1.000     0 10.40  0  1  -8.803   0.365   1.562   0.064   0.157   0.000 +1T10AM000t
00040 LYS+1A0152_040 f 0.00  1.000     0 10.40  0  1  -8.213   2.200   4.669  -0.018  -0.449   0.000 +1T110M000t
