CONFORMER         crg  vdw0  vdw1  tors  epol  self   occ  Hb     history    ASA
LYS01A0152_001  0.000-12.25  0.36  0.90  0.00-10.99 0.501  00  01O000M000  1.000
LYS01A0152_002  0.000-10.02  1.92  4.23  0.00 -3.86 0.501  00  01E058M000  1.000
LYS01A0152_003  0.000 -7.05  0.54  3.88  0.00 -2.62 0.501  00  01E075M000  1.000
LYS01A0152_004  0.000-10.90  2.00  4.20  0.00 -4.69 0.502  00  01E0A6M000  1.000
LYS01A0152_005  0.000-10.12  0.29  3.59  0.00 -6.25 0.501  00  01E0B2M000  1.000
LYS01A0152_006  0.000 -7.99  0.40  2.15  0.00 -5.44 0.502  00  01E10DM000  1.000
LYS01A0152_007  0.000 -7.83  0.99  4.57  0.00 -2.27 0.501  00  01E14CM000  1.000
LYS01A0152_008  0.000-10.38  2.41  6.84  0.00 -1.14 0.501  00  01E169M000  1.000
LYS01A0152_009  0.000 -8.02  1.58  4.82  0.00 -1.62 0.502  00  01E16BM000  1.000
LYS01A0152_010  0.000 -9.54  1.36  4.28  0.00 -3.90 0.501  00  01E16DM000  1.000
LYS01A0152_011  0.000 -9.55  1.93  6.92  0.00 -0.70 0.501  00  01E171M000  1.000
LYS01A0152_012  0.000-12.17  2.03  0.85  0.00 -9.29 0.501  00  01T002M000  1.000
LYS01A0152_013  0.000-10.60  1.89  1.51  0.00 -7.20 0.501  00  01T087M000  1.000
LYS01A0152_014  0.000-10.72  1.89  3.92  0.00 -4.91 0.501  00  01T089M000  1.000
LYS01A0152_015  0.000-10.23  0.48  4.10  0.00 -5.65 0.502  00  01T0D7M000  1.000
LYS01A0152_016  0.000-10.53  1.16  6.84  0.00 -2.53 0.502  00  01T0DBM000  1.000
LYS01A0152_017  0.000-10.09  1.05  6.16  0.00 -2.88 0.501  00  01T0DFM000  1.000
LYS01A0152_018  0.000-10.70  1.55  4.17  0.00 -4.98 0.502  00  01T0FAM000  1.000
LYS01A0152_019  0.000 -7.82  2.02  4.70  0.00 -1.10 0.502  00  01T124M000  1.000
LYS01A0152_020  0.000-11.05  1.93  3.49  0.00 -5.63 0.501  00  01T13AM000  1.000
LYS+1A0152_021  1.000-12.29  0.36  0.90  0.00-11.03 0.501  00  +1O000M000  1.000
LYS+1A0152_022  1.000-12.28  2.02  0.85  0.00 -9.41 0.501  00  +1E002M000  1.000
LYS+1A0152_023  1.000-10.08  1.92  4.24  0.00 -3.92 0.501  00  +1E058M000  1.000
LYS+1A0152_024  1.000 -7.25  0.53  3.92  0.00 -2.80 0.501  00  +1E075M000  1.000
LYS+1A0152_025  1.000-10.78  1.87  3.98  0.00 -4.93 0.501  00  +1E089M000  1.000
LYS+1A0152_026  1.000-10.96  2.00  4.20  0.00 -4.75 0.502  00  +1E0A6M000  1.000
LYS+1A0152_027  1.000 -8.07  0.40  2.15  0.00 -5.52 0.502  00  +1E10DM000  1.000
LYS+1A0152_028  1.000 -8.01  2.02  4.72  0.00 -1.27 0.502  00  +1E124M000  1.000
LYS+1A0152_029  1.000 -8.16  1.53  4.82  0.00 -1.81 0.502  00  +1E16BM000  1.000
LYS+1A0152_030  1.000 -9.53  1.35  4.28  0.00 -3.91 0.501  00  +1E16DM000  1.000
LYS+1A0152_031  1.000-10.66  1.89  1.51  0.00 -7.27 0.501  00  +1T087M000  1.000
LYS+1A0152_032  1.000-10.13  0.28  3.61  0.00 -6.24 0.501  00  +1T0B2M000  1.000
LYS+1A0152_033  1.000-10.33  0.48  4.11  0.00 -5.73 0.502  00  +1T0D7M000  1.000
LYS+1A0152_034  1.000-10.52  1.16  6.86  0.00 -2.51 0.502  00  +1T0DBM000  1.000
LYS+1A0152_035  1.000-10.21  1.05  6.17  0.00 -2.99 0.501  00  +1T0DFM000  1.000
LYS+1A0152_036  1.000-10.62  1.49  4.22  0.00 -4.91 0.502  00  +1T0FAM000  1.000
LYS+1A0152_037  1.000-11.15  1.90  3.52  0.00 -5.74 0.501  00  +1T13AM000  1.000
LYS+1A0152_038  1.000 -7.79  1.00  4.62  0.00 -2.16 0.501  00  +1T14CM000  1.000
LYS+1A0152_039  1.000-10.46  2.43  6.88  0.00 -1.15 0.501  00  +1T169M000  1.000
LYS+1A0152_040  1.000 -9.56  1.93  6.94  0.00 -0.69 0.501  00  +1T171M000  1.000
