   confID        vdw0    sas     sum
LYS01A0152_001   0.501 -12.749 -12.248
LYS01A0152_002   1.544 -12.373 -10.830
LYS01A0152_003   1.887 -12.622 -10.735
LYS01A0152_004   2.450 -12.474 -10.024
LYS01A0152_005   2.651 -12.139  -9.488
LYS01A0152_006   4.493 -12.547  -8.053
LYS01A0152_007   4.500 -12.489  -7.988
LYS01A0152_008   4.549 -12.736  -8.187
LYS01A0152_009   2.489 -12.177  -9.688
LYS01A0152_010   2.642 -12.239  -9.598
LYS01A0152_011   4.407 -12.105  -7.698
LYS01A0152_012   2.280 -12.464 -10.184
LYS01A0152_013   1.512 -12.463 -10.951
LYS01A0152_014   1.261 -12.826 -11.565
LYS01A0152_015   1.361 -12.396 -11.036
LYS01A0152_016   5.186 -12.452  -7.265
LYS01A0152_017   1.776 -12.708 -10.932
LYS01A0152_018   2.345 -12.017  -9.672
LYS01A0152_019   3.349 -12.088  -8.738
LYS01A0152_020   4.468 -12.499  -8.031
LYS+1A0152_021   0.456 -12.749 -12.293
LYS+1A0152_022   1.472 -12.395 -10.923
LYS+1A0152_023   5.130 -12.323  -7.194
LYS+1A0152_024   1.499 -12.380 -10.881
LYS+1A0152_025   1.807 -12.625 -10.818
LYS+1A0152_026   1.709 -12.644 -10.935
LYS+1A0152_027   4.434 -12.614  -8.180
LYS+1A0152_028   4.457 -12.489  -8.032
LYS+1A0152_029   4.422 -12.421  -8.000
LYS+1A0152_030   2.422 -12.138  -9.717
LYS+1A0152_031   2.564 -12.239  -9.675
LYS+1A0152_032   4.353 -12.105  -7.752
LYS+1A0152_033   2.215 -12.345 -10.130
LYS+1A0152_034   1.187 -12.855 -11.668
LYS+1A0152_035   1.301 -12.396 -11.096
LYS+1A0152_036   2.258 -12.030  -9.772
LYS+1A0152_037   2.406 -12.474 -10.067
LYS+1A0152_038   2.489 -12.088  -9.598
LYS+1A0152_039   3.233 -12.036  -8.803
LYS+1A0152_040   4.523 -12.736  -8.213
