iConf CONFORMER     FL  occ    crg   Em0  pKa0 ne nH    vdw0    vdw1    tors    epol   dsolv   extra    history
00001 ARG01A0254_001 f 0.00  0.000     0  0.00  0  0  -6.082   2.776   1.361   0.077   0.050   0.000 01O000M000t
00002 ARG01A0254_002 f 0.00  0.000     0  0.00  0  0  -9.808   3.304   3.791   0.026  -0.207   0.000 01E00CM000t
00003 ARG01A0254_003 f 0.00  0.000     0  0.00  0  0 -11.073   3.786   2.794   0.045  -0.114   0.000 01E01CM000t
00004 ARG01A0254_004 f 0.00  0.000     0  0.00  0  0  -9.643   3.136   1.024   0.014  -0.340   0.000 01E024M000t
00005 ARG01A0254_005 f 0.00  0.000     0  0.00  0  0  -9.604   4.306   2.799   0.000  -0.187   0.000 01E030M000t
00006 ARG01A0254_006 f 0.00  0.000     0  0.00  0  0 -11.650   3.327   0.955   0.025  -0.164   0.000 01E058M000t
00007 ARG01A0254_007 f 0.00  0.000     0  0.00  0  0 -10.922   5.481   3.622   0.071  -0.142   0.000 01E069M000t
00008 ARG01A0254_008 f 0.00  0.000     0  0.00  0  0  -7.867   2.795   0.979   0.010   0.011   0.000 01T001M000t
00009 ARG01A0254_009 f 0.00  0.000     0  0.00  0  0 -11.728   3.290   0.937   0.018  -0.126   0.000 01T00DM000t
00010 ARG01A0254_010 f 0.00  0.000     0  0.00  0  0  -9.894   5.459   1.007   0.009  -0.071   0.000 01T02AM000t
00011 ARG01A0254_011 f 0.00  0.000     0  0.00  0  0 -10.706   3.775   2.844   0.045   0.178   0.000 01T034M000t
00012 ARG01A0254_012 f 0.00  0.000     0  0.00  0  0 -11.253   4.412   5.796   0.222  -0.343   0.000 01T044M000t
00013 ARG01A0254_013 f 0.00  0.000     0  0.00  0  0 -12.180   4.191   1.494   0.087  -0.132   0.000 01T04BM000t
00014 ARG01A0254_014 f 0.00  0.000     0  0.00  0  0 -10.206   3.416   4.194  -0.160   0.012   0.000 01T050M000t
00015 ARG01A0254_015 f 0.00  0.000     0  0.00  0  0 -11.510   3.207   1.095   0.015  -0.076   0.000 01T051M000t
00016 ARG01A0254_016 f 0.00  0.000     0  0.00  0  0  -9.541   3.132   4.004   0.001  -0.157   0.000 01T05FM000t
00017 ARG01A0254_017 f 0.00  0.000     0  0.00  0  0  -9.516   2.762   4.006   0.069  -0.032   0.000 01T060M000t
00018 ARG01A0254_018 f 0.00  0.000     0  0.00  0  0 -11.057   3.085   1.192   0.053   0.037   0.000 01T063M000t
00019 ARG01A0254_019 f 0.00  0.000     0  0.00  0  0 -11.194   4.417   5.654   0.007  -0.506   0.000 01T07EM000t
00020 ARG01A0254_020 f 0.00  0.000     0  0.00  0  0  -9.776   3.892   5.532   0.006  -0.176   0.000 01T083M000t
00021 ARG02A0254_021 f 0.00  0.000     0  0.00  0  0  -6.093   2.781   1.361   0.066   1.149   0.000 02O000M000t
00022 ARG02A0254_022 f 0.00  0.000     0  0.00  0  0  -9.713   3.083   0.983   0.006   0.923   0.000 02E024M000t
00023 ARG02A0254_023 f 0.00  0.000     0  0.00  0  0 -12.376   4.368   1.453   0.087   0.864   0.000 02E04BM000t
00024 ARG02A0254_024 f 0.00  0.000     0  0.00  0  0 -10.239   3.368   4.194   0.104   0.974   0.000 02E050M000t
00025 ARG02A0254_025 f 0.00  0.000     0  0.00  0  0 -11.009   5.496   3.628   0.054   0.784   0.000 02E069M000t
00026 ARG02A0254_026 f 0.00  0.000     0  0.00  0  0  -9.512   3.118   3.985   0.008   0.729   0.000 02E05FM000t
00027 ARG02A0254_027 f 0.00  0.000     0  0.00  0  0 -10.168   5.615   0.926   0.056   0.750   0.000 02T02AM000t
00028 ARG02A0254_028 f 0.00  0.000     0  0.00  0  0 -11.336   4.433   5.775   0.227   0.748   0.000 02T044M000t
00029 ARG02A0254_029 f 0.00  0.000     0  0.00  0  0 -11.265   3.090   1.195   0.043   0.793   0.000 02T063M000t
00030 ARG02A0254_030 f 0.00  0.000     0  0.00  0  0  -9.757   4.275   2.791   0.030   0.802   0.000 02T030M000t
00031 ARG02A0254_031 f 0.00  0.000     0  0.00  0  0  -9.372   2.770   4.009  -0.068   0.874   0.000 02T060M000t
00032 ARG02A0254_032 f 0.00  0.000     0  0.00  0  0 -11.097   4.268   5.263   0.028   0.772   0.000 02T07EM000t
00033 ARG02A0254_033 f 0.00  0.000     0  0.00  0  0 -10.040   4.029   5.588   0.056   0.679   0.000 02T083M000t
00034 ARG02A0254_034 f 0.00  0.000     0  0.00  0  0  -7.969   2.802   0.981  -0.002   0.870   0.000 02T001M000t
00035 ARG02A0254_035 f 0.00  0.000     0  0.00  0  0  -9.747   3.370   3.717   0.011   0.674   0.000 02T00CM000t
00036 ARG02A0254_036 f 0.00  0.000     0  0.00  0  0 -11.727   3.224   0.945   0.010   0.727   0.000 02T00DM000t
00037 ARG02A0254_037 f 0.00  0.000     0  0.00  0  0 -10.855   3.910   2.805   0.047   0.839   0.000 02T01CM000t
00038 ARG02A0254_038 f 0.00  0.000     0  0.00  0  0 -10.709   3.795   2.790   0.006   0.733   0.000 02T034M000t
00039 ARG02A0254_039 f 0.00  0.000     0  0.00  0  0 -11.336   3.306   0.983   0.035   0.686   0.000 02T051M000t
00040 ARG02A0254_040 f 0.00  0.000     0  0.00  0  0 -11.525   3.281   0.959   0.009   0.600   0.000 02T058M000t
00041 ARG03A0254_041 f 0.00  0.000     0  0.00  0  0 -11.055   4.253   5.291   0.032   0.816   0.000 03E07EM000t
00042 ARG03A0254_042 f 0.00  0.000     0  0.00  0  0  -6.107   2.774   1.361   0.053   0.857   0.000 03O000M000t
00043 ARG03A0254_043 f 0.00  0.000     0  0.00  0  0 -11.759   3.218   0.945   0.022   0.948   0.000 03T00DM000t
00044 ARG03A0254_044 f 0.00  0.000     0  0.00  0  0 -11.631   3.289   0.957   0.027   0.972   0.000 03T058M000t
00045 ARG03A0254_045 f 0.00  0.000     0  0.00  0  0 -10.952   3.928   2.803   0.045   0.900   0.000 03T01CM000t
00046 ARG03A0254_046 f 0.00  0.000     0  0.00  0  0  -9.804   3.085   0.984   0.022   0.834   0.000 03T024M000t
00047 ARG03A0254_047 f 0.00  0.000     0  0.00  0  0  -9.700   4.274   2.792   0.034   0.759   0.000 03T030M000t
00048 ARG03A0254_048 f 0.00  0.000     0  0.00  0  0 -10.747   3.811   2.799   0.032   0.833   0.000 03T034M000t
00049 ARG03A0254_049 f 0.00  0.000     0  0.00  0  0 -10.158   3.364   4.198   0.050   0.738   0.000 03T050M000t
00050 ARG03A0254_050 f 0.00  0.000     0  0.00  0  0 -11.316   3.302   0.990   0.034   0.558   0.000 03T051M000t
00051 ARG03A0254_051 f 0.00  0.000     0  0.00  0  0 -11.219   3.099   1.199   0.044   0.937   0.000 03T063M000t
00052 ARG03A0254_052 f 0.00  0.000     0  0.00  0  0 -10.818   5.454   3.611   0.062   0.613   0.000 03T069M000t
00053 ARG03A0254_053 f 0.00  0.000     0  0.00  0  0  -7.805   2.795   0.972   0.021   0.529   0.000 03T001M000t
00054 ARG03A0254_054 f 0.00  0.000     0  0.00  0  0  -9.813   3.377   3.719   0.025   0.691   0.000 03T00CM000t
00055 ARG03A0254_055 f 0.00  0.000     0  0.00  0  0 -10.213   5.595   0.927   0.038   0.660   0.000 03T02AM000t
00056 ARG03A0254_056 f 0.00  0.000     0  0.00  0  0 -11.347   4.440   5.779   0.200   0.540   0.000 03T044M000t
00057 ARG03A0254_057 f 0.00  0.000     0  0.00  0  0 -12.378   4.368   1.453   0.070   0.602   0.000 03T04BM000t
00058 ARG03A0254_058 f 0.00  0.000     0  0.00  0  0  -9.614   3.124   4.002   0.007   0.752   0.000 03T05FM000t
00059 ARG03A0254_059 f 0.00  0.000     0  0.00  0  0  -9.548   2.751   4.016   0.063   0.930   0.000 03T060M000t
00060 ARG03A0254_060 f 0.00  0.000     0  0.00  0  0 -10.140   4.009   5.573   0.045   0.605   0.000 03T083M000t
00061 ARG+1A0254_061 f 0.00  1.000     0 12.50  0  1  -6.152   2.772   1.361   0.424   0.073   0.000 +1O000M000t
00062 ARG+1A0254_062 f 0.00  1.000     0 12.50  0  1  -9.772   3.365   3.721   0.118  -0.114   0.000 +1E00CM000t
00063 ARG+1A0254_063 f 0.00  1.000     0 12.50  0  1 -11.792   3.218   0.946   0.114  -0.247   0.000 +1E00DM000t
00064 ARG+1A0254_064 f 0.00  1.000     0 12.50  0  1 -10.917   3.918   2.807   0.173  -0.127   0.000 +1E01CM000t
00065 ARG+1A0254_065 f 0.00  1.000     0 12.50  0  1  -9.830   3.082   0.984   0.083  -0.230   0.000 +1E024M000t
00066 ARG+1A0254_066 f 0.00  1.000     0 12.50  0  1 -10.228   5.616   0.929   0.247  -0.242   0.000 +1E02AM000t
00067 ARG+1A0254_067 f 0.00  1.000     0 12.50  0  1 -10.850   3.798   2.798   0.147  -0.062   0.000 +1E034M000t
00068 ARG+1A0254_068 f 0.00  1.000     0 12.50  0  1 -11.384   4.426   5.783   0.448  -0.233   0.000 +1E044M000t
00069 ARG+1A0254_069 f 0.00  1.000     0 12.50  0  1 -10.277   3.359   4.198   0.535   0.117   0.000 +1E050M000t
00070 ARG+1A0254_070 f 0.00  1.000     0 12.50  0  1 -11.249   3.299   0.989   0.129  -0.147   0.000 +1E051M000t
00071 ARG+1A0254_071 f 0.00  1.000     0 12.50  0  1  -9.570   2.756   4.018   0.223  -0.120   0.000 +1E060M000t
00072 ARG+1A0254_072 f 0.00  1.000     0 12.50  0  1 -11.062   5.476   3.621   0.162  -0.214   0.000 +1E069M000t
00073 ARG+1A0254_073 f 0.00  1.000     0 12.50  0  1 -11.059   4.275   5.304   0.150  -0.281   0.000 +1E07EM000t
00074 ARG+1A0254_074 f 0.00  1.000     0 12.50  0  1 -10.131   4.020   5.592   0.227  -0.213   0.000 +1E083M000t
00075 ARG+1A0254_075 f 0.00  1.000     0 12.50  0  1  -7.823   2.783   0.975   0.094  -0.505   0.000 +1T001M000t
00076 ARG+1A0254_076 f 0.00  1.000     0 12.50  0  1  -9.749   4.277   2.796   0.182   0.001   0.000 +1T030M000t
00077 ARG+1A0254_077 f 0.00  1.000     0 12.50  0  1 -12.475   4.358   1.454   0.264  -0.213   0.000 +1T04BM000t
00078 ARG+1A0254_078 f 0.00  1.000     0 12.50  0  1 -11.675   3.279   0.960   0.117  -0.366   0.000 +1T058M000t
00079 ARG+1A0254_079 f 0.00  1.000     0 12.50  0  1  -9.669   3.123   4.003   0.145  -0.175   0.000 +1T05FM000t
00080 ARG+1A0254_080 f 0.00  1.000     0 12.50  0  1 -11.326   3.100   1.199   0.154  -0.156   0.000 +1T063M000t
