CONFORMER         crg  vdw0  vdw1  tors  epol  self   occ  Hb     history    ASA
ARG01A0254_001  0.000 -6.08  2.77  1.36  0.00 -1.94 0.504  00  01O000M000  1.000
ARG01A0254_002  0.000 -9.80  3.31  3.79  0.00 -2.70 0.505  00  01E00CM000  1.000
ARG01A0254_003  0.000-11.07  3.78  2.79  0.00 -4.50 0.504  00  01E01CM000  1.000
ARG01A0254_004  0.000 -9.64  3.14  1.02  0.00 -5.48 0.504  00  01E024M000  1.000
ARG01A0254_005  0.000 -9.59  4.30  2.80  0.00 -2.49 0.503  00  01E030M000  1.000
ARG01A0254_006  0.000-11.65  3.33  0.95  0.00 -7.36 0.504  00  01E058M000  1.000
ARG01A0254_007  0.000-10.93  5.48  3.62  0.00 -1.82 0.505  00  01E069M000  1.000
ARG01A0254_008  0.000 -7.87  2.79  0.98  0.00 -4.10 0.503  00  01T001M000  1.000
ARG01A0254_009  0.000-11.74  3.29  0.94  0.00 -7.52 0.503  00  01T00DM000  1.000
ARG01A0254_010  0.000 -9.90  5.46  1.01  0.00 -3.44 0.505  00  01T02AM000  1.000
ARG01A0254_011  0.000-10.66  3.78  2.84  0.00 -4.04 0.504  00  01T034M000  1.000
ARG01A0254_012  0.000-11.26  4.41  5.79  0.00 -1.06 0.503  00  01T044M000  1.000
ARG01A0254_013  0.000-12.19  4.20  1.50  0.00 -6.50 0.503  00  01T04BM000  1.000
ARG01A0254_014  0.000-10.22  3.41  4.19  0.00 -2.61 0.503  00  01T050M000  1.000
ARG01A0254_015  0.000-11.51  3.21  1.10  0.00 -7.21 0.503  00  01T051M000  1.000
ARG01A0254_016  0.000 -9.60  3.13  4.00  0.00 -2.47 0.504  00  01T05FM000  1.000
ARG01A0254_017  0.000 -9.59  2.76  4.00  0.00 -2.82 0.504  00  01T060M000  1.000
ARG01A0254_018  0.000-11.05  3.08  1.19  0.00 -6.78 0.504  00  01T063M000  1.000
ARG01A0254_019  0.000-11.24  4.41  5.65  0.00 -1.18 0.503  00  01T07EM000  1.000
ARG01A0254_020  0.000 -9.78  3.89  5.53  0.00 -0.36 0.503  00  01T083M000  1.000
ARG02A0254_021  0.000 -6.08  2.78  1.36  0.00 -1.94 0.504  00  02O000M000  1.000
ARG02A0254_022  0.000 -9.71  3.08  0.98  0.00 -5.65 0.504  00  02E024M000  1.000
ARG02A0254_023  0.000-12.38  4.36  1.45  0.00 -6.57 0.503  00  02E04BM000  1.000
ARG02A0254_024  0.000-10.24  3.37  4.19  0.00 -2.68 0.503  00  02E050M000  1.000
ARG02A0254_025  0.000-11.01  5.50  3.63  0.00 -1.89 0.505  00  02E069M000  1.000
ARG02A0254_026  0.000 -9.51  3.12  3.98  0.00 -2.41 0.504  00  02E05FM000  1.000
ARG02A0254_027  0.000-10.17  5.61  0.93  0.00 -3.63 0.505  00  02T02AM000  1.000
ARG02A0254_028  0.000-11.33  4.43  5.78  0.00 -1.13 0.503  00  02T044M000  1.000
ARG02A0254_029  0.000-11.28  3.09  1.19  0.00 -6.99 0.504  00  02T063M000  1.000
ARG02A0254_030  0.000 -9.82  4.28  2.79  0.00 -2.75 0.503  00  02T030M000  1.000
ARG02A0254_031  0.000 -9.42  2.77  4.01  0.00 -2.64 0.504  00  02T060M000  1.000
ARG02A0254_032  0.000-11.09  4.26  5.26  0.00 -1.57 0.503  00  02T07EM000  1.000
ARG02A0254_033  0.000-10.04  4.02  5.59  0.00 -0.42 0.503  00  02T083M000  1.000
ARG02A0254_034  0.000 -7.96  2.80  0.98  0.00 -4.18 0.503  00  02T001M000  1.000
ARG02A0254_035  0.000 -9.80  3.38  3.72  0.00 -2.71 0.505  00  02T00CM000  1.000
ARG02A0254_036  0.000-11.74  3.23  0.95  0.00 -7.57 0.503  00  02T00DM000  1.000
ARG02A0254_037  0.000-10.85  3.91  2.80  0.00 -4.13 0.504  00  02T01CM000  1.000
ARG02A0254_038  0.000-10.70  3.79  2.79  0.00 -4.13 0.504  00  02T034M000  1.000
ARG02A0254_039  0.000-11.33  3.31  0.98  0.00 -7.04 0.503  00  02T051M000  1.000
ARG02A0254_040  0.000-11.53  3.28  0.96  0.00 -7.29 0.504  00  02T058M000  1.000
ARG03A0254_041  0.000-11.06  4.26  5.29  0.00 -1.51 0.503  00  03E07EM000  1.000
ARG03A0254_042  0.000 -6.10  2.77  1.36  0.00 -1.97 0.504  00  03O000M000  1.000
ARG03A0254_043  0.000-11.76  3.22  0.94  0.00 -7.59 0.503  00  03T00DM000  1.000
ARG03A0254_044  0.000-11.63  3.28  0.96  0.00 -7.40 0.504  00  03T058M000  1.000
ARG03A0254_045  0.000-10.88  3.92  2.80  0.00 -4.16 0.504  00  03T01CM000  1.000
ARG03A0254_046  0.000 -9.80  3.09  0.98  0.00 -5.73 0.504  00  03T024M000  1.000
ARG03A0254_047  0.000 -9.76  4.27  2.79  0.00 -2.69 0.503  00  03T030M000  1.000
ARG03A0254_048  0.000-10.74  3.81  2.80  0.00 -4.14 0.504  00  03T034M000  1.000
ARG03A0254_049  0.000-10.16  3.37  4.20  0.00 -2.60 0.503  00  03T050M000  1.000
ARG03A0254_050  0.000-11.31  3.30  0.99  0.00 -7.02 0.503  00  03T051M000  1.000
ARG03A0254_051  0.000-11.28  3.10  1.20  0.00 -6.98 0.504  00  03T063M000  1.000
ARG03A0254_052  0.000-10.82  5.45  3.61  0.00 -1.76 0.505  00  03T069M000  1.000
ARG03A0254_053  0.000 -7.80  2.79  0.97  0.00 -4.03 0.503  00  03T001M000  1.000
ARG03A0254_054  0.000 -9.81  3.38  3.72  0.00 -2.72 0.505  00  03T00CM000  1.000
ARG03A0254_055  0.000-10.15  5.59  0.93  0.00 -3.63 0.505  00  03T02AM000  1.000
ARG03A0254_056  0.000-11.34  4.43  5.78  0.00 -1.13 0.503  00  03T044M000  1.000
ARG03A0254_057  0.000-12.38  4.37  1.45  0.00 -6.56 0.503  00  03T04BM000  1.000
ARG03A0254_058  0.000 -9.61  3.12  4.00  0.00 -2.49 0.504  00  03T05FM000  1.000
ARG03A0254_059  0.000 -9.55  2.75  4.01  0.00 -2.78 0.504  00  03T060M000  1.000
ARG03A0254_060  0.000-10.14  4.01  5.57  0.00 -0.55 0.503  00  03T083M000  1.000
ARG+1A0254_061  1.000 -6.15  2.77  1.36  0.00 -2.02 0.504  00  +1O000M000  1.000
ARG+1A0254_062  1.000 -9.78  3.37  3.72  0.00 -2.69 0.505  00  +1E00CM000  1.000
ARG+1A0254_063  1.000-11.79  3.22  0.95  0.00 -7.62 0.503  00  +1E00DM000  1.000
ARG+1A0254_064  1.000-10.92  3.92  2.81  0.00 -4.20 0.504  00  +1E01CM000  1.000
ARG+1A0254_065  1.000 -9.83  3.08  0.98  0.00 -5.77 0.504  00  +1E024M000  1.000
ARG+1A0254_066  1.000-10.23  5.62  0.93  0.00 -3.68 0.505  00  +1E02AM000  1.000
ARG+1A0254_067  1.000-10.85  3.80  2.80  0.00 -4.25 0.504  00  +1E034M000  1.000
ARG+1A0254_068  1.000-11.38  4.42  5.78  0.00 -1.17 0.503  00  +1E044M000  1.000
ARG+1A0254_069  1.000-10.28  3.36  4.20  0.00 -2.72 0.503  00  +1E050M000  1.000
ARG+1A0254_070  1.000-11.25  3.29  0.99  0.00 -6.97 0.503  00  +1E051M000  1.000
ARG+1A0254_071  1.000 -9.53  2.75  4.02  0.00 -2.76 0.504  00  +1E060M000  1.000
ARG+1A0254_072  1.000-11.07  5.48  3.62  0.00 -1.97 0.505  00  +1E069M000  1.000
ARG+1A0254_073  1.000-11.06  4.27  5.30  0.00 -1.49 0.503  00  +1E07EM000  1.000
ARG+1A0254_074  1.000-10.12  4.02  5.59  0.00 -0.51 0.503  00  +1E083M000  1.000
ARG+1A0254_075  1.000 -7.83  2.78  0.97  0.00 -4.07 0.503  00  +1T001M000  1.000
ARG+1A0254_076  1.000 -9.75  4.28  2.80  0.00 -2.67 0.503  00  +1T030M000  1.000
ARG+1A0254_077  1.000-12.47  4.36  1.45  0.00 -6.66 0.503  00  +1T04BM000  1.000
ARG+1A0254_078  1.000-11.67  3.27  0.96  0.00 -7.44 0.504  00  +1T058M000  1.000
ARG+1A0254_079  1.000 -9.66  3.12  4.00  0.00 -2.53 0.504  00  +1T05FM000  1.000
ARG+1A0254_080  1.000-11.32  3.10  1.20  0.00 -7.03 0.504  00  +1T063M000  1.000
