   confID        vdw0    sas     sum
ARG01A0254_001   7.765 -13.847  -6.082
ARG01A0254_002   4.180 -13.987  -9.808
ARG01A0254_003   3.328 -14.400 -11.073
ARG01A0254_004   4.715 -14.358  -9.643
ARG01A0254_005   4.867 -14.470  -9.604
ARG01A0254_006   2.703 -14.353 -11.650
ARG01A0254_007   3.739 -14.662 -10.922
ARG01A0254_008   5.858 -13.725  -7.867
ARG01A0254_009   2.886 -14.614 -11.728
ARG01A0254_010   4.675 -14.569  -9.894
ARG01A0254_011   3.315 -14.021 -10.706
ARG01A0254_012   3.579 -14.832 -11.253
ARG01A0254_013   2.886 -15.066 -12.180
ARG01A0254_014   4.153 -14.359 -10.206
ARG01A0254_015   2.783 -14.293 -11.510
ARG01A0254_016   4.914 -14.455  -9.541
ARG01A0254_017   4.314 -13.830  -9.516
ARG01A0254_018   2.937 -13.994 -11.057
ARG01A0254_019   3.196 -14.391 -11.194
ARG01A0254_020   4.499 -14.275  -9.776
ARG02A0254_021   7.754 -13.847  -6.093
ARG02A0254_022   4.529 -14.242  -9.713
ARG02A0254_023   2.655 -15.031 -12.376
ARG02A0254_024   4.120 -14.359 -10.239
ARG02A0254_025   3.669 -14.678 -11.009
ARG02A0254_026   4.879 -14.391  -9.512
ARG02A0254_027   4.469 -14.637 -10.168
ARG02A0254_028   3.496 -14.832 -11.336
ARG02A0254_029   2.941 -14.206 -11.265
ARG02A0254_030   4.845 -14.602  -9.757
ARG02A0254_031   4.393 -13.765  -9.372
ARG02A0254_032   3.474 -14.571 -11.097
ARG02A0254_033   4.309 -14.349 -10.040
ARG02A0254_034   5.769 -13.738  -7.969
ARG02A0254_035   4.205 -13.952  -9.747
ARG02A0254_036   3.010 -14.736 -11.727
ARG02A0254_037   3.465 -14.320 -10.855
ARG02A0254_038   3.392 -14.101 -10.709
ARG02A0254_039   2.858 -14.194 -11.336
ARG02A0254_040   2.815 -14.340 -11.525
ARG03A0254_041   3.499 -14.554 -11.055
ARG03A0254_042   7.740 -13.847  -6.107
ARG03A0254_043   2.929 -14.688 -11.759
ARG03A0254_044   2.709 -14.340 -11.631
ARG03A0254_045   3.432 -14.384 -10.952
ARG03A0254_046   4.505 -14.309  -9.804
ARG03A0254_047   4.838 -14.538  -9.700
ARG03A0254_048   3.289 -14.037 -10.747
ARG03A0254_049   4.137 -14.295 -10.158
ARG03A0254_050   2.871 -14.187 -11.316
ARG03A0254_051   2.922 -14.142 -11.219
ARG03A0254_052   3.715 -14.533 -10.818
ARG03A0254_053   5.868 -13.673  -7.805
ARG03A0254_054   4.139 -13.952  -9.813
ARG03A0254_055   4.424 -14.637 -10.213
ARG03A0254_056   3.485 -14.832 -11.347
ARG03A0254_057   2.653 -15.031 -12.378
ARG03A0254_058   4.906 -14.520  -9.614
ARG03A0254_059   4.282 -13.830  -9.548
ARG03A0254_060   4.276 -14.416 -10.140
ARG+1A0254_061   7.694 -13.847  -6.152
ARG+1A0254_062   4.112 -13.884  -9.772
ARG+1A0254_063   2.896 -14.688 -11.792
ARG+1A0254_064   3.403 -14.320 -10.917
ARG+1A0254_065   4.479 -14.309  -9.830
ARG+1A0254_066   4.409 -14.637 -10.228
ARG+1A0254_067   3.251 -14.101 -10.850
ARG+1A0254_068   3.448 -14.832 -11.384
ARG+1A0254_069   4.082 -14.359 -10.277
ARG+1A0254_070   2.813 -14.062 -11.249
ARG+1A0254_071   4.243 -13.813  -9.570
ARG+1A0254_072   3.663 -14.726 -11.062
ARG+1A0254_073   3.448 -14.506 -11.059
ARG+1A0254_074   4.218 -14.349 -10.131
ARG+1A0254_075   5.850 -13.673  -7.823
ARG+1A0254_076   4.789 -14.538  -9.749
ARG+1A0254_077   2.607 -15.083 -12.475
ARG+1A0254_078   2.665 -14.340 -11.675
ARG+1A0254_079   4.851 -14.520  -9.669
ARG+1A0254_080   2.880 -14.206 -11.326
