CONFORMER         crg  vdw0  vdw1  tors  epol  self   occ  Hb     history    ASA
PHE01A0130_001  0.000 -9.76 -0.23  0.50  0.00 -9.48 0.525  00  01O000M000  1.000
PHE01A0130_002  0.000 -9.97  0.53  0.50  0.00 -8.94 0.522  00  01R002M000  1.000
PHE01A0130_003  0.000-10.05  1.03  0.50  0.00 -8.51 0.525  00  01R004M000  1.000
PHE01A0130_004  0.000-10.01  0.30  2.30  0.00 -7.41 0.524  00  01R005M000  1.000
PHE01A0130_005  0.000-10.10  5.20  0.42  0.00 -4.47 0.522  00  01R006M000  1.000
PHE01A0130_006  0.000-10.02 -0.31  0.50  0.00 -9.83 0.526  00  01R008M000  1.000
PHE01A0130_007  0.000 -9.72  1.64  2.30  0.00 -5.78 0.522  00  01R00BM000  1.000
PHE01A0130_008  0.000 -8.88  0.04  0.50  0.00 -8.34 0.524  00  01R00CM000  1.000
PHE01A0130_009  0.000-10.26  2.67  0.43  0.00 -7.16 0.521  00  01R00EM000  1.000
PHE01A0130_010  0.000 -9.46  0.49  0.50  0.00 -8.47 0.526  00  01R00FM000  1.000
PHE01A0130_011  0.000 -9.80  4.74  0.42  0.00 -4.63 0.524  00  01R010M000  1.000
PHE01A0130_012  0.000-10.58  3.34  2.21  0.00 -5.03 0.525  00  01R011M000  1.000
PHE01A0130_013  0.000 -9.65  0.28  2.30  0.00 -7.07 0.523  00  01R013M000  1.000
PHE01A0130_014  0.000 -9.79  1.99  2.28  0.00 -5.53 0.523  00  01T001M000  1.000
PHE01A0130_015  0.000 -9.29  2.25  2.25  0.00 -4.78 0.521  00  01T003M000  1.000
PHE01A0130_016  0.000 -9.76  5.53  0.50  0.00 -3.73 0.520  00  01T007M000  1.000
PHE01A0130_017  0.000-10.35  6.07  0.41  0.00 -3.86 0.524  00  01T009M000  1.000
PHE01A0130_018  0.000-10.80  8.40  0.52  0.00 -1.88 0.526  00  01T00AM000  1.000
PHE01A0130_019  0.000-10.09  5.13  2.24  0.00 -2.72 0.524  00  01T012M000  1.000
PHE01A0130_020  0.000 -9.85  2.97  2.23  0.00 -4.66 0.524  00  01T014M000  1.000
