iConf CONFORMER     FL  occ    crg   Em0  pKa0 ne nH    vdw0    vdw1    tors    epol   dsolv   extra    history
00001 PHE01A0130_001 f 0.00  0.000     0  0.00  0  0  -9.757  -0.228   0.504   0.000   0.000   0.000 01O000M000t
00002 PHE01A0130_002 f 0.00  0.000     0  0.00  0  0  -9.970   0.525   0.503   0.000   0.000   0.000 01R002M000t
00003 PHE01A0130_003 f 0.00  0.000     0  0.00  0  0 -10.044   1.038   0.504   0.000   0.000   0.000 01R004M000t
00004 PHE01A0130_004 f 0.00  0.000     0  0.00  0  0 -10.016   0.302   2.296   0.000   0.000   0.000 01R005M000t
00005 PHE01A0130_005 f 0.00  0.000     0  0.00  0  0 -10.095   5.183   0.421   0.000   0.000   0.000 01R006M000t
00006 PHE01A0130_006 f 0.00  0.000     0  0.00  0  0 -10.017  -0.309   0.504   0.000   0.000   0.000 01R008M000t
00007 PHE01A0130_007 f 0.00  0.000     0  0.00  0  0  -9.710   1.642   2.296   0.000   0.000   0.000 01R00BM000t
00008 PHE01A0130_008 f 0.00  0.000     0  0.00  0  0  -8.878   0.035   0.503   0.000   0.000   0.000 01R00CM000t
00009 PHE01A0130_009 f 0.00  0.000     0  0.00  0  0 -10.250   2.676   0.427   0.000   0.000   0.000 01R00EM000t
00010 PHE01A0130_010 f 0.00  0.000     0  0.00  0  0  -9.455   0.490   0.504   0.000   0.000   0.000 01R00FM000t
00011 PHE01A0130_011 f 0.00  0.000     0  0.00  0  0  -9.794   4.738   0.424   0.000   0.000   0.000 01R010M000t
00012 PHE01A0130_012 f 0.00  0.000     0  0.00  0  0 -10.588   3.348   2.210   0.000   0.000   0.000 01R011M000t
00013 PHE01A0130_013 f 0.00  0.000     0  0.00  0  0  -9.638   0.281   2.296   0.000   0.000   0.000 01R013M000t
00014 PHE01A0130_014 f 0.00  0.000     0  0.00  0  0  -9.793   1.985   2.279   0.000   0.000   0.000 01T001M000t
00015 PHE01A0130_015 f 0.00  0.000     0  0.00  0  0  -9.213   2.255   2.252   0.000   0.000   0.000 01T003M000t
00016 PHE01A0130_016 f 0.00  0.000     0  0.00  0  0  -9.754   5.528   0.503   0.000   0.000   0.000 01T007M000t
00017 PHE01A0130_017 f 0.00  0.000     0  0.00  0  0 -10.354   6.051   0.415   0.000   0.000   0.000 01T009M000t
00018 PHE01A0130_018 f 0.00  0.000     0  0.00  0  0 -10.800   8.377   0.520   0.000   0.000   0.000 01T00AM000t
00019 PHE01A0130_019 f 0.00  0.000     0  0.00  0  0 -10.093   5.114   2.245   0.000   0.000   0.000 01T012M000t
00020 PHE01A0130_020 f 0.00  0.000     0  0.00  0  0  -9.849   2.961   2.227   0.000   0.000   0.000 01T014M000t
