   confID        vdw0    sas     sum
PHE01A0130_001   4.057 -13.814  -9.757
PHE01A0130_002   4.055 -14.024  -9.970
PHE01A0130_003   4.059 -14.103 -10.044
PHE01A0130_004   4.051 -14.068 -10.016
PHE01A0130_005   3.974 -14.070 -10.095
PHE01A0130_006   4.186 -14.203 -10.017
PHE01A0130_007   4.190 -13.900  -9.710
PHE01A0130_008   4.182 -13.059  -8.878
PHE01A0130_009   3.923 -14.174 -10.250
PHE01A0130_010   4.191 -13.646  -9.455
PHE01A0130_011   3.908 -13.702  -9.794
PHE01A0130_012   3.938 -14.526 -10.588
PHE01A0130_013   4.191 -13.829  -9.638
PHE01A0130_014   4.057 -13.850  -9.793
PHE01A0130_015   4.065 -13.278  -9.213
PHE01A0130_016   3.911 -13.666  -9.754
PHE01A0130_017   3.885 -14.239 -10.354
PHE01A0130_018   3.897 -14.697 -10.800
PHE01A0130_019   3.940 -14.033 -10.093
PHE01A0130_020   3.867 -13.716  -9.849
