CONFORMER         crg  vdw0  vdw1  tors  epol  self   occ  Hb     history    ASA
LYS01A0220_001  0.000 -7.41 94.23  2.57  0.00 89.39 0.000  00  01O000M000  1.000
LYS01A0220_002  0.000 -5.25  0.20  3.12  0.00 -1.93 0.501  00  01E01BM000  1.000
LYS01A0220_003  0.000 -9.05  0.39  2.52  0.00 -6.15 0.502  00  01E020M000  1.000
LYS01A0220_004  0.000 -9.09  1.03  2.96  0.00 -5.10 0.502  00  01E023M000  1.000
LYS01A0220_005  0.000-10.06  5.79  2.42  0.00 -1.85 0.502  00  01E042M000  1.000
LYS01A0220_006  0.000 -9.72  1.61  4.53  0.00 -3.58 0.502  00  01E059M000  1.000
LYS01A0220_007  0.000 -9.37  1.44  5.71  0.00 -2.22 0.502  00  01E0C1M000  1.000
LYS01A0220_008  0.000 -6.65  2.12  3.11  0.00 -1.42 0.501  00  01E12BM000  1.000
LYS01A0220_009  0.000 -9.45  1.13  5.07  0.00 -3.24 0.501  00  01E137M000  1.000
LYS01A0220_010  0.000 -7.64 11.24  2.29  0.00  5.88 0.000  00  01X000M000  1.000
LYS01A0220_011  0.000 -9.10  2.40  3.04  0.00 -3.67 0.502  00  01T02DM000  1.000
LYS01A0220_012  0.000-10.12  1.76  1.64  0.00 -6.73 0.502  00  01T030M000  1.000
LYS01A0220_013  0.000 -9.93  1.09  1.75  0.00 -7.09 0.502  00  01T061M000  1.000
LYS01A0220_014  0.000-10.61  2.81  2.62  0.00 -5.19 0.501  00  01T065M000  1.000
LYS01A0220_015  0.000 -9.01  2.63  2.72  0.00 -3.66 0.501  00  01T082M000  1.000
LYS01A0220_016  0.000 -9.69  2.76  2.05  0.00 -4.87 0.502  00  01T086M000  1.000
LYS01A0220_017  0.000-10.16  0.60  5.31  0.00 -4.25 0.502  00  01T093M000  1.000
LYS01A0220_018  0.000 -6.70  0.27  2.52  0.00 -3.91 0.502  00  01T0B6M000  1.000
LYS01A0220_019  0.000-11.25  3.75  5.20  0.00 -2.31 0.502  00  01T0E4M000  1.000
LYS01A0220_020  0.000-11.09  1.82  4.38  0.00 -4.90 0.502  00  01T0F7M000  1.000
LYS01A0220_021  0.000-11.76  2.37  2.01  0.00 -7.38 0.501  00  01T11AM000  1.000
LYS+1A0220_022  1.000 -7.50 94.22  2.57  0.00 89.29 0.000  00  +1O000M000  1.000
LYS+1A0220_023  1.000 -5.36  0.15  3.13  0.00 -2.09 0.501  00  +1E01BM000  1.000
LYS+1A0220_024  1.000 -9.23  2.41  3.04  0.00 -3.78 0.502  00  +1E02DM000  1.000
LYS+1A0220_025  1.000-10.20  1.76  1.65  0.00 -6.79 0.502  00  +1E030M000  1.000
LYS+1A0220_026  1.000-10.27  5.83  2.43  0.00 -2.00 0.502  00  +1E042M000  1.000
LYS+1A0220_027  1.000 -9.99  1.09  1.74  0.00 -7.16 0.502  00  +1E061M000  1.000
LYS+1A0220_028  1.000 -8.86  2.65  2.74  0.00 -3.48 0.501  00  +1E082M000  1.000
LYS+1A0220_029  1.000 -9.77  2.77  2.06  0.00 -4.94 0.502  00  +1E086M000  1.000
LYS+1A0220_030  1.000-10.10  0.60  5.32  0.00 -4.17 0.502  00  +1E093M000  1.000
LYS+1A0220_031  1.000-11.37  3.84  5.22  0.00 -2.31 0.502  00  +1E0E4M000  1.000
LYS+1A0220_032  1.000-11.15  1.82  4.39  0.00 -4.94 0.502  00  +1E0F7M000  1.000
LYS+1A0220_033  1.000 -9.50  1.14  5.08  0.00 -3.29 0.501  00  +1E137M000  1.000
LYS+1A0220_034  1.000 -7.92 11.88  2.29  0.00  6.25 0.000  00  +1X000M000  1.000
LYS+1A0220_035  1.000 -9.11  0.39  2.53  0.00 -6.19 0.502  00  +1T020M000  1.000
LYS+1A0220_036  1.000 -9.14  1.03  2.97  0.00 -5.14 0.502  00  +1T023M000  1.000
LYS+1A0220_037  1.000 -9.78  1.61  4.53  0.00 -3.63 0.502  00  +1T059M000  1.000
LYS+1A0220_038  1.000-10.67  2.86  2.62  0.00 -5.19 0.501  00  +1T065M000  1.000
LYS+1A0220_039  1.000 -6.73  0.26  2.52  0.00 -3.95 0.502  00  +1T0B6M000  1.000
LYS+1A0220_040  1.000 -9.42  1.43  5.70  0.00 -2.29 0.502  00  +1T0C1M000  1.000
LYS+1A0220_041  1.000-11.81  2.37  2.01  0.00 -7.42 0.501  00  +1T11AM000  1.000
LYS+1A0220_042  1.000 -6.87  2.16  3.12  0.00 -1.59 0.501  00  +1T12BM000  1.000
