   confID        vdw0    sas     sum
LYS01A0220_001   4.228 -11.637  -7.409
LYS01A0220_002   6.986 -12.256  -5.271
LYS01A0220_003   3.013 -12.065  -9.052
LYS01A0220_004   3.064 -12.149  -9.085
LYS01A0220_005   2.186 -12.245 -10.059
LYS01A0220_006   2.640 -12.358  -9.718
LYS01A0220_007   3.328 -12.695  -9.367
LYS01A0220_008   5.747 -12.392  -6.645
LYS01A0220_009   2.908 -12.350  -9.443
LYS01A0220_010   4.401 -12.056  -7.655
LYS01A0220_011   2.934 -12.037  -9.103
LYS01A0220_012   2.237 -12.355 -10.118
LYS01A0220_013   2.261 -12.131  -9.871
LYS01A0220_014   1.733 -12.347 -10.614
LYS01A0220_015   3.026 -12.082  -9.056
LYS01A0220_016   2.214 -11.901  -9.687
LYS01A0220_017   2.338 -12.495 -10.157
LYS01A0220_018   5.143 -11.834  -6.690
LYS01A0220_019   1.298 -12.550 -11.252
LYS01A0220_020   1.516 -12.608 -11.092
LYS01A0220_021   0.925 -12.685 -11.760
LYS+1A0220_022   4.133 -11.637  -7.505
LYS+1A0220_023   6.903 -12.253  -5.350
LYS+1A0220_024   2.798 -11.998  -9.200
LYS+1A0220_025   2.119 -12.316 -10.197
LYS+1A0220_026   2.104 -12.373 -10.269
LYS+1A0220_027   2.239 -12.234  -9.996
LYS+1A0220_028   2.927 -11.792  -8.865
LYS+1A0220_029   2.127 -11.901  -9.773
LYS+1A0220_030   2.274 -12.376 -10.102
LYS+1A0220_031   1.239 -12.614 -11.375
LYS+1A0220_032   1.458 -12.608 -11.150
LYS+1A0220_033   2.849 -12.350  -9.501
LYS+1A0220_034   4.190 -12.107  -7.917
LYS+1A0220_035   2.948 -12.065  -9.117
LYS+1A0220_036   3.001 -12.149  -9.148
LYS+1A0220_037   2.585 -12.358  -9.773
LYS+1A0220_038   1.685 -12.360 -10.675
LYS+1A0220_039   5.137 -11.863  -6.725
LYS+1A0220_040   3.273 -12.695  -9.422
LYS+1A0220_041   0.878 -12.685 -11.807
LYS+1A0220_042   5.716 -12.579  -6.863
