iConf CONFORMER     FL  occ    crg   Em0  pKa0 ne nH    vdw0    vdw1    tors    epol   dsolv   extra    history
00001 LYS01A0169_001 f 0.00  0.000     0  0.00  0  0 -11.860   0.536   0.896  -0.007   0.060   0.000 01O000M000t
00002 LYS01A0169_002 f 0.00  0.000     0  0.00  0  0 -10.784   4.162   3.592  -0.012  -0.228   0.000 01E019M000t
00003 LYS01A0169_003 f 0.00  0.000     0  0.00  0  0 -10.531   2.375   0.866  -0.008   0.109   0.000 01E05FM000t
00004 LYS01A0169_004 f 0.00  0.000     0  0.00  0  0 -10.610   2.473   4.178   0.000   0.077   0.000 01E07CM000t
00005 LYS01A0169_005 f 0.00  0.000     0  0.00  0  0  -9.216   1.446   6.264  -0.027  -0.184   0.000 01E0D9M000t
00006 LYS01A0169_006 f 0.00  0.000     0  0.00  0  0  -9.920   1.584   6.821  -0.017   0.021   0.000 01E0DDM000t
00007 LYS01A0169_007 f 0.00  0.000     0  0.00  0  0  -9.132   0.540   4.255  -0.030   0.099   0.000 01E0E7M000t
00008 LYS01A0169_008 f 0.00  0.000     0  0.00  0  0 -10.250   2.318   6.939  -0.016   0.048   0.000 01E155M000t
00009 LYS01A0169_009 f 0.00  0.000     0  0.00  0  0  -8.849   2.019   4.192  -0.023   0.118   0.000 01E15BM000t
00010 LYS01A0169_010 f 0.00  0.000     0  0.00  0  0 -11.570   0.907   0.843  -0.012  -0.037   0.000 01T004M000t
00011 LYS01A0169_011 f 0.00  0.000     0  0.00  0  0 -10.225   1.735   4.252  -0.069  -0.155   0.000 01T049M000t
00012 LYS01A0169_012 f 0.00  0.000     0  0.00  0  0 -10.593   2.304   4.072   0.011  -0.023   0.000 01T083M000t
00013 LYS01A0169_013 f 0.00  0.000     0  0.00  0  0 -10.067   0.403   3.650  -0.005   0.062   0.000 01T0A7M000t
00014 LYS01A0169_014 f 0.00  0.000     0  0.00  0  0  -9.657   2.139   0.936  -0.030   0.110   0.000 01T0BCM000t
00015 LYS01A0169_015 f 0.00  0.000     0  0.00  0  0  -9.542   0.712   3.671  -0.013   0.085   0.000 01T0CCM000t
00016 LYS01A0169_016 f 0.00  0.000     0  0.00  0  0  -7.467   0.582   4.862  -0.016   0.051   0.000 01T0EEM000t
00017 LYS01A0169_017 f 0.00  0.000     0  0.00  0  0  -9.994   1.285   1.002  -0.049   0.024   0.000 01T0F4M000t
00018 LYS01A0169_018 f 0.00  0.000     0  0.00  0  0  -7.037   2.388   2.158  -0.014  -0.067   0.000 01T108M000t
00019 LYS01A0169_019 f 0.00  0.000     0  0.00  0  0  -7.151   0.804   4.871  -0.028  -0.174   0.000 01T122M000t
00020 LYS01A0169_020 f 0.00  0.000     0  0.00  0  0  -7.336   1.089   4.664  -0.015  -0.156   0.000 01T13AM000t
00021 LYS+1A0169_021 f 0.00  1.000     0 10.40  0  1 -11.905   0.535   0.896   0.036  -0.384   0.000 +1O000M000t
00022 LYS+1A0169_022 f 0.00  1.000     0 10.40  0  1 -11.615   0.904   0.844   0.046  -0.369   0.000 +1E004M000t
00023 LYS+1A0169_023 f 0.00  1.000     0 10.40  0  1 -10.816   4.157   3.598   0.057  -0.344   0.000 +1E019M000t
00024 LYS+1A0169_024 f 0.00  1.000     0 10.40  0  1 -10.601   2.373   0.866  -0.043   0.030   0.000 +1E05FM000t
00025 LYS+1A0169_025 f 0.00  1.000     0 10.40  0  1 -10.661   2.486   4.184  -0.040  -0.217   0.000 +1E07CM000t
00026 LYS+1A0169_026 f 0.00  1.000     0 10.40  0  1 -10.631   2.277   4.112  -0.148  -0.088   0.000 +1E083M000t
00027 LYS+1A0169_027 f 0.00  1.000     0 10.40  0  1  -7.521   0.584   4.881   0.089  -0.146   0.000 +1E0EEM000t
00028 LYS+1A0169_028 f 0.00  1.000     0 10.40  0  1 -10.136   1.303   1.006   0.181   0.016   0.000 +1E0F4M000t
00029 LYS+1A0169_029 f 0.00  1.000     0 10.40  0  1  -7.262   0.800   4.889   0.119  -0.208   0.000 +1E122M000t
00030 LYS+1A0169_030 f 0.00  1.000     0 10.40  0  1 -10.362   2.337   6.962   0.094  -0.309   0.000 +1E155M000t
00031 LYS+1A0169_031 f 0.00  1.000     0 10.40  0  1  -8.850   2.016   4.194   0.067  -0.116   0.000 +1E15BM000t
00032 LYS+1A0169_032 f 0.00  1.000     0 10.40  0  1 -10.298   1.730   4.257   0.301  -0.167   0.000 +1T049M000t
00033 LYS+1A0169_033 f 0.00  1.000     0 10.40  0  1 -10.136   0.399   3.654   0.028  -0.243   0.000 +1T0A7M000t
00034 LYS+1A0169_034 f 0.00  1.000     0 10.40  0  1  -9.749   2.128   0.941   0.030   0.235   0.000 +1T0BCM000t
00035 LYS+1A0169_035 f 0.00  1.000     0 10.40  0  1  -9.565   0.717   3.677   0.048  -0.041   0.000 +1T0CCM000t
00036 LYS+1A0169_036 f 0.00  1.000     0 10.40  0  1  -9.354   1.444   6.282   0.037  -0.334   0.000 +1T0D9M000t
00037 LYS+1A0169_037 f 0.00  1.000     0 10.40  0  1  -9.849   1.587   6.831   0.047  -0.110   0.000 +1T0DDM000t
00038 LYS+1A0169_038 f 0.00  1.000     0 10.40  0  1  -9.304   0.535   4.282   0.128  -0.190   0.000 +1T0E7M000t
00039 LYS+1A0169_039 f 0.00  1.000     0 10.40  0  1  -7.096   2.379   2.159  -0.035   0.075   0.000 +1T108M000t
00040 LYS+1A0169_040 f 0.00  1.000     0 10.40  0  1  -7.265   1.096   4.706   0.068  -0.219   0.000 +1T13AM000t
