   confID        vdw0    sas     sum
LYS01A0169_001   0.689 -12.549 -11.860
LYS01A0169_002   1.623 -12.408 -10.784
LYS01A0169_003   1.289 -11.821 -10.531
LYS01A0169_004   1.814 -12.424 -10.610
LYS01A0169_005   2.469 -11.685  -9.216
LYS01A0169_006   2.341 -12.260  -9.920
LYS01A0169_007   3.194 -12.325  -9.132
LYS01A0169_008   2.158 -12.409 -10.250
LYS01A0169_009   3.249 -12.097  -8.849
LYS01A0169_010   0.687 -12.257 -11.570
LYS01A0169_011   2.292 -12.517 -10.225
LYS01A0169_012   1.787 -12.380 -10.593
LYS01A0169_013   2.177 -12.244 -10.067
LYS01A0169_014   2.402 -12.059  -9.657
LYS01A0169_015   2.468 -12.010  -9.542
LYS01A0169_016   5.121 -12.588  -7.467
LYS01A0169_017   2.313 -12.307  -9.994
LYS01A0169_018   5.050 -12.087  -7.037
LYS01A0169_019   5.147 -12.299  -7.151
LYS01A0169_020   5.070 -12.405  -7.336
LYS+1A0169_021   0.644 -12.549 -11.905
LYS+1A0169_022   0.642 -12.257 -11.615
LYS+1A0169_023   1.541 -12.356 -10.816
LYS+1A0169_024   1.219 -11.821 -10.601
LYS+1A0169_025   1.763 -12.424 -10.661
LYS+1A0169_026   1.736 -12.367 -10.631
LYS+1A0169_027   5.068 -12.588  -7.521
LYS+1A0169_028   2.209 -12.345 -10.136
LYS+1A0169_029   5.088 -12.350  -7.262
LYS+1A0169_030   2.111 -12.473 -10.362
LYS+1A0169_031   3.144 -11.995  -8.850
LYS+1A0169_032   2.219 -12.517 -10.298
LYS+1A0169_033   2.159 -12.295 -10.136
LYS+1A0169_034   2.310 -12.059  -9.749
LYS+1A0169_035   2.419 -11.984  -9.565
LYS+1A0169_036   2.357 -11.710  -9.354
LYS+1A0169_037   2.295 -12.145  -9.849
LYS+1A0169_038   3.038 -12.342  -9.304
LYS+1A0169_039   4.991 -12.087  -7.096
LYS+1A0169_040   5.050 -12.315  -7.265
