CONFORMER         crg  vdw0  vdw1  tors  epol  self   occ  Hb     history    ASA
ARG01A0168_001  0.000-11.37  2.28  1.23  0.00 -7.86 0.503  00  01O000M000  1.000
ARG01A0168_002  0.000-10.15  2.29  1.20  0.00 -6.65 0.504  00  01E00EM000  1.000
ARG01A0168_003  0.000-10.67  2.15  2.80  0.00 -5.71 0.504  00  01E025M000  1.000
ARG01A0168_004  0.000 -9.30  2.68  3.52  0.00 -3.10 0.502  00  01E04FM000  1.000
ARG01A0168_005  0.000-10.96  2.07  1.19  0.00 -7.70 0.504  00  01E050M000  1.000
ARG01A0168_006  0.000-10.60  1.54  1.07  0.00 -8.00 0.504  00  01E06CM000  1.000
ARG01A0168_007  0.000 -9.01  2.15  3.87  0.00 -2.98 0.503  00  01E07BM000  1.000
ARG01A0168_008  0.000 -6.19  4.27  1.18  0.00 -0.74 0.503  00  01E07FM000  1.000
ARG01A0168_009  0.000 -9.20  3.23  3.95  0.00 -2.02 0.503  00  01E086M000  1.000
ARG01A0168_010  0.000 -6.23  2.37  3.26  0.00 -0.60 0.504  00  01E09BM000  1.000
ARG01A0168_011  0.000-11.47  6.91  0.96  0.00 -3.60 0.503  00  01T006M000  1.000
ARG01A0168_012  0.000 -9.71  2.56  5.96  0.00 -1.19 0.503  00  01T02BM000  1.000
ARG01A0168_013  0.000 -9.71  2.04  1.22  0.00 -6.46 0.503  00  01T02EM000  1.000
ARG01A0168_014  0.000-11.42  4.42  3.41  0.00 -3.59 0.504  00  01T049M000  1.000
ARG01A0168_015  0.000-10.65  2.38  3.27  0.00 -5.00 0.503  00  01T04DM000  1.000
ARG01A0168_016  0.000 -8.36  2.88  1.12  0.00 -4.36 0.504  00  01T05EM000  1.000
ARG01A0168_017  0.000-11.18  1.99  4.60  0.00 -4.60 0.503  00  01T079M000  1.000
ARG01A0168_018  0.000 -9.56  3.63  3.79  0.00 -2.15 0.503  00  01T07DM000  1.000
ARG01A0168_019  0.000 -9.54  5.15  3.92  0.00 -0.47 0.503  00  01T089M000  1.000
ARG01A0168_020  0.000 -9.27  2.23  5.71  0.00 -1.33 0.504  00  01T092M000  1.000
ARG02A0168_021  0.000 -8.88  2.09  3.86  0.00 -2.92 0.503  00  02E07BM000  1.000
ARG02A0168_022  0.000 -9.75  3.67  3.77  0.00 -2.31 0.503  00  02E07DM000  1.000
ARG02A0168_023  0.000-11.38  2.28  1.23  0.00 -7.87 0.503  00  02O000M000  1.000
ARG02A0168_024  0.000-11.14  7.55  0.92  0.00 -2.67 0.503  00  02T006M000  1.000
ARG02A0168_025  0.000 -9.99  2.38  1.10  0.00 -6.51 0.504  00  02T00EM000  1.000
ARG02A0168_026  0.000-10.52  2.39  3.26  0.00 -4.87 0.503  00  02T04DM000  1.000
ARG02A0168_027  0.000-10.69  2.18  2.78  0.00 -5.72 0.504  00  02T025M000  1.000
ARG02A0168_028  0.000 -9.15  3.52  3.95  0.00 -1.69 0.503  00  02T086M000  1.000
ARG02A0168_029  0.000-10.17  2.50  5.72  0.00 -1.95 0.503  00  02T02BM000  1.000
ARG02A0168_030  0.000 -9.84  2.05  1.22  0.00 -6.58 0.503  00  02T02EM000  1.000
ARG02A0168_031  0.000-11.27  4.44  3.36  0.00 -3.47 0.504  00  02T049M000  1.000
ARG02A0168_032  0.000 -8.74  2.52  3.54  0.00 -2.69 0.502  00  02T04FM000  1.000
ARG02A0168_033  0.000-11.33  1.94  1.15  0.00 -8.24 0.504  00  02T050M000  1.000
ARG02A0168_034  0.000-10.26  1.52  0.92  0.00 -7.82 0.504  00  02T06CM000  1.000
ARG02A0168_035  0.000 -6.37  4.33  1.17  0.00 -0.88 0.503  00  02T07FM000  1.000
ARG02A0168_036  0.000 -9.81  5.16  3.89  0.00 -0.75 0.503  00  02T089M000  1.000
ARG02A0168_037  0.000 -9.11  2.24  5.71  0.00 -1.15 0.504  00  02T092M000  1.000
ARG02A0168_038  0.000 -8.56  2.86  1.11  0.00 -4.59 0.504  00  02T05EM000  1.000
ARG02A0168_039  0.000-10.19  2.15  3.81  0.00 -4.22 0.503  00  02T079M000  1.000
ARG02A0168_040  0.000 -6.85  2.37  3.27  0.00 -1.21 0.504  00  02T09BM000  1.000
ARG03A0168_041  0.000-11.42  2.28  1.23  0.00 -7.91 0.503  00  03O000M000  1.000
ARG03A0168_042  0.000-10.03  2.49  5.72  0.00 -1.82 0.503  00  03E02BM000  1.000
ARG03A0168_043  0.000 -8.81  2.51  3.54  0.00 -2.76 0.502  00  03E04FM000  1.000
ARG03A0168_044  0.000-11.21  7.55  0.92  0.00 -2.73 0.503  00  03E006M000  1.000
ARG03A0168_045  0.000-10.44  2.38  3.26  0.00 -4.79 0.503  00  03E04DM000  1.000
ARG03A0168_046  0.000-11.39  1.94  1.15  0.00 -8.30 0.504  00  03E050M000  1.000
ARG03A0168_047  0.000 -9.68  5.03  3.92  0.00 -0.74 0.503  00  03E089M000  1.000
ARG03A0168_048  0.000 -9.30  2.23  5.71  0.00 -1.36 0.504  00  03E092M000  1.000
ARG03A0168_049  0.000 -9.24  3.54  3.95  0.00 -1.75 0.503  00  03T086M000  1.000
ARG03A0168_050  0.000 -6.23  4.27  1.17  0.00 -0.79 0.503  00  03T07FM000  1.000
ARG03A0168_051  0.000 -9.93  2.38  1.10  0.00 -6.45 0.504  00  03T00EM000  1.000
ARG03A0168_052  0.000-11.30  4.45  3.36  0.00 -3.49 0.504  00  03T049M000  1.000
ARG03A0168_053  0.000-10.29  1.52  0.92  0.00 -7.85 0.504  00  03T06CM000  1.000
ARG03A0168_054  0.000 -8.72  2.07  3.88  0.00 -2.77 0.503  00  03T07BM000  1.000
ARG03A0168_055  0.000 -6.62  2.37  3.26  0.00 -0.99 0.504  00  03T09BM000  1.000
ARG03A0168_056  0.000-10.68  2.19  2.79  0.00 -5.70 0.504  00  03T025M000  1.000
ARG03A0168_057  0.000 -9.76  2.03  1.22  0.00 -6.52 0.503  00  03T02EM000  1.000
ARG03A0168_058  0.000 -8.38  2.87  1.12  0.00 -4.39 0.504  00  03T05EM000  1.000
ARG03A0168_059  0.000-10.38  2.14  3.79  0.00 -4.45 0.503  00  03T079M000  1.000
ARG03A0168_060  0.000 -9.62  3.64  3.78  0.00 -2.20 0.503  00  03T07DM000  1.000
ARG+1A0168_061  1.000-11.46  2.28  1.23  0.00 -7.95 0.503  00  +1O000M000  1.000
ARG+1A0168_062  1.000-11.25  7.57  0.93  0.00 -2.75 0.503  00  +1E006M000  1.000
ARG+1A0168_063  1.000 -9.97  2.38  1.10  0.00 -6.49 0.504  00  +1E00EM000  1.000
ARG+1A0168_064  1.000-10.73  2.19  2.79  0.00 -5.75 0.504  00  +1E025M000  1.000
ARG+1A0168_065  1.000 -9.79  2.02  1.22  0.00 -6.54 0.503  00  +1E02EM000  1.000
ARG+1A0168_066  1.000-11.34  4.43  3.37  0.00 -3.54 0.504  00  +1E049M000  1.000
ARG+1A0168_067  1.000 -8.83  2.50  3.55  0.00 -2.78 0.502  00  +1E04FM000  1.000
ARG+1A0168_068  1.000-11.43  1.94  1.15  0.00 -8.35 0.504  00  +1E050M000  1.000
ARG+1A0168_069  1.000 -8.45  2.89  1.12  0.00 -4.44 0.504  00  +1E05EM000  1.000
ARG+1A0168_070  1.000-10.48  2.13  3.84  0.00 -4.51 0.503  00  +1E079M000  1.000
ARG+1A0168_071  1.000 -8.79  2.07  3.89  0.00 -2.83 0.503  00  +1E07BM000  1.000
ARG+1A0168_072  1.000 -9.80  3.63  3.78  0.00 -2.39 0.503  00  +1E07DM000  1.000
ARG+1A0168_073  1.000 -9.21  3.53  3.95  0.00 -1.72 0.503  00  +1E086M000  1.000
ARG+1A0168_074  1.000-10.15  2.49  5.73  0.00 -1.93 0.503  00  +1T02BM000  1.000
ARG+1A0168_075  1.000-10.39  2.39  3.27  0.00 -4.73 0.503  00  +1T04DM000  1.000
ARG+1A0168_076  1.000-10.31  1.52  0.93  0.00 -7.86 0.504  00  +1T06CM000  1.000
ARG+1A0168_077  1.000 -6.23  4.28  1.17  0.00 -0.78 0.503  00  +1T07FM000  1.000
ARG+1A0168_078  1.000 -9.67  5.07  3.92  0.00 -0.67 0.503  00  +1T089M000  1.000
ARG+1A0168_079  1.000 -9.34  2.22  5.71  0.00 -1.41 0.504  00  +1T092M000  1.000
ARG+1A0168_080  1.000 -6.50  2.37  3.27  0.00 -0.86 0.504  00  +1T09BM000  1.000
