iConf CONFORMER     FL  occ    crg   Em0  pKa0 ne nH    vdw0    vdw1    tors    epol   dsolv   extra    history
00001 ARG01A0168_001 f 0.00  0.000     0  0.00  0  0 -11.374   2.342   1.227   0.007  -0.315   0.000 01O000M000t
00002 ARG01A0168_002 f 0.00  0.000     0  0.00  0  0 -10.143   2.337   1.202   0.011   0.085   0.000 01E00EM000t
00003 ARG01A0168_003 f 0.00  0.000     0  0.00  0  0 -10.669   2.154   2.806   0.001   0.004   0.000 01E025M000t
00004 ARG01A0168_004 f 0.00  0.000     0  0.00  0  0  -9.305   2.733   3.520  -0.009  -0.215   0.000 01E04FM000t
00005 ARG01A0168_005 f 0.00  0.000     0  0.00  0  0 -10.952   2.111   1.194  -0.030  -0.067   0.000 01E050M000t
00006 ARG01A0168_006 f 0.00  0.000     0  0.00  0  0 -10.598   1.589   1.071  -0.033  -0.019   0.000 01E06CM000t
00007 ARG01A0168_007 f 0.00  0.000     0  0.00  0  0  -9.015   2.204   3.871  -0.042  -0.046   0.000 01E07BM000t
00008 ARG01A0168_008 f 0.00  0.000     0  0.00  0  0  -6.203   4.311   1.179   0.087   0.167   0.000 01E07FM000t
00009 ARG01A0168_009 f 0.00  0.000     0  0.00  0  0  -9.203   3.239   3.948   0.150   0.007   0.000 01E086M000t
00010 ARG01A0168_010 f 0.00  0.000     0  0.00  0  0  -6.282   2.377   3.259   0.009   0.106   0.000 01E09BM000t
00011 ARG01A0168_011 f 0.00  0.000     0  0.00  0  0 -11.409   6.925   0.956   0.040  -0.023   0.000 01T006M000t
00012 ARG01A0168_012 f 0.00  0.000     0  0.00  0  0  -9.694   2.572   5.957   0.059   0.168   0.000 01T02BM000t
00013 ARG01A0168_013 f 0.00  0.000     0  0.00  0  0  -9.709   2.088   1.219   0.083  -0.227   0.000 01T02EM000t
00014 ARG01A0168_014 f 0.00  0.000     0  0.00  0  0 -11.407   4.447   3.413   0.148   0.003   0.000 01T049M000t
00015 ARG01A0168_015 f 0.00  0.000     0  0.00  0  0 -10.646   2.391   3.266   0.101  -0.133   0.000 01T04DM000t
00016 ARG01A0168_016 f 0.00  0.000     0  0.00  0  0  -8.354   2.874   1.122   0.031   0.035   0.000 01T05EM000t
00017 ARG01A0168_017 f 0.00  0.000     0  0.00  0  0 -11.176   2.036   4.590  -0.046  -0.047   0.000 01T079M000t
00018 ARG01A0168_018 f 0.00  0.000     0  0.00  0  0  -9.576   3.679   3.787  -0.083  -0.076   0.000 01T07DM000t
00019 ARG01A0168_019 f 0.00  0.000     0  0.00  0  0  -9.575   5.153   3.923  -0.134   0.418   0.000 01T089M000t
00020 ARG01A0168_020 f 0.00  0.000     0  0.00  0  0  -9.280   2.234   5.714  -0.030   0.029   0.000 01T092M000t
00021 ARG02A0168_021 f 0.00  0.000     0  0.00  0  0  -8.880   2.145   3.863  -0.015   1.029   0.000 02E07BM000t
00022 ARG02A0168_022 f 0.00  0.000     0  0.00  0  0  -9.746   3.716   3.772   0.120   1.108   0.000 02E07DM000t
00023 ARG02A0168_023 f 0.00  0.000     0  0.00  0  0 -11.381   2.342   1.227   0.015   0.607   0.000 02O000M000t
00024 ARG02A0168_024 f 0.00  0.000     0  0.00  0  0 -11.143   7.547   0.925   0.052   0.847   0.000 02T006M000t
00025 ARG02A0168_025 f 0.00  0.000     0  0.00  0  0  -9.993   2.423   1.102   0.026   1.061   0.000 02T00EM000t
00026 ARG02A0168_026 f 0.00  0.000     0  0.00  0  0 -10.570   2.399   3.260   0.087   1.193   0.000 02T04DM000t
00027 ARG02A0168_027 f 0.00  0.000     0  0.00  0  0 -10.690   2.183   2.779   0.030   1.155   0.000 02T025M000t
00028 ARG02A0168_028 f 0.00  0.000     0  0.00  0  0  -9.159   3.514   3.951   0.148   1.016   0.000 02T086M000t
00029 ARG02A0168_029 f 0.00  0.000     0  0.00  0  0 -10.164   2.503   5.720   0.039   0.545   0.000 02T02BM000t
00030 ARG02A0168_030 f 0.00  0.000     0  0.00  0  0  -9.850   2.107   1.216  -0.030   0.442   0.000 02T02EM000t
00031 ARG02A0168_031 f 0.00  0.000     0  0.00  0  0 -11.321   4.455   3.365   0.033   0.694   0.000 02T049M000t
00032 ARG02A0168_032 f 0.00  0.000     0  0.00  0  0  -8.756   2.569   3.535   0.010   0.774   0.000 02T04FM000t
00033 ARG02A0168_033 f 0.00  0.000     0  0.00  0  0 -11.334   1.990   1.149   0.065   0.658   0.000 02T050M000t
00034 ARG02A0168_034 f 0.00  0.000     0  0.00  0  0 -10.255   1.569   0.925   0.037   0.816   0.000 02T06CM000t
00035 ARG02A0168_035 f 0.00  0.000     0  0.00  0  0  -6.381   4.378   1.165   0.033   0.815   0.000 02T07FM000t
00036 ARG02A0168_036 f 0.00  0.000     0  0.00  0  0  -9.748   5.168   3.893   0.109   0.965   0.000 02T089M000t
00037 ARG02A0168_037 f 0.00  0.000     0  0.00  0  0  -9.132   2.253   5.715  -0.030   0.974   0.000 02T092M000t
00038 ARG02A0168_038 f 0.00  0.000     0  0.00  0  0  -8.552   2.857   1.110  -0.019   1.069   0.000 02T05EM000t
00039 ARG02A0168_039 f 0.00  0.000     0  0.00  0  0 -10.191   2.201   3.813   0.005   0.740   0.000 02T079M000t
00040 ARG02A0168_040 f 0.00  0.000     0  0.00  0  0  -6.775   2.374   3.271   0.012   0.881   0.000 02T09BM000t
00041 ARG03A0168_041 f 0.00  0.000     0  0.00  0  0 -11.421   2.340   1.227   0.013   0.841   0.000 03O000M000t
00042 ARG03A0168_042 f 0.00  0.000     0  0.00  0  0 -10.032   2.496   5.716   0.059   1.020   0.000 03E02BM000t
00043 ARG03A0168_043 f 0.00  0.000     0  0.00  0  0  -8.821   2.564   3.537   0.020   0.624   0.000 03E04FM000t
00044 ARG03A0168_044 f 0.00  0.000     0  0.00  0  0 -11.203   7.563   0.922   0.043   0.689   0.000 03E006M000t
00045 ARG03A0168_045 f 0.00  0.000     0  0.00  0  0 -10.431   2.390   3.260   0.089   0.672   0.000 03E04DM000t
00046 ARG03A0168_046 f 0.00  0.000     0  0.00  0  0 -11.385   1.992   1.148   0.081   0.804   0.000 03E050M000t
00047 ARG03A0168_047 f 0.00  0.000     0  0.00  0  0  -9.685   5.022   3.920   0.077   1.123   0.000 03E089M000t
00048 ARG03A0168_048 f 0.00  0.000     0  0.00  0  0  -9.307   2.232   5.712  -0.033   0.956   0.000 03E092M000t
00049 ARG03A0168_049 f 0.00  0.000     0  0.00  0  0  -9.242   3.538   3.952   0.142   0.964   0.000 03T086M000t
00050 ARG03A0168_050 f 0.00  0.000     0  0.00  0  0  -6.250   4.304   1.170   0.065   1.121   0.000 03T07FM000t
00051 ARG03A0168_051 f 0.00  0.000     0  0.00  0  0  -9.918   2.430   1.100   0.031   0.666   0.000 03T00EM000t
00052 ARG03A0168_052 f 0.00  0.000     0  0.00  0  0 -11.296   4.468   3.363   0.125   0.968   0.000 03T049M000t
00053 ARG03A0168_053 f 0.00  0.000     0  0.00  0  0 -10.295   1.571   0.920   0.019   0.836   0.000 03T06CM000t
00054 ARG03A0168_054 f 0.00  0.000     0  0.00  0  0  -8.720   2.129   3.879  -0.025   0.960   0.000 03T07BM000t
00055 ARG03A0168_055 f 0.00  0.000     0  0.00  0  0  -6.613   2.372   3.264   0.028   0.888   0.000 03T09BM000t
00056 ARG03A0168_056 f 0.00  0.000     0  0.00  0  0 -10.686   2.189   2.787   0.015   0.919   0.000 03T025M000t
00057 ARG03A0168_057 f 0.00  0.000     0  0.00  0  0  -9.701   2.073   1.218   0.068   0.779   0.000 03T02EM000t
00058 ARG03A0168_058 f 0.00  0.000     0  0.00  0  0  -8.364   2.869   1.117   0.016   1.043   0.000 03T05EM000t
00059 ARG03A0168_059 f 0.00  0.000     0  0.00  0  0 -10.390   2.196   3.795   0.004   0.730   0.000 03T079M000t
00060 ARG03A0168_060 f 0.00  0.000     0  0.00  0  0  -9.691   3.693   3.776   0.094   0.768   0.000 03T07DM000t
00061 ARG+1A0168_061 f 0.00  1.000     0 12.50  0  1 -11.459   2.334   1.227   0.106  -0.319   0.000 +1O000M000t
00062 ARG+1A0168_062 f 0.00  1.000     0 12.50  0  1 -11.260   7.579   0.926   0.154  -0.225   0.000 +1E006M000t
00063 ARG+1A0168_063 f 0.00  1.000     0 12.50  0  1  -9.969   2.427   1.101   0.116   0.002   0.000 +1E00EM000t
00064 ARG+1A0168_064 f 0.00  1.000     0 12.50  0  1 -10.724   2.191   2.791   0.133  -0.225   0.000 +1E025M000t
00065 ARG+1A0168_065 f 0.00  1.000     0 12.50  0  1  -9.859   2.079   1.219   0.181  -0.239   0.000 +1E02EM000t
00066 ARG+1A0168_066 f 0.00  1.000     0 12.50  0  1 -11.338   4.445   3.368   0.356  -0.098   0.000 +1E049M000t
00067 ARG+1A0168_067 f 0.00  1.000     0 12.50  0  1  -8.896   2.546   3.552   0.144  -0.326   0.000 +1E04FM000t
00068 ARG+1A0168_068 f 0.00  1.000     0 12.50  0  1 -11.435   1.986   1.147   0.195   0.363   0.000 +1E050M000t
00069 ARG+1A0168_069 f 0.00  1.000     0 12.50  0  1  -8.449   2.899   1.118   0.152  -0.259   0.000 +1E05EM000t
00070 ARG+1A0168_070 f 0.00  1.000     0 12.50  0  1 -10.478   2.175   3.840   0.239   0.008   0.000 +1E079M000t
00071 ARG+1A0168_071 f 0.00  1.000     0 12.50  0  1  -8.856   2.118   3.894   0.206  -0.218   0.000 +1E07BM000t
00072 ARG+1A0168_072 f 0.00  1.000     0 12.50  0  1  -9.733   3.685   3.779   0.619   0.074   0.000 +1E07DM000t
00073 ARG+1A0168_073 f 0.00  1.000     0 12.50  0  1  -9.211   3.537   3.954   0.286  -0.275   0.000 +1E086M000t
00074 ARG+1A0168_074 f 0.00  1.000     0 12.50  0  1 -10.155   2.498   5.728   0.189  -0.274   0.000 +1T02BM000t
00075 ARG+1A0168_075 f 0.00  1.000     0 12.50  0  1 -10.394   2.396   3.268   0.257  -0.113   0.000 +1T04DM000t
00076 ARG+1A0168_076 f 0.00  1.000     0 12.50  0  1 -10.318   1.572   0.926   0.199  -0.047   0.000 +1T06CM000t
00077 ARG+1A0168_077 f 0.00  1.000     0 12.50  0  1  -6.239   4.333   1.175   0.265   0.119   0.000 +1T07FM000t
00078 ARG+1A0168_078 f 0.00  1.000     0 12.50  0  1  -9.674   5.074   3.923   0.593   0.152   0.000 +1T089M000t
00079 ARG+1A0168_079 f 0.00  1.000     0 12.50  0  1  -9.338   2.222   5.713   0.139  -0.161   0.000 +1T092M000t
00080 ARG+1A0168_080 f 0.00  1.000     0 12.50  0  1  -6.511   2.372   3.267   0.236  -0.158   0.000 +1T09BM000t
