   confID        vdw0    sas     sum
ARG01A0168_001   3.113 -14.487 -11.374
ARG01A0168_002   3.976 -14.119 -10.143
ARG01A0168_003   3.356 -14.025 -10.669
ARG01A0168_004   4.959 -14.265  -9.305
ARG01A0168_005   3.293 -14.245 -10.952
ARG01A0168_006   3.777 -14.375 -10.598
ARG01A0168_007   5.287 -14.302  -9.015
ARG01A0168_008   7.471 -13.674  -6.203
ARG01A0168_009   5.455 -14.658  -9.203
ARG01A0168_010   7.738 -14.019  -6.282
ARG01A0168_011   2.843 -14.252 -11.409
ARG01A0168_012   4.763 -14.457  -9.694
ARG01A0168_013   4.373 -14.083  -9.709
ARG01A0168_014   3.063 -14.470 -11.407
ARG01A0168_015   3.571 -14.217 -10.646
ARG01A0168_016   4.857 -13.211  -8.354
ARG01A0168_017   3.636 -14.812 -11.176
ARG01A0168_018   4.846 -14.422  -9.576
ARG01A0168_019   4.316 -13.892  -9.575
ARG01A0168_020   4.629 -13.909  -9.280
ARG02A0168_021   5.467 -14.347  -8.880
ARG02A0168_022   4.808 -14.554  -9.746
ARG02A0168_023   3.105 -14.487 -11.381
ARG02A0168_024   2.926 -14.069 -11.143
ARG02A0168_025   4.053 -14.046  -9.993
ARG02A0168_026   3.467 -14.037 -10.570
ARG02A0168_027   3.315 -14.006 -10.690
ARG02A0168_028   5.367 -14.526  -9.159
ARG02A0168_029   4.631 -14.795 -10.164
ARG02A0168_030   4.120 -13.970  -9.850
ARG02A0168_031   3.149 -14.470 -11.321
ARG02A0168_032   5.110 -13.866  -8.756
ARG02A0168_033   3.184 -14.518 -11.334
ARG02A0168_034   4.073 -14.327 -10.255
ARG02A0168_035   7.161 -13.542  -6.381
ARG02A0168_036   4.336 -14.084  -9.748
ARG02A0168_037   4.661 -13.793  -9.132
ARG02A0168_038   4.775 -13.327  -8.552
ARG02A0168_039   4.171 -14.362 -10.191
ARG02A0168_040   7.432 -14.206  -6.775
ARG03A0168_041   3.065 -14.487 -11.421
ARG03A0168_042   4.528 -14.560 -10.032
ARG03A0168_043   5.045 -13.866  -8.821
ARG03A0168_044   2.930 -14.133 -11.203
ARG03A0168_045   3.680 -14.111 -10.431
ARG03A0168_046   3.133 -14.518 -11.385
ARG03A0168_047   4.274 -13.959  -9.685
ARG03A0168_048   4.602 -13.909  -9.307
ARG03A0168_049   5.348 -14.590  -9.242
ARG03A0168_050   7.423 -13.674  -6.250
ARG03A0168_051   4.076 -13.994  -9.918
ARG03A0168_052   3.109 -14.405 -11.296
ARG03A0168_053   3.969 -14.263 -10.295
ARG03A0168_054   5.640 -14.360  -8.720
ARG03A0168_055   7.574 -14.187  -6.613
ARG03A0168_056   3.320 -14.006 -10.686
ARG03A0168_057   4.333 -14.035  -9.701
ARG03A0168_058   4.847 -13.211  -8.364
ARG03A0168_059   4.088 -14.478 -10.390
ARG03A0168_060   4.795 -14.486  -9.691
ARG+1A0168_061   3.027 -14.487 -11.459
ARG+1A0168_062   2.873 -14.133 -11.260
ARG+1A0168_063   4.026 -13.994  -9.969
ARG+1A0168_064   3.282 -14.006 -10.724
ARG+1A0168_065   4.291 -14.150  -9.859
ARG+1A0168_066   3.067 -14.405 -11.338
ARG+1A0168_067   5.038 -13.933  -8.896
ARG+1A0168_068   3.084 -14.518 -11.435
ARG+1A0168_069   4.762 -13.211  -8.449
ARG+1A0168_070   4.087 -14.565 -10.478
ARG+1A0168_071   5.568 -14.424  -8.856
ARG+1A0168_072   4.754 -14.486  -9.733
ARG+1A0168_073   5.315 -14.526  -9.211
ARG+1A0168_074   4.521 -14.676 -10.155
ARG+1A0168_075   3.653 -14.046 -10.394
ARG+1A0168_076   3.945 -14.263 -10.318
ARG+1A0168_077   7.435 -13.674  -6.239
ARG+1A0168_078   4.233 -13.908  -9.674
ARG+1A0168_079   4.571 -13.909  -9.338
ARG+1A0168_080   7.572 -14.084  -6.511
