iConf CONFORMER     FL  occ    crg   Em0  pKa0 ne nH    vdw0    vdw1    tors    epol   dsolv   extra    history
00001 LYS01A0215_001 f 0.00  0.000     0  0.00  0  0 -11.971   0.561   0.882  -0.008  -0.138   0.000 01O000M000t
00002 LYS01A0215_002 f 0.00  0.000     0  0.00  0  0 -11.668   1.145   0.847  -0.008  -0.098   0.000 01E002M000t
00003 LYS01A0215_003 f 0.00  0.000     0  0.00  0  0 -10.901   4.419   3.559  -0.011   0.018   0.000 01E018M000t
00004 LYS01A0215_004 f 0.00  0.000     0  0.00  0  0  -8.367   1.439   2.135  -0.007   0.058   0.000 01E035M000t
00005 LYS01A0215_005 f 0.00  0.000     0  0.00  0  0 -11.275   7.320   1.005  -0.040   0.092   0.000 01E078M000t
00006 LYS01A0215_006 f 0.00  0.000     0  0.00  0  0  -9.668   0.993   1.497   0.004   0.158   0.000 01E0B1M000t
00007 LYS01A0215_007 f 0.00  0.000     0  0.00  0  0  -9.285   4.195   1.458  -0.009   0.038   0.000 01E0B6M000t
00008 LYS01A0215_008 f 0.00  0.000     0  0.00  0  0  -9.674   0.837   4.090  -0.039  -0.122   0.000 01E0CDM000t
00009 LYS01A0215_009 f 0.00  0.000     0  0.00  0  0  -9.535   2.239   4.388  -0.084  -0.021   0.000 01E10BM000t
00010 LYS01A0215_010 f 0.00  0.000     0  0.00  0  0 -10.324   3.434   4.208  -0.077   0.112   0.000 01E121M000t
00011 LYS01A0215_011 f 0.00  0.000     0  0.00  0  0 -10.466   1.378   6.987  -0.058   0.141   0.000 01E122M000t
00012 LYS01A0215_012 f 0.00  0.000     0  0.00  0  0  -9.616   1.685   6.994  -0.014   0.083   0.000 01E131M000t
00013 LYS01A0215_013 f 0.00  0.000     0  0.00  0  0 -12.355   1.993   0.944  -0.015   0.049   0.000 01T007M000t
00014 LYS01A0215_014 f 0.00  0.000     0  0.00  0  0 -10.587   4.278   1.443  -0.004  -0.122   0.000 01T021M000t
00015 LYS01A0215_015 f 0.00  0.000     0  0.00  0  0 -10.753   0.693   4.269  -0.013  -0.142   0.000 01T06DM000t
00016 LYS01A0215_016 f 0.00  0.000     0  0.00  0  0 -11.432   2.562   3.605  -0.015  -0.103   0.000 01T08BM000t
00017 LYS01A0215_017 f 0.00  0.000     0  0.00  0  0  -9.740   0.505   1.453  -0.001   0.107   0.000 01T093M000t
00018 LYS01A0215_018 f 0.00  0.000     0  0.00  0  0  -9.602   4.404   4.232  -0.004   0.023   0.000 01T0B7M000t
00019 LYS01A0215_019 f 0.00  0.000     0  0.00  0  0  -7.345   1.339   4.858  -0.008  -0.026   0.000 01T0F7M000t
00020 LYS01A0215_020 f 0.00  0.000     0  0.00  0  0  -9.501   1.314   4.292  -0.013  -0.150   0.000 01T0FBM000t
00021 LYS+1A0215_021 f 0.00  1.000     0 10.40  0  1 -12.017   0.560   0.882   0.034  -0.337   0.000 +1O000M000t
00022 LYS+1A0215_022 f 0.00  1.000     0 10.40  0  1 -11.713   1.146   0.847   0.036  -0.416   0.000 +1E002M000t
00023 LYS+1A0215_023 f 0.00  1.000     0 10.40  0  1 -12.399   1.994   0.947   0.056  -0.474   0.000 +1E007M000t
00024 LYS+1A0215_024 f 0.00  1.000     0 10.40  0  1  -8.446   1.434   2.139   0.049  -0.237   0.000 +1E035M000t
00025 LYS+1A0215_025 f 0.00  1.000     0 10.40  0  1 -10.801   0.685   4.273   0.053  -0.324   0.000 +1E06DM000t
00026 LYS+1A0215_026 f 0.00  1.000     0 10.40  0  1 -11.398   7.412   1.004   0.143  -0.219   0.000 +1E078M000t
00027 LYS+1A0215_027 f 0.00  1.000     0 10.40  0  1  -9.798   0.994   1.498   0.106   0.275   0.000 +1E0B1M000t
00028 LYS+1A0215_028 f 0.00  1.000     0 10.40  0  1  -9.737   0.830   4.098  -0.039  -0.067   0.000 +1E0CDM000t
00029 LYS+1A0215_029 f 0.00  1.000     0 10.40  0  1  -7.470   1.346   4.862   0.048  -0.186   0.000 +1E0F7M000t
00030 LYS+1A0215_030 f 0.00  1.000     0 10.40  0  1  -9.557   1.312   4.292   0.057  -0.239   0.000 +1E0FBM000t
00031 LYS+1A0215_031 f 0.00  1.000     0 10.40  0  1  -9.698   2.235   4.394   0.062   0.261   0.000 +1E10BM000t
00032 LYS+1A0215_032 f 0.00  1.000     0 10.40  0  1 -10.398   3.522   4.208   0.190   0.655   0.000 +1E121M000t
00033 LYS+1A0215_033 f 0.00  1.000     0 10.40  0  1 -10.400   1.361   6.997   0.144   0.267   0.000 +1E122M000t
00034 LYS+1A0215_034 f 0.00  1.000     0 10.40  0  1  -9.654   1.677   6.994   0.054  -0.303   0.000 +1E131M000t
00035 LYS+1A0215_035 f 0.00  1.000     0 10.40  0  1 -11.032   4.428   3.563   0.043  -0.196   0.000 +1T018M000t
00036 LYS+1A0215_036 f 0.00  1.000     0 10.40  0  1 -10.634   4.323   1.447   0.011  -0.228   0.000 +1T021M000t
00037 LYS+1A0215_037 f 0.00  1.000     0 10.40  0  1 -11.498   2.574   3.605   0.046  -0.026   0.000 +1T08BM000t
00038 LYS+1A0215_038 f 0.00  1.000     0 10.40  0  1  -9.804   0.504   1.453   0.080   0.051   0.000 +1T093M000t
00039 LYS+1A0215_039 f 0.00  1.000     0 10.40  0  1  -9.386   4.190   1.466   0.039   0.096   0.000 +1T0B6M000t
00040 LYS+1A0215_040 f 0.00  1.000     0 10.40  0  1  -9.713   4.422   4.235   0.029  -0.123   0.000 +1T0B7M000t
