iConf CONFORMER     FL  occ    crg   Em0  pKa0 ne nH    vdw0    vdw1    tors    epol   dsolv   extra    history
00001 LEU01A0007_001 f 0.00  0.000     0  0.00  0  0  -9.828   2.375   2.193   0.000   0.000   0.000 01O000M000t
00002 LEU01A0007_002 f 0.00  0.000     0  0.00  0  0 -10.088   1.170   2.355   0.000   0.000   0.000 01R002M000t
00003 LEU01A0007_003 f 0.00  0.000     0  0.00  0  0  -9.506   1.350   2.846   0.000   0.000   0.000 01R003M000t
00004 LEU01A0007_004 f 0.00  0.000     0  0.00  0  0 -10.382   1.579   2.240   0.000   0.000   0.000 01R004M000t
00005 LEU01A0007_005 f 0.00  0.000     0  0.00  0  0  -9.231   1.509   2.882   0.000   0.000   0.000 01R005M000t
00006 LEU01A0007_006 f 0.00  0.000     0  0.00  0  0 -10.188   1.098   2.270   0.000   0.000   0.000 01R006M000t
00007 LEU01A0007_007 f 0.00  0.000     0  0.00  0  0  -9.183   3.279   1.799   0.000   0.000   0.000 01R007M000t
00008 LEU01A0007_008 f 0.00  0.000     0  0.00  0  0 -10.181   1.992   1.188   0.000   0.000   0.000 01R008M000t
00009 LEU01A0007_009 f 0.00  0.000     0  0.00  0  0 -10.121   1.485   1.401   0.000   0.000   0.000 01R009M000t
00010 LEU01A0007_010 f 0.00  0.000     0  0.00  0  0 -10.212   1.993   1.175   0.000   0.000   0.000 01R00EM000t
00011 LEU01A0007_011 f 0.00  0.000     0  0.00  0  0  -9.814   0.669   1.486   0.000   0.000   0.000 01R00FM000t
00012 LEU01A0007_012 f 0.00  0.000     0  0.00  0  0  -9.212   0.834   1.977   0.000   0.000   0.000 01R010M000t
00013 LEU01A0007_013 f 0.00  0.000     0  0.00  0  0  -9.766   4.854   1.342   0.000   0.000   0.000 01R011M000t
00014 LEU01A0007_014 f 0.00  0.000     0  0.00  0  0  -9.165   0.517   2.013   0.000   0.000   0.000 01R012M000t
00015 LEU01A0007_015 f 0.00  0.000     0  0.00  0  0  -9.919   4.207   1.430   0.000   0.000   0.000 01R013M000t
00016 LEU01A0007_016 f 0.00  0.000     0  0.00  0  0  -9.228   3.626   1.218   0.000   0.000   0.000 01T001M000t
00017 LEU01A0007_017 f 0.00  0.000     0  0.00  0  0  -9.957   2.912   2.147   0.000   0.000   0.000 01T00AM000t
00018 LEU01A0007_018 f 0.00  0.000     0  0.00  0  0  -9.763   3.710   2.662   0.000   0.000   0.000 01T00BM000t
00019 LEU01A0007_019 f 0.00  0.000     0  0.00  0  0  -9.334   2.838   1.797   0.000   0.000   0.000 01T00CM000t
00020 LEU01A0007_020 f 0.00  0.000     0  0.00  0  0  -9.899   1.995   1.194   0.000   0.000   0.000 01T00DM000t
00021 LEU01A0007_021 f 0.00  0.000     0  0.00  0  0  -9.755   7.231   1.407   0.000   0.000   0.000 01T013M000t
