iConf CONFORMER     FL  occ    crg   Em0  pKa0 ne nH    vdw0    vdw1    tors    epol   dsolv   extra    history
00001 LYS01A0280_001 f 0.00  0.000     0  0.00  0  0  -8.495 123.621   0.950  -0.198   0.172   0.000 01O000M000t
00002 LYS01A0280_002 f 0.00  0.000     0  0.00  0  0  -9.461   1.458   1.432  -0.015   0.038   0.000 01E02BM000t
00003 LYS01A0280_003 f 0.00  0.000     0  0.00  0  0  -9.353   1.996   1.510  -0.018   0.073   0.000 01E04CM000t
00004 LYS01A0280_004 f 0.00  0.000     0  0.00  0  0 -11.518   4.990   3.681  -0.025  -0.090   0.000 01E058M000t
00005 LYS01A0280_005 f 0.00  0.000     0  0.00  0  0 -11.470   3.171   1.435  -0.009   0.012   0.000 01E080M000t
00006 LYS01A0280_006 f 0.00  0.000     0  0.00  0  0 -11.326   1.972   1.433  -0.008   0.049   0.000 01E08FM000t
00007 LYS01A0280_007 f 0.00  0.000     0  0.00  0  0  -9.790   1.226   4.234  -0.012   0.002   0.000 01E09CM000t
00008 LYS01A0280_008 f 0.00  0.000     0  0.00  0  0  -8.577   1.738   4.308  -0.055   0.113   0.000 01E0B5M000t
00009 LYS01A0280_009 f 0.00  0.000     0  0.00  0  0  -9.375   1.393   4.240  -0.023   0.194   0.000 01E0C0M000t
00010 LYS01A0280_010 f 0.00  0.000     0  0.00  0  0  -8.051   2.094   2.066  -0.012  -0.204   0.000 01E0FDM000t
00011 LYS01A0280_011 f 0.00  0.000     0  0.00  0  0  -9.493   4.772   3.720  -0.027   0.049   0.000 01E10FM000t
00012 LYS01A0280_012 f 0.00  0.000     0  0.00  0  0  -6.556   1.975   2.070  -0.025   0.139   0.000 01T018M000t
00013 LYS01A0280_013 f 0.00  0.000     0  0.00  0  0 -10.357   4.647   4.304  -0.016  -0.202   0.000 01T056M000t
00014 LYS01A0280_014 f 0.00  0.000     0  0.00  0  0 -11.424   3.772   4.307  -0.015  -0.043   0.000 01T05FM000t
00015 LYS01A0280_015 f 0.00  0.000     0  0.00  0  0  -9.857   3.958   1.524  -0.119   0.105   0.000 01T06DM000t
00016 LYS01A0280_016 f 0.00  0.000     0  0.00  0  0  -6.705   1.937   4.863  -0.012   0.081   0.000 01T08CM000t
00017 LYS01A0280_017 f 0.00  0.000     0  0.00  0  0  -9.621   3.680   4.315  -0.020   0.032   0.000 01T0CFM000t
00018 LYS01A0280_018 f 0.00  0.000     0  0.00  0  0 -10.571   4.636   3.696  -0.015   0.032   0.000 01T0D3M000t
00019 LYS01A0280_019 f 0.00  0.000     0  0.00  0  0  -9.799   1.504   4.230  -0.013  -0.091   0.000 01T0E6M000t
00020 LYS01A0280_020 f 0.00  0.000     0  0.00  0  0  -8.142   1.964   2.065  -0.015   0.041   0.000 01T0F5M000t
00021 LYS01A0280_021 f 0.00  0.000     0  0.00  0  0  -2.290  18.089   1.131  -0.194   0.145   0.000 01T000M000t
00022 LYS+1A0280_022 f 0.00  1.000     0 10.40  0  1  -8.587 123.614   0.950   0.632   0.200   0.000 +1O000M000t
00023 LYS+1A0280_023 f 0.00  1.000     0 10.40  0  1  -6.631   1.972   2.069   0.046   0.002   0.000 +1E018M000t
00024 LYS+1A0280_024 f 0.00  1.000     0 10.40  0  1  -9.479   1.453   1.431   0.072   0.035   0.000 +1E02BM000t
00025 LYS+1A0280_025 f 0.00  1.000     0 10.40  0  1  -9.396   2.001   1.510   0.094  -0.167   0.000 +1E04CM000t
00026 LYS+1A0280_026 f 0.00  1.000     0 10.40  0  1 -10.292   4.787   4.303   0.078  -0.275   0.000 +1E056M000t
00027 LYS+1A0280_027 f 0.00  1.000     0 10.40  0  1 -11.575   5.044   3.682  -0.057  -0.271   0.000 +1E058M000t
00028 LYS+1A0280_028 f 0.00  1.000     0 10.40  0  1 -11.474   3.785   4.306   0.096  -0.246   0.000 +1E05FM000t
00029 LYS+1A0280_029 f 0.00  1.000     0 10.40  0  1 -11.517   3.169   1.435   0.076  -0.204   0.000 +1E080M000t
00030 LYS+1A0280_030 f 0.00  1.000     0 10.40  0  1  -6.813   1.945   4.865   0.073  -0.099   0.000 +1E08CM000t
00031 LYS+1A0280_031 f 0.00  1.000     0 10.40  0  1 -11.336   1.992   1.433   0.032  -0.289   0.000 +1E08FM000t
00032 LYS+1A0280_032 f 0.00  1.000     0 10.40  0  1  -9.442   1.390   4.238   0.075   0.376   0.000 +1E0C0M000t
00033 LYS+1A0280_033 f 0.00  1.000     0 10.40  0  1  -9.482   3.667   4.309   0.082  -0.383   0.000 +1E0CFM000t
00034 LYS+1A0280_034 f 0.00  1.000     0 10.40  0  1  -9.565   4.774   3.720   0.118  -0.217   0.000 +1E10FM000t
00035 LYS+1A0280_035 f 0.00  1.000     0 10.40  0  1  -2.453  18.348   1.144   0.654   0.161   0.000 +1X000M000t
00036 LYS+1A0280_036 f 0.00  1.000     0 10.40  0  1  -9.822   3.996   1.526   0.493  -0.055   0.000 +1T06DM000t
00037 LYS+1A0280_037 f 0.00  1.000     0 10.40  0  1  -9.844   1.225   4.234   0.096  -0.288   0.000 +1T09CM000t
00038 LYS+1A0280_038 f 0.00  1.000     0 10.40  0  1  -8.654   1.736   4.308   0.205  -0.066   0.000 +1T0B5M000t
00039 LYS+1A0280_039 f 0.00  1.000     0 10.40  0  1 -10.621   4.663   3.695   0.062  -0.103   0.000 +1T0D3M000t
00040 LYS+1A0280_040 f 0.00  1.000     0 10.40  0  1  -9.852   1.511   4.230   0.051  -0.303   0.000 +1T0E6M000t
00041 LYS+1A0280_041 f 0.00  1.000     0 10.40  0  1  -8.205   1.966   2.067   0.057  -0.278   0.000 +1T0F5M000t
00042 LYS+1A0280_042 f 0.00  1.000     0 10.40  0  1  -8.090   2.097   2.067   0.050  -0.256   0.000 +1T0FDM000t
