CONFORMER         crg  vdw0  vdw1  tors  epol  self   occ  Hb     history    ASA
LYS01A0280_001  0.000 -8.49123.65  0.95  0.00116.11 0.000  00  01O000M000  1.000
LYS01A0280_002  0.000 -9.41  1.46  1.43  0.00 -6.52 0.502  00  01E02BM000  1.000
LYS01A0280_003  0.000 -9.35  2.00  1.51  0.00 -5.85 0.502  00  01E04CM000  1.000
LYS01A0280_004  0.000-11.52  4.98  3.68  0.00 -2.86 0.502  00  01E058M000  1.000
LYS01A0280_005  0.000-11.47  3.18  1.43  0.00 -6.86 0.503  00  01E080M000  1.000
LYS01A0280_006  0.000-11.33  1.98  1.43  0.00 -7.91 0.503  00  01E08FM000  1.000
LYS01A0280_007  0.000 -9.79  1.22  4.23  0.00 -4.33 0.503  00  01E09CM000  1.000
LYS01A0280_008  0.000 -8.57  1.74  4.31  0.00 -2.52 0.502  00  01E0B5M000  1.000
LYS01A0280_009  0.000 -9.37  1.40  4.24  0.00 -3.74 0.502  00  01E0C0M000  1.000
LYS01A0280_010  0.000 -8.05  2.09  2.07  0.00 -3.90 0.502  00  01E0FDM000  1.000
LYS01A0280_011  0.000 -9.49  4.78  3.72  0.00 -0.99 0.502  00  01E10FM000  1.000
LYS01A0280_012  0.000 -6.54  1.98  2.07  0.00 -2.50 0.502  00  01T018M000  1.000
LYS01A0280_013  0.000-10.40  4.64  4.30  0.00 -1.46 0.502  00  01T056M000  1.000
LYS01A0280_014  0.000-11.42  3.77  4.31  0.00 -3.35 0.502  00  01T05FM000  1.000
LYS01A0280_015  0.000 -9.86  3.96  1.52  0.00 -4.38 0.501  00  01T06DM000  1.000
LYS01A0280_016  0.000 -6.74  1.93  4.86  0.00  0.05 0.502  00  01T08CM000  1.000
LYS01A0280_017  0.000 -9.61  3.68  4.32  0.00 -1.62 0.502  00  01T0CFM000  1.000
LYS01A0280_018  0.000-10.62  4.64  3.70  0.00 -2.29 0.502  00  01T0D3M000  1.000
LYS01A0280_019  0.000 -9.75  1.51  4.23  0.00 -4.01 0.502  00  01T0E6M000  1.000
LYS01A0280_020  0.000 -8.15  1.96  2.07  0.00 -4.12 0.502  00  01T0F5M000  1.000
LYS01A0280_021  0.000 -2.26 18.08  1.13  0.00 16.95 0.000  00  01T000M000  1.000
LYS+1A0280_022  1.000 -8.58123.64  0.95  0.00116.01 0.000  00  +1O000M000  1.000
LYS+1A0280_023  1.000 -6.63  1.97  2.07  0.00 -2.59 0.502  00  +1E018M000  1.000
LYS+1A0280_024  1.000 -9.48  1.45  1.43  0.00 -6.59 0.502  00  +1E02BM000  1.000
LYS+1A0280_025  1.000 -9.40  2.00  1.51  0.00 -5.89 0.502  00  +1E04CM000  1.000
LYS+1A0280_026  1.000-10.29  4.79  4.30  0.00 -1.19 0.502  00  +1E056M000  1.000
LYS+1A0280_027  1.000-11.57  5.05  3.68  0.00 -2.84 0.502  00  +1E058M000  1.000
LYS+1A0280_028  1.000-11.48  3.79  4.31  0.00 -3.38 0.502  00  +1E05FM000  1.000
LYS+1A0280_029  1.000-11.52  3.17  1.43  0.00 -6.91 0.503  00  +1E080M000  1.000
LYS+1A0280_030  1.000 -6.81  1.94  4.86  0.00 -0.01 0.502  00  +1E08CM000  1.000
LYS+1A0280_031  1.000-11.34  1.99  1.43  0.00 -7.91 0.503  00  +1E08FM000  1.000
LYS+1A0280_032  1.000 -9.44  1.39  4.24  0.00 -3.81 0.502  00  +1E0C0M000  1.000
LYS+1A0280_033  1.000 -9.55  3.67  4.31  0.00 -1.56 0.502  00  +1E0CFM000  1.000
LYS+1A0280_034  1.000 -9.55  4.78  3.72  0.00 -1.06 0.502  00  +1E10FM000  1.000
LYS+1A0280_035  1.000 -2.46 18.33  1.15  0.00 17.02 0.000  00  +1X000M000  1.000
LYS+1A0280_036  1.000 -9.82  4.00  1.53  0.00 -4.30 0.501  00  +1T06DM000  1.000
LYS+1A0280_037  1.000 -9.84  1.22  4.23  0.00 -4.39 0.503  00  +1T09CM000  1.000
LYS+1A0280_038  1.000 -8.64  1.73  4.31  0.00 -2.60 0.502  00  +1T0B5M000  1.000
LYS+1A0280_039  1.000-10.62  4.66  3.70  0.00 -2.26 0.502  00  +1T0D3M000  1.000
LYS+1A0280_040  1.000 -9.85  1.51  4.23  0.00 -4.11 0.502  00  +1T0E6M000  1.000
LYS+1A0280_041  1.000 -8.19  1.97  2.07  0.00 -4.16 0.502  00  +1T0F5M000  1.000
LYS+1A0280_042  1.000 -8.09  2.09  2.07  0.00 -3.93 0.502  00  +1T0FDM000  1.000
