CONFORMER         crg  vdw0  vdw1  tors  epol  self   occ  Hb     history    ASA
LYS01A0077_001  0.000-11.71  0.31  1.01  0.00-10.39 0.502  00  01O000M000  1.000
LYS01A0077_002  0.000-11.06  0.49  4.40  0.00 -6.17 0.501  00  01E07BM000  1.000
LYS01A0077_003  0.000-10.60  1.59  1.62  0.00 -7.39 0.502  00  01E087M000  1.000
LYS01A0077_004  0.000-10.35  1.38  3.98  0.00 -4.98 0.501  00  01E09FM000  1.000
LYS01A0077_005  0.000-11.29  1.86  6.19  0.00 -3.24 0.501  00  01E0A1M000  1.000
LYS01A0077_006  0.000 -9.97  1.08  4.33  0.00 -4.56 0.502  00  01E0CBM000  1.000
LYS01A0077_007  0.000 -9.80  1.06  1.58  0.00 -7.16 0.501  00  01E0CDM000  1.000
LYS01A0077_008  0.000 -7.83  0.12  2.23  0.00 -5.48 0.501  00  01E10BM000  1.000
LYS01A0077_009  0.000 -9.72  2.44  4.50  0.00 -2.78 0.502  00  01E12DM000  1.000
LYS01A0077_010  0.000 -7.47  1.34  4.58  0.00 -1.55 0.502  00  01E150M000  1.000
LYS01A0077_011  0.000-10.80  1.02  1.02  0.00 -8.76 0.501  00  01T01DM000  1.000
LYS01A0077_012  0.000-11.71  4.13  6.06  0.00 -1.53 0.501  00  01T061M000  1.000
LYS01A0077_013  0.000-11.27  1.67  4.39  0.00 -5.21 0.501  00  01T089M000  1.000
LYS01A0077_014  0.000-11.43  2.33  6.13  0.00 -2.96 0.501  00  01T0A5M000  1.000
LYS01A0077_015  0.000-10.08  0.98  1.58  0.00 -7.52 0.502  00  01T0CCM000  1.000
LYS01A0077_016  0.000 -9.87  1.03  3.77  0.00 -5.07 0.502  00  01T0DEM000  1.000
LYS01A0077_017  0.000-10.67  0.83  4.50  0.00 -5.35 0.501  00  01T106M000  1.000
LYS01A0077_018  0.000-10.52  0.90  1.71  0.00 -7.91 0.502  00  01T108M000  1.000
LYS01A0077_019  0.000 -9.32  2.51  4.37  0.00 -2.45 0.501  00  01T139M000  1.000
LYS01A0077_020  0.000 -7.16  2.46  2.22  0.00 -2.49 0.502  00  01T146M000  1.000
LYS+1A0077_021  1.000-11.76  0.31  1.01  0.00-10.43 0.502  00  +1O000M000  1.000
LYS+1A0077_022  1.000-11.76  4.13  6.06  0.00 -1.57 0.501  00  +1E061M000  1.000
LYS+1A0077_023  1.000-10.66  1.59  1.62  0.00 -7.45 0.502  00  +1E087M000  1.000
LYS+1A0077_024  1.000 -9.97  1.09  4.34  0.00 -4.55 0.502  00  +1E0CBM000  1.000
LYS+1A0077_025  1.000-10.18  0.98  1.59  0.00 -7.60 0.502  00  +1E0CCM000  1.000
LYS+1A0077_026  1.000 -9.96  1.04  3.78  0.00 -5.14 0.502  00  +1E0DEM000  1.000
LYS+1A0077_027  1.000-10.73  0.82  4.50  0.00 -5.41 0.501  00  +1E106M000  1.000
LYS+1A0077_028  1.000-10.60  0.91  1.70  0.00 -7.98 0.502  00  +1E108M000  1.000
LYS+1A0077_029  1.000 -7.51  1.34  4.58  0.00 -1.59 0.502  00  +1E150M000  1.000
LYS+1A0077_030  1.000-10.84  1.02  1.02  0.00 -8.80 0.501  00  +1T01DM000  1.000
LYS+1A0077_031  1.000-11.11  0.49  4.41  0.00 -6.22 0.501  00  +1T07BM000  1.000
LYS+1A0077_032  1.000-11.22  1.68  4.40  0.00 -5.13 0.501  00  +1T089M000  1.000
LYS+1A0077_033  1.000-10.30  1.39  3.99  0.00 -4.92 0.501  00  +1T09FM000  1.000
LYS+1A0077_034  1.000-11.33  1.84  6.20  0.00 -3.29 0.501  00  +1T0A1M000  1.000
LYS+1A0077_035  1.000-11.48  2.35  6.14  0.00 -2.99 0.501  00  +1T0A5M000  1.000
LYS+1A0077_036  1.000 -9.93  1.06  1.58  0.00 -7.28 0.501  00  +1T0CDM000  1.000
LYS+1A0077_037  1.000 -7.88  0.12  2.24  0.00 -5.52 0.501  00  +1T10BM000  1.000
LYS+1A0077_038  1.000 -9.74  2.42  4.50  0.00 -2.82 0.502  00  +1T12DM000  1.000
LYS+1A0077_039  1.000 -9.46  2.55  4.39  0.00 -2.52 0.501  00  +1T139M000  1.000
LYS+1A0077_040  1.000 -7.24  2.45  2.22  0.00 -2.56 0.502  00  +1T146M000  1.000
