iConf CONFORMER     FL  occ    crg   Em0  pKa0 ne nH    vdw0    vdw1    tors    epol   dsolv   extra    history
00001 LYS01A0077_001 f 0.00  0.000     0  0.00  0  0 -11.836   0.312   1.015  -0.008  -0.103   0.000 01O000M000t
00002 LYS01A0077_002 f 0.00  0.000     0  0.00  0  0 -11.158   0.375   4.308  -0.017  -0.037   0.000 01E085M000t
00003 LYS01A0077_003 f 0.00  0.000     0  0.00  0  0 -10.086   1.641   1.618  -0.018   0.033   0.000 01E08DM000t
00004 LYS01A0077_004 f 0.00  0.000     0  0.00  0  0  -9.792   0.724   6.049  -0.015   0.033   0.000 01E0E7M000t
00005 LYS01A0077_005 f 0.00  0.000     0  0.00  0  0  -9.991   0.742   3.805  -0.020  -0.012   0.000 01E0EFM000t
00006 LYS01A0077_006 f 0.00  0.000     0  0.00  0  0  -8.060   0.770   2.222  -0.304   0.159   0.000 01E10CM000t
00007 LYS01A0077_007 f 0.00  0.000     0  0.00  0  0  -9.498   1.223   1.715   0.247  -0.087   0.000 01E10FM000t
00008 LYS01A0077_008 f 0.00  0.000     0  0.00  0  0  -9.931   1.489   4.504  -0.062   0.101   0.000 01E110M000t
00009 LYS01A0077_009 f 0.00  0.000     0  0.00  0  0  -7.766   0.428   4.895  -0.011  -0.143   0.000 01E117M000t
00010 LYS01A0077_010 f 0.00  0.000     0  0.00  0  0  -7.221   1.383   4.591  -0.010   0.023   0.000 01E14FM000t
00011 LYS01A0077_011 f 0.00  0.000     0  0.00  0  0  -9.626   1.099   6.823  -0.029   0.044   0.000 01E154M000t
00012 LYS01A0077_012 f 0.00  0.000     0  0.00  0  0 -10.449   1.887   6.869  -0.015   0.053   0.000 01E168M000t
00013 LYS01A0077_013 f 0.00  0.000     0  0.00  0  0 -10.626   1.020   0.965  -0.015  -0.104   0.000 01T01FM000t
00014 LYS01A0077_014 f 0.00  0.000     0  0.00  0  0  -9.955   2.597   1.637  -0.092  -0.123   0.000 01T046M000t
00015 LYS01A0077_015 f 0.00  0.000     0  0.00  0  0 -11.767   4.125   6.055  -0.009   0.005   0.000 01T061M000t
00016 LYS01A0077_016 f 0.00  0.000     0  0.00  0  0 -11.685   1.670   1.075  -0.017   0.119   0.000 01T07FM000t
00017 LYS01A0077_017 f 0.00  0.000     0  0.00  0  0 -11.448   2.587   1.037  -0.007   0.011   0.000 01T095M000t
00018 LYS01A0077_018 f 0.00  0.000     0  0.00  0  0 -10.665   0.299   4.361  -0.008  -0.059   0.000 01T0BAM000t
00019 LYS01A0077_019 f 0.00  0.000     0  0.00  0  0  -8.027   0.199   5.040  -0.029  -0.063   0.000 01T10AM000t
00020 LYS01A0077_020 f 0.00  0.000     0  0.00  0  0  -9.827   0.331   4.423  -0.016   0.083   0.000 01T113M000t
00021 LYS+1A0077_021 f 0.00  1.000     0 10.40  0  1 -11.881   0.311   1.015   0.045  -0.212   0.000 +1O000M000t
00022 LYS+1A0077_022 f 0.00  1.000     0 10.40  0  1 -10.698   1.012   0.968   0.078  -0.200   0.000 +1E01FM000t
00023 LYS+1A0077_023 f 0.00  1.000     0 10.40  0  1 -10.018   2.604   1.642   0.380  -0.362   0.000 +1E046M000t
00024 LYS+1A0077_024 f 0.00  1.000     0 10.40  0  1 -11.817   4.135   6.057   0.058  -0.531   0.000 +1E061M000t
00025 LYS+1A0077_025 f 0.00  1.000     0 10.40  0  1 -10.143   1.637   1.619   0.089  -0.044   0.000 +1E08DM000t
00026 LYS+1A0077_026 f 0.00  1.000     0 10.40  0  1 -11.518   2.580   1.042   0.022   0.036   0.000 +1E095M000t
00027 LYS+1A0077_027 f 0.00  1.000     0 10.40  0  1 -10.724   0.296   4.368   0.045  -0.204   0.000 +1E0BAM000t
00028 LYS+1A0077_028 f 0.00  1.000     0 10.40  0  1  -9.806   0.726   6.054   0.078  -0.500   0.000 +1E0E7M000t
00029 LYS+1A0077_029 f 0.00  1.000     0 10.40  0  1 -10.034   1.461   4.507   0.258  -0.061   0.000 +1E110M000t
00030 LYS+1A0077_030 f 0.00  1.000     0 10.40  0  1  -9.872   0.331   4.432   0.075  -0.173   0.000 +1E113M000t
00031 LYS+1A0077_031 f 0.00  1.000     0 10.40  0  1  -7.830   0.424   4.920   0.064  -0.160   0.000 +1E117M000t
00032 LYS+1A0077_032 f 0.00  1.000     0 10.40  0  1  -9.681   1.098   6.832   0.134   0.074   0.000 +1E154M000t
00033 LYS+1A0077_033 f 0.00  1.000     0 10.40  0  1 -10.500   1.899   6.873   0.050  -0.238   0.000 +1E168M000t
00034 LYS+1A0077_034 f 0.00  1.000     0 10.40  0  1 -11.762   1.673   1.076   0.065   0.013   0.000 +1T07FM000t
00035 LYS+1A0077_035 f 0.00  1.000     0 10.40  0  1 -11.173   0.372   4.335   0.099  -0.347   0.000 +1T085M000t
00036 LYS+1A0077_036 f 0.00  1.000     0 10.40  0  1 -10.049   0.747   3.818   0.014  -0.089   0.000 +1T0EFM000t
00037 LYS+1A0077_037 f 0.00  1.000     0 10.40  0  1  -8.078   0.196   5.044   0.133  -0.194   0.000 +1T10AM000t
00038 LYS+1A0077_038 f 0.00  1.000     0 10.40  0  1  -8.084   0.727   2.222   1.206   0.517   0.000 +1T10CM000t
00039 LYS+1A0077_039 f 0.00  1.000     0 10.40  0  1  -9.548   1.257   1.710   1.301   0.709   0.000 +1T10FM000t
00040 LYS+1A0077_040 f 0.00  1.000     0 10.40  0  1  -7.270   1.382   4.598   0.043  -0.077   0.000 +1T14FM000t
