   confID        vdw0    sas     sum
LYS01A0077_001   0.641 -12.357 -11.715
LYS01A0077_002   1.718 -12.785 -11.067
LYS01A0077_003   1.909 -12.509 -10.600
LYS01A0077_004   1.998 -12.348 -10.351
LYS01A0077_005   0.953 -12.238 -11.285
LYS01A0077_006   2.269 -12.189  -9.920
LYS01A0077_007   2.501 -12.300  -9.799
LYS01A0077_008   4.784 -12.631  -7.848
LYS01A0077_009   2.408 -12.124  -9.716
LYS01A0077_010   4.679 -12.139  -7.460
LYS01A0077_011   1.561 -12.360 -10.799
LYS01A0077_012   1.114 -12.827 -11.713
LYS01A0077_013   1.718 -12.956 -11.238
LYS01A0077_014   0.965 -12.392 -11.428
LYS01A0077_015   2.125 -12.210 -10.085
LYS01A0077_016   2.526 -12.457  -9.931
LYS01A0077_017   2.174 -12.847 -10.674
LYS01A0077_018   2.207 -12.657 -10.450
LYS01A0077_019   2.798 -12.123  -9.325
LYS01A0077_020   4.823 -11.980  -7.157
LYS+1A0077_021   0.596 -12.357 -11.761
LYS+1A0077_022   1.064 -12.827 -11.763
LYS+1A0077_023   1.853 -12.509 -10.656
LYS+1A0077_024   2.213 -12.189  -9.976
LYS+1A0077_025   2.051 -12.262 -10.211
LYS+1A0077_026   2.463 -12.428  -9.965
LYS+1A0077_027   2.114 -12.847 -10.733
LYS+1A0077_028   2.129 -12.725 -10.596
LYS+1A0077_029   4.575 -12.088  -7.513
LYS+1A0077_030   1.519 -12.360 -10.841
LYS+1A0077_031   1.669 -12.785 -11.116
LYS+1A0077_032   1.670 -12.888 -11.218
LYS+1A0077_033   1.928 -12.229 -10.301
LYS+1A0077_034   0.907 -12.238 -11.331
LYS+1A0077_035   0.913 -12.392 -11.479
LYS+1A0077_036   2.425 -12.284  -9.859
LYS+1A0077_037   4.748 -12.564  -7.816
LYS+1A0077_038   2.315 -12.056  -9.741
LYS+1A0077_039   2.665 -12.123  -9.458
LYS+1A0077_040   4.741 -11.980  -7.238
