CONFORMER         crg  vdw0  vdw1  tors  epol  self   occ  Hb     history    ASA
HIS01A0234_001  0.000-11.79 -0.16  0.28  0.00-11.67 0.518  00  01O000M000  1.000
HIS01A0234_002  0.000-12.08 -0.13  0.28  0.00-11.93 0.520  00  01R001M000  1.000
HIS01A0234_003  0.000-11.63  0.44  0.24  0.00-10.95 0.518  00  01E005M000  1.000
HIS01A0234_004  0.000-12.28 -0.08  0.22  0.00-12.15 0.518  00  01E00BM000  1.000
HIS01A0234_005  0.000-12.14  0.90  2.44  0.00 -8.79 0.518  00  01E010M000  1.000
HIS01A0234_006  0.000-11.69 -0.10  0.24  0.00-11.55 0.518  00  01E013M000  1.000
HIS01A0234_007  0.000-11.81  1.82  2.48  0.00 -7.51 0.520  00  01E017M000  1.000
HIS01A0234_008  0.000-11.39  2.89  2.47  0.00 -6.02 0.518  00  01E01AM000  1.000
HIS01A0234_009  0.000-11.76  4.48  2.46  0.00 -4.82 0.517  00  01E01BM000  1.000
HIS01A0234_010  0.000-11.51  0.59  2.48  0.00 -8.44 0.517  00  01T002M000  1.000
HIS01A0234_011  0.000-12.03  0.82  0.17  0.00-11.04 0.519  00  01T00AM000  1.000
HIS01A0234_012  0.000-12.38  3.07  2.34  0.00 -6.97 0.520  00  01T00CM000  1.000
HIS01A0234_013  0.000-11.62  0.55  2.48  0.00 -8.59 0.519  00  01T00EM000  1.000
HIS01A0234_014  0.000-12.10  1.80  0.16  0.00-10.14 0.517  00  01T011M000  1.000
HIS01A0234_015  0.000-12.11  3.81  0.20  0.00 -8.10 0.517  00  01T012M000  1.000
HIS01A0234_016  0.000-11.40  3.05  0.18  0.00 -8.17 0.518  00  01T015M000  1.000
HIS01A0234_017  0.000-11.45  4.39  2.46  0.00 -4.60 0.518  00  01T016M000  1.000
HIS01A0234_018  0.000-11.79  3.83  2.47  0.00 -5.49 0.518  00  01T018M000  1.000
HIS01A0234_019  0.000-11.59  0.36  0.25  0.00-10.98 0.519  00  01T019M000  1.000
HIS02A0234_020  0.000-11.81 -0.20  0.28  0.00-11.73 0.518  00  02O000M000  1.000
HIS02A0234_021  0.000-12.09 -0.14  0.28  0.00-11.95 0.520  00  02R001M000  1.000
HIS02A0234_022  0.000-11.65  0.56  2.47  0.00 -8.62 0.517  00  02E002M000  1.000
HIS02A0234_023  0.000-11.92  0.79  0.18  0.00-10.94 0.519  00  02E00AM000  1.000
HIS02A0234_024  0.000-11.71  0.53  2.47  0.00 -8.70 0.519  00  02E00EM000  1.000
HIS02A0234_025  0.000-11.89  1.83  0.16  0.00 -9.90 0.517  00  02E011M000  1.000
HIS02A0234_026  0.000-12.04  3.67  0.19  0.00 -8.19 0.517  00  02E012M000  1.000
HIS02A0234_027  0.000-11.79  3.12  0.18  0.00 -8.49 0.518  00  02E015M000  1.000
HIS02A0234_028  0.000-11.65  0.35  0.24  0.00-11.06 0.519  00  02E019M000  1.000
HIS02A0234_029  0.000-11.34  2.88  2.46  0.00 -6.00 0.518  00  02E01AM000  1.000
HIS02A0234_030  0.000-11.52  0.40  0.24  0.00-10.87 0.518  00  02T005M000  1.000
HIS02A0234_031  0.000-12.35 -0.10  0.21  0.00-12.24 0.518  00  02T00BM000  1.000
HIS02A0234_032  0.000-12.64  2.97  2.36  0.00 -7.31 0.520  00  02T00CM000  1.000
HIS02A0234_033  0.000-12.09  0.89  2.43  0.00 -8.76 0.518  00  02T010M000  1.000
HIS02A0234_034  0.000-11.64 -0.13  0.24  0.00-11.53 0.518  00  02T013M000  1.000
HIS02A0234_035  0.000-11.59  4.72  2.46  0.00 -4.41 0.518  00  02T016M000  1.000
HIS02A0234_036  0.000-11.83  1.79  2.47  0.00 -7.57 0.520  00  02T017M000  1.000
HIS02A0234_037  0.000-11.81  3.82  2.46  0.00 -5.53 0.518  00  02T018M000  1.000
HIS02A0234_038  0.000-11.76  4.31  2.45  0.00 -4.99 0.517  00  02T01BM000  1.000
HIS+1A0234_039  1.000-11.83 -0.21  0.28  0.00-11.76 0.518  00  +1O000M000  1.000
HIS+1A0234_040  1.000-12.12 -0.15  0.28  0.00-11.98 0.520  00  +1R001M000  1.000
HIS+1A0234_041  1.000-12.01  0.78  0.19  0.00-11.04 0.519  00  +1E00AM000  1.000
HIS+1A0234_042  1.000-12.33 -0.09  0.22  0.00-12.20 0.518  00  +1E00BM000  1.000
HIS+1A0234_043  1.000-12.65  2.99  2.37  0.00 -7.29 0.520  00  +1E00CM000  1.000
HIS+1A0234_044  1.000-11.68  4.70  2.46  0.00 -4.52 0.518  00  +1E016M000  1.000
HIS+1A0234_045  1.000-11.61  0.35  0.25  0.00-11.01 0.519  00  +1E019M000  1.000
HIS+1A0234_046  1.000-11.48  0.56  2.48  0.00 -8.44 0.517  00  +1T002M000  1.000
HIS+1A0234_047  1.000-11.54  0.41  0.25  0.00-10.89 0.518  00  +1T005M000  1.000
HIS+1A0234_048  1.000-11.71  3.34  2.47  0.00 -5.90 0.515  00  +1T006M000  1.000
HIS+1A0234_049  1.000-11.67  0.53  2.48  0.00 -8.65 0.519  00  +1T00EM000  1.000
HIS+1A0234_050  1.000-12.18  0.89  2.45  0.00 -8.84 0.518  00  +1T010M000  1.000
HIS+1A0234_051  1.000-12.01  1.84  0.17  0.00-10.01 0.517  00  +1T011M000  1.000
HIS+1A0234_052  1.000-12.09  3.79  0.20  0.00 -8.10 0.517  00  +1T012M000  1.000
HIS+1A0234_053  1.000-11.67 -0.12  0.25  0.00-11.54 0.518  00  +1T013M000  1.000
HIS+1A0234_054  1.000-11.75  3.37  0.19  0.00 -8.19 0.518  00  +1T015M000  1.000
HIS+1A0234_055  1.000-11.86  1.80  2.48  0.00 -7.59 0.520  00  +1T017M000  1.000
HIS+1A0234_056  1.000-11.83  3.87  2.46  0.00 -5.50 0.518  00  +1T018M000  1.000
HIS+1A0234_057  1.000-11.41  2.89  2.48  0.00 -6.05 0.518  00  +1T01AM000  1.000
