   confID        vdw0    sas     sum
HIS01A0234_001  -0.191 -11.600 -11.790
HIS01A0234_002  -0.172 -11.906 -12.077
HIS01A0234_003  -0.185 -11.399 -11.585
HIS01A0234_004  -0.190 -12.092 -12.282
HIS01A0234_005  -0.188 -11.948 -12.136
HIS01A0234_006  -0.151 -11.539 -11.690
HIS01A0234_007  -0.141 -11.673 -11.814
HIS01A0234_008  -0.143 -11.244 -11.387
HIS01A0234_009  -0.181 -11.575 -11.756
HIS01A0234_010  -0.190 -11.317 -11.506
HIS01A0234_011  -0.277 -11.753 -12.029
HIS01A0234_012  -0.331 -12.049 -12.380
HIS01A0234_013  -0.150 -11.473 -11.623
HIS01A0234_014  -0.326 -11.774 -12.100
HIS01A0234_015  -0.261 -11.853 -12.113
HIS01A0234_016  -0.177 -11.223 -11.401
HIS01A0234_017  -0.257 -11.129 -11.386
HIS01A0234_018  -0.182 -11.605 -11.787
HIS01A0234_019  -0.143 -11.445 -11.588
HIS02A0234_020  -0.207 -11.600 -11.807
HIS02A0234_021  -0.186 -11.906 -12.091
HIS02A0234_022  -0.204 -11.449 -11.653
HIS02A0234_023  -0.291 -11.624 -11.916
HIS02A0234_024  -0.168 -11.541 -11.709
HIS02A0234_025  -0.339 -11.494 -11.833
HIS02A0234_026  -0.273 -11.838 -12.111
HIS02A0234_027  -0.201 -11.589 -11.790
HIS02A0234_028  -0.165 -11.483 -11.648
HIS02A0234_029  -0.160 -11.177 -11.336
HIS02A0234_030  -0.204 -11.311 -11.515
HIS02A0234_031  -0.209 -12.139 -12.349
HIS02A0234_032  -0.341 -12.297 -12.638
HIS02A0234_033  -0.209 -11.880 -12.089
HIS02A0234_034  -0.169 -11.472 -11.640
HIS02A0234_035  -0.276 -11.311 -11.586
HIS02A0234_036  -0.161 -11.673 -11.835
HIS02A0234_037  -0.202 -11.605 -11.807
HIS02A0234_038  -0.201 -11.556 -11.757
HIS+1A0234_039  -0.233 -11.600 -11.833
HIS+1A0234_040  -0.212 -11.906 -12.117
HIS+1A0234_041  -0.318 -11.689 -12.007
HIS+1A0234_042  -0.236 -12.092 -12.328
HIS+1A0234_043  -0.368 -12.278 -12.646
HIS+1A0234_044  -0.302 -11.375 -11.677
HIS+1A0234_045  -0.191 -11.419 -11.610
HIS+1A0234_046  -0.231 -11.249 -11.480
HIS+1A0234_047  -0.230 -11.311 -11.542
HIS+1A0234_048  -0.219 -11.494 -11.713
HIS+1A0234_049  -0.194 -11.473 -11.667
HIS+1A0234_050  -0.235 -11.948 -12.183
HIS+1A0234_051  -0.367 -11.640 -12.006
HIS+1A0234_052  -0.301 -11.789 -12.089
HIS+1A0234_053  -0.194 -11.519 -11.713
HIS+1A0234_054  -0.227 -11.661 -11.889
HIS+1A0234_055  -0.189 -11.677 -11.865
HIS+1A0234_056  -0.229 -11.605 -11.834
HIS+1A0234_057  -0.186 -11.225 -11.411
