iConf CONFORMER     FL  occ    crg   Em0  pKa0 ne nH    vdw0    vdw1    tors    epol   dsolv   extra    history
00001 ARG01A0007_001 f 0.00  0.000     0  0.00  0  0 -12.964   0.608   0.556   0.021  -0.038   0.000 01O000M000t
00002 ARG01A0007_002 f 0.00  0.000     0  0.00  0  0 -13.426   1.358   3.039   0.043  -0.241   0.000 01E005M000t
00003 ARG01A0007_003 f 0.00  0.000     0  0.00  0  0 -13.668   1.192   0.673   0.052  -0.214   0.000 01E007M000t
00004 ARG01A0007_004 f 0.00  0.000     0  0.00  0  0 -11.711   5.903   3.063   0.074  -0.093   0.000 01E055M000t
00005 ARG01A0007_005 f 0.00  0.000     0  0.00  0  0 -12.299   3.846   0.565   0.123  -0.269   0.000 01E06FM000t
00006 ARG01A0007_006 f 0.00  0.000     0  0.00  0  0 -10.967   1.197   0.492   0.003   0.010   0.000 01E09AM000t
00007 ARG01A0007_007 f 0.00  0.000     0  0.00  0  0 -11.269   1.585   3.293   0.042  -0.357   0.000 01E0AAM000t
00008 ARG01A0007_008 f 0.00  0.000     0  0.00  0  0  -9.822   0.143   1.122  -0.027  -0.013   0.000 01E0BFM000t
00009 ARG01A0007_009 f 0.00  0.000     0  0.00  0  0 -10.326   0.303   1.174   0.028  -0.064   0.000 01E0D3M000t
00010 ARG01A0007_010 f 0.00  0.000     0  0.00  0  0  -9.835   4.159   1.090  -0.231   0.265   0.000 01E0F1M000t
00011 ARG01A0007_011 f 0.00  0.000     0  0.00  0  0 -12.058   1.205   0.497   0.007  -0.113   0.000 01T01AM000t
00012 ARG01A0007_012 f 0.00  0.000     0  0.00  0  0 -12.605   1.226   3.021   0.006  -0.302   0.000 01T026M000t
00013 ARG01A0007_013 f 0.00  0.000     0  0.00  0  0 -11.514   0.364   1.130  -0.008  -0.145   0.000 01T02AM000t
00014 ARG01A0007_014 f 0.00  0.000     0  0.00  0  0 -13.014   4.009   0.534  -0.041  -0.022   0.000 01T03DM000t
00015 ARG01A0007_015 f 0.00  0.000     0  0.00  0  0 -11.958   5.291   3.064   0.023   0.039   0.000 01T04FM000t
00016 ARG01A0007_016 f 0.00  0.000     0  0.00  0  0 -10.376   0.361   3.327   0.040   0.052   0.000 01T08CM000t
00017 ARG01A0007_017 f 0.00  0.000     0  0.00  0  0 -10.998   1.201   3.321   0.022  -0.154   0.000 01T096M000t
00018 ARG01A0007_018 f 0.00  0.000     0  0.00  0  0  -8.641   1.263   3.356   0.039  -0.260   0.000 01T09EM000t
00019 ARG01A0007_019 f 0.00  0.000     0  0.00  0  0 -10.639   1.713   3.678   0.005  -0.010   0.000 01T0FCM000t
00020 ARG01A0007_020 f 0.00  0.000     0  0.00  0  0 -11.360   2.529   5.870   0.107  -0.009   0.000 01T10BM000t
00021 ARG02A0007_021 f 0.00  0.000     0  0.00  0  0 -13.002   0.605   0.556   0.035   1.048   0.000 02O000M000t
00022 ARG02A0007_022 f 0.00  0.000     0  0.00  0  0 -12.629   1.211   3.011   0.026   0.436   0.000 02E026M000t
00023 ARG02A0007_023 f 0.00  0.000     0  0.00  0  0 -10.615   1.664   3.602   0.044   0.383   0.000 02E0FCM000t
00024 ARG02A0007_024 f 0.00  0.000     0  0.00  0  0 -11.315   2.536   5.867   0.091   1.209   0.000 02T10BM000t
00025 ARG02A0007_025 f 0.00  0.000     0  0.00  0  0 -13.336   1.369   3.034   0.039   1.038   0.000 02T005M000t
00026 ARG02A0007_026 f 0.00  0.000     0  0.00  0  0 -10.908   1.196   3.285   0.035   1.015   0.000 02T096M000t
00027 ARG02A0007_027 f 0.00  0.000     0  0.00  0  0 -11.229   1.570   3.270   0.022   0.965   0.000 02T0AAM000t
00028 ARG02A0007_028 f 0.00  0.000     0  0.00  0  0  -9.838   0.128   1.122  -0.011   1.103   0.000 02T0BFM000t
00029 ARG02A0007_029 f 0.00  0.000     0  0.00  0  0 -10.362   0.305   1.172   0.020   1.162   0.000 02T0D3M000t
00030 ARG02A0007_030 f 0.00  0.000     0  0.00  0  0 -11.365   0.319   1.118   0.040   0.404   0.000 02T02AM000t
00031 ARG02A0007_031 f 0.00  0.000     0  0.00  0  0 -11.872   5.282   3.062   0.004   0.621   0.000 02T04FM000t
00032 ARG02A0007_032 f 0.00  0.000     0  0.00  0  0 -12.237   3.780   0.561   0.068   0.499   0.000 02T06FM000t
00033 ARG02A0007_033 f 0.00  0.000     0  0.00  0  0  -8.831   1.245   3.308   0.008   0.822   0.000 02T09EM000t
00034 ARG02A0007_034 f 0.00  0.000     0  0.00  0  0  -9.924   4.232   1.090  -0.089   0.979   0.000 02T0F1M000t
00035 ARG02A0007_035 f 0.00  0.000     0  0.00  0  0 -13.639   1.191   0.674   0.071   0.571   0.000 02T007M000t
00036 ARG02A0007_036 f 0.00  0.000     0  0.00  0  0 -12.015   1.189   0.490   0.020   0.568   0.000 02T01AM000t
00037 ARG02A0007_037 f 0.00  0.000     0  0.00  0  0 -13.031   3.971   0.534   0.032   0.458   0.000 02T03DM000t
00038 ARG02A0007_038 f 0.00  0.000     0  0.00  0  0 -11.751   5.905   3.061   0.015   0.717   0.000 02T055M000t
00039 ARG02A0007_039 f 0.00  0.000     0  0.00  0  0 -10.232   0.378   3.296  -0.003   0.940   0.000 02T08CM000t
00040 ARG02A0007_040 f 0.00  0.000     0  0.00  0  0 -10.975   1.197   0.493   0.013   0.884   0.000 02T09AM000t
00041 ARG03A0007_041 f 0.00  0.000     0  0.00  0  0 -11.417   0.317   1.118   0.050   0.815   0.000 03E02AM000t
00042 ARG03A0007_042 f 0.00  0.000     0  0.00  0  0  -7.933   1.239   3.330   0.034   0.993   0.000 03E09EM000t
00043 ARG03A0007_043 f 0.00  0.000     0  0.00  0  0 -11.520   2.549   5.866   0.093   1.073   0.000 03E10BM000t
00044 ARG03A0007_044 f 0.00  0.000     0  0.00  0  0 -13.003   0.605   0.556   0.030   0.720   0.000 03O000M000t
00045 ARG03A0007_045 f 0.00  0.000     0  0.00  0  0 -13.023   3.958   0.536  -0.017   0.887   0.000 03E03DM000t
00046 ARG03A0007_046 f 0.00  0.000     0  0.00  0  0 -10.247   0.358   3.303   0.045   0.936   0.000 03T08CM000t
00047 ARG03A0007_047 f 0.00  0.000     0  0.00  0  0  -9.844   0.129   1.123  -0.008   1.117   0.000 03T0BFM000t
00048 ARG03A0007_048 f 0.00  0.000     0  0.00  0  0 -10.496   0.301   1.174   0.033   1.119   0.000 03T0D3M000t
00049 ARG03A0007_049 f 0.00  0.000     0  0.00  0  0 -13.399   1.372   3.037   0.041   0.539   0.000 03T005M000t
00050 ARG03A0007_050 f 0.00  0.000     0  0.00  0  0 -12.777   1.213   3.016   0.024   0.790   0.000 03T026M000t
00051 ARG03A0007_051 f 0.00  0.000     0  0.00  0  0 -11.774   5.916   3.063   0.058   0.857   0.000 03T055M000t
00052 ARG03A0007_052 f 0.00  0.000     0  0.00  0  0 -10.930   1.197   3.292   0.024   0.784   0.000 03T096M000t
00053 ARG03A0007_053 f 0.00  0.000     0  0.00  0  0 -11.004   1.194   0.494   0.004   0.691   0.000 03T09AM000t
00054 ARG03A0007_054 f 0.00  0.000     0  0.00  0  0  -9.991   4.239   1.091  -0.124   0.980   0.000 03T0F1M000t
00055 ARG03A0007_055 f 0.00  0.000     0  0.00  0  0 -13.896   1.180   0.675   0.062   0.708   0.000 03T007M000t
00056 ARG03A0007_056 f 0.00  0.000     0  0.00  0  0 -12.050   1.187   0.487   0.039   0.750   0.000 03T01AM000t
00057 ARG03A0007_057 f 0.00  0.000     0  0.00  0  0 -11.847   5.279   3.063   0.022   0.759   0.000 03T04FM000t
00058 ARG03A0007_058 f 0.00  0.000     0  0.00  0  0 -12.256   3.780   0.561   0.089   0.692   0.000 03T06FM000t
00059 ARG03A0007_059 f 0.00  0.000     0  0.00  0  0 -11.213   1.567   3.273   0.029   0.791   0.000 03T0AAM000t
00060 ARG03A0007_060 f 0.00  0.000     0  0.00  0  0 -10.493   1.669   3.606   0.030   0.537   0.000 03T0FCM000t
00061 ARG+1A0007_061 f 0.00  1.000     0 12.50  0  1 -13.046   0.605   0.556   0.097  -0.168   0.000 +1O000M000t
00062 ARG+1A0007_062 f 0.00  1.000     0 12.50  0  1 -13.377   1.368   3.035   0.085  -0.339   0.000 +1E005M000t
00063 ARG+1A0007_063 f 0.00  1.000     0 12.50  0  1 -13.752   1.180   0.675   0.156  -0.128   0.000 +1E007M000t
00064 ARG+1A0007_064 f 0.00  1.000     0 12.50  0  1 -12.114   1.182   0.490   0.142   0.041   0.000 +1E01AM000t
00065 ARG+1A0007_065 f 0.00  1.000     0 12.50  0  1 -11.537   0.317   1.120   0.145  -0.022   0.000 +1E02AM000t
00066 ARG+1A0007_066 f 0.00  1.000     0 12.50  0  1 -13.139   3.981   0.535   0.134   0.147   0.000 +1E03DM000t
00067 ARG+1A0007_067 f 0.00  1.000     0 12.50  0  1 -11.772   5.922   3.065   0.148  -0.204   0.000 +1E055M000t
00068 ARG+1A0007_068 f 0.00  1.000     0 12.50  0  1 -10.305   0.356   3.304   0.117   0.005   0.000 +1E08CM000t
00069 ARG+1A0007_069 f 0.00  1.000     0 12.50  0  1 -11.265   1.575   3.273   0.099  -0.443   0.000 +1E0AAM000t
00070 ARG+1A0007_070 f 0.00  1.000     0 12.50  0  1  -9.886   0.124   1.125   0.102  -0.068   0.000 +1E0BFM000t
00071 ARG+1A0007_071 f 0.00  1.000     0 12.50  0  1  -9.997   4.207   1.091   0.426   0.215   0.000 +1E0F1M000t
00072 ARG+1A0007_072 f 0.00  1.000     0 12.50  0  1 -10.661   1.662   3.606   0.148  -0.180   0.000 +1E0FCM000t
00073 ARG+1A0007_073 f 0.00  1.000     0 12.50  0  1 -11.492   2.545   5.867   0.227  -0.005   0.000 +1E10BM000t
00074 ARG+1A0007_074 f 0.00  1.000     0 12.50  0  1 -12.809   1.211   3.013   0.126  -0.363   0.000 +1T026M000t
00075 ARG+1A0007_075 f 0.00  1.000     0 12.50  0  1 -12.022   5.278   3.065   0.108  -0.171   0.000 +1T04FM000t
00076 ARG+1A0007_076 f 0.00  1.000     0 12.50  0  1 -12.304   3.807   0.560   0.013  -0.104   0.000 +1T06FM000t
00077 ARG+1A0007_077 f 0.00  1.000     0 12.50  0  1 -10.996   1.196   3.288   0.118  -0.294   0.000 +1T096M000t
00078 ARG+1A0007_078 f 0.00  1.000     0 12.50  0  1 -11.000   1.197   0.494   0.128  -0.175   0.000 +1T09AM000t
00079 ARG+1A0007_079 f 0.00  1.000     0 12.50  0  1  -8.155   1.239   3.334   0.135  -0.320   0.000 +1T09EM000t
00080 ARG+1A0007_080 f 0.00  1.000     0 12.50  0  1 -10.412   0.300   1.175   0.156   0.016   0.000 +1T0D3M000t
