   confID        vdw0    sas     sum
ARG01A0007_001   1.362 -14.327 -12.964
ARG01A0007_002   1.998 -14.940 -12.942
ARG01A0007_003   2.001 -14.204 -12.203
ARG01A0007_004   4.519 -14.489  -9.969
ARG01A0007_005   3.126 -14.555 -11.429
ARG01A0007_006   3.109 -14.110 -11.001
ARG01A0007_007   5.728 -14.537  -8.809
ARG01A0007_008   4.487 -13.778  -9.291
ARG01A0007_009   4.387 -13.682  -9.295
ARG01A0007_010   4.397 -14.369  -9.972
ARG01A0007_011   2.464 -14.071 -11.607
ARG01A0007_012   2.983 -14.157 -11.174
ARG01A0007_013   2.703 -14.508 -11.805
ARG01A0007_014   3.019 -13.958 -10.939
ARG01A0007_015   3.015 -14.004 -10.989
ARG01A0007_016   3.782 -14.326 -10.544
ARG01A0007_017   5.005 -13.817  -8.812
ARG01A0007_018   3.249 -14.024 -10.776
ARG01A0007_019   3.939 -14.343 -10.403
ARG01A0007_020   2.597 -14.314 -11.717
ARG02A0007_021   2.454 -14.119 -11.665
ARG02A0007_022   2.583 -14.237 -11.654
ARG02A0007_023   1.386 -14.327 -12.941
ARG02A0007_024   2.990 -14.004 -11.014
ARG02A0007_025   2.973 -13.958 -10.985
ARG02A0007_026   4.432 -13.726  -9.294
ARG02A0007_027   4.335 -13.634  -9.299
ARG02A0007_028   4.594 -14.550  -9.955
ARG02A0007_029   3.202 -14.174 -10.972
ARG02A0007_030   5.233 -13.797  -8.564
ARG02A0007_031   5.724 -14.598  -8.874
ARG02A0007_032   3.895 -14.343 -10.448
ARG02A0007_033   4.415 -14.369  -9.954
ARG02A0007_034   2.025 -14.940 -12.915
ARG02A0007_035   1.984 -14.204 -12.220
ARG02A0007_036   2.961 -14.157 -11.196
ARG02A0007_037   2.966 -14.305 -11.339
ARG02A0007_038   3.125 -14.466 -11.341
ARG02A0007_039   3.745 -14.261 -10.516
ARG02A0007_040   3.327 -14.092 -10.765
ARG03A0007_041   2.891 -14.157 -11.266
ARG03A0007_042   2.992 -14.250 -11.258
ARG03A0007_043   3.002 -13.893 -10.892
ARG03A0007_044   2.947 -14.116 -11.169
ARG03A0007_045   1.323 -14.327 -13.003
ARG03A0007_046   2.457 -14.119 -11.662
ARG03A0007_047   5.128 -13.993  -8.865
ARG03A0007_048   1.959 -15.004 -13.046
ARG03A0007_049   3.176 -14.110 -10.934
ARG03A0007_050   3.272 -14.092 -10.820
ARG03A0007_051   1.912 -14.204 -12.292
ARG03A0007_052   3.088 -14.469 -11.381
ARG03A0007_053   4.384 -14.437 -10.053
ARG03A0007_054   4.526 -14.637 -10.110
ARG03A0007_055   4.471 -13.778  -9.307
ARG03A0007_056   4.358 -13.570  -9.212
ARG03A0007_057   2.633 -14.491 -11.858
ARG03A0007_058   3.712 -14.194 -10.482
ARG03A0007_059   5.719 -14.534  -8.815
ARG03A0007_060   3.859 -14.343 -10.484
ARG+1A0007_061   1.280 -14.327 -13.046
ARG+1A0007_062   4.466 -14.617 -10.151
ARG+1A0007_063   2.935 -14.186 -11.251
ARG+1A0007_064   2.960 -13.958 -10.998
ARG+1A0007_065   2.913 -14.004 -11.091
ARG+1A0007_066   3.660 -14.194 -10.533
ARG+1A0007_067   3.233 -14.092 -10.859
ARG+1A0007_068   5.653 -14.534  -8.881
ARG+1A0007_069   3.814 -14.343 -10.528
ARG+1A0007_070   4.387 -13.726  -9.340
ARG+1A0007_071   4.313 -14.369 -10.056
ARG+1A0007_072   1.923 -15.004 -13.081
ARG+1A0007_073   1.880 -14.204 -12.324
ARG+1A0007_074   2.423 -14.071 -11.648
ARG+1A0007_075   2.854 -14.225 -11.370
ARG+1A0007_076   3.046 -14.533 -11.487
ARG+1A0007_077   3.114 -14.110 -10.996
ARG+1A0007_078   5.112 -13.997  -8.885
ARG+1A0007_079   4.322 -13.634  -9.312
ARG+1A0007_080   2.582 -14.414 -11.832
