CONFORMER         crg  vdw0  vdw1  tors  epol  self   occ  Hb     history    ASA
LYS01A0209_001  0.000-12.13  0.50  0.81  0.00-10.82 0.501  00  01O000M000  1.000
LYS01A0209_002  0.000-10.60  0.57  0.87  0.00 -9.16 0.502  00  01E01EM000  1.000
LYS01A0209_003  0.000-10.46  0.97  1.53  0.00 -7.97 0.502  00  01E04EM000  1.000
LYS01A0209_004  0.000-10.96  0.84  4.25  0.00 -5.87 0.501  00  01E07CM000  1.000
LYS01A0209_005  0.000-10.61  0.77  1.45  0.00 -8.39 0.501  00  01E07FM000  1.000
LYS01A0209_006  0.000-11.76  2.98  6.44  0.00 -2.33 0.501  00  01E089M000  1.000
LYS01A0209_007  0.000 -9.80  2.06  1.45  0.00 -6.29 0.501  00  01E0A5M000  1.000
LYS01A0209_008  0.000 -9.14  0.33  0.88  0.00 -7.94 0.502  00  01E0ADM000  1.000
LYS01A0209_009  0.000 -9.98  0.55  3.67  0.00 -5.76 0.502  00  01E0CDM000  1.000
LYS01A0209_010  0.000 -7.38  0.85  4.89  0.00 -1.64 0.502  00  01E10DM000  1.000
LYS01A0209_011  0.000-10.30  2.41  3.71  0.00 -4.18 0.502  00  01E125M000  1.000
LYS01A0209_012  0.000 -7.50  0.65  2.06  0.00 -4.79 0.502  00  01E13DM000  1.000
LYS01A0209_013  0.000-10.23  1.19  4.34  0.00 -4.70 0.501  00  01E149M000  1.000
LYS01A0209_014  0.000-11.43  1.12  1.54  0.00 -8.76 0.501  00  01T04CM000  1.000
LYS01A0209_015  0.000 -9.76  3.83  4.22  0.00 -1.71 0.502  00  01T0D3M000  1.000
LYS01A0209_016  0.000 -9.62  2.04  3.68  0.00 -3.90 0.502  00  01T0DFM000  1.000
LYS01A0209_017  0.000-10.34  2.28  4.28  0.00 -3.78 0.502  00  01T0FFM000  1.000
LYS01A0209_018  0.000 -7.55  0.73  4.88  0.00 -1.94 0.501  00  01T100M000  1.000
LYS01A0209_019  0.000-10.51  2.27  4.27  0.00 -3.97 0.501  00  01T128M000  1.000
LYS01A0209_020  0.000 -8.79  1.96  4.32  0.00 -2.51 0.502  00  01T166M000  1.000
LYS+1A0209_021  1.000-12.17  0.50  0.81  0.00-10.87 0.501  00  +1O000M000  1.000
LYS+1A0209_022  1.000-10.59  0.57  0.87  0.00 -9.15 0.502  00  +1E01EM000  1.000
LYS+1A0209_023  1.000-10.51  0.99  1.53  0.00 -8.00 0.502  00  +1E04EM000  1.000
LYS+1A0209_024  1.000-11.01  0.84  4.25  0.00 -5.92 0.501  00  +1E07CM000  1.000
LYS+1A0209_025  1.000-10.68  0.77  1.45  0.00 -8.46 0.501  00  +1E07FM000  1.000
LYS+1A0209_026  1.000-11.81  2.99  6.44  0.00 -2.38 0.501  00  +1E089M000  1.000
LYS+1A0209_027  1.000 -9.22  0.32  0.88  0.00 -8.02 0.502  00  +1E0ADM000  1.000
LYS+1A0209_028  1.000-10.09  0.57  3.67  0.00 -5.85 0.502  00  +1E0CDM000  1.000
LYS+1A0209_029  1.000 -9.92  3.82  4.22  0.00 -1.88 0.502  00  +1E0D3M000  1.000
LYS+1A0209_030  1.000 -9.71  2.07  3.68  0.00 -3.97 0.502  00  +1E0DFM000  1.000
LYS+1A0209_031  1.000 -7.66  0.73  4.88  0.00 -2.05 0.501  00  +1E100M000  1.000
LYS+1A0209_032  1.000 -7.43  0.85  4.89  0.00 -1.69 0.502  00  +1E10DM000  1.000
LYS+1A0209_033  1.000-10.34  2.40  3.71  0.00 -4.23 0.502  00  +1E125M000  1.000
LYS+1A0209_034  1.000-10.58  2.27  4.28  0.00 -4.04 0.501  00  +1E128M000  1.000
LYS+1A0209_035  1.000 -7.51  0.65  2.06  0.00 -4.80 0.502  00  +1E13DM000  1.000
LYS+1A0209_036  1.000-10.22  1.18  4.34  0.00 -4.69 0.501  00  +1E149M000  1.000
LYS+1A0209_037  1.000 -8.86  1.96  4.32  0.00 -2.59 0.502  00  +1E166M000  1.000
LYS+1A0209_038  1.000-11.47  1.11  1.54  0.00 -8.81 0.501  00  +1T04CM000  1.000
LYS+1A0209_039  1.000 -9.86  2.06  1.45  0.00 -6.35 0.501  00  +1T0A5M000  1.000
LYS+1A0209_040  1.000-10.40  2.31  4.28  0.00 -3.80 0.502  00  +1T0FFM000  1.000
