iConf CONFORMER     FL  occ    crg   Em0  pKa0 ne nH    vdw0    vdw1    tors    epol   dsolv   extra    history
00001 LYS01A0209_001 f 0.00  0.000     0  0.00  0  0 -12.250   0.499   0.808  -0.015  -0.034   0.000 01O000M000t
00002 LYS01A0209_002 f 0.00  0.000     0  0.00  0  0 -12.195   0.653   0.806  -0.007   0.050   0.000 01E002M000t
00003 LYS01A0209_003 f 0.00  0.000     0  0.00  0  0 -11.705   0.668   1.450  -0.012  -0.026   0.000 01E00FM000t
00004 LYS01A0209_004 f 0.00  0.000     0  0.00  0  0  -9.629   0.566   1.516  -0.010  -0.141   0.000 01E04FM000t
00005 LYS01A0209_005 f 0.00  0.000     0  0.00  0  0 -11.430   0.484   3.607  -0.019   0.030   0.000 01E059M000t
00006 LYS01A0209_006 f 0.00  0.000     0  0.00  0  0 -12.082   1.703   3.642  -0.030   0.042   0.000 01E077M000t
00007 LYS01A0209_007 f 0.00  0.000     0  0.00  0  0 -11.521   1.984   3.704  -0.027  -0.114   0.000 01E086M000t
00008 LYS01A0209_008 f 0.00  0.000     0  0.00  0  0  -9.995   0.456   4.237  -0.016   0.048   0.000 01E0ABM000t
00009 LYS01A0209_009 f 0.00  0.000     0  0.00  0  0  -9.495   1.955   1.439  -0.013   0.096   0.000 01E0DAM000t
00010 LYS01A0209_010 f 0.00  0.000     0  0.00  0  0 -10.254   2.217   1.492  -0.037   0.104   0.000 01E0FDM000t
00011 LYS01A0209_011 f 0.00  0.000     0  0.00  0  0 -10.201   1.391   1.534  -0.021   0.019   0.000 01E140M000t
00012 LYS01A0209_012 f 0.00  0.000     0  0.00  0  0  -7.488   0.625   2.087  -0.006  -0.072   0.000 01E155M000t
00013 LYS01A0209_013 f 0.00  0.000     0  0.00  0  0  -6.867   1.956   2.078   0.055   0.103   0.000 01E164M000t
00014 LYS01A0209_014 f 0.00  0.000     0  0.00  0  0  -7.302   2.048   2.087  -0.003   0.146   0.000 01E169M000t
00015 LYS01A0209_015 f 0.00  0.000     0  0.00  0  0 -10.919   0.454   0.809  -0.017   0.131   0.000 01T05CM000t
00016 LYS01A0209_016 f 0.00  0.000     0  0.00  0  0 -10.420   0.656   1.450  -0.009   0.089   0.000 01T09CM000t
00017 LYS01A0209_017 f 0.00  0.000     0  0.00  0  0  -9.742   3.945   4.238   0.004  -0.108   0.000 01T0D6M000t
00018 LYS01A0209_018 f 0.00  0.000     0  0.00  0  0 -10.355   1.374   7.140  -0.020   0.151   0.000 01T11EM000t
00019 LYS01A0209_019 f 0.00  0.000     0  0.00  0  0  -7.548   0.789   2.046  -0.008  -0.066   0.000 01T132M000t
00020 LYS01A0209_020 f 0.00  0.000     0  0.00  0  0  -7.452   1.916   4.878   0.040   0.026   0.000 01T163M000t
00021 LYS+1A0209_021 f 0.00  1.000     0 10.40  0  1 -12.295   0.499   0.808   0.056  -0.435   0.000 +1O000M000t
00022 LYS+1A0209_022 f 0.00  1.000     0 10.40  0  1 -12.239   0.653   0.806   0.040  -0.360   0.000 +1E002M000t
00023 LYS+1A0209_023 f 0.00  1.000     0 10.40  0  1 -11.751   0.667   1.450   0.046  -0.218   0.000 +1E00FM000t
00024 LYS+1A0209_024 f 0.00  1.000     0 10.40  0  1  -9.650   0.567   1.516   0.011  -0.153   0.000 +1E04FM000t
00025 LYS+1A0209_025 f 0.00  1.000     0 10.40  0  1 -11.480   0.483   3.607   0.048  -0.377   0.000 +1E059M000t
00026 LYS+1A0209_026 f 0.00  1.000     0 10.40  0  1 -10.971   0.454   0.808   0.108  -0.211   0.000 +1E05CM000t
00027 LYS+1A0209_027 f 0.00  1.000     0 10.40  0  1 -12.082   1.698   3.643   0.136  -0.368   0.000 +1E077M000t
00028 LYS+1A0209_028 f 0.00  1.000     0 10.40  0  1 -11.588   1.980   3.704   0.151   0.070   0.000 +1E086M000t
00029 LYS+1A0209_029 f 0.00  1.000     0 10.40  0  1 -10.092   0.456   4.238   0.087  -0.104   0.000 +1E0ABM000t
00030 LYS+1A0209_030 f 0.00  1.000     0 10.40  0  1  -9.878   3.942   4.238   0.103  -0.120   0.000 +1E0D6M000t
00031 LYS+1A0209_031 f 0.00  1.000     0 10.40  0  1  -9.733   1.945   1.439   0.037  -0.099   0.000 +1E0DAM000t
00032 LYS+1A0209_032 f 0.00  1.000     0 10.40  0  1 -10.346   1.345   7.140   0.405   0.199   0.000 +1E11EM000t
00033 LYS+1A0209_033 f 0.00  1.000     0 10.40  0  1 -10.256   1.400   1.539   0.090  -0.003   0.000 +1E140M000t
00034 LYS+1A0209_034 f 0.00  1.000     0 10.40  0  1  -7.568   0.623   2.087   0.056   0.184   0.000 +1E155M000t
00035 LYS+1A0209_035 f 0.00  1.000     0 10.40  0  1  -7.516   1.907   4.880  -0.194  -0.188   0.000 +1E163M000t
00036 LYS+1A0209_036 f 0.00  1.000     0 10.40  0  1  -6.968   1.975   2.082  -0.295   0.160   0.000 +1E164M000t
00037 LYS+1A0209_037 f 0.00  1.000     0 10.40  0  1 -10.517   0.658   1.449   0.068  -0.215   0.000 +1T09CM000t
00038 LYS+1A0209_038 f 0.00  1.000     0 10.40  0  1 -10.272   2.264   1.492   0.160   0.215   0.000 +1T0FDM000t
00039 LYS+1A0209_039 f 0.00  1.000     0 10.40  0  1  -7.566   0.783   2.048   0.062   0.136   0.000 +1T132M000t
00040 LYS+1A0209_040 f 0.00  1.000     0 10.40  0  1  -7.355   2.048   2.086   0.046   0.220   0.000 +1T169M000t
