   confID        vdw0    sas     sum
LYS01A0209_001   0.665 -12.794 -12.129
LYS01A0209_002   1.712 -12.308 -10.596
LYS01A0209_003   2.204 -12.666 -10.462
LYS01A0209_004   1.735 -12.698 -10.963
LYS01A0209_005   2.079 -12.695 -10.616
LYS01A0209_006   0.969 -12.727 -11.758
LYS01A0209_007   2.061 -11.865  -9.804
LYS01A0209_008   2.776 -11.924  -9.147
LYS01A0209_009   2.271 -12.247  -9.976
LYS01A0209_010   4.795 -12.179  -7.385
LYS01A0209_011   2.322 -12.616 -10.293
LYS01A0209_012   4.917 -12.431  -7.515
LYS01A0209_013   2.354 -12.534 -10.180
LYS01A0209_014   1.540 -12.968 -11.428
LYS01A0209_015   2.524 -12.282  -9.757
LYS01A0209_016   2.148 -11.762  -9.614
LYS01A0209_017   2.276 -12.624 -10.348
LYS01A0209_018   4.823 -12.382  -7.559
LYS01A0209_019   2.173 -12.683 -10.511
LYS01A0209_020   2.901 -11.698  -8.796
LYS+1A0209_021   0.620 -12.794 -12.174
LYS+1A0209_022   1.661 -12.257 -10.596
LYS+1A0209_023   2.148 -12.666 -10.517
LYS+1A0209_024   1.680 -12.698 -11.018
LYS+1A0209_025   2.019 -12.695 -10.677
LYS+1A0209_026   0.924 -12.727 -11.803
LYS+1A0209_027   2.699 -11.872  -9.174
LYS+1A0209_028   2.258 -12.353 -10.095
LYS+1A0209_029   2.416 -12.346  -9.930
LYS+1A0209_030   2.121 -11.830  -9.709
LYS+1A0209_031   4.761 -12.433  -7.673
LYS+1A0209_032   4.745 -12.179  -7.434
LYS+1A0209_033   2.225 -12.564 -10.339
LYS+1A0209_034   2.099 -12.683 -10.585
LYS+1A0209_035   4.856 -12.367  -7.511
LYS+1A0209_036   2.303 -12.518 -10.215
LYS+1A0209_037   2.834 -11.698  -8.863
LYS+1A0209_038   1.499 -12.968 -11.469
LYS+1A0209_039   1.999 -11.865  -9.866
LYS+1A0209_040   2.229 -12.624 -10.395
