CONFORMER         crg  vdw0  vdw1  tors  epol  self   occ  Hb     history    ASA
LYS01A0152_001  0.000-12.25  0.36  0.90  0.00-10.99 0.502  00  01O000M000  1.000
LYS01A0152_002  0.000 -5.48  0.41  0.78  0.00 -4.29 0.501  00  01E026M000  1.000
LYS01A0152_003  0.000-11.68  1.18  6.08  0.00 -4.42 0.501  00  01E06FM000  1.000
LYS01A0152_004  0.000-10.72  1.89  3.92  0.00 -4.91 0.501  00  01E089M000  1.000
LYS01A0152_005  0.000 -7.28  0.78  3.84  0.00 -2.67 0.501  00  01E08CM000  1.000
LYS01A0152_006  0.000 -7.87  0.56  2.12  0.00 -5.18 0.502  00  01E0EAM000  1.000
LYS01A0152_007  0.000-10.31  1.61  3.72  0.00 -4.98 0.501  00  01E15AM000  1.000
LYS01A0152_008  0.000-10.96  0.29  0.90  0.00 -9.77 0.501  00  01T015M000  1.000
LYS01A0152_009  0.000 -9.93  1.90  1.59  0.00 -6.45 0.501  00  01T03FM000  1.000
LYS01A0152_010  0.000-10.92  0.87  1.58  0.00 -8.47 0.502  00  01T049M000  1.000
LYS01A0152_011  0.000-10.79  0.50  0.84  0.00 -9.45 0.502  00  01T06DM000  1.000
LYS01A0152_012  0.000-12.19  1.62  3.51  0.00 -7.06 0.501  00  01T08FM000  1.000
LYS01A0152_013  0.000-12.38  1.61  3.44  0.00 -7.34 0.502  00  01T093M000  1.000
LYS01A0152_014  0.000 -9.98  0.48  1.45  0.00 -8.06 0.501  00  01T0CEM000  1.000
LYS01A0152_015  0.000 -8.88  0.12  1.51  0.00 -7.25 0.501  00  01T0F1M000  1.000
LYS01A0152_016  0.000-10.06  1.27  1.04  0.00 -7.74 0.503  00  01T0FCM000  1.000
LYS01A0152_017  0.000 -9.91  2.07  4.04  0.00 -3.81 0.501  00  01T114M000  1.000
LYS01A0152_018  0.000 -7.61  1.65  4.81  0.00 -1.15 0.501  00  01T11EM000  1.000
LYS01A0152_019  0.000-10.81  1.43  6.37  0.00 -3.01 0.501  00  01T159M000  1.000
LYS+1A0152_020  1.000-12.29  0.36  0.90  0.00-11.03 0.502  00  +1O000M000  1.000
LYS+1A0152_021  1.000-11.12  0.30  0.91  0.00 -9.92 0.501  00  +1E015M000  1.000
LYS+1A0152_022  1.000-11.00  0.87  1.58  0.00 -8.56 0.502  00  +1E049M000  1.000
LYS+1A0152_023  1.000-10.86  0.50  0.85  0.00 -9.51 0.502  00  +1E06DM000  1.000
LYS+1A0152_024  1.000-11.68  1.18  6.11  0.00 -4.40 0.501  00  +1E06FM000  1.000
LYS+1A0152_025  1.000-10.78  1.87  3.98  0.00 -4.93 0.501  00  +1E089M000  1.000
LYS+1A0152_026  1.000 -7.48  0.79  3.88  0.00 -2.81 0.501  00  +1E08CM000  1.000
LYS+1A0152_027  1.000-12.13  1.61  3.53  0.00 -6.99 0.501  00  +1E08FM000  1.000
LYS+1A0152_028  1.000-12.19  1.59  3.49  0.00 -7.11 0.502  00  +1E093M000  1.000
LYS+1A0152_029  1.000 -7.93  0.56  2.12  0.00 -5.25 0.502  00  +1E0EAM000  1.000
LYS+1A0152_030  1.000 -8.99  0.09  1.51  0.00 -7.39 0.501  00  +1E0F1M000  1.000
LYS+1A0152_031  1.000 -7.83  1.65  4.83  0.00 -1.35 0.501  00  +1E11EM000  1.000
LYS+1A0152_032  1.000-10.90  1.41  6.38  0.00 -3.11 0.501  00  +1E159M000  1.000
LYS+1A0152_033  1.000 -5.45  0.41  0.78  0.00 -4.26 0.501  00  +1T026M000  1.000
LYS+1A0152_034  1.000-10.02  1.89  1.59  0.00 -6.54 0.501  00  +1T03FM000  1.000
LYS+1A0152_035  1.000-10.12  0.47  1.45  0.00 -8.20 0.501  00  +1T0CEM000  1.000
LYS+1A0152_036  1.000-10.08  1.29  1.05  0.00 -7.74 0.503  00  +1T0FCM000  1.000
LYS+1A0152_037  1.000 -9.96  2.07  4.05  0.00 -3.84 0.501  00  +1T114M000  1.000
LYS+1A0152_038  1.000-10.43  1.62  3.72  0.00 -5.09 0.501  00  +1T15AM000  1.000
