iConf CONFORMER     FL  occ    crg   Em0  pKa0 ne nH    vdw0    vdw1    tors    epol   dsolv   extra    history
00001 LYS01A0152_001 f 0.00  0.000     0  0.00  0  0 -12.248   0.463   0.898  -0.008  -0.091   0.000 01O000M000t
00002 LYS01A0152_002 f 0.00  0.000     0  0.00  0  0  -5.487   0.527   0.782  -0.018  -0.044   0.000 01E026M000t
00003 LYS01A0152_003 f 0.00  0.000     0  0.00  0  0 -11.682   1.232   6.083  -0.009   0.033   0.000 01E06FM000t
00004 LYS01A0152_004 f 0.00  0.000     0  0.00  0  0 -10.724   1.893   3.916   0.014  -0.117   0.000 01E089M000t
00005 LYS01A0152_005 f 0.00  0.000     0  0.00  0  0  -7.296   0.848   3.842  -0.033   0.041   0.000 01E08CM000t
00006 LYS01A0152_006 f 0.00  0.000     0  0.00  0  0  -7.870   0.610   2.121  -0.008   0.079   0.000 01E0EAM000t
00007 LYS01A0152_007 f 0.00  0.000     0  0.00  0  0 -10.316   1.613   3.717  -0.084   0.086   0.000 01E15AM000t
00008 LYS01A0152_008 f 0.00  0.000     0  0.00  0  0 -10.959   0.394   0.901  -0.015  -0.045   0.000 01T015M000t
00009 LYS01A0152_009 f 0.00  0.000     0  0.00  0  0  -9.928   1.894   1.585  -0.011   0.062   0.000 01T03FM000t
00010 LYS01A0152_010 f 0.00  0.000     0  0.00  0  0 -10.914   0.935   1.576  -0.034   0.005   0.000 01T049M000t
00011 LYS01A0152_011 f 0.00  0.000     0  0.00  0  0 -10.795   0.621   0.844  -0.019   0.090   0.000 01T06DM000t
00012 LYS01A0152_012 f 0.00  0.000     0  0.00  0  0 -12.188   1.684   3.506  -0.030   0.006   0.000 01T08FM000t
00013 LYS01A0152_013 f 0.00  0.000     0  0.00  0  0 -12.377   1.673   3.436  -0.047   0.060   0.000 01T093M000t
00014 LYS01A0152_014 f 0.00  0.000     0  0.00  0  0  -9.979   0.598   1.447  -0.009  -0.093   0.000 01T0CEM000t
00015 LYS01A0152_015 f 0.00  0.000     0  0.00  0  0  -8.879   0.169   1.513  -0.054   0.164   0.000 01T0F1M000t
00016 LYS01A0152_016 f 0.00  0.000     0  0.00  0  0 -10.116   1.322   1.043  -0.043   0.002   0.000 01T0FCM000t
00017 LYS01A0152_017 f 0.00  0.000     0  0.00  0  0  -9.956   2.071   4.033  -0.009  -0.137   0.000 01T114M000t
00018 LYS01A0152_018 f 0.00  0.000     0  0.00  0  0  -7.596   1.658   4.809   0.039  -0.083   0.000 01T11EM000t
00019 LYS01A0152_019 f 0.00  0.000     0  0.00  0  0 -10.769   1.435   6.370  -0.061  -0.035   0.000 01T159M000t
00020 LYS+1A0152_020 f 0.00  1.000     0 10.40  0  1 -12.293   0.463   0.898   0.040  -0.232   0.000 +1O000M000t
00021 LYS+1A0152_021 f 0.00  1.000     0 10.40  0  1 -11.120   0.398   0.910   0.065  -0.228   0.000 +1E015M000t
00022 LYS+1A0152_022 f 0.00  1.000     0 10.40  0  1 -11.001   0.938   1.576   0.183  -0.277   0.000 +1E049M000t
00023 LYS+1A0152_023 f 0.00  1.000     0 10.40  0  1 -10.860   0.622   0.848   0.111  -0.260   0.000 +1E06DM000t
00024 LYS+1A0152_024 f 0.00  1.000     0 10.40  0  1 -11.686   1.231   6.110   0.060  -0.183   0.000 +1E06FM000t
00025 LYS+1A0152_025 f 0.00  1.000     0 10.40  0  1 -10.777   1.865   3.978  -0.154   0.007   0.000 +1E089M000t
00026 LYS+1A0152_026 f 0.00  1.000     0 10.40  0  1  -7.475   0.854   3.880   0.156   0.058   0.000 +1E08CM000t
00027 LYS+1A0152_027 f 0.00  1.000     0 10.40  0  1 -12.129   1.678   3.527   0.140  -0.368   0.000 +1E08FM000t
00028 LYS+1A0152_028 f 0.00  1.000     0 10.40  0  1 -12.192   1.655   3.489   0.201  -0.338   0.000 +1E093M000t
00029 LYS+1A0152_029 f 0.00  1.000     0 10.40  0  1  -7.940   0.607   2.124   0.064  -0.069   0.000 +1E0EAM000t
00030 LYS+1A0152_030 f 0.00  1.000     0 10.40  0  1  -8.988   0.133   1.514   0.301   0.494   0.000 +1E0F1M000t
00031 LYS+1A0152_031 f 0.00  1.000     0 10.40  0  1  -7.842   1.650   4.831  -0.216  -0.102   0.000 +1E11EM000t
00032 LYS+1A0152_032 f 0.00  1.000     0 10.40  0  1 -10.901   1.414   6.382   0.277  -0.119   0.000 +1E159M000t
00033 LYS+1A0152_033 f 0.00  1.000     0 10.40  0  1  -5.450   0.527   0.782   0.073  -0.303   0.000 +1T026M000t
00034 LYS+1A0152_034 f 0.00  1.000     0 10.40  0  1 -10.014   1.893   1.593   0.049  -0.401   0.000 +1T03FM000t
00035 LYS+1A0152_035 f 0.00  1.000     0 10.40  0  1 -10.051   0.593   1.447   0.108  -0.307   0.000 +1T0CEM000t
00036 LYS+1A0152_036 f 0.00  1.000     0 10.40  0  1 -10.078   1.338   1.048   0.171   0.095   0.000 +1T0FCM000t
00037 LYS+1A0152_037 f 0.00  1.000     0 10.40  0  1  -9.960   2.071   4.047   0.033  -0.425   0.000 +1T114M000t
00038 LYS+1A0152_038 f 0.00  1.000     0 10.40  0  1 -10.437   1.624   3.722   0.283   0.087   0.000 +1T15AM000t
