   confID        vdw0    sas     sum
LYS01A0152_001   0.501 -12.749 -12.248
LYS01A0152_002   6.841 -12.328  -5.487
LYS01A0152_003   0.942 -12.624 -11.682
LYS01A0152_004   1.518 -12.242 -10.724
LYS01A0152_005   5.204 -12.500  -7.296
LYS01A0152_006   4.446 -12.316  -7.870
LYS01A0152_007   2.033 -12.348 -10.316
LYS01A0152_008   1.565 -12.524 -10.959
LYS01A0152_009   2.358 -12.286  -9.928
LYS01A0152_010   1.893 -12.807 -10.914
LYS01A0152_011   1.296 -12.091 -10.795
LYS01A0152_012   0.810 -12.997 -12.188
LYS01A0152_013   0.782 -13.159 -12.377
LYS01A0152_014   2.121 -12.100  -9.979
LYS01A0152_015   3.422 -12.301  -8.879
LYS01A0152_016   2.207 -12.323 -10.116
LYS01A0152_017   2.269 -12.225  -9.956
LYS01A0152_018   4.599 -12.196  -7.596
LYS01A0152_019   1.958 -12.727 -10.769
LYS+1A0152_020   0.456 -12.749 -12.293
LYS+1A0152_021   1.472 -12.592 -11.120
LYS+1A0152_022   1.858 -12.858 -11.001
LYS+1A0152_023   1.230 -12.091 -10.860
LYS+1A0152_024   0.899 -12.585 -11.686
LYS+1A0152_025   1.478 -12.255 -10.777
LYS+1A0152_026   5.144 -12.619  -7.475
LYS+1A0152_027   0.766 -12.894 -12.129
LYS+1A0152_028   0.732 -12.924 -12.192
LYS+1A0152_029   4.375 -12.316  -7.940
LYS+1A0152_030   3.313 -12.301  -8.988
LYS+1A0152_031   4.524 -12.366  -7.842
LYS+1A0152_032   1.928 -12.830 -10.901
LYS+1A0152_033   6.810 -12.260  -5.450
LYS+1A0152_034   2.272 -12.286 -10.014
LYS+1A0152_035   2.049 -12.100 -10.051
LYS+1A0152_036   2.113 -12.191 -10.078
LYS+1A0152_037   2.226 -12.186  -9.960
LYS+1A0152_038   1.950 -12.387 -10.437
