CONFORMER         crg  vdw0  vdw1  tors  epol  self   occ  Hb     history    ASA
ARG01A0031_001  0.000-13.59  0.47  0.43  0.00-12.69 0.502  00  01O000M000  1.000
ARG01A0031_002  0.000-13.30  4.02  3.22  0.00 -6.06 0.502  00  01E003M000  1.000
ARG01A0031_003  0.000-12.32  0.62  3.26  0.00 -8.44 0.502  00  01E01FM000  1.000
ARG01A0031_004  0.000-11.94  2.21  0.99  0.00 -8.74 0.502  00  01E049M000  1.000
ARG01A0031_005  0.000-12.12  0.47  0.42  0.00-11.23 0.501  00  01E053M000  1.000
ARG01A0031_006  0.000-12.26  2.62  0.42  0.00 -9.22 0.501  00  01E061M000  1.000
ARG01A0031_007  0.000-12.08  6.43  3.21  0.00 -2.43 0.501  00  01E062M000  1.000
ARG01A0031_008  0.000-11.72  2.08  3.85  0.00 -5.79 0.501  00  01E07CM000  1.000
ARG01A0031_009  0.000 -9.85 -0.19  3.85  0.00 -6.18 0.501  00  01E128M000  1.000
ARG01A0031_010  0.000-10.44  0.53  3.85  0.00 -6.06 0.502  00  01E131M000  1.000
ARG01A0031_011  0.000-10.55  2.34  0.41  0.00 -7.80 0.502  00  01T05FM000  1.000
ARG01A0031_012  0.000-12.76  1.51  3.35  0.00 -7.90 0.502  00  01T073M000  1.000
ARG01A0031_013  0.000-12.76  3.23  3.22  0.00 -6.31 0.502  00  01T077M000  1.000
ARG01A0031_014  0.000-11.41  2.74  3.22  0.00 -5.45 0.502  00  01T0CFM000  1.000
ARG01A0031_015  0.000-11.01  1.93  3.22  0.00 -5.86 0.501  00  01T0DEM000  1.000
ARG01A0031_016  0.000-11.92  1.41  3.37  0.00 -7.15 0.501  00  01T0FDM000  1.000
ARG01A0031_017  0.000-12.23  1.02  3.36  0.00 -7.85 0.502  00  01T0FFM000  1.000
ARG01A0031_018  0.000-11.46  0.90  3.36  0.00 -7.20 0.501  00  01T11CM000  1.000
ARG01A0031_019  0.000 -8.54  0.39  3.87  0.00 -4.28 0.502  00  01T12FM000  1.000
ARG01A0031_020  0.000 -8.74  1.93  1.00  0.00 -5.81 0.502  00  01T13AM000  1.000
ARG02A0031_021  0.000-13.63  0.47  0.43  0.00-12.73 0.502  00  02O000M000  1.000
ARG02A0031_022  0.000-11.14  1.88  3.22  0.00 -6.04 0.501  00  02E0DEM000  1.000
ARG02A0031_023  0.000-12.42  0.62  3.20  0.00 -8.60 0.502  00  02E01FM000  1.000
ARG02A0031_024  0.000-12.07  6.43  3.21  0.00 -2.43 0.501  00  02E062M000  1.000
ARG02A0031_025  0.000-11.77  2.08  3.85  0.00 -5.84 0.501  00  02E07CM000  1.000
ARG02A0031_026  0.000-11.41  2.74  3.22  0.00 -5.45 0.502  00  02E0CFM000  1.000
ARG02A0031_027  0.000-12.18  1.03  3.36  0.00 -7.79 0.502  00  02E0FFM000  1.000
ARG02A0031_028  0.000-11.56  0.91  3.34  0.00 -7.31 0.501  00  02E11CM000  1.000
ARG02A0031_029  0.000 -9.84 -0.18  3.85  0.00 -6.17 0.501  00  02E128M000  1.000
ARG02A0031_030  0.000 -8.46  0.43  3.85  0.00 -4.19 0.502  00  02T12FM000  1.000
ARG02A0031_031  0.000-13.46  4.01  3.21  0.00 -6.24 0.502  00  02T003M000  1.000
ARG02A0031_032  0.000-11.96  2.19  0.99  0.00 -8.78 0.502  00  02T049M000  1.000
ARG02A0031_033  0.000-12.11  0.47  0.42  0.00-11.22 0.501  00  02T053M000  1.000
ARG02A0031_034  0.000-10.88  2.34  0.41  0.00 -8.13 0.502  00  02T05FM000  1.000
ARG02A0031_035  0.000-12.24  2.62  0.42  0.00 -9.21 0.501  00  02T061M000  1.000
ARG02A0031_036  0.000-12.82  1.52  3.35  0.00 -7.95 0.502  00  02T073M000  1.000
ARG02A0031_037  0.000-12.75  3.22  3.22  0.00 -6.30 0.502  00  02T077M000  1.000
ARG02A0031_038  0.000-12.02  1.35  3.35  0.00 -7.32 0.501  00  02T0FDM000  1.000
ARG02A0031_039  0.000-10.49  0.53  3.84  0.00 -6.12 0.502  00  02T131M000  1.000
ARG02A0031_040  0.000 -9.33  1.68  1.00  0.00 -6.66 0.502  00  02T13AM000  1.000
ARG03A0031_041  0.000-13.63  0.47  0.43  0.00-12.74 0.502  00  03O000M000  1.000
ARG03A0031_042  0.000-11.67  0.90  3.35  0.00 -7.42 0.501  00  03E11CM000  1.000
ARG03A0031_043  0.000 -9.89 -0.19  3.85  0.00 -6.23 0.501  00  03E128M000  1.000
ARG03A0031_044  0.000 -8.52  1.98  1.00  0.00 -5.55 0.502  00  03E13AM000  1.000
ARG03A0031_045  0.000-13.45  4.01  3.21  0.00 -6.23 0.502  00  03E003M000  1.000
ARG03A0031_046  0.000-12.10  0.46  0.42  0.00-11.21 0.501  00  03T053M000  1.000
ARG03A0031_047  0.000-12.79  1.51  3.35  0.00 -7.94 0.502  00  03T073M000  1.000
ARG03A0031_048  0.000-10.91  1.86  3.22  0.00 -5.84 0.501  00  03T0DEM000  1.000
ARG03A0031_049  0.000-12.28  2.62  0.42  0.00 -9.24 0.501  00  03T061M000  1.000
ARG03A0031_050  0.000-11.74  2.08  3.85  0.00 -5.81 0.501  00  03T07CM000  1.000
ARG03A0031_051  0.000-11.44  2.75  3.22  0.00 -5.47 0.502  00  03T0CFM000  1.000
ARG03A0031_052  0.000-12.18  1.34  3.36  0.00 -7.48 0.501  00  03T0FDM000  1.000
ARG03A0031_053  0.000 -8.11  0.42  3.85  0.00 -3.84 0.502  00  03T12FM000  1.000
ARG03A0031_054  0.000-10.57  0.53  3.84  0.00 -6.20 0.502  00  03T131M000  1.000
ARG03A0031_055  0.000-12.48  0.62  3.20  0.00 -8.65 0.502  00  03T01FM000  1.000
ARG03A0031_056  0.000-12.02  2.20  0.99  0.00 -8.83 0.502  00  03T049M000  1.000
ARG03A0031_057  0.000-10.63  2.33  0.41  0.00 -7.90 0.502  00  03T05FM000  1.000
ARG03A0031_058  0.000-12.10  6.43  3.21  0.00 -2.46 0.501  00  03T062M000  1.000
ARG03A0031_059  0.000-12.79  3.24  3.22  0.00 -6.33 0.502  00  03T077M000  1.000
ARG03A0031_060  0.000-12.22  0.99  3.36  0.00 -7.87 0.502  00  03T0FFM000  1.000
ARG+1A0031_061  1.000-13.67  0.47  0.43  0.00-12.78 0.502  00  +1O000M000  1.000
ARG+1A0031_062  1.000-12.19  0.46  0.42  0.00-11.31 0.501  00  +1E053M000  1.000
ARG+1A0031_063  1.000-12.33  2.62  0.42  0.00 -9.29 0.501  00  +1E061M000  1.000
ARG+1A0031_064  1.000-12.27  1.34  3.36  0.00 -7.58 0.501  00  +1E0FDM000  1.000
ARG+1A0031_065  1.000-12.27  0.98  3.36  0.00 -7.93 0.502  00  +1E0FFM000  1.000
ARG+1A0031_066  1.000-11.71  0.90  3.35  0.00 -7.46 0.501  00  +1E11CM000  1.000
ARG+1A0031_067  1.000 -9.92 -0.19  3.85  0.00 -6.26 0.501  00  +1E128M000  1.000
ARG+1A0031_068  1.000-10.63  0.53  3.84  0.00 -6.26 0.502  00  +1E131M000  1.000
ARG+1A0031_069  1.000-13.63  4.02  3.21  0.00 -6.40 0.502  00  +1T003M000  1.000
ARG+1A0031_070  1.000-12.58  0.62  3.20  0.00 -8.76 0.502  00  +1T01FM000  1.000
ARG+1A0031_071  1.000-12.01  2.21  0.99  0.00 -8.81 0.502  00  +1T049M000  1.000
ARG+1A0031_072  1.000-10.59  2.32  0.41  0.00 -7.86 0.502  00  +1T05FM000  1.000
ARG+1A0031_073  1.000-12.15  6.43  3.21  0.00 -2.50 0.501  00  +1T062M000  1.000
ARG+1A0031_074  1.000-12.83  1.51  3.35  0.00 -7.98 0.502  00  +1T073M000  1.000
ARG+1A0031_075  1.000-12.83  3.23  3.22  0.00 -6.38 0.502  00  +1T077M000  1.000
ARG+1A0031_076  1.000-11.85  2.08  3.85  0.00 -5.92 0.501  00  +1T07CM000  1.000
ARG+1A0031_077  1.000-11.48  2.74  3.22  0.00 -5.52 0.502  00  +1T0CFM000  1.000
ARG+1A0031_078  1.000-10.97  1.84  3.22  0.00 -5.91 0.501  00  +1T0DEM000  1.000
ARG+1A0031_079  1.000 -8.36  0.42  3.85  0.00 -4.09 0.502  00  +1T12FM000  1.000
ARG+1A0031_080  1.000 -8.55  1.92  1.00  0.00 -5.64 0.502  00  +1T13AM000  1.000
