   confID        vdw0    sas     sum
ARG01A0031_001   1.109 -14.699 -13.590
ARG01A0031_002   1.099 -14.400 -13.301
ARG01A0031_003   2.081 -14.390 -12.309
ARG01A0031_004   2.131 -14.021 -11.890
ARG01A0031_005   2.141 -14.256 -12.116
ARG01A0031_006   2.131 -14.390 -12.259
ARG01A0031_007   2.133 -14.210 -12.077
ARG01A0031_008   2.661 -14.366 -11.704
ARG01A0031_009   4.519 -14.369  -9.850
ARG01A0031_010   4.593 -15.029 -10.435
ARG01A0031_011   3.321 -13.871 -10.549
ARG01A0031_012   2.068 -14.831 -12.764
ARG01A0031_013   1.994 -14.751 -12.758
ARG01A0031_014   3.164 -14.568 -11.404
ARG01A0031_015   3.327 -14.330 -11.003
ARG01A0031_016   2.771 -14.701 -11.930
ARG01A0031_017   2.696 -14.986 -12.290
ARG01A0031_018   3.039 -14.487 -11.448
ARG01A0031_019   4.989 -13.534  -8.545
ARG01A0031_020   4.854 -13.610  -8.755
ARG02A0031_021   1.070 -14.699 -13.629
ARG02A0031_022   3.193 -14.333 -11.140
ARG02A0031_023   2.101 -14.519 -12.417
ARG02A0031_024   2.143 -14.210 -12.067
ARG02A0031_025   2.652 -14.433 -11.781
ARG02A0031_026   3.164 -14.568 -11.404
ARG02A0031_027   2.698 -14.874 -12.176
ARG02A0031_028   3.057 -14.619 -11.561
ARG02A0031_029   4.534 -14.369  -9.835
ARG02A0031_030   4.929 -13.383  -8.454
ARG02A0031_031   1.118 -14.519 -13.401
ARG02A0031_032   2.111 -14.073 -11.961
ARG02A0031_033   2.146 -14.256 -12.110
ARG02A0031_034   2.995 -13.803 -10.808
ARG02A0031_035   2.149 -14.390 -12.241
ARG02A0031_036   2.081 -14.899 -12.818
ARG02A0031_037   2.008 -14.751 -12.744
ARG02A0031_038   2.804 -14.759 -11.956
ARG02A0031_039   4.588 -15.141 -10.553
ARG02A0031_040   4.538 -13.870  -9.333
ARG03A0031_041   1.065 -14.699 -13.635
ARG03A0031_042   3.024 -14.686 -11.662
ARG03A0031_043   4.478 -14.369  -9.891
ARG03A0031_044   5.110 -13.610  -8.500
ARG03A0031_045   1.066 -14.515 -13.449
ARG03A0031_046   2.113 -14.205 -12.091
ARG03A0031_047   2.040 -14.831 -12.791
ARG03A0031_048   3.435 -14.342 -10.908
ARG03A0031_049   2.111 -14.390 -12.279
ARG03A0031_050   2.630 -14.366 -11.736
ARG03A0031_051   3.129 -14.568 -11.438
ARG03A0031_052   2.783 -14.956 -12.173
ARG03A0031_053   5.215 -13.331  -8.117
ARG03A0031_054   4.569 -15.141 -10.572
ARG03A0031_055   2.043 -14.519 -12.476
ARG03A0031_056   2.056 -14.073 -12.016
ARG03A0031_057   3.305 -13.935 -10.630
ARG03A0031_058   2.108 -14.210 -12.102
ARG03A0031_059   1.957 -14.751 -12.794
ARG03A0031_060   2.659 -14.874 -12.215
ARG+1A0031_061   1.026 -14.699 -13.673
ARG+1A0031_062   2.065 -14.256 -12.191
ARG+1A0031_063   2.057 -14.390 -12.333
ARG+1A0031_064   2.737 -14.956 -12.219
ARG+1A0031_065   2.603 -14.874 -12.271
ARG+1A0031_066   2.980 -14.686 -11.707
ARG+1A0031_067   4.444 -14.369  -9.925
ARG+1A0031_068   4.510 -15.141 -10.631
ARG+1A0031_069   1.016 -14.583 -13.567
ARG+1A0031_070   2.000 -14.583 -12.583
ARG+1A0031_071   2.013 -14.021 -12.008
ARG+1A0031_072   3.282 -13.871 -10.589
ARG+1A0031_073   2.064 -14.210 -12.147
ARG+1A0031_074   1.995 -14.831 -12.836
ARG+1A0031_075   1.926 -14.751 -12.825
ARG+1A0031_076   2.579 -14.433 -11.854
ARG+1A0031_077   3.089 -14.568 -11.478
ARG+1A0031_078   3.371 -14.342 -10.971
ARG+1A0031_079   5.159 -13.511  -8.353
ARG+1A0031_080   5.073 -13.610  -8.537
