iConf CONFORMER     FL  occ    crg   Em0  pKa0 ne nH    vdw0    vdw1    tors    epol   dsolv   extra    history
00001 HIS01A0082_001 f 0.00  0.000     0  0.00  0  0 -11.693   0.295   0.000   0.300   0.261   0.000 01O000M000t
00002 HIS01A0082_002 f 0.00  0.000     0  0.00  0  0 -12.170   0.282   0.000   0.220   0.271   0.000 01R001M000t
00003 HIS01A0082_003 f 0.00  0.000     0  0.00  0  0 -11.903   1.003   2.800   0.341   0.370   0.000 01E004M000t
00004 HIS01A0082_004 f 0.00  0.000     0  0.00  0  0 -11.851   2.209   0.000   0.119   0.478   0.000 01E005M000t
00005 HIS01A0082_005 f 0.00  0.000     0  0.00  0  0 -11.685   5.843   0.009   0.172   0.544   0.000 01E00BM000t
00006 HIS01A0082_006 f 0.00  0.000     0  0.00  0  0 -11.326   5.652   2.800   0.552   0.398   0.000 01E010M000t
00007 HIS01A0082_007 f 0.00  0.000     0  0.00  0  0 -11.480   1.546   2.800   0.382   0.262   0.000 01E018M000t
00008 HIS01A0082_008 f 0.00  0.000     0  0.00  0  0 -11.452   6.215   2.799   0.302   0.590   0.000 01T003M000t
00009 HIS01A0082_009 f 0.00  0.000     0  0.00  0  0 -11.886   1.250   0.000   0.352   0.108   0.000 01T008M000t
00010 HIS01A0082_010 f 0.00  0.000     0  0.00  0  0 -12.049   7.157   2.800   0.283   0.446   0.000 01T00AM000t
00011 HIS01A0082_011 f 0.00  0.000     0  0.00  0  0 -11.649   2.224   0.000   0.022   0.609   0.000 01T00CM000t
00012 HIS01A0082_012 f 0.00  0.000     0  0.00  0  0 -11.791   4.799   0.006   0.325   0.357   0.000 01T00EM000t
00013 HIS01A0082_013 f 0.00  0.000     0  0.00  0  0 -11.429   1.993   0.001   0.382   0.457   0.000 01T00FM000t
00014 HIS01A0082_014 f 0.00  0.000     0  0.00  0  0 -11.712   1.099   0.000   0.382   0.467   0.000 01T011M000t
00015 HIS01A0082_015 f 0.00  0.000     0  0.00  0  0 -12.095   4.306   2.800   0.245   0.344   0.000 01T014M000t
00016 HIS01A0082_016 f 0.00  0.000     0  0.00  0  0 -12.097   1.794   2.800   0.247   0.489   0.000 01T015M000t
00017 HIS01A0082_017 f 0.00  0.000     0  0.00  0  0 -12.594   2.924   2.800   0.374   0.377   0.000 01T017M000t
00018 HIS02A0082_018 f 0.00  0.000     0  0.00  0  0 -11.709   0.273   0.000   0.157   0.049   0.000 02O000M000t
00019 HIS02A0082_019 f 0.00  0.000     0  0.00  0  0 -12.183   0.264   0.000   0.142   0.235   0.000 02R001M000t
00020 HIS02A0082_020 f 0.00  0.000     0  0.00  0  0 -11.413   6.155   2.799   0.314   0.292   0.000 02E003M000t
00021 HIS02A0082_021 f 0.00  0.000     0  0.00  0  0 -11.919   0.966   2.800   0.164   0.336   0.000 02E004M000t
00022 HIS02A0082_022 f 0.00  0.000     0  0.00  0  0 -11.788   1.252   0.000   0.239   0.108   0.000 02E008M000t
00023 HIS02A0082_023 f 0.00  0.000     0  0.00  0  0 -12.068   7.132   2.800   0.263   0.201   0.000 02E00AM000t
00024 HIS02A0082_024 f 0.00  0.000     0  0.00  0  0 -11.596   2.137   0.001   0.433   0.493   0.000 02E00CM000t
00025 HIS02A0082_025 f 0.00  0.000     0  0.00  0  0 -12.178   4.263   2.799   0.278   0.416   0.000 02E014M000t
00026 HIS02A0082_026 f 0.00  0.000     0  0.00  0  0 -11.809   0.962   2.800   0.211   0.208   0.000 02E016M000t
00027 HIS02A0082_027 f 0.00  0.000     0  0.00  0  0 -12.566   2.965   2.800   0.275   0.114   0.000 02E017M000t
00028 HIS02A0082_028 f 0.00  0.000     0  0.00  0  0 -11.769   1.057   0.000   0.214   0.159   0.000 02T002M000t
00029 HIS02A0082_029 f 0.00  0.000     0  0.00  0  0 -11.749   2.177   0.000   0.208   0.455   0.000 02T005M000t
00030 HIS02A0082_030 f 0.00  0.000     0  0.00  0  0 -11.632   5.759   0.013   0.050   0.330   0.000 02T00BM000t
00031 HIS02A0082_031 f 0.00  0.000     0  0.00  0  0 -11.858   4.785   0.005   0.230   0.208   0.000 02T00EM000t
00032 HIS02A0082_032 f 0.00  0.000     0  0.00  0  0 -11.345   5.631   2.799   0.389   0.331   0.000 02T010M000t
00033 HIS02A0082_033 f 0.00  0.000     0  0.00  0  0 -11.598   1.187   0.000   0.353   0.465   0.000 02T011M000t
00034 HIS02A0082_034 f 0.00  0.000     0  0.00  0  0 -12.177   1.781   2.800   0.242   0.398   0.000 02T015M000t
00035 HIS02A0082_035 f 0.00  0.000     0  0.00  0  0 -11.500   1.530   2.800   0.225   0.266   0.000 02T018M000t
00036 HIS+1A0082_036 f 0.00  1.000     0  6.98  0  1 -11.736   0.271   0.000   0.457  -0.392   0.000 +1O000M000t
00037 HIS+1A0082_037 f 0.00  1.000     0  6.98  0  1 -11.777   1.063   0.000   0.475  -0.145   0.000 +1E002M000t
00038 HIS+1A0082_038 f 0.00  1.000     0  6.98  0  1 -11.945   0.964   2.800   0.404  -0.273   0.000 +1E004M000t
00039 HIS+1A0082_039 f 0.00  1.000     0  6.98  0  1 -11.891   2.166   0.000   0.556  -0.044   0.000 +1E005M000t
00040 HIS+1A0082_040 f 0.00  1.000     0  6.98  0  1 -11.921   0.249   0.000   0.488  -0.290   0.000 +1E007M000t
00041 HIS+1A0082_041 f 0.00  1.000     0  6.98  0  1 -11.815   1.247   0.000   0.586  -0.506   0.000 +1E008M000t
00042 HIS+1A0082_042 f 0.00  1.000     0  6.98  0  1 -11.854   5.967   0.008   0.348   0.125   0.000 +1E00BM000t
00043 HIS+1A0082_043 f 0.00  1.000     0  6.98  0  1 -11.623   2.151   0.001   0.843   0.251   0.000 +1E00CM000t
00044 HIS+1A0082_044 f 0.00  1.000     0  6.98  0  1 -11.476   2.009   0.001   0.670  -0.293   0.000 +1E00FM000t
00045 HIS+1A0082_045 f 0.00  1.000     0  6.98  0  1 -11.391   5.660   2.800   0.439  -0.308   0.000 +1E010M000t
00046 HIS+1A0082_046 f 0.00  1.000     0  6.98  0  1 -12.204   4.272   2.800   0.505  -0.146   0.000 +1E014M000t
00047 HIS+1A0082_047 f 0.00  1.000     0  6.98  0  1 -11.836   0.961   2.800   0.424  -0.532   0.000 +1E016M000t
00048 HIS+1A0082_048 f 0.00  1.000     0  6.98  0  1 -11.543   6.177   2.800   0.371  -0.373   0.000 +1T003M000t
00049 HIS+1A0082_049 f 0.00  1.000     0  6.98  0  1 -12.094   7.127   2.800   0.517  -0.408   0.000 +1T00AM000t
00050 HIS+1A0082_050 f 0.00  1.000     0  6.98  0  1 -11.885   4.771   0.005   0.483  -0.386   0.000 +1T00EM000t
00051 HIS+1A0082_051 f 0.00  1.000     0  6.98  0  1 -11.692   1.182   0.000   0.376  -0.222   0.000 +1T011M000t
00052 HIS+1A0082_052 f 0.00  1.000     0  6.98  0  1 -12.204   1.783   2.800   0.498  -0.163   0.000 +1T015M000t
00053 HIS+1A0082_053 f 0.00  1.000     0  6.98  0  1 -12.691   2.933   2.800   0.499  -0.347   0.000 +1T017M000t
00054 HIS+1A0082_054 f 0.00  1.000     0  6.98  0  1 -11.526   1.521   2.800   0.457  -0.312   0.000 +1T018M000t
