CONFORMER         crg  vdw0  vdw1  tors  epol  self   occ  Hb     history    ASA
HIS01A0082_001  0.000-11.69  0.25  0.00  0.00-11.44 0.521  00  01O000M000  1.000
HIS01A0082_002  0.000-12.17  0.24  0.00  0.00-11.93 0.521  00  01R001M000  1.000
HIS01A0082_003  0.000-11.90  1.01  2.80  0.00 -8.10 0.520  00  01E004M000  1.000
HIS01A0082_004  0.000-11.85  2.17  0.00  0.00 -9.68 0.519  00  01E005M000  1.000
HIS01A0082_005  0.000-11.69  5.83  0.01  0.00 -5.85 0.520  00  01E00BM000  1.000
HIS01A0082_006  0.000-11.33  5.64  2.80  0.00 -2.88 0.519  00  01E010M000  1.000
HIS01A0082_007  0.000-11.48  1.55  2.80  0.00 -7.13 0.520  00  01E018M000  1.000
HIS01A0082_008  0.000-11.45  6.21  2.80  0.00 -2.44 0.521  00  01T003M000  1.000
HIS01A0082_009  0.000-11.89  1.21  0.00  0.00-10.68 0.519  00  01T008M000  1.000
HIS01A0082_010  0.000-12.05  7.15  2.80  0.00 -2.10 0.519  00  01T00AM000  1.000
HIS01A0082_011  0.000-11.65  2.22  0.00  0.00 -9.43 0.520  00  01T00CM000  1.000
HIS01A0082_012  0.000-11.79  4.80  0.01  0.00 -6.98 0.520  00  01T00EM000  1.000
HIS01A0082_013  0.000-11.43  2.00  0.00  0.00 -9.43 0.520  00  01T00FM000  1.000
HIS01A0082_014  0.000-11.71  1.10  0.00  0.00-10.61 0.518  00  01T011M000  1.000
HIS01A0082_015  0.000-12.09  4.31  2.80  0.00 -4.98 0.520  00  01T014M000  1.000
HIS01A0082_016  0.000-12.10  1.79  2.80  0.00 -7.51 0.518  00  01T015M000  1.000
HIS01A0082_017  0.000-12.59  2.93  2.80  0.00 -6.87 0.521  00  01T017M000  1.000
HIS02A0082_018  0.000-11.71  0.23  0.00  0.00-11.48 0.521  00  02O000M000  1.000
HIS02A0082_019  0.000-12.18  0.22  0.00  0.00-11.96 0.521  00  02R001M000  1.000
HIS02A0082_020  0.000-11.41  6.15  2.80  0.00 -2.46 0.521  00  02E003M000  1.000
HIS02A0082_021  0.000-11.92  0.97  2.80  0.00 -8.15 0.520  00  02E004M000  1.000
HIS02A0082_022  0.000-11.79  1.21  0.00  0.00-10.57 0.519  00  02E008M000  1.000
HIS02A0082_023  0.000-12.07  7.12  2.80  0.00 -2.15 0.519  00  02E00AM000  1.000
HIS02A0082_024  0.000-11.60  2.15  0.00  0.00 -9.45 0.520  00  02E00CM000  1.000
HIS02A0082_025  0.000-12.18  4.27  2.80  0.00 -5.11 0.520  00  02E014M000  1.000
HIS02A0082_026  0.000-11.81  0.97  2.80  0.00 -8.04 0.521  00  02E016M000  1.000
HIS02A0082_027  0.000-12.52  2.97  2.80  0.00 -6.75 0.521  00  02E017M000  1.000
HIS02A0082_028  0.000-11.77  1.06  0.00  0.00-10.71 0.520  00  02T002M000  1.000
HIS02A0082_029  0.000-11.75  2.13  0.00  0.00 -9.62 0.519  00  02T005M000  1.000
HIS02A0082_030  0.000-11.63  5.77  0.01  0.00 -5.85 0.520  00  02T00BM000  1.000
HIS02A0082_031  0.000-11.86  4.78  0.01  0.00 -7.07 0.520  00  02T00EM000  1.000
HIS02A0082_032  0.000-11.35  5.63  2.80  0.00 -2.92 0.519  00  02T010M000  1.000
HIS02A0082_033  0.000-11.60  1.18  0.00  0.00-10.42 0.518  00  02T011M000  1.000
HIS02A0082_034  0.000-12.18  1.79  2.80  0.00 -7.59 0.518  00  02T015M000  1.000
HIS02A0082_035  0.000-11.50  1.53  2.80  0.00 -7.17 0.520  00  02T018M000  1.000
HIS+1A0082_036  1.000-11.74  0.23  0.00  0.00-11.51 0.521  00  +1O000M000  1.000
HIS+1A0082_037  1.000-11.78  1.06  0.00  0.00-10.72 0.520  00  +1E002M000  1.000
HIS+1A0082_038  1.000-11.95  0.97  2.80  0.00 -8.18 0.520  00  +1E004M000  1.000
HIS+1A0082_039  1.000-11.89  2.13  0.00  0.00 -9.76 0.519  00  +1E005M000  1.000
HIS+1A0082_040  1.000-11.92  0.21  0.00  0.00-11.71 0.520  00  +1E007M000  1.000
HIS+1A0082_041  1.000-11.81  1.21  0.00  0.00-10.61 0.519  00  +1E008M000  1.000
HIS+1A0082_042  1.000-11.85  5.96  0.01  0.00 -5.88 0.520  00  +1E00BM000  1.000
HIS+1A0082_043  1.000-11.62  2.15  0.00  0.00 -9.48 0.520  00  +1E00CM000  1.000
HIS+1A0082_044  1.000-11.48  2.01  0.00  0.00 -9.46 0.520  00  +1E00FM000  1.000
HIS+1A0082_045  1.000-11.39  5.67  2.80  0.00 -2.92 0.519  00  +1E010M000  1.000
HIS+1A0082_046  1.000-12.20  4.27  2.80  0.00 -5.13 0.520  00  +1E014M000  1.000
HIS+1A0082_047  1.000-11.84  0.96  2.80  0.00 -8.07 0.521  00  +1E016M000  1.000
HIS+1A0082_048  1.000-11.54  6.18  2.80  0.00 -2.56 0.521  00  +1T003M000  1.000
HIS+1A0082_049  1.000-12.03  7.12  2.80  0.00 -2.10 0.519  00  +1T00AM000  1.000
HIS+1A0082_050  1.000-11.89  4.77  0.01  0.00 -7.11 0.520  00  +1T00EM000  1.000
HIS+1A0082_051  1.000-11.62  1.19  0.00  0.00-10.44 0.518  00  +1T011M000  1.000
HIS+1A0082_052  1.000-12.20  1.79  2.80  0.00 -7.62 0.518  00  +1T015M000  1.000
HIS+1A0082_053  1.000-12.64  2.94  2.80  0.00 -6.91 0.521  00  +1T017M000  1.000
HIS+1A0082_054  1.000-11.53  1.53  2.80  0.00 -7.20 0.520  00  +1T018M000  1.000
