   confID        vdw0    sas     sum
HIS01A0082_001  -0.256 -11.437 -11.693
HIS01A0082_002  -0.232 -11.938 -12.170
HIS01A0082_003  -0.256 -11.647 -11.903
HIS01A0082_004  -0.360 -11.492 -11.851
HIS01A0082_005  -0.366 -11.320 -11.685
HIS01A0082_006  -0.199 -11.127 -11.326
HIS01A0082_007  -0.237 -11.243 -11.480
HIS01A0082_008  -0.252 -11.199 -11.452
HIS01A0082_009  -0.309 -11.576 -11.886
HIS01A0082_010  -0.201 -11.848 -12.049
HIS01A0082_011  -0.312 -11.338 -11.649
HIS01A0082_012  -0.312 -11.478 -11.791
HIS01A0082_013  -0.235 -11.194 -11.429
HIS01A0082_014  -0.311 -11.401 -11.712
HIS01A0082_015  -0.360 -11.736 -12.095
HIS01A0082_016  -0.312 -11.785 -12.097
HIS01A0082_017  -0.309 -12.285 -12.594
HIS02A0082_018  -0.272 -11.437 -11.709
HIS02A0082_019  -0.244 -11.938 -12.183
HIS02A0082_020  -0.268 -11.144 -11.413
HIS02A0082_021  -0.272 -11.647 -11.919
HIS02A0082_022  -0.328 -11.460 -11.788
HIS02A0082_023  -0.220 -11.848 -12.068
HIS02A0082_024  -0.326 -11.270 -11.596
HIS02A0082_025  -0.373 -11.805 -12.178
HIS02A0082_026  -0.223 -11.587 -11.809
HIS02A0082_027  -0.328 -12.238 -12.566
HIS02A0082_028  -0.267 -11.503 -11.769
HIS02A0082_029  -0.373 -11.377 -11.749
HIS02A0082_030  -0.377 -11.255 -11.632
HIS02A0082_031  -0.331 -11.527 -11.858
HIS02A0082_032  -0.219 -11.127 -11.345
HIS02A0082_033  -0.329 -11.270 -11.598
HIS02A0082_034  -0.328 -11.849 -12.177
HIS02A0082_035  -0.257 -11.243 -11.500
HIS+1A0082_036  -0.299 -11.437 -11.736
HIS+1A0082_037  -0.293 -11.484 -11.777
HIS+1A0082_038  -0.299 -11.647 -11.945
HIS+1A0082_039  -0.399 -11.492 -11.891
HIS+1A0082_040  -0.249 -11.672 -11.921
HIS+1A0082_041  -0.355 -11.460 -11.815
HIS+1A0082_042  -0.402 -11.451 -11.854
HIS+1A0082_043  -0.353 -11.270 -11.623
HIS+1A0082_044  -0.282 -11.194 -11.476
HIS+1A0082_045  -0.246 -11.146 -11.391
HIS+1A0082_046  -0.399 -11.805 -12.204
HIS+1A0082_047  -0.249 -11.587 -11.836
HIS+1A0082_048  -0.295 -11.248 -11.543
HIS+1A0082_049  -0.246 -11.848 -12.094
HIS+1A0082_050  -0.358 -11.527 -11.885
HIS+1A0082_051  -0.355 -11.337 -11.692
HIS+1A0082_052  -0.355 -11.849 -12.204
HIS+1A0082_053  -0.355 -12.337 -12.691
HIS+1A0082_054  -0.283 -11.243 -11.526
