iConf CONFORMER     FL  occ    crg   Em0  pKa0 ne nH    vdw0    vdw1    tors    epol   dsolv   extra    history
00001 GLU01A0288_001 f 0.00  0.000     0  0.00  0  0  -4.955  66.474   3.823   1.051   0.471   0.000 01O000M000t
00002 GLU01A0288_002 f 0.00  0.000     0  0.00  0  0  -4.637  -0.557   3.411   0.021  -0.549   0.000 01E047M000t
00003 GLU01A0288_003 f 0.00  0.000     0  0.00  0  0  -4.760   1.211   6.012   0.075  -0.574   0.000 01E04CM000t
00004 GLU01A0288_004 f 0.00  0.000     0  0.00  0  0  -4.825   1.023   3.601   0.099  -0.536   0.000 01E060M000t
00005 GLU01A0288_005 f 0.00  0.000     0  0.00  0  0  -4.955  66.474   1.098  -0.720   0.670   0.000 01O000M000t
00006 GLU01A0288_006 f 0.00  0.000     0  0.00  0  0  -4.202  -0.183   1.810  -0.011   0.676   0.000 01E005M000t
00007 GLU01A0288_007 f 0.00  0.000     0  0.00  0  0  -4.588   1.441   0.759  -0.256   0.796   0.000 01E015M000t
00008 GLU01A0288_008 f 0.00  0.000     0  0.00  0  0  -4.570  -0.611   1.950   0.065   0.654   0.000 01E01EM000t
00009 GLU01A0288_009 f 0.00  0.000     0  0.00  0  0  -4.481  -0.551   0.735   0.068   0.669   0.000 01E02FM000t
00010 GLU01A0288_010 f 0.00  0.000     0  0.00  0  0  -4.749  -0.844   1.848   0.075   0.739   0.000 01E035M000t
00011 GLU01A0288_011 f 0.00  0.000     0  0.00  0  0  -4.819   1.252   3.346   0.053   0.666   0.000 01E04CM000t
00012 GLU01A0288_012 f 0.00  0.000     0  0.00  0  0  -4.721   0.392   4.399   0.033   0.678   0.000 01E063M000t
00013 GLU01A0288_013 f 0.00  0.000     0  0.00  0  0  -4.955 999.000   3.818   1.057   0.471   0.000 01T000M000t
00014 GLU01A0288_014 f 0.00  0.000     0  0.00  0  0  -4.200  -0.193   4.366   0.651   0.269   0.000 01T005M000t
00015 GLU01A0288_015 f 0.00  0.000     0  0.00  0  0  -4.298  -0.238   4.707   0.063  -0.344   0.000 01T028M000t
00016 GLU01A0288_016 f 0.00  0.000     0  0.00  0  0  -4.503  -0.560   3.404   0.101  -0.637   0.000 01T02FM000t
00017 GLU01A0288_017 f 0.00  0.000     0  0.00  0  0  -4.613   0.338   6.038   0.076  -0.261   0.000 01T062M000t
00018 GLU01A0288_018 f 0.00  0.000     0  0.00  0  0  -4.731  -0.029   6.023   0.206  -0.516   0.000 01T06AM000t
00019 GLU01A0288_019 f 0.00  0.000     0  0.00  0  0  -4.588   1.441   3.471  -0.288  -0.457   0.000 01T015M000t
00020 GLU01A0288_020 f 0.00  0.000     0  0.00  0  0  -4.711  -0.113   5.698   0.028  -0.579   0.000 01T01CM000t
00021 GLU01A0288_021 f 0.00  0.000     0  0.00  0  0  -4.567  -0.610   4.606   0.133  -0.256   0.000 01T01EM000t
00022 GLU01A0288_022 f 0.00  0.000     0  0.00  0  0  -4.723  -0.843   4.565   0.111  -0.349   0.000 01T035M000t
00023 GLU01A0288_023 f 0.00  0.000     0  0.00  0  0  -4.071   0.217   4.763   0.105  -0.254   0.000 01T040M000t
00024 GLU01A0288_024 f 0.00  0.000     0  0.00  0  0  -4.462   0.284   4.688   0.038  -0.639   0.000 01T043M000t
00025 GLU01A0288_025 f 0.00  0.000     0  0.00  0  0  -4.678   0.068   4.584   0.108  -0.365   0.000 01T04BM000t
00026 GLU01A0288_026 f 0.00  0.000     0  0.00  0  0  -4.721   0.392   7.119   0.028  -0.599   0.000 01T063M000t
00027 GLU01A0288_027 f 0.00  0.000     0  0.00  0  0  -5.123   2.026   3.969   0.314  -0.165   0.000 01T000M000t
00028 GLU01A0288_028 f 0.00  0.000     0  0.00  0  0  -4.128   0.212   1.987   0.031   0.632   0.000 01T040M000t
00029 GLU01A0288_029 f 0.00  0.000     0  0.00  0  0  -4.665   0.125   1.847   0.049   0.686   0.000 01T04BM000t
00030 GLU01A0288_030 f 0.00  0.000     0  0.00  0  0  -4.737  -0.113   2.978   0.028   0.747   0.000 01T01CM000t
00031 GLU01A0288_031 f 0.00  0.000     0  0.00  0  0  -4.126  -0.236   2.036   0.034   0.727   0.000 01T028M000t
00032 GLU01A0288_032 f 0.00  0.000     0  0.00  0  0  -4.462   0.284   1.968   0.029   0.687   0.000 01T043M000t
00033 GLU01A0288_033 f 0.00  0.000     0  0.00  0  0  -4.667   0.535   0.821  -0.034   0.832   0.000 01T048M000t
00034 GLU01A0288_034 f 0.00  0.000     0  0.00  0  0  -4.708   0.416   0.875   0.023   0.708   0.000 01T060M000t
00035 GLU01A0288_035 f 0.00  0.000     0  0.00  0  0  -4.593  -0.049   3.333   0.167   0.767   0.000 01T06AM000t
00036 GLU01A0288_036 f 0.00  0.000     0  0.00  0  0  -5.123   2.026   1.249  -0.036   0.720   0.000 01T000M000t
00037 GLU02A0288_037 f 0.00  0.000     0  0.00  0  0  -4.825  51.178   3.818  -1.048  -0.688   0.000 02O000M000t
00038 GLU02A0288_038 f 0.00  0.000     0  0.00  0  0  -4.583  -0.129   5.652   0.222  -0.314   0.000 02E01CM000t
00039 GLU02A0288_039 f 0.00  0.000     0  0.00  0  0  -4.542   0.267   5.618   0.030  -0.807   0.000 02E041M000t
00040 GLU02A0288_040 f 0.00  0.000     0  0.00  0  0  -4.827   0.382   7.093   0.068  -0.755   0.000 02E063M000t
00041 GLU02A0288_041 f 0.00  0.000     0  0.00  0  0  -4.825  51.178   1.098  -0.940   0.713   0.000 02O000M000t
00042 GLU02A0288_042 f 0.00  0.000     0  0.00  0  0  -4.637   1.706   3.413   1.475   0.325   0.000 02T015M000t
00043 GLU02A0288_043 f 0.00  0.000     0  0.00  0  0  -4.699  -0.863   4.460   0.215  -0.604   0.000 02T035M000t
00044 GLU02A0288_044 f 0.00  0.000     0  0.00  0  0  -4.732   1.046   3.569   0.544   0.013   0.000 02T048M000t
00045 GLU02A0288_045 f 0.00  0.000     0  0.00  0  0  -4.799   1.198   6.012   0.084  -0.742   0.000 02T04CM000t
00046 GLU02A0288_046 f 0.00  0.000     0  0.00  0  0  -4.771   0.207   5.996  -0.415   0.063   0.000 02T06AM000t
00047 GLU02A0288_047 f 0.00  0.000     0  0.00  0  0  -4.337  -0.271   4.486  -0.000  -0.758   0.000 02T005M000t
00048 GLU02A0288_048 f 0.00  0.000     0  0.00  0  0  -4.858  -0.603   4.628   0.082  -0.868   0.000 02T01EM000t
00049 GLU02A0288_049 f 0.00  0.000     0  0.00  0  0  -4.289  -0.226   4.780   0.062  -0.747   0.000 02T028M000t
00050 GLU02A0288_050 f 0.00  0.000     0  0.00  0  0  -4.522  -0.559   3.428   0.097  -0.486   0.000 02T02FM000t
00051 GLU02A0288_051 f 0.00  0.000     0  0.00  0  0  -4.464   0.259   4.669   0.085  -0.658   0.000 02T043M000t
00052 GLU02A0288_052 f 0.00  0.000     0  0.00  0  0  -4.693   0.172   4.390   0.116  -0.577   0.000 02T04BM000t
00053 GLU02A0288_053 f 0.00  0.000     0  0.00  0  0  -4.669   0.985   3.594   0.669  -0.077   0.000 02T060M000t
00054 GLU02A0288_054 f 0.00  0.000     0  0.00  0  0  -4.679   0.349   6.052   0.031  -1.008   0.000 02T062M000t
00055 GLU02A0288_055 f 0.00  0.000     0  0.00  0  0  -4.956   2.169   3.967  -0.195  -0.825   0.000 02T000M000t
00056 GLU02A0288_056 f 0.00  0.000     0  0.00  0  0  -4.527  -0.223   1.686  -0.017   0.670   0.000 02T005M000t
00057 GLU02A0288_057 f 0.00  0.000     0  0.00  0  0  -4.583  -0.130   2.932   0.058   0.621   0.000 02T01CM000t
00058 GLU02A0288_058 f 0.00  0.000     0  0.00  0  0  -4.773  -0.621   1.805   0.072   0.622   0.000 02T01EM000t
00059 GLU02A0288_059 f 0.00  0.000     0  0.00  0  0  -4.541   0.267   2.893   0.028   0.594   0.000 02T041M000t
00060 GLU02A0288_060 f 0.00  0.000     0  0.00  0  0  -4.828   0.381   4.368   0.038   0.564   0.000 02T063M000t
00061 GLU02A0288_061 f 0.00  0.000     0  0.00  0  0  -4.700   0.207   3.276   0.134   0.633   0.000 02T06AM000t
00062 GLU02A0288_062 f 0.00  0.000     0  0.00  0  0  -4.615   2.086   0.720  -0.186   0.663   0.000 02T015M000t
00063 GLU02A0288_063 f 0.00  0.000     0  0.00  0  0  -4.289  -0.226   2.060   0.040   0.552   0.000 02T028M000t
00064 GLU02A0288_064 f 0.00  0.000     0  0.00  0  0  -4.522  -0.559   0.708   0.055   0.568   0.000 02T02FM000t
00065 GLU02A0288_065 f 0.00  0.000     0  0.00  0  0  -4.685  -0.843   1.690   0.102   0.617   0.000 02T035M000t
00066 GLU02A0288_066 f 0.00  0.000     0  0.00  0  0  -4.721   1.060   0.838  -0.019   0.556   0.000 02T048M000t
00067 GLU02A0288_067 f 0.00  0.000     0  0.00  0  0  -4.693   0.172   1.670   0.035   0.543   0.000 02T04BM000t
00068 GLU02A0288_068 f 0.00  0.000     0  0.00  0  0  -4.852   1.248   3.315   0.057   0.632   0.000 02T04CM000t
00069 GLU02A0288_069 f 0.00  0.000     0  0.00  0  0  -4.669   0.985   0.874   0.053   0.638   0.000 02T060M000t
00070 GLU02A0288_070 f 0.00  0.000     0  0.00  0  0  -4.956   2.169   1.247  -0.183   0.763   0.000 02T000M000t
00071 GLU-1A0288_071 f 0.00 -1.000     0  4.75  0 -1  -4.685  51.198   1.098  -1.645   0.142   0.000 -1O000M000t
00072 GLU-1A0288_072 f 0.00 -1.000     0  4.75  0 -1  -4.408  -0.259   1.594  -0.281   0.039   0.000 -1E005M000t
00073 GLU-1A0288_073 f 0.00 -1.000     0  4.75  0 -1  -4.724   1.281   0.675  -0.784   0.172   0.000 -1E015M000t
00074 GLU-1A0288_074 f 0.00 -1.000     0  4.75  0 -1  -4.505  -0.149   2.916  -0.114  -0.111   0.000 -1E01CM000t
00075 GLU-1A0288_075 f 0.00 -1.000     0  4.75  0 -1  -4.630  -0.604   1.789  -0.176  -0.143   0.000 -1E01EM000t
00076 GLU-1A0288_076 f 0.00 -1.000     0  4.75  0 -1  -4.280  -0.224   1.916  -0.045  -0.304   0.000 -1E028M000t
00077 GLU-1A0288_077 f 0.00 -1.000     0  4.75  0 -1  -4.496  -0.546   0.669  -0.071  -0.254   0.000 -1E02FM000t
00078 GLU-1A0288_078 f 0.00 -1.000     0  4.75  0 -1  -4.695  -0.832   1.644  -0.184  -0.069   0.000 -1E035M000t
00079 GLU-1A0288_079 f 0.00 -1.000     0  4.75  0 -1  -4.197   0.214   1.933  -0.088  -0.214   0.000 -1E040M000t
00080 GLU-1A0288_080 f 0.00 -1.000     0  4.75  0 -1  -4.457   0.249   1.834  -0.076  -0.310   0.000 -1E043M000t
00081 GLU-1A0288_081 f 0.00 -1.000     0  4.75  0 -1  -4.662  -0.541   0.679  -0.165  -0.063   0.000 -1E047M000t
00082 GLU-1A0288_082 f 0.00 -1.000     0  4.75  0 -1  -4.660  -0.047   1.607  -0.161  -0.058   0.000 -1E04BM000t
00083 GLU-1A0288_083 f 0.00 -1.000     0  4.75  0 -1  -4.736   1.191   3.264  -0.042  -0.300   0.000 -1E04CM000t
00084 GLU-1A0288_084 f 0.00 -1.000     0  4.75  0 -1  -4.595   0.774   0.845  -0.033   0.122   0.000 -1E060M000t
00085 GLU-1A0288_085 f 0.00 -1.000     0  4.75  0 -1  -4.831   0.377   4.287  -0.050  -0.359   0.000 -1E063M000t
00086 GLU-1A0288_086 f 0.00 -1.000     0  4.75  0 -1  -4.743   0.064   3.226   0.151   0.000   0.000 -1E06AM000t
