CONFORMER         crg  vdw0  vdw1  tors  epol  self   occ  Hb     history    ASA
GLU01A0288_001  0.000 -4.96 66.43  3.82  0.00 65.30 0.000  00  01O000M000  1.020
GLU01A0288_002  0.000 -4.64 -0.56  3.41  0.00 -1.78 0.505  00  01E047M000  1.015
GLU01A0288_003  0.000 -4.76  1.17  6.01  0.00  2.42 0.504  00  01E04CM000  1.072
GLU01A0288_004  0.000 -4.83  1.02  3.60  0.00 -0.20 0.505  00  01E060M000  1.035
GLU01A0288_005  0.000 -4.96 66.43  1.10  0.00 62.58 0.000  00  01O000M000  1.020
GLU01A0288_006  0.000 -4.20 -0.18  1.81  0.00 -2.58 0.504  00  01E005M000  1.037
GLU01A0288_007  0.000 -4.59  1.44  0.76  0.00 -2.39 0.504  00  01E015M000  1.018
GLU01A0288_008  0.000 -4.57 -0.65  1.95  0.00 -3.27 0.504  00  01E01EM000  1.099
GLU01A0288_009  0.000 -4.48 -0.59  0.74  0.00 -4.34 0.504  00  01E02FM000  1.000
GLU01A0288_010  0.000 -4.75 -0.89  1.85  0.00 -3.79 0.505  00  01E035M000  1.005
GLU01A0288_011  0.000 -4.82  1.21  3.35  0.00 -0.26 0.504  00  01E04CM000  1.079
GLU01A0288_012  0.000 -4.72  0.35  4.40  0.00  0.03 0.504  00  01E063M000  1.030
GLU01A0288_013  0.000 -4.95999.00  3.82  0.00999.00 0.000  00  01T000M000  1.020
GLU01A0288_014  0.000 -4.20 -0.19  4.36  0.00 -0.03 0.504  00  01T005M000  1.037
GLU01A0288_015  0.000 -4.30 -0.32  4.70  0.00  0.08 0.505  00  01T028M000  1.022
GLU01A0288_016  0.000 -4.50 -0.60  3.40  0.00 -1.70 0.504  00  01T02FM000  1.007
GLU01A0288_017  0.000 -4.61  0.30  6.03  0.00  1.72 0.506  00  01T062M000  1.046
GLU01A0288_018  0.000 -4.73 -0.03  6.02  0.00  1.26 0.505  00  01T06AM000  1.044
GLU01A0288_019  0.000 -4.59  1.44  3.47  0.00  0.32 0.504  00  01T015M000  1.018
GLU01A0288_020  0.000 -4.71 -0.11  5.70  0.00  0.88 0.505  00  01T01CM000  1.000
GLU01A0288_021  0.000 -4.57 -0.65  4.61  0.00 -0.62 0.504  00  01T01EM000  1.099
GLU01A0288_022  0.000 -4.72 -0.89  4.57  0.00 -1.04 0.505  00  01T035M000  1.000
GLU01A0288_023  0.000 -4.04  0.17  4.76  0.00  0.90 0.504  00  01T040M000  1.003
GLU01A0288_024  0.000 -4.46  0.24  4.68  0.00  0.46 0.505  00  01T043M000  1.003
GLU01A0288_025  0.000 -4.68  0.07  4.58  0.00 -0.03 0.505  00  01T04BM000  1.000
GLU01A0288_026  0.000 -4.72  0.35  7.12  0.00  2.75 0.504  00  01T063M000  1.030
GLU01A0288_027  0.000 -5.12  1.99  3.97  0.00  0.83 0.000  00  01T000M000  1.034
GLU01A0288_028  0.000 -4.13  0.17  1.98  0.00 -1.97 0.504  00  01T040M000  1.003
GLU01A0288_029  0.000 -4.66  0.13  1.85  0.00 -2.69 0.505  00  01T04BM000  1.000
GLU01A0288_030  0.000 -4.74 -0.11  2.98  0.00 -1.87 0.505  00  01T01CM000  1.005
GLU01A0288_031  0.000 -4.13 -0.32  2.03  0.00 -2.42 0.505  00  01T028M000  1.030
GLU01A0288_032  0.000 -4.46  0.24  1.96  0.00 -2.26 0.505  00  01T043M000  1.003
GLU01A0288_033  0.000 -4.67  0.54  0.82  0.00 -3.31 0.504  00  01T048M000  1.024
GLU01A0288_034  0.000 -4.71  0.41  0.87  0.00 -3.42 0.505  00  01T060M000  1.029
GLU01A0288_035  0.000 -4.59 -0.05  3.33  0.00 -1.31 0.505  00  01T06AM000  1.015
GLU01A0288_036  0.000 -5.12  1.99  1.25  0.00 -1.89 0.000  00  01T000M000  1.034
GLU02A0288_037  0.000 -4.82 51.14  3.82  0.00 50.13 0.000  00  02O000M000  1.026
GLU02A0288_038  0.000 -4.58 -0.13  5.65  0.00  0.94 0.505  00  02E01CM000  1.000
GLU02A0288_039  0.000 -4.54  0.22  5.62  0.00  1.30 0.505  00  02E041M000  1.008
GLU02A0288_040  0.000 -4.83  0.34  7.09  0.00  2.60 0.504  00  02E063M000  1.038
GLU02A0288_041  0.000 -4.82 51.14  1.10  0.00 47.41 0.000  00  02O000M000  1.026
GLU02A0288_042  0.000 -4.64  1.71  3.41  0.00  0.49 0.504  00  02T015M000  1.016
GLU02A0288_043  0.000 -4.70 -0.91  4.46  0.00 -1.14 0.505  00  02T035M000  1.000
GLU02A0288_044  0.000 -4.73  1.05  3.57  0.00 -0.12 0.504  00  02T048M000  1.021
GLU02A0288_045  0.000 -4.80  1.16  6.01  0.00  2.37 0.504  00  02T04CM000  1.073
GLU02A0288_046  0.000 -4.80  0.21  6.00  0.00  1.40 0.505  00  02T06AM000  1.014
GLU02A0288_047  0.000 -4.34 -0.27  4.48  0.00 -0.13 0.504  00  02T005M000  1.035
GLU02A0288_048  0.000 -4.86 -0.64  4.63  0.00 -0.88 0.504  00  02T01EM000  1.101
GLU02A0288_049  0.000 -4.29 -0.31  4.78  0.00  0.18 0.505  00  02T028M000  1.023
GLU02A0288_050  0.000 -4.52 -0.60  3.43  0.00 -1.70 0.504  00  02T02FM000  1.000
GLU02A0288_051  0.000 -4.46  0.22  4.67  0.00  0.42 0.505  00  02T043M000  1.003
GLU02A0288_052  0.000 -4.69  0.17  4.39  0.00 -0.13 0.505  00  02T04BM000  1.000
GLU02A0288_053  0.000 -4.67  0.98  3.59  0.00 -0.09 0.505  00  02T060M000  1.023
GLU02A0288_054  0.000 -4.68  0.31  6.05  0.00  1.68 0.506  00  02T062M000  1.037
GLU02A0288_055  0.000 -4.96  2.13  3.97  0.00  1.14 0.000  00  02T000M000  1.039
GLU02A0288_056  0.000 -4.53 -0.22  1.68  0.00 -3.07 0.504  00  02T005M000  1.049
GLU02A0288_057  0.000 -4.58 -0.13  2.93  0.00 -1.78 0.505  00  02T01CM000  1.000
GLU02A0288_058  0.000 -4.77 -0.66  1.80  0.00 -3.63 0.504  00  02T01EM000  1.102
GLU02A0288_059  0.000 -4.54  0.22  2.89  0.00 -1.43 0.505  00  02T041M000  1.008
GLU02A0288_060  0.000 -4.83  0.34  4.37  0.00 -0.12 0.504  00  02T063M000  1.038
GLU02A0288_061  0.000 -4.73  0.21  3.28  0.00 -1.25 0.505  00  02T06AM000  1.000
GLU02A0288_062  0.000 -4.62  2.09  0.72  0.00 -1.80 0.504  00  02T015M000  1.016
GLU02A0288_063  0.000 -4.29 -0.31  2.06  0.00 -2.54 0.505  00  02T028M000  1.023
GLU02A0288_064  0.000 -4.52 -0.60  0.71  0.00 -4.42 0.504  00  02T02FM000  1.000
GLU02A0288_065  0.000 -4.68 -0.89  1.69  0.00 -3.88 0.505  00  02T035M000  1.015
GLU02A0288_066  0.000 -4.72  1.06  0.84  0.00 -2.82 0.504  00  02T048M000  1.022
GLU02A0288_067  0.000 -4.69  0.17  1.67  0.00 -2.85 0.505  00  02T04BM000  1.000
GLU02A0288_068  0.000 -4.85  1.21  3.31  0.00 -0.33 0.504  00  02T04CM000  1.080
GLU02A0288_069  0.000 -4.67  0.98  0.87  0.00 -2.81 0.505  00  02T060M000  1.023
GLU02A0288_070  0.000 -4.96  2.13  1.25  0.00 -1.58 0.000  00  02T000M000  1.039
GLU-1A0288_071 -1.000 -4.68 51.16  1.10  0.00 47.57 0.000  00  -1O000M000  1.022
GLU-1A0288_072 -1.000 -4.41 -0.26  1.59  0.00 -3.08 0.504  00  -1E005M000  1.037
GLU-1A0288_073 -1.000 -4.72  1.29  0.68  0.00 -2.76 0.504  00  -1E015M000  1.015
GLU-1A0288_074 -1.000 -4.50 -0.15  2.91  0.00 -1.74 0.505  00  -1E01CM000  1.000
GLU-1A0288_075 -1.000 -4.63 -0.65  1.79  0.00 -3.49 0.504  00  -1E01EM000  1.085
GLU-1A0288_076 -1.000 -4.28 -0.31  1.92  0.00 -2.67 0.505  00  -1E028M000  1.015
GLU-1A0288_077 -1.000 -4.50 -0.59  0.67  0.00 -4.42 0.504  00  -1E02FM000  1.000
GLU-1A0288_078 -1.000 -4.69 -0.87  1.64  0.00 -3.92 0.505  00  -1E035M000  1.000
GLU-1A0288_079 -1.000 -4.20  0.17  1.93  0.00 -2.09 0.504  00  -1E040M000  1.003
GLU-1A0288_080 -1.000 -4.46  0.21  1.83  0.00 -2.42 0.505  00  -1E043M000  1.000
GLU-1A0288_081 -1.000 -4.66 -0.54  0.68  0.00 -4.53 0.505  00  -1E047M000  1.016
GLU-1A0288_082 -1.000 -4.66 -0.04  1.61  0.00 -3.10 0.505  00  -1E04BM000  1.000
GLU-1A0288_083 -1.000 -4.74  1.15  3.26  0.00 -0.32 0.504  00  -1E04CM000  1.080
GLU-1A0288_084 -1.000 -4.60  0.78  0.85  0.00 -2.97 0.505  00  -1E060M000  1.022
GLU-1A0288_085 -1.000 -4.83  0.33  4.29  0.00 -0.21 0.504  00  -1E063M000  1.029
GLU-1A0288_086 -1.000 -4.74  0.07  3.22  0.00 -1.45 0.505  00  -1E06AM000  1.045
