   confID        vdw0    sas     sum
GLU01A0288_001   0.263  -5.218  -4.955
GLU01A0288_002   0.196  -4.833  -4.637
GLU01A0288_003   0.140  -4.900  -4.760
GLU01A0288_004   0.203  -5.029  -4.825
GLU01A0288_005   0.262  -5.218  -4.955
GLU01A0288_006   0.520  -4.722  -4.202
GLU01A0288_007   0.230  -4.818  -4.588
GLU01A0288_008   0.658  -5.229  -4.570
GLU01A0288_009   0.204  -4.685  -4.481
GLU01A0288_010   0.129  -4.879  -4.749
GLU01A0288_011   0.150  -4.969  -4.819
GLU01A0288_012   0.139  -4.860  -4.721
GLU01A0288_013   0.262  -5.218  -4.955
GLU01A0288_014   0.535  -4.735  -4.200
GLU01A0288_015   0.537  -4.834  -4.298
GLU01A0288_016   0.195  -4.698  -4.503
GLU01A0288_017   0.215  -4.828  -4.613
GLU01A0288_018   0.210  -4.941  -4.731
GLU01A0288_019   0.230  -4.818  -4.588
GLU01A0288_020   0.179  -4.890  -4.711
GLU01A0288_021   0.661  -5.229  -4.567
GLU01A0288_022   0.129  -4.853  -4.723
GLU01A0288_023   0.669  -4.740  -4.071
GLU01A0288_024   0.308  -4.770  -4.462
GLU01A0288_025   0.129  -4.807  -4.678
GLU01A0288_026   0.139  -4.860  -4.721
GLU01A0288_027   0.085  -5.208  -5.123
GLU01A0288_028   0.543  -4.671  -4.128
GLU01A0288_029   0.127  -4.793  -4.665
GLU01A0288_030   0.179  -4.916  -4.737
GLU01A0288_031   0.663  -4.790  -4.126
GLU01A0288_032   0.308  -4.770  -4.462
GLU01A0288_033   0.194  -4.862  -4.667
GLU01A0288_034   0.190  -4.898  -4.708
GLU01A0288_035   0.196  -4.789  -4.593
GLU01A0288_036   0.085  -5.208  -5.123
GLU02A0288_037   0.204  -5.028  -4.825
GLU02A0288_038   0.142  -4.725  -4.583
GLU02A0288_039   0.157  -4.699  -4.542
GLU02A0288_040   0.062  -4.889  -4.827
GLU02A0288_041   0.204  -5.028  -4.825
GLU02A0288_042   0.159  -4.796  -4.637
GLU02A0288_043   0.108  -4.807  -4.699
GLU02A0288_044   0.163  -4.895  -4.732
GLU02A0288_045   0.112  -4.911  -4.799
GLU02A0288_046   0.152  -4.922  -4.771
GLU02A0288_047   0.454  -4.792  -4.337
GLU02A0288_048   0.412  -5.270  -4.858
GLU02A0288_049   0.423  -4.712  -4.289
GLU02A0288_050   0.156  -4.678  -4.522
GLU02A0288_051   0.275  -4.739  -4.464
GLU02A0288_052   0.111  -4.804  -4.693
GLU02A0288_053   0.156  -4.825  -4.669
GLU02A0288_054   0.149  -4.828  -4.679
GLU02A0288_055   0.083  -5.039  -4.956
GLU02A0288_056   0.383  -4.910  -4.527
GLU02A0288_057   0.142  -4.725  -4.583
GLU02A0288_058   0.422  -5.195  -4.773
GLU02A0288_059   0.157  -4.699  -4.541
GLU02A0288_060   0.062  -4.889  -4.828
GLU02A0288_061   0.152  -4.852  -4.700
GLU02A0288_062   0.155  -4.771  -4.615
GLU02A0288_063   0.423  -4.712  -4.289
GLU02A0288_064   0.156  -4.678  -4.522
GLU02A0288_065   0.117  -4.802  -4.685
GLU02A0288_066   0.162  -4.883  -4.721
GLU02A0288_067   0.111  -4.804  -4.693
GLU02A0288_068   0.106  -4.959  -4.852
GLU02A0288_069   0.156  -4.825  -4.669
GLU02A0288_070   0.083  -5.039  -4.956
GLU-1A0288_071   0.165  -4.850  -4.685
GLU-1A0288_072   0.353  -4.761  -4.408
GLU-1A0288_073   0.118  -4.842  -4.724
GLU-1A0288_074   0.096  -4.601  -4.505
GLU-1A0288_075   0.376  -5.007  -4.630
GLU-1A0288_076   0.374  -4.654  -4.280
GLU-1A0288_077   0.106  -4.602  -4.496
GLU-1A0288_078   0.057  -4.752  -4.695
GLU-1A0288_079   0.385  -4.581  -4.197
GLU-1A0288_080   0.193  -4.650  -4.457
GLU-1A0288_081   0.107  -4.769  -4.662
GLU-1A0288_082   0.053  -4.713  -4.660
GLU-1A0288_083   0.048  -4.784  -4.736
GLU-1A0288_084   0.105  -4.701  -4.595
GLU-1A0288_085   0.035  -4.866  -4.831
GLU-1A0288_086   0.104  -4.847  -4.743
