CONFORMER         crg  vdw0  vdw1  tors  epol  self   occ  Hb     history    ASA
ASP01A0092_001  0.000 -4.64 12.94  2.97  0.00 11.27 0.000  00  01O000M000  1.036
ASP01A0092_002  0.000 -4.78  3.39  3.01  0.00  1.63 0.628  00  01E001M000  1.007
ASP01A0092_003  0.000 -4.54  1.41  3.72  0.00  0.59 0.626  00  01E002M000  1.040
ASP01A0092_004  0.000 -4.54  0.62  3.72  0.00 -0.20 0.624  00  01E003M000  1.008
ASP01A0092_005  0.000 -4.69 12.94  0.25  0.00  8.50 0.000  00  01O000M000  1.047
ASP01A0092_006  0.000 -4.61  1.40  1.00  0.00 -2.22 0.626  00  01E002M000  1.037
ASP01A0092_007  0.000 -4.87  1.62  2.89  0.00 -0.36 0.622  00  01T004M000  1.049
ASP01A0092_008  0.000 -4.78  3.39  0.28  0.00 -1.10 0.628  00  01T001M000  1.007
ASP01A0092_009  0.000 -4.87  1.62  0.17  0.00 -3.08 0.622  00  01T004M000  1.049
ASP01A0092_010  0.000 -4.75  8.33  0.33  0.00  3.91 0.000  00  01T000M000  1.047
ASP02A0092_011  0.000 -4.63 10.42  2.97  0.00  8.76 0.000  00  02O000M000  1.025
ASP02A0092_012  0.000 -4.93  1.90  2.91  0.00 -0.12 0.622  00  02E004M000  1.057
ASP02A0092_013  0.000 -4.63 10.42  0.25  0.00  6.04 0.000  00  02O000M000  1.025
ASP02A0092_014  0.000 -4.65  3.07  0.27  0.00 -1.31 0.628  00  02E001M000  1.000
ASP02A0092_015  0.000 -4.49  0.56  1.00  0.00 -2.94 0.624  00  02E003M000  1.009
ASP02A0092_016  0.000 -4.41  1.36  3.72  0.00  0.67 0.626  00  02T002M000  1.009
ASP02A0092_017  0.000 -4.65  3.07  2.99  0.00  1.41 0.628  00  02T001M000  1.000
ASP02A0092_018  0.000 -4.49  0.56  3.72  0.00 -0.22 0.624  00  02T003M000  1.009
ASP02A0092_019  0.000 -4.41  1.37  1.00  0.00 -2.04 0.626  00  02T002M000  1.009
ASP-1A0092_020 -1.000 -4.48 10.45  0.25  0.00  6.22 0.000  00  -1O000M000  1.025
ASP-1A0092_021 -1.000 -4.55  2.91  0.28  0.00 -1.37 0.628  00  -1E001M000  1.000
ASP-1A0092_022 -1.000 -4.41  1.30  1.00  0.00 -2.11 0.626  00  -1E002M000  1.009
ASP-1A0092_023 -1.000 -4.47  0.56  1.00  0.00 -2.90 0.624  00  -1E003M000  1.009
ASP-1A0092_024 -1.000 -4.55  8.13  0.27  0.00  3.85 0.000  00  -1X000M000  1.025
