   confID        vdw0    sas     sum
ASP01A0092_001  -0.040  -4.601  -4.642
ASP01A0092_002  -0.043  -4.733  -4.776
ASP01A0092_003   0.067  -4.605  -4.539
ASP01A0092_004   0.057  -4.596  -4.539
ASP01A0092_005  -0.040  -4.640  -4.680
ASP01A0092_006   0.066  -4.680  -4.615
ASP01A0092_007  -0.023  -4.843  -4.866
ASP01A0092_008  -0.043  -4.733  -4.776
ASP01A0092_009  -0.023  -4.843  -4.866
ASP01A0092_010  -0.045  -4.705  -4.750
ASP02A0092_011  -0.009  -4.607  -4.617
ASP02A0092_012  -0.050  -4.883  -4.933
ASP02A0092_013  -0.009  -4.607  -4.617
ASP02A0092_014  -0.015  -4.632  -4.647
ASP02A0092_015   0.057  -4.550  -4.493
ASP02A0092_016   0.065  -4.475  -4.410
ASP02A0092_017  -0.015  -4.632  -4.647
ASP02A0092_018   0.057  -4.550  -4.493
ASP02A0092_019   0.064  -4.475  -4.410
ASP-1A0092_020  -0.041  -4.439  -4.480
ASP-1A0092_021  -0.045  -4.504  -4.549
ASP-1A0092_022   0.035  -4.443  -4.408
ASP-1A0092_023   0.029  -4.496  -4.467
ASP-1A0092_024  -0.046  -4.504  -4.550
