iConf CONFORMER     FL  occ    crg   Em0  pKa0 ne nH    vdw0    vdw1    tors    epol   dsolv   extra    history
00001 GLU01A0216_001 f 0.00  0.000     0  0.00  0  0  -3.299   0.500   3.662   0.103  -0.177   0.000 01O000M000t
00002 GLU01A0216_002 f 0.00  0.000     0  0.00  0  0  -4.043   1.644   4.042   0.126  -0.471   0.000 01E00BM000t
00003 GLU01A0216_003 f 0.00  0.000     0  0.00  0  0  -3.888   0.350   4.099   0.206  -0.223   0.000 01E00FM000t
00004 GLU01A0216_004 f 0.00  0.000     0  0.00  0  0  -3.299   0.500   0.942   0.035   0.569   0.000 01O000M000t
00005 GLU01A0216_005 f 0.00  0.000     0  0.00  0  0  -3.962   1.626   1.320   0.085   0.563   0.000 01E00EM000t
00006 GLU01A0216_006 f 0.00  0.000     0  0.00  0  0  -3.956   0.489   4.069   0.107  -0.455   0.000 01T006M000t
00007 GLU01A0216_007 f 0.00  0.000     0  0.00  0  0  -3.980   0.784   4.069   0.141  -0.294   0.000 01T00AM000t
00008 GLU01A0216_008 f 0.00  0.000     0  0.00  0  0  -3.779   1.553   3.164   0.070  -0.433   0.000 01T00DM000t
00009 GLU01A0216_009 f 0.00  0.000     0  0.00  0  0  -3.760   3.472   3.513   0.066  -0.191   0.000 01T011M000t
00010 GLU01A0216_010 f 0.00  0.000     0  0.00  0  0  -4.176   0.322   4.103   0.132  -0.359   0.000 01T012M000t
00011 GLU01A0216_011 f 0.00  0.000     0  0.00  0  0  -2.842   0.755   3.246   0.138  -0.136   0.000 01T001M000t
00012 GLU01A0216_012 f 0.00  0.000     0  0.00  0  0  -3.649   0.492   3.108   0.059  -0.434   0.000 01T004M000t
00013 GLU01A0216_013 f 0.00  0.000     0  0.00  0  0  -3.811   0.787   3.181   0.096  -0.486   0.000 01T009M000t
00014 GLU01A0216_014 f 0.00  0.000     0  0.00  0  0  -4.103   1.631   4.022   0.127  -0.321   0.000 01T00EM000t
00015 GLU01A0216_015 f 0.00  0.000     0  0.00  0  0  -3.837   1.912   4.026   0.128  -0.285   0.000 01T013M000t
00016 GLU01A0216_016 f 0.00  0.000     0  0.00  0  0  -3.673   0.492   0.384   0.043   0.519   0.000 01T004M000t
00017 GLU01A0216_017 f 0.00  0.000     0  0.00  0  0  -3.982   0.489   1.349   0.051   0.475   0.000 01T006M000t
00018 GLU01A0216_018 f 0.00  0.000     0  0.00  0  0  -3.760   3.472   0.793   0.042   0.667   0.000 01T011M000t
00019 GLU01A0216_019 f 0.00  0.000     0  0.00  0  0  -2.880   0.755   0.526   0.055   0.558   0.000 01T001M000t
00020 GLU01A0216_020 f 0.00  0.000     0  0.00  0  0  -3.849   0.787   0.461   0.060   0.547   0.000 01T009M000t
00021 GLU01A0216_021 f 0.00  0.000     0  0.00  0  0  -4.015   1.605   1.317   0.080   0.550   0.000 01T00BM000t
00022 GLU01A0216_022 f 0.00  0.000     0  0.00  0  0  -3.657   0.534   0.526   0.071   0.623   0.000 01T010M000t
00023 GLU01A0216_023 f 0.00  0.000     0  0.00  0  0  -4.070   0.306   1.356   0.082   0.551   0.000 01T012M000t
00024 GLU01A0216_024 f 0.00  0.000     0  0.00  0  0  -3.850   1.912   1.306   0.094   0.593   0.000 01T013M000t
00025 GLU02A0216_025 f 0.00  0.000     0  0.00  0  0  -3.472   0.505   3.662   0.071  -0.713   0.000 02O000M000t
00026 GLU02A0216_026 f 0.00  0.000     0  0.00  0  0  -4.200   0.495   4.079   0.042  -0.658   0.000 02E006M000t
00027 GLU02A0216_027 f 0.00  0.000     0  0.00  0  0  -4.111   0.332   4.137   0.106  -0.613   0.000 02E00FM000t
00028 GLU02A0216_028 f 0.00  0.000     0  0.00  0  0  -3.760   3.849   3.613   0.388   0.047   0.000 02E011M000t
00029 GLU02A0216_029 f 0.00  0.000     0  0.00  0  0  -3.575   0.505   0.942   0.036   0.412   0.000 02O000M000t
00030 GLU02A0216_030 f 0.00  0.000     0  0.00  0  0  -4.178   1.637   4.073   0.111  -0.659   0.000 02T00BM000t
00031 GLU02A0216_031 f 0.00  0.000     0  0.00  0  0  -3.468   1.559   3.202   0.173  -0.450   0.000 02T00DM000t
00032 GLU02A0216_032 f 0.00  0.000     0  0.00  0  0  -4.246   0.341   4.128   0.173  -0.475   0.000 02T012M000t
00033 GLU02A0216_033 f 0.00  0.000     0  0.00  0  0  -3.865   0.798   3.990   0.117  -0.539   0.000 02T007M000t
00034 GLU02A0216_034 f 0.00  0.000     0  0.00  0  0  -3.657   0.780   3.174   0.121  -0.484   0.000 02T009M000t
00035 GLU02A0216_035 f 0.00  0.000     0  0.00  0  0  -3.863   2.069   4.011   0.086  -0.483   0.000 02T013M000t
00036 GLU02A0216_036 f 0.00  0.000     0  0.00  0  0  -3.761   3.849   0.871   0.036   0.382   0.000 02T011M000t
00037 GLU02A0216_037 f 0.00  0.000     0  0.00  0  0  -4.123   0.501   1.327   0.043   0.467   0.000 02T006M000t
00038 GLU02A0216_038 f 0.00  0.000     0  0.00  0  0  -3.721   0.780   0.454   0.060   0.431   0.000 02T009M000t
00039 GLU02A0216_039 f 0.00  0.000     0  0.00  0  0  -3.670   1.520   0.443   0.093   0.427   0.000 02T00DM000t
00040 GLU02A0216_040 f 0.00  0.000     0  0.00  0  0  -3.534   0.699   0.518   0.062   0.421   0.000 02T010M000t
00041 GLU02A0216_041 f 0.00  0.000     0  0.00  0  0  -4.174   0.324   1.371   0.091   0.501   0.000 02T012M000t
00042 GLU02A0216_042 f 0.00  0.000     0  0.00  0  0  -3.850   2.069   1.291   0.077   0.508   0.000 02T013M000t
00043 GLU-1A0216_043 f 0.00 -1.000     0  4.75  0 -1  -3.446   0.517   0.942  -0.101   0.006   0.000 -1O000M000t
00044 GLU-1A0216_044 f 0.00 -1.000     0  4.75  0 -1  -3.193   0.786   0.466  -0.111   0.001   0.000 -1E001M000t
00045 GLU-1A0216_045 f 0.00 -1.000     0  4.75  0 -1  -3.012   1.558   0.466  -0.113   0.003   0.000 -1E002M000t
00046 GLU-1A0216_046 f 0.00 -1.000     0  4.75  0 -1  -3.717   0.835   0.371  -0.109   0.004   0.000 -1E008M000t
00047 GLU-1A0216_047 f 0.00 -1.000     0  4.75  0 -1  -4.010   0.811   1.312  -0.111  -0.029   0.000 -1E00AM000t
00048 GLU-1A0216_048 f 0.00 -1.000     0  4.75  0 -1  -3.717   1.721   0.370  -0.095  -0.057   0.000 -1E00CM000t
00049 GLU-1A0216_049 f 0.00 -1.000     0  4.75  0 -1  -4.157   1.671   1.307  -0.092  -0.058   0.000 -1E00EM000t
00050 GLU-1A0216_050 f 0.00 -1.000     0  4.75  0 -1  -3.995   0.339   1.337  -0.116   0.081   0.000 -1E00FM000t
00051 GLU-1A0216_051 f 0.00 -1.000     0  4.75  0 -1  -3.808   3.366   0.789  -0.169   0.224   0.000 -1E011M000t
00052 GLU-1A0216_052 f 0.00 -1.000     0  4.75  0 -1  -4.285   0.351   1.342  -0.100   0.061   0.000 -1E012M000t
00053 GLU-1A0216_053 f 0.00 -1.000     0  4.75  0 -1  -3.906   2.077   1.304  -0.174   0.226   0.000 -1E013M000t
