   confID        vdw0    sas     sum
GLU01A0216_001   1.451  -4.750  -3.299
GLU01A0216_002   0.789  -4.832  -4.043
GLU01A0216_003   0.876  -4.765  -3.888
GLU01A0216_004   1.451  -4.750  -3.299
GLU01A0216_005   0.708  -4.670  -3.962
GLU01A0216_006   0.665  -4.621  -3.956
GLU01A0216_007   0.664  -4.644  -3.980
GLU01A0216_008   0.889  -4.668  -3.779
GLU01A0216_009   0.966  -4.726  -3.760
GLU01A0216_010   0.745  -4.921  -4.176
GLU01A0216_011   1.853  -4.695  -2.842
GLU01A0216_012   1.035  -4.684  -3.649
GLU01A0216_013   0.989  -4.800  -3.811
GLU01A0216_014   0.708  -4.811  -4.103
GLU01A0216_015   0.967  -4.804  -3.837
GLU01A0216_016   1.033  -4.706  -3.673
GLU01A0216_017   0.665  -4.646  -3.982
GLU01A0216_018   0.966  -4.726  -3.760
GLU01A0216_019   1.853  -4.733  -2.880
GLU01A0216_020   0.989  -4.839  -3.849
GLU01A0216_021   0.804  -4.819  -4.015
GLU01A0216_022   1.068  -4.725  -3.657
GLU01A0216_023   0.812  -4.882  -4.070
GLU01A0216_024   0.967  -4.817  -3.850
GLU02A0216_025   1.178  -4.650  -3.472
GLU02A0216_026   0.570  -4.771  -4.200
GLU02A0216_027   0.762  -4.873  -4.111
GLU02A0216_028   0.988  -4.749  -3.760
GLU02A0216_029   1.178  -4.753  -3.575
GLU02A0216_030   0.660  -4.839  -4.178
GLU02A0216_031   1.110  -4.577  -3.468
GLU02A0216_032   0.641  -4.886  -4.246
GLU02A0216_033   0.730  -4.595  -3.865
GLU02A0216_034   0.960  -4.617  -3.657
GLU02A0216_035   0.836  -4.700  -3.863
GLU02A0216_036   0.988  -4.749  -3.761
GLU02A0216_037   0.588  -4.711  -4.123
GLU02A0216_038   0.960  -4.681  -3.721
GLU02A0216_039   0.942  -4.612  -3.670
GLU02A0216_040   1.243  -4.777  -3.534
GLU02A0216_041   0.677  -4.852  -4.174
GLU02A0216_042   0.836  -4.687  -3.850
GLU-1A0216_043   1.097  -4.543  -3.446
GLU-1A0216_044   1.518  -4.711  -3.193
GLU-1A0216_045   1.514  -4.526  -3.012
GLU-1A0216_046   0.908  -4.625  -3.717
GLU-1A0216_047   0.490  -4.500  -4.010
GLU-1A0216_048   0.913  -4.629  -3.717
GLU-1A0216_049   0.489  -4.646  -4.157
GLU-1A0216_050   0.680  -4.675  -3.995
GLU-1A0216_051   0.845  -4.653  -3.808
GLU-1A0216_052   0.562  -4.847  -4.285
GLU-1A0216_053   0.674  -4.581  -3.906
