iConf CONFORMER     FL  occ    crg   Em0  pKa0 ne nH    vdw0    vdw1    tors    epol   dsolv   extra    history
00001 GLU01A0123_001 f 0.00  0.000     0  0.00  0  0  -4.272   0.798   3.220   0.059  -0.965   0.000 01O000M000t
00002 GLU01A0123_002 f 0.00  0.000     0  0.00  0  0  -4.272   0.798   0.500   0.067   0.226   0.000 01O000M000t
00003 GLU01A0123_003 f 0.00  0.000     0  0.00  0  0  -4.806   0.745   3.642   0.080  -0.927   0.000 01T006M000t
00004 GLU01A0123_004 f 0.00  0.000     0  0.00  0  0  -4.007   1.499   5.880   0.045  -0.879   0.000 01T001M000t
00005 GLU01A0123_005 f 0.00  0.000     0  0.00  0  0  -4.147   2.135   3.099   0.098  -0.897   0.000 01T003M000t
00006 GLU01A0123_006 f 0.00  0.000     0  0.00  0  0  -4.276   2.128   3.128   0.182  -0.811   0.000 01T004M000t
00007 GLU01A0123_007 f 0.00  0.000     0  0.00  0  0  -3.664   1.210   2.936   0.067  -0.941   0.000 01T007M000t
00008 GLU01A0123_008 f 0.00  0.000     0  0.00  0  0  -4.663   2.082   3.639   0.094  -0.934   0.000 01T00AM000t
00009 GLU01A0123_009 f 0.00  0.000     0  0.00  0  0  -4.870   1.503   3.645  -0.016  -0.589   0.000 01T00BM000t
00010 GLU01A0123_010 f 0.00  0.000     0  0.00  0  0  -4.210   1.505   3.173   0.046   0.306   0.000 01T001M000t
00011 GLU01A0123_011 f 0.00  0.000     0  0.00  0  0  -4.488   2.045   0.409   0.124   0.388   0.000 01T004M000t
00012 GLU01A0123_012 f 0.00  0.000     0  0.00  0  0  -4.622   1.315   0.935   0.057   0.355   0.000 01T008M000t
00013 GLU01A0123_013 f 0.00  0.000     0  0.00  0  0  -4.147   2.135   0.379   0.073   0.325   0.000 01T003M000t
00014 GLU01A0123_014 f 0.00  0.000     0  0.00  0  0  -4.717   0.746   0.924   0.068   0.334   0.000 01T006M000t
00015 GLU01A0123_015 f 0.00  0.000     0  0.00  0  0  -4.870   1.503   0.925   0.213   0.348   0.000 01T00BM000t
00016 GLU02A0123_016 f 0.00  0.000     0  0.00  0  0  -4.038   0.794   3.220   0.131  -0.703   0.000 02O000M000t
00017 GLU02A0123_017 f 0.00  0.000     0  0.00  0  0  -4.671   0.745   3.731   0.121  -0.801   0.000 02E006M000t
00018 GLU02A0123_018 f 0.00  0.000     0  0.00  0  0  -4.038   0.794   0.500   0.080   0.267   0.000 02O000M000t
00019 GLU02A0123_019 f 0.00  0.000     0  0.00  0  0  -3.894   1.496   3.161   0.060   0.329   0.000 02E001M000t
00020 GLU02A0123_020 f 0.00  0.000     0  0.00  0  0  -4.844   1.475   0.913   0.270   0.357   0.000 02E00BM000t
00021 GLU02A0123_021 f 0.00  0.000     0  0.00  0  0  -3.243   2.097   2.932   0.143  -0.642   0.000 02T009M000t
00022 GLU02A0123_022 f 0.00  0.000     0  0.00  0  0  -3.895   1.498   5.878   0.120  -0.659   0.000 02T001M000t
00023 GLU02A0123_023 f 0.00  0.000     0  0.00  0  0  -4.214   2.168   3.121   0.202  -0.604   0.000 02T004M000t
00024 GLU02A0123_024 f 0.00  0.000     0  0.00  0  0  -3.321   1.216   2.936   0.104  -0.614   0.000 02T007M000t
00025 GLU02A0123_025 f 0.00  0.000     0  0.00  0  0  -4.844   1.475   3.629   0.299  -0.691   0.000 02T00BM000t
00026 GLU02A0123_026 f 0.00  0.000     0  0.00  0  0  -4.515   1.289   0.995   0.057   0.254   0.000 02T008M000t
00027 GLU02A0123_027 f 0.00  0.000     0  0.00  0  0  -3.973   2.129   0.371   0.079   0.307   0.000 02T003M000t
00028 GLU02A0123_028 f 0.00  0.000     0  0.00  0  0  -4.214   2.168   0.401   0.119   0.333   0.000 02T004M000t
00029 GLU02A0123_029 f 0.00  0.000     0  0.00  0  0  -4.759   0.732   0.877   0.079   0.269   0.000 02T006M000t
00030 GLU-1A0123_030 f 0.00 -1.000     0  4.75  0 -1  -4.114   0.809   0.500  -0.063   0.107   0.000 -1O000M000t
00031 GLU-1A0123_031 f 0.00 -1.000     0  4.75  0 -1  -4.072   1.511   3.160  -0.063   0.097   0.000 -1E001M000t
00032 GLU-1A0123_032 f 0.00 -1.000     0  4.75  0 -1  -4.247   2.113   0.407  -0.174   0.314   0.000 -1E004M000t
00033 GLU-1A0123_033 f 0.00 -1.000     0  4.75  0 -1  -4.674   0.751   0.919  -0.068   0.123   0.000 -1E006M000t
00034 GLU-1A0123_034 f 0.00 -1.000     0  4.75  0 -1  -3.500   1.225   0.216  -0.078   0.177   0.000 -1E007M000t
00035 GLU-1A0123_035 f 0.00 -1.000     0  4.75  0 -1  -4.567   2.085   0.916  -0.085   0.074   0.000 -1E00AM000t
00036 GLU-1A0123_036 f 0.00 -1.000     0  4.75  0 -1  -4.774   1.471   0.945  -0.004   0.490   0.000 -1E00BM000t
