CONFORMER         crg  vdw0  vdw1  tors  epol  self   occ  Hb     history    ASA
GLU01A0123_001  0.000 -4.27  0.80  3.22  0.00 -0.25 0.541  00  01O000M000  1.005
GLU01A0123_002  0.000 -4.27  0.80  0.50  0.00 -2.97 0.541  00  01O000M000  1.005
GLU01A0123_003  0.000 -4.81  0.75  3.64  0.00 -0.42 0.540  00  01T006M000  1.058
GLU01A0123_004  0.000 -4.01  1.51  5.88  0.00  3.38 0.541  00  01T001M000  1.011
GLU01A0123_005  0.000 -4.15  2.13  3.10  0.00  1.08 0.541  00  01T003M000  1.022
GLU01A0123_006  0.000 -4.28  2.13  3.13  0.00  0.98 0.542  00  01T004M000  1.008
GLU01A0123_007  0.000 -3.66  1.21  2.94  0.00  0.49 0.545  00  01T007M000  1.033
GLU01A0123_008  0.000 -4.66  2.08  3.64  0.00  1.05 0.541  00  01T00AM000  1.015
GLU01A0123_009  0.000 -4.87  1.51  3.64  0.00  0.28 0.539  00  01T00BM000  1.028
GLU01A0123_010  0.000 -4.21  1.51  3.17  0.00  0.47 0.541  00  01T001M000  1.011
GLU01A0123_011  0.000 -4.49  2.05  0.41  0.00 -2.03 0.542  00  01T004M000  1.026
GLU01A0123_012  0.000 -4.62  1.31  0.93  0.00 -2.37 0.542  00  01T008M000  1.019
GLU01A0123_013  0.000 -4.15  2.13  0.38  0.00 -1.64 0.541  00  01T003M000  1.022
GLU01A0123_014  0.000 -4.72  0.75  0.92  0.00 -3.05 0.540  00  01T006M000  1.047
GLU01A0123_015  0.000 -4.87  1.51  0.92  0.00 -2.44 0.539  00  01T00BM000  1.028
GLU02A0123_016  0.000 -4.04  0.80  3.22  0.00 -0.02 0.541  00  02O000M000  1.006
GLU02A0123_017  0.000 -4.67  0.74  3.73  0.00 -0.20 0.540  00  02E006M000  1.045
GLU02A0123_018  0.000 -4.04  0.80  0.50  0.00 -2.74 0.541  00  02O000M000  1.006
GLU02A0123_019  0.000 -3.89  1.50  3.16  0.00  0.77 0.541  00  02E001M000  1.008
GLU02A0123_020  0.000 -4.84  1.47  0.91  0.00 -2.46 0.539  00  02E00BM000  1.037
GLU02A0123_021  0.000 -3.24  2.09  2.93  0.00  1.78 0.545  00  02T009M000  1.008
GLU02A0123_022  0.000 -3.89  1.50  5.88  0.00  3.49 0.541  00  02T001M000  1.008
GLU02A0123_023  0.000 -4.21  2.17  3.12  0.00  1.08 0.542  00  02T004M000  1.008
GLU02A0123_024  0.000 -3.32  1.22  2.94  0.00  0.83 0.545  00  02T007M000  1.036
GLU02A0123_025  0.000 -4.84  1.48  3.63  0.00  0.26 0.539  00  02T00BM000  1.037
GLU02A0123_026  0.000 -4.51  1.29  1.00  0.00 -2.23 0.542  00  02T008M000  1.014
GLU02A0123_027  0.000 -3.97  2.13  0.37  0.00 -1.47 0.541  00  02T003M000  1.025
GLU02A0123_028  0.000 -4.21  2.17  0.40  0.00 -1.64 0.542  00  02T004M000  1.008
GLU02A0123_029  0.000 -4.76  0.74  0.88  0.00 -3.15 0.540  00  02T006M000  1.055
GLU-1A0123_030 -1.000 -4.11  0.81  0.50  0.00 -2.80 0.541  00  -1O000M000  1.006
GLU-1A0123_031 -1.000 -4.07  1.52  3.16  0.00  0.60 0.541  00  -1E001M000  1.011
GLU-1A0123_032 -1.000 -4.24  2.12  0.41  0.00 -1.72 0.542  00  -1E004M000  1.008
GLU-1A0123_033 -1.000 -4.67  0.75  0.92  0.00 -3.00 0.540  00  -1E006M000  1.037
GLU-1A0123_034 -1.000 -3.50  1.23  0.22  0.00 -2.06 0.545  00  -1E007M000  1.029
GLU-1A0123_035 -1.000 -4.57  2.09  0.92  0.00 -1.57 0.541  00  -1E00AM000  1.015
GLU-1A0123_036 -1.000 -4.81  1.47  0.95  0.00 -2.39 0.539  00  -1E00BM000  1.038
