   confID        vdw0    sas     sum
GLU01A0123_001   0.499  -4.771  -4.272
GLU01A0123_002   0.499  -4.771  -4.272
GLU01A0123_003   0.121  -4.927  -4.806
GLU01A0123_004   0.669  -4.676  -4.007
GLU01A0123_005   0.666  -4.813  -4.147
GLU01A0123_006   0.584  -4.859  -4.276
GLU01A0123_007   1.118  -4.783  -3.664
GLU01A0123_008   0.164  -4.827  -4.663
GLU01A0123_009   0.150  -5.020  -4.870
GLU01A0123_010   0.619  -4.830  -4.210
GLU01A0123_011   0.515  -5.003  -4.488
GLU01A0123_012   0.115  -4.737  -4.622
GLU01A0123_013   0.666  -4.813  -4.147
GLU01A0123_014   0.165  -4.882  -4.717
GLU01A0123_015   0.150  -5.020  -4.870
GLU02A0123_016   0.665  -4.703  -4.038
GLU02A0123_017   0.180  -4.851  -4.671
GLU02A0123_018   0.665  -4.703  -4.038
GLU02A0123_019   0.860  -4.754  -3.894
GLU02A0123_020   0.160  -5.003  -4.844
GLU02A0123_021   1.468  -4.711  -3.243
GLU02A0123_022   0.860  -4.754  -3.895
GLU02A0123_023   0.702  -4.916  -4.214
GLU02A0123_024   1.481  -4.801  -3.321
GLU02A0123_025   0.160  -5.003  -4.844
GLU02A0123_026   0.169  -4.684  -4.515
GLU02A0123_027   0.835  -4.808  -3.973
GLU02A0123_028   0.702  -4.916  -4.214
GLU02A0123_029   0.194  -4.953  -4.759
GLU-1A0123_030   0.468  -4.582  -4.114
GLU-1A0123_031   0.612  -4.684  -4.072
GLU-1A0123_032   0.514  -4.761  -4.247
GLU-1A0123_033   0.110  -4.784  -4.674
GLU-1A0123_034   1.103  -4.603  -3.500
GLU-1A0123_035   0.110  -4.676  -4.567
GLU-1A0123_036   0.086  -4.859  -4.774
