CONFORMER         crg  vdw0  vdw1  tors  epol  self   occ  Hb     history    ASA
MET01A0221_001  0.000-12.07  0.12  0.17  0.00-11.79 0.504  00  01O000M000  1.000
MET01A0221_002  0.000-12.27  1.10  2.93  0.00 -8.24 0.504  00  01R001M000  1.000
MET01A0221_003  0.000-11.87  0.69  0.17  0.00-11.01 0.504  00  01R004M000  1.000
MET01A0221_004  0.000-12.45  1.59  2.93  0.00 -7.93 0.504  00  01R00AM000  1.000
MET01A0221_005  0.000-12.18  0.04  2.83  0.00 -9.31 0.503  00  01R00DM000  1.000
MET01A0221_006  0.000-12.63  1.98  0.31  0.00-10.34 0.504  00  01R00EM000  1.000
MET01A0221_007  0.000-12.34  1.16  4.77  0.00 -6.41 0.505  00  01R018M000  1.000
MET01A0221_008  0.000-12.45  1.17  2.93  0.00 -8.35 0.505  00  01R019M000  1.000
MET01A0221_009  0.000-12.56  1.14  4.77  0.00 -6.65 0.504  00  01R01AM000  1.000
MET01A0221_010  0.000-11.97  0.09  0.17  0.00-11.72 0.504  00  01R020M000  1.000
MET01A0221_011  0.000-11.16  0.07  2.00  0.00 -9.09 0.504  00  01R021M000  1.000
MET01A0221_012  0.000-11.89  0.64  0.17  0.00-11.09 0.504  00  01R02AM000  1.000
MET01A0221_013  0.000 -9.72  0.29  4.67  0.00 -4.76 0.504  00  01R041M000  1.000
MET01A0221_014  0.000-11.51  1.28  5.60  0.00 -4.62 0.505  00  01R045M000  1.000
MET01A0221_015  0.000-12.45  0.98  4.77  0.00 -6.71 0.504  00  01R048M000  1.000
MET01A0221_016  0.000-12.35  0.65  2.93  0.00 -8.77 0.505  00  01R049M000  1.000
MET01A0221_017  0.000-12.56  1.84  2.46  0.00 -8.26 0.504  00  01R05BM000  1.000
MET01A0221_018  0.000-12.16  3.24  1.97  0.00 -6.95 0.504  00  01R05DM000  1.000
MET01A0221_019  0.000-12.13  2.72  0.13  0.00 -9.28 0.503  00  01T039M000  1.000
MET01A0221_020  0.000-12.46  3.90  2.87  0.00 -5.69 0.504  00  01T066M000  1.000
