iConf CONFORMER     FL  occ    crg   Em0  pKa0 ne nH    vdw0    vdw1    tors    epol   dsolv   extra    history
00001 MET01A0221_001 f 0.00  0.000     0  0.00  0  0 -12.074   0.117   0.166   0.064   0.044   0.000 01O000M000t
00002 MET01A0221_002 f 0.00  0.000     0  0.00  0  0 -12.270   1.099   2.932   0.040   0.045   0.000 01R001M000t
00003 MET01A0221_003 f 0.00  0.000     0  0.00  0  0 -11.935   0.688   0.166   0.024   0.046   0.000 01R004M000t
00004 MET01A0221_004 f 0.00  0.000     0  0.00  0  0 -12.447   1.587   2.931   0.036   0.044   0.000 01R00AM000t
00005 MET01A0221_005 f 0.00  0.000     0  0.00  0  0 -12.275   0.037   2.834   0.032   0.044   0.000 01R00DM000t
00006 MET01A0221_006 f 0.00  0.000     0  0.00  0  0 -12.633   1.987   0.311   0.025   0.043   0.000 01R00EM000t
00007 MET01A0221_007 f 0.00  0.000     0  0.00  0  0 -12.336   1.158   4.767   0.042   0.045   0.000 01R018M000t
00008 MET01A0221_008 f 0.00  0.000     0  0.00  0  0 -12.451   1.170   2.932   0.042   0.045   0.000 01R019M000t
00009 MET01A0221_009 f 0.00  0.000     0  0.00  0  0 -12.559   1.143   4.767   0.042   0.045   0.000 01R01AM000t
00010 MET01A0221_010 f 0.00  0.000     0  0.00  0  0 -11.974   0.086   0.166   0.030   0.044   0.000 01R020M000t
00011 MET01A0221_011 f 0.00  0.000     0  0.00  0  0 -11.162   0.073   2.001   0.032   0.044   0.000 01R021M000t
00012 MET01A0221_012 f 0.00  0.000     0  0.00  0  0 -11.890   0.637   0.165   0.023   0.045   0.000 01R02AM000t
00013 MET01A0221_013 f 0.00  0.000     0  0.00  0  0  -9.725   0.291   4.668   0.066   0.045   0.000 01R041M000t
00014 MET01A0221_014 f 0.00  0.000     0  0.00  0  0 -11.505   1.283   5.600   0.033   0.044   0.000 01R045M000t
00015 MET01A0221_015 f 0.00  0.000     0  0.00  0  0 -12.455   0.979   4.766   0.003   0.043   0.000 01R048M000t
00016 MET01A0221_016 f 0.00  0.000     0  0.00  0  0 -12.350   0.652   2.931   0.011   0.045   0.000 01R049M000t
00017 MET01A0221_017 f 0.00  0.000     0  0.00  0  0 -12.562   1.837   2.463  -0.025   0.047   0.000 01R05BM000t
00018 MET01A0221_018 f 0.00  0.000     0  0.00  0  0 -12.159   3.241   1.967  -0.056   0.047   0.000 01R05DM000t
00019 MET01A0221_019 f 0.00  0.000     0  0.00  0  0 -12.129   2.717   0.135  -0.019   0.046   0.000 01T039M000t
00020 MET01A0221_020 f 0.00  0.000     0  0.00  0  0 -12.463   3.904   2.873  -0.051   0.047   0.000 01T066M000t
