   confID        vdw0    sas     sum
MET01A0221_001  -0.281 -11.793 -12.074
MET01A0221_002  -0.282 -11.988 -12.270
MET01A0221_003  -0.282 -11.653 -11.935
MET01A0221_004  -0.251 -12.196 -12.447
MET01A0221_005   0.019 -12.294 -12.275
MET01A0221_006  -0.250 -12.383 -12.633
MET01A0221_007  -0.177 -12.159 -12.336
MET01A0221_008  -0.168 -12.283 -12.451
MET01A0221_009  -0.200 -12.358 -12.559
MET01A0221_010  -0.160 -11.814 -11.974
MET01A0221_011   0.042 -11.205 -11.162
MET01A0221_012  -0.160 -11.730 -11.890
MET01A0221_013   2.221 -11.946  -9.725
MET01A0221_014   0.104 -11.609 -11.505
MET01A0221_015  -0.212 -12.243 -12.455
MET01A0221_016  -0.170 -12.180 -12.350
MET01A0221_017  -0.104 -12.458 -12.562
MET01A0221_018  -0.206 -11.953 -12.159
MET01A0221_019  -0.182 -11.948 -12.129
MET01A0221_020  -0.187 -12.276 -12.463
