iConf CONFORMER     FL  occ    crg   Em0  pKa0 ne nH    vdw0    vdw1    tors    epol   dsolv   extra    history
00001 ARG01A0007_001 f 0.00  0.000     0  0.00  0  0 -12.964   0.608   0.556   0.021  -0.038   0.000 01O000M000t
00002 ARG01A0007_002 f 0.00  0.000     0  0.00  0  0 -13.214   3.023   0.655   0.114  -0.131   0.000 01E00CM000t
00003 ARG01A0007_003 f 0.00  0.000     0  0.00  0  0 -12.917   2.564   5.928   0.073  -0.140   0.000 01E048M000t
00004 ARG01A0007_004 f 0.00  0.000     0  0.00  0  0 -12.157   1.347   0.477   0.038  -0.247   0.000 01E051M000t
00005 ARG01A0007_005 f 0.00  0.000     0  0.00  0  0 -12.275   0.858   0.686   0.140  -0.219   0.000 01E061M000t
00006 ARG01A0007_006 f 0.00  0.000     0  0.00  0  0 -10.503   1.817   1.161   0.095  -0.136   0.000 01E06AM000t
00007 ARG01A0007_007 f 0.00  0.000     0  0.00  0  0 -11.626   1.731   3.653   0.075  -0.393   0.000 01E077M000t
00008 ARG01A0007_008 f 0.00  0.000     0  0.00  0  0  -9.864   1.057   3.059  -0.015  -0.012   0.000 01E0B2M000t
00009 ARG01A0007_009 f 0.00  0.000     0  0.00  0  0 -11.171   1.234   5.706   0.047  -0.159   0.000 01E0B6M000t
00010 ARG01A0007_010 f 0.00  0.000     0  0.00  0  0 -11.551   1.086   3.439   0.083  -0.308   0.000 01E0C5M000t
00011 ARG01A0007_011 f 0.00  0.000     0  0.00  0  0 -12.058   1.205   0.497   0.007  -0.120   0.000 01T01AM000t
00012 ARG01A0007_012 f 0.00  0.000     0  0.00  0  0 -12.437   2.919   5.990   0.022  -0.286   0.000 01T043M000t
00013 ARG01A0007_013 f 0.00  0.000     0  0.00  0  0 -10.902   1.188   0.510   0.001  -0.050   0.000 01T097M000t
00014 ARG01A0007_014 f 0.00  0.000     0  0.00  0  0 -10.714   1.414   3.316   0.083  -0.002   0.000 01T0ABM000t
00015 ARG01A0007_015 f 0.00  0.000     0  0.00  0  0 -10.939   1.596   3.278   0.037  -0.056   0.000 01T0ADM000t
00016 ARG01A0007_016 f 0.00  0.000     0  0.00  0  0  -9.794   0.652   3.478  -0.000  -0.082   0.000 01T0CBM000t
00017 ARG01A0007_017 f 0.00  0.000     0  0.00  0  0 -10.403   0.886   1.150  -0.229   0.117   0.000 01T0D0M000t
00018 ARG01A0007_018 f 0.00  0.000     0  0.00  0  0  -8.494   0.560   3.981   0.047  -0.027   0.000 01T0D5M000t
00019 ARG01A0007_019 f 0.00  0.000     0  0.00  0  0 -11.038   3.132   3.265   0.104   0.126   0.000 01T0F5M000t
00020 ARG01A0007_020 f 0.00  0.000     0  0.00  0  0 -10.095   1.617   3.641   0.002  -0.042   0.000 01T0FDM000t
00021 ARG02A0007_021 f 0.00  0.000     0  0.00  0  0  -9.944   0.597   3.450  -0.009   1.067   0.000 02E0CBM000t
00022 ARG02A0007_022 f 0.00  0.000     0  0.00  0  0  -8.534   0.559   3.945   0.052   1.077   0.000 02E0D5M000t
00023 ARG02A0007_023 f 0.00  0.000     0  0.00  0  0 -12.941   0.606   0.556   0.027   0.559   0.000 02O000M000t
00024 ARG02A0007_024 f 0.00  0.000     0  0.00  0  0 -12.108   0.945   0.665   0.015   0.869   0.000 02E061M000t
00025 ARG02A0007_025 f 0.00  0.000     0  0.00  0  0 -13.174   3.603   0.555   0.115   0.894   0.000 02T00CM000t
00026 ARG02A0007_026 f 0.00  0.000     0  0.00  0  0 -10.866   1.922   1.170   0.092   1.113   0.000 02T06AM000t
00027 ARG02A0007_027 f 0.00  0.000     0  0.00  0  0 -10.475   0.833   1.150  -0.196   1.086   0.000 02T0D0M000t
00028 ARG02A0007_028 f 0.00  0.000     0  0.00  0  0 -10.063   1.613   3.623   0.006   1.227   0.000 02T0FDM000t
00029 ARG02A0007_029 f 0.00  0.000     0  0.00  0  0 -12.294   1.351   0.478   0.041   1.052   0.000 02T051M000t
00030 ARG02A0007_030 f 0.00  0.000     0  0.00  0  0 -11.152   1.171   0.477   0.017   0.913   0.000 02T097M000t
00031 ARG02A0007_031 f 0.00  0.000     0  0.00  0  0 -11.712   1.115   3.421   0.068   0.944   0.000 02T0C5M000t
00032 ARG02A0007_032 f 0.00  0.000     0  0.00  0  0 -12.424   2.937   5.990   0.098   0.645   0.000 02T043M000t
00033 ARG02A0007_033 f 0.00  0.000     0  0.00  0  0 -12.931   2.620   5.852   0.066   0.452   0.000 02T048M000t
00034 ARG02A0007_034 f 0.00  0.000     0  0.00  0  0 -11.835   1.779   3.619   0.039   0.579   0.000 02T077M000t
00035 ARG02A0007_035 f 0.00  0.000     0  0.00  0  0  -9.850   1.066   3.055  -0.024   0.842   0.000 02T0B2M000t
00036 ARG02A0007_036 f 0.00  0.000     0  0.00  0  0 -10.874   1.227   5.622   0.020   0.669   0.000 02T0B6M000t
00037 ARG02A0007_037 f 0.00  0.000     0  0.00  0  0 -10.987   3.118   3.267   0.009   0.819   0.000 02T0F5M000t
00038 ARG02A0007_038 f 0.00  0.000     0  0.00  0  0 -12.015   1.189   0.490   0.020   0.566   0.000 02T01AM000t
00039 ARG02A0007_039 f 0.00  0.000     0  0.00  0  0 -10.390   1.382   3.286  -0.023   0.778   0.000 02T0ABM000t
00040 ARG02A0007_040 f 0.00  0.000     0  0.00  0  0 -10.991   1.589   3.277   0.048   0.650   0.000 02T0ADM000t
00041 ARG03A0007_041 f 0.00  0.000     0  0.00  0  0 -13.008   0.605   0.556   0.035   0.908   0.000 03O000M000t
00042 ARG03A0007_042 f 0.00  0.000     0  0.00  0  0 -11.103   1.171   0.480   0.023   0.785   0.000 03E097M000t
00043 ARG03A0007_043 f 0.00  0.000     0  0.00  0  0 -10.377   1.369   3.296   0.063   0.949   0.000 03E0ABM000t
00044 ARG03A0007_044 f 0.00  0.000     0  0.00  0  0  -9.208   0.560   3.452  -0.013   0.961   0.000 03E0CBM000t
00045 ARG03A0007_045 f 0.00  0.000     0  0.00  0  0 -10.988   3.127   3.259   0.076   1.097   0.000 03E0F5M000t
00046 ARG03A0007_046 f 0.00  0.000     0  0.00  0  0 -12.051   1.186   0.488   0.039   0.742   0.000 03E01AM000t
00047 ARG03A0007_047 f 0.00  0.000     0  0.00  0  0 -10.652   1.901   1.168   0.095   0.724   0.000 03E06AM000t
00048 ARG03A0007_048 f 0.00  0.000     0  0.00  0  0  -8.459   0.558   3.948   0.054   0.632   0.000 03E0D5M000t
00049 ARG03A0007_049 f 0.00  0.000     0  0.00  0  0 -12.294   1.348   0.478   0.042   0.860   0.000 03T051M000t
00050 ARG03A0007_050 f 0.00  0.000     0  0.00  0  0 -10.973   1.583   3.277   0.054   0.976   0.000 03T0ADM000t
00051 ARG03A0007_051 f 0.00  0.000     0  0.00  0  0 -10.489   0.836   1.149  -0.175   1.128   0.000 03T0D0M000t
00052 ARG03A0007_052 f 0.00  0.000     0  0.00  0  0 -13.181   3.614   0.556   0.118   0.775   0.000 03T00CM000t
00053 ARG03A0007_053 f 0.00  0.000     0  0.00  0  0 -12.290   2.926   5.989   0.030   0.685   0.000 03T043M000t
00054 ARG03A0007_054 f 0.00  0.000     0  0.00  0  0 -11.857   1.778   3.624   0.062   0.649   0.000 03T077M000t
00055 ARG03A0007_055 f 0.00  0.000     0  0.00  0  0  -9.840   1.050   3.054  -0.020   1.044   0.000 03T0B2M000t
00056 ARG03A0007_056 f 0.00  0.000     0  0.00  0  0 -12.878   2.620   5.852   0.072   0.447   0.000 03T048M000t
00057 ARG03A0007_057 f 0.00  0.000     0  0.00  0  0 -12.163   0.918   0.665   0.124   0.897   0.000 03T061M000t
00058 ARG03A0007_058 f 0.00  0.000     0  0.00  0  0 -11.116   1.223   5.630   0.042   0.892   0.000 03T0B6M000t
00059 ARG03A0007_059 f 0.00  0.000     0  0.00  0  0 -11.551   1.117   3.425   0.080   0.801   0.000 03T0C5M000t
00060 ARG03A0007_060 f 0.00  0.000     0  0.00  0  0  -9.891   1.619   3.626   0.003   1.033   0.000 03T0FDM000t
00061 ARG+1A0007_061 f 0.00  1.000     0 12.50  0  1 -13.046   0.605   0.556   0.097  -0.168   0.000 +1O000M000t
00062 ARG+1A0007_062 f 0.00  1.000     0 12.50  0  1 -13.227   3.620   0.559   0.066  -0.091   0.000 +1E00CM000t
00063 ARG+1A0007_063 f 0.00  1.000     0 12.50  0  1 -12.114   1.182   0.490   0.143   0.050   0.000 +1E01AM000t
00064 ARG+1A0007_064 f 0.00  1.000     0 12.50  0  1 -12.071   0.923   0.667   0.253  -0.102   0.000 +1E061M000t
00065 ARG+1A0007_065 f 0.00  1.000     0 12.50  0  1 -11.913   1.779   3.621   0.094  -0.376   0.000 +1E077M000t
00066 ARG+1A0007_066 f 0.00  1.000     0 12.50  0  1 -11.064   1.588   3.278   0.122  -0.236   0.000 +1E0ADM000t
00067 ARG+1A0007_067 f 0.00  1.000     0 12.50  0  1  -9.277   0.557   3.457   0.184  -0.133   0.000 +1E0CBM000t
00068 ARG+1A0007_068 f 0.00  1.000     0 12.50  0  1 -10.528   0.820   1.149   0.213   0.382   0.000 +1E0D0M000t
00069 ARG+1A0007_069 f 0.00  1.000     0 12.50  0  1 -12.528   2.930   5.988   0.039  -0.043   0.000 +1T043M000t
00070 ARG+1A0007_070 f 0.00  1.000     0 12.50  0  1 -12.982   2.611   5.852   0.192  -0.139   0.000 +1T048M000t
00071 ARG+1A0007_071 f 0.00  1.000     0 12.50  0  1 -12.335   1.348   0.478   0.130  -0.275   0.000 +1T051M000t
00072 ARG+1A0007_072 f 0.00  1.000     0 12.50  0  1 -10.703   1.895   1.168   0.244  -0.231   0.000 +1T06AM000t
00073 ARG+1A0007_073 f 0.00  1.000     0 12.50  0  1 -11.201   1.171   0.477   0.126   0.001   0.000 +1T097M000t
00074 ARG+1A0007_074 f 0.00  1.000     0 12.50  0  1 -10.463   1.374   3.293   0.157   0.024   0.000 +1T0ABM000t
00075 ARG+1A0007_075 f 0.00  1.000     0 12.50  0  1  -9.938   1.055   3.056   0.117  -0.217   0.000 +1T0B2M000t
00076 ARG+1A0007_076 f 0.00  1.000     0 12.50  0  1 -11.091   1.226   5.630   0.079  -0.178   0.000 +1T0B6M000t
00077 ARG+1A0007_077 f 0.00  1.000     0 12.50  0  1 -11.768   1.121   3.427   0.160  -0.139   0.000 +1T0C5M000t
00078 ARG+1A0007_078 f 0.00  1.000     0 12.50  0  1  -8.570   0.557   3.948   0.134  -0.140   0.000 +1T0D5M000t
00079 ARG+1A0007_079 f 0.00  1.000     0 12.50  0  1 -11.032   3.150   3.267   0.155  -0.019   0.000 +1T0F5M000t
00080 ARG+1A0007_080 f 0.00  1.000     0 12.50  0  1  -9.903   1.621   3.628   0.130  -0.053   0.000 +1T0FDM000t
