CONFORMER         crg  vdw0  vdw1  tors  epol  self   occ  Hb     history    ASA
ARG01A0007_001  0.000-12.96  0.50  0.56  0.00-11.90 0.503  00  01O000M000  1.000
ARG01A0007_002  0.000-13.21  3.02  0.65  0.00 -9.54 0.502  00  01E00CM000  1.000
ARG01A0007_003  0.000-12.92  2.56  5.92  0.00 -4.43 0.502  00  01E048M000  1.000
ARG01A0007_004  0.000-12.15  1.29  0.48  0.00-10.38 0.502  00  01E051M000  1.000
ARG01A0007_005  0.000-12.28  0.81  0.69  0.00-10.78 0.502  00  01E061M000  1.000
ARG01A0007_006  0.000-10.51  1.82  1.16  0.00 -7.53 0.502  00  01E06AM000  1.000
ARG01A0007_007  0.000-11.63  1.73  3.65  0.00 -6.25 0.502  00  01E077M000  1.000
ARG01A0007_008  0.000 -9.88  1.01  3.06  0.00 -5.82 0.502  00  01E0B2M000  1.000
ARG01A0007_009  0.000-11.17  1.18  5.70  0.00 -4.29 0.502  00  01E0B6M000  1.000
ARG01A0007_010  0.000-11.55  1.04  3.44  0.00 -7.07 0.501  00  01E0C5M000  1.000
ARG01A0007_011  0.000-12.06  1.15  0.50  0.00-10.42 0.502  00  01T01AM000  1.000
ARG01A0007_012  0.000-12.44  2.92  5.99  0.00 -3.53 0.502  00  01T043M000  1.000
ARG01A0007_013  0.000-10.90  1.13  0.51  0.00 -9.26 0.502  00  01T097M000  1.000
ARG01A0007_014  0.000-10.72  1.36  3.31  0.00 -6.04 0.502  00  01T0ABM000  1.000
ARG01A0007_015  0.000-10.95  1.54  3.28  0.00 -6.13 0.502  00  01T0ADM000  1.000
ARG01A0007_016  0.000 -9.80  0.60  3.48  0.00 -5.72 0.501  00  01T0CBM000  1.000
ARG01A0007_017  0.000-10.40  0.84  1.15  0.00 -8.42 0.503  00  01T0D0M000  1.000
ARG01A0007_018  0.000 -8.48  0.51  3.98  0.00 -3.99 0.502  00  01T0D5M000  1.000
ARG01A0007_019  0.000-10.98  3.14  3.27  0.00 -4.57 0.502  00  01T0F5M000  1.000
ARG01A0007_020  0.000-10.05  1.62  3.64  0.00 -4.79 0.502  00  01T0FDM000  1.000
ARG02A0007_021  0.000 -9.93  0.55  3.45  0.00 -5.94 0.501  00  02E0CBM000  1.000
ARG02A0007_022  0.000 -8.53  0.51  3.94  0.00 -4.07 0.502  00  02E0D5M000  1.000
ARG02A0007_023  0.000-12.94  0.50  0.56  0.00-11.88 0.503  00  02O000M000  1.000
ARG02A0007_024  0.000-12.11  0.90  0.67  0.00-10.54 0.502  00  02E061M000  1.000
ARG02A0007_025  0.000-13.17  3.60  0.56  0.00 -9.02 0.502  00  02T00CM000  1.000
ARG02A0007_026  0.000-10.86  1.92  1.17  0.00 -7.77 0.502  00  02T06AM000  1.000
ARG02A0007_027  0.000-10.47  0.79  1.15  0.00 -8.54 0.503  00  02T0D0M000  1.000
ARG02A0007_028  0.000-10.06  1.62  3.62  0.00 -4.82 0.502  00  02T0FDM000  1.000
ARG02A0007_029  0.000-12.29  1.29  0.48  0.00-10.52 0.502  00  02T051M000  1.000
ARG02A0007_030  0.000-11.16  1.12  0.48  0.00 -9.56 0.502  00  02T097M000  1.000
ARG02A0007_031  0.000-11.72  1.07  3.42  0.00 -7.23 0.501  00  02T0C5M000  1.000
ARG02A0007_032  0.000-12.42  2.94  5.99  0.00 -3.50 0.502  00  02T043M000  1.000
ARG02A0007_033  0.000-12.93  2.62  5.85  0.00 -4.46 0.502  00  02T048M000  1.000
ARG02A0007_034  0.000-11.84  1.78  3.62  0.00 -6.44 0.502  00  02T077M000  1.000
ARG02A0007_035  0.000 -9.86  1.01  3.05  0.00 -5.80 0.502  00  02T0B2M000  1.000
ARG02A0007_036  0.000-10.88  1.17  5.62  0.00 -4.09 0.502  00  02T0B6M000  1.000
ARG02A0007_037  0.000-10.99  3.12  3.27  0.00 -4.60 0.502  00  02T0F5M000  1.000
ARG02A0007_038  0.000-12.02  1.13  0.49  0.00-10.39 0.502  00  02T01AM000  1.000
ARG02A0007_039  0.000-10.39  1.33  3.29  0.00 -5.77 0.502  00  02T0ABM000  1.000
ARG02A0007_040  0.000-10.99  1.54  3.28  0.00 -6.17 0.502  00  02T0ADM000  1.000
ARG03A0007_041  0.000-13.01  0.50  0.56  0.00-11.95 0.503  00  03O000M000  1.000
ARG03A0007_042  0.000-11.11  1.11  0.48  0.00 -9.52 0.502  00  03E097M000  1.000
ARG03A0007_043  0.000-10.37  1.31  3.29  0.00 -5.76 0.502  00  03E0ABM000  1.000
ARG03A0007_044  0.000 -9.20  0.51  3.45  0.00 -5.24 0.501  00  03E0CBM000  1.000
ARG03A0007_045  0.000-10.99  3.12  3.26  0.00 -4.61 0.502  00  03E0F5M000  1.000
ARG03A0007_046  0.000-12.05  1.13  0.49  0.00-10.44 0.502  00  03E01AM000  1.000
ARG03A0007_047  0.000-10.65  1.90  1.17  0.00 -7.59 0.502  00  03E06AM000  1.000
ARG03A0007_048  0.000 -8.47  0.51  3.95  0.00 -4.01 0.502  00  03E0D5M000  1.000
ARG03A0007_049  0.000-12.30  1.29  0.48  0.00-10.52 0.502  00  03T051M000  1.000
ARG03A0007_050  0.000-10.97  1.53  3.28  0.00 -6.16 0.502  00  03T0ADM000  1.000
ARG03A0007_051  0.000-10.48  0.79  1.15  0.00 -8.54 0.503  00  03T0D0M000  1.000
ARG03A0007_052  0.000-13.18  3.61  0.56  0.00 -9.01 0.502  00  03T00CM000  1.000
ARG03A0007_053  0.000-12.29  2.93  5.99  0.00 -3.37 0.502  00  03T043M000  1.000
ARG03A0007_054  0.000-11.87  1.78  3.62  0.00 -6.46 0.502  00  03T077M000  1.000
ARG03A0007_055  0.000 -9.85  1.00  3.05  0.00 -5.79 0.502  00  03T0B2M000  1.000
ARG03A0007_056  0.000-12.94  2.62  5.85  0.00 -4.47 0.502  00  03T048M000  1.000
ARG03A0007_057  0.000-12.17  0.87  0.66  0.00-10.64 0.502  00  03T061M000  1.000
ARG03A0007_058  0.000-11.12  1.17  5.63  0.00 -4.32 0.502  00  03T0B6M000  1.000
ARG03A0007_059  0.000-11.60  1.07  3.42  0.00 -7.11 0.501  00  03T0C5M000  1.000
ARG03A0007_060  0.000 -9.90  1.62  3.63  0.00 -4.66 0.502  00  03T0FDM000  1.000
ARG+1A0007_061  1.000-13.05  0.50  0.56  0.00-11.99 0.503  00  +1O000M000  1.000
ARG+1A0007_062  1.000-13.22  3.62  0.56  0.00 -9.04 0.502  00  +1E00CM000  1.000
ARG+1A0007_063  1.000-12.12  1.13  0.49  0.00-10.50 0.502  00  +1E01AM000  1.000
ARG+1A0007_064  1.000-12.08  0.87  0.67  0.00-10.54 0.502  00  +1E061M000  1.000
ARG+1A0007_065  1.000-11.91  1.78  3.62  0.00 -6.51 0.502  00  +1E077M000  1.000
ARG+1A0007_066  1.000-11.02  1.54  3.28  0.00 -6.21 0.502  00  +1E0ADM000  1.000
ARG+1A0007_067  1.000 -9.28  0.51  3.46  0.00 -5.31 0.501  00  +1E0CBM000  1.000
ARG+1A0007_068  1.000-10.52  0.77  1.15  0.00 -8.60 0.503  00  +1E0D0M000  1.000
ARG+1A0007_069  1.000-12.53  2.92  5.99  0.00 -3.62 0.502  00  +1T043M000  1.000
ARG+1A0007_070  1.000-12.98  2.61  5.85  0.00 -4.52 0.502  00  +1T048M000  1.000
ARG+1A0007_071  1.000-12.34  1.29  0.48  0.00-10.57 0.502  00  +1T051M000  1.000
ARG+1A0007_072  1.000-10.70  1.90  1.17  0.00 -7.63 0.502  00  +1T06AM000  1.000
ARG+1A0007_073  1.000-11.20  1.11  0.48  0.00 -9.61 0.502  00  +1T097M000  1.000
ARG+1A0007_074  1.000-10.46  1.32  3.29  0.00 -5.85 0.502  00  +1T0ABM000  1.000
ARG+1A0007_075  1.000 -9.92  1.00  3.06  0.00 -5.87 0.502  00  +1T0B2M000  1.000
ARG+1A0007_076  1.000-11.09  1.17  5.63  0.00 -4.29 0.502  00  +1T0B6M000  1.000
ARG+1A0007_077  1.000-11.77  1.07  3.43  0.00 -7.27 0.501  00  +1T0C5M000  1.000
ARG+1A0007_078  1.000 -8.56  0.51  3.95  0.00 -4.10 0.502  00  +1T0D5M000  1.000
ARG+1A0007_079  1.000-11.04  3.15  3.27  0.00 -4.62 0.502  00  +1T0F5M000  1.000
ARG+1A0007_080  1.000 -9.91  1.62  3.63  0.00 -4.66 0.502  00  +1T0FDM000  1.000
