   confID        vdw0    sas     sum
ARG01A0007_001   1.362 -14.327 -12.964
ARG01A0007_002   1.278 -14.492 -13.214
ARG01A0007_003   2.040 -14.957 -12.917
ARG01A0007_004   2.392 -14.548 -12.157
ARG01A0007_005   2.122 -14.397 -12.275
ARG01A0007_006   3.322 -13.825 -10.503
ARG01A0007_007   2.955 -14.581 -11.626
ARG01A0007_008   3.822 -13.686  -9.864
ARG01A0007_009   3.351 -14.523 -11.171
ARG01A0007_010   2.673 -14.224 -11.551
ARG01A0007_011   2.254 -14.312 -12.058
ARG01A0007_012   2.197 -14.633 -12.437
ARG01A0007_013   3.446 -14.347 -10.902
ARG01A0007_014   3.170 -13.884 -10.714
ARG01A0007_015   3.404 -14.343 -10.939
ARG01A0007_016   4.340 -14.133  -9.794
ARG01A0007_017   3.939 -14.343 -10.403
ARG01A0007_018   5.551 -14.045  -8.494
ARG01A0007_019   2.857 -13.895 -11.038
ARG01A0007_020   3.959 -14.054 -10.095
ARG02A0007_021   4.253 -14.197  -9.944
ARG02A0007_022   5.527 -14.061  -8.534
ARG02A0007_023   1.386 -14.327 -12.941
ARG02A0007_024   2.189 -14.298 -12.108
ARG02A0007_025   1.148 -14.322 -13.174
ARG02A0007_026   3.087 -13.953 -10.866
ARG02A0007_027   3.868 -14.343 -10.475
ARG02A0007_028   3.936 -13.999 -10.063
ARG02A0007_029   2.366 -14.660 -12.294
ARG02A0007_030   3.391 -14.543 -11.152
ARG02A0007_031   2.695 -14.407 -11.712
ARG02A0007_032   2.210 -14.633 -12.424
ARG02A0007_033   2.103 -15.034 -12.931
ARG02A0007_034   3.042 -14.877 -11.835
ARG02A0007_035   3.837 -13.686  -9.850
ARG02A0007_036   3.388 -14.262 -10.874
ARG02A0007_037   2.853 -13.840 -10.987
ARG02A0007_038   2.252 -14.267 -12.015
ARG02A0007_039   3.294 -13.684 -10.390
ARG02A0007_040   3.400 -14.391 -10.991
ARG03A0007_041   1.319 -14.327 -13.008
ARG03A0007_042   3.377 -14.479 -11.103
ARG03A0007_043   3.352 -13.729 -10.377
ARG03A0007_044   4.938 -14.146  -9.208
ARG03A0007_045   2.842 -13.831 -10.988
ARG03A0007_046   2.197 -14.248 -12.051
ARG03A0007_047   3.173 -13.825 -10.652
ARG03A0007_048   5.538 -13.997  -8.459
ARG03A0007_049   2.366 -14.660 -12.294
ARG03A0007_050   3.351 -14.323 -10.973
ARG03A0007_051   3.853 -14.343 -10.489
ARG03A0007_052   1.141 -14.322 -13.181
ARG03A0007_053   2.147 -14.437 -12.290
ARG03A0007_054   3.016 -14.874 -11.857
ARG03A0007_055   3.846 -13.686  -9.840
ARG03A0007_056   2.044 -14.922 -12.878
ARG03A0007_057   2.199 -14.362 -12.163
ARG03A0007_058   3.346 -14.462 -11.116
ARG03A0007_059   2.720 -14.272 -11.551
ARG03A0007_060   4.044 -13.935  -9.891
ARG+1A0007_061   1.280 -14.327 -13.046
ARG+1A0007_062   1.095 -14.322 -13.227
ARG+1A0007_063   2.154 -14.267 -12.114
ARG+1A0007_064   2.175 -14.246 -12.071
ARG+1A0007_065   2.960 -14.874 -11.913
ARG+1A0007_066   3.327 -14.391 -11.064
ARG+1A0007_067   4.889 -14.166  -9.277
ARG+1A0007_068   3.814 -14.343 -10.528
ARG+1A0007_069   2.105 -14.633 -12.528
ARG+1A0007_070   2.004 -14.986 -12.982
ARG+1A0007_071   2.325 -14.660 -12.335
ARG+1A0007_072   3.122 -13.825 -10.703
ARG+1A0007_073   3.342 -14.543 -11.201
ARG+1A0007_074   3.266 -13.729 -10.463
ARG+1A0007_075   3.748 -13.686  -9.938
ARG+1A0007_076   3.303 -14.394 -11.091
ARG+1A0007_077   2.687 -14.455 -11.768
ARG+1A0007_078   5.491 -14.061  -8.570
ARG+1A0007_079   2.798 -13.831 -11.032
ARG+1A0007_080   4.032 -13.935  -9.903
