iConf CONFORMER     FL  occ    crg   Em0  pKa0 ne nH    vdw0    vdw1    tors    epol   dsolv   extra    history
00001 LYS01A0209_001 f 0.00  0.000     0  0.00  0  0  -8.618   4.285   2.704  -0.015  -0.048   0.000 01O000M000t
00002 LYS01A0209_002 f 0.00  0.000     0  0.00  0  0  -8.088   3.337   2.108  -0.007   0.101   0.000 01E01FM000t
00003 LYS01A0209_003 f 0.00  0.000     0  0.00  0  0  -9.063   5.727   1.691  -0.023   0.055   0.000 01E022M000t
00004 LYS01A0209_004 f 0.00  0.000     0  0.00  0  0  -8.304   2.595   2.179  -0.003   0.006   0.000 01E025M000t
00005 LYS01A0209_005 f 0.00  0.000     0  0.00  0  0  -8.087   3.605   2.190  -0.016  -0.054   0.000 01E026M000t
00006 LYS01A0209_006 f 0.00  0.000     0  0.00  0  0  -8.810   1.990   1.634  -0.017   0.170   0.000 01E037M000t
00007 LYS01A0209_007 f 0.00  0.000     0  0.00  0  0  -9.625   3.227   1.257  -0.019   0.152   0.000 01E039M000t
00008 LYS01A0209_008 f 0.00  0.000     0  0.00  0  0 -10.206   4.824   4.225  -0.014   0.110   0.000 01E03FM000t
00009 LYS01A0209_009 f 0.00  0.000     0  0.00  0  0  -5.578   1.839   1.839  -0.045   0.098   0.000 01E04DM000t
00010 LYS01A0209_010 f 0.00  0.000     0  0.00  0  0  -6.674   2.587   1.852  -0.019  -0.092   0.000 01E060M000t
00011 LYS01A0209_011 f 0.00  0.000     0  0.00  0  0  -8.985   3.820   2.061  -0.022  -0.002   0.000 01E064M000t
00012 LYS01A0209_012 f 0.00  0.000     0  0.00  0  0  -8.766   2.546   4.915  -0.008   0.066   0.000 01E071M000t
00013 LYS01A0209_013 f 0.00  0.000     0  0.00  0  0  -9.874   4.147   1.212  -0.004   0.072   0.000 01T009M000t
00014 LYS01A0209_014 f 0.00  0.000     0  0.00  0  0  -8.322   3.995   1.800  -0.059   0.116   0.000 01T013M000t
00015 LYS01A0209_015 f 0.00  0.000     0  0.00  0  0  -9.129   3.768   1.723  -0.010   0.076   0.000 01T024M000t
00016 LYS01A0209_016 f 0.00  0.000     0  0.00  0  0  -9.704   4.037   1.257  -0.012   0.098   0.000 01T03BM000t
00017 LYS01A0209_017 f 0.00  0.000     0  0.00  0  0  -9.607   2.609   4.099  -0.022   0.060   0.000 01T040M000t
00018 LYS01A0209_018 f 0.00  0.000     0  0.00  0  0  -8.024   3.607   2.438  -0.027  -0.201   0.000 01T045M000t
00019 LYS01A0209_019 f 0.00  0.000     0  0.00  0  0  -8.436   4.192   2.737  -0.027  -0.151   0.000 01T048M000t
00020 LYS01A0209_020 f 0.00  0.000     0  0.00  0  0  -8.350   3.072   2.648  -0.011  -0.075   0.000 01T06AM000t
00021 LYS+1A0209_021 f 0.00  1.000     0 10.40  0  1  -8.670   4.283   2.704   0.051  -0.174   0.000 +1O000M000t
00022 LYS+1A0209_022 f 0.00  1.000     0 10.40  0  1  -8.382   3.990   1.826   0.231  -0.140   0.000 +1E013M000t
00023 LYS+1A0209_023 f 0.00  1.000     0 10.40  0  1  -8.134   3.312   2.147   0.098   0.073   0.000 +1E01FM000t
00024 LYS+1A0209_024 f 0.00  1.000     0 10.40  0  1  -9.149   5.680   1.742   0.084  -0.436   0.000 +1E022M000t
00025 LYS+1A0209_025 f 0.00  1.000     0 10.40  0  1  -9.296   3.741   1.774   0.008  -0.016   0.000 +1E024M000t
00026 LYS+1A0209_026 f 0.00  1.000     0 10.40  0  1  -8.546   2.596   2.213   0.004  -0.180   0.000 +1E025M000t
00027 LYS+1A0209_027 f 0.00  1.000     0 10.40  0  1  -8.954   1.982   1.689   0.002  -0.289   0.000 +1E037M000t
00028 LYS+1A0209_028 f 0.00  1.000     0 10.40  0  1  -9.761   3.242   1.291   0.014   0.039   0.000 +1E039M000t
00029 LYS+1A0209_029 f 0.00  1.000     0 10.40  0  1  -9.786   4.030   1.336   0.017  -0.056   0.000 +1E03BM000t
00030 LYS+1A0209_030 f 0.00  1.000     0 10.40  0  1 -10.250   4.850   4.257   0.089  -0.197   0.000 +1E03FM000t
00031 LYS+1A0209_031 f 0.00  1.000     0 10.40  0  1  -9.490   2.608   4.144   0.008  -0.053   0.000 +1E040M000t
00032 LYS+1A0209_032 f 0.00  1.000     0 10.40  0  1  -6.826   2.625   1.910   0.083  -0.344   0.000 +1E060M000t
00033 LYS+1A0209_033 f 0.00  1.000     0 10.40  0  1  -8.964   3.818   2.131   0.061  -0.022   0.000 +1E064M000t
00034 LYS+1A0209_034 f 0.00  1.000     0 10.40  0  1  -8.280   3.075   2.743   0.047  -0.308   0.000 +1E06AM000t
00035 LYS+1A0209_035 f 0.00  1.000     0 10.40  0  1  -8.751   2.545   5.010   0.033  -0.311   0.000 +1E071M000t
00036 LYS+1A0209_036 f 0.00  1.000     0 10.40  0  1  -9.876   4.155   1.229   0.028  -0.210   0.000 +1T009M000t
00037 LYS+1A0209_037 f 0.00  1.000     0 10.40  0  1  -8.174   3.655   2.253   0.066  -0.059   0.000 +1T026M000t
00038 LYS+1A0209_038 f 0.00  1.000     0 10.40  0  1  -8.029   3.623   2.470   0.086  -0.009   0.000 +1T045M000t
00039 LYS+1A0209_039 f 0.00  1.000     0 10.40  0  1  -8.456   4.193   2.808   0.127  -0.172   0.000 +1T048M000t
00040 LYS+1A0209_040 f 0.00  1.000     0 10.40  0  1  -5.664   1.828   1.949   0.162   0.500   0.000 +1T04DM000t
