   confID        vdw0    sas     sum
LYS01A0209_001   3.768 -12.386  -8.618
LYS01A0209_002   3.932 -12.020  -8.088
LYS01A0209_003   3.221 -12.284  -9.063
LYS01A0209_004   3.885 -12.190  -8.304
LYS01A0209_005   4.122 -12.209  -8.087
LYS01A0209_006   3.223 -12.033  -8.810
LYS01A0209_007   2.450 -12.075  -9.625
LYS01A0209_008   2.222 -12.428 -10.206
LYS01A0209_009   6.334 -11.912  -5.578
LYS01A0209_010   5.410 -12.083  -6.674
LYS01A0209_011   2.906 -11.891  -8.985
LYS01A0209_012   3.440 -12.206  -8.766
LYS01A0209_013   2.425 -12.299  -9.874
LYS01A0209_014   3.748 -12.070  -8.322
LYS01A0209_015   3.209 -12.339  -9.129
LYS01A0209_016   2.477 -12.181  -9.704
LYS01A0209_017   2.513 -12.120  -9.607
LYS01A0209_018   3.799 -11.823  -8.024
LYS01A0209_019   3.927 -12.364  -8.436
LYS01A0209_020   3.665 -12.016  -8.350
LYS+1A0209_021   3.716 -12.386  -8.670
LYS+1A0209_022   3.676 -12.058  -8.382
LYS+1A0209_023   3.870 -12.004  -8.134
LYS+1A0209_024   3.119 -12.268  -9.149
LYS+1A0209_025   3.110 -12.406  -9.296
LYS+1A0209_026   3.831 -12.376  -8.546
LYS+1A0209_027   3.131 -12.084  -8.954
LYS+1A0209_028   2.378 -12.139  -9.761
LYS+1A0209_029   2.395 -12.181  -9.786
LYS+1A0209_030   2.165 -12.415 -10.250
LYS+1A0209_031   2.440 -11.930  -9.490
LYS+1A0209_032   5.215 -12.041  -6.826
LYS+1A0209_033   2.872 -11.836  -8.964
LYS+1A0209_034   3.687 -11.968  -8.280
LYS+1A0209_035   3.458 -12.209  -8.751
LYS+1A0209_036   2.395 -12.270  -9.876
LYS+1A0209_037   4.103 -12.277  -8.174
LYS+1A0209_038   3.730 -11.759  -8.029
LYS+1A0209_039   3.908 -12.364  -8.456
LYS+1A0209_040   6.248 -11.912  -5.664
