CONFORMER         crg  vdw0  vdw1  tors  epol  self   occ  Hb     history    ASA
GLU01A0098_001  0.000 -2.52 -0.02  2.98  0.00  0.43 0.525  00  01O000M000  1.023
GLU01A0098_002  0.000 -2.80  1.18  2.94  0.00  1.32 0.522  00  01E002M000  1.070
GLU01A0098_003  0.000 -3.89  0.02  3.46  0.00 -0.41 0.520  00  01E005M000  1.029
GLU01A0098_004  0.000 -3.87  0.06  3.23  0.00 -0.58 0.521  00  01E00CM000  1.068
GLU01A0098_005  0.000 -3.43  0.35  6.14  0.00  3.05 0.521  00  01E00EM000  1.000
GLU01A0098_006  0.000 -4.52  3.45  3.46  0.00  2.39 0.522  00  01E012M000  1.072
GLU01A0098_007  0.000 -2.52 -0.02  0.26  0.00 -2.29 0.525  00  01O000M000  1.023
GLU01A0098_008  0.000 -3.54  0.16  3.36  0.00 -0.02 0.521  00  01E00AM000  1.081
GLU01A0098_009  0.000 -4.15  2.63  0.65  0.00 -0.87 0.525  00  01E015M000  1.066
GLU01A0098_010  0.000 -4.07  1.24  3.42  0.00  0.60 0.522  00  01T009M000  1.062
GLU01A0098_011  0.000 -3.86  0.88  3.49  0.00  0.50 0.522  00  01T00BM000  1.000
GLU01A0098_012  0.000 -4.23  1.80  3.60  0.00  1.17 0.524  00  01T00DM000  1.000
GLU01A0098_013  0.000 -4.11  0.83  6.01  0.00  2.73 0.524  00  01T010M000  1.097
GLU01A0098_014  0.000 -3.59  0.41  6.08  0.00  2.89 0.523  00  01T011M000  1.056
GLU01A0098_015  0.000 -3.34  0.43  3.22  0.00  0.31 0.522  00  01T006M000  1.000
GLU01A0098_016  0.000 -3.46  0.15  6.07  0.00  2.76 0.521  00  01T00AM000  1.064
GLU01A0098_017  0.000 -3.95  0.64  6.22  0.00  2.91 0.523  00  01T00FM000  1.021
GLU01A0098_018  0.000 -4.02  0.10  3.39  0.00 -0.53 0.522  00  01T013M000  1.010
GLU01A0098_019  0.000 -3.34  0.19  6.04  0.00  2.89 0.522  00  01T014M000  1.039
GLU01A0098_020  0.000 -4.15  2.63  3.35  0.00  1.84 0.525  00  01T015M000  1.066
GLU01A0098_021  0.000 -2.80  1.19  0.22  0.00 -1.40 0.522  00  01T002M000  1.070
GLU01A0098_022  0.000 -3.90  0.06  0.50  0.00 -3.34 0.521  00  01T00CM000  1.074
GLU01A0098_023  0.000 -4.09  0.66  3.53  0.00  0.10 0.523  00  01T00FM000  1.026
GLU01A0098_024  0.000 -4.49  3.45  0.74  0.00 -0.30 0.522  00  01T012M000  1.065
GLU01A0098_025  0.000 -3.96  0.12  0.74  0.00 -3.11 0.522  00  01T013M000  1.025
GLU01A0098_026  0.000 -3.54  0.18  3.38  0.00  0.02 0.522  00  01T014M000  1.047
GLU01A0098_027  0.000 -3.34  0.43  0.50  0.00 -2.41 0.522  00  01T006M000  1.000
GLU01A0098_028  0.000 -3.81  1.09  0.71  0.00 -2.01 0.522  00  01T00BM000  1.014
GLU01A0098_029  0.000 -4.19  2.03  0.85  0.00 -1.31 0.524  00  01T00DM000  1.000
GLU01A0098_030  0.000 -3.30  0.32  3.33  0.00  0.34 0.521  00  01T00EM000  1.000
GLU01A0098_031  0.000 -4.00  0.84  3.25  0.00  0.09 0.524  00  01T010M000  1.098
GLU01A0098_032  0.000 -3.29  0.40  3.34  0.00  0.45 0.523  00  01T011M000  1.039
GLU02A0098_033  0.000 -3.08 -0.02  2.98  0.00 -0.12 0.525  00  02O000M000  1.038
GLU02A0098_034  0.000 -3.02  0.33  2.94  0.00  0.26 0.524  00  02E001M000  1.026
GLU02A0098_035  0.000 -3.85  1.22  3.50  0.00  0.87 0.522  00  02E009M000  1.033
GLU02A0098_036  0.000 -3.63  0.17  6.18  0.00  2.73 0.521  00  02E00AM000  1.108
GLU02A0098_037  0.000 -3.36  0.30  6.18  0.00  3.12 0.521  00  02E00EM000  1.000
GLU02A0098_038  0.000 -4.02  0.64  6.37  0.00  2.99 0.523  00  02E00FM000  1.034
GLU02A0098_039  0.000 -4.55  2.93  3.42  0.00  1.80 0.522  00  02E012M000  1.085
GLU02A0098_040  0.000 -3.08 -0.02  0.26  0.00 -2.84 0.525  00  02O000M000  1.038
GLU02A0098_041  0.000 -4.07  0.06  0.44  0.00 -3.56 0.521  00  02E00CM000  1.053
GLU02A0098_042  0.000 -3.98  0.65  3.46  0.00  0.13 0.523  00  02E00FM000  1.037
GLU02A0098_043  0.000 -3.55  0.41  3.31  0.00  0.16 0.523  00  02E011M000  1.063
GLU02A0098_044  0.000 -3.21  0.24  3.36  0.00  0.39 0.522  00  02E014M000  1.007
GLU02A0098_045  0.000 -3.25  1.20  2.94  0.00  0.88 0.522  00  02T002M000  1.053
GLU02A0098_046  0.000 -3.73  0.02  3.46  0.00 -0.26 0.520  00  02T005M000  1.040
GLU02A0098_047  0.000 -3.95  1.08  3.51  0.00  0.65 0.522  00  02T00BM000  1.008
GLU02A0098_048  0.000 -3.48  0.38  6.14  0.00  3.04 0.523  00  02T011M000  1.056
GLU02A0098_049  0.000 -3.29  0.25  6.15  0.00  3.11 0.522  00  02T014M000  1.007
GLU02A0098_050  0.000 -4.09  2.58  3.45  0.00  1.94 0.525  00  02T015M000  1.064
GLU02A0098_051  0.000 -3.99  0.06  3.15  0.00 -0.77 0.521  00  02T00CM000  1.037
GLU02A0098_052  0.000 -4.24  2.16  3.62  0.00  1.54 0.524  00  02T00DM000  1.000
GLU02A0098_053  0.000 -4.25  0.83  5.94  0.00  2.52 0.524  00  02T010M000  1.090
GLU02A0098_054  0.000 -3.00  0.33  0.22  0.00 -2.45 0.524  00  02T001M000  1.023
GLU02A0098_055  0.000 -3.63  0.17  3.43  0.00 -0.03 0.521  00  02T00AM000  1.108
GLU02A0098_056  0.000 -4.24  2.08  0.90  0.00 -1.27 0.524  00  02T00DM000  1.000
GLU02A0098_057  0.000 -4.35  0.76  3.27  0.00 -0.32 0.524  00  02T010M000  1.095
GLU02A0098_058  0.000 -3.85  1.24  0.62  0.00 -1.99 0.522  00  02T009M000  1.030
GLU02A0098_059  0.000 -3.77  1.03  0.71  0.00 -2.04 0.522  00  02T00BM000  1.008
GLU02A0098_060  0.000 -3.34  0.32  3.35  0.00  0.34 0.521  00  02T00EM000  1.014
GLU02A0098_061  0.000 -4.47  3.12  0.67  0.00 -0.68 0.522  00  02T012M000  1.078
GLU02A0098_062  0.000 -4.00  2.59  0.66  0.00 -0.75 0.525  00  02T015M000  1.048
GLU-1A0098_063 -1.000 -2.95 -0.01  0.26  0.00 -2.69 0.525  00  -1O000M000  1.023
GLU-1A0098_064 -1.000 -3.42  0.41  0.47  0.00 -2.54 0.522  00  -1E006M000  1.008
GLU-1A0098_065 -1.000 -3.94  1.22  0.65  0.00 -2.07 0.522  00  -1E009M000  1.031
GLU-1A0098_066 -1.000 -3.84  0.21  3.31  0.00 -0.31 0.521  00  -1E00AM000  1.102
GLU-1A0098_067 -1.000 -3.92  1.02  0.72  0.00 -2.18 0.522  00  -1E00BM000  1.000
GLU-1A0098_068 -1.000 -4.25  1.89  0.86  0.00 -1.50 0.524  00  -1E00DM000  1.000
GLU-1A0098_069 -1.000 -3.41  0.34  3.32  0.00  0.24 0.521  00  -1E00EM000  1.000
GLU-1A0098_070 -1.000 -4.10  0.67  3.49  0.00  0.06 0.523  00  -1E00FM000  1.016
GLU-1A0098_071 -1.000 -4.15  0.81  3.25  0.00 -0.10 0.524  00  -1E010M000  1.087
GLU-1A0098_072 -1.000 -3.48  0.39  3.30  0.00  0.21 0.523  00  -1E011M000  1.042
GLU-1A0098_073 -1.000 -3.97  0.13  0.68  0.00 -3.15 0.522  00  -1E013M000  1.023
GLU-1A0098_074 -1.000 -3.26  0.21  3.32  0.00  0.28 0.522  00  -1E014M000  1.008
GLU-1A0098_075 -1.000 -4.09  2.51  0.68  0.00 -0.90 0.525  00  -1E015M000  1.051
