iConf CONFORMER     FL  occ    crg   Em0  pKa0 ne nH    vdw0    vdw1    tors    epol   dsolv   extra    history
00001 GLU01A0098_001 f 0.00  0.000     0  0.00  0  0  -2.520   0.089   2.980   0.138  -0.243   0.000 01O000M000t
00002 GLU01A0098_002 f 0.00  0.000     0  0.00  0  0  -2.806   1.232   2.939   0.120  -0.156   0.000 01E002M000t
00003 GLU01A0098_003 f 0.00  0.000     0  0.00  0  0  -3.890   0.135   3.461   0.090  -0.478   0.000 01E005M000t
00004 GLU01A0098_004 f 0.00  0.000     0  0.00  0  0  -3.872   0.123   3.231   0.279  -0.274   0.000 01E00CM000t
00005 GLU01A0098_005 f 0.00  0.000     0  0.00  0  0  -3.431   0.417   6.135   0.066  -0.597   0.000 01E00EM000t
00006 GLU01A0098_006 f 0.00  0.000     0  0.00  0  0  -4.523   3.498   3.457   0.368   0.152   0.000 01E012M000t
00007 GLU01A0098_007 f 0.00  0.000     0  0.00  0  0  -2.520   0.089   0.260   0.064   0.637   0.000 01O000M000t
00008 GLU01A0098_008 f 0.00  0.000     0  0.00  0  0  -3.541   0.269   3.362   0.118   0.707   0.000 01E00AM000t
00009 GLU01A0098_009 f 0.00  0.000     0  0.00  0  0  -4.151   2.632   0.646  -0.081   0.783   0.000 01E015M000t
00010 GLU01A0098_010 f 0.00  0.000     0  0.00  0  0  -4.067   1.284   3.422   0.008  -0.619   0.000 01T009M000t
00011 GLU01A0098_011 f 0.00  0.000     0  0.00  0  0  -3.864   0.938   3.492   0.486  -0.511   0.000 01T00BM000t
00012 GLU01A0098_012 f 0.00  0.000     0  0.00  0  0  -4.233   1.869   3.600  -0.005  -0.551   0.000 01T00DM000t
00013 GLU01A0098_013 f 0.00  0.000     0  0.00  0  0  -4.113   0.876   6.013   0.193  -0.217   0.000 01T010M000t
00014 GLU01A0098_014 f 0.00  0.000     0  0.00  0  0  -3.591   0.505   6.076   0.083  -0.594   0.000 01T011M000t
00015 GLU01A0098_015 f 0.00  0.000     0  0.00  0  0  -3.342   0.520   3.222   0.105  -0.294   0.000 01T006M000t
00016 GLU01A0098_016 f 0.00  0.000     0  0.00  0  0  -3.464   0.269   6.067   0.215  -0.519   0.000 01T00AM000t
00017 GLU01A0098_017 f 0.00  0.000     0  0.00  0  0  -3.951   0.687   6.216   0.143  -0.497   0.000 01T00FM000t
00018 GLU01A0098_018 f 0.00  0.000     0  0.00  0  0  -4.019   0.144   3.390   0.128  -0.438   0.000 01T013M000t
00019 GLU01A0098_019 f 0.00  0.000     0  0.00  0  0  -3.339   0.243   6.042   0.066  -0.483   0.000 01T014M000t
00020 GLU01A0098_020 f 0.00  0.000     0  0.00  0  0  -4.151   2.632   3.354  -0.226  -0.326   0.000 01T015M000t
00021 GLU01A0098_021 f 0.00  0.000     0  0.00  0  0  -2.806   1.232   0.218   0.031   0.619   0.000 01T002M000t
00022 GLU01A0098_022 f 0.00  0.000     0  0.00  0  0  -3.900   0.123   0.501   0.154   0.688   0.000 01T00CM000t
00023 GLU01A0098_023 f 0.00  0.000     0  0.00  0  0  -4.090   0.706   3.526   0.128   0.748   0.000 01T00FM000t
00024 GLU01A0098_024 f 0.00  0.000     0  0.00  0  0  -4.489   3.501   0.736   0.027   0.624   0.000 01T012M000t
00025 GLU01A0098_025 f 0.00  0.000     0  0.00  0  0  -3.965   0.166   0.736   0.062   0.714   0.000 01T013M000t
00026 GLU01A0098_026 f 0.00  0.000     0  0.00  0  0  -3.534   0.230   3.380   0.044   0.761   0.000 01T014M000t
00027 GLU01A0098_027 f 0.00  0.000     0  0.00  0  0  -3.342   0.520   0.502   0.033   0.647   0.000 01T006M000t
00028 GLU01A0098_028 f 0.00  0.000     0  0.00  0  0  -3.809   1.162   0.710   0.335   0.684   0.000 01T00BM000t
00029 GLU01A0098_029 f 0.00  0.000     0  0.00  0  0  -4.187   2.092   0.855  -0.024   0.713   0.000 01T00DM000t
00030 GLU01A0098_030 f 0.00  0.000     0  0.00  0  0  -3.296   0.383   3.327   0.056   0.666   0.000 01T00EM000t
00031 GLU01A0098_031 f 0.00  0.000     0  0.00  0  0  -4.003   0.887   3.247   0.064   0.675   0.000 01T010M000t
00032 GLU01A0098_032 f 0.00  0.000     0  0.00  0  0  -3.294   0.502   3.337   0.041   0.729   0.000 01T011M000t
00033 GLU02A0098_033 f 0.00  0.000     0  0.00  0  0  -3.079   0.097   2.980   0.102  -0.512   0.000 02O000M000t
00034 GLU02A0098_034 f 0.00  0.000     0  0.00  0  0  -3.020   0.426   2.941   0.054  -0.445   0.000 02E001M000t
00035 GLU02A0098_035 f 0.00  0.000     0  0.00  0  0  -3.846   1.271   3.496   0.087  -0.282   0.000 02E009M000t
00036 GLU02A0098_036 f 0.00  0.000     0  0.00  0  0  -3.626   0.285   6.181   0.177  -0.384   0.000 02E00AM000t
00037 GLU02A0098_037 f 0.00  0.000     0  0.00  0  0  -3.358   0.364   6.180   0.253  -0.139   0.000 02E00EM000t
00038 GLU02A0098_038 f 0.00  0.000     0  0.00  0  0  -4.018   0.684   6.373   0.201  -0.407   0.000 02E00FM000t
00039 GLU02A0098_039 f 0.00  0.000     0  0.00  0  0  -4.550   2.980   3.422  -0.001  -0.404   0.000 02E012M000t
00040 GLU02A0098_040 f 0.00  0.000     0  0.00  0  0  -3.079   0.097   0.260   0.063   0.702   0.000 02O000M000t
00041 GLU02A0098_041 f 0.00  0.000     0  0.00  0  0  -4.067   0.131   0.443   0.148   0.672   0.000 02E00CM000t
00042 GLU02A0098_042 f 0.00  0.000     0  0.00  0  0  -3.978   0.701   3.455   0.107   0.708   0.000 02E00FM000t
00043 GLU02A0098_043 f 0.00  0.000     0  0.00  0  0  -3.555   0.502   3.307   0.044   0.703   0.000 02E011M000t
00044 GLU02A0098_044 f 0.00  0.000     0  0.00  0  0  -3.211   0.285   3.365   0.048   0.724   0.000 02E014M000t
00045 GLU02A0098_045 f 0.00  0.000     0  0.00  0  0  -3.257   1.245   2.939  -0.020  -0.588   0.000 02T002M000t
00046 GLU02A0098_046 f 0.00  0.000     0  0.00  0  0  -3.730   0.131   3.458   0.136  -0.475   0.000 02T005M000t
00047 GLU02A0098_047 f 0.00  0.000     0  0.00  0  0  -3.947   1.150   3.514   0.414  -0.232   0.000 02T00BM000t
00048 GLU02A0098_048 f 0.00  0.000     0  0.00  0  0  -3.476   0.475   6.136   0.069  -0.347   0.000 02T011M000t
00049 GLU02A0098_049 f 0.00  0.000     0  0.00  0  0  -3.289   0.300   6.154   0.252   0.082   0.000 02T014M000t
00050 GLU02A0098_050 f 0.00  0.000     0  0.00  0  0  -4.085   2.577   3.449   0.043  -0.337   0.000 02T015M000t
00051 GLU02A0098_051 f 0.00  0.000     0  0.00  0  0  -3.990   0.131   3.152   0.207  -0.537   0.000 02T00CM000t
00052 GLU02A0098_052 f 0.00  0.000     0  0.00  0  0  -4.245   2.238   3.621   1.086   0.111   0.000 02T00DM000t
00053 GLU02A0098_053 f 0.00  0.000     0  0.00  0  0  -4.248   0.876   5.942   0.073  -0.561   0.000 02T010M000t
00054 GLU02A0098_054 f 0.00  0.000     0  0.00  0  0  -3.007   0.426   0.221   0.034   0.701   0.000 02T001M000t
00055 GLU02A0098_055 f 0.00  0.000     0  0.00  0  0  -3.626   0.285   3.429   0.111   0.679   0.000 02T00AM000t
00056 GLU02A0098_056 f 0.00  0.000     0  0.00  0  0  -4.242   2.148   0.897   0.027   0.753   0.000 02T00DM000t
00057 GLU02A0098_057 f 0.00  0.000     0  0.00  0  0  -4.351   0.805   3.267   0.045   0.713   0.000 02T010M000t
00058 GLU02A0098_058 f 0.00  0.000     0  0.00  0  0  -3.848   1.284   0.621   0.027   0.665   0.000 02T009M000t
00059 GLU02A0098_059 f 0.00  0.000     0  0.00  0  0  -3.773   1.095   0.712   0.288   0.720   0.000 02T00BM000t
00060 GLU02A0098_060 f 0.00  0.000     0  0.00  0  0  -3.338   0.391   3.352   0.082   0.665   0.000 02T00EM000t
00061 GLU02A0098_061 f 0.00  0.000     0  0.00  0  0  -4.470   3.181   0.671  -0.007   0.772   0.000 02T012M000t
00062 GLU02A0098_062 f 0.00  0.000     0  0.00  0  0  -4.001   2.587   0.660  -0.002   0.785   0.000 02T015M000t
00063 GLU-1A0098_063 f 0.00 -1.000     0  4.75  0 -1  -2.946   0.107   0.260  -0.106  -0.257   0.000 -1O000M000t
00064 GLU-1A0098_064 f 0.00 -1.000     0  4.75  0 -1  -3.416   0.503   0.467  -0.081  -0.205   0.000 -1E006M000t
00065 GLU-1A0098_065 f 0.00 -1.000     0  4.75  0 -1  -3.940   1.268   0.647  -0.043  -0.281   0.000 -1E009M000t
00066 GLU-1A0098_066 f 0.00 -1.000     0  4.75  0 -1  -3.841   0.329   3.314  -0.131  -0.156   0.000 -1E00AM000t
00067 GLU-1A0098_067 f 0.00 -1.000     0  4.75  0 -1  -3.915   1.084   0.720  -0.528   0.154   0.000 -1E00BM000t
00068 GLU-1A0098_068 f 0.00 -1.000     0  4.75  0 -1  -4.254   1.963   0.857  -0.620   0.010   0.000 -1E00DM000t
00069 GLU-1A0098_069 f 0.00 -1.000     0  4.75  0 -1  -3.415   0.404   3.316  -0.191  -0.261   0.000 -1E00EM000t
00070 GLU-1A0098_070 f 0.00 -1.000     0  4.75  0 -1  -4.099   0.722   3.490  -0.350  -0.083   0.000 -1E00FM000t
00071 GLU-1A0098_071 f 0.00 -1.000     0  4.75  0 -1  -4.177   0.850   3.246  -0.266  -0.001   0.000 -1E010M000t
00072 GLU-1A0098_072 f 0.00 -1.000     0  4.75  0 -1  -3.474   0.484   3.295  -0.113  -0.311   0.000 -1E011M000t
00073 GLU-1A0098_073 f 0.00 -1.000     0  4.75  0 -1  -3.964   0.176   0.683  -0.246  -0.132   0.000 -1E013M000t
00074 GLU-1A0098_074 f 0.00 -1.000     0  4.75  0 -1  -3.253   0.261   3.320  -0.104  -0.076   0.000 -1E014M000t
00075 GLU-1A0098_075 f 0.00 -1.000     0  4.75  0 -1  -4.092   2.514   0.677   0.194   0.219   0.000 -1E015M000t
