   confID        vdw0    sas     sum
GLU01A0098_001   2.147  -4.668  -2.520
GLU01A0098_002   2.059  -4.865  -2.806
GLU01A0098_003   0.773  -4.662  -3.890
GLU01A0098_004   1.066  -4.939  -3.872
GLU01A0098_005   1.287  -4.719  -3.431
GLU01A0098_006   0.668  -5.192  -4.523
GLU01A0098_007   2.147  -4.668  -2.520
GLU01A0098_008   1.418  -4.960  -3.541
GLU01A0098_009   0.812  -4.963  -4.151
GLU01A0098_010   0.772  -4.839  -4.067
GLU01A0098_011   0.754  -4.617  -3.864
GLU01A0098_012   0.524  -4.757  -4.233
GLU01A0098_013   1.074  -5.187  -4.113
GLU01A0098_014   1.196  -4.787  -3.591
GLU01A0098_015   1.148  -4.490  -3.342
GLU01A0098_016   1.418  -4.883  -3.464
GLU01A0098_017   0.833  -4.784  -3.951
GLU01A0098_018   0.766  -4.785  -4.019
GLU01A0098_019   1.441  -4.780  -3.339
GLU01A0098_020   0.812  -4.963  -4.151
GLU01A0098_021   2.059  -4.865  -2.806
GLU01A0098_022   1.064  -4.964  -3.900
GLU01A0098_023   0.737  -4.827  -4.090
GLU01A0098_024   0.668  -5.157  -4.489
GLU01A0098_025   0.720  -4.685  -3.965
GLU01A0098_026   1.281  -4.816  -3.534
GLU01A0098_027   1.148  -4.490  -3.342
GLU01A0098_028   0.827  -4.636  -3.809
GLU01A0098_029   0.534  -4.721  -4.187
GLU01A0098_030   1.446  -4.742  -3.296
GLU01A0098_031   1.151  -5.154  -4.003
GLU01A0098_032   1.416  -4.710  -3.294
GLU02A0098_033   1.672  -4.751  -3.079
GLU02A0098_034   1.604  -4.624  -3.020
GLU02A0098_035   0.850  -4.696  -3.846
GLU02A0098_036   1.367  -4.993  -3.626
GLU02A0098_037   1.356  -4.714  -3.358
GLU02A0098_038   0.833  -4.851  -4.018
GLU02A0098_039   0.633  -5.183  -4.550
GLU02A0098_040   1.672  -4.751  -3.079
GLU02A0098_041   1.001  -5.067  -4.067
GLU02A0098_042   0.873  -4.851  -3.978
GLU02A0098_043   1.393  -4.948  -3.555
GLU02A0098_044   1.445  -4.655  -3.211
GLU02A0098_045   1.599  -4.856  -3.257
GLU02A0098_046   0.848  -4.578  -3.730
GLU02A0098_047   0.801  -4.748  -3.947
GLU02A0098_048   1.380  -4.856  -3.476
GLU02A0098_049   1.366  -4.655  -3.289
GLU02A0098_050   0.792  -4.878  -4.085
GLU02A0098_051   1.000  -4.990  -3.990
GLU02A0098_052   0.488  -4.733  -4.245
GLU02A0098_053   1.011  -5.259  -4.248
GLU02A0098_054   1.604  -4.611  -3.007
GLU02A0098_055   1.367  -4.993  -3.626
GLU02A0098_056   0.491  -4.733  -4.242
GLU02A0098_057   0.957  -5.308  -4.351
GLU02A0098_058   0.938  -4.786  -3.848
GLU02A0098_059   0.855  -4.628  -3.773
GLU02A0098_060   1.461  -4.800  -3.338
GLU02A0098_061   0.655  -5.125  -4.470
GLU02A0098_062   0.889  -4.890  -4.001
GLU-1A0098_063   1.615  -4.560  -2.946
GLU-1A0098_064   0.929  -4.345  -3.416
GLU-1A0098_065   0.685  -4.625  -3.940
GLU-1A0098_066   1.192  -5.033  -3.841
GLU-1A0098_067   0.643  -4.559  -3.915
GLU-1A0098_068   0.403  -4.658  -4.254
GLU-1A0098_069   1.222  -4.637  -3.415
GLU-1A0098_070   0.654  -4.753  -4.099
GLU-1A0098_071   0.889  -5.066  -4.177
GLU-1A0098_072   1.202  -4.676  -3.474
GLU-1A0098_073   0.621  -4.585  -3.964
GLU-1A0098_074   1.220  -4.473  -3.253
GLU-1A0098_075   0.673  -4.765  -4.092
