CONFORMER         crg  vdw0  vdw1  tors  epol  self   occ  Hb     history    ASA
LYS01A0168_001  0.000-12.42 -0.05  3.46  0.00 -9.01 0.501  00  01O000M000  1.000
LYS01A0168_002  0.000-11.52  1.89  4.79  0.00 -4.84 0.501  00  01E017M000  1.000
LYS01A0168_003  0.000-12.80  0.47  4.97  0.00 -7.37 0.501  00  01E02EM000  1.000
LYS01A0168_004  0.000-12.53  2.10  5.50  0.00 -4.94 0.501  00  01E07BM000  1.000
LYS01A0168_005  0.000-12.61  0.44  5.50  0.00 -6.67 0.501  00  01E08FM000  1.000
LYS01A0168_006  0.000-11.04  1.82  3.69  0.00 -5.53 0.501  00  01E11CM000  1.000
LYS01A0168_007  0.000-12.20  1.88  4.25  0.00 -6.08 0.501  00  01E120M000  1.000
LYS01A0168_008  0.000-11.10  0.81  1.04  0.00 -9.26 0.501  00  01E133M000  1.000
LYS01A0168_009  0.000-12.70  1.04  2.36  0.00 -9.31 0.501  00  01E18EM000  1.000
LYS01A0168_010  0.000-11.25  1.14  4.70  0.00 -5.40 0.501  00  01E25CM000  1.000
LYS01A0168_011  0.000-12.50  3.30  4.40  0.00 -4.80 0.500  00  01E261M000  1.000
LYS01A0168_012  0.000-12.81  2.23  5.37  0.00 -5.21 0.501  00  01T044M000  1.000
LYS01A0168_013  0.000-12.58  2.46  2.55  0.00 -7.57 0.501  00  01T0ABM000  1.000
LYS01A0168_014  0.000-12.19  2.30  3.64  0.00 -6.25 0.501  00  01T0EAM000  1.000
LYS01A0168_015  0.000-12.54  0.41  3.63  0.00 -8.50 0.500  00  01T144M000  1.000
LYS01A0168_016  0.000-12.54  0.42  5.70  0.00 -6.42 0.501  00  01T14CM000  1.000
LYS01A0168_017  0.000-12.96  0.50  4.75  0.00 -7.71 0.501  00  01T151M000  1.000
LYS01A0168_018  0.000-12.11  2.97  2.34  0.00 -6.80 0.501  00  01T176M000  1.000
LYS01A0168_019  0.000-11.91  1.20  1.76  0.00 -8.95 0.501  00  01T216M000  1.000
LYS01A0168_020  0.000-12.12  2.11  1.67  0.00 -8.34 0.501  00  01T240M000  1.000
LYS+1A0168_021  1.000-12.48 -0.05  3.46  0.00 -9.07 0.501  00  +1O000M000  1.000
LYS+1A0168_022  1.000-12.73  2.16  5.51  0.00 -5.06 0.501  00  +1E044M000  1.000
LYS+1A0168_023  1.000-11.10  1.81  3.72  0.00 -5.56 0.501  00  +1E11CM000  1.000
LYS+1A0168_024  1.000-12.18  1.87  4.28  0.00 -6.03 0.501  00  +1E120M000  1.000
LYS+1A0168_025  1.000-12.52  0.41  3.65  0.00 -8.46 0.500  00  +1E144M000  1.000
LYS+1A0168_026  1.000-12.92  0.50  4.80  0.00 -7.62 0.501  00  +1E151M000  1.000
LYS+1A0168_027  1.000-12.62  1.04  2.40  0.00 -9.18 0.501  00  +1E18EM000  1.000
LYS+1A0168_028  1.000-11.92  1.21  1.77  0.00 -8.94 0.501  00  +1E216M000  1.000
LYS+1A0168_029  1.000-11.51  1.91  4.97  0.00 -4.62 0.501  00  +1T017M000  1.000
LYS+1A0168_030  1.000-12.66  0.46  5.16  0.00 -7.04 0.501  00  +1T02EM000  1.000
LYS+1A0168_031  1.000-12.46  2.09  5.56  0.00 -4.81 0.501  00  +1T07BM000  1.000
LYS+1A0168_032  1.000-12.69  0.43  5.57  0.00 -6.69 0.501  00  +1T08FM000  1.000
LYS+1A0168_033  1.000-12.62  2.45  2.58  0.00 -7.59 0.501  00  +1T0ABM000  1.000
LYS+1A0168_034  1.000-12.29  2.29  3.66  0.00 -6.33 0.501  00  +1T0EAM000  1.000
LYS+1A0168_035  1.000-11.15  0.80  1.06  0.00 -9.29 0.501  00  +1T133M000  1.000
LYS+1A0168_036  1.000-12.41  0.42  5.76  0.00 -6.22 0.501  00  +1T14CM000  1.000
LYS+1A0168_037  1.000-12.25  2.89  2.32  0.00 -7.04 0.501  00  +1T176M000  1.000
LYS+1A0168_038  1.000-12.13  2.12  1.67  0.00 -8.33 0.501  00  +1T240M000  1.000
LYS+1A0168_039  1.000-11.22  1.15  4.72  0.00 -5.35 0.501  00  +1T25CM000  1.000
LYS+1A0168_040  1.000-12.56  3.44  4.41  0.00 -4.70 0.500  00  +1T261M000  1.000
