iConf CONFORMER     FL  occ    crg   Em0  pKa0 ne nH    vdw0    vdw1    tors    epol   dsolv   extra    history
00001 LYS01A0168_001 f 0.00  0.000     0  0.00  0  0 -12.381   0.046   3.462  -0.011  -0.048   0.000 01O000M000t
00002 LYS01A0168_002 f 0.00  0.000     0  0.00  0  0 -11.522   1.941   4.789  -0.023   0.074   0.000 01E017M000t
00003 LYS01A0168_003 f 0.00  0.000     0  0.00  0  0 -12.803   0.514   4.963  -0.005  -0.186   0.000 01E02EM000t
00004 LYS01A0168_004 f 0.00  0.000     0  0.00  0  0 -12.530   2.153   5.493  -0.007  -0.023   0.000 01E07BM000t
00005 LYS01A0168_005 f 0.00  0.000     0  0.00  0  0 -12.608   0.484   5.502  -0.009  -0.245   0.000 01E08FM000t
00006 LYS01A0168_006 f 0.00  0.000     0  0.00  0  0 -11.039   1.869   3.692  -0.008   0.075   0.000 01E11CM000t
00007 LYS01A0168_007 f 0.00  0.000     0  0.00  0  0 -12.197   1.931   4.246  -0.009   0.057   0.000 01E120M000t
00008 LYS01A0168_008 f 0.00  0.000     0  0.00  0  0 -11.105   0.926   1.036  -0.004   0.169   0.000 01E133M000t
00009 LYS01A0168_009 f 0.00  0.000     0  0.00  0  0 -12.705   1.088   2.356  -0.040  -0.071   0.000 01E18EM000t
00010 LYS01A0168_010 f 0.00  0.000     0  0.00  0  0 -11.247   1.146   4.701  -0.003   0.004   0.000 01E25CM000t
00011 LYS01A0168_011 f 0.00  0.000     0  0.00  0  0 -12.500   3.302   4.398   0.010   0.114   0.000 01E261M000t
00012 LYS01A0168_012 f 0.00  0.000     0  0.00  0  0 -12.814   2.233   5.374  -0.005   0.167   0.000 01T044M000t
00013 LYS01A0168_013 f 0.00  0.000     0  0.00  0  0 -12.578   2.463   2.548  -0.128   0.047   0.000 01T0ABM000t
00014 LYS01A0168_014 f 0.00  0.000     0  0.00  0  0 -12.190   2.347   3.645  -0.009  -0.003   0.000 01T0EAM000t
00015 LYS01A0168_015 f 0.00  0.000     0  0.00  0  0 -12.542   0.464   3.631  -0.010   0.031   0.000 01T144M000t
00016 LYS01A0168_016 f 0.00  0.000     0  0.00  0  0 -12.536   0.471   5.697  -0.002   0.024   0.000 01T14CM000t
00017 LYS01A0168_017 f 0.00  0.000     0  0.00  0  0 -12.954   0.550   4.749  -0.004   0.041   0.000 01T151M000t
00018 LYS01A0168_018 f 0.00  0.000     0  0.00  0  0 -12.114   3.013   2.346   0.006   0.052   0.000 01T176M000t
00019 LYS01A0168_019 f 0.00  0.000     0  0.00  0  0 -11.914   1.273   1.762   0.002  -0.222   0.000 01T216M000t
00020 LYS01A0168_020 f 0.00  0.000     0  0.00  0  0 -12.124   2.180   1.666  -0.001   0.003   0.000 01T240M000t
00021 LYS+1A0168_021 f 0.00  1.000     0 10.40  0  1 -12.439   0.043   3.462   0.056  -0.068   0.000 +1O000M000t
00022 LYS+1A0168_022 f 0.00  1.000     0 10.40  0  1 -12.728   2.161   5.512   0.126   0.147   0.000 +1E044M000t
00023 LYS+1A0168_023 f 0.00  1.000     0 10.40  0  1 -11.102   1.868   3.726   0.119   0.191   0.000 +1E11CM000t
00024 LYS+1A0168_024 f 0.00  1.000     0 10.40  0  1 -12.183   1.917   4.282   0.101  -0.035   0.000 +1E120M000t
00025 LYS+1A0168_025 f 0.00  1.000     0 10.40  0  1 -12.518   0.460   3.653   0.046  -0.332   0.000 +1E144M000t
00026 LYS+1A0168_026 f 0.00  1.000     0 10.40  0  1 -12.921   0.552   4.807   0.005  -0.241   0.000 +1E151M000t
00027 LYS+1A0168_027 f 0.00  1.000     0 10.40  0  1 -12.622   1.082   2.403   0.169  -0.211   0.000 +1E18EM000t
00028 LYS+1A0168_028 f 0.00  1.000     0 10.40  0  1 -11.959   1.281   1.772  -0.017  -0.265   0.000 +1E216M000t
00029 LYS+1A0168_029 f 0.00  1.000     0 10.40  0  1 -11.504   1.961   4.977   0.049   0.014   0.000 +1T017M000t
00030 LYS+1A0168_030 f 0.00  1.000     0 10.40  0  1 -12.666   0.515   5.158   0.021  -0.466   0.000 +1T02EM000t
00031 LYS+1A0168_031 f 0.00  1.000     0 10.40  0  1 -12.461   2.140   5.566   0.044  -0.285   0.000 +1T07BM000t
00032 LYS+1A0168_032 f 0.00  1.000     0 10.40  0  1 -12.696   0.484   5.572   0.045  -0.405   0.000 +1T08FM000t
00033 LYS+1A0168_033 f 0.00  1.000     0 10.40  0  1 -12.619   2.445   2.577   0.591  -0.254   0.000 +1T0ABM000t
00034 LYS+1A0168_034 f 0.00  1.000     0 10.40  0  1 -12.287   2.342   3.660   0.047  -0.250   0.000 +1T0EAM000t
00035 LYS+1A0168_035 f 0.00  1.000     0 10.40  0  1 -11.154   0.917   1.062   0.122   0.126   0.000 +1T133M000t
00036 LYS+1A0168_036 f 0.00  1.000     0 10.40  0  1 -12.408   0.473   5.764   0.015  -0.257   0.000 +1T14CM000t
00037 LYS+1A0168_037 f 0.00  1.000     0 10.40  0  1 -12.253   2.944   2.316   1.194   0.688   0.000 +1T176M000t
00038 LYS+1A0168_038 f 0.00  1.000     0 10.40  0  1 -12.129   2.186   1.671   0.004  -0.294   0.000 +1T240M000t
00039 LYS+1A0168_039 f 0.00  1.000     0 10.40  0  1 -11.216   1.148   4.718   0.011  -0.261   0.000 +1T25CM000t
00040 LYS+1A0168_040 f 0.00  1.000     0 10.40  0  1 -12.556   3.433   4.412  -0.003   0.708   0.000 +1T261M000t
