   confID        vdw0    sas     sum
LYS01A0168_001   0.150 -12.531 -12.381
LYS01A0168_002   0.745 -12.267 -11.522
LYS01A0168_003   0.150 -12.952 -12.803
LYS01A0168_004   0.165 -12.694 -12.530
LYS01A0168_005   0.170 -12.778 -12.608
LYS01A0168_006   0.991 -12.030 -11.039
LYS01A0168_007   0.128 -12.326 -12.197
LYS01A0168_008   0.845 -11.950 -11.105
LYS01A0168_009   0.423 -13.129 -12.705
LYS01A0168_010   0.952 -12.199 -11.247
LYS01A0168_011   0.239 -12.739 -12.500
LYS01A0168_012   0.372 -13.186 -12.814
LYS01A0168_013   0.184 -12.762 -12.578
LYS01A0168_014   0.420 -12.611 -12.190
LYS01A0168_015   0.410 -12.952 -12.542
LYS01A0168_016   0.306 -12.842 -12.536
LYS01A0168_017   0.210 -13.164 -12.954
LYS01A0168_018   0.664 -12.778 -12.114
LYS01A0168_019   0.482 -12.395 -11.914
LYS01A0168_020   0.458 -12.582 -12.124
LYS+1A0168_021   0.092 -12.531 -12.439
LYS+1A0168_022   0.322 -13.050 -12.728
LYS+1A0168_023   0.864 -11.966 -11.102
LYS+1A0168_024   0.075 -12.258 -12.183
LYS+1A0168_025   0.382 -12.900 -12.518
LYS+1A0168_026   0.176 -13.097 -12.921
LYS+1A0168_027   0.387 -13.010 -12.622
LYS+1A0168_028   0.436 -12.395 -11.959
LYS+1A0168_029   0.670 -12.174 -11.504
LYS+1A0168_030   0.123 -12.788 -12.666
LYS+1A0168_031   0.130 -12.592 -12.461
LYS+1A0168_032   0.133 -12.829 -12.696
LYS+1A0168_033   0.142 -12.762 -12.619
LYS+1A0168_034   0.392 -12.678 -12.287
LYS+1A0168_035   0.729 -11.882 -11.154
LYS+1A0168_036   0.267 -12.675 -12.408
LYS+1A0168_037   0.590 -12.843 -12.253
LYS+1A0168_038   0.414 -12.543 -12.129
LYS+1A0168_039   0.915 -12.132 -11.216
LYS+1A0168_040   0.184 -12.739 -12.556
