CONFORMER         crg  vdw0  vdw1  tors  epol  self   occ  Hb     history    ASA
LYS01A0165_001  0.000-11.62  0.74  1.07  0.00 -9.81 0.502  00  01O000M000  1.000
LYS01A0165_002  0.000 -9.95  0.15  1.49  0.00 -8.31 0.501  00  01E01CM000  1.000
LYS01A0165_003  0.000 -9.33  0.71  3.62  0.00 -4.99 0.501  00  01E048M000  1.000
LYS01A0165_004  0.000-11.50  3.69  6.27  0.00 -1.54 0.502  00  01E05FM000  1.000
LYS01A0165_005  0.000-11.94  1.12  6.33  0.00 -4.49 0.501  00  01E08EM000  1.000
LYS01A0165_006  0.000 -9.85  3.08  4.53  0.00 -2.24 0.502  00  01E0A9M000  1.000
LYS01A0165_007  0.000 -9.67  0.05  1.39  0.00 -8.23 0.501  00  01E0DDM000  1.000
LYS01A0165_008  0.000 -7.74  0.62  4.79  0.00 -2.32 0.501  00  01E12EM000  1.000
LYS01A0165_009  0.000 -7.88  0.65  2.08  0.00 -5.15 0.502  00  01E131M000  1.000
LYS01A0165_010  0.000 -9.95 -0.02  3.74  0.00 -6.23 0.502  00  01E136M000  1.000
LYS01A0165_011  0.000-11.85  2.32  0.77  0.00 -8.76 0.501  00  01T00AM000  1.000
LYS01A0165_012  0.000-10.00  3.00  1.74  0.00 -5.26 0.501  00  01T016M000  1.000
LYS01A0165_013  0.000-10.60  3.78  3.70  0.00 -3.12 0.501  00  01T023M000  1.000
LYS01A0165_014  0.000-11.80  2.43  0.77  0.00 -8.60 0.500  00  01T077M000  1.000
LYS01A0165_015  0.000-11.40  1.48  6.97  0.00 -2.95 0.501  00  01T088M000  1.000
LYS01A0165_016  0.000-10.72  1.90  4.49  0.00 -4.33 0.502  00  01T0B7M000  1.000
LYS01A0165_017  0.000 -8.80  0.78  1.51  0.00 -6.51 0.501  00  01T0F0M000  1.000
LYS01A0165_018  0.000-10.62  0.81  1.51  0.00 -8.29 0.502  00  01T103M000  1.000
LYS01A0165_019  0.000 -7.96  1.55  4.71  0.00 -1.71 0.502  00  01T170M000  1.000
LYS01A0165_020  0.000 -8.36  1.49  4.74  0.00 -2.12 0.501  00  01T178M000  1.000
LYS+1A0165_021  1.000-11.70  0.74  1.07  0.00 -9.90 0.502  00  +1O000M000  1.000
LYS+1A0165_022  1.000-11.88  2.30  0.77  0.00 -8.80 0.501  00  +1E00AM000  1.000
LYS+1A0165_023  1.000-10.12  2.99  1.74  0.00 -5.38 0.501  00  +1E016M000  1.000
LYS+1A0165_024  1.000 -9.99  0.13  1.50  0.00 -8.36 0.501  00  +1E01CM000  1.000
LYS+1A0165_025  1.000 -9.48  0.70  3.64  0.00 -5.13 0.501  00  +1E048M000  1.000
LYS+1A0165_026  1.000-11.51  3.71  6.29  0.00 -1.51 0.502  00  +1E05FM000  1.000
LYS+1A0165_027  1.000 -9.90  3.05  4.53  0.00 -2.31 0.502  00  +1E0A9M000  1.000
LYS+1A0165_028  1.000-10.78  1.89  4.49  0.00 -4.40 0.502  00  +1E0B7M000  1.000
LYS+1A0165_029  1.000 -8.87  0.78  1.51  0.00 -6.58 0.501  00  +1E0F0M000  1.000
LYS+1A0165_030  1.000 -7.92  0.64  2.08  0.00 -5.20 0.502  00  +1E131M000  1.000
LYS+1A0165_031  1.000 -9.99 -0.02  3.75  0.00 -6.27 0.502  00  +1E136M000  1.000
LYS+1A0165_032  1.000 -8.42  1.49  4.74  0.00 -2.18 0.501  00  +1E178M000  1.000
LYS+1A0165_033  1.000-10.70  3.77  3.70  0.00 -3.23 0.501  00  +1T023M000  1.000
LYS+1A0165_034  1.000-11.83  2.45  0.77  0.00 -8.61 0.500  00  +1T077M000  1.000
LYS+1A0165_035  1.000-11.43  1.48  6.99  0.00 -2.96 0.501  00  +1T088M000  1.000
LYS+1A0165_036  1.000-11.98  1.12  6.34  0.00 -4.52 0.501  00  +1T08EM000  1.000
LYS+1A0165_037  1.000 -9.69  0.05  1.39  0.00 -8.25 0.501  00  +1T0DDM000  1.000
LYS+1A0165_038  1.000-10.71  0.81  1.52  0.00 -8.38 0.502  00  +1T103M000  1.000
LYS+1A0165_039  1.000 -7.78  0.63  4.81  0.00 -2.34 0.501  00  +1T12EM000  1.000
LYS+1A0165_040  1.000 -7.90  1.55  4.71  0.00 -1.63 0.502  00  +1T170M000  1.000
