iConf CONFORMER     FL  occ    crg   Em0  pKa0 ne nH    vdw0    vdw1    tors    epol   dsolv   extra    history
00001 LYS01A0165_001 f 0.00  0.000     0  0.00  0  0 -11.554   0.786   1.069  -0.021   0.009   0.000 01O000M000t
00002 LYS01A0165_002 f 0.00  0.000     0  0.00  0  0  -9.959   0.258   1.490  -0.025   0.102   0.000 01E01CM000t
00003 LYS01A0165_003 f 0.00  0.000     0  0.00  0  0  -9.322   0.765   3.621  -0.027  -0.080   0.000 01E048M000t
00004 LYS01A0165_004 f 0.00  0.000     0  0.00  0  0 -11.498   3.743   6.271  -0.001  -0.094   0.000 01E05FM000t
00005 LYS01A0165_005 f 0.00  0.000     0  0.00  0  0 -11.942   1.177   6.327  -0.009  -0.110   0.000 01E08EM000t
00006 LYS01A0165_006 f 0.00  0.000     0  0.00  0  0  -9.848   3.080   4.532  -0.123  -0.142   0.000 01E0A9M000t
00007 LYS01A0165_007 f 0.00  0.000     0  0.00  0  0  -9.680   0.098   1.394  -0.025  -0.183   0.000 01E0DDM000t
00008 LYS01A0165_008 f 0.00  0.000     0  0.00  0  0  -7.754   0.625   4.791  -0.016   0.063   0.000 01E12EM000t
00009 LYS01A0165_009 f 0.00  0.000     0  0.00  0  0  -7.888   0.648   2.075  -0.028   0.102   0.000 01E131M000t
00010 LYS01A0165_010 f 0.00  0.000     0  0.00  0  0  -9.940   0.033   3.737  -0.029  -0.040   0.000 01E136M000t
00011 LYS01A0165_011 f 0.00  0.000     0  0.00  0  0 -11.851   2.312   0.773  -0.058   0.160   0.000 01T00AM000t
00012 LYS01A0165_012 f 0.00  0.000     0  0.00  0  0  -9.999   2.991   1.743  -0.151   0.175   0.000 01T016M000t
00013 LYS01A0165_013 f 0.00  0.000     0  0.00  0  0 -10.598   3.833   3.695  -0.019   0.164   0.000 01T023M000t
00014 LYS01A0165_014 f 0.00  0.000     0  0.00  0  0 -11.803   2.428   0.774  -0.040  -0.026   0.000 01T077M000t
00015 LYS01A0165_015 f 0.00  0.000     0  0.00  0  0 -11.398   1.483   6.966  -0.012  -0.078   0.000 01T088M000t
00016 LYS01A0165_016 f 0.00  0.000     0  0.00  0  0 -10.719   1.893   4.487  -0.094   0.174   0.000 01T0B7M000t
00017 LYS01A0165_017 f 0.00  0.000     0  0.00  0  0  -8.803   0.784   1.509  -0.023  -0.066   0.000 01T0F0M000t
00018 LYS01A0165_018 f 0.00  0.000     0  0.00  0  0 -10.624   0.863   1.514  -0.004   0.000   0.000 01T103M000t
00019 LYS01A0165_019 f 0.00  0.000     0  0.00  0  0  -7.985   1.552   4.709  -0.011  -0.158   0.000 01T170M000t
00020 LYS01A0165_020 f 0.00  0.000     0  0.00  0  0  -8.314   1.492   4.741  -0.023  -0.062   0.000 01T178M000t
00021 LYS+1A0165_021 f 0.00  1.000     0 10.40  0  1 -11.637   0.785   1.069   0.083  -0.397   0.000 +1O000M000t
00022 LYS+1A0165_022 f 0.00  1.000     0 10.40  0  1 -11.878   2.292   0.774   0.211  -0.174   0.000 +1E00AM000t
00023 LYS+1A0165_023 f 0.00  1.000     0 10.40  0  1 -10.114   2.997   1.741   0.541   0.011   0.000 +1E016M000t
00024 LYS+1A0165_024 f 0.00  1.000     0 10.40  0  1  -9.993   0.234   1.495   0.043   0.091   0.000 +1E01CM000t
00025 LYS+1A0165_025 f 0.00  1.000     0 10.40  0  1  -9.482   0.755   3.638   0.101   0.143   0.000 +1E048M000t
00026 LYS+1A0165_026 f 0.00  1.000     0 10.40  0  1 -11.512   3.774   6.291   0.028  -0.440   0.000 +1E05FM000t
00027 LYS+1A0165_027 f 0.00  1.000     0 10.40  0  1  -9.894   3.047   4.534   0.469  -0.318   0.000 +1E0A9M000t
00028 LYS+1A0165_028 f 0.00  1.000     0 10.40  0  1 -10.783   1.889   4.489   0.578   0.549   0.000 +1E0B7M000t
00029 LYS+1A0165_029 f 0.00  1.000     0 10.40  0  1  -8.871   0.779   1.511   0.105  -0.234   0.000 +1E0F0M000t
00030 LYS+1A0165_030 f 0.00  1.000     0 10.40  0  1  -7.915   0.644   2.076   0.089   0.194   0.000 +1E131M000t
00031 LYS+1A0165_031 f 0.00  1.000     0 10.40  0  1 -10.000   0.031   3.747   0.109  -0.050   0.000 +1E136M000t
00032 LYS+1A0165_032 f 0.00  1.000     0 10.40  0  1  -8.432   1.492   4.744   0.108  -0.382   0.000 +1E178M000t
00033 LYS+1A0165_033 f 0.00  1.000     0 10.40  0  1 -10.660   3.824   3.696   0.105  -0.050   0.000 +1T023M000t
00034 LYS+1A0165_034 f 0.00  1.000     0 10.40  0  1 -11.767   2.445   0.774   0.157  -0.298   0.000 +1T077M000t
00035 LYS+1A0165_035 f 0.00  1.000     0 10.40  0  1 -11.423   1.475   6.986   0.094  -0.266   0.000 +1T088M000t
00036 LYS+1A0165_036 f 0.00  1.000     0 10.40  0  1 -11.984   1.176   6.338   0.061  -0.270   0.000 +1T08EM000t
00037 LYS+1A0165_037 f 0.00  1.000     0 10.40  0  1  -9.686   0.096   1.394   0.133  -0.162   0.000 +1T0DDM000t
00038 LYS+1A0165_038 f 0.00  1.000     0 10.40  0  1 -10.713   0.867   1.515   0.026  -0.415   0.000 +1T103M000t
00039 LYS+1A0165_039 f 0.00  1.000     0 10.40  0  1  -7.782   0.632   4.808   0.086  -0.235   0.000 +1T12EM000t
00040 LYS+1A0165_040 f 0.00  1.000     0 10.40  0  1  -7.895   1.551   4.711   0.081  -0.035   0.000 +1T170M000t
