   confID        vdw0    sas     sum
LYS01A0165_001   1.074 -12.628 -11.554
LYS01A0165_002   2.454 -12.413  -9.959
LYS01A0165_003   3.094 -12.416  -9.322
LYS01A0165_004   1.039 -12.537 -11.498
LYS01A0165_005   1.056 -12.997 -11.942
LYS01A0165_006   2.547 -12.395  -9.848
LYS01A0165_007   2.947 -12.627  -9.680
LYS01A0165_008   4.738 -12.492  -7.754
LYS01A0165_009   4.386 -12.274  -7.888
LYS01A0165_010   2.096 -12.036  -9.940
LYS01A0165_011   0.739 -12.589 -11.851
LYS01A0165_012   2.474 -12.473  -9.999
LYS01A0165_013   1.708 -12.306 -10.598
LYS01A0165_014   0.734 -12.538 -11.803
LYS01A0165_015   1.635 -13.033 -11.398
LYS01A0165_016   2.082 -12.801 -10.719
LYS01A0165_017   3.152 -11.954  -8.803
LYS01A0165_018   2.006 -12.630 -10.624
LYS01A0165_019   4.723 -12.709  -7.985
LYS01A0165_020   4.355 -12.668  -8.314
LYS+1A0165_021   0.991 -12.628 -11.637
LYS+1A0165_022   0.660 -12.538 -11.878
LYS+1A0165_023   2.398 -12.512 -10.114
LYS+1A0165_024   2.369 -12.361  -9.993
LYS+1A0165_025   3.002 -12.484  -9.482
LYS+1A0165_026   0.996 -12.508 -11.512
LYS+1A0165_027   2.501 -12.395  -9.894
LYS+1A0165_028   2.017 -12.801 -10.783
LYS+1A0165_029   3.084 -11.954  -8.871
LYS+1A0165_030   4.359 -12.274  -7.915
LYS+1A0165_031   1.971 -11.971 -10.000
LYS+1A0165_032   4.291 -12.723  -8.432
LYS+1A0165_033   1.608 -12.268 -10.660
LYS+1A0165_034   0.668 -12.435 -11.767
LYS+1A0165_035   1.596 -13.020 -11.423
LYS+1A0165_036   1.014 -12.997 -11.984
LYS+1A0165_037   2.941 -12.627  -9.686
LYS+1A0165_038   1.969 -12.682 -10.713
LYS+1A0165_039   4.694 -12.476  -7.782
LYS+1A0165_040   4.695 -12.589  -7.895
