iConf CONFORMER     FL  occ    crg   Em0  pKa0 ne nH    vdw0    vdw1    tors    epol   dsolv   extra    history
00001 LYS01A0159_001 f 0.00  0.000     0  0.00  0  0 -11.897   0.819   0.898  -0.008  -0.029   0.000 01O000M000t
00002 LYS01A0159_002 f 0.00  0.000     0  0.00  0  0 -10.911   1.006   3.530  -0.007  -0.052   0.000 01E029M000t
00003 LYS01A0159_003 f 0.00  0.000     0  0.00  0  0 -11.457   1.755   1.602  -0.010   0.001   0.000 01E02FM000t
00004 LYS01A0159_004 f 0.00  0.000     0  0.00  0  0 -10.967   5.904   1.002  -0.017   0.045   0.000 01E03FM000t
00005 LYS01A0159_005 f 0.00  0.000     0  0.00  0  0  -9.233   1.751   4.757   0.006   0.076   0.000 01E044M000t
00006 LYS01A0159_006 f 0.00  0.000     0  0.00  0  0 -10.768   5.990   0.938   0.016   0.069   0.000 01E07CM000t
00007 LYS01A0159_007 f 0.00  0.000     0  0.00  0  0 -11.096   2.035   6.893  -0.003  -0.221   0.000 01E082M000t
00008 LYS01A0159_008 f 0.00  0.000     0  0.00  0  0 -10.126   0.802   4.290  -0.013   0.006   0.000 01E099M000t
00009 LYS01A0159_009 f 0.00  0.000     0  0.00  0  0 -10.715   1.193   4.402  -0.047   0.014   0.000 01E0DDM000t
00010 LYS01A0159_010 f 0.00  0.000     0  0.00  0  0  -9.878   2.811   1.626   0.045   0.031   0.000 01E101M000t
00011 LYS01A0159_011 f 0.00  0.000     0  0.00  0  0 -10.430   1.711   6.880  -0.036   0.057   0.000 01E123M000t
00012 LYS01A0159_012 f 0.00  0.000     0  0.00  0  0 -12.080   2.425   3.581  -0.005   0.066   0.000 01T00EM000t
00013 LYS01A0159_013 f 0.00  0.000     0  0.00  0  0 -10.503   4.043   0.868  -0.008  -0.068   0.000 01T05DM000t
00014 LYS01A0159_014 f 0.00  0.000     0  0.00  0  0 -10.287   0.868   1.528  -0.021   0.009   0.000 01T06DM000t
00015 LYS01A0159_015 f 0.00  0.000     0  0.00  0  0 -11.008   2.059   4.198  -0.022  -0.057   0.000 01T07AM000t
00016 LYS01A0159_016 f 0.00  0.000     0  0.00  0  0 -10.423   0.952   6.322  -0.008   0.062   0.000 01T0C1M000t
00017 LYS01A0159_017 f 0.00  0.000     0  0.00  0  0  -8.584   2.077   4.849  -0.009   0.076   0.000 01T0EFM000t
00018 LYS01A0159_018 f 0.00  0.000     0  0.00  0  0  -8.433   2.175   2.141  -0.012  -0.139   0.000 01T0F0M000t
00019 LYS01A0159_019 f 0.00  0.000     0  0.00  0  0 -10.337   2.961   4.414  -0.104   0.134   0.000 01T102M000t
00020 LYS01A0159_020 f 0.00  0.000     0  0.00  0  0  -8.508   2.005   4.832  -0.013   0.041   0.000 01T109M000t
00021 LYS+1A0159_021 f 0.00  1.000     0 10.40  0  1 -11.942   0.819   0.898   0.038  -0.288   0.000 +1O000M000t
00022 LYS+1A0159_022 f 0.00  1.000     0 10.40  0  1 -12.178   2.420   3.580  -0.057  -0.363   0.000 +1E00EM000t
00023 LYS+1A0159_023 f 0.00  1.000     0 10.40  0  1  -9.329   1.739   4.760  -0.069  -0.176   0.000 +1E044M000t
00024 LYS+1A0159_024 f 0.00  1.000     0 10.40  0  1 -10.432   0.855   1.530   0.122  -0.432   0.000 +1E06DM000t
00025 LYS+1A0159_025 f 0.00  1.000     0 10.40  0  1 -10.766   1.177   4.403   0.209  -0.076   0.000 +1E0DDM000t
00026 LYS+1A0159_026 f 0.00  1.000     0 10.40  0  1  -8.511   2.173   2.141   0.051   0.005   0.000 +1E0F0M000t
00027 LYS+1A0159_027 f 0.00  1.000     0 10.40  0  1  -8.637   2.016   4.852   0.050  -0.188   0.000 +1E109M000t
00028 LYS+1A0159_028 f 0.00  1.000     0 10.40  0  1 -10.972   1.005   3.533   0.029  -0.410   0.000 +1T029M000t
00029 LYS+1A0159_029 f 0.00  1.000     0 10.40  0  1 -11.502   1.796   1.603   0.025  -0.217   0.000 +1T02FM000t
00030 LYS+1A0159_030 f 0.00  1.000     0 10.40  0  1 -11.145   5.984   1.009   0.040  -0.156   0.000 +1T03FM000t
00031 LYS+1A0159_031 f 0.00  1.000     0 10.40  0  1 -10.645   4.050   0.867  -0.057   0.004   0.000 +1T05DM000t
00032 LYS+1A0159_032 f 0.00  1.000     0 10.40  0  1 -11.070   2.071   4.227   0.068  -0.176   0.000 +1T07AM000t
00033 LYS+1A0159_033 f 0.00  1.000     0 10.40  0  1 -10.809   6.025   0.940  -0.063  -0.276   0.000 +1T07CM000t
00034 LYS+1A0159_034 f 0.00  1.000     0 10.40  0  1 -11.141   2.036   6.902   0.002  -0.407   0.000 +1T082M000t
00035 LYS+1A0159_035 f 0.00  1.000     0 10.40  0  1 -10.169   0.795   4.289   0.014  -0.129   0.000 +1T099M000t
00036 LYS+1A0159_036 f 0.00  1.000     0 10.40  0  1 -10.477   0.946   6.323   0.056  -0.130   0.000 +1T0C1M000t
00037 LYS+1A0159_037 f 0.00  1.000     0 10.40  0  1  -8.601   2.086   4.853   0.049  -0.408   0.000 +1T0EFM000t
00038 LYS+1A0159_038 f 0.00  1.000     0 10.40  0  1  -9.835   2.876   1.622   0.885   0.620   0.000 +1T101M000t
00039 LYS+1A0159_039 f 0.00  1.000     0 10.40  0  1 -10.394   2.962   4.419   0.085   0.403   0.000 +1T102M000t
00040 LYS+1A0159_040 f 0.00  1.000     0 10.40  0  1 -10.533   1.706   6.879   0.143  -0.151   0.000 +1T123M000t
