   confID        vdw0    sas     sum
LYS01A0159_001   0.434 -12.331 -11.897
LYS01A0159_002   1.301 -12.212 -10.911
LYS01A0159_003   1.415 -12.872 -11.457
LYS01A0159_004   1.148 -12.115 -10.967
LYS01A0159_005   3.072 -12.305  -9.233
LYS01A0159_006   1.342 -12.110 -10.768
LYS01A0159_007   1.393 -12.489 -11.096
LYS01A0159_008   2.386 -12.511 -10.126
LYS01A0159_009   2.351 -13.066 -10.715
LYS01A0159_010   2.517 -12.395  -9.878
LYS01A0159_011   2.145 -12.576 -10.430
LYS01A0159_012   0.357 -12.437 -12.080
LYS01A0159_013   1.339 -11.843 -10.503
LYS01A0159_014   1.897 -12.184 -10.287
LYS01A0159_015   1.381 -12.389 -11.008
LYS01A0159_016   1.773 -12.197 -10.423
LYS01A0159_017   4.011 -12.595  -8.584
LYS01A0159_018   3.960 -12.393  -8.433
LYS01A0159_019   1.938 -12.275 -10.337
LYS01A0159_020   3.968 -12.476  -8.508
LYS+1A0159_021   0.389 -12.331 -11.942
LYS+1A0159_022   0.311 -12.489 -12.178
LYS+1A0159_023   3.028 -12.357  -9.329
LYS+1A0159_024   1.820 -12.252 -10.432
LYS+1A0159_025   2.300 -13.066 -10.766
LYS+1A0159_026   3.882 -12.393  -8.511
LYS+1A0159_027   3.906 -12.543  -8.637
LYS+1A0159_028   1.240 -12.212 -10.972
LYS+1A0159_029   1.369 -12.872 -11.502
LYS+1A0159_030   1.086 -12.231 -11.145
LYS+1A0159_031   1.275 -11.920 -10.645
LYS+1A0159_032   1.333 -12.402 -11.070
LYS+1A0159_033   1.285 -12.094 -10.809
LYS+1A0159_034   1.347 -12.489 -11.141
LYS+1A0159_035   2.343 -12.511 -10.169
LYS+1A0159_036   1.720 -12.197 -10.477
LYS+1A0159_037   3.955 -12.556  -8.601
LYS+1A0159_038   2.457 -12.292  -9.835
LYS+1A0159_039   1.842 -12.236 -10.394
LYS+1A0159_040   2.110 -12.643 -10.533
