iConf CONFORMER     FL  occ    crg   Em0  pKa0 ne nH    vdw0    vdw1    tors    epol   dsolv   extra    history
00001 ARG01A0122_001 f 0.00  0.000     0  0.00  0  0 -10.859   0.638   1.770   0.015  -0.152   0.000 01O000M000t
00002 ARG01A0122_002 f 0.00  0.000     0  0.00  0  0 -11.377   2.362   3.514   0.035  -0.092   0.000 01E003M000t
00003 ARG01A0122_003 f 0.00  0.000     0  0.00  0  0  -8.777   0.483   1.765   0.015   0.002   0.000 01E011M000t
00004 ARG01A0122_004 f 0.00  0.000     0  0.00  0  0 -12.081   7.910   4.343  -0.093  -0.148   0.000 01E05AM000t
00005 ARG01A0122_005 f 0.00  0.000     0  0.00  0  0  -7.681   0.246   2.453   0.037   0.127   0.000 01E079M000t
00006 ARG01A0122_006 f 0.00  0.000     0  0.00  0  0  -9.139   1.142   1.565  -0.007  -0.188   0.000 01E08CM000t
00007 ARG01A0122_007 f 0.00  0.000     0  0.00  0  0  -8.057   0.648   3.258   0.069  -0.056   0.000 01E0A9M000t
00008 ARG01A0122_008 f 0.00  0.000     0  0.00  0  0 -10.819   3.255   2.919  -0.004  -0.121   0.000 01E0B3M000t
00009 ARG01A0122_009 f 0.00  0.000     0  0.00  0  0  -9.896   5.125   5.106  -0.010  -0.097   0.000 01E0BFM000t
00010 ARG01A0122_010 f 0.00  0.000     0  0.00  0  0 -11.428   8.404   2.351  -0.045  -0.036   0.000 01E0D0M000t
00011 ARG01A0122_011 f 0.00  0.000     0  0.00  0  0 -10.678   3.750   3.156   0.018  -0.164   0.000 01T007M000t
00012 ARG01A0122_012 f 0.00  0.000     0  0.00  0  0  -9.199   1.977   1.820  -0.209   0.155   0.000 01T020M000t
00013 ARG01A0122_013 f 0.00  0.000     0  0.00  0  0 -10.923   3.314   3.291   0.032   0.112   0.000 01T025M000t
00014 ARG01A0122_014 f 0.00  0.000     0  0.00  0  0 -10.627   1.366   1.770   0.068  -0.072   0.000 01T02EM000t
00015 ARG01A0122_015 f 0.00  0.000     0  0.00  0  0  -9.619   0.972   1.701   0.057  -0.030   0.000 01T054M000t
00016 ARG01A0122_016 f 0.00  0.000     0  0.00  0  0 -10.462   3.431   1.556   0.018  -0.269   0.000 01T065M000t
00017 ARG01A0122_017 f 0.00  0.000     0  0.00  0  0  -9.740   4.626   1.567   0.089   0.177   0.000 01T085M000t
00018 ARG01A0122_018 f 0.00  0.000     0  0.00  0  0 -10.774   2.116   3.348   0.031  -0.077   0.000 01T097M000t
00019 ARG01A0122_019 f 0.00  0.000     0  0.00  0  0 -11.305   5.111   4.933  -0.022   0.006   0.000 01T0C0M000t
00020 ARG02A0122_020 f 0.00  0.000     0  0.00  0  0 -10.889   0.637   1.770   0.023   0.975   0.000 02O000M000t
00021 ARG02A0122_021 f 0.00  0.000     0  0.00  0  0  -9.762   0.974   1.594   0.068   1.014   0.000 02E054M000t
00022 ARG02A0122_022 f 0.00  0.000     0  0.00  0  0 -10.934   3.593   3.009  -0.009   0.736   0.000 02E025M000t
00023 ARG02A0122_023 f 0.00  0.000     0  0.00  0  0  -8.236   0.245   2.454   0.040   1.171   0.000 02T079M000t
00024 ARG02A0122_024 f 0.00  0.000     0  0.00  0  0  -9.239   1.109   1.463  -0.028   1.032   0.000 02T08CM000t
00025 ARG02A0122_025 f 0.00  0.000     0  0.00  0  0  -9.725   4.813   4.954  -0.012   1.100   0.000 02T0BFM000t
00026 ARG02A0122_026 f 0.00  0.000     0  0.00  0  0 -10.987   9.637   1.653  -0.025   1.031   0.000 02T0D0M000t
00027 ARG02A0122_027 f 0.00  0.000     0  0.00  0  0 -11.622   2.392   3.286   0.027   0.611   0.000 02T003M000t
00028 ARG02A0122_028 f 0.00  0.000     0  0.00  0  0 -10.723   4.060   3.172   0.037   0.498   0.000 02T007M000t
00029 ARG02A0122_029 f 0.00  0.000     0  0.00  0  0  -9.054   1.384   1.736   0.062   0.941   0.000 02T020M000t
00030 ARG02A0122_030 f 0.00  0.000     0  0.00  0  0 -12.226   0.661   1.358   0.036   0.589   0.000 02T03CM000t
00031 ARG02A0122_031 f 0.00  0.000     0  0.00  0  0 -11.419   5.284   3.778   0.018   0.871   0.000 02T05AM000t
00032 ARG02A0122_032 f 0.00  0.000     0  0.00  0  0 -10.084   3.207   1.476   0.074   0.611   0.000 02T065M000t
00033 ARG02A0122_033 f 0.00  0.000     0  0.00  0  0  -9.660   2.276   3.418   0.019   0.569   0.000 02T097M000t
00034 ARG02A0122_034 f 0.00  0.000     0  0.00  0  0 -10.665   3.040   2.922   0.059   0.797   0.000 02T0B3M000t
00035 ARG02A0122_035 f 0.00  0.000     0  0.00  0  0  -8.266   0.499   1.522   0.002   0.668   0.000 02T011M000t
00036 ARG02A0122_036 f 0.00  0.000     0  0.00  0  0 -10.622   1.413   1.876  -0.013   0.649   0.000 02T02EM000t
00037 ARG02A0122_037 f 0.00  0.000     0  0.00  0  0  -9.698   4.440   1.573   0.118   0.698   0.000 02T085M000t
00038 ARG02A0122_038 f 0.00  0.000     0  0.00  0  0  -7.987   0.605   3.195   0.051   0.615   0.000 02T0A9M000t
00039 ARG02A0122_039 f 0.00  0.000     0  0.00  0  0 -10.843   4.863   4.863  -0.014   0.878   0.000 02T0C0M000t
00040 ARG03A0122_040 f 0.00  0.000     0  0.00  0  0 -10.893   0.637   1.770   0.023   0.923   0.000 03O000M000t
00041 ARG03A0122_041 f 0.00  0.000     0  0.00  0  0  -8.691   1.101   1.455  -0.017   0.900   0.000 03T08CM000t
00042 ARG03A0122_042 f 0.00  0.000     0  0.00  0  0  -8.220   0.594   3.194   0.069   0.966   0.000 03T0A9M000t
00043 ARG03A0122_043 f 0.00  0.000     0  0.00  0  0 -11.042   4.729   4.865  -0.012   0.982   0.000 03T0C0M000t
00044 ARG03A0122_044 f 0.00  0.000     0  0.00  0  0 -11.458   5.295   3.721  -0.054   0.675   0.000 03T05AM000t
00045 ARG03A0122_045 f 0.00  0.000     0  0.00  0  0 -10.139   3.189   1.478   0.036   0.975   0.000 03T065M000t
00046 ARG03A0122_046 f 0.00  0.000     0  0.00  0  0  -9.990   2.289   3.357   0.031   0.674   0.000 03T097M000t
00047 ARG03A0122_047 f 0.00  0.000     0  0.00  0  0  -8.900   1.323   1.738   0.011   1.031   0.000 03T020M000t
00048 ARG03A0122_048 f 0.00  0.000     0  0.00  0  0 -10.848   3.575   2.987   0.020   0.926   0.000 03T025M000t
00049 ARG03A0122_049 f 0.00  0.000     0  0.00  0  0 -12.098   0.661   1.316   0.021   0.429   0.000 03T03CM000t
00050 ARG03A0122_050 f 0.00  0.000     0  0.00  0  0  -9.609   1.005   1.571   0.059   0.769   0.000 03T054M000t
00051 ARG03A0122_051 f 0.00  0.000     0  0.00  0  0  -8.261   0.234   2.466   0.031   0.970   0.000 03T079M000t
00052 ARG03A0122_052 f 0.00  0.000     0  0.00  0  0 -10.713   3.035   2.921   0.043   0.904   0.000 03T0B3M000t
00053 ARG03A0122_053 f 0.00  0.000     0  0.00  0  0  -9.708   4.771   4.953  -0.010   0.750   0.000 03T0BFM000t
00054 ARG03A0122_054 f 0.00  0.000     0  0.00  0  0 -11.546   2.378   3.218   0.037   0.663   0.000 03T003M000t
00055 ARG03A0122_055 f 0.00  0.000     0  0.00  0  0 -10.592   4.049   3.184   0.028   0.649   0.000 03T007M000t
00056 ARG03A0122_056 f 0.00  0.000     0  0.00  0  0  -8.395   0.499   1.520   0.022   0.924   0.000 03T011M000t
00057 ARG03A0122_057 f 0.00  0.000     0  0.00  0  0 -10.656   1.359   1.774   0.027   0.536   0.000 03T02EM000t
00058 ARG03A0122_058 f 0.00  0.000     0  0.00  0  0  -9.660   4.412   1.555   0.106   0.728   0.000 03T085M000t
00059 ARG03A0122_059 f 0.00  0.000     0  0.00  0  0 -11.044   9.627   1.614  -0.030   0.471   0.000 03T0D0M000t
00060 ARG+1A0122_060 f 0.00  1.000     0 12.50  0  1 -10.932   0.636   1.770   0.078  -0.199   0.000 +1O000M000t
00061 ARG+1A0122_061 f 0.00  1.000     0 12.50  0  1 -11.575   2.387   3.314   0.117  -0.257   0.000 +1E003M000t
00062 ARG+1A0122_062 f 0.00  1.000     0 12.50  0  1 -10.741   4.063   3.204   0.082  -0.201   0.000 +1E007M000t
00063 ARG+1A0122_063 f 0.00  1.000     0 12.50  0  1 -10.708   1.418   1.879   0.022  -0.206   0.000 +1E02EM000t
00064 ARG+1A0122_064 f 0.00  1.000     0 12.50  0  1  -9.481   0.987   1.601   0.149  -0.062   0.000 +1E054M000t
00065 ARG+1A0122_065 f 0.00  1.000     0 12.50  0  1  -9.759   4.384   1.577  -0.032   0.109   0.000 +1E085M000t
00066 ARG+1A0122_066 f 0.00  1.000     0 12.50  0  1  -8.778   1.101   1.471   0.201  -0.359   0.000 +1E08CM000t
00067 ARG+1A0122_067 f 0.00  1.000     0 12.50  0  1  -9.984   2.270   3.452   0.100   0.001   0.000 +1E097M000t
00068 ARG+1A0122_068 f 0.00  1.000     0 12.50  0  1  -9.868   4.799   4.966   0.104  -0.286   0.000 +1E0BFM000t
00069 ARG+1A0122_069 f 0.00  1.000     0 12.50  0  1 -11.210   9.644   1.666   0.006  -0.120   0.000 +1E0D0M000t
00070 ARG+1A0122_070 f 0.00  1.000     0 12.50  0  1  -8.473   0.495   1.548   0.059  -0.047   0.000 +1T011M000t
00071 ARG+1A0122_071 f 0.00  1.000     0 12.50  0  1  -8.938   1.332   1.756   0.540   0.188   0.000 +1T020M000t
00072 ARG+1A0122_072 f 0.00  1.000     0 12.50  0  1 -10.978   3.619   3.060   0.050  -0.270   0.000 +1T025M000t
00073 ARG+1A0122_073 f 0.00  1.000     0 12.50  0  1 -12.085   0.663   1.372   0.076  -0.122   0.000 +1T03CM000t
00074 ARG+1A0122_074 f 0.00  1.000     0 12.50  0  1 -11.607   5.255   3.790  -0.122  -0.066   0.000 +1T05AM000t
00075 ARG+1A0122_075 f 0.00  1.000     0 12.50  0  1 -10.126   3.188   1.493   0.068  -0.147   0.000 +1T065M000t
00076 ARG+1A0122_076 f 0.00  1.000     0 12.50  0  1  -8.134   0.222   2.505   0.103  -0.104   0.000 +1T079M000t
00077 ARG+1A0122_077 f 0.00  1.000     0 12.50  0  1  -8.134   0.597   3.215   0.173  -0.569   0.000 +1T0A9M000t
00078 ARG+1A0122_078 f 0.00  1.000     0 12.50  0  1 -10.906   3.021   2.938   0.270  -0.259   0.000 +1T0B3M000t
00079 ARG+1A0122_079 f 0.00  1.000     0 12.50  0  1 -10.934   4.790   4.892   0.089  -0.247   0.000 +1T0C0M000t
