CONFORMER         crg  vdw0  vdw1  tors  epol  self   occ  Hb     history    ASA
ARG01A0122_001  0.000-10.87  0.64  1.77  0.00 -8.46 0.502  00  01O000M000  1.000
ARG01A0122_002  0.000-11.38  2.37  3.51  0.00 -5.50 0.502  00  01E003M000  1.000
ARG01A0122_003  0.000 -8.79  0.49  1.77  0.00 -6.54 0.502  00  01E011M000  1.000
ARG01A0122_004  0.000-12.08  7.92  4.33  0.00  0.17 0.503  00  01E05AM000  1.000
ARG01A0122_005  0.000 -7.67  0.25  2.45  0.00 -4.97 0.502  00  01E079M000  1.000
ARG01A0122_006  0.000 -9.13  1.14  1.57  0.00 -6.42 0.502  00  01E08CM000  1.000
ARG01A0122_007  0.000 -8.06  0.65  3.27  0.00 -4.15 0.502  00  01E0A9M000  1.000
ARG01A0122_008  0.000-10.82  3.25  2.92  0.00 -4.65 0.501  00  01E0B3M000  1.000
ARG01A0122_009  0.000 -9.90  5.11  5.11  0.00  0.32 0.502  00  01E0BFM000  1.000
ARG01A0122_010  0.000-11.43  8.41  2.35  0.00 -0.67 0.503  00  01E0D0M000  1.000
ARG01A0122_011  0.000-10.69  3.75  3.16  0.00 -3.78 0.502  00  01T007M000  1.000
ARG01A0122_012  0.000 -9.18  1.99  1.82  0.00 -5.37 0.502  00  01T020M000  1.000
ARG01A0122_013  0.000-10.88  3.31  3.29  0.00 -4.28 0.502  00  01T025M000  1.000
ARG01A0122_014  0.000-10.63  1.37  1.77  0.00 -7.50 0.502  00  01T02EM000  1.000
ARG01A0122_015  0.000 -9.61  0.97  1.70  0.00 -6.94 0.502  00  01T054M000  1.000
ARG01A0122_016  0.000-10.46  3.42  1.55  0.00 -5.48 0.501  00  01T065M000  1.000
ARG01A0122_017  0.000 -9.74  4.62  1.57  0.00 -3.56 0.502  00  01T085M000  1.000
ARG01A0122_018  0.000-10.77  2.12  3.35  0.00 -5.30 0.502  00  01T097M000  1.000
ARG01A0122_019  0.000-11.31  5.11  4.93  0.00 -1.26 0.502  00  01T0C0M000  1.000
ARG02A0122_020  0.000-10.90  0.64  1.77  0.00 -8.49 0.502  00  02O000M000  1.000
ARG02A0122_021  0.000 -9.77  0.98  1.59  0.00 -7.20 0.502  00  02E054M000  1.000
ARG02A0122_022  0.000-10.93  3.58  3.01  0.00 -4.34 0.502  00  02E025M000  1.000
ARG02A0122_023  0.000 -8.24  0.24  2.45  0.00 -5.54 0.502  00  02T079M000  1.000
ARG02A0122_024  0.000 -9.24  1.11  1.46  0.00 -6.67 0.502  00  02T08CM000  1.000
ARG02A0122_025  0.000 -9.72  4.80  4.96  0.00  0.04 0.502  00  02T0BFM000  1.000
ARG02A0122_026  0.000-11.00  9.65  1.65  0.00  0.31 0.503  00  02T0D0M000  1.000
ARG02A0122_027  0.000-11.57  2.39  3.29  0.00 -5.89 0.502  00  02T003M000  1.000
ARG02A0122_028  0.000-10.71  4.06  3.17  0.00 -3.48 0.502  00  02T007M000  1.000
ARG02A0122_029  0.000 -9.06  1.39  1.74  0.00 -5.93 0.502  00  02T020M000  1.000
ARG02A0122_030  0.000-12.18  0.66  1.36  0.00-10.15 0.502  00  02T03CM000  1.000
ARG02A0122_031  0.000-11.42  5.27  3.78  0.00 -2.37 0.503  00  02T05AM000  1.000
ARG02A0122_032  0.000-10.08  3.21  1.48  0.00 -5.40 0.501  00  02T065M000  1.000
ARG02A0122_033  0.000 -9.65  2.28  3.42  0.00 -3.96 0.502  00  02T097M000  1.000
ARG02A0122_034  0.000-10.66  3.04  2.92  0.00 -4.69 0.501  00  02T0B3M000  1.000
ARG02A0122_035  0.000 -8.20  0.50  1.52  0.00 -6.17 0.502  00  02T011M000  1.000
ARG02A0122_036  0.000-10.62  1.41  1.87  0.00 -7.33 0.502  00  02T02EM000  1.000
ARG02A0122_037  0.000 -9.69  4.43  1.57  0.00 -3.69 0.502  00  02T085M000  1.000
ARG02A0122_038  0.000 -8.00  0.61  3.19  0.00 -4.20 0.502  00  02T0A9M000  1.000
ARG02A0122_039  0.000-10.89  4.86  4.86  0.00 -1.17 0.502  00  02T0C0M000  1.000
ARG03A0122_040  0.000-10.90  0.64  1.77  0.00 -8.49 0.502  00  03O000M000  1.000
ARG03A0122_041  0.000 -8.68  1.10  1.45  0.00 -6.13 0.502  00  03T08CM000  1.000
ARG03A0122_042  0.000 -8.21  0.60  3.20  0.00 -4.41 0.502  00  03T0A9M000  1.000
ARG03A0122_043  0.000-11.04  4.74  4.87  0.00 -1.43 0.502  00  03T0C0M000  1.000
ARG03A0122_044  0.000-11.46  5.28  3.72  0.00 -2.46 0.503  00  03T05AM000  1.000
ARG03A0122_045  0.000-10.13  3.18  1.48  0.00 -5.47 0.501  00  03T065M000  1.000
ARG03A0122_046  0.000 -9.98  2.28  3.36  0.00 -4.34 0.502  00  03T097M000  1.000
ARG03A0122_047  0.000 -8.90  1.33  1.73  0.00 -5.83 0.502  00  03T020M000  1.000
ARG03A0122_048  0.000-10.85  3.58  2.99  0.00 -4.28 0.502  00  03T025M000  1.000
ARG03A0122_049  0.000-12.10  0.66  1.32  0.00-10.12 0.502  00  03T03CM000  1.000
ARG03A0122_050  0.000 -9.61  1.00  1.57  0.00 -7.03 0.502  00  03T054M000  1.000
ARG03A0122_051  0.000 -8.24  0.23  2.47  0.00 -5.54 0.502  00  03T079M000  1.000
ARG03A0122_052  0.000-10.71  3.04  2.92  0.00 -4.75 0.501  00  03T0B3M000  1.000
ARG03A0122_053  0.000 -9.72  4.78  4.95  0.00  0.01 0.502  00  03T0BFM000  1.000
ARG03A0122_054  0.000-11.55  2.38  3.22  0.00 -5.94 0.502  00  03T003M000  1.000
ARG03A0122_055  0.000-10.58  4.05  3.19  0.00 -3.35 0.502  00  03T007M000  1.000
ARG03A0122_056  0.000 -8.39  0.50  1.52  0.00 -6.37 0.502  00  03T011M000  1.000
ARG03A0122_057  0.000-10.66  1.36  1.77  0.00 -7.53 0.502  00  03T02EM000  1.000
ARG03A0122_058  0.000 -9.66  4.41  1.55  0.00 -3.70 0.502  00  03T085M000  1.000
ARG03A0122_059  0.000-11.04  9.63  1.61  0.00  0.20 0.503  00  03T0D0M000  1.000
ARG+1A0122_060  1.000-10.94  0.64  1.77  0.00 -8.53 0.502  00  +1O000M000  1.000
ARG+1A0122_061  1.000-11.58  2.39  3.31  0.00 -5.88 0.502  00  +1E003M000  1.000
ARG+1A0122_062  1.000-10.74  4.06  3.21  0.00 -3.47 0.502  00  +1E007M000  1.000
ARG+1A0122_063  1.000-10.71  1.42  1.88  0.00 -7.42 0.502  00  +1E02EM000  1.000
ARG+1A0122_064  1.000 -9.47  0.99  1.60  0.00 -6.88 0.502  00  +1E054M000  1.000
ARG+1A0122_065  1.000 -9.77  4.39  1.58  0.00 -3.80 0.502  00  +1E085M000  1.000
ARG+1A0122_066  1.000 -8.79  1.10  1.47  0.00 -6.21 0.502  00  +1E08CM000  1.000
ARG+1A0122_067  1.000 -9.99  2.27  3.45  0.00 -4.26 0.502  00  +1E097M000  1.000
ARG+1A0122_068  1.000 -9.80  4.80  4.97  0.00 -0.04 0.502  00  +1E0BFM000  1.000
ARG+1A0122_069  1.000-11.20  9.62  1.67  0.00  0.09 0.503  00  +1E0D0M000  1.000
ARG+1A0122_070  1.000 -8.46  0.50  1.55  0.00 -6.42 0.502  00  +1T011M000  1.000
ARG+1A0122_071  1.000 -8.94  1.34  1.76  0.00 -5.85 0.502  00  +1T020M000  1.000
ARG+1A0122_072  1.000-10.97  3.62  3.06  0.00 -4.30 0.502  00  +1T025M000  1.000
ARG+1A0122_073  1.000-12.08  0.66  1.37  0.00-10.05 0.502  00  +1T03CM000  1.000
ARG+1A0122_074  1.000-11.61  5.26  3.79  0.00 -2.56 0.503  00  +1T05AM000  1.000
ARG+1A0122_075  1.000-10.12  3.18  1.49  0.00 -5.45 0.501  00  +1T065M000  1.000
ARG+1A0122_076  1.000 -8.14  0.22  2.51  0.00 -5.41 0.502  00  +1T079M000  1.000
ARG+1A0122_077  1.000 -8.15  0.60  3.21  0.00 -4.33 0.502  00  +1T0A9M000  1.000
ARG+1A0122_078  1.000-10.86  3.02  2.94  0.00 -4.90 0.501  00  +1T0B3M000  1.000
ARG+1A0122_079  1.000-10.94  4.79  4.89  0.00 -1.26 0.502  00  +1T0C0M000  1.000
