   confID        vdw0    sas     sum
ARG01A0122_001   3.577 -14.436 -10.859
ARG01A0122_002   3.028 -14.404 -11.377
ARG01A0122_003   5.359 -14.135  -8.777
ARG01A0122_004   2.264 -14.345 -12.081
ARG01A0122_005   6.229 -13.910  -7.681
ARG01A0122_006   4.489 -13.629  -9.139
ARG01A0122_007   5.938 -13.995  -8.057
ARG01A0122_008   3.395 -14.214 -10.819
ARG01A0122_009   3.817 -13.713  -9.896
ARG01A0122_010   3.059 -14.487 -11.428
ARG01A0122_011   3.742 -14.421 -10.678
ARG01A0122_012   5.223 -14.423  -9.199
ARG01A0122_013   3.092 -14.015 -10.923
ARG01A0122_014   3.517 -14.144 -10.627
ARG01A0122_015   4.525 -14.144  -9.619
ARG01A0122_016   3.489 -13.951 -10.462
ARG01A0122_017   4.142 -13.882  -9.740
ARG01A0122_018   3.344 -14.119 -10.774
ARG01A0122_019   3.089 -14.394 -11.305
ARG02A0122_020   3.547 -14.436 -10.889
ARG02A0122_021   4.247 -14.009  -9.762
ARG02A0122_022   3.445 -14.380 -10.934
ARG02A0122_023   5.951 -14.187  -8.236
ARG02A0122_024   4.599 -13.838  -9.239
ARG02A0122_025   3.838 -13.562  -9.725
ARG02A0122_026   2.927 -13.914 -10.987
ARG02A0122_027   3.273 -14.895 -11.622
ARG02A0122_028   3.890 -14.613 -10.723
ARG02A0122_029   5.278 -14.332  -9.054
ARG02A0122_030   2.313 -14.539 -12.226
ARG02A0122_031   2.856 -14.274 -11.419
ARG02A0122_032   3.853 -13.938 -10.084
ARG02A0122_033   4.217 -13.878  -9.660
ARG02A0122_034   3.505 -14.170 -10.665
ARG02A0122_035   5.976 -14.242  -8.266
ARG02A0122_036   3.535 -14.157 -10.622
ARG02A0122_037   4.172 -13.869  -9.698
ARG02A0122_038   6.062 -14.049  -7.987
ARG02A0122_039   3.221 -14.064 -10.843
ARG03A0122_040   3.543 -14.436 -10.893
ARG03A0122_041   5.063 -13.754  -8.691
ARG03A0122_042   5.900 -14.120  -8.220
ARG03A0122_043   3.154 -14.195 -11.042
ARG03A0122_044   2.717 -14.175 -11.458
ARG03A0122_045   3.799 -13.938 -10.139
ARG03A0122_046   3.975 -13.965  -9.990
ARG03A0122_047   5.242 -14.142  -8.900
ARG03A0122_048   3.416 -14.264 -10.848
ARG03A0122_049   2.229 -14.327 -12.098
ARG03A0122_050   4.748 -14.357  -9.609
ARG03A0122_051   5.978 -14.238  -8.261
ARG03A0122_052   3.457 -14.170 -10.713
ARG03A0122_053   3.855 -13.562  -9.708
ARG03A0122_054   3.246 -14.792 -11.546
ARG03A0122_055   3.860 -14.453 -10.592
ARG03A0122_056   5.911 -14.306  -8.395
ARG03A0122_057   3.488 -14.144 -10.656
ARG03A0122_058   4.158 -13.818  -9.660
ARG03A0122_059   2.934 -13.978 -11.044
ARG+1A0122_060   3.504 -14.436 -10.932
ARG+1A0122_061   3.217 -14.792 -11.575
ARG+1A0122_062   3.847 -14.588 -10.741
ARG+1A0122_063   3.448 -14.157 -10.708
ARG+1A0122_064   4.744 -14.225  -9.481
ARG+1A0122_065   4.111 -13.869  -9.759
ARG+1A0122_066   5.040 -13.818  -8.778
ARG+1A0122_067   4.144 -14.128  -9.984
ARG+1A0122_068   3.794 -13.662  -9.868
ARG+1A0122_069   2.839 -14.050 -11.210
ARG+1A0122_070   5.962 -14.435  -8.473
ARG+1A0122_071   5.272 -14.210  -8.938
ARG+1A0122_072   3.389 -14.367 -10.978
ARG+1A0122_073   2.210 -14.295 -12.085
ARG+1A0122_074   2.754 -14.361 -11.607
ARG+1A0122_075   3.799 -13.925 -10.126
ARG+1A0122_076   6.052 -14.187  -8.134
ARG+1A0122_077   5.927 -14.061  -8.134
ARG+1A0122_078   3.431 -14.337 -10.906
ARG+1A0122_079   3.146 -14.080 -10.934
