iConf CONFORMER     FL  occ    crg   Em0  pKa0 ne nH    vdw0    vdw1    tors    epol   dsolv   extra    history
00001 ARG01A0236_001 f 0.00  0.000     0  0.00  0  0 -13.617   0.321   0.672   0.024  -0.146   0.000 01O000M000t
00002 ARG01A0236_002 f 0.00  0.000     0  0.00  0  0 -13.302   3.804   2.847   0.019  -0.269   0.000 01E001M000t
00003 ARG01A0236_003 f 0.00  0.000     0  0.00  0  0 -12.019   3.239   1.244  -0.011  -0.034   0.000 01E04BM000t
00004 ARG01A0236_004 f 0.00  0.000     0  0.00  0  0  -6.131   0.071   3.260  -0.031   0.049   0.000 01E09DM000t
00005 ARG01A0236_005 f 0.00  0.000     0  0.00  0  0 -10.788   4.098   2.872   0.034  -0.075   0.000 01E0B7M000t
00006 ARG01A0236_006 f 0.00  0.000     0  0.00  0  0 -11.600   0.857   5.456   0.016  -0.240   0.000 01E0C9M000t
00007 ARG01A0236_007 f 0.00  0.000     0  0.00  0  0 -11.021   0.460   0.767   0.047  -0.208   0.000 01E0E5M000t
00008 ARG01A0236_008 f 0.00  0.000     0  0.00  0  0  -8.793   1.519   4.028   0.139  -0.040   0.000 01E109M000t
00009 ARG01A0236_009 f 0.00  0.000     0  0.00  0  0  -9.977   1.100   3.486  -0.012   0.022   0.000 01E11DM000t
00010 ARG01A0236_010 f 0.00  0.000     0  0.00  0  0 -10.526   1.033   3.022   0.040   0.181   0.000 01E124M000t
00011 ARG01A0236_011 f 0.00  0.000     0  0.00  0  0 -11.553   1.652   5.782   0.127  -0.230   0.000 01E12BM000t
00012 ARG01A0236_012 f 0.00  0.000     0  0.00  0  0 -12.887   3.874   5.557   0.020  -0.408   0.000 01T01FM000t
00013 ARG01A0236_013 f 0.00  0.000     0  0.00  0  0 -12.830   0.864   5.536   0.044  -0.098   0.000 01T02FM000t
00014 ARG01A0236_014 f 0.00  0.000     0  0.00  0  0 -11.811   1.446   3.505   0.009  -0.266   0.000 01T057M000t
00015 ARG01A0236_015 f 0.00  0.000     0  0.00  0  0 -12.798   1.150   0.794   0.066  -0.380   0.000 01T06DM000t
00016 ARG01A0236_016 f 0.00  0.000     0  0.00  0  0 -11.472   0.934   3.397   0.023  -0.042   0.000 01T0B3M000t
00017 ARG01A0236_017 f 0.00  0.000     0  0.00  0  0 -11.266   1.038   3.387   0.029  -0.337   0.000 01T0C5M000t
00018 ARG01A0236_018 f 0.00  0.000     0  0.00  0  0  -9.541   0.140   1.224  -0.011  -0.211   0.000 01T0D9M000t
00019 ARG01A0236_019 f 0.00  0.000     0  0.00  0  0  -9.349   1.603   3.989   0.032  -0.223   0.000 01T0F5M000t
00020 ARG01A0236_020 f 0.00  0.000     0  0.00  0  0 -10.876   3.490   1.235   0.007  -0.112   0.000 01T11AM000t
00021 ARG02A0236_021 f 0.00  0.000     0  0.00  0  0 -13.655   0.319   0.672   0.033   0.905   0.000 02O000M000t
00022 ARG02A0236_022 f 0.00  0.000     0  0.00  0  0  -6.266   0.060   3.263  -0.003   1.098   0.000 02E09DM000t
00023 ARG02A0236_023 f 0.00  0.000     0  0.00  0  0 -11.161   0.993   3.272   0.016   0.683   0.000 02E0C5M000t
00024 ARG02A0236_024 f 0.00  0.000     0  0.00  0  0  -9.407   1.686   3.996   0.035   0.787   0.000 02E0F5M000t
00025 ARG02A0236_025 f 0.00  0.000     0  0.00  0  0 -12.083   3.213   1.245   0.034   0.547   0.000 02E04BM000t
00026 ARG02A0236_026 f 0.00  0.000     0  0.00  0  0 -11.196   0.915   3.276   0.021   0.555   0.000 02E0B3M000t
00027 ARG02A0236_027 f 0.00  0.000     0  0.00  0  0  -9.552   0.154   1.221  -0.017   0.786   0.000 02E0D9M000t
00028 ARG02A0236_028 f 0.00  0.000     0  0.00  0  0 -13.405   3.845   2.847   0.035   0.870   0.000 02T001M000t
00029 ARG02A0236_029 f 0.00  0.000     0  0.00  0  0 -10.807   4.105   2.871   0.060   1.007   0.000 02T0B7M000t
00030 ARG02A0236_030 f 0.00  0.000     0  0.00  0  0 -10.976   0.399   0.768   0.095   1.375   0.000 02T0E5M000t
00031 ARG02A0236_031 f 0.00  0.000     0  0.00  0  0  -8.804   1.532   4.030   0.126   1.277   0.000 02T109M000t
00032 ARG02A0236_032 f 0.00  0.000     0  0.00  0  0 -12.533   3.844   5.433   0.030   0.314   0.000 02T01FM000t
00033 ARG02A0236_033 f 0.00  0.000     0  0.00  0  0 -12.708   0.861   5.426   0.020   0.432   0.000 02T02FM000t
00034 ARG02A0236_034 f 0.00  0.000     0  0.00  0  0 -11.411   1.475   3.512   0.029   0.503   0.000 02T057M000t
00035 ARG02A0236_035 f 0.00  0.000     0  0.00  0  0 -12.664   1.099   0.758   0.052   0.449   0.000 02T06DM000t
00036 ARG02A0236_036 f 0.00  0.000     0  0.00  0  0 -10.890   3.483   1.225   0.032   0.303   0.000 02T11AM000t
00037 ARG02A0236_037 f 0.00  0.000     0  0.00  0  0 -10.077   1.112   3.476  -0.040   0.731   0.000 02T11DM000t
00038 ARG02A0236_038 f 0.00  0.000     0  0.00  0  0 -11.512   0.857   5.481   0.037   0.508   0.000 02T0C9M000t
00039 ARG02A0236_039 f 0.00  0.000     0  0.00  0  0 -10.499   0.982   3.012  -0.102   0.558   0.000 02T124M000t
00040 ARG02A0236_040 f 0.00  0.000     0  0.00  0  0 -11.189   1.984   5.732   0.019   0.681   0.000 02T12BM000t
00041 ARG03A0236_041 f 0.00  0.000     0  0.00  0  0 -13.660   0.319   0.672   0.033   0.609   0.000 03O000M000t
00042 ARG03A0236_042 f 0.00  0.000     0  0.00  0  0 -12.595   3.848   5.448   0.037   0.632   0.000 03E01FM000t
00043 ARG03A0236_043 f 0.00  0.000     0  0.00  0  0 -10.739   4.103   2.871   0.057   0.951   0.000 03E0B7M000t
00044 ARG03A0236_044 f 0.00  0.000     0  0.00  0  0  -9.592   0.136   1.225  -0.015   1.120   0.000 03E0D9M000t
00045 ARG03A0236_045 f 0.00  0.000     0  0.00  0  0  -9.348   1.689   3.996   0.036   0.796   0.000 03E0F5M000t
00046 ARG03A0236_046 f 0.00  0.000     0  0.00  0  0  -8.856   1.540   4.032   0.129   1.018   0.000 03E109M000t
00047 ARG03A0236_047 f 0.00  0.000     0  0.00  0  0 -10.530   0.979   3.014  -0.059   0.891   0.000 03E124M000t
00048 ARG03A0236_048 f 0.00  0.000     0  0.00  0  0  -6.228   0.057   3.265  -0.005   1.004   0.000 03T09DM000t
00049 ARG03A0236_049 f 0.00  0.000     0  0.00  0  0 -11.132   2.029   5.744   0.108   0.963   0.000 03T12BM000t
00050 ARG03A0236_050 f 0.00  0.000     0  0.00  0  0 -11.207   0.985   3.275   0.014   0.902   0.000 03T0C5M000t
00051 ARG03A0236_051 f 0.00  0.000     0  0.00  0  0 -11.675   0.851   5.456   0.036   0.716   0.000 03T0C9M000t
00052 ARG03A0236_052 f 0.00  0.000     0  0.00  0  0 -10.941   0.412   0.767   0.078   1.067   0.000 03T0E5M000t
00053 ARG03A0236_053 f 0.00  0.000     0  0.00  0  0 -10.941   3.475   1.224   0.031   0.881   0.000 03T11AM000t
00054 ARG03A0236_054 f 0.00  0.000     0  0.00  0  0 -10.120   1.097   3.481  -0.022   1.175   0.000 03T11DM000t
00055 ARG03A0236_055 f 0.00  0.000     0  0.00  0  0 -12.094   3.235   1.249   0.044   0.503   0.000 03T04BM000t
00056 ARG03A0236_056 f 0.00  0.000     0  0.00  0  0 -11.512   1.474   3.517   0.027   0.812   0.000 03T057M000t
00057 ARG03A0236_057 f 0.00  0.000     0  0.00  0  0 -12.837   1.087   0.762   0.057   0.683   0.000 03T06DM000t
00058 ARG03A0236_058 f 0.00  0.000     0  0.00  0  0 -13.404   3.846   2.847   0.029   0.597   0.000 03T001M000t
00059 ARG03A0236_059 f 0.00  0.000     0  0.00  0  0 -12.769   0.855   5.415   0.038   0.603   0.000 03T02FM000t
00060 ARG03A0236_060 f 0.00  0.000     0  0.00  0  0 -11.306   0.914   3.282   0.022   0.709   0.000 03T0B3M000t
00061 ARG+1A0236_061 f 0.00  1.000     0 12.50  0  1 -13.698   0.319   0.672   0.101  -0.335   0.000 +1O000M000t
00062 ARG+1A0236_062 f 0.00  1.000     0 12.50  0  1 -12.698   0.860   5.433   0.079  -0.134   0.000 +1E02FM000t
00063 ARG+1A0236_063 f 0.00  1.000     0 12.50  0  1 -12.131   3.227   1.249   0.195   0.270   0.000 +1E04BM000t
00064 ARG+1A0236_064 f 0.00  1.000     0 12.50  0  1 -12.874   1.091   0.762   0.166  -0.306   0.000 +1E06DM000t
00065 ARG+1A0236_065 f 0.00  1.000     0 12.50  0  1  -6.419   0.058   3.260   0.127  -0.173   0.000 +1E09DM000t
00066 ARG+1A0236_066 f 0.00  1.000     0 12.50  0  1 -11.206   0.995   3.279   0.110  -0.264   0.000 +1E0C5M000t
00067 ARG+1A0236_067 f 0.00  1.000     0 12.50  0  1  -9.458   1.688   3.997   0.121  -0.177   0.000 +1E0F5M000t
00068 ARG+1A0236_068 f 0.00  1.000     0 12.50  0  1  -8.905   1.533   4.033   0.283   0.014   0.000 +1E109M000t
00069 ARG+1A0236_069 f 0.00  1.000     0 12.50  0  1 -10.163   1.097   3.485   0.142  -0.377   0.000 +1E11DM000t
00070 ARG+1A0236_070 f 0.00  1.000     0 12.50  0  1 -10.543   0.987   3.013  -0.009   0.222   0.000 +1E124M000t
00071 ARG+1A0236_071 f 0.00  1.000     0 12.50  0  1 -13.445   3.845   2.849   0.113  -0.371   0.000 +1T001M000t
00072 ARG+1A0236_072 f 0.00  1.000     0 12.50  0  1 -12.629   3.843   5.442   0.114  -0.608   0.000 +1T01FM000t
00073 ARG+1A0236_073 f 0.00  1.000     0 12.50  0  1 -11.578   1.477   3.515   0.156  -0.224   0.000 +1T057M000t
00074 ARG+1A0236_074 f 0.00  1.000     0 12.50  0  1 -11.206   0.913   3.284   0.126  -0.166   0.000 +1T0B3M000t
00075 ARG+1A0236_075 f 0.00  1.000     0 12.50  0  1 -10.854   4.114   2.876   0.174   0.016   0.000 +1T0B7M000t
00076 ARG+1A0236_076 f 0.00  1.000     0 12.50  0  1 -11.596   0.859   5.483   0.111  -0.317   0.000 +1T0C9M000t
00077 ARG+1A0236_077 f 0.00  1.000     0 12.50  0  1  -9.633   0.139   1.227   0.092  -0.492   0.000 +1T0D9M000t
00078 ARG+1A0236_078 f 0.00  1.000     0 12.50  0  1 -10.926   0.408   0.771   0.179  -0.011   0.000 +1T0E5M000t
00079 ARG+1A0236_079 f 0.00  1.000     0 12.50  0  1 -10.983   3.493   1.226   0.147  -0.213   0.000 +1T11AM000t
00080 ARG+1A0236_080 f 0.00  1.000     0 12.50  0  1 -11.104   1.984   5.739   0.263   0.031   0.000 +1T12BM000t
