CONFORMER         crg  vdw0  vdw1  tors  epol  self   occ  Hb     history    ASA
ARG01A0236_001  0.000-13.62  0.22  0.67  0.00-12.73 0.502  00  01O000M000  1.000
ARG01A0236_002  0.000-13.30  3.75  2.85  0.00 -6.70 0.502  00  01E001M000  1.000
ARG01A0236_003  0.000-12.02  3.25  1.24  0.00 -7.53 0.501  00  01E04BM000  1.000
ARG01A0236_004  0.000 -6.11 -0.03  3.26  0.00 -2.88 0.502  00  01E09DM000  1.000
ARG01A0236_005  0.000-10.80  4.05  2.87  0.00 -3.88 0.502  00  01E0B7M000  1.000
ARG01A0236_006  0.000-11.59  0.80  5.46  0.00 -5.34 0.502  00  01E0C9M000  1.000
ARG01A0236_007  0.000-11.08  0.41  0.77  0.00 -9.90 0.502  00  01E0E5M000  1.000
ARG01A0236_008  0.000 -8.79  1.52  4.03  0.00 -3.24 0.502  00  01E109M000  1.000
ARG01A0236_009  0.000 -9.98  1.10  3.49  0.00 -5.40 0.502  00  01E11DM000  1.000
ARG01A0236_010  0.000-10.53  1.03  3.02  0.00 -6.48 0.501  00  01E124M000  1.000
ARG01A0236_011  0.000-11.56  1.64  5.78  0.00 -4.13 0.502  00  01E12BM000  1.000
ARG01A0236_012  0.000-12.89  3.83  5.55  0.00 -3.52 0.502  00  01T01FM000  1.000
ARG01A0236_013  0.000-12.83  0.81  5.53  0.00 -6.49 0.502  00  01T02FM000  1.000
ARG01A0236_014  0.000-11.86  1.45  3.50  0.00 -6.90 0.502  00  01T057M000  1.000
ARG01A0236_015  0.000-12.80  1.10  0.79  0.00-10.90 0.501  00  01T06DM000  1.000
ARG01A0236_016  0.000-11.47  0.88  3.39  0.00 -7.20 0.501  00  01T0B3M000  1.000
ARG01A0236_017  0.000-11.27  0.91  3.38  0.00 -6.97 0.502  00  01T0C5M000  1.000
ARG01A0236_018  0.000 -9.55  0.09  1.22  0.00 -8.23 0.502  00  01T0D9M000  1.000
ARG01A0236_019  0.000 -9.35  1.61  3.99  0.00 -3.75 0.502  00  01T0F5M000  1.000
ARG01A0236_020  0.000-10.88  3.49  1.23  0.00 -6.15 0.502  00  01T11AM000  1.000
ARG02A0236_021  0.000-13.65  0.22  0.67  0.00-12.77 0.502  00  02O000M000  1.000
ARG02A0236_022  0.000 -6.25 -0.04  3.26  0.00 -3.03 0.502  00  02E09DM000  1.000
ARG02A0236_023  0.000-11.16  0.87  3.27  0.00 -7.02 0.502  00  02E0C5M000  1.000
ARG02A0236_024  0.000 -9.41  1.69  3.99  0.00 -3.73 0.502  00  02E0F5M000  1.000
ARG02A0236_025  0.000-12.09  3.21  1.24  0.00 -7.63 0.501  00  02E04BM000  1.000
ARG02A0236_026  0.000-11.19  0.86  3.28  0.00 -7.06 0.501  00  02E0B3M000  1.000
ARG02A0236_027  0.000 -9.55  0.10  1.22  0.00 -8.22 0.502  00  02E0D9M000  1.000
ARG02A0236_028  0.000-13.40  3.79  2.85  0.00 -6.77 0.502  00  02T001M000  1.000
ARG02A0236_029  0.000-10.81  4.05  2.87  0.00 -3.89 0.502  00  02T0B7M000  1.000
ARG02A0236_030  0.000-10.97  0.35  0.77  0.00 -9.85 0.502  00  02T0E5M000  1.000
ARG02A0236_031  0.000 -8.81  1.53  4.03  0.00 -3.25 0.502  00  02T109M000  1.000
ARG02A0236_032  0.000-12.53  3.79  5.43  0.00 -3.31 0.502  00  02T01FM000  1.000
ARG02A0236_033  0.000-12.71  0.80  5.42  0.00 -6.48 0.502  00  02T02FM000  1.000
ARG02A0236_034  0.000-11.41  1.47  3.51  0.00 -6.42 0.502  00  02T057M000  1.000
ARG02A0236_035  0.000-12.67  1.05  0.76  0.00-10.86 0.501  00  02T06DM000  1.000
ARG02A0236_036  0.000-10.90  3.48  1.23  0.00 -6.19 0.502  00  02T11AM000  1.000
ARG02A0236_037  0.000-10.08  1.11  3.48  0.00 -5.49 0.502  00  02T11DM000  1.000
ARG02A0236_038  0.000-11.51  0.80  5.48  0.00 -5.23 0.502  00  02T0C9M000  1.000
ARG02A0236_039  0.000-10.51  0.98  3.01  0.00 -6.51 0.501  00  02T124M000  1.000
ARG02A0236_040  0.000-11.19  1.98  5.73  0.00 -3.47 0.502  00  02T12BM000  1.000
ARG03A0236_041  0.000-13.66  0.22  0.67  0.00-12.77 0.502  00  03O000M000  1.000
ARG03A0236_042  0.000-12.59  3.79  5.45  0.00 -3.35 0.502  00  03E01FM000  1.000
ARG03A0236_043  0.000-10.75  4.05  2.87  0.00 -3.83 0.502  00  03E0B7M000  1.000
ARG03A0236_044  0.000 -9.58  0.09  1.22  0.00 -8.27 0.502  00  03E0D9M000  1.000
ARG03A0236_045  0.000 -9.34  1.69  4.00  0.00 -3.66 0.502  00  03E0F5M000  1.000
ARG03A0236_046  0.000 -8.85  1.54  4.03  0.00 -3.29 0.502  00  03E109M000  1.000
ARG03A0236_047  0.000-10.52  0.98  3.01  0.00 -6.53 0.501  00  03E124M000  1.000
ARG03A0236_048  0.000 -6.23 -0.05  3.26  0.00 -3.01 0.502  00  03T09DM000  1.000
ARG03A0236_049  0.000-11.12  2.02  5.74  0.00 -3.35 0.502  00  03T12BM000  1.000
ARG03A0236_050  0.000-11.21  0.87  3.27  0.00 -7.07 0.502  00  03T0C5M000  1.000
ARG03A0236_051  0.000-11.68  0.80  5.46  0.00 -5.43 0.502  00  03T0C9M000  1.000
ARG03A0236_052  0.000-10.94  0.36  0.77  0.00 -9.81 0.502  00  03T0E5M000  1.000
ARG03A0236_053  0.000-10.88  3.47  1.22  0.00 -6.18 0.502  00  03T11AM000  1.000
ARG03A0236_054  0.000-10.11  1.09  3.48  0.00 -5.54 0.502  00  03T11DM000  1.000
ARG03A0236_055  0.000-12.09  3.23  1.25  0.00 -7.62 0.501  00  03T04BM000  1.000
ARG03A0236_056  0.000-11.52  1.47  3.52  0.00 -6.53 0.502  00  03T057M000  1.000
ARG03A0236_057  0.000-12.84  1.04  0.76  0.00-11.04 0.501  00  03T06DM000  1.000
ARG03A0236_058  0.000-13.40  3.79  2.85  0.00 -6.76 0.502  00  03T001M000  1.000
ARG03A0236_059  0.000-12.77  0.80  5.41  0.00 -6.56 0.502  00  03T02FM000  1.000
ARG03A0236_060  0.000-11.30  0.86  3.28  0.00 -7.16 0.501  00  03T0B3M000  1.000
ARG+1A0236_061  1.000-13.70  0.22  0.67  0.00-12.81 0.502  00  +1O000M000  1.000
ARG+1A0236_062  1.000-12.70  0.80  5.43  0.00 -6.46 0.502  00  +1E02FM000  1.000
ARG+1A0236_063  1.000-12.13  3.24  1.25  0.00 -7.64 0.501  00  +1E04BM000  1.000
ARG+1A0236_064  1.000-12.82  1.04  0.76  0.00-11.01 0.501  00  +1E06DM000  1.000
ARG+1A0236_065  1.000 -6.39 -0.05  3.26  0.00 -3.17 0.502  00  +1E09DM000  1.000
ARG+1A0236_066  1.000-11.20  0.87  3.28  0.00 -7.05 0.502  00  +1E0C5M000  1.000
ARG+1A0236_067  1.000 -9.45  1.69  4.00  0.00 -3.76 0.502  00  +1E0F5M000  1.000
ARG+1A0236_068  1.000 -8.90  1.53  4.03  0.00 -3.34 0.502  00  +1E109M000  1.000
ARG+1A0236_069  1.000-10.16  1.10  3.48  0.00 -5.58 0.502  00  +1E11DM000  1.000
ARG+1A0236_070  1.000-10.53  0.99  3.01  0.00 -6.53 0.501  00  +1E124M000  1.000
ARG+1A0236_071  1.000-13.45  3.79  2.85  0.00 -6.80 0.502  00  +1T001M000  1.000
ARG+1A0236_072  1.000-12.63  3.79  5.44  0.00 -3.40 0.502  00  +1T01FM000  1.000
ARG+1A0236_073  1.000-11.57  1.47  3.51  0.00 -6.58 0.502  00  +1T057M000  1.000
ARG+1A0236_074  1.000-11.20  0.86  3.28  0.00 -7.06 0.501  00  +1T0B3M000  1.000
ARG+1A0236_075  1.000-10.85  4.06  2.87  0.00 -3.91 0.502  00  +1T0B7M000  1.000
ARG+1A0236_076  1.000-11.60  0.80  5.48  0.00 -5.31 0.502  00  +1T0C9M000  1.000
ARG+1A0236_077  1.000 -9.63  0.09  1.23  0.00 -8.31 0.502  00  +1T0D9M000  1.000
ARG+1A0236_078  1.000-10.91  0.36  0.77  0.00 -9.79 0.502  00  +1T0E5M000  1.000
ARG+1A0236_079  1.000-10.98  3.49  1.23  0.00 -6.27 0.502  00  +1T11AM000  1.000
ARG+1A0236_080  1.000-11.10  1.99  5.74  0.00 -3.37 0.502  00  +1T12BM000  1.000
