CONFORMER         crg  vdw0  vdw1  tors  epol  self   occ  Hb     history    ASA
ASP01A0321_001  0.000 -4.47 22.57  3.17  0.00 21.26 0.000  00  01O000M000  1.000
ASP01A0321_002  0.000 -3.47  1.16  3.83  0.00  1.52 0.749  00  01E001M000  1.000
ASP01A0321_003  0.000 -4.47 22.57  0.45  0.00 18.54 0.000  00  01O000M000  1.000
ASP01A0321_004  0.000 -3.44  1.19  1.12  0.00 -1.12 0.749  00  01E001M000  1.000
ASP01A0321_005  0.000 -3.89  1.89  3.87  0.00  1.87 0.751  00  01T002M000  1.000
ASP01A0321_006  0.000 -3.89  1.89  1.15  0.00 -0.85 0.751  00  01T002M000  1.000
ASP01A0321_007  0.000 -4.22 15.11  0.23  0.00 11.12 0.000  00  01T000M000  1.000
ASP01A0321_008  0.000 -4.50 19.27  0.26  0.00 15.03 0.000  00  01T000M000  1.000
ASP02A0321_009  0.000 -4.33 17.89  3.17  0.00 16.73 0.000  00  02O000M000  1.000
ASP02A0321_010  0.000 -3.96  1.74  3.86  0.00  1.64 0.751  00  02E002M000  1.000
ASP02A0321_011  0.000 -4.33 17.89  0.45  0.00 14.01 0.000  00  02O000M000  1.000
ASP02A0321_012  0.000 -3.67  1.31  3.83  0.00  1.47 0.749  00  02T001M000  1.000
ASP02A0321_013  0.000 -3.67  1.31  1.11  0.00 -1.25 0.749  00  02T001M000  1.000
ASP02A0321_014  0.000 -3.96  1.79  1.16  0.00 -1.02 0.751  00  02T002M000  1.000
ASP02A0321_015  0.000 -4.29 15.22  0.30  0.00 11.22 0.000  00  02T000M000  1.000
ASP-1A0321_016 -1.000 -4.25 17.91  0.45  0.00 14.12 0.000  00  -1O000M000  1.000
ASP-1A0321_017 -1.000 -3.68  1.12  1.06  0.00 -1.49 0.749  00  -1E001M000  1.000
ASP-1A0321_018 -1.000 -3.88  1.66  1.10  0.00 -1.12 0.751  00  -1E002M000  1.000
ASP-1A0321_019 -1.000 -4.34 15.12  0.25  0.00 11.03 0.000  00  -1X000M000  1.000
