   confID        vdw0    sas     sum
ASP01A0321_001   0.099  -4.571  -4.472
ASP01A0321_002   1.082  -4.553  -3.471
ASP01A0321_003   0.099  -4.571  -4.472
ASP01A0321_004   1.072  -4.519  -3.446
ASP01A0321_005   0.560  -4.450  -3.890
ASP01A0321_006   0.560  -4.450  -3.890
ASP01A0321_007   0.153  -4.373  -4.220
ASP01A0321_008   0.108  -4.608  -4.499
ASP02A0321_009   0.167  -4.501  -4.333
ASP02A0321_010   0.543  -4.503  -3.960
ASP02A0321_011   0.167  -4.501  -4.333
ASP02A0321_012   0.897  -4.564  -3.667
ASP02A0321_013   0.897  -4.564  -3.667
ASP02A0321_014   0.537  -4.503  -3.966
ASP02A0321_015   0.184  -4.476  -4.291
ASP-1A0321_016   0.090  -4.336  -4.246
ASP-1A0321_017   0.832  -4.513  -3.681
ASP-1A0321_018   0.450  -4.332  -3.883
ASP-1A0321_019   0.101  -4.440  -4.339
