iConf CONFORMER     FL  occ    crg   Em0  pKa0 ne nH    vdw0    vdw1    tors    epol   dsolv   extra    history
00001 ASP01A0124_001 f 0.00  0.000     0  0.00  0  0  -4.559   1.411   4.520   0.480  -0.371   0.000 01O000M000t
00002 ASP01A0124_002 f 0.00  0.000     0  0.00  0  0  -4.559   1.411   1.800   0.181   0.381   0.000 01O000M000t
00003 ASP01A0124_003 f 0.00  0.000     0  0.00  0  0  -4.353   1.085   1.877   0.208   0.416   0.000 01E004M000t
00004 ASP01A0124_004 f 0.00  0.000     0  0.00  0  0  -4.159   1.624   1.862   0.507   0.380   0.000 01E006M000t
00005 ASP01A0124_005 f 0.00  0.000     0  0.00  0  0  -4.572   0.985   3.975   0.239  -0.835   0.000 01T003M000t
00006 ASP01A0124_006 f 0.00  0.000     0  0.00  0  0  -4.177   1.585   4.518   0.801  -0.679   0.000 01T006M000t
00007 ASP01A0124_007 f 0.00  0.000     0  0.00  0  0  -4.352   1.084   4.596   0.267  -0.734   0.000 01T004M000t
00008 ASP01A0124_008 f 0.00  0.000     0  0.00  0  0  -4.276   1.105   4.938   0.576  -0.614   0.000 01T005M000t
00009 ASP01A0124_009 f 0.00  0.000     0  0.00  0  0  -4.510   1.234   4.922   0.636  -0.728   0.000 01T007M000t
00010 ASP01A0124_010 f 0.00  0.000     0  0.00  0  0  -4.388   0.152   4.616   0.375  -0.831   0.000 01T008M000t
00011 ASP01A0124_011 f 0.00  0.000     0  0.00  0  0  -4.572   0.985   1.255   0.183   0.458   0.000 01T003M000t
00012 ASP01A0124_012 f 0.00  0.000     0  0.00  0  0  -4.437   1.172   2.118   0.495   0.387   0.000 01T007M000t
00013 ASP01A0124_013 f 0.00  0.000     0  0.00  0  0  -4.302   1.105   2.218   0.226   0.384   0.000 01T005M000t
00014 ASP01A0124_014 f 0.00  0.000     0  0.00  0  0  -4.388   0.152   1.896   0.297   0.479   0.000 01T008M000t
00015 ASP02A0124_015 f 0.00  0.000     0  0.00  0  0  -4.436   1.133   4.520   0.198  -0.691   0.000 02O000M000t
00016 ASP02A0124_016 f 0.00  0.000     0  0.00  0  0  -4.436   1.133   1.800   0.162   0.599   0.000 02O000M000t
00017 ASP02A0124_017 f 0.00  0.000     0  0.00  0  0  -4.402   1.282   2.190   0.513   0.628   0.000 02E007M000t
00018 ASP02A0124_018 f 0.00  0.000     0  0.00  0  0  -4.552   0.974   3.609   0.328  -0.571   0.000 02T001M000t
00019 ASP02A0124_019 f 0.00  0.000     0  0.00  0  0  -4.550   1.199   3.968   0.390  -0.389   0.000 02T003M000t
00020 ASP02A0124_020 f 0.00  0.000     0  0.00  0  0  -4.413   1.208   4.846   0.818  -0.488   0.000 02T007M000t
00021 ASP02A0124_021 f 0.00  0.000     0  0.00  0  0  -4.651   1.199   3.563   0.859   0.017   0.000 02T009M000t
00022 ASP02A0124_022 f 0.00  0.000     0  0.00  0  0  -4.232   1.005   4.597   0.250  -0.599   0.000 02T004M000t
00023 ASP02A0124_023 f 0.00  0.000     0  0.00  0  0  -4.190   1.551   4.587   0.576  -0.493   0.000 02T006M000t
00024 ASP02A0124_024 f 0.00  0.000     0  0.00  0  0  -4.550   1.199   1.248   0.195   0.659   0.000 02T003M000t
00025 ASP02A0124_025 f 0.00  0.000     0  0.00  0  0  -4.284   0.958   1.813   0.197   0.691   0.000 02T004M000t
00026 ASP02A0124_026 f 0.00  0.000     0  0.00  0  0  -4.160   1.495   1.800   0.452   0.684   0.000 02T006M000t
00027 ASP02A0124_027 f 0.00  0.000     0  0.00  0  0  -4.651   1.199   0.843   0.249   0.681   0.000 02T009M000t
00028 ASP02A0124_028 f 0.00  0.000     0  0.00  0  0  -4.551   0.997   0.933   0.287   0.720   0.000 02T001M000t
00029 ASP02A0124_029 f 0.00  0.000     0  0.00  0  0  -4.260   1.112   2.205   0.213   0.584   0.000 02T005M000t
00030 ASP-1A0124_030 f 0.00 -1.000     0  4.75  0 -1  -4.496   1.151   1.800  -0.302  -0.074   0.000 -1O000M000t
00031 ASP-1A0124_031 f 0.00 -1.000     0  4.75  0 -1  -4.350   0.963   0.838  -0.377  -0.104   0.000 -1E001M000t
00032 ASP-1A0124_032 f 0.00 -1.000     0  4.75  0 -1  -4.138   0.821   1.695  -0.263  -0.307   0.000 -1E004M000t
00033 ASP-1A0124_033 f 0.00 -1.000     0  4.75  0 -1  -4.231   0.907   1.982  -0.415  -0.036   0.000 -1E005M000t
00034 ASP-1A0124_034 f 0.00 -1.000     0  4.75  0 -1  -4.376   0.988   1.978  -0.634   0.162   0.000 -1E007M000t
