CONFORMER         crg  vdw0  vdw1  tors  epol  self   occ  Hb     history    ASA
LYS01A0183_001  0.000-11.85  0.42  0.85  0.00-10.59 0.502  00  01O000M000  1.000
LYS01A0183_002  0.000-12.08  6.37  3.54  0.00 -2.17 0.501  00  01E003M000  1.000
LYS01A0183_003  0.000-11.18  0.41  1.46  0.00 -9.31 0.501  00  01E012M000  1.000
LYS01A0183_004  0.000-10.44  0.45  1.57  0.00 -8.42 0.501  00  01E034M000  1.000
LYS01A0183_005  0.000-10.41  1.26  1.55  0.00 -7.60 0.501  00  01E040M000  1.000
LYS01A0183_006  0.000-10.64  2.48  0.83  0.00 -7.32 0.501  00  01E05FM000  1.000
LYS01A0183_007  0.000-11.36  0.40  0.83  0.00-10.13 0.501  00  01E066M000  1.000
LYS01A0183_008  0.000-10.02  4.31  3.65  0.00 -2.06 0.501  00  01E0B5M000  1.000
LYS01A0183_009  0.000-10.00  2.46  4.22  0.00 -3.32 0.501  00  01E0BBM000  1.000
LYS01A0183_010  0.000 -7.74  0.40  4.87  0.00 -2.47 0.501  00  01E124M000  1.000
LYS01A0183_011  0.000 -9.92  2.56  3.70  0.00 -3.67 0.502  00  01E151M000  1.000
LYS01A0183_012  0.000 -8.45  0.87  2.09  0.00 -5.49 0.502  00  01T048M000  1.000
LYS01A0183_013  0.000-11.03  0.40  0.82  0.00 -9.81 0.502  00  01T05AM000  1.000
LYS01A0183_014  0.000-11.36  2.36  3.64  0.00 -5.36 0.501  00  01T099M000  1.000
LYS01A0183_015  0.000 -9.85  2.45  3.70  0.00 -3.69 0.501  00  01T0BFM000  1.000
LYS01A0183_016  0.000-10.25  0.45  4.24  0.00 -5.56 0.502  00  01T0C6M000  1.000
LYS01A0183_017  0.000-10.35  0.40  4.23  0.00 -5.73 0.502  00  01T0D0M000  1.000
LYS01A0183_018  0.000-10.18  1.31  6.97  0.00 -1.90 0.501  00  01T0D4M000  1.000
LYS01A0183_019  0.000 -9.86  0.61  4.24  0.00 -5.01 0.502  00  01T0E6M000  1.000
LYS01A0183_020  0.000-10.56  2.34  6.48  0.00 -1.74 0.502  00  01T148M000  1.000
LYS+1A0183_021  1.000-11.90  0.42  0.85  0.00-10.63 0.502  00  +1O000M000  1.000
LYS+1A0183_022  1.000-12.12  6.37  3.54  0.00 -2.22 0.501  00  +1E003M000  1.000
LYS+1A0183_023  1.000-11.21  0.41  1.46  0.00 -9.35 0.501  00  +1E012M000  1.000
LYS+1A0183_024  1.000-10.52  0.45  1.57  0.00 -8.49 0.501  00  +1E034M000  1.000
LYS+1A0183_025  1.000-10.44  1.34  1.55  0.00 -7.56 0.501  00  +1E040M000  1.000
LYS+1A0183_026  1.000-10.70  2.48  0.83  0.00 -7.39 0.501  00  +1E05FM000  1.000
LYS+1A0183_027  1.000-11.38  0.40  0.83  0.00-10.15 0.501  00  +1E066M000  1.000
LYS+1A0183_028  1.000-10.17  4.30  3.65  0.00 -2.22 0.501  00  +1E0B5M000  1.000
LYS+1A0183_029  1.000-10.06  2.47  4.23  0.00 -3.36 0.501  00  +1E0BBM000  1.000
LYS+1A0183_030  1.000-10.17  0.45  4.24  0.00 -5.48 0.502  00  +1E0C6M000  1.000
LYS+1A0183_031  1.000-10.40  0.40  4.23  0.00 -5.78 0.502  00  +1E0D0M000  1.000
LYS+1A0183_032  1.000 -7.58  0.39  4.88  0.00 -2.31 0.501  00  +1E124M000  1.000
LYS+1A0183_033  1.000 -8.49  0.88  2.09  0.00 -5.53 0.502  00  +1T048M000  1.000
LYS+1A0183_034  1.000-11.17  0.40  0.82  0.00 -9.95 0.502  00  +1T05AM000  1.000
LYS+1A0183_035  1.000-11.36  2.35  3.64  0.00 -5.37 0.501  00  +1T099M000  1.000
LYS+1A0183_036  1.000 -9.95  2.45  3.70  0.00 -3.80 0.501  00  +1T0BFM000  1.000
LYS+1A0183_037  1.000-10.19  1.31  6.97  0.00 -1.91 0.501  00  +1T0D4M000  1.000
LYS+1A0183_038  1.000 -9.90  0.61  4.24  0.00 -5.06 0.502  00  +1T0E6M000  1.000
LYS+1A0183_039  1.000-10.55  2.32  6.49  0.00 -1.74 0.502  00  +1T148M000  1.000
LYS+1A0183_040  1.000 -9.96  2.55  3.70  0.00 -3.72 0.502  00  +1T151M000  1.000
