iConf CONFORMER     FL  occ    crg   Em0  pKa0 ne nH    vdw0    vdw1    tors    epol   dsolv   extra    history
00001 LYS01A0183_001 f 0.00  0.000     0  0.00  0  0 -11.855   0.525   0.846  -0.007  -0.007   0.000 01O000M000t
00002 LYS01A0183_002 f 0.00  0.000     0  0.00  0  0 -12.079   6.415   3.540  -0.004   0.001   0.000 01E003M000t
00003 LYS01A0183_003 f 0.00  0.000     0  0.00  0  0 -11.182   0.510   1.462  -0.007  -0.044   0.000 01E012M000t
00004 LYS01A0183_004 f 0.00  0.000     0  0.00  0  0 -10.447   0.499   1.570  -0.010  -0.003   0.000 01E034M000t
00005 LYS01A0183_005 f 0.00  0.000     0  0.00  0  0 -10.409   1.331   1.547   0.010  -0.208   0.000 01E040M000t
00006 LYS01A0183_006 f 0.00  0.000     0  0.00  0  0 -10.685   2.533   0.833  -0.007  -0.015   0.000 01E05FM000t
00007 LYS01A0183_007 f 0.00  0.000     0  0.00  0  0 -11.363   0.526   0.825  -0.012   0.052   0.000 01E066M000t
00008 LYS01A0183_008 f 0.00  0.000     0  0.00  0  0 -10.020   4.365   3.649  -0.014   0.109   0.000 01E0B5M000t
00009 LYS01A0183_009 f 0.00  0.000     0  0.00  0  0 -10.002   2.517   4.223  -0.001   0.048   0.000 01E0BBM000t
00010 LYS01A0183_010 f 0.00  0.000     0  0.00  0  0  -7.671   0.463   4.870  -0.028  -0.090   0.000 01E124M000t
00011 LYS01A0183_011 f 0.00  0.000     0  0.00  0  0  -9.921   2.560   3.696  -0.050   0.015   0.000 01E151M000t
00012 LYS01A0183_012 f 0.00  0.000     0  0.00  0  0  -8.438   0.942   2.087  -0.010  -0.061   0.000 01T048M000t
00013 LYS01A0183_013 f 0.00  0.000     0  0.00  0  0 -11.035   0.502   0.823  -0.012  -0.054   0.000 01T05AM000t
00014 LYS01A0183_014 f 0.00  0.000     0  0.00  0  0 -11.358   2.356   3.636  -0.029   0.044   0.000 01T099M000t
00015 LYS01A0183_015 f 0.00  0.000     0  0.00  0  0  -9.848   2.510   3.700  -0.006  -0.024   0.000 01T0BFM000t
00016 LYS01A0183_016 f 0.00  0.000     0  0.00  0  0 -10.251   0.571   4.236  -0.013  -0.007   0.000 01T0C6M000t
00017 LYS01A0183_017 f 0.00  0.000     0  0.00  0  0 -10.404   0.516   4.227  -0.019  -0.021   0.000 01T0D0M000t
00018 LYS01A0183_018 f 0.00  0.000     0  0.00  0  0 -10.180   1.365   6.968  -0.008  -0.145   0.000 01T0D4M000t
00019 LYS01A0183_019 f 0.00  0.000     0  0.00  0  0  -9.853   0.655   4.238  -0.013   0.057   0.000 01T0E6M000t
00020 LYS01A0183_020 f 0.00  0.000     0  0.00  0  0 -10.555   2.335   6.480  -0.290   0.222   0.000 01T148M000t
00021 LYS+1A0183_021 f 0.00  1.000     0 10.40  0  1 -11.900   0.525   0.846   0.036  -0.209   0.000 +1O000M000t
00022 LYS+1A0183_022 f 0.00  1.000     0 10.40  0  1 -12.124   6.426   3.539   0.010  -0.569   0.000 +1E003M000t
00023 LYS+1A0183_023 f 0.00  1.000     0 10.40  0  1 -11.219   0.508   1.464   0.024  -0.338   0.000 +1E012M000t
00024 LYS+1A0183_024 f 0.00  1.000     0 10.40  0  1 -10.516   0.496   1.575   0.015  -0.276   0.000 +1E034M000t
00025 LYS+1A0183_025 f 0.00  1.000     0 10.40  0  1 -10.443   1.402   1.547  -0.017  -0.370   0.000 +1E040M000t
00026 LYS+1A0183_026 f 0.00  1.000     0 10.40  0  1 -10.751   2.532   0.834  -0.052  -0.009   0.000 +1E05FM000t
00027 LYS+1A0183_027 f 0.00  1.000     0 10.40  0  1 -11.377   0.521   0.826   0.062   0.087   0.000 +1E066M000t
00028 LYS+1A0183_028 f 0.00  1.000     0 10.40  0  1 -10.169   4.355   3.652   0.111   0.085   0.000 +1E0B5M000t
00029 LYS+1A0183_029 f 0.00  1.000     0 10.40  0  1 -10.059   2.527   4.228   0.010  -0.263   0.000 +1E0BBM000t
00030 LYS+1A0183_030 f 0.00  1.000     0 10.40  0  1 -10.227   0.566   4.241   0.062  -0.412   0.000 +1E0C6M000t
00031 LYS+1A0183_031 f 0.00  1.000     0 10.40  0  1 -10.405   0.518   4.231   0.004  -0.189   0.000 +1E0D0M000t
00032 LYS+1A0183_032 f 0.00  1.000     0 10.40  0  1  -7.585   0.456   4.879   0.113  -0.158   0.000 +1E124M000t
00033 LYS+1A0183_033 f 0.00  1.000     0 10.40  0  1  -8.510   0.943   2.088   0.063  -0.304   0.000 +1T048M000t
00034 LYS+1A0183_034 f 0.00  1.000     0 10.40  0  1 -11.105   0.498   0.824   0.064   0.068   0.000 +1T05AM000t
00035 LYS+1A0183_035 f 0.00  1.000     0 10.40  0  1 -11.360   2.354   3.637   0.149  -0.164   0.000 +1T099M000t
00036 LYS+1A0183_036 f 0.00  1.000     0 10.40  0  1  -9.913   2.506   3.701   0.069   0.014   0.000 +1T0BFM000t
00037 LYS+1A0183_037 f 0.00  1.000     0 10.40  0  1 -10.195   1.362   6.971   0.057  -0.185   0.000 +1T0D4M000t
00038 LYS+1A0183_038 f 0.00  1.000     0 10.40  0  1  -9.897   0.655   4.239   0.062  -0.242   0.000 +1T0E6M000t
00039 LYS+1A0183_039 f 0.00  1.000     0 10.40  0  1 -10.550   2.321   6.489   1.123   0.644   0.000 +1T148M000t
00040 LYS+1A0183_040 f 0.00  1.000     0 10.40  0  1 -10.017   2.547   3.697   0.166   0.038   0.000 +1T151M000t
