   confID        vdw0    sas     sum
LYS01A0183_001   0.528 -12.383 -11.855
LYS01A0183_002   0.522 -12.653 -12.131
LYS01A0183_003   1.942 -12.392 -10.449
LYS01A0183_004   1.524 -12.482 -10.958
LYS01A0183_005   2.581 -12.231  -9.650
LYS01A0183_006   2.070 -12.598 -10.528
LYS01A0183_007   1.994 -11.711  -9.716
LYS01A0183_008   2.072 -12.669 -10.597
LYS01A0183_009   4.822 -12.062  -7.239
LYS01A0183_010   2.333 -12.268  -9.935
LYS01A0183_011   1.161 -12.417 -11.256
LYS01A0183_012   1.159 -12.540 -11.382
LYS01A0183_013   1.535 -12.495 -10.960
LYS01A0183_014   2.576 -12.222  -9.646
LYS01A0183_015   2.271 -12.174  -9.903
LYS01A0183_016   2.413 -12.682 -10.269
LYS01A0183_017   2.720 -12.193  -9.473
LYS01A0183_018   2.846 -11.872  -9.026
LYS01A0183_019   2.034 -13.082 -11.047
LYS01A0183_020   2.000 -12.609 -10.609
LYS+1A0183_021   0.483 -12.383 -11.900
LYS+1A0183_022   1.114 -12.417 -11.303
LYS+1A0183_023   1.124 -12.437 -11.313
LYS+1A0183_024   1.480 -12.482 -11.002
LYS+1A0183_025   2.551 -12.325  -9.774
LYS+1A0183_026   2.576 -12.167  -9.591
LYS+1A0183_027   2.219 -12.174  -9.955
LYS+1A0183_028   2.388 -12.618 -10.230
LYS+1A0183_029   2.625 -12.222  -9.597
LYS+1A0183_030   2.743 -11.910  -9.168
LYS+1A0183_031   1.984 -13.078 -11.094
LYS+1A0183_032   1.931 -12.613 -10.681
LYS+1A0183_033   0.479 -12.653 -12.174
LYS+1A0183_034   1.490 -12.495 -11.005
LYS+1A0183_035   1.914 -12.392 -10.478
LYS+1A0183_036   2.022 -12.598 -10.576
LYS+1A0183_037   1.944 -11.749  -9.805
LYS+1A0183_038   2.011 -12.669 -10.658
LYS+1A0183_039   4.789 -12.129  -7.340
LYS+1A0183_040   2.277 -12.268  -9.991
