iConf CONFORMER     FL  occ    crg   Em0  pKa0 ne nH    vdw0    vdw1    tors    epol   dsolv   extra    history
00001 TYR01A0322_001 f 0.00  0.000     0  0.00  0  0 -10.719   0.769   0.630   0.293  -0.097   0.000 01O000M000t
00002 TYR01A0322_002 f 0.00  0.000     0  0.00  0  0 -10.038   4.040   2.124   0.272  -0.044   0.000 01E001M000t
00003 TYR01A0322_003 f 0.00  0.000     0  0.00  0  0 -10.126   5.521   0.575   0.295  -0.022   0.000 01E00FM000t
00004 TYR01A0322_004 f 0.00  0.000     0  0.00  0  0 -10.704   1.357   2.118   0.306   0.019   0.000 01E012M000t
00005 TYR01A0322_005 f 0.00  0.000     0  0.00  0  0 -10.386   3.936   2.126   0.279  -0.034   0.000 01E009M000t
00006 TYR01A0322_006 f 0.00  0.000     0  0.00  0  0 -10.453   5.042   2.124  -0.019   0.037   0.000 01E00DM000t
00007 TYR01A0322_007 f 0.00  0.000     0  0.00  0  0 -10.926   1.644   2.113   0.300   0.025   0.000 01E010M000t
00008 TYR01A0322_008 f 0.00  0.000     0  0.00  0  0 -10.282   2.660   0.608   0.407  -0.015   0.000 01T008M000t
00009 TYR01A0322_009 f 0.00  0.000     0  0.00  0  0 -10.575   5.247   0.620   0.406  -0.025   0.000 01T00AM000t
00010 TYR01A0322_010 f 0.00  0.000     0  0.00  0  0 -10.209   2.852   2.157   0.250  -0.035   0.000 01T011M000t
00011 TYR01A0322_011 f 0.00  0.000     0  0.00  0  0 -10.213   5.172   2.124  -0.038   0.024   0.000 01T003M000t
00012 TYR01A0322_012 f 0.00  0.000     0  0.00  0  0 -10.931   7.489   0.369   0.333  -0.185   0.000 01T007M000t
00013 TYR01A0322_013 f 0.00  0.000     0  0.00  0  0 -10.368   4.882   0.570   0.304  -0.101   0.000 01T00BM000t
00014 TYR01A0322_014 f 0.00  0.000     0  0.00  0  0 -10.462   5.806   0.572   0.300   0.069   0.000 01T002M000t
00015 TYR01A0322_015 f 0.00  0.000     0  0.00  0  0  -9.836   3.692   2.161   0.237   0.042   0.000 01T004M000t
00016 TYR01A0322_016 f 0.00  0.000     0  0.00  0  0 -10.749   3.743   0.622   0.435  -0.131   0.000 01T005M000t
00017 TYR01A0322_017 f 0.00  0.000     0  0.00  0  0 -11.067   0.582   0.590   0.289  -0.034   0.000 01T006M000t
00018 TYR01A0322_018 f 0.00  0.000     0  0.00  0  0 -10.249   3.884   0.602   0.416   0.143   0.000 01T00CM000t
00019 TYR01A0322_019 f 0.00  0.000     0  0.00  0  0 -10.301   5.997   0.581   0.315   0.028   0.000 01T00EM000t
00020 TYR-1A0322_020 f 0.00 -1.000     0 10.20  0 -1 -10.719   0.769   0.630   0.122  -0.922   0.000 -1O000M000t
00021 TYR-1A0322_021 f 0.00 -1.000     0 10.20  0 -1  -9.960   5.177   2.110  -0.454  -0.518   0.000 -1E003M000t
00022 TYR-1A0322_022 f 0.00 -1.000     0 10.20  0 -1 -10.824   3.366   0.619   0.234  -0.983   0.000 -1E005M000t
00023 TYR-1A0322_023 f 0.00 -1.000     0 10.20  0 -1 -10.221   4.651   0.557   0.118  -1.021   0.000 -1E00BM000t
00024 TYR-1A0322_024 f 0.00 -1.000     0 10.20  0 -1 -10.246   3.864   0.598   0.173  -0.972   0.000 -1E00CM000t
00025 TYR-1A0322_025 f 0.00 -1.000     0 10.20  0 -1 -10.448   5.019   2.112  -0.447  -0.560   0.000 -1E00DM000t
00026 TYR-1A0322_026 f 0.00 -1.000     0 10.20  0 -1 -10.327   6.007   0.571   0.255  -0.531   0.000 -1E00EM000t
00027 TYR-1A0322_027 f 0.00 -1.000     0 10.20  0 -1 -10.078   5.475   0.564   0.220  -0.572   0.000 -1E00FM000t
00028 TYR-1A0322_028 f 0.00 -1.000     0 10.20  0 -1  -9.919   4.014   2.115   0.051  -0.749   0.000 -1T001M000t
00029 TYR-1A0322_029 f 0.00 -1.000     0 10.20  0 -1 -10.392   5.711   0.561   0.116  -0.905   0.000 -1T002M000t
00030 TYR-1A0322_030 f 0.00 -1.000     0 10.20  0 -1  -9.841   3.675   2.161   0.151  -0.864   0.000 -1T004M000t
00031 TYR-1A0322_031 f 0.00 -1.000     0 10.20  0 -1 -11.079   0.574   0.580   0.117  -0.876   0.000 -1T006M000t
00032 TYR-1A0322_032 f 0.00 -1.000     0 10.20  0 -1 -10.974   7.472   0.367   0.146  -1.118   0.000 -1T007M000t
00033 TYR-1A0322_033 f 0.00 -1.000     0 10.20  0 -1 -10.234   2.691   0.600   0.232  -1.034   0.000 -1T008M000t
00034 TYR-1A0322_034 f 0.00 -1.000     0 10.20  0 -1 -10.257   3.931   2.115   0.057  -0.966   0.000 -1T009M000t
00035 TYR-1A0322_035 f 0.00 -1.000     0 10.20  0 -1 -10.583   5.254   0.617   0.165  -0.920   0.000 -1T00AM000t
00036 TYR-1A0322_036 f 0.00 -1.000     0 10.20  0 -1 -10.884   1.580   2.101   0.199  -1.096   0.000 -1T010M000t
00037 TYR-1A0322_037 f 0.00 -1.000     0 10.20  0 -1 -10.203   2.869   2.154   0.139  -0.777   0.000 -1T011M000t
00038 TYR-1A0322_038 f 0.00 -1.000     0 10.20  0 -1 -10.381   1.321   2.106   0.197  -1.010   0.000 -1T012M000t
