CONFORMER         crg  vdw0  vdw1  tors  epol  self   occ  Hb     history    ASA
TYR01A0322_001  0.000-10.72  0.77  0.63  0.00 -9.32 0.527  00  01O000M000  1.000
TYR01A0322_002  0.000-10.04  4.04  2.13  0.00 -3.88 0.524  00  01E001M000  1.000
TYR01A0322_003  0.000-10.12  5.52  0.57  0.00 -4.03 0.525  00  01E00FM000  1.000
TYR01A0322_004  0.000-10.63  1.35  2.12  0.00 -7.16 0.525  00  01E012M000  1.000
TYR01A0322_005  0.000-10.38  3.95  2.13  0.00 -4.31 0.525  00  01E009M000  1.000
TYR01A0322_006  0.000-10.45  5.04  2.12  0.00 -3.29 0.530  00  01E00DM000  1.000
TYR01A0322_007  0.000-10.91  1.64  2.11  0.00 -7.16 0.526  00  01E010M000  1.000
TYR01A0322_008  0.000-10.28  2.66  0.61  0.00 -7.01 0.525  00  01T008M000  1.000
TYR01A0322_009  0.000-10.57  5.25  0.62  0.00 -4.71 0.527  00  01T00AM000  1.000
TYR01A0322_010  0.000-10.21  2.85  2.16  0.00 -5.20 0.525  00  01T011M000  1.000
TYR01A0322_011  0.000-10.21  5.16  2.12  0.00 -2.92 0.527  00  01T003M000  1.000
TYR01A0322_012  0.000-10.92  7.48  0.37  0.00 -3.08 0.527  00  01T007M000  1.000
TYR01A0322_013  0.000-10.38  4.89  0.57  0.00 -4.92 0.527  00  01T00BM000  1.000
TYR01A0322_014  0.000-10.46  5.80  0.57  0.00 -4.09 0.526  00  01T002M000  1.000
TYR01A0322_015  0.000 -9.84  3.69  2.16  0.00 -3.99 0.527  00  01T004M000  1.000
TYR01A0322_016  0.000-10.75  3.74  0.62  0.00 -6.39 0.527  00  01T005M000  1.000
TYR01A0322_017  0.000-11.07  0.58  0.59  0.00 -9.90 0.527  00  01T006M000  1.000
TYR01A0322_018  0.000-10.24  3.88  0.60  0.00 -5.76 0.527  00  01T00CM000  1.000
TYR01A0322_019  0.000-10.30  5.98  0.58  0.00 -3.74 0.525  00  01T00EM000  1.000
TYR-1A0322_020 -1.000-10.72  0.77  0.63  0.00 -9.32 0.527  00  -1O000M000  1.000
TYR-1A0322_021 -1.000 -9.96  5.17  2.11  0.00 -2.68 0.527  00  -1E003M000  1.000
TYR-1A0322_022 -1.000-10.82  3.38  0.62  0.00 -6.83 0.527  00  -1E005M000  1.000
TYR-1A0322_023 -1.000-10.22  4.66  0.55  0.00 -5.00 0.527  00  -1E00BM000  1.000
TYR-1A0322_024 -1.000-10.24  3.86  0.60  0.00 -5.78 0.527  00  -1E00CM000  1.000
TYR-1A0322_025 -1.000-10.45  5.02  2.11  0.00 -3.32 0.530  00  -1E00DM000  1.000
TYR-1A0322_026 -1.000-10.32  6.00  0.57  0.00 -3.76 0.525  00  -1E00EM000  1.000
TYR-1A0322_027 -1.000-10.07  5.48  0.56  0.00 -4.03 0.525  00  -1E00FM000  1.000
TYR-1A0322_028 -1.000 -9.92  4.01  2.11  0.00 -3.79 0.524  00  -1T001M000  1.000
TYR-1A0322_029 -1.000-10.39  5.71  0.56  0.00 -4.12 0.526  00  -1T002M000  1.000
TYR-1A0322_030 -1.000 -9.84  3.67  2.16  0.00 -4.01 0.527  00  -1T004M000  1.000
TYR-1A0322_031 -1.000-11.07  0.57  0.58  0.00 -9.92 0.527  00  -1T006M000  1.000
TYR-1A0322_032 -1.000-10.98  7.47  0.37  0.00 -3.14 0.527  00  -1T007M000  1.000
TYR-1A0322_033 -1.000-10.28  2.69  0.60  0.00 -6.99 0.525  00  -1T008M000  1.000
TYR-1A0322_034 -1.000-10.26  3.93  2.12  0.00 -4.22 0.525  00  -1T009M000  1.000
TYR-1A0322_035 -1.000-10.57  5.25  0.62  0.00 -4.71 0.527  00  -1T00AM000  1.000
TYR-1A0322_036 -1.000-10.88  1.58  2.10  0.00 -7.20 0.526  00  -1T010M000  1.000
TYR-1A0322_037 -1.000-10.21  2.87  2.15  0.00 -5.19 0.525  00  -1T011M000  1.000
TYR-1A0322_038 -1.000-10.38  1.32  2.11  0.00 -6.94 0.525  00  -1T012M000  1.000
