CONFORMER         crg  vdw0  vdw1  tors  epol  self   occ  Hb     history    ASA
ARG01A0160_001  0.000-10.87  0.55  0.48  0.00 -9.84 0.502  00  01O000M000  1.000
ARG01A0160_002  0.000-13.39  0.73  0.46  0.00-12.20 0.502  00  01E00FM000  1.000
ARG01A0160_003  0.000-11.49  2.47  3.29  0.00 -5.73 0.503  00  01E018M000  1.000
ARG01A0160_004  0.000-12.18  2.15  3.82  0.00 -6.21 0.502  00  01E041M000  1.000
ARG01A0160_005  0.000 -8.74  1.15  0.61  0.00 -6.98 0.502  00  01E054M000  1.000
ARG01A0160_006  0.000 -7.89  2.62  3.28  0.00 -2.00 0.502  00  01E089M000  1.000
ARG01A0160_007  0.000 -7.55  0.47  3.92  0.00 -3.16 0.503  00  01E0C0M000  1.000
ARG01A0160_008  0.000-10.96  1.99  3.83  0.00 -5.15 0.503  00  01E0E3M000  1.000
ARG01A0160_009  0.000-12.12  0.68  3.56  0.00 -7.89 0.501  00  01T010M000  1.000
ARG01A0160_010  0.000-10.36  0.44  1.16  0.00 -8.77 0.502  00  01T01FM000  1.000
ARG01A0160_011  0.000-10.30  1.98  3.87  0.00 -4.45 0.502  00  01T040M000  1.000
ARG01A0160_012  0.000 -7.99  0.65  0.48  0.00 -6.86 0.502  00  01T048M000  1.000
ARG01A0160_013  0.000 -9.00  0.61  3.18  0.00 -5.21 0.503  00  01T068M000  1.000
ARG01A0160_014  0.000 -9.70  0.58  0.51  0.00 -8.61 0.502  00  01T06CM000  1.000
ARG01A0160_015  0.000-10.66  1.16  0.45  0.00 -9.05 0.502  00  01T07EM000  1.000
ARG01A0160_016  0.000-10.49  1.11  3.24  0.00 -6.15 0.502  00  01T084M000  1.000
ARG01A0160_017  0.000 -8.43  2.19  3.19  0.00 -3.06 0.502  00  01T092M000  1.000
ARG01A0160_018  0.000-10.32  1.23  3.12  0.00 -5.97 0.501  00  01T094M000  1.000
ARG01A0160_019  0.000-11.62  0.65  3.44  0.00 -7.52 0.502  00  01T0ABM000  1.000
ARG01A0160_020  0.000-10.97  1.08  3.37  0.00 -6.52 0.502  00  01T0ADM000  1.000
ARG02A0160_021  0.000-10.95  0.53  0.48  0.00 -9.94 0.502  00  02O000M000  1.000
ARG02A0160_022  0.000-10.34  1.23  3.12  0.00 -6.00 0.501  00  02E094M000  1.000
ARG02A0160_023  0.000-11.40  0.66  3.34  0.00 -7.40 0.502  00  02E0ABM000  1.000
ARG02A0160_024  0.000-11.80  0.73  3.10  0.00 -7.97 0.501  00  02E010M000  1.000
ARG02A0160_025  0.000-10.90  1.18  0.44  0.00 -9.28 0.502  00  02E07EM000  1.000
ARG02A0160_026  0.000 -8.45  2.23  3.17  0.00 -3.05 0.502  00  02E092M000  1.000
ARG02A0160_027  0.000-11.01  1.02  3.36  0.00 -6.63 0.502  00  02E0ADM000  1.000
ARG02A0160_028  0.000-10.15  0.58  0.50  0.00 -9.06 0.502  00  02T06CM000  1.000
ARG02A0160_029  0.000-10.79  2.04  3.75  0.00 -4.99 0.503  00  02T0E3M000  1.000
ARG02A0160_030  0.000 -8.19  0.66  0.46  0.00 -7.07 0.502  00  02T048M000  1.000
ARG02A0160_031  0.000 -8.93  1.18  0.58  0.00 -7.17 0.502  00  02T054M000  1.000
ARG02A0160_032  0.000-10.38  0.37  1.05  0.00 -8.96 0.502  00  02T01FM000  1.000
ARG02A0160_033  0.000-11.90  2.16  3.80  0.00 -5.94 0.502  00  02T041M000  1.000
ARG02A0160_034  0.000 -8.95  0.63  3.12  0.00 -5.20 0.503  00  02T068M000  1.000
ARG02A0160_035  0.000-10.41  1.11  3.12  0.00 -6.17 0.502  00  02T084M000  1.000
ARG02A0160_036  0.000 -7.67  0.45  3.84  0.00 -3.38 0.503  00  02T0C0M000  1.000
ARG02A0160_037  0.000-13.29  0.72  0.45  0.00-12.12 0.502  00  02T00FM000  1.000
ARG02A0160_038  0.000-11.40  2.50  3.08  0.00 -5.81 0.503  00  02T018M000  1.000
ARG02A0160_039  0.000 -9.63  2.02  3.80  0.00 -3.81 0.502  00  02T040M000  1.000
ARG02A0160_040  0.000 -7.67  2.44  3.21  0.00 -2.03 0.502  00  02T089M000  1.000
ARG03A0160_041  0.000-10.94  0.53  0.48  0.00 -9.93 0.502  00  03O000M000  1.000
ARG03A0160_042  0.000-13.28  0.72  0.45  0.00-12.12 0.502  00  03E00FM000  1.000
ARG03A0160_043  0.000-11.40  2.50  3.07  0.00 -5.82 0.503  00  03E018M000  1.000
ARG03A0160_044  0.000 -9.72  0.58  0.51  0.00 -8.64 0.502  00  03E06CM000  1.000
ARG03A0160_045  0.000-11.86  0.72  3.11  0.00 -8.03 0.501  00  03T010M000  1.000
ARG03A0160_046  0.000 -9.70  2.02  3.80  0.00 -3.88 0.502  00  03T040M000  1.000
ARG03A0160_047  0.000-10.51  1.11  3.13  0.00 -6.28 0.502  00  03T084M000  1.000
ARG03A0160_048  0.000-11.53  0.69  3.35  0.00 -7.49 0.502  00  03T0ABM000  1.000
ARG03A0160_049  0.000 -8.40  0.62  3.14  0.00 -4.63 0.503  00  03T068M000  1.000
ARG03A0160_050  0.000 -8.27  2.19  3.16  0.00 -2.93 0.502  00  03T092M000  1.000
ARG03A0160_051  0.000-11.13  1.03  3.36  0.00 -6.74 0.502  00  03T0ADM000  1.000
ARG03A0160_052  0.000-10.44  0.37  1.05  0.00 -9.02 0.502  00  03T01FM000  1.000
ARG03A0160_053  0.000 -7.56  0.63  0.46  0.00 -6.48 0.502  00  03T048M000  1.000
ARG03A0160_054  0.000 -8.50  1.17  0.58  0.00 -6.75 0.502  00  03T054M000  1.000
ARG03A0160_055  0.000-10.29  1.23  3.12  0.00 -5.95 0.501  00  03T094M000  1.000
ARG03A0160_056  0.000 -7.65  0.46  3.84  0.00 -3.36 0.503  00  03T0C0M000  1.000
ARG03A0160_057  0.000-12.08  2.16  3.80  0.00 -6.11 0.502  00  03T041M000  1.000
ARG03A0160_058  0.000-10.58  1.16  0.44  0.00 -8.99 0.502  00  03T07EM000  1.000
ARG03A0160_059  0.000 -7.49  2.51  3.24  0.00 -1.73 0.502  00  03T089M000  1.000
ARG03A0160_060  0.000-10.86  2.05  3.76  0.00 -5.05 0.503  00  03T0E3M000  1.000
ARG+1A0160_061  1.000-10.99  0.53  0.48  0.00 -9.98 0.502  00  +1O000M000  1.000
ARG+1A0160_062  1.000-13.39  0.71  0.45  0.00-12.23 0.502  00  +1E00FM000  1.000
ARG+1A0160_063  1.000-10.43  0.37  1.05  0.00 -9.01 0.502  00  +1E01FM000  1.000
ARG+1A0160_064  1.000-12.12  2.16  3.81  0.00 -6.16 0.502  00  +1E041M000  1.000
ARG+1A0160_065  1.000 -7.60  0.63  0.46  0.00 -6.51 0.502  00  +1E048M000  1.000
ARG+1A0160_066  1.000 -8.54  1.18  0.58  0.00 -6.79 0.502  00  +1E054M000  1.000
ARG+1A0160_067  1.000-10.59  1.15  0.44  0.00 -9.00 0.502  00  +1E07EM000  1.000
ARG+1A0160_068  1.000-10.67  1.11  3.13  0.00 -6.44 0.502  00  +1E084M000  1.000
ARG+1A0160_069  1.000 -7.26  2.52  3.24  0.00 -1.49 0.502  00  +1E089M000  1.000
ARG+1A0160_070  1.000-10.83  2.05  3.76  0.00 -5.03 0.503  00  +1E0E3M000  1.000
ARG+1A0160_071  1.000-11.95  0.72  3.11  0.00 -8.11 0.501  00  +1T010M000  1.000
ARG+1A0160_072  1.000-11.50  2.52  3.09  0.00 -5.89 0.503  00  +1T018M000  1.000
ARG+1A0160_073  1.000 -9.75  2.02  3.80  0.00 -3.92 0.502  00  +1T040M000  1.000
ARG+1A0160_074  1.000 -8.35  0.62  3.16  0.00 -4.58 0.503  00  +1T068M000  1.000
ARG+1A0160_075  1.000 -9.68  0.58  0.51  0.00 -8.60 0.502  00  +1T06CM000  1.000
ARG+1A0160_076  1.000 -8.18  2.20  3.16  0.00 -2.82 0.502  00  +1T092M000  1.000
ARG+1A0160_077  1.000-10.38  1.23  3.12  0.00 -6.04 0.501  00  +1T094M000  1.000
ARG+1A0160_078  1.000-11.39  0.68  3.35  0.00 -7.36 0.502  00  +1T0ABM000  1.000
ARG+1A0160_079  1.000-11.16  1.02  3.36  0.00 -6.78 0.502  00  +1T0ADM000  1.000
ARG+1A0160_080  1.000 -7.63  0.45  3.84  0.00 -3.34 0.503  00  +1T0C0M000  1.000
