iConf CONFORMER     FL  occ    crg   Em0  pKa0 ne nH    vdw0    vdw1    tors    epol   dsolv   extra    history
00001 ARG01A0160_001 f 0.00  0.000     0  0.00  0  0 -10.868   0.546   0.481  -0.012  -0.064   0.000 01O000M000t
00002 ARG01A0160_002 f 0.00  0.000     0  0.00  0  0 -13.394   0.733   0.459   0.020  -0.428   0.000 01E00FM000t
00003 ARG01A0160_003 f 0.00  0.000     0  0.00  0  0 -11.485   2.475   3.287   0.031  -0.042   0.000 01E018M000t
00004 ARG01A0160_004 f 0.00  0.000     0  0.00  0  0 -12.178   2.152   3.822   0.049  -0.198   0.000 01E041M000t
00005 ARG01A0160_005 f 0.00  0.000     0  0.00  0  0  -8.739   1.152   0.605   0.034  -0.112   0.000 01E054M000t
00006 ARG01A0160_006 f 0.00  0.000     0  0.00  0  0  -7.907   2.621   3.279   0.104   0.087   0.000 01E089M000t
00007 ARG01A0160_007 f 0.00  0.000     0  0.00  0  0  -7.553   0.471   3.924  -0.038  -0.088   0.000 01E0C0M000t
00008 ARG01A0160_008 f 0.00  0.000     0  0.00  0  0 -10.964   1.989   3.827   0.053  -0.113   0.000 01E0E3M000t
00009 ARG01A0160_009 f 0.00  0.000     0  0.00  0  0 -12.125   0.677   3.561   0.009  -0.115   0.000 01T010M000t
00010 ARG01A0160_010 f 0.00  0.000     0  0.00  0  0 -10.374   0.439   1.160  -0.020  -0.072   0.000 01T01FM000t
00011 ARG01A0160_011 f 0.00  0.000     0  0.00  0  0 -10.311   1.984   3.872   0.010  -0.114   0.000 01T040M000t
00012 ARG01A0160_012 f 0.00  0.000     0  0.00  0  0  -7.988   0.647   0.481  -0.001   0.332   0.000 01T048M000t
00013 ARG01A0160_013 f 0.00  0.000     0  0.00  0  0  -8.955   0.612   3.177   0.043  -0.129   0.000 01T068M000t
00014 ARG01A0160_014 f 0.00  0.000     0  0.00  0  0  -9.694   0.583   0.506   0.045  -0.076   0.000 01T06CM000t
00015 ARG01A0160_015 f 0.00  0.000     0  0.00  0  0 -10.662   1.160   0.447   0.053  -0.154   0.000 01T07EM000t
00016 ARG01A0160_016 f 0.00  0.000     0  0.00  0  0 -10.496   1.105   3.232   0.031  -0.258   0.000 01T084M000t
00017 ARG01A0160_017 f 0.00  0.000     0  0.00  0  0  -8.424   2.189   3.186   0.083  -0.229   0.000 01T092M000t
00018 ARG01A0160_018 f 0.00  0.000     0  0.00  0  0 -10.324   1.232   3.124   0.010   0.148   0.000 01T094M000t
00019 ARG01A0160_019 f 0.00  0.000     0  0.00  0  0 -11.615   0.656   3.437  -0.058   0.098   0.000 01T0ABM000t
00020 ARG01A0160_020 f 0.00  0.000     0  0.00  0  0 -10.959   1.078   3.370  -0.019  -0.058   0.000 01T0ADM000t
00021 ARG02A0160_021 f 0.00  0.000     0  0.00  0  0 -10.951   0.531   0.481   0.024   0.638   0.000 02O000M000t
00022 ARG02A0160_022 f 0.00  0.000     0  0.00  0  0 -10.331   1.227   3.119  -0.018   1.211   0.000 02E094M000t
00023 ARG02A0160_023 f 0.00  0.000     0  0.00  0  0 -11.391   0.656   3.339  -0.060   1.141   0.000 02E0ABM000t
00024 ARG02A0160_024 f 0.00  0.000     0  0.00  0  0 -11.796   0.730   3.097   0.029   0.451   0.000 02E010M000t
00025 ARG02A0160_025 f 0.00  0.000     0  0.00  0  0 -10.903   1.180   0.444   0.013   0.829   0.000 02E07EM000t
00026 ARG02A0160_026 f 0.00  0.000     0  0.00  0  0  -8.446   2.230   3.167  -0.006   0.896   0.000 02E092M000t
00027 ARG02A0160_027 f 0.00  0.000     0  0.00  0  0 -11.012   1.018   3.360   0.063   0.706   0.000 02E0ADM000t
00028 ARG02A0160_028 f 0.00  0.000     0  0.00  0  0 -10.157   0.586   0.505   0.028   1.110   0.000 02T06CM000t
00029 ARG02A0160_029 f 0.00  0.000     0  0.00  0  0 -10.790   2.046   3.753   0.038   0.750   0.000 02T0E3M000t
00030 ARG02A0160_030 f 0.00  0.000     0  0.00  0  0  -8.199   0.662   0.462  -0.002   1.185   0.000 02T048M000t
00031 ARG02A0160_031 f 0.00  0.000     0  0.00  0  0  -8.935   1.177   0.585   0.014   1.048   0.000 02T054M000t
00032 ARG02A0160_032 f 0.00  0.000     0  0.00  0  0 -10.371   0.369   1.051   0.046   0.534   0.000 02T01FM000t
00033 ARG02A0160_033 f 0.00  0.000     0  0.00  0  0 -11.900   2.169   3.805   0.027   0.578   0.000 02T041M000t
00034 ARG02A0160_034 f 0.00  0.000     0  0.00  0  0  -8.958   0.636   3.123   0.001   0.887   0.000 02T068M000t
00035 ARG02A0160_035 f 0.00  0.000     0  0.00  0  0 -10.405   1.110   3.125   0.026   0.494   0.000 02T084M000t
00036 ARG02A0160_036 f 0.00  0.000     0  0.00  0  0  -7.692   0.453   3.839   0.091   0.686   0.000 02T0C0M000t
00037 ARG02A0160_037 f 0.00  0.000     0  0.00  0  0 -13.289   0.716   0.447   0.031   0.337   0.000 02T00FM000t
00038 ARG02A0160_038 f 0.00  0.000     0  0.00  0  0 -11.398   2.501   3.085   0.015   0.606   0.000 02T018M000t
00039 ARG02A0160_039 f 0.00  0.000     0  0.00  0  0  -9.648   2.031   3.801   0.021   0.432   0.000 02T040M000t
00040 ARG02A0160_040 f 0.00  0.000     0  0.00  0  0  -7.674   2.445   3.208  -0.028   0.620   0.000 02T089M000t
00041 ARG03A0160_041 f 0.00  0.000     0  0.00  0  0 -10.947   0.532   0.481   0.012   0.684   0.000 03O000M000t
00042 ARG03A0160_042 f 0.00  0.000     0  0.00  0  0 -13.282   0.715   0.447   0.028   0.561   0.000 03E00FM000t
00043 ARG03A0160_043 f 0.00  0.000     0  0.00  0  0 -11.397   2.500   3.072   0.026   0.616   0.000 03E018M000t
00044 ARG03A0160_044 f 0.00  0.000     0  0.00  0  0  -9.708   0.578   0.507   0.037   0.852   0.000 03E06CM000t
00045 ARG03A0160_045 f 0.00  0.000     0  0.00  0  0 -11.869   0.724   3.110   0.032   0.782   0.000 03T010M000t
00046 ARG03A0160_046 f 0.00  0.000     0  0.00  0  0  -9.710   2.026   3.801   0.028   0.703   0.000 03T040M000t
00047 ARG03A0160_047 f 0.00  0.000     0  0.00  0  0 -10.559   1.107   3.127   0.043   0.706   0.000 03T084M000t
00048 ARG03A0160_048 f 0.00  0.000     0  0.00  0  0 -11.527   0.686   3.348  -0.073   1.003   0.000 03T0ABM000t
00049 ARG03A0160_049 f 0.00  0.000     0  0.00  0  0  -8.407   0.625   3.140   0.029   0.775   0.000 03T068M000t
00050 ARG03A0160_050 f 0.00  0.000     0  0.00  0  0  -8.205   2.183   3.158   0.066   1.103   0.000 03T092M000t
00051 ARG03A0160_051 f 0.00  0.000     0  0.00  0  0 -11.132   1.032   3.360   0.065   0.891   0.000 03T0ADM000t
00052 ARG03A0160_052 f 0.00  0.000     0  0.00  0  0 -10.446   0.374   1.051   0.066   0.888   0.000 03T01FM000t
00053 ARG03A0160_053 f 0.00  0.000     0  0.00  0  0  -7.577   0.630   0.460  -0.016   1.113   0.000 03T048M000t
00054 ARG03A0160_054 f 0.00  0.000     0  0.00  0  0  -8.503   1.163   0.579   0.027   0.977   0.000 03T054M000t
00055 ARG03A0160_055 f 0.00  0.000     0  0.00  0  0 -10.346   1.226   3.120  -0.006   0.899   0.000 03T094M000t
00056 ARG03A0160_056 f 0.00  0.000     0  0.00  0  0  -7.666   0.458   3.837   0.081   0.862   0.000 03T0C0M000t
00057 ARG03A0160_057 f 0.00  0.000     0  0.00  0  0 -12.028   2.167   3.805   0.048   0.643   0.000 03T041M000t
00058 ARG03A0160_058 f 0.00  0.000     0  0.00  0  0 -10.586   1.156   0.437   0.040   0.749   0.000 03T07EM000t
00059 ARG03A0160_059 f 0.00  0.000     0  0.00  0  0  -7.481   2.515   3.244   0.093   0.951   0.000 03T089M000t
00060 ARG03A0160_060 f 0.00  0.000     0  0.00  0  0 -10.859   2.051   3.756   0.042   0.622   0.000 03T0E3M000t
00061 ARG+1A0160_061 f 0.00  1.000     0 12.50  0  1 -10.994   0.530   0.481   0.129  -0.216   0.000 +1O000M000t
00062 ARG+1A0160_062 f 0.00  1.000     0 12.50  0  1 -13.390   0.714   0.447   0.097  -0.421   0.000 +1E00FM000t
00063 ARG+1A0160_063 f 0.00  1.000     0 12.50  0  1 -10.429   0.366   1.052   0.153  -0.136   0.000 +1E01FM000t
00064 ARG+1A0160_064 f 0.00  1.000     0 12.50  0  1 -12.123   2.167   3.806   0.108  -0.306   0.000 +1E041M000t
00065 ARG+1A0160_065 f 0.00  1.000     0 12.50  0  1  -7.607   0.633   0.462   0.113  -0.120   0.000 +1E048M000t
00066 ARG+1A0160_066 f 0.00  1.000     0 12.50  0  1  -8.472   1.178   0.583   0.141  -0.259   0.000 +1E054M000t
00067 ARG+1A0160_067 f 0.00  1.000     0 12.50  0  1 -10.591   1.152   0.439   0.132  -0.186   0.000 +1E07EM000t
00068 ARG+1A0160_068 f 0.00  1.000     0 12.50  0  1 -10.626   1.107   3.132   0.114  -0.502   0.000 +1E084M000t
00069 ARG+1A0160_069 f 0.00  1.000     0 12.50  0  1  -7.247   2.527   3.244   0.145   0.034   0.000 +1E089M000t
00070 ARG+1A0160_070 f 0.00  1.000     0 12.50  0  1 -10.836   2.058   3.755   0.065  -0.324   0.000 +1E0E3M000t
00071 ARG+1A0160_071 f 0.00  1.000     0 12.50  0  1 -11.948   0.727   3.112   0.113  -0.343   0.000 +1T010M000t
00072 ARG+1A0160_072 f 0.00  1.000     0 12.50  0  1 -11.500   2.513   3.094   0.065  -0.185   0.000 +1T018M000t
00073 ARG+1A0160_073 f 0.00  1.000     0 12.50  0  1  -9.752   2.030   3.801   0.140  -0.093   0.000 +1T040M000t
00074 ARG+1A0160_074 f 0.00  1.000     0 12.50  0  1  -8.353   0.624   3.154   0.089  -0.331   0.000 +1T068M000t
00075 ARG+1A0160_075 f 0.00  1.000     0 12.50  0  1  -9.681   0.578   0.505   0.115  -0.247   0.000 +1T06CM000t
00076 ARG+1A0160_076 f 0.00  1.000     0 12.50  0  1  -8.179   2.196   3.160   0.126   0.052   0.000 +1T092M000t
00077 ARG+1A0160_077 f 0.00  1.000     0 12.50  0  1 -10.377   1.225   3.118   0.064  -0.072   0.000 +1T094M000t
00078 ARG+1A0160_078 f 0.00  1.000     0 12.50  0  1 -11.393   0.678   3.345   0.185  -0.345   0.000 +1T0ABM000t
00079 ARG+1A0160_079 f 0.00  1.000     0 12.50  0  1 -11.162   1.019   3.361   0.272  -0.078   0.000 +1T0ADM000t
00080 ARG+1A0160_080 f 0.00  1.000     0 12.50  0  1  -7.635   0.453   3.840   0.339  -0.066   0.000 +1T0C0M000t
