   confID        vdw0    sas     sum
ARG01A0160_001   3.097 -13.965 -10.868
ARG01A0160_002   1.432 -14.825 -13.394
ARG01A0160_003   2.699 -14.184 -11.485
ARG01A0160_004   2.297 -14.474 -12.178
ARG01A0160_005   5.072 -13.811  -8.739
ARG01A0160_006   5.230 -13.137  -7.907
ARG01A0160_007   6.746 -14.299  -7.553
ARG01A0160_008   3.162 -14.126 -10.964
ARG01A0160_009   2.658 -14.783 -12.125
ARG01A0160_010   3.999 -14.373 -10.374
ARG01A0160_011   3.995 -14.306 -10.311
ARG01A0160_012   5.374 -13.361  -7.988
ARG01A0160_013   4.771 -13.726  -8.955
ARG01A0160_014   4.373 -14.066  -9.694
ARG01A0160_015   3.263 -13.925 -10.662
ARG01A0160_016   3.408 -13.904 -10.496
ARG01A0160_017   5.101 -13.525  -8.424
ARG01A0160_018   3.463 -13.787 -10.324
ARG01A0160_019   3.359 -14.975 -11.615
ARG01A0160_020   3.547 -14.506 -10.959
ARG02A0160_021   3.015 -13.965 -10.951
ARG02A0160_022   3.452 -13.784 -10.331
ARG02A0160_023   3.428 -14.820 -11.391
ARG02A0160_024   2.787 -14.583 -11.796
ARG02A0160_025   3.089 -13.993 -10.903
ARG02A0160_026   4.967 -13.412  -8.446
ARG02A0160_027   3.562 -14.574 -11.012
ARG02A0160_028   3.797 -13.954 -10.157
ARG02A0160_029   3.207 -13.997 -10.790
ARG02A0160_030   5.175 -13.374  -8.199
ARG02A0160_031   4.873 -13.807  -8.935
ARG02A0160_032   4.141 -14.511 -10.371
ARG02A0160_033   2.331 -14.231 -11.900
ARG02A0160_034   4.867 -13.825  -8.958
ARG02A0160_035   3.561 -13.966 -10.405
ARG02A0160_036   6.707 -14.398  -7.692
ARG02A0160_037   1.453 -14.742 -13.289
ARG02A0160_038   2.774 -14.172 -11.398
ARG02A0160_039   4.272 -13.921  -9.648
ARG02A0160_040   5.398 -13.072  -7.674
ARG03A0160_041   3.018 -13.965 -10.947
ARG03A0160_042   1.395 -14.677 -13.282
ARG03A0160_043   2.707 -14.104 -11.397
ARG03A0160_044   4.355 -14.063  -9.708
ARG03A0160_045   2.713 -14.583 -11.869
ARG03A0160_046   4.211 -13.921  -9.710
ARG03A0160_047   3.523 -14.082 -10.559
ARG03A0160_048   3.421 -14.948 -11.527
ARG03A0160_049   5.219 -13.626  -8.407
ARG03A0160_050   5.320 -13.525  -8.205
ARG03A0160_051   3.510 -14.641 -11.132
ARG03A0160_052   4.065 -14.511 -10.446
ARG03A0160_053   5.797 -13.374  -7.577
ARG03A0160_054   5.407 -13.910  -8.503
ARG03A0160_055   3.441 -13.787 -10.346
ARG03A0160_056   6.684 -14.350  -7.666
ARG03A0160_057   2.267 -14.295 -12.028
ARG03A0160_058   3.275 -13.861 -10.586
ARG03A0160_059   5.604 -13.085  -7.481
ARG03A0160_060   3.203 -14.062 -10.859
ARG+1A0160_061   2.972 -13.965 -10.994
ARG+1A0160_062   1.351 -14.742 -13.390
ARG+1A0160_063   4.015 -14.444 -10.429
ARG+1A0160_064   2.223 -14.346 -12.123
ARG+1A0160_065   5.703 -13.310  -7.607
ARG+1A0160_066   5.303 -13.775  -8.472
ARG+1A0160_067   3.273 -13.864 -10.591
ARG+1A0160_068   3.469 -14.095 -10.626
ARG+1A0160_069   5.774 -13.021  -7.247
ARG+1A0160_070   3.162 -13.997 -10.836
ARG+1A0160_071   2.683 -14.631 -11.948
ARG+1A0160_072   2.669 -14.168 -11.500
ARG+1A0160_073   4.169 -13.921  -9.752
ARG+1A0160_074   5.221 -13.574  -8.353
ARG+1A0160_075   4.318 -13.999  -9.681
ARG+1A0160_076   5.362 -13.541  -8.179
ARG+1A0160_077   3.406 -13.784 -10.377
ARG+1A0160_078   3.375 -14.768 -11.393
ARG+1A0160_079   3.476 -14.638 -11.162
ARG+1A0160_080   6.648 -14.283  -7.635
