CONFORMER         crg  vdw0  vdw1  tors  epol  self   occ  Hb     history    ASA
LYS01A0206_001  0.000 -6.96 20.86  1.49  0.00 15.40 0.000  00  01O000M000  1.000
LYS01A0206_002  0.000 -9.87  7.12  2.05  0.00 -0.70 0.517  00  01E004M000  1.000
LYS01A0206_003  0.000 -9.62  7.14  1.91  0.00 -0.58 0.517  00  01E006M000  1.000
LYS01A0206_004  0.000-11.31  6.18  1.24  0.00 -3.89 0.517  00  01E007M000  1.000
LYS01A0206_005  0.000-10.34  6.10  1.24  0.00 -3.00 0.516  00  01E008M000  1.000
LYS01A0206_006  0.000-11.50  7.23  2.02  0.00 -2.25 0.517  00  01E009M000  1.000
LYS01A0206_007  0.000 -9.89  7.17  2.02  0.00 -0.70 0.517  00  01E00AM000  1.000
LYS01A0206_008  0.000-10.81  7.01  1.84  0.00 -1.96 0.517  00  01E00EM000  1.000
LYS01A0206_009  0.000-11.17  6.10  1.45  0.00 -3.62 0.518  00  01E013M000  1.000
LYS01A0206_010  0.000-11.26  6.83  2.14  0.00 -2.29 0.516  00  01E016M000  1.000
LYS01A0206_011  0.000-11.17  7.19  2.05  0.00 -1.93 0.518  00  01E017M000  1.000
LYS01A0206_012  0.000-11.71  8.32  1.59  0.00 -1.80 0.514  00  01E01AM000  1.000
LYS01A0206_013  0.000-10.90  6.89  2.14  0.00 -1.87 0.517  00  01E01BM000  1.000
LYS01A0206_014  0.000-11.10  7.08  2.04  0.00 -1.98 0.516  00  01E01CM000  1.000
LYS01A0206_015  0.000 -8.83 15.61  1.16  0.00  7.93 0.000  00  01X000M000  1.000
LYS01A0206_016  0.000-11.97  6.87  1.37  0.00 -3.73 0.516  00  01T00CM000  1.000
LYS01A0206_017  0.000 -9.53  7.00  1.84  0.00 -0.69 0.518  00  01T00FM000  1.000
LYS01A0206_018  0.000-10.98  6.33  1.62  0.00 -3.03 0.515  00  01T010M000  1.000
LYS01A0206_019  0.000-11.21  6.50  1.45  0.00 -3.26 0.517  00  01T014M000  1.000
LYS01A0206_020  0.000-11.19  7.12  2.17  0.00 -1.90 0.519  00  01T015M000  1.000
LYS01A0206_021  0.000-11.39  7.96  1.55  0.00 -1.87 0.516  00  01T018M000  1.000
LYS+1A0206_022  1.000 -6.86 20.85  1.49  0.00 15.48 0.000  00  +1O000M000  1.000
LYS+1A0206_023  1.000 -9.72  7.14  1.91  0.00 -0.66 0.517  00  +1E006M000  1.000
LYS+1A0206_024  1.000-11.35  6.19  1.26  0.00 -3.91 0.517  00  +1E007M000  1.000
LYS+1A0206_025  1.000-11.36  7.24  2.03  0.00 -2.09 0.517  00  +1E009M000  1.000
LYS+1A0206_026  1.000 -9.88  7.17  2.03  0.00 -0.69 0.517  00  +1E00AM000  1.000
LYS+1A0206_027  1.000-11.03  6.33  1.62  0.00 -3.09 0.515  00  +1E010M000  1.000
LYS+1A0206_028  1.000-11.22  6.11  1.46  0.00 -3.65 0.518  00  +1E013M000  1.000
LYS+1A0206_029  1.000-11.25  6.50  1.45  0.00 -3.30 0.517  00  +1E014M000  1.000
LYS+1A0206_030  1.000-11.31  6.83  2.15  0.00 -2.33 0.516  00  +1E016M000  1.000
LYS+1A0206_031  1.000-11.22  7.20  2.05  0.00 -1.97 0.518  00  +1E017M000  1.000
LYS+1A0206_032  1.000-11.50  8.03  1.55  0.00 -1.91 0.516  00  +1E018M000  1.000
LYS+1A0206_033  1.000-11.76  8.27  1.61  0.00 -1.88 0.514  00  +1E01AM000  1.000
LYS+1A0206_034  1.000-11.03  6.89  2.14  0.00 -2.01 0.517  00  +1E01BM000  1.000
LYS+1A0206_035  1.000-11.13  7.08  2.05  0.00 -2.00 0.516  00  +1E01CM000  1.000
LYS+1A0206_036  1.000 -9.97  7.13  2.05  0.00 -0.79 0.517  00  +1T004M000  1.000
LYS+1A0206_037  1.000-10.41  6.10  1.25  0.00 -3.06 0.516  00  +1T008M000  1.000
LYS+1A0206_038  1.000-11.94  6.89  1.38  0.00 -3.67 0.516  00  +1T00CM000  1.000
LYS+1A0206_039  1.000-10.86  7.03  1.85  0.00 -1.99 0.517  00  +1T00EM000  1.000
LYS+1A0206_040  1.000 -9.58  7.01  1.86  0.00 -0.71 0.518  00  +1T00FM000  1.000
LYS+1A0206_041  1.000-11.23  7.12  2.18  0.00 -1.94 0.519  00  +1T015M000  1.000
LYS+1A0206_042  1.000 -8.71 15.80  1.17  0.00  8.26 0.000  00  +1T000M000  1.000
