iConf CONFORMER     FL  occ    crg   Em0  pKa0 ne nH    vdw0    vdw1    tors    epol   dsolv   extra    history
00001 LYS01A0206_001 f 0.00  0.000     0  0.00  0  0  -6.946  20.840   1.489  -0.014   0.178   0.000 01O000M000t
00002 LYS01A0206_002 f 0.00  0.000     0  0.00  0  0  -9.874   7.124   2.049  -0.014   0.032   0.000 01E004M000t
00003 LYS01A0206_003 f 0.00  0.000     0  0.00  0  0  -9.618   7.148   1.908  -0.009   0.149   0.000 01E006M000t
00004 LYS01A0206_004 f 0.00  0.000     0  0.00  0  0 -11.310   6.174   1.242  -0.008   0.010   0.000 01E007M000t
00005 LYS01A0206_005 f 0.00  0.000     0  0.00  0  0 -10.343   6.094   1.243   0.002   0.022   0.000 01E008M000t
00006 LYS01A0206_006 f 0.00  0.000     0  0.00  0  0 -11.502   7.229   2.016  -0.006   0.049   0.000 01E009M000t
00007 LYS01A0206_007 f 0.00  0.000     0  0.00  0  0  -9.887   7.170   2.019   0.002  -0.075   0.000 01E00AM000t
00008 LYS01A0206_008 f 0.00  0.000     0  0.00  0  0 -10.878   7.017   1.841  -0.014  -0.243   0.000 01E00EM000t
00009 LYS01A0206_009 f 0.00  0.000     0  0.00  0  0 -11.166   6.100   1.452  -0.004  -0.031   0.000 01E013M000t
00010 LYS01A0206_010 f 0.00  0.000     0  0.00  0  0 -11.264   6.829   2.141  -0.019  -0.012   0.000 01E016M000t
00011 LYS01A0206_011 f 0.00  0.000     0  0.00  0  0 -11.170   7.196   2.048  -0.012  -0.071   0.000 01E017M000t
00012 LYS01A0206_012 f 0.00  0.000     0  0.00  0  0 -11.714   8.335   1.592  -0.031  -0.009   0.000 01E01AM000t
00013 LYS01A0206_013 f 0.00  0.000     0  0.00  0  0 -10.900   6.891   2.137  -0.033   0.087   0.000 01E01BM000t
00014 LYS01A0206_014 f 0.00  0.000     0  0.00  0  0 -11.100   7.084   2.041  -0.004   0.023   0.000 01E01CM000t
00015 LYS01A0206_015 f 0.00  0.000     0  0.00  0  0  -8.840  15.585   1.156  -0.010   0.166   0.000 01X000M000t
00016 LYS01A0206_016 f 0.00  0.000     0  0.00  0  0 -11.969   6.879   1.374  -0.011  -0.214   0.000 01T00CM000t
00017 LYS01A0206_017 f 0.00  0.000     0  0.00  0  0  -9.528   7.001   1.842  -0.017   0.059   0.000 01T00FM000t
00018 LYS01A0206_018 f 0.00  0.000     0  0.00  0  0 -10.983   6.339   1.617  -0.005  -0.023   0.000 01T010M000t
00019 LYS01A0206_019 f 0.00  0.000     0  0.00  0  0 -11.204   6.495   1.451  -0.007   0.054   0.000 01T014M000t
00020 LYS01A0206_020 f 0.00  0.000     0  0.00  0  0 -11.187   7.127   2.173  -0.004  -0.052   0.000 01T015M000t
00021 LYS01A0206_021 f 0.00  0.000     0  0.00  0  0 -11.385   7.965   1.553  -0.065  -0.001   0.000 01T018M000t
00022 LYS+1A0206_022 f 0.00  1.000     0 10.40  0  1  -6.858  20.826   1.489  -0.104   0.202   0.000 +1O000M000t
00023 LYS+1A0206_023 f 0.00  1.000     0 10.40  0  1  -9.719   7.141   1.913   0.069   0.089   0.000 +1E006M000t
00024 LYS+1A0206_024 f 0.00  1.000     0 10.40  0  1 -11.354   6.188   1.260   0.025  -0.261   0.000 +1E007M000t
00025 LYS+1A0206_025 f 0.00  1.000     0 10.40  0  1 -11.363   7.248   2.028   0.020  -0.286   0.000 +1E009M000t
00026 LYS+1A0206_026 f 0.00  1.000     0 10.40  0  1  -9.831   7.165   2.027   0.075  -0.164   0.000 +1E00AM000t
00027 LYS+1A0206_027 f 0.00  1.000     0 10.40  0  1 -11.029   6.335   1.619   0.012  -0.231   0.000 +1E010M000t
00028 LYS+1A0206_028 f 0.00  1.000     0 10.40  0  1 -11.218   6.117   1.458  -0.001  -0.211   0.000 +1E013M000t
00029 LYS+1A0206_029 f 0.00  1.000     0 10.40  0  1 -11.254   6.508   1.455   0.017  -0.245   0.000 +1E014M000t
00030 LYS+1A0206_030 f 0.00  1.000     0 10.40  0  1 -11.310   6.826   2.149   0.065  -0.331   0.000 +1E016M000t
00031 LYS+1A0206_031 f 0.00  1.000     0 10.40  0  1 -11.221   7.202   2.051   0.042  -0.217   0.000 +1E017M000t
00032 LYS+1A0206_032 f 0.00  1.000     0 10.40  0  1 -11.496   8.047   1.554   0.269  -0.109   0.000 +1E018M000t
00033 LYS+1A0206_033 f 0.00  1.000     0 10.40  0  1 -11.764   8.276   1.607   0.106  -0.263   0.000 +1E01AM000t
00034 LYS+1A0206_034 f 0.00  1.000     0 10.40  0  1 -11.034   6.886   2.140   0.146  -0.621   0.000 +1E01BM000t
00035 LYS+1A0206_035 f 0.00  1.000     0 10.40  0  1 -11.079   7.086   2.053   0.013  -0.637   0.000 +1E01CM000t
00036 LYS+1A0206_036 f 0.00  1.000     0 10.40  0  1  -9.970   7.125   2.054   0.079   0.102   0.000 +1T004M000t
00037 LYS+1A0206_037 f 0.00  1.000     0 10.40  0  1 -10.413   6.099   1.249   0.072   0.013   0.000 +1T008M000t
00038 LYS+1A0206_038 f 0.00  1.000     0 10.40  0  1 -11.945   6.893   1.382   0.057  -0.543   0.000 +1T00CM000t
00039 LYS+1A0206_039 f 0.00  1.000     0 10.40  0  1 -10.861   7.035   1.848   0.066  -0.566   0.000 +1T00EM000t
00040 LYS+1A0206_040 f 0.00  1.000     0 10.40  0  1  -9.580   7.011   1.858   0.082   0.091   0.000 +1T00FM000t
00041 LYS+1A0206_041 f 0.00  1.000     0 10.40  0  1 -11.231   7.111   2.178  -0.003  -0.204   0.000 +1T015M000t
00042 LYS+1A0206_042 f 0.00  1.000     0 10.40  0  1  -8.715  15.790   1.169  -0.110   0.098   0.000 +1T000M000t
