   confID        vdw0    sas     sum
LYS01A0206_001   4.733 -11.679  -6.946
LYS01A0206_002   2.366 -12.239  -9.874
LYS01A0206_003   2.502 -12.120  -9.618
LYS01A0206_004   0.850 -12.160 -11.310
LYS01A0206_005   1.805 -12.148 -10.343
LYS01A0206_006   1.374 -12.875 -11.502
LYS01A0206_007   2.339 -12.226  -9.887
LYS01A0206_008   1.288 -12.167 -10.878
LYS01A0206_009   0.782 -11.948 -11.166
LYS01A0206_010   1.176 -12.441 -11.264
LYS01A0206_011   1.322 -12.492 -11.170
LYS01A0206_012   1.032 -12.746 -11.714
LYS01A0206_013   1.241 -12.141 -10.900
LYS01A0206_014   1.209 -12.309 -11.100
LYS01A0206_015   3.270 -12.110  -8.840
LYS01A0206_016   0.996 -12.965 -11.969
LYS01A0206_017   2.450 -11.978  -9.528
LYS01A0206_018   0.994 -11.977 -10.983
LYS01A0206_019   1.111 -12.315 -11.204
LYS01A0206_020   1.144 -12.331 -11.187
LYS01A0206_021   0.952 -12.338 -11.385
LYS+1A0206_022   4.821 -11.679  -6.858
LYS+1A0206_023   2.401 -12.120  -9.719
LYS+1A0206_024   0.819 -12.173 -11.354
LYS+1A0206_025   1.341 -12.705 -11.363
LYS+1A0206_026   2.279 -12.110  -9.831
LYS+1A0206_027   0.948 -11.977 -11.029
LYS+1A0206_028   0.730 -11.948 -11.218
LYS+1A0206_029   1.061 -12.315 -11.254
LYS+1A0206_030   1.131 -12.441 -11.310
LYS+1A0206_031   1.271 -12.492 -11.221
LYS+1A0206_032   0.893 -12.389 -11.496
LYS+1A0206_033   0.994 -12.759 -11.764
LYS+1A0206_034   1.197 -12.231 -11.034
LYS+1A0206_035   1.178 -12.257 -11.079
LYS+1A0206_036   2.269 -12.239  -9.970
LYS+1A0206_037   1.735 -12.148 -10.413
LYS+1A0206_038   0.953 -12.897 -11.945
LYS+1A0206_039   1.238 -12.099 -10.861
LYS+1A0206_040   2.399 -11.978  -9.580
LYS+1A0206_041   1.100 -12.331 -11.231
LYS+1A0206_042   3.344 -12.059  -8.715
