CONFORMER         crg  vdw0  vdw1  tors  epol  self   occ  Hb     history    ASA
LYS01A0118_001  0.000-11.94  0.42  0.84  0.00-10.68 0.502  00  01O000M000  1.000
LYS01A0118_002  0.000-10.65  1.72  3.58  0.00 -5.35 0.501  00  01E063M000  1.000
LYS01A0118_003  0.000-10.38  0.58  4.21  0.00 -5.59 0.502  00  01E074M000  1.000
LYS01A0118_004  0.000-12.32  3.62  6.37  0.00 -2.33 0.501  00  01E08FM000  1.000
LYS01A0118_005  0.000 -7.58  0.53  2.09  0.00 -4.95 0.502  00  01E0E5M000  1.000
LYS01A0118_006  0.000-10.92  2.36  4.21  0.00 -4.35 0.502  00  01E0EEM000  1.000
LYS01A0118_007  0.000 -9.84  1.15  1.57  0.00 -7.12 0.501  00  01E118M000  1.000
LYS01A0118_008  0.000 -6.78  0.50  2.05  0.00 -4.23 0.502  00  01E11BM000  1.000
LYS01A0118_009  0.000-11.34  0.64  1.41  0.00 -9.30 0.501  00  01T00CM000  1.000
LYS01A0118_010  0.000 -8.02  0.71  2.11  0.00 -5.20 0.503  00  01T027M000  1.000
LYS01A0118_011  0.000-11.42  4.16  1.48  0.00 -5.78 0.502  00  01T02BM000  1.000
LYS01A0118_012  0.000 -7.89  0.35  2.11  0.00 -5.44 0.502  00  01T038M000  1.000
LYS01A0118_013  0.000-11.61  2.01  3.63  0.00 -5.97 0.502  00  01T06FM000  1.000
LYS01A0118_014  0.000-11.88  1.33  3.72  0.00 -6.84 0.501  00  01T082M000  1.000
LYS01A0118_015  0.000-10.10  0.57  1.41  0.00 -8.11 0.502  00  01T086M000  1.000
LYS01A0118_016  0.000-10.55  2.42  4.23  0.00 -3.91 0.501  00  01T08AM000  1.000
LYS01A0118_017  0.000 -9.92  0.31  1.46  0.00 -8.15 0.501  00  01T0A3M000  1.000
LYS01A0118_018  0.000-10.24  4.18  1.49  0.00 -4.57 0.502  00  01T0E8M000  1.000
LYS01A0118_019  0.000 -9.94  0.54  4.29  0.00 -5.12 0.502  00  01T0FEM000  1.000
LYS01A0118_020  0.000-10.47  2.08  6.60  0.00 -1.79 0.501  00  01T136M000  1.000
LYS+1A0118_021  1.000-11.99  0.42  0.84  0.00-10.72 0.502  00  +1O000M000  1.000
LYS+1A0118_022  1.000-11.39  0.64  1.41  0.00 -9.34 0.501  00  +1E00CM000  1.000
LYS+1A0118_023  1.000 -8.07  0.71  2.11  0.00 -5.25 0.503  00  +1E027M000  1.000
LYS+1A0118_024  1.000-11.48  4.31  1.48  0.00 -5.68 0.502  00  +1E02BM000  1.000
LYS+1A0118_025  1.000-11.66  2.00  3.63  0.00 -6.03 0.502  00  +1E06FM000  1.000
LYS+1A0118_026  1.000-10.50  0.58  4.21  0.00 -5.71 0.502  00  +1E074M000  1.000
LYS+1A0118_027  1.000-10.17  0.57  1.41  0.00 -8.19 0.502  00  +1E086M000  1.000
LYS+1A0118_028  1.000-10.56  2.41  4.23  0.00 -3.91 0.501  00  +1E08AM000  1.000
LYS+1A0118_029  1.000 -9.99  0.31  1.46  0.00 -8.23 0.501  00  +1E0A3M000  1.000
LYS+1A0118_030  1.000 -7.60  0.53  2.09  0.00 -4.98 0.502  00  +1E0E5M000  1.000
LYS+1A0118_031  1.000-10.34  4.25  1.49  0.00 -4.60 0.502  00  +1E0E8M000  1.000
LYS+1A0118_032  1.000-10.92  2.43  4.21  0.00 -4.27 0.502  00  +1E0EEM000  1.000
LYS+1A0118_033  1.000 -9.95  0.54  4.30  0.00 -5.11 0.502  00  +1E0FEM000  1.000
LYS+1A0118_034  1.000 -6.84  0.49  2.06  0.00 -4.29 0.502  00  +1E11BM000  1.000
LYS+1A0118_035  1.000 -7.94  0.35  2.11  0.00 -5.48 0.502  00  +1T038M000  1.000
LYS+1A0118_036  1.000-10.72  1.72  3.58  0.00 -5.41 0.501  00  +1T063M000  1.000
LYS+1A0118_037  1.000-11.93  1.33  3.73  0.00 -6.88 0.501  00  +1T082M000  1.000
LYS+1A0118_038  1.000-12.36  3.64  6.38  0.00 -2.34 0.501  00  +1T08FM000  1.000
LYS+1A0118_039  1.000 -9.92  1.15  1.57  0.00 -7.20 0.501  00  +1T118M000  1.000
LYS+1A0118_040  1.000-10.50  2.09  6.61  0.00 -1.81 0.501  00  +1T136M000  1.000
