   confID        vdw0    sas     sum
LYS01A0118_001   0.589 -12.530 -11.941
LYS01A0118_002   1.238 -11.894 -10.656
LYS01A0118_003   1.824 -12.270 -10.446
LYS01A0118_004   0.917 -13.245 -12.328
LYS01A0118_005   4.962 -12.525  -7.563
LYS01A0118_006   2.036 -12.958 -10.922
LYS01A0118_007   2.166 -12.013  -9.847
LYS01A0118_008   5.148 -11.927  -6.778
LYS01A0118_009   1.268 -12.607 -11.340
LYS01A0118_010   4.211 -12.234  -8.023
LYS01A0118_011   1.283 -12.704 -11.422
LYS01A0118_012   4.204 -12.105  -7.902
LYS01A0118_013   0.921 -12.537 -11.616
LYS01A0118_014   0.998 -12.881 -11.883
LYS01A0118_015   2.015 -12.113 -10.098
LYS01A0118_016   2.008 -12.490 -10.482
LYS01A0118_017   2.345 -12.297  -9.953
LYS01A0118_018   2.073 -12.312 -10.240
LYS01A0118_019   2.390 -12.386  -9.995
LYS01A0118_020   2.183 -12.650 -10.466
LYS+1A0118_021   0.544 -12.530 -11.987
LYS+1A0118_022   1.223 -12.607 -11.384
LYS+1A0118_023   4.151 -12.234  -8.084
LYS+1A0118_024   1.229 -12.708 -11.478
LYS+1A0118_025   0.871 -12.537 -11.666
LYS+1A0118_026   1.772 -12.270 -10.498
LYS+1A0118_027   1.941 -12.113 -10.172
LYS+1A0118_028   1.931 -12.558 -10.626
LYS+1A0118_029   2.271 -12.259  -9.988
LYS+1A0118_030   4.854 -12.457  -7.604
LYS+1A0118_031   2.010 -12.348 -10.338
LYS+1A0118_032   1.979 -12.958 -10.979
LYS+1A0118_033   2.314 -12.231  -9.918
LYS+1A0118_034   5.086 -11.927  -6.841
LYS+1A0118_035   4.149 -12.105  -7.957
LYS+1A0118_036   1.179 -11.962 -10.783
LYS+1A0118_037   0.948 -12.881 -11.934
LYS+1A0118_038   0.867 -13.193 -12.326
LYS+1A0118_039   2.098 -12.013  -9.915
LYS+1A0118_040   2.087 -12.598 -10.511
