iConf CONFORMER     FL  occ    crg   Em0  pKa0 ne nH    vdw0    vdw1    tors    epol   dsolv   extra    history
00001 LYS01A0169_001 f 0.00  0.000     0  0.00  0  0 -11.980   0.536   0.896  -0.007   0.060   0.000 01O000M000t
00002 LYS01A0169_002 f 0.00  0.000     0  0.00  0  0 -10.981   1.268   1.000  -0.036  -0.010   0.000 01E02EM000t
00003 LYS01A0169_003 f 0.00  0.000     0  0.00  0  0 -11.450   4.161   6.164  -0.005  -0.189   0.000 01E05DM000t
00004 LYS01A0169_004 f 0.00  0.000     0  0.00  0  0 -11.536   1.638   6.175  -0.010   0.066   0.000 01E06CM000t
00005 LYS01A0169_005 f 0.00  0.000     0  0.00  0  0 -10.460   0.627   1.509  -0.005   0.144   0.000 01E06EM000t
00006 LYS01A0169_006 f 0.00  0.000     0  0.00  0  0  -9.771   2.377   4.232  -0.003  -0.175   0.000 01E0C4M000t
00007 LYS01A0169_007 f 0.00  0.000     0  0.00  0  0  -9.137   0.213   1.552  -0.058   0.201   0.000 01E0E9M000t
00008 LYS01A0169_008 f 0.00  0.000     0  0.00  0  0 -10.461   1.604   4.320  -0.032   0.022   0.000 01E0F9M000t
00009 LYS01A0169_009 f 0.00  0.000     0  0.00  0  0  -9.250   1.341   4.322  -0.048   0.129   0.000 01E100M000t
00010 LYS01A0169_010 f 0.00  0.000     0  0.00  0  0  -6.551   2.354   2.144  -0.003  -0.003   0.000 01E109M000t
00011 LYS01A0169_011 f 0.00  0.000     0  0.00  0  0  -7.337   1.090   4.664  -0.015  -0.152   0.000 01E13AM000t
00012 LYS01A0169_012 f 0.00  0.000     0  0.00  0  0 -10.188   2.247   6.430   0.240   0.085   0.000 01E14FM000t
00013 LYS01A0169_013 f 0.00  0.000     0  0.00  0  0  -9.796   3.418   1.568   0.025   0.010   0.000 01T039M000t
00014 LYS01A0169_014 f 0.00  0.000     0  0.00  0  0 -11.816   0.547   3.444  -0.006  -0.207   0.000 01T055M000t
00015 LYS01A0169_015 f 0.00  0.000     0  0.00  0  0  -9.372   0.738   3.660  -0.018   0.075   0.000 01T0CEM000t
00016 LYS01A0169_016 f 0.00  0.000     0  0.00  0  0  -9.449   1.504   6.189  -0.010   0.008   0.000 01T0D7M000t
00017 LYS01A0169_017 f 0.00  0.000     0  0.00  0  0  -9.211   1.446   6.264  -0.028  -0.210   0.000 01T0D9M000t
00018 LYS01A0169_018 f 0.00  0.000     0  0.00  0  0  -9.769   1.893   4.321  -0.039  -0.004   0.000 01T0FEM000t
00019 LYS01A0169_019 f 0.00  0.000     0  0.00  0  0  -9.270   0.927   4.329  -0.050  -0.035   0.000 01T133M000t
00020 LYS01A0169_020 f 0.00  0.000     0  0.00  0  0 -10.612   2.118   4.252  -0.034  -0.067   0.000 01T14DM000t
00021 LYS+1A0169_021 f 0.00  1.000     0 10.40  0  1 -12.026   0.535   0.896   0.036  -0.384   0.000 +1O000M000t
00022 LYS+1A0169_022 f 0.00  1.000     0 10.40  0  1 -11.776   0.545   3.467   0.050  -0.390   0.000 +1E055M000t
00023 LYS+1A0169_023 f 0.00  1.000     0 10.40  0  1 -11.469   1.643   6.208   0.059  -0.209   0.000 +1E06CM000t
00024 LYS+1A0169_024 f 0.00  1.000     0 10.40  0  1 -10.530   0.625   1.511   0.102  -0.075   0.000 +1E06EM000t
00025 LYS+1A0169_025 f 0.00  1.000     0 10.40  0  1  -9.360   1.449   6.282   0.037  -0.266   0.000 +1E0D9M000t
00026 LYS+1A0169_026 f 0.00  1.000     0 10.40  0  1  -9.166   0.179   1.552   0.318   0.309   0.000 +1E0E9M000t
00027 LYS+1A0169_027 f 0.00  1.000     0 10.40  0  1  -6.679   2.345   2.144   0.030   0.193   0.000 +1E109M000t
00028 LYS+1A0169_028 f 0.00  1.000     0 10.40  0  1  -7.269   1.098   4.706   0.068  -0.219   0.000 +1E13AM000t
00029 LYS+1A0169_029 f 0.00  1.000     0 10.40  0  1 -11.043   1.275   1.003   0.201  -0.185   0.000 +1T02EM000t
00030 LYS+1A0169_030 f 0.00  1.000     0 10.40  0  1  -9.875   3.484   1.570  -0.069  -0.072   0.000 +1T039M000t
00031 LYS+1A0169_031 f 0.00  1.000     0 10.40  0  1 -11.631   4.176   6.198  -0.012  -0.311   0.000 +1T05DM000t
00032 LYS+1A0169_032 f 0.00  1.000     0 10.40  0  1  -9.756   2.388   4.244  -0.019  -0.554   0.000 +1T0C4M000t
00033 LYS+1A0169_033 f 0.00  1.000     0 10.40  0  1  -9.238   0.743   3.673   0.023  -0.175   0.000 +1T0CEM000t
00034 LYS+1A0169_034 f 0.00  1.000     0 10.40  0  1  -9.652   1.503   6.195   0.066  -0.180   0.000 +1T0D7M000t
00035 LYS+1A0169_035 f 0.00  1.000     0 10.40  0  1 -10.505   1.561   4.333   0.155  -0.186   0.000 +1T0F9M000t
00036 LYS+1A0169_036 f 0.00  1.000     0 10.40  0  1  -9.833   1.981   4.328   0.121  -0.133   0.000 +1T0FEM000t
00037 LYS+1A0169_037 f 0.00  1.000     0 10.40  0  1  -9.422   1.333   4.332   0.025   0.052   0.000 +1T100M000t
00038 LYS+1A0169_038 f 0.00  1.000     0 10.40  0  1  -9.406   0.912   4.339   0.216   0.139   0.000 +1T133M000t
00039 LYS+1A0169_039 f 0.00  1.000     0 10.40  0  1 -10.631   2.118   4.253   0.173  -0.145   0.000 +1T14DM000t
00040 LYS+1A0169_040 f 0.00  1.000     0 10.40  0  1 -10.205   2.208   6.440   0.666   0.310   0.000 +1T14FM000t
