CONFORMER         crg  vdw0  vdw1  tors  epol  self   occ  Hb     history    ASA
LYS01A0169_001  0.000-11.98  0.43  0.90  0.00-10.65 0.502  00  01O000M000  1.000
LYS01A0169_002  0.000-10.98  1.22  1.00  0.00 -8.76 0.501  00  01E02EM000  1.000
LYS01A0169_003  0.000-11.45  4.12  6.16  0.00 -1.17 0.501  00  01E05DM000  1.000
LYS01A0169_004  0.000-11.50  1.59  6.17  0.00 -3.74 0.502  00  01E06CM000  1.000
LYS01A0169_005  0.000-10.46  0.58  1.51  0.00 -8.37 0.501  00  01E06EM000  1.000
LYS01A0169_006  0.000 -9.77  2.33  4.23  0.00 -3.21 0.502  00  01E0C4M000  1.000
LYS01A0169_007  0.000 -9.14  0.16  1.55  0.00 -7.42 0.501  00  01E0E9M000  1.000
LYS01A0169_008  0.000-10.46  1.55  4.32  0.00 -4.59 0.502  00  01E0F9M000  1.000
LYS01A0169_009  0.000 -9.24  1.29  4.32  0.00 -3.63 0.502  00  01E100M000  1.000
LYS01A0169_010  0.000 -6.55  2.35  2.14  0.00 -2.06 0.501  00  01E109M000  1.000
LYS01A0169_011  0.000 -7.33  1.02  4.66  0.00 -1.65 0.501  00  01E13AM000  1.000
LYS01A0169_012  0.000-10.19  2.25  6.43  0.00 -1.51 0.501  00  01E14FM000  1.000
LYS01A0169_013  0.000 -9.80  3.41  1.57  0.00 -4.82 0.501  00  01T039M000  1.000
LYS01A0169_014  0.000-11.81  0.44  3.44  0.00 -7.93 0.502  00  01T055M000  1.000
LYS01A0169_015  0.000 -9.37  0.62  3.66  0.00 -5.09 0.502  00  01T0CEM000  1.000
LYS01A0169_016  0.000 -9.45  1.45  6.19  0.00 -1.81 0.502  00  01T0D7M000  1.000
LYS01A0169_017  0.000 -9.21  1.39  6.26  0.00 -1.56 0.501  00  01T0D9M000  1.000
LYS01A0169_018  0.000 -9.77  1.84  4.32  0.00 -3.60 0.501  00  01T0FEM000  1.000
LYS01A0169_019  0.000 -9.27  0.86  4.33  0.00 -4.08 0.500  00  01T133M000  1.000
LYS01A0169_020  0.000-10.61  2.12  4.25  0.00 -4.24 0.501  00  01T14DM000  1.000
LYS+1A0169_021  1.000-12.02  0.43  0.90  0.00-10.70 0.502  00  +1O000M000  1.000
LYS+1A0169_022  1.000-11.78  0.44  3.47  0.00 -7.87 0.502  00  +1E055M000  1.000
LYS+1A0169_023  1.000-11.47  1.59  6.21  0.00 -3.67 0.502  00  +1E06CM000  1.000
LYS+1A0169_024  1.000-10.53  0.58  1.51  0.00 -8.45 0.501  00  +1E06EM000  1.000
LYS+1A0169_025  1.000 -9.36  1.39  6.28  0.00 -1.69 0.501  00  +1E0D9M000  1.000
LYS+1A0169_026  1.000 -9.17  0.13  1.55  0.00 -7.48 0.501  00  +1E0E9M000  1.000
LYS+1A0169_027  1.000 -6.69  2.35  2.14  0.00 -2.20 0.501  00  +1E109M000  1.000
LYS+1A0169_028  1.000 -7.28  1.03  4.71  0.00 -1.54 0.501  00  +1E13AM000  1.000
LYS+1A0169_029  1.000-11.04  1.23  1.00  0.00 -8.81 0.501  00  +1T02EM000  1.000
LYS+1A0169_030  1.000 -9.88  3.48  1.57  0.00 -4.83 0.501  00  +1T039M000  1.000
LYS+1A0169_031  1.000-11.63  4.12  6.20  0.00 -1.31 0.501  00  +1T05DM000  1.000
LYS+1A0169_032  1.000 -9.75  2.33  4.24  0.00 -3.17 0.502  00  +1T0C4M000  1.000
LYS+1A0169_033  1.000 -9.24  0.62  3.67  0.00 -4.94 0.502  00  +1T0CEM000  1.000
LYS+1A0169_034  1.000 -9.65  1.45  6.20  0.00 -2.01 0.502  00  +1T0D7M000  1.000
LYS+1A0169_035  1.000-10.50  1.51  4.33  0.00 -4.66 0.502  00  +1T0F9M000  1.000
LYS+1A0169_036  1.000 -9.83  1.93  4.33  0.00 -3.58 0.501  00  +1T0FEM000  1.000
LYS+1A0169_037  1.000 -9.42  1.28  4.33  0.00 -3.81 0.502  00  +1T100M000  1.000
LYS+1A0169_038  1.000 -9.40  0.84  4.34  0.00 -4.22 0.500  00  +1T133M000  1.000
LYS+1A0169_039  1.000-10.63  2.12  4.25  0.00 -4.26 0.501  00  +1T14DM000  1.000
LYS+1A0169_040  1.000-10.21  2.21  6.44  0.00 -1.56 0.501  00  +1T14FM000  1.000
