iConf CONFORMER     FL  occ    crg   Em0  pKa0 ne nH    vdw0    vdw1    tors    epol   dsolv   extra    history
00001 MET01A0088_001 f 0.00  0.000     0  0.00  0  0 -12.177   0.484   1.092   0.009   0.044   0.000 01O000M000t
00002 MET01A0088_002 f 0.00  0.000     0  0.00  0  0 -11.378   0.340   3.782   0.024   0.042   0.000 01R006M000t
00003 MET01A0088_003 f 0.00  0.000     0  0.00  0  0 -10.867   0.274   3.781   0.029   0.040   0.000 01R00AM000t
00004 MET01A0088_004 f 0.00  0.000     0  0.00  0  0 -11.875   0.053   1.094   0.080   0.042   0.000 01R00EM000t
00005 MET01A0088_005 f 0.00  0.000     0  0.00  0  0 -11.783   0.912   3.884  -0.011   0.044   0.000 01R01CM000t
00006 MET01A0088_006 f 0.00  0.000     0  0.00  0  0 -12.143   0.326   1.027   0.033   0.043   0.000 01R020M000t
00007 MET01A0088_007 f 0.00  0.000     0  0.00  0  0 -11.516   0.226   1.093   0.033   0.043   0.000 01R021M000t
00008 MET01A0088_008 f 0.00  0.000     0  0.00  0  0 -11.915   3.537   3.125   0.011   0.043   0.000 01R027M000t
00009 MET01A0088_009 f 0.00  0.000     0  0.00  0  0 -11.137   0.077   3.718   0.012   0.044   0.000 01R02AM000t
00010 MET01A0088_010 f 0.00  0.000     0  0.00  0  0 -10.992   0.389   3.783   0.034   0.041   0.000 01R032M000t
00011 MET01A0088_011 f 0.00  0.000     0  0.00  0  0 -12.167   0.770   1.030   0.027   0.044   0.000 01R037M000t
00012 MET01A0088_012 f 0.00  0.000     0  0.00  0  0 -11.263   0.348   3.719   0.072   0.042   0.000 01R03BM000t
00013 MET01A0088_013 f 0.00  0.000     0  0.00  0  0 -11.506  -0.026   1.028   0.082   0.043   0.000 01R03FM000t
00014 MET01A0088_014 f 0.00  0.000     0  0.00  0  0 -11.354   0.253   3.784   0.068   0.043   0.000 01R041M000t
00015 MET01A0088_015 f 0.00  0.000     0  0.00  0  0 -11.886   1.573   3.818   0.015   0.044   0.000 01R043M000t
00016 MET01A0088_016 f 0.00  0.000     0  0.00  0  0 -11.749   0.720   3.884   0.042   0.042   0.000 01R049M000t
00017 MET01A0088_017 f 0.00  0.000     0  0.00  0  0 -11.614   0.742   3.820   0.047   0.042   0.000 01R04BM000t
00018 MET01A0088_018 f 0.00  0.000     0  0.00  0  0 -11.706   1.317   6.509   0.030   0.041   0.000 01R04CM000t
00019 MET01A0088_019 f 0.00  0.000     0  0.00  0  0 -12.098   3.846   3.449   0.019   0.041   0.000 01T007M000t
00020 MET01A0088_020 f 0.00  0.000     0  0.00  0  0 -11.501   3.204   3.711   0.062   0.041   0.000 01T01EM000t
