CONFORMER         crg  vdw0  vdw1  tors  epol  self   occ  Hb     history    ASA
MET01A0088_001  0.000-12.18  0.49  1.09  0.00-10.60 0.506  00  01O000M000  1.000
MET01A0088_002  0.000-11.38  0.34  3.78  0.00 -7.26 0.506  00  01R006M000  1.000
MET01A0088_003  0.000-10.87  0.27  3.78  0.00 -6.81 0.505  00  01R00AM000  1.000
MET01A0088_004  0.000-11.94 -0.02  1.09  0.00-10.87 0.507  00  01R00EM000  1.000
MET01A0088_005  0.000-11.78  0.91  3.88  0.00 -6.99 0.507  00  01R01CM000  1.000
MET01A0088_006  0.000-12.14  0.25  1.03  0.00-10.86 0.506  00  01R020M000  1.000
MET01A0088_007  0.000-11.52  0.15  1.09  0.00-10.27 0.505  00  01R021M000  1.000
MET01A0088_008  0.000-11.97  3.46  3.12  0.00 -5.39 0.507  00  01R027M000  1.000
MET01A0088_009  0.000-11.13  0.08  3.72  0.00 -7.34 0.508  00  01R02AM000  1.000
MET01A0088_010  0.000-10.99  0.39  3.78  0.00 -6.82 0.506  00  01R032M000  1.000
MET01A0088_011  0.000-12.21  0.77  1.03  0.00-10.41 0.506  00  01R037M000  1.000
MET01A0088_012  0.000-11.26  0.35  3.72  0.00 -7.19 0.506  00  01R03BM000  1.000
MET01A0088_013  0.000-11.51 -0.10  1.03  0.00-10.58 0.506  00  01R03FM000  1.000
MET01A0088_014  0.000-11.42  0.26  3.78  0.00 -7.38 0.505  00  01R041M000  1.000
MET01A0088_015  0.000-11.89  1.57  3.82  0.00 -6.49 0.505  00  01R043M000  1.000
MET01A0088_016  0.000-11.75  0.65  3.88  0.00 -7.22 0.507  00  01R049M000  1.000
MET01A0088_017  0.000-11.61  0.67  3.82  0.00 -7.13 0.506  00  01R04BM000  1.000
MET01A0088_018  0.000-11.71  1.32  6.51  0.00 -3.88 0.506  00  01R04CM000  1.000
MET01A0088_019  0.000-12.10  3.77  3.45  0.00 -4.87 0.506  00  01T007M000  1.000
MET01A0088_020  0.000-11.55  3.20  3.71  0.00 -4.63 0.507  00  01T01EM000  1.000
