   confID        vdw0    sas     sum
MET01A0088_001   0.094 -12.272 -12.177
MET01A0088_002   0.631 -12.009 -11.378
MET01A0088_003   0.633 -11.501 -10.867
MET01A0088_004   0.161 -12.036 -11.875
MET01A0088_005   0.069 -11.852 -11.783
MET01A0088_006   0.156 -12.299 -12.143
MET01A0088_007   0.143 -11.658 -11.516
MET01A0088_008   0.048 -11.963 -11.915
MET01A0088_009   0.621 -11.759 -11.137
MET01A0088_010   0.546 -11.538 -10.992
MET01A0088_011   0.033 -12.200 -12.167
MET01A0088_012   0.547 -11.810 -11.263
MET01A0088_013   0.127 -11.634 -11.506
MET01A0088_014   0.544 -11.898 -11.354
MET01A0088_015   0.035 -11.921 -11.886
MET01A0088_016   0.143 -11.892 -11.749
MET01A0088_017   0.127 -11.741 -11.614
MET01A0088_018   0.623 -12.330 -11.706
MET01A0088_019   0.065 -12.163 -12.098
MET01A0088_020   0.572 -12.073 -11.501
