CONFORMER         crg  vdw0  vdw1  tors  epol  self   occ  Hb     history    ASA
ARG01A0236_001  0.000-13.62  0.22  0.67  0.00-12.73 0.502  00  01O000M000  1.000
ARG01A0236_002  0.000-12.64  0.08  0.58  0.00-11.97 0.501  00  01E018M000  1.000
ARG01A0236_003  0.000-11.69  0.28  1.23  0.00-10.18 0.502  00  01E06BM000  1.000
ARG01A0236_004  0.000-11.92  1.37  1.31  0.00 -9.24 0.502  00  01E080M000  1.000
ARG01A0236_005  0.000-10.73  0.72  3.39  0.00 -6.62 0.501  00  01E0C6M000  1.000
ARG01A0236_006  0.000-11.62  0.67  2.82  0.00 -8.12 0.501  00  01E0CFM000  1.000
ARG01A0236_007  0.000 -9.10  0.18  4.05  0.00 -4.88 0.501  00  01E0DCM000  1.000
ARG01A0236_008  0.000-10.40 -0.08  1.27  0.00 -9.21 0.502  00  01E0EFM000  1.000
ARG01A0236_009  0.000-10.75  1.43  1.26  0.00 -8.05 0.501  00  01E106M000  1.000
ARG01A0236_010  0.000-13.69  3.15  2.98  0.00 -7.55 0.501  00  01T015M000  1.000
ARG01A0236_011  0.000-12.63  0.21  3.32  0.00 -9.10 0.502  00  01T01BM000  1.000
ARG01A0236_012  0.000-12.83  0.81  5.53  0.00 -6.49 0.502  00  01T02FM000  1.000
ARG01A0236_013  0.000-11.94  0.78  2.87  0.00 -8.29 0.501  00  01T068M000  1.000
ARG01A0236_014  0.000-12.69  0.86  2.85  0.00 -8.98 0.502  00  01T069M000  1.000
ARG01A0236_015  0.000-11.00  3.68  2.87  0.00 -4.45 0.502  00  01T0A5M000  1.000
ARG01A0236_016  0.000-10.54  0.54  0.60  0.00 -9.40 0.502  00  01T0AFM000  1.000
ARG01A0236_017  0.000-11.21  0.94  0.59  0.00 -9.69 0.502  00  01T0C4M000  1.000
ARG01A0236_018  0.000 -9.58 -0.08  4.03  0.00 -5.64 0.502  00  01T0DDM000  1.000
ARG01A0236_019  0.000-10.42  1.57  1.18  0.00 -7.67 0.501  00  01T0F9M000  1.000
ARG01A0236_020  0.000-11.47  2.28  5.82  0.00 -3.37 0.502  00  01T121M000  1.000
ARG02A0236_021  0.000-13.65  0.22  0.67  0.00-12.77 0.502  00  02O000M000  1.000
ARG02A0236_022  0.000-12.73  0.20  3.34  0.00 -9.19 0.502  00  02E01BM000  1.000
ARG02A0236_023  0.000-11.29  0.92  0.58  0.00 -9.79 0.502  00  02E0C4M000  1.000
ARG02A0236_024  0.000-10.52  0.69  3.35  0.00 -6.48 0.501  00  02E0C6M000  1.000
ARG02A0236_025  0.000-10.60  1.57  1.18  0.00 -7.84 0.501  00  02E0F9M000  1.000
ARG02A0236_026  0.000-11.31  0.29  1.21  0.00 -9.81 0.502  00  02E06BM000  1.000
ARG02A0236_027  0.000-10.63  0.55  0.60  0.00 -9.49 0.502  00  02E0AFM000  1.000
ARG02A0236_028  0.000-11.55  0.67  2.82  0.00 -8.06 0.501  00  02E0CFM000  1.000
ARG02A0236_029  0.000-11.38  2.29  5.82  0.00 -3.27 0.502  00  02E121M000  1.000
ARG02A0236_030  0.000-11.03  3.67  2.87  0.00 -4.49 0.502  00  02T0A5M000  1.000
ARG02A0236_031  0.000 -9.10 -0.05  4.01  0.00 -5.13 0.502  00  02T0DDM000  1.000
ARG02A0236_032  0.000-13.60  3.32  2.96  0.00 -7.31 0.501  00  02T015M000  1.000
ARG02A0236_033  0.000-11.82  1.55  1.26  0.00 -9.01 0.502  00  02T080M000  1.000
ARG02A0236_034  0.000-12.52  0.07  0.58  0.00-11.87 0.501  00  02T018M000  1.000
ARG02A0236_035  0.000-12.66  0.80  5.42  0.00 -6.44 0.502  00  02T02FM000  1.000
ARG02A0236_036  0.000-11.79  0.79  2.86  0.00 -8.14 0.501  00  02T068M000  1.000
ARG02A0236_037  0.000-12.68  0.86  2.85  0.00 -8.97 0.502  00  02T069M000  1.000
ARG02A0236_038  0.000 -9.06  0.18  4.00  0.00 -4.88 0.501  00  02T0DCM000  1.000
ARG02A0236_039  0.000-10.38 -0.10  1.27  0.00 -9.22 0.502  00  02T0EFM000  1.000
ARG02A0236_040  0.000-10.75  1.43  1.26  0.00 -8.06 0.501  00  02T106M000  1.000
ARG03A0236_041  0.000-10.44  1.57  1.18  0.00 -7.69 0.501  00  03E0F9M000  1.000
ARG03A0236_042  0.000-11.47  2.30  5.82  0.00 -3.35 0.502  00  03E121M000  1.000
ARG03A0236_043  0.000-13.65  0.22  0.67  0.00-12.77 0.502  00  03O000M000  1.000
ARG03A0236_044  0.000-12.71  0.07  0.58  0.00-12.05 0.501  00  03T018M000  1.000
ARG03A0236_045  0.000-12.79  0.86  2.85  0.00 -9.08 0.502  00  03T069M000  1.000
ARG03A0236_046  0.000-10.63  0.54  0.59  0.00 -9.50 0.502  00  03T0AFM000  1.000
ARG03A0236_047  0.000-11.60  0.67  2.82  0.00 -8.10 0.501  00  03T0CFM000  1.000
ARG03A0236_048  0.000-10.73  1.43  1.26  0.00 -8.03 0.501  00  03T106M000  1.000
ARG03A0236_049  0.000-12.77  0.80  5.41  0.00 -6.56 0.502  00  03T02FM000  1.000
ARG03A0236_050  0.000-11.41  0.28  1.22  0.00 -9.91 0.502  00  03T06BM000  1.000
ARG03A0236_051  0.000-11.23  0.92  0.58  0.00 -9.73 0.502  00  03T0C4M000  1.000
ARG03A0236_052  0.000-10.42 -0.11  1.27  0.00 -9.25 0.502  00  03T0EFM000  1.000
ARG03A0236_053  0.000-13.60  3.32  2.96  0.00 -7.32 0.501  00  03T015M000  1.000
ARG03A0236_054  0.000-11.91  0.78  2.86  0.00 -8.27 0.501  00  03T068M000  1.000
ARG03A0236_055  0.000 -9.04 -0.01  4.02  0.00 -5.03 0.502  00  03T0DDM000  1.000
ARG03A0236_056  0.000-12.67  0.20  3.32  0.00 -9.15 0.502  00  03T01BM000  1.000
ARG03A0236_057  0.000-11.82  1.55  1.26  0.00 -9.00 0.502  00  03T080M000  1.000
ARG03A0236_058  0.000-11.09  3.67  2.87  0.00 -4.55 0.502  00  03T0A5M000  1.000
ARG03A0236_059  0.000-10.54  0.68  3.36  0.00 -6.50 0.501  00  03T0C6M000  1.000
ARG03A0236_060  0.000 -9.09  0.18  4.01  0.00 -4.90 0.501  00  03T0DCM000  1.000
ARG+1A0236_061  1.000-13.70  0.22  0.67  0.00-12.81 0.502  00  +1O000M000  1.000
ARG+1A0236_062  1.000-12.83  0.20  3.33  0.00 -9.29 0.502  00  +1E01BM000  1.000
ARG+1A0236_063  1.000-11.91  0.78  2.86  0.00 -8.26 0.501  00  +1E068M000  1.000
ARG+1A0236_064  1.000-12.77  0.86  2.85  0.00 -9.06 0.502  00  +1E069M000  1.000
ARG+1A0236_065  1.000-11.64  0.67  2.83  0.00 -8.15 0.501  00  +1E0CFM000  1.000
ARG+1A0236_066  1.000 -9.08  0.18  4.01  0.00 -4.89 0.501  00  +1E0DCM000  1.000
ARG+1A0236_067  1.000 -9.17 -0.02  4.02  0.00 -5.17 0.502  00  +1E0DDM000  1.000
ARG+1A0236_068  1.000-13.64  3.34  2.96  0.00 -7.34 0.501  00  +1T015M000  1.000
ARG+1A0236_069  1.000-12.63  0.07  0.58  0.00-11.98 0.501  00  +1T018M000  1.000
ARG+1A0236_070  1.000-12.70  0.80  5.43  0.00 -6.46 0.502  00  +1T02FM000  1.000
ARG+1A0236_071  1.000-11.37  0.28  1.22  0.00 -9.87 0.502  00  +1T06BM000  1.000
ARG+1A0236_072  1.000-11.86  1.56  1.26  0.00 -9.04 0.502  00  +1T080M000  1.000
ARG+1A0236_073  1.000-11.18  3.67  2.87  0.00 -4.64 0.502  00  +1T0A5M000  1.000
ARG+1A0236_074  1.000-10.64  0.54  0.60  0.00 -9.51 0.502  00  +1T0AFM000  1.000
ARG+1A0236_075  1.000-11.33  0.92  0.58  0.00 -9.83 0.502  00  +1T0C4M000  1.000
ARG+1A0236_076  1.000-10.50  0.68  3.36  0.00 -6.46 0.501  00  +1T0C6M000  1.000
ARG+1A0236_077  1.000-10.40 -0.12  1.27  0.00 -9.25 0.502  00  +1T0EFM000  1.000
ARG+1A0236_078  1.000-10.50  1.57  1.18  0.00 -7.75 0.501  00  +1T0F9M000  1.000
ARG+1A0236_079  1.000-10.83  1.43  1.26  0.00 -8.14 0.501  00  +1T106M000  1.000
ARG+1A0236_080  1.000-11.52  2.29  5.82  0.00 -3.41 0.502  00  +1T121M000  1.000
