   confID        vdw0    sas     sum
ARG01A0236_001   1.224 -14.841 -13.617
ARG01A0236_002   1.972 -14.608 -12.636
ARG01A0236_003   2.510 -14.198 -11.688
ARG01A0236_004   2.618 -14.533 -11.915
ARG01A0236_005   3.016 -13.749 -10.732
ARG01A0236_006   2.593 -14.205 -11.612
ARG01A0236_007   5.131 -14.220  -9.088
ARG01A0236_008   3.715 -14.039 -10.324
ARG01A0236_009   3.682 -14.418 -10.736
ARG01A0236_010   1.104 -14.790 -13.686
ARG01A0236_011   2.169 -14.799 -12.630
ARG01A0236_012   2.085 -14.915 -12.830
ARG01A0236_013   2.277 -14.228 -11.950
ARG01A0236_014   2.170 -14.866 -12.697
ARG01A0236_015   3.386 -14.393 -11.007
ARG01A0236_016   3.294 -13.779 -10.485
ARG01A0236_017   3.003 -14.223 -11.220
ARG01A0236_018   4.537 -14.123  -9.586
ARG01A0236_019   3.507 -13.922 -10.415
ARG01A0236_020   2.670 -14.136 -11.466
ARG02A0236_021   1.186 -14.841 -13.655
ARG02A0236_022   2.129 -14.911 -12.783
ARG02A0236_023   2.931 -14.220 -11.289
ARG02A0236_024   3.098 -13.613 -10.516
ARG02A0236_025   3.400 -14.006 -10.605
ARG02A0236_026   2.781 -14.092 -11.311
ARG02A0236_027   3.257 -13.895 -10.638
ARG02A0236_028   2.592 -14.141 -11.550
ARG02A0236_029   2.761 -14.136 -11.375
ARG02A0236_030   3.323 -14.345 -11.022
ARG02A0236_031   4.655 -13.756  -9.101
ARG02A0236_032   1.044 -14.642 -13.598
ARG02A0236_033   2.713 -14.536 -11.823
ARG02A0236_034   1.972 -14.496 -12.524
ARG02A0236_035   2.155 -14.765 -12.610
ARG02A0236_036   2.308 -14.099 -11.791
ARG02A0236_037   2.187 -14.866 -12.679
ARG02A0236_038   5.146 -14.220  -9.073
ARG02A0236_039   3.716 -14.104 -10.388
ARG02A0236_040   3.673 -14.418 -10.745
ARG03A0236_041   3.477 -13.922 -10.445
ARG03A0236_042   2.665 -14.136 -11.471
ARG03A0236_043   1.185 -14.841 -13.656
ARG03A0236_044   1.906 -14.608 -12.702
ARG03A0236_045   2.132 -14.931 -12.798
ARG03A0236_046   3.265 -13.895 -10.630
ARG03A0236_047   2.543 -14.141 -11.598
ARG03A0236_048   3.617 -14.350 -10.733
ARG03A0236_049   2.087 -14.861 -12.774
ARG03A0236_050   2.748 -14.217 -11.469
ARG03A0236_051   2.930 -14.155 -11.226
ARG03A0236_052   3.683 -14.104 -10.421
ARG03A0236_053   1.036 -14.590 -13.554
ARG03A0236_054   2.314 -14.224 -11.910
ARG03A0236_055   4.716 -13.769  -9.053
ARG03A0236_056   2.136 -14.799 -12.663
ARG03A0236_057   2.718 -14.536 -11.818
ARG03A0236_058   3.321 -14.409 -11.088
ARG03A0236_059   3.140 -13.684 -10.545
ARG03A0236_060   5.141 -14.220  -9.078
ARG+1A0236_061   1.142 -14.841 -13.698
ARG+1A0236_062   2.085 -14.847 -12.762
ARG+1A0236_063   2.257 -14.160 -11.903
ARG+1A0236_064   2.099 -14.866 -12.767
ARG+1A0236_065   2.503 -14.141 -11.638
ARG+1A0236_066   5.086 -14.155  -9.069
ARG+1A0236_067   4.638 -13.817  -9.179
ARG+1A0236_068   1.000 -14.642 -13.642
ARG+1A0236_069   1.867 -14.496 -12.629
ARG+1A0236_070   2.048 -14.748 -12.700
ARG+1A0236_071   2.712 -14.089 -11.377
ARG+1A0236_072   2.683 -14.536 -11.853
ARG+1A0236_073   3.270 -14.457 -11.187
ARG+1A0236_074   3.203 -13.844 -10.641
ARG+1A0236_075   2.884 -14.220 -11.336
ARG+1A0236_076   3.115 -13.617 -10.502
ARG+1A0236_077   3.638 -14.039 -10.402
ARG+1A0236_078   3.418 -13.922 -10.504
ARG+1A0236_079   3.582 -14.418 -10.836
ARG+1A0236_080   2.619 -14.136 -11.517
