CONFORMER         crg  vdw0  vdw1  tors  epol  self   occ  Hb     history    ASA
LYS01A0012_001  0.000-12.20  0.32  0.88  0.00-11.00 0.501  00  01O000M000  1.000
LYS01A0012_002  0.000 -5.24  0.16  0.80  0.00 -4.28 0.501  00  01E014M000  1.000
LYS01A0012_003  0.000 -9.10  1.18  2.11  0.00 -5.81 0.502  00  01E04BM000  1.000
LYS01A0012_004  0.000-10.50  1.81  4.25  0.00 -4.43 0.502  00  01E04EM000  1.000
LYS01A0012_005  0.000-12.00  2.09  4.21  0.00 -5.71 0.501  00  01E052M000  1.000
LYS01A0012_006  0.000-10.72  0.94  4.27  0.00 -5.50 0.501  00  01E08EM000  1.000
LYS01A0012_007  0.000-11.29  2.73  3.61  0.00 -4.95 0.501  00  01E0A3M000  1.000
LYS01A0012_008  0.000 -9.76  1.49  3.71  0.00 -4.56 0.501  00  01E0C4M000  1.000
LYS01A0012_009  0.000 -8.11  2.00  2.15  0.00 -3.95 0.501  00  01E112M000  1.000
LYS01A0012_010  0.000 -9.84  1.99  4.28  0.00 -3.57 0.501  00  01E115M000  1.000
LYS01A0012_011  0.000 -9.49  0.69  4.30  0.00 -4.50 0.501  00  01E12FM000  1.000
LYS01A0012_012  0.000-10.72  1.67  4.24  0.00 -4.82 0.502  00  01E13CM000  1.000
LYS01A0012_013  0.000 -8.15  1.00  4.89  0.00 -2.25 0.502  00  01E140M000  1.000
LYS01A0012_014  0.000-12.52  2.81  3.61  0.00 -6.10 0.502  00  01T010M000  1.000
LYS01A0012_015  0.000-11.14  0.52  4.19  0.00 -6.42 0.501  00  01T081M000  1.000
LYS01A0012_016  0.000-11.19  2.23  6.90  0.00 -2.06 0.501  00  01T0A8M000  1.000
LYS01A0012_017  0.000 -8.31  0.69  4.88  0.00 -2.75 0.501  00  01T0EAM000  1.000
LYS01A0012_018  0.000-10.84  2.34  4.33  0.00 -4.17 0.501  00  01T0F8M000  1.000
LYS01A0012_019  0.000-10.13  2.10  4.20  0.00 -3.84 0.502  00  01T155M000  1.000
LYS01A0012_020  0.000-10.72  1.89  7.03  0.00 -1.80 0.502  00  01T163M000  1.000
LYS+1A0012_021  1.000-12.24  0.32  0.88  0.00-11.05 0.501  00  +1O000M000  1.000
LYS+1A0012_022  1.000-12.71  2.83  3.62  0.00 -6.26 0.502  00  +1E010M000  1.000
LYS+1A0012_023  1.000 -5.29  0.16  0.80  0.00 -4.32 0.501  00  +1E014M000  1.000
LYS+1A0012_024  1.000 -9.20  1.18  2.11  0.00 -5.90 0.502  00  +1E04BM000  1.000
LYS+1A0012_025  1.000-11.29  0.51  4.22  0.00 -6.56 0.501  00  +1E081M000  1.000
LYS+1A0012_026  1.000-10.83  0.95  4.28  0.00 -5.60 0.501  00  +1E08EM000  1.000
LYS+1A0012_027  1.000 -8.37  0.69  4.88  0.00 -2.80 0.501  00  +1E0EAM000  1.000
LYS+1A0012_028  1.000 -8.16  2.00  2.15  0.00 -4.02 0.501  00  +1E112M000  1.000
LYS+1A0012_029  1.000-10.84  1.70  4.26  0.00 -4.88 0.502  00  +1E13CM000  1.000
LYS+1A0012_030  1.000-10.33  2.07  4.21  0.00 -4.05 0.502  00  +1E155M000  1.000
LYS+1A0012_031  1.000-10.63  1.81  4.26  0.00 -4.56 0.502  00  +1T04EM000  1.000
LYS+1A0012_032  1.000-12.05  2.09  4.21  0.00 -5.75 0.501  00  +1T052M000  1.000
LYS+1A0012_033  1.000-11.31  2.72  3.61  0.00 -4.98 0.501  00  +1T0A3M000  1.000
LYS+1A0012_034  1.000-11.31  2.23  6.92  0.00 -2.16 0.501  00  +1T0A8M000  1.000
LYS+1A0012_035  1.000 -9.81  1.49  3.71  0.00 -4.62 0.501  00  +1T0C4M000  1.000
LYS+1A0012_036  1.000-10.88  2.32  4.33  0.00 -4.23 0.501  00  +1T0F8M000  1.000
LYS+1A0012_037  1.000 -9.89  2.00  4.28  0.00 -3.61 0.501  00  +1T115M000  1.000
LYS+1A0012_038  1.000 -9.44  0.70  4.32  0.00 -4.42 0.501  00  +1T12FM000  1.000
LYS+1A0012_039  1.000 -8.07  0.99  4.90  0.00 -2.18 0.502  00  +1T140M000  1.000
LYS+1A0012_040  1.000-10.77  1.88  7.04  0.00 -1.86 0.502  00  +1T163M000  1.000
