iConf CONFORMER     FL  occ    crg   Em0  pKa0 ne nH    vdw0    vdw1    tors    epol   dsolv   extra    history
00001 LYS01A0012_001 f 0.00  0.000     0  0.00  0  0 -12.144   0.424   0.875  -0.008  -0.079   0.000 01O000M000t
00002 LYS01A0012_002 f 0.00  0.000     0  0.00  0  0  -5.255   0.265   0.803  -0.013  -0.074   0.000 01E014M000t
00003 LYS01A0012_003 f 0.00  0.000     0  0.00  0  0  -9.110   1.244   2.112  -0.012   0.012   0.000 01E04BM000t
00004 LYS01A0012_004 f 0.00  0.000     0  0.00  0  0 -10.495   1.816   4.252  -0.065  -0.069   0.000 01E04EM000t
00005 LYS01A0012_005 f 0.00  0.000     0  0.00  0  0 -12.004   2.088   4.210  -0.052   0.017   0.000 01E052M000t
00006 LYS01A0012_006 f 0.00  0.000     0  0.00  0  0 -10.716   1.007   4.274  -0.021  -0.071   0.000 01E08EM000t
00007 LYS01A0012_007 f 0.00  0.000     0  0.00  0  0 -11.225   2.729   3.610  -0.021   0.085   0.000 01E0A3M000t
00008 LYS01A0012_008 f 0.00  0.000     0  0.00  0  0  -9.752   1.541   3.708  -0.010  -0.066   0.000 01E0C4M000t
00009 LYS01A0012_009 f 0.00  0.000     0  0.00  0  0  -8.100   2.004   2.147  -0.010  -0.073   0.000 01E112M000t
00010 LYS01A0012_010 f 0.00  0.000     0  0.00  0  0  -9.829   1.988   4.279  -0.012   0.072   0.000 01E115M000t
00011 LYS01A0012_011 f 0.00  0.000     0  0.00  0  0  -9.428   0.761   4.304  -0.047   0.056   0.000 01E12FM000t
00012 LYS01A0012_012 f 0.00  0.000     0  0.00  0  0 -10.729   1.739   4.235  -0.030  -0.128   0.000 01E13CM000t
00013 LYS01A0012_013 f 0.00  0.000     0  0.00  0  0  -8.142   1.068   4.894  -0.033  -0.185   0.000 01E140M000t
00014 LYS01A0012_014 f 0.00  0.000     0  0.00  0  0 -12.525   2.817   3.614  -0.017  -0.010   0.000 01T010M000t
00015 LYS01A0012_015 f 0.00  0.000     0  0.00  0  0 -11.139   0.570   4.193  -0.015   0.085   0.000 01T081M000t
00016 LYS01A0012_016 f 0.00  0.000     0  0.00  0  0 -11.189   2.239   6.900  -0.012   0.011   0.000 01T0A8M000t
00017 LYS01A0012_017 f 0.00  0.000     0  0.00  0  0  -8.368   0.737   4.877  -0.008  -0.006   0.000 01T0EAM000t
00018 LYS01A0012_018 f 0.00  0.000     0  0.00  0  0 -10.840   2.386   4.327  -0.015  -0.054   0.000 01T0F8M000t
00019 LYS01A0012_019 f 0.00  0.000     0  0.00  0  0 -10.134   2.096   4.199  -0.058   0.125   0.000 01T155M000t
00020 LYS01A0012_020 f 0.00  0.000     0  0.00  0  0 -10.656   1.888   7.034  -0.018  -0.071   0.000 01T163M000t
00021 LYS+1A0012_021 f 0.00  1.000     0 10.40  0  1 -12.189   0.423   0.875   0.043  -0.228   0.000 +1O000M000t
00022 LYS+1A0012_022 f 0.00  1.000     0 10.40  0  1 -12.711   2.842   3.617   0.103  -0.232   0.000 +1E010M000t
00023 LYS+1A0012_023 f 0.00  1.000     0 10.40  0  1  -5.302   0.265   0.803   0.067  -0.232   0.000 +1E014M000t
00024 LYS+1A0012_024 f 0.00  1.000     0 10.40  0  1  -9.210   1.251   2.112   0.069  -0.216   0.000 +1E04BM000t
00025 LYS+1A0012_025 f 0.00  1.000     0 10.40  0  1 -11.291   0.561   4.218   0.078  -0.121   0.000 +1E081M000t
00026 LYS+1A0012_026 f 0.00  1.000     0 10.40  0  1 -10.827   1.021   4.285   0.069  -0.179   0.000 +1E08EM000t
00027 LYS+1A0012_027 f 0.00  1.000     0 10.40  0  1  -8.387   0.738   4.881   0.063  -0.318   0.000 +1E0EAM000t
00028 LYS+1A0012_028 f 0.00  1.000     0 10.40  0  1  -8.159   1.995   2.146  -0.028   0.024   0.000 +1E112M000t
00029 LYS+1A0012_029 f 0.00  1.000     0 10.40  0  1 -10.842   1.765   4.259   0.132  -0.144   0.000 +1E13CM000t
00030 LYS+1A0012_030 f 0.00  1.000     0 10.40  0  1 -10.324   2.076   4.206   0.166   0.205   0.000 +1E155M000t
00031 LYS+1A0012_031 f 0.00  1.000     0 10.40  0  1 -10.630   1.816   4.256   0.278  -0.290   0.000 +1T04EM000t
00032 LYS+1A0012_032 f 0.00  1.000     0 10.40  0  1 -12.048   2.094   4.210   0.238  -0.137   0.000 +1T052M000t
00033 LYS+1A0012_033 f 0.00  1.000     0 10.40  0  1 -11.312   2.722   3.609   0.144  -0.234   0.000 +1T0A3M000t
00034 LYS+1A0012_034 f 0.00  1.000     0 10.40  0  1 -11.310   2.230   6.918   0.089  -0.218   0.000 +1T0A8M000t
00035 LYS+1A0012_035 f 0.00  1.000     0 10.40  0  1  -9.816   1.535   3.709   0.083  -0.009   0.000 +1T0C4M000t
00036 LYS+1A0012_036 f 0.00  1.000     0 10.40  0  1 -10.891   2.370   4.331   0.094  -0.245   0.000 +1T0F8M000t
00037 LYS+1A0012_037 f 0.00  1.000     0 10.40  0  1  -9.886   1.991   4.281   0.040  -0.253   0.000 +1T115M000t
00038 LYS+1A0012_038 f 0.00  1.000     0 10.40  0  1  -9.442   0.769   4.321   0.026  -0.097   0.000 +1T12FM000t
00039 LYS+1A0012_039 f 0.00  1.000     0 10.40  0  1  -8.057   1.059   4.895   0.176  -0.140   0.000 +1T140M000t
00040 LYS+1A0012_040 f 0.00  1.000     0 10.40  0  1 -10.767   1.884   7.036   0.109  -0.140   0.000 +1T163M000t
