   confID        vdw0    sas     sum
LYS01A0012_001   0.483 -12.627 -12.144
LYS01A0012_002   6.758 -12.012  -5.255
LYS01A0012_003   3.639 -12.749  -9.110
LYS01A0012_004   1.910 -12.405 -10.495
LYS01A0012_005   1.332 -13.335 -12.004
LYS01A0012_006   1.567 -12.283 -10.716
LYS01A0012_007   1.213 -12.438 -11.225
LYS01A0012_008   2.177 -11.929  -9.752
LYS01A0012_009   4.445 -12.544  -8.100
LYS01A0012_010   2.540 -12.370  -9.829
LYS01A0012_011   2.762 -12.190  -9.428
LYS01A0012_012   2.140 -12.869 -10.729
LYS01A0012_013   4.447 -12.589  -8.142
LYS01A0012_014   0.372 -12.897 -12.525
LYS01A0012_015   1.556 -12.695 -11.139
LYS01A0012_016   1.570 -12.759 -11.189
LYS01A0012_017   4.474 -12.843  -8.368
LYS01A0012_018   2.154 -12.994 -10.840
LYS01A0012_019   2.131 -12.265 -10.134
LYS01A0012_020   2.129 -12.785 -10.656
LYS+1A0012_021   0.438 -12.627 -12.189
LYS+1A0012_022   0.328 -13.039 -12.711
LYS+1A0012_023   6.710 -12.012  -5.302
LYS+1A0012_024   3.591 -12.801  -9.210
LYS+1A0012_025   1.507 -12.798 -11.291
LYS+1A0012_026   1.520 -12.347 -10.827
LYS+1A0012_027   4.404 -12.791  -8.387
LYS+1A0012_028   4.386 -12.544  -8.159
LYS+1A0012_029   2.094 -12.936 -10.842
LYS+1A0012_030   2.044 -12.368 -10.324
LYS+1A0012_031   1.852 -12.482 -10.630
LYS+1A0012_032   1.287 -13.335 -12.048
LYS+1A0012_033   1.139 -12.451 -11.312
LYS+1A0012_034   1.517 -12.827 -11.310
LYS+1A0012_035   2.113 -11.929  -9.816
LYS+1A0012_036   2.103 -12.994 -10.891
LYS+1A0012_037   2.484 -12.370  -9.886
LYS+1A0012_038   2.642 -12.084  -9.442
LYS+1A0012_039   4.413 -12.470  -8.057
LYS+1A0012_040   2.086 -12.853 -10.767
