CONFORMER         crg  vdw0  vdw1  tors  epol  self   occ  Hb     history    ASA
LYS01A0131_001  0.000 -8.00  4.20  0.95  0.00 -2.85 0.503  00  01O000M000  1.000
LYS01A0131_002  0.000 -7.79  1.94  1.51  0.00 -4.35 0.503  00  01E004M000  1.000
LYS01A0131_003  0.000 -6.54  1.21  2.07  0.00 -3.25 0.503  00  01E009M000  1.000
LYS01A0131_004  0.000 -9.80  1.10  1.44  0.00 -7.26 0.502  00  01E00AM000  1.000
LYS01A0131_005  0.000 -8.76  2.41  4.23  0.00 -2.12 0.503  00  01E013M000  1.000
LYS01A0131_006  0.000-10.03  5.50  3.61  0.00 -0.92 0.503  00  01E01EM000  1.000
LYS01A0131_007  0.000 -9.09  2.09  4.31  0.00 -2.70 0.503  00  01E032M000  1.000
LYS01A0131_008  0.000 -7.06  1.18  4.87  0.00 -1.01 0.504  00  01E040M000  1.000
LYS01A0131_009  0.000 -6.43  1.13  2.07  0.00 -3.23 0.503  00  01E041M000  1.000
LYS01A0131_010  0.000 -9.19  1.84  4.32  0.00 -3.03 0.503  00  01E04CM000  1.000
LYS01A0131_011  0.000 -9.19  1.33  1.43  0.00 -6.43 0.503  00  01E099M000  1.000
LYS01A0131_012  0.000 -9.38  1.99  4.31  0.00 -3.08 0.502  00  01E0A9M000  1.000
LYS01A0131_013  0.000 -9.48  0.66  3.68  0.00 -5.14 0.503  00  01T024M000  1.000
LYS01A0131_014  0.000 -8.97  0.62  3.68  0.00 -4.66 0.502  00  01T026M000  1.000
LYS01A0131_015  0.000-11.37  0.78  3.60  0.00 -6.99 0.503  00  01T052M000  1.000
LYS01A0131_016  0.000 -6.83  1.08  4.87  0.00 -0.88 0.503  00  01T05EM000  1.000
LYS01A0131_017  0.000 -7.54  1.18  1.51  0.00 -4.85 0.502  00  01T06CM000  1.000
LYS01A0131_018  0.000 -6.48  2.01  2.07  0.00 -2.39 0.503  00  01T084M000  1.000
LYS01A0131_019  0.000 -7.64  1.77  2.07  0.00 -3.80 0.503  00  01T08AM000  1.000
LYS01A0131_020  0.000-11.71  5.58  3.60  0.00 -2.52 0.503  00  01T0ACM000  1.000
LYS+1A0131_021  1.000 -8.10  4.19  0.95  0.00 -2.95 0.503  00  +1O000M000  1.000
LYS+1A0131_022  1.000 -7.88  1.93  1.51  0.00 -4.44 0.503  00  +1E004M000  1.000
LYS+1A0131_023  1.000 -9.78  1.10  1.44  0.00 -7.24 0.502  00  +1E00AM000  1.000
LYS+1A0131_024  1.000 -8.81  2.41  4.23  0.00 -2.17 0.503  00  +1E013M000  1.000
LYS+1A0131_025  1.000 -9.34  0.66  3.67  0.00 -5.01 0.503  00  +1E024M000  1.000
LYS+1A0131_026  1.000 -8.98  0.62  3.68  0.00 -4.69 0.502  00  +1E026M000  1.000
LYS+1A0131_027  1.000 -7.06  1.18  4.87  0.00 -1.01 0.504  00  +1E040M000  1.000
LYS+1A0131_028  1.000 -6.57  1.12  2.07  0.00 -3.37 0.503  00  +1E041M000  1.000
LYS+1A0131_029  1.000-11.43  0.78  3.60  0.00 -7.05 0.503  00  +1E052M000  1.000
LYS+1A0131_030  1.000 -6.86  1.07  4.87  0.00 -0.91 0.503  00  +1E05EM000  1.000
LYS+1A0131_031  1.000 -7.57  1.18  1.51  0.00 -4.88 0.502  00  +1E06CM000  1.000
LYS+1A0131_032  1.000 -6.59  2.01  2.07  0.00 -2.51 0.503  00  +1E084M000  1.000
LYS+1A0131_033  1.000 -7.70  1.77  2.07  0.00 -3.86 0.503  00  +1E08AM000  1.000
LYS+1A0131_034  1.000 -9.23  1.32  1.43  0.00 -6.47 0.503  00  +1E099M000  1.000
LYS+1A0131_035  1.000-11.76  5.58  3.60  0.00 -2.57 0.503  00  +1E0ACM000  1.000
LYS+1A0131_036  1.000 -6.54  1.21  2.07  0.00 -3.26 0.503  00  +1T009M000  1.000
LYS+1A0131_037  1.000-10.09  5.50  3.60  0.00 -0.99 0.503  00  +1T01EM000  1.000
LYS+1A0131_038  1.000 -9.14  2.08  4.31  0.00 -2.75 0.503  00  +1T032M000  1.000
LYS+1A0131_039  1.000 -9.23  1.92  4.32  0.00 -2.98 0.503  00  +1T04CM000  1.000
LYS+1A0131_040  1.000 -9.43  2.00  4.31  0.00 -3.12 0.502  00  +1T0A9M000  1.000
