iConf CONFORMER     FL  occ    crg   Em0  pKa0 ne nH    vdw0    vdw1    tors    epol   dsolv   extra    history
00001 LYS01A0131_001 f 0.00  0.000     0  0.00  0  0  -8.006   4.204   0.950  -0.036   0.139   0.000 01O000M000t
00002 LYS01A0131_002 f 0.00  0.000     0  0.00  0  0  -7.789   1.943   1.508  -0.032   0.050   0.000 01E004M000t
00003 LYS01A0131_003 f 0.00  0.000     0  0.00  0  0  -6.616   1.210   2.071  -0.012   0.063   0.000 01E009M000t
00004 LYS01A0131_004 f 0.00  0.000     0  0.00  0  0  -9.803   1.101   1.439  -0.018  -0.009   0.000 01E00AM000t
00005 LYS01A0131_005 f 0.00  0.000     0  0.00  0  0  -8.761   2.420   4.228  -0.012   0.157   0.000 01E013M000t
00006 LYS01A0131_006 f 0.00  0.000     0  0.00  0  0 -10.030   5.507   3.605  -0.016   0.173   0.000 01E01EM000t
00007 LYS01A0131_007 f 0.00  0.000     0  0.00  0  0  -9.089   2.082   4.309  -0.022   0.032   0.000 01E032M000t
00008 LYS01A0131_008 f 0.00  0.000     0  0.00  0  0  -7.056   1.181   4.865  -0.013  -0.015   0.000 01E040M000t
00009 LYS01A0131_009 f 0.00  0.000     0  0.00  0  0  -6.433   1.128   2.073  -0.007   0.119   0.000 01E041M000t
00010 LYS01A0131_010 f 0.00  0.000     0  0.00  0  0  -9.203   1.838   4.320  -0.011   0.009   0.000 01E04CM000t
00011 LYS01A0131_011 f 0.00  0.000     0  0.00  0  0  -9.186   1.327   1.431  -0.006  -0.084   0.000 01E099M000t
00012 LYS01A0131_012 f 0.00  0.000     0  0.00  0  0  -9.388   1.993   4.306  -0.008  -0.027   0.000 01E0A9M000t
00013 LYS01A0131_013 f 0.00  0.000     0  0.00  0  0  -9.480   0.665   3.678  -0.015   0.051   0.000 01T024M000t
00014 LYS01A0131_014 f 0.00  0.000     0  0.00  0  0  -8.963   0.619   3.683  -0.022  -0.051   0.000 01T026M000t
00015 LYS01A0131_015 f 0.00  0.000     0  0.00  0  0 -11.368   0.778   3.600  -0.010   0.016   0.000 01T052M000t
00016 LYS01A0131_016 f 0.00  0.000     0  0.00  0  0  -6.844   1.077   4.870  -0.021  -0.015   0.000 01T05EM000t
00017 LYS01A0131_017 f 0.00  0.000     0  0.00  0  0  -7.544   1.174   1.511  -0.024   0.048   0.000 01T06CM000t
00018 LYS01A0131_018 f 0.00  0.000     0  0.00  0  0  -6.480   2.017   2.070  -0.024  -0.010   0.000 01T084M000t
00019 LYS01A0131_019 f 0.00  0.000     0  0.00  0  0  -7.655   1.775   2.069  -0.055   0.081   0.000 01T08AM000t
00020 LYS01A0131_020 f 0.00  0.000     0  0.00  0  0 -11.708   5.592   3.600  -0.012   0.033   0.000 01T0ACM000t
00021 LYS+1A0131_021 f 0.00  1.000     0 10.40  0  1  -8.100   4.197   0.950   0.066   0.250   0.000 +1O000M000t
00022 LYS+1A0131_022 f 0.00  1.000     0 10.40  0  1  -7.887   1.935   1.508   0.067   0.167   0.000 +1E004M000t
00023 LYS+1A0131_023 f 0.00  1.000     0 10.40  0  1  -9.778   1.096   1.437   0.073   0.111   0.000 +1E00AM000t
00024 LYS+1A0131_024 f 0.00  1.000     0 10.40  0  1  -8.816   2.410   4.228  -0.029   0.002   0.000 +1E013M000t
00025 LYS+1A0131_025 f 0.00  1.000     0 10.40  0  1  -9.337   0.658   3.673   0.080  -0.185   0.000 +1E024M000t
00026 LYS+1A0131_026 f 0.00  1.000     0 10.40  0  1  -8.914   0.618   3.677   0.065  -0.271   0.000 +1E026M000t
00027 LYS+1A0131_027 f 0.00  1.000     0 10.40  0  1  -7.065   1.189   4.867   0.020  -0.217   0.000 +1E040M000t
00028 LYS+1A0131_028 f 0.00  1.000     0 10.40  0  1  -6.561   1.124   2.073   0.058   0.263   0.000 +1E041M000t
00029 LYS+1A0131_029 f 0.00  1.000     0 10.40  0  1 -11.429   0.777   3.600   0.019  -0.440   0.000 +1E052M000t
00030 LYS+1A0131_030 f 0.00  1.000     0 10.40  0  1  -6.892   1.077   4.870   0.105  -0.354   0.000 +1E05EM000t
00031 LYS+1A0131_031 f 0.00  1.000     0 10.40  0  1  -7.570   1.176   1.509   0.065   0.004   0.000 +1E06CM000t
00032 LYS+1A0131_032 f 0.00  1.000     0 10.40  0  1  -6.586   2.017   2.072   0.051   0.338   0.000 +1E084M000t
00033 LYS+1A0131_033 f 0.00  1.000     0 10.40  0  1  -7.704   1.774   2.068   0.243  -0.337   0.000 +1E08AM000t
00034 LYS+1A0131_034 f 0.00  1.000     0 10.40  0  1  -9.227   1.325   1.433   0.100   0.089   0.000 +1E099M000t
00035 LYS+1A0131_035 f 0.00  1.000     0 10.40  0  1 -11.756   5.588   3.600   0.050  -0.268   0.000 +1E0ACM000t
00036 LYS+1A0131_036 f 0.00  1.000     0 10.40  0  1  -6.533   1.208   2.070   0.056   0.060   0.000 +1T009M000t
00037 LYS+1A0131_037 f 0.00  1.000     0 10.40  0  1 -10.089   5.514   3.602   0.087   0.106   0.000 +1T01EM000t
00038 LYS+1A0131_038 f 0.00  1.000     0 10.40  0  1  -9.146   2.083   4.309   0.087  -0.107   0.000 +1T032M000t
00039 LYS+1A0131_039 f 0.00  1.000     0 10.40  0  1  -9.221   1.923   4.318   0.043  -0.056   0.000 +1T04CM000t
00040 LYS+1A0131_040 f 0.00  1.000     0 10.40  0  1  -9.423   2.005   4.308   0.036  -0.114   0.000 +1T0A9M000t
