iConf CONFORMER     FL  occ    crg   Em0  pKa0 ne nH    vdw0    vdw1    tors    epol   dsolv   extra    history
00001 ASP01A0170_001 f 0.00  0.000     0  0.00  0  0  -4.389   8.285   2.964   1.693   0.195   0.000 01O000M000t
00002 ASP01A0170_002 f 0.00  0.000     0  0.00  0  0  -4.428   8.286   0.244   0.002   0.548   0.000 01O000M000t
00003 ASP01A0170_003 f 0.00  0.000     0  0.00  0  0  -4.242   3.139   0.687   0.282   0.410   0.000 01E001M000t
00004 ASP01A0170_004 f 0.00  0.000     0  0.00  0  0  -3.513   2.332   0.848   0.134   0.490   0.000 01E006M000t
00005 ASP01A0170_005 f 0.00  0.000     0  0.00  0  0  -4.089   2.695   2.809   0.116  -0.645   0.000 01T003M000t
00006 ASP01A0170_006 f 0.00  0.000     0  0.00  0  0  -4.059   3.422   3.706   0.684   0.162   0.000 01T005M000t
00007 ASP01A0170_007 f 0.00  0.000     0  0.00  0  0  -4.165   3.139   3.397   0.650  -0.382   0.000 01T001M000t
00008 ASP01A0170_008 f 0.00  0.000     0  0.00  0  0  -3.513   2.332   3.546   0.097  -0.590   0.000 01T006M000t
00009 ASP01A0170_009 f 0.00  0.000     0  0.00  0  0  -4.140   2.724   3.584   0.357  -0.408   0.000 01T007M000t
00010 ASP01A0170_010 f 0.00  0.000     0  0.00  0  0  -3.847   3.422   0.986   0.178   0.569   0.000 01T005M000t
00011 ASP01A0170_011 f 0.00  0.000     0  0.00  0  0  -4.168   2.640   0.862   0.149   0.517   0.000 01T007M000t
00012 ASP01A0170_012 f 0.00  0.000     0  0.00  0  0  -3.595   1.410   0.570   0.264   0.453   0.000 01T004M000t
00013 ASP02A0170_013 f 0.00  0.000     0  0.00  0  0  -4.424   6.665   2.964  -0.058  -0.639   0.000 02O000M000t
00014 ASP02A0170_014 f 0.00  0.000     0  0.00  0  0  -4.240   2.358   3.603   0.097  -0.627   0.000 02E007M000t
00015 ASP02A0170_015 f 0.00  0.000     0  0.00  0  0  -4.424   6.665   0.244  -0.064   0.601   0.000 02O000M000t
00016 ASP02A0170_016 f 0.00  0.000     0  0.00  0  0  -3.839   3.008   0.964   0.161   0.489   0.000 02E005M000t
00017 ASP02A0170_017 f 0.00  0.000     0  0.00  0  0  -4.158   3.284   2.814   1.139  -0.111   0.000 02T003M000t
00018 ASP02A0170_018 f 0.00  0.000     0  0.00  0  0  -4.019   3.009   3.682   0.150  -0.787   0.000 02T005M000t
00019 ASP02A0170_019 f 0.00  0.000     0  0.00  0  0  -3.729   2.402   3.584   0.303  -0.604   0.000 02T006M000t
00020 ASP02A0170_020 f 0.00  0.000     0  0.00  0  0  -3.764   2.342   0.874   0.167   0.604   0.000 02T006M000t
00021 ASP02A0170_021 f 0.00  0.000     0  0.00  0  0  -4.303   3.306   0.111   0.170   0.528   0.000 02T003M000t
00022 ASP02A0170_022 f 0.00  0.000     0  0.00  0  0  -4.295   2.584   0.829   0.116   0.547   0.000 02T007M000t
00023 ASP-1A0170_023 f 0.00 -1.000     0  4.75  0 -1  -4.404   6.688   0.244  -0.767   0.162   0.000 -1O000M000t
00024 ASP-1A0170_024 f 0.00 -1.000     0  4.75  0 -1  -3.731   1.876   0.878  -0.503   0.050   0.000 -1E002M000t
00025 ASP-1A0170_025 f 0.00 -1.000     0  4.75  0 -1  -3.651   2.108   0.814  -0.281   0.006   0.000 -1E006M000t
00026 ASP-1A0170_026 f 0.00 -1.000     0  4.75  0 -1  -4.145   2.372   0.805  -0.311   0.036   0.000 -1E007M000t
