iConf CONFORMER     FL  occ    crg   Em0  pKa0 ne nH    vdw0    vdw1    tors    epol   dsolv   extra    history
00001 HIS01A0078_001 f 0.00  0.000     0  0.00  0  0 -11.416  -0.368   0.107   0.328   0.268   0.000 01O000M000t
00002 HIS01A0078_002 f 0.00  0.000     0  0.00  0  0 -11.623  -0.325   0.107   0.339   0.109   0.000 01R001M000t
00003 HIS01A0078_003 f 0.00  0.000     0  0.00  0  0 -11.778   1.263   0.058   0.163   0.602   0.000 01E007M000t
00004 HIS01A0078_004 f 0.00  0.000     0  0.00  0  0 -11.497   2.186   2.603   0.282   0.428   0.000 01E010M000t
00005 HIS01A0078_005 f 0.00  0.000     0  0.00  0  0 -11.716   1.567   2.593   0.385   0.258   0.000 01E013M000t
00006 HIS01A0078_006 f 0.00  0.000     0  0.00  0  0 -11.661   1.775   0.070   0.057   0.523   0.000 01E016M000t
00007 HIS01A0078_007 f 0.00  0.000     0  0.00  0  0 -11.592  -0.240   0.092   0.295   0.389   0.000 01E017M000t
00008 HIS01A0078_008 f 0.00  0.000     0  0.00  0  0 -11.620   3.965   2.674   0.321   0.378   0.000 01E01AM000t
00009 HIS01A0078_009 f 0.00  0.000     0  0.00  0  0 -11.634   0.647   2.677   0.372   0.321   0.000 01T004M000t
00010 HIS01A0078_010 f 0.00  0.000     0  0.00  0  0 -11.615  -0.218   0.093   0.303   0.440   0.000 01T005M000t
00011 HIS01A0078_011 f 0.00  0.000     0  0.00  0  0 -11.932   1.802   2.678   0.246   0.438   0.000 01T006M000t
00012 HIS01A0078_012 f 0.00  0.000     0  0.00  0  0 -11.601   1.032   0.071   0.037   0.453   0.000 01T008M000t
00013 HIS01A0078_013 f 0.00  0.000     0  0.00  0  0 -11.495   0.738   0.072   0.449   0.301   0.000 01T00BM000t
00014 HIS01A0078_014 f 0.00  0.000     0  0.00  0  0 -11.791   0.308   0.088   0.433   0.534   0.000 01T00DM000t
00015 HIS01A0078_015 f 0.00  0.000     0  0.00  0  0 -11.724   0.167   0.088   0.424   0.418   0.000 01T00FM000t
00016 HIS01A0078_016 f 0.00  0.000     0  0.00  0  0 -11.998   1.101   2.665   0.298   0.425   0.000 01T011M000t
00017 HIS01A0078_017 f 0.00  0.000     0  0.00  0  0 -11.837   0.882   2.663   0.417   0.345   0.000 01T014M000t
00018 HIS01A0078_018 f 0.00  0.000     0  0.00  0  0 -11.843   0.487   0.053   0.364   0.400   0.000 01T018M000t
00019 HIS01A0078_019 f 0.00  0.000     0  0.00  0  0 -11.413   1.691   2.677   0.336   0.291   0.000 01T01BM000t
00020 HIS02A0078_020 f 0.00  0.000     0  0.00  0  0 -11.433  -0.410   0.107   0.224   0.136   0.000 02O000M000t
00021 HIS02A0078_021 f 0.00  0.000     0  0.00  0  0 -11.651   0.612   2.676   0.185   0.076   0.000 02E004M000t
00022 HIS02A0078_022 f 0.00  0.000     0  0.00  0  0 -11.889   1.783   2.674   0.302   0.344   0.000 02E006M000t
00023 HIS02A0078_023 f 0.00  0.000     0  0.00  0  0 -11.791   1.153   0.056   0.199   0.525   0.000 02E007M000t
00024 HIS02A0078_024 f 0.00  0.000     0  0.00  0  0 -11.629   0.167   0.085   0.333   0.353   0.000 02E00FM000t
00025 HIS02A0078_025 f 0.00  0.000     0  0.00  0  0 -11.490   2.080   2.618   0.282   0.269   0.000 02E010M000t
00026 HIS02A0078_026 f 0.00  0.000     0  0.00  0  0 -12.196   1.069   2.661   0.294   0.220   0.000 02E011M000t
00027 HIS02A0078_027 f 0.00  0.000     0  0.00  0  0 -11.909   0.883   2.659   0.287   0.264   0.000 02E014M000t
00028 HIS02A0078_028 f 0.00  0.000     0  0.00  0  0 -11.546  -0.258   0.090   0.241   0.253   0.000 02E017M000t
00029 HIS02A0078_029 f 0.00  0.000     0  0.00  0  0 -11.500   1.663   2.674   0.302   0.205   0.000 02E01BM000t
00030 HIS02A0078_030 f 0.00  0.000     0  0.00  0  0 -11.701  -0.237   0.090   0.230   0.382   0.000 02T005M000t
00031 HIS02A0078_031 f 0.00  0.000     0  0.00  0  0 -11.680   0.914   0.066   0.487   0.443   0.000 02T008M000t
00032 HIS02A0078_032 f 0.00  0.000     0  0.00  0  0 -11.623  -0.502   0.092   0.145   0.335   0.000 02T009M000t
00033 HIS02A0078_033 f 0.00  0.000     0  0.00  0  0 -11.563   0.719   0.068   0.410   0.354   0.000 02T00BM000t
00034 HIS02A0078_034 f 0.00  0.000     0  0.00  0  0 -11.832   0.315   0.083   0.355   0.427   0.000 02T00DM000t
00035 HIS02A0078_035 f 0.00  0.000     0  0.00  0  0 -11.806   1.606   2.608   0.303   0.176   0.000 02T013M000t
00036 HIS02A0078_036 f 0.00  0.000     0  0.00  0  0 -11.813   1.671   0.064   0.600   0.265   0.000 02T016M000t
00037 HIS02A0078_037 f 0.00  0.000     0  0.00  0  0 -11.910   0.476   0.053   0.325   0.304   0.000 02T018M000t
00038 HIS02A0078_038 f 0.00  0.000     0  0.00  0  0 -11.838   4.164   2.678   0.253   0.227   0.000 02T01AM000t
00039 HIS+1A0078_039 f 0.00  1.000     0  6.98  0  1 -11.460  -0.412   0.107   0.569  -0.427   0.000 +1O000M000t
00040 HIS+1A0078_040 f 0.00  1.000     0  6.98  0  1 -11.728  -0.239   0.093   0.507  -0.389   0.000 +1E005M000t
00041 HIS+1A0078_041 f 0.00  1.000     0  6.98  0  1 -12.043   1.779   2.678   0.540  -0.273   0.000 +1E006M000t
00042 HIS+1A0078_042 f 0.00  1.000     0  6.98  0  1 -11.707   0.945   0.072   0.904   0.090   0.000 +1E008M000t
00043 HIS+1A0078_043 f 0.00  1.000     0  6.98  0  1 -11.608   0.157   0.089   0.420  -0.467   0.000 +1E00FM000t
00044 HIS+1A0078_044 f 0.00  1.000     0  6.98  0  1 -11.449   2.071   2.624   0.513  -0.192   0.000 +1E010M000t
00045 HIS+1A0078_045 f 0.00  1.000     0  6.98  0  1 -12.223   1.064   2.669   0.512  -0.214   0.000 +1E011M000t
00046 HIS+1A0078_046 f 0.00  1.000     0  6.98  0  1 -11.987   0.873   2.667   0.519  -0.408   0.000 +1E014M000t
00047 HIS+1A0078_047 f 0.00  1.000     0  6.98  0  1 -11.770   1.693   0.068   1.057  -0.433   0.000 +1E016M000t
00048 HIS+1A0078_048 f 0.00  1.000     0  6.98  0  1 -12.003   0.493   0.056   0.604  -0.319   0.000 +1E018M000t
00049 HIS+1A0078_049 f 0.00  1.000     0  6.98  0  1 -11.845   4.146   2.681   0.467  -0.157   0.000 +1E01AM000t
00050 HIS+1A0078_050 f 0.00  1.000     0  6.98  0  1 -11.575   1.661   2.677   0.555  -0.353   0.000 +1E01BM000t
00051 HIS+1A0078_051 f 0.00  1.000     0  6.98  0  1 -11.679   0.606   2.681   0.431  -0.356   0.000 +1T004M000t
00052 HIS+1A0078_052 f 0.00  1.000     0  6.98  0  1 -11.790   1.145   0.058   0.573  -0.017   0.000 +1T007M000t
00053 HIS+1A0078_053 f 0.00  1.000     0  6.98  0  1 -11.518  -0.507   0.096   0.508  -0.551   0.000 +1T009M000t
00054 HIS+1A0078_054 f 0.00  1.000     0  6.98  0  1 -11.430   0.730   0.074   0.785  -0.288   0.000 +1T00BM000t
00055 HIS+1A0078_055 f 0.00  1.000     0  6.98  0  1 -11.859   0.311   0.088   0.451  -0.483   0.000 +1T00DM000t
00056 HIS+1A0078_056 f 0.00  1.000     0  6.98  0  1 -11.897   1.601   2.614   0.528  -0.371   0.000 +1T013M000t
00057 HIS+1A0078_057 f 0.00  1.000     0  6.98  0  1 -11.570  -0.259   0.093   0.512  -0.429   0.000 +1T017M000t
