CONFORMER         crg  vdw0  vdw1  tors  epol  self   occ  Hb     history    ASA
HIS01A0078_001  0.000-11.42 -0.37  0.11  0.00-11.68 0.516  00  01O000M000  1.000
HIS01A0078_002  0.000-11.62 -0.33  0.11  0.00-11.84 0.519  00  01R001M000  1.000
HIS01A0078_003  0.000-11.78  1.26  0.06  0.00-10.46 0.517  00  01E007M000  1.000
HIS01A0078_004  0.000-11.50  2.18  2.60  0.00 -6.71 0.514  00  01E010M000  1.000
HIS01A0078_005  0.000-11.72  1.56  2.59  0.00 -7.56 0.516  00  01E013M000  1.000
HIS01A0078_006  0.000-11.66  1.77  0.07  0.00 -9.82 0.518  00  01E016M000  1.000
HIS01A0078_007  0.000-11.59 -0.24  0.09  0.00-11.74 0.516  00  01E017M000  1.000
HIS01A0078_008  0.000-11.62  3.97  2.67  0.00 -4.98 0.518  00  01E01AM000  1.000
HIS01A0078_009  0.000-11.68  0.64  2.68  0.00 -8.36 0.518  00  01T004M000  1.000
HIS01A0078_010  0.000-11.61 -0.22  0.09  0.00-11.74 0.519  00  01T005M000  1.000
HIS01A0078_011  0.000-11.93  1.80  2.68  0.00 -7.45 0.517  00  01T006M000  1.000
HIS01A0078_012  0.000-11.60  1.03  0.07  0.00-10.50 0.518  00  01T008M000  1.000
HIS01A0078_013  0.000-11.49  0.74  0.07  0.00-10.68 0.516  00  01T00BM000  1.000
HIS01A0078_014  0.000-11.79  0.30  0.09  0.00-11.40 0.519  00  01T00DM000  1.000
HIS01A0078_015  0.000-11.72  0.17  0.09  0.00-11.47 0.518  00  01T00FM000  1.000
HIS01A0078_016  0.000-12.00  1.10  2.66  0.00 -8.23 0.516  00  01T011M000  1.000
HIS01A0078_017  0.000-11.84  0.89  2.66  0.00 -8.29 0.517  00  01T014M000  1.000
HIS01A0078_018  0.000-11.84  0.49  0.05  0.00-11.30 0.516  00  01T018M000  1.000
HIS01A0078_019  0.000-11.41  1.68  2.68  0.00 -7.05 0.517  00  01T01BM000  1.000
HIS02A0078_020  0.000-11.43 -0.41  0.11  0.00-11.74 0.516  00  02O000M000  1.000
HIS02A0078_021  0.000-11.65  0.61  2.68  0.00 -8.37 0.518  00  02E004M000  1.000
HIS02A0078_022  0.000-11.94  1.78  2.67  0.00 -7.48 0.517  00  02E006M000  1.000
HIS02A0078_023  0.000-11.79  1.15  0.06  0.00-10.59 0.517  00  02E007M000  1.000
HIS02A0078_024  0.000-11.63  0.17  0.09  0.00-11.38 0.518  00  02E00FM000  1.000
HIS02A0078_025  0.000-11.49  2.07  2.62  0.00 -6.80 0.514  00  02E010M000  1.000
HIS02A0078_026  0.000-12.20  1.07  2.66  0.00 -8.46 0.516  00  02E011M000  1.000
HIS02A0078_027  0.000-11.86  0.88  2.66  0.00 -8.32 0.517  00  02E014M000  1.000
HIS02A0078_028  0.000-11.55 -0.26  0.09  0.00-11.72 0.516  00  02E017M000  1.000
HIS02A0078_029  0.000-11.55  1.66  2.67  0.00 -7.21 0.517  00  02E01BM000  1.000
HIS02A0078_030  0.000-11.64 -0.24  0.09  0.00-11.78 0.519  00  02T005M000  1.000
HIS02A0078_031  0.000-11.68  0.91  0.07  0.00-10.70 0.518  00  02T008M000  1.000
HIS02A0078_032  0.000-11.62 -0.50  0.09  0.00-12.03 0.518  00  02T009M000  1.000
HIS02A0078_033  0.000-11.52  0.72  0.07  0.00-10.73 0.516  00  02T00BM000  1.000
HIS02A0078_034  0.000-11.83  0.32  0.08  0.00-11.43 0.519  00  02T00DM000  1.000
HIS02A0078_035  0.000-11.74  1.61  2.61  0.00 -7.53 0.516  00  02T013M000  1.000
HIS02A0078_036  0.000-11.81  1.68  0.06  0.00-10.08 0.518  00  02T016M000  1.000
HIS02A0078_037  0.000-11.91  0.48  0.05  0.00-11.38 0.516  00  02T018M000  1.000
HIS02A0078_038  0.000-11.84  4.16  2.68  0.00 -5.00 0.518  00  02T01AM000  1.000
HIS+1A0078_039  1.000-11.46 -0.41  0.11  0.00-11.77 0.516  00  +1O000M000  1.000
HIS+1A0078_040  1.000-11.73 -0.24  0.09  0.00-11.87 0.519  00  +1E005M000  1.000
HIS+1A0078_041  1.000-11.98  1.78  2.68  0.00 -7.52 0.517  00  +1E006M000  1.000
HIS+1A0078_042  1.000-11.71  0.94  0.07  0.00-10.69 0.518  00  +1E008M000  1.000
HIS+1A0078_043  1.000-11.61  0.16  0.09  0.00-11.36 0.518  00  +1E00FM000  1.000
HIS+1A0078_044  1.000-11.45  2.07  2.62  0.00 -6.76 0.514  00  +1E010M000  1.000
HIS+1A0078_045  1.000-12.22  1.06  2.67  0.00 -8.49 0.516  00  +1E011M000  1.000
HIS+1A0078_046  1.000-11.99  0.88  2.67  0.00 -8.44 0.517  00  +1E014M000  1.000
HIS+1A0078_047  1.000-11.77  1.69  0.07  0.00-10.01 0.518  00  +1E016M000  1.000
HIS+1A0078_048  1.000-12.05  0.49  0.06  0.00-11.50 0.516  00  +1E018M000  1.000
HIS+1A0078_049  1.000-11.84  4.14  2.68  0.00 -5.02 0.518  00  +1E01AM000  1.000
HIS+1A0078_050  1.000-11.57  1.66  2.68  0.00 -7.24 0.517  00  +1E01BM000  1.000
HIS+1A0078_051  1.000-11.68  0.61  2.68  0.00 -8.39 0.518  00  +1T004M000  1.000
HIS+1A0078_052  1.000-11.79  1.14  0.06  0.00-10.60 0.517  00  +1T007M000  1.000
HIS+1A0078_053  1.000-11.59 -0.51  0.10  0.00-12.00 0.518  00  +1T009M000  1.000
HIS+1A0078_054  1.000-11.43  0.73  0.07  0.00-10.63 0.516  00  +1T00BM000  1.000
HIS+1A0078_055  1.000-11.86  0.31  0.09  0.00-11.46 0.519  00  +1T00DM000  1.000
HIS+1A0078_056  1.000-11.90  1.60  2.61  0.00 -7.68 0.516  00  +1T013M000  1.000
HIS+1A0078_057  1.000-11.57 -0.26  0.09  0.00-11.74 0.516  00  +1T017M000  1.000
