   confID        vdw0    sas     sum
HIS01A0078_001  -0.144 -11.271 -11.416
HIS01A0078_002  -0.117 -11.506 -11.623
HIS01A0078_003  -0.315 -11.464 -11.778
HIS01A0078_004  -0.317 -11.181 -11.497
HIS01A0078_005  -0.229 -11.487 -11.716
HIS01A0078_006  -0.228 -11.433 -11.661
HIS01A0078_007  -0.087 -11.506 -11.592
HIS01A0078_008  -0.225 -11.395 -11.620
HIS01A0078_009  -0.143 -11.491 -11.634
HIS01A0078_010  -0.152 -11.463 -11.615
HIS01A0078_011  -0.132 -11.799 -11.932
HIS01A0078_012  -0.232 -11.370 -11.601
HIS01A0078_013  -0.114 -11.381 -11.495
HIS01A0078_014  -0.230 -11.560 -11.791
HIS01A0078_015  -0.117 -11.607 -11.724
HIS01A0078_016  -0.237 -11.760 -11.998
HIS01A0078_017  -0.118 -11.719 -11.837
HIS01A0078_018  -0.229 -11.614 -11.843
HIS01A0078_019  -0.080 -11.333 -11.413
HIS02A0078_020  -0.161 -11.271 -11.433
HIS02A0078_021  -0.160 -11.491 -11.651
HIS02A0078_022  -0.150 -11.739 -11.889
HIS02A0078_023  -0.327 -11.464 -11.791
HIS02A0078_024  -0.138 -11.491 -11.629
HIS02A0078_025  -0.328 -11.162 -11.490
HIS02A0078_026  -0.252 -11.944 -12.196
HIS02A0078_027  -0.137 -11.771 -11.909
HIS02A0078_028  -0.105 -11.442 -11.546
HIS02A0078_029  -0.100 -11.400 -11.500
HIS02A0078_030  -0.167 -11.534 -11.701
HIS02A0078_031  -0.246 -11.434 -11.680
HIS02A0078_032  -0.102 -11.521 -11.623
HIS02A0078_033  -0.136 -11.428 -11.563
HIS02A0078_034  -0.249 -11.583 -11.832
HIS02A0078_035  -0.251 -11.555 -11.806
HIS02A0078_036  -0.243 -11.570 -11.813
HIS02A0078_037  -0.249 -11.661 -11.910
HIS02A0078_038  -0.244 -11.595 -11.838
HIS+1A0078_039  -0.188 -11.271 -11.460
HIS+1A0078_040  -0.194 -11.534 -11.728
HIS+1A0078_041  -0.176 -11.867 -12.043
HIS+1A0078_042  -0.273 -11.434 -11.707
HIS+1A0078_043  -0.166 -11.442 -11.608
HIS+1A0078_044  -0.355 -11.094 -11.449
HIS+1A0078_045  -0.279 -11.944 -12.223
HIS+1A0078_046  -0.165 -11.823 -11.987
HIS+1A0078_047  -0.270 -11.500 -11.770
HIS+1A0078_048  -0.275 -11.729 -12.003
HIS+1A0078_049  -0.271 -11.574 -11.845
HIS+1A0078_050  -0.128 -11.447 -11.575
HIS+1A0078_051  -0.188 -11.491 -11.679
HIS+1A0078_052  -0.355 -11.436 -11.790
HIS+1A0078_053  -0.128 -11.389 -11.518
HIS+1A0078_054  -0.162 -11.268 -11.430
HIS+1A0078_055  -0.277 -11.583 -11.859
HIS+1A0078_056  -0.279 -11.619 -11.897
HIS+1A0078_057  -0.132 -11.438 -11.570
