CONFORMER         crg  vdw0  vdw1  tors  epol  self   occ  Hb     history    ASA
LYS01A0046_001  0.000-11.83  0.20  0.84  0.00-10.79 0.501  00  01O000M000  1.000
LYS01A0046_002  0.000 -8.11  1.85  4.75  0.00 -1.52 0.502  00  01E038M000  1.000
LYS01A0046_003  0.000-10.57  1.60  1.59  0.00 -7.38 0.501  00  01E050M000  1.000
LYS01A0046_004  0.000-11.27  0.18  3.63  0.00 -7.46 0.502  00  01E057M000  1.000
LYS01A0046_005  0.000 -9.40  3.48  4.25  0.00 -1.67 0.502  00  01E0D6M000  1.000
LYS01A0046_006  0.000 -7.16  0.39  4.25  0.00 -2.52 0.502  00  01E107M000  1.000
LYS01A0046_007  0.000 -7.52  1.30  4.86  0.00 -1.37 0.501  00  01E111M000  1.000
LYS01A0046_008  0.000-10.46  1.55  4.26  0.00 -4.64 0.502  00  01E113M000  1.000
LYS01A0046_009  0.000 -7.31  1.55  4.72  0.00 -1.04 0.501  00  01E151M000  1.000
LYS01A0046_010  0.000 -5.96  1.41  1.47  0.00 -3.08 0.502  00  01E15FM000  1.000
LYS01A0046_011  0.000-11.07  0.58  1.47  0.00 -9.02 0.501  00  01T008M000  1.000
LYS01A0046_012  0.000-10.91  3.48  4.14  0.00 -3.29 0.501  00  01T020M000  1.000
LYS01A0046_013  0.000-10.88  1.70  3.63  0.00 -5.55 0.501  00  01T069M000  1.000
LYS01A0046_014  0.000 -9.89  0.56  1.47  0.00 -7.86 0.501  00  01T07BM000  1.000
LYS01A0046_015  0.000-10.20  0.32  1.34  0.00 -8.54 0.501  00  01T0C3M000  1.000
LYS01A0046_016  0.000 -9.46  0.31  1.58  0.00 -7.57 0.502  00  01T0F0M000  1.000
LYS01A0046_017  0.000-10.47  2.88  4.29  0.00 -3.30 0.502  00  01T11FM000  1.000
LYS01A0046_018  0.000-10.05  1.41  7.21  0.00 -1.43 0.501  00  01T123M000  1.000
LYS01A0046_019  0.000 -7.04  0.10  2.06  0.00 -4.88 0.502  00  01T132M000  1.000
LYS01A0046_020  0.000-10.74  3.60  1.59  0.00 -5.55 0.502  00  01T13DM000  1.000
LYS+1A0046_021  1.000-11.87  0.19  0.84  0.00-10.84 0.501  00  +1O000M000  1.000
LYS+1A0046_022  1.000-11.12  0.58  1.47  0.00 -9.06 0.501  00  +1E008M000  1.000
LYS+1A0046_023  1.000-10.97  3.48  4.14  0.00 -3.35 0.501  00  +1E020M000  1.000
LYS+1A0046_024  1.000 -8.08  1.85  4.76  0.00 -1.48 0.502  00  +1E038M000  1.000
LYS+1A0046_025  1.000-11.25  0.18  3.63  0.00 -7.45 0.502  00  +1E057M000  1.000
LYS+1A0046_026  1.000 -9.48  3.48  4.25  0.00 -1.75 0.502  00  +1E0D6M000  1.000
LYS+1A0046_027  1.000 -9.52  0.31  1.58  0.00 -7.63 0.502  00  +1E0F0M000  1.000
LYS+1A0046_028  1.000 -7.28  0.40  4.25  0.00 -2.63 0.502  00  +1E107M000  1.000
LYS+1A0046_029  1.000 -7.17  0.08  2.06  0.00 -5.02 0.502  00  +1E132M000  1.000
LYS+1A0046_030  1.000-10.90  3.76  1.59  0.00 -5.56 0.502  00  +1E13DM000  1.000
LYS+1A0046_031  1.000 -6.04  1.40  1.47  0.00 -3.17 0.502  00  +1E15FM000  1.000
LYS+1A0046_032  1.000-10.61  1.62  1.59  0.00 -7.40 0.501  00  +1T050M000  1.000
LYS+1A0046_033  1.000-10.93  1.71  3.63  0.00 -5.59 0.501  00  +1T069M000  1.000
LYS+1A0046_034  1.000 -9.93  0.55  1.47  0.00 -7.90 0.501  00  +1T07BM000  1.000
LYS+1A0046_035  1.000-10.25  0.31  1.35  0.00 -8.59 0.501  00  +1T0C3M000  1.000
LYS+1A0046_036  1.000 -7.56  1.28  4.86  0.00 -1.42 0.501  00  +1T111M000  1.000
LYS+1A0046_037  1.000-10.41  1.55  4.27  0.00 -4.58 0.502  00  +1T113M000  1.000
LYS+1A0046_038  1.000-10.54  2.88  4.29  0.00 -3.37 0.502  00  +1T11FM000  1.000
LYS+1A0046_039  1.000-10.12  1.42  7.21  0.00 -1.49 0.501  00  +1T123M000  1.000
LYS+1A0046_040  1.000 -7.29  1.57  4.74  0.00 -0.98 0.501  00  +1T151M000  1.000
