iConf CONFORMER     FL  occ    crg   Em0  pKa0 ne nH    vdw0    vdw1    tors    epol   dsolv   extra    history
00001 LYS01A0046_001 f 0.00  0.000     0  0.00  0  0 -11.826   0.314   0.842  -0.011   0.029   0.000 01O000M000t
00002 LYS01A0046_002 f 0.00  0.000     0  0.00  0  0  -8.065   1.846   4.751  -0.010  -0.095   0.000 01E038M000t
00003 LYS01A0046_003 f 0.00  0.000     0  0.00  0  0 -10.576   1.602   1.588  -0.007   0.055   0.000 01E050M000t
00004 LYS01A0046_004 f 0.00  0.000     0  0.00  0  0 -11.270   0.300   3.625  -0.018  -0.217   0.000 01E057M000t
00005 LYS01A0046_005 f 0.00  0.000     0  0.00  0  0  -9.405   3.536   4.253  -0.009   0.149   0.000 01E0D6M000t
00006 LYS01A0046_006 f 0.00  0.000     0  0.00  0  0  -7.231   0.459   4.251  -0.017   0.137   0.000 01E107M000t
00007 LYS01A0046_007 f 0.00  0.000     0  0.00  0  0  -7.588   1.304   4.856   0.092   0.141   0.000 01E111M000t
00008 LYS01A0046_008 f 0.00  0.000     0  0.00  0  0 -10.459   1.554   4.263  -0.027  -0.033   0.000 01E113M000t
00009 LYS01A0046_009 f 0.00  0.000     0  0.00  0  0  -7.285   1.554   4.717   0.000  -0.014   0.000 01E151M000t
00010 LYS01A0046_010 f 0.00  0.000     0  0.00  0  0  -5.962   1.405   1.470  -0.019   0.159   0.000 01E15FM000t
00011 LYS01A0046_011 f 0.00  0.000     0  0.00  0  0 -11.008   0.648   1.472  -0.014  -0.062   0.000 01T008M000t
00012 LYS01A0046_012 f 0.00  0.000     0  0.00  0  0 -10.905   3.530   4.138   0.001   0.036   0.000 01T020M000t
00013 LYS01A0046_013 f 0.00  0.000     0  0.00  0  0 -10.879   1.757   3.627   0.004  -0.056   0.000 01T069M000t
00014 LYS01A0046_014 f 0.00  0.000     0  0.00  0  0  -9.894   0.624   1.473  -0.023  -0.148   0.000 01T07BM000t
00015 LYS01A0046_015 f 0.00  0.000     0  0.00  0  0 -10.196   0.416   1.342  -0.000   0.101   0.000 01T0C3M000t
00016 LYS01A0046_016 f 0.00  0.000     0  0.00  0  0  -9.456   0.377   1.577  -0.015  -0.080   0.000 01T0F0M000t
00017 LYS01A0046_017 f 0.00  0.000     0  0.00  0  0 -10.470   2.877   4.288  -0.038   0.126   0.000 01T11FM000t
00018 LYS01A0046_018 f 0.00  0.000     0  0.00  0  0 -10.054   1.418   7.208  -0.034   0.063   0.000 01T123M000t
00019 LYS01A0046_019 f 0.00  0.000     0  0.00  0  0  -7.044   0.148   2.057   0.010   0.213   0.000 01T132M000t
00020 LYS01A0046_020 f 0.00  0.000     0  0.00  0  0 -10.736   3.659   1.588   0.513   0.201   0.000 01T13DM000t
00021 LYS+1A0046_021 f 0.00  1.000     0 10.40  0  1 -11.871   0.313   0.842   0.042  -0.245   0.000 +1O000M000t
00022 LYS+1A0046_022 f 0.00  1.000     0 10.40  0  1 -11.116   0.641   1.473   0.077  -0.174   0.000 +1E008M000t
00023 LYS+1A0046_023 f 0.00  1.000     0 10.40  0  1 -10.967   3.530   4.140  -0.010  -0.193   0.000 +1E020M000t
00024 LYS+1A0046_024 f 0.00  1.000     0 10.40  0  1  -8.082   1.852   4.757   0.053  -0.348   0.000 +1E038M000t
00025 LYS+1A0046_025 f 0.00  1.000     0 10.40  0  1 -11.250   0.299   3.628   0.029  -0.263   0.000 +1E057M000t
00026 LYS+1A0046_026 f 0.00  1.000     0 10.40  0  1  -9.477   3.535   4.253   0.059   0.076   0.000 +1E0D6M000t
00027 LYS+1A0046_027 f 0.00  1.000     0 10.40  0  1  -9.512   0.374   1.583   0.084   0.074   0.000 +1E0F0M000t
00028 LYS+1A0046_028 f 0.00  1.000     0 10.40  0  1  -7.223   0.460   4.253   0.143   0.016   0.000 +1E107M000t
00029 LYS+1A0046_029 f 0.00  1.000     0 10.40  0  1  -7.174   0.133   2.059   0.276   0.446   0.000 +1E132M000t
00030 LYS+1A0046_030 f 0.00  1.000     0 10.40  0  1 -10.900   3.816   1.587   1.114   1.086   0.000 +1E13DM000t
00031 LYS+1A0046_031 f 0.00  1.000     0 10.40  0  1  -6.044   1.399   1.468   0.076  -0.280   0.000 +1E15FM000t
00032 LYS+1A0046_032 f 0.00  1.000     0 10.40  0  1 -10.611   1.618   1.588   0.041  -0.557   0.000 +1T050M000t
00033 LYS+1A0046_033 f 0.00  1.000     0 10.40  0  1 -10.924   1.765   3.630  -0.009  -0.377   0.000 +1T069M000t
00034 LYS+1A0046_034 f 0.00  1.000     0 10.40  0  1  -9.936   0.622   1.474   0.068  -0.255   0.000 +1T07BM000t
00035 LYS+1A0046_035 f 0.00  1.000     0 10.40  0  1 -10.250   0.415   1.347   0.063   0.049   0.000 +1T0C3M000t
00036 LYS+1A0046_036 f 0.00  1.000     0 10.40  0  1  -7.569   1.285   4.857   0.585   0.514   0.000 +1T111M000t
00037 LYS+1A0046_037 f 0.00  1.000     0 10.40  0  1 -10.373   1.556   4.270   0.115   0.045   0.000 +1T113M000t
00038 LYS+1A0046_038 f 0.00  1.000     0 10.40  0  1 -10.536   2.880   4.287   0.138   0.179   0.000 +1T11FM000t
00039 LYS+1A0046_039 f 0.00  1.000     0 10.40  0  1 -10.118   1.414   7.212   0.170  -0.260   0.000 +1T123M000t
00040 LYS+1A0046_040 f 0.00  1.000     0 10.40  0  1  -7.280   1.565   4.737   0.018  -0.417   0.000 +1T151M000t
