CONFORMER         crg  vdw0  vdw1  tors  epol  self   occ  Hb     history    ASA
ARG01A0125_001  0.000-12.55  0.51  0.53  0.00-11.51 0.503  00  01O000M000  1.000
ARG01A0125_002  0.000-12.92  4.45  0.67  0.00 -7.80 0.502  00  01E00BM000  1.000
ARG01A0125_003  0.000-12.89  0.82  2.95  0.00 -9.13 0.502  00  01E068M000  1.000
ARG01A0125_004  0.000-12.97  1.14  0.48  0.00-11.36 0.501  00  01E07FM000  1.000
ARG01A0125_005  0.000-11.86  0.64  1.15  0.00-10.06 0.502  00  01E0B7M000  1.000
ARG01A0125_006  0.000-12.92  2.03  6.34  0.00 -4.55 0.501  00  01E0C5M000  1.000
ARG01A0125_007  0.000-13.17  2.35  6.08  0.00 -4.74 0.502  00  01E0CBM000  1.000
ARG01A0125_008  0.000-13.07  2.40  5.88  0.00 -4.78 0.503  00  01E0D3M000  1.000
ARG01A0125_009  0.000-12.25  1.09  0.62  0.00-10.54 0.502  00  01E0F0M000  1.000
ARG01A0125_010  0.000-11.58  0.66  1.11  0.00 -9.81 0.502  00  01E0FDM000  1.000
ARG01A0125_011  0.000-12.34  5.50  1.27  0.00 -5.58 0.502  00  01E103M000  1.000
ARG01A0125_012  0.000-11.83  6.02  1.16  0.00 -4.64 0.502  00  01T00EM000  1.000
ARG01A0125_013  0.000-10.18  1.05  3.68  0.00 -5.45 0.501  00  01T033M000  1.000
ARG01A0125_014  0.000-12.65  1.49  3.20  0.00 -7.96 0.502  00  01T036M000  1.000
ARG01A0125_015  0.000-11.95  0.70  1.34  0.00 -9.90 0.502  00  01T0A0M000  1.000
ARG01A0125_016  0.000-13.55  1.96  0.57  0.00-11.02 0.502  00  01T0A8M000  1.000
ARG01A0125_017  0.000-12.52  2.65  3.90  0.00 -5.98 0.502  00  01T0BAM000  1.000
ARG01A0125_018  0.000-12.50  2.52  3.87  0.00 -6.12 0.501  00  01T0BCM000  1.000
ARG01A0125_019  0.000-12.15  2.12  4.15  0.00 -5.88 0.502  00  01T0D8M000  1.000
ARG01A0125_020  0.000-13.53  1.33  0.67  0.00-11.53 0.502  00  01T0EAM000  1.000
ARG02A0125_021  0.000-10.14  1.04  3.67  0.00 -5.43 0.501  00  02E033M000  1.000
ARG02A0125_022  0.000-13.65  2.01  0.50  0.00-11.14 0.502  00  02E0A8M000  1.000
ARG02A0125_023  0.000-12.11  0.61  1.08  0.00-10.42 0.502  00  02E0B7M000  1.000
ARG02A0125_024  0.000-11.79  2.02  3.85  0.00 -5.93 0.502  00  02E0D8M000  1.000
ARG02A0125_025  0.000-12.51  0.51  0.53  0.00-11.47 0.503  00  02O000M000  1.000
ARG02A0125_026  0.000-12.47  1.52  3.19  0.00 -7.76 0.502  00  02E036M000  1.000
ARG02A0125_027  0.000-11.43  0.68  1.07  0.00 -9.68 0.502  00  02E0A0M000  1.000
ARG02A0125_028  0.000-12.97  2.38  5.88  0.00 -4.71 0.503  00  02E0D3M000  1.000
ARG02A0125_029  0.000-12.56  6.29  1.14  0.00 -5.13 0.502  00  02E103M000  1.000
ARG02A0125_030  0.000-12.95  4.38  0.67  0.00 -7.90 0.502  00  02T00BM000  1.000
ARG02A0125_031  0.000-12.52  1.09  0.52  0.00-10.91 0.502  00  02T0F0M000  1.000
ARG02A0125_032  0.000-12.52  2.54  3.85  0.00 -6.13 0.501  00  02T0BCM000  1.000
ARG02A0125_033  0.000-12.43  2.64  3.86  0.00 -5.93 0.502  00  02T0BAM000  1.000
ARG02A0125_034  0.000-12.71  2.05  5.81  0.00 -4.84 0.501  00  02T0C5M000  1.000
ARG02A0125_035  0.000-13.78  1.26  0.60  0.00-11.93 0.502  00  02T0EAM000  1.000
ARG02A0125_036  0.000-11.35  0.63  1.10  0.00 -9.61 0.502  00  02T0FDM000  1.000
ARG02A0125_037  0.000-11.68  6.03  1.14  0.00 -4.51 0.502  00  02T00EM000  1.000
ARG02A0125_038  0.000-12.83  0.81  2.83  0.00 -9.18 0.502  00  02T068M000  1.000
ARG02A0125_039  0.000-13.08  1.16  0.47  0.00-11.46 0.501  00  02T07FM000  1.000
ARG02A0125_040  0.000-12.84  2.32  5.74  0.00 -4.78 0.502  00  02T0CBM000  1.000
ARG03A0125_041  0.000-12.59  0.51  0.53  0.00-11.56 0.503  00  03O000M000  1.000
ARG03A0125_042  0.000-11.75  6.06  1.14  0.00 -4.55 0.502  00  03E00EM000  1.000
ARG03A0125_043  0.000-12.72  1.50  3.19  0.00 -8.03 0.502  00  03E036M000  1.000
ARG03A0125_044  0.000-11.54  0.68  1.07  0.00 -9.79 0.502  00  03E0A0M000  1.000
ARG03A0125_045  0.000-12.06  0.61  1.08  0.00-10.37 0.502  00  03E0B7M000  1.000
ARG03A0125_046  0.000-12.53  2.53  3.85  0.00 -6.14 0.501  00  03E0BCM000  1.000
ARG03A0125_047  0.000-13.84  1.25  0.60  0.00-11.99 0.502  00  03E0EAM000  1.000
ARG03A0125_048  0.000-11.44  0.63  1.10  0.00 -9.71 0.502  00  03E0FDM000  1.000
ARG03A0125_049  0.000-12.84  0.82  2.80  0.00 -9.23 0.502  00  03E068M000  1.000
ARG03A0125_050  0.000-10.14  1.03  3.67  0.00 -5.44 0.501  00  03T033M000  1.000
ARG03A0125_051  0.000-13.15  1.15  0.47  0.00-11.53 0.501  00  03T07FM000  1.000
ARG03A0125_052  0.000-12.38  1.09  0.52  0.00-10.77 0.502  00  03T0F0M000  1.000
ARG03A0125_053  0.000-12.57  6.28  1.14  0.00 -5.15 0.502  00  03T103M000  1.000
ARG03A0125_054  0.000-13.60  2.01  0.50  0.00-11.09 0.502  00  03T0A8M000  1.000
ARG03A0125_055  0.000-12.55  2.64  3.86  0.00 -6.06 0.502  00  03T0BAM000  1.000
ARG03A0125_056  0.000-12.60  2.04  5.81  0.00 -4.75 0.501  00  03T0C5M000  1.000
ARG03A0125_057  0.000-12.90  2.33  5.74  0.00 -4.83 0.502  00  03T0CBM000  1.000
ARG03A0125_058  0.000-13.08  2.37  5.88  0.00 -4.83 0.503  00  03T0D3M000  1.000
ARG03A0125_059  0.000-13.02  4.40  0.67  0.00 -7.94 0.502  00  03T00BM000  1.000
ARG03A0125_060  0.000-11.85  2.02  3.84  0.00 -5.99 0.502  00  03T0D8M000  1.000
ARG+1A0125_061  1.000-12.63  0.51  0.53  0.00-11.60 0.503  00  +1O000M000  1.000
ARG+1A0125_062  1.000-12.76  1.49  3.20  0.00 -8.07 0.502  00  +1E036M000  1.000
ARG+1A0125_063  1.000-12.89  0.81  2.84  0.00 -9.24 0.502  00  +1E068M000  1.000
ARG+1A0125_064  1.000-13.18  1.15  0.47  0.00-11.56 0.501  00  +1E07FM000  1.000
ARG+1A0125_065  1.000-11.57  0.68  1.07  0.00 -9.82 0.502  00  +1E0A0M000  1.000
ARG+1A0125_066  1.000-12.10  0.61  1.08  0.00-10.41 0.502  00  +1E0B7M000  1.000
ARG+1A0125_067  1.000-12.56  2.53  3.85  0.00 -6.17 0.501  00  +1E0BCM000  1.000
ARG+1A0125_068  1.000-12.91  2.04  5.83  0.00 -5.05 0.501  00  +1E0C5M000  1.000
ARG+1A0125_069  1.000-13.08  2.37  5.88  0.00 -4.83 0.503  00  +1E0D3M000  1.000
ARG+1A0125_070  1.000-13.88  1.25  0.60  0.00-12.03 0.502  00  +1E0EAM000  1.000
ARG+1A0125_071  1.000-12.42  1.08  0.52  0.00-10.81 0.502  00  +1E0F0M000  1.000
ARG+1A0125_072  1.000-12.99  4.39  0.67  0.00 -7.93 0.502  00  +1T00BM000  1.000
ARG+1A0125_073  1.000-11.80  6.06  1.14  0.00 -4.59 0.502  00  +1T00EM000  1.000
ARG+1A0125_074  1.000-10.24  1.04  3.67  0.00 -5.53 0.501  00  +1T033M000  1.000
ARG+1A0125_075  1.000-13.69  2.02  0.50  0.00-11.17 0.502  00  +1T0A8M000  1.000
ARG+1A0125_076  1.000-12.59  2.64  3.86  0.00 -6.09 0.502  00  +1T0BAM000  1.000
ARG+1A0125_077  1.000-12.88  2.33  5.75  0.00 -4.80 0.502  00  +1T0CBM000  1.000
ARG+1A0125_078  1.000-11.88  2.02  3.85  0.00 -6.02 0.502  00  +1T0D8M000  1.000
ARG+1A0125_079  1.000-11.46  0.63  1.11  0.00 -9.72 0.502  00  +1T0FDM000  1.000
ARG+1A0125_080  1.000-12.66  6.30  1.14  0.00 -5.22 0.502  00  +1T103M000  1.000
