iConf CONFORMER     FL  occ    crg   Em0  pKa0 ne nH    vdw0    vdw1    tors    epol   dsolv   extra    history
00001 ARG01A0125_001 f 0.00  0.000     0  0.00  0  0 -12.550   0.513   0.529   0.050   0.015   0.000 01O000M000t
00002 ARG01A0125_002 f 0.00  0.000     0  0.00  0  0 -13.095   1.541   0.500   0.073  -0.060   0.000 01E005M000t
00003 ARG01A0125_003 f 0.00  0.000     0  0.00  0  0 -12.248   4.197   5.734  -0.016  -0.231   0.000 01E01DM000t
00004 ARG01A0125_004 f 0.00  0.000     0  0.00  0  0 -13.657   1.252   0.617   0.066  -0.149   0.000 01E035M000t
00005 ARG01A0125_005 f 0.00  0.000     0  0.00  0  0  -8.693   0.588   2.823   0.011   0.085   0.000 01E06DM000t
00006 ARG01A0125_006 f 0.00  0.000     0  0.00  0  0 -12.581   0.987   3.108   0.006  -0.194   0.000 01E07DM000t
00007 ARG01A0125_007 f 0.00  0.000     0  0.00  0  0 -13.162   1.134   0.488   0.021  -0.345   0.000 01E081M000t
00008 ARG01A0125_008 f 0.00  0.000     0  0.00  0  0 -12.750   4.153   5.731   0.059  -0.151   0.000 01E093M000t
00009 ARG01A0125_009 f 0.00  0.000     0  0.00  0  0 -10.928   0.953   3.929   0.019  -0.192   0.000 01E0F3M000t
00010 ARG01A0125_010 f 0.00  0.000     0  0.00  0  0 -13.205   2.689   3.313  -0.006  -0.219   0.000 01T008M000t
00011 ARG01A0125_011 f 0.00  0.000     0  0.00  0  0 -10.625   1.992   6.503   0.063  -0.090   0.000 01T030M000t
00012 ARG01A0125_012 f 0.00  0.000     0  0.00  0  0  -9.047   0.742   2.814   0.002   0.022   0.000 01T088M000t
00013 ARG01A0125_013 f 0.00  0.000     0  0.00  0  0 -12.633   4.220   5.761  -0.006  -0.470   0.000 01T08BM000t
00014 ARG01A0125_014 f 0.00  0.000     0  0.00  0  0 -12.611   2.421   4.031   0.033  -0.297   0.000 01T0BEM000t
00015 ARG01A0125_015 f 0.00  0.000     0  0.00  0  0 -13.214   2.124   3.410   0.153  -0.055   0.000 01T0C4M000t
00016 ARG01A0125_016 f 0.00  0.000     0  0.00  0  0 -13.381   2.915   3.402   0.086  -0.226   0.000 01T0CEM000t
00017 ARG01A0125_017 f 0.00  0.000     0  0.00  0  0 -12.652   1.115   1.088   0.044  -0.366   0.000 01T0DFM000t
00018 ARG01A0125_018 f 0.00  0.000     0  0.00  0  0 -10.192   1.136   3.678   0.045   0.065   0.000 01T0E2M000t
00019 ARG01A0125_019 f 0.00  0.000     0  0.00  0  0 -12.767   1.238   3.370   0.027  -0.017   0.000 01T0E7M000t
00020 ARG01A0125_020 f 0.00  0.000     0  0.00  0  0 -12.487   1.991   3.160   0.026  -0.089   0.000 01T0E8M000t
00021 ARG02A0125_021 f 0.00  0.000     0  0.00  0  0 -12.587   0.509   0.529   0.039   0.985   0.000 02O000M000t
00022 ARG02A0125_022 f 0.00  0.000     0  0.00  0  0 -13.114   1.536   0.498   0.106   0.777   0.000 02E005M000t
00023 ARG02A0125_023 f 0.00  0.000     0  0.00  0  0  -8.646   0.572   2.812   0.044   0.546   0.000 02E06DM000t
00024 ARG02A0125_024 f 0.00  0.000     0  0.00  0  0 -13.217   2.126   3.407   0.088   0.643   0.000 02E0C4M000t
00025 ARG02A0125_025 f 0.00  0.000     0  0.00  0  0 -13.800   3.246   3.281   0.053   0.270   0.000 02E0CEM000t
00026 ARG02A0125_026 f 0.00  0.000     0  0.00  0  0 -12.385   1.863   3.163  -0.173   1.049   0.000 02E0E8M000t
00027 ARG02A0125_027 f 0.00  0.000     0  0.00  0  0 -12.265   4.201   5.747   0.002   1.064   0.000 02T01DM000t
00028 ARG02A0125_028 f 0.00  0.000     0  0.00  0  0 -13.185   1.134   0.485   0.016   0.637   0.000 02T081M000t
00029 ARG02A0125_029 f 0.00  0.000     0  0.00  0  0  -9.058   0.729   2.787   0.008   0.978   0.000 02T088M000t
00030 ARG02A0125_030 f 0.00  0.000     0  0.00  0  0 -11.860   2.492   3.856   0.041   0.936   0.000 02T0BEM000t
00031 ARG02A0125_031 f 0.00  0.000     0  0.00  0  0 -12.742   4.147   5.742   0.035   0.940   0.000 02T093M000t
00032 ARG02A0125_032 f 0.00  0.000     0  0.00  0  0 -10.771   1.017   3.659   0.035   1.101   0.000 02T0F3M000t
00033 ARG02A0125_033 f 0.00  0.000     0  0.00  0  0 -10.596   2.123   6.466  -0.220   0.900   0.000 02T030M000t
00034 ARG02A0125_034 f 0.00  0.000     0  0.00  0  0 -13.577   1.262   0.594   0.067   0.778   0.000 02T035M000t
00035 ARG02A0125_035 f 0.00  0.000     0  0.00  0  0 -12.418   0.886   2.799   0.021   0.525   0.000 02T07DM000t
00036 ARG02A0125_036 f 0.00  0.000     0  0.00  0  0 -12.485   1.103   1.085   0.005   0.707   0.000 02T0DFM000t
00037 ARG02A0125_037 f 0.00  0.000     0  0.00  0  0 -10.134   1.134   3.677   0.019   0.626   0.000 02T0E2M000t
00038 ARG02A0125_038 f 0.00  0.000     0  0.00  0  0 -13.040   2.696   3.304   0.077   0.903   0.000 02T008M000t
00039 ARG02A0125_039 f 0.00  0.000     0  0.00  0  0 -12.699   4.220   5.648   0.024   0.634   0.000 02T08BM000t
00040 ARG02A0125_040 f 0.00  0.000     0  0.00  0  0 -12.780   1.376   3.116  -0.014   0.544   0.000 02T0E7M000t
00041 ARG03A0125_041 f 0.00  0.000     0  0.00  0  0 -12.507   0.886   2.784   0.018   0.539   0.000 03E07DM000t
00042 ARG03A0125_042 f 0.00  0.000     0  0.00  0  0  -9.075   0.731   2.785   0.002   0.734   0.000 03E088M000t
00043 ARG03A0125_043 f 0.00  0.000     0  0.00  0  0 -11.977   2.497   3.856   0.038   0.299   0.000 03E0BEM000t
00044 ARG03A0125_044 f 0.00  0.000     0  0.00  0  0 -13.867   3.235   3.280   0.084   0.564   0.000 03E0CEM000t
00045 ARG03A0125_045 f 0.00  0.000     0  0.00  0  0 -12.588   0.509   0.529   0.049   0.915   0.000 03O000M000t
00046 ARG03A0125_046 f 0.00  0.000     0  0.00  0  0 -12.480   1.867   3.157   0.014   0.774   0.000 03E0E8M000t
00047 ARG03A0125_047 f 0.00  0.000     0  0.00  0  0 -13.212   2.708   3.302   0.101   0.911   0.000 03T008M000t
00048 ARG03A0125_048 f 0.00  0.000     0  0.00  0  0 -12.806   1.368   3.118   0.018   0.824   0.000 03T0E7M000t
00049 ARG03A0125_049 f 0.00  0.000     0  0.00  0  0 -10.792   1.018   3.655   0.033   0.832   0.000 03T0F3M000t
00050 ARG03A0125_050 f 0.00  0.000     0  0.00  0  0 -12.278   4.201   5.731  -0.004   0.868   0.000 03T01DM000t
00051 ARG03A0125_051 f 0.00  0.000     0  0.00  0  0 -13.226   2.110   3.406   0.137   0.914   0.000 03T0C4M000t
00052 ARG03A0125_052 f 0.00  0.000     0  0.00  0  0 -12.498   1.108   1.089   0.033   0.939   0.000 03T0DFM000t
00053 ARG03A0125_053 f 0.00  0.000     0  0.00  0  0 -10.222   1.135   3.674   0.040   0.986   0.000 03T0E2M000t
00054 ARG03A0125_054 f 0.00  0.000     0  0.00  0  0 -13.071   1.545   0.496   0.102   0.992   0.000 03T005M000t
00055 ARG03A0125_055 f 0.00  0.000     0  0.00  0  0 -10.576   2.054   6.473   0.041   1.045   0.000 03T030M000t
00056 ARG03A0125_056 f 0.00  0.000     0  0.00  0  0 -13.665   1.257   0.593   0.069   0.847   0.000 03T035M000t
00057 ARG03A0125_057 f 0.00  0.000     0  0.00  0  0  -8.754   0.577   2.805   0.050   0.856   0.000 03T06DM000t
00058 ARG03A0125_058 f 0.00  0.000     0  0.00  0  0 -13.189   1.130   0.488   0.018   0.672   0.000 03T081M000t
00059 ARG03A0125_059 f 0.00  0.000     0  0.00  0  0 -12.806   4.235   5.631   0.008   0.661   0.000 03T08BM000t
00060 ARG03A0125_060 f 0.00  0.000     0  0.00  0  0 -12.702   4.147   5.724   0.049   0.563   0.000 03T093M000t
00061 ARG+1A0125_061 f 0.00  1.000     0 12.50  0  1 -12.633   0.508   0.529   0.068  -0.273   0.000 +1O000M000t
00062 ARG+1A0125_062 f 0.00  1.000     0 12.50  0  1 -13.237   2.699   3.305   0.315   0.029   0.000 +1E008M000t
00063 ARG+1A0125_063 f 0.00  1.000     0 12.50  0  1  -8.762   0.573   2.825   0.113  -0.072   0.000 +1E06DM000t
00064 ARG+1A0125_064 f 0.00  1.000     0 12.50  0  1 -13.233   1.135   0.489   0.074  -0.402   0.000 +1E081M000t
00065 ARG+1A0125_065 f 0.00  1.000     0 12.50  0  1  -9.122   0.731   2.816   0.064  -0.063   0.000 +1E088M000t
00066 ARG+1A0125_066 f 0.00  1.000     0 12.50  0  1 -12.775   4.225   5.664   0.048  -0.430   0.000 +1E08BM000t
00067 ARG+1A0125_067 f 0.00  1.000     0 12.50  0  1 -12.592   1.105   1.091   0.116  -0.258   0.000 +1E0DFM000t
00068 ARG+1A0125_068 f 0.00  1.000     0 12.50  0  1 -10.262   1.130   3.679   0.099  -0.175   0.000 +1E0E2M000t
00069 ARG+1A0125_069 f 0.00  1.000     0 12.50  0  1 -12.583   1.895   3.163   0.321   0.098   0.000 +1E0E8M000t
00070 ARG+1A0125_070 f 0.00  1.000     0 12.50  0  1 -13.177   1.543   0.498   0.396   0.026   0.000 +1T005M000t
00071 ARG+1A0125_071 f 0.00  1.000     0 12.50  0  1 -12.248   4.203   5.750   0.032  -0.447   0.000 +1T01DM000t
00072 ARG+1A0125_072 f 0.00  1.000     0 12.50  0  1 -10.685   2.046   6.478   0.289  -0.094   0.000 +1T030M000t
00073 ARG+1A0125_073 f 0.00  1.000     0 12.50  0  1 -13.644   1.256   0.597   0.193  -0.153   0.000 +1T035M000t
00074 ARG+1A0125_074 f 0.00  1.000     0 12.50  0  1 -12.533   0.889   2.807   0.077  -0.287   0.000 +1T07DM000t
00075 ARG+1A0125_075 f 0.00  1.000     0 12.50  0  1 -12.779   4.148   5.742  -0.004  -0.263   0.000 +1T093M000t
00076 ARG+1A0125_076 f 0.00  1.000     0 12.50  0  1 -11.945   2.493   3.858   0.113  -0.237   0.000 +1T0BEM000t
00077 ARG+1A0125_077 f 0.00  1.000     0 12.50  0  1 -13.332   2.115   3.409   0.316  -0.313   0.000 +1T0C4M000t
00078 ARG+1A0125_078 f 0.00  1.000     0 12.50  0  1 -13.901   3.239   3.284   0.224  -0.498   0.000 +1T0CEM000t
00079 ARG+1A0125_079 f 0.00  1.000     0 12.50  0  1 -12.840   1.359   3.120   0.238  -0.379   0.000 +1T0E7M000t
00080 ARG+1A0125_080 f 0.00  1.000     0 12.50  0  1 -10.815   1.016   3.662   0.067  -0.224   0.000 +1T0F3M000t
