   confID        vdw0    sas     sum
ARG01A0125_001   1.423 -13.973 -12.550
ARG01A0125_002   1.160 -14.082 -12.922
ARG01A0125_003   1.854 -14.747 -12.893
ARG01A0125_004   1.361 -14.336 -12.975
ARG01A0125_005   2.641 -14.501 -11.861
ARG01A0125_006   1.454 -14.373 -12.919
ARG01A0125_007   1.742 -14.858 -13.115
ARG01A0125_008   1.769 -14.833 -13.063
ARG01A0125_009   1.971 -14.219 -12.248
ARG01A0125_010   2.638 -14.218 -11.581
ARG01A0125_011   1.811 -14.158 -12.348
ARG01A0125_012   2.101 -13.931 -11.830
ARG01A0125_013   3.365 -13.549 -10.184
ARG01A0125_014   1.718 -14.371 -12.654
ARG01A0125_015   2.265 -14.218 -11.953
ARG01A0125_016   1.235 -14.786 -13.551
ARG01A0125_017   1.944 -14.465 -12.521
ARG01A0125_018   1.831 -14.333 -12.502
ARG01A0125_019   2.354 -14.503 -12.149
ARG01A0125_020   0.956 -14.487 -13.531
ARG02A0125_021   3.353 -13.552 -10.199
ARG02A0125_022   1.122 -14.722 -13.600
ARG02A0125_023   2.587 -14.701 -12.114
ARG02A0125_024   2.549 -14.339 -11.790
ARG02A0125_025   1.467 -13.973 -12.506
ARG02A0125_026   1.816 -14.291 -12.475
ARG02A0125_027   2.741 -14.177 -11.436
ARG02A0125_028   1.817 -14.785 -12.967
ARG02A0125_029   1.835 -14.386 -12.551
ARG02A0125_030   1.134 -14.082 -12.949
ARG02A0125_031   1.904 -14.418 -12.515
ARG02A0125_032   1.780 -14.297 -12.517
ARG02A0125_033   1.920 -14.349 -12.429
ARG02A0125_034   1.823 -14.524 -12.701
ARG02A0125_035   1.124 -14.905 -13.781
ARG02A0125_036   2.690 -14.038 -11.348
ARG02A0125_037   2.159 -13.835 -11.675
ARG02A0125_038   1.870 -14.644 -12.774
ARG02A0125_039   1.368 -14.452 -13.083
ARG02A0125_040   1.953 -14.797 -12.843
ARG03A0125_041   1.380 -13.973 -12.594
ARG03A0125_042   2.086 -13.835 -11.749
ARG03A0125_043   1.712 -14.423 -12.711
ARG03A0125_044   2.698 -14.245 -11.546
ARG03A0125_045   2.570 -14.637 -12.066
ARG03A0125_046   1.774 -14.297 -12.523
ARG03A0125_047   1.071 -14.905 -13.834
ARG03A0125_048   2.598 -14.038 -11.440
ARG03A0125_049   1.791 -14.631 -12.839
ARG03A0125_050   3.345 -13.485 -10.140
ARG03A0125_051   1.301 -14.404 -13.103
ARG03A0125_052   1.909 -14.290 -12.381
ARG03A0125_053   1.747 -14.318 -12.571
ARG03A0125_054   1.127 -14.722 -13.596
ARG03A0125_055   1.866 -14.414 -12.547
ARG03A0125_056   1.795 -14.392 -12.598
ARG03A0125_057   1.920 -14.816 -12.897
ARG03A0125_058   1.748 -14.833 -13.085
ARG03A0125_059   1.132 -14.150 -13.017
ARG03A0125_060   2.552 -14.403 -11.851
ARG+1A0125_061   1.340 -13.973 -12.633
ARG+1A0125_062   1.663 -14.419 -12.756
ARG+1A0125_063   1.761 -14.644 -12.882
ARG+1A0125_064   1.262 -14.452 -13.190
ARG+1A0125_065   2.667 -14.245 -11.578
ARG+1A0125_066   2.538 -14.637 -12.098
ARG+1A0125_067   1.734 -14.297 -12.562
ARG+1A0125_068   1.737 -14.653 -12.915
ARG+1A0125_069   1.701 -14.785 -13.083
ARG+1A0125_070   1.025 -14.905 -13.880
ARG+1A0125_071   1.876 -14.290 -12.414
ARG+1A0125_072   1.085 -14.082 -12.997
ARG+1A0125_073   2.038 -13.835 -11.796
ARG+1A0125_074   3.309 -13.485 -10.175
ARG+1A0125_075   1.083 -14.722 -13.639
ARG+1A0125_076   1.822 -14.414 -12.591
ARG+1A0125_077   1.870 -14.749 -12.879
ARG+1A0125_078   2.525 -14.403 -11.878
ARG+1A0125_079   2.571 -14.103 -11.531
ARG+1A0125_080   1.705 -14.366 -12.661
