iConf CONFORMER     FL  occ    crg   Em0  pKa0 ne nH    vdw0    vdw1    tors    epol   dsolv   extra    history
00001 LYS01A0162_001 f 0.00  0.000     0  0.00  0  0  -9.934   6.674   2.355  -0.007   0.103   0.000 01O000M000t
00002 LYS01A0162_002 f 0.00  0.000     0  0.00  0  0 -10.458   3.330   1.890  -0.047   0.125   0.000 01E028M000t
00003 LYS01A0162_003 f 0.00  0.000     0  0.00  0  0 -10.438   0.874   1.959  -0.011   0.094   0.000 01E03DM000t
00004 LYS01A0162_004 f 0.00  0.000     0  0.00  0  0  -8.693   2.535   3.907  -0.022  -0.056   0.000 01E061M000t
00005 LYS01A0162_005 f 0.00  0.000     0  0.00  0  0 -10.530   3.906   4.063  -0.038   0.009   0.000 01E064M000t
00006 LYS01A0162_006 f 0.00  0.000     0  0.00  0  0  -9.160   2.845   5.468  -0.014   0.034   0.000 01E06AM000t
00007 LYS01A0162_007 f 0.00  0.000     0  0.00  0  0  -9.545   0.866   3.741  -0.014   0.090   0.000 01E078M000t
00008 LYS01A0162_008 f 0.00  0.000     0  0.00  0  0 -10.612   5.572   1.910  -0.008  -0.022   0.000 01E07CM000t
00009 LYS01A0162_009 f 0.00  0.000     0  0.00  0  0 -10.471   0.701   3.452  -0.010   0.030   0.000 01E0A1M000t
00010 LYS01A0162_010 f 0.00  0.000     0  0.00  0  0 -11.444   4.156   3.502  -0.004   0.089   0.000 01E0A8M000t
00011 LYS01A0162_011 f 0.00  0.000     0  0.00  0  0 -10.500   4.853   4.094  -0.015   0.065   0.000 01E0AEM000t
00012 LYS01A0162_012 f 0.00  0.000     0  0.00  0  0  -9.721   4.508   2.242  -0.006   0.018   0.000 01E0B2M000t
00013 LYS01A0162_013 f 0.00  0.000     0  0.00  0  0  -8.105   4.741   2.516  -0.002  -0.119   0.000 01T005M000t
00014 LYS01A0162_014 f 0.00  0.000     0  0.00  0  0  -8.698   4.004   2.218   0.007  -0.027   0.000 01T006M000t
00015 LYS01A0162_015 f 0.00  0.000     0  0.00  0  0  -9.969   1.173   4.595  -0.009   0.092   0.000 01T046M000t
00016 LYS01A0162_016 f 0.00  0.000     0  0.00  0  0  -9.650   1.013   4.281  -0.010  -0.088   0.000 01T06EM000t
00017 LYS01A0162_017 f 0.00  0.000     0  0.00  0  0 -11.114   1.086   3.582  -0.008   0.029   0.000 01T096M000t
00018 LYS01A0162_018 f 0.00  0.000     0  0.00  0  0 -10.649   3.862   4.403  -0.033  -0.022   0.000 01T0C3M000t
00019 LYS01A0162_019 f 0.00  0.000     0  0.00  0  0  -7.466   1.719   3.414  -0.021  -0.126   0.000 01T0CCM000t
00020 LYS01A0162_020 f 0.00  0.000     0  0.00  0  0  -8.708   1.517   3.730  -0.032   0.155   0.000 01T0E2M000t
00021 LYS+1A0162_021 f 0.00  1.000     0 10.40  0  1 -10.021   6.668   2.355   0.000   0.032   0.000 +1O000M000t
00022 LYS+1A0162_022 f 0.00  1.000     0 10.40  0  1 -10.073   1.170   4.695   0.080  -0.084   0.000 +1E046M000t
00023 LYS+1A0162_023 f 0.00  1.000     0 10.40  0  1  -8.714   2.542   3.930   0.114  -0.214   0.000 +1E061M000t
00024 LYS+1A0162_024 f 0.00  1.000     0 10.40  0  1  -9.148   2.817   5.590   0.086  -0.424   0.000 +1E06AM000t
00025 LYS+1A0162_025 f 0.00  1.000     0 10.40  0  1  -9.383   1.000   4.414   0.069  -0.372   0.000 +1E06EM000t
00026 LYS+1A0162_026 f 0.00  1.000     0 10.40  0  1  -9.668   0.861   3.901   0.060  -0.218   0.000 +1E078M000t
00027 LYS+1A0162_027 f 0.00  1.000     0 10.40  0  1 -11.213   1.080   3.642   0.101  -0.114   0.000 +1E096M000t
00028 LYS+1A0162_028 f 0.00  1.000     0 10.40  0  1 -10.599   0.703   3.532   0.054  -0.247   0.000 +1E0A1M000t
00029 LYS+1A0162_029 f 0.00  1.000     0 10.40  0  1 -11.401   4.162   3.554   0.072  -0.217   0.000 +1E0A8M000t
00030 LYS+1A0162_030 f 0.00  1.000     0 10.40  0  1  -8.819   1.505   3.742   0.130   0.137   0.000 +1E0E2M000t
00031 LYS+1A0162_031 f 0.00  1.000     0 10.40  0  1  -8.125   4.745   2.533   0.017  -0.001   0.000 +1T005M000t
00032 LYS+1A0162_032 f 0.00  1.000     0 10.40  0  1  -8.581   3.954   2.233  -0.338   0.512   0.000 +1T006M000t
00033 LYS+1A0162_033 f 0.00  1.000     0 10.40  0  1 -10.726   3.325   1.899   0.171  -0.010   0.000 +1T028M000t
00034 LYS+1A0162_034 f 0.00  1.000     0 10.40  0  1 -10.408   0.876   1.969   0.083  -0.360   0.000 +1T03DM000t
00035 LYS+1A0162_035 f 0.00  1.000     0 10.40  0  1 -10.637   3.916   4.104   0.170  -0.163   0.000 +1T064M000t
00036 LYS+1A0162_036 f 0.00  1.000     0 10.40  0  1 -10.632   5.571   1.928   0.034  -0.394   0.000 +1T07CM000t
00037 LYS+1A0162_037 f 0.00  1.000     0 10.40  0  1 -10.503   4.865   4.166  -0.086   0.246   0.000 +1T0AEM000t
00038 LYS+1A0162_038 f 0.00  1.000     0 10.40  0  1  -9.794   4.526   2.249   0.036  -0.159   0.000 +1T0B2M000t
00039 LYS+1A0162_039 f 0.00  1.000     0 10.40  0  1 -10.473   3.840   4.460   0.177  -0.058   0.000 +1T0C3M000t
00040 LYS+1A0162_040 f 0.00  1.000     0 10.40  0  1  -7.754   1.745   3.528   0.089  -0.177   0.000 +1T0CCM000t
