CONFORMER         crg  vdw0  vdw1  tors  epol  self   occ  Hb     history    ASA
LYS01A0162_001  0.000 -9.94  6.68  2.36  0.00 -0.90 0.501  00  01O000M000  1.000
LYS01A0162_002  0.000-10.46  3.33  1.89  0.00 -5.24 0.501  00  01E028M000  1.000
LYS01A0162_003  0.000-10.44  0.87  1.96  0.00 -7.61 0.502  00  01E03DM000  1.000
LYS01A0162_004  0.000 -8.70  2.53  3.91  0.00 -2.27 0.502  00  01E061M000  1.000
LYS01A0162_005  0.000-10.53  3.91  4.06  0.00 -2.56 0.501  00  01E064M000  1.000
LYS01A0162_006  0.000 -9.16  2.84  5.47  0.00 -0.85 0.501  00  01E06AM000  1.000
LYS01A0162_007  0.000 -9.55  0.87  3.74  0.00 -4.94 0.502  00  01E078M000  1.000
LYS01A0162_008  0.000-10.61  5.56  1.91  0.00 -3.14 0.501  00  01E07CM000  1.000
LYS01A0162_009  0.000-10.54  0.70  3.45  0.00 -6.39 0.501  00  01E0A1M000  1.000
LYS01A0162_010  0.000-11.44  4.16  3.51  0.00 -3.78 0.502  00  01E0A8M000  1.000
LYS01A0162_011  0.000-10.50  4.85  4.09  0.00 -1.56 0.501  00  01E0AEM000  1.000
LYS01A0162_012  0.000 -9.67  4.51  2.24  0.00 -2.91 0.501  00  01E0B2M000  1.000
LYS01A0162_013  0.000 -8.11  4.75  2.52  0.00 -0.85 0.502  00  01T005M000  1.000
LYS01A0162_014  0.000 -8.65  4.00  2.22  0.00 -2.43 0.502  00  01T006M000  1.000
LYS01A0162_015  0.000 -9.97  1.17  4.59  0.00 -4.21 0.502  00  01T046M000  1.000
LYS01A0162_016  0.000 -9.65  1.01  4.28  0.00 -4.36 0.502  00  01T06EM000  1.000
LYS01A0162_017  0.000-11.12  1.09  3.58  0.00 -6.45 0.502  00  01T096M000  1.000
LYS01A0162_018  0.000-10.66  3.85  4.40  0.00 -2.40 0.502  00  01T0C3M000  1.000
LYS01A0162_019  0.000 -7.46  1.72  3.41  0.00 -2.33 0.502  00  01T0CCM000  1.000
LYS01A0162_020  0.000 -8.71  1.52  3.73  0.00 -3.47 0.502  00  01T0E2M000  1.000
LYS+1A0162_021  1.000-10.02  6.67  2.36  0.00 -0.99 0.501  00  +1O000M000  1.000
LYS+1A0162_022  1.000-10.01  1.17  4.69  0.00 -4.14 0.502  00  +1E046M000  1.000
LYS+1A0162_023  1.000 -8.71  2.54  3.93  0.00 -2.24 0.502  00  +1E061M000  1.000
LYS+1A0162_024  1.000 -9.15  2.82  5.59  0.00 -0.74 0.501  00  +1E06AM000  1.000
LYS+1A0162_025  1.000 -9.38  1.00  4.42  0.00 -3.96 0.502  00  +1E06EM000  1.000
LYS+1A0162_026  1.000 -9.67  0.86  3.90  0.00 -4.91 0.502  00  +1E078M000  1.000
LYS+1A0162_027  1.000-11.21  1.08  3.64  0.00 -6.49 0.502  00  +1E096M000  1.000
LYS+1A0162_028  1.000-10.59  0.70  3.53  0.00 -6.36 0.501  00  +1E0A1M000  1.000
LYS+1A0162_029  1.000-11.40  4.16  3.55  0.00 -3.69 0.502  00  +1E0A8M000  1.000
LYS+1A0162_030  1.000 -8.82  1.50  3.74  0.00 -3.57 0.502  00  +1E0E2M000  1.000
LYS+1A0162_031  1.000 -8.13  4.75  2.53  0.00 -0.85 0.502  00  +1T005M000  1.000
LYS+1A0162_032  1.000 -8.58  3.96  2.23  0.00 -2.39 0.502  00  +1T006M000  1.000
LYS+1A0162_033  1.000-10.73  3.33  1.90  0.00 -5.50 0.501  00  +1T028M000  1.000
LYS+1A0162_034  1.000-10.40  0.87  1.97  0.00 -7.56 0.502  00  +1T03DM000  1.000
LYS+1A0162_035  1.000-10.67  3.91  4.11  0.00 -2.66 0.501  00  +1T064M000  1.000
LYS+1A0162_036  1.000-10.63  5.57  1.93  0.00 -3.14 0.501  00  +1T07CM000  1.000
LYS+1A0162_037  1.000-10.44  4.86  4.16  0.00 -1.42 0.501  00  +1T0AEM000  1.000
LYS+1A0162_038  1.000 -9.79  4.53  2.25  0.00 -3.01 0.501  00  +1T0B2M000  1.000
LYS+1A0162_039  1.000-10.48  3.84  4.46  0.00 -2.18 0.502  00  +1T0C3M000  1.000
LYS+1A0162_040  1.000 -7.75  1.75  3.53  0.00 -2.47 0.502  00  +1T0CCM000  1.000
