   confID        vdw0    sas     sum
LYS01A0162_001   2.128 -12.062  -9.934
LYS01A0162_002   1.781 -12.239 -10.458
LYS01A0162_003   2.045 -12.483 -10.438
LYS01A0162_004   3.881 -12.574  -8.693
LYS01A0162_005   1.374 -11.903 -10.530
LYS01A0162_006   3.371 -12.531  -9.160
LYS01A0162_007   2.915 -12.460  -9.545
LYS01A0162_008   1.551 -12.164 -10.612
LYS01A0162_009   1.914 -12.386 -10.471
LYS01A0162_010   1.280 -12.724 -11.444
LYS01A0162_011   2.165 -12.664 -10.500
LYS01A0162_012   2.410 -12.131  -9.721
LYS01A0162_013   3.873 -11.978  -8.105
LYS01A0162_014   3.703 -12.401  -8.698
LYS01A0162_015   2.134 -12.103  -9.969
LYS01A0162_016   3.338 -12.988  -9.650
LYS01A0162_017   1.305 -12.419 -11.114
LYS01A0162_018   1.993 -12.641 -10.649
LYS01A0162_019   4.862 -12.328  -7.466
LYS01A0162_020   3.718 -12.427  -8.708
LYS+1A0162_021   2.041 -12.062 -10.021
LYS+1A0162_022   2.107 -12.180 -10.073
LYS+1A0162_023   3.860 -12.574  -8.714
LYS+1A0162_024   3.424 -12.572  -9.148
LYS+1A0162_025   3.366 -12.749  -9.383
LYS+1A0162_026   2.975 -12.643  -9.668
LYS+1A0162_027   1.241 -12.454 -11.213
LYS+1A0162_028   1.870 -12.469 -10.599
LYS+1A0162_029   1.221 -12.621 -11.401
LYS+1A0162_030   3.608 -12.427  -8.819
LYS+1A0162_031   3.734 -11.859  -8.125
LYS+1A0162_032   3.662 -12.243  -8.581
LYS+1A0162_033   1.687 -12.413 -10.726
LYS+1A0162_034   1.943 -12.351 -10.408
LYS+1A0162_035   1.331 -11.968 -10.637
LYS+1A0162_036   1.518 -12.151 -10.632
LYS+1A0162_037   2.122 -12.626 -10.503
LYS+1A0162_038   2.392 -12.186  -9.794
LYS+1A0162_039   1.930 -12.403 -10.473
LYS+1A0162_040   4.677 -12.431  -7.754
