CONFORMER         crg  vdw0  vdw1  tors  epol  self   occ  Hb     history    ASA
LYS01A0127_001  0.000-12.32  0.31  0.80  0.00-11.21 0.501  00  01O000M000  1.000
LYS01A0127_002  0.000-10.71  0.22  0.88  0.00 -9.61 0.502  00  01E013M000  1.000
LYS01A0127_003  0.000-11.06  3.75  4.24  0.00 -3.07 0.501  00  01E024M000  1.000
LYS01A0127_004  0.000 -8.79  0.73  2.05  0.00 -6.01 0.502  00  01E044M000  1.000
LYS01A0127_005  0.000-11.52  2.91  3.65  0.00 -4.95 0.501  00  01E087M000  1.000
LYS01A0127_006  0.000 -9.78  0.31  3.68  0.00 -5.79 0.501  00  01E0C5M000  1.000
LYS01A0127_007  0.000-10.07  0.38  3.67  0.00 -6.02 0.501  00  01E0CAM000  1.000
LYS01A0127_008  0.000 -7.44  0.61  2.08  0.00 -4.76 0.501  00  01E107M000  1.000
LYS01A0127_009  0.000 -7.50  1.95  4.87  0.00 -0.69 0.501  00  01E125M000  1.000
LYS01A0127_010  0.000 -9.82  2.89  4.29  0.00 -2.64 0.501  00  01E157M000  1.000
LYS01A0127_011  0.000 -7.27  3.32  2.05  0.00 -1.90 0.501  00  01E15BM000  1.000
LYS01A0127_012  0.000-11.71  1.91  1.49  0.00 -8.30 0.502  00  01T02FM000  1.000
LYS01A0127_013  0.000-11.61  0.29  3.60  0.00 -7.71 0.501  00  01T057M000  1.000
LYS01A0127_014  0.000-11.22  2.89  0.80  0.00 -7.53 0.502  00  01T06AM000  1.000
LYS01A0127_015  0.000-11.03  6.28  3.60  0.00 -1.14 0.501  00  01T06EM000  1.000
LYS01A0127_016  0.000 -9.82  0.30  1.44  0.00 -8.09 0.501  00  01T0C3M000  1.000
LYS01A0127_017  0.000-10.16  0.44  4.23  0.00 -5.49 0.502  00  01T0CEM000  1.000
LYS01A0127_018  0.000-10.32  2.04  7.09  0.00 -1.19 0.501  00  01T10AM000  1.000
LYS01A0127_019  0.000-10.57  1.33  3.78  0.00 -5.47 0.502  00  01T13EM000  1.000
LYS01A0127_020  0.000-10.46  2.78  1.53  0.00 -6.14 0.502  00  01T142M000  1.000
LYS+1A0127_021  1.000-12.37  0.31  0.80  0.00-11.25 0.501  00  +1O000M000  1.000
LYS+1A0127_022  1.000 -8.83  0.73  2.05  0.00 -6.05 0.502  00  +1E044M000  1.000
LYS+1A0127_023  1.000-11.66  0.29  3.60  0.00 -7.77 0.501  00  +1E057M000  1.000
LYS+1A0127_024  1.000-11.09  2.89  0.80  0.00 -7.40 0.502  00  +1E06AM000  1.000
LYS+1A0127_025  1.000-11.05  6.28  3.60  0.00 -1.16 0.501  00  +1E06EM000  1.000
LYS+1A0127_026  1.000-11.58  2.91  3.65  0.00 -5.02 0.501  00  +1E087M000  1.000
LYS+1A0127_027  1.000 -9.95  0.29  1.44  0.00 -8.23 0.501  00  +1E0C3M000  1.000
LYS+1A0127_028  1.000-10.14  0.39  3.67  0.00 -6.08 0.501  00  +1E0CAM000  1.000
LYS+1A0127_029  1.000 -7.46  0.60  2.08  0.00 -4.78 0.501  00  +1E107M000  1.000
LYS+1A0127_030  1.000-10.64  1.32  3.78  0.00 -5.53 0.502  00  +1E13EM000  1.000
LYS+1A0127_031  1.000 -7.27  3.37  2.05  0.00 -1.84 0.501  00  +1E15BM000  1.000
LYS+1A0127_032  1.000-10.75  0.22  0.88  0.00 -9.65 0.502  00  +1T013M000  1.000
LYS+1A0127_033  1.000-11.10  3.76  4.24  0.00 -3.11 0.501  00  +1T024M000  1.000
LYS+1A0127_034  1.000-11.80  1.93  1.49  0.00 -8.39 0.502  00  +1T02FM000  1.000
LYS+1A0127_035  1.000 -9.74  0.32  3.68  0.00 -5.75 0.501  00  +1T0C5M000  1.000
LYS+1A0127_036  1.000-10.21  0.44  4.23  0.00 -5.54 0.502  00  +1T0CEM000  1.000
LYS+1A0127_037  1.000-10.38  2.04  7.09  0.00 -1.25 0.501  00  +1T10AM000  1.000
LYS+1A0127_038  1.000 -7.55  1.94  4.87  0.00 -0.73 0.501  00  +1T125M000  1.000
LYS+1A0127_039  1.000-10.52  2.79  1.54  0.00 -6.20 0.502  00  +1T142M000  1.000
LYS+1A0127_040  1.000 -9.79  2.92  4.29  0.00 -2.59 0.501  00  +1T157M000  1.000
