iConf CONFORMER     FL  occ    crg   Em0  pKa0 ne nH    vdw0    vdw1    tors    epol   dsolv   extra    history
00001 LYS01A0018_001 f 0.00  0.000     0  0.00  0  0 -12.062   0.590   0.865  -0.007   0.028   0.000 01O000M000t
00002 LYS01A0018_002 f 0.00  0.000     0  0.00  0  0 -10.828   3.641   4.151   0.001  -0.068   0.000 01E016M000t
00003 LYS01A0018_003 f 0.00  0.000     0  0.00  0  0 -11.145   2.144   6.281  -0.009   0.054   0.000 01E063M000t
00004 LYS01A0018_004 f 0.00  0.000     0  0.00  0  0 -11.658   3.494   6.364  -0.025  -0.063   0.000 01E08EM000t
00005 LYS01A0018_005 f 0.00  0.000     0  0.00  0  0  -9.366   3.611   4.114  -0.010   0.088   0.000 01E0AEM000t
00006 LYS01A0018_006 f 0.00  0.000     0  0.00  0  0  -9.013   3.561   3.737  -0.005  -0.012   0.000 01E0B6M000t
00007 LYS01A0018_007 f 0.00  0.000     0  0.00  0  0  -9.642   1.976   6.377  -0.022  -0.150   0.000 01E0D1M000t
00008 LYS01A0018_008 f 0.00  0.000     0  0.00  0  0  -9.231   1.970   4.147  -0.006   0.144   0.000 01E0D6M000t
00009 LYS01A0018_009 f 0.00  0.000     0  0.00  0  0  -6.545   0.900   2.117  -0.017  -0.021   0.000 01E10EM000t
00010 LYS01A0018_010 f 0.00  0.000     0  0.00  0  0  -9.464   2.559   6.506  -0.029  -0.001   0.000 01E13CM000t
00011 LYS01A0018_011 f 0.00  0.000     0  0.00  0  0 -10.939   0.583   1.444  -0.005   0.028   0.000 01T011M000t
00012 LYS01A0018_012 f 0.00  0.000     0  0.00  0  0 -10.843   3.660   4.124  -0.007   0.054   0.000 01T019M000t
00013 LYS01A0018_013 f 0.00  0.000     0  0.00  0  0  -7.317   0.637   2.144  -0.016  -0.003   0.000 01T02AM000t
00014 LYS01A0018_014 f 0.00  0.000     0  0.00  0  0 -11.178   1.872   1.592  -0.021   0.016   0.000 01T03FM000t
00015 LYS01A0018_015 f 0.00  0.000     0  0.00  0  0  -6.735   1.088   3.646  -0.009  -0.043   0.000 01T05DM000t
00016 LYS01A0018_016 f 0.00  0.000     0  0.00  0  0 -11.585   2.427   3.676  -0.016   0.002   0.000 01T06DM000t
00017 LYS01A0018_017 f 0.00  0.000     0  0.00  0  0 -10.057   1.275   1.500  -0.011   0.101   0.000 01T07EM000t
00018 LYS01A0018_018 f 0.00  0.000     0  0.00  0  0  -9.900   0.581   4.245  -0.004   0.015   0.000 01T09AM000t
00019 LYS01A0018_019 f 0.00  0.000     0  0.00  0  0  -9.410   1.957   3.565  -0.002   0.106   0.000 01T0D0M000t
00020 LYS01A0018_020 f 0.00  0.000     0  0.00  0  0 -10.672   1.498   4.345  -0.158   0.120   0.000 01T119M000t
00021 LYS+1A0018_021 f 0.00  1.000     0 10.40  0  1 -12.108   0.589   0.865   0.030  -0.173   0.000 +1O000M000t
00022 LYS+1A0018_022 f 0.00  1.000     0 10.40  0  1  -7.389   0.634   2.144   0.095  -0.209   0.000 +1E02AM000t
00023 LYS+1A0018_023 f 0.00  1.000     0 10.40  0  1 -11.163   2.143   6.281   0.048  -0.232   0.000 +1E063M000t
00024 LYS+1A0018_024 f 0.00  1.000     0 10.40  0  1 -11.710   3.483   6.366   0.153  -0.339   0.000 +1E08EM000t
00025 LYS+1A0018_025 f 0.00  1.000     0 10.40  0  1  -9.955   0.580   4.246   0.036  -0.352   0.000 +1E09AM000t
00026 LYS+1A0018_026 f 0.00  1.000     0 10.40  0  1  -9.374   1.951   4.153   0.077   0.111   0.000 +1E0D6M000t
00027 LYS+1A0018_027 f 0.00  1.000     0 10.40  0  1 -10.796   1.431   4.353   0.550   0.079   0.000 +1E119M000t
00028 LYS+1A0018_028 f 0.00  1.000     0 10.40  0  1 -10.984   0.580   1.446   0.018  -0.350   0.000 +1T011M000t
00029 LYS+1A0018_029 f 0.00  1.000     0 10.40  0  1 -10.876   3.647   4.152  -0.015  -0.193   0.000 +1T016M000t
00030 LYS+1A0018_030 f 0.00  1.000     0 10.40  0  1 -10.887   3.668   4.127   0.031  -0.183   0.000 +1T019M000t
00031 LYS+1A0018_031 f 0.00  1.000     0 10.40  0  1 -11.170   1.872   1.597   0.122  -0.231   0.000 +1T03FM000t
00032 LYS+1A0018_032 f 0.00  1.000     0 10.40  0  1  -6.759   1.086   3.647   0.069  -0.162   0.000 +1T05DM000t
00033 LYS+1A0018_033 f 0.00  1.000     0 10.40  0  1 -11.671   2.438   3.674   0.090  -0.271   0.000 +1T06DM000t
00034 LYS+1A0018_034 f 0.00  1.000     0 10.40  0  1 -10.134   1.275   1.500   0.041  -0.339   0.000 +1T07EM000t
00035 LYS+1A0018_035 f 0.00  1.000     0 10.40  0  1  -9.380   3.614   4.120   0.059  -0.068   0.000 +1T0AEM000t
00036 LYS+1A0018_036 f 0.00  1.000     0 10.40  0  1  -8.722   3.674   3.717   0.059  -0.041   0.000 +1T0B6M000t
00037 LYS+1A0018_037 f 0.00  1.000     0 10.40  0  1  -9.373   1.952   3.570   0.092  -0.088   0.000 +1T0D0M000t
00038 LYS+1A0018_038 f 0.00  1.000     0 10.40  0  1  -9.715   1.978   6.377   0.013  -0.041   0.000 +1T0D1M000t
00039 LYS+1A0018_039 f 0.00  1.000     0 10.40  0  1  -6.634   0.901   2.117   0.031   0.192   0.000 +1T10EM000t
00040 LYS+1A0018_040 f 0.00  1.000     0 10.40  0  1  -9.526   2.556   6.511   0.147  -0.147   0.000 +1T13CM000t
