   confID        vdw0    sas     sum
LYS01A0018_001   0.677 -12.739 -12.062
LYS01A0018_002   1.757 -12.585 -10.828
LYS01A0018_003   1.228 -12.373 -11.145
LYS01A0018_004   0.985 -12.643 -11.658
LYS01A0018_005   2.496 -11.862  -9.366
LYS01A0018_006   2.746 -11.759  -9.013
LYS01A0018_007   2.319 -11.961  -9.642
LYS01A0018_008   2.449 -11.680  -9.231
LYS01A0018_009   5.697 -12.242  -6.545
LYS01A0018_010   2.848 -12.312  -9.464
LYS01A0018_011   1.746 -12.685 -10.939
LYS01A0018_012   1.761 -12.604 -10.843
LYS01A0018_013   5.039 -12.357  -7.317
LYS01A0018_014   1.536 -12.714 -11.178
LYS01A0018_015   5.357 -12.091  -6.735
LYS01A0018_016   0.987 -12.573 -11.585
LYS01A0018_017   2.043 -12.100 -10.057
LYS01A0018_018   2.557 -12.456  -9.900
LYS01A0018_019   2.442 -11.852  -9.410
LYS01A0018_020   2.297 -12.970 -10.672
LYS+1A0018_021   0.632 -12.739 -12.108
LYS+1A0018_022   4.968 -12.357  -7.389
LYS+1A0018_023   1.171 -12.334 -11.163
LYS+1A0018_024   0.934 -12.643 -11.710
LYS+1A0018_025   2.501 -12.456  -9.955
LYS+1A0018_026   2.373 -11.747  -9.374
LYS+1A0018_027   2.241 -13.037 -10.796
LYS+1A0018_028   1.701 -12.685 -10.984
LYS+1A0018_029   1.709 -12.585 -10.876
LYS+1A0018_030   1.717 -12.604 -10.887
LYS+1A0018_031   1.492 -12.662 -11.170
LYS+1A0018_032   5.268 -12.027  -6.759
LYS+1A0018_033   0.940 -12.611 -11.671
LYS+1A0018_034   1.966 -12.100 -10.134
LYS+1A0018_035   2.431 -11.811  -9.380
LYS+1A0018_036   2.847 -11.569  -8.722
LYS+1A0018_037   2.374 -11.746  -9.373
LYS+1A0018_038   2.246 -11.961  -9.715
LYS+1A0018_039   5.609 -12.242  -6.634
LYS+1A0018_040   2.786 -12.312  -9.526
