CONFORMER         crg  vdw0  vdw1  tors  epol  self   occ  Hb     history    ASA
LYS01A0140_001  0.000-12.49  2.26  1.10  0.00 -9.13 0.501  00  01O000M000  1.000
LYS01A0140_002  0.000-12.62  4.25  3.46  0.00 -4.91 0.502  00  01E00EM000  1.000
LYS01A0140_003  0.000-11.76  7.83  3.36  0.00 -0.57 0.501  00  01E016M000  1.000
LYS01A0140_004  0.000 -9.63  5.35  2.31  0.00 -1.97 0.501  00  01E034M000  1.000
LYS01A0140_005  0.000-10.08  6.63  1.68  0.00 -1.78 0.502  00  01E035M000  1.000
LYS01A0140_006  0.000-11.78  2.13  0.95  0.00 -8.71 0.501  00  01E04AM000  1.000
LYS01A0140_007  0.000 -9.44  3.45  4.02  0.00 -1.98 0.502  00  01E05CM000  1.000
LYS01A0140_008  0.000 -9.79  3.16  3.82  0.00 -2.81 0.501  00  01E066M000  1.000
LYS01A0140_009  0.000-11.00  2.91  3.35  0.00 -4.74 0.502  00  01E0B1M000  1.000
LYS01A0140_010  0.000 -8.89  2.79  2.21  0.00 -3.89 0.502  00  01E0C6M000  1.000
LYS01A0140_011  0.000 -9.10  4.68  2.26  0.00 -2.16 0.502  00  01E0D6M000  1.000
LYS01A0140_012  0.000 -8.64  1.91  2.22  0.00 -4.52 0.502  00  01E0EDM000  1.000
LYS01A0140_013  0.000 -8.96  3.82  4.71  0.00 -0.44 0.501  00  01E108M000  1.000
LYS01A0140_014  0.000-11.62  6.14  3.52  0.00 -1.96 0.501  00  01T040M000  1.000
LYS01A0140_015  0.000-11.70  2.13  0.94  0.00 -8.64 0.502  00  01T04CM000  1.000
LYS01A0140_016  0.000-11.26  2.22  3.83  0.00 -5.21 0.502  00  01T06FM000  1.000
LYS01A0140_017  0.000 -9.46  4.44  3.73  0.00 -1.28 0.502  00  01T07AM000  1.000
LYS01A0140_018  0.000 -8.77  2.25  4.79  0.00 -1.73 0.502  00  01T0FAM000  1.000
LYS01A0140_019  0.000 -8.88  4.50  2.31  0.00 -2.07 0.501  00  01T0FFM000  1.000
LYS01A0140_020  0.000-10.71  4.37  4.35  0.00 -1.99 0.502  00  01T105M000  1.000
LYS+1A0140_021  1.000-12.53  2.26  1.10  0.00 -9.17 0.501  00  +1O000M000  1.000
LYS+1A0140_022  1.000 -9.87  5.35  2.31  0.00 -2.21 0.501  00  +1E034M000  1.000
LYS+1A0140_023  1.000-11.69  6.29  3.53  0.00 -1.87 0.501  00  +1E040M000  1.000
LYS+1A0140_024  1.000-11.77  2.12  0.94  0.00 -8.71 0.502  00  +1E04CM000  1.000
LYS+1A0140_025  1.000 -9.47  3.44  4.05  0.00 -1.98 0.502  00  +1E05CM000  1.000
LYS+1A0140_026  1.000-11.10  2.91  3.36  0.00 -4.84 0.502  00  +1E0B1M000  1.000
LYS+1A0140_027  1.000 -8.82  2.77  2.21  0.00 -3.83 0.502  00  +1E0C6M000  1.000
LYS+1A0140_028  1.000 -9.16  4.79  2.27  0.00 -2.10 0.502  00  +1E0D6M000  1.000
LYS+1A0140_029  1.000 -8.84  2.23  4.84  0.00 -1.77 0.502  00  +1E0FAM000  1.000
LYS+1A0140_030  1.000 -9.04  4.55  2.31  0.00 -2.18 0.501  00  +1E0FFM000  1.000
LYS+1A0140_031  1.000-12.71  4.26  3.46  0.00 -5.00 0.502  00  +1T00EM000  1.000
LYS+1A0140_032  1.000-11.77  7.82  3.37  0.00 -0.59 0.501  00  +1T016M000  1.000
LYS+1A0140_033  1.000-10.02  6.64  1.69  0.00 -1.70 0.502  00  +1T035M000  1.000
LYS+1A0140_034  1.000-11.84  2.13  0.95  0.00 -8.77 0.501  00  +1T04AM000  1.000
LYS+1A0140_035  1.000 -9.82  3.17  3.84  0.00 -2.80 0.501  00  +1T066M000  1.000
LYS+1A0140_036  1.000-11.33  2.21  3.85  0.00 -5.26 0.502  00  +1T06FM000  1.000
LYS+1A0140_037  1.000 -9.44  4.47  3.79  0.00 -1.18 0.502  00  +1T07AM000  1.000
LYS+1A0140_038  1.000 -8.73  1.89  2.22  0.00 -4.62 0.502  00  +1T0EDM000  1.000
LYS+1A0140_039  1.000-10.80  4.42  4.39  0.00 -2.00 0.502  00  +1T105M000  1.000
LYS+1A0140_040  1.000 -8.96  3.82  4.71  0.00 -0.43 0.501  00  +1T108M000  1.000
