iConf CONFORMER     FL  occ    crg   Em0  pKa0 ne nH    vdw0    vdw1    tors    epol   dsolv   extra    history
00001 LYS01A0140_001 f 0.00  0.000     0  0.00  0  0 -12.487   2.357   1.102  -0.008  -0.006   0.000 01O000M000t
00002 LYS01A0140_002 f 0.00  0.000     0  0.00  0  0 -12.502   4.252   3.455  -0.012  -0.049   0.000 01E00EM000t
00003 LYS01A0140_003 f 0.00  0.000     0  0.00  0  0 -11.755   7.891   3.360  -0.009  -0.094   0.000 01E016M000t
00004 LYS01A0140_004 f 0.00  0.000     0  0.00  0  0  -9.628   5.351   2.312   0.010   0.025   0.000 01E034M000t
00005 LYS01A0140_005 f 0.00  0.000     0  0.00  0  0 -10.082   6.626   1.681   0.013  -0.001   0.000 01E035M000t
00006 LYS01A0140_006 f 0.00  0.000     0  0.00  0  0 -11.782   2.220   0.950  -0.004  -0.097   0.000 01E04AM000t
00007 LYS01A0140_007 f 0.00  0.000     0  0.00  0  0  -9.452   3.495   4.017  -0.011   0.156   0.000 01E05CM000t
00008 LYS01A0140_008 f 0.00  0.000     0  0.00  0  0  -9.734   3.205   3.819  -0.009  -0.104   0.000 01E066M000t
00009 LYS01A0140_009 f 0.00  0.000     0  0.00  0  0 -10.998   2.972   3.346   0.001  -0.045   0.000 01E0B1M000t
00010 LYS01A0140_010 f 0.00  0.000     0  0.00  0  0  -8.777   2.833   2.208  -0.005   0.072   0.000 01E0C6M000t
00011 LYS01A0140_011 f 0.00  0.000     0  0.00  0  0  -9.099   4.715   2.262  -0.184   0.141   0.000 01E0D6M000t
00012 LYS01A0140_012 f 0.00  0.000     0  0.00  0  0  -8.637   1.900   2.217  -0.067   0.248   0.000 01E0EDM000t
00013 LYS01A0140_013 f 0.00  0.000     0  0.00  0  0  -8.969   3.815   4.709  -0.000   0.055   0.000 01E108M000t
00014 LYS01A0140_014 f 0.00  0.000     0  0.00  0  0 -11.667   6.140   3.517   0.053   0.015   0.000 01T040M000t
00015 LYS01A0140_015 f 0.00  0.000     0  0.00  0  0 -11.704   2.231   0.940  -0.008   0.123   0.000 01T04CM000t
00016 LYS01A0140_016 f 0.00  0.000     0  0.00  0  0 -11.189   2.225   3.827   0.004   0.045   0.000 01T06FM000t
00017 LYS01A0140_017 f 0.00  0.000     0  0.00  0  0  -9.462   4.439   3.735  -0.021   0.112   0.000 01T07AM000t
00018 LYS01A0140_018 f 0.00  0.000     0  0.00  0  0  -8.761   2.252   4.789  -0.004   0.049   0.000 01T0FAM000t
00019 LYS01A0140_019 f 0.00  0.000     0  0.00  0  0  -8.886   4.495   2.313  -0.019   0.209   0.000 01T0FFM000t
00020 LYS01A0140_020 f 0.00  0.000     0  0.00  0  0 -10.710   4.368   4.355  -0.007  -0.197   0.000 01T105M000t
00021 LYS+1A0140_021 f 0.00  1.000     0 10.40  0  1 -12.528   2.356   1.102   0.030  -0.164   0.000 +1O000M000t
00022 LYS+1A0140_022 f 0.00  1.000     0 10.40  0  1  -9.812   5.337   2.315  -0.072  -0.592   0.000 +1E034M000t
00023 LYS+1A0140_023 f 0.00  1.000     0 10.40  0  1 -11.623   6.283   3.529  -0.255  -0.010   0.000 +1E040M000t
00024 LYS+1A0140_024 f 0.00  1.000     0 10.40  0  1 -11.770   2.224   0.942   0.079   0.033   0.000 +1E04CM000t
00025 LYS+1A0140_025 f 0.00  1.000     0 10.40  0  1  -9.469   3.489   4.052   0.096   0.328   0.000 +1E05CM000t
00026 LYS+1A0140_026 f 0.00  1.000     0 10.40  0  1 -11.098   2.960   3.355   0.091   0.178   0.000 +1E0B1M000t
00027 LYS+1A0140_027 f 0.00  1.000     0 10.40  0  1  -8.821   2.824   2.213   0.135   0.182   0.000 +1E0C6M000t
00028 LYS+1A0140_028 f 0.00  1.000     0 10.40  0  1  -9.195   4.839   2.270   1.026   0.772   0.000 +1E0D6M000t
00029 LYS+1A0140_029 f 0.00  1.000     0 10.40  0  1  -8.850   2.232   4.842  -0.021  -0.141   0.000 +1E0FAM000t
00030 LYS+1A0140_030 f 0.00  1.000     0 10.40  0  1  -9.047   4.557   2.312   0.121   0.467   0.000 +1E0FFM000t
00031 LYS+1A0140_031 f 0.00  1.000     0 10.40  0  1 -12.715   4.262   3.456   0.078  -0.174   0.000 +1T00EM000t
00032 LYS+1A0140_032 f 0.00  1.000     0 10.40  0  1 -11.773   7.881   3.370   0.031  -0.153   0.000 +1T016M000t
00033 LYS+1A0140_033 f 0.00  1.000     0 10.40  0  1 -10.023   6.648   1.686  -0.060  -0.280   0.000 +1T035M000t
00034 LYS+1A0140_034 f 0.00  1.000     0 10.40  0  1 -11.845   2.227   0.952   0.059  -0.027   0.000 +1T04AM000t
00035 LYS+1A0140_035 f 0.00  1.000     0 10.40  0  1  -9.826   3.223   3.848   0.104   0.187   0.000 +1T066M000t
00036 LYS+1A0140_036 f 0.00  1.000     0 10.40  0  1 -11.324   2.209   3.856  -0.025  -0.217   0.000 +1T06FM000t
00037 LYS+1A0140_037 f 0.00  1.000     0 10.40  0  1  -9.435   4.477   3.791  -0.089   0.207   0.000 +1T07AM000t
00038 LYS+1A0140_038 f 0.00  1.000     0 10.40  0  1  -8.773   1.895   2.221   0.011   0.454   0.000 +1T0EDM000t
00039 LYS+1A0140_039 f 0.00  1.000     0 10.40  0  1 -10.807   4.423   4.384   0.009  -0.254   0.000 +1T105M000t
00040 LYS+1A0140_040 f 0.00  1.000     0 10.40  0  1  -8.955   3.813   4.714   0.023  -0.166   0.000 +1T108M000t
