iConf CONFORMER     FL  occ    crg   Em0  pKa0 ne nH    vdw0    vdw1    tors    epol   dsolv   extra    history
00001 LYS01A0085_001 f 0.00  0.000     0  0.00  0  0  -9.962   0.545   1.594  -0.008   0.015   0.000 01O000M000t
00002 LYS01A0085_002 f 0.00  0.000     0  0.00  0  0 -11.871   4.546   1.261  -0.009  -0.120   0.000 01E046M000t
00003 LYS01A0085_003 f 0.00  0.000     0  0.00  0  0 -11.401   4.302   2.918  -0.011   0.051   0.000 01E04AM000t
00004 LYS01A0085_004 f 0.00  0.000     0  0.00  0  0 -10.895   4.396   1.290  -0.032   0.069   0.000 01E050M000t
00005 LYS01A0085_005 f 0.00  0.000     0  0.00  0  0 -10.163   4.042   4.520  -0.004  -0.174   0.000 01E074M000t
00006 LYS01A0085_006 f 0.00  0.000     0  0.00  0  0  -9.838   0.440   3.825  -0.013  -0.104   0.000 01E08CM000t
00007 LYS01A0085_007 f 0.00  0.000     0  0.00  0  0 -11.347   6.246   1.981  -0.036   0.065   0.000 01E102M000t
00008 LYS01A0085_008 f 0.00  0.000     0  0.00  0  0 -10.179   3.034   2.388  -0.035   0.063   0.000 01E105M000t
00009 LYS01A0085_009 f 0.00  0.000     0  0.00  0  0 -10.630   1.498   3.987  -0.014  -0.200   0.000 01E13AM000t
00010 LYS01A0085_010 f 0.00  0.000     0  0.00  0  0 -10.176   1.623   6.485  -0.012   0.025   0.000 01E13DM000t
00011 LYS01A0085_011 f 0.00  0.000     0  0.00  0  0  -9.717   0.624   2.434  -0.013   0.050   0.000 01T025M000t
00012 LYS01A0085_012 f 0.00  0.000     0  0.00  0  0 -10.028   6.351   2.015  -0.038   0.089   0.000 01T02CM000t
00013 LYS01A0085_013 f 0.00  0.000     0  0.00  0  0  -8.960   3.167   2.264  -0.017   0.152   0.000 01T02FM000t
00014 LYS01A0085_014 f 0.00  0.000     0  0.00  0  0 -11.065   0.536   1.958  -0.011  -0.072   0.000 01T087M000t
00015 LYS01A0085_015 f 0.00  0.000     0  0.00  0  0 -10.733   4.593   1.205  -0.014   0.048   0.000 01T0A0M000t
00016 LYS01A0085_016 f 0.00  0.000     0  0.00  0  0  -9.802   4.475   1.197  -0.020   0.108   0.000 01T0A1M000t
00017 LYS01A0085_017 f 0.00  0.000     0  0.00  0  0 -10.795   4.509   4.172  -0.020  -0.116   0.000 01T0A4M000t
00018 LYS01A0085_018 f 0.00  0.000     0  0.00  0  0 -10.303   0.867   5.923  -0.011  -0.106   0.000 01T0C8M000t
00019 LYS01A0085_019 f 0.00  0.000     0  0.00  0  0  -9.503   2.315   3.529  -0.038  -0.077   0.000 01T0DEM000t
00020 LYS01A0085_020 f 0.00  0.000     0  0.00  0  0  -6.211   1.246   3.189  -0.058  -0.223   0.000 01T131M000t
00021 LYS+1A0085_021 f 0.00  1.000     0 10.40  0  1 -10.014   0.541   1.594   0.084   0.095   0.000 +1O000M000t
00022 LYS+1A0085_022 f 0.00  1.000     0 10.40  0  1  -9.813   0.621   2.436   0.081  -0.009   0.000 +1E025M000t
00023 LYS+1A0085_023 f 0.00  1.000     0 10.40  0  1 -10.096   4.190   4.578   0.010  -0.216   0.000 +1E074M000t
00024 LYS+1A0085_024 f 0.00  1.000     0 10.40  0  1 -10.705   4.591   1.212   0.067  -0.160   0.000 +1E0A0M000t
00025 LYS+1A0085_025 f 0.00  1.000     0 10.40  0  1 -10.858   4.558   4.191   0.087  -0.236   0.000 +1E0A4M000t
00026 LYS+1A0085_026 f 0.00  1.000     0 10.40  0  1  -6.234   1.261   3.200   0.233  -0.329   0.000 +1E131M000t
00027 LYS+1A0085_027 f 0.00  1.000     0 10.40  0  1 -10.227   1.627   6.490   0.045  -0.172   0.000 +1E13DM000t
00028 LYS+1A0085_028 f 0.00  1.000     0 10.40  0  1 -10.097   6.382   2.034   0.132  -0.333   0.000 +1T02CM000t
00029 LYS+1A0085_029 f 0.00  1.000     0 10.40  0  1  -9.048   3.181   2.270   0.081   0.041   0.000 +1T02FM000t
00030 LYS+1A0085_030 f 0.00  1.000     0 10.40  0  1 -11.960   4.631   1.284   0.050  -0.198   0.000 +1T046M000t
00031 LYS+1A0085_031 f 0.00  1.000     0 10.40  0  1 -11.551   4.311   2.918   0.050  -0.221   0.000 +1T04AM000t
00032 LYS+1A0085_032 f 0.00  1.000     0 10.40  0  1 -11.027   4.420   1.299  -0.010  -0.044   0.000 +1T050M000t
00033 LYS+1A0085_033 f 0.00  1.000     0 10.40  0  1 -11.115   0.536   1.960   0.049  -0.184   0.000 +1T087M000t
00034 LYS+1A0085_034 f 0.00  1.000     0 10.40  0  1  -9.847   0.442   3.834   0.075  -0.247   0.000 +1T08CM000t
00035 LYS+1A0085_035 f 0.00  1.000     0 10.40  0  1  -9.960   4.520   1.206   0.108   0.206   0.000 +1T0A1M000t
00036 LYS+1A0085_036 f 0.00  1.000     0 10.40  0  1 -10.466   0.863   5.949   0.073  -0.143   0.000 +1T0C8M000t
00037 LYS+1A0085_037 f 0.00  1.000     0 10.40  0  1  -9.494   2.303   3.541   0.133  -0.125   0.000 +1T0DEM000t
00038 LYS+1A0085_038 f 0.00  1.000     0 10.40  0  1 -11.309   6.305   1.996   0.111  -0.182   0.000 +1T102M000t
00039 LYS+1A0085_039 f 0.00  1.000     0 10.40  0  1 -10.168   3.059   2.391   0.121  -0.165   0.000 +1T105M000t
00040 LYS+1A0085_040 f 0.00  1.000     0 10.40  0  1 -10.617   1.501   3.996   0.079  -0.361   0.000 +1T13AM000t
