   confID        vdw0    sas     sum
LYS01A0085_001   2.538 -12.500  -9.962
LYS01A0085_002   0.653 -12.524 -11.871
LYS01A0085_003   0.776 -12.177 -11.401
LYS01A0085_004   1.118 -12.013 -10.895
LYS01A0085_005   1.994 -12.157 -10.163
LYS01A0085_006   2.535 -12.373  -9.838
LYS01A0085_007   1.338 -12.685 -11.347
LYS01A0085_008   2.249 -12.428 -10.179
LYS01A0085_009   1.869 -12.499 -10.630
LYS01A0085_010   1.972 -12.148 -10.176
LYS01A0085_011   2.843 -12.561  -9.717
LYS01A0085_012   2.073 -12.100 -10.028
LYS01A0085_013   2.922 -11.882  -8.960
LYS01A0085_014   1.440 -12.505 -11.065
LYS01A0085_015   1.650 -12.382 -10.733
LYS01A0085_016   2.068 -11.869  -9.802
LYS01A0085_017   1.521 -12.316 -10.795
LYS01A0085_018   1.394 -11.698 -10.303
LYS01A0085_019   3.262 -12.766  -9.503
LYS01A0085_020   5.940 -12.151  -6.211
LYS+1A0085_021   2.485 -12.500 -10.014
LYS+1A0085_022   2.748 -12.561  -9.813
LYS+1A0085_023   1.972 -12.067 -10.096
LYS+1A0085_024   1.613 -12.318 -10.705
LYS+1A0085_025   1.458 -12.316 -10.858
LYS+1A0085_026   5.917 -12.151  -6.234
LYS+1A0085_027   1.921 -12.148 -10.227
LYS+1A0085_028   2.004 -12.100 -10.097
LYS+1A0085_029   2.834 -11.882  -9.048
LYS+1A0085_030   0.615 -12.575 -11.960
LYS+1A0085_031   0.729 -12.280 -11.551
LYS+1A0085_032   1.038 -12.065 -11.027
LYS+1A0085_033   1.390 -12.505 -11.115
LYS+1A0085_034   2.526 -12.373  -9.847
LYS+1A0085_035   1.961 -11.921  -9.960
LYS+1A0085_036   1.338 -11.804 -10.466
LYS+1A0085_037   3.272 -12.766  -9.494
LYS+1A0085_038   1.308 -12.617 -11.309
LYS+1A0085_039   2.208 -12.376 -10.168
LYS+1A0085_040   1.830 -12.447 -10.617
