iConf CONFORMER     FL  occ    crg   Em0  pKa0 ne nH    vdw0    vdw1    tors    epol   dsolv   extra    history
00001 ARG01A0333_001 f 0.00  0.000     0  0.00  0  0 -14.028   2.773   2.458   0.003  -0.398   0.000 01O000M000t
00002 ARG01A0333_002 f 0.00  0.000     0  0.00  0  0 -13.986   5.840   5.341   0.006  -0.224   0.000 01E017M000t
00003 ARG01A0333_003 f 0.00  0.000     0  0.00  0  0 -13.543   3.784   1.992  -0.069   0.265   0.000 01E029M000t
00004 ARG01A0333_004 f 0.00  0.000     0  0.00  0  0 -11.719   2.935   2.214  -0.051   0.038   0.000 01E030M000t
00005 ARG01A0333_005 f 0.00  0.000     0  0.00  0  0 -14.234   3.346   2.201   0.091  -0.090   0.000 01E03FM000t
00006 ARG01A0333_006 f 0.00  0.000     0  0.00  0  0 -10.755   2.824   1.859  -0.005   0.089   0.000 01E05BM000t
00007 ARG01A0333_007 f 0.00  0.000     0  0.00  0  0 -14.010   5.764   1.348   0.219  -0.087   0.000 01E0DBM000t
00008 ARG01A0333_008 f 0.00  0.000     0  0.00  0  0 -13.269   3.147   1.955   0.021  -0.136   0.000 01E0F0M000t
00009 ARG01A0333_009 f 0.00  0.000     0  0.00  0  0 -13.079   2.895   1.983   0.033  -0.171   0.000 01E0FAM000t
00010 ARG01A0333_010 f 0.00  0.000     0  0.00  0  0 -12.847   3.183   5.434   0.283   0.078   0.000 01E116M000t
00011 ARG01A0333_011 f 0.00  0.000     0  0.00  0  0 -12.625   3.102   4.432  -0.189   0.237   0.000 01E118M000t
00012 ARG01A0333_012 f 0.00  0.000     0  0.00  0  0 -13.607   2.832   4.408   0.041  -0.245   0.000 01E133M000t
00013 ARG01A0333_013 f 0.00  0.000     0  0.00  0  0 -13.974  14.757   1.061   0.100  -0.030   0.000 01T03BM000t
00014 ARG01A0333_014 f 0.00  0.000     0  0.00  0  0 -13.201   1.905   2.542  -0.046   0.031   0.000 01T079M000t
00015 ARG01A0333_015 f 0.00  0.000     0  0.00  0  0 -12.023   2.880   5.378  -0.003  -0.067   0.000 01T081M000t
00016 ARG01A0333_016 f 0.00  0.000     0  0.00  0  0 -12.638   3.745   1.008  -0.020  -0.031   0.000 01T0A7M000t
00017 ARG01A0333_017 f 0.00  0.000     0  0.00  0  0 -13.669   4.829   2.926   0.177   0.042   0.000 01T0D9M000t
00018 ARG01A0333_018 f 0.00  0.000     0  0.00  0  0 -13.365   3.156   1.447   0.100   0.045   0.000 01T103M000t
00019 ARG01A0333_019 f 0.00  0.000     0  0.00  0  0 -12.882   2.986   1.846   0.017   0.002   0.000 01T10EM000t
00020 ARG01A0333_020 f 0.00  0.000     0  0.00  0  0 -13.093   3.734   4.459  -0.027  -0.081   0.000 01T11AM000t
00021 ARG02A0333_021 f 0.00  0.000     0  0.00  0  0 -13.665   6.747   1.479  -0.116   1.253   0.000 02E029M000t
00022 ARG02A0333_022 f 0.00  0.000     0  0.00  0  0 -13.681  11.607   0.609   0.105   1.029   0.000 02E03BM000t
00023 ARG02A0333_023 f 0.00  0.000     0  0.00  0  0 -14.179   3.360   1.249   0.074   0.900   0.000 02E03FM000t
00024 ARG02A0333_024 f 0.00  0.000     0  0.00  0  0 -12.232   2.882   5.257   0.021   1.048   0.000 02E081M000t
00025 ARG02A0333_025 f 0.00  0.000     0  0.00  0  0 -14.015   2.770   2.458   0.026   0.455   0.000 02O000M000t
00026 ARG02A0333_026 f 0.00  0.000     0  0.00  0  0 -13.783   6.558   4.518   0.028   0.563   0.000 02E017M000t
00027 ARG02A0333_027 f 0.00  0.000     0  0.00  0  0 -12.128   3.750   0.873   0.021   0.642   0.000 02E0A7M000t
00028 ARG02A0333_028 f 0.00  0.000     0  0.00  0  0 -13.419   4.252   1.263   0.217   0.692   0.000 02E0DBM000t
00029 ARG02A0333_029 f 0.00  0.000     0  0.00  0  0 -13.291   2.938   1.731   0.018   0.382   0.000 02E0F0M000t
00030 ARG02A0333_030 f 0.00  0.000     0  0.00  0  0 -12.822   3.197   5.439  -0.544   0.669   0.000 02E116M000t
00031 ARG02A0333_031 f 0.00  0.000     0  0.00  0  0 -13.538   2.832   4.376   0.034   0.985   0.000 02T133M000t
00032 ARG02A0333_032 f 0.00  0.000     0  0.00  0  0 -11.333   2.794   1.742   0.027   0.670   0.000 02T05BM000t
00033 ARG02A0333_033 f 0.00  0.000     0  0.00  0  0 -13.675   6.216   2.246   0.044   0.892   0.000 02T0D9M000t
00034 ARG02A0333_034 f 0.00  0.000     0  0.00  0  0 -13.158   3.141   1.818   0.034   0.808   0.000 02T0FAM000t
00035 ARG02A0333_035 f 0.00  0.000     0  0.00  0  0 -12.591   3.208   4.423   0.078   0.846   0.000 02T118M000t
00036 ARG02A0333_036 f 0.00  0.000     0  0.00  0  0 -10.969   2.991   1.437   0.035   0.474   0.000 02T030M000t
00037 ARG02A0333_037 f 0.00  0.000     0  0.00  0  0 -12.395   2.408   2.362   0.048   0.779   0.000 02T079M000t
00038 ARG02A0333_038 f 0.00  0.000     0  0.00  0  0 -13.460   3.246   1.410   0.059   0.670   0.000 02T103M000t
00039 ARG02A0333_039 f 0.00  0.000     0  0.00  0  0 -13.338   3.088   1.721   0.029   0.295   0.000 02T10EM000t
00040 ARG02A0333_040 f 0.00  0.000     0  0.00  0  0 -13.030   3.763   4.445  -0.044   0.400   0.000 02T11AM000t
00041 ARG03A0333_041 f 0.00  0.000     0  0.00  0  0 -14.069   2.770   2.458   0.014   0.713   0.000 03O000M000t
00042 ARG03A0333_042 f 0.00  0.000     0  0.00  0  0 -12.560   2.361   2.311  -0.035   0.799   0.000 03E079M000t
00043 ARG03A0333_043 f 0.00  0.000     0  0.00  0  0 -13.372   2.937   1.717   0.033   0.542   0.000 03E0F0M000t
00044 ARG03A0333_044 f 0.00  0.000     0  0.00  0  0 -13.471   3.240   1.410   0.077   0.804   0.000 03E103M000t
00045 ARG03A0333_045 f 0.00  0.000     0  0.00  0  0 -13.654  11.571   0.588   0.103   0.667   0.000 03T03BM000t
00046 ARG03A0333_046 f 0.00  0.000     0  0.00  0  0 -10.352   2.840   1.797  -0.003   1.092   0.000 03T05BM000t
00047 ARG03A0333_047 f 0.00  0.000     0  0.00  0  0 -12.103   3.763   0.829   0.008   0.718   0.000 03T0A7M000t
00048 ARG03A0333_048 f 0.00  0.000     0  0.00  0  0 -13.625   6.048   2.187   0.163   1.032   0.000 03T0D9M000t
00049 ARG03A0333_049 f 0.00  0.000     0  0.00  0  0 -12.962   3.242   5.423  -0.578   0.948   0.000 03T116M000t
00050 ARG03A0333_050 f 0.00  0.000     0  0.00  0  0 -12.562   3.106   4.413  -0.191   1.074   0.000 03T118M000t
00051 ARG03A0333_051 f 0.00  0.000     0  0.00  0  0 -11.468   2.981   1.324   0.037   0.771   0.000 03T030M000t
00052 ARG03A0333_052 f 0.00  0.000     0  0.00  0  0 -13.286   3.133   1.822   0.037   0.881   0.000 03T0FAM000t
00053 ARG03A0333_053 f 0.00  0.000     0  0.00  0  0 -14.087   3.374   1.215   0.082   0.873   0.000 03T03FM000t
00054 ARG03A0333_054 f 0.00  0.000     0  0.00  0  0 -13.546   4.272   1.254   0.215   0.448   0.000 03T0DBM000t
00055 ARG03A0333_055 f 0.00  0.000     0  0.00  0  0 -13.925   6.614   4.393   0.022   0.529   0.000 03T017M000t
00056 ARG03A0333_056 f 0.00  0.000     0  0.00  0  0 -13.861   5.957   1.259  -0.051   1.026   0.000 03T029M000t
00057 ARG03A0333_057 f 0.00  0.000     0  0.00  0  0 -12.207   2.867   5.280   0.004   0.683   0.000 03T081M000t
00058 ARG03A0333_058 f 0.00  0.000     0  0.00  0  0 -13.399   3.098   1.713   0.017   0.588   0.000 03T10EM000t
00059 ARG03A0333_059 f 0.00  0.000     0  0.00  0  0 -13.129   3.727   4.444  -0.037   0.718   0.000 03T11AM000t
00060 ARG03A0333_060 f 0.00  0.000     0  0.00  0  0 -13.405   2.832   4.381   0.038   0.629   0.000 03T133M000t
00061 ARG+1A0333_061 f 0.00  1.000     0 12.50  0  1 -14.112   2.769   2.458   0.075  -0.346   0.000 +1O000M000t
00062 ARG+1A0333_062 f 0.00  1.000     0 12.50  0  1 -13.705   6.761   1.521   0.184   0.534   0.000 +1E029M000t
00063 ARG+1A0333_063 f 0.00  1.000     0 12.50  0  1 -12.296   2.862   5.292   0.057  -0.189   0.000 +1E081M000t
00064 ARG+1A0333_064 f 0.00  1.000     0 12.50  0  1 -12.227   3.754   0.886   0.075  -0.275   0.000 +1E0A7M000t
00065 ARG+1A0333_065 f 0.00  1.000     0 12.50  0  1 -13.569   6.193   2.267   0.459  -0.110   0.000 +1E0D9M000t
00066 ARG+1A0333_066 f 0.00  1.000     0 12.50  0  1 -13.469   4.243   1.273   0.442  -0.078   0.000 +1E0DBM000t
00067 ARG+1A0333_067 f 0.00  1.000     0 12.50  0  1 -13.259   3.124   1.838   0.095  -0.536   0.000 +1E0FAM000t
00068 ARG+1A0333_068 f 0.00  1.000     0 12.50  0  1 -13.434   3.091   1.733   0.044  -0.151   0.000 +1E10EM000t
00069 ARG+1A0333_069 f 0.00  1.000     0 12.50  0  1 -13.681   2.823   4.404   0.048  -0.104   0.000 +1E133M000t
00070 ARG+1A0333_070 f 0.00  1.000     0 12.50  0  1 -13.957   6.569   4.531   0.098  -0.392   0.000 +1T017M000t
00071 ARG+1A0333_071 f 0.00  1.000     0 12.50  0  1 -11.073   2.989   1.493   0.169   0.110   0.000 +1T030M000t
00072 ARG+1A0333_072 f 0.00  1.000     0 12.50  0  1 -13.706  11.507   0.620   0.222   0.019   0.000 +1T03BM000t
00073 ARG+1A0333_073 f 0.00  1.000     0 12.50  0  1 -14.188   3.378   1.268   0.131  -0.582   0.000 +1T03FM000t
00074 ARG+1A0333_074 f 0.00  1.000     0 12.50  0  1 -10.538   2.857   1.844   0.015   0.136   0.000 +1T05BM000t
00075 ARG+1A0333_075 f 0.00  1.000     0 12.50  0  1 -12.392   2.399   2.392  -0.026   0.024   0.000 +1T079M000t
00076 ARG+1A0333_076 f 0.00  1.000     0 12.50  0  1 -13.343   2.951   1.740   0.074  -0.173   0.000 +1T0F0M000t
00077 ARG+1A0333_077 f 0.00  1.000     0 12.50  0  1 -13.507   3.246   1.425   0.140  -0.033   0.000 +1T103M000t
00078 ARG+1A0333_078 f 0.00  1.000     0 12.50  0  1 -12.864   3.209   5.449  -1.184   0.201   0.000 +1T116M000t
00079 ARG+1A0333_079 f 0.00  1.000     0 12.50  0  1 -12.771   3.093   4.437  -0.335   0.338   0.000 +1T118M000t
00080 ARG+1A0333_080 f 0.00  1.000     0 12.50  0  1 -13.171   3.734   4.460  -0.136  -0.085   0.000 +1T11AM000t
