CONFORMER         crg  vdw0  vdw1  tors  epol  self   occ  Hb     history    ASA
ARG01A0333_001  0.000-14.03  2.77  2.46  0.00 -8.80 0.502  00  01O000M000  1.000
ARG01A0333_002  0.000-13.98  5.83  5.34  0.00 -2.81 0.502  00  01E017M000  1.000
ARG01A0333_003  0.000-13.54  3.78  1.99  0.00 -7.77 0.502  00  01E029M000  1.000
ARG01A0333_004  0.000-11.71  2.93  2.21  0.00 -6.56 0.502  00  01E030M000  1.000
ARG01A0333_005  0.000-14.28  3.34  2.20  0.00 -8.74 0.501  00  01E03FM000  1.000
ARG01A0333_006  0.000-10.75  2.82  1.86  0.00 -6.08 0.501  00  01E05BM000  1.000
ARG01A0333_007  0.000-14.01  5.77  1.35  0.00 -6.90 0.502  00  01E0DBM000  1.000
ARG01A0333_008  0.000-13.22  3.15  1.95  0.00 -8.12 0.502  00  01E0F0M000  1.000
ARG01A0333_009  0.000-13.08  2.90  1.99  0.00 -8.19 0.501  00  01E0FAM000  1.000
ARG01A0333_010  0.000-12.92  3.18  5.44  0.00 -4.30 0.502  00  01E116M000  1.000
ARG01A0333_011  0.000-12.58  3.10  4.43  0.00 -5.04 0.502  00  01E118M000  1.000
ARG01A0333_012  0.000-13.60  2.83  4.41  0.00 -6.36 0.502  00  01E133M000  1.000
ARG01A0333_013  0.000-13.97 14.74  1.06  0.00  1.83 0.502  00  01T03BM000  1.000
ARG01A0333_014  0.000-13.20  1.90  2.53  0.00 -8.76 0.501  00  01T079M000  1.000
ARG01A0333_015  0.000-12.02  2.88  5.39  0.00 -3.75 0.501  00  01T081M000  1.000
ARG01A0333_016  0.000-12.63  3.74  1.01  0.00 -7.88 0.502  00  01T0A7M000  1.000
ARG01A0333_017  0.000-13.66  4.82  2.93  0.00 -5.91 0.502  00  01T0D9M000  1.000
ARG01A0333_018  0.000-13.37  3.16  1.44  0.00 -8.77 0.502  00  01T103M000  1.000
ARG01A0333_019  0.000-12.88  2.98  1.84  0.00 -8.06 0.502  00  01T10EM000  1.000
ARG01A0333_020  0.000-13.10  3.73  4.46  0.00 -4.91 0.501  00  01T11AM000  1.000
ARG02A0333_021  0.000-13.60  6.73  1.49  0.00 -5.38 0.502  00  02E029M000  1.000
ARG02A0333_022  0.000-13.68 11.59  0.61  0.00 -1.48 0.502  00  02E03BM000  1.000
ARG02A0333_023  0.000-14.18  3.36  1.25  0.00 -9.57 0.501  00  02E03FM000  1.000
ARG02A0333_024  0.000-12.23  2.88  5.26  0.00 -4.10 0.501  00  02E081M000  1.000
ARG02A0333_025  0.000-14.01  2.77  2.46  0.00 -8.79 0.502  00  02O000M000  1.000
ARG02A0333_026  0.000-13.79  6.57  4.52  0.00 -2.70 0.502  00  02E017M000  1.000
ARG02A0333_027  0.000-12.18  3.75  0.87  0.00 -7.56 0.502  00  02E0A7M000  1.000
ARG02A0333_028  0.000-13.42  4.25  1.26  0.00 -7.91 0.502  00  02E0DBM000  1.000
ARG02A0333_029  0.000-13.30  2.94  1.73  0.00 -8.63 0.502  00  02E0F0M000  1.000
ARG02A0333_030  0.000-12.82  3.19  5.44  0.00 -4.19 0.502  00  02E116M000  1.000
ARG02A0333_031  0.000-13.49  2.83  4.38  0.00 -6.28 0.502  00  02T133M000  1.000
ARG02A0333_032  0.000-11.32  2.79  1.74  0.00 -6.79 0.501  00  02T05BM000  1.000
ARG02A0333_033  0.000-13.67  6.23  2.25  0.00 -5.20 0.502  00  02T0D9M000  1.000
ARG02A0333_034  0.000-13.16  3.14  1.82  0.00 -8.20 0.501  00  02T0FAM000  1.000
ARG02A0333_035  0.000-12.59  3.21  4.42  0.00 -4.96 0.502  00  02T118M000  1.000
ARG02A0333_036  0.000-10.96  2.99  1.44  0.00 -6.53 0.502  00  02T030M000  1.000
ARG02A0333_037  0.000-12.40  2.41  2.36  0.00 -7.63 0.501  00  02T079M000  1.000
ARG02A0333_038  0.000-13.46  3.25  1.41  0.00 -8.80 0.502  00  02T103M000  1.000
ARG02A0333_039  0.000-13.34  3.09  1.72  0.00 -8.53 0.502  00  02T10EM000  1.000
ARG02A0333_040  0.000-13.03  3.76  4.45  0.00 -4.82 0.501  00  02T11AM000  1.000
ARG03A0333_041  0.000-14.07  2.77  2.46  0.00 -8.84 0.502  00  03O000M000  1.000
ARG03A0333_042  0.000-12.56  2.36  2.31  0.00 -7.89 0.501  00  03E079M000  1.000
ARG03A0333_043  0.000-13.37  2.94  1.72  0.00 -8.72 0.502  00  03E0F0M000  1.000
ARG03A0333_044  0.000-13.47  3.24  1.41  0.00 -8.82 0.502  00  03E103M000  1.000
ARG03A0333_045  0.000-13.65 11.57  0.59  0.00 -1.49 0.502  00  03T03BM000  1.000
ARG03A0333_046  0.000-10.36  2.84  1.80  0.00 -5.73 0.501  00  03T05BM000  1.000
ARG03A0333_047  0.000-12.11  3.75  0.83  0.00 -7.53 0.502  00  03T0A7M000  1.000
ARG03A0333_048  0.000-13.62  6.04  2.18  0.00 -5.40 0.502  00  03T0D9M000  1.000
ARG03A0333_049  0.000-12.96  3.24  5.42  0.00 -4.30 0.502  00  03T116M000  1.000
ARG03A0333_050  0.000-12.57  3.10  4.41  0.00 -5.05 0.502  00  03T118M000  1.000
ARG03A0333_051  0.000-11.47  2.98  1.33  0.00 -7.16 0.502  00  03T030M000  1.000
ARG03A0333_052  0.000-13.29  3.13  1.82  0.00 -8.34 0.501  00  03T0FAM000  1.000
ARG03A0333_053  0.000-14.09  3.37  1.21  0.00 -9.50 0.501  00  03T03FM000  1.000
ARG03A0333_054  0.000-13.55  4.27  1.25  0.00 -8.03 0.502  00  03T0DBM000  1.000
ARG03A0333_055  0.000-13.93  6.61  4.39  0.00 -2.92 0.502  00  03T017M000  1.000
ARG03A0333_056  0.000-13.86  5.97  1.26  0.00 -6.64 0.502  00  03T029M000  1.000
ARG03A0333_057  0.000-12.21  2.87  5.28  0.00 -4.06 0.501  00  03T081M000  1.000
ARG03A0333_058  0.000-13.40  3.10  1.72  0.00 -8.58 0.502  00  03T10EM000  1.000
ARG03A0333_059  0.000-13.13  3.72  4.45  0.00 -4.96 0.501  00  03T11AM000  1.000
ARG03A0333_060  0.000-13.41  2.83  4.38  0.00 -6.20 0.502  00  03T133M000  1.000
ARG+1A0333_061  1.000-14.11  2.76  2.46  0.00 -8.89 0.502  00  +1O000M000  1.000
ARG+1A0333_062  1.000-13.76  6.77  1.52  0.00 -5.47 0.502  00  +1E029M000  1.000
ARG+1A0333_063  1.000-12.30  2.87  5.29  0.00 -4.14 0.501  00  +1E081M000  1.000
ARG+1A0333_064  1.000-12.23  3.75  0.89  0.00 -7.59 0.502  00  +1E0A7M000  1.000
ARG+1A0333_065  1.000-13.51  6.19  2.27  0.00 -5.05 0.502  00  +1E0D9M000  1.000
ARG+1A0333_066  1.000-13.40  4.24  1.28  0.00 -7.88 0.502  00  +1E0DBM000  1.000
ARG+1A0333_067  1.000-13.26  3.13  1.84  0.00 -8.29 0.501  00  +1E0FAM000  1.000
ARG+1A0333_068  1.000-13.44  3.09  1.73  0.00 -8.61 0.502  00  +1E10EM000  1.000
ARG+1A0333_069  1.000-13.67  2.82  4.40  0.00 -6.45 0.502  00  +1E133M000  1.000
ARG+1A0333_070  1.000-13.96  6.57  4.53  0.00 -2.86 0.502  00  +1T017M000  1.000
ARG+1A0333_071  1.000-11.07  2.98  1.50  0.00 -6.59 0.502  00  +1T030M000  1.000
ARG+1A0333_072  1.000-13.71 11.51  0.62  0.00 -1.58 0.502  00  +1T03BM000  1.000
ARG+1A0333_073  1.000-14.19  3.38  1.27  0.00 -9.54 0.501  00  +1T03FM000  1.000
ARG+1A0333_074  1.000-10.54  2.85  1.84  0.00 -5.84 0.501  00  +1T05BM000  1.000
ARG+1A0333_075  1.000-12.39  2.40  2.39  0.00 -7.61 0.501  00  +1T079M000  1.000
ARG+1A0333_076  1.000-13.35  2.95  1.74  0.00 -8.66 0.502  00  +1T0F0M000  1.000
ARG+1A0333_077  1.000-13.51  3.25  1.43  0.00 -8.84 0.502  00  +1T103M000  1.000
ARG+1A0333_078  1.000-12.87  3.21  5.45  0.00 -4.21 0.502  00  +1T116M000  1.000
ARG+1A0333_079  1.000-12.77  3.09  4.44  0.00 -5.24 0.502  00  +1T118M000  1.000
ARG+1A0333_080  1.000-13.17  3.74  4.46  0.00 -4.98 0.501  00  +1T11AM000  1.000
