   confID        vdw0    sas     sum
ARG01A0333_001   0.847 -14.876 -14.028
ARG01A0333_002   0.599 -14.586 -13.986
ARG01A0333_003   0.999 -14.543 -13.543
ARG01A0333_004   2.365 -14.083 -11.719
ARG01A0333_005   0.416 -14.650 -14.234
ARG01A0333_006   2.806 -13.561 -10.755
ARG01A0333_007   1.047 -15.057 -14.010
ARG01A0333_008   1.466 -14.735 -13.269
ARG01A0333_009   1.444 -14.523 -13.079
ARG01A0333_010   1.886 -14.733 -12.847
ARG01A0333_011   1.484 -14.109 -12.625
ARG01A0333_012   1.478 -15.085 -13.607
ARG01A0333_013   0.559 -14.533 -13.974
ARG01A0333_014   1.279 -14.480 -13.201
ARG01A0333_015   1.908 -13.931 -12.023
ARG01A0333_016   1.451 -14.089 -12.638
ARG01A0333_017   0.853 -14.521 -13.669
ARG01A0333_018   1.052 -14.417 -13.365
ARG01A0333_019   1.480 -14.362 -12.882
ARG01A0333_020   1.382 -14.474 -13.093
ARG02A0333_021   1.020 -14.685 -13.665
ARG02A0333_022   0.570 -14.251 -13.681
ARG02A0333_023   0.553 -14.732 -14.179
ARG02A0333_024   1.767 -13.999 -12.232
ARG02A0333_025   0.860 -14.876 -14.015
ARG02A0333_026   0.674 -14.457 -13.783
ARG02A0333_027   1.717 -13.845 -12.128
ARG02A0333_028   1.189 -14.607 -13.419
ARG02A0333_029   1.466 -14.758 -13.291
ARG02A0333_030   1.911 -14.733 -12.822
ARG02A0333_031   1.435 -14.973 -13.538
ARG02A0333_032   2.421 -13.754 -11.333
ARG02A0333_033   1.165 -14.840 -13.675
ARG02A0333_034   1.429 -14.587 -13.158
ARG02A0333_035   1.473 -14.064 -12.591
ARG02A0333_036   3.066 -14.035 -10.969
ARG02A0333_037   1.748 -14.142 -12.395
ARG02A0333_038   1.128 -14.588 -13.460
ARG02A0333_039   1.487 -14.825 -13.338
ARG02A0333_040   1.396 -14.426 -13.030
ARG03A0333_041   0.806 -14.876 -14.069
ARG03A0333_042   1.662 -14.223 -12.560
ARG03A0333_043   1.401 -14.774 -13.372
ARG03A0333_044   1.065 -14.536 -13.471
ARG03A0333_045   0.580 -14.234 -13.654
ARG03A0333_046   3.273 -13.625 -10.352
ARG03A0333_047   1.613 -13.716 -12.103
ARG03A0333_048   1.108 -14.733 -13.625
ARG03A0333_049   1.836 -14.797 -12.962
ARG03A0333_050   1.447 -14.009 -12.562
ARG03A0333_051   2.750 -14.218 -11.468
ARG03A0333_052   1.366 -14.651 -13.286
ARG03A0333_053   0.568 -14.655 -14.087
ARG03A0333_054   1.125 -14.671 -13.546
ARG03A0333_055   0.595 -14.521 -13.925
ARG03A0333_056   0.936 -14.797 -13.861
ARG03A0333_057   1.728 -13.934 -12.207
ARG03A0333_058   1.426 -14.825 -13.399
ARG03A0333_059   1.345 -14.474 -13.129
ARG03A0333_060   1.456 -14.860 -13.405
ARG+1A0333_061   0.764 -14.876 -14.112
ARG+1A0333_062   0.980 -14.685 -13.705
ARG+1A0333_063   1.690 -13.986 -12.296
ARG+1A0333_064   1.617 -13.845 -12.227
ARG+1A0333_065   1.071 -14.640 -13.569
ARG+1A0333_066   1.090 -14.559 -13.469
ARG+1A0333_067   1.328 -14.587 -13.259
ARG+1A0333_068   1.391 -14.825 -13.434
ARG+1A0333_069   1.404 -15.085 -13.681
ARG+1A0333_070   0.567 -14.524 -13.957
ARG+1A0333_071   3.078 -14.150 -11.073
ARG+1A0333_072   0.544 -14.251 -13.706
ARG+1A0333_073   0.532 -14.719 -14.188
ARG+1A0333_074   3.219 -13.757 -10.538
ARG+1A0333_075   1.651 -14.043 -12.392
ARG+1A0333_076   1.367 -14.710 -13.343
ARG+1A0333_077   1.029 -14.536 -13.507
ARG+1A0333_078   1.817 -14.682 -12.864
ARG+1A0333_079   1.390 -14.160 -12.771
ARG+1A0333_080   1.303 -14.474 -13.171
