iConf CONFORMER     FL  occ    crg   Em0  pKa0 ne nH    vdw0    vdw1    tors    epol   dsolv   extra    history
00001 LYS01A0108_001 f 0.00  0.000     0  0.00  0  0 -12.298   0.366   0.807  -0.007  -0.144   0.000 01O000M000t
00002 LYS01A0108_002 f 0.00  0.000     0  0.00  0  0 -10.777   5.068   4.237  -0.016   0.084   0.000 01E020M000t
00003 LYS01A0108_003 f 0.00  0.000     0  0.00  0  0 -10.223   0.321   1.520  -0.035   0.053   0.000 01E02FM000t
00004 LYS01A0108_004 f 0.00  0.000     0  0.00  0  0  -9.833   0.236   1.486  -0.019  -0.122   0.000 01E035M000t
00005 LYS01A0108_005 f 0.00  0.000     0  0.00  0  0 -11.747   1.407   6.396  -0.011   0.035   0.000 01E071M000t
00006 LYS01A0108_006 f 0.00  0.000     0  0.00  0  0  -9.319   0.099   1.520  -0.066   0.159   0.000 01E0F3M000t
00007 LYS01A0108_007 f 0.00  0.000     0  0.00  0  0  -7.120   0.559   4.847  -0.002   0.113   0.000 01E120M000t
00008 LYS01A0108_008 f 0.00  0.000     0  0.00  0  0  -7.382   0.789   4.839  -0.015  -0.007   0.000 01E149M000t
00009 LYS01A0108_009 f 0.00  0.000     0  0.00  0  0  -9.865   1.414   4.283  -0.028   0.027   0.000 01T056M000t
00010 LYS01A0108_010 f 0.00  0.000     0  0.00  0  0 -11.114   3.629   6.394  -0.005  -0.053   0.000 01T061M000t
00011 LYS01A0108_011 f 0.00  0.000     0  0.00  0  0 -10.457   0.630   1.449  -0.029   0.003   0.000 01T08EM000t
00012 LYS01A0108_012 f 0.00  0.000     0  0.00  0  0 -10.691   1.689   4.247  -0.014  -0.145   0.000 01T09BM000t
00013 LYS01A0108_013 f 0.00  0.000     0  0.00  0  0 -10.637   1.739   4.210  -0.014  -0.086   0.000 01T0A8M000t
00014 LYS01A0108_014 f 0.00  0.000     0  0.00  0  0  -8.476   0.486   1.518  -0.027  -0.012   0.000 01T0F0M000t
00015 LYS01A0108_015 f 0.00  0.000     0  0.00  0  0 -10.111   2.991   1.470   0.744   0.313   0.000 01T101M000t
00016 LYS01A0108_016 f 0.00  0.000     0  0.00  0  0  -7.165   0.582   2.085  -0.019   0.159   0.000 01T12BM000t
00017 LYS01A0108_017 f 0.00  0.000     0  0.00  0  0 -10.589   0.752   4.331  -0.187   0.016   0.000 01T137M000t
00018 LYS01A0108_018 f 0.00  0.000     0  0.00  0  0  -7.517   0.725   4.841  -0.023   0.027   0.000 01T13FM000t
00019 LYS01A0108_019 f 0.00  0.000     0  0.00  0  0  -9.700   2.002   3.703  -0.098  -0.061   0.000 01T15BM000t
00020 LYS01A0108_020 f 0.00  0.000     0  0.00  0  0 -10.429   2.183   4.268  -0.059   0.074   0.000 01T15FM000t
00021 LYS+1A0108_021 f 0.00  1.000     0 10.40  0  1 -12.343   0.366   0.807   0.043  -0.183   0.000 +1O000M000t
00022 LYS+1A0108_022 f 0.00  1.000     0 10.40  0  1 -10.889   5.088   4.238   0.066  -0.256   0.000 +1E020M000t
00023 LYS+1A0108_023 f 0.00  1.000     0 10.40  0  1 -10.277   0.320   1.521   0.179  -0.240   0.000 +1E02FM000t
00024 LYS+1A0108_024 f 0.00  1.000     0 10.40  0  1  -9.876   0.232   1.487   0.051  -0.107   0.000 +1E035M000t
00025 LYS+1A0108_025 f 0.00  1.000     0 10.40  0  1  -9.911   1.408   4.283   0.141  -0.434   0.000 +1E056M000t
00026 LYS+1A0108_026 f 0.00  1.000     0 10.40  0  1 -11.238   3.626   6.396   0.001  -0.185   0.000 +1E061M000t
00027 LYS+1A0108_027 f 0.00  1.000     0 10.40  0  1 -11.794   1.406   6.397   0.065  -0.296   0.000 +1E071M000t
00028 LYS+1A0108_028 f 0.00  1.000     0 10.40  0  1 -10.820   1.686   4.246   0.136  -0.107   0.000 +1E09BM000t
00029 LYS+1A0108_029 f 0.00  1.000     0 10.40  0  1 -10.724   1.738   4.209   0.110  -0.064   0.000 +1E0A8M000t
00030 LYS+1A0108_030 f 0.00  1.000     0 10.40  0  1  -8.555   0.485   1.519   0.085   0.134   0.000 +1E0F0M000t
00031 LYS+1A0108_031 f 0.00  1.000     0 10.40  0  1  -9.420   0.068   1.520   0.311   0.436   0.000 +1E0F3M000t
00032 LYS+1A0108_032 f 0.00  1.000     0 10.40  0  1 -10.151   3.005   1.473   1.429   0.850   0.000 +1E101M000t
00033 LYS+1A0108_033 f 0.00  1.000     0 10.40  0  1 -10.522   2.165   4.270   0.216   0.000   0.000 +1E15FM000t
00034 LYS+1A0108_034 f 0.00  1.000     0 10.40  0  1 -10.517   0.625   1.449   0.115  -0.068   0.000 +1T08EM000t
00035 LYS+1A0108_035 f 0.00  1.000     0 10.40  0  1  -7.184   0.543   4.847  -0.016  -0.080   0.000 +1T120M000t
00036 LYS+1A0108_036 f 0.00  1.000     0 10.40  0  1  -7.307   0.594   2.085   0.107  -0.058   0.000 +1T12BM000t
00037 LYS+1A0108_037 f 0.00  1.000     0 10.40  0  1 -10.693   0.708   4.333   0.590   0.222   0.000 +1T137M000t
00038 LYS+1A0108_038 f 0.00  1.000     0 10.40  0  1  -7.573   0.725   4.842   0.125  -0.157   0.000 +1T13FM000t
00039 LYS+1A0108_039 f 0.00  1.000     0 10.40  0  1  -7.420   0.790   4.842   0.070  -0.121   0.000 +1T149M000t
00040 LYS+1A0108_040 f 0.00  1.000     0 10.40  0  1  -9.742   2.018   3.706   0.359   0.110   0.000 +1T15BM000t
