CONFORMER         crg  vdw0  vdw1  tors  epol  self   occ  Hb     history    ASA
LYS01A0108_001  0.000-12.28  0.26  0.81  0.00-11.21 0.501  00  01O000M000  1.000
LYS01A0108_002  0.000-10.73  5.02  4.24  0.00 -1.47 0.502  00  01E020M000  1.000
LYS01A0108_003  0.000-10.23  0.27  1.52  0.00 -8.43 0.501  00  01E02FM000  1.000
LYS01A0108_004  0.000 -9.83  0.19  1.49  0.00 -8.16 0.501  00  01E035M000  1.000
LYS01A0108_005  0.000-11.74  1.35  6.40  0.00 -3.99 0.501  00  01E071M000  1.000
LYS01A0108_006  0.000 -9.38  0.05  1.52  0.00 -7.81 0.501  00  01E0F3M000  1.000
LYS01A0108_007  0.000 -7.17  0.56  4.85  0.00 -1.76 0.501  00  01E120M000  1.000
LYS01A0108_008  0.000 -7.38  0.72  4.84  0.00 -1.82 0.501  00  01E149M000  1.000
LYS01A0108_009  0.000 -9.86  1.41  4.28  0.00 -4.16 0.501  00  01T056M000  1.000
LYS01A0108_010  0.000-11.12  3.58  6.39  0.00 -1.15 0.501  00  01T061M000  1.000
LYS01A0108_011  0.000-10.45  0.56  1.45  0.00 -8.44 0.501  00  01T08EM000  1.000
LYS01A0108_012  0.000-10.69  1.69  4.25  0.00 -4.76 0.501  00  01T09BM000  1.000
LYS01A0108_013  0.000-10.59  1.74  4.21  0.00 -4.64 0.501  00  01T0A8M000  1.000
LYS01A0108_014  0.000 -8.48  0.44  1.52  0.00 -6.52 0.502  00  01T0F0M000  1.000
LYS01A0108_015  0.000-10.11  2.94  1.47  0.00 -5.69 0.501  00  01T101M000  1.000
LYS01A0108_016  0.000 -7.18  0.52  2.08  0.00 -4.58 0.501  00  01T12BM000  1.000
LYS01A0108_017  0.000-10.59  0.68  4.33  0.00 -5.57 0.501  00  01T137M000  1.000
LYS01A0108_018  0.000 -7.51  0.66  4.84  0.00 -2.01 0.502  00  01T13FM000  1.000
LYS01A0108_019  0.000 -9.70  2.00  3.70  0.00 -4.00 0.501  00  01T15BM000  1.000
LYS01A0108_020  0.000-10.43  2.18  4.27  0.00 -3.98 0.501  00  01T15FM000  1.000
LYS+1A0108_021  1.000-12.33  0.26  0.81  0.00-11.26 0.501  00  +1O000M000  1.000
LYS+1A0108_022  1.000-10.89  5.03  4.24  0.00 -1.62 0.502  00  +1E020M000  1.000
LYS+1A0108_023  1.000-10.28  0.27  1.52  0.00 -8.49 0.501  00  +1E02FM000  1.000
LYS+1A0108_024  1.000 -9.88  0.18  1.49  0.00 -8.21 0.501  00  +1E035M000  1.000
LYS+1A0108_025  1.000 -9.91  1.41  4.28  0.00 -4.22 0.501  00  +1E056M000  1.000
LYS+1A0108_026  1.000-11.23  3.57  6.40  0.00 -1.27 0.501  00  +1E061M000  1.000
LYS+1A0108_027  1.000-11.80  1.35  6.40  0.00 -4.05 0.501  00  +1E071M000  1.000
LYS+1A0108_028  1.000-10.82  1.68  4.25  0.00 -4.89 0.501  00  +1E09BM000  1.000
LYS+1A0108_029  1.000-10.72  1.74  4.21  0.00 -4.78 0.501  00  +1E0A8M000  1.000
LYS+1A0108_030  1.000 -8.55  0.43  1.52  0.00 -6.60 0.502  00  +1E0F0M000  1.000
LYS+1A0108_031  1.000 -9.48  0.02  1.52  0.00 -7.94 0.501  00  +1E0F3M000  1.000
LYS+1A0108_032  1.000-10.15  2.95  1.47  0.00 -5.72 0.501  00  +1E101M000  1.000
LYS+1A0108_033  1.000-10.52  2.16  4.27  0.00 -4.08 0.501  00  +1E15FM000  1.000
LYS+1A0108_034  1.000-10.52  0.56  1.45  0.00 -8.51 0.501  00  +1T08EM000  1.000
LYS+1A0108_035  1.000 -7.17  0.54  4.85  0.00 -1.78 0.501  00  +1T120M000  1.000
LYS+1A0108_036  1.000 -7.31  0.53  2.08  0.00 -4.70 0.501  00  +1T12BM000  1.000
LYS+1A0108_037  1.000-10.69  0.64  4.33  0.00 -5.72 0.501  00  +1T137M000  1.000
LYS+1A0108_038  1.000 -7.56  0.66  4.84  0.00 -2.06 0.502  00  +1T13FM000  1.000
LYS+1A0108_039  1.000 -7.41  0.73  4.84  0.00 -1.84 0.501  00  +1T149M000  1.000
LYS+1A0108_040  1.000 -9.74  2.02  3.71  0.00 -4.02 0.501  00  +1T15BM000  1.000
