   confID        vdw0    sas     sum
LYS01A0108_001   0.564 -12.862 -12.298
LYS01A0108_002   1.615 -12.392 -10.777
LYS01A0108_003   2.205 -12.428 -10.223
LYS01A0108_004   2.613 -12.447  -9.833
LYS01A0108_005   1.076 -12.823 -11.747
LYS01A0108_006   2.970 -12.288  -9.319
LYS01A0108_007   5.013 -12.133  -7.120
LYS01A0108_008   4.966 -12.347  -7.382
LYS01A0108_009   2.627 -12.491  -9.865
LYS01A0108_010   1.082 -12.196 -11.114
LYS01A0108_011   2.001 -12.458 -10.457
LYS01A0108_012   2.008 -12.699 -10.691
LYS01A0108_013   2.033 -12.670 -10.637
LYS01A0108_014   3.492 -11.968  -8.476
LYS01A0108_015   2.130 -12.241 -10.111
LYS01A0108_016   5.000 -12.164  -7.165
LYS01A0108_017   2.233 -12.822 -10.589
LYS01A0108_018   5.065 -12.582  -7.517
LYS01A0108_019   2.124 -11.824  -9.700
LYS01A0108_020   2.248 -12.677 -10.429
LYS+1A0108_021   0.519 -12.862 -12.343
LYS+1A0108_022   1.571 -12.460 -10.889
LYS+1A0108_023   2.151 -12.428 -10.277
LYS+1A0108_024   2.571 -12.447  -9.876
LYS+1A0108_025   2.581 -12.491  -9.911
LYS+1A0108_026   1.026 -12.263 -11.238
LYS+1A0108_027   1.030 -12.823 -11.794
LYS+1A0108_028   1.947 -12.767 -10.820
LYS+1A0108_029   1.946 -12.670 -10.724
LYS+1A0108_030   3.414 -11.968  -8.555
LYS+1A0108_031   2.868 -12.288  -9.420
LYS+1A0108_032   2.051 -12.203 -10.151
LYS+1A0108_033   2.155 -12.677 -10.522
LYS+1A0108_034   1.940 -12.458 -10.517
LYS+1A0108_035   4.949 -12.133  -7.184
LYS+1A0108_036   4.960 -12.267  -7.307
LYS+1A0108_037   2.180 -12.873 -10.693
LYS+1A0108_038   5.009 -12.582  -7.573
LYS+1A0108_039   4.927 -12.347  -7.420
LYS+1A0108_040   2.030 -11.773  -9.742
