iConf CONFORMER     FL  occ    crg   Em0  pKa0 ne nH    vdw0    vdw1    tors    epol   dsolv   extra    history
00001 GLN01A0317_001 f 0.00  0.000     0  0.00  0  0  -3.970   0.543   0.745   0.099  -0.036   0.000 01O000M000t
00002 GLN01A0317_002 f 0.00  0.000     0  0.00  0  0  -3.528   1.434   2.697   0.165   0.190   0.000 01E00AM000t
00003 GLN01A0317_003 f 0.00  0.000     0  0.00  0  0  -4.457   2.244   0.561   0.012   0.024   0.000 01E011M000t
00004 GLN01A0317_004 f 0.00  0.000     0  0.00  0  0  -4.711   1.676   1.500  -0.055   0.102   0.000 01E013M000t
00005 GLN01A0317_005 f 0.00  0.000     0  0.00  0  0  -4.093   0.271   0.531   0.047  -0.060   0.000 01E01DM000t
00006 GLN01A0317_006 f 0.00  0.000     0  0.00  0  0  -4.574   1.540   1.458   0.174  -0.122   0.000 01E032M000t
00007 GLN01A0317_007 f 0.00  0.000     0  0.00  0  0  -3.159   0.847   2.579   0.027  -0.155   0.000 01E035M000t
00008 GLN01A0317_008 f 0.00  0.000     0  0.00  0  0  -4.311   0.957   3.631   0.054  -0.053   0.000 01E037M000t
00009 GLN01A0317_009 f 0.00  0.000     0  0.00  0  0  -3.992   0.745   2.728  -0.118  -0.011   0.000 01E03FM000t
00010 GLN01A0317_010 f 0.00  0.000     0  0.00  0  0  -3.740   0.898   2.657   0.106   0.087   0.000 01T007M000t
00011 GLN01A0317_011 f 0.00  0.000     0  0.00  0  0  -3.515   0.937   2.647   0.092   0.080   0.000 01T00BM000t
00012 GLN01A0317_012 f 0.00  0.000     0  0.00  0  0  -3.569   1.058   2.730   0.055  -0.198   0.000 01T019M000t
00013 GLN01A0317_013 f 0.00  0.000     0  0.00  0  0  -3.083   0.592   0.386   0.076   0.039   0.000 01T02DM000t
00014 GLN01A0317_014 f 0.00  0.000     0  0.00  0  0  -3.628   0.957   2.728   0.026  -0.059   0.000 01T030M000t
00015 GLN01A0317_015 f 0.00  0.000     0  0.00  0  0  -4.342   0.833   3.609   0.049   0.095   0.000 01T031M000t
00016 GLN01A0317_016 f 0.00  0.000     0  0.00  0  0  -4.264   0.945   3.633   0.063  -0.267   0.000 01T034M000t
00017 GLN01A0317_017 f 0.00  0.000     0  0.00  0  0  -4.709   1.868   1.347   0.055  -0.116   0.000 01T038M000t
00018 GLN01A0317_018 f 0.00  0.000     0  0.00  0  0  -4.701   1.851   1.336   0.062  -0.130   0.000 01T03BM000t
00019 GLN01A0317_019 f 0.00  0.000     0  0.00  0  0  -4.204   0.997   3.191   0.036  -0.326   0.000 01T042M000t
