CONFORMER         crg  vdw0  vdw1  tors  epol  self   occ  Hb     history    ASA
GLN01A0317_001  0.000 -3.97  0.54  0.74  0.00 -2.68 0.508  00  01O000M000  1.035
GLN01A0317_002  0.000 -3.53  1.43  2.69  0.00  0.59 0.507  00  01E00AM000  1.000
GLN01A0317_003  0.000 -4.46  2.24  0.56  0.00 -1.66 0.508  00  01E011M000  1.022
GLN01A0317_004  0.000 -4.71  1.68  1.50  0.00 -1.53 0.507  00  01E013M000  1.014
GLN01A0317_005  0.000 -4.09  0.27  0.53  0.00 -3.29 0.508  00  01E01DM000  1.015
GLN01A0317_006  0.000 -4.57  1.54  1.46  0.00 -1.58 0.507  00  01E032M000  1.015
GLN01A0317_007  0.000 -3.15  0.85  2.58  0.00  0.27 0.507  00  01E035M000  1.011
GLN01A0317_008  0.000 -4.31  0.96  3.63  0.00  0.28 0.508  00  01E037M000  1.013
GLN01A0317_009  0.000 -3.99  0.75  2.73  0.00 -0.52 0.507  00  01E03FM000  1.049
GLN01A0317_010  0.000 -3.74  0.90  2.66  0.00 -0.18 0.509  00  01T007M000  1.018
GLN01A0317_011  0.000 -3.51  0.94  2.65  0.00  0.07 0.507  00  01T00BM000  1.007
GLN01A0317_012  0.000 -3.57  1.06  2.73  0.00  0.22 0.507  00  01T019M000  1.000
GLN01A0317_013  0.000 -3.09  0.59  0.39  0.00 -2.11 0.506  00  01T02DM000  1.024
GLN01A0317_014  0.000 -3.63  0.95  2.73  0.00  0.05 0.507  00  01T030M000  1.014
GLN01A0317_015  0.000 -4.34  0.83  3.61  0.00  0.10 0.509  00  01T031M000  1.005
GLN01A0317_016  0.000 -4.27  0.94  3.63  0.00  0.31 0.508  00  01T034M000  1.021
GLN01A0317_017  0.000 -4.71  1.86  1.35  0.00 -1.50 0.507  00  01T038M000  1.052
GLN01A0317_018  0.000 -4.70  1.85  1.34  0.00 -1.52 0.508  00  01T03BM000  1.039
GLN01A0317_019  0.000 -4.21  0.99  3.19  0.00 -0.02 0.507  00  01T042M000  1.045
