   confID        vdw0    sas     sum
GLN01A0317_001   1.174  -5.144  -3.970
GLN01A0317_002   1.348  -4.875  -3.528
GLN01A0317_003   0.557  -5.013  -4.457
GLN01A0317_004   0.283  -4.993  -4.711
GLN01A0317_005   0.805  -4.898  -4.093
GLN01A0317_006   0.432  -5.005  -4.574
GLN01A0317_007   1.625  -4.784  -3.159
GLN01A0317_008   0.585  -4.896  -4.311
GLN01A0317_009   1.220  -5.212  -3.992
GLN01A0317_010   1.312  -5.052  -3.740
GLN01A0317_011   1.366  -4.881  -3.515
GLN01A0317_012   1.184  -4.753  -3.569
GLN01A0317_013   1.754  -4.837  -3.083
GLN01A0317_014   1.221  -4.849  -3.628
GLN01A0317_015   0.591  -4.934  -4.342
GLN01A0317_016   0.662  -4.926  -4.264
GLN01A0317_017   0.432  -5.141  -4.709
GLN01A0317_018   0.306  -5.007  -4.701
GLN01A0317_019   0.861  -5.066  -4.204
