CONFORMER         crg  vdw0  vdw1  tors  epol  self   occ  Hb     history    ASA
ASP01A0263_001  0.000 -4.42  5.84  3.14  0.00  4.56 0.000  00  01O000M000  1.022
ASP01A0263_002  0.000 -4.10  0.42  3.67  0.00 -0.00 0.531  00  01E003M000  1.017
ASP01A0263_003  0.000 -4.14  0.67  6.47  0.00  3.00 0.533  00  01E009M000  1.000
ASP01A0263_004  0.000 -3.96  0.78  3.03  0.00 -0.16 0.532  00  01E00EM000  1.000
ASP01A0263_005  0.000 -3.80  0.42  3.68  0.00  0.30 0.529  00  01E010M000  1.000
ASP01A0263_006  0.000 -4.42  5.84  0.42  0.00  1.84 0.000  00  01O000M000  1.022
ASP01A0263_007  0.000 -4.39  2.20  0.31  0.00 -1.87 0.531  00  01E001M000  1.000
ASP01A0263_008  0.000 -4.25  3.89  2.83  0.00  2.47 0.530  00  01T002M000  1.000
ASP01A0263_009  0.000 -4.39  2.20  3.03  0.00  0.84 0.531  00  01T001M000  1.000
ASP01A0263_010  0.000 -3.73  0.17  3.67  0.00  0.12 0.531  00  01T006M000  1.011
ASP01A0263_011  0.000 -4.32  2.75  3.65  0.00  2.09 0.532  00  01T007M000  1.049
ASP01A0263_012  0.000 -4.03  2.67  3.60  0.00  2.24 0.531  00  01T008M000  1.034
ASP01A0263_013  0.000 -4.00  1.41  5.79  0.00  3.20 0.531  00  01T00AM000  1.000
ASP01A0263_014  0.000 -3.98  0.56  6.47  0.00  3.04 0.532  00  01T00CM000  1.018
ASP01A0263_015  0.000 -4.25  3.89  0.11  0.00 -0.25 0.530  00  01T002M000  1.000
ASP01A0263_016  0.000 -4.10  0.42  0.95  0.00 -2.73 0.531  00  01T003M000  1.017
ASP01A0263_017  0.000 -4.35  2.74  0.94  0.00 -0.67 0.532  00  01T007M000  1.049
ASP01A0263_018  0.000 -3.73  0.17  0.95  0.00 -2.60 0.531  00  01T006M000  1.011
ASP01A0263_019  0.000 -4.03  2.67  0.88  0.00 -0.48 0.531  00  01T008M000  1.034
ASP01A0263_020  0.000 -4.00  1.41  3.07  0.00  0.48 0.531  00  01T00AM000  1.000
ASP01A0263_021  0.000 -4.24  1.87  0.06  0.00 -2.31 0.533  00  01T00FM000  1.000
ASP02A0263_022  0.000 -4.33  4.55  3.14  0.00  3.35 0.000  00  02O000M000  1.038
ASP02A0263_023  0.000 -4.15  2.77  3.68  0.00  2.31 0.532  00  02E007M000  1.047
ASP02A0263_024  0.000 -4.33  4.55  0.42  0.00  0.63 0.000  00  02O000M000  1.038
ASP02A0263_025  0.000 -4.24  2.72  0.92  0.00 -0.60 0.532  00  02E007M000  1.046
ASP02A0263_026  0.000 -4.27  1.60  3.06  0.00  0.38 0.531  00  02T001M000  1.000
ASP02A0263_027  0.000 -4.04  0.28  3.68  0.00 -0.09 0.531  00  02T003M000  1.022
ASP02A0263_028  0.000 -4.00  2.69  3.63  0.00  2.32 0.531  00  02T008M000  1.039
ASP02A0263_029  0.000 -4.06  1.56  2.78  0.00  0.29 0.531  00  02T005M000  1.000
ASP02A0263_030  0.000 -4.09  0.63  6.45  0.00  2.99 0.533  00  02T009M000  1.000
ASP02A0263_031  0.000 -4.04  0.58  6.46  0.00  3.00 0.532  00  02T00CM000  1.008
ASP02A0263_032  0.000 -4.08  0.75  3.68  0.00  0.34 0.531  00  02T00DM000  1.003
ASP02A0263_033  0.000 -3.91  0.54  3.67  0.00  0.30 0.529  00  02T010M000  1.000
ASP02A0263_034  0.000 -4.04  0.28  0.96  0.00 -2.81 0.531  00  02T003M000  1.022
ASP02A0263_035  0.000 -4.35  2.38  0.07  0.00 -1.89 0.533  00  02T00FM000  1.000
ASP02A0263_036  0.000 -4.06  1.56  0.06  0.00 -2.43 0.531  00  02T005M000  1.000
ASP02A0263_037  0.000 -3.96  2.68  0.90  0.00 -0.38 0.531  00  02T008M000  1.040
ASP02A0263_038  0.000 -4.09  0.63  3.73  0.00  0.27 0.533  00  02T009M000  1.000
ASP02A0263_039  0.000 -4.05  0.58  3.74  0.00  0.27 0.532  00  02T00CM000  1.011
ASP02A0263_040  0.000 -4.12  0.75  0.96  0.00 -2.42 0.531  00  02T00DM000  1.012
ASP-1A0263_041 -1.000 -4.27  4.57  0.42  0.00  0.72 0.000  00  -1O000M000  1.022
ASP-1A0263_042 -1.000 -4.21  1.70  0.31  0.00 -2.20 0.531  00  -1E001M000  1.000
ASP-1A0263_043 -1.000 -3.94  0.31  0.94  0.00 -2.68 0.531  00  -1E003M000  1.031
ASP-1A0263_044 -1.000 -3.87  0.15  0.95  0.00 -2.77 0.531  00  -1E006M000  1.022
ASP-1A0263_045 -1.000 -4.24  2.57  0.94  0.00 -0.74 0.532  00  -1E007M000  1.038
ASP-1A0263_046 -1.000 -3.85  2.52  0.90  0.00 -0.44 0.531  00  -1E008M000  1.046
ASP-1A0263_047 -1.000 -4.10  0.65  3.74  0.00  0.28 0.533  00  -1E009M000  1.000
ASP-1A0263_048 -1.000 -3.85  0.57  3.75  0.00  0.47 0.532  00  -1E00CM000  1.000
ASP-1A0263_049 -1.000 -4.05  0.74  0.96  0.00 -2.35 0.531  00  -1E00DM000  1.003
ASP-1A0263_050 -1.000 -4.30  1.92  0.06  0.00 -2.32 0.533  00  -1E00FM000  1.008
