iConf CONFORMER     FL  occ    crg   Em0  pKa0 ne nH    vdw0    vdw1    tors    epol   dsolv   extra    history
00001 ASP01A0263_001 f 0.00  0.000     0  0.00  0  0  -4.421   5.842   3.136  -0.069  -0.011   0.000 01O000M000t
00002 ASP01A0263_002 f 0.00  0.000     0  0.00  0  0  -4.102   0.423   3.674   0.421  -0.235   0.000 01E003M000t
00003 ASP01A0263_003 f 0.00  0.000     0  0.00  0  0  -4.138   0.665   6.469   0.347  -0.402   0.000 01E009M000t
00004 ASP01A0263_004 f 0.00  0.000     0  0.00  0  0  -3.966   0.780   3.027   0.144  -0.596   0.000 01E00EM000t
00005 ASP01A0263_005 f 0.00  0.000     0  0.00  0  0  -3.804   0.423   3.678   0.134  -0.661   0.000 01E010M000t
00006 ASP01A0263_006 f 0.00  0.000     0  0.00  0  0  -4.421   5.842   0.416   0.249   0.507   0.000 01O000M000t
00007 ASP01A0263_007 f 0.00  0.000     0  0.00  0  0  -4.392   2.198   0.314   0.144   0.489   0.000 01E001M000t
00008 ASP01A0263_008 f 0.00  0.000     0  0.00  0  0  -4.236   3.884   2.832   1.317   0.104   0.000 01T002M000t
00009 ASP01A0263_009 f 0.00  0.000     0  0.00  0  0  -4.392   2.197   3.030   0.368  -0.258   0.000 01T001M000t
00010 ASP01A0263_010 f 0.00  0.000     0  0.00  0  0  -3.732   0.174   3.672   0.237  -0.465   0.000 01T006M000t
00011 ASP01A0263_011 f 0.00  0.000     0  0.00  0  0  -4.316   2.755   3.654   0.318  -0.472   0.000 01T007M000t
00012 ASP01A0263_012 f 0.00  0.000     0  0.00  0  0  -4.032   2.684   3.596   0.280  -0.561   0.000 01T008M000t
00013 ASP01A0263_013 f 0.00  0.000     0  0.00  0  0  -3.996   1.405   5.788   0.221  -0.638   0.000 01T00AM000t
00014 ASP01A0263_014 f 0.00  0.000     0  0.00  0  0  -3.984   0.553   6.469   0.167  -0.500   0.000 01T00CM000t
00015 ASP01A0263_015 f 0.00  0.000     0  0.00  0  0  -4.236   3.884   0.112   0.030   0.494   0.000 01T002M000t
00016 ASP01A0263_016 f 0.00  0.000     0  0.00  0  0  -4.102   0.423   0.948   0.147   0.534   0.000 01T003M000t
00017 ASP01A0263_017 f 0.00  0.000     0  0.00  0  0  -4.346   2.738   0.941   0.168   0.468   0.000 01T007M000t
00018 ASP01A0263_018 f 0.00  0.000     0  0.00  0  0  -3.732   0.174   0.952   0.163   0.480   0.000 01T006M000t
00019 ASP01A0263_019 f 0.00  0.000     0  0.00  0  0  -4.032   2.684   0.876   0.152   0.495   0.000 01T008M000t
00020 ASP01A0263_020 f 0.00  0.000     0  0.00  0  0  -3.996   1.405   3.068   0.179   0.475   0.000 01T00AM000t
00021 ASP01A0263_021 f 0.00  0.000     0  0.00  0  0  -4.238   1.868   0.059   0.008   0.514   0.000 01T00FM000t
00022 ASP02A0263_022 f 0.00  0.000     0  0.00  0  0  -4.332   4.545   3.136   0.238  -0.702   0.000 02O000M000t
00023 ASP02A0263_023 f 0.00  0.000     0  0.00  0  0  -4.145   2.772   3.684   0.243  -0.580   0.000 02E007M000t
00024 ASP02A0263_024 f 0.00  0.000     0  0.00  0  0  -4.332   4.545   0.416   0.220   0.605   0.000 02O000M000t
00025 ASP02A0263_025 f 0.00  0.000     0  0.00  0  0  -4.238   2.718   0.920   0.125   0.631   0.000 02E007M000t
00026 ASP02A0263_026 f 0.00  0.000     0  0.00  0  0  -4.273   1.597   3.058   0.137  -0.682   0.000 02T001M000t
00027 ASP02A0263_027 f 0.00  0.000     0  0.00  0  0  -4.044   0.278   3.676   0.180  -0.611   0.000 02T003M000t
00028 ASP02A0263_028 f 0.00  0.000     0  0.00  0  0  -3.998   2.692   3.630   0.264  -0.584   0.000 02T008M000t
00029 ASP02A0263_029 f 0.00  0.000     0  0.00  0  0  -4.055   1.562   2.784   0.921  -0.050   0.000 02T005M000t
00030 ASP02A0263_030 f 0.00  0.000     0  0.00  0  0  -4.086   0.624   6.452   0.172  -0.514   0.000 02T009M000t
00031 ASP02A0263_031 f 0.00  0.000     0  0.00  0  0  -4.041   0.583   6.459   0.332  -0.498   0.000 02T00CM000t
00032 ASP02A0263_032 f 0.00  0.000     0  0.00  0  0  -4.083   0.748   3.675   0.093  -0.717   0.000 02T00DM000t
00033 ASP02A0263_033 f 0.00  0.000     0  0.00  0  0  -3.906   0.541   3.668   0.327  -0.503   0.000 02T010M000t
00034 ASP02A0263_034 f 0.00  0.000     0  0.00  0  0  -4.044   0.278   0.956   0.097   0.552   0.000 02T003M000t
00035 ASP02A0263_035 f 0.00  0.000     0  0.00  0  0  -4.349   2.386   0.071   0.053   0.575   0.000 02T00FM000t
00036 ASP02A0263_036 f 0.00  0.000     0  0.00  0  0  -4.055   1.562   0.064   0.122   0.560   0.000 02T005M000t
00037 ASP02A0263_037 f 0.00  0.000     0  0.00  0  0  -3.957   2.685   0.896   0.145   0.537   0.000 02T008M000t
00038 ASP02A0263_038 f 0.00  0.000     0  0.00  0  0  -4.086   0.624   3.732   0.177   0.542   0.000 02T009M000t
00039 ASP02A0263_039 f 0.00  0.000     0  0.00  0  0  -4.053   0.583   3.739   0.232   0.560   0.000 02T00CM000t
00040 ASP02A0263_040 f 0.00  0.000     0  0.00  0  0  -4.121   0.748   0.955   0.087   0.591   0.000 02T00DM000t
00041 ASP-1A0263_041 f 0.00 -1.000     0  4.75  0 -1  -4.268   4.571   0.416  -0.155   0.076   0.000 -1O000M000t
00042 ASP-1A0263_042 f 0.00 -1.000     0  4.75  0 -1  -4.213   1.695   0.313  -0.285  -0.028   0.000 -1E001M000t
00043 ASP-1A0263_043 f 0.00 -1.000     0  4.75  0 -1  -3.971   0.312   0.944  -0.343   0.080   0.000 -1E003M000t
00044 ASP-1A0263_044 f 0.00 -1.000     0  4.75  0 -1  -3.874   0.153   0.953  -0.292   0.019   0.000 -1E006M000t
00045 ASP-1A0263_045 f 0.00 -1.000     0  4.75  0 -1  -4.244   2.570   0.936   0.119   0.087   0.000 -1E007M000t
00046 ASP-1A0263_046 f 0.00 -1.000     0  4.75  0 -1  -3.854   2.526   0.899   0.109   0.090   0.000 -1E008M000t
00047 ASP-1A0263_047 f 0.00 -1.000     0  4.75  0 -1  -4.104   0.645   3.738  -0.136  -0.037   0.000 -1E009M000t
00048 ASP-1A0263_048 f 0.00 -1.000     0  4.75  0 -1  -3.852   0.576   3.746  -0.099  -0.066   0.000 -1E00CM000t
00049 ASP-1A0263_049 f 0.00 -1.000     0  4.75  0 -1  -4.048   0.745   0.958  -0.316  -0.090   0.000 -1E00DM000t
00050 ASP-1A0263_050 f 0.00 -1.000     0  4.75  0 -1  -4.304   1.921   0.061  -0.429   0.004   0.000 -1E00FM000t
