   confID        vdw0    sas     sum
ASP01A0263_001   0.137  -4.557  -4.421
ASP01A0263_002   0.380  -4.482  -4.102
ASP01A0263_003   0.377  -4.515  -4.138
ASP01A0263_004   0.439  -4.405  -3.966
ASP01A0263_005   0.603  -4.407  -3.804
ASP01A0263_006   0.137  -4.557  -4.421
ASP01A0263_007   0.097  -4.489  -4.392
ASP01A0263_008   0.038  -4.275  -4.236
ASP01A0263_009   0.097  -4.489  -4.392
ASP01A0263_010   0.601  -4.333  -3.732
ASP01A0263_011   0.383  -4.699  -4.316
ASP01A0263_012   0.661  -4.692  -4.032
ASP01A0263_013   0.431  -4.427  -3.996
ASP01A0263_014   0.606  -4.591  -3.984
ASP01A0263_015   0.038  -4.275  -4.236
ASP01A0263_016   0.380  -4.482  -4.102
ASP01A0263_017   0.389  -4.735  -4.346
ASP01A0263_018   0.601  -4.333  -3.732
ASP01A0263_019   0.661  -4.692  -4.032
ASP01A0263_020   0.431  -4.427  -3.996
ASP01A0263_021   0.263  -4.502  -4.238
ASP02A0263_022   0.194  -4.526  -4.332
ASP02A0263_023   0.394  -4.539  -4.145
ASP02A0263_024   0.194  -4.526  -4.332
ASP02A0263_025   0.373  -4.611  -4.238
ASP02A0263_026   0.162  -4.435  -4.273
ASP02A0263_027   0.388  -4.431  -4.044
ASP02A0263_028   0.531  -4.529  -3.998
ASP02A0263_029   0.171  -4.227  -4.055
ASP02A0263_030   0.367  -4.453  -4.086
ASP02A0263_031   0.510  -4.550  -4.041
ASP02A0263_032   0.386  -4.469  -4.083
ASP02A0263_033   0.506  -4.412  -3.906
ASP02A0263_034   0.388  -4.431  -4.044
ASP02A0263_035   0.172  -4.521  -4.349
ASP02A0263_036   0.171  -4.227  -4.055
ASP02A0263_037   0.537  -4.493  -3.957
ASP02A0263_038   0.367  -4.453  -4.086
ASP02A0263_039   0.510  -4.563  -4.053
ASP02A0263_040   0.386  -4.507  -4.121
ASP-1A0263_041   0.119  -4.388  -4.268
ASP-1A0263_042   0.085  -4.298  -4.213
ASP-1A0263_043   0.305  -4.276  -3.971
ASP-1A0263_044   0.454  -4.328  -3.874
ASP-1A0263_045   0.307  -4.551  -4.244
ASP-1A0263_046   0.495  -4.349  -3.854
ASP-1A0263_047   0.301  -4.405  -4.104
ASP-1A0263_048   0.458  -4.311  -3.852
ASP-1A0263_049   0.319  -4.367  -4.048
ASP-1A0263_050   0.162  -4.466  -4.304
