iConf CONFORMER     FL  occ    crg   Em0  pKa0 ne nH    vdw0    vdw1    tors    epol   dsolv   extra    history
00001 MET01A0078_001 f 0.00  0.000     0  0.00  0  0 -10.127   0.900   0.296   0.029   0.043   0.000 01O000M000t
00002 MET01A0078_002 f 0.00  0.000     0  0.00  0  0  -9.932   6.529   0.288  -0.069   0.045   0.000 01R005M000t
00003 MET01A0078_003 f 0.00  0.000     0  0.00  0  0 -10.443   5.995   0.296  -0.070   0.044   0.000 01R008M000t
00004 MET01A0078_004 f 0.00  0.000     0  0.00  0  0 -10.727   1.766   2.666   0.017   0.044   0.000 01R00AM000t
00005 MET01A0078_005 f 0.00  0.000     0  0.00  0  0 -11.418   0.987   2.136   0.033   0.044   0.000 01R00EM000t
00006 MET01A0078_006 f 0.00  0.000     0  0.00  0  0 -11.493   1.606   0.295   0.037   0.043   0.000 01R015M000t
00007 MET01A0078_007 f 0.00  0.000     0  0.00  0  0 -11.795   1.311   4.506   0.029   0.043   0.000 01R018M000t
00008 MET01A0078_008 f 0.00  0.000     0  0.00  0  0 -11.813   1.364   2.667   0.033   0.042   0.000 01R019M000t
00009 MET01A0078_009 f 0.00  0.000     0  0.00  0  0  -7.246   1.200   2.666   0.039   0.043   0.000 01R01BM000t
00010 MET01A0078_010 f 0.00  0.000     0  0.00  0  0 -11.706   1.690   0.296   0.012   0.044   0.000 01R021M000t
00011 MET01A0078_011 f 0.00  0.000     0  0.00  0  0  -8.034   1.247   0.296   0.010   0.044   0.000 01R023M000t
00012 MET01A0078_012 f 0.00  0.000     0  0.00  0  0 -10.568   1.973   4.933   0.030   0.043   0.000 01R02EM000t
00013 MET01A0078_013 f 0.00  0.000     0  0.00  0  0  -5.195   1.847   3.093   0.030   0.043   0.000 01R02FM000t
00014 MET01A0078_014 f 0.00  0.000     0  0.00  0  0 -11.658   5.717   2.096  -0.052   0.046   0.000 01R032M000t
00015 MET01A0078_015 f 0.00  0.000     0  0.00  0  0 -11.020   1.208   7.303   0.032   0.043   0.000 01R036M000t
00016 MET01A0078_016 f 0.00  0.000     0  0.00  0  0 -10.989   1.487   5.465   0.040   0.042   0.000 01R037M000t
00017 MET01A0078_017 f 0.00  0.000     0  0.00  0  0 -11.012   1.658   7.304   0.023   0.044   0.000 01R03FM000t
00018 MET01A0078_018 f 0.00  0.000     0  0.00  0  0  -8.458   1.967   2.952   0.044   0.042   0.000 01T02AM000t
00019 MET01A0078_019 f 0.00  0.000     0  0.00  0  0 -11.833   3.914   4.590   0.078   0.047   0.000 01T039M000t
00020 MET01A0078_020 f 0.00  0.000     0  0.00  0  0 -12.366   1.944   2.656   0.007   0.045   0.000 01T03DM000t
