CONFORMER         crg  vdw0  vdw1  tors  epol  self   occ  Hb     history    ASA
MET01A0078_001  0.000-10.13  0.90  0.30  0.00 -8.93 0.506  00  01O000M000  1.000
MET01A0078_002  0.000 -9.93  6.53  0.29  0.00 -3.11 0.508  00  01R005M000  1.000
MET01A0078_003  0.000-10.44  6.01  0.30  0.00 -4.14 0.508  00  01R008M000  1.000
MET01A0078_004  0.000-10.73  1.76  2.67  0.00 -6.30 0.508  00  01R00AM000  1.000
MET01A0078_005  0.000-11.42  0.99  2.14  0.00 -8.30 0.507  00  01R00EM000  1.000
MET01A0078_006  0.000-11.49  1.60  0.30  0.00 -9.59 0.509  00  01R015M000  1.000
MET01A0078_007  0.000-11.80  1.31  4.51  0.00 -5.98 0.507  00  01R018M000  1.000
MET01A0078_008  0.000-11.81  1.36  2.67  0.00 -7.79 0.507  00  01R019M000  1.000
MET01A0078_009  0.000 -7.24  1.20  2.67  0.00 -3.38 0.508  00  01R01BM000  1.000
MET01A0078_010  0.000-11.71  1.69  0.30  0.00 -9.72 0.507  00  01R021M000  1.000
MET01A0078_011  0.000 -8.05  1.24  0.30  0.00 -6.51 0.509  00  01R023M000  1.000
MET01A0078_012  0.000-10.57  1.97  4.93  0.00 -3.67 0.508  00  01R02EM000  1.000
MET01A0078_013  0.000 -5.20  1.85  3.09  0.00 -0.26 0.506  00  01R02FM000  1.000
MET01A0078_014  0.000-11.66  5.71  2.10  0.00 -3.85 0.508  00  01R032M000  1.000
MET01A0078_015  0.000-11.02  1.21  7.30  0.00 -2.51 0.509  00  01R036M000  1.000
MET01A0078_016  0.000-10.94  1.48  5.46  0.00 -3.99 0.508  00  01R037M000  1.000
MET01A0078_017  0.000-11.01  1.65  7.30  0.00 -2.06 0.508  00  01R03FM000  1.000
MET01A0078_018  0.000 -8.45  1.97  2.95  0.00 -3.54 0.507  00  01T02AM000  1.000
MET01A0078_019  0.000-11.83  3.92  4.59  0.00 -3.33 0.507  00  01T039M000  1.000
MET01A0078_020  0.000-12.37  1.94  2.66  0.00 -7.77 0.508  00  01T03DM000  1.000
