   confID        vdw0    sas     sum
MET01A0078_001   1.089 -11.215 -10.127
MET01A0078_002   1.185 -11.117  -9.932
MET01A0078_003   0.772 -11.215 -10.443
MET01A0078_004   0.865 -11.592 -10.727
MET01A0078_005   0.128 -11.546 -11.418
MET01A0078_006   0.074 -11.567 -11.493
MET01A0078_007   0.156 -11.951 -11.795
MET01A0078_008   0.075 -11.888 -11.813
MET01A0078_009   4.017 -11.264  -7.246
MET01A0078_010  -0.061 -11.645 -11.706
MET01A0078_011   3.457 -11.491  -8.034
MET01A0078_012   0.838 -11.406 -10.568
MET01A0078_013   5.633 -10.829  -5.195
MET01A0078_014   0.015 -11.672 -11.658
MET01A0078_015   0.875 -11.895 -11.020
MET01A0078_016   0.781 -11.770 -10.989
MET01A0078_017   0.862 -11.874 -11.012
MET01A0078_018   3.021 -11.479  -8.458
MET01A0078_019   0.068 -11.901 -11.833
MET01A0078_020  -0.062 -12.304 -12.366
