CONFORMER         crg  vdw0  vdw1  tors  epol  self   occ  Hb     history    ASA
ARG01A0131_001  0.000-12.56  1.35  0.61  0.00-10.60 0.502  00  01O000M000  1.000
ARG01A0131_002  0.000-11.65  1.87  4.46  0.00 -5.32 0.501  00  01E048M000  1.000
ARG01A0131_003  0.000-11.40  1.10  1.13  0.00 -9.16 0.501  00  01E070M000  1.000
ARG01A0131_004  0.000-11.68  0.68  0.58  0.00-10.42 0.501  00  01E097M000  1.000
ARG01A0131_005  0.000-10.62  0.67  2.98  0.00 -6.97 0.502  00  01E0B2M000  1.000
ARG01A0131_006  0.000-12.82  2.52  3.00  0.00 -7.30 0.501  00  01E0EFM000  1.000
ARG01A0131_007  0.000-10.66  1.88  6.34  0.00 -2.44 0.501  00  01E11EM000  1.000
ARG01A0131_008  0.000-10.64  0.65  3.64  0.00 -6.36 0.502  00  01E139M000  1.000
ARG01A0131_009  0.000-12.62  0.66  1.23  0.00-10.73 0.502  00  01T00EM000  1.000
ARG01A0131_010  0.000-11.24  0.63  1.67  0.00 -8.94 0.501  00  01T031M000  1.000
ARG01A0131_011  0.000-14.05  1.55  3.82  0.00 -8.68 0.502  00  01T042M000  1.000
ARG01A0131_012  0.000-11.61  0.96  1.19  0.00 -9.46 0.501  00  01T075M000  1.000
ARG01A0131_013  0.000-12.54  1.13  0.70  0.00-10.71 0.502  00  01T083M000  1.000
ARG01A0131_014  0.000-12.17  0.97  1.25  0.00 -9.96 0.501  00  01T085M000  1.000
ARG01A0131_015  0.000-11.91  1.56  2.87  0.00 -7.48 0.501  00  01T08CM000  1.000
ARG01A0131_016  0.000-11.04  2.31  3.05  0.00 -5.68 0.502  00  01T0E7M000  1.000
ARG01A0131_017  0.000-12.91  1.44  0.55  0.00-10.92 0.502  00  01T0EAM000  1.000
ARG01A0131_018  0.000-11.44  1.72  6.69  0.00 -3.03 0.502  00  01T0FEM000  1.000
ARG01A0131_019  0.000-13.20  2.82  5.79  0.00 -4.59 0.502  00  01T114M000  1.000
ARG01A0131_020  0.000-12.95  2.02  4.11  0.00 -6.82 0.501  00  01T11BM000  1.000
ARG02A0131_021  0.000-11.85  1.54  2.86  0.00 -7.44 0.501  00  02E08CM000  1.000
ARG02A0131_022  0.000-12.57  1.33  0.61  0.00-10.62 0.502  00  02O000M000  1.000
ARG02A0131_023  0.000-14.01  1.82  3.43  0.00 -8.76 0.502  00  02T042M000  1.000
ARG02A0131_024  0.000-10.91  1.86  3.92  0.00 -5.13 0.501  00  02T048M000  1.000
ARG02A0131_025  0.000-12.29  1.11  0.69  0.00-10.49 0.502  00  02T083M000  1.000
ARG02A0131_026  0.000-11.13  2.59  2.98  0.00 -5.57 0.502  00  02T0E7M000  1.000
ARG02A0131_027  0.000-12.76  2.49  2.99  0.00 -7.28 0.501  00  02T0EFM000  1.000
ARG02A0131_028  0.000-12.97  3.12  5.73  0.00 -4.13 0.502  00  02T114M000  1.000
ARG02A0131_029  0.000-10.80  1.86  6.31  0.00 -2.62 0.501  00  02T11EM000  1.000
ARG02A0131_030  0.000-10.53  0.64  3.61  0.00 -6.28 0.502  00  02T139M000  1.000
ARG02A0131_031  0.000-12.79  0.75  1.07  0.00-10.97 0.502  00  02T00EM000  1.000
ARG02A0131_032  0.000-11.11  0.91  1.03  0.00 -9.18 0.501  00  02T031M000  1.000
ARG02A0131_033  0.000-11.12  1.10  1.09  0.00 -8.93 0.501  00  02T070M000  1.000
ARG02A0131_034  0.000-12.69  2.05  3.98  0.00 -6.66 0.501  00  02T11BM000  1.000
ARG02A0131_035  0.000-11.15  0.90  1.16  0.00 -9.10 0.501  00  02T075M000  1.000
ARG02A0131_036  0.000-12.26  1.01  1.15  0.00-10.10 0.501  00  02T085M000  1.000
ARG02A0131_037  0.000-11.88  0.66  0.48  0.00-10.74 0.501  00  02T097M000  1.000
ARG02A0131_038  0.000-10.63  0.70  2.94  0.00 -7.00 0.502  00  02T0B2M000  1.000
ARG02A0131_039  0.000-13.02  1.44  0.55  0.00-11.03 0.502  00  02T0EAM000  1.000
ARG02A0131_040  0.000-10.76  1.73  6.06  0.00 -2.97 0.502  00  02T0FEM000  1.000
ARG03A0131_041  0.000-10.88  1.86  3.91  0.00 -5.11 0.501  00  03E048M000  1.000
ARG03A0131_042  0.000-11.18  0.85  1.17  0.00 -9.16 0.501  00  03E075M000  1.000
ARG03A0131_043  0.000-10.58  0.64  3.60  0.00 -6.34 0.502  00  03E139M000  1.000
ARG03A0131_044  0.000-12.62  1.33  0.61  0.00-10.68 0.502  00  03O000M000  1.000
ARG03A0131_045  0.000-11.27  0.93  1.02  0.00 -9.32 0.501  00  03E031M000  1.000
ARG03A0131_046  0.000-13.05  1.44  0.55  0.00-11.06 0.502  00  03E0EAM000  1.000
ARG03A0131_047  0.000-12.45  1.12  0.69  0.00-10.64 0.502  00  03T083M000  1.000
ARG03A0131_048  0.000-12.97  3.13  5.72  0.00 -4.12 0.502  00  03T114M000  1.000
ARG03A0131_049  0.000-12.83  0.74  1.06  0.00-11.02 0.502  00  03T00EM000  1.000
ARG03A0131_050  0.000-14.04  1.82  3.42  0.00 -8.80 0.502  00  03T042M000  1.000
ARG03A0131_051  0.000-11.98  0.66  0.47  0.00-10.84 0.501  00  03T097M000  1.000
ARG03A0131_052  0.000-10.85  2.63  2.99  0.00 -5.23 0.502  00  03T0E7M000  1.000
ARG03A0131_053  0.000-12.84  2.49  2.99  0.00 -7.35 0.501  00  03T0EFM000  1.000
ARG03A0131_054  0.000-10.89  1.72  6.06  0.00 -3.11 0.502  00  03T0FEM000  1.000
ARG03A0131_055  0.000-10.69  1.86  6.33  0.00 -2.50 0.501  00  03T11EM000  1.000
ARG03A0131_056  0.000-11.94  1.56  2.85  0.00 -7.53 0.501  00  03T08CM000  1.000
ARG03A0131_057  0.000-11.22  1.09  1.09  0.00 -9.04 0.501  00  03T070M000  1.000
ARG03A0131_058  0.000-12.37  1.04  1.15  0.00-10.18 0.501  00  03T085M000  1.000
ARG03A0131_059  0.000-10.51  0.67  2.95  0.00 -6.89 0.502  00  03T0B2M000  1.000
ARG03A0131_060  0.000-12.69  2.04  3.98  0.00 -6.67 0.501  00  03T11BM000  1.000
ARG+1A0131_061  1.000-12.67  1.33  0.61  0.00-10.72 0.502  00  +1O000M000  1.000
ARG+1A0131_062  1.000-12.76  0.74  1.08  0.00-10.94 0.502  00  +1E00EM000  1.000
ARG+1A0131_063  1.000-14.08  1.82  3.43  0.00 -8.82 0.502  00  +1E042M000  1.000
ARG+1A0131_064  1.000-11.13  1.08  1.10  0.00 -8.95 0.501  00  +1E070M000  1.000
ARG+1A0131_065  1.000-12.31  1.02  1.15  0.00-10.14 0.501  00  +1E085M000  1.000
ARG+1A0131_066  1.000-12.04  0.66  0.49  0.00-10.89 0.501  00  +1E097M000  1.000
ARG+1A0131_067  1.000-10.50  0.67  2.95  0.00 -6.87 0.502  00  +1E0B2M000  1.000
ARG+1A0131_068  1.000-13.04  1.43  0.56  0.00-11.05 0.502  00  +1E0EAM000  1.000
ARG+1A0131_069  1.000-12.81  2.48  3.00  0.00 -7.34 0.501  00  +1E0EFM000  1.000
ARG+1A0131_070  1.000-13.01  3.12  5.73  0.00 -4.16 0.502  00  +1E114M000  1.000
ARG+1A0131_071  1.000-12.73  2.04  3.98  0.00 -6.71 0.501  00  +1E11BM000  1.000
ARG+1A0131_072  1.000-10.73  1.86  6.33  0.00 -2.53 0.501  00  +1E11EM000  1.000
ARG+1A0131_073  1.000-11.24  0.91  1.03  0.00 -9.30 0.501  00  +1T031M000  1.000
ARG+1A0131_074  1.000-10.85  1.86  3.93  0.00 -5.06 0.501  00  +1T048M000  1.000
ARG+1A0131_075  1.000-11.30  0.87  1.17  0.00 -9.27 0.501  00  +1T075M000  1.000
ARG+1A0131_076  1.000-12.39  1.12  0.69  0.00-10.57 0.502  00  +1T083M000  1.000
ARG+1A0131_077  1.000-11.97  1.54  2.87  0.00 -7.56 0.501  00  +1T08CM000  1.000
ARG+1A0131_078  1.000-10.88  2.62  2.99  0.00 -5.26 0.502  00  +1T0E7M000  1.000
ARG+1A0131_079  1.000-10.90  1.73  6.10  0.00 -3.07 0.502  00  +1T0FEM000  1.000
ARG+1A0131_080  1.000-10.61  0.64  3.61  0.00 -6.35 0.502  00  +1T139M000  1.000
