iConf CONFORMER     FL  occ    crg   Em0  pKa0 ne nH    vdw0    vdw1    tors    epol   dsolv   extra    history
00001 ARG01A0131_001 f 0.00  0.000     0  0.00  0  0 -12.557   1.345   0.611  -0.017  -0.039   0.000 01O000M000t
00002 ARG01A0131_002 f 0.00  0.000     0  0.00  0  0 -11.658   1.872   4.455   0.018   0.113   0.000 01E048M000t
00003 ARG01A0131_003 f 0.00  0.000     0  0.00  0  0 -11.391   1.096   1.140   0.057   0.074   0.000 01E070M000t
00004 ARG01A0131_004 f 0.00  0.000     0  0.00  0  0 -11.686   0.682   0.578   0.032   0.209   0.000 01E097M000t
00005 ARG01A0131_005 f 0.00  0.000     0  0.00  0  0 -10.622   0.669   2.979   0.042  -0.105   0.000 01E0B2M000t
00006 ARG01A0131_006 f 0.00  0.000     0  0.00  0  0 -12.819   2.519   2.995   0.042   0.071   0.000 01E0EFM000t
00007 ARG01A0131_007 f 0.00  0.000     0  0.00  0  0 -10.648   1.872   6.335   0.010  -0.089   0.000 01E11EM000t
00008 ARG01A0131_008 f 0.00  0.000     0  0.00  0  0 -10.639   0.650   3.634   0.052  -0.047   0.000 01E139M000t
00009 ARG01A0131_009 f 0.00  0.000     0  0.00  0  0 -12.569   0.662   1.234   0.012   0.090   0.000 01T00EM000t
00010 ARG01A0131_010 f 0.00  0.000     0  0.00  0  0 -11.248   0.631   1.675  -0.169   0.175   0.000 01T031M000t
00011 ARG01A0131_011 f 0.00  0.000     0  0.00  0  0 -14.056   1.547   3.815   0.139  -0.019   0.000 01T042M000t
00012 ARG01A0131_012 f 0.00  0.000     0  0.00  0  0 -11.615   0.959   1.192  -0.093   0.351   0.000 01T075M000t
00013 ARG01A0131_013 f 0.00  0.000     0  0.00  0  0 -12.541   1.126   0.701   0.007   0.163   0.000 01T083M000t
00014 ARG01A0131_014 f 0.00  0.000     0  0.00  0  0 -12.218   0.969   1.249  -0.158   0.034   0.000 01T085M000t
00015 ARG01A0131_015 f 0.00  0.000     0  0.00  0  0 -11.907   1.558   2.866   0.019  -0.114   0.000 01T08CM000t
00016 ARG01A0131_016 f 0.00  0.000     0  0.00  0  0 -11.042   2.310   3.049   0.258  -0.216   0.000 01T0E7M000t
00017 ARG01A0131_017 f 0.00  0.000     0  0.00  0  0 -12.962   1.438   0.551   0.189   0.163   0.000 01T0EAM000t
00018 ARG01A0131_018 f 0.00  0.000     0  0.00  0  0 -11.439   1.724   6.687  -0.072  -0.383   0.000 01T0FEM000t
00019 ARG01A0131_019 f 0.00  0.000     0  0.00  0  0 -13.209   2.812   5.800   0.033   0.028   0.000 01T114M000t
00020 ARG01A0131_020 f 0.00  0.000     0  0.00  0  0 -12.878   2.017   4.106   0.034  -0.009   0.000 01T11BM000t
00021 ARG02A0131_021 f 0.00  0.000     0  0.00  0  0 -11.854   1.544   2.865   0.040   0.817   0.000 02E08CM000t
00022 ARG02A0131_022 f 0.00  0.000     0  0.00  0  0 -12.568   1.332   0.611   0.019   0.810   0.000 02O000M000t
00023 ARG02A0131_023 f 0.00  0.000     0  0.00  0  0 -14.008   1.820   3.427   0.155   0.750   0.000 02T042M000t
00024 ARG02A0131_024 f 0.00  0.000     0  0.00  0  0 -10.909   1.860   3.920   0.035   0.980   0.000 02T048M000t
00025 ARG02A0131_025 f 0.00  0.000     0  0.00  0  0 -12.297   1.111   0.687   0.046   1.020   0.000 02T083M000t
00026 ARG02A0131_026 f 0.00  0.000     0  0.00  0  0 -11.135   2.584   2.977   0.246   1.223   0.000 02T0E7M000t
00027 ARG02A0131_027 f 0.00  0.000     0  0.00  0  0 -12.766   2.484   2.995   0.054   1.152   0.000 02T0EFM000t
00028 ARG02A0131_028 f 0.00  0.000     0  0.00  0  0 -12.976   3.111   5.724   0.088   1.045   0.000 02T114M000t
00029 ARG02A0131_029 f 0.00  0.000     0  0.00  0  0 -10.754   1.860   6.313   0.026   1.055   0.000 02T11EM000t
00030 ARG02A0131_030 f 0.00  0.000     0  0.00  0  0 -10.530   0.641   3.606   0.045   1.046   0.000 02T139M000t
00031 ARG02A0131_031 f 0.00  0.000     0  0.00  0  0 -12.789   0.741   1.074   0.020   1.028   0.000 02T00EM000t
00032 ARG02A0131_032 f 0.00  0.000     0  0.00  0  0 -11.118   0.905   1.025   0.039   1.063   0.000 02T031M000t
00033 ARG02A0131_033 f 0.00  0.000     0  0.00  0  0 -11.130   1.100   1.090   0.068   1.126   0.000 02T070M000t
00034 ARG02A0131_034 f 0.00  0.000     0  0.00  0  0 -12.695   2.047   3.980   0.048   0.711   0.000 02T11BM000t
00035 ARG02A0131_035 f 0.00  0.000     0  0.00  0  0 -11.140   0.897   1.155  -0.121   1.047   0.000 02T075M000t
00036 ARG02A0131_036 f 0.00  0.000     0  0.00  0  0 -12.259   1.007   1.151  -0.096   0.598   0.000 02T085M000t
00037 ARG02A0131_037 f 0.00  0.000     0  0.00  0  0 -11.881   0.661   0.482   0.001   0.719   0.000 02T097M000t
00038 ARG02A0131_038 f 0.00  0.000     0  0.00  0  0 -10.632   0.699   2.937  -0.032   0.694   0.000 02T0B2M000t
00039 ARG02A0131_039 f 0.00  0.000     0  0.00  0  0 -13.014   1.438   0.554   0.165   0.672   0.000 02T0EAM000t
00040 ARG02A0131_040 f 0.00  0.000     0  0.00  0  0 -10.764   1.733   6.064  -0.034   0.488   0.000 02T0FEM000t
00041 ARG03A0131_041 f 0.00  0.000     0  0.00  0  0 -10.886   1.867   3.908   0.034   0.842   0.000 03E048M000t
00042 ARG03A0131_042 f 0.00  0.000     0  0.00  0  0 -11.185   0.857   1.166  -0.102   1.144   0.000 03E075M000t
00043 ARG03A0131_043 f 0.00  0.000     0  0.00  0  0 -10.571   0.642   3.606   0.053   0.807   0.000 03E139M000t
00044 ARG03A0131_044 f 0.00  0.000     0  0.00  0  0 -12.621   1.332   0.611   0.012   0.792   0.000 03O000M000t
00045 ARG03A0131_045 f 0.00  0.000     0  0.00  0  0 -11.275   0.933   1.017   0.115   1.076   0.000 03E031M000t
00046 ARG03A0131_046 f 0.00  0.000     0  0.00  0  0 -13.058   1.442   0.550   0.188   0.783   0.000 03E0EAM000t
00047 ARG03A0131_047 f 0.00  0.000     0  0.00  0  0 -12.445   1.123   0.689   0.047   1.059   0.000 03T083M000t
00048 ARG03A0131_048 f 0.00  0.000     0  0.00  0  0 -12.971   3.132   5.722   0.085   0.639   0.000 03T114M000t
00049 ARG03A0131_049 f 0.00  0.000     0  0.00  0  0 -12.832   0.741   1.063   0.024   0.627   0.000 03T00EM000t
00050 ARG03A0131_050 f 0.00  0.000     0  0.00  0  0 -14.037   1.819   3.416   0.160   0.802   0.000 03T042M000t
00051 ARG03A0131_051 f 0.00  0.000     0  0.00  0  0 -11.977   0.661   0.475   0.017   0.900   0.000 03T097M000t
00052 ARG03A0131_052 f 0.00  0.000     0  0.00  0  0 -10.855   2.629   2.983   0.246   1.217   0.000 03T0E7M000t
00053 ARG03A0131_053 f 0.00  0.000     0  0.00  0  0 -12.838   2.492   2.989   0.016   1.121   0.000 03T0EFM000t
00054 ARG03A0131_054 f 0.00  0.000     0  0.00  0  0 -10.893   1.719   6.058  -0.033   0.916   0.000 03T0FEM000t
00055 ARG03A0131_055 f 0.00  0.000     0  0.00  0  0 -10.692   1.862   6.327   0.025   0.879   0.000 03T11EM000t
00056 ARG03A0131_056 f 0.00  0.000     0  0.00  0  0 -11.935   1.558   2.852   0.029   0.656   0.000 03T08CM000t
00057 ARG03A0131_057 f 0.00  0.000     0  0.00  0  0 -11.222   1.084   1.094   0.038   1.021   0.000 03T070M000t
00058 ARG03A0131_058 f 0.00  0.000     0  0.00  0  0 -12.369   1.036   1.146  -0.069   0.931   0.000 03T085M000t
00059 ARG03A0131_059 f 0.00  0.000     0  0.00  0  0 -10.511   0.673   2.949   0.040   0.700   0.000 03T0B2M000t
00060 ARG03A0131_060 f 0.00  0.000     0  0.00  0  0 -12.692   2.043   3.979   0.043   0.799   0.000 03T11BM000t
00061 ARG+1A0131_061 f 0.00  1.000     0 12.50  0  1 -12.668   1.331   0.611   0.148  -0.201   0.000 +1O000M000t
00062 ARG+1A0131_062 f 0.00  1.000     0 12.50  0  1 -12.762   0.744   1.079   0.140  -0.125   0.000 +1E00EM000t
00063 ARG+1A0131_063 f 0.00  1.000     0 12.50  0  1 -14.075   1.823   3.430   0.362  -0.469   0.000 +1E042M000t
00064 ARG+1A0131_064 f 0.00  1.000     0 12.50  0  1 -11.134   1.082   1.099   0.229  -0.137   0.000 +1E070M000t
00065 ARG+1A0131_065 f 0.00  1.000     0 12.50  0  1 -12.306   1.016   1.153   0.208   0.260   0.000 +1E085M000t
00066 ARG+1A0131_066 f 0.00  1.000     0 12.50  0  1 -12.033   0.659   0.486   0.149  -0.168   0.000 +1E097M000t
00067 ARG+1A0131_067 f 0.00  1.000     0 12.50  0  1 -10.498   0.672   2.954   0.150  -0.657   0.000 +1E0B2M000t
00068 ARG+1A0131_068 f 0.00  1.000     0 12.50  0  1 -13.037   1.434   0.558   0.457  -0.183   0.000 +1E0EAM000t
00069 ARG+1A0131_069 f 0.00  1.000     0 12.50  0  1 -12.816   2.476   2.997   0.708  -0.189   0.000 +1E0EFM000t
00070 ARG+1A0131_070 f 0.00  1.000     0 12.50  0  1 -13.013   3.117   5.730   0.290  -0.333   0.000 +1E114M000t
00071 ARG+1A0131_071 f 0.00  1.000     0 12.50  0  1 -12.738   2.043   3.983   0.148  -0.209   0.000 +1E11BM000t
00072 ARG+1A0131_072 f 0.00  1.000     0 12.50  0  1 -10.722   1.861   6.332   0.171  -0.405   0.000 +1E11EM000t
00073 ARG+1A0131_073 f 0.00  1.000     0 12.50  0  1 -11.230   0.911   1.031   0.391   0.816   0.000 +1T031M000t
00074 ARG+1A0131_074 f 0.00  1.000     0 12.50  0  1 -10.847   1.859   3.927   0.152   0.004   0.000 +1T048M000t
00075 ARG+1A0131_075 f 0.00  1.000     0 12.50  0  1 -11.293   0.868   1.166   0.266  -0.338   0.000 +1T075M000t
00076 ARG+1A0131_076 f 0.00  1.000     0 12.50  0  1 -12.388   1.125   0.693   0.258  -0.106   0.000 +1T083M000t
00077 ARG+1A0131_077 f 0.00  1.000     0 12.50  0  1 -11.958   1.543   2.872   0.078  -0.304   0.000 +1T08CM000t
00078 ARG+1A0131_078 f 0.00  1.000     0 12.50  0  1 -10.863   2.623   2.988   0.530   0.068   0.000 +1T0E7M000t
00079 ARG+1A0131_079 f 0.00  1.000     0 12.50  0  1 -10.893   1.722   6.099   0.225  -0.486   0.000 +1T0FEM000t
00080 ARG+1A0131_080 f 0.00  1.000     0 12.50  0  1 -10.605   0.644   3.611   0.129  -0.292   0.000 +1T139M000t
