   confID        vdw0    sas     sum
ARG01A0131_001   1.433 -13.990 -12.557
ARG01A0131_002   2.706 -14.364 -11.658
ARG01A0131_003   2.629 -14.019 -11.391
ARG01A0131_004   2.133 -13.819 -11.686
ARG01A0131_005   2.942 -13.565 -10.622
ARG01A0131_006   1.971 -14.791 -12.819
ARG01A0131_007   3.584 -14.233 -10.648
ARG01A0131_008   3.666 -14.305 -10.639
ARG01A0131_009   1.949 -14.518 -12.569
ARG01A0131_010   2.802 -14.050 -11.248
ARG01A0131_011   0.820 -14.876 -14.056
ARG01A0131_012   2.686 -14.301 -11.615
ARG01A0131_013   1.817 -14.359 -12.541
ARG01A0131_014   2.491 -14.708 -12.218
ARG01A0131_015   2.280 -14.187 -11.907
ARG01A0131_016   2.732 -13.773 -11.042
ARG01A0131_017   1.299 -14.261 -12.962
ARG01A0131_018   2.837 -14.277 -11.439
ARG01A0131_019   1.937 -15.146 -13.209
ARG01A0131_020   2.114 -14.993 -12.878
ARG02A0131_021   2.253 -14.107 -11.854
ARG02A0131_022   1.422 -13.990 -12.568
ARG02A0131_023   0.794 -14.803 -14.008
ARG02A0131_024   3.549 -14.458 -10.909
ARG02A0131_025   1.811 -14.108 -12.297
ARG02A0131_026   2.722 -13.857 -11.135
ARG02A0131_027   1.964 -14.730 -12.766
ARG02A0131_028   2.073 -15.050 -12.976
ARG02A0131_029   3.499 -14.252 -10.754
ARG02A0131_030   3.663 -14.193 -10.530
ARG02A0131_031   1.799 -14.588 -12.789
ARG02A0131_032   3.203 -14.320 -11.118
ARG02A0131_033   2.658 -13.788 -11.130
ARG02A0131_034   2.053 -14.748 -12.695
ARG02A0131_035   2.827 -13.967 -11.140
ARG02A0131_036   2.444 -14.703 -12.259
ARG02A0131_037   2.289 -14.169 -11.881
ARG02A0131_038   3.045 -13.677 -10.632
ARG02A0131_039   1.350 -14.364 -13.014
ARG02A0131_040   3.477 -14.242 -10.764
ARG03A0131_041   3.495 -14.381 -10.886
ARG03A0131_042   2.778 -13.964 -11.185
ARG03A0131_043   3.674 -14.245 -10.571
ARG03A0131_044   1.369 -13.990 -12.621
ARG03A0131_045   3.141 -14.416 -11.275
ARG03A0131_046   1.255 -14.312 -13.058
ARG03A0131_047   1.829 -14.275 -12.445
ARG03A0131_048   2.079 -15.050 -12.971
ARG03A0131_049   1.804 -14.636 -12.832
ARG03A0131_050   0.798 -14.835 -14.037
ARG03A0131_051   2.192 -14.169 -11.977
ARG03A0131_052   2.818 -13.674 -10.855
ARG03A0131_053   1.957 -14.794 -12.838
ARG03A0131_054   3.413 -14.306 -10.893
ARG03A0131_055   3.493 -14.184 -10.692
ARG03A0131_056   2.252 -14.187 -11.935
ARG03A0131_057   2.714 -13.936 -11.222
ARG03A0131_058   2.398 -14.767 -12.369
ARG03A0131_059   3.102 -13.613 -10.511
ARG03A0131_060   2.056 -14.748 -12.692
ARG+1A0131_061   1.322 -13.990 -12.668
ARG+1A0131_062   1.762 -14.524 -12.762
ARG+1A0131_063   0.763 -14.839 -14.075
ARG+1A0131_064   2.670 -13.804 -11.134
ARG+1A0131_065   2.345 -14.651 -12.306
ARG+1A0131_066   2.188 -14.221 -12.033
ARG+1A0131_067   3.111 -13.609 -10.498
ARG+1A0131_068   1.211 -14.248 -13.037
ARG+1A0131_069   1.914 -14.730 -12.816
ARG+1A0131_070   2.037 -15.050 -13.013
ARG+1A0131_071   2.010 -14.748 -12.738
ARG+1A0131_072   3.462 -14.184 -10.722
ARG+1A0131_073   3.202 -14.433 -11.230
ARG+1A0131_074   3.547 -14.394 -10.847
ARG+1A0131_075   2.735 -14.028 -11.293
ARG+1A0131_076   1.774 -14.162 -12.388
ARG+1A0131_077   2.213 -14.171 -11.958
ARG+1A0131_078   2.814 -13.677 -10.863
ARG+1A0131_079   3.413 -14.306 -10.893
ARG+1A0131_080   3.636 -14.241 -10.605
