CONFORMER         crg  vdw0  vdw1  tors  epol  self   occ  Hb     history    ASA
TYR01A0146_001  0.000 -9.39  1.37  0.17  0.00 -7.85 0.536  00  01O000M000  1.000
TYR01A0146_002  0.000 -9.97  7.41  0.09  0.00 -2.47 0.534  00  01E004M000  1.000
TYR01A0146_003  0.000 -8.85  4.56  2.61  0.00 -1.68 0.535  00  01E001M000  1.000
TYR01A0146_004  0.000 -8.91  5.18  2.60  0.00 -1.13 0.534  00  01E009M000  1.000
TYR01A0146_005  0.000 -8.93  6.36  2.61  0.00  0.04 0.535  00  01T003M000  1.000
TYR01A0146_006  0.000 -8.68  4.63  2.61  0.00 -1.44 0.535  00  01T008M000  1.000
TYR01A0146_007  0.000 -9.32  2.09  0.15  0.00 -7.08 0.536  00  01T00AM000  1.000
TYR01A0146_008  0.000 -9.33  3.54  0.15  0.00 -5.64 0.535  00  01T00BM000  1.000
TYR01A0146_009  0.000 -9.23  1.88  0.15  0.00 -7.20 0.536  00  01T00CM000  1.000
TYR01A0146_010  0.000 -9.18  6.56  2.61  0.00 -0.00 0.537  00  01T00DM000  1.000
TYR01A0146_011  0.000 -9.00  3.07  0.15  0.00 -5.79 0.536  00  01T002M000  1.000
TYR01A0146_012  0.000 -9.50  1.31  0.16  0.00 -8.02 0.540  00  01T005M000  1.000
TYR01A0146_013  0.000 -9.67  5.49  0.10  0.00 -4.07 0.535  00  01T006M000  1.000
TYR01A0146_014  0.000 -9.36  5.38  2.60  0.00 -1.38 0.535  00  01T007M000  1.000
TYR-1A0146_015 -1.000 -9.39  1.37  0.17  0.00 -7.85 0.536  00  -1O000M000  1.000
TYR-1A0146_016 -1.000 -8.88  3.05  0.15  0.00 -5.69 0.536  00  -1E002M000  1.000
TYR-1A0146_017 -1.000 -8.91  6.36  2.61  0.00  0.06 0.535  00  -1E003M000  1.000
TYR-1A0146_018 -1.000 -9.97  7.41  0.09  0.00 -2.47 0.534  00  -1E004M000  1.000
TYR-1A0146_019 -1.000 -9.35  1.33  0.16  0.00 -7.86 0.540  00  -1E005M000  1.000
TYR-1A0146_020 -1.000 -9.66  5.46  0.10  0.00 -4.10 0.535  00  -1E006M000  1.000
TYR-1A0146_021 -1.000 -9.33  5.40  2.60  0.00 -1.34 0.535  00  -1E007M000  1.000
TYR-1A0146_022 -1.000 -9.30  3.44  0.14  0.00 -5.71 0.535  00  -1E00BM000  1.000
TYR-1A0146_023 -1.000 -9.25  1.90  0.15  0.00 -7.19 0.536  00  -1E00CM000  1.000
TYR-1A0146_024 -1.000 -9.15  6.56  2.61  0.00  0.02 0.537  00  -1E00DM000  1.000
TYR-1A0146_025 -1.000 -8.84  4.55  2.61  0.00 -1.68 0.535  00  -1T001M000  1.000
TYR-1A0146_026 -1.000 -8.68  4.62  2.61  0.00 -1.45 0.535  00  -1T008M000  1.000
TYR-1A0146_027 -1.000 -8.99  5.13  2.59  0.00 -1.27 0.534  00  -1T009M000  1.000
TYR-1A0146_028 -1.000 -9.27  2.09  0.15  0.00 -7.03 0.536  00  -1T00AM000  1.000
