iConf CONFORMER     FL  occ    crg   Em0  pKa0 ne nH    vdw0    vdw1    tors    epol   dsolv   extra    history
00001 TYR01A0146_001 f 0.00  0.000     0  0.00  0  0  -9.396   1.368   0.171   0.170   0.015   0.000 01O000M000t
00002 TYR01A0146_002 f 0.00  0.000     0  0.00  0  0  -9.342   1.326   0.160   0.147   0.029   0.000 01E005M000t
00003 TYR01A0146_003 f 0.00  0.000     0  0.00  0  0  -9.675   5.469   0.104   0.271   0.007   0.000 01E006M000t
00004 TYR01A0146_004 f 0.00  0.000     0  0.00  0  0  -9.396   1.368   0.171   0.153  -0.145   0.000 01O000M000t
00005 TYR01A0146_005 f 0.00  0.000     0  0.00  0  0  -8.852   4.551   2.614   0.186  -0.048   0.000 01E001M000t
00006 TYR01A0146_006 f 0.00  0.000     0  0.00  0  0  -9.296   3.473   0.149   0.160  -0.148   0.000 01E00BM000t
00007 TYR01A0146_007 f 0.00  0.000     0  0.00  0  0  -9.149   6.567   2.614   0.236  -0.065   0.000 01E00DM000t
00008 TYR01A0146_008 f 0.00  0.000     0  0.00  0  0  -8.931   6.358   2.613   0.251   0.030   0.000 01T003M000t
00009 TYR01A0146_009 f 0.00  0.000     0  0.00  0  0  -8.671   4.636   2.614   0.177  -0.036   0.000 01T008M000t
00010 TYR01A0146_010 f 0.00  0.000     0  0.00  0  0  -9.322   2.087   0.153   0.195  -0.136   0.000 01T00AM000t
00011 TYR01A0146_011 f 0.00  0.000     0  0.00  0  0 -10.027   7.485   0.092   0.250  -0.223   0.000 01T004M000t
00012 TYR01A0146_012 f 0.00  0.000     0  0.00  0  0  -9.362   5.381   2.602   0.202   0.275   0.000 01T007M000t
00013 TYR01A0146_013 f 0.00  0.000     0  0.00  0  0  -9.063   5.163   2.601   0.205  -0.069   0.000 01T009M000t
00014 TYR01A0146_014 f 0.00  0.000     0  0.00  0  0  -9.232   1.879   0.153   0.171  -0.106   0.000 01T00CM000t
00015 TYR01A0146_015 f 0.00  0.000     0  0.00  0  0  -9.012   3.068   0.151   0.202   0.009   0.000 01T002M000t
00016 TYR-1A0146_016 f 0.00 -1.000     0 10.20  0 -1  -9.396   1.368   0.171   0.075  -1.004   0.000 -1O000M000t
00017 TYR-1A0146_017 f 0.00 -1.000     0 10.20  0 -1  -8.853   4.554   2.609   0.042  -1.038   0.000 -1E001M000t
00018 TYR-1A0146_018 f 0.00 -1.000     0 10.20  0 -1  -9.976   7.420   0.090   0.085  -0.959   0.000 -1E004M000t
00019 TYR-1A0146_019 f 0.00 -1.000     0 10.20  0 -1  -9.347   1.329   0.158   0.070  -0.953   0.000 -1E005M000t
00020 TYR-1A0146_020 f 0.00 -1.000     0 10.20  0 -1  -8.674   4.622   2.609   0.039  -1.223   0.000 -1E008M000t
00021 TYR-1A0146_021 f 0.00 -1.000     0 10.20  0 -1  -8.975   5.168   2.594   0.056  -0.902   0.000 -1E009M000t
00022 TYR-1A0146_022 f 0.00 -1.000     0 10.20  0 -1  -9.319   2.137   0.150   0.032  -0.893   0.000 -1E00AM000t
00023 TYR-1A0146_023 f 0.00 -1.000     0 10.20  0 -1  -9.366   3.440   0.144  -0.009  -0.883   0.000 -1E00BM000t
00024 TYR-1A0146_024 f 0.00 -1.000     0 10.20  0 -1  -9.297   1.906   0.149   0.015  -1.078   0.000 -1E00CM000t
00025 TYR-1A0146_025 f 0.00 -1.000     0 10.20  0 -1  -9.146   6.561   2.611   0.193  -0.748   0.000 -1E00DM000t
00026 TYR-1A0146_026 f 0.00 -1.000     0 10.20  0 -1  -8.942   3.020   0.148   0.014  -1.081   0.000 -1T002M000t
00027 TYR-1A0146_027 f 0.00 -1.000     0 10.20  0 -1  -8.938   6.351   2.609   0.216  -0.835   0.000 -1T003M000t
00028 TYR-1A0146_028 f 0.00 -1.000     0 10.20  0 -1  -9.599   5.484   0.104   0.095  -1.000   0.000 -1T006M000t
00029 TYR-1A0146_029 f 0.00 -1.000     0 10.20  0 -1  -9.368   5.365   2.596   0.042  -0.974   0.000 -1T007M000t
