   confID        vdw0    sas     sum
TYR01A0146_001   5.004 -14.400  -9.396
TYR01A0146_002   4.448 -14.422  -9.974
TYR01A0146_003   5.002 -13.854  -8.852
TYR01A0146_004   4.944 -13.860  -8.916
TYR01A0146_005   5.022 -13.953  -8.931
TYR01A0146_006   4.870 -13.540  -8.671
TYR01A0146_007   4.777 -14.100  -9.322
TYR01A0146_008   4.898 -14.226  -9.329
TYR01A0146_009   4.937 -14.169  -9.232
TYR01A0146_010   4.880 -14.064  -9.184
TYR01A0146_011   5.019 -14.031  -9.012
TYR01A0146_012   4.886 -14.425  -9.539
TYR01A0146_013   4.510 -14.175  -9.665
TYR01A0146_014   4.787 -14.149  -9.362
TYR-1A0146_015   5.004 -14.400  -9.396
TYR-1A0146_016   5.030 -13.913  -8.883
TYR-1A0146_017   5.016 -13.920  -8.904
TYR-1A0146_018   4.446 -14.422  -9.976
TYR-1A0146_019   4.876 -14.224  -9.347
TYR-1A0146_020   4.512 -14.175  -9.663
TYR-1A0146_021   4.782 -14.117  -9.334
TYR-1A0146_022   4.893 -14.260  -9.366
TYR-1A0146_023   4.939 -14.236  -9.297
TYR-1A0146_024   4.885 -14.031  -9.146
TYR-1A0146_025   4.999 -13.837  -8.838
TYR-1A0146_026   4.869 -13.540  -8.672
TYR-1A0146_027   4.956 -13.893  -8.938
TYR-1A0146_028   4.781 -14.049  -9.268
