   confID        vdw0    sas     sum
HIS01A0202_001  -0.157 -11.733 -11.889
HIS01A0202_002  -0.163 -11.875 -12.038
HIS01A0202_003  -0.105 -11.289 -11.394
HIS01A0202_004  -0.329 -11.170 -11.498
HIS01A0202_005  -0.266 -12.363 -12.629
HIS01A0202_006  -0.106 -11.647 -11.753
HIS01A0202_007  -0.259 -11.613 -11.872
HIS01A0202_008  -0.106 -11.736 -11.842
HIS01A0202_009  -0.255 -11.404 -11.659
HIS01A0202_010  -0.129 -11.476 -11.605
HIS01A0202_011  -0.160 -11.798 -11.959
HIS01A0202_012  -0.102 -11.629 -11.732
HIS01A0202_013  -0.227 -11.387 -11.614
HIS01A0202_014  -0.126 -11.666 -11.793
HIS01A0202_015  -0.126 -11.806 -11.932
HIS01A0202_016  -0.229 -11.840 -12.070
HIS01A0202_017  -0.136 -12.133 -12.269
HIS01A0202_018  -0.267 -11.590 -11.856
HIS02A0202_019  -0.175 -11.733 -11.907
HIS02A0202_020  -0.134 -11.719 -11.853
HIS02A0202_021  -0.165 -11.489 -11.654
HIS02A0202_022  -0.245 -11.387 -11.632
HIS02A0202_023  -0.125 -11.353 -11.478
HIS02A0202_024  -0.343 -11.170 -11.513
HIS02A0202_025  -0.281 -12.342 -12.623
HIS02A0202_026  -0.158 -12.133 -12.290
HIS02A0202_027  -0.283 -11.752 -12.035
HIS02A0202_028  -0.275 -11.681 -11.956
HIS02A0202_029  -0.125 -11.736 -11.860
HIS02A0202_030  -0.151 -11.476 -11.627
HIS02A0202_031  -0.176 -11.779 -11.955
HIS02A0202_032  -0.180 -11.922 -12.102
HIS02A0202_033  -0.153 -11.599 -11.751
HIS02A0202_034  -0.148 -11.905 -12.053
HIS02A0202_035  -0.126 -11.532 -11.658
HIS02A0202_036  -0.248 -11.773 -12.020
HIS02A0202_037  -0.275 -11.413 -11.688
HIS+1A0202_038  -0.201 -11.733 -11.934
HIS+1A0202_039  -0.180 -11.696 -11.876
HIS+1A0202_040  -0.368 -11.170 -11.538
HIS+1A0202_041  -0.185 -12.200 -12.385
HIS+1A0202_042  -0.300 -11.613 -11.913
HIS+1A0202_043  -0.191 -11.489 -11.680
HIS+1A0202_044  -0.201 -11.779 -11.981
HIS+1A0202_045  -0.204 -11.922 -12.126
HIS+1A0202_046  -0.151 -11.613 -11.764
HIS+1A0202_047  -0.272 -11.387 -11.659
HIS+1A0202_048  -0.149 -11.402 -11.551
HIS+1A0202_049  -0.308 -12.363 -12.670
HIS+1A0202_050  -0.152 -11.465 -11.616
HIS+1A0202_051  -0.273 -11.773 -12.046
HIS+1A0202_052  -0.309 -11.701 -12.009
HIS+1A0202_053  -0.152 -11.803 -11.955
HIS+1A0202_054  -0.301 -11.349 -11.650
HIS+1A0202_055  -0.178 -11.543 -11.721
