iConf CONFORMER     FL  occ    crg   Em0  pKa0 ne nH    vdw0    vdw1    tors    epol   dsolv   extra    history
00001 GLU01A0115_001 f 0.00  0.000     0  0.00  0  0  -3.460   2.478   3.656   0.322  -0.033   0.000 01O000M000t
00002 GLU01A0115_002 f 0.00  0.000     0  0.00  0  0  -3.514   1.722   3.154   0.099  -0.346   0.000 01E002M000t
00003 GLU01A0115_003 f 0.00  0.000     0  0.00  0  0  -3.460   2.478   0.936   0.051   0.748   0.000 01O000M000t
00004 GLU01A0115_004 f 0.00  0.000     0  0.00  0  0  -3.719   2.059   0.958   0.047   0.697   0.000 01E005M000t
00005 GLU01A0115_005 f 0.00  0.000     0  0.00  0  0  -3.457   2.043   3.152   0.051  -0.326   0.000 01T001M000t
00006 GLU01A0115_006 f 0.00  0.000     0  0.00  0  0  -3.782   1.746   3.755   0.110  -0.464   0.000 01T003M000t
00007 GLU01A0115_007 f 0.00  0.000     0  0.00  0  0  -3.635   1.752   3.702   0.034  -0.714   0.000 01T007M000t
00008 GLU01A0115_008 f 0.00  0.000     0  0.00  0  0  -3.720   2.060   3.678   0.077  -0.579   0.000 01T005M000t
00009 GLU01A0115_009 f 0.00  0.000     0  0.00  0  0  -3.457   2.043   0.432   0.038   0.680   0.000 01T001M000t
00010 GLU01A0115_010 f 0.00  0.000     0  0.00  0  0  -3.478   1.722   0.431   0.057   0.643   0.000 01T002M000t
00011 GLU01A0115_011 f 0.00  0.000     0  0.00  0  0  -3.563   1.734   0.950   0.044   0.654   0.000 01T007M000t
00012 GLU02A0115_012 f 0.00  0.000     0  0.00  0  0  -3.586   2.302   3.656   0.040  -0.609   0.000 02O000M000t
00013 GLU02A0115_013 f 0.00  0.000     0  0.00  0  0  -3.584   1.720   3.156   0.077  -0.662   0.000 02E002M000t
00014 GLU02A0115_014 f 0.00  0.000     0  0.00  0  0  -3.586   2.302   0.936   0.030   0.700   0.000 02O000M000t
00015 GLU02A0115_015 f 0.00  0.000     0  0.00  0  0  -3.345   2.041   0.957   0.042   0.677   0.000 02E005M000t
00016 GLU02A0115_016 f 0.00  0.000     0  0.00  0  0  -3.606   2.049   3.160   0.079  -0.665   0.000 02T001M000t
00017 GLU02A0115_017 f 0.00  0.000     0  0.00  0  0  -3.672   1.747   3.765   0.118  -0.609   0.000 02T003M000t
00018 GLU02A0115_018 f 0.00  0.000     0  0.00  0  0  -3.592   2.019   3.706   0.057  -0.386   0.000 02T005M000t
00019 GLU02A0115_019 f 0.00  0.000     0  0.00  0  0  -3.332   1.749   3.702   0.130  -0.340   0.000 02T007M000t
00020 GLU02A0115_020 f 0.00  0.000     0  0.00  0  0  -3.606   2.049   0.440   0.048   0.596   0.000 02T001M000t
00021 GLU02A0115_021 f 0.00  0.000     0  0.00  0  0  -3.649   1.729   0.435   0.058   0.669   0.000 02T002M000t
00022 GLU02A0115_022 f 0.00  0.000     0  0.00  0  0  -3.156   1.740   0.917   0.060   0.666   0.000 02T007M000t
00023 GLU-1A0115_023 f 0.00 -1.000     0  4.75  0 -1  -3.513   2.319   0.936  -0.229  -0.127   0.000 -1O000M000t
00024 GLU-1A0115_024 f 0.00 -1.000     0  4.75  0 -1  -3.657   2.002   0.915  -0.044  -0.272   0.000 -1E005M000t
00025 GLU-1A0115_025 f 0.00 -1.000     0  4.75  0 -1  -3.527   1.771   0.913  -0.059  -0.284   0.000 -1E007M000t
