   confID        vdw0    sas     sum
GLU01A0115_001   1.323  -4.783  -3.460
GLU01A0115_002   1.160  -4.674  -3.514
GLU01A0115_003   1.323  -4.783  -3.460
GLU01A0115_004   1.029  -4.748  -3.719
GLU01A0115_005   1.154  -4.611  -3.457
GLU01A0115_006   1.096  -4.878  -3.782
GLU01A0115_007   0.969  -4.604  -3.635
GLU01A0115_008   1.028  -4.748  -3.720
GLU01A0115_009   1.154  -4.611  -3.457
GLU01A0115_010   1.162  -4.640  -3.478
GLU01A0115_011   1.005  -4.567  -3.563
GLU02A0115_012   1.133  -4.719  -3.586
GLU02A0115_013   0.983  -4.567  -3.584
GLU02A0115_014   1.133  -4.719  -3.586
GLU02A0115_015   1.414  -4.759  -3.345
GLU02A0115_016   0.971  -4.577  -3.606
GLU02A0115_017   1.290  -4.962  -3.672
GLU02A0115_018   1.177  -4.769  -3.592
GLU02A0115_019   1.154  -4.485  -3.332
GLU02A0115_020   0.971  -4.577  -3.606
GLU02A0115_021   0.982  -4.631  -3.649
GLU02A0115_022   1.390  -4.546  -3.156
GLU-1A0115_023   1.046  -4.559  -3.513
GLU-1A0115_024   0.950  -4.607  -3.657
GLU-1A0115_025   0.939  -4.465  -3.527
