CONFORMER         crg  vdw0  vdw1  tors  epol  self   occ  Hb     history    ASA
ASP01A0190_001  0.000 -4.24 18.09  4.01  0.00 17.86 0.000  00  01O000M000  1.000
ASP01A0190_002  0.000 -4.48  2.47  4.73  0.00  2.72 0.599  00  01E001M000  1.073
ASP01A0190_003  0.000 -4.24 18.09  1.29  0.00 15.14 0.000  00  01O000M000  1.000
ASP01A0190_004  0.000 -4.26  5.85  3.86  0.00  5.45 0.000  00  01X000M000  1.000
ASP01A0190_005  0.000 -4.19  0.98  3.91  0.00  0.70 0.603  00  01T003M000  1.000
ASP01A0190_006  0.000 -4.56  3.00  3.13  0.00  1.57 0.596  00  01T004M000  1.023
ASP01A0190_007  0.000 -4.26  7.74  3.98  0.00  7.46 0.000  00  01T000M000  1.000
ASP01A0190_008  0.000 -4.19  0.98  1.19  0.00 -2.02 0.603  00  01T003M000  1.000
ASP01A0190_009  0.000 -4.49  2.52  2.07  0.00  0.09 0.599  00  01T001M000  1.073
ASP01A0190_010  0.000 -4.56  3.00  0.41  0.00 -1.15 0.596  00  01T004M000  1.023
ASP01A0190_011  0.000 -4.26  5.85  1.12  0.00  2.71 0.000  00  01T000M000  1.000
ASP02A0190_012  0.000 -4.21 14.66  4.01  0.00 14.47 0.000  00  02O000M000  1.000
ASP02A0190_013  0.000 -4.48  2.08  4.75  0.00  2.35 0.599  00  02E001M000  1.080
ASP02A0190_014  0.000 -4.17  0.83  3.92  0.00  0.58 0.603  00  02E003M000  1.032
ASP02A0190_015  0.000 -4.22 14.66  1.29  0.00 11.74 0.000  00  02O000M000  1.003
ASP02A0190_016  0.000 -4.27  0.97  1.19  0.00 -2.11 0.603  00  02E003M000  1.032
ASP02A0190_017  0.000 -4.18  7.32  1.31  0.00  4.45 0.000  00  02X000M000  1.003
ASP02A0190_018  0.000 -4.39  1.06  3.64  0.00  0.31 0.602  00  02T002M000  1.045
ASP02A0190_019  0.000 -4.16  8.80  3.93  0.00  8.56 0.000  00  02T000M000  1.000
ASP02A0190_020  0.000 -4.61  2.40  2.01  0.00 -0.20 0.599  00  02T001M000  1.070
ASP02A0190_021  0.000 -4.39  1.06  0.92  0.00 -2.41 0.602  00  02T002M000  1.045
ASP-1A0190_022 -1.000 -4.11 14.68  1.29  0.00 11.86 0.000  00  -1O000M000  1.000
ASP-1A0190_023 -1.000 -4.40  2.09  1.87  0.00 -0.43 0.599  00  -1E001M000  1.056
ASP-1A0190_024 -1.000 -4.14  0.78  1.08  0.00 -2.28 0.603  00  -1E003M000  1.008
ASP-1A0190_025 -1.000 -4.45  1.08  1.16  0.00 -2.22 0.600  00  -1E005M000  1.088
ASP-1A0190_026 -1.000 -4.02  4.89  1.05  0.00  1.91 0.000  00  -1X000M000  1.000
