iConf CONFORMER     FL  occ    crg   Em0  pKa0 ne nH    vdw0    vdw1    tors    epol   dsolv   extra    history
00001 ASP01A0190_001 f 0.00  0.000     0  0.00  0  0  -4.242  18.091   4.014   0.277  -0.217   0.000 01O000M000t
00002 ASP01A0190_002 f 0.00  0.000     0  0.00  0  0  -4.480   2.530   4.729   0.404  -0.210   0.000 01E001M000t
00003 ASP01A0190_003 f 0.00  0.000     0  0.00  0  0  -4.242  18.090   1.294   0.409   0.463   0.000 01O000M000t
00004 ASP01A0190_004 f 0.00  0.000     0  0.00  0  0  -4.264   5.864   3.862   0.357  -0.356   0.000 01X000M000t
00005 ASP01A0190_005 f 0.00  0.000     0  0.00  0  0  -4.187   1.037   3.909   0.412  -0.577   0.000 01T003M000t
00006 ASP01A0190_006 f 0.00  0.000     0  0.00  0  0  -4.562   3.105   3.135   0.634  -0.207   0.000 01T004M000t
00007 ASP01A0190_007 f 0.00  0.000     0  0.00  0  0  -4.259   7.744   3.978   0.330  -0.597   0.000 01T000M000t
00008 ASP01A0190_008 f 0.00  0.000     0  0.00  0  0  -4.187   1.037   1.189   0.225   0.427   0.000 01T003M000t
00009 ASP01A0190_009 f 0.00  0.000     0  0.00  0  0  -4.494   2.586   2.073   0.186   0.447   0.000 01T001M000t
00010 ASP01A0190_010 f 0.00  0.000     0  0.00  0  0  -4.562   3.105   0.415   0.134   0.497   0.000 01T004M000t
00011 ASP01A0190_011 f 0.00  0.000     0  0.00  0  0  -4.264   5.864   1.116   0.395   0.481   0.000 01T000M000t
00012 ASP02A0190_012 f 0.00  0.000     0  0.00  0  0  -4.205  14.663   4.014   0.407  -0.417   0.000 02O000M000t
00013 ASP02A0190_013 f 0.00  0.000     0  0.00  0  0  -4.477   2.142   4.752   0.234  -0.607   0.000 02E001M000t
00014 ASP02A0190_014 f 0.00  0.000     0  0.00  0  0  -4.170   0.892   3.915   0.277  -0.465   0.000 02E003M000t
00015 ASP02A0190_015 f 0.00  0.000     0  0.00  0  0  -4.218  14.663   1.294   0.411   0.686   0.000 02O000M000t
00016 ASP02A0190_016 f 0.00  0.000     0  0.00  0  0  -4.270   1.033   1.191   0.220   0.667   0.000 02E003M000t
00017 ASP02A0190_017 f 0.00  0.000     0  0.00  0  0  -4.182   7.324   1.311   0.360   0.745   0.000 02X000M000t
00018 ASP02A0190_018 f 0.00  0.000     0  0.00  0  0  -4.390   1.095   3.645   0.201  -0.683   0.000 02T002M000t
00019 ASP02A0190_019 f 0.00  0.000     0  0.00  0  0  -4.164   8.801   3.928   0.429  -0.259   0.000 02T000M000t
00020 ASP02A0190_020 f 0.00  0.000     0  0.00  0  0  -4.609   2.543   2.015   0.173   0.748   0.000 02T001M000t
00021 ASP02A0190_021 f 0.00  0.000     0  0.00  0  0  -4.390   1.095   0.925   0.176   0.580   0.000 02T002M000t
00022 ASP-1A0190_022 f 0.00 -1.000     0  4.75  0 -1  -4.112  14.681   1.294  -0.160   0.176   0.000 -1O000M000t
00023 ASP-1A0190_023 f 0.00 -1.000     0  4.75  0 -1  -4.398   2.230   1.874  -0.230  -0.048   0.000 -1E001M000t
00024 ASP-1A0190_024 f 0.00 -1.000     0  4.75  0 -1  -4.136   0.833   1.075  -0.099  -0.048   0.000 -1E003M000t
00025 ASP-1A0190_025 f 0.00 -1.000     0  4.75  0 -1  -4.451   1.120   1.158  -0.293  -0.123   0.000 -1E005M000t
00026 ASP-1A0190_026 f 0.00 -1.000     0  4.75  0 -1  -4.023   4.893   1.049  -0.249   0.110   0.000 -1X000M000t
