   confID        vdw0    sas     sum
ASP01A0190_001   0.234  -4.476  -4.242
ASP01A0190_002   0.195  -4.675  -4.480
ASP01A0190_003   0.234  -4.476  -4.242
ASP01A0190_004   0.292  -4.556  -4.264
ASP01A0190_005   0.287  -4.474  -4.187
ASP01A0190_006   0.030  -4.592  -4.562
ASP01A0190_007   0.284  -4.543  -4.259
ASP01A0190_008   0.287  -4.474  -4.187
ASP01A0190_009   0.194  -4.688  -4.494
ASP01A0190_010   0.030  -4.592  -4.562
ASP01A0190_011   0.292  -4.556  -4.264
ASP02A0190_012   0.314  -4.520  -4.205
ASP02A0190_013   0.277  -4.754  -4.477
ASP02A0190_014   0.359  -4.529  -4.170
ASP02A0190_015   0.314  -4.532  -4.218
ASP02A0190_016   0.340  -4.611  -4.270
ASP02A0190_017   0.343  -4.525  -4.182
ASP02A0190_018   0.284  -4.675  -4.390
ASP02A0190_019   0.335  -4.499  -4.164
ASP02A0190_020   0.252  -4.861  -4.609
ASP02A0190_021   0.284  -4.675  -4.390
ASP-1A0190_022   0.215  -4.327  -4.112
ASP-1A0190_023   0.171  -4.569  -4.398
ASP-1A0190_024   0.248  -4.384  -4.136
ASP-1A0190_025   0.256  -4.707  -4.451
ASP-1A0190_026   0.252  -4.276  -4.023
