CONFORMER         crg  vdw0  vdw1  tors  epol  self   occ  Hb     history    ASA
ARG01A0193_001  0.000-13.62  2.51  0.62  0.00-10.49 0.503  00  01O000M000  1.000
ARG01A0193_002  0.000-13.24  3.46  3.28  0.00 -6.49 0.503  00  01E001M000  1.000
ARG01A0193_003  0.000-13.23  2.08  0.44  0.00-10.71 0.503  00  01E003M000  1.000
ARG01A0193_004  0.000-12.40  2.49  0.62  0.00 -9.29 0.502  00  01E00FM000  1.000
ARG01A0193_005  0.000-10.49  1.81  3.90  0.00 -4.78 0.503  00  01E011M000  1.000
ARG01A0193_006  0.000-13.02  4.00  5.94  0.00 -3.08 0.504  00  01E028M000  1.000
ARG01A0193_007  0.000-12.52  2.70  1.15  0.00 -8.66 0.502  00  01E046M000  1.000
ARG01A0193_008  0.000-12.55  2.52  1.09  0.00 -8.93 0.503  00  01E067M000  1.000
ARG01A0193_009  0.000-12.17  2.04  1.07  0.00 -9.07 0.502  00  01E081M000  1.000
ARG01A0193_010  0.000-12.63  6.71  3.13  0.00 -2.79 0.502  00  01E08CM000  1.000
ARG01A0193_011  0.000-12.45  2.16  0.45  0.00 -9.84 0.502  00  01E09EM000  1.000
ARG01A0193_012  0.000-12.92  4.31  5.98  0.00 -2.62 0.502  00  01E0B4M000  1.000
ARG01A0193_013  0.000-12.45  1.85  0.47  0.00-10.13 0.502  00  01T021M000  1.000
ARG01A0193_014  0.000-12.35  2.18  3.24  0.00 -6.93 0.502  00  01T024M000  1.000
ARG01A0193_015  0.000-13.73  2.66  0.62  0.00-10.45 0.502  00  01T030M000  1.000
ARG01A0193_016  0.000-10.42  1.82  3.91  0.00 -4.68 0.503  00  01T065M000  1.000
ARG01A0193_017  0.000-11.78  2.00  1.10  0.00 -8.67 0.503  00  01T068M000  1.000
ARG01A0193_018  0.000 -9.99  1.58  0.44  0.00 -7.97 0.503  00  01T071M000  1.000
ARG01A0193_019  0.000-12.74  6.72  3.14  0.00 -2.88 0.502  00  01T08AM000  1.000
ARG01A0193_020  0.000-13.02  2.69  5.79  0.00 -4.53 0.502  00  01T0C6M000  1.000
ARG02A0193_021  0.000-13.64  2.51  0.62  0.00-10.51 0.503  00  02O000M000  1.000
ARG02A0193_022  0.000-10.47  1.83  3.89  0.00 -4.75 0.503  00  02E065M000  1.000
ARG02A0193_023  0.000-12.49  6.71  3.13  0.00 -2.65 0.502  00  02E08CM000  1.000
ARG02A0193_024  0.000-13.33  3.41  3.26  0.00 -6.65 0.503  00  02E001M000  1.000
ARG02A0193_025  0.000-10.44  1.79  3.90  0.00 -4.75 0.503  00  02E011M000  1.000
ARG02A0193_026  0.000-12.58  1.83  0.44  0.00-10.31 0.502  00  02E021M000  1.000
ARG02A0193_027  0.000-12.91  3.97  5.93  0.00 -3.00 0.504  00  02E028M000  1.000
ARG02A0193_028  0.000-10.41  1.61  0.45  0.00 -8.35 0.503  00  02E071M000  1.000
ARG02A0193_029  0.000-12.71  6.72  3.14  0.00 -2.85 0.502  00  02E08AM000  1.000
ARG02A0193_030  0.000-12.17  2.45  0.61  0.00 -9.11 0.502  00  02T00FM000  1.000
ARG02A0193_031  0.000-12.88  2.84  1.10  0.00 -8.94 0.502  00  02T046M000  1.000
ARG02A0193_032  0.000-12.49  2.09  1.03  0.00 -9.38 0.502  00  02T081M000  1.000
ARG02A0193_033  0.000-12.19  2.18  3.24  0.00 -6.77 0.502  00  02T024M000  1.000
ARG02A0193_034  0.000-12.76  4.44  5.94  0.00 -2.38 0.502  00  02T0B4M000  1.000
ARG02A0193_035  0.000-13.17  2.08  0.44  0.00-10.65 0.503  00  02T003M000  1.000
ARG02A0193_036  0.000-13.56  2.69  0.61  0.00-10.26 0.502  00  02T030M000  1.000
ARG02A0193_037  0.000-12.54  2.50  1.09  0.00 -8.95 0.503  00  02T067M000  1.000
ARG02A0193_038  0.000-11.75  1.99  1.10  0.00 -8.66 0.503  00  02T068M000  1.000
ARG02A0193_039  0.000-12.35  2.15  0.44  0.00 -9.76 0.502  00  02T09EM000  1.000
ARG02A0193_040  0.000-12.95  2.70  5.81  0.00 -4.44 0.502  00  02T0C6M000  1.000
ARG03A0193_041  0.000-12.21  2.44  0.61  0.00 -9.16 0.502  00  03E00FM000  1.000
ARG03A0193_042  0.000-12.68  2.48  1.09  0.00 -9.11 0.503  00  03E067M000  1.000
ARG03A0193_043  0.000-13.64  2.51  0.62  0.00-10.51 0.503  00  03O000M000  1.000
ARG03A0193_044  0.000-10.03  1.58  0.44  0.00 -8.01 0.503  00  03E071M000  1.000
ARG03A0193_045  0.000-12.98  2.69  5.79  0.00 -4.49 0.502  00  03E0C6M000  1.000
ARG03A0193_046  0.000-13.40  3.39  3.27  0.00 -6.74 0.503  00  03T001M000  1.000
ARG03A0193_047  0.000-12.98  3.99  5.93  0.00 -3.05 0.504  00  03T028M000  1.000
ARG03A0193_048  0.000-10.54  1.83  3.90  0.00 -4.81 0.503  00  03T065M000  1.000
ARG03A0193_049  0.000-12.30  2.18  3.24  0.00 -6.88 0.502  00  03T024M000  1.000
ARG03A0193_050  0.000-12.70  6.71  3.13  0.00 -2.85 0.502  00  03T08CM000  1.000
ARG03A0193_051  0.000-10.50  1.80  3.90  0.00 -4.81 0.503  00  03T011M000  1.000
ARG03A0193_052  0.000-12.51  1.84  0.44  0.00-10.23 0.502  00  03T021M000  1.000
ARG03A0193_053  0.000-13.64  2.70  0.61  0.00-10.33 0.502  00  03T030M000  1.000
ARG03A0193_054  0.000-12.82  2.85  1.10  0.00 -8.87 0.502  00  03T046M000  1.000
ARG03A0193_055  0.000-11.90  1.99  1.10  0.00 -8.80 0.503  00  03T068M000  1.000
ARG03A0193_056  0.000-13.25  2.08  0.44  0.00-10.73 0.503  00  03T003M000  1.000
ARG03A0193_057  0.000-12.49  2.09  1.03  0.00 -9.37 0.502  00  03T081M000  1.000
ARG03A0193_058  0.000-12.77  6.73  3.14  0.00 -2.90 0.502  00  03T08AM000  1.000
ARG03A0193_059  0.000-12.31  2.15  0.45  0.00 -9.72 0.502  00  03T09EM000  1.000
ARG03A0193_060  0.000-12.85  4.46  5.94  0.00 -2.44 0.502  00  03T0B4M000  1.000
ARG+1A0193_061  1.000-13.68  2.51  0.62  0.00-10.56 0.503  00  +1O000M000  1.000
ARG+1A0193_062  1.000-12.41  2.17  3.24  0.00 -7.00 0.502  00  +1E024M000  1.000
ARG+1A0193_063  1.000-10.51  1.83  3.90  0.00 -4.79 0.503  00  +1E065M000  1.000
ARG+1A0193_064  1.000-12.68  2.47  1.09  0.00 -9.12 0.503  00  +1E067M000  1.000
ARG+1A0193_065  1.000-12.53  2.09  1.03  0.00 -9.41 0.502  00  +1E081M000  1.000
ARG+1A0193_066  1.000-12.83  6.73  3.14  0.00 -2.96 0.502  00  +1E08AM000  1.000
ARG+1A0193_067  1.000-12.73  6.71  3.13  0.00 -2.89 0.502  00  +1E08CM000  1.000
ARG+1A0193_068  1.000-12.42  2.15  0.45  0.00 -9.83 0.502  00  +1E09EM000  1.000
ARG+1A0193_069  1.000-12.89  4.45  5.94  0.00 -2.49 0.502  00  +1E0B4M000  1.000
ARG+1A0193_070  1.000-13.44  3.39  3.26  0.00 -6.79 0.503  00  +1T001M000  1.000
ARG+1A0193_071  1.000-13.29  2.08  0.44  0.00-10.77 0.503  00  +1T003M000  1.000
ARG+1A0193_072  1.000-12.24  2.44  0.61  0.00 -9.19 0.502  00  +1T00FM000  1.000
ARG+1A0193_073  1.000-10.55  1.79  3.90  0.00 -4.86 0.503  00  +1T011M000  1.000
ARG+1A0193_074  1.000-12.69  1.84  0.44  0.00-10.42 0.502  00  +1T021M000  1.000
ARG+1A0193_075  1.000-12.96  3.99  5.93  0.00 -3.03 0.504  00  +1T028M000  1.000
ARG+1A0193_076  1.000-13.68  2.69  0.61  0.00-10.38 0.502  00  +1T030M000  1.000
ARG+1A0193_077  1.000-12.86  2.84  1.10  0.00 -8.92 0.502  00  +1T046M000  1.000
ARG+1A0193_078  1.000-11.87  1.99  1.10  0.00 -8.77 0.503  00  +1T068M000  1.000
ARG+1A0193_079  1.000-10.04  1.58  0.44  0.00 -8.03 0.503  00  +1T071M000  1.000
ARG+1A0193_080  1.000-13.13  2.70  5.81  0.00 -4.63 0.502  00  +1T0C6M000  1.000
