CONFORMER         crg  vdw0  vdw1  tors  epol  self   occ  Hb     history    ASA
GLU01A0132_001  0.000 -4.56  2.38  3.22  0.00  1.04 0.538  00  01O000M000  1.084
GLU01A0132_002  0.000 -4.61  2.24  3.66  0.00  1.29 0.536  00  01E006M000  1.000
GLU01A0132_003  0.000 -4.68  2.38  0.50  0.00 -1.80 0.538  00  01O000M000  1.109
GLU01A0132_004  0.000 -4.14  1.83  0.42  0.00 -1.89 0.541  00  01E004M000  1.000
GLU01A0132_005  0.000 -4.55  2.25  0.92  0.00 -1.37 0.536  00  01E006M000  1.003
GLU01A0132_006  0.000 -4.20  0.99  5.89  0.00  2.69 0.538  00  01T001M000  1.000
GLU01A0132_007  0.000 -4.18  1.75  3.13  0.00  0.70 0.541  00  01T004M000  1.007
GLU01A0132_008  0.000 -4.08  1.01  3.10  0.00  0.03 0.541  00  01T003M000  1.000
GLU01A0132_009  0.000 -4.95  1.02  6.43  0.00  2.50 0.535  00  01T008M000  1.059
GLU01A0132_010  0.000 -3.68  0.88  2.93  0.00  0.13 0.537  00  01T009M000  1.035
GLU01A0132_011  0.000 -4.73  0.93  3.63  0.00 -0.16 0.539  00  01T00CM000  1.000
GLU01A0132_012  0.000 -5.03  1.02  3.71  0.00 -0.29 0.535  00  01T008M000  1.061
GLU01A0132_013  0.000 -4.65  0.94  0.93  0.00 -2.78 0.539  00  01T00AM000  1.000
GLU01A0132_014  0.000 -4.14  0.99  3.16  0.00  0.01 0.538  00  01T001M000  1.004
GLU01A0132_015  0.000 -4.73  0.93  0.91  0.00 -2.88 0.539  00  01T00CM000  1.000
GLU02A0132_016  0.000 -4.46  2.38  3.22  0.00  1.14 0.538  00  02O000M000  1.102
GLU02A0132_017  0.000 -3.91  0.98  5.90  0.00  2.98 0.538  00  02E001M000  1.000
GLU02A0132_018  0.000 -3.87  1.00  3.13  0.00  0.26 0.541  00  02E003M000  1.000
GLU02A0132_019  0.000 -4.46  2.38  0.50  0.00 -1.58 0.538  00  02O000M000  1.102
GLU02A0132_020  0.000 -4.47  2.23  0.87  0.00 -1.36 0.536  00  02E006M000  1.000
GLU02A0132_021  0.000 -4.87  1.02  3.67  0.00 -0.18 0.535  00  02E008M000  1.051
GLU02A0132_022  0.000 -4.60  0.94  0.89  0.00 -2.76 0.539  00  02E00AM000  1.015
GLU02A0132_023  0.000 -4.83  1.01  6.50  0.00  2.68 0.535  00  02T008M000  1.044
GLU02A0132_024  0.000 -4.56  0.93  3.69  0.00  0.07 0.539  00  02T00CM000  1.000
GLU02A0132_025  0.000 -4.02  0.82  3.09  0.00 -0.10 0.537  00  02T002M000  1.046
GLU02A0132_026  0.000 -4.11  1.87  3.13  0.00  0.89 0.541  00  02T004M000  1.000
GLU02A0132_027  0.000 -4.46  2.24  3.59  0.00  1.36 0.536  00  02T006M000  1.000
GLU02A0132_028  0.000 -4.60  0.94  3.61  0.00 -0.05 0.539  00  02T00AM000  1.015
GLU02A0132_029  0.000 -4.11  1.87  0.43  0.00 -1.81 0.541  00  02T004M000  1.000
GLU02A0132_030  0.000 -4.72  0.93  0.87  0.00 -2.92 0.539  00  02T00CM000  1.011
GLU-1A0132_031 -1.000 -4.52  2.39  0.50  0.00 -1.63 0.538  00  -1O000M000  1.104
GLU-1A0132_032 -1.000 -4.14  1.00  3.16  0.00  0.02 0.538  00  -1E001M000  1.000
GLU-1A0132_033 -1.000 -4.15  0.83  0.37  0.00 -2.94 0.537  00  -1E002M000  1.039
GLU-1A0132_034 -1.000 -4.10  1.82  0.41  0.00 -1.86 0.541  00  -1E004M000  1.007
GLU-1A0132_035 -1.000 -4.42  2.24  0.91  0.00 -1.28 0.536  00  -1E006M000  1.000
GLU-1A0132_036 -1.000 -4.81  1.03  3.70  0.00 -0.07 0.535  00  -1E008M000  1.044
GLU-1A0132_037 -1.000 -4.63  0.94  0.91  0.00 -2.78 0.539  00  -1E00CM000  1.000
