   confID        vdw0    sas     sum
GLU01A0098_001   2.147  -4.668  -2.520
GLU01A0098_002   2.059  -4.865  -2.806
GLU01A0098_003   0.773  -4.662  -3.890
GLU01A0098_004   1.188  -5.094  -3.905
GLU01A0098_005   1.066  -4.939  -3.872
GLU01A0098_006   0.735  -4.827  -4.092
GLU01A0098_007   0.754  -4.930  -4.175
GLU01A0098_008   2.147  -4.668  -2.520
GLU01A0098_009   1.840  -4.831  -2.991
GLU01A0098_010   0.858  -5.045  -4.188
GLU01A0098_011   0.823  -4.623  -3.800
GLU01A0098_012   1.444  -4.742  -3.298
GLU01A0098_013   0.766  -4.785  -4.019
GLU01A0098_014   0.812  -4.963  -4.151
GLU01A0098_015   0.772  -4.839  -4.067
GLU01A0098_016   0.754  -4.617  -3.864
GLU01A0098_017   0.524  -4.757  -4.233
GLU01A0098_018   1.290  -4.719  -3.429
GLU01A0098_019   0.720  -4.721  -4.001
GLU01A0098_020   1.281  -4.816  -3.534
GLU01A0098_021   1.843  -4.831  -2.988
GLU01A0098_022   0.857  -5.033  -4.175
GLU01A0098_023   1.151  -5.154  -4.003
GLU01A0098_024   1.416  -4.684  -3.268
GLU01A0098_025   0.772  -4.839  -4.067
GLU01A0098_026   1.064  -4.964  -3.900
GLU01A0098_027   1.281  -4.816  -3.534
GLU01A0098_028   1.418  -4.960  -3.541
GLU01A0098_029   0.534  -4.721  -4.187
GLU01A0098_030   0.833  -4.784  -3.951
GLU01A0098_031   1.151  -5.154  -4.003
GLU01A0098_032   1.416  -4.710  -3.294
GLU02A0098_033   1.672  -4.751  -3.079
GLU02A0098_034   1.445  -4.712  -3.267
GLU02A0098_035   0.952  -4.883  -3.931
GLU02A0098_036   0.957  -5.270  -4.312
GLU02A0098_037   1.672  -4.751  -3.079
GLU02A0098_038   0.853  -4.864  -4.011
GLU02A0098_039   0.848  -4.578  -3.730
GLU02A0098_040   0.913  -4.626  -3.713
GLU02A0098_041   0.848  -4.696  -3.848
GLU02A0098_042   0.801  -4.748  -3.947
GLU02A0098_043   1.366  -4.655  -3.289
GLU02A0098_044   1.609  -4.820  -3.210
GLU02A0098_045   0.937  -4.957  -4.020
GLU02A0098_046   1.383  -5.027  -3.644
GLU02A0098_047   0.488  -4.733  -4.245
GLU02A0098_048   1.461  -4.735  -3.274
GLU02A0098_049   0.874  -4.800  -3.926
GLU02A0098_050   1.399  -4.948  -3.549
GLU02A0098_051   0.853  -4.899  -4.046
GLU02A0098_052   0.889  -4.890  -4.001
GLU02A0098_053   1.367  -4.993  -3.626
GLU02A0098_054   0.952  -4.960  -4.009
GLU02A0098_055   0.491  -4.733  -4.242
GLU02A0098_056   1.380  -4.856  -3.476
GLU02A0098_057   1.609  -4.820  -3.210
GLU02A0098_058   0.937  -4.957  -4.020
GLU02A0098_059   0.855  -4.628  -3.773
GLU02A0098_060   1.461  -4.800  -3.338
GLU02A0098_061   0.874  -4.851  -3.977
GLU02A0098_062   1.011  -5.285  -4.274
GLU02A0098_063   1.445  -4.655  -3.211
GLU02A0098_064   0.889  -4.890  -4.001
GLU-1A0098_065   1.615  -4.560  -2.946
GLU-1A0098_066   1.544  -4.720  -3.176
GLU-1A0098_067   0.690  -4.810  -4.120
GLU-1A0098_068   1.192  -5.033  -3.841
GLU-1A0098_069   0.643  -4.559  -3.915
GLU-1A0098_070   0.872  -4.791  -3.919
GLU-1A0098_071   1.222  -4.637  -3.415
GLU-1A0098_072   0.654  -4.753  -4.099
GLU-1A0098_073   0.889  -5.066  -4.177
GLU-1A0098_074   1.202  -4.676  -3.474
GLU-1A0098_075   0.546  -4.980  -4.435
GLU-1A0098_076   1.220  -4.473  -3.253
GLU-1A0098_077   0.673  -4.765  -4.092
