iConf CONFORMER     FL  occ    crg   Em0  pKa0 ne nH    vdw0    vdw1    tors    epol   dsolv   extra    history
00001 ARG01A0010_001 f 0.00  0.000     0  0.00  0  0 -12.505   0.603   0.638  -0.007  -0.184   0.000 01O000M000t
00002 ARG01A0010_002 f 0.00  0.000     0  0.00  0  0 -10.817   1.259   3.654  -0.064   0.014   0.000 01E068M000t
00003 ARG01A0010_003 f 0.00  0.000     0  0.00  0  0 -11.418   4.451   2.977   0.021  -0.169   0.000 01E07FM000t
00004 ARG01A0010_004 f 0.00  0.000     0  0.00  0  0 -11.429   1.229   5.774   0.046  -0.511   0.000 01E0A0M000t
00005 ARG01A0010_005 f 0.00  0.000     0  0.00  0  0  -9.983   0.241   1.196  -0.012  -0.290   0.000 01E0A8M000t
00006 ARG01A0010_006 f 0.00  0.000     0  0.00  0  0 -10.641   0.507   3.324  -0.041   0.115   0.000 01E0B7M000t
00007 ARG01A0010_007 f 0.00  0.000     0  0.00  0  0 -12.071   0.993   0.734   0.183   0.131   0.000 01E0BAM000t
00008 ARG01A0010_008 f 0.00  0.000     0  0.00  0  0 -12.455   1.265   0.776   0.049  -0.002   0.000 01E0BCM000t
00009 ARG01A0010_009 f 0.00  0.000     0  0.00  0  0  -6.016   0.539   1.297   0.016  -0.126   0.000 01E0C5M000t
00010 ARG01A0010_010 f 0.00  0.000     0  0.00  0  0 -11.187   0.755   1.254   0.039   0.010   0.000 01E0CBM000t
00011 ARG01A0010_011 f 0.00  0.000     0  0.00  0  0 -10.035   1.038   3.895  -0.023  -0.231   0.000 01E0D3M000t
00012 ARG01A0010_012 f 0.00  0.000     0  0.00  0  0 -11.575   1.782   1.232   0.028  -0.107   0.000 01E0D8M000t
00013 ARG01A0010_013 f 0.00  0.000     0  0.00  0  0 -10.692   1.255   3.674  -0.024  -0.182   0.000 01E0F0M000t
00014 ARG01A0010_014 f 0.00  0.000     0  0.00  0  0 -11.600   1.604   3.777   0.056  -0.247   0.000 01E103M000t
00015 ARG01A0010_015 f 0.00  0.000     0  0.00  0  0 -12.667   2.433   3.296   0.263   0.092   0.000 01T00BM000t
00016 ARG01A0010_016 f 0.00  0.000     0  0.00  0  0 -12.662   0.625   0.714   0.018  -0.297   0.000 01T00EM000t
00017 ARG01A0010_017 f 0.00  0.000     0  0.00  0  0 -13.676   6.190   0.634   0.330  -0.108   0.000 01T033M000t
00018 ARG01A0010_018 f 0.00  0.000     0  0.00  0  0 -12.649   2.015   1.367   0.090  -0.146   0.000 01T036M000t
00019 ARG01A0010_019 f 0.00  0.000     0  0.00  0  0  -8.745   1.330   3.726   0.047  -0.244   0.000 01T0EAM000t
00020 ARG01A0010_020 f 0.00  0.000     0  0.00  0  0 -11.779   2.343   5.740   0.071  -0.317   0.000 01T0FDM000t
00021 ARG02A0010_021 f 0.00  0.000     0  0.00  0  0 -12.691   1.936   3.263   0.313   1.065   0.000 02E00BM000t
00022 ARG02A0010_022 f 0.00  0.000     0  0.00  0  0 -13.585   6.097   0.619   0.333   0.861   0.000 02E033M000t
00023 ARG02A0010_023 f 0.00  0.000     0  0.00  0  0 -10.135   0.233   1.141  -0.002   0.957   0.000 02E0A8M000t
00024 ARG02A0010_024 f 0.00  0.000     0  0.00  0  0 -11.617   1.881   1.184   0.034   1.040   0.000 02E0D8M000t
00025 ARG02A0010_025 f 0.00  0.000     0  0.00  0  0  -9.055   1.346   3.729   0.038   1.115   0.000 02E0EAM000t
00026 ARG02A0010_026 f 0.00  0.000     0  0.00  0  0 -12.516   0.592   0.638   0.020   0.513   0.000 02O000M000t
00027 ARG02A0010_027 f 0.00  0.000     0  0.00  0  0 -12.772   1.846   1.208   0.113   0.667   0.000 02E036M000t
00028 ARG02A0010_028 f 0.00  0.000     0  0.00  0  0 -11.351   1.698   3.714   0.026   0.667   0.000 02E103M000t
00029 ARG02A0010_029 f 0.00  0.000     0  0.00  0  0  -7.064   0.543   1.286   0.024   1.307   0.000 02T0C5M000t
00030 ARG02A0010_030 f 0.00  0.000     0  0.00  0  0 -10.814   1.217   3.663   0.082   0.852   0.000 02T068M000t
00031 ARG02A0010_031 f 0.00  0.000     0  0.00  0  0 -11.247   0.756   1.231   0.050   1.164   0.000 02T0CBM000t
00032 ARG02A0010_032 f 0.00  0.000     0  0.00  0  0  -9.883   1.153   3.543  -0.015   1.147   0.000 02T0D3M000t
00033 ARG02A0010_033 f 0.00  0.000     0  0.00  0  0 -10.416   0.451   3.275  -0.053   0.600   0.000 02T0B7M000t
00034 ARG02A0010_034 f 0.00  0.000     0  0.00  0  0 -11.865   1.187   0.674  -0.009   0.972   0.000 02T0BAM000t
00035 ARG02A0010_035 f 0.00  0.000     0  0.00  0  0 -10.706   1.327   3.695   0.060   0.607   0.000 02T0F0M000t
00036 ARG02A0010_036 f 0.00  0.000     0  0.00  0  0 -11.819   2.346   5.737   0.051   0.743   0.000 02T0FDM000t
00037 ARG02A0010_037 f 0.00  0.000     0  0.00  0  0 -12.491   0.619   0.570   0.009   0.495   0.000 02T00EM000t
00038 ARG02A0010_038 f 0.00  0.000     0  0.00  0  0 -11.442   4.405   2.958  -0.002   0.789   0.000 02T07FM000t
00039 ARG02A0010_039 f 0.00  0.000     0  0.00  0  0 -11.449   1.217   5.770   0.024   0.498   0.000 02T0A0M000t
00040 ARG02A0010_040 f 0.00  0.000     0  0.00  0  0 -12.303   1.460   0.686   0.066   0.730   0.000 02T0BCM000t
00041 ARG03A0010_041 f 0.00  0.000     0  0.00  0  0 -12.581   0.591   0.638   0.020   0.961   0.000 03O000M000t
00042 ARG03A0010_042 f 0.00  0.000     0  0.00  0  0 -10.217   0.243   1.140   0.008   0.984   0.000 03E0A8M000t
00043 ARG03A0010_043 f 0.00  0.000     0  0.00  0  0 -10.141   0.410   3.299  -0.052   1.145   0.000 03E0B7M000t
00044 ARG03A0010_044 f 0.00  0.000     0  0.00  0  0 -12.340   1.450   0.689   0.069   0.967   0.000 03E0BCM000t
00045 ARG03A0010_045 f 0.00  0.000     0  0.00  0  0 -11.719   2.339   5.740   0.067   1.063   0.000 03E0FDM000t
00046 ARG03A0010_046 f 0.00  0.000     0  0.00  0  0 -10.823   1.211   3.657   0.050   0.789   0.000 03E068M000t
00047 ARG03A0010_047 f 0.00  0.000     0  0.00  0  0 -11.746   1.884   1.183   0.030   0.710   0.000 03E0D8M000t
00048 ARG03A0010_048 f 0.00  0.000     0  0.00  0  0 -13.716   6.074   0.622   0.336   1.005   0.000 03T033M000t
00049 ARG03A0010_049 f 0.00  0.000     0  0.00  0  0 -12.831   1.839   1.209   0.104   0.888   0.000 03T036M000t
00050 ARG03A0010_050 f 0.00  0.000     0  0.00  0  0 -11.436   1.226   5.765   0.032   0.770   0.000 03T0A0M000t
00051 ARG03A0010_051 f 0.00  0.000     0  0.00  0  0 -11.837   1.189   0.684   0.163   1.217   0.000 03T0BAM000t
00052 ARG03A0010_052 f 0.00  0.000     0  0.00  0  0  -9.156   1.360   3.740   0.037   0.790   0.000 03T0EAM000t
00053 ARG03A0010_053 f 0.00  0.000     0  0.00  0  0 -10.803   1.277   3.686  -0.004   1.026   0.000 03T0F0M000t
00054 ARG03A0010_054 f 0.00  0.000     0  0.00  0  0 -12.684   1.911   3.260   0.329   0.949   0.000 03T00BM000t
00055 ARG03A0010_055 f 0.00  0.000     0  0.00  0  0 -12.432   0.617   0.571   0.028   0.574   0.000 03T00EM000t
00056 ARG03A0010_056 f 0.00  0.000     0  0.00  0  0 -11.287   4.417   2.971   0.021   0.889   0.000 03T07FM000t
00057 ARG03A0010_057 f 0.00  0.000     0  0.00  0  0  -5.983   0.533   1.293   0.010   1.036   0.000 03T0C5M000t
00058 ARG03A0010_058 f 0.00  0.000     0  0.00  0  0 -11.300   0.754   1.230   0.036   0.873   0.000 03T0CBM000t
00059 ARG03A0010_059 f 0.00  0.000     0  0.00  0  0  -9.754   1.160   3.554  -0.021   1.140   0.000 03T0D3M000t
00060 ARG03A0010_060 f 0.00  0.000     0  0.00  0  0 -11.386   1.690   3.712   0.056   0.653   0.000 03T103M000t
00061 ARG+1A0010_061 f 0.00  1.000     0 12.50  0  1 -12.619   0.591   0.638   0.114  -0.214   0.000 +1O000M000t
00062 ARG+1A0010_062 f 0.00  1.000     0 12.50  0  1 -12.735   1.926   3.260  -0.017  -0.127   0.000 +1E00BM000t
00063 ARG+1A0010_063 f 0.00  1.000     0 12.50  0  1 -13.823   6.076   0.621   0.610   0.045   0.000 +1E033M000t
00064 ARG+1A0010_064 f 0.00  1.000     0 12.50  0  1 -12.870   1.842   1.212   0.216  -0.020   0.000 +1E036M000t
00065 ARG+1A0010_065 f 0.00  1.000     0 12.50  0  1 -11.344   4.423   2.973   0.097  -0.310   0.000 +1E07FM000t
00066 ARG+1A0010_066 f 0.00  1.000     0 12.50  0  1 -10.161   0.416   3.310   0.171  -0.248   0.000 +1E0B7M000t
00067 ARG+1A0010_067 f 0.00  1.000     0 12.50  0  1  -5.919   0.534   1.294   0.129  -0.069   0.000 +1E0C5M000t
00068 ARG+1A0010_068 f 0.00  1.000     0 12.50  0  1  -9.908   1.169   3.573   0.128  -0.265   0.000 +1E0D3M000t
00069 ARG+1A0010_069 f 0.00  1.000     0 12.50  0  1  -9.192   1.355   3.747   0.255  -0.359   0.000 +1E0EAM000t
00070 ARG+1A0010_070 f 0.00  1.000     0 12.50  0  1 -11.879   2.342   5.743   0.161  -0.232   0.000 +1E0FDM000t
00071 ARG+1A0010_071 f 0.00  1.000     0 12.50  0  1 -12.551   0.614   0.574   0.075  -0.247   0.000 +1T00EM000t
00072 ARG+1A0010_072 f 0.00  1.000     0 12.50  0  1 -10.917   1.213   3.662   0.284   0.179   0.000 +1T068M000t
00073 ARG+1A0010_073 f 0.00  1.000     0 12.50  0  1 -11.479   1.221   5.769   0.047  -0.282   0.000 +1T0A0M000t
00074 ARG+1A0010_074 f 0.00  1.000     0 12.50  0  1 -10.119   0.237   1.143   0.076  -0.250   0.000 +1T0A8M000t
00075 ARG+1A0010_075 f 0.00  1.000     0 12.50  0  1 -11.886   1.167   0.685   0.301   0.074   0.000 +1T0BAM000t
00076 ARG+1A0010_076 f 0.00  1.000     0 12.50  0  1 -12.384   1.453   0.692   0.160  -0.269   0.000 +1T0BCM000t
00077 ARG+1A0010_077 f 0.00  1.000     0 12.50  0  1 -11.282   0.754   1.235   0.134  -0.007   0.000 +1T0CBM000t
00078 ARG+1A0010_078 f 0.00  1.000     0 12.50  0  1 -11.789   1.890   1.185   0.103  -0.280   0.000 +1T0D8M000t
00079 ARG+1A0010_079 f 0.00  1.000     0 12.50  0  1 -10.805   1.281   3.692  -0.017   0.099   0.000 +1T0F0M000t
00080 ARG+1A0010_080 f 0.00  1.000     0 12.50  0  1 -11.426   1.694   3.715   0.105  -0.603   0.000 +1T103M000t
