CONFORMER         crg  vdw0  vdw1  tors  epol  self   occ  Hb     history    ASA
ARG01A0010_001  0.000-12.51  0.50  0.64  0.00-11.36 0.503  00  01O000M000  1.000
ARG01A0010_002  0.000-12.97  0.68  2.95  0.00 -9.34 0.502  00  01E00FM000  1.000
ARG01A0010_003  0.000-11.68  0.44  1.38  0.00 -9.85 0.501  00  01E021M000  1.000
ARG01A0010_004  0.000-12.77  0.89  3.80  0.00 -8.07 0.502  00  01E027M000  1.000
ARG01A0010_005  0.000-10.88  1.90  4.21  0.00 -4.77 0.502  00  01E02FM000  1.000
ARG01A0010_006  0.000-11.41  4.44  2.99  0.00 -3.98 0.502  00  01E04AM000  1.000
ARG01A0010_007  0.000-10.46  0.67  1.14  0.00 -8.65 0.502  00  01E055M000  1.000
ARG01A0010_008  0.000-10.88  1.30  0.81  0.00 -8.77 0.502  00  01E0BBM000  1.000
ARG01A0010_009  0.000 -9.61  0.89  6.42  0.00 -2.30 0.502  00  01E0EEM000  1.000
ARG01A0010_010  0.000-12.24  0.94  1.28  0.00-10.03 0.501  00  01T007M000  1.000
ARG01A0010_011  0.000-10.63  0.28  0.63  0.00 -9.73 0.502  00  01T046M000  1.000
ARG01A0010_012  0.000-11.12  4.53  0.62  0.00 -5.97 0.502  00  01T04EM000  1.000
ARG01A0010_013  0.000-11.37  0.90  2.98  0.00 -7.49 0.501  00  01T09BM000  1.000
ARG01A0010_014  0.000-10.16  0.36  1.20  0.00 -8.60 0.502  00  01T0AAM000  1.000
ARG01A0010_015  0.000 -9.21  0.45  3.74  0.00 -5.02 0.501  00  01T0ACM000  1.000
ARG01A0010_016  0.000 -9.27  0.69  3.89  0.00 -4.68 0.502  00  01T0C7M000  1.000
ARG01A0010_017  0.000 -9.98  1.04  3.89  0.00 -5.05 0.502  00  01T0D3M000  1.000
ARG01A0010_018  0.000 -9.41  1.46  3.55  0.00 -4.40 0.502  00  01T0D4M000  1.000
ARG01A0010_019  0.000-11.45  1.91  1.20  0.00 -8.33 0.502  00  01T0D5M000  1.000
ARG01A0010_020  0.000 -9.56  1.51  3.73  0.00 -4.31 0.502  00  01T0E9M000  1.000
ARG02A0010_021  0.000-12.58  0.49  0.64  0.00-11.45 0.503  00  02O000M000  1.000
ARG02A0010_022  0.000-11.05  4.50  0.62  0.00 -5.92 0.502  00  02E04EM000  1.000
ARG02A0010_023  0.000-10.53  0.67  1.12  0.00 -8.74 0.502  00  02E055M000  1.000
ARG02A0010_024  0.000 -9.34  0.68  3.84  0.00 -4.83 0.502  00  02E0C7M000  1.000
ARG02A0010_025  0.000 -8.97  0.54  3.73  0.00 -4.70 0.501  00  02E0ACM000  1.000
ARG02A0010_026  0.000 -9.85  1.15  3.54  0.00 -5.16 0.502  00  02E0D3M000  1.000
ARG02A0010_027  0.000 -9.46  1.45  3.57  0.00 -4.45 0.502  00  02T0D4M000  1.000
ARG02A0010_028  0.000-11.48  1.91  1.20  0.00 -8.37 0.502  00  02T0D5M000  1.000
ARG02A0010_029  0.000-10.66  0.28  0.61  0.00 -9.77 0.502  00  02T046M000  1.000
ARG02A0010_030  0.000-11.33  4.41  2.99  0.00 -3.93 0.502  00  02T04AM000  1.000
ARG02A0010_031  0.000-10.05  0.33  1.19  0.00 -8.53 0.502  00  02T0AAM000  1.000
ARG02A0010_032  0.000 -9.32  0.88  6.31  0.00 -2.13 0.502  00  02T0EEM000  1.000
ARG02A0010_033  0.000-12.12  0.91  1.23  0.00 -9.98 0.501  00  02T007M000  1.000
ARG02A0010_034  0.000-12.69  0.66  2.79  0.00 -9.24 0.502  00  02T00FM000  1.000
ARG02A0010_035  0.000-10.73  1.42  3.44  0.00 -5.87 0.502  00  02T02FM000  1.000
ARG02A0010_036  0.000-11.19  0.90  2.93  0.00 -7.36 0.501  00  02T09BM000  1.000
ARG02A0010_037  0.000-10.80  1.26  0.77  0.00 -8.76 0.502  00  02T0BBM000  1.000
ARG02A0010_038  0.000-10.95  0.40  1.16  0.00 -9.39 0.501  00  02T021M000  1.000
ARG02A0010_039  0.000-12.63  0.83  3.28  0.00 -8.52 0.502  00  02T027M000  1.000
ARG02A0010_040  0.000 -9.56  1.49  3.73  0.00 -4.34 0.502  00  02T0E9M000  1.000
ARG03A0010_041  0.000-12.58  0.49  0.64  0.00-11.45 0.503  00  03O000M000  1.000
ARG03A0010_042  0.000-12.18  0.90  1.23  0.00-10.06 0.501  00  03E007M000  1.000
ARG03A0010_043  0.000-11.18  4.50  0.62  0.00 -6.06 0.502  00  03E04EM000  1.000
ARG03A0010_044  0.000-11.35  4.39  2.99  0.00 -3.97 0.502  00  03E04AM000  1.000
ARG03A0010_045  0.000 -9.61  1.49  3.73  0.00 -4.39 0.502  00  03E0E9M000  1.000
ARG03A0010_046  0.000-12.71  0.66  2.76  0.00 -9.29 0.502  00  03T00FM000  1.000
ARG03A0010_047  0.000-11.09  0.41  1.16  0.00 -9.53 0.501  00  03T021M000  1.000
ARG03A0010_048  0.000-10.94  1.41  3.40  0.00 -6.14 0.502  00  03T02FM000  1.000
ARG03A0010_049  0.000-10.24  0.67  1.12  0.00 -8.45 0.502  00  03T055M000  1.000
ARG03A0010_050  0.000 -9.48  1.45  3.56  0.00 -4.48 0.502  00  03T0D4M000  1.000
ARG03A0010_051  0.000-12.71  0.83  3.26  0.00 -8.62 0.502  00  03T027M000  1.000
ARG03A0010_052  0.000-10.08  0.34  1.19  0.00 -8.55 0.502  00  03T0AAM000  1.000
ARG03A0010_053  0.000 -8.85  0.60  3.75  0.00 -4.50 0.501  00  03T0ACM000  1.000
ARG03A0010_054  0.000 -9.34  0.67  3.84  0.00 -4.83 0.502  00  03T0C7M000  1.000
ARG03A0010_055  0.000-11.47  1.90  1.20  0.00 -8.38 0.502  00  03T0D5M000  1.000
ARG03A0010_056  0.000 -9.31  0.86  6.31  0.00 -2.14 0.502  00  03T0EEM000  1.000
ARG03A0010_057  0.000-10.55  0.26  0.61  0.00 -9.67 0.502  00  03T046M000  1.000
ARG03A0010_058  0.000-11.29  0.90  2.93  0.00 -7.46 0.501  00  03T09BM000  1.000
ARG03A0010_059  0.000-10.35  1.24  0.78  0.00 -8.33 0.502  00  03T0BBM000  1.000
ARG03A0010_060  0.000 -9.77  1.16  3.55  0.00 -5.06 0.502  00  03T0D3M000  1.000
ARG+1A0010_061  1.000-12.62  0.49  0.64  0.00-11.49 0.503  00  +1O000M000  1.000
ARG+1A0010_062  1.000-12.74  0.66  2.80  0.00 -9.28 0.502  00  +1E00FM000  1.000
ARG+1A0010_063  1.000-11.39  0.90  2.93  0.00 -7.55 0.501  00  +1E09BM000  1.000
ARG+1A0010_064  1.000-10.03  0.33  1.19  0.00 -8.51 0.502  00  +1E0AAM000  1.000
ARG+1A0010_065  1.000 -9.91  1.17  3.57  0.00 -5.17 0.502  00  +1E0D3M000  1.000
ARG+1A0010_066  1.000 -9.50  1.46  3.57  0.00 -4.47 0.502  00  +1E0D4M000  1.000
ARG+1A0010_067  1.000 -9.36  0.86  6.32  0.00 -2.18 0.502  00  +1E0EEM000  1.000
ARG+1A0010_068  1.000-12.22  0.90  1.23  0.00-10.09 0.501  00  +1T007M000  1.000
ARG+1A0010_069  1.000-11.11  0.40  1.17  0.00 -9.54 0.501  00  +1T021M000  1.000
ARG+1A0010_070  1.000-12.74  0.83  3.29  0.00 -8.62 0.502  00  +1T027M000  1.000
ARG+1A0010_071  1.000-10.89  1.43  3.45  0.00 -6.00 0.502  00  +1T02FM000  1.000
ARG+1A0010_072  1.000-10.49  0.26  0.61  0.00 -9.62 0.502  00  +1T046M000  1.000
ARG+1A0010_073  1.000-11.32  4.41  2.99  0.00 -3.92 0.502  00  +1T04AM000  1.000
ARG+1A0010_074  1.000-11.10  4.51  0.63  0.00 -5.96 0.502  00  +1T04EM000  1.000
ARG+1A0010_075  1.000-10.36  0.67  1.13  0.00 -8.57 0.502  00  +1T055M000  1.000
ARG+1A0010_076  1.000 -8.81  0.57  3.75  0.00 -4.49 0.501  00  +1T0ACM000  1.000
ARG+1A0010_077  1.000-10.27  1.24  0.78  0.00 -8.24 0.502  00  +1T0BBM000  1.000
ARG+1A0010_078  1.000 -9.38  0.67  3.84  0.00 -4.86 0.502  00  +1T0C7M000  1.000
ARG+1A0010_079  1.000-11.52  1.90  1.21  0.00 -8.41 0.502  00  +1T0D5M000  1.000
ARG+1A0010_080  1.000 -9.62  1.49  3.74  0.00 -4.40 0.502  00  +1T0E9M000  1.000
