   confID        vdw0    sas     sum
ARG01A0010_001   1.785 -14.290 -12.505
ARG01A0010_002   3.354 -14.171 -10.817
ARG01A0010_003   2.469 -13.886 -11.418
ARG01A0010_004   3.065 -14.493 -11.429
ARG01A0010_005   4.183 -14.166  -9.983
ARG01A0010_006   3.421 -14.062 -10.641
ARG01A0010_007   1.996 -14.067 -12.071
ARG01A0010_008   2.099 -14.554 -12.455
ARG01A0010_009   7.312 -13.327  -6.016
ARG01A0010_010   3.064 -14.251 -11.187
ARG01A0010_011   4.082 -14.117 -10.035
ARG01A0010_012   2.913 -14.488 -11.575
ARG01A0010_013   3.546 -14.239 -10.692
ARG01A0010_014   2.859 -14.459 -11.600
ARG01A0010_015   1.752 -14.419 -12.667
ARG01A0010_016   1.890 -14.553 -12.662
ARG01A0010_017   0.991 -14.667 -13.676
ARG01A0010_018   1.815 -14.464 -12.649
ARG01A0010_019   4.956 -13.701  -8.745
ARG01A0010_020   2.343 -14.122 -11.779
ARG02A0010_021   1.734 -14.425 -12.691
ARG02A0010_022   0.975 -14.561 -13.585
ARG02A0010_023   4.251 -14.386 -10.135
ARG02A0010_024   2.874 -14.491 -11.617
ARG02A0010_025   4.817 -13.872  -9.055
ARG02A0010_026   1.774 -14.290 -12.516
ARG02A0010_027   1.900 -14.672 -12.772
ARG02A0010_028   2.908 -14.259 -11.351
ARG02A0010_029   6.708 -13.771  -7.064
ARG02A0010_030   3.290 -14.104 -10.814
ARG02A0010_031   3.000 -14.248 -11.247
ARG02A0010_032   4.571 -14.454  -9.883
ARG02A0010_033   3.662 -14.078 -10.416
ARG02A0010_034   2.106 -13.971 -11.865
ARG02A0010_035   3.282 -13.988 -10.706
ARG02A0010_036   2.405 -14.225 -11.819
ARG02A0010_037   2.080 -14.572 -12.491
ARG02A0010_038   2.396 -13.838 -11.442
ARG02A0010_039   3.096 -14.545 -11.449
ARG02A0010_040   2.075 -14.378 -12.303
ARG03A0010_041   1.709 -14.290 -12.581
ARG03A0010_042   4.216 -14.434 -10.217
ARG03A0010_043   4.120 -14.261 -10.141
ARG03A0010_044   2.038 -14.378 -12.340
ARG03A0010_045   2.338 -14.057 -11.719
ARG03A0010_046   3.297 -14.120 -10.823
ARG03A0010_047   2.861 -14.607 -11.746
ARG03A0010_048   0.973 -14.689 -13.716
ARG03A0010_049   1.842 -14.672 -12.831
ARG03A0010_050   3.058 -14.493 -11.436
ARG03A0010_051   2.198 -14.035 -11.837
ARG03A0010_052   4.780 -13.936  -9.156
ARG03A0010_053   3.377 -14.181 -10.803
ARG03A0010_054   1.741 -14.425 -12.684
ARG03A0010_055   2.028 -14.459 -12.432
ARG03A0010_056   2.500 -13.787 -11.287
ARG03A0010_057   7.460 -13.443  -5.983
ARG03A0010_058   3.128 -14.428 -11.300
ARG03A0010_059   4.581 -14.335  -9.754
ARG03A0010_060   2.873 -14.259 -11.386
ARG+1A0010_061   1.670 -14.290 -12.619
ARG+1A0010_062   1.690 -14.425 -12.735
ARG+1A0010_063   0.931 -14.753 -13.823
ARG+1A0010_064   1.803 -14.672 -12.870
ARG+1A0010_065   2.443 -13.787 -11.344
ARG+1A0010_066   4.052 -14.213 -10.161
ARG+1A0010_067   7.460 -13.379  -5.919
ARG+1A0010_068   4.546 -14.454  -9.908
ARG+1A0010_069   4.745 -13.936  -9.192
ARG+1A0010_070   2.294 -14.173 -11.879
ARG+1A0010_071   1.976 -14.527 -12.551
ARG+1A0010_072   3.254 -14.171 -10.917
ARG+1A0010_073   3.014 -14.493 -11.479
ARG+1A0010_074   4.202 -14.321 -10.119
ARG+1A0010_075   2.149 -14.035 -11.886
ARG+1A0010_076   1.994 -14.378 -12.384
ARG+1A0010_077   3.082 -14.363 -11.282
ARG+1A0010_078   2.818 -14.607 -11.789
ARG+1A0010_079   3.312 -14.116 -10.805
ARG+1A0010_080   2.832 -14.259 -11.426
