CONFORMER         crg  vdw0  vdw1  tors  epol  self   occ  Hb     history    ASA
LYS01A0041_001  0.000-11.42  0.28  3.35  0.00 -7.79 0.502  00  01O000M000  1.000
LYS01A0041_002  0.000-11.95  0.31  0.99  0.00-10.64 0.501  00  01E04BM000  1.000
LYS01A0041_003  0.000-11.28  0.23  2.37  0.00 -8.68 0.502  00  01E04CM000  1.000
LYS01A0041_004  0.000-11.18  1.52  4.24  0.00 -5.42 0.502  00  01E076M000  1.000
LYS01A0041_005  0.000-11.27  1.85  3.63  0.00 -5.79 0.502  00  01E07CM000  1.000
LYS01A0041_006  0.000-10.22 -0.02  3.12  0.00 -7.12 0.501  00  01E0A9M000  1.000
LYS01A0041_007  0.000-10.79  1.04  2.07  0.00 -7.68 0.501  00  01E145M000  1.000
LYS01A0041_008  0.000-10.60  5.81  3.92  0.00 -0.87 0.502  00  01E15CM000  1.000
LYS01A0041_009  0.000-11.47  1.41  5.16  0.00 -4.91 0.502  00  01T051M000  1.000
LYS01A0041_010  0.000-10.80  0.00  1.59  0.00 -9.21 0.501  00  01T066M000  1.000
LYS01A0041_011  0.000-11.13  0.61  0.97  0.00 -9.55 0.501  00  01T08CM000  1.000
LYS01A0041_012  0.000-10.63  0.61  3.07  0.00 -6.95 0.501  00  01T090M000  1.000
LYS01A0041_013  0.000-10.92  4.82  3.84  0.00 -2.25 0.501  00  01T094M000  1.000
LYS01A0041_014  0.000-11.02  1.48  1.48  0.00 -8.06 0.501  00  01T09DM000  1.000
LYS01A0041_015  0.000 -9.66  0.17  0.96  0.00 -8.53 0.502  00  01T0A5M000  1.000
LYS01A0041_016  0.000 -8.89  0.20  1.59  0.00 -7.10 0.501  00  01T100M000  1.000
LYS01A0041_017  0.000 -8.29  1.43  4.85  0.00 -2.00 0.502  00  01T111M000  1.000
LYS01A0041_018  0.000 -9.30  1.44  4.83  0.00 -3.03 0.502  00  01T116M000  1.000
LYS01A0041_019  0.000-10.86  4.15  1.64  0.00 -5.07 0.501  00  01T14EM000  1.000
LYS+1A0041_020  1.000-11.47  0.28  3.35  0.00 -7.84 0.502  00  +1O000M000  1.000
LYS+1A0041_021  1.000-11.53  0.23  2.47  0.00 -8.84 0.502  00  +1E04CM000  1.000
LYS+1A0041_022  1.000-11.36  1.83  3.64  0.00 -5.89 0.502  00  +1E07CM000  1.000
LYS+1A0041_023  1.000-10.82  0.62  3.15  0.00 -7.05 0.501  00  +1E090M000  1.000
LYS+1A0041_024  1.000-11.00  4.82  3.85  0.00 -2.33 0.501  00  +1E094M000  1.000
LYS+1A0041_025  1.000 -9.66  0.17  0.98  0.00 -8.51 0.502  00  +1E0A5M000  1.000
LYS+1A0041_026  1.000-10.42 -0.02  3.18  0.00 -7.26 0.501  00  +1E0A9M000  1.000
LYS+1A0041_027  1.000-10.97  4.29  1.67  0.00 -5.01 0.501  00  +1E14EM000  1.000
LYS+1A0041_028  1.000-11.99  0.31  1.00  0.00-10.68 0.501  00  +1T04BM000  1.000
LYS+1A0041_029  1.000-10.85 -0.00  1.60  0.00 -9.25 0.501  00  +1T066M000  1.000
LYS+1A0041_030  1.000-11.23  1.52  4.24  0.00 -5.47 0.502  00  +1T076M000  1.000
LYS+1A0041_031  1.000 -9.52  1.57  4.24  0.00 -3.72 0.501  00  +1T084M000  1.000
LYS+1A0041_032  1.000-11.18  0.60  0.99  0.00 -9.60 0.501  00  +1T08CM000  1.000
LYS+1A0041_033  1.000-11.16  1.45  1.48  0.00 -8.23 0.501  00  +1T09DM000  1.000
LYS+1A0041_034  1.000 -8.90  0.20  1.60  0.00 -7.10 0.501  00  +1T100M000  1.000
LYS+1A0041_035  1.000 -8.41  1.43  4.88  0.00 -2.10 0.502  00  +1T111M000  1.000
LYS+1A0041_036  1.000 -9.42  1.44  4.84  0.00 -3.14 0.502  00  +1T116M000  1.000
LYS+1A0041_037  1.000-10.80  1.06  2.10  0.00 -7.64 0.501  00  +1T145M000  1.000
LYS+1A0041_038  1.000-10.66  5.80  3.93  0.00 -0.93 0.502  00  +1T15CM000  1.000
