   confID        vdw0    sas     sum
LYS01A0041_001   1.083 -12.508 -11.424
LYS01A0041_002   0.717 -12.662 -11.945
LYS01A0041_003   0.946 -12.222 -11.276
LYS01A0041_004   1.471 -12.652 -11.182
LYS01A0041_005   1.348 -12.622 -11.274
LYS01A0041_006   2.050 -12.265 -10.215
LYS01A0041_007   1.730 -12.522 -10.791
LYS01A0041_008   1.347 -11.945 -10.598
LYS01A0041_009   0.917 -12.386 -11.469
LYS01A0041_010   1.478 -12.273 -10.795
LYS01A0041_011   1.390 -12.519 -11.129
LYS01A0041_012   1.645 -12.280 -10.635
LYS01A0041_013   1.408 -12.323 -10.915
LYS01A0041_014   1.505 -12.524 -11.019
LYS01A0041_015   2.535 -12.202  -9.667
LYS01A0041_016   3.261 -12.146  -8.885
LYS01A0041_017   3.664 -11.940  -8.276
LYS01A0041_018   3.303 -12.643  -9.340
LYS01A0041_019   1.867 -12.734 -10.867
LYS+1A0041_020   1.036 -12.508 -11.472
LYS+1A0041_021   0.901 -12.434 -11.534
LYS+1A0041_022   1.301 -12.660 -11.359
LYS+1A0041_023   1.599 -12.412 -10.813
LYS+1A0041_024   1.281 -12.284 -11.003
LYS+1A0041_025   2.475 -12.137  -9.662
LYS+1A0041_026   1.915 -12.332 -10.417
LYS+1A0041_027   1.769 -12.734 -10.966
LYS+1A0041_028   0.672 -12.662 -11.990
LYS+1A0041_029   1.428 -12.273 -10.844
LYS+1A0041_030   1.422 -12.652 -11.230
LYS+1A0041_031   2.360 -11.894  -9.534
LYS+1A0041_032   1.339 -12.574 -11.235
LYS+1A0041_033   1.463 -12.524 -11.061
LYS+1A0041_034   3.286 -12.184  -8.898
LYS+1A0041_035   3.547 -12.004  -8.457
LYS+1A0041_036   3.277 -12.694  -9.418
LYS+1A0041_037   1.644 -12.444 -10.800
LYS+1A0041_038   1.338 -11.997 -10.659
