iConf CONFORMER     FL  occ    crg   Em0  pKa0 ne nH    vdw0    vdw1    tors    epol   dsolv   extra    history
00001 ARG01A0258_001 f 0.00  0.000     0  0.00  0  0  -9.110   0.896   1.242   0.031  -0.030   0.000 01O000M000t
00002 ARG01A0258_002 f 0.00  0.000     0  0.00  0  0 -10.048   1.843   3.070   0.061  -0.184   0.000 01E00EM000t
00003 ARG01A0258_003 f 0.00  0.000     0  0.00  0  0  -8.590   0.918   1.253   0.021   0.003   0.000 01E01CM000t
00004 ARG01A0258_004 f 0.00  0.000     0  0.00  0  0 -10.420   2.044   5.611   0.046  -0.226   0.000 01E029M000t
00005 ARG01A0258_005 f 0.00  0.000     0  0.00  0  0 -12.183   0.666   0.938   0.018  -0.065   0.000 01E03BM000t
00006 ARG01A0258_006 f 0.00  0.000     0  0.00  0  0 -12.306   4.690   3.321   0.026  -0.393   0.000 01E047M000t
00007 ARG01A0258_007 f 0.00  0.000     0  0.00  0  0 -11.230   4.183   1.564   0.059  -0.196   0.000 01E04DM000t
00008 ARG01A0258_008 f 0.00  0.000     0  0.00  0  0  -6.435   1.251   1.167   0.025   0.051   0.000 01E079M000t
00009 ARG01A0258_009 f 0.00  0.000     0  0.00  0  0 -10.024   0.937   1.659  -0.122  -0.026   0.000 01E095M000t
00010 ARG01A0258_010 f 0.00  0.000     0  0.00  0  0  -9.808   1.484   2.451   0.035  -0.301   0.000 01E0B6M000t
00011 ARG01A0258_011 f 0.00  0.000     0  0.00  0  0 -10.572   2.126   6.015   0.036  -0.094   0.000 01E0E7M000t
00012 ARG01A0258_012 f 0.00  0.000     0  0.00  0  0  -9.407   3.868   1.211   0.082  -0.393   0.000 01T001M000t
00013 ARG01A0258_013 f 0.00  0.000     0  0.00  0  0  -9.843   0.677   1.298   0.085  -0.074   0.000 01T005M000t
00014 ARG01A0258_014 f 0.00  0.000     0  0.00  0  0 -10.031   2.190   3.872   0.200  -0.294   0.000 01T00FM000t
00015 ARG01A0258_015 f 0.00  0.000     0  0.00  0  0  -9.702   1.935   3.048   0.028   0.004   0.000 01T058M000t
00016 ARG01A0258_016 f 0.00  0.000     0  0.00  0  0 -11.629   4.442   3.225  -0.104   0.126   0.000 01T0A0M000t
00017 ARG01A0258_017 f 0.00  0.000     0  0.00  0  0  -8.571   2.868   2.592   0.017  -0.083   0.000 01T0AFM000t
00018 ARG01A0258_018 f 0.00  0.000     0  0.00  0  0  -7.824   1.906   3.879  -0.504   0.444   0.000 01T0E2M000t
00019 ARG01A0258_019 f 0.00  0.000     0  0.00  0  0 -11.853   6.075   3.557  -0.207   0.023   0.000 01T0E8M000t
00020 ARG01A0258_020 f 0.00  0.000     0  0.00  0  0 -11.063   2.657   6.236   0.067  -0.217   0.000 01T0ECM000t
00021 ARG02A0258_021 f 0.00  0.000     0  0.00  0  0  -9.119   0.894   1.242   0.031   0.955   0.000 02O000M000t
00022 ARG02A0258_022 f 0.00  0.000     0  0.00  0  0  -9.536   4.157   1.155   0.057   1.053   0.000 02E001M000t
00023 ARG02A0258_023 f 0.00  0.000     0  0.00  0  0  -9.047   0.683   1.221   0.136   0.918   0.000 02E095M000t
00024 ARG02A0258_024 f 0.00  0.000     0  0.00  0  0  -9.158   2.302   5.735   0.065   1.036   0.000 02E0E7M000t
00025 ARG02A0258_025 f 0.00  0.000     0  0.00  0  0 -11.792   5.940   3.550  -0.041   1.153   0.000 02E0E8M000t
00026 ARG02A0258_026 f 0.00  0.000     0  0.00  0  0  -9.952   1.868   3.093  -0.001   0.836   0.000 02E00EM000t
00027 ARG02A0258_027 f 0.00  0.000     0  0.00  0  0  -8.503   0.910   1.251   0.025   0.915   0.000 02E01CM000t
00028 ARG02A0258_028 f 0.00  0.000     0  0.00  0  0  -6.508   1.245   1.159   0.034   0.737   0.000 02E079M000t
00029 ARG02A0258_029 f 0.00  0.000     0  0.00  0  0  -9.745   1.948   3.054   0.038   1.083   0.000 02T058M000t
00030 ARG02A0258_030 f 0.00  0.000     0  0.00  0  0  -9.529   1.557   2.464   0.053   1.037   0.000 02T0B6M000t
00031 ARG02A0258_031 f 0.00  0.000     0  0.00  0  0  -9.736   0.683   1.269  -0.011   0.685   0.000 02T005M000t
00032 ARG02A0258_032 f 0.00  0.000     0  0.00  0  0 -11.103   4.756   1.230   0.000   0.657   0.000 02T04DM000t
00033 ARG02A0258_033 f 0.00  0.000     0  0.00  0  0 -11.649   3.147   2.781   0.159   1.053   0.000 02T0A0M000t
00034 ARG02A0258_034 f 0.00  0.000     0  0.00  0  0  -9.861   2.235   3.880   0.007   0.802   0.000 02T00FM000t
00035 ARG02A0258_035 f 0.00  0.000     0  0.00  0  0 -10.212   2.055   5.628   0.011   0.856   0.000 02T029M000t
00036 ARG02A0258_036 f 0.00  0.000     0  0.00  0  0 -12.071   0.627   0.655   0.033   0.551   0.000 02T03BM000t
00037 ARG02A0258_037 f 0.00  0.000     0  0.00  0  0 -11.955   4.683   3.098   0.028   0.706   0.000 02T047M000t
00038 ARG02A0258_038 f 0.00  0.000     0  0.00  0  0  -8.565   2.835   2.626   0.044   0.587   0.000 02T0AFM000t
00039 ARG02A0258_039 f 0.00  0.000     0  0.00  0  0  -7.648   1.893   3.778  -0.217   1.114   0.000 02T0E2M000t
00040 ARG02A0258_040 f 0.00  0.000     0  0.00  0  0 -11.311   2.336   5.475   0.054   0.615   0.000 02T0ECM000t
00041 ARG03A0258_041 f 0.00  0.000     0  0.00  0  0  -9.130   0.894   1.242   0.031   1.133   0.000 03O000M000t
00042 ARG03A0258_042 f 0.00  0.000     0  0.00  0  0  -8.566   2.844   2.595   0.038   0.992   0.000 03E0AFM000t
00043 ARG03A0258_043 f 0.00  0.000     0  0.00  0  0  -9.068   2.308   5.741   0.060   0.869   0.000 03E0E7M000t
00044 ARG03A0258_044 f 0.00  0.000     0  0.00  0  0 -12.014   4.645   3.090   0.028   0.639   0.000 03E047M000t
00045 ARG03A0258_045 f 0.00  0.000     0  0.00  0  0  -7.791   1.915   3.776  -0.258   1.119   0.000 03E0E2M000t
00046 ARG03A0258_046 f 0.00  0.000     0  0.00  0  0  -9.534   4.275   1.155   0.050   0.589   0.000 03T001M000t
00047 ARG03A0258_047 f 0.00  0.000     0  0.00  0  0 -11.336   4.766   1.226   0.016   0.778   0.000 03T04DM000t
00048 ARG03A0258_048 f 0.00  0.000     0  0.00  0  0  -6.506   1.246   1.153   0.054   0.860   0.000 03T079M000t
00049 ARG03A0258_049 f 0.00  0.000     0  0.00  0  0 -12.048   3.065   2.725   0.192   1.090   0.000 03T0A0M000t
00050 ARG03A0258_050 f 0.00  0.000     0  0.00  0  0 -11.404   2.331   5.436   0.067   0.901   0.000 03T0ECM000t
00051 ARG03A0258_051 f 0.00  0.000     0  0.00  0  0  -9.552   0.643   1.277   0.070   1.057   0.000 03T005M000t
00052 ARG03A0258_052 f 0.00  0.000     0  0.00  0  0  -8.562   0.906   1.255   0.039   0.937   0.000 03T01CM000t
00053 ARG03A0258_053 f 0.00  0.000     0  0.00  0  0  -9.995   1.852   3.088   0.050   0.901   0.000 03T00EM000t
00054 ARG03A0258_054 f 0.00  0.000     0  0.00  0  0  -9.995   2.196   3.874   0.174   0.955   0.000 03T00FM000t
00055 ARG03A0258_055 f 0.00  0.000     0  0.00  0  0 -10.248   2.055   5.609   0.037   0.905   0.000 03T029M000t
00056 ARG03A0258_056 f 0.00  0.000     0  0.00  0  0 -11.941   0.627   0.657   0.025   0.672   0.000 03T03BM000t
00057 ARG03A0258_057 f 0.00  0.000     0  0.00  0  0  -9.118   0.685   1.212   0.095   1.003   0.000 03T095M000t
00058 ARG03A0258_058 f 0.00  0.000     0  0.00  0  0  -9.656   1.954   3.067   0.031   0.784   0.000 03T058M000t
00059 ARG03A0258_059 f 0.00  0.000     0  0.00  0  0  -9.611   1.545   2.442   0.039   0.329   0.000 03T0B6M000t
00060 ARG03A0258_060 f 0.00  0.000     0  0.00  0  0 -11.790   5.986   3.555  -0.091   1.013   0.000 03T0E8M000t
00061 ARG+1A0258_061 f 0.00  1.000     0 12.50  0  1  -9.170   0.893   1.242   0.105  -0.247   0.000 +1O000M000t
00062 ARG+1A0258_062 f 0.00  1.000     0 12.50  0  1  -9.636   4.208   1.165   0.036  -0.365   0.000 +1E001M000t
00063 ARG+1A0258_063 f 0.00  1.000     0 12.50  0  1  -9.585   0.637   1.280   0.214  -0.068   0.000 +1E005M000t
00064 ARG+1A0258_064 f 0.00  1.000     0 12.50  0  1  -8.644   0.907   1.258   0.155  -0.328   0.000 +1E01CM000t
00065 ARG+1A0258_065 f 0.00  1.000     0 12.50  0  1 -10.356   2.046   5.630   0.129  -0.333   0.000 +1E029M000t
00066 ARG+1A0258_066 f 0.00  1.000     0 12.50  0  1 -12.104   0.627   0.663   0.101  -0.435   0.000 +1E03BM000t
00067 ARG+1A0258_067 f 0.00  1.000     0 12.50  0  1 -11.910   4.683   3.110   0.070  -0.390   0.000 +1E047M000t
00068 ARG+1A0258_068 f 0.00  1.000     0 12.50  0  1 -11.187   4.769   1.235  -0.018  -0.194   0.000 +1E04DM000t
00069 ARG+1A0258_069 f 0.00  1.000     0 12.50  0  1  -9.053   0.680   1.227   0.473   0.351   0.000 +1E095M000t
00070 ARG+1A0258_070 f 0.00  1.000     0 12.50  0  1 -11.882   3.153   2.789   0.624   0.156   0.000 +1E0A0M000t
00071 ARG+1A0258_071 f 0.00  1.000     0 12.50  0  1  -8.632   2.828   2.629   0.060  -0.242   0.000 +1E0AFM000t
00072 ARG+1A0258_072 f 0.00  1.000     0 12.50  0  1  -7.683   1.884   3.786   0.624  -0.176   0.000 +1E0E2M000t
00073 ARG+1A0258_073 f 0.00  1.000     0 12.50  0  1 -11.837   5.925   3.561   0.438   0.189   0.000 +1E0E8M000t
00074 ARG+1A0258_074 f 0.00  1.000     0 12.50  0  1 -11.415   2.326   5.499   0.213  -0.197   0.000 +1E0ECM000t
00075 ARG+1A0258_075 f 0.00  1.000     0 12.50  0  1 -10.018   1.861   3.093   0.164  -0.287   0.000 +1T00EM000t
00076 ARG+1A0258_076 f 0.00  1.000     0 12.50  0  1  -9.972   2.204   3.885   0.391   0.007   0.000 +1T00FM000t
00077 ARG+1A0258_077 f 0.00  1.000     0 12.50  0  1  -9.682   1.946   3.069   0.128  -0.351   0.000 +1T058M000t
00078 ARG+1A0258_078 f 0.00  1.000     0 12.50  0  1  -6.611   1.246   1.165   0.188  -0.078   0.000 +1T079M000t
00079 ARG+1A0258_079 f 0.00  1.000     0 12.50  0  1  -9.628   1.565   2.494   0.143  -0.555   0.000 +1T0B6M000t
00080 ARG+1A0258_080 f 0.00  1.000     0 12.50  0  1  -9.186   2.306   5.749   0.270  -0.066   0.000 +1T0E7M000t
