   confID        vdw0    sas     sum
ARG01A0258_001   4.697 -13.807  -9.110
ARG01A0258_002   4.080 -14.129 -10.048
ARG01A0258_003   5.011 -13.601  -8.590
ARG01A0258_004   3.864 -14.283 -10.420
ARG01A0258_005   2.298 -14.481 -12.183
ARG01A0258_006   2.336 -14.642 -12.306
ARG01A0258_007   3.124 -14.354 -11.230
ARG01A0258_008   7.388 -13.823  -6.435
ARG01A0258_009   4.175 -14.198 -10.024
ARG01A0258_010   4.708 -14.516  -9.808
ARG01A0258_011   4.092 -14.664 -10.572
ARG01A0258_012   4.098 -13.505  -9.407
ARG01A0258_013   4.046 -13.889  -9.843
ARG01A0258_014   4.202 -14.233 -10.031
ARG01A0258_015   4.238 -13.941  -9.702
ARG01A0258_016   3.041 -14.670 -11.629
ARG01A0258_017   5.270 -13.841  -8.571
ARG01A0258_018   6.501 -14.325  -7.824
ARG01A0258_019   2.735 -14.588 -11.853
ARG01A0258_020   3.239 -14.302 -11.063
ARG02A0258_021   4.689 -13.807  -9.119
ARG02A0258_022   4.082 -13.618  -9.536
ARG02A0258_023   4.783 -13.830  -9.047
ARG02A0258_024   5.028 -14.186  -9.158
ARG02A0258_025   2.745 -14.537 -11.792
ARG02A0258_026   3.949 -13.901  -9.952
ARG02A0258_027   5.085 -13.588  -8.503
ARG02A0258_028   7.270 -13.778  -6.508
ARG02A0258_029   4.263 -14.008  -9.745
ARG02A0258_030   4.919 -14.448  -9.529
ARG02A0258_031   4.140 -13.876  -9.736
ARG02A0258_032   3.270 -14.373 -11.103
ARG02A0258_033   2.925 -14.574 -11.649
ARG02A0258_034   4.180 -14.041  -9.861
ARG02A0258_035   3.971 -14.184 -10.212
ARG02A0258_036   2.636 -14.706 -12.071
ARG02A0258_037   2.549 -14.503 -11.955
ARG02A0258_038   5.208 -13.773  -8.565
ARG02A0258_039   6.488 -14.136  -7.648
ARG02A0258_040   3.064 -14.375 -11.311
ARG03A0258_041   4.678 -13.807  -9.130
ARG03A0258_042   5.207 -13.773  -8.566
ARG03A0258_043   5.115 -14.182  -9.068
ARG03A0258_044   2.493 -14.507 -12.014
ARG03A0258_045   6.458 -14.248  -7.791
ARG03A0258_046   4.152 -13.685  -9.534
ARG03A0258_047   3.240 -14.576 -11.336
ARG03A0258_048   7.224 -13.730  -6.506
ARG03A0258_049   2.806 -14.854 -12.048
ARG03A0258_050   2.971 -14.375 -11.404
ARG03A0258_051   4.096 -13.648  -9.552
ARG03A0258_052   5.055 -13.617  -8.562
ARG03A0258_053   3.973 -13.968  -9.995
ARG03A0258_054   4.161 -14.156  -9.995
ARG03A0258_055   3.872 -14.119 -10.248
ARG03A0258_056   2.589 -14.530 -11.941
ARG03A0258_057   4.813 -13.930  -9.118
ARG03A0258_058   4.285 -13.941  -9.656
ARG03A0258_059   4.969 -14.580  -9.611
ARG03A0258_060   2.747 -14.537 -11.790
ARG+1A0258_061   4.638 -13.807  -9.170
ARG+1A0258_062   4.114 -13.750  -9.636
ARG+1A0258_063   4.063 -13.648  -9.585
ARG+1A0258_064   5.008 -13.652  -8.644
ARG+1A0258_065   3.827 -14.184 -10.356
ARG+1A0258_066   2.554 -14.658 -12.104
ARG+1A0258_067   2.465 -14.375 -11.910
ARG+1A0258_068   3.187 -14.373 -11.187
ARG+1A0258_069   4.793 -13.846  -9.053
ARG+1A0258_070   2.788 -14.670 -11.882
ARG+1A0258_071   5.193 -13.825  -8.632
ARG+1A0258_072   6.453 -14.136  -7.683
ARG+1A0258_073   2.700 -14.537 -11.837
ARG+1A0258_074   2.960 -14.375 -11.415
ARG+1A0258_075   3.950 -13.968 -10.018
ARG+1A0258_076   4.116 -14.089  -9.972
ARG+1A0258_077   4.259 -13.941  -9.682
ARG+1A0258_078   7.279 -13.890  -6.611
ARG+1A0258_079   4.953 -14.580  -9.628
ARG+1A0258_080   5.061 -14.247  -9.186
