iConf CONFORMER     FL  occ    crg   Em0  pKa0 ne nH    vdw0    vdw1    tors    epol   dsolv   extra    history
00001 LYS01A0006_001 f 0.00  0.000     0  0.00  0  0 -11.383   0.064   0.924  -0.020  -0.073   0.000 01O000M000t
00002 LYS01A0006_002 f 0.00  0.000     0  0.00  0  0  -9.413   0.208   0.902  -0.028   0.102   0.000 01E020M000t
00003 LYS01A0006_003 f 0.00  0.000     0  0.00  0  0  -9.295   0.120   1.552  -0.054   0.155   0.000 01E02BM000t
00004 LYS01A0006_004 f 0.00  0.000     0  0.00  0  0 -11.069   0.947   3.547  -0.007   0.139   0.000 01E04CM000t
00005 LYS01A0006_005 f 0.00  0.000     0  0.00  0  0 -11.955   0.927   3.232  -0.016  -0.027   0.000 01E088M000t
00006 LYS01A0006_006 f 0.00  0.000     0  0.00  0  0 -10.631   1.252   0.919  -0.039   0.083   0.000 01E100M000t
00007 LYS01A0006_007 f 0.00  0.000     0  0.00  0  0 -10.367   1.024   4.227  -0.006  -0.146   0.000 01E11EM000t
00008 LYS01A0006_008 f 0.00  0.000     0  0.00  0  0 -10.747   1.205   6.814  -0.006  -0.089   0.000 01E125M000t
00009 LYS01A0006_009 f 0.00  0.000     0  0.00  0  0  -9.254   0.422   4.125  -0.033   0.050   0.000 01E146M000t
00010 LYS01A0006_010 f 0.00  0.000     0  0.00  0  0 -10.472   0.448   4.182  -0.033   0.035   0.000 01E172M000t
00011 LYS01A0006_011 f 0.00  0.000     0  0.00  0  0 -11.221   3.154   3.545  -0.011  -0.097   0.000 01T005M000t
00012 LYS01A0006_012 f 0.00  0.000     0  0.00  0  0 -11.184   1.895   0.839  -0.026   0.084   0.000 01T068M000t
00013 LYS01A0006_013 f 0.00  0.000     0  0.00  0  0 -11.409   1.526   4.120  -0.008  -0.029   0.000 01T073M000t
00014 LYS01A0006_014 f 0.00  0.000     0  0.00  0  0 -10.904   0.477   3.957  -0.017  -0.039   0.000 01T09BM000t
00015 LYS01A0006_015 f 0.00  0.000     0  0.00  0  0 -10.580   0.906   6.718  -0.010   0.056   0.000 01T0ADM000t
00016 LYS01A0006_016 f 0.00  0.000     0  0.00  0  0 -11.025   0.970   4.182  -0.005  -0.116   0.000 01T0BAM000t
00017 LYS01A0006_017 f 0.00  0.000     0  0.00  0  0  -7.842   0.519   4.685  -0.014   0.076   0.000 01T0EFM000t
00018 LYS01A0006_018 f 0.00  0.000     0  0.00  0  0  -7.559   1.360   4.733  -0.012  -0.065   0.000 01T120M000t
00019 LYS01A0006_019 f 0.00  0.000     0  0.00  0  0 -10.732   1.187   6.853  -0.032   0.067   0.000 01T123M000t
00020 LYS01A0006_020 f 0.00  0.000     0  0.00  0  0  -8.463   0.504   4.715  -0.009  -0.060   0.000 01T167M000t
00021 LYS+1A0006_021 f 0.00  1.000     0 10.40  0  1 -11.447   0.062   0.924  -0.008  -0.453   0.000 +1O000M000t
00022 LYS+1A0006_022 f 0.00  1.000     0 10.40  0  1 -11.292   3.149   3.549   0.058  -0.013   0.000 +1E005M000t
00023 LYS+1A0006_023 f 0.00  1.000     0 10.40  0  1  -9.448   0.200   0.906   0.115  -0.213   0.000 +1E020M000t
00024 LYS+1A0006_024 f 0.00  1.000     0 10.40  0  1 -11.072   0.947   3.557   0.056   0.007   0.000 +1E04CM000t
00025 LYS+1A0006_025 f 0.00  1.000     0 10.40  0  1 -10.679   1.177   6.919  -0.011   0.128   0.000 +1E123M000t
00026 LYS+1A0006_026 f 0.00  1.000     0 10.40  0  1  -8.466   0.502   4.734   0.059  -0.170   0.000 +1E167M000t
00027 LYS+1A0006_027 f 0.00  1.000     0 10.40  0  1 -10.508   0.456   4.204   0.159  -0.032   0.000 +1E172M000t
00028 LYS+1A0006_028 f 0.00  1.000     0 10.40  0  1  -9.301   0.100   1.553   0.147   0.343   0.000 +1T02BM000t
00029 LYS+1A0006_029 f 0.00  1.000     0 10.40  0  1 -11.415   1.901   0.839  -0.115  -0.198   0.000 +1T068M000t
00030 LYS+1A0006_030 f 0.00  1.000     0 10.40  0  1 -11.502   1.518   4.124   0.007  -0.226   0.000 +1T073M000t
00031 LYS+1A0006_031 f 0.00  1.000     0 10.40  0  1 -11.933   0.931   3.320   0.056  -0.197   0.000 +1T088M000t
00032 LYS+1A0006_032 f 0.00  1.000     0 10.40  0  1 -10.888   0.472   3.977   0.068  -0.340   0.000 +1T09BM000t
00033 LYS+1A0006_033 f 0.00  1.000     0 10.40  0  1 -10.540   0.899   6.742   0.087  -0.376   0.000 +1T0ADM000t
00034 LYS+1A0006_034 f 0.00  1.000     0 10.40  0  1 -11.065   0.971   4.184   0.027  -0.396   0.000 +1T0BAM000t
00035 LYS+1A0006_035 f 0.00  1.000     0 10.40  0  1  -8.005   0.534   4.723   0.064  -0.235   0.000 +1T0EFM000t
00036 LYS+1A0006_036 f 0.00  1.000     0 10.40  0  1 -10.649   1.248   0.921   0.129   0.104   0.000 +1T100M000t
00037 LYS+1A0006_037 f 0.00  1.000     0 10.40  0  1 -10.429   1.024   4.230   0.011  -0.163   0.000 +1T11EM000t
00038 LYS+1A0006_038 f 0.00  1.000     0 10.40  0  1  -7.636   1.359   4.735   0.020   0.033   0.000 +1T120M000t
00039 LYS+1A0006_039 f 0.00  1.000     0 10.40  0  1 -10.723   1.189   6.831   0.005  -0.211   0.000 +1T125M000t
00040 LYS+1A0006_040 f 0.00  1.000     0 10.40  0  1  -9.412   0.421   4.152   0.042  -0.148   0.000 +1T146M000t
