   confID        vdw0    sas     sum
LYS01A0006_001   0.962 -12.345 -11.383
LYS01A0006_002   4.537 -12.451  -7.914
LYS01A0006_003   1.842 -12.538 -10.696
LYS01A0006_004   3.830 -12.288  -8.457
LYS01A0006_005   0.955 -12.669 -11.715
LYS01A0006_006   1.858 -12.181 -10.323
LYS01A0006_007   1.102 -13.005 -11.903
LYS01A0006_008   1.851 -12.506 -10.655
LYS01A0006_009   2.930 -12.086  -9.156
LYS01A0006_010   2.235 -11.988  -9.752
LYS01A0006_011   1.018 -12.238 -11.221
LYS01A0006_012   3.833 -12.651  -8.818
LYS01A0006_013   3.630 -12.587  -8.957
LYS01A0006_014   1.532 -12.727 -11.195
LYS01A0006_015   2.105 -12.361 -10.256
LYS01A0006_016   1.775 -12.700 -10.926
LYS01A0006_017   1.755 -12.813 -11.058
LYS01A0006_018   4.560 -12.702  -8.142
LYS01A0006_019   2.174 -12.367 -10.193
LYS01A0006_020   2.366 -12.508 -10.142
LYS+1A0006_021   0.898 -12.345 -11.447
LYS+1A0006_022   3.780 -12.651  -8.872
LYS+1A0006_023   1.483 -12.692 -11.209
LYS+1A0006_024   1.705 -12.668 -10.963
LYS+1A0006_025   2.300 -12.508 -10.208
LYS+1A0006_026   0.946 -12.187 -11.241
LYS+1A0006_027   4.470 -12.518  -8.048
LYS+1A0006_028   1.777 -12.577 -10.800
LYS+1A0006_029   3.801 -12.539  -8.737
LYS+1A0006_030   0.924 -12.643 -11.719
LYS+1A0006_031   1.797 -12.181 -10.384
LYS+1A0006_032   1.036 -13.005 -11.968
LYS+1A0006_033   1.782 -12.467 -10.685
LYS+1A0006_034   3.601 -12.574  -8.973
LYS+1A0006_035   2.036 -12.309 -10.274
LYS+1A0006_036   1.719 -12.688 -10.969
LYS+1A0006_037   2.846 -12.153  -9.308
LYS+1A0006_038   2.181 -12.026  -9.845
LYS+1A0006_039   4.516 -12.702  -8.185
LYS+1A0006_040   2.152 -12.550 -10.398
