iConf CONFORMER     FL  occ    crg   Em0  pKa0 ne nH    vdw0    vdw1    tors    epol   dsolv   extra    history
00001 LYS01A0020_001 f 0.00  0.000     0  0.00  0  0 -12.230   1.224   0.960  -0.014  -0.014   0.000 01O000M000t
00002 LYS01A0020_002 f 0.00  0.000     0  0.00  0  0 -12.189   2.276   0.821  -0.031  -0.014   0.000 01E00AM000t
00003 LYS01A0020_003 f 0.00  0.000     0  0.00  0  0  -9.530   5.671   1.504  -0.050  -0.083   0.000 01E02AM000t
00004 LYS01A0020_004 f 0.00  0.000     0  0.00  0  0  -9.810   3.129   0.875  -0.013   0.052   0.000 01E02EM000t
00005 LYS01A0020_005 f 0.00  0.000     0  0.00  0  0 -10.364   0.534   4.250  -0.017   0.038   0.000 01E065M000t
00006 LYS01A0020_006 f 0.00  0.000     0  0.00  0  0  -6.291   0.636   3.621  -0.003  -0.066   0.000 01E068M000t
00007 LYS01A0020_007 f 0.00  0.000     0  0.00  0  0  -7.196   0.105   4.897  -0.061   0.067   0.000 01E0BEM000t
00008 LYS01A0020_008 f 0.00  0.000     0  0.00  0  0  -6.695   0.407   2.016   0.001  -0.102   0.000 01E0DFM000t
00009 LYS01A0020_009 f 0.00  0.000     0  0.00  0  0  -9.249   3.306   4.237  -0.011   0.017   0.000 01E0FEM000t
00010 LYS01A0020_010 f 0.00  0.000     0  0.00  0  0  -9.127   3.260   4.307  -0.014   0.113   0.000 01E101M000t
00011 LYS01A0020_011 f 0.00  0.000     0  0.00  0  0  -6.209   3.176   2.005  -0.002   0.153   0.000 01E105M000t
00012 LYS01A0020_012 f 0.00  0.000     0  0.00  0  0  -9.287   0.483   4.302  -0.056   0.077   0.000 01E137M000t
00013 LYS01A0020_013 f 0.00  0.000     0  0.00  0  0  -9.940   1.298   4.230  -0.007   0.103   0.000 01E147M000t
00014 LYS01A0020_014 f 0.00  0.000     0  0.00  0  0  -9.587   3.402   1.445  -0.009  -0.010   0.000 01T032M000t
00015 LYS01A0020_015 f 0.00  0.000     0  0.00  0  0  -9.866   3.338   1.456   0.007  -0.115   0.000 01T075M000t
00016 LYS01A0020_016 f 0.00  0.000     0  0.00  0  0 -11.760   2.347   3.618  -0.033   0.073   0.000 01T082M000t
00017 LYS01A0020_017 f 0.00  0.000     0  0.00  0  0  -9.966   1.339   1.592  -0.020   0.068   0.000 01T0A7M000t
00018 LYS01A0020_018 f 0.00  0.000     0  0.00  0  0  -9.326   0.583   4.239  -0.020   0.102   0.000 01T0DAM000t
00019 LYS01A0020_019 f 0.00  0.000     0  0.00  0  0  -8.836   3.333   3.663  -0.054   0.105   0.000 01T0E4M000t
00020 LYS01A0020_020 f 0.00  0.000     0  0.00  0  0  -9.462   1.165   6.467  -0.025   0.110   0.000 01T14CM000t
00021 LYS+1A0020_021 f 0.00  1.000     0 10.40  0  1 -12.276   1.222   0.960   0.096  -0.479   0.000 +1O000M000t
00022 LYS+1A0020_022 f 0.00  1.000     0 10.40  0  1 -12.173   2.326   0.821   0.156  -0.356   0.000 +1E00AM000t
00023 LYS+1A0020_023 f 0.00  1.000     0 10.40  0  1  -9.632   5.786   1.508   0.141  -0.161   0.000 +1E02AM000t
00024 LYS+1A0020_024 f 0.00  1.000     0 10.40  0  1  -9.857   3.150   0.876   0.056  -0.142   0.000 +1E02EM000t
00025 LYS+1A0020_025 f 0.00  1.000     0 10.40  0  1  -9.692   3.477   1.447   0.045  -0.195   0.000 +1E032M000t
00026 LYS+1A0020_026 f 0.00  1.000     0 10.40  0  1  -9.939   3.322   1.457  -0.048  -0.009   0.000 +1E075M000t
00027 LYS+1A0020_027 f 0.00  1.000     0 10.40  0  1 -10.025   1.344   1.595   0.082   0.040   0.000 +1E0A7M000t
00028 LYS+1A0020_028 f 0.00  1.000     0 10.40  0  1  -7.206   0.078   4.900   0.112   0.049   0.000 +1E0BEM000t
00029 LYS+1A0020_029 f 0.00  1.000     0 10.40  0  1  -6.776   0.397   2.016   0.203   0.232   0.000 +1E0DFM000t
00030 LYS+1A0020_030 f 0.00  1.000     0 10.40  0  1  -9.327   3.359   4.243   0.034  -0.298   0.000 +1E0FEM000t
00031 LYS+1A0020_031 f 0.00  1.000     0 10.40  0  1  -9.183   3.276   4.308   0.088   0.108   0.000 +1E101M000t
00032 LYS+1A0020_032 f 0.00  1.000     0 10.40  0  1  -6.287   3.218   2.008  -0.140  -0.057   0.000 +1E105M000t
00033 LYS+1A0020_033 f 0.00  1.000     0 10.40  0  1  -9.523   1.161   6.466   0.039  -0.010   0.000 +1E14CM000t
00034 LYS+1A0020_034 f 0.00  1.000     0 10.40  0  1 -10.529   0.535   4.253   0.063  -0.140   0.000 +1T065M000t
00035 LYS+1A0020_035 f 0.00  1.000     0 10.40  0  1  -6.369   0.631   3.622   0.083  -0.194   0.000 +1T068M000t
00036 LYS+1A0020_036 f 0.00  1.000     0 10.40  0  1 -11.816   2.339   3.618   0.142  -0.531   0.000 +1T082M000t
00037 LYS+1A0020_037 f 0.00  1.000     0 10.40  0  1  -9.438   0.579   4.239   0.111   0.011   0.000 +1T0DAM000t
00038 LYS+1A0020_038 f 0.00  1.000     0 10.40  0  1  -8.864   3.343   3.665  -0.072   0.210   0.000 +1T0E4M000t
00039 LYS+1A0020_039 f 0.00  1.000     0 10.40  0  1  -9.289   0.499   4.302   0.087   0.197   0.000 +1T137M000t
00040 LYS+1A0020_040 f 0.00  1.000     0 10.40  0  1  -9.992   1.294   4.230   0.083  -0.120   0.000 +1T147M000t
