CONFORMER         crg  vdw0  vdw1  tors  epol  self   occ  Hb     history    ASA
LYS01A0053_001  0.000-11.97  0.24  0.86  0.00-10.86 0.501  00  01O000M000  1.000
LYS01A0053_002  0.000-11.98  3.87  3.49  0.00 -4.63 0.501  00  01E003M000  1.000
LYS01A0053_003  0.000 -9.13  3.54  3.58  0.00 -2.01 0.502  00  01E0D2M000  1.000
LYS01A0053_004  0.000 -9.79  4.94  3.56  0.00 -1.28 0.501  00  01E0E4M000  1.000
LYS01A0053_005  0.000 -7.41  0.25  4.86  0.00 -2.30 0.502  00  01E0F2M000  1.000
LYS01A0053_006  0.000-10.26  2.19  4.30  0.00 -3.78 0.501  00  01E0FCM000  1.000
LYS01A0053_007  0.000 -7.85  0.67  4.90  0.00 -2.28 0.502  00  01E10AM000  1.000
LYS01A0053_008  0.000 -7.34  0.86  2.09  0.00 -4.39 0.501  00  01E134M000  1.000
LYS01A0053_009  0.000 -9.09  0.48  1.56  0.00 -7.05 0.501  00  01E13AM000  1.000
LYS01A0053_010  0.000 -9.91  1.10  3.80  0.00 -5.01 0.501  00  01E146M000  1.000
LYS01A0053_011  0.000-11.02  2.26  1.49  0.00 -7.27 0.501  00  01T011M000  1.000
LYS01A0053_012  0.000-11.25  1.66  4.31  0.00 -5.29 0.501  00  01T03CM000  1.000
LYS01A0053_013  0.000-10.07  1.52  4.24  0.00 -4.31 0.502  00  01T043M000  1.000
LYS01A0053_014  0.000-11.24  1.97  0.89  0.00 -8.39 0.501  00  01T079M000  1.000
LYS01A0053_015  0.000-12.07  1.83  6.47  0.00 -3.78 0.502  00  01T087M000  1.000
LYS01A0053_016  0.000-10.55  2.17  4.16  0.00 -4.22 0.501  00  01T09EM000  1.000
LYS01A0053_017  0.000-10.28  0.07  3.75  0.00 -6.46 0.502  00  01T0ADM000  1.000
LYS01A0053_018  0.000-10.28  1.42  4.32  0.00 -4.53 0.502  00  01T0F5M000  1.000
LYS01A0053_019  0.000 -9.41  0.51  4.39  0.00 -4.51 0.501  00  01T104M000  1.000
LYS01A0053_020  0.000 -7.45  1.91  4.79  0.00 -0.75 0.501  00  01T10BM000  1.000
LYS+1A0053_021  1.000-12.01  0.24  0.86  0.00-10.91 0.501  00  +1O000M000  1.000
LYS+1A0053_022  1.000-12.08  3.87  3.49  0.00 -4.72 0.501  00  +1E003M000  1.000
LYS+1A0053_023  1.000-11.33  1.64  4.31  0.00 -5.38 0.501  00  +1E03CM000  1.000
LYS+1A0053_024  1.000-12.18  1.82  6.47  0.00 -3.88 0.502  00  +1E087M000  1.000
LYS+1A0053_025  1.000-10.60  2.19  4.17  0.00 -4.24 0.501  00  +1E09EM000  1.000
LYS+1A0053_026  1.000-10.34  0.06  3.75  0.00 -6.53 0.502  00  +1E0ADM000  1.000
LYS+1A0053_027  1.000-10.03  4.95  3.57  0.00 -1.50 0.501  00  +1E0E4M000  1.000
LYS+1A0053_028  1.000 -7.46  0.25  4.86  0.00 -2.35 0.502  00  +1E0F2M000  1.000
LYS+1A0053_029  1.000-10.37  1.44  4.33  0.00 -4.61 0.502  00  +1E0F5M000  1.000
LYS+1A0053_030  1.000-10.32  2.22  4.30  0.00 -3.79 0.501  00  +1E0FCM000  1.000
LYS+1A0053_031  1.000 -9.48  0.51  4.39  0.00 -4.59 0.501  00  +1E104M000  1.000
LYS+1A0053_032  1.000 -7.90  0.67  4.90  0.00 -2.33 0.502  00  +1E10AM000  1.000
LYS+1A0053_033  1.000 -7.43  0.86  2.09  0.00 -4.49 0.501  00  +1E134M000  1.000
LYS+1A0053_034  1.000 -9.06  0.46  1.56  0.00 -7.04 0.501  00  +1E13AM000  1.000
LYS+1A0053_035  1.000 -9.96  1.05  3.80  0.00 -5.10 0.501  00  +1E146M000  1.000
LYS+1A0053_036  1.000-11.12  2.28  1.50  0.00 -7.34 0.501  00  +1T011M000  1.000
LYS+1A0053_037  1.000-10.09  1.52  4.24  0.00 -4.33 0.502  00  +1T043M000  1.000
LYS+1A0053_038  1.000-11.31  1.96  0.88  0.00 -8.47 0.501  00  +1T079M000  1.000
LYS+1A0053_039  1.000 -9.10  3.54  3.58  0.00 -1.97 0.502  00  +1T0D2M000  1.000
LYS+1A0053_040  1.000 -7.55  1.90  4.79  0.00 -0.86 0.501  00  +1T10BM000  1.000
