iConf CONFORMER     FL  occ    crg   Em0  pKa0 ne nH    vdw0    vdw1    tors    epol   dsolv   extra    history
00001 LYS01A0053_001 f 0.00  0.000     0  0.00  0  0 -11.965   0.361   0.863  -0.013   0.014   0.000 01O000M000t
00002 LYS01A0053_002 f 0.00  0.000     0  0.00  0  0 -11.984   3.923   3.492  -0.002  -0.045   0.000 01E003M000t
00003 LYS01A0053_003 f 0.00  0.000     0  0.00  0  0  -9.128   3.590   3.578  -0.047  -0.075   0.000 01E0D2M000t
00004 LYS01A0053_004 f 0.00  0.000     0  0.00  0  0  -9.758   4.994   3.562  -0.038   0.175   0.000 01E0E4M000t
00005 LYS01A0053_005 f 0.00  0.000     0  0.00  0  0  -7.404   0.318   4.859  -0.030   0.049   0.000 01E0F2M000t
00006 LYS01A0053_006 f 0.00  0.000     0  0.00  0  0 -10.271   2.253   4.301  -0.026  -0.058   0.000 01E0FCM000t
00007 LYS01A0053_007 f 0.00  0.000     0  0.00  0  0  -7.857   0.738   4.898  -0.013   0.013   0.000 01E10AM000t
00008 LYS01A0053_008 f 0.00  0.000     0  0.00  0  0  -7.346   0.911   2.089  -0.021  -0.116   0.000 01E134M000t
00009 LYS01A0053_009 f 0.00  0.000     0  0.00  0  0  -9.032   0.523   1.564  -0.050   0.135   0.000 01E13AM000t
00010 LYS01A0053_010 f 0.00  0.000     0  0.00  0  0  -9.913   1.146   3.803  -0.068   0.122   0.000 01E146M000t
00011 LYS01A0053_011 f 0.00  0.000     0  0.00  0  0 -11.026   2.266   1.495   0.011  -0.054   0.000 01T011M000t
00012 LYS01A0053_012 f 0.00  0.000     0  0.00  0  0 -11.248   1.655   4.308  -0.025   0.004   0.000 01T03CM000t
00013 LYS01A0053_013 f 0.00  0.000     0  0.00  0  0 -10.073   1.524   4.242  -0.045   0.065   0.000 01T043M000t
00014 LYS01A0053_014 f 0.00  0.000     0  0.00  0  0 -11.234   2.026   0.886  -0.053  -0.168   0.000 01T079M000t
00015 LYS01A0053_015 f 0.00  0.000     0  0.00  0  0 -12.073   1.825   6.468  -0.021  -0.003   0.000 01T087M000t
00016 LYS01A0053_016 f 0.00  0.000     0  0.00  0  0 -10.551   2.168   4.164  -0.005  -0.066   0.000 01T09EM000t
00017 LYS01A0053_017 f 0.00  0.000     0  0.00  0  0 -10.281   0.189   3.753  -0.016  -0.030   0.000 01T0ADM000t
00018 LYS01A0053_018 f 0.00  0.000     0  0.00  0  0 -10.281   1.484   4.323  -0.203  -0.030   0.000 01T0F5M000t
00019 LYS01A0053_019 f 0.00  0.000     0  0.00  0  0  -9.410   0.584   4.386  -0.012   0.050   0.000 01T104M000t
00020 LYS01A0053_020 f 0.00  0.000     0  0.00  0  0  -7.450   1.905   4.791  -0.026   0.117   0.000 01T10BM000t
00021 LYS+1A0053_021 f 0.00  1.000     0 10.40  0  1 -12.010   0.360   0.863   0.051  -0.278   0.000 +1O000M000t
00022 LYS+1A0053_022 f 0.00  1.000     0 10.40  0  1 -12.081   3.917   3.493   0.005  -0.266   0.000 +1E003M000t
00023 LYS+1A0053_023 f 0.00  1.000     0 10.40  0  1 -11.333   1.643   4.308   0.124  -0.222   0.000 +1E03CM000t
00024 LYS+1A0053_024 f 0.00  1.000     0 10.40  0  1 -12.072   1.823   6.469   0.107  -0.508   0.000 +1E087M000t
00025 LYS+1A0053_025 f 0.00  1.000     0 10.40  0  1 -10.607   2.193   4.165  -0.058  -0.240   0.000 +1E09EM000t
00026 LYS+1A0053_026 f 0.00  1.000     0 10.40  0  1 -10.345   0.186   3.753   0.054   0.030   0.000 +1E0ADM000t
00027 LYS+1A0053_027 f 0.00  1.000     0 10.40  0  1 -10.019   5.001   3.572  -0.031  -0.152   0.000 +1E0E4M000t
00028 LYS+1A0053_028 f 0.00  1.000     0 10.40  0  1  -7.472   0.316   4.862   0.129  -0.183   0.000 +1E0F2M000t
00029 LYS+1A0053_029 f 0.00  1.000     0 10.40  0  1 -10.367   1.506   4.326   0.687   0.061   0.000 +1E0F5M000t
00030 LYS+1A0053_030 f 0.00  1.000     0 10.40  0  1 -10.317   2.279   4.302   0.127  -0.295   0.000 +1E0FCM000t
00031 LYS+1A0053_031 f 0.00  1.000     0 10.40  0  1  -9.481   0.576   4.387   0.121  -0.001   0.000 +1E104M000t
00032 LYS+1A0053_032 f 0.00  1.000     0 10.40  0  1  -7.912   0.737   4.899   0.071  -0.432   0.000 +1E10AM000t
00033 LYS+1A0053_033 f 0.00  1.000     0 10.40  0  1  -7.443   0.902   2.088   0.046  -0.035   0.000 +1E134M000t
00034 LYS+1A0053_034 f 0.00  1.000     0 10.40  0  1  -9.064   0.507   1.565   0.264   0.108   0.000 +1E13AM000t
00035 LYS+1A0053_035 f 0.00  1.000     0 10.40  0  1  -9.957   1.099   3.804   0.315   0.376   0.000 +1E146M000t
00036 LYS+1A0053_036 f 0.00  1.000     0 10.40  0  1 -11.118   2.279   1.497  -0.057  -0.259   0.000 +1T011M000t
00037 LYS+1A0053_037 f 0.00  1.000     0 10.40  0  1 -10.087   1.524   4.242   0.190  -0.188   0.000 +1T043M000t
00038 LYS+1A0053_038 f 0.00  1.000     0 10.40  0  1 -11.313   2.030   0.885   0.205  -0.212   0.000 +1T079M000t
00039 LYS+1A0053_039 f 0.00  1.000     0 10.40  0  1  -9.099   3.592   3.584  -0.060   0.040   0.000 +1T0D2M000t
00040 LYS+1A0053_040 f 0.00  1.000     0 10.40  0  1  -7.625   1.902   4.791   0.059   0.228   0.000 +1T10BM000t
