   confID        vdw0    sas     sum
LYS01A0053_001   0.552 -12.518 -11.965
LYS01A0053_002   0.537 -12.520 -11.984
LYS01A0053_003   2.887 -12.014  -9.128
LYS01A0053_004   2.407 -12.165  -9.758
LYS01A0053_005   4.837 -12.240  -7.404
LYS01A0053_006   2.214 -12.485 -10.271
LYS01A0053_007   4.796 -12.653  -7.857
LYS01A0053_008   4.571 -11.917  -7.346
LYS01A0053_009   3.046 -12.078  -9.032
LYS01A0053_010   2.362 -12.274  -9.913
LYS01A0053_011   1.154 -12.180 -11.026
LYS01A0053_012   1.408 -12.656 -11.248
LYS01A0053_013   2.281 -12.353 -10.073
LYS01A0053_014   1.188 -12.422 -11.234
LYS01A0053_015   0.988 -13.062 -12.073
LYS01A0053_016   1.667 -12.219 -10.551
LYS01A0053_017   1.787 -12.068 -10.281
LYS01A0053_018   2.196 -12.478 -10.281
LYS01A0053_019   2.645 -12.055  -9.410
LYS01A0053_020   4.670 -12.120  -7.450
LYS+1A0053_021   0.507 -12.518 -12.010
LYS+1A0053_022   0.491 -12.572 -12.081
LYS+1A0053_023   1.362 -12.695 -11.333
LYS+1A0053_024   0.935 -13.007 -12.072
LYS+1A0053_025   1.611 -12.219 -10.607
LYS+1A0053_026   1.723 -12.068 -10.345
LYS+1A0053_027   2.291 -12.310 -10.019
LYS+1A0053_028   4.769 -12.240  -7.472
LYS+1A0053_029   2.146 -12.513 -10.367
LYS+1A0053_030   2.168 -12.485 -10.317
LYS+1A0053_031   2.574 -12.055  -9.481
LYS+1A0053_032   4.741 -12.653  -7.912
LYS+1A0053_033   4.475 -11.917  -7.443
LYS+1A0053_034   2.951 -12.014  -9.064
LYS+1A0053_035   2.317 -12.274  -9.957
LYS+1A0053_036   1.113 -12.231 -11.118
LYS+1A0053_037   2.266 -12.353 -10.087
LYS+1A0053_038   1.109 -12.422 -11.313
LYS+1A0053_039   2.800 -11.899  -9.099
LYS+1A0053_040   4.563 -12.188  -7.625
