CONFORMER         crg  vdw0  vdw1  tors  epol  self   occ  Hb     history    ASA
GLN01A0204_001  0.000 -4.53  0.90  1.46  0.00 -2.17 0.512  00  01O000M000  1.023
GLN01A0204_002  0.000 -4.55  0.23  1.28  0.00 -3.04 0.513  00  01E003M000  1.024
GLN01A0204_003  0.000 -4.07  0.23  3.52  0.00 -0.32 0.511  00  01E004M000  1.008
GLN01A0204_004  0.000 -4.30  0.56  3.52  0.00 -0.22 0.512  00  01E006M000  1.075
GLN01A0204_005  0.000 -2.21  0.88  0.41  0.00 -0.92 0.512  00  01E00AM000  1.035
GLN01A0204_006  0.000 -1.82  0.86  0.61  0.00 -0.35 0.516  00  01E00BM000  1.008
GLN01A0204_007  0.000 -2.50  0.19  0.41  0.00 -1.89 0.513  00  01E013M000  1.029
GLN01A0204_008  0.000 -4.00  0.45  3.51  0.00 -0.04 0.512  00  01E018M000  1.000
GLN01A0204_009  0.000 -3.45  0.57  2.72  0.00 -0.16 0.512  00  01E019M000  1.000
GLN01A0204_010  0.000 -4.52  1.08  1.32  0.00 -2.12 0.514  00  01E01BM000  1.018
GLN01A0204_011  0.000 -3.57  0.57  2.70  0.00 -0.30 0.510  00  01E01FM000  1.046
GLN01A0204_012  0.000 -3.93  1.31  0.57  0.00 -2.05 0.513  00  01E024M000  1.015
GLN01A0204_013  0.000 -3.11  0.75  2.71  0.00  0.34 0.513  00  01E026M000  1.008
GLN01A0204_014  0.000 -4.67  1.35  1.33  0.00 -1.98 0.513  00  01T005M000  1.003
GLN01A0204_015  0.000 -4.20  0.59  3.52  0.00 -0.09 0.511  00  01T009M000  1.026
GLN01A0204_016  0.000 -3.71  0.89  0.54  0.00 -2.28 0.512  00  01T00DM000  1.027
GLN01A0204_017  0.000 -2.30  0.65  0.41  0.00 -1.24 0.514  00  01T00EM000  1.021
GLN01A0204_018  0.000 -4.32  0.72  1.28  0.00 -2.31 0.512  00  01T010M000  1.016
GLN01A0204_019  0.000 -3.74  0.23  0.41  0.00 -3.10 0.512  00  01T016M000  1.008
GLN01A0204_020  0.000 -3.56  0.67  2.71  0.00 -0.19 0.514  00  01T022M000  1.027
