iConf CONFORMER     FL  occ    crg   Em0  pKa0 ne nH    vdw0    vdw1    tors    epol   dsolv   extra    history
00001 GLN01A0204_001 f 0.00  0.000     0  0.00  0  0  -4.533   0.897   1.461   0.047  -0.176   0.000 01O000M000t
00002 GLN01A0204_002 f 0.00  0.000     0  0.00  0  0  -4.555   0.230   1.281   0.031  -0.167   0.000 01E003M000t
00003 GLN01A0204_003 f 0.00  0.000     0  0.00  0  0  -4.076   0.231   3.521   0.063  -0.115   0.000 01E004M000t
00004 GLN01A0204_004 f 0.00  0.000     0  0.00  0  0  -4.303   0.558   3.524   0.112  -0.167   0.000 01E006M000t
00005 GLN01A0204_005 f 0.00  0.000     0  0.00  0  0  -2.212   0.875   0.415   0.085   0.083   0.000 01E00AM000t
00006 GLN01A0204_006 f 0.00  0.000     0  0.00  0  0  -1.818   0.863   0.610   0.071  -0.179   0.000 01E00BM000t
00007 GLN01A0204_007 f 0.00  0.000     0  0.00  0  0  -2.494   0.195   0.414   0.052  -0.177   0.000 01E013M000t
00008 GLN01A0204_008 f 0.00  0.000     0  0.00  0  0  -3.997   0.448   3.516   0.421  -0.042   0.000 01E018M000t
00009 GLN01A0204_009 f 0.00  0.000     0  0.00  0  0  -3.457   0.568   2.723  -0.004  -0.037   0.000 01E019M000t
00010 GLN01A0204_010 f 0.00  0.000     0  0.00  0  0  -4.551   1.082   1.315   0.016  -0.055   0.000 01E01BM000t
00011 GLN01A0204_011 f 0.00  0.000     0  0.00  0  0  -3.571   0.575   2.695   0.089  -0.305   0.000 01E01FM000t
00012 GLN01A0204_012 f 0.00  0.000     0  0.00  0  0  -3.932   1.316   0.575   0.101  -0.098   0.000 01E024M000t
00013 GLN01A0204_013 f 0.00  0.000     0  0.00  0  0  -3.119   0.749   2.707   0.053  -0.167   0.000 01E026M000t
00014 GLN01A0204_014 f 0.00  0.000     0  0.00  0  0  -4.667   1.358   1.332   0.310   0.057   0.000 01T005M000t
00015 GLN01A0204_015 f 0.00  0.000     0  0.00  0  0  -4.205   0.591   3.526   0.061   0.034   0.000 01T009M000t
00016 GLN01A0204_016 f 0.00  0.000     0  0.00  0  0  -3.705   0.886   0.537   0.009  -0.077   0.000 01T00DM000t
00017 GLN01A0204_017 f 0.00  0.000     0  0.00  0  0  -2.302   0.650   0.409   0.099   0.014   0.000 01T00EM000t
00018 GLN01A0204_018 f 0.00  0.000     0  0.00  0  0  -4.317   0.725   1.281   0.074  -0.069   0.000 01T010M000t
00019 GLN01A0204_019 f 0.00  0.000     0  0.00  0  0  -3.774   0.226   0.412   0.045  -0.080   0.000 01T016M000t
00020 GLN01A0204_020 f 0.00  0.000     0  0.00  0  0  -3.555   0.664   2.705   0.005  -0.093   0.000 01T022M000t
