iConf CONFORMER     FL  occ    crg   Em0  pKa0 ne nH    vdw0    vdw1    tors    epol   dsolv   extra    history
00001 LYS01A0018_001 f 0.00  0.000     0  0.00  0  0 -11.942   0.590   0.865  -0.007   0.028   0.000 01O000M000t
00002 LYS01A0018_002 f 0.00  0.000     0  0.00  0  0  -9.542   1.105   1.504  -0.012   0.008   0.000 01E042M000t
00003 LYS01A0018_003 f 0.00  0.000     0  0.00  0  0 -10.399   2.859   4.263   0.016  -0.089   0.000 01E077M000t
00004 LYS01A0018_004 f 0.00  0.000     0  0.00  0  0 -10.596   2.601   6.940  -0.009  -0.037   0.000 01E099M000t
00005 LYS01A0018_005 f 0.00  0.000     0  0.00  0  0 -10.678   2.705   4.314  -0.015  -0.097   0.000 01E0E7M000t
00006 LYS01A0018_006 f 0.00  0.000     0  0.00  0  0 -10.257   2.760   1.512  -0.020  -0.025   0.000 01E0E8M000t
00007 LYS01A0018_007 f 0.00  0.000     0  0.00  0  0 -10.530   1.821   3.724  -0.034  -0.053   0.000 01E0EBM000t
00008 LYS01A0018_008 f 0.00  0.000     0  0.00  0  0 -10.502   1.904   4.298  -0.030   0.035   0.000 01E0F1M000t
00009 LYS01A0018_009 f 0.00  0.000     0  0.00  0  0 -12.046   3.560   3.567  -0.023  -0.103   0.000 01T00EM000t
00010 LYS01A0018_010 f 0.00  0.000     0  0.00  0  0  -9.604   0.352   1.558  -0.019  -0.033   0.000 01T02FM000t
00011 LYS01A0018_011 f 0.00  0.000     0  0.00  0  0 -11.325   3.345   4.203  -0.050  -0.001   0.000 01T048M000t
00012 LYS01A0018_012 f 0.00  0.000     0  0.00  0  0 -10.373   0.763   4.295  -0.011   0.038   0.000 01T068M000t
00013 LYS01A0018_013 f 0.00  0.000     0  0.00  0  0  -9.626   2.783   1.509   0.001   0.064   0.000 01T075M000t
00014 LYS01A0018_014 f 0.00  0.000     0  0.00  0  0 -11.334   1.656   3.750  -0.038  -0.087   0.000 01T084M000t
00015 LYS01A0018_015 f 0.00  0.000     0  0.00  0  0 -10.028   1.145   1.453  -0.020  -0.075   0.000 01T088M000t
00016 LYS01A0018_016 f 0.00  0.000     0  0.00  0  0 -11.407   3.552   6.371  -0.027  -0.010   0.000 01T091M000t
00017 LYS01A0018_017 f 0.00  0.000     0  0.00  0  0  -6.381   0.625   4.924   0.009  -0.194   0.000 01T115M000t
00018 LYS01A0018_018 f 0.00  0.000     0  0.00  0  0  -9.881   1.567   3.813  -0.042  -0.082   0.000 01T11CM000t
00019 LYS01A0018_019 f 0.00  0.000     0  0.00  0  0 -10.019   3.384   4.174  -0.067   0.120   0.000 01T132M000t
00020 LYS01A0018_020 f 0.00  0.000     0  0.00  0  0  -9.595   2.323   6.520   0.247   0.181   0.000 01T13AM000t
00021 LYS+1A0018_021 f 0.00  1.000     0 10.40  0  1 -11.987   0.589   0.865   0.030  -0.173   0.000 +1O000M000t
00022 LYS+1A0018_022 f 0.00  1.000     0 10.40  0  1 -12.095   3.577   3.570   0.133  -0.440   0.000 +1E00EM000t
00023 LYS+1A0018_023 f 0.00  1.000     0 10.40  0  1 -11.379   3.329   4.203   0.249  -0.170   0.000 +1E048M000t
00024 LYS+1A0018_024 f 0.00  1.000     0 10.40  0  1  -9.737   2.809   1.507  -0.064  -0.055   0.000 +1E075M000t
00025 LYS+1A0018_025 f 0.00  1.000     0 10.40  0  1 -10.173   1.143   1.454   0.107  -0.245   0.000 +1E088M000t
00026 LYS+1A0018_026 f 0.00  1.000     0 10.40  0  1 -11.460   3.588   6.371   0.111  -0.189   0.000 +1E091M000t
00027 LYS+1A0018_027 f 0.00  1.000     0 10.40  0  1 -10.595   2.604   6.940   0.074  -0.170   0.000 +1E099M000t
00028 LYS+1A0018_028 f 0.00  1.000     0 10.40  0  1 -10.726   2.708   4.315   0.091  -0.301   0.000 +1E0E7M000t
00029 LYS+1A0018_029 f 0.00  1.000     0 10.40  0  1 -10.312   2.804   1.515   0.083   0.014   0.000 +1E0E8M000t
00030 LYS+1A0018_030 f 0.00  1.000     0 10.40  0  1  -6.471   0.626   4.926  -0.039  -0.139   0.000 +1E115M000t
00031 LYS+1A0018_031 f 0.00  1.000     0 10.40  0  1  -9.951   1.570   3.813   0.175  -0.240   0.000 +1E11CM000t
00032 LYS+1A0018_032 f 0.00  1.000     0 10.40  0  1 -10.057   3.357   4.180   0.116   0.287   0.000 +1E132M000t
00033 LYS+1A0018_033 f 0.00  1.000     0 10.40  0  1  -9.574   2.299   6.522   0.688   0.109   0.000 +1E13AM000t
00034 LYS+1A0018_034 f 0.00  1.000     0 10.40  0  1  -9.645   0.352   1.557   0.053  -0.259   0.000 +1T02FM000t
00035 LYS+1A0018_035 f 0.00  1.000     0 10.40  0  1  -9.549   1.115   1.509   0.071  -0.406   0.000 +1T042M000t
00036 LYS+1A0018_036 f 0.00  1.000     0 10.40  0  1 -10.423   0.762   4.297   0.047  -0.146   0.000 +1T068M000t
00037 LYS+1A0018_037 f 0.00  1.000     0 10.40  0  1 -10.436   2.859   4.263  -0.070  -0.133   0.000 +1T077M000t
00038 LYS+1A0018_038 f 0.00  1.000     0 10.40  0  1 -11.380   1.654   3.753   0.167  -0.273   0.000 +1T084M000t
00039 LYS+1A0018_039 f 0.00  1.000     0 10.40  0  1 -10.527   1.822   3.724   0.169  -0.190   0.000 +1T0EBM000t
00040 LYS+1A0018_040 f 0.00  1.000     0 10.40  0  1 -10.554   1.953   4.304   0.173  -0.201   0.000 +1T0F1M000t
