CONFORMER         crg  vdw0  vdw1  tors  epol  self   occ  Hb     history    ASA
LYS01A0018_001  0.000-11.94  0.59  0.86  0.00-10.49 0.501  00  01O000M000  1.000
LYS01A0018_002  0.000 -9.53  1.10  1.50  0.00 -6.93 0.501  00  01E042M000  1.000
LYS01A0018_003  0.000-10.39  2.86  4.26  0.00 -3.28 0.501  00  01E077M000  1.000
LYS01A0018_004  0.000-10.54  2.61  6.94  0.00 -1.00 0.502  00  01E099M000  1.000
LYS01A0018_005  0.000-10.68  2.70  4.31  0.00 -3.66 0.502  00  01E0E7M000  1.000
LYS01A0018_006  0.000-10.26  2.77  1.51  0.00 -5.98 0.501  00  01E0E8M000  1.000
LYS01A0018_007  0.000-10.53  1.82  3.72  0.00 -4.99 0.502  00  01E0EBM000  1.000
LYS01A0018_008  0.000-10.55  1.90  4.30  0.00 -4.35 0.501  00  01E0F1M000  1.000
LYS01A0018_009  0.000-11.99  3.56  3.57  0.00 -4.86 0.502  00  01T00EM000  1.000
LYS01A0018_010  0.000 -9.60  0.35  1.56  0.00 -7.69 0.501  00  01T02FM000  1.000
LYS01A0018_011  0.000-11.33  3.34  4.20  0.00 -3.78 0.501  00  01T048M000  1.000
LYS01A0018_012  0.000-10.38  0.76  4.29  0.00 -5.32 0.502  00  01T068M000  1.000
LYS01A0018_013  0.000 -9.69  2.79  1.51  0.00 -5.40 0.501  00  01T075M000  1.000
LYS01A0018_014  0.000-11.33  1.66  3.75  0.00 -5.92 0.502  00  01T084M000  1.000
LYS01A0018_015  0.000-10.02  1.15  1.45  0.00 -7.43 0.502  00  01T088M000  1.000
LYS01A0018_016  0.000-11.41  3.56  6.37  0.00 -1.48 0.502  00  01T091M000  1.000
LYS01A0018_017  0.000 -6.39  0.63  4.92  0.00 -0.84 0.502  00  01T115M000  1.000
LYS01A0018_018  0.000 -9.89  1.57  3.81  0.00 -4.50 0.502  00  01T11CM000  1.000
LYS01A0018_019  0.000-10.02  3.39  4.17  0.00 -2.46 0.502  00  01T132M000  1.000
LYS01A0018_020  0.000 -9.60  2.33  6.52  0.00 -0.75 0.502  00  01T13AM000  1.000
LYS+1A0018_021  1.000-11.99  0.59  0.86  0.00-10.53 0.501  00  +1O000M000  1.000
LYS+1A0018_022  1.000-12.09  3.57  3.57  0.00 -4.95 0.502  00  +1E00EM000  1.000
LYS+1A0018_023  1.000-11.38  3.34  4.20  0.00 -3.84 0.501  00  +1E048M000  1.000
LYS+1A0018_024  1.000 -9.74  2.81  1.51  0.00 -5.42 0.501  00  +1E075M000  1.000
LYS+1A0018_025  1.000-10.24  1.14  1.45  0.00 -7.64 0.502  00  +1E088M000  1.000
LYS+1A0018_026  1.000-11.46  3.59  6.37  0.00 -1.50 0.502  00  +1E091M000  1.000
LYS+1A0018_027  1.000-10.60  2.60  6.94  0.00 -1.05 0.502  00  +1E099M000  1.000
LYS+1A0018_028  1.000-10.73  2.71  4.31  0.00 -3.70 0.502  00  +1E0E7M000  1.000
LYS+1A0018_029  1.000-10.28  2.80  1.51  0.00 -5.96 0.501  00  +1E0E8M000  1.000
LYS+1A0018_030  1.000 -6.45  0.63  4.93  0.00 -0.90 0.502  00  +1E115M000  1.000
LYS+1A0018_031  1.000 -9.95  1.57  3.81  0.00 -4.57 0.502  00  +1E11CM000  1.000
LYS+1A0018_032  1.000-10.06  3.36  4.18  0.00 -2.52 0.502  00  +1E132M000  1.000
LYS+1A0018_033  1.000 -9.57  2.30  6.52  0.00 -0.75 0.502  00  +1E13AM000  1.000
LYS+1A0018_034  1.000 -9.65  0.35  1.56  0.00 -7.75 0.501  00  +1T02FM000  1.000
LYS+1A0018_035  1.000 -9.55  1.12  1.51  0.00 -6.92 0.501  00  +1T042M000  1.000
LYS+1A0018_036  1.000-10.43  0.76  4.30  0.00 -5.37 0.502  00  +1T068M000  1.000
LYS+1A0018_037  1.000-10.44  2.86  4.26  0.00 -3.31 0.501  00  +1T077M000  1.000
LYS+1A0018_038  1.000-11.38  1.65  3.75  0.00 -5.98 0.502  00  +1T084M000  1.000
LYS+1A0018_039  1.000-10.52  1.82  3.72  0.00 -4.97 0.502  00  +1T0EBM000  1.000
LYS+1A0018_040  1.000-10.55  1.96  4.30  0.00 -4.29 0.501  00  +1T0F1M000  1.000
