   confID        vdw0    sas     sum
LYS01A0018_001   0.798 -12.739 -11.942
LYS01A0018_002   2.769 -12.311  -9.542
LYS01A0018_003   2.006 -12.405 -10.399
LYS01A0018_004   2.018 -12.614 -10.596
LYS01A0018_005   2.232 -12.910 -10.678
LYS01A0018_006   2.139 -12.396 -10.257
LYS01A0018_007   2.178 -12.708 -10.530
LYS01A0018_008   2.273 -12.775 -10.502
LYS01A0018_009   0.539 -12.585 -12.046
LYS01A0018_010   2.601 -12.205  -9.604
LYS01A0018_011   1.501 -12.827 -11.325
LYS01A0018_012   2.019 -12.392 -10.373
LYS01A0018_013   2.107 -11.733  -9.626
LYS01A0018_014   1.129 -12.463 -11.334
LYS01A0018_015   2.162 -12.190 -10.028
LYS01A0018_016   1.040 -12.447 -11.407
LYS01A0018_017   5.864 -12.244  -6.381
LYS01A0018_018   2.434 -12.315  -9.881
LYS01A0018_019   2.104 -12.123 -10.019
LYS01A0018_020   2.635 -12.230  -9.595
LYS+1A0018_021   0.752 -12.739 -11.987
LYS+1A0018_022   0.490 -12.585 -12.095
LYS+1A0018_023   1.448 -12.827 -11.379
LYS+1A0018_024   2.035 -11.772  -9.737
LYS+1A0018_025   2.085 -12.258 -10.173
LYS+1A0018_026   0.987 -12.447 -11.460
LYS+1A0018_027   1.968 -12.563 -10.595
LYS+1A0018_028   2.184 -12.910 -10.726
LYS+1A0018_029   2.084 -12.396 -10.312
LYS+1A0018_030   5.773 -12.244  -6.471
LYS+1A0018_031   2.364 -12.315  -9.951
LYS+1A0018_032   2.014 -12.072 -10.057
LYS+1A0018_033   2.553 -12.127  -9.574
LYS+1A0018_034   2.560 -12.205  -9.645
LYS+1A0018_035   2.695 -12.244  -9.549
LYS+1A0018_036   1.970 -12.392 -10.423
LYS+1A0018_037   1.969 -12.405 -10.436
LYS+1A0018_038   1.083 -12.463 -11.380
LYS+1A0018_039   2.116 -12.643 -10.527
LYS+1A0018_040   2.221 -12.775 -10.554
