CONFORMER         crg  vdw0  vdw1  tors  epol  self   occ  Hb     history    ASA
ARG01A0171_001  0.000-13.80  1.25  0.62  0.00-11.93 0.502  00  01O000M000  1.000
ARG01A0171_002  0.000-13.20  1.81  3.28  0.00 -8.11 0.501  00  01E010M000  1.000
ARG01A0171_003  0.000-12.44  1.41  3.47  0.00 -7.57 0.502  00  01E018M000  1.000
ARG01A0171_004  0.000-12.66  1.88  3.43  0.00 -7.35 0.501  00  01E056M000  1.000
ARG01A0171_005  0.000-10.92  1.01  1.09  0.00 -8.83 0.502  00  01E076M000  1.000
ARG01A0171_006  0.000-10.43 -0.05  3.86  0.00 -6.62 0.502  00  01E0A6M000  1.000
ARG01A0171_007  0.000-11.99  1.00  0.45  0.00-10.53 0.502  00  01E0B9M000  1.000
ARG01A0171_008  0.000-12.10  1.12  0.45  0.00-10.53 0.501  00  01E0BBM000  1.000
ARG01A0171_009  0.000-11.81  2.15  3.21  0.00 -6.45 0.502  00  01E0F0M000  1.000
ARG01A0171_010  0.000-13.59  5.67  0.79  0.00 -7.13 0.501  00  01T001M000  1.000
ARG01A0171_011  0.000-12.68  6.03  3.24  0.00 -3.42 0.501  00  01T029M000  1.000
ARG01A0171_012  0.000-11.74  2.78  1.01  0.00 -7.95 0.501  00  01T030M000  1.000
ARG01A0171_013  0.000-12.43  1.92  3.92  0.00 -6.59 0.502  00  01T045M000  1.000
ARG01A0171_014  0.000-11.20  1.36  0.67  0.00 -9.17 0.501  00  01T04FM000  1.000
ARG01A0171_015  0.000-10.75  0.98  0.48  0.00 -9.28 0.501  00  01T05DM000  1.000
ARG01A0171_016  0.000-11.96  4.61  3.49  0.00 -3.86 0.501  00  01T09FM000  1.000
ARG01A0171_017  0.000-10.18  0.54  3.81  0.00 -5.83 0.502  00  01T0A4M000  1.000
ARG01A0171_018  0.000-10.82  3.05  0.98  0.00 -6.80 0.502  00  01T0E0M000  1.000
ARG01A0171_019  0.000 -9.36  2.96  0.98  0.00 -5.41 0.501  00  01T0E2M000  1.000
ARG01A0171_020  0.000-10.40  0.34  1.09  0.00 -8.98 0.502  00  01T0F5M000  1.000
ARG02A0171_021  0.000-13.84  1.25  0.62  0.00-11.97 0.502  00  02O000M000  1.000
ARG02A0171_022  0.000-12.73  1.84  3.39  0.00 -7.50 0.501  00  02E056M000  1.000
ARG02A0171_023  0.000-12.22  1.11  0.45  0.00-10.66 0.501  00  02E0BBM000  1.000
ARG02A0171_024  0.000-12.38  1.85  3.85  0.00 -6.68 0.502  00  02E045M000  1.000
ARG02A0171_025  0.000-10.39 -0.01  3.79  0.00 -6.60 0.502  00  02E0A6M000  1.000
ARG02A0171_026  0.000-11.20  1.31  0.64  0.00 -9.26 0.501  00  02T04FM000  1.000
ARG02A0171_027  0.000-11.01  0.97  1.05  0.00 -8.98 0.502  00  02T076M000  1.000
ARG02A0171_028  0.000-10.20  2.77  0.97  0.00 -6.46 0.501  00  02T0E2M000  1.000
ARG02A0171_029  0.000-13.46  1.81  3.23  0.00 -8.42 0.501  00  02T010M000  1.000
ARG02A0171_030  0.000-12.50  1.43  3.38  0.00 -7.70 0.502  00  02T018M000  1.000
ARG02A0171_031  0.000-12.54  6.05  3.24  0.00 -3.25 0.501  00  02T029M000  1.000
ARG02A0171_032  0.000-13.67  6.80  0.69  0.00 -6.18 0.501  00  02T001M000  1.000
ARG02A0171_033  0.000-11.99  2.81  0.97  0.00 -8.21 0.501  00  02T030M000  1.000
ARG02A0171_034  0.000-10.91  1.05  0.47  0.00 -9.39 0.501  00  02T05DM000  1.000
ARG02A0171_035  0.000-11.95  4.61  3.48  0.00 -3.86 0.501  00  02T09FM000  1.000
ARG02A0171_036  0.000-10.16  0.49  3.81  0.00 -5.86 0.502  00  02T0A4M000  1.000
ARG02A0171_037  0.000-12.02  1.00  0.44  0.00-10.58 0.502  00  02T0B9M000  1.000
ARG02A0171_038  0.000-10.81  3.04  0.98  0.00 -6.79 0.502  00  02T0E0M000  1.000
ARG02A0171_039  0.000-11.99  2.28  3.13  0.00 -6.58 0.502  00  02T0F0M000  1.000
ARG02A0171_040  0.000-10.41  0.33  1.08  0.00 -9.00 0.502  00  02T0F5M000  1.000
ARG03A0171_041  0.000-13.53  1.81  3.23  0.00 -8.49 0.501  00  03E010M000  1.000
ARG03A0171_042  0.000-10.70  1.28  0.64  0.00 -8.79 0.501  00  03E04FM000  1.000
ARG03A0171_043  0.000-10.44 -0.02  3.79  0.00 -6.67 0.502  00  03E0A6M000  1.000
ARG03A0171_044  0.000-13.84  1.25  0.62  0.00-11.97 0.502  00  03O000M000  1.000
ARG03A0171_045  0.000-12.72  6.04  3.24  0.00 -3.44 0.501  00  03E029M000  1.000
ARG03A0171_046  0.000-12.04  4.67  3.48  0.00 -3.89 0.501  00  03E09FM000  1.000
ARG03A0171_047  0.000-12.14  1.00  0.44  0.00-10.70 0.502  00  03E0B9M000  1.000
ARG03A0171_048  0.000-12.62  1.43  3.38  0.00 -7.82 0.502  00  03T018M000  1.000
ARG03A0171_049  0.000-13.67  6.75  0.69  0.00 -6.23 0.501  00  03T001M000  1.000
ARG03A0171_050  0.000-12.74  1.84  3.40  0.00 -7.50 0.501  00  03T056M000  1.000
ARG03A0171_051  0.000-10.60  0.94  1.04  0.00 -8.62 0.502  00  03T076M000  1.000
ARG03A0171_052  0.000-11.99  2.82  0.98  0.00 -8.20 0.501  00  03T030M000  1.000
ARG03A0171_053  0.000-12.43  1.86  3.85  0.00 -6.72 0.502  00  03T045M000  1.000
ARG03A0171_054  0.000-10.84  1.01  0.47  0.00 -9.36 0.501  00  03T05DM000  1.000
ARG03A0171_055  0.000-10.92  3.04  0.98  0.00 -6.91 0.502  00  03T0E0M000  1.000
ARG03A0171_056  0.000 -8.88  2.99  0.97  0.00 -4.92 0.501  00  03T0E2M000  1.000
ARG03A0171_057  0.000-10.07  0.34  1.08  0.00 -8.66 0.502  00  03T0F5M000  1.000
ARG03A0171_058  0.000-10.20  0.50  3.81  0.00 -5.90 0.502  00  03T0A4M000  1.000
ARG03A0171_059  0.000-12.10  1.12  0.45  0.00-10.54 0.501  00  03T0BBM000  1.000
ARG03A0171_060  0.000-11.97  2.28  3.13  0.00 -6.56 0.502  00  03T0F0M000  1.000
ARG+1A0171_061  1.000-13.89  1.25  0.62  0.00-12.02 0.502  00  +1O000M000  1.000
ARG+1A0171_062  1.000-13.66  6.84  0.69  0.00 -6.13 0.501  00  +1E001M000  1.000
ARG+1A0171_063  1.000-13.63  1.81  3.23  0.00 -8.59 0.501  00  +1E010M000  1.000
ARG+1A0171_064  1.000-10.66  1.28  0.64  0.00 -8.74 0.501  00  +1E04FM000  1.000
ARG+1A0171_065  1.000-12.78  1.84  3.40  0.00 -7.54 0.501  00  +1E056M000  1.000
ARG+1A0171_066  1.000-12.05  4.57  3.49  0.00 -3.99 0.501  00  +1E09FM000  1.000
ARG+1A0171_067  1.000-10.26  0.49  3.81  0.00 -5.95 0.502  00  +1E0A4M000  1.000
ARG+1A0171_068  1.000-12.26  1.12  0.45  0.00-10.70 0.501  00  +1E0BBM000  1.000
ARG+1A0171_069  1.000-10.91  3.04  0.98  0.00 -6.89 0.502  00  +1E0E0M000  1.000
ARG+1A0171_070  1.000-12.60  1.42  3.38  0.00 -7.80 0.502  00  +1T018M000  1.000
ARG+1A0171_071  1.000-12.76  6.06  3.24  0.00 -3.47 0.501  00  +1T029M000  1.000
ARG+1A0171_072  1.000-12.11  2.81  0.98  0.00 -8.32 0.501  00  +1T030M000  1.000
ARG+1A0171_073  1.000-12.47  1.85  3.85  0.00 -6.77 0.502  00  +1T045M000  1.000
ARG+1A0171_074  1.000-10.75  1.01  0.47  0.00 -9.26 0.501  00  +1T05DM000  1.000
ARG+1A0171_075  1.000-10.58  0.93  1.04  0.00 -8.61 0.502  00  +1T076M000  1.000
ARG+1A0171_076  1.000-10.47 -0.02  3.79  0.00 -6.70 0.502  00  +1T0A6M000  1.000
ARG+1A0171_077  1.000-12.11  1.00  0.44  0.00-10.68 0.502  00  +1T0B9M000  1.000
ARG+1A0171_078  1.000 -8.91  2.93  0.97  0.00 -5.01 0.501  00  +1T0E2M000  1.000
ARG+1A0171_079  1.000-12.13  2.28  3.14  0.00 -6.72 0.502  00  +1T0F0M000  1.000
ARG+1A0171_080  1.000-10.07  0.32  1.08  0.00 -8.67 0.502  00  +1T0F5M000  1.000
