iConf CONFORMER     FL  occ    crg   Em0  pKa0 ne nH    vdw0    vdw1    tors    epol   dsolv   extra    history
00001 ARG01A0171_001 f 0.00  0.000     0  0.00  0  0 -13.805   1.249   0.623   0.073  -0.269   0.000 01O000M000t
00002 ARG01A0171_002 f 0.00  0.000     0  0.00  0  0 -13.204   1.815   3.276   0.016  -0.101   0.000 01E010M000t
00003 ARG01A0171_003 f 0.00  0.000     0  0.00  0  0 -12.440   1.408   3.467   0.000  -0.247   0.000 01E018M000t
00004 ARG01A0171_004 f 0.00  0.000     0  0.00  0  0 -12.654   1.872   3.428   0.109  -0.273   0.000 01E056M000t
00005 ARG01A0171_005 f 0.00  0.000     0  0.00  0  0 -10.926   1.010   1.084   0.150  -0.104   0.000 01E076M000t
00006 ARG01A0171_006 f 0.00  0.000     0  0.00  0  0 -10.424  -0.046   3.859  -0.234   0.149   0.000 01E0A6M000t
00007 ARG01A0171_007 f 0.00  0.000     0  0.00  0  0 -11.987   0.997   0.455  -0.018  -0.083   0.000 01E0B9M000t
00008 ARG01A0171_008 f 0.00  0.000     0  0.00  0  0 -12.103   1.119   0.448   0.002  -0.264   0.000 01E0BBM000t
00009 ARG01A0171_009 f 0.00  0.000     0  0.00  0  0 -11.814   2.156   3.206   0.183   0.003   0.000 01E0F0M000t
00010 ARG01A0171_010 f 0.00  0.000     0  0.00  0  0 -13.592   5.655   0.787   0.112  -0.057   0.000 01T001M000t
00011 ARG01A0171_011 f 0.00  0.000     0  0.00  0  0 -12.677   6.029   3.236  -0.028  -0.072   0.000 01T029M000t
00012 ARG01A0171_012 f 0.00  0.000     0  0.00  0  0 -11.745   2.787   1.011  -0.019  -0.202   0.000 01T030M000t
00013 ARG01A0171_013 f 0.00  0.000     0  0.00  0  0 -12.367   1.924   3.921  -0.107   0.152   0.000 01T045M000t
00014 ARG01A0171_014 f 0.00  0.000     0  0.00  0  0 -11.203   1.360   0.667   0.062  -0.226   0.000 01T04FM000t
00015 ARG01A0171_015 f 0.00  0.000     0  0.00  0  0 -10.745   0.985   0.480   0.019  -0.014   0.000 01T05DM000t
00016 ARG01A0171_016 f 0.00  0.000     0  0.00  0  0 -11.958   4.608   3.488  -0.872   0.592   0.000 01T09FM000t
00017 ARG01A0171_017 f 0.00  0.000     0  0.00  0  0 -10.178   0.536   3.811  -0.116  -0.268   0.000 01T0A4M000t
00018 ARG01A0171_018 f 0.00  0.000     0  0.00  0  0 -10.821   3.050   0.977  -0.017  -0.158   0.000 01T0E0M000t
00019 ARG01A0171_019 f 0.00  0.000     0  0.00  0  0  -9.399   2.955   0.986  -0.077   0.279   0.000 01T0E2M000t
00020 ARG01A0171_020 f 0.00  0.000     0  0.00  0  0 -10.405   0.340   1.087  -0.150   0.186   0.000 01T0F5M000t
00021 ARG02A0171_021 f 0.00  0.000     0  0.00  0  0 -13.843   1.246   0.623   0.077   0.839   0.000 02O000M000t
00022 ARG02A0171_022 f 0.00  0.000     0  0.00  0  0 -12.739   1.842   3.395   0.115   0.982   0.000 02E056M000t
00023 ARG02A0171_023 f 0.00  0.000     0  0.00  0  0 -12.216   1.111   0.446   0.008   1.033   0.000 02E0BBM000t
00024 ARG02A0171_024 f 0.00  0.000     0  0.00  0  0 -12.376   1.848   3.848   0.155   0.677   0.000 02E045M000t
00025 ARG02A0171_025 f 0.00  0.000     0  0.00  0  0 -10.391  -0.007   3.788  -0.276   1.061   0.000 02E0A6M000t
00026 ARG02A0171_026 f 0.00  0.000     0  0.00  0  0 -11.203   1.312   0.636   0.070   1.200   0.000 02T04FM000t
00027 ARG02A0171_027 f 0.00  0.000     0  0.00  0  0 -11.000   0.977   1.048   0.115   0.764   0.000 02T076M000t
00028 ARG02A0171_028 f 0.00  0.000     0  0.00  0  0 -10.253   2.775   0.972  -0.044   1.599   0.000 02T0E2M000t
00029 ARG02A0171_029 f 0.00  0.000     0  0.00  0  0 -13.394   1.814   3.231   0.032   0.752   0.000 02T010M000t
00030 ARG02A0171_030 f 0.00  0.000     0  0.00  0  0 -12.498   1.425   3.378  -0.034   0.614   0.000 02T018M000t
00031 ARG02A0171_031 f 0.00  0.000     0  0.00  0  0 -12.536   6.050   3.237   0.015   0.557   0.000 02T029M000t
00032 ARG02A0171_032 f 0.00  0.000     0  0.00  0  0 -13.669   6.779   0.688   0.181   0.574   0.000 02T001M000t
00033 ARG02A0171_033 f 0.00  0.000     0  0.00  0  0 -11.994   2.803   0.974   0.059   0.789   0.000 02T030M000t
00034 ARG02A0171_034 f 0.00  0.000     0  0.00  0  0 -10.916   1.050   0.469  -0.001   0.825   0.000 02T05DM000t
00035 ARG02A0171_035 f 0.00  0.000     0  0.00  0  0 -11.946   4.612   3.484  -0.961   1.308   0.000 02T09FM000t
00036 ARG02A0171_036 f 0.00  0.000     0  0.00  0  0 -10.164   0.493   3.813   0.111   0.831   0.000 02T0A4M000t
00037 ARG02A0171_037 f 0.00  0.000     0  0.00  0  0 -12.021   1.003   0.436   0.008   0.752   0.000 02T0B9M000t
00038 ARG02A0171_038 f 0.00  0.000     0  0.00  0  0 -10.811   3.047   0.977  -0.046   0.625   0.000 02T0E0M000t
00039 ARG02A0171_039 f 0.00  0.000     0  0.00  0  0 -11.985   2.280   3.133   0.151   0.737   0.000 02T0F0M000t
00040 ARG02A0171_040 f 0.00  0.000     0  0.00  0  0 -10.411   0.328   1.077  -0.254   1.287   0.000 02T0F5M000t
00041 ARG03A0171_041 f 0.00  0.000     0  0.00  0  0 -13.528   1.810   3.232   0.031   0.953   0.000 03E010M000t
00042 ARG03A0171_042 f 0.00  0.000     0  0.00  0  0 -10.704   1.281   0.637   0.070   1.025   0.000 03E04FM000t
00043 ARG03A0171_043 f 0.00  0.000     0  0.00  0  0 -10.446  -0.018   3.794  -0.251   1.126   0.000 03E0A6M000t
00044 ARG03A0171_044 f 0.00  0.000     0  0.00  0  0 -13.844   1.246   0.623   0.073   0.610   0.000 03O000M000t
00045 ARG03A0171_045 f 0.00  0.000     0  0.00  0  0 -12.713   6.036   3.237  -0.002   0.763   0.000 03E029M000t
00046 ARG03A0171_046 f 0.00  0.000     0  0.00  0  0 -12.039   4.666   3.482  -0.903   1.482   0.000 03E09FM000t
00047 ARG03A0171_047 f 0.00  0.000     0  0.00  0  0 -12.135   0.996   0.439  -0.013   0.926   0.000 03E0B9M000t
00048 ARG03A0171_048 f 0.00  0.000     0  0.00  0  0 -12.676   1.433   3.376  -0.000   0.981   0.000 03T018M000t
00049 ARG03A0171_049 f 0.00  0.000     0  0.00  0  0 -13.666   6.738   0.690   0.141   0.923   0.000 03T001M000t
00050 ARG03A0171_050 f 0.00  0.000     0  0.00  0  0 -12.740   1.838   3.395   0.118   0.989   0.000 03T056M000t
00051 ARG03A0171_051 f 0.00  0.000     0  0.00  0  0 -10.589   0.944   1.044   0.121   0.692   0.000 03T076M000t
00052 ARG03A0171_052 f 0.00  0.000     0  0.00  0  0 -11.999   2.823   0.976   0.033   0.663   0.000 03T030M000t
00053 ARG03A0171_053 f 0.00  0.000     0  0.00  0  0 -12.429   1.862   3.849   0.095   0.751   0.000 03T045M000t
00054 ARG03A0171_054 f 0.00  0.000     0  0.00  0  0 -10.850   1.014   0.470   0.022   0.780   0.000 03T05DM000t
00055 ARG03A0171_055 f 0.00  0.000     0  0.00  0  0 -10.929   3.047   0.975  -0.029   0.978   0.000 03T0E0M000t
00056 ARG03A0171_056 f 0.00  0.000     0  0.00  0  0  -8.881   2.993   0.969  -0.079   1.218   0.000 03T0E2M000t
00057 ARG03A0171_057 f 0.00  0.000     0  0.00  0  0 -10.054   0.336   1.080  -0.171   1.270   0.000 03T0F5M000t
00058 ARG03A0171_058 f 0.00  0.000     0  0.00  0  0 -10.193   0.495   3.810   0.113   0.833   0.000 03T0A4M000t
00059 ARG03A0171_059 f 0.00  0.000     0  0.00  0  0 -12.099   1.116   0.447   0.009   0.792   0.000 03T0BBM000t
00060 ARG03A0171_060 f 0.00  0.000     0  0.00  0  0 -12.014   2.281   3.132   0.181   0.513   0.000 03T0F0M000t
00061 ARG+1A0171_061 f 0.00  1.000     0 12.50  0  1 -13.887   1.246   0.623   0.204  -0.101   0.000 +1O000M000t
00062 ARG+1A0171_062 f 0.00  1.000     0 12.50  0  1 -13.665   6.832   0.688   0.295  -0.053   0.000 +1E001M000t
00063 ARG+1A0171_063 f 0.00  1.000     0 12.50  0  1 -13.629   1.812   3.232   0.109  -0.094   0.000 +1E010M000t
00064 ARG+1A0171_064 f 0.00  1.000     0 12.50  0  1 -10.658   1.282   0.639   0.195  -0.144   0.000 +1E04FM000t
00065 ARG+1A0171_065 f 0.00  1.000     0 12.50  0  1 -12.706   1.840   3.398   0.273  -0.216   0.000 +1E056M000t
00066 ARG+1A0171_066 f 0.00  1.000     0 12.50  0  1 -12.040   4.558   3.488   0.228   0.057   0.000 +1E09FM000t
00067 ARG+1A0171_067 f 0.00  1.000     0 12.50  0  1 -10.257   0.496   3.812   0.413  -0.335   0.000 +1E0A4M000t
00068 ARG+1A0171_068 f 0.00  1.000     0 12.50  0  1 -12.264   1.115   0.447   0.094  -0.229   0.000 +1E0BBM000t
00069 ARG+1A0171_069 f 0.00  1.000     0 12.50  0  1 -10.910   3.040   0.977   0.029  -0.512   0.000 +1E0E0M000t
00070 ARG+1A0171_070 f 0.00  1.000     0 12.50  0  1 -12.603   1.424   3.379   0.314   0.091   0.000 +1T018M000t
00071 ARG+1A0171_071 f 0.00  1.000     0 12.50  0  1 -12.762   6.061   3.237   0.067  -0.010   0.000 +1T029M000t
00072 ARG+1A0171_072 f 0.00  1.000     0 12.50  0  1 -12.109   2.818   0.976   0.063  -0.096   0.000 +1T030M000t
00073 ARG+1A0171_073 f 0.00  1.000     0 12.50  0  1 -12.474   1.854   3.849   0.496   0.171   0.000 +1T045M000t
00074 ARG+1A0171_074 f 0.00  1.000     0 12.50  0  1 -10.738   1.010   0.471   0.094  -0.220   0.000 +1T05DM000t
00075 ARG+1A0171_075 f 0.00  1.000     0 12.50  0  1 -10.583   0.936   1.045   0.289  -0.020   0.000 +1T076M000t
00076 ARG+1A0171_076 f 0.00  1.000     0 12.50  0  1 -10.477  -0.019   3.794   0.084  -0.040   0.000 +1T0A6M000t
00077 ARG+1A0171_077 f 0.00  1.000     0 12.50  0  1 -12.119   0.998   0.438   0.076  -0.109   0.000 +1T0B9M000t
00078 ARG+1A0171_078 f 0.00  1.000     0 12.50  0  1  -8.904   2.928   0.970  -0.038  -0.011   0.000 +1T0E2M000t
00079 ARG+1A0171_079 f 0.00  1.000     0 12.50  0  1 -12.133   2.276   3.135   0.398  -0.102   0.000 +1T0F0M000t
00080 ARG+1A0171_080 f 0.00  1.000     0 12.50  0  1 -10.069   0.326   1.077   0.248  -0.020   0.000 +1T0F5M000t
