   confID        vdw0    sas     sum
ARG01A0171_001   0.959 -14.763 -13.805
ARG01A0171_002   1.462 -14.764 -13.302
ARG01A0171_003   1.713 -14.609 -12.895
ARG01A0171_004   3.129 -14.699 -11.571
ARG01A0171_005   2.005 -14.147 -12.142
ARG01A0171_006   2.754 -14.515 -11.761
ARG01A0171_007   4.151 -14.428 -10.277
ARG01A0171_008   4.166 -14.346 -10.180
ARG01A0171_009   3.006 -13.971 -10.965
ARG01A0171_010   3.083 -14.136 -11.053
ARG01A0171_011   1.103 -15.022 -13.919
ARG01A0171_012   1.927 -14.944 -13.017
ARG01A0171_013   4.182 -14.360 -10.178
ARG01A0171_014   3.004 -13.825 -10.821
ARG01A0171_015   2.989 -13.974 -10.985
ARG01A0171_016   4.053 -14.183 -10.130
ARG01A0171_017   3.771 -13.777 -10.006
ARG01A0171_018   3.981 -14.404 -10.423
ARG01A0171_019   2.830 -14.524 -11.694
ARG01A0171_020   2.860 -13.602 -10.742
ARG02A0171_021   3.180 -14.661 -11.481
ARG02A0171_022   4.149 -14.360 -10.211
ARG02A0171_023   0.979 -14.763 -13.784
ARG02A0171_024   1.110 -14.794 -13.684
ARG02A0171_025   3.705 -13.761 -10.056
ARG02A0171_026   2.846 -14.412 -11.565
ARG02A0171_027   1.915 -14.876 -12.961
ARG02A0171_028   2.724 -14.573 -11.850
ARG02A0171_029   4.140 -14.492 -10.352
ARG02A0171_030   3.063 -14.007 -10.945
ARG02A0171_031   1.468 -14.880 -13.412
ARG02A0171_032   1.764 -14.789 -13.025
ARG02A0171_033   2.131 -14.047 -11.916
ARG02A0171_034   4.293 -14.080  -9.786
ARG02A0171_035   4.177 -14.298 -10.121
ARG02A0171_036   3.015 -13.825 -10.811
ARG02A0171_037   3.033 -13.846 -10.812
ARG02A0171_038   3.023 -13.971 -10.948
ARG02A0171_039   4.106 -14.472 -10.366
ARG02A0171_040   2.994 -13.669 -10.675
ARG03A0171_041   0.915 -14.763 -13.848
ARG03A0171_042   3.936 -13.777  -9.841
ARG03A0171_043   2.284 -14.240 -11.956
ARG03A0171_044   2.959 -13.907 -10.948
ARG03A0171_045   4.050 -14.472 -10.422
ARG03A0171_046   1.402 -14.832 -13.430
ARG03A0171_047   1.044 -14.906 -13.862
ARG03A0171_048   1.705 -14.793 -13.087
ARG03A0171_049   1.912 -14.876 -12.964
ARG03A0171_050   4.166 -14.296 -10.130
ARG03A0171_051   4.125 -14.298 -10.173
ARG03A0171_052   2.960 -13.889 -10.929
ARG03A0171_053   4.436 -14.022  -9.586
ARG03A0171_054   3.065 -14.007 -10.942
ARG03A0171_055   3.129 -13.550 -10.421
ARG03A0171_056   3.186 -14.661 -11.475
ARG03A0171_057   2.731 -14.570 -11.839
ARG03A0171_058   4.329 -14.364 -10.035
ARG03A0171_059   3.001 -13.910 -10.909
ARG03A0171_060   2.808 -14.408 -11.600
ARG+1A0171_061   0.876 -14.763 -13.887
ARG+1A0171_062   1.358 -14.768 -13.410
ARG+1A0171_063   3.129 -14.661 -11.532
ARG+1A0171_064   1.862 -14.876 -13.014
ARG+1A0171_065   2.686 -14.506 -11.820
ARG+1A0171_066   4.103 -14.360 -10.257
ARG+1A0171_067   4.299 -14.347 -10.048
ARG+1A0171_068   4.334 -14.022  -9.688
ARG+1A0171_069   3.875 -13.905 -10.031
ARG+1A0171_070   2.922 -13.971 -11.049
ARG+1A0171_071   3.013 -14.007 -10.994
ARG+1A0171_072   4.015 -14.472 -10.457
ARG+1A0171_073   2.772 -14.412 -11.640
ARG+1A0171_074   3.060 -13.570 -10.510
ARG+1A0171_075   1.003 -14.842 -13.838
ARG+1A0171_076   1.660 -14.725 -13.065
ARG+1A0171_077   2.271 -14.240 -11.969
ARG+1A0171_078   4.091 -14.298 -10.207
ARG+1A0171_079   2.922 -13.825 -10.903
ARG+1A0171_080   2.953 -13.846 -10.893
