iConf CONFORMER     FL  occ    crg   Em0  pKa0 ne nH    vdw0    vdw1    tors    epol   dsolv   extra    history
00001 ARG01A0222_001 f 0.00  0.000     0  0.00  0  0 -13.873   3.463   0.502   0.003  -0.044   0.000 01O000M000t
00002 ARG01A0222_002 f 0.00  0.000     0  0.00  0  0 -13.224   3.959   1.209   0.020  -0.360   0.000 01E005M000t
00003 ARG01A0222_003 f 0.00  0.000     0  0.00  0  0 -13.311   4.257   3.660  -0.082   0.192   0.000 01E021M000t
00004 ARG01A0222_004 f 0.00  0.000     0  0.00  0  0 -13.373   4.894   0.497  -0.013  -0.160   0.000 01E038M000t
00005 ARG01A0222_005 f 0.00  0.000     0  0.00  0  0 -13.603   4.174   3.032  -0.006  -0.567   0.000 01E03AM000t
00006 ARG01A0222_006 f 0.00  0.000     0  0.00  0  0 -13.871   4.801   0.594   0.097  -0.297   0.000 01E040M000t
00007 ARG01A0222_007 f 0.00  0.000     0  0.00  0  0 -13.607  11.403   0.731   0.066  -0.176   0.000 01E04BM000t
00008 ARG01A0222_008 f 0.00  0.000     0  0.00  0  0 -12.731   5.165   1.111  -0.023  -0.075   0.000 01E04DM000t
00009 ARG01A0222_009 f 0.00  0.000     0  0.00  0  0 -11.193   5.297   3.858   0.030  -0.141   0.000 01E09CM000t
00010 ARG01A0222_010 f 0.00  0.000     0  0.00  0  0 -11.472   5.310   3.834  -0.038  -0.036   0.000 01E0ACM000t
00011 ARG01A0222_011 f 0.00  0.000     0  0.00  0  0 -13.643   5.607   1.126   0.032  -0.049   0.000 01T006M000t
00012 ARG01A0222_012 f 0.00  0.000     0  0.00  0  0 -11.908   4.243   4.081   0.029  -0.339   0.000 01T01BM000t
00013 ARG01A0222_013 f 0.00  0.000     0  0.00  0  0 -13.356   5.794   3.360   0.383   0.082   0.000 01T02EM000t
00014 ARG01A0222_014 f 0.00  0.000     0  0.00  0  0 -12.857   4.010   1.113   0.024  -0.128   0.000 01T043M000t
00015 ARG01A0222_015 f 0.00  0.000     0  0.00  0  0 -13.249   5.166   1.162   0.040   0.117   0.000 01T046M000t
00016 ARG01A0222_016 f 0.00  0.000     0  0.00  0  0 -12.147   4.751   3.044   0.052  -0.087   0.000 01T068M000t
00017 ARG01A0222_017 f 0.00  0.000     0  0.00  0  0  -8.471   4.595   2.938  -0.015   0.020   0.000 01T06DM000t
00018 ARG01A0222_018 f 0.00  0.000     0  0.00  0  0 -12.361   4.448   5.896  -0.000  -0.348   0.000 01T077M000t
00019 ARG01A0222_019 f 0.00  0.000     0  0.00  0  0 -11.647   3.687   3.939  -0.062   0.100   0.000 01T093M000t
00020 ARG01A0222_020 f 0.00  0.000     0  0.00  0  0 -12.586   5.014   5.968   0.027   0.090   0.000 01T0B2M000t
00021 ARG02A0222_021 f 0.00  0.000     0  0.00  0  0 -13.915   3.458   0.502   0.026   0.898   0.000 02O000M000t
00022 ARG02A0222_022 f 0.00  0.000     0  0.00  0  0 -13.562   6.190   3.243   0.134   1.074   0.000 02E02EM000t
00023 ARG02A0222_023 f 0.00  0.000     0  0.00  0  0 -13.384   4.891   0.497   0.002   0.981   0.000 02E038M000t
00024 ARG02A0222_024 f 0.00  0.000     0  0.00  0  0 -13.835   4.885   0.548   0.077   0.952   0.000 02E040M000t
00025 ARG02A0222_025 f 0.00  0.000     0  0.00  0  0 -13.683  11.762   0.610   0.060   0.955   0.000 02E04BM000t
00026 ARG02A0222_026 f 0.00  0.000     0  0.00  0  0 -11.652   3.593   3.766  -0.020   0.540   0.000 02E093M000t
00027 ARG02A0222_027 f 0.00  0.000     0  0.00  0  0 -11.838   4.132   3.822   0.034   0.419   0.000 02E01BM000t
00028 ARG02A0222_028 f 0.00  0.000     0  0.00  0  0 -13.150   3.804   3.247  -0.008   0.797   0.000 02E021M000t
00029 ARG02A0222_029 f 0.00  0.000     0  0.00  0  0 -13.751   5.577   1.126   0.021   1.014   0.000 02T006M000t
00030 ARG02A0222_030 f 0.00  0.000     0  0.00  0  0 -13.008   4.008   1.111   0.043   1.071   0.000 02T043M000t
00031 ARG02A0222_031 f 0.00  0.000     0  0.00  0  0 -11.244   5.388   3.850   0.023   1.012   0.000 02T09CM000t
00032 ARG02A0222_032 f 0.00  0.000     0  0.00  0  0 -12.482   4.477   5.883   0.002   0.778   0.000 02T077M000t
00033 ARG02A0222_033 f 0.00  0.000     0  0.00  0  0 -12.574   5.041   5.964   0.069   0.956   0.000 02T0B2M000t
00034 ARG02A0222_034 f 0.00  0.000     0  0.00  0  0 -13.550   4.195   3.030   0.037   0.799   0.000 02T03AM000t
00035 ARG02A0222_035 f 0.00  0.000     0  0.00  0  0 -12.636   5.225   1.108  -0.001   0.491   0.000 02T04DM000t
00036 ARG02A0222_036 f 0.00  0.000     0  0.00  0  0 -12.035   4.761   3.057   0.007   0.762   0.000 02T068M000t
00037 ARG02A0222_037 f 0.00  0.000     0  0.00  0  0  -8.462   4.598   2.933   0.032   0.750   0.000 02T06DM000t
00038 ARG02A0222_038 f 0.00  0.000     0  0.00  0  0 -13.278   4.024   1.099   0.037   0.453   0.000 02T005M000t
00039 ARG02A0222_039 f 0.00  0.000     0  0.00  0  0 -13.293   5.288   1.132   0.006   0.565   0.000 02T046M000t
00040 ARG02A0222_040 f 0.00  0.000     0  0.00  0  0 -11.416   5.289   3.831  -0.005   0.536   0.000 02T0ACM000t
00041 ARG03A0222_041 f 0.00  0.000     0  0.00  0  0 -13.919   3.458   0.502   0.027   0.833   0.000 03O000M000t
00042 ARG03A0222_042 f 0.00  0.000     0  0.00  0  0 -13.460   4.893   0.496  -0.003   0.852   0.000 03E038M000t
00043 ARG03A0222_043 f 0.00  0.000     0  0.00  0  0 -13.682   5.578   1.126   0.028   0.714   0.000 03E006M000t
00044 ARG03A0222_044 f 0.00  0.000     0  0.00  0  0 -11.933   4.131   3.824   0.034   0.726   0.000 03E01BM000t
00045 ARG03A0222_045 f 0.00  0.000     0  0.00  0  0 -13.488   6.250   3.240   0.185   0.862   0.000 03E02EM000t
00046 ARG03A0222_046 f 0.00  0.000     0  0.00  0  0  -8.527   4.586   2.938  -0.007   1.145   0.000 03E06DM000t
00047 ARG03A0222_047 f 0.00  0.000     0  0.00  0  0 -13.847   4.903   0.549   0.083   0.810   0.000 03T040M000t
00048 ARG03A0222_048 f 0.00  0.000     0  0.00  0  0 -12.469   4.460   5.882   0.002   0.772   0.000 03T077M000t
00049 ARG03A0222_049 f 0.00  0.000     0  0.00  0  0 -11.490   5.306   3.833  -0.030   0.996   0.000 03T0ACM000t
00050 ARG03A0222_050 f 0.00  0.000     0  0.00  0  0 -12.584   5.063   5.963   0.069   1.048   0.000 03T0B2M000t
00051 ARG03A0222_051 f 0.00  0.000     0  0.00  0  0 -12.862   4.007   1.112   0.032   0.739   0.000 03T043M000t
00052 ARG03A0222_052 f 0.00  0.000     0  0.00  0  0 -13.683  11.792   0.611   0.058   0.793   0.000 03T04BM000t
00053 ARG03A0222_053 f 0.00  0.000     0  0.00  0  0 -12.708   5.194   1.109  -0.023   1.061   0.000 03T04DM000t
00054 ARG03A0222_054 f 0.00  0.000     0  0.00  0  0 -12.101   4.750   3.048   0.030   0.757   0.000 03T068M000t
00055 ARG03A0222_055 f 0.00  0.000     0  0.00  0  0 -11.584   3.598   3.771  -0.037   0.556   0.000 03T093M000t
00056 ARG03A0222_056 f 0.00  0.000     0  0.00  0  0 -11.232   5.380   3.852   0.028   0.761   0.000 03T09CM000t
00057 ARG03A0222_057 f 0.00  0.000     0  0.00  0  0 -13.335   4.023   1.099   0.038   0.651   0.000 03T005M000t
00058 ARG03A0222_058 f 0.00  0.000     0  0.00  0  0 -13.206   3.809   3.245  -0.009   0.880   0.000 03T021M000t
00059 ARG03A0222_059 f 0.00  0.000     0  0.00  0  0 -13.618   4.194   3.032   0.001   0.810   0.000 03T03AM000t
00060 ARG03A0222_060 f 0.00  0.000     0  0.00  0  0 -13.357   5.285   1.132   0.037   1.075   0.000 03T046M000t
00061 ARG+1A0222_061 f 0.00  1.000     0 12.50  0  1 -13.958   3.459   0.502   0.082  -0.122   0.000 +1O000M000t
00062 ARG+1A0222_062 f 0.00  1.000     0 12.50  0  1 -13.378   4.023   1.100   0.146  -0.228   0.000 +1E005M000t
00063 ARG+1A0222_063 f 0.00  1.000     0 12.50  0  1 -13.727   5.581   1.128   0.041  -0.121   0.000 +1E006M000t
00064 ARG+1A0222_064 f 0.00  1.000     0 12.50  0  1 -13.726   4.171   3.032   0.015  -0.482   0.000 +1E03AM000t
00065 ARG+1A0222_065 f 0.00  1.000     0 12.50  0  1 -13.883   4.887   0.551   0.261  -0.213   0.000 +1E040M000t
00066 ARG+1A0222_066 f 0.00  1.000     0 12.50  0  1 -13.717  11.804   0.608   0.085  -0.262   0.000 +1E04BM000t
00067 ARG+1A0222_067 f 0.00  1.000     0 12.50  0  1 -12.769   5.200   1.110  -0.044  -0.152   0.000 +1E04DM000t
00068 ARG+1A0222_068 f 0.00  1.000     0 12.50  0  1 -12.210   4.755   3.059  -0.017  -0.193   0.000 +1E068M000t
00069 ARG+1A0222_069 f 0.00  1.000     0 12.50  0  1 -11.694   3.596   3.770   0.181  -0.345   0.000 +1E093M000t
00070 ARG+1A0222_070 f 0.00  1.000     0 12.50  0  1 -11.924   4.129   3.828   0.076  -0.311   0.000 +1T01BM000t
00071 ARG+1A0222_071 f 0.00  1.000     0 12.50  0  1 -13.170   3.812   3.252   0.296  -0.025   0.000 +1T021M000t
00072 ARG+1A0222_072 f 0.00  1.000     0 12.50  0  1 -13.527   6.321   3.234  -0.365   0.315   0.000 +1T02EM000t
00073 ARG+1A0222_073 f 0.00  1.000     0 12.50  0  1 -13.431   4.898   0.497  -0.004  -0.451   0.000 +1T038M000t
00074 ARG+1A0222_074 f 0.00  1.000     0 12.50  0  1 -12.985   4.006   1.113   0.139  -0.207   0.000 +1T043M000t
00075 ARG+1A0222_075 f 0.00  1.000     0 12.50  0  1 -13.399   5.279   1.132   0.055  -0.065   0.000 +1T046M000t
00076 ARG+1A0222_076 f 0.00  1.000     0 12.50  0  1  -8.585   4.589   2.936   0.024  -0.166   0.000 +1T06DM000t
00077 ARG+1A0222_077 f 0.00  1.000     0 12.50  0  1 -12.461   4.476   5.884   0.050  -0.263   0.000 +1T077M000t
00078 ARG+1A0222_078 f 0.00  1.000     0 12.50  0  1 -11.290   5.377   3.851   0.039  -0.253   0.000 +1T09CM000t
00079 ARG+1A0222_079 f 0.00  1.000     0 12.50  0  1 -11.544   5.307   3.836  -0.055  -0.102   0.000 +1T0ACM000t
00080 ARG+1A0222_080 f 0.00  1.000     0 12.50  0  1 -12.622   5.056   5.964   0.223  -0.039   0.000 +1T0B2M000t
