CONFORMER         crg  vdw0  vdw1  tors  epol  self   occ  Hb     history    ASA
ARG01A0222_001  0.000-13.87  3.40  0.50  0.00 -9.97 0.503  00  01O000M000  1.000
ARG01A0222_002  0.000-13.22  3.96  1.21  0.00 -8.05 0.503  00  01E005M000  1.000
ARG01A0222_003  0.000-13.31  4.26  3.67  0.00 -5.39 0.502  00  01E021M000  1.000
ARG01A0222_004  0.000-13.32  4.84  0.50  0.00 -7.98 0.503  00  01E038M000  1.000
ARG01A0222_005  0.000-13.60  4.12  3.03  0.00 -6.44 0.503  00  01E03AM000  1.000
ARG01A0222_006  0.000-13.86  4.79  0.59  0.00 -8.48 0.503  00  01E040M000  1.000
ARG01A0222_007  0.000-13.60 11.38  0.73  0.00 -1.49 0.503  00  01E04BM000  1.000
ARG01A0222_008  0.000-12.73  5.17  1.11  0.00 -6.45 0.503  00  01E04DM000  1.000
ARG01A0222_009  0.000-11.19  5.29  3.86  0.00 -2.04 0.503  00  01E09CM000  1.000
ARG01A0222_010  0.000-11.47  5.30  3.83  0.00 -2.34 0.502  00  01E0ACM000  1.000
ARG01A0222_011  0.000-13.64  5.60  1.13  0.00 -6.92 0.502  00  01T006M000  1.000
ARG01A0222_012  0.000-11.91  4.24  4.08  0.00 -3.59 0.503  00  01T01BM000  1.000
ARG01A0222_013  0.000-13.36  5.80  3.36  0.00 -4.20 0.502  00  01T02EM000  1.000
ARG01A0222_014  0.000-12.86  4.01  1.11  0.00 -7.74 0.503  00  01T043M000  1.000
ARG01A0222_015  0.000-13.25  5.17  1.16  0.00 -6.92 0.502  00  01T046M000  1.000
ARG01A0222_016  0.000-12.14  4.69  3.05  0.00 -4.40 0.504  00  01T068M000  1.000
ARG01A0222_017  0.000 -8.53  4.54  2.94  0.00 -1.06 0.503  00  01T06DM000  1.000
ARG01A0222_018  0.000-12.36  4.39  5.90  0.00 -2.07 0.502  00  01T077M000  1.000
ARG01A0222_019  0.000-11.64  3.68  3.94  0.00 -4.03 0.502  00  01T093M000  1.000
ARG01A0222_020  0.000-12.58  5.01  5.97  0.00 -1.60 0.502  00  01T0B2M000  1.000
ARG02A0222_021  0.000-13.92  3.40  0.50  0.00-10.01 0.503  00  02O000M000  1.000
ARG02A0222_022  0.000-13.56  6.20  3.24  0.00 -4.12 0.502  00  02E02EM000  1.000
ARG02A0222_023  0.000-13.39  4.84  0.50  0.00 -8.05 0.503  00  02E038M000  1.000
ARG02A0222_024  0.000-13.84  4.88  0.55  0.00 -8.41 0.503  00  02E040M000  1.000
ARG02A0222_025  0.000-13.68 11.77  0.61  0.00 -1.30 0.503  00  02E04BM000  1.000
ARG02A0222_026  0.000-11.64  3.59  3.77  0.00 -4.29 0.502  00  02E093M000  1.000
ARG02A0222_027  0.000-11.84  4.13  3.82  0.00 -3.88 0.503  00  02E01BM000  1.000
ARG02A0222_028  0.000-13.15  3.80  3.25  0.00 -6.10 0.502  00  02E021M000  1.000
ARG02A0222_029  0.000-13.75  5.57  1.13  0.00 -7.05 0.502  00  02T006M000  1.000
ARG02A0222_030  0.000-13.00  4.01  1.11  0.00 -7.88 0.503  00  02T043M000  1.000
ARG02A0222_031  0.000-11.25  5.38  3.85  0.00 -2.02 0.503  00  02T09CM000  1.000
ARG02A0222_032  0.000-12.48  4.42  5.88  0.00 -2.18 0.502  00  02T077M000  1.000
ARG02A0222_033  0.000-12.63  5.04  5.96  0.00 -1.62 0.502  00  02T0B2M000  1.000
ARG02A0222_034  0.000-13.55  4.13  3.03  0.00 -6.39 0.503  00  02T03AM000  1.000
ARG02A0222_035  0.000-12.63  5.22  1.11  0.00 -6.30 0.503  00  02T04DM000  1.000
ARG02A0222_036  0.000-12.04  4.70  3.06  0.00 -4.28 0.504  00  02T068M000  1.000
ARG02A0222_037  0.000 -8.54  4.55  2.93  0.00 -1.06 0.503  00  02T06DM000  1.000
ARG02A0222_038  0.000-13.28  4.02  1.10  0.00 -8.16 0.503  00  02T005M000  1.000
ARG02A0222_039  0.000-13.29  5.28  1.13  0.00 -6.87 0.502  00  02T046M000  1.000
ARG02A0222_040  0.000-11.42  5.29  3.83  0.00 -2.30 0.502  00  02T0ACM000  1.000
ARG03A0222_041  0.000-13.92  3.40  0.50  0.00-10.02 0.503  00  03O000M000  1.000
ARG03A0222_042  0.000-13.46  4.84  0.50  0.00 -8.13 0.503  00  03E038M000  1.000
ARG03A0222_043  0.000-13.68  5.57  1.13  0.00 -6.99 0.502  00  03E006M000  1.000
ARG03A0222_044  0.000-11.93  4.13  3.82  0.00 -3.98 0.503  00  03E01BM000  1.000
ARG03A0222_045  0.000-13.49  6.24  3.24  0.00 -4.00 0.502  00  03E02EM000  1.000
ARG03A0222_046  0.000 -8.53  4.53  2.94  0.00 -1.07 0.503  00  03E06DM000  1.000
ARG03A0222_047  0.000-13.85  4.89  0.55  0.00 -8.41 0.503  00  03T040M000  1.000
ARG03A0222_048  0.000-12.47  4.40  5.88  0.00 -2.19 0.502  00  03T077M000  1.000
ARG03A0222_049  0.000-11.50  5.30  3.83  0.00 -2.36 0.502  00  03T0ACM000  1.000
ARG03A0222_050  0.000-12.63  5.05  5.96  0.00 -1.62 0.502  00  03T0B2M000  1.000
ARG03A0222_051  0.000-12.82  4.01  1.11  0.00 -7.70 0.503  00  03T043M000  1.000
ARG03A0222_052  0.000-13.68 11.78  0.61  0.00 -1.29 0.503  00  03T04BM000  1.000
ARG03A0222_053  0.000-12.71  5.19  1.11  0.00 -6.41 0.503  00  03T04DM000  1.000
ARG03A0222_054  0.000-12.17  4.70  3.05  0.00 -4.42 0.504  00  03T068M000  1.000
ARG03A0222_055  0.000-11.58  3.60  3.77  0.00 -4.21 0.502  00  03T093M000  1.000
ARG03A0222_056  0.000-11.30  5.39  3.85  0.00 -2.06 0.503  00  03T09CM000  1.000
ARG03A0222_057  0.000-13.33  4.02  1.10  0.00 -8.21 0.503  00  03T005M000  1.000
ARG03A0222_058  0.000-13.20  3.81  3.25  0.00 -6.15 0.502  00  03T021M000  1.000
ARG03A0222_059  0.000-13.62  4.13  3.03  0.00 -6.46 0.503  00  03T03AM000  1.000
ARG03A0222_060  0.000-13.36  5.28  1.13  0.00 -6.94 0.502  00  03T046M000  1.000
ARG+1A0222_061  1.000-13.96  3.40  0.50  0.00-10.06 0.503  00  +1O000M000  1.000
ARG+1A0222_062  1.000-13.38  4.02  1.10  0.00 -8.26 0.503  00  +1E005M000  1.000
ARG+1A0222_063  1.000-13.73  5.57  1.13  0.00 -7.02 0.502  00  +1E006M000  1.000
ARG+1A0222_064  1.000-13.73  4.12  3.03  0.00 -6.58 0.503  00  +1E03AM000  1.000
ARG+1A0222_065  1.000-13.89  4.88  0.55  0.00 -8.45 0.503  00  +1E040M000  1.000
ARG+1A0222_066  1.000-13.72 11.82  0.61  0.00 -1.29 0.503  00  +1E04BM000  1.000
ARG+1A0222_067  1.000-12.77  5.19  1.11  0.00 -6.47 0.503  00  +1E04DM000  1.000
ARG+1A0222_068  1.000-12.21  4.69  3.06  0.00 -4.46 0.504  00  +1E068M000  1.000
ARG+1A0222_069  1.000-11.69  3.59  3.77  0.00 -4.33 0.502  00  +1E093M000  1.000
ARG+1A0222_070  1.000-11.92  4.13  3.83  0.00 -3.96 0.503  00  +1T01BM000  1.000
ARG+1A0222_071  1.000-13.17  3.81  3.25  0.00 -6.11 0.502  00  +1T021M000  1.000
ARG+1A0222_072  1.000-13.53  6.31  3.23  0.00 -3.98 0.502  00  +1T02EM000  1.000
ARG+1A0222_073  1.000-13.38  4.84  0.50  0.00 -8.04 0.503  00  +1T038M000  1.000
ARG+1A0222_074  1.000-12.92  4.01  1.11  0.00 -7.80 0.503  00  +1T043M000  1.000
ARG+1A0222_075  1.000-13.40  5.27  1.13  0.00 -7.00 0.502  00  +1T046M000  1.000
ARG+1A0222_076  1.000 -8.65  4.53  2.94  0.00 -1.18 0.503  00  +1T06DM000  1.000
ARG+1A0222_077  1.000-12.46  4.41  5.88  0.00 -2.17 0.502  00  +1T077M000  1.000
ARG+1A0222_078  1.000-11.29  5.38  3.85  0.00 -2.06 0.503  00  +1T09CM000  1.000
ARG+1A0222_079  1.000-11.54  5.30  3.83  0.00 -2.40 0.502  00  +1T0ACM000  1.000
ARG+1A0222_080  1.000-12.67  5.04  5.96  0.00 -1.66 0.502  00  +1T0B2M000  1.000
