   confID        vdw0    sas     sum
ARG01A0222_001   0.639 -14.512 -13.873
ARG01A0222_002   1.106 -14.330 -13.224
ARG01A0222_003   1.355 -14.666 -13.311
ARG01A0222_004   0.887 -14.260 -13.373
ARG01A0222_005   0.854 -14.457 -13.603
ARG01A0222_006   0.904 -14.774 -13.871
ARG01A0222_007   0.835 -14.441 -13.607
ARG01A0222_008   1.469 -14.200 -12.731
ARG01A0222_009   2.915 -14.108 -11.193
ARG01A0222_010   2.649 -14.121 -11.472
ARG01A0222_011   1.050 -14.693 -13.643
ARG01A0222_012   2.332 -14.240 -11.908
ARG01A0222_013   1.066 -14.422 -13.356
ARG01A0222_014   1.302 -14.159 -12.857
ARG01A0222_015   1.372 -14.621 -13.249
ARG01A0222_016   1.875 -14.022 -12.147
ARG01A0222_017   4.961 -13.432  -8.471
ARG01A0222_018   1.948 -14.309 -12.361
ARG01A0222_019   2.817 -14.464 -11.647
ARG01A0222_020   1.960 -14.546 -12.586
ARG02A0222_021   0.597 -14.512 -13.915
ARG02A0222_022   0.996 -14.558 -13.562
ARG02A0222_023   0.875 -14.260 -13.384
ARG02A0222_024   0.872 -14.707 -13.835
ARG02A0222_025   0.913 -14.596 -13.683
ARG02A0222_026   2.800 -14.452 -11.652
ARG02A0222_027   2.543 -14.381 -11.838
ARG02A0222_028   1.593 -14.743 -13.150
ARG02A0222_029   1.006 -14.757 -13.751
ARG02A0222_030   1.283 -14.291 -13.008
ARG02A0222_031   2.873 -14.117 -11.244
ARG02A0222_032   1.908 -14.389 -12.482
ARG02A0222_033   1.921 -14.495 -12.574
ARG02A0222_034   0.907 -14.457 -13.550
ARG02A0222_035   1.500 -14.136 -12.636
ARG02A0222_036   1.923 -13.958 -12.035
ARG02A0222_037   4.970 -13.432  -8.462
ARG02A0222_038   1.064 -14.342 -13.278
ARG02A0222_039   1.393 -14.686 -13.293
ARG02A0222_040   2.705 -14.121 -11.416
ARG03A0222_041   0.593 -14.512 -13.919
ARG03A0222_042   0.877 -14.337 -13.460
ARG03A0222_043   1.011 -14.693 -13.682
ARG03A0222_044   2.499 -14.432 -11.933
ARG03A0222_045   1.006 -14.494 -13.488
ARG03A0222_046   4.906 -13.432  -8.527
ARG03A0222_047   0.860 -14.707 -13.847
ARG03A0222_048   1.905 -14.373 -12.469
ARG03A0222_049   2.631 -14.121 -11.490
ARG03A0222_050   1.910 -14.495 -12.584
ARG03A0222_051   1.297 -14.159 -12.862
ARG03A0222_052   0.913 -14.596 -13.683
ARG03A0222_053   1.429 -14.136 -12.708
ARG03A0222_054   1.857 -13.958 -12.101
ARG03A0222_055   2.804 -14.387 -11.584
ARG03A0222_056   2.876 -14.108 -11.232
ARG03A0222_057   1.008 -14.342 -13.335
ARG03A0222_058   1.537 -14.743 -13.206
ARG03A0222_059   0.839 -14.457 -13.618
ARG03A0222_060   1.328 -14.686 -13.357
ARG+1A0222_061   0.554 -14.512 -13.958
ARG+1A0222_062   0.964 -14.342 -13.378
ARG+1A0222_063   0.966 -14.693 -13.727
ARG+1A0222_064   0.795 -14.521 -13.726
ARG+1A0222_065   0.823 -14.707 -13.883
ARG+1A0222_066   0.879 -14.596 -13.717
ARG+1A0222_067   1.367 -14.136 -12.769
ARG+1A0222_068   1.811 -14.022 -12.210
ARG+1A0222_069   2.758 -14.452 -11.694
ARG+1A0222_070   2.457 -14.381 -11.924
ARG+1A0222_071   1.506 -14.675 -13.170
ARG+1A0222_072   0.967 -14.494 -13.527
ARG+1A0222_073   0.829 -14.260 -13.431
ARG+1A0222_074   1.242 -14.226 -12.985
ARG+1A0222_075   1.286 -14.686 -13.399
ARG+1A0222_076   4.847 -13.432  -8.585
ARG+1A0222_077   1.864 -14.325 -12.461
ARG+1A0222_078   2.831 -14.121 -11.290
ARG+1A0222_079   2.577 -14.121 -11.544
ARG+1A0222_080   1.873 -14.495 -12.622
