CONFORMER         crg  vdw0  vdw1  tors  epol  self   occ  Hb     history    ASA
LYS01A0004_001  0.000-11.80  0.18  0.98  0.00-10.64 0.502  00  01O000M000  1.000
LYS01A0004_002  0.000-10.86  0.07  1.00  0.00 -9.79 0.501  00  01E014M000  1.000
LYS01A0004_003  0.000-11.82  2.43  3.80  0.00 -5.58 0.502  00  01E093M000  1.000
LYS01A0004_004  0.000 -6.80  2.33  3.78  0.00 -0.69 0.501  00  01E095M000  1.000
LYS01A0004_005  0.000-11.59  2.44  6.25  0.00 -2.89 0.501  00  01E0A7M000  1.000
LYS01A0004_006  0.000-10.33  0.76  3.78  0.00 -5.79 0.502  00  01E0C6M000  1.000
LYS01A0004_007  0.000-10.31  0.65  6.21  0.00 -3.45 0.501  00  01E0E9M000  1.000
LYS01A0004_008  0.000 -7.51  0.62  2.19  0.00 -4.69 0.502  00  01E10BM000  1.000
LYS01A0004_009  0.000 -9.84  0.25  4.40  0.00 -5.18 0.501  00  01E112M000  1.000
LYS01A0004_010  0.000-10.47  2.18  3.85  0.00 -4.44 0.501  00  01E13AM000  1.000
LYS01A0004_011  0.000-10.11  1.82  4.11  0.00 -4.18 0.501  00  01E161M000  1.000
LYS01A0004_012  0.000-12.07  1.84  3.49  0.00 -6.74 0.501  00  01T010M000  1.000
LYS01A0004_013  0.000 -8.10  3.06  2.20  0.00 -2.85 0.501  00  01T04CM000  1.000
LYS01A0004_014  0.000 -8.11  1.18  4.65  0.00 -2.28 0.501  00  01T050M000  1.000
LYS01A0004_015  0.000-11.38  0.81  6.10  0.00 -4.47 0.501  00  01T075M000  1.000
LYS01A0004_016  0.000-10.39  1.30  1.59  0.00 -7.50 0.501  00  01T08DM000  1.000
LYS01A0004_017  0.000 -9.51  0.69  3.96  0.00 -4.86 0.501  00  01T0E4M000  1.000
LYS01A0004_018  0.000 -9.81  2.20  4.42  0.00 -3.18 0.501  00  01T120M000  1.000
LYS01A0004_019  0.000-10.05  2.25  1.62  0.00 -6.18 0.501  00  01T13EM000  1.000
LYS01A0004_020  0.000 -7.03  1.36  4.62  0.00 -1.04 0.501  00  01T14CM000  1.000
LYS+1A0004_021  1.000-11.84  0.18  0.98  0.00-10.69 0.502  00  +1O000M000  1.000
LYS+1A0004_022  1.000-12.06  1.83  3.49  0.00 -6.74 0.501  00  +1E010M000  1.000
LYS+1A0004_023  1.000-11.50  0.81  6.11  0.00 -4.58 0.501  00  +1E075M000  1.000
LYS+1A0004_024  1.000-10.47  1.30  1.60  0.00 -7.56 0.501  00  +1E08DM000  1.000
LYS+1A0004_025  1.000 -6.88  2.34  3.79  0.00 -0.76 0.501  00  +1E095M000  1.000
LYS+1A0004_026  1.000-11.50  2.48  6.26  0.00 -2.77 0.501  00  +1E0A7M000  1.000
LYS+1A0004_027  1.000 -9.57  0.69  3.97  0.00 -4.90 0.501  00  +1E0E4M000  1.000
LYS+1A0004_028  1.000-10.23  0.64  6.21  0.00 -3.37 0.501  00  +1E0E9M000  1.000
LYS+1A0004_029  1.000 -7.62  0.57  2.20  0.00 -4.86 0.502  00  +1E10BM000  1.000
LYS+1A0004_030  1.000 -9.87  0.25  4.41  0.00 -5.21 0.501  00  +1E112M000  1.000
LYS+1A0004_031  1.000 -9.84  2.21  4.43  0.00 -3.20 0.501  00  +1E120M000  1.000
LYS+1A0004_032  1.000 -7.13  1.36  4.62  0.00 -1.15 0.501  00  +1E14CM000  1.000
LYS+1A0004_033  1.000-10.90  0.07  1.00  0.00 -9.83 0.501  00  +1T014M000  1.000
LYS+1A0004_034  1.000 -8.15  3.08  2.20  0.00 -2.87 0.501  00  +1T04CM000  1.000
LYS+1A0004_035  1.000 -8.18  1.18  4.65  0.00 -2.35 0.501  00  +1T050M000  1.000
LYS+1A0004_036  1.000-11.82  2.45  3.81  0.00 -5.55 0.502  00  +1T093M000  1.000
LYS+1A0004_037  1.000-10.42  0.76  3.78  0.00 -5.88 0.502  00  +1T0C6M000  1.000
LYS+1A0004_038  1.000-10.52  2.21  3.85  0.00 -4.46 0.501  00  +1T13AM000  1.000
LYS+1A0004_039  1.000-10.15  2.27  1.63  0.00 -6.25 0.501  00  +1T13EM000  1.000
LYS+1A0004_040  1.000-10.23  1.81  4.11  0.00 -4.30 0.501  00  +1T161M000  1.000
