iConf CONFORMER     FL  occ    crg   Em0  pKa0 ne nH    vdw0    vdw1    tors    epol   dsolv   extra    history
00001 LYS01A0004_001 f 0.00  0.000     0  0.00  0  0 -11.748   0.282   0.981  -0.008  -0.042   0.000 01O000M000t
00002 LYS01A0004_002 f 0.00  0.000     0  0.00  0  0 -10.866   0.171   1.002  -0.013   0.002   0.000 01E014M000t
00003 LYS01A0004_003 f 0.00  0.000     0  0.00  0  0 -11.752   2.498   3.804   0.001  -0.035   0.000 01E093M000t
00004 LYS01A0004_004 f 0.00  0.000     0  0.00  0  0  -6.789   2.403   3.781  -0.006   0.014   0.000 01E095M000t
00005 LYS01A0004_005 f 0.00  0.000     0  0.00  0  0 -11.585   2.445   6.248  -0.017   0.080   0.000 01E0A7M000t
00006 LYS01A0004_006 f 0.00  0.000     0  0.00  0  0 -10.331   0.815   3.775  -0.028  -0.066   0.000 01E0C6M000t
00007 LYS01A0004_007 f 0.00  0.000     0  0.00  0  0 -10.304   0.697   6.211  -0.012   0.044   0.000 01E0E9M000t
00008 LYS01A0004_008 f 0.00  0.000     0  0.00  0  0  -7.563   0.664   2.194  -0.189   0.198   0.000 01E10BM000t
00009 LYS01A0004_009 f 0.00  0.000     0  0.00  0  0  -9.832   0.299   4.402  -0.015   0.011   0.000 01E112M000t
00010 LYS01A0004_010 f 0.00  0.000     0  0.00  0  0 -10.473   2.251   3.845  -0.028  -0.187   0.000 01E13AM000t
00011 LYS01A0004_011 f 0.00  0.000     0  0.00  0  0 -10.153   1.825   4.110  -0.023   0.082   0.000 01E161M000t
00012 LYS01A0004_012 f 0.00  0.000     0  0.00  0  0 -12.067   1.837   3.487  -0.011  -0.011   0.000 01T010M000t
00013 LYS01A0004_013 f 0.00  0.000     0  0.00  0  0  -8.096   3.117   2.198  -0.008  -0.121   0.000 01T04CM000t
00014 LYS01A0004_014 f 0.00  0.000     0  0.00  0  0  -8.104   1.176   4.649  -0.003   0.006   0.000 01T050M000t
00015 LYS01A0004_015 f 0.00  0.000     0  0.00  0  0 -11.383   0.864   6.104  -0.006   0.048   0.000 01T075M000t
00016 LYS01A0004_016 f 0.00  0.000     0  0.00  0  0 -10.389   1.301   1.593  -0.027   0.006   0.000 01T08DM000t
00017 LYS01A0004_017 f 0.00  0.000     0  0.00  0  0  -9.511   0.745   3.960  -0.014   0.068   0.000 01T0E4M000t
00018 LYS01A0004_018 f 0.00  0.000     0  0.00  0  0  -9.744   2.205   4.421  -0.053   0.021   0.000 01T120M000t
00019 LYS01A0004_019 f 0.00  0.000     0  0.00  0  0 -10.052   2.312   1.623  -0.015   0.061   0.000 01T13EM000t
00020 LYS01A0004_020 f 0.00  0.000     0  0.00  0  0  -7.025   1.362   4.624  -0.016   0.024   0.000 01T14CM000t
00021 LYS+1A0004_021 f 0.00  1.000     0 10.40  0  1 -11.793   0.281   0.981   0.042  -0.206   0.000 +1O000M000t
00022 LYS+1A0004_022 f 0.00  1.000     0 10.40  0  1 -12.058   1.832   3.489  -0.040  -0.652   0.000 +1E010M000t
00023 LYS+1A0004_023 f 0.00  1.000     0 10.40  0  1 -11.550   0.861   6.111   0.040  -0.511   0.000 +1E075M000t
00024 LYS+1A0004_024 f 0.00  1.000     0 10.40  0  1 -10.467   1.306   1.598   0.126   0.021   0.000 +1E08DM000t
00025 LYS+1A0004_025 f 0.00  1.000     0 10.40  0  1  -6.877   2.406   3.787  -0.028  -0.055   0.000 +1E095M000t
00026 LYS+1A0004_026 f 0.00  1.000     0 10.40  0  1 -11.505   2.476   6.259   0.026  -0.233   0.000 +1E0A7M000t
00027 LYS+1A0004_027 f 0.00  1.000     0 10.40  0  1  -9.561   0.744   3.972   0.107   0.078   0.000 +1E0E4M000t
00028 LYS+1A0004_028 f 0.00  1.000     0 10.40  0  1 -10.232   0.697   6.214   0.087  -0.011   0.000 +1E0E9M000t
00029 LYS+1A0004_029 f 0.00  1.000     0 10.40  0  1  -7.668   0.620   2.196   1.199   0.531   0.000 +1E10BM000t
00030 LYS+1A0004_030 f 0.00  1.000     0 10.40  0  1  -9.872   0.297   4.410   0.072  -0.169   0.000 +1E112M000t
00031 LYS+1A0004_031 f 0.00  1.000     0 10.40  0  1  -9.836   2.215   4.426   0.205  -0.146   0.000 +1E120M000t
00032 LYS+1A0004_032 f 0.00  1.000     0 10.40  0  1  -7.126   1.359   4.623   0.074   0.196   0.000 +1E14CM000t
00033 LYS+1A0004_033 f 0.00  1.000     0 10.40  0  1 -10.905   0.168   1.001   0.068  -0.195   0.000 +1T014M000t
00034 LYS+1A0004_034 f 0.00  1.000     0 10.40  0  1  -8.156   3.153   2.201   0.032  -0.368   0.000 +1T04CM000t
00035 LYS+1A0004_035 f 0.00  1.000     0 10.40  0  1  -8.176   1.177   4.651  -0.015  -0.201   0.000 +1T050M000t
00036 LYS+1A0004_036 f 0.00  1.000     0 10.40  0  1 -11.749   2.516   3.813  -0.016  -0.332   0.000 +1T093M000t
00037 LYS+1A0004_037 f 0.00  1.000     0 10.40  0  1 -10.420   0.813   3.783   0.074   0.021   0.000 +1T0C6M000t
00038 LYS+1A0004_038 f 0.00  1.000     0 10.40  0  1 -10.522   2.282   3.849   0.140   0.132   0.000 +1T13AM000t
00039 LYS+1A0004_039 f 0.00  1.000     0 10.40  0  1 -10.211   2.339   1.627   0.078   0.067   0.000 +1T13EM000t
00040 LYS+1A0004_040 f 0.00  1.000     0 10.40  0  1 -10.227   1.810   4.112   0.118   0.199   0.000 +1T161M000t
