   confID        vdw0    sas     sum
LYS01A0004_001   0.554 -12.302 -11.748
LYS01A0004_002   1.575 -12.440 -10.866
LYS01A0004_003   0.917 -12.669 -11.752
LYS01A0004_004   5.045 -11.834  -6.789
LYS01A0004_005   0.926 -12.511 -11.585
LYS01A0004_006   1.936 -12.268 -10.331
LYS01A0004_007   1.880 -12.184 -10.304
LYS01A0004_008   4.980 -12.543  -7.563
LYS01A0004_009   2.583 -12.415  -9.832
LYS01A0004_010   1.818 -12.290 -10.473
LYS01A0004_011   1.993 -12.146 -10.153
LYS01A0004_012   0.402 -12.469 -12.067
LYS01A0004_013   4.280 -12.376  -8.096
LYS01A0004_014   4.272 -12.376  -8.104
LYS01A0004_015   1.086 -12.470 -11.383
LYS01A0004_016   2.033 -12.422 -10.389
LYS01A0004_017   2.236 -11.747  -9.511
LYS01A0004_018   2.713 -12.457  -9.744
LYS01A0004_019   2.013 -12.065 -10.052
LYS01A0004_020   4.934 -11.959  -7.025
LYS+1A0004_021   0.509 -12.302 -11.793
LYS+1A0004_022   0.359 -12.418 -12.058
LYS+1A0004_023   1.035 -12.585 -11.550
LYS+1A0004_024   1.955 -12.422 -10.467
LYS+1A0004_025   4.957 -11.834  -6.877
LYS+1A0004_026   0.872 -12.376 -11.505
LYS+1A0004_027   2.135 -11.695  -9.561
LYS+1A0004_028   1.817 -12.048 -10.232
LYS+1A0004_029   4.927 -12.595  -7.668
LYS+1A0004_030   2.543 -12.415  -9.872
LYS+1A0004_031   2.685 -12.521  -9.836
LYS+1A0004_032   4.833 -11.959  -7.126
LYS+1A0004_033   1.535 -12.440 -10.905
LYS+1A0004_034   4.220 -12.376  -8.156
LYS+1A0004_035   4.229 -12.405  -8.176
LYS+1A0004_036   0.869 -12.617 -11.749
LYS+1A0004_037   1.847 -12.268 -10.420
LYS+1A0004_038   1.768 -12.290 -10.522
LYS+1A0004_039   1.944 -12.155 -10.211
LYS+1A0004_040   1.919 -12.146 -10.227
