iConf CONFORMER     FL  occ    crg   Em0  pKa0 ne nH    vdw0    vdw1    tors    epol   dsolv   extra    history
00001 ARG01A0120_001 f 0.00  0.000     0  0.00  0  0 -13.265   1.392   0.419   0.009  -0.250   0.000 01O000M000t
00002 ARG01A0120_002 f 0.00  0.000     0  0.00  0  0 -11.896   5.312   3.169   0.009  -0.108   0.000 01E03DM000t
00003 ARG01A0120_003 f 0.00  0.000     0  0.00  0  0 -11.835   2.879   3.813   0.034  -0.185   0.000 01E067M000t
00004 ARG01A0120_004 f 0.00  0.000     0  0.00  0  0 -11.437   1.277   3.208   0.011  -0.051   0.000 01E076M000t
00005 ARG01A0120_005 f 0.00  0.000     0  0.00  0  0  -9.987   1.502   3.199   0.052  -0.054   0.000 01E07FM000t
00006 ARG01A0120_006 f 0.00  0.000     0  0.00  0  0 -11.425   2.065   3.279  -0.019  -0.043   0.000 01E0B1M000t
00007 ARG01A0120_007 f 0.00  0.000     0  0.00  0  0  -8.802   1.683   3.859   0.052  -0.183   0.000 01E0D5M000t
00008 ARG01A0120_008 f 0.00  0.000     0  0.00  0  0 -12.882   2.703   3.821   0.007  -0.262   0.000 01T00AM000t
00009 ARG01A0120_009 f 0.00  0.000     0  0.00  0  0 -10.476   1.595   3.851   0.008  -0.119   0.000 01T02CM000t
00010 ARG01A0120_010 f 0.00  0.000     0  0.00  0  0 -11.284   1.285   0.421   0.026   0.014   0.000 01T03BM000t
00011 ARG01A0120_011 f 0.00  0.000     0  0.00  0  0  -9.907   1.520   1.053   0.014  -0.010   0.000 01T051M000t
00012 ARG01A0120_012 f 0.00  0.000     0  0.00  0  0 -10.328   1.353   1.114   0.028  -0.149   0.000 01T055M000t
00013 ARG01A0120_013 f 0.00  0.000     0  0.00  0  0 -11.615   1.516   1.047   0.014  -0.011   0.000 01T05BM000t
00014 ARG01A0120_014 f 0.00  0.000     0  0.00  0  0 -11.672   2.661   3.342   0.079  -0.312   0.000 01T064M000t
00015 ARG01A0120_015 f 0.00  0.000     0  0.00  0  0 -12.126   2.878   3.273   0.088  -0.317   0.000 01T066M000t
00016 ARG01A0120_016 f 0.00  0.000     0  0.00  0  0 -10.672   1.614   3.223   0.010  -0.158   0.000 01T08CM000t
00017 ARG01A0120_017 f 0.00  0.000     0  0.00  0  0 -11.346   1.852   3.172   0.038  -0.218   0.000 01T095M000t
00018 ARG01A0120_018 f 0.00  0.000     0  0.00  0  0 -11.706   1.963   3.184   0.035  -0.229   0.000 01T097M000t
00019 ARG01A0120_019 f 0.00  0.000     0  0.00  0  0  -8.123   1.238   3.862   0.026   0.183   0.000 01T0CCM000t
00020 ARG01A0120_020 f 0.00  0.000     0  0.00  0  0  -7.935   1.609   3.857   0.065   0.088   0.000 01T0D4M000t
00021 ARG02A0120_021 f 0.00  0.000     0  0.00  0  0 -13.303   1.389   0.419   0.027   0.889   0.000 02O000M000t
00022 ARG02A0120_022 f 0.00  0.000     0  0.00  0  0 -12.861   2.696   3.821   0.008   1.051   0.000 02E00AM000t
00023 ARG02A0120_023 f 0.00  0.000     0  0.00  0  0 -11.377   1.287   0.424   0.013   1.134   0.000 02E03BM000t
00024 ARG02A0120_024 f 0.00  0.000     0  0.00  0  0 -10.275   1.409   1.060   0.016   1.239   0.000 02E055M000t
00025 ARG02A0120_025 f 0.00  0.000     0  0.00  0  0  -8.103   1.220   3.852  -0.047   0.629   0.000 02E0CCM000t
00026 ARG02A0120_026 f 0.00  0.000     0  0.00  0  0  -8.718   1.679   3.843   0.022   0.708   0.000 02E0D5M000t
00027 ARG02A0120_027 f 0.00  0.000     0  0.00  0  0 -10.438   1.522   1.046   0.029   0.946   0.000 02T051M000t
00028 ARG02A0120_028 f 0.00  0.000     0  0.00  0  0 -11.859   2.888   3.802   0.040   0.910   0.000 02T067M000t
00029 ARG02A0120_029 f 0.00  0.000     0  0.00  0  0 -10.677   1.604   3.203   0.014   1.089   0.000 02T08CM000t
00030 ARG02A0120_030 f 0.00  0.000     0  0.00  0  0 -11.624   1.946   3.166   0.036   0.945   0.000 02T097M000t
00031 ARG02A0120_031 f 0.00  0.000     0  0.00  0  0 -11.922   5.315   3.169   0.015   0.793   0.000 02T03DM000t
00032 ARG02A0120_032 f 0.00  0.000     0  0.00  0  0 -11.538   2.696   3.297   0.078   1.039   0.000 02T064M000t
00033 ARG02A0120_033 f 0.00  0.000     0  0.00  0  0 -12.151   2.882   3.271   0.087   0.895   0.000 02T066M000t
00034 ARG02A0120_034 f 0.00  0.000     0  0.00  0  0 -11.451   1.275   3.207   0.030   1.149   0.000 02T076M000t
00035 ARG02A0120_035 f 0.00  0.000     0  0.00  0  0 -10.463   1.579   3.850   0.005   0.534   0.000 02T02CM000t
00036 ARG02A0120_036 f 0.00  0.000     0  0.00  0  0 -11.717   1.541   1.037   0.047   0.596   0.000 02T05BM000t
00037 ARG02A0120_037 f 0.00  0.000     0  0.00  0  0 -11.207   1.851   3.171  -0.015   0.480   0.000 02T095M000t
00038 ARG02A0120_038 f 0.00  0.000     0  0.00  0  0 -11.424   2.030   3.279   0.081   0.818   0.000 02T0B1M000t
00039 ARG02A0120_039 f 0.00  0.000     0  0.00  0  0  -7.672   1.553   3.824   0.017   0.904   0.000 02T0D4M000t
00040 ARG02A0120_040 f 0.00  0.000     0  0.00  0  0 -10.146   1.521   3.202   0.012   0.810   0.000 02T07FM000t
00041 ARG03A0120_041 f 0.00  0.000     0  0.00  0  0 -13.308   1.389   0.419   0.028   0.779   0.000 03O000M000t
00042 ARG03A0120_042 f 0.00  0.000     0  0.00  0  0 -11.752   2.895   3.805   0.040   0.957   0.000 03E067M000t
00043 ARG03A0120_043 f 0.00  0.000     0  0.00  0  0 -11.304   1.842   3.171  -0.002   1.074   0.000 03E095M000t
00044 ARG03A0120_044 f 0.00  0.000     0  0.00  0  0  -7.924   1.206   3.846  -0.031   1.070   0.000 03E0CCM000t
00045 ARG03A0120_045 f 0.00  0.000     0  0.00  0  0 -10.657   1.575   3.851   0.005   0.574   0.000 03E02CM000t
00046 ARG03A0120_046 f 0.00  0.000     0  0.00  0  0 -11.512   1.275   3.208   0.021   0.757   0.000 03E076M000t
00047 ARG03A0120_047 f 0.00  0.000     0  0.00  0  0  -9.962   1.505   3.200   0.046   0.746   0.000 03E07FM000t
00048 ARG03A0120_048 f 0.00  0.000     0  0.00  0  0 -12.877   2.695   3.820   0.012   0.849   0.000 03T00AM000t
00049 ARG03A0120_049 f 0.00  0.000     0  0.00  0  0 -11.261   1.286   0.421   0.020   1.015   0.000 03T03BM000t
00050 ARG03A0120_050 f 0.00  0.000     0  0.00  0  0 -11.918   5.319   3.169   0.013   0.900   0.000 03T03DM000t
00051 ARG03A0120_051 f 0.00  0.000     0  0.00  0  0 -11.618   1.957   3.168   0.037   0.928   0.000 03T097M000t
00052 ARG03A0120_052 f 0.00  0.000     0  0.00  0  0 -11.457   2.009   3.279   0.082   0.984   0.000 03T0B1M000t
00053 ARG03A0120_053 f 0.00  0.000     0  0.00  0  0  -7.780   1.533   3.825   0.056   0.861   0.000 03T0D4M000t
00054 ARG03A0120_054 f 0.00  0.000     0  0.00  0  0  -9.820   1.525   1.036   0.018   0.851   0.000 03T051M000t
00055 ARG03A0120_055 f 0.00  0.000     0  0.00  0  0  -9.604   1.413   1.059   0.023   0.899   0.000 03T055M000t
00056 ARG03A0120_056 f 0.00  0.000     0  0.00  0  0 -11.804   1.534   1.038   0.001   0.884   0.000 03T05BM000t
00057 ARG03A0120_057 f 0.00  0.000     0  0.00  0  0 -11.021   2.692   3.296   0.078   0.646   0.000 03T064M000t
00058 ARG03A0120_058 f 0.00  0.000     0  0.00  0  0 -12.087   2.876   3.271   0.082   0.574   0.000 03T066M000t
00059 ARG03A0120_059 f 0.00  0.000     0  0.00  0  0 -10.476   1.599   3.205   0.007   0.863   0.000 03T08CM000t
00060 ARG03A0120_060 f 0.00  0.000     0  0.00  0  0  -8.666   1.676   3.841   0.038   0.920   0.000 03T0D5M000t
00061 ARG+1A0120_061 f 0.00  1.000     0 12.50  0  1 -13.346   1.389   0.419   0.077  -0.334   0.000 +1O000M000t
00062 ARG+1A0120_062 f 0.00  1.000     0 12.50  0  1 -10.636   1.574   3.851   0.081  -0.212   0.000 +1E02CM000t
00063 ARG+1A0120_063 f 0.00  1.000     0 12.50  0  1 -11.249   1.280   0.421   0.089  -0.017   0.000 +1E03BM000t
00064 ARG+1A0120_064 f 0.00  1.000     0 12.50  0  1  -9.578   1.406   1.058   0.061  -0.418   0.000 +1E055M000t
00065 ARG+1A0120_065 f 0.00  1.000     0 12.50  0  1 -11.852   1.526   1.037   0.056  -0.106   0.000 +1E05BM000t
00066 ARG+1A0120_066 f 0.00  1.000     0 12.50  0  1 -11.342   1.843   3.170  -0.002  -0.375   0.000 +1E095M000t
00067 ARG+1A0120_067 f 0.00  1.000     0 12.50  0  1 -11.491   1.990   3.280   0.302   0.095   0.000 +1E0B1M000t
00068 ARG+1A0120_068 f 0.00  1.000     0 12.50  0  1  -7.697   1.526   3.829   0.101   0.057   0.000 +1E0D4M000t
00069 ARG+1A0120_069 f 0.00  1.000     0 12.50  0  1 -12.963   2.696   3.821  -0.010  -0.288   0.000 +1T00AM000t
00070 ARG+1A0120_070 f 0.00  1.000     0 12.50  0  1 -11.963   5.319   3.169   0.066  -0.172   0.000 +1T03DM000t
00071 ARG+1A0120_071 f 0.00  1.000     0 12.50  0  1  -9.855   1.528   1.034   0.103  -0.102   0.000 +1T051M000t
00072 ARG+1A0120_072 f 0.00  1.000     0 12.50  0  1 -10.854   2.686   3.298   0.155  -0.211   0.000 +1T064M000t
00073 ARG+1A0120_073 f 0.00  1.000     0 12.50  0  1 -12.124   2.873   3.271   0.164  -0.388   0.000 +1T066M000t
00074 ARG+1A0120_074 f 0.00  1.000     0 12.50  0  1 -11.915   2.888   3.802   0.077  -0.303   0.000 +1T067M000t
00075 ARG+1A0120_075 f 0.00  1.000     0 12.50  0  1 -11.505   1.273   3.208   0.052  -0.118   0.000 +1T076M000t
00076 ARG+1A0120_076 f 0.00  1.000     0 12.50  0  1  -9.976   1.504   3.197   0.042  -0.035   0.000 +1T07FM000t
00077 ARG+1A0120_077 f 0.00  1.000     0 12.50  0  1 -10.577   1.601   3.210   0.075  -0.053   0.000 +1T08CM000t
00078 ARG+1A0120_078 f 0.00  1.000     0 12.50  0  1 -11.716   1.949   3.166   0.022  -0.001   0.000 +1T097M000t
00079 ARG+1A0120_079 f 0.00  1.000     0 12.50  0  1  -7.981   1.205   3.846   0.026   0.002   0.000 +1T0CCM000t
00080 ARG+1A0120_080 f 0.00  1.000     0 12.50  0  1  -8.585   1.674   3.844   0.068  -0.113   0.000 +1T0D5M000t
