   confID        vdw0    sas     sum
ARG01A0120_001   1.155 -14.419 -13.265
ARG01A0120_002   2.212 -14.108 -11.896
ARG01A0120_003   2.857 -14.693 -11.835
ARG01A0120_004   3.017 -14.454 -11.437
ARG01A0120_005   3.837 -13.824  -9.987
ARG01A0120_006   3.038 -14.464 -11.425
ARG01A0120_007   5.028 -13.830  -8.802
ARG01A0120_008   1.768 -14.650 -12.882
ARG01A0120_009   4.016 -14.491 -10.476
ARG01A0120_010   2.946 -14.230 -11.284
ARG01A0120_011   4.111 -14.019  -9.907
ARG01A0120_012   3.527 -13.856 -10.328
ARG01A0120_013   2.851 -14.466 -11.615
ARG01A0120_014   2.755 -14.427 -11.672
ARG01A0120_015   2.133 -14.259 -12.126
ARG01A0120_016   3.129 -13.802 -10.672
ARG01A0120_017   2.720 -14.066 -11.346
ARG01A0120_018   2.973 -14.679 -11.706
ARG01A0120_019   5.746 -13.869  -8.123
ARG01A0120_020   5.293 -13.229  -7.935
ARG02A0120_021   1.116 -14.419 -13.303
ARG02A0120_022   1.725 -14.586 -12.861
ARG02A0120_023   2.721 -14.098 -11.377
ARG02A0120_024   3.494 -13.769 -10.275
ARG02A0120_025   5.695 -13.798  -8.103
ARG02A0120_026   5.160 -13.878  -8.718
ARG02A0120_027   3.700 -14.138 -10.438
ARG02A0120_028   2.834 -14.693 -11.859
ARG02A0120_029   3.097 -13.774 -10.677
ARG02A0120_030   2.913 -14.537 -11.624
ARG02A0120_031   2.186 -14.108 -11.922
ARG02A0120_032   2.838 -14.376 -11.538
ARG02A0120_033   2.108 -14.259 -12.151
ARG02A0120_034   3.002 -14.454 -11.451
ARG02A0120_035   4.028 -14.491 -10.463
ARG02A0120_036   2.868 -14.585 -11.717
ARG02A0120_037   2.743 -13.950 -11.207
ARG02A0120_038   3.039 -14.464 -11.424
ARG02A0120_039   5.350 -13.022  -7.672
ARG02A0120_040   3.794 -13.940 -10.146
ARG03A0120_041   1.111 -14.419 -13.308
ARG03A0120_042   2.822 -14.574 -11.752
ARG03A0120_043   2.698 -14.002 -11.304
ARG03A0120_044   5.929 -13.853  -7.924
ARG03A0120_045   3.966 -14.623 -10.657
ARG03A0120_046   2.990 -14.502 -11.512
ARG03A0120_047   3.862 -13.824  -9.962
ARG03A0120_048   1.721 -14.598 -12.877
ARG03A0120_049   2.953 -14.214 -11.261
ARG03A0120_050   2.190 -14.108 -11.918
ARG03A0120_051   2.919 -14.537 -11.618
ARG03A0120_052   3.007 -14.464 -11.457
ARG03A0120_053   5.441 -13.222  -7.780
ARG03A0120_054   4.199 -14.019  -9.820
ARG03A0120_055   4.065 -13.669  -9.604
ARG03A0120_056   2.849 -14.652 -11.804
ARG03A0120_057   3.288 -14.308 -11.021
ARG03A0120_058   2.105 -14.192 -12.087
ARG03A0120_059   3.230 -13.706 -10.476
ARG03A0120_060   5.164 -13.830  -8.666
ARG+1A0120_061   1.073 -14.419 -13.346
ARG+1A0120_062   3.920 -14.556 -10.636
ARG+1A0120_063   2.913 -14.162 -11.249
ARG+1A0120_064   4.023 -13.601  -9.578
ARG+1A0120_065   2.800 -14.652 -11.852
ARG+1A0120_066   2.659 -14.002 -11.342
ARG+1A0120_067   2.972 -14.464 -11.491
ARG+1A0120_068   5.457 -13.154  -7.697
ARG+1A0120_069   1.687 -14.650 -12.963
ARG+1A0120_070   2.145 -14.108 -11.963
ARG+1A0120_071   4.164 -14.019  -9.855
ARG+1A0120_072   3.329 -14.183 -10.854
ARG+1A0120_073   2.067 -14.192 -12.124
ARG+1A0120_074   2.778 -14.693 -11.915
ARG+1A0120_075   2.949 -14.454 -11.505
ARG+1A0120_076   3.849 -13.824  -9.976
ARG+1A0120_077   3.197 -13.774 -10.577
ARG+1A0120_078   2.886 -14.602 -11.716
ARG+1A0120_079   5.859 -13.840  -7.981
ARG+1A0120_080   5.129 -13.714  -8.585
