iConf CONFORMER     FL  occ    crg   Em0  pKa0 ne nH    vdw0    vdw1    tors    epol   dsolv   extra    history
00001 GLU01A0216_001 f 0.00  0.000     0  0.00  0  0  -3.663   0.921   3.699   0.192  -0.402   0.000 01O000M000t
00002 GLU01A0216_002 f 0.00  0.000     0  0.00  0  0  -3.490   1.025   3.508   0.097  -0.338   0.000 01E002M000t
00003 GLU01A0216_003 f 0.00  0.000     0  0.00  0  0  -3.257   2.511   3.511   0.076  -0.358   0.000 01E004M000t
00004 GLU01A0216_004 f 0.00  0.000     0  0.00  0  0  -3.294   0.588   3.254   0.080  -0.524   0.000 01E008M000t
00005 GLU01A0216_005 f 0.00  0.000     0  0.00  0  0  -3.663   0.921   0.979   0.131   0.684   0.000 01O000M000t
00006 GLU01A0216_006 f 0.00  0.000     0  0.00  0  0  -2.436   2.111   2.953   0.093  -0.580   0.000 01T005M000t
00007 GLU01A0216_007 f 0.00  0.000     0  0.00  0  0  -2.140   1.052   2.942   0.105  -0.611   0.000 01T007M000t
00008 GLU01A0216_008 f 0.00  0.000     0  0.00  0  0  -3.445   2.458   3.518   0.104  -0.333   0.000 01T001M000t
00009 GLU01A0216_009 f 0.00  0.000     0  0.00  0  0  -3.203   0.672   3.459   0.099  -0.429   0.000 01T003M000t
00010 GLU01A0216_010 f 0.00  0.000     0  0.00  0  0  -3.188   0.953   3.213   0.107  -0.432   0.000 01T00AM000t
00011 GLU01A0216_011 f 0.00  0.000     0  0.00  0  0  -3.146   2.447   3.221  -0.007  -0.587   0.000 01T00BM000t
00012 GLU01A0216_012 f 0.00  0.000     0  0.00  0  0  -3.488   2.511   0.801   0.122   0.772   0.000 01T001M000t
00013 GLU01A0216_013 f 0.00  0.000     0  0.00  0  0  -2.140   1.052   0.222   0.071   0.620   0.000 01T007M000t
00014 GLU01A0216_014 f 0.00  0.000     0  0.00  0  0  -3.292   0.588   0.503   0.048   0.674   0.000 01T008M000t
00015 GLU01A0216_015 f 0.00  0.000     0  0.00  0  0  -3.188   0.953   0.493   0.043   0.785   0.000 01T00AM000t
00016 GLU01A0216_016 f 0.00  0.000     0  0.00  0  0  -3.146   2.447   0.501   0.013   0.669   0.000 01T00BM000t
00017 GLU02A0216_017 f 0.00  0.000     0  0.00  0  0  -3.629   0.932   3.699   0.418  -0.348   0.000 02O000M000t
00018 GLU02A0216_018 f 0.00  0.000     0  0.00  0  0  -2.867   1.176   3.293   0.159  -0.318   0.000 02E006M000t
00019 GLU02A0216_019 f 0.00  0.000     0  0.00  0  0  -3.027   0.919   3.303   0.193  -0.231   0.000 02E00AM000t
00020 GLU02A0216_020 f 0.00  0.000     0  0.00  0  0  -3.745   0.932   0.979   0.178   0.704   0.000 02O000M000t
00021 GLU02A0216_021 f 0.00  0.000     0  0.00  0  0  -3.471   2.538   0.718   0.177   0.745   0.000 02E001M000t
00022 GLU02A0216_022 f 0.00  0.000     0  0.00  0  0  -2.978   0.952   0.531   0.076   0.697   0.000 02E00AM000t
00023 GLU02A0216_023 f 0.00  0.000     0  0.00  0  0  -3.367   0.681   3.547   0.053  -0.580   0.000 02T003M000t
00024 GLU02A0216_024 f 0.00  0.000     0  0.00  0  0  -1.324   0.620   2.951   0.109  -0.141   0.000 02T009M000t
00025 GLU02A0216_025 f 0.00  0.000     0  0.00  0  0  -3.467   2.538   3.428   0.219  -0.394   0.000 02T001M000t
00026 GLU02A0216_026 f 0.00  0.000     0  0.00  0  0  -3.369   1.047   3.401   0.134  -0.554   0.000 02T002M000t
00027 GLU02A0216_027 f 0.00  0.000     0  0.00  0  0  -1.764   2.234   2.961   0.453   0.051   0.000 02T005M000t
00028 GLU02A0216_028 f 0.00  0.000     0  0.00  0  0  -3.109   2.423   3.199   0.083  -0.352   0.000 02T00BM000t
00029 GLU02A0216_029 f 0.00  0.000     0  0.00  0  0  -3.007   2.436   0.571   0.026   0.601   0.000 02T00BM000t
00030 GLU02A0216_030 f 0.00  0.000     0  0.00  0  0  -3.369   1.047   0.681   0.086   0.657   0.000 02T002M000t
00031 GLU02A0216_031 f 0.00  0.000     0  0.00  0  0  -1.695   2.234   0.241   0.115   0.773   0.000 02T005M000t
00032 GLU02A0216_032 f 0.00  0.000     0  0.00  0  0  -2.828   0.577   0.478   0.041   0.735   0.000 02T008M000t
00033 GLU-1A0216_033 f 0.00 -1.000     0  4.75  0 -1  -3.749   0.941   0.979  -0.405  -0.046   0.000 -1O000M000t
00034 GLU-1A0216_034 f 0.00 -1.000     0  4.75  0 -1  -3.613   2.454   0.773  -0.437   0.029   0.000 -1E001M000t
00035 GLU-1A0216_035 f 0.00 -1.000     0  4.75  0 -1  -3.390   0.702   0.753  -0.078  -0.280   0.000 -1E003M000t
00036 GLU-1A0216_036 f 0.00 -1.000     0  4.75  0 -1  -3.236   2.549   0.741  -0.027  -0.273   0.000 -1E004M000t
00037 GLU-1A0216_037 f 0.00 -1.000     0  4.75  0 -1  -2.154   1.061   0.223  -0.097  -0.200   0.000 -1E007M000t
00038 GLU-1A0216_038 f 0.00 -1.000     0  4.75  0 -1  -3.218   0.888   0.520  -0.316  -0.027   0.000 -1E00AM000t
