   confID        vdw0    sas     sum
GLU01A0216_001   1.072  -4.736  -3.663
GLU01A0216_002   1.286  -4.776  -3.490
GLU01A0216_003   1.315  -4.573  -3.257
GLU01A0216_004   1.369  -4.663  -3.294
GLU01A0216_005   1.072  -4.736  -3.663
GLU01A0216_006   2.328  -4.763  -2.436
GLU01A0216_007   2.543  -4.683  -2.140
GLU01A0216_008   1.290  -4.735  -3.445
GLU01A0216_009   1.331  -4.535  -3.203
GLU01A0216_010   1.527  -4.715  -3.188
GLU01A0216_011   1.641  -4.787  -3.146
GLU01A0216_012   1.282  -4.771  -3.488
GLU01A0216_013   2.543  -4.683  -2.140
GLU01A0216_014   1.371  -4.663  -3.292
GLU01A0216_015   1.527  -4.715  -3.188
GLU01A0216_016   1.641  -4.787  -3.146
GLU02A0216_017   1.077  -4.706  -3.629
GLU02A0216_018   1.768  -4.635  -2.867
GLU02A0216_019   1.614  -4.641  -3.027
GLU02A0216_020   1.077  -4.822  -3.745
GLU02A0216_021   1.344  -4.815  -3.471
GLU02A0216_022   1.662  -4.639  -2.978
GLU02A0216_023   1.198  -4.566  -3.367
GLU02A0216_024   3.190  -4.514  -1.324
GLU02A0216_025   1.348  -4.815  -3.467
GLU02A0216_026   1.339  -4.708  -3.369
GLU02A0216_027   2.887  -4.651  -1.764
GLU02A0216_028   1.699  -4.807  -3.109
GLU02A0216_029   1.765  -4.771  -3.007
GLU02A0216_030   1.339  -4.708  -3.369
GLU02A0216_031   2.887  -4.582  -1.695
GLU02A0216_032   1.703  -4.531  -2.828
GLU-1A0216_033   0.892  -4.641  -3.749
GLU-1A0216_034   1.070  -4.684  -3.613
GLU-1A0216_035   1.054  -4.444  -3.390
GLU-1A0216_036   1.091  -4.328  -3.236
GLU-1A0216_037   2.466  -4.620  -2.154
GLU-1A0216_038   1.353  -4.571  -3.218
