iConf CONFORMER     FL  occ    crg   Em0  pKa0 ne nH    vdw0    vdw1    tors    epol   dsolv   extra    history
00001 ASP01A0083_001 f 0.00  0.000     0  0.00  0  0  -4.137   4.669   2.922   1.274   0.035   0.000 01O000M000t
00002 ASP01A0083_002 f 0.00  0.000     0  0.00  0  0  -4.534   2.892   2.809   0.427  -0.271   0.000 01E001M000t
00003 ASP01A0083_003 f 0.00  0.000     0  0.00  0  0  -4.188   4.671   0.202   0.113   0.601   0.000 01O000M000t
00004 ASP01A0083_004 f 0.00  0.000     0  0.00  0  0  -4.053   2.343   3.796   0.536  -0.762   0.000 01T003M000t
00005 ASP01A0083_005 f 0.00  0.000     0  0.00  0  0  -4.313   1.566   3.084   0.638  -0.478   0.000 01T002M000t
00006 ASP01A0083_006 f 0.00  0.000     0  0.00  0  0  -4.225   0.911   3.695   0.121  -0.564   0.000 01T004M000t
00007 ASP01A0083_007 f 0.00  0.000     0  0.00  0  0  -4.178   0.882   0.972   0.133   0.587   0.000 01T004M000t
00008 ASP01A0083_008 f 0.00  0.000     0  0.00  0  0  -4.207   1.566   0.364   0.221   0.477   0.000 01T002M000t
00009 ASP02A0083_009 f 0.00  0.000     0  0.00  0  0  -3.989   3.684   2.922   0.119  -0.455   0.000 02O000M000t
00010 ASP02A0083_010 f 0.00  0.000     0  0.00  0  0  -4.368   2.359   2.808   0.021  -0.512   0.000 02E001M000t
00011 ASP02A0083_011 f 0.00  0.000     0  0.00  0  0  -3.989   3.684   0.202   0.075   0.831   0.000 02O000M000t
00012 ASP02A0083_012 f 0.00  0.000     0  0.00  0  0  -4.031   1.277   0.366   0.155   0.687   0.000 02E002M000t
00013 ASP02A0083_013 f 0.00  0.000     0  0.00  0  0  -4.014   2.940   3.794  -0.427  -0.079   0.000 02T003M000t
00014 ASP02A0083_014 f 0.00  0.000     0  0.00  0  0  -4.069   1.277   3.083   0.130  -0.441   0.000 02T002M000t
00015 ASP02A0083_015 f 0.00  0.000     0  0.00  0  0  -4.251   0.930   3.680   0.278  -0.543   0.000 02T004M000t
00016 ASP02A0083_016 f 0.00  0.000     0  0.00  0  0  -4.251   0.930   0.960   0.144   0.677   0.000 02T004M000t
00017 ASP-1A0083_017 f 0.00 -1.000     0  4.75  0 -1  -4.050   3.708   0.202  -0.396   0.027   0.000 -1O000M000t
00018 ASP-1A0083_018 f 0.00 -1.000     0  4.75  0 -1  -4.300   2.426   0.078  -0.336  -0.104   0.000 -1E001M000t
00019 ASP-1A0083_019 f 0.00 -1.000     0  4.75  0 -1  -4.104   1.273   0.380  -0.332  -0.081   0.000 -1E002M000t
