   confID        vdw0    sas     sum
ASP01A0083_001   0.149  -4.286  -4.137
ASP01A0083_002   0.139  -4.673  -4.534
ASP01A0083_003   0.149  -4.338  -4.188
ASP01A0083_004   0.444  -4.497  -4.053
ASP01A0083_005   0.216  -4.529  -4.313
ASP01A0083_006   0.397  -4.622  -4.225
ASP01A0083_007   0.409  -4.587  -4.178
ASP01A0083_008   0.216  -4.423  -4.207
ASP02A0083_009   0.239  -4.228  -3.989
ASP02A0083_010   0.226  -4.594  -4.368
ASP02A0083_011   0.239  -4.228  -3.989
ASP02A0083_012   0.319  -4.351  -4.031
ASP02A0083_013   0.442  -4.456  -4.014
ASP02A0083_014   0.317  -4.387  -4.069
ASP02A0083_015   0.371  -4.622  -4.251
ASP02A0083_016   0.371  -4.622  -4.251
ASP-1A0083_017   0.144  -4.194  -4.050
ASP-1A0083_018   0.131  -4.431  -4.300
ASP-1A0083_019   0.215  -4.319  -4.104
