iConf CONFORMER     FL  occ    crg   Em0  pKa0 ne nH    vdw0    vdw1    tors    epol   dsolv   extra    history
00001 TYR01A0250_001 f 0.00  0.000     0  0.00  0  0  -9.731   0.296   0.124   0.315  -0.050   0.000 01O000M000t
00002 TYR01A0250_002 f 0.00  0.000     0  0.00  0  0 -10.888   1.550   0.113   0.028  -0.086   0.000 01E003M000t
00003 TYR01A0250_003 f 0.00  0.000     0  0.00  0  0  -9.897   4.166   2.667   0.344   0.034   0.000 01E007M000t
00004 TYR01A0250_004 f 0.00  0.000     0  0.00  0  0  -9.731   0.296   0.124   0.318   0.022   0.000 01O000M000t
00005 TYR01A0250_005 f 0.00  0.000     0  0.00  0  0  -9.492   0.244   0.117   0.312  -0.086   0.000 01E005M000t
00006 TYR01A0250_006 f 0.00  0.000     0  0.00  0  0 -10.419   5.211   2.664   0.332  -0.085   0.000 01T00DM000t
00007 TYR01A0250_007 f 0.00  0.000     0  0.00  0  0 -10.783   6.023   0.091   0.327  -0.187   0.000 01T006M000t
00008 TYR01A0250_008 f 0.00  0.000     0  0.00  0  0 -10.295   4.243   2.666   0.336  -0.013   0.000 01T001M000t
00009 TYR01A0250_009 f 0.00  0.000     0  0.00  0  0 -10.331   1.188   2.668   0.278  -0.185   0.000 01T004M000t
00010 TYR01A0250_010 f 0.00  0.000     0  0.00  0  0 -10.101   2.271   0.118   0.411  -0.110   0.000 01T008M000t
00011 TYR01A0250_011 f 0.00  0.000     0  0.00  0  0 -10.899   6.889   0.120   0.126  -0.408   0.000 01T00BM000t
00012 TYR01A0250_012 f 0.00  0.000     0  0.00  0  0 -10.559   1.183   2.668   0.270  -0.426   0.000 01T00CM000t
00013 TYR01A0250_013 f 0.00  0.000     0  0.00  0  0 -10.259   2.354   0.120   0.422  -0.017   0.000 01T002M000t
00014 TYR01A0250_014 f 0.00  0.000     0  0.00  0  0 -11.007   7.839   0.118   0.127  -0.188   0.000 01T009M000t
00015 TYR01A0250_015 f 0.00  0.000     0  0.00  0  0 -10.343   1.367   0.115   0.023  -0.111   0.000 01T00AM000t
00016 TYR-1A0250_016 f 0.00 -1.000     0 10.20  0 -1  -9.731   0.296   0.124   0.085  -0.921   0.000 -1O000M000t
00017 TYR-1A0250_017 f 0.00 -1.000     0 10.20  0 -1 -10.448   4.247   2.664   0.244  -0.735   0.000 -1E001M000t
00018 TYR-1A0250_018 f 0.00 -1.000     0 10.20  0 -1  -9.489   0.246   0.115   0.105  -0.892   0.000 -1E005M000t
00019 TYR-1A0250_019 f 0.00 -1.000     0 10.20  0 -1 -10.675   5.394   0.087   0.142  -0.892   0.000 -1E006M000t
00020 TYR-1A0250_020 f 0.00 -1.000     0 10.20  0 -1  -9.908   4.173   2.665   0.246  -0.770   0.000 -1E007M000t
00021 TYR-1A0250_021 f 0.00 -1.000     0 10.20  0 -1 -10.826   7.519   0.116  -0.325  -0.964   0.000 -1E009M000t
00022 TYR-1A0250_022 f 0.00 -1.000     0 10.20  0 -1 -10.764   6.626   0.119  -0.327  -1.124   0.000 -1E00BM000t
00023 TYR-1A0250_023 f 0.00 -1.000     0 10.20  0 -1 -10.585   1.178   2.665   0.040  -0.832   0.000 -1E00CM000t
00024 TYR-1A0250_024 f 0.00 -1.000     0 10.20  0 -1 -10.167   4.993   2.661   0.079  -1.000   0.000 -1E00DM000t
00025 TYR-1A0250_025 f 0.00 -1.000     0 10.20  0 -1 -10.211   2.341   0.120   0.386  -0.962   0.000 -1T002M000t
00026 TYR-1A0250_026 f 0.00 -1.000     0 10.20  0 -1 -10.838   1.518   0.110  -0.403  -1.026   0.000 -1T003M000t
00027 TYR-1A0250_027 f 0.00 -1.000     0 10.20  0 -1 -10.346   1.185   2.665   0.023  -0.840   0.000 -1T004M000t
00028 TYR-1A0250_028 f 0.00 -1.000     0 10.20  0 -1 -10.108   2.267   0.117   0.367  -0.899   0.000 -1T008M000t
00029 TYR-1A0250_029 f 0.00 -1.000     0 10.20  0 -1 -10.268   1.362   0.112  -0.396  -0.804   0.000 -1T00AM000t
