   confID        vdw0    sas     sum
TYR01A0250_001   4.315 -14.045  -9.731
TYR01A0250_002   4.331 -15.219 -10.888
TYR01A0250_003   4.345 -14.242  -9.897
TYR01A0250_004   4.315 -14.045  -9.731
TYR01A0250_005   4.334 -13.826  -9.492
TYR01A0250_006   4.143 -14.563 -10.419
TYR01A0250_007   4.162 -14.946 -10.783
TYR01A0250_008   4.348 -14.643 -10.295
TYR01A0250_009   4.317 -14.648 -10.331
TYR01A0250_010   4.368 -14.469 -10.101
TYR01A0250_011   4.058 -14.957 -10.899
TYR01A0250_012   4.316 -14.874 -10.559
TYR01A0250_013   4.353 -14.612 -10.259
TYR01A0250_014   4.007 -15.015 -11.007
TYR01A0250_015   4.341 -14.684 -10.343
TYR-1A0250_016   4.315 -14.045  -9.731
TYR-1A0250_017   4.330 -14.779 -10.448
TYR-1A0250_018   4.337 -13.826  -9.489
TYR-1A0250_019   4.152 -14.827 -10.675
TYR-1A0250_020   4.334 -14.242  -9.908
TYR-1A0250_021   4.003 -14.829 -10.826
TYR-1A0250_022   4.057 -14.822 -10.764
TYR-1A0250_023   4.322 -14.908 -10.585
TYR-1A0250_024   4.125 -14.291 -10.167
TYR-1A0250_025   4.350 -14.561 -10.211
TYR-1A0250_026   4.331 -15.169 -10.838
TYR-1A0250_027   4.302 -14.648 -10.346
TYR-1A0250_028   4.361 -14.469 -10.108
TYR-1A0250_029   4.349 -14.617 -10.268
