CONFORMER         crg  vdw0  vdw1  tors  epol  self   occ  Hb     history    ASA
ARG01A0040_001  0.000-13.79  0.13  0.67  0.00-12.98 0.502  00  01O000M000  1.000
ARG01A0040_002  0.000-14.62  1.04  0.72  0.00-12.86 0.502  00  01E007M000  1.000
ARG01A0040_003  0.000-13.28  1.87  5.53  0.00 -5.88 0.501  00  01E04CM000  1.000
ARG01A0040_004  0.000-13.61  0.36  1.28  0.00-11.97 0.502  00  01E063M000  1.000
ARG01A0040_005  0.000-13.41  3.17  1.44  0.00 -8.80 0.502  00  01E077M000  1.000
ARG01A0040_006  0.000-13.22  3.80  5.86  0.00 -3.56 0.501  00  01E09BM000  1.000
ARG01A0040_007  0.000-12.45  0.03  1.34  0.00-11.08 0.501  00  01E0E3M000  1.000
ARG01A0040_008  0.000-13.47  4.22  0.91  0.00 -8.34 0.501  00  01E0F1M000  1.000
ARG01A0040_009  0.000-12.79  3.27  1.29  0.00 -8.23 0.501  00  01E11DM000  1.000
ARG01A0040_010  0.000-11.89  0.88  3.79  0.00 -7.22 0.501  00  01E123M000  1.000
ARG01A0040_011  0.000-12.34  4.28  4.01  0.00 -4.06 0.501  00  01E12DM000  1.000
ARG01A0040_012  0.000-13.30  1.18  5.87  0.00 -6.25 0.501  00  01E149M000  1.000
ARG01A0040_013  0.000-14.04  4.62  0.66  0.00 -8.77 0.502  00  01T00BM000  1.000
ARG01A0040_014  0.000-11.69 -0.31  1.25  0.00-10.75 0.502  00  01T02EM000  1.000
ARG01A0040_015  0.000-13.69  4.13  5.78  0.00 -3.78 0.501  00  01T09CM000  1.000
ARG01A0040_016  0.000-13.54  5.77  0.61  0.00 -7.17 0.501  00  01T10CM000  1.000
ARG01A0040_017  0.000-11.77  0.98  3.70  0.00 -7.09 0.502  00  01T10FM000  1.000
ARG01A0040_018  0.000-11.58  3.47  3.81  0.00 -4.30 0.502  00  01T136M000  1.000
ARG01A0040_019  0.000-12.67  0.84  3.71  0.00 -8.12 0.501  00  01T13EM000  1.000
ARG01A0040_020  0.000-11.60  1.60  6.40  0.00 -3.60 0.502  00  01T153M000  1.000
ARG02A0040_021  0.000-13.80  0.13  0.67  0.00-13.00 0.502  00  02O000M000  1.000
ARG02A0040_022  0.000-13.40  3.93  5.62  0.00 -3.85 0.501  00  02E09BM000  1.000
ARG02A0040_023  0.000-11.78  1.80  3.58  0.00 -6.41 0.501  00  02E123M000  1.000
ARG02A0040_024  0.000-14.16  4.42  0.67  0.00 -9.07 0.502  00  02T00BM000  1.000
ARG02A0040_025  0.000-13.57  0.37  1.23  0.00-11.97 0.502  00  02T063M000  1.000
ARG02A0040_026  0.000-13.32  4.06  5.63  0.00 -3.63 0.501  00  02T09CM000  1.000
ARG02A0040_027  0.000-12.22 -0.02  1.23  0.00-11.01 0.501  00  02T0E3M000  1.000
ARG02A0040_028  0.000-13.21  1.36  5.71  0.00 -6.13 0.501  00  02T149M000  1.000
ARG02A0040_029  0.000-14.48  1.11  0.69  0.00-12.68 0.502  00  02T007M000  1.000
ARG02A0040_030  0.000-11.71  1.01  3.69  0.00 -7.02 0.502  00  02T10FM000  1.000
ARG02A0040_031  0.000-11.53  3.40  3.80  0.00 -4.33 0.502  00  02T136M000  1.000
ARG02A0040_032  0.000-13.09  1.96  5.53  0.00 -5.59 0.501  00  02T04CM000  1.000
ARG02A0040_033  0.000-13.22  3.24  1.20  0.00 -8.78 0.502  00  02T077M000  1.000
ARG02A0040_034  0.000-13.48  5.43  0.67  0.00 -7.37 0.501  00  02T0F1M000  1.000
ARG02A0040_035  0.000-13.56  5.80  0.60  0.00 -7.16 0.501  00  02T10CM000  1.000
ARG02A0040_036  0.000-12.80  0.73  3.59  0.00 -8.47 0.501  00  02T13EM000  1.000
ARG02A0040_037  0.000-11.68 -0.31  1.22  0.00-10.77 0.502  00  02T02EM000  1.000
ARG02A0040_038  0.000-12.92  2.96  1.14  0.00 -8.81 0.501  00  02T11DM000  1.000
ARG02A0040_039  0.000-12.10  3.56  3.61  0.00 -4.93 0.501  00  02T12DM000  1.000
ARG02A0040_040  0.000-11.70  1.62  6.36  0.00 -3.71 0.502  00  02T153M000  1.000
ARG03A0040_041  0.000-11.79  1.01  3.69  0.00 -7.08 0.502  00  03E10FM000  1.000
ARG03A0040_042  0.000-12.01  1.84  3.59  0.00 -6.58 0.501  00  03E123M000  1.000
ARG03A0040_043  0.000-13.81  0.13  0.67  0.00-13.00 0.502  00  03O000M000  1.000
ARG03A0040_044  0.000-11.73 -0.31  1.23  0.00-10.81 0.502  00  03E02EM000  1.000
ARG03A0040_045  0.000-13.17  4.07  5.62  0.00 -3.49 0.501  00  03E09CM000  1.000
ARG03A0040_046  0.000-12.24 -0.02  1.23  0.00-11.03 0.501  00  03E0E3M000  1.000
ARG03A0040_047  0.000-12.25  3.53  3.62  0.00 -5.10 0.501  00  03E12DM000  1.000
ARG03A0040_048  0.000-13.16  1.98  5.54  0.00 -5.64 0.501  00  03T04CM000  1.000
ARG03A0040_049  0.000-13.27  3.24  1.20  0.00 -8.84 0.502  00  03T077M000  1.000
ARG03A0040_050  0.000-13.73  5.77  0.60  0.00 -7.36 0.501  00  03T10CM000  1.000
ARG03A0040_051  0.000-14.55  1.09  0.69  0.00-12.77 0.502  00  03T007M000  1.000
ARG03A0040_052  0.000-11.77  1.62  6.36  0.00 -3.79 0.502  00  03T153M000  1.000
ARG03A0040_053  0.000-14.10  4.37  0.68  0.00 -9.05 0.502  00  03T00BM000  1.000
ARG03A0040_054  0.000-13.57  0.37  1.22  0.00-11.97 0.502  00  03T063M000  1.000
ARG03A0040_055  0.000-11.42  3.43  3.80  0.00 -4.19 0.502  00  03T136M000  1.000
ARG03A0040_056  0.000-13.48  3.93  5.60  0.00 -3.94 0.501  00  03T09BM000  1.000
ARG03A0040_057  0.000-13.54  5.46  0.67  0.00 -7.40 0.501  00  03T0F1M000  1.000
ARG03A0040_058  0.000-12.97  2.97  1.14  0.00 -8.86 0.501  00  03T11DM000  1.000
ARG03A0040_059  0.000-12.79  0.76  3.59  0.00 -8.44 0.501  00  03T13EM000  1.000
ARG03A0040_060  0.000-13.15  1.37  5.71  0.00 -6.07 0.501  00  03T149M000  1.000
ARG+1A0040_061  1.000-13.85  0.13  0.67  0.00-13.05 0.502  00  +1O000M000  1.000
ARG+1A0040_062  1.000-14.20  4.37  0.68  0.00 -9.16 0.502  00  +1E00BM000  1.000
ARG+1A0040_063  1.000-13.20  1.97  5.55  0.00 -5.68 0.501  00  +1E04CM000  1.000
ARG+1A0040_064  1.000-13.61  0.37  1.23  0.00-12.02 0.502  00  +1E063M000  1.000
ARG+1A0040_065  1.000-13.31  3.21  1.20  0.00 -8.91 0.502  00  +1E077M000  1.000
ARG+1A0040_066  1.000-13.46  3.93  5.63  0.00 -3.90 0.501  00  +1E09BM000  1.000
ARG+1A0040_067  1.000-12.26 -0.02  1.24  0.00-11.05 0.501  00  +1E0E3M000  1.000
ARG+1A0040_068  1.000-13.58  5.41  0.68  0.00 -7.49 0.501  00  +1E0F1M000  1.000
ARG+1A0040_069  1.000-13.66  5.79  0.60  0.00 -7.26 0.501  00  +1E10CM000  1.000
ARG+1A0040_070  1.000-13.02  2.96  1.14  0.00 -8.92 0.501  00  +1E11DM000  1.000
ARG+1A0040_071  1.000-12.03  1.83  3.60  0.00 -6.60 0.501  00  +1E123M000  1.000
ARG+1A0040_072  1.000-12.34  3.56  3.64  0.00 -5.15 0.501  00  +1E12DM000  1.000
ARG+1A0040_073  1.000-11.52  3.44  3.80  0.00 -4.28 0.502  00  +1E136M000  1.000
ARG+1A0040_074  1.000-11.76  1.62  6.37  0.00 -3.78 0.502  00  +1E153M000  1.000
ARG+1A0040_075  1.000-14.59  1.11  0.70  0.00-12.79 0.502  00  +1T007M000  1.000
ARG+1A0040_076  1.000-11.82 -0.32  1.23  0.00-10.91 0.502  00  +1T02EM000  1.000
ARG+1A0040_077  1.000-13.23  4.07  5.64  0.00 -3.52 0.501  00  +1T09CM000  1.000
ARG+1A0040_078  1.000-11.86  1.02  3.70  0.00 -7.14 0.502  00  +1T10FM000  1.000
ARG+1A0040_079  1.000-12.83  0.74  3.60  0.00 -8.49 0.501  00  +1T13EM000  1.000
ARG+1A0040_080  1.000-13.26  1.37  5.72  0.00 -6.17 0.501  00  +1T149M000  1.000
