iConf CONFORMER     FL  occ    crg   Em0  pKa0 ne nH    vdw0    vdw1    tors    epol   dsolv   extra    history
00001 ARG01A0040_001 f 0.00  0.000     0  0.00  0  0 -13.787   0.234   0.672   0.031  -0.156   0.000 01O000M000t
00002 ARG01A0040_002 f 0.00  0.000     0  0.00  0  0 -14.616   1.082   0.719   0.050  -0.065   0.000 01E007M000t
00003 ARG01A0040_003 f 0.00  0.000     0  0.00  0  0 -13.283   1.865   5.534   0.045  -0.142   0.000 01E04CM000t
00004 ARG01A0040_004 f 0.00  0.000     0  0.00  0  0 -13.610   0.411   1.280   0.019  -0.178   0.000 01E063M000t
00005 ARG01A0040_005 f 0.00  0.000     0  0.00  0  0 -13.352   3.175   1.443   0.090  -0.223   0.000 01E077M000t
00006 ARG01A0040_006 f 0.00  0.000     0  0.00  0  0 -13.218   3.853   5.850   0.010  -0.280   0.000 01E09BM000t
00007 ARG01A0040_007 f 0.00  0.000     0  0.00  0  0 -12.381   0.076   1.334  -0.031  -0.368   0.000 01E0E3M000t
00008 ARG01A0040_008 f 0.00  0.000     0  0.00  0  0 -13.463   4.274   0.911  -0.053   0.043   0.000 01E0F1M000t
00009 ARG01A0040_009 f 0.00  0.000     0  0.00  0  0 -12.788   3.262   1.295   0.019  -0.173   0.000 01E11DM000t
00010 ARG01A0040_010 f 0.00  0.000     0  0.00  0  0 -11.883   0.878   3.782   0.073   0.278   0.000 01E123M000t
00011 ARG01A0040_011 f 0.00  0.000     0  0.00  0  0 -12.338   4.273   4.001   0.075  -0.205   0.000 01E12DM000t
00012 ARG01A0040_012 f 0.00  0.000     0  0.00  0  0 -13.308   1.181   5.873   0.084  -0.224   0.000 01E149M000t
00013 ARG01A0040_013 f 0.00  0.000     0  0.00  0  0 -14.041   4.621   0.663   0.309  -0.027   0.000 01T00BM000t
00014 ARG01A0040_014 f 0.00  0.000     0  0.00  0  0 -11.685  -0.263   1.254  -0.034   0.325   0.000 01T02EM000t
00015 ARG01A0040_015 f 0.00  0.000     0  0.00  0  0 -13.683   4.179   5.780   0.012  -0.283   0.000 01T09CM000t
00016 ARG01A0040_016 f 0.00  0.000     0  0.00  0  0 -13.538   5.777   0.605  -0.088   0.262   0.000 01T10CM000t
00017 ARG01A0040_017 f 0.00  0.000     0  0.00  0  0 -11.763   0.987   3.699   0.031  -0.023   0.000 01T10FM000t
00018 ARG01A0040_018 f 0.00  0.000     0  0.00  0  0 -11.581   3.478   3.803   0.053  -0.494   0.000 01T136M000t
00019 ARG01A0040_019 f 0.00  0.000     0  0.00  0  0 -12.668   0.839   3.712   0.047   0.144   0.000 01T13EM000t
00020 ARG01A0040_020 f 0.00  0.000     0  0.00  0  0 -11.605   1.595   6.403   0.018   0.009   0.000 01T153M000t
00021 ARG02A0040_021 f 0.00  0.000     0  0.00  0  0 -13.804   0.233   0.672   0.022   1.072   0.000 02O000M000t
00022 ARG02A0040_022 f 0.00  0.000     0  0.00  0  0 -13.403   3.979   5.620   0.021   0.746   0.000 02E09BM000t
00023 ARG02A0040_023 f 0.00  0.000     0  0.00  0  0 -11.779   1.795   3.578  -0.161   1.024   0.000 02E123M000t
00024 ARG02A0040_024 f 0.00  0.000     0  0.00  0  0 -14.162   4.421   0.669   0.291   1.166   0.000 02T00BM000t
00025 ARG02A0040_025 f 0.00  0.000     0  0.00  0  0 -13.572   0.421   1.227   0.036   0.910   0.000 02T063M000t
00026 ARG02A0040_026 f 0.00  0.000     0  0.00  0  0 -13.254   4.117   5.629   0.026   0.502   0.000 02T09CM000t
00027 ARG02A0040_027 f 0.00  0.000     0  0.00  0  0 -12.210   0.023   1.232   0.027   0.786   0.000 02T0E3M000t
00028 ARG02A0040_028 f 0.00  0.000     0  0.00  0  0 -13.206   1.365   5.713   0.068   0.896   0.000 02T149M000t
00029 ARG02A0040_029 f 0.00  0.000     0  0.00  0  0 -14.481   1.157   0.695   0.063   1.115   0.000 02T007M000t
00030 ARG02A0040_030 f 0.00  0.000     0  0.00  0  0 -11.721   1.007   3.686   0.048   1.060   0.000 02T10FM000t
00031 ARG02A0040_031 f 0.00  0.000     0  0.00  0  0 -11.532   3.399   3.797   0.035   1.081   0.000 02T136M000t
00032 ARG02A0040_032 f 0.00  0.000     0  0.00  0  0 -13.088   1.964   5.529   0.071   0.452   0.000 02T04CM000t
00033 ARG02A0040_033 f 0.00  0.000     0  0.00  0  0 -13.217   3.228   1.197   0.048   0.570   0.000 02T077M000t
00034 ARG02A0040_034 f 0.00  0.000     0  0.00  0  0 -13.483   5.473   0.673  -0.043   0.407   0.000 02T0F1M000t
00035 ARG02A0040_035 f 0.00  0.000     0  0.00  0  0 -13.562   5.803   0.600  -0.242   1.102   0.000 02T10CM000t
00036 ARG02A0040_036 f 0.00  0.000     0  0.00  0  0 -12.804   0.729   3.591  -0.202   0.859   0.000 02T13EM000t
00037 ARG02A0040_037 f 0.00  0.000     0  0.00  0  0 -11.681  -0.265   1.222  -0.101   0.651   0.000 02T02EM000t
00038 ARG02A0040_038 f 0.00  0.000     0  0.00  0  0 -12.915   2.964   1.139   0.051   0.487   0.000 02T11DM000t
00039 ARG02A0040_039 f 0.00  0.000     0  0.00  0  0 -12.102   3.568   3.613   0.022   0.345   0.000 02T12DM000t
00040 ARG02A0040_040 f 0.00  0.000     0  0.00  0  0 -11.695   1.622   6.363   0.037   0.687   0.000 02T153M000t
00041 ARG03A0040_041 f 0.00  0.000     0  0.00  0  0 -11.793   1.016   3.690   0.041   1.049   0.000 03E10FM000t
00042 ARG03A0040_042 f 0.00  0.000     0  0.00  0  0 -12.013   1.845   3.586   0.006   1.038   0.000 03E123M000t
00043 ARG03A0040_043 f 0.00  0.000     0  0.00  0  0 -13.806   0.233   0.672   0.024   0.775   0.000 03O000M000t
00044 ARG03A0040_044 f 0.00  0.000     0  0.00  0  0 -11.729  -0.259   1.226  -0.049   0.857   0.000 03E02EM000t
00045 ARG03A0040_045 f 0.00  0.000     0  0.00  0  0 -13.126   4.120   5.617   0.022   0.374   0.000 03E09CM000t
00046 ARG03A0040_046 f 0.00  0.000     0  0.00  0  0 -12.238   0.029   1.232   0.058   0.750   0.000 03E0E3M000t
00047 ARG03A0040_047 f 0.00  0.000     0  0.00  0  0 -12.249   3.530   3.619   0.044   0.649   0.000 03E12DM000t
00048 ARG03A0040_048 f 0.00  0.000     0  0.00  0  0 -13.165   1.981   5.537   0.067   0.968   0.000 03T04CM000t
00049 ARG03A0040_049 f 0.00  0.000     0  0.00  0  0 -13.274   3.231   1.197   0.059   0.892   0.000 03T077M000t
00050 ARG03A0040_050 f 0.00  0.000     0  0.00  0  0 -13.731   5.767   0.601  -0.123   1.201   0.000 03T10CM000t
00051 ARG03A0040_051 f 0.00  0.000     0  0.00  0  0 -14.551   1.139   0.694   0.061   1.060   0.000 03T007M000t
00052 ARG03A0040_052 f 0.00  0.000     0  0.00  0  0 -11.771   1.619   6.359   0.042   0.917   0.000 03T153M000t
00053 ARG03A0040_053 f 0.00  0.000     0  0.00  0  0 -14.095   4.368   0.676   0.301   0.899   0.000 03T00BM000t
00054 ARG03A0040_054 f 0.00  0.000     0  0.00  0  0 -13.570   0.420   1.225   0.029   0.747   0.000 03T063M000t
00055 ARG03A0040_055 f 0.00  0.000     0  0.00  0  0 -11.428   3.431   3.798   0.039   0.630   0.000 03T136M000t
00056 ARG03A0040_056 f 0.00  0.000     0  0.00  0  0 -13.481   3.977   5.602   0.014   0.445   0.000 03T09BM000t
00057 ARG03A0040_057 f 0.00  0.000     0  0.00  0  0 -13.538   5.518   0.670   0.003   0.861   0.000 03T0F1M000t
00058 ARG03A0040_058 f 0.00  0.000     0  0.00  0  0 -12.977   2.974   1.138   0.034   0.780   0.000 03T11DM000t
00059 ARG03A0040_059 f 0.00  0.000     0  0.00  0  0 -12.793   0.751   3.592  -0.110   0.976   0.000 03T13EM000t
00060 ARG03A0040_060 f 0.00  0.000     0  0.00  0  0 -13.158   1.372   5.714   0.071   0.942   0.000 03T149M000t
00061 ARG+1A0040_061 f 0.00  1.000     0 12.50  0  1 -13.849   0.232   0.672   0.093  -0.183   0.000 +1O000M000t
00062 ARG+1A0040_062 f 0.00  1.000     0 12.50  0  1 -14.204   4.375   0.676   0.581   0.011   0.000 +1E00BM000t
00063 ARG+1A0040_063 f 0.00  1.000     0 12.50  0  1 -13.202   1.970   5.547   0.175  -0.226   0.000 +1E04CM000t
00064 ARG+1A0040_064 f 0.00  1.000     0 12.50  0  1 -13.614   0.419   1.228   0.100  -0.203   0.000 +1E063M000t
00065 ARG+1A0040_065 f 0.00  1.000     0 12.50  0  1 -13.310   3.199   1.197   0.092  -0.132   0.000 +1E077M000t
00066 ARG+1A0040_066 f 0.00  1.000     0 12.50  0  1 -13.455   3.989   5.628   0.097  -0.453   0.000 +1E09BM000t
00067 ARG+1A0040_067 f 0.00  1.000     0 12.50  0  1 -12.261   0.024   1.236   0.148  -0.344   0.000 +1E0E3M000t
00068 ARG+1A0040_068 f 0.00  1.000     0 12.50  0  1 -13.576   5.454   0.673   0.487   0.179   0.000 +1E0F1M000t
00069 ARG+1A0040_069 f 0.00  1.000     0 12.50  0  1 -13.713   5.794   0.600   0.589   0.082   0.000 +1E10CM000t
00070 ARG+1A0040_070 f 0.00  1.000     0 12.50  0  1 -13.023   2.957   1.142   0.159  -0.005   0.000 +1E11DM000t
00071 ARG+1A0040_071 f 0.00  1.000     0 12.50  0  1 -12.025   1.834   3.602   0.172  -0.032   0.000 +1E123M000t
00072 ARG+1A0040_072 f 0.00  1.000     0 12.50  0  1 -12.344   3.566   3.635   0.029  -0.078   0.000 +1E12DM000t
00073 ARG+1A0040_073 f 0.00  1.000     0 12.50  0  1 -11.518   3.445   3.804   0.111  -0.096   0.000 +1E136M000t
00074 ARG+1A0040_074 f 0.00  1.000     0 12.50  0  1 -11.759   1.617   6.363   0.120  -0.119   0.000 +1E153M000t
00075 ARG+1A0040_075 f 0.00  1.000     0 12.50  0  1 -14.589   1.149   0.698   0.169  -0.138   0.000 +1T007M000t
00076 ARG+1A0040_076 f 0.00  1.000     0 12.50  0  1 -11.827  -0.271   1.228   0.074   0.062   0.000 +1T02EM000t
00077 ARG+1A0040_077 f 0.00  1.000     0 12.50  0  1 -13.229   4.120   5.639   0.103  -0.286   0.000 +1T09CM000t
00078 ARG+1A0040_078 f 0.00  1.000     0 12.50  0  1 -11.855   1.018   3.697   0.262  -0.345   0.000 +1T10FM000t
00079 ARG+1A0040_079 f 0.00  1.000     0 12.50  0  1 -12.826   0.736   3.597  -0.270   0.269   0.000 +1T13EM000t
00080 ARG+1A0040_080 f 0.00  1.000     0 12.50  0  1 -13.262   1.371   5.718   0.154  -0.577   0.000 +1T149M000t
