   confID        vdw0    sas     sum
ARG01A0040_001   0.599 -14.386 -13.787
ARG01A0040_002   0.509 -15.126 -14.616
ARG01A0040_003   1.220 -14.503 -13.283
ARG01A0040_004   1.217 -14.828 -13.610
ARG01A0040_005   1.097 -14.449 -13.352
ARG01A0040_006   1.538 -14.756 -13.218
ARG01A0040_007   2.291 -14.673 -12.381
ARG01A0040_008   1.496 -14.960 -13.463
ARG01A0040_009   1.512 -14.301 -12.788
ARG01A0040_010   2.259 -14.142 -11.883
ARG01A0040_011   2.478 -14.817 -12.338
ARG01A0040_012   1.480 -14.788 -13.308
ARG01A0040_013   0.512 -14.553 -14.041
ARG01A0040_014   2.143 -13.829 -11.685
ARG01A0040_015   1.380 -15.063 -13.683
ARG01A0040_016   1.102 -14.640 -13.538
ARG01A0040_017   2.557 -14.321 -11.763
ARG01A0040_018   2.496 -14.077 -11.581
ARG01A0040_019   1.828 -14.496 -12.668
ARG01A0040_020   2.760 -14.364 -11.605
ARG02A0040_021   0.581 -14.386 -13.804
ARG02A0040_022   1.498 -14.901 -13.403
ARG02A0040_023   2.473 -14.252 -11.779
ARG02A0040_024   0.487 -14.650 -14.162
ARG02A0040_025   1.124 -14.696 -13.572
ARG02A0040_026   1.372 -14.626 -13.254
ARG02A0040_027   2.312 -14.521 -12.210
ARG02A0040_028   1.434 -14.640 -13.206
ARG02A0040_029   0.496 -14.978 -14.481
ARG02A0040_030   2.539 -14.260 -11.721
ARG02A0040_031   2.477 -14.009 -11.532
ARG02A0040_032   1.260 -14.348 -13.088
ARG02A0040_033   1.312 -14.529 -13.217
ARG02A0040_034   1.470 -14.953 -13.483
ARG02A0040_035   1.114 -14.676 -13.562
ARG02A0040_036   1.824 -14.628 -12.804
ARG02A0040_037   2.215 -13.896 -11.681
ARG02A0040_038   1.424 -14.340 -12.915
ARG02A0040_039   2.561 -14.663 -12.102
ARG02A0040_040   2.765 -14.461 -11.695
ARG03A0040_041   2.531 -14.324 -11.793
ARG03A0040_042   2.351 -14.364 -12.013
ARG03A0040_043   0.579 -14.386 -13.806
ARG03A0040_044   2.119 -13.848 -11.729
ARG03A0040_045   1.384 -14.510 -13.126
ARG03A0040_046   2.284 -14.521 -12.238
ARG03A0040_047   2.526 -14.776 -12.249
ARG03A0040_048   1.183 -14.348 -13.165
ARG03A0040_049   1.255 -14.529 -13.274
ARG03A0040_050   1.060 -14.791 -13.731
ARG03A0040_051   0.491 -15.042 -14.551
ARG03A0040_052   2.690 -14.461 -11.771
ARG03A0040_053   0.490 -14.585 -14.095
ARG03A0040_054   1.126 -14.696 -13.570
ARG03A0040_055   2.449 -13.877 -11.428
ARG03A0040_056   1.484 -14.965 -13.481
ARG03A0040_057   1.415 -14.953 -13.538
ARG03A0040_058   1.363 -14.340 -12.977
ARG03A0040_059   1.767 -14.560 -12.793
ARG03A0040_060   1.418 -14.576 -13.158
ARG+1A0040_061   0.536 -14.386 -13.849
ARG+1A0040_062   0.446 -14.650 -14.204
ARG+1A0040_063   1.146 -14.348 -13.202
ARG+1A0040_064   1.082 -14.696 -13.614
ARG+1A0040_065   1.219 -14.529 -13.310
ARG+1A0040_066   1.449 -14.904 -13.455
ARG+1A0040_067   2.261 -14.521 -12.261
ARG+1A0040_068   1.376 -14.953 -13.576
ARG+1A0040_069   1.014 -14.727 -13.713
ARG+1A0040_070   1.316 -14.340 -13.023
ARG+1A0040_071   2.339 -14.364 -12.025
ARG+1A0040_072   2.496 -14.840 -12.344
ARG+1A0040_073   2.427 -13.945 -11.518
ARG+1A0040_074   2.654 -14.413 -11.759
ARG+1A0040_075   0.453 -15.042 -14.589
ARG+1A0040_076   2.085 -13.912 -11.827
ARG+1A0040_077   1.345 -14.574 -13.229
ARG+1A0040_078   2.517 -14.372 -11.855
ARG+1A0040_079   1.734 -14.560 -12.826
ARG+1A0040_080   1.378 -14.640 -13.262
