iConf CONFORMER     FL  occ    crg   Em0  pKa0 ne nH    vdw0    vdw1    tors    epol   dsolv   extra    history
00001 HIS01A0285_001 f 0.00  0.000     0  0.00  0  0 -11.681  -0.388   0.007   0.330   0.549   0.000 01O000M000t
00002 HIS01A0285_002 f 0.00  0.000     0  0.00  0  0 -11.919  -0.365   0.007   0.401   0.097   0.000 01R001M000t
00003 HIS01A0285_003 f 0.00  0.000     0  0.00  0  0 -12.113   0.991   2.792   0.367   0.346   0.000 01E002M000t
00004 HIS01A0285_004 f 0.00  0.000     0  0.00  0  0 -11.901  -0.254   0.005   0.470   0.258   0.000 01E007M000t
00005 HIS01A0285_005 f 0.00  0.000     0  0.00  0  0 -11.449   3.228   0.001   0.396   0.445   0.000 01E008M000t
00006 HIS01A0285_006 f 0.00  0.000     0  0.00  0  0 -11.759   0.707   2.793   0.362   0.469   0.000 01E00FM000t
00007 HIS01A0285_007 f 0.00  0.000     0  0.00  0  0 -12.496   0.200   0.003   0.408   0.332   0.000 01E012M000t
00008 HIS01A0285_008 f 0.00  0.000     0  0.00  0  0 -11.957   0.548   0.008   0.476   0.277   0.000 01E013M000t
00009 HIS01A0285_009 f 0.00  0.000     0  0.00  0  0 -11.513  -0.128   0.005   0.330   0.432   0.000 01E019M000t
00010 HIS01A0285_010 f 0.00  0.000     0  0.00  0  0 -11.695   0.128   0.007   0.496   0.359   0.000 01E01BM000t
00011 HIS01A0285_011 f 0.00  0.000     0  0.00  0  0 -11.995   1.185   0.008   0.146   0.519   0.000 01T003M000t
00012 HIS01A0285_012 f 0.00  0.000     0  0.00  0  0 -11.605   5.121   2.792   0.407   0.497   0.000 01T004M000t
00013 HIS01A0285_013 f 0.00  0.000     0  0.00  0  0 -11.966   4.426   2.790  -0.039   0.574   0.000 01T006M000t
00014 HIS01A0285_014 f 0.00  0.000     0  0.00  0  0 -11.721   0.093   0.005   0.184   0.536   0.000 01T00AM000t
00015 HIS01A0285_015 f 0.00  0.000     0  0.00  0  0 -12.275   0.813   2.792   0.422   0.320   0.000 01T00EM000t
00016 HIS01A0285_016 f 0.00  0.000     0  0.00  0  0 -11.400   2.311   2.792   0.378   0.290   0.000 01T016M000t
00017 HIS01A0285_017 f 0.00  0.000     0  0.00  0  0 -12.339   1.285   0.000   0.411   0.360   0.000 01T01AM000t
00018 HIS01A0285_018 f 0.00  0.000     0  0.00  0  0 -11.796   1.767   2.792   0.100   0.480   0.000 01T020M000t
00019 HIS02A0285_019 f 0.00  0.000     0  0.00  0  0 -11.696  -0.435   0.007   0.172   0.125   0.000 02O000M000t
00020 HIS02A0285_020 f 0.00  0.000     0  0.00  0  0 -12.182   4.629   2.789   0.039   0.438   0.000 02E006M000t
00021 HIS02A0285_021 f 0.00  0.000     0  0.00  0  0 -11.922  -0.266   0.005   0.332   0.276   0.000 02E007M000t
00022 HIS02A0285_022 f 0.00  0.000     0  0.00  0  0 -11.716   0.115   0.004   0.334   0.404   0.000 02E00AM000t
00023 HIS02A0285_023 f 0.00  0.000     0  0.00  0  0 -12.516   0.190   0.003   0.382   0.178   0.000 02E012M000t
00024 HIS02A0285_024 f 0.00  0.000     0  0.00  0  0 -11.974   0.537   0.009   0.456   0.307   0.000 02E013M000t
00025 HIS02A0285_025 f 0.00  0.000     0  0.00  0  0 -11.538   2.301   2.792   0.361   0.281   0.000 02E016M000t
00026 HIS02A0285_026 f 0.00  0.000     0  0.00  0  0 -11.531  -0.139   0.005   0.198  -0.084   0.000 02E019M000t
00027 HIS02A0285_027 f 0.00  0.000     0  0.00  0  0 -11.718   0.118   0.007   0.410   0.243   0.000 02E01BM000t
00028 HIS02A0285_028 f 0.00  0.000     0  0.00  0  0 -11.662   3.247   2.786   0.255   0.295   0.000 02E01FM000t
00029 HIS02A0285_029 f 0.00  0.000     0  0.00  0  0 -11.817   1.774   2.792   0.034   0.330   0.000 02E020M000t
00030 HIS02A0285_030 f 0.00  0.000     0  0.00  0  0 -12.082   0.957   2.791   0.315   0.327   0.000 02T002M000t
00031 HIS02A0285_031 f 0.00  0.000     0  0.00  0  0 -12.076   1.095   0.010   0.781   0.337   0.000 02T003M000t
00032 HIS02A0285_032 f 0.00  0.000     0  0.00  0  0 -11.542   5.427   2.790   0.303   0.175   0.000 02T004M000t
00033 HIS02A0285_033 f 0.00  0.000     0  0.00  0  0 -11.530   3.502   0.001   0.282   0.377   0.000 02T008M000t
00034 HIS02A0285_034 f 0.00  0.000     0  0.00  0  0 -11.825  -0.571   0.006   0.249   0.168   0.000 02T009M000t
00035 HIS02A0285_035 f 0.00  0.000     0  0.00  0  0 -12.296   0.802   2.791   0.321   0.197   0.000 02T00EM000t
00036 HIS02A0285_036 f 0.00  0.000     0  0.00  0  0 -11.776   0.671   2.793   0.279   0.214   0.000 02T00FM000t
00037 HIS02A0285_037 f 0.00  0.000     0  0.00  0  0 -12.360   1.293   0.000   0.280   0.192   0.000 02T01AM000t
00038 HIS+1A0285_038 f 0.00  1.000     0  6.98  0  1 -11.722  -0.437   0.007   0.688  -0.396   0.000 +1O000M000t
00039 HIS+1A0285_039 f 0.00  1.000     0  6.98  0  1 -11.959  -0.374   0.007   0.712  -0.389   0.000 +1R001M000t
00040 HIS+1A0285_040 f 0.00  1.000     0  6.98  0  1 -12.154   0.955   2.792   0.591  -0.197   0.000 +1E002M000t
00041 HIS+1A0285_041 f 0.00  1.000     0  6.98  0  1 -11.473   5.427   2.791   0.545  -0.326   0.000 +1E004M000t
00042 HIS+1A0285_042 f 0.00  1.000     0  6.98  0  1 -11.949  -0.265   0.005   0.783  -0.324   0.000 +1E007M000t
00043 HIS+1A0285_043 f 0.00  1.000     0  6.98  0  1 -11.802   0.669   2.793   0.591  -0.255   0.000 +1E00FM000t
00044 HIS+1A0285_044 f 0.00  1.000     0  6.98  0  1 -11.563   2.291   2.792   0.677  -0.291   0.000 +1E016M000t
00045 HIS+1A0285_045 f 0.00  1.000     0  6.98  0  1 -12.297   1.321   0.001   0.732  -0.251   0.000 +1E01AM000t
00046 HIS+1A0285_046 f 0.00  1.000     0  6.98  0  1 -11.742   0.111   0.007   0.890  -0.269   0.000 +1E01BM000t
00047 HIS+1A0285_047 f 0.00  1.000     0  6.98  0  1 -12.037   1.090   0.009   1.263  -0.049   0.000 +1T003M000t
00048 HIS+1A0285_048 f 0.00  1.000     0  6.98  0  1 -11.862   4.647   2.790   0.867  -0.181   0.000 +1T006M000t
00049 HIS+1A0285_049 f 0.00  1.000     0  6.98  0  1 -11.556   3.488   0.001   0.723  -0.287   0.000 +1T008M000t
00050 HIS+1A0285_050 f 0.00  1.000     0  6.98  0  1 -11.691   0.122   0.004   0.864  -0.130   0.000 +1T00AM000t
00051 HIS+1A0285_051 f 0.00  1.000     0  6.98  0  1 -12.323   0.807   2.792   0.618  -0.314   0.000 +1T00EM000t
00052 HIS+1A0285_052 f 0.00  1.000     0  6.98  0  1 -12.522   0.182   0.003   0.688  -0.552   0.000 +1T012M000t
00053 HIS+1A0285_053 f 0.00  1.000     0  6.98  0  1 -11.888   0.496   0.008   0.749  -0.316   0.000 +1T013M000t
00054 HIS+1A0285_054 f 0.00  1.000     0  6.98  0  1 -11.607  -0.147   0.005   0.629  -0.582   0.000 +1T019M000t
00055 HIS+1A0285_055 f 0.00  1.000     0  6.98  0  1 -11.817   3.248   2.788   0.974  -0.328   0.000 +1T01FM000t
