CONFORMER         crg  vdw0  vdw1  tors  epol  self   occ  Hb     history    ASA
HIS01A0285_001  0.000-11.68 -0.39  0.01  0.00-12.06 0.514  00  01O000M000  1.000
HIS01A0285_002  0.000-11.92 -0.36  0.01  0.00-12.28 0.517  00  01R001M000  1.000
HIS01A0285_003  0.000-12.11  0.99  2.79  0.00 -8.33 0.515  00  01E002M000  1.000
HIS01A0285_004  0.000-11.85 -0.25  0.01  0.00-12.10 0.515  00  01E007M000  1.000
HIS01A0285_005  0.000-11.45  3.16  0.00  0.00 -8.29 0.516  00  01E008M000  1.000
HIS01A0285_006  0.000-11.76  0.71  2.79  0.00 -8.26 0.515  00  01E00FM000  1.000
HIS01A0285_007  0.000-12.50  0.09  0.00  0.00-12.40 0.512  00  01E012M000  1.000
HIS01A0285_008  0.000-11.96  0.51  0.01  0.00-11.44 0.516  00  01E013M000  1.000
HIS01A0285_009  0.000-11.51 -0.13  0.01  0.00-11.63 0.514  00  01E019M000  1.000
HIS01A0285_010  0.000-11.70  0.13  0.01  0.00-11.56 0.514  00  01E01BM000  1.000
HIS01A0285_011  0.000-12.00  1.14  0.01  0.00-10.85 0.515  00  01T003M000  1.000
HIS01A0285_012  0.000-11.61  5.12  2.79  0.00 -3.70 0.515  00  01T004M000  1.000
HIS01A0285_013  0.000-12.01  4.43  2.79  0.00 -4.79 0.516  00  01T006M000  1.000
HIS01A0285_014  0.000-11.72  0.09  0.00  0.00-11.62 0.514  00  01T00AM000  1.000
HIS01A0285_015  0.000-12.28  0.81  2.79  0.00 -8.67 0.515  00  01T00EM000  1.000
HIS01A0285_016  0.000-11.40  2.31  2.79  0.00 -6.30 0.515  00  01T016M000  1.000
HIS01A0285_017  0.000-12.34  1.22  0.00  0.00-11.12 0.514  00  01T01AM000  1.000
HIS01A0285_018  0.000-11.80  1.77  2.79  0.00 -7.24 0.513  00  01T020M000  1.000
HIS02A0285_019  0.000-11.70 -0.43  0.01  0.00-12.12 0.514  00  02O000M000  1.000
HIS02A0285_020  0.000-12.18  4.61  2.79  0.00 -4.78 0.516  00  02E006M000  1.000
HIS02A0285_021  0.000-11.94 -0.27  0.00  0.00-12.20 0.515  00  02E007M000  1.000
HIS02A0285_022  0.000-11.66  0.12  0.00  0.00-11.54 0.514  00  02E00AM000  1.000
HIS02A0285_023  0.000-12.52  0.08  0.00  0.00-12.43 0.512  00  02E012M000  1.000
HIS02A0285_024  0.000-11.98  0.49  0.01  0.00-11.47 0.516  00  02E013M000  1.000
HIS02A0285_025  0.000-11.54  2.29  2.79  0.00 -6.45 0.515  00  02E016M000  1.000
HIS02A0285_026  0.000-11.53 -0.14  0.00  0.00-11.67 0.514  00  02E019M000  1.000
HIS02A0285_027  0.000-11.72  0.12  0.01  0.00-11.59 0.514  00  02E01BM000  1.000
HIS02A0285_028  0.000-11.66  3.25  2.79  0.00 -5.63 0.514  00  02E01FM000  1.000
HIS02A0285_029  0.000-11.82  1.77  2.79  0.00 -7.25 0.513  00  02E020M000  1.000
HIS02A0285_030  0.000-12.15  0.96  2.79  0.00 -8.40 0.515  00  02T002M000  1.000
HIS02A0285_031  0.000-12.08  1.05  0.01  0.00-11.02 0.515  00  02T003M000  1.000
HIS02A0285_032  0.000-11.54  5.43  2.79  0.00 -3.33 0.515  00  02T004M000  1.000
HIS02A0285_033  0.000-11.53  3.44  0.00  0.00 -8.09 0.516  00  02T008M000  1.000
HIS02A0285_034  0.000-11.83 -0.57  0.01  0.00-12.39 0.515  00  02T009M000  1.000
HIS02A0285_035  0.000-12.30  0.80  2.79  0.00 -8.70 0.515  00  02T00EM000  1.000
HIS02A0285_036  0.000-11.78  0.67  2.79  0.00 -8.31 0.515  00  02T00FM000  1.000
HIS02A0285_037  0.000-12.36  1.22  0.00  0.00-11.13 0.514  00  02T01AM000  1.000
HIS+1A0285_038  1.000-11.72 -0.44  0.01  0.00-12.15 0.514  00  +1O000M000  1.000
HIS+1A0285_039  1.000-11.96 -0.37  0.01  0.00-12.33 0.517  00  +1R001M000  1.000
HIS+1A0285_040  1.000-12.15  0.96  2.79  0.00 -8.41 0.515  00  +1E002M000  1.000
HIS+1A0285_041  1.000-11.47  5.44  2.79  0.00 -3.24 0.515  00  +1E004M000  1.000
HIS+1A0285_042  1.000-11.90 -0.27  0.01  0.00-12.16 0.515  00  +1E007M000  1.000
HIS+1A0285_043  1.000-11.80  0.67  2.79  0.00 -8.34 0.515  00  +1E00FM000  1.000
HIS+1A0285_044  1.000-11.56  2.29  2.79  0.00 -6.48 0.515  00  +1E016M000  1.000
HIS+1A0285_045  1.000-12.30  1.25  0.00  0.00-11.04 0.514  00  +1E01AM000  1.000
HIS+1A0285_046  1.000-11.74  0.11  0.01  0.00-11.62 0.514  00  +1E01BM000  1.000
HIS+1A0285_047  1.000-12.04  1.05  0.01  0.00-10.98 0.515  00  +1T003M000  1.000
HIS+1A0285_048  1.000-11.86  4.66  2.79  0.00 -4.41 0.516  00  +1T006M000  1.000
HIS+1A0285_049  1.000-11.51  3.41  0.00  0.00 -8.10 0.516  00  +1T008M000  1.000
HIS+1A0285_050  1.000-11.69  0.12  0.00  0.00-11.56 0.514  00  +1T00AM000  1.000
HIS+1A0285_051  1.000-12.32  0.81  2.79  0.00 -8.73 0.515  00  +1T00EM000  1.000
HIS+1A0285_052  1.000-12.52  0.08  0.00  0.00-12.44 0.512  00  +1T012M000  1.000
HIS+1A0285_053  1.000-11.95  0.45  0.01  0.00-11.49 0.516  00  +1T013M000  1.000
HIS+1A0285_054  1.000-11.61 -0.15  0.01  0.00-11.75 0.514  00  +1T019M000  1.000
HIS+1A0285_055  1.000-11.86  3.25  2.79  0.00 -5.83 0.514  00  +1T01FM000  1.000
