CONFORMER         crg  vdw0  vdw1  tors  epol  self   occ  Hb     history    ASA
ARG01A0137_001  0.000-11.52  0.20  3.08  0.00 -8.23 0.502  00  01O000M000  1.000
ARG01A0137_002  0.000-12.28  0.84  1.57  0.00 -9.87 0.502  00  01E026M000  1.000
ARG01A0137_003  0.000-13.01  2.50  2.96  0.00 -7.54 0.502  00  01E052M000  1.000
ARG01A0137_004  0.000-12.77  2.86  3.98  0.00 -5.92 0.501  00  01E0E8M000  1.000
ARG01A0137_005  0.000-12.58  2.59  4.15  0.00 -5.84 0.502  00  01E105M000  1.000
ARG01A0137_006  0.000-12.35  2.58  3.85  0.00 -5.91 0.501  00  01E134M000  1.000
ARG01A0137_007  0.000-11.12  1.46  5.43  0.00 -4.23 0.501  00  01T008M000  1.000
ARG01A0137_008  0.000-13.14  1.29  3.28  0.00 -8.57 0.501  00  01T016M000  1.000
ARG01A0137_009  0.000-12.45  0.98  1.61  0.00 -9.86 0.501  00  01T02AM000  1.000
ARG01A0137_010  0.000-12.55  0.37  3.00  0.00 -9.18 0.502  00  01T048M000  1.000
ARG01A0137_011  0.000-13.78  0.40  3.65  0.00 -9.73 0.502  00  01T04AM000  1.000
ARG01A0137_012  0.000-13.06  2.54  6.28  0.00 -4.24 0.502  00  01T06BM000  1.000
ARG01A0137_013  0.000-12.49  2.51  0.65  0.00 -9.33 0.502  00  01T0A4M000  1.000
ARG01A0137_014  0.000-13.31  5.11  3.26  0.00 -4.95 0.502  00  01T0B7M000  1.000
ARG01A0137_015  0.000-13.04  1.73  3.12  0.00 -8.19 0.501  00  01T0D5M000  1.000
ARG01A0137_016  0.000-13.58  2.10  5.60  0.00 -5.88 0.501  00  01T0F6M000  1.000
ARG01A0137_017  0.000-13.56  1.47  5.93  0.00 -6.16 0.502  00  01T0F7M000  1.000
ARG01A0137_018  0.000-13.79  3.00  1.39  0.00 -9.40 0.501  00  01T11DM000  1.000
ARG01A0137_019  0.000-12.45  3.88  1.56  0.00 -7.02 0.501  00  01T12CM000  1.000
ARG01A0137_020  0.000-13.52  2.10  1.90  0.00 -9.52 0.502  00  01T140M000  1.000
ARG02A0137_021  0.000-11.30  1.74  5.41  0.00 -4.15 0.501  00  02E008M000  1.000
ARG02A0137_022  0.000-11.42  0.21  3.08  0.00 -8.13 0.502  00  02O000M000  1.000
ARG02A0137_023  0.000-12.52  0.84  1.52  0.00-10.17 0.502  00  02E026M000  1.000
ARG02A0137_024  0.000-12.96  2.82  3.82  0.00 -6.32 0.501  00  02E0E8M000  1.000
ARG02A0137_025  0.000-13.84  3.33  0.95  0.00 -9.56 0.501  00  02E11DM000  1.000
ARG02A0137_026  0.000-12.49  3.75  1.32  0.00 -7.42 0.501  00  02T12CM000  1.000
ARG02A0137_027  0.000-13.36  2.39  1.50  0.00 -9.48 0.502  00  02T140M000  1.000
ARG02A0137_028  0.000-12.53  0.36  2.97  0.00 -9.20 0.502  00  02T048M000  1.000
ARG02A0137_029  0.000-12.08  2.75  5.69  0.00 -3.63 0.502  00  02T06BM000  1.000
ARG02A0137_030  0.000-13.28  5.10  3.25  0.00 -4.94 0.502  00  02T0B7M000  1.000
ARG02A0137_031  0.000-13.59  1.57  5.18  0.00 -6.83 0.501  00  02T0F6M000  1.000
ARG02A0137_032  0.000-12.85  1.28  3.25  0.00 -8.32 0.501  00  02T016M000  1.000
ARG02A0137_033  0.000-12.71  2.39  2.86  0.00 -7.46 0.502  00  02T052M000  1.000
ARG02A0137_034  0.000-12.62  2.64  0.57  0.00 -9.42 0.502  00  02T0A4M000  1.000
ARG02A0137_035  0.000-12.44  0.95  1.60  0.00 -9.89 0.501  00  02T02AM000  1.000
ARG02A0137_036  0.000-12.76  0.40  2.75  0.00 -9.61 0.502  00  02T04AM000  1.000
ARG02A0137_037  0.000-12.82  2.28  2.90  0.00 -7.64 0.501  00  02T0D5M000  1.000
ARG02A0137_038  0.000-13.06  1.49  5.26  0.00 -6.31 0.502  00  02T0F7M000  1.000
ARG02A0137_039  0.000-13.17  2.76  3.78  0.00 -6.62 0.502  00  02T105M000  1.000
ARG02A0137_040  0.000-12.10  2.46  3.41  0.00 -6.23 0.501  00  02T134M000  1.000
ARG03A0137_041  0.000-11.54  0.20  3.08  0.00 -8.26 0.502  00  03O000M000  1.000
ARG03A0137_042  0.000-12.44  0.83  1.52  0.00-10.09 0.502  00  03E026M000  1.000
ARG03A0137_043  0.000-12.46  0.95  1.60  0.00 -9.92 0.501  00  03E02AM000  1.000
ARG03A0137_044  0.000-12.81  2.65  0.54  0.00 -9.62 0.502  00  03E0A4M000  1.000
ARG03A0137_045  0.000-13.33  5.09  3.25  0.00 -4.99 0.502  00  03E0B7M000  1.000
ARG03A0137_046  0.000-12.81  2.34  2.88  0.00 -7.59 0.501  00  03E0D5M000  1.000
ARG03A0137_047  0.000-12.96  2.82  3.80  0.00 -6.33 0.501  00  03E0E8M000  1.000
ARG03A0137_048  0.000-12.51  0.36  2.96  0.00 -9.19 0.502  00  03T048M000  1.000
ARG03A0137_049  0.000-12.74  2.40  2.84  0.00 -7.50 0.502  00  03T052M000  1.000
ARG03A0137_050  0.000-12.08  2.75  5.67  0.00 -3.66 0.502  00  03T06BM000  1.000
ARG03A0137_051  0.000-13.68  1.58  5.15  0.00 -6.95 0.501  00  03T0F6M000  1.000
ARG03A0137_052  0.000-13.92  3.33  0.94  0.00 -9.65 0.501  00  03T11DM000  1.000
ARG03A0137_053  0.000-13.37  2.37  1.45  0.00 -9.54 0.502  00  03T140M000  1.000
ARG03A0137_054  0.000-12.99  1.28  3.25  0.00 -8.47 0.501  00  03T016M000  1.000
ARG03A0137_055  0.000-12.92  0.40  2.71  0.00 -9.81 0.502  00  03T04AM000  1.000
ARG03A0137_056  0.000-13.17  1.49  5.25  0.00 -6.43 0.502  00  03T0F7M000  1.000
ARG03A0137_057  0.000-12.59  3.78  1.31  0.00 -7.50 0.501  00  03T12CM000  1.000
ARG03A0137_058  0.000-12.17  2.46  3.38  0.00 -6.32 0.501  00  03T134M000  1.000
ARG03A0137_059  0.000-11.09  1.88  5.46  0.00 -3.75 0.501  00  03T008M000  1.000
ARG03A0137_060  0.000-13.23  2.76  3.76  0.00 -6.71 0.502  00  03T105M000  1.000
ARG+1A0137_061  1.000-11.58  0.20  3.08  0.00 -8.30 0.502  00  +1O000M000  1.000
ARG+1A0137_062  1.000-12.64  0.83  1.53  0.00-10.28 0.502  00  +1E026M000  1.000
ARG+1A0137_063  1.000-12.51  0.95  1.60  0.00 -9.96 0.501  00  +1E02AM000  1.000
ARG+1A0137_064  1.000-12.58  0.36  2.98  0.00 -9.24 0.502  00  +1E048M000  1.000
ARG+1A0137_065  1.000-12.84  0.40  2.77  0.00 -9.68 0.502  00  +1E04AM000  1.000
ARG+1A0137_066  1.000-12.76  2.39  2.87  0.00 -7.50 0.502  00  +1E052M000  1.000
ARG+1A0137_067  1.000-12.72  2.63  0.57  0.00 -9.52 0.502  00  +1E0A4M000  1.000
ARG+1A0137_068  1.000-13.63  1.57  5.19  0.00 -6.86 0.501  00  +1E0F6M000  1.000
ARG+1A0137_069  1.000-12.76  3.78  1.33  0.00 -7.65 0.501  00  +1E12CM000  1.000
ARG+1A0137_070  1.000-11.13  1.88  5.48  0.00 -3.77 0.501  00  +1T008M000  1.000
ARG+1A0137_071  1.000-12.98  1.28  3.25  0.00 -8.44 0.501  00  +1T016M000  1.000
ARG+1A0137_072  1.000-12.10  2.75  5.70  0.00 -3.65 0.502  00  +1T06BM000  1.000
ARG+1A0137_073  1.000-13.32  5.10  3.25  0.00 -4.98 0.502  00  +1T0B7M000  1.000
ARG+1A0137_074  1.000-12.92  2.33  2.90  0.00 -7.68 0.501  00  +1T0D5M000  1.000
ARG+1A0137_075  1.000-13.07  2.83  3.82  0.00 -6.42 0.501  00  +1T0E8M000  1.000
ARG+1A0137_076  1.000-13.15  1.49  5.27  0.00 -6.39 0.502  00  +1T0F7M000  1.000
ARG+1A0137_077  1.000-13.28  2.77  3.79  0.00 -6.72 0.502  00  +1T105M000  1.000
ARG+1A0137_078  1.000-13.95  3.34  0.96  0.00 -9.65 0.501  00  +1T11DM000  1.000
ARG+1A0137_079  1.000-12.20  2.47  3.41  0.00 -6.32 0.501  00  +1T134M000  1.000
ARG+1A0137_080  1.000-13.20  2.39  1.50  0.00 -9.31 0.502  00  +1T140M000  1.000
