iConf CONFORMER     FL  occ    crg   Em0  pKa0 ne nH    vdw0    vdw1    tors    epol   dsolv   extra    history
00001 ARG01A0137_001 f 0.00  0.000     0  0.00  0  0 -11.522   0.200   3.084   0.035   0.140   0.000 01O000M000t
00002 ARG01A0137_002 f 0.00  0.000     0  0.00  0  0 -12.341   0.840   1.570   0.023  -0.034   0.000 01E026M000t
00003 ARG01A0137_003 f 0.00  0.000     0  0.00  0  0 -13.004   2.496   2.968   0.030   0.033   0.000 01E052M000t
00004 ARG01A0137_004 f 0.00  0.000     0  0.00  0  0 -12.766   2.859   3.977   0.036  -0.125   0.000 01E0E8M000t
00005 ARG01A0137_005 f 0.00  0.000     0  0.00  0  0 -12.520   2.589   4.158   0.050  -0.148   0.000 01E105M000t
00006 ARG01A0137_006 f 0.00  0.000     0  0.00  0  0 -12.351   2.582   3.856   0.035  -0.040   0.000 01E134M000t
00007 ARG01A0137_007 f 0.00  0.000     0  0.00  0  0 -11.125   1.449   5.428   0.063   0.401   0.000 01T008M000t
00008 ARG01A0137_008 f 0.00  0.000     0  0.00  0  0 -13.142   1.291   3.278  -0.017  -0.291   0.000 01T016M000t
00009 ARG01A0137_009 f 0.00  0.000     0  0.00  0  0 -12.458   0.984   1.615   0.063   0.069   0.000 01T02AM000t
00010 ARG01A0137_010 f 0.00  0.000     0  0.00  0  0 -12.549   0.367   2.995   0.022  -0.197   0.000 01T048M000t
00011 ARG01A0137_011 f 0.00  0.000     0  0.00  0  0 -13.780   0.406   3.666   0.005  -0.308   0.000 01T04AM000t
00012 ARG01A0137_012 f 0.00  0.000     0  0.00  0  0 -13.069   2.541   6.288   0.031  -0.082   0.000 01T06BM000t
00013 ARG01A0137_013 f 0.00  0.000     0  0.00  0  0 -12.488   2.509   0.656   0.000   0.133   0.000 01T0A4M000t
00014 ARG01A0137_014 f 0.00  0.000     0  0.00  0  0 -13.317   5.095   3.256   0.045  -0.152   0.000 01T0B7M000t
00015 ARG01A0137_015 f 0.00  0.000     0  0.00  0  0 -13.045   1.720   3.114   0.126  -0.092   0.000 01T0D5M000t
00016 ARG01A0137_016 f 0.00  0.000     0  0.00  0  0 -13.586   2.095   5.596   0.087  -0.013   0.000 01T0F6M000t
00017 ARG01A0137_017 f 0.00  0.000     0  0.00  0  0 -13.566   1.469   5.923   0.080   0.037   0.000 01T0F7M000t
00018 ARG01A0137_018 f 0.00  0.000     0  0.00  0  0 -13.791   2.998   1.396   0.041  -0.081   0.000 01T11DM000t
00019 ARG01A0137_019 f 0.00  0.000     0  0.00  0  0 -12.449   3.865   1.555  -0.119   0.198   0.000 01T12CM000t
00020 ARG01A0137_020 f 0.00  0.000     0  0.00  0  0 -13.524   2.098   1.914   0.130  -0.128   0.000 01T140M000t
00021 ARG02A0137_021 f 0.00  0.000     0  0.00  0  0 -11.305   1.738   5.415   0.123   1.229   0.000 02E008M000t
00022 ARG02A0137_022 f 0.00  0.000     0  0.00  0  0 -11.422   0.206   3.084  -0.036   0.623   0.000 02O000M000t
00023 ARG02A0137_023 f 0.00  0.000     0  0.00  0  0 -12.528   0.838   1.515   0.039   0.682   0.000 02E026M000t
00024 ARG02A0137_024 f 0.00  0.000     0  0.00  0  0 -12.966   2.826   3.817   0.053  -0.106   0.000 02E0E8M000t
00025 ARG02A0137_025 f 0.00  0.000     0  0.00  0  0 -13.838   3.331   0.950   0.043   0.861   0.000 02E11DM000t
00026 ARG02A0137_026 f 0.00  0.000     0  0.00  0  0 -12.488   3.751   1.323  -0.005   1.105   0.000 02T12CM000t
00027 ARG02A0137_027 f 0.00  0.000     0  0.00  0  0 -13.362   2.387   1.497   0.109   0.883   0.000 02T140M000t
00028 ARG02A0137_028 f 0.00  0.000     0  0.00  0  0 -12.533   0.362   2.971   0.041   0.686   0.000 02T048M000t
00029 ARG02A0137_029 f 0.00  0.000     0  0.00  0  0 -12.077   2.751   5.694   0.036   0.947   0.000 02T06BM000t
00030 ARG02A0137_030 f 0.00  0.000     0  0.00  0  0 -13.286   5.101   3.246   0.054   0.864   0.000 02T0B7M000t
00031 ARG02A0137_031 f 0.00  0.000     0  0.00  0  0 -13.583   1.569   5.184   0.090   0.765   0.000 02T0F6M000t
00032 ARG02A0137_032 f 0.00  0.000     0  0.00  0  0 -12.851   1.282   3.245  -0.007   0.713   0.000 02T016M000t
00033 ARG02A0137_033 f 0.00  0.000     0  0.00  0  0 -12.709   2.398   2.856   0.049   0.587   0.000 02T052M000t
00034 ARG02A0137_034 f 0.00  0.000     0  0.00  0  0 -12.621   2.637   0.567  -0.002   0.690   0.000 02T0A4M000t
00035 ARG02A0137_035 f 0.00  0.000     0  0.00  0  0 -12.439   0.955   1.598   0.029   0.714   0.000 02T02AM000t
00036 ARG02A0137_036 f 0.00  0.000     0  0.00  0  0 -12.759   0.401   2.750   0.014   0.357   0.000 02T04AM000t
00037 ARG02A0137_037 f 0.00  0.000     0  0.00  0  0 -12.752   2.262   2.903   0.092   0.831   0.000 02T0D5M000t
00038 ARG02A0137_038 f 0.00  0.000     0  0.00  0  0 -13.065   1.489   5.262   0.101   0.306   0.000 02T0F7M000t
00039 ARG02A0137_039 f 0.00  0.000     0  0.00  0  0 -13.225   2.759   3.783   0.031   0.716   0.000 02T105M000t
00040 ARG02A0137_040 f 0.00  0.000     0  0.00  0  0 -12.090   2.460   3.405   0.033   0.410   0.000 02T134M000t
00041 ARG03A0137_041 f 0.00  0.000     0  0.00  0  0 -11.548   0.198   3.084   0.015   1.070   0.000 03O000M000t
00042 ARG03A0137_042 f 0.00  0.000     0  0.00  0  0 -12.437   0.832   1.521   0.042   0.856   0.000 03E026M000t
00043 ARG03A0137_043 f 0.00  0.000     0  0.00  0  0 -12.466   0.944   1.599   0.048   0.857   0.000 03E02AM000t
00044 ARG03A0137_044 f 0.00  0.000     0  0.00  0  0 -12.805   2.645   0.543   0.008   0.914   0.000 03E0A4M000t
00045 ARG03A0137_045 f 0.00  0.000     0  0.00  0  0 -13.265   5.082   3.248   0.042   0.668   0.000 03E0B7M000t
00046 ARG03A0137_046 f 0.00  0.000     0  0.00  0  0 -12.814   2.333   2.885   0.136   0.944   0.000 03E0D5M000t
00047 ARG03A0137_047 f 0.00  0.000     0  0.00  0  0 -12.957   2.821   3.801   0.043   0.509   0.000 03E0E8M000t
00048 ARG03A0137_048 f 0.00  0.000     0  0.00  0  0 -12.574   0.359   2.960   0.038   0.579   0.000 03T048M000t
00049 ARG03A0137_049 f 0.00  0.000     0  0.00  0  0 -12.742   2.399   2.837   0.057   0.763   0.000 03T052M000t
00050 ARG03A0137_050 f 0.00  0.000     0  0.00  0  0 -12.069   2.743   5.670   0.036   0.757   0.000 03T06BM000t
00051 ARG03A0137_051 f 0.00  0.000     0  0.00  0  0 -13.608   1.570   5.150   0.079   0.804   0.000 03T0F6M000t
00052 ARG03A0137_052 f 0.00  0.000     0  0.00  0  0 -13.922   3.334   0.939   0.055   0.745   0.000 03T11DM000t
00053 ARG03A0137_053 f 0.00  0.000     0  0.00  0  0 -13.367   2.372   1.448   0.110   0.744   0.000 03T140M000t
00054 ARG03A0137_054 f 0.00  0.000     0  0.00  0  0 -12.990   1.279   3.246  -0.018   0.722   0.000 03T016M000t
00055 ARG03A0137_055 f 0.00  0.000     0  0.00  0  0 -12.918   0.398   2.710   0.029   0.408   0.000 03T04AM000t
00056 ARG03A0137_056 f 0.00  0.000     0  0.00  0  0 -13.164   1.487   5.248   0.086   0.838   0.000 03T0F7M000t
00057 ARG03A0137_057 f 0.00  0.000     0  0.00  0  0 -12.589   3.772   1.310  -0.072   0.989   0.000 03T12CM000t
00058 ARG03A0137_058 f 0.00  0.000     0  0.00  0  0 -12.166   2.463   3.382   0.043   0.903   0.000 03T134M000t
00059 ARG03A0137_059 f 0.00  0.000     0  0.00  0  0 -11.087   1.871   5.463   0.033   0.923   0.000 03T008M000t
00060 ARG03A0137_060 f 0.00  0.000     0  0.00  0  0 -13.235   2.757   3.763   0.043   0.624   0.000 03T105M000t
00061 ARG+1A0137_061 f 0.00  1.000     0 12.50  0  1 -11.588   0.197   3.084   0.129  -0.057   0.000 +1O000M000t
00062 ARG+1A0137_062 f 0.00  1.000     0 12.50  0  1 -12.644   0.835   1.525   0.189  -0.444   0.000 +1E026M000t
00063 ARG+1A0137_063 f 0.00  1.000     0 12.50  0  1 -12.509   0.952   1.604   0.112  -0.259   0.000 +1E02AM000t
00064 ARG+1A0137_064 f 0.00  1.000     0 12.50  0  1 -12.572   0.361   2.979   0.122  -0.350   0.000 +1E048M000t
00065 ARG+1A0137_065 f 0.00  1.000     0 12.50  0  1 -12.844   0.399   2.763   0.122  -0.150   0.000 +1E04AM000t
00066 ARG+1A0137_066 f 0.00  1.000     0 12.50  0  1 -12.763   2.392   2.866   0.178  -0.131   0.000 +1E052M000t
00067 ARG+1A0137_067 f 0.00  1.000     0 12.50  0  1 -12.724   2.630   0.571   0.115   0.002   0.000 +1E0A4M000t
00068 ARG+1A0137_068 f 0.00  1.000     0 12.50  0  1 -13.635   1.570   5.194   0.164  -0.481   0.000 +1E0F6M000t
00069 ARG+1A0137_069 f 0.00  1.000     0 12.50  0  1 -12.759   3.777   1.327   0.193   0.583   0.000 +1E12CM000t
00070 ARG+1A0137_070 f 0.00  1.000     0 12.50  0  1 -11.141   1.881   5.481   0.115  -0.112   0.000 +1T008M000t
00071 ARG+1A0137_071 f 0.00  1.000     0 12.50  0  1 -12.978   1.279   3.254   0.121  -0.356   0.000 +1T016M000t
00072 ARG+1A0137_072 f 0.00  1.000     0 12.50  0  1 -12.099   2.743   5.704   0.125  -0.292   0.000 +1T06BM000t
00073 ARG+1A0137_073 f 0.00  1.000     0 12.50  0  1 -13.324   5.097   3.253   0.150  -0.417   0.000 +1T0B7M000t
00074 ARG+1A0137_074 f 0.00  1.000     0 12.50  0  1 -12.848   2.326   2.906   0.175  -0.069   0.000 +1T0D5M000t
00075 ARG+1A0137_075 f 0.00  1.000     0 12.50  0  1 -13.064   2.825   3.820   0.094  -0.504   0.000 +1T0E8M000t
00076 ARG+1A0137_076 f 0.00  1.000     0 12.50  0  1 -13.147   1.485   5.274   0.168  -0.211   0.000 +1T0F7M000t
00077 ARG+1A0137_077 f 0.00  1.000     0 12.50  0  1 -13.275   2.761   3.794   0.119  -0.162   0.000 +1T105M000t
00078 ARG+1A0137_078 f 0.00  1.000     0 12.50  0  1 -13.946   3.339   0.962   0.227  -0.228   0.000 +1T11DM000t
00079 ARG+1A0137_079 f 0.00  1.000     0 12.50  0  1 -12.132   2.464   3.415   0.145  -0.315   0.000 +1T134M000t
00080 ARG+1A0137_080 f 0.00  1.000     0 12.50  0  1 -13.198   2.396   1.504   0.269  -0.463   0.000 +1T140M000t
