   confID        vdw0    sas     sum
ARG01A0137_001   2.085 -13.607 -11.522
ARG01A0137_002   1.856 -14.197 -12.341
ARG01A0137_003   1.769 -14.772 -13.004
ARG01A0137_004   1.824 -14.590 -12.766
ARG01A0137_005   1.814 -14.334 -12.520
ARG01A0137_006   2.596 -14.948 -12.351
ARG01A0137_007   2.658 -13.783 -11.125
ARG01A0137_008   1.529 -14.671 -13.142
ARG01A0137_009   1.685 -14.142 -12.458
ARG01A0137_010   1.888 -14.437 -12.549
ARG01A0137_011   1.096 -14.875 -13.780
ARG01A0137_012   1.843 -14.912 -13.069
ARG01A0137_013   1.798 -14.286 -12.488
ARG01A0137_014   1.130 -14.447 -13.317
ARG01A0137_015   1.820 -14.865 -13.045
ARG01A0137_016   1.630 -15.215 -13.586
ARG01A0137_017   1.437 -15.002 -13.566
ARG01A0137_018   1.252 -15.042 -13.791
ARG01A0137_019   2.019 -14.468 -12.449
ARG01A0137_020   1.187 -14.711 -13.524
ARG02A0137_021   2.799 -14.104 -11.305
ARG02A0137_022   2.185 -13.607 -11.422
ARG02A0137_023   1.913 -14.441 -12.528
ARG02A0137_024   1.743 -14.709 -12.966
ARG02A0137_025   1.118 -14.957 -13.838
ARG02A0137_026   1.896 -14.384 -12.488
ARG02A0137_027   1.500 -14.862 -13.362
ARG02A0137_028   1.873 -14.405 -12.533
ARG02A0137_029   2.555 -14.632 -12.077
ARG02A0137_030   1.109 -14.395 -13.286
ARG02A0137_031   1.664 -15.247 -13.583
ARG02A0137_032   1.569 -14.420 -12.851
ARG02A0137_033   1.781 -14.489 -12.709
ARG02A0137_034   2.012 -14.633 -12.621
ARG02A0137_035   1.767 -14.207 -12.439
ARG02A0137_036   1.647 -14.406 -12.759
ARG02A0137_037   1.811 -14.563 -12.752
ARG02A0137_038   1.908 -14.973 -13.065
ARG02A0137_039   1.738 -14.963 -13.225
ARG02A0137_040   2.683 -14.773 -12.090
ARG03A0137_041   2.059 -13.607 -11.548
ARG03A0137_042   1.837 -14.274 -12.437
ARG03A0137_043   1.673 -14.139 -12.466
ARG03A0137_044   1.890 -14.694 -12.805
ARG03A0137_045   1.117 -14.382 -13.265
ARG03A0137_046   1.749 -14.563 -12.814
ARG03A0137_047   1.688 -14.645 -12.957
ARG03A0137_048   1.864 -14.437 -12.574
ARG03A0137_049   1.699 -14.441 -12.742
ARG03A0137_050   2.563 -14.632 -12.069
ARG03A0137_051   1.639 -15.247 -13.608
ARG03A0137_052   1.031 -14.953 -13.922
ARG03A0137_053   1.495 -14.862 -13.367
ARG03A0137_054   1.494 -14.484 -12.990
ARG03A0137_055   1.599 -14.518 -12.918
ARG03A0137_056   1.873 -15.038 -13.164
ARG03A0137_057   1.863 -14.452 -12.589
ARG03A0137_058   2.604 -14.770 -12.166
ARG03A0137_059   2.841 -13.927 -11.087
ARG03A0137_060   1.667 -14.902 -13.235
ARG+1A0137_061   2.019 -13.607 -11.588
ARG+1A0137_062   1.797 -14.441 -12.644
ARG+1A0137_063   1.646 -14.155 -12.509
ARG+1A0137_064   1.833 -14.405 -12.572
ARG+1A0137_065   1.562 -14.406 -12.844
ARG+1A0137_066   1.678 -14.441 -12.763
ARG+1A0137_067   1.893 -14.617 -12.724
ARG+1A0137_068   1.612 -15.247 -13.635
ARG+1A0137_069   1.825 -14.584 -12.759
ARG+1A0137_070   2.787 -13.927 -11.141
ARG+1A0137_071   1.442 -14.420 -12.978
ARG+1A0137_072   2.533 -14.632 -12.099
ARG+1A0137_073   1.071 -14.395 -13.324
ARG+1A0137_074   1.716 -14.563 -12.848
ARG+1A0137_075   1.645 -14.709 -13.064
ARG+1A0137_076   1.827 -14.973 -13.147
ARG+1A0137_077   1.627 -14.902 -13.275
ARG+1A0137_078   1.008 -14.953 -13.946
ARG+1A0137_079   2.577 -14.709 -12.132
ARG+1A0137_080   1.484 -14.682 -13.198
