CONFORMER         crg  vdw0  vdw1  tors  epol  self   occ  Hb     history    ASA
LYS01A0113_001  0.000-12.22  1.11  1.17  0.00 -9.94 0.502  00  01O000M000  1.000
LYS01A0113_002  0.000-11.63  1.23  4.20  0.00 -6.20 0.501  00  01E01FM000  1.000
LYS01A0113_003  0.000-11.71  0.83  1.64  0.00 -9.24 0.501  00  01E04EM000  1.000
LYS01A0113_004  0.000-12.11  5.31  3.73  0.00 -3.08 0.501  00  01E066M000  1.000
LYS01A0113_005  0.000-11.18  3.56  1.60  0.00 -6.01 0.501  00  01E07DM000  1.000
LYS01A0113_006  0.000-12.62  2.31  1.12  0.00 -9.19 0.501  00  01E09BM000  1.000
LYS01A0113_007  0.000-11.96  0.98  3.56  0.00 -7.42 0.500  00  01E0ABM000  1.000
LYS01A0113_008  0.000-11.30  3.17  4.33  0.00 -3.80 0.501  00  01E114M000  1.000
LYS01A0113_009  0.000-11.46  2.24  6.68  0.00 -2.54 0.501  00  01E14AM000  1.000
LYS01A0113_010  0.000-11.18  1.95  6.37  0.00 -2.87 0.502  00  01E162M000  1.000
LYS01A0113_011  0.000 -6.20  0.98  1.31  0.00 -3.91 0.502  00  01E179M000  1.000
LYS01A0113_012  0.000-10.76  1.15  3.61  0.00 -6.01 0.501  00  01T01EM000  1.000
LYS01A0113_013  0.000-11.97  5.27  3.70  0.00 -2.99 0.501  00  01T067M000  1.000
LYS01A0113_014  0.000-11.39  2.34  4.24  0.00 -4.82 0.501  00  01T084M000  1.000
LYS01A0113_015  0.000-11.40  0.92  0.87  0.00 -9.61 0.501  00  01T0C3M000  1.000
LYS01A0113_016  0.000 -4.33  1.18  1.30  0.00 -1.85 0.501  00  01T100M000  1.000
LYS01A0113_017  0.000-10.89  3.14  3.75  0.00 -4.00 0.501  00  01T138M000  1.000
LYS01A0113_018  0.000-11.00  2.05  6.31  0.00 -2.63 0.501  00  01T164M000  1.000
LYS01A0113_019  0.000-11.65  1.25  4.06  0.00 -6.34 0.502  00  01T190M000  1.000
LYS01A0113_020  0.000-10.99  0.89  4.19  0.00 -5.91 0.501  00  01T1A1M000  1.000
LYS+1A0113_021  1.000-12.28  1.11  1.17  0.00-10.01 0.502  00  +1O000M000  1.000
LYS+1A0113_022  1.000-12.05  5.26  3.71  0.00 -3.08 0.501  00  +1E067M000  1.000
LYS+1A0113_023  1.000-11.20  3.57  1.61  0.00 -6.02 0.501  00  +1E07DM000  1.000
LYS+1A0113_024  1.000-11.46  0.91  0.88  0.00 -9.67 0.501  00  +1E0C3M000  1.000
LYS+1A0113_025  1.000 -4.41  1.17  1.30  0.00 -1.94 0.501  00  +1E100M000  1.000
LYS+1A0113_026  1.000-11.14  3.19  4.37  0.00 -3.58 0.501  00  +1E114M000  1.000
LYS+1A0113_027  1.000-10.94  3.12  3.79  0.00 -4.03 0.501  00  +1E138M000  1.000
LYS+1A0113_028  1.000-11.51  2.25  6.74  0.00 -2.52 0.501  00  +1E14AM000  1.000
LYS+1A0113_029  1.000-11.04  1.96  6.53  0.00 -2.54 0.502  00  +1E162M000  1.000
LYS+1A0113_030  1.000-10.99  2.05  6.35  0.00 -2.59 0.501  00  +1E164M000  1.000
LYS+1A0113_031  1.000 -6.07  0.99  1.31  0.00 -3.77 0.502  00  +1E179M000  1.000
LYS+1A0113_032  1.000-10.92  0.89  4.26  0.00 -5.77 0.501  00  +1E1A1M000  1.000
LYS+1A0113_033  1.000-10.85  1.15  3.62  0.00 -6.08 0.501  00  +1T01EM000  1.000
LYS+1A0113_034  1.000-11.58  1.23  4.22  0.00 -6.14 0.501  00  +1T01FM000  1.000
LYS+1A0113_035  1.000-11.79  0.83  1.65  0.00 -9.31 0.501  00  +1T04EM000  1.000
LYS+1A0113_036  1.000-12.15  5.31  3.73  0.00 -3.11 0.501  00  +1T066M000  1.000
LYS+1A0113_037  1.000-11.38  2.33  4.25  0.00 -4.80 0.501  00  +1T084M000  1.000
LYS+1A0113_038  1.000-12.64  2.33  1.13  0.00 -9.19 0.501  00  +1T09BM000  1.000
LYS+1A0113_039  1.000-12.07  0.98  3.59  0.00 -7.50 0.500  00  +1T0ABM000  1.000
LYS+1A0113_040  1.000-11.92  1.20  4.10  0.00 -6.62 0.502  00  +1T190M000  1.000
