iConf CONFORMER     FL  occ    crg   Em0  pKa0 ne nH    vdw0    vdw1    tors    epol   dsolv   extra    history
00001 LYS01A0113_001 f 0.00  0.000     0  0.00  0  0 -12.217   1.110   1.166  -0.016   0.012   0.000 01O000M000t
00002 LYS01A0113_002 f 0.00  0.000     0  0.00  0  0 -11.625   1.224   4.197  -0.017   0.029   0.000 01E01FM000t
00003 LYS01A0113_003 f 0.00  0.000     0  0.00  0  0 -11.704   0.829   1.641  -0.059   0.117   0.000 01E04EM000t
00004 LYS01A0113_004 f 0.00  0.000     0  0.00  0  0 -12.108   5.304   3.725  -0.009   0.033   0.000 01E066M000t
00005 LYS01A0113_005 f 0.00  0.000     0  0.00  0  0 -11.181   3.551   1.605  -0.005  -0.196   0.000 01E07DM000t
00006 LYS01A0113_006 f 0.00  0.000     0  0.00  0  0 -12.620   2.305   1.123  -0.019  -0.012   0.000 01E09BM000t
00007 LYS01A0113_007 f 0.00  0.000     0  0.00  0  0 -11.960   0.980   3.559  -0.018   0.029   0.000 01E0ABM000t
00008 LYS01A0113_008 f 0.00  0.000     0  0.00  0  0 -11.302   3.165   4.334  -0.197   0.102   0.000 01E114M000t
00009 LYS01A0113_009 f 0.00  0.000     0  0.00  0  0 -11.460   2.241   6.678  -0.015   0.010   0.000 01E14AM000t
00010 LYS01A0113_010 f 0.00  0.000     0  0.00  0  0 -11.182   1.940   6.373  -0.015  -0.135   0.000 01E162M000t
00011 LYS01A0113_011 f 0.00  0.000     0  0.00  0  0  -6.159   0.980   1.307  -0.015  -0.200   0.000 01E179M000t
00012 LYS01A0113_012 f 0.00  0.000     0  0.00  0  0 -10.760   1.150   3.606  -0.029   0.168   0.000 01T01EM000t
00013 LYS01A0113_013 f 0.00  0.000     0  0.00  0  0 -12.006   5.257   3.699  -0.002   0.083   0.000 01T067M000t
00014 LYS01A0113_014 f 0.00  0.000     0  0.00  0  0 -11.394   2.341   4.238  -0.018  -0.100   0.000 01T084M000t
00015 LYS01A0113_015 f 0.00  0.000     0  0.00  0  0 -11.397   0.917   0.874  -0.015   0.047   0.000 01T0C3M000t
00016 LYS01A0113_016 f 0.00  0.000     0  0.00  0  0  -4.335   1.177   1.300  -0.022   0.162   0.000 01T100M000t
00017 LYS01A0113_017 f 0.00  0.000     0  0.00  0  0 -10.892   3.146   3.749  -0.007  -0.140   0.000 01T138M000t
00018 LYS01A0113_018 f 0.00  0.000     0  0.00  0  0 -11.001   2.059   6.312  -0.014  -0.017   0.000 01T164M000t
00019 LYS01A0113_019 f 0.00  0.000     0  0.00  0  0 -11.647   1.246   4.060  -0.050  -0.007   0.000 01T190M000t
00020 LYS01A0113_020 f 0.00  0.000     0  0.00  0  0 -10.996   0.886   4.190  -0.014   0.062   0.000 01T1A1M000t
00021 LYS+1A0113_021 f 0.00  1.000     0 10.40  0  1 -12.282   1.107   1.166   0.079  -0.181   0.000 +1O000M000t
00022 LYS+1A0113_022 f 0.00  1.000     0 10.40  0  1 -12.181   5.265   3.706   0.083  -0.153   0.000 +1E067M000t
00023 LYS+1A0113_023 f 0.00  1.000     0 10.40  0  1 -11.198   3.573   1.608   0.021  -0.298   0.000 +1E07DM000t
00024 LYS+1A0113_024 f 0.00  1.000     0 10.40  0  1 -11.409   0.912   0.881   0.080  -0.353   0.000 +1E0C3M000t
00025 LYS+1A0113_025 f 0.00  1.000     0 10.40  0  1  -4.365   1.173   1.301   0.134   0.124   0.000 +1E100M000t
00026 LYS+1A0113_026 f 0.00  1.000     0 10.40  0  1 -11.133   3.176   4.372   0.454   0.108   0.000 +1E114M000t
00027 LYS+1A0113_027 f 0.00  1.000     0 10.40  0  1 -10.934   3.114   3.786   0.006  -0.197   0.000 +1E138M000t
00028 LYS+1A0113_028 f 0.00  1.000     0 10.40  0  1 -11.513   2.248   6.742   0.064  -0.120   0.000 +1E14AM000t
00029 LYS+1A0113_029 f 0.00  1.000     0 10.40  0  1 -11.038   1.966   6.530   0.082  -0.205   0.000 +1E162M000t
00030 LYS+1A0113_030 f 0.00  1.000     0 10.40  0  1 -10.991   2.056   6.350   0.052  -0.265   0.000 +1E164M000t
00031 LYS+1A0113_031 f 0.00  1.000     0 10.40  0  1  -6.137   0.990   1.312   0.061  -0.258   0.000 +1E179M000t
00032 LYS+1A0113_032 f 0.00  1.000     0 10.40  0  1 -10.863   0.885   4.263   0.094  -0.132   0.000 +1E1A1M000t
00033 LYS+1A0113_033 f 0.00  1.000     0 10.40  0  1 -10.849   1.153   3.619   0.080  -0.142   0.000 +1T01EM000t
00034 LYS+1A0113_034 f 0.00  1.000     0 10.40  0  1 -11.584   1.231   4.216   0.020  -0.260   0.000 +1T01FM000t
00035 LYS+1A0113_035 f 0.00  1.000     0 10.40  0  1 -11.786   0.824   1.649   0.221   0.125   0.000 +1T04EM000t
00036 LYS+1A0113_036 f 0.00  1.000     0 10.40  0  1 -12.146   5.316   3.728   0.052  -0.569   0.000 +1T066M000t
00037 LYS+1A0113_037 f 0.00  1.000     0 10.40  0  1 -11.382   2.330   4.245  -0.016  -0.008   0.000 +1T084M000t
00038 LYS+1A0113_038 f 0.00  1.000     0 10.40  0  1 -12.580   2.324   1.126   0.062  -0.524   0.000 +1T09BM000t
00039 LYS+1A0113_039 f 0.00  1.000     0 10.40  0  1 -12.071   0.985   3.587   0.089  -0.226   0.000 +1T0ABM000t
00040 LYS+1A0113_040 f 0.00  1.000     0 10.40  0  1 -11.922   1.200   4.098   0.181   0.165   0.000 +1T190M000t
