   confID        vdw0    sas     sum
LYS01A0113_001   0.514 -12.731 -12.217
LYS01A0113_002   1.093 -12.718 -11.625
LYS01A0113_003   1.175 -12.879 -11.704
LYS01A0113_004   0.496 -12.604 -12.108
LYS01A0113_005   1.140 -12.321 -11.181
LYS01A0113_006   0.406 -13.026 -12.620
LYS01A0113_007   0.661 -12.621 -11.960
LYS01A0113_008   1.371 -12.674 -11.302
LYS01A0113_009   1.141 -12.601 -11.460
LYS01A0113_010   1.603 -12.785 -11.182
LYS01A0113_011   6.020 -12.179  -6.159
LYS01A0113_012   1.009 -11.769 -10.760
LYS01A0113_013   0.748 -12.753 -12.006
LYS01A0113_014   1.441 -12.834 -11.394
LYS01A0113_015   1.008 -12.405 -11.397
LYS01A0113_016   7.422 -11.757  -4.335
LYS01A0113_017   1.558 -12.450 -10.892
LYS01A0113_018   1.507 -12.508 -11.001
LYS01A0113_019   1.198 -12.845 -11.647
LYS01A0113_020   1.619 -12.615 -10.996
LYS+1A0113_021   0.448 -12.731 -12.282
LYS+1A0113_022   0.708 -12.889 -12.181
LYS+1A0113_023   1.110 -12.308 -11.198
LYS+1A0113_024   0.996 -12.405 -11.409
LYS+1A0113_025   7.527 -11.892  -4.365
LYS+1A0113_026   1.309 -12.442 -11.133
LYS+1A0113_027   1.519 -12.453 -10.934
LYS+1A0113_028   1.088 -12.601 -11.513
LYS+1A0113_029   1.627 -12.665 -11.038
LYS+1A0113_030   1.466 -12.457 -10.991
LYS+1A0113_031   6.042 -12.179  -6.137
LYS+1A0113_032   1.594 -12.457 -10.863
LYS+1A0113_033   0.904 -11.753 -10.849
LYS+1A0113_034   1.018 -12.602 -11.584
LYS+1A0113_035   1.094 -12.879 -11.786
LYS+1A0113_036   0.458 -12.604 -12.146
LYS+1A0113_037   1.414 -12.796 -11.382
LYS+1A0113_038   0.369 -12.949 -12.580
LYS+1A0113_039   0.618 -12.689 -12.071
LYS+1A0113_040   1.157 -13.080 -11.922
