iConf CONFORMER     FL  occ    crg   Em0  pKa0 ne nH    vdw0    vdw1    tors    epol   dsolv   extra    history
00001 LYS01A0167_001 f 0.00  0.000     0  0.00  0  0 -11.905   0.836   2.175  -0.004   0.028   0.000 01O000M000t
00002 LYS01A0167_002 f 0.00  0.000     0  0.00  0  0 -10.413   1.761   3.257  -0.043  -0.060   0.000 01E046M000t
00003 LYS01A0167_003 f 0.00  0.000     0  0.00  0  0  -4.743   0.659   1.668  -0.011   0.134   0.000 01E0BCM000t
00004 LYS01A0167_004 f 0.00  0.000     0  0.00  0  0 -11.103   0.989   2.582  -0.008   0.102   0.000 01E0CDM000t
00005 LYS01A0167_005 f 0.00  0.000     0  0.00  0  0 -10.697   4.426   4.162  -0.037  -0.015   0.000 01E0F3M000t
00006 LYS01A0167_006 f 0.00  0.000     0  0.00  0  0 -10.618   4.593   3.257  -0.011  -0.056   0.000 01E0FAM000t
00007 LYS01A0167_007 f 0.00  0.000     0  0.00  0  0 -10.497   1.193   2.172  -0.023   0.078   0.000 01E136M000t
00008 LYS01A0167_008 f 0.00  0.000     0  0.00  0  0 -11.392   6.016   3.150  -0.024   0.069   0.000 01E190M000t
00009 LYS01A0167_009 f 0.00  0.000     0  0.00  0  0 -12.184   1.103   2.598  -0.012   0.081   0.000 01T05FM000t
00010 LYS01A0167_010 f 0.00  0.000     0  0.00  0  0 -11.486   6.217   2.550  -0.026   0.048   0.000 01T073M000t
00011 LYS01A0167_011 f 0.00  0.000     0  0.00  0  0 -12.410   7.287   1.800  -0.007   0.053   0.000 01T07AM000t
00012 LYS01A0167_012 f 0.00  0.000     0  0.00  0  0  -9.298   0.661   1.818   0.001   0.149   0.000 01T0BFM000t
00013 LYS01A0167_013 f 0.00  0.000     0  0.00  0  0 -10.616   4.610   2.421  -0.020   0.084   0.000 01T0F6M000t
00014 LYS01A0167_014 f 0.00  0.000     0  0.00  0  0  -8.321   1.224   4.282  -0.006  -0.139   0.000 01T138M000t
00015 LYS01A0167_015 f 0.00  0.000     0  0.00  0  0  -8.059   2.377   4.169  -0.015   0.119   0.000 01T16DM000t
00016 LYS01A0167_016 f 0.00  0.000     0  0.00  0  0 -10.747   4.111   3.511  -0.020   0.028   0.000 01T170M000t
00017 LYS01A0167_017 f 0.00  0.000     0  0.00  0  0 -11.188   4.541   2.119  -0.019  -0.138   0.000 01T175M000t
00018 LYS01A0167_018 f 0.00  0.000     0  0.00  0  0 -11.554   6.783   2.455   0.688   0.164   0.000 01T17CM000t
00019 LYS01A0167_019 f 0.00  0.000     0  0.00  0  0  -8.052   3.027   2.653  -0.017  -0.031   0.000 01T185M000t
00020 LYS+1A0167_020 f 0.00  1.000     0 10.40  0  1 -11.949   0.835   2.175   0.023  -0.520   0.000 +1O000M000t
00021 LYS+1A0167_021 f 0.00  1.000     0 10.40  0  1 -12.315   1.106   2.629   0.026  -0.074   0.000 +1E05FM000t
00022 LYS+1A0167_022 f 0.00  1.000     0 10.40  0  1 -12.338   7.582   1.837   0.014  -0.367   0.000 +1E07AM000t
00023 LYS+1A0167_023 f 0.00  1.000     0 10.40  0  1  -4.720   0.648   1.711   0.159   0.142   0.000 +1E0BCM000t
00024 LYS+1A0167_024 f 0.00  1.000     0 10.40  0  1  -9.387   0.658   1.841   0.145   0.214   0.000 +1E0BFM000t
00025 LYS+1A0167_025 f 0.00  1.000     0 10.40  0  1 -11.289   0.990   2.607   0.110  -0.052   0.000 +1E0CDM000t
00026 LYS+1A0167_026 f 0.00  1.000     0 10.40  0  1 -10.653   4.609   2.444   0.127   0.112   0.000 +1E0F6M000t
00027 LYS+1A0167_027 f 0.00  1.000     0 10.40  0  1 -10.626   4.619   3.279   0.090  -0.036   0.000 +1E0FAM000t
00028 LYS+1A0167_028 f 0.00  1.000     0 10.40  0  1  -7.902   0.884   3.254   0.157   0.250   0.000 +1E118M000t
00029 LYS+1A0167_029 f 0.00  1.000     0 10.40  0  1 -10.476   1.178   2.195   0.079   0.054   0.000 +1E136M000t
00030 LYS+1A0167_030 f 0.00  1.000     0 10.40  0  1  -8.030   2.382   4.201   0.041  -0.051   0.000 +1E16DM000t
00031 LYS+1A0167_031 f 0.00  1.000     0 10.40  0  1 -10.422   1.763   3.272   0.204  -0.408   0.000 +1T046M000t
00032 LYS+1A0167_032 f 0.00  1.000     0 10.40  0  1 -11.612   6.231   2.596  -0.008  -0.075   0.000 +1T073M000t
00033 LYS+1A0167_033 f 0.00  1.000     0 10.40  0  1 -10.887   4.466   4.281   0.082   0.054   0.000 +1T0F3M000t
00034 LYS+1A0167_034 f 0.00  1.000     0 10.40  0  1  -8.269   1.226   4.341   0.042  -0.421   0.000 +1T138M000t
00035 LYS+1A0167_035 f 0.00  1.000     0 10.40  0  1 -10.887   4.193   3.624   0.058  -0.179   0.000 +1T170M000t
00036 LYS+1A0167_036 f 0.00  1.000     0 10.40  0  1 -11.206   4.543   2.125   0.087  -0.256   0.000 +1T175M000t
00037 LYS+1A0167_037 f 0.00  1.000     0 10.40  0  1 -11.614   6.756   2.465   1.873   0.518   0.000 +1T17CM000t
00038 LYS+1A0167_038 f 0.00  1.000     0 10.40  0  1  -8.170   3.040   2.664   0.070  -0.234   0.000 +1T185M000t
00039 LYS+1A0167_039 f 0.00  1.000     0 10.40  0  1 -11.207   5.991   3.189   0.117  -0.206   0.000 +1T190M000t
