CONFORMER         crg  vdw0  vdw1  tors  epol  self   occ  Hb     history    ASA
LYS01A0167_001  0.000-11.90  0.84  2.17  0.00 -8.89 0.502  00  01O000M000  1.000
LYS01A0167_002  0.000-10.42  1.75  3.26  0.00 -5.40 0.501  00  01E046M000  1.000
LYS01A0167_003  0.000 -4.75  0.66  1.67  0.00 -2.43 0.502  00  01E0BCM000  1.000
LYS01A0167_004  0.000-11.17  0.99  2.58  0.00 -7.60 0.502  00  01E0CDM000  1.000
LYS01A0167_005  0.000-10.69  4.43  4.16  0.00 -2.11 0.501  00  01E0F3M000  1.000
LYS01A0167_006  0.000-10.62  4.59  3.26  0.00 -2.77 0.501  00  01E0FAM000  1.000
LYS01A0167_007  0.000-10.50  1.19  2.17  0.00 -7.14 0.502  00  01E136M000  1.000
LYS01A0167_008  0.000-11.39  6.02  3.15  0.00 -2.21 0.501  00  01E190M000  1.000
LYS01A0167_009  0.000-12.18  1.10  2.60  0.00 -8.48 0.501  00  01T05FM000  1.000
LYS01A0167_010  0.000-11.49  6.22  2.55  0.00 -2.72 0.501  00  01T073M000  1.000
LYS01A0167_011  0.000-12.41  7.27  1.80  0.00 -3.34 0.502  00  01T07AM000  1.000
LYS01A0167_012  0.000 -9.30  0.66  1.82  0.00 -6.82 0.501  00  01T0BFM000  1.000
LYS01A0167_013  0.000-10.61  4.60  2.42  0.00 -3.59 0.502  00  01T0F6M000  1.000
LYS01A0167_014  0.000 -8.34  1.23  4.28  0.00 -2.83 0.501  00  01T138M000  1.000
LYS01A0167_015  0.000 -8.06  2.38  4.17  0.00 -1.51 0.502  00  01T16DM000  1.000
LYS01A0167_016  0.000-10.75  4.12  3.51  0.00 -3.12 0.502  00  01T170M000  1.000
LYS01A0167_017  0.000-11.19  4.54  2.12  0.00 -4.53 0.501  00  01T175M000  1.000
LYS01A0167_018  0.000-11.55  6.78  2.45  0.00 -2.32 0.501  00  01T17CM000  1.000
LYS01A0167_019  0.000 -8.05  3.03  2.65  0.00 -2.37 0.501  00  01T185M000  1.000
LYS+1A0167_020  1.000-11.95  0.84  2.17  0.00 -8.94 0.502  00  +1O000M000  1.000
LYS+1A0167_021  1.000-12.31  1.10  2.63  0.00 -8.58 0.501  00  +1E05FM000  1.000
LYS+1A0167_022  1.000-12.34  7.57  1.84  0.00 -2.93 0.502  00  +1E07AM000  1.000
LYS+1A0167_023  1.000 -4.73  0.65  1.71  0.00 -2.37 0.502  00  +1E0BCM000  1.000
LYS+1A0167_024  1.000 -9.39  0.66  1.84  0.00 -6.89 0.501  00  +1E0BFM000  1.000
LYS+1A0167_025  1.000-11.29  0.99  2.61  0.00 -7.70 0.502  00  +1E0CDM000  1.000
LYS+1A0167_026  1.000-10.65  4.61  2.44  0.00 -3.60 0.502  00  +1E0F6M000  1.000
LYS+1A0167_027  1.000-10.63  4.62  3.28  0.00 -2.73 0.501  00  +1E0FAM000  1.000
LYS+1A0167_028  1.000 -7.90  0.88  3.25  0.00 -3.76 0.502  00  +1E118M000  1.000
LYS+1A0167_029  1.000-10.48  1.18  2.20  0.00 -7.10 0.502  00  +1E136M000  1.000
LYS+1A0167_030  1.000 -8.04  2.38  4.20  0.00 -1.46 0.502  00  +1E16DM000  1.000
LYS+1A0167_031  1.000-10.43  1.76  3.27  0.00 -5.40 0.501  00  +1T046M000  1.000
LYS+1A0167_032  1.000-11.61  6.23  2.60  0.00 -2.79 0.501  00  +1T073M000  1.000
LYS+1A0167_033  1.000-10.89  4.46  4.28  0.00 -2.15 0.501  00  +1T0F3M000  1.000
LYS+1A0167_034  1.000 -8.27  1.23  4.34  0.00 -2.70 0.501  00  +1T138M000  1.000
LYS+1A0167_035  1.000-10.89  4.20  3.62  0.00 -3.06 0.502  00  +1T170M000  1.000
LYS+1A0167_036  1.000-11.21  4.54  2.12  0.00 -4.55 0.501  00  +1T175M000  1.000
LYS+1A0167_037  1.000-11.61  6.76  2.46  0.00 -2.39 0.501  00  +1T17CM000  1.000
LYS+1A0167_038  1.000 -8.17  3.04  2.66  0.00 -2.47 0.501  00  +1T185M000  1.000
LYS+1A0167_039  1.000-11.21  5.99  3.19  0.00 -2.02 0.501  00  +1T190M000  1.000
