   confID        vdw0    sas     sum
LYS01A0167_001   0.641 -12.546 -11.905
LYS01A0167_002   1.718 -12.131 -10.413
LYS01A0167_003   6.695 -11.438  -4.743
LYS01A0167_004   0.797 -11.900 -11.103
LYS01A0167_005   1.179 -11.875 -10.697
LYS01A0167_006   1.801 -12.419 -10.618
LYS01A0167_007   1.603 -12.100 -10.497
LYS01A0167_008   1.334 -12.727 -11.392
LYS01A0167_009   0.581 -12.766 -12.184
LYS01A0167_010   0.769 -12.254 -11.486
LYS01A0167_011   0.398 -12.808 -12.410
LYS01A0167_012   2.397 -11.696  -9.298
LYS01A0167_013   1.186 -11.801 -10.616
LYS01A0167_014   4.315 -12.636  -8.321
LYS01A0167_015   4.598 -12.657  -8.059
LYS01A0167_016   1.485 -12.231 -10.747
LYS01A0167_017   1.212 -12.399 -11.188
LYS01A0167_018   1.144 -12.698 -11.554
LYS01A0167_019   4.231 -12.283  -8.052
LYS+1A0167_020   0.597 -12.546 -11.949
LYS+1A0167_021   0.519 -12.833 -12.315
LYS+1A0167_022   0.335 -12.673 -12.338
LYS+1A0167_023   6.718 -11.438  -4.720
LYS+1A0167_024   2.377 -11.763  -9.387
LYS+1A0167_025   0.730 -12.020 -11.289
LYS+1A0167_026   1.097 -11.750 -10.653
LYS+1A0167_027   1.755 -12.380 -10.626
LYS+1A0167_028   3.868 -11.770  -7.902
LYS+1A0167_029   1.521 -11.997 -10.476
LYS+1A0167_030   4.543 -12.573  -8.030
LYS+1A0167_031   1.726 -12.147 -10.422
LYS+1A0167_032   0.710 -12.322 -11.612
LYS+1A0167_033   1.017 -11.904 -10.887
LYS+1A0167_034   4.274 -12.543  -8.269
LYS+1A0167_035   1.447 -12.334 -10.887
LYS+1A0167_036   1.158 -12.364 -11.206
LYS+1A0167_037   1.084 -12.698 -11.614
LYS+1A0167_038   4.168 -12.338  -8.170
LYS+1A0167_039   1.316 -12.524 -11.207
