iConf CONFORMER     FL  occ    crg   Em0  pKa0 ne nH    vdw0    vdw1    tors    epol   dsolv   extra    history
00001 GLU01A0165_001 f 0.00  0.000     0  0.00  0  0  -0.932   4.904   3.639   0.231  -0.066   0.000 01O000M000t
00002 GLU01A0165_002 f 0.00  0.000     0  0.00  0  0  -4.124   2.513   4.294   0.173  -0.413   0.000 01E003M000t
00003 GLU01A0165_003 f 0.00  0.000     0  0.00  0  0  -0.997   4.904   0.919   0.086   0.584   0.000 01O000M000t
00004 GLU01A0165_004 f 0.00  0.000     0  0.00  0  0  -4.128   2.529   1.614   0.088   0.598   0.000 01E003M000t
00005 GLU01A0165_005 f 0.00  0.000     0  0.00  0  0  -4.243   2.525   4.280   0.138  -0.360   0.000 01T001M000t
00006 GLU01A0165_006 f 0.00  0.000     0  0.00  0  0  -3.648   2.571   3.317   0.043  -0.528   0.000 01T004M000t
00007 GLU01A0165_007 f 0.00  0.000     0  0.00  0  0  -4.254   2.540   1.595   0.095   0.600   0.000 01T001M000t
00008 GLU01A0165_008 f 0.00  0.000     0  0.00  0  0  -3.601   2.518   0.631   0.058   0.604   0.000 01T004M000t
00009 GLU01A0165_009 f 0.00  0.000     0  0.00  0  0  -1.857   3.524   0.506   0.094   0.637   0.000 01T000M000t
00010 GLU02A0165_010 f 0.00  0.000     0  0.00  0  0  -1.855   4.872   3.639   0.144  -0.703   0.000 02O000M000t
00011 GLU02A0165_011 f 0.00  0.000     0  0.00  0  0  -3.666   2.535   3.309   0.154  -0.396   0.000 02E002M000t
00012 GLU02A0165_012 f 0.00  0.000     0  0.00  0  0  -1.855   4.872   0.919   0.095   0.508   0.000 02O000M000t
00013 GLU02A0165_013 f 0.00  0.000     0  0.00  0  0  -3.383   2.494   0.649   0.078   0.465   0.000 02E004M000t
00014 GLU02A0165_014 f 0.00  0.000     0  0.00  0  0  -4.285   2.545   4.306   0.159  -0.671   0.000 02T001M000t
00015 GLU02A0165_015 f 0.00  0.000     0  0.00  0  0  -3.382   2.497   3.367   0.159  -0.400   0.000 02T004M000t
00016 GLU02A0165_016 f 0.00  0.000     0  0.00  0  0  -4.269   2.523   1.560   0.083   0.443   0.000 02T001M000t
00017 GLU02A0165_017 f 0.00  0.000     0  0.00  0  0  -3.665   2.538   0.589   0.089   0.536   0.000 02T002M000t
00018 GLU02A0165_018 f 0.00  0.000     0  0.00  0  0  -2.708   3.394   0.566   0.114   0.452   0.000 02T000M000t
00019 GLU-1A0165_019 f 0.00 -1.000     0  4.75  0 -1  -1.684   4.896   0.919  -0.155  -0.012   0.000 -1O000M000t
00020 GLU-1A0165_020 f 0.00 -1.000     0  4.75  0 -1  -4.257   2.516   1.492  -0.121  -0.141   0.000 -1E001M000t
00021 GLU-1A0165_021 f 0.00 -1.000     0  4.75  0 -1  -3.724   2.538   0.556  -0.119  -0.188   0.000 -1E002M000t
00022 GLU-1A0165_022 f 0.00 -1.000     0  4.75  0 -1  -3.708   2.578   0.582  -0.069  -0.221   0.000 -1E004M000t
00023 GLU-1A0165_023 f 0.00 -1.000     0  4.75  0 -1  -2.637   3.336   0.500  -0.176   0.014   0.000 -1X000M000t
