   confID        vdw0    sas     sum
GLU01A0165_001   3.899  -4.831  -0.932
GLU01A0165_002   0.785  -4.909  -4.124
GLU01A0165_003   3.899  -4.895  -0.997
GLU01A0165_004   0.789  -4.918  -4.128
GLU01A0165_005   0.677  -4.920  -4.243
GLU01A0165_006   1.065  -4.713  -3.648
GLU01A0165_007   0.679  -4.933  -4.254
GLU01A0165_008   1.091  -4.691  -3.601
GLU01A0165_009   3.073  -4.930  -1.857
GLU02A0165_010   3.106  -4.961  -1.855
GLU02A0165_011   1.191  -4.857  -3.666
GLU02A0165_012   3.106  -4.961  -1.855
GLU02A0165_013   1.186  -4.569  -3.383
GLU02A0165_014   0.631  -4.916  -4.285
GLU02A0165_015   1.187  -4.569  -3.382
GLU02A0165_016   0.630  -4.899  -4.269
GLU02A0165_017   1.191  -4.857  -3.665
GLU02A0165_018   2.147  -4.856  -2.708
GLU-1A0165_019   3.030  -4.714  -1.684
GLU-1A0165_020   0.505  -4.762  -4.257
GLU-1A0165_021   0.943  -4.668  -3.724
GLU-1A0165_022   0.951  -4.659  -3.708
GLU-1A0165_023   2.171  -4.809  -2.637
