iConf CONFORMER     FL  occ    crg   Em0  pKa0 ne nH    vdw0    vdw1    tors    epol   dsolv   extra    history
00001 HIS01A0081_001 f 0.00  0.000     0  0.00  0  0 -11.821   1.060   0.026   0.220   0.503   0.000 01O000M000t
00002 HIS01A0081_002 f 0.00  0.000     0  0.00  0  0 -11.390   2.904   2.771   0.310   0.554   0.000 01E004M000t
00003 HIS01A0081_003 f 0.00  0.000     0  0.00  0  0 -11.350   5.838   0.009   0.101   0.357   0.000 01E00CM000t
00004 HIS01A0081_004 f 0.00  0.000     0  0.00  0  0 -11.496   1.206   0.022   0.370   0.360   0.000 01E00DM000t
00005 HIS01A0081_005 f 0.00  0.000     0  0.00  0  0 -12.108   4.187   0.036   0.340   0.451   0.000 01E010M000t
00006 HIS01A0081_006 f 0.00  0.000     0  0.00  0  0 -11.634   4.382   0.035   0.523   0.405   0.000 01E011M000t
00007 HIS01A0081_007 f 0.00  0.000     0  0.00  0  0 -11.137   6.961   2.770   0.119   0.527   0.000 01T002M000t
00008 HIS01A0081_008 f 0.00  0.000     0  0.00  0  0 -11.724   1.848   0.025   0.265   0.384   0.000 01T003M000t
00009 HIS01A0081_009 f 0.00  0.000     0  0.00  0  0 -11.943   3.631   0.013   0.017   0.679   0.000 01T005M000t
00010 HIS01A0081_010 f 0.00  0.000     0  0.00  0  0 -11.788   1.927   0.016   0.321   0.262   0.000 01T008M000t
00011 HIS01A0081_011 f 0.00  0.000     0  0.00  0  0 -11.696   4.108   0.012   0.487   0.419   0.000 01T009M000t
00012 HIS01A0081_012 f 0.00  0.000     0  0.00  0  0 -11.282   5.926   2.773   0.307   0.326   0.000 01T00AM000t
00013 HIS01A0081_013 f 0.00  0.000     0  0.00  0  0 -11.210   3.687   0.022   0.314   0.222   0.000 01T00EM000t
00014 HIS01A0081_014 f 0.00  0.000     0  0.00  0  0 -11.020   4.645   0.008   0.325   0.307   0.000 01T00FM000t
00015 HIS01A0081_015 f 0.00  0.000     0  0.00  0  0 -11.987   6.268   2.762   0.186   0.487   0.000 01T012M000t
00016 HIS01A0081_016 f 0.00  0.000     0  0.00  0  0 -11.717   3.443   2.770   0.213   0.379   0.000 01T013M000t
00017 HIS01A0081_017 f 0.00  0.000     0  0.00  0  0 -11.499   4.263   2.758   0.314   0.276   0.000 01T015M000t
00018 HIS01A0081_018 f 0.00  0.000     0  0.00  0  0 -11.342   3.203   2.771   0.366   0.435   0.000 01T016M000t
00019 HIS02A0081_019 f 0.00  0.000     0  0.00  0  0 -11.840   1.033   0.026   0.155   0.310   0.000 02O000M000t
00020 HIS02A0081_020 f 0.00  0.000     0  0.00  0  0 -11.703   1.858   0.025   0.105   0.382   0.000 02E003M000t
00021 HIS02A0081_021 f 0.00  0.000     0  0.00  0  0 -11.408   2.858   2.772   0.143   0.287   0.000 02E004M000t
00022 HIS02A0081_022 f 0.00  0.000     0  0.00  0  0 -11.575   0.967   0.022   0.169   0.312   0.000 02E007M000t
00023 HIS02A0081_023 f 0.00  0.000     0  0.00  0  0 -11.693   1.929   0.016   0.246   0.146   0.000 02E008M000t
00024 HIS02A0081_024 f 0.00  0.000     0  0.00  0  0 -11.400   5.919   2.772   0.250   0.188   0.000 02E00AM000t
00025 HIS02A0081_025 f 0.00  0.000     0  0.00  0  0 -11.520   1.165   0.022   0.100   0.112   0.000 02E00DM000t
00026 HIS02A0081_026 f 0.00  0.000     0  0.00  0  0 -11.046   4.586   0.008   0.308   0.293   0.000 02E00FM000t
00027 HIS02A0081_027 f 0.00  0.000     0  0.00  0  0 -11.687   3.402   2.770   0.242   0.319   0.000 02E013M000t
00028 HIS02A0081_028 f 0.00  0.000     0  0.00  0  0 -11.222   7.071   2.770   0.220   0.394   0.000 02T002M000t
00029 HIS02A0081_029 f 0.00  0.000     0  0.00  0  0 -11.980   3.719   0.014   0.239   0.410   0.000 02T005M000t
00030 HIS02A0081_030 f 0.00  0.000     0  0.00  0  0 -11.654   4.205   0.012   0.404   0.041   0.000 02T009M000t
00031 HIS02A0081_031 f 0.00  0.000     0  0.00  0  0 -11.371   5.654   0.008   0.225   0.364   0.000 02T00CM000t
00032 HIS02A0081_032 f 0.00  0.000     0  0.00  0  0 -11.232   3.697   0.021   0.206   0.132   0.000 02T00EM000t
00033 HIS02A0081_033 f 0.00  0.000     0  0.00  0  0 -12.130   4.199   0.034   0.381   0.339   0.000 02T010M000t
00034 HIS02A0081_034 f 0.00  0.000     0  0.00  0  0 -11.590   4.333   0.036   0.426   0.186   0.000 02T011M000t
00035 HIS02A0081_035 f 0.00  0.000     0  0.00  0  0 -12.066   6.227   2.761   0.256   0.367   0.000 02T012M000t
00036 HIS02A0081_036 f 0.00  0.000     0  0.00  0  0 -11.411   4.275   2.763   0.257   0.144   0.000 02T015M000t
00037 HIS02A0081_037 f 0.00  0.000     0  0.00  0  0 -11.365   3.191   2.770   0.232   0.240   0.000 02T016M000t
00038 HIS+1A0081_038 f 0.00  1.000     0  6.98  0  1 -11.867   1.031   0.026   0.496  -0.319   0.000 +1O000M000t
00039 HIS+1A0081_039 f 0.00  1.000     0  6.98  0  1 -11.731   1.864   0.025   0.342  -0.179   0.000 +1E003M000t
00040 HIS+1A0081_040 f 0.00  1.000     0  6.98  0  1 -11.435   2.859   2.773   0.335  -0.233   0.000 +1E004M000t
00041 HIS+1A0081_041 f 0.00  1.000     0  6.98  0  1 -11.579   4.086   0.013   0.743  -0.620   0.000 +1E009M000t
00042 HIS+1A0081_042 f 0.00  1.000     0  6.98  0  1 -11.485   3.625   0.022   0.470  -0.159   0.000 +1E00EM000t
00043 HIS+1A0081_043 f 0.00  1.000     0  6.98  0  1 -11.682   4.419   0.032   0.265  -0.526   0.000 +1E011M000t
00044 HIS+1A0081_044 f 0.00  1.000     0  6.98  0  1 -11.714   3.393   2.771   0.432  -0.589   0.000 +1E013M000t
00045 HIS+1A0081_045 f 0.00  1.000     0  6.98  0  1 -11.343   3.184   2.772   0.427  -0.305   0.000 +1E016M000t
00046 HIS+1A0081_046 f 0.00  1.000     0  6.98  0  1 -11.248   7.045   2.770   0.451  -0.264   0.000 +1T002M000t
00047 HIS+1A0081_047 f 0.00  1.000     0  6.98  0  1 -12.006   3.717   0.015   0.588  -0.312   0.000 +1T005M000t
00048 HIS+1A0081_048 f 0.00  1.000     0  6.98  0  1 -11.551   0.966   0.023   0.450  -0.424   0.000 +1T007M000t
00049 HIS+1A0081_049 f 0.00  1.000     0  6.98  0  1 -11.836   1.914   0.016   0.522  -0.451   0.000 +1T008M000t
00050 HIS+1A0081_050 f 0.00  1.000     0  6.98  0  1 -11.377   5.905   2.772   0.454  -0.240   0.000 +1T00AM000t
00051 HIS+1A0081_051 f 0.00  1.000     0  6.98  0  1 -11.492   5.850   0.011   0.483   0.040   0.000 +1T00CM000t
00052 HIS+1A0081_052 f 0.00  1.000     0  6.98  0  1 -11.322   1.158   0.023   0.318  -0.279   0.000 +1T00DM000t
00053 HIS+1A0081_053 f 0.00  1.000     0  6.98  0  1 -11.071   4.778   0.010   0.587  -0.244   0.000 +1T00FM000t
00054 HIS+1A0081_054 f 0.00  1.000     0  6.98  0  1 -12.224   4.244   0.032   0.280  -0.451   0.000 +1T010M000t
00055 HIS+1A0081_055 f 0.00  1.000     0  6.98  0  1 -12.028   6.217   2.763   0.498  -0.193   0.000 +1T012M000t
00056 HIS+1A0081_056 f 0.00  1.000     0  6.98  0  1 -11.485   4.275   2.764   0.463  -0.387   0.000 +1T015M000t
