CONFORMER         crg  vdw0  vdw1  tors  epol  self   occ  Hb     history    ASA
HIS01A0081_001  0.000-11.82  1.06  0.03  0.00-10.74 0.520  00  01O000M000  1.000
HIS01A0081_002  0.000-11.39  2.90  2.77  0.00 -5.71 0.520  00  01E004M000  1.000
HIS01A0081_003  0.000-11.35  5.84  0.01  0.00 -5.50 0.523  00  01E00CM000  1.000
HIS01A0081_004  0.000-11.50  1.20  0.02  0.00-10.27 0.519  00  01E00DM000  1.000
HIS01A0081_005  0.000-12.04  4.18  0.04  0.00 -7.83 0.523  00  01E010M000  1.000
HIS01A0081_006  0.000-11.63  4.38  0.03  0.00 -7.22 0.522  00  01E011M000  1.000
HIS01A0081_007  0.000-11.14  6.98  2.77  0.00 -1.39 0.524  00  01T002M000  1.000
HIS01A0081_008  0.000-11.72  1.85  0.03  0.00 -9.85 0.523  00  01T003M000  1.000
HIS01A0081_009  0.000-11.94  3.63  0.01  0.00 -8.30 0.522  00  01T005M000  1.000
HIS01A0081_010  0.000-11.79  1.92  0.02  0.00 -9.85 0.523  00  01T008M000  1.000
HIS01A0081_011  0.000-11.70  4.10  0.01  0.00 -7.58 0.525  00  01T009M000  1.000
HIS01A0081_012  0.000-11.28  5.93  2.77  0.00 -2.58 0.519  00  01T00AM000  1.000
HIS01A0081_013  0.000-11.21  3.69  0.02  0.00 -7.50 0.521  00  01T00EM000  1.000
HIS01A0081_014  0.000-11.02  4.65  0.01  0.00 -6.37 0.523  00  01T00FM000  1.000
HIS01A0081_015  0.000-11.99  6.27  2.76  0.00 -2.96 0.522  00  01T012M000  1.000
HIS01A0081_016  0.000-11.72  3.44  2.77  0.00 -5.51 0.521  00  01T013M000  1.000
HIS01A0081_017  0.000-11.50  4.27  2.76  0.00 -4.47 0.521  00  01T015M000  1.000
HIS01A0081_018  0.000-11.34  3.21  2.77  0.00 -5.37 0.519  00  01T016M000  1.000
HIS02A0081_019  0.000-11.84  1.03  0.03  0.00-10.78 0.520  00  02O000M000  1.000
HIS02A0081_020  0.000-11.70  1.86  0.02  0.00 -9.82 0.523  00  02E003M000  1.000
HIS02A0081_021  0.000-11.41  2.85  2.77  0.00 -5.78 0.520  00  02E004M000  1.000
HIS02A0081_022  0.000-11.57  0.97  0.02  0.00-10.58 0.520  00  02E007M000  1.000
HIS02A0081_023  0.000-11.69  1.93  0.02  0.00 -9.75 0.523  00  02E008M000  1.000
HIS02A0081_024  0.000-11.35  5.91  2.77  0.00 -2.67 0.519  00  02E00AM000  1.000
HIS02A0081_025  0.000-11.52  1.16  0.02  0.00-10.33 0.519  00  02E00DM000  1.000
HIS02A0081_026  0.000-11.05  4.58  0.01  0.00 -6.46 0.523  00  02E00FM000  1.000
HIS02A0081_027  0.000-11.69  3.40  2.77  0.00 -5.52 0.521  00  02E013M000  1.000
HIS02A0081_028  0.000-11.22  7.07  2.77  0.00 -1.38 0.524  00  02T002M000  1.000
HIS02A0081_029  0.000-11.93  3.72  0.01  0.00 -8.20 0.522  00  02T005M000  1.000
HIS02A0081_030  0.000-11.65  4.20  0.01  0.00 -7.44 0.525  00  02T009M000  1.000
HIS02A0081_031  0.000-11.42  5.65  0.01  0.00 -5.76 0.523  00  02T00CM000  1.000
HIS02A0081_032  0.000-11.23  3.69  0.02  0.00 -7.52 0.521  00  02T00EM000  1.000
HIS02A0081_033  0.000-12.13  4.20  0.03  0.00 -7.90 0.523  00  02T010M000  1.000
HIS02A0081_034  0.000-11.59  4.32  0.04  0.00 -7.23 0.522  00  02T011M000  1.000
HIS02A0081_035  0.000-12.07  6.22  2.76  0.00 -3.08 0.522  00  02T012M000  1.000
HIS02A0081_036  0.000-11.41  4.28  2.76  0.00 -4.37 0.521  00  02T015M000  1.000
HIS02A0081_037  0.000-11.37  3.20  2.77  0.00 -5.40 0.519  00  02T016M000  1.000
HIS+1A0081_038  1.000-11.87  1.03  0.03  0.00-10.81 0.520  00  +1O000M000  1.000
HIS+1A0081_039  1.000-11.73  1.86  0.03  0.00 -9.84 0.523  00  +1E003M000  1.000
HIS+1A0081_040  1.000-11.44  2.85  2.77  0.00 -5.81 0.520  00  +1E004M000  1.000
HIS+1A0081_041  1.000-11.58  4.08  0.01  0.00 -7.49 0.525  00  +1E009M000  1.000
HIS+1A0081_042  1.000-11.49  3.62  0.02  0.00 -7.84 0.521  00  +1E00EM000  1.000
HIS+1A0081_043  1.000-11.68  4.41  0.03  0.00 -7.24 0.522  00  +1E011M000  1.000
HIS+1A0081_044  1.000-11.71  3.39  2.77  0.00 -5.55 0.521  00  +1E013M000  1.000
HIS+1A0081_045  1.000-11.34  3.18  2.77  0.00 -5.39 0.519  00  +1E016M000  1.000
HIS+1A0081_046  1.000-11.25  7.06  2.77  0.00 -1.42 0.524  00  +1T002M000  1.000
HIS+1A0081_047  1.000-12.01  3.71  0.01  0.00 -8.28 0.522  00  +1T005M000  1.000
HIS+1A0081_048  1.000-11.55  0.97  0.02  0.00-10.56 0.520  00  +1T007M000  1.000
HIS+1A0081_049  1.000-11.84  1.91  0.02  0.00 -9.91 0.523  00  +1T008M000  1.000
HIS+1A0081_050  1.000-11.38  5.91  2.77  0.00 -2.70 0.519  00  +1T00AM000  1.000
HIS+1A0081_051  1.000-11.49  5.85  0.01  0.00 -5.63 0.523  00  +1T00CM000  1.000
HIS+1A0081_052  1.000-11.39  1.16  0.02  0.00-10.21 0.519  00  +1T00DM000  1.000
HIS+1A0081_053  1.000-11.07  4.78  0.01  0.00 -6.28 0.523  00  +1T00FM000  1.000
HIS+1A0081_054  1.000-12.16  4.23  0.03  0.00 -7.89 0.523  00  +1T010M000  1.000
HIS+1A0081_055  1.000-12.03  6.22  2.76  0.00 -3.05 0.522  00  +1T012M000  1.000
HIS+1A0081_056  1.000-11.48  4.27  2.76  0.00 -4.45 0.521  00  +1T015M000  1.000
