   confID        vdw0    sas     sum
HIS01A0081_001  -0.184 -11.638 -11.821
HIS01A0081_002  -0.183 -11.207 -11.390
HIS01A0081_003  -0.244 -11.107 -11.350
HIS01A0081_004  -0.035 -11.461 -11.496
HIS01A0081_005  -0.245 -11.864 -12.108
HIS01A0081_006  -0.084 -11.551 -11.634
HIS01A0081_007  -0.171 -10.966 -11.137
HIS01A0081_008  -0.176 -11.549 -11.724
HIS01A0081_009  -0.326 -11.617 -11.943
HIS01A0081_010  -0.235 -11.553 -11.788
HIS01A0081_011  -0.071 -11.625 -11.696
HIS01A0081_012  -0.038 -11.245 -11.282
HIS01A0081_013  -0.236 -10.974 -11.210
HIS01A0081_014  -0.074 -10.946 -11.020
HIS01A0081_015  -0.328 -11.659 -11.987
HIS01A0081_016  -0.246 -11.471 -11.717
HIS01A0081_017  -0.233 -11.265 -11.499
HIS01A0081_018  -0.081 -11.262 -11.342
HIS02A0081_019  -0.202 -11.638 -11.840
HIS02A0081_020  -0.198 -11.505 -11.703
HIS02A0081_021  -0.200 -11.207 -11.408
HIS02A0081_022  -0.063 -11.512 -11.575
HIS02A0081_023  -0.256 -11.437 -11.693
HIS02A0081_024  -0.059 -11.340 -11.400
HIS02A0081_025  -0.059 -11.461 -11.520
HIS02A0081_026  -0.100 -10.946 -11.046
HIS02A0081_027  -0.265 -11.422 -11.687
HIS02A0081_028  -0.191 -11.031 -11.222
HIS02A0081_029  -0.342 -11.637 -11.980
HIS02A0081_030  -0.097 -11.557 -11.654
HIS02A0081_031  -0.257 -11.114 -11.371
HIS02A0081_032  -0.258 -10.974 -11.232
HIS02A0081_033  -0.265 -11.865 -12.130
HIS02A0081_034  -0.105 -11.485 -11.590
HIS02A0081_035  -0.342 -11.723 -12.066
HIS02A0081_036  -0.257 -11.154 -11.411
HIS02A0081_037  -0.104 -11.262 -11.365
HIS+1A0081_038  -0.229 -11.638 -11.867
HIS+1A0081_039  -0.226 -11.505 -11.731
HIS+1A0081_040  -0.228 -11.207 -11.435
HIS+1A0081_041  -0.126 -11.454 -11.579
HIS+1A0081_042  -0.284 -11.202 -11.485
HIS+1A0081_043  -0.132 -11.551 -11.682
HIS+1A0081_044  -0.292 -11.422 -11.714
HIS+1A0081_045  -0.131 -11.213 -11.343
HIS+1A0081_046  -0.217 -11.031 -11.248
HIS+1A0081_047  -0.369 -11.637 -12.006
HIS+1A0081_048  -0.088 -11.463 -11.551
HIS+1A0081_049  -0.283 -11.553 -11.836
HIS+1A0081_050  -0.086 -11.292 -11.377
HIS+1A0081_051  -0.285 -11.207 -11.492
HIS+1A0081_052  -0.086 -11.236 -11.322
HIS+1A0081_053  -0.126 -10.946 -11.071
HIS+1A0081_054  -0.291 -11.933 -12.224
HIS+1A0081_055  -0.369 -11.659 -12.028
HIS+1A0081_056  -0.284 -11.201 -11.485
