CONFORMER         crg  vdw0  vdw1  tors  epol  self   occ  Hb     history    ASA
LYS01A0110_001  0.000-12.04  1.50  1.03  0.00 -9.51 0.502  00  01O000M000  1.000
LYS01A0110_002  0.000-11.04  0.98  1.35  0.00 -8.70 0.502  00  01E009M000  1.000
LYS01A0110_003  0.000 -9.27  0.93  1.54  0.00 -6.80 0.502  00  01E03EM000  1.000
LYS01A0110_004  0.000-11.58  5.60  1.44  0.00 -4.54 0.502  00  01E041M000  1.000
LYS01A0110_005  0.000-10.50  3.58  1.49  0.00 -5.42 0.502  00  01E04AM000  1.000
LYS01A0110_006  0.000 -5.38  0.88  4.11  0.00 -0.39 0.501  00  01E076M000  1.000
LYS01A0110_007  0.000 -9.71  1.86  1.66  0.00 -6.20 0.502  00  01E092M000  1.000
LYS01A0110_008  0.000-10.03  5.61  1.45  0.00 -2.97 0.502  00  01E117M000  1.000
LYS01A0110_009  0.000-10.83  3.84  1.48  0.00 -5.50 0.502  00  01E11CM000  1.000
LYS01A0110_010  0.000 -9.77  3.41  3.70  0.00 -2.66 0.502  00  01E12CM000  1.000
LYS01A0110_011  0.000-11.22  4.23  4.20  0.00 -2.79 0.502  00  01T031M000  1.000
LYS01A0110_012  0.000 -6.36  0.51  3.51  0.00 -2.34 0.501  00  01T07BM000  1.000
LYS01A0110_013  0.000-10.76  4.58  3.61  0.00 -2.57 0.502  00  01T086M000  1.000
LYS01A0110_014  0.000 -9.77  0.74  4.21  0.00 -4.82 0.502  00  01T0AFM000  1.000
LYS01A0110_015  0.000 -9.81  4.23  4.20  0.00 -1.38 0.501  00  01T0E9M000  1.000
LYS01A0110_016  0.000-10.05  4.28  3.63  0.00 -2.14 0.501  00  01T0EBM000  1.000
LYS01A0110_017  0.000 -9.75  0.42  3.72  0.00 -5.61 0.501  00  01T102M000  1.000
LYS01A0110_018  0.000 -9.66  0.52  1.49  0.00 -7.65 0.502  00  01T107M000  1.000
LYS01A0110_019  0.000 -8.03  0.76  4.86  0.00 -2.40 0.502  00  01T113M000  1.000
LYS01A0110_020  0.000 -9.61  3.60  4.26  0.00 -1.75 0.501  00  01T126M000  1.000
LYS+1A0110_021  1.000-12.09  1.50  1.03  0.00 -9.56 0.502  00  +1O000M000  1.000
LYS+1A0110_022  1.000-11.03  0.98  1.35  0.00 -8.70 0.502  00  +1E009M000  1.000
LYS+1A0110_023  1.000 -9.32  0.93  1.54  0.00 -6.85 0.502  00  +1E03EM000  1.000
LYS+1A0110_024  1.000-11.44  5.85  1.44  0.00 -4.15 0.502  00  +1E041M000  1.000
LYS+1A0110_025  1.000 -5.52  0.88  4.12  0.00 -0.52 0.501  00  +1E076M000  1.000
LYS+1A0110_026  1.000 -9.83  0.41  3.72  0.00 -5.69 0.501  00  +1E102M000  1.000
LYS+1A0110_027  1.000 -9.75  0.51  1.49  0.00 -7.75 0.502  00  +1E107M000  1.000
LYS+1A0110_028  1.000 -9.71  3.59  4.27  0.00 -1.86 0.501  00  +1E126M000  1.000
LYS+1A0110_029  1.000 -9.85  3.42  3.71  0.00 -2.72 0.502  00  +1E12CM000  1.000
LYS+1A0110_030  1.000-11.27  4.26  4.20  0.00 -2.80 0.502  00  +1T031M000  1.000
LYS+1A0110_031  1.000-10.50  3.60  1.49  0.00 -5.40 0.502  00  +1T04AM000  1.000
LYS+1A0110_032  1.000 -6.34  0.51  3.53  0.00 -2.30 0.501  00  +1T07BM000  1.000
LYS+1A0110_033  1.000-10.77  4.58  3.61  0.00 -2.58 0.502  00  +1T086M000  1.000
LYS+1A0110_034  1.000 -9.79  1.81  1.66  0.00 -6.32 0.502  00  +1T092M000  1.000
LYS+1A0110_035  1.000 -9.79  0.74  4.22  0.00 -4.82 0.502  00  +1T0AFM000  1.000
LYS+1A0110_036  1.000 -9.86  4.24  4.21  0.00 -1.41 0.501  00  +1T0E9M000  1.000
LYS+1A0110_037  1.000-10.19  4.32  3.63  0.00 -2.24 0.501  00  +1T0EBM000  1.000
LYS+1A0110_038  1.000 -8.21  0.76  4.87  0.00 -2.59 0.502  00  +1T113M000  1.000
LYS+1A0110_039  1.000-10.03  5.76  1.45  0.00 -2.82 0.502  00  +1T117M000  1.000
LYS+1A0110_040  1.000-10.85  3.89  1.48  0.00 -5.48 0.502  00  +1T11CM000  1.000
