iConf CONFORMER     FL  occ    crg   Em0  pKa0 ne nH    vdw0    vdw1    tors    epol   dsolv   extra    history
00001 LYS01A0110_001 f 0.00  0.000     0  0.00  0  0 -12.041   1.499   1.032  -0.025  -0.071   0.000 01O000M000t
00002 LYS01A0110_002 f 0.00  0.000     0  0.00  0  0 -11.037   0.987   1.349  -0.009   0.039   0.000 01E009M000t
00003 LYS01A0110_003 f 0.00  0.000     0  0.00  0  0  -9.269   0.929   1.535  -0.016  -0.045   0.000 01E03EM000t
00004 LYS01A0110_004 f 0.00  0.000     0  0.00  0  0 -11.584   5.598   1.437  -0.017  -0.083   0.000 01E041M000t
00005 LYS01A0110_005 f 0.00  0.000     0  0.00  0  0 -10.500   3.589   1.494   0.003  -0.107   0.000 01E04AM000t
00006 LYS01A0110_006 f 0.00  0.000     0  0.00  0  0  -5.358   0.886   4.112  -0.003  -0.012   0.000 01E076M000t
00007 LYS01A0110_007 f 0.00  0.000     0  0.00  0  0  -9.712   1.858   1.660  -0.275   0.108   0.000 01E092M000t
00008 LYS01A0110_008 f 0.00  0.000     0  0.00  0  0 -10.030   5.608   1.447  -0.022  -0.083   0.000 01E117M000t
00009 LYS01A0110_009 f 0.00  0.000     0  0.00  0  0 -10.831   3.832   1.485  -0.057   0.125   0.000 01E11CM000t
00010 LYS01A0110_010 f 0.00  0.000     0  0.00  0  0  -9.767   3.414   3.698  -0.006  -0.009   0.000 01E12CM000t
00011 LYS01A0110_011 f 0.00  0.000     0  0.00  0  0 -11.224   4.230   4.197  -0.030   0.084   0.000 01T031M000t
00012 LYS01A0110_012 f 0.00  0.000     0  0.00  0  0  -6.341   0.512   3.512  -0.011   0.350   0.000 01T07BM000t
00013 LYS01A0110_013 f 0.00  0.000     0  0.00  0  0 -10.755   4.575   3.610   0.006  -0.023   0.000 01T086M000t
00014 LYS01A0110_014 f 0.00  0.000     0  0.00  0  0  -9.769   0.740   4.212  -0.013  -0.094   0.000 01T0AFM000t
00015 LYS01A0110_015 f 0.00  0.000     0  0.00  0  0  -9.813   4.223   4.202  -0.031   0.077   0.000 01T0E9M000t
00016 LYS01A0110_016 f 0.00  0.000     0  0.00  0  0 -10.048   4.270   3.629  -0.110  -0.102   0.000 01T0EBM000t
00017 LYS01A0110_017 f 0.00  0.000     0  0.00  0  0  -9.746   0.416   3.720  -0.028  -0.010   0.000 01T102M000t
00018 LYS01A0110_018 f 0.00  0.000     0  0.00  0  0  -9.659   0.517   1.489  -0.013  -0.143   0.000 01T107M000t
00019 LYS01A0110_019 f 0.00  0.000     0  0.00  0  0  -8.025   0.763   4.863  -0.011   0.058   0.000 01T113M000t
00020 LYS01A0110_020 f 0.00  0.000     0  0.00  0  0  -9.606   3.595   4.260   0.004   0.053   0.000 01T126M000t
00021 LYS+1A0110_021 f 0.00  1.000     0 10.40  0  1 -12.087   1.498   1.032   0.127  -0.240   0.000 +1O000M000t
00022 LYS+1A0110_022 f 0.00  1.000     0 10.40  0  1 -11.087   0.985   1.349   0.034  -0.321   0.000 +1E009M000t
00023 LYS+1A0110_023 f 0.00  1.000     0 10.40  0  1  -9.312   0.930   1.536   0.090  -0.305   0.000 +1E03EM000t
00024 LYS+1A0110_024 f 0.00  1.000     0 10.40  0  1 -11.440   5.831   1.439   0.110  -0.248   0.000 +1E041M000t
00025 LYS+1A0110_025 f 0.00  1.000     0 10.40  0  1  -5.530   0.877   4.117   0.098  -0.126   0.000 +1E076M000t
00026 LYS+1A0110_026 f 0.00  1.000     0 10.40  0  1  -9.836   0.416   3.725   0.077  -0.128   0.000 +1E102M000t
00027 LYS+1A0110_027 f 0.00  1.000     0 10.40  0  1  -9.745   0.512   1.488   0.084  -0.377   0.000 +1E107M000t
00028 LYS+1A0110_028 f 0.00  1.000     0 10.40  0  1  -9.714   3.583   4.271  -0.003  -0.131   0.000 +1E126M000t
00029 LYS+1A0110_029 f 0.00  1.000     0 10.40  0  1  -9.857   3.428   3.710   0.023  -0.154   0.000 +1E12CM000t
00030 LYS+1A0110_030 f 0.00  1.000     0 10.40  0  1 -11.268   4.261   4.198   0.143  -0.223   0.000 +1T031M000t
00031 LYS+1A0110_031 f 0.00  1.000     0 10.40  0  1 -10.497   3.602   1.492  -0.018  -0.208   0.000 +1T04AM000t
00032 LYS+1A0110_032 f 0.00  1.000     0 10.40  0  1  -6.362   0.509   3.528   0.092   0.180   0.000 +1T07BM000t
00033 LYS+1A0110_033 f 0.00  1.000     0 10.40  0  1 -10.775   4.580   3.611   0.043  -0.430   0.000 +1T086M000t
00034 LYS+1A0110_034 f 0.00  1.000     0 10.40  0  1  -9.794   1.812   1.658   1.344   0.921   0.000 +1T092M000t
00035 LYS+1A0110_035 f 0.00  1.000     0 10.40  0  1  -9.783   0.743   4.219   0.100  -0.174   0.000 +1T0AFM000t
00036 LYS+1A0110_036 f 0.00  1.000     0 10.40  0  1  -9.862   4.234   4.207   0.127  -0.049   0.000 +1T0E9M000t
00037 LYS+1A0110_037 f 0.00  1.000     0 10.40  0  1 -10.193   4.300   3.632   0.390   0.191   0.000 +1T0EBM000t
00038 LYS+1A0110_038 f 0.00  1.000     0 10.40  0  1  -8.176   0.756   4.865   0.159   0.007   0.000 +1T113M000t
00039 LYS+1A0110_039 f 0.00  1.000     0 10.40  0  1  -9.984   5.751   1.448   0.092  -0.241   0.000 +1T117M000t
00040 LYS+1A0110_040 f 0.00  1.000     0 10.40  0  1 -10.847   3.899   1.479   0.223  -0.478   0.000 +1T11CM000t
