   confID        vdw0    sas     sum
LYS01A0110_001   0.666 -12.708 -12.041
LYS01A0110_002   1.262 -12.299 -11.037
LYS01A0110_003   3.175 -12.443  -9.269
LYS01A0110_004   1.459 -13.042 -11.584
LYS01A0110_005   1.837 -12.337 -10.500
LYS01A0110_006   6.733 -12.091  -5.358
LYS01A0110_007   2.391 -12.103  -9.712
LYS01A0110_008   2.479 -12.509 -10.030
LYS01A0110_009   2.174 -13.005 -10.831
LYS01A0110_010   2.644 -12.411  -9.767
LYS01A0110_011   1.454 -12.678 -11.224
LYS01A0110_012   6.114 -12.455  -6.341
LYS01A0110_013   1.625 -12.380 -10.755
LYS01A0110_014   2.383 -12.152  -9.769
LYS01A0110_015   2.510 -12.322  -9.813
LYS01A0110_016   2.284 -12.332 -10.048
LYS01A0110_017   2.499 -12.245  -9.746
LYS01A0110_018   2.663 -12.322  -9.659
LYS01A0110_019   4.545 -12.570  -8.025
LYS01A0110_020   2.612 -12.219  -9.606
LYS+1A0110_021   0.621 -12.708 -12.087
LYS+1A0110_022   1.212 -12.299 -11.087
LYS+1A0110_023   3.132 -12.443  -9.312
LYS+1A0110_024   1.416 -12.855 -11.440
LYS+1A0110_025   6.652 -12.181  -5.530
LYS+1A0110_026   2.409 -12.245  -9.836
LYS+1A0110_027   2.577 -12.322  -9.745
LYS+1A0110_028   2.556 -12.270  -9.714
LYS+1A0110_029   2.554 -12.411  -9.857
LYS+1A0110_030   1.410 -12.678 -11.268
LYS+1A0110_031   1.789 -12.286 -10.497
LYS+1A0110_032   5.990 -12.352  -6.362
LYS+1A0110_033   1.553 -12.329 -10.775
LYS+1A0110_034   2.309 -12.103  -9.794
LYS+1A0110_035   2.317 -12.100  -9.783
LYS+1A0110_036   2.460 -12.322  -9.862
LYS+1A0110_037   2.178 -12.371 -10.193
LYS+1A0110_038   4.497 -12.673  -8.176
LYS+1A0110_039   2.422 -12.406  -9.984
LYS+1A0110_040   2.107 -12.953 -10.847
