CONFORMER         crg  vdw0  vdw1  tors  epol  self   occ  Hb     history    ASA
ASP01A0226_001  0.000 -4.16 -0.05  3.54  0.00 -0.67 0.521  00  01O000M000  1.037
ASP01A0226_002  0.000 -4.05  1.12  5.95  0.00  3.01 0.520  00  01E001M000  1.039
ASP01A0226_003  0.000 -4.66  1.35  2.74  0.00 -0.57 0.523  00  01E006M000  1.038
ASP01A0226_004  0.000 -4.12 -0.23  3.40  0.00 -0.95 0.520  00  01E008M000  1.040
ASP01A0226_005  0.000 -4.13  0.18  3.42  0.00 -0.53 0.522  00  01E00BM000  1.009
ASP01A0226_006  0.000 -4.06  0.94  6.06  0.00  2.93 0.518  00  01E016M000  1.019
ASP01A0226_007  0.000 -4.16 -0.05  0.82  0.00 -3.39 0.521  00  01O000M000  1.037
ASP01A0226_008  0.000 -4.00  0.90  0.73  0.00 -2.37 0.520  00  01E00CM000  1.003
ASP01A0226_009  0.000 -4.26  0.86  5.93  0.00  2.53 0.520  00  01T00AM000  1.039
ASP01A0226_010  0.000 -3.90 -0.30  3.39  0.00 -0.80 0.521  00  01T00DM000  1.009
ASP01A0226_011  0.000 -3.72  0.75  3.43  0.00  0.45 0.522  00  01T002M000  1.000
ASP01A0226_012  0.000 -3.91  0.93  5.91  0.00  2.93 0.519  00  01T004M000  1.000
ASP01A0226_013  0.000 -4.00  0.90  3.45  0.00  0.36 0.520  00  01T00CM000  1.003
ASP01A0226_014  0.000 -4.29  1.49  3.38  0.00  0.57 0.522  00  01T00FM000  1.009
ASP01A0226_015  0.000 -4.15 -0.24  3.36  0.00 -1.03 0.520  00  01T011M000  1.003
ASP01A0226_016  0.000 -3.89  0.91  3.22  0.00  0.25 0.519  00  01T004M000  1.000
ASP01A0226_017  0.000 -4.66  1.35  0.02  0.00 -3.29 0.523  00  01T006M000  1.038
ASP01A0226_018  0.000 -4.13  0.18  0.69  0.00 -3.26 0.522  00  01T00BM000  1.009
ASP01A0226_019  0.000 -4.06  1.16  3.23  0.00  0.33 0.520  00  01T001M000  1.064
ASP01A0226_020  0.000 -4.29  1.01  3.20  0.00 -0.08 0.520  00  01T00AM000  1.047
ASP01A0226_021  0.000 -4.17 -0.24  0.64  0.00 -3.77 0.520  00  01T011M000  1.009
ASP02A0226_022  0.000 -3.98 -0.16  3.54  0.00 -0.60 0.521  00  02O000M000  1.040
ASP02A0226_023  0.000 -3.82 -0.35  3.42  0.00 -0.75 0.522  00  02E003M000  1.000
ASP02A0226_024  0.000 -4.16  0.51  3.41  0.00 -0.24 0.522  00  02E00BM000  1.000
ASP02A0226_025  0.000 -4.49  1.22  2.75  0.00 -0.51 0.521  00  02E010M000  1.000
ASP02A0226_026  0.000 -3.98 -0.16  0.82  0.00 -3.32 0.521  00  02O000M000  1.040
ASP02A0226_027  0.000 -3.72  0.44  0.69  0.00 -2.59 0.522  00  02E002M000  1.000
ASP02A0226_028  0.000 -3.94  0.94  5.95  0.00  2.95 0.520  00  02T001M000  1.053
ASP02A0226_029  0.000 -3.79  0.84  5.92  0.00  2.97 0.519  00  02T004M000  1.000
ASP02A0226_030  0.000 -4.39  1.07  5.93  0.00  2.61 0.520  00  02T00AM000  1.032
ASP02A0226_031  0.000 -3.72  0.44  3.41  0.00  0.13 0.522  00  02T002M000  1.000
ASP02A0226_032  0.000 -4.72  1.92  2.74  0.00 -0.05 0.523  00  02T006M000  1.036
ASP02A0226_033  0.000 -4.04 -0.26  3.33  0.00 -0.97 0.520  00  02T008M000  1.031
ASP02A0226_034  0.000 -3.87 -0.38  3.35  0.00 -0.90 0.521  00  02T00DM000  1.014
ASP02A0226_035  0.000 -4.41  1.48  6.04  0.00  3.11 0.518  00  02T014M000  1.019
ASP02A0226_036  0.000 -4.05  0.90  6.00  0.00  2.85 0.518  00  02T016M000  1.025
ASP02A0226_037  0.000 -3.82 -0.35  0.68  0.00 -3.48 0.522  00  02T003M000  1.000
ASP02A0226_038  0.000 -4.39  1.07  3.21  0.00 -0.11 0.520  00  02T00AM000  1.032
ASP02A0226_039  0.000 -3.88  1.10  3.19  0.00  0.41 0.520  00  02T001M000  1.054
ASP02A0226_040  0.000 -4.72  1.92  0.02  0.00 -2.77 0.523  00  02T006M000  1.036
ASP02A0226_041  0.000 -4.22 -0.13  0.61  0.00 -3.74 0.520  00  02T011M000  1.014
ASP02A0226_042  0.000 -4.49  1.48  3.32  0.00  0.32 0.518  00  02T014M000  1.036
ASP02A0226_043  0.000 -4.05  0.90  3.28  0.00  0.13 0.518  00  02T016M000  1.025
ASP-1A0226_044 -1.000 -4.02 -0.14  0.82  0.00 -3.34 0.521  00  -1O000M000  1.038
ASP-1A0226_045 -1.000 -3.91  1.00  3.16  0.00  0.25 0.520  00  -1E001M000  1.049
ASP-1A0226_046 -1.000 -3.84 -0.32  0.65  0.00 -3.51 0.522  00  -1E003M000  1.000
ASP-1A0226_047 -1.000 -4.22  0.92  3.14  0.00 -0.16 0.520  00  -1E00AM000  1.037
ASP-1A0226_048 -1.000 -4.00  0.79  0.02  0.00 -3.19 0.522  00  -1E00EM000  1.003
ASP-1A0226_049 -1.000 -4.12 -0.23  0.64  0.00 -3.71 0.520  00  -1E011M000  1.003
ASP-1A0226_050 -1.000 -4.25  1.24  3.32  0.00  0.31 0.518  00  -1E014M000  1.027
