   confID        vdw0    sas     sum
ASP01A0226_001   0.560  -4.715  -4.155
ASP01A0226_002   0.565  -4.616  -4.051
ASP01A0226_003   0.097  -4.759  -4.662
ASP01A0226_004   0.509  -4.629  -4.120
ASP01A0226_005   0.300  -4.429  -4.128
ASP01A0226_006   0.535  -4.599  -4.063
ASP01A0226_007   0.560  -4.715  -4.155
ASP01A0226_008   0.406  -4.400  -3.994
ASP01A0226_009   0.369  -4.626  -4.257
ASP01A0226_010   0.517  -4.418  -3.901
ASP01A0226_011   0.567  -4.285  -3.718
ASP01A0226_012   0.559  -4.470  -3.912
ASP01A0226_013   0.406  -4.400  -3.994
ASP01A0226_014   0.288  -4.576  -4.289
ASP01A0226_015   0.356  -4.503  -4.147
ASP01A0226_016   0.562  -4.447  -3.885
ASP01A0226_017   0.098  -4.746  -4.648
ASP01A0226_018   0.301  -4.429  -4.128
ASP01A0226_019   0.561  -4.616  -4.055
ASP01A0226_020   0.347  -4.641  -4.293
ASP01A0226_021   0.356  -4.529  -4.173
ASP02A0226_022   0.719  -4.693  -3.974
ASP02A0226_023   0.731  -4.557  -3.827
ASP02A0226_024   0.229  -4.391  -4.162
ASP02A0226_025   0.042  -4.527  -4.486
ASP02A0226_026   0.719  -4.693  -3.974
ASP02A0226_027   0.737  -4.456  -3.719
ASP02A0226_028   0.736  -4.675  -3.939
ASP02A0226_029   0.737  -4.525  -3.788
ASP02A0226_030   0.314  -4.706  -4.393
ASP02A0226_031   0.737  -4.456  -3.720
ASP02A0226_032   0.040  -4.759  -4.719
ASP02A0226_033   0.629  -4.665  -4.036
ASP02A0226_034   0.646  -4.517  -3.871
ASP02A0226_035   0.226  -4.636  -4.409
ASP02A0226_036   0.667  -4.720  -4.053
ASP02A0226_037   0.734  -4.557  -3.823
ASP02A0226_038   0.314  -4.706  -4.393
ASP02A0226_039   0.733  -4.615  -3.882
ASP02A0226_040   0.040  -4.759  -4.719
ASP02A0226_041   0.289  -4.513  -4.224
ASP02A0226_042   0.226  -4.713  -4.487
ASP02A0226_043   0.667  -4.720  -4.053
ASP-1A0226_044   0.533  -4.551  -4.018
ASP-1A0226_045   0.542  -4.448  -3.906
ASP-1A0226_046   0.540  -4.379  -3.839
ASP-1A0226_047   0.257  -4.482  -4.226
ASP-1A0226_048   0.166  -4.168  -4.002
ASP-1A0226_049   0.266  -4.388  -4.122
ASP-1A0226_050   0.210  -4.457  -4.247
