iConf CONFORMER     FL  occ    crg   Em0  pKa0 ne nH    vdw0    vdw1    tors    epol   dsolv   extra    history
00001 ASP01A0219_001 f 0.00  0.000     0  0.00  0  0  -4.565   2.700   2.898   1.210  -0.193   0.000 01O000M000t
00002 ASP01A0219_002 f 0.00  0.000     0  0.00  0  0  -4.336   1.557   3.258   0.102  -0.781   0.000 01E002M000t
00003 ASP01A0219_003 f 0.00  0.000     0  0.00  0  0  -4.255   1.085   6.050   0.331  -0.579   0.000 01E003M000t
00004 ASP01A0219_004 f 0.00  0.000     0  0.00  0  0  -4.566   2.703   0.178   0.145   0.501   0.000 01O000M000t
00005 ASP01A0219_005 f 0.00  0.000     0  0.00  0  0  -4.119   1.130   3.320   0.199   0.474   0.000 01E003M000t
00006 ASP01A0219_006 f 0.00  0.000     0  0.00  0  0  -4.098   0.875   0.467   0.080   0.578   0.000 01E005M000t
00007 ASP01A0219_007 f 0.00  0.000     0  0.00  0  0  -4.155   2.498   3.257   0.378  -0.662   0.000 01T006M000t
00008 ASP01A0219_008 f 0.00  0.000     0  0.00  0  0  -4.133   0.875   3.167   0.094  -0.717   0.000 01T005M000t
00009 ASP01A0219_009 f 0.00  0.000     0  0.00  0  0  -4.012   2.859   0.504   0.286   0.582   0.000 01T006M000t
00010 ASP02A0219_010 f 0.00  0.000     0  0.00  0  0  -4.485   2.006   2.898   0.074  -0.533   0.000 02O000M000t
00011 ASP02A0219_011 f 0.00  0.000     0  0.00  0  0  -4.172   0.971   3.253   0.314  -0.443   0.000 02E005M000t
00012 ASP02A0219_012 f 0.00  0.000     0  0.00  0  0  -4.485   2.006   0.178   0.075   0.776   0.000 02O000M000t
00013 ASP02A0219_013 f 0.00  0.000     0  0.00  0  0  -4.168   3.071   0.582   0.200   0.741   0.000 02E006M000t
00014 ASP02A0219_014 f 0.00  0.000     0  0.00  0  0  -4.366   1.978   3.303   1.527   0.251   0.000 02T002M000t
00015 ASP02A0219_015 f 0.00  0.000     0  0.00  0  0  -4.121   1.039   6.012   0.248  -0.592   0.000 02T003M000t
00016 ASP02A0219_016 f 0.00  0.000     0  0.00  0  0  -4.236   1.201   3.691   0.131  -0.583   0.000 02T004M000t
00017 ASP02A0219_017 f 0.00  0.000     0  0.00  0  0  -4.168   3.071   3.298  -0.126   0.010   0.000 02T006M000t
00018 ASP02A0219_018 f 0.00  0.000     0  0.00  0  0  -4.077   0.958   3.299   0.182   0.710   0.000 02T003M000t
00019 ASP02A0219_019 f 0.00  0.000     0  0.00  0  0  -4.171   0.970   0.522   0.128   0.737   0.000 02T005M000t
00020 ASP-1A0219_020 f 0.00 -1.000     0  4.75  0 -1  -4.296   2.025   0.178  -0.702  -0.099   0.000 -1O000M000t
00021 ASP-1A0219_021 f 0.00 -1.000     0  4.75  0 -1  -4.085   0.981   3.215  -0.303  -0.274   0.000 -1E003M000t
00022 ASP-1A0219_022 f 0.00 -1.000     0  4.75  0 -1  -4.212   1.108   0.949  -0.349  -0.148   0.000 -1E004M000t
00023 ASP-1A0219_023 f 0.00 -1.000     0  4.75  0 -1  -4.200   2.648   0.511   0.274   0.095   0.000 -1E006M000t
