   confID        vdw0    sas     sum
ASP01A0219_001   0.037  -4.602  -4.565
ASP01A0219_002   0.358  -4.694  -4.336
ASP01A0219_003   0.282  -4.537  -4.255
ASP01A0219_004   0.036  -4.602  -4.566
ASP01A0219_005   0.277  -4.396  -4.119
ASP01A0219_006   0.333  -4.432  -4.098
ASP01A0219_007   0.383  -4.538  -4.155
ASP01A0219_008   0.333  -4.466  -4.133
ASP01A0219_009   0.366  -4.377  -4.012
ASP02A0219_010   0.091  -4.576  -4.485
ASP02A0219_011   0.259  -4.430  -4.172
ASP02A0219_012   0.091  -4.576  -4.485
ASP02A0219_013   0.289  -4.457  -4.168
ASP02A0219_014   0.267  -4.633  -4.366
ASP02A0219_015   0.323  -4.445  -4.121
ASP02A0219_016   0.366  -4.602  -4.236
ASP02A0219_017   0.289  -4.457  -4.168
ASP02A0219_018   0.332  -4.408  -4.077
ASP02A0219_019   0.259  -4.430  -4.171
ASP-1A0219_020   0.031  -4.328  -4.296
ASP-1A0219_021   0.234  -4.319  -4.085
ASP-1A0219_022   0.279  -4.491  -4.212
ASP-1A0219_023   0.257  -4.457  -4.200
