iConf CONFORMER     FL  occ    crg   Em0  pKa0 ne nH    vdw0    vdw1    tors    epol   dsolv   extra    history
00001 ARG01A0096_001 f 0.00  0.000     0  0.00  0  0 -12.062   0.174   1.167   0.024   0.029   0.000 01O000M000t
00002 ARG01A0096_002 f 0.00  0.000     0  0.00  0  0  -9.643   1.209   3.808   0.025  -0.282   0.000 01E01CM000t
00003 ARG01A0096_003 f 0.00  0.000     0  0.00  0  0  -9.219   1.211   4.038   0.029  -0.322   0.000 01E02CM000t
00004 ARG01A0096_004 f 0.00  0.000     0  0.00  0  0 -11.887   1.350   1.063   0.041  -0.200   0.000 01E044M000t
00005 ARG01A0096_005 f 0.00  0.000     0  0.00  0  0 -11.665   0.009   1.316   0.034  -0.356   0.000 01E053M000t
00006 ARG01A0096_006 f 0.00  0.000     0  0.00  0  0 -12.510   4.865   2.962   0.032  -0.458   0.000 01E05EM000t
00007 ARG01A0096_007 f 0.00  0.000     0  0.00  0  0 -11.185   0.225   3.698   0.068  -0.172   0.000 01E0A4M000t
00008 ARG01A0096_008 f 0.00  0.000     0  0.00  0  0  -9.956  -0.256   4.051  -0.047  -0.215   0.000 01E0ADM000t
00009 ARG01A0096_009 f 0.00  0.000     0  0.00  0  0 -10.945   0.139   3.419   0.025  -0.118   0.000 01E0B9M000t
00010 ARG01A0096_010 f 0.00  0.000     0  0.00  0  0  -9.354   1.208   4.006   0.102   0.003   0.000 01E0D6M000t
00011 ARG01A0096_011 f 0.00  0.000     0  0.00  0  0 -11.444   1.358   5.853   0.046   0.133   0.000 01E10AM000t
00012 ARG01A0096_012 f 0.00  0.000     0  0.00  0  0 -13.129   4.723   2.974  -0.002  -0.107   0.000 01T00AM000t
00013 ARG01A0096_013 f 0.00  0.000     0  0.00  0  0  -9.600   1.208   6.143   0.010  -0.013   0.000 01T01FM000t
00014 ARG01A0096_014 f 0.00  0.000     0  0.00  0  0 -11.011  -0.240   3.496  -0.006  -0.088   0.000 01T025M000t
00015 ARG01A0096_015 f 0.00  0.000     0  0.00  0  0 -11.657   1.187   2.975   0.007  -0.315   0.000 01T03FM000t
00016 ARG01A0096_016 f 0.00  0.000     0  0.00  0  0 -10.651  -0.113   1.004  -0.019   0.100   0.000 01T0A5M000t
00017 ARG01A0096_017 f 0.00  0.000     0  0.00  0  0 -10.100   0.120   0.947  -0.013   0.230   0.000 01T0A7M000t
00018 ARG01A0096_018 f 0.00  0.000     0  0.00  0  0  -9.193   0.516   4.250   0.367   0.371   0.000 01T0CFM000t
00019 ARG01A0096_019 f 0.00  0.000     0  0.00  0  0 -11.773   0.412   3.542   0.051  -0.137   0.000 01T100M000t
00020 ARG01A0096_020 f 0.00  0.000     0  0.00  0  0 -11.110   0.602   3.206  -0.036   0.161   0.000 01T105M000t
00021 ARG02A0096_021 f 0.00  0.000     0  0.00  0  0  -9.512   1.032   4.017   0.411   1.159   0.000 02E0CFM000t
00022 ARG02A0096_022 f 0.00  0.000     0  0.00  0  0 -11.652   0.426   3.423   0.054   0.935   0.000 02E100M000t
00023 ARG02A0096_023 f 0.00  0.000     0  0.00  0  0 -11.990   0.174   1.167   0.029   0.773   0.000 02O000M000t
00024 ARG02A0096_024 f 0.00  0.000     0  0.00  0  0 -11.536   1.169   2.943  -0.024   0.733   0.000 02E03FM000t
00025 ARG02A0096_025 f 0.00  0.000     0  0.00  0  0  -9.259   1.211   4.009   0.019   0.648   0.000 02E0D6M000t
00026 ARG02A0096_026 f 0.00  0.000     0  0.00  0  0 -11.471   1.321   5.906   0.093   0.562   0.000 02E10AM000t
00027 ARG02A0096_027 f 0.00  0.000     0  0.00  0  0 -10.820  -0.241   3.484   0.020   1.054   0.000 02T025M000t
00028 ARG02A0096_028 f 0.00  0.000     0  0.00  0  0  -9.604   1.131   3.797  -0.013   0.929   0.000 02T01CM000t
00029 ARG02A0096_029 f 0.00  0.000     0  0.00  0  0 -10.275  -0.132   0.963  -0.036   1.066   0.000 02T0A5M000t
00030 ARG02A0096_030 f 0.00  0.000     0  0.00  0  0  -9.208   1.293   6.109   0.007   0.567   0.000 02T01FM000t
00031 ARG02A0096_031 f 0.00  0.000     0  0.00  0  0 -10.134   0.110   0.950   0.042   0.710   0.000 02T0A7M000t
00032 ARG02A0096_032 f 0.00  0.000     0  0.00  0  0 -10.986   0.581   3.134  -0.202   0.839   0.000 02T105M000t
00033 ARG02A0096_033 f 0.00  0.000     0  0.00  0  0 -13.108   4.724   2.964   0.041   0.605   0.000 02T00AM000t
00034 ARG02A0096_034 f 0.00  0.000     0  0.00  0  0  -9.054   1.235   4.028   0.086   0.731   0.000 02T02CM000t
00035 ARG02A0096_035 f 0.00  0.000     0  0.00  0  0 -11.931   1.380   1.068   0.010   0.464   0.000 02T044M000t
00036 ARG02A0096_036 f 0.00  0.000     0  0.00  0  0 -11.919   0.076   1.260   0.019   0.633   0.000 02T053M000t
00037 ARG02A0096_037 f 0.00  0.000     0  0.00  0  0 -12.464   4.835   2.984   0.000   0.783   0.000 02T05EM000t
00038 ARG02A0096_038 f 0.00  0.000     0  0.00  0  0 -11.068   0.223   3.711   0.053   0.488   0.000 02T0A4M000t
00039 ARG02A0096_039 f 0.00  0.000     0  0.00  0  0  -9.988  -0.280   4.011   0.055   0.519   0.000 02T0ADM000t
00040 ARG02A0096_040 f 0.00  0.000     0  0.00  0  0 -10.906   0.133   3.430   0.003   0.786   0.000 02T0B9M000t
00041 ARG03A0096_041 f 0.00  0.000     0  0.00  0  0 -12.086   0.172   1.167   0.034   0.892   0.000 03O000M000t
00042 ARG03A0096_042 f 0.00  0.000     0  0.00  0  0 -11.625   1.174   2.946  -0.001   0.799   0.000 03E03FM000t
00043 ARG03A0096_043 f 0.00  0.000     0  0.00  0  0 -10.348  -0.116   0.959  -0.036   1.020   0.000 03E0A5M000t
00044 ARG03A0096_044 f 0.00  0.000     0  0.00  0  0 -11.504   0.423   3.413   0.059   0.740   0.000 03E100M000t
00045 ARG03A0096_045 f 0.00  0.000     0  0.00  0  0 -11.167   0.221   3.715   0.075   0.881   0.000 03T0A4M000t
00046 ARG03A0096_046 f 0.00  0.000     0  0.00  0  0  -9.393   1.285   6.087   0.017   0.898   0.000 03T01FM000t
00047 ARG03A0096_047 f 0.00  0.000     0  0.00  0  0 -10.804  -0.236   3.465   0.003   0.937   0.000 03T025M000t
00048 ARG03A0096_048 f 0.00  0.000     0  0.00  0  0  -9.539   0.910   4.010   0.427   1.039   0.000 03T0CFM000t
00049 ARG03A0096_049 f 0.00  0.000     0  0.00  0  0 -13.202   4.721   2.967   0.003   0.722   0.000 03T00AM000t
00050 ARG03A0096_050 f 0.00  0.000     0  0.00  0  0  -9.222   1.237   4.026   0.045   0.688   0.000 03T02CM000t
00051 ARG03A0096_051 f 0.00  0.000     0  0.00  0  0 -11.957   0.072   1.257   0.023   0.741   0.000 03T053M000t
00052 ARG03A0096_052 f 0.00  0.000     0  0.00  0  0 -12.641   4.858   2.980   0.023   0.645   0.000 03T05EM000t
00053 ARG03A0096_053 f 0.00  0.000     0  0.00  0  0 -10.246   0.107   0.949   0.035   0.851   0.000 03T0A7M000t
00054 ARG03A0096_054 f 0.00  0.000     0  0.00  0  0  -9.309   1.213   4.009   0.088   0.670   0.000 03T0D6M000t
00055 ARG03A0096_055 f 0.00  0.000     0  0.00  0  0 -11.148   0.595   3.134  -0.089   1.181   0.000 03T105M000t
00056 ARG03A0096_056 f 0.00  0.000     0  0.00  0  0  -9.672   1.165   3.805   0.002   0.879   0.000 03T01CM000t
00057 ARG03A0096_057 f 0.00  0.000     0  0.00  0  0 -11.932   1.379   1.069   0.027   0.737   0.000 03T044M000t
00058 ARG03A0096_058 f 0.00  0.000     0  0.00  0  0  -9.908  -0.279   4.016   0.046   0.696   0.000 03T0ADM000t
00059 ARG03A0096_059 f 0.00  0.000     0  0.00  0  0 -10.922   0.134   3.432   0.018   0.883   0.000 03T0B9M000t
00060 ARG03A0096_060 f 0.00  0.000     0  0.00  0  0 -11.502   1.316   5.903   0.101   0.797   0.000 03T10AM000t
00061 ARG+1A0096_061 f 0.00  1.000     0 12.50  0  1 -12.123   0.172   1.167   0.111  -0.201   0.000 +1O000M000t
00062 ARG+1A0096_062 f 0.00  1.000     0 12.50  0  1 -13.247   4.724   2.970   0.027  -0.367   0.000 +1E00AM000t
00063 ARG+1A0096_063 f 0.00  1.000     0 12.50  0  1  -9.702   1.168   3.812   0.183  -0.127   0.000 +1E01CM000t
00064 ARG+1A0096_064 f 0.00  1.000     0 12.50  0  1 -11.902   1.376   1.067   0.026  -0.207   0.000 +1E044M000t
00065 ARG+1A0096_065 f 0.00  1.000     0 12.50  0  1 -12.098   0.067   1.263   0.132  -0.345   0.000 +1E053M000t
00066 ARG+1A0096_066 f 0.00  1.000     0 12.50  0  1 -12.602   4.840   2.988   0.049  -0.271   0.000 +1E05EM000t
00067 ARG+1A0096_067 f 0.00  1.000     0 12.50  0  1 -11.186   0.224   3.713   0.198  -0.316   0.000 +1E0A4M000t
00068 ARG+1A0096_068 f 0.00  1.000     0 12.50  0  1 -10.274  -0.133   0.968   0.230   0.018   0.000 +1E0A5M000t
00069 ARG+1A0096_069 f 0.00  1.000     0 12.50  0  1 -10.288   0.105   0.952   0.293   0.097   0.000 +1E0A7M000t
00070 ARG+1A0096_070 f 0.00  1.000     0 12.50  0  1  -9.614   1.060   4.022   0.024   0.011   0.000 +1E0CFM000t
00071 ARG+1A0096_071 f 0.00  1.000     0 12.50  0  1 -11.636   0.426   3.430   0.141  -0.571   0.000 +1E100M000t
00072 ARG+1A0096_072 f 0.00  1.000     0 12.50  0  1  -9.269   1.294   6.120   0.186  -0.250   0.000 +1T01FM000t
00073 ARG+1A0096_073 f 0.00  1.000     0 12.50  0  1 -10.929  -0.241   3.495   0.060  -0.068   0.000 +1T025M000t
00074 ARG+1A0096_074 f 0.00  1.000     0 12.50  0  1  -9.249   1.229   4.032   0.106  -0.302   0.000 +1T02CM000t
00075 ARG+1A0096_075 f 0.00  1.000     0 12.50  0  1 -11.656   1.180   2.953   0.106  -0.131   0.000 +1T03FM000t
00076 ARG+1A0096_076 f 0.00  1.000     0 12.50  0  1 -10.027  -0.285   4.019   0.306   0.007   0.000 +1T0ADM000t
00077 ARG+1A0096_077 f 0.00  1.000     0 12.50  0  1 -10.981   0.132   3.430   0.072  -0.321   0.000 +1T0B9M000t
00078 ARG+1A0096_078 f 0.00  1.000     0 12.50  0  1  -9.369   1.209   4.009   0.162  -0.152   0.000 +1T0D6M000t
00079 ARG+1A0096_079 f 0.00  1.000     0 12.50  0  1 -11.087   0.571   3.138   0.472   0.046   0.000 +1T105M000t
00080 ARG+1A0096_080 f 0.00  1.000     0 12.50  0  1 -11.547   1.321   5.905   0.486   0.059   0.000 +1T10AM000t
