CONFORMER         crg  vdw0  vdw1  tors  epol  self   occ  Hb     history    ASA
ARG01A0096_001  0.000-12.06  0.13  1.17  0.00-10.77 0.501  00  01O000M000  1.000
ARG01A0096_002  0.000 -9.63  1.15  3.81  0.00 -4.67 0.502  00  01E01CM000  1.000
ARG01A0096_003  0.000 -9.23  1.21  4.04  0.00 -3.97 0.502  00  01E02CM000  1.000
ARG01A0096_004  0.000-11.88  1.35  1.06  0.00 -9.47 0.502  00  01E044M000  1.000
ARG01A0096_005  0.000-11.73 -0.04  1.31  0.00-10.46 0.502  00  01E053M000  1.000
ARG01A0096_006  0.000-12.52  4.82  2.96  0.00 -4.73 0.501  00  01E05EM000  1.000
ARG01A0096_007  0.000-11.18  0.18  3.70  0.00 -7.31 0.502  00  01E0A4M000  1.000
ARG01A0096_008  0.000 -9.96 -0.30  4.05  0.00 -6.22 0.502  00  01E0ADM000  1.000
ARG01A0096_009  0.000-10.94  0.04  3.42  0.00 -7.48 0.501  00  01E0B9M000  1.000
ARG01A0096_010  0.000 -9.35  1.21  4.01  0.00 -4.14 0.502  00  01E0D6M000  1.000
ARG01A0096_011  0.000-11.44  1.36  5.85  0.00 -4.23 0.502  00  01E10AM000  1.000
ARG01A0096_012  0.000-13.13  4.66  2.97  0.00 -5.49 0.501  00  01T00AM000  1.000
ARG01A0096_013  0.000 -9.60  1.21  6.14  0.00 -2.25 0.502  00  01T01FM000  1.000
ARG01A0096_014  0.000-11.01 -0.34  3.49  0.00 -7.86 0.502  00  01T025M000  1.000
ARG01A0096_015  0.000-11.65  1.13  2.97  0.00 -7.55 0.501  00  01T03FM000  1.000
ARG01A0096_016  0.000-10.65 -0.16  1.00  0.00 -9.81 0.502  00  01T0A5M000  1.000
ARG01A0096_017  0.000-10.10  0.07  0.95  0.00 -9.08 0.501  00  01T0A7M000  1.000
ARG01A0096_018  0.000 -9.19  0.52  4.24  0.00 -4.43 0.502  00  01T0CFM000  1.000
ARG01A0096_019  0.000-11.82  0.30  3.54  0.00 -7.99 0.501  00  01T100M000  1.000
ARG01A0096_020  0.000-11.11  0.60  3.20  0.00 -7.31 0.502  00  01T105M000  1.000
ARG02A0096_021  0.000 -9.50  1.03  4.02  0.00 -4.45 0.502  00  02E0CFM000  1.000
ARG02A0096_022  0.000-11.65  0.31  3.42  0.00 -7.92 0.501  00  02E100M000  1.000
ARG02A0096_023  0.000-11.99  0.13  1.17  0.00-10.70 0.501  00  02O000M000  1.000
ARG02A0096_024  0.000-11.54  1.12  2.94  0.00 -7.48 0.501  00  02E03FM000  1.000
ARG02A0096_025  0.000 -9.26  1.21  4.01  0.00 -4.04 0.502  00  02E0D6M000  1.000
ARG02A0096_026  0.000-11.46  1.32  5.91  0.00 -4.24 0.502  00  02E10AM000  1.000
ARG02A0096_027  0.000-10.82 -0.34  3.48  0.00 -7.68 0.502  00  02T025M000  1.000
ARG02A0096_028  0.000 -9.60  1.07  3.80  0.00 -4.74 0.502  00  02T01CM000  1.000
ARG02A0096_029  0.000-10.27 -0.18  0.96  0.00 -9.48 0.502  00  02T0A5M000  1.000
ARG02A0096_030  0.000 -9.19  1.29  6.11  0.00 -1.79 0.502  00  02T01FM000  1.000
ARG02A0096_031  0.000-10.13  0.06  0.95  0.00 -9.12 0.501  00  02T0A7M000  1.000
ARG02A0096_032  0.000-10.99  0.58  3.13  0.00 -7.28 0.502  00  02T105M000  1.000
ARG02A0096_033  0.000-13.11  4.66  2.96  0.00 -5.48 0.501  00  02T00AM000  1.000
ARG02A0096_034  0.000 -9.05  1.23  4.03  0.00 -3.79 0.502  00  02T02CM000  1.000
ARG02A0096_035  0.000-11.93  1.38  1.07  0.00 -9.48 0.502  00  02T044M000  1.000
ARG02A0096_036  0.000-11.87  0.03  1.26  0.00-10.58 0.502  00  02T053M000  1.000
ARG02A0096_037  0.000-12.46  4.78  2.98  0.00 -4.70 0.501  00  02T05EM000  1.000
ARG02A0096_038  0.000-11.07  0.18  3.71  0.00 -7.18 0.502  00  02T0A4M000  1.000
ARG02A0096_039  0.000 -9.92 -0.33  4.01  0.00 -6.24 0.502  00  02T0ADM000  1.000
ARG02A0096_040  0.000-10.91  0.03  3.43  0.00 -7.45 0.501  00  02T0B9M000  1.000
ARG03A0096_041  0.000-12.09  0.12  1.17  0.00-10.80 0.501  00  03O000M000  1.000
ARG03A0096_042  0.000-11.63  1.12  2.95  0.00 -7.56 0.501  00  03E03FM000  1.000
ARG03A0096_043  0.000-10.34 -0.16  0.96  0.00 -9.55 0.502  00  03E0A5M000  1.000
ARG03A0096_044  0.000-11.50  0.30  3.41  0.00 -7.79 0.501  00  03E100M000  1.000
ARG03A0096_045  0.000-11.16  0.18  3.71  0.00 -7.27 0.502  00  03T0A4M000  1.000
ARG03A0096_046  0.000 -9.40  1.28  6.09  0.00 -2.03 0.502  00  03T01FM000  1.000
ARG03A0096_047  0.000-10.80 -0.33  3.46  0.00 -7.67 0.502  00  03T025M000  1.000
ARG03A0096_048  0.000 -9.54  0.91  4.01  0.00 -4.61 0.502  00  03T0CFM000  1.000
ARG03A0096_049  0.000-13.20  4.67  2.97  0.00 -5.56 0.501  00  03T00AM000  1.000
ARG03A0096_050  0.000 -9.23  1.24  4.02  0.00 -3.97 0.502  00  03T02CM000  1.000
ARG03A0096_051  0.000-11.95  0.03  1.26  0.00-10.67 0.502  00  03T053M000  1.000
ARG03A0096_052  0.000-12.64  4.80  2.98  0.00 -4.86 0.501  00  03T05EM000  1.000
ARG03A0096_053  0.000-10.24  0.06  0.95  0.00 -9.23 0.501  00  03T0A7M000  1.000
ARG03A0096_054  0.000 -9.32  1.21  4.01  0.00 -4.10 0.502  00  03T0D6M000  1.000
ARG03A0096_055  0.000-11.15  0.60  3.13  0.00 -7.42 0.502  00  03T105M000  1.000
ARG03A0096_056  0.000 -9.67  1.10  3.80  0.00 -4.76 0.502  00  03T01CM000  1.000
ARG03A0096_057  0.000-11.93  1.38  1.07  0.00 -9.48 0.502  00  03T044M000  1.000
ARG03A0096_058  0.000 -9.92 -0.33  4.02  0.00 -6.23 0.502  00  03T0ADM000  1.000
ARG03A0096_059  0.000-10.93  0.03  3.43  0.00 -7.46 0.501  00  03T0B9M000  1.000
ARG03A0096_060  0.000-11.51  1.32  5.90  0.00 -4.29 0.502  00  03T10AM000  1.000
ARG+1A0096_061  1.000-12.13  0.12  1.17  0.00-10.83 0.501  00  +1O000M000  1.000
ARG+1A0096_062  1.000-13.24  4.67  2.97  0.00 -5.60 0.501  00  +1E00AM000  1.000
ARG+1A0096_063  1.000 -9.71  1.10  3.81  0.00 -4.79 0.502  00  +1E01CM000  1.000
ARG+1A0096_064  1.000-11.91  1.37  1.07  0.00 -9.46 0.502  00  +1E044M000  1.000
ARG+1A0096_065  1.000-12.10  0.02  1.26  0.00-10.82 0.502  00  +1E053M000  1.000
ARG+1A0096_066  1.000-12.60  4.79  2.99  0.00 -4.82 0.501  00  +1E05EM000  1.000
ARG+1A0096_067  1.000-11.19  0.18  3.71  0.00 -7.30 0.502  00  +1E0A4M000  1.000
ARG+1A0096_068  1.000-10.27 -0.18  0.97  0.00 -9.48 0.502  00  +1E0A5M000  1.000
ARG+1A0096_069  1.000-10.28  0.06  0.95  0.00 -9.27 0.501  00  +1E0A7M000  1.000
ARG+1A0096_070  1.000 -9.62  1.06  4.02  0.00 -4.54 0.502  00  +1E0CFM000  1.000
ARG+1A0096_071  1.000-11.58  0.31  3.43  0.00 -7.84 0.501  00  +1E100M000  1.000
ARG+1A0096_072  1.000 -9.27  1.29  6.12  0.00 -1.85 0.502  00  +1T01FM000  1.000
ARG+1A0096_073  1.000-10.94 -0.34  3.49  0.00 -7.78 0.502  00  +1T025M000  1.000
ARG+1A0096_074  1.000 -9.25  1.23  4.03  0.00 -3.99 0.502  00  +1T02CM000  1.000
ARG+1A0096_075  1.000-11.66  1.13  2.95  0.00 -7.58 0.501  00  +1T03FM000  1.000
ARG+1A0096_076  1.000-10.03 -0.33  4.02  0.00 -6.35 0.502  00  +1T0ADM000  1.000
ARG+1A0096_077  1.000-10.98  0.03  3.43  0.00 -7.52 0.501  00  +1T0B9M000  1.000
ARG+1A0096_078  1.000 -9.37  1.21  4.01  0.00 -4.15 0.502  00  +1T0D6M000  1.000
ARG+1A0096_079  1.000-11.16  0.57  3.14  0.00 -7.44 0.502  00  +1T105M000  1.000
ARG+1A0096_080  1.000-11.50  1.32  5.90  0.00 -4.27 0.502  00  +1T10AM000  1.000
