   confID        vdw0    sas     sum
ARG01A0096_001   2.360 -14.422 -12.062
ARG01A0096_002   4.831 -14.474  -9.643
ARG01A0096_003   4.699 -13.917  -9.219
ARG01A0096_004   2.550 -14.437 -11.887
ARG01A0096_005   2.948 -14.612 -11.665
ARG01A0096_006   2.185 -14.696 -12.510
ARG01A0096_007   3.175 -14.360 -11.185
ARG01A0096_008   4.871 -14.827  -9.956
ARG01A0096_009   3.132 -14.078 -10.945
ARG01A0096_010   4.826 -14.180  -9.354
ARG01A0096_011   3.334 -14.778 -11.444
ARG01A0096_012   1.865 -14.994 -13.129
ARG01A0096_013   4.892 -14.492  -9.600
ARG01A0096_014   2.969 -13.980 -11.011
ARG01A0096_015   2.481 -14.137 -11.657
ARG01A0096_016   3.878 -14.529 -10.651
ARG01A0096_017   3.972 -14.072 -10.100
ARG01A0096_018   5.246 -14.439  -9.193
ARG01A0096_019   2.718 -14.491 -11.773
ARG01A0096_020   3.558 -14.668 -11.110
ARG02A0096_021   5.016 -14.528  -9.512
ARG02A0096_022   2.807 -14.459 -11.652
ARG02A0096_023   2.432 -14.422 -11.990
ARG02A0096_024   2.550 -14.086 -11.536
ARG02A0096_025   4.973 -14.232  -9.259
ARG02A0096_026   3.252 -14.723 -11.471
ARG02A0096_027   3.044 -13.864 -10.820
ARG02A0096_028   4.886 -14.490  -9.604
ARG02A0096_029   4.062 -14.336 -10.275
ARG02A0096_030   5.210 -14.418  -9.208
ARG02A0096_031   3.939 -14.072 -10.134
ARG02A0096_032   3.717 -14.703 -10.986
ARG02A0096_033   1.950 -15.058 -13.108
ARG02A0096_034   4.953 -14.008  -9.054
ARG02A0096_035   2.641 -14.572 -11.931
ARG02A0096_036   2.704 -14.623 -11.919
ARG02A0096_037   2.232 -14.696 -12.464
ARG02A0096_038   3.163 -14.232 -11.068
ARG02A0096_039   4.839 -14.827  -9.988
ARG02A0096_040   3.243 -14.149 -10.906
ARG03A0096_041   2.336 -14.422 -12.086
ARG03A0096_042   2.461 -14.086 -11.625
ARG03A0096_043   3.941 -14.288 -10.348
ARG03A0096_044   2.836 -14.340 -11.504
ARG03A0096_045   3.065 -14.232 -11.167
ARG03A0096_046   5.110 -14.502  -9.393
ARG03A0096_047   2.993 -13.797 -10.804
ARG03A0096_048   5.028 -14.567  -9.539
ARG03A0096_049   1.856 -15.058 -13.202
ARG03A0096_050   4.866 -14.088  -9.222
ARG03A0096_051   2.615 -14.571 -11.957
ARG03A0096_052   2.123 -14.763 -12.641
ARG03A0096_053   3.878 -14.124 -10.246
ARG03A0096_054   4.872 -14.180  -9.309
ARG03A0096_055   3.552 -14.700 -11.148
ARG03A0096_056   4.869 -14.542  -9.672
ARG03A0096_057   2.572 -14.504 -11.932
ARG03A0096_058   4.819 -14.727  -9.908
ARG03A0096_059   3.179 -14.101 -10.922
ARG03A0096_060   3.221 -14.723 -11.502
ARG+1A0096_061   2.299 -14.422 -12.123
ARG+1A0096_062   1.810 -15.058 -13.247
ARG+1A0096_063   4.839 -14.542  -9.702
ARG+1A0096_064   2.538 -14.440 -11.902
ARG+1A0096_065   2.589 -14.687 -12.098
ARG+1A0096_066   2.094 -14.696 -12.602
ARG+1A0096_067   3.046 -14.232 -11.186
ARG+1A0096_068   4.014 -14.288 -10.274
ARG+1A0096_069   3.836 -14.124 -10.288
ARG+1A0096_070   4.981 -14.595  -9.614
ARG+1A0096_071   2.804 -14.440 -11.636
ARG+1A0096_072   5.101 -14.370  -9.269
ARG+1A0096_073   2.996 -13.925 -10.929
ARG+1A0096_074   4.843 -14.092  -9.249
ARG+1A0096_075   2.430 -14.086 -11.656
ARG+1A0096_076   4.799 -14.827 -10.027
ARG+1A0096_077   3.119 -14.101 -10.981
ARG+1A0096_078   4.812 -14.180  -9.369
ARG+1A0096_079   3.613 -14.700 -11.087
ARG+1A0096_080   3.164 -14.710 -11.547
