CONFORMER         crg  vdw0  vdw1  tors  epol  self   occ  Hb     history    ASA
TYR01A0092_001  0.000-10.37 -0.62  0.16  0.00-10.83 0.519  00  01O000M000  1.000
TYR01A0092_002  0.000-10.04  1.15  2.62  0.00 -6.27 0.521  00  01E00EM000  1.000
TYR01A0092_003  0.000-10.72 -0.37  0.15  0.00-10.95 0.522  00  01E004M000  1.000
TYR01A0092_004  0.000-10.69  1.12  2.63  0.00 -6.94 0.521  00  01E005M000  1.000
TYR01A0092_005  0.000-10.17 -0.49  0.15  0.00-10.51 0.520  00  01E009M000  1.000
TYR01A0092_006  0.000-11.31  2.95  0.14  0.00 -8.22 0.521  00  01E011M000  1.000
TYR01A0092_007  0.000-10.61  0.55  2.63  0.00 -7.44 0.521  00  01T003M000  1.000
TYR01A0092_008  0.000-11.06  3.62  0.15  0.00 -7.29 0.522  00  01T014M000  1.000
TYR01A0092_009  0.000-10.69  4.20  2.62  0.00 -3.87 0.520  00  01T015M000  1.000
TYR01A0092_010  0.000-10.55  1.23  2.63  0.00 -6.70 0.522  00  01T016M000  1.000
TYR01A0092_011  0.000-10.47 -0.54  0.15  0.00-10.86 0.521  00  01T006M000  1.000
TYR01A0092_012  0.000-10.06  1.00  2.62  0.00 -6.44 0.524  00  01T00BM000  1.000
TYR01A0092_013  0.000-11.20  0.06  0.13  0.00-11.01 0.523  00  01T010M000  1.000
TYR01A0092_014  0.000 -9.99 -0.49  0.15  0.00-10.34 0.523  00  01T002M000  1.000
TYR01A0092_015  0.000-10.53  1.15  2.63  0.00 -6.76 0.523  00  01T007M000  1.000
TYR01A0092_016  0.000-11.56  5.32  2.58  0.00 -3.66 0.521  00  01T00CM000  1.000
TYR01A0092_017  0.000-10.56  2.00  0.12  0.00 -8.45 0.523  00  01T008M000  1.000
TYR01A0092_018  0.000-10.28  1.48  0.11  0.00 -8.69 0.521  00  01T00AM000  1.000
TYR01A0092_019  0.000-10.62 -0.32  0.15  0.00-10.79 0.523  00  01T012M000  1.000
TYR01A0092_020  0.000-10.78  0.19  0.13  0.00-10.46 0.522  00  01T013M000  1.000
TYR-1A0092_021 -1.000-10.37 -0.62  0.16  0.00-10.83 0.519  00  -1O000M000  1.000
TYR-1A0092_022 -1.000-10.64  1.11  2.63  0.00 -6.90 0.521  00  -1E005M000  1.000
TYR-1A0092_023 -1.000-10.41 -0.52  0.15  0.00-10.78 0.521  00  -1E006M000  1.000
TYR-1A0092_024 -1.000-10.48  1.15  2.63  0.00 -6.70 0.523  00  -1E007M000  1.000
TYR-1A0092_025 -1.000-10.12  1.53  0.11  0.00 -8.47 0.521  00  -1E00AM000  1.000
TYR-1A0092_026 -1.000-11.34  5.00  2.57  0.00 -3.76 0.521  00  -1E00CM000  1.000
TYR-1A0092_027 -1.000-11.22  0.02  0.13  0.00-11.07 0.523  00  -1E010M000  1.000
TYR-1A0092_028 -1.000-11.31  2.96  0.14  0.00 -8.21 0.521  00  -1E011M000  1.000
TYR-1A0092_029 -1.000-11.11  3.36  0.15  0.00 -7.60 0.522  00  -1E014M000  1.000
TYR-1A0092_030 -1.000-10.87  4.04  2.62  0.00 -4.21 0.520  00  -1E015M000  1.000
TYR-1A0092_031 -1.000-10.65  1.23  2.63  0.00 -6.80 0.522  00  -1E016M000  1.000
TYR-1A0092_032 -1.000 -9.94 -0.49  0.14  0.00-10.29 0.523  00  -1T002M000  1.000
TYR-1A0092_033 -1.000-10.62  0.54  2.63  0.00 -7.44 0.521  00  -1T003M000  1.000
TYR-1A0092_034 -1.000-10.76 -0.38  0.15  0.00-10.99 0.522  00  -1T004M000  1.000
TYR-1A0092_035 -1.000-10.56  1.99  0.11  0.00 -8.46 0.523  00  -1T008M000  1.000
TYR-1A0092_036 -1.000-10.22 -0.49  0.14  0.00-10.57 0.520  00  -1T009M000  1.000
TYR-1A0092_037 -1.000-10.14  1.00  2.61  0.00 -6.52 0.524  00  -1T00BM000  1.000
TYR-1A0092_038 -1.000-10.06  1.15  2.61  0.00 -6.30 0.521  00  -1T00EM000  1.000
TYR-1A0092_039 -1.000-10.64 -0.32  0.15  0.00-10.81 0.523  00  -1T012M000  1.000
TYR-1A0092_040 -1.000-10.65  0.19  0.13  0.00-10.33 0.522  00  -1T013M000  1.000
