   confID        vdw0    sas     sum
TYR01A0092_001   4.175 -14.545 -10.370
TYR01A0092_002   4.055 -14.155 -10.100
TYR01A0092_003   4.167 -14.892 -10.725
TYR01A0092_004   4.167 -14.861 -10.694
TYR01A0092_005   4.129 -14.246 -10.117
TYR01A0092_006   3.894 -15.200 -11.306
TYR01A0092_007   4.171 -14.780 -10.609
TYR01A0092_008   3.858 -14.921 -11.063
TYR01A0092_009   4.071 -14.763 -10.692
TYR01A0092_010   4.126 -14.676 -10.550
TYR01A0092_011   4.132 -14.604 -10.472
TYR01A0092_012   4.049 -14.424 -10.375
TYR01A0092_013   4.053 -15.249 -11.196
TYR01A0092_014   4.172 -14.159  -9.987
TYR01A0092_015   4.122 -14.657 -10.535
TYR01A0092_016   3.898 -15.408 -11.510
TYR01A0092_017   3.883 -14.447 -10.563
TYR01A0092_018   3.854 -14.144 -10.290
TYR01A0092_019   4.125 -14.745 -10.620
TYR01A0092_020   4.051 -14.832 -10.782
TYR-1A0092_021   4.175 -14.545 -10.370
TYR-1A0092_022   4.164 -14.809 -10.645
TYR-1A0092_023   4.125 -14.536 -10.411
TYR-1A0092_024   4.125 -14.607 -10.483
TYR-1A0092_025   3.854 -13.976 -10.122
TYR-1A0092_026   3.898 -15.239 -11.341
TYR-1A0092_027   4.049 -15.333 -11.284
TYR-1A0092_028   3.887 -15.200 -11.312
TYR-1A0092_029   3.863 -14.971 -11.108
TYR-1A0092_030   4.069 -14.932 -10.863
TYR-1A0092_031   4.117 -14.777 -10.660
TYR-1A0092_032   4.159 -14.048  -9.889
TYR-1A0092_033   4.162 -14.780 -10.619
TYR-1A0092_034   4.165 -14.875 -10.710
TYR-1A0092_035   3.891 -14.447 -10.556
TYR-1A0092_036   4.121 -14.339 -10.219
TYR-1A0092_037   4.037 -14.178 -10.141
TYR-1A0092_038   4.038 -14.037  -9.999
TYR-1A0092_039   4.131 -14.762 -10.631
TYR-1A0092_040   4.052 -14.765 -10.712
