iConf CONFORMER     FL  occ    crg   Em0  pKa0 ne nH    vdw0    vdw1    tors    epol   dsolv   extra    history
00001 LYS01A0201_001 f 0.00  0.000     0  0.00  0  0 -12.269   0.583   0.836  -0.013   0.051   0.000 01O000M000t
00002 LYS01A0201_002 f 0.00  0.000     0  0.00  0  0 -11.086   1.240   4.195  -0.012   0.082   0.000 01E01BM000t
00003 LYS01A0201_003 f 0.00  0.000     0  0.00  0  0 -10.680   3.235   1.462   0.001  -0.082   0.000 01E025M000t
00004 LYS01A0201_004 f 0.00  0.000     0  0.00  0  0 -11.142   0.989   4.272  -0.018   0.053   0.000 01E076M000t
00005 LYS01A0201_005 f 0.00  0.000     0  0.00  0  0 -10.136   1.228   6.959  -0.009   0.025   0.000 01E0B0M000t
00006 LYS01A0201_006 f 0.00  0.000     0  0.00  0  0 -10.235   1.200   6.954  -0.012  -0.072   0.000 01E0B3M000t
00007 LYS01A0201_007 f 0.00  0.000     0  0.00  0  0  -7.886   0.809   2.072  -0.026   0.063   0.000 01E0E2M000t
00008 LYS01A0201_008 f 0.00  0.000     0  0.00  0  0 -10.571   1.176   3.809  -0.071   0.176   0.000 01E143M000t
00009 LYS01A0201_009 f 0.00  0.000     0  0.00  0  0  -7.857   0.552   2.112  -0.040   0.116   0.000 01E149M000t
00010 LYS01A0201_010 f 0.00  0.000     0  0.00  0  0  -8.898   0.840   2.070  -0.014   0.028   0.000 01T02AM000t
00011 LYS01A0201_011 f 0.00  0.000     0  0.00  0  0  -8.836   0.499   2.068  -0.030  -0.090   0.000 01T02DM000t
00012 LYS01A0201_012 f 0.00  0.000     0  0.00  0  0 -11.727   1.253   6.333  -0.009   0.022   0.000 01T05BM000t
00013 LYS01A0201_013 f 0.00  0.000     0  0.00  0  0  -6.708   0.941   4.231  -0.020   0.087   0.000 01T08DM000t
00014 LYS01A0201_014 f 0.00  0.000     0  0.00  0  0  -6.053   0.813   4.272  -0.007  -0.027   0.000 01T097M000t
00015 LYS01A0201_015 f 0.00  0.000     0  0.00  0  0 -10.391   0.769   1.475  -0.023   0.176   0.000 01T098M000t
00016 LYS01A0201_016 f 0.00  0.000     0  0.00  0  0  -9.923   0.736   1.467   0.002   0.015   0.000 01T0BFM000t
00017 LYS01A0201_017 f 0.00  0.000     0  0.00  0  0  -7.949   2.091   4.813  -0.010  -0.176   0.000 01T107M000t
00018 LYS01A0201_018 f 0.00  0.000     0  0.00  0  0 -10.859   2.650   6.472   0.635   0.008   0.000 01T11EM000t
00019 LYS01A0201_019 f 0.00  0.000     0  0.00  0  0  -9.705   0.889   1.496  -0.024  -0.072   0.000 01T134M000t
00020 LYS01A0201_020 f 0.00  0.000     0  0.00  0  0  -8.414   0.909   4.845  -0.017   0.070   0.000 01T13CM000t
00021 LYS+1A0201_021 f 0.00  1.000     0 10.40  0  1 -12.314   0.583   0.836   0.050  -0.551   0.000 +1O000M000t
00022 LYS+1A0201_022 f 0.00  1.000     0 10.40  0  1 -10.729   3.265   1.462  -0.007  -0.296   0.000 +1E025M000t
00023 LYS+1A0201_023 f 0.00  1.000     0 10.40  0  1  -8.957   0.830   2.071   0.036  -0.259   0.000 +1E02AM000t
00024 LYS+1A0201_024 f 0.00  1.000     0 10.40  0  1 -11.775   1.252   6.335   0.059  -0.466   0.000 +1E05BM000t
00025 LYS+1A0201_025 f 0.00  1.000     0 10.40  0  1 -11.246   0.986   4.273   0.071  -0.535   0.000 +1E076M000t
00026 LYS+1A0201_026 f 0.00  1.000     0 10.40  0  1 -10.290   1.199   6.958   0.054  -0.129   0.000 +1E0B3M000t
00027 LYS+1A0201_027 f 0.00  1.000     0 10.40  0  1  -7.949   0.807   2.071   0.078   0.065   0.000 +1E0E2M000t
00028 LYS+1A0201_028 f 0.00  1.000     0 10.40  0  1  -9.789   0.890   1.498   0.056   0.118   0.000 +1E134M000t
00029 LYS+1A0201_029 f 0.00  1.000     0 10.40  0  1  -8.569   0.916   4.852   0.088  -0.217   0.000 +1E13CM000t
00030 LYS+1A0201_030 f 0.00  1.000     0 10.40  0  1 -11.129   1.241   4.196   0.052  -0.501   0.000 +1T01BM000t
00031 LYS+1A0201_031 f 0.00  1.000     0 10.40  0  1  -8.864   0.493   2.070   0.077  -0.180   0.000 +1T02DM000t
00032 LYS+1A0201_032 f 0.00  1.000     0 10.40  0  1  -6.836   0.937   4.231   0.098   0.228   0.000 +1T08DM000t
00033 LYS+1A0201_033 f 0.00  1.000     0 10.40  0  1  -6.169   0.818   4.274   0.108   0.083   0.000 +1T097M000t
00034 LYS+1A0201_034 f 0.00  1.000     0 10.40  0  1 -10.476   0.764   1.475   0.128   0.172   0.000 +1T098M000t
00035 LYS+1A0201_035 f 0.00  1.000     0 10.40  0  1 -10.242   1.225   6.961   0.062  -0.271   0.000 +1T0B0M000t
00036 LYS+1A0201_036 f 0.00  1.000     0 10.40  0  1  -9.908   0.741   1.468   0.069   0.053   0.000 +1T0BFM000t
00037 LYS+1A0201_037 f 0.00  1.000     0 10.40  0  1  -8.031   2.085   4.814   0.078  -0.129   0.000 +1T107M000t
00038 LYS+1A0201_038 f 0.00  1.000     0 10.40  0  1 -10.963   2.650   6.475   1.207   0.375   0.000 +1T11EM000t
00039 LYS+1A0201_039 f 0.00  1.000     0 10.40  0  1 -10.729   1.166   3.812   0.310   0.060   0.000 +1T143M000t
00040 LYS+1A0201_040 f 0.00  1.000     0 10.40  0  1  -7.943   0.551   2.112   0.183   0.141   0.000 +1T149M000t
