   confID        vdw0    sas     sum
LYS01A0201_001   0.577 -12.846 -12.269
LYS01A0201_002   1.499 -12.585 -11.086
LYS01A0201_003   1.496 -12.176 -10.680
LYS01A0201_004   1.578 -12.720 -11.142
LYS01A0201_005   2.253 -12.389 -10.136
LYS01A0201_006   2.186 -12.421 -10.235
LYS01A0201_007   4.201 -12.087  -7.886
LYS01A0201_008   1.890 -12.461 -10.571
LYS01A0201_009   4.340 -12.197  -7.857
LYS01A0201_010   3.594 -12.492  -8.898
LYS01A0201_011   3.595 -12.431  -8.836
LYS01A0201_012   1.019 -12.746 -11.727
LYS01A0201_013   5.985 -12.693  -6.708
LYS01A0201_014   6.006 -12.059  -6.053
LYS01A0201_015   1.851 -12.242 -10.391
LYS01A0201_016   2.286 -12.209  -9.923
LYS01A0201_017   4.312 -12.261  -7.949
LYS01A0201_018   1.693 -12.552 -10.859
LYS01A0201_019   2.614 -12.319  -9.705
LYS01A0201_020   4.364 -12.778  -8.414
LYS+1A0201_021   0.532 -12.846 -12.314
LYS+1A0201_022   1.447 -12.176 -10.729
LYS+1A0201_023   3.534 -12.492  -8.957
LYS+1A0201_024   0.971 -12.746 -11.775
LYS+1A0201_025   1.526 -12.772 -11.246
LYS+1A0201_026   2.131 -12.421 -10.290
LYS+1A0201_027   4.113 -12.062  -7.949
LYS+1A0201_028   2.531 -12.319  -9.789
LYS+1A0201_029   4.300 -12.868  -8.569
LYS+1A0201_030   1.456 -12.585 -11.129
LYS+1A0201_031   3.567 -12.431  -8.864
LYS+1A0201_032   5.909 -12.745  -6.836
LYS+1A0201_033   5.890 -12.059  -6.169
LYS+1A0201_034   1.766 -12.242 -10.476
LYS+1A0201_035   2.211 -12.453 -10.242
LYS+1A0201_036   2.237 -12.145  -9.908
LYS+1A0201_037   4.269 -12.300  -8.031
LYS+1A0201_038   1.627 -12.591 -10.963
LYS+1A0201_039   1.797 -12.526 -10.729
LYS+1A0201_040   4.306 -12.248  -7.943
