iConf CONFORMER     FL  occ    crg   Em0  pKa0 ne nH    vdw0    vdw1    tors    epol   dsolv   extra    history
00001 HIS01A0202_001 f 0.00  0.000     0  0.00  0  0 -11.889  -0.598   0.113   0.502   0.458   0.000 01O000M000t
00002 HIS01A0202_002 f 0.00  0.000     0  0.00  0  0 -11.816   1.297   0.062   0.449   0.637   0.000 01E007M000t
00003 HIS01A0202_003 f 0.00  0.000     0  0.00  0  0 -12.174   2.122   0.067   0.132   0.498   0.000 01E008M000t
00004 HIS01A0202_004 f 0.00  0.000     0  0.00  0  0 -11.613   0.616   0.064   0.376   0.477   0.000 01E00AM000t
00005 HIS01A0202_005 f 0.00  0.000     0  0.00  0  0 -11.394   1.519   2.669   0.318   0.428   0.000 01E00CM000t
00006 HIS01A0202_006 f 0.00  0.000     0  0.00  0  0 -12.629  -0.126   0.083   0.283   0.298   0.000 01E00FM000t
00007 HIS01A0202_007 f 0.00  0.000     0  0.00  0  0 -12.070   0.500   0.068   0.566   0.444   0.000 01E011M000t
00008 HIS01A0202_008 f 0.00  0.000     0  0.00  0  0 -12.287   2.096   2.605   0.329   0.420   0.000 01E013M000t
00009 HIS01A0202_009 f 0.00  0.000     0  0.00  0  0 -11.903   1.017   2.653   0.380   0.354   0.000 01E014M000t
00010 HIS01A0202_010 f 0.00  0.000     0  0.00  0  0 -12.031   0.499   2.669   0.462   0.506   0.000 01E015M000t
00011 HIS01A0202_011 f 0.00  0.000     0  0.00  0  0 -11.887   1.325   2.578   0.482   0.409   0.000 01E016M000t
00012 HIS01A0202_012 f 0.00  0.000     0  0.00  0  0 -11.872   1.465   0.071   0.240   0.370   0.000 01E019M000t
00013 HIS01A0202_013 f 0.00  0.000     0  0.00  0  0 -11.842  -0.497   0.097   0.421   0.500   0.000 01E01AM000t
00014 HIS01A0202_014 f 0.00  0.000     0  0.00  0  0 -12.185   0.961   0.074   0.506   0.463   0.000 01E01CM000t
00015 HIS01A0202_015 f 0.00  0.000     0  0.00  0  0 -11.659   3.535   2.667   0.520   0.524   0.000 01E01DM000t
00016 HIS01A0202_016 f 0.00  0.000     0  0.00  0  0 -11.932   3.566   2.663   0.534   0.276   0.000 01T00DM000t
00017 HIS01A0202_017 f 0.00  0.000     0  0.00  0  0 -11.945   0.727   2.649   0.456   0.390   0.000 01T017M000t
00018 HIS01A0202_018 f 0.00  0.000     0  0.00  0  0 -12.192   0.577   0.053   0.256   0.564   0.000 01T018M000t
00019 HIS01A0202_019 f 0.00  0.000     0  0.00  0  0 -11.672   2.489   2.660   0.373   0.215   0.000 01T01FM000t
00020 HIS02A0202_020 f 0.00  0.000     0  0.00  0  0 -11.907  -0.637   0.113   0.276   0.214   0.000 02O000M000t
00021 HIS02A0202_021 f 0.00  0.000     0  0.00  0  0 -11.791   1.270   0.057  -0.052   0.549   0.000 02E007M000t
00022 HIS02A0202_022 f 0.00  0.000     0  0.00  0  0 -12.261   2.111   0.057   0.530   0.385   0.000 02E008M000t
00023 HIS02A0202_023 f 0.00  0.000     0  0.00  0  0 -11.478   1.496   2.665   0.114   0.211   0.000 02E00CM000t
00024 HIS02A0202_024 f 0.00  0.000     0  0.00  0  0 -12.070   3.597   2.660   0.353   0.219   0.000 02E00DM000t
00025 HIS02A0202_025 f 0.00  0.000     0  0.00  0  0 -12.049   0.487   2.666   0.362   0.244   0.000 02E015M000t
00026 HIS02A0202_026 f 0.00  0.000     0  0.00  0  0 -12.273   0.958   0.072   0.525   0.262   0.000 02E01CM000t
00027 HIS02A0202_027 f 0.00  0.000     0  0.00  0  0 -11.775   3.772   2.668   0.247   0.457   0.000 02E01DM000t
00028 HIS02A0202_028 f 0.00  0.000     0  0.00  0  0 -11.627   2.539   2.657   0.312   0.170   0.000 02E01FM000t
00029 HIS02A0202_029 f 0.00  0.000     0  0.00  0  0 -11.654   1.608   2.666  -0.002   0.391   0.000 02T002M000t
00030 HIS02A0202_030 f 0.00  0.000     0  0.00  0  0 -11.565   0.575   0.065   0.221   0.312   0.000 02T00AM000t
00031 HIS02A0202_031 f 0.00  0.000     0  0.00  0  0 -12.576  -0.179   0.079   0.227   0.136   0.000 02T00FM000t
00032 HIS02A0202_032 f 0.00  0.000     0  0.00  0  0 -12.020   0.508   0.073   0.458   0.320   0.000 02T011M000t
00033 HIS02A0202_033 f 0.00  0.000     0  0.00  0  0 -12.162   2.013   2.610   0.373   0.344   0.000 02T013M000t
00034 HIS02A0202_034 f 0.00  0.000     0  0.00  0  0 -12.035   0.986   2.648   0.340   0.315   0.000 02T014M000t
00035 HIS02A0202_035 f 0.00  0.000     0  0.00  0  0 -12.089   1.363   2.587   0.336   0.235   0.000 02T016M000t
00036 HIS02A0202_036 f 0.00  0.000     0  0.00  0  0 -12.017   0.715   2.644   0.350   0.291   0.000 02T017M000t
00037 HIS02A0202_037 f 0.00  0.000     0  0.00  0  0 -12.093   0.539   0.052   0.378   0.393   0.000 02T018M000t
00038 HIS02A0202_038 f 0.00  0.000     0  0.00  0  0 -11.792   1.349   0.063   0.857   0.254   0.000 02T019M000t
00039 HIS02A0202_039 f 0.00  0.000     0  0.00  0  0 -11.928  -0.518   0.096   0.327   0.321   0.000 02T01AM000t
00040 HIS+1A0202_040 f 0.00  1.000     0  6.98  0  1 -11.934  -0.640   0.113   0.702  -0.333   0.000 +1O000M000t
00041 HIS+1A0202_041 f 0.00  1.000     0  6.98  0  1 -11.814   1.271   0.059   0.357   0.021   0.000 +1E007M000t
00042 HIS+1A0202_042 f 0.00  1.000     0  6.98  0  1 -12.288   2.187   0.063   1.148   0.189   0.000 +1E008M000t
00043 HIS+1A0202_043 f 0.00  1.000     0  6.98  0  1 -11.503   1.503   2.671   0.904  -0.364   0.000 +1E00CM000t
00044 HIS+1A0202_044 f 0.00  1.000     0  6.98  0  1 -12.232   2.018   2.615   0.744  -0.212   0.000 +1E013M000t
00045 HIS+1A0202_045 f 0.00  1.000     0  6.98  0  1 -12.075   0.481   2.670   0.703  -0.370   0.000 +1E015M000t
00046 HIS+1A0202_046 f 0.00  1.000     0  6.98  0  1 -12.214   0.532   0.056   0.752  -0.121   0.000 +1E018M000t
00047 HIS+1A0202_047 f 0.00  1.000     0  6.98  0  1 -11.888  -0.517   0.099   0.641  -0.307   0.000 +1E01AM000t
00048 HIS+1A0202_048 f 0.00  1.000     0  6.98  0  1 -11.653   2.527   2.661   0.484  -0.344   0.000 +1E01FM000t
00049 HIS+1A0202_049 f 0.00  1.000     0  6.98  0  1 -11.659   0.576   0.066   0.581  -0.299   0.000 +1T00AM000t
00050 HIS+1A0202_050 f 0.00  1.000     0  6.98  0  1 -11.980   3.584   2.666   1.175  -0.318   0.000 +1T00DM000t
00051 HIS+1A0202_051 f 0.00  1.000     0  6.98  0  1 -12.670  -0.182   0.084   0.828  -0.456   0.000 +1T00FM000t
00052 HIS+1A0202_052 f 0.00  1.000     0  6.98  0  1 -12.046   0.499   0.075   1.088  -0.349   0.000 +1T011M000t
00053 HIS+1A0202_053 f 0.00  1.000     0  6.98  0  1 -12.009   0.979   2.656   0.676  -0.314   0.000 +1T014M000t
00054 HIS+1A0202_054 f 0.00  1.000     0  6.98  0  1 -12.047   1.371   2.593   0.731  -0.370   0.000 +1T016M000t
00055 HIS+1A0202_055 f 0.00  1.000     0  6.98  0  1 -11.928   0.716   2.653   0.726  -0.340   0.000 +1T017M000t
00056 HIS+1A0202_056 f 0.00  1.000     0  6.98  0  1 -11.817   1.380   0.070   1.363  -0.069   0.000 +1T019M000t
00057 HIS+1A0202_057 f 0.00  1.000     0  6.98  0  1 -12.234   1.035   0.077   0.872  -0.411   0.000 +1T01CM000t
00058 HIS+1A0202_058 f 0.00  1.000     0  6.98  0  1 -11.650   3.777   2.671   0.418  -0.246   0.000 +1T01DM000t
