CONFORMER         crg  vdw0  vdw1  tors  epol  self   occ  Hb     history    ASA
HIS01A0202_001  0.000-11.89 -0.60  0.11  0.00-12.37 0.514  00  01O000M000  1.000
HIS01A0202_002  0.000-11.77  1.30  0.06  0.00-10.41 0.515  00  01E007M000  1.000
HIS01A0202_003  0.000-12.11  2.13  0.07  0.00 -9.91 0.516  00  01E008M000  1.000
HIS01A0202_004  0.000-11.61  0.61  0.06  0.00-10.93 0.513  00  01E00AM000  1.000
HIS01A0202_005  0.000-11.40  1.51  2.67  0.00 -7.21 0.516  00  01E00CM000  1.000
HIS01A0202_006  0.000-12.63 -0.13  0.08  0.00-12.67 0.514  00  01E00FM000  1.000
HIS01A0202_007  0.000-12.07  0.50  0.07  0.00-11.50 0.515  00  01E011M000  1.000
HIS01A0202_008  0.000-12.29  2.10  2.60  0.00 -7.59 0.515  00  01E013M000  1.000
HIS01A0202_009  0.000-12.04  1.02  2.65  0.00 -8.37 0.517  00  01E014M000  1.000
HIS01A0202_010  0.000-12.03  0.50  2.67  0.00 -8.86 0.513  00  01E015M000  1.000
HIS01A0202_011  0.000-11.89  1.33  2.58  0.00 -7.98 0.515  00  01E016M000  1.000
HIS01A0202_012  0.000-11.87  1.47  0.07  0.00-10.34 0.517  00  01E019M000  1.000
HIS01A0202_013  0.000-11.84 -0.50  0.10  0.00-12.24 0.516  00  01E01AM000  1.000
HIS01A0202_014  0.000-12.19  0.96  0.07  0.00-11.15 0.516  00  01E01CM000  1.000
HIS01A0202_015  0.000-11.66  3.54  2.67  0.00 -5.46 0.518  00  01E01DM000  1.000
HIS01A0202_016  0.000-11.93  3.56  2.66  0.00 -5.71 0.518  00  01T00DM000  1.000
HIS01A0202_017  0.000-11.94  0.72  2.65  0.00 -8.57 0.517  00  01T017M000  1.000
HIS01A0202_018  0.000-12.19  0.57  0.05  0.00-11.57 0.515  00  01T018M000  1.000
HIS01A0202_019  0.000-11.67  2.49  2.66  0.00 -6.52 0.515  00  01T01FM000  1.000
HIS02A0202_020  0.000-11.91 -0.64  0.11  0.00-12.43 0.514  00  02O000M000  1.000
HIS02A0202_021  0.000-11.73  1.27  0.06  0.00-10.40 0.515  00  02E007M000  1.000
HIS02A0202_022  0.000-12.26  2.11  0.06  0.00-10.09 0.516  00  02E008M000  1.000
HIS02A0202_023  0.000-11.48  1.50  2.66  0.00 -7.32 0.516  00  02E00CM000  1.000
HIS02A0202_024  0.000-12.07  3.60  2.66  0.00 -5.81 0.518  00  02E00DM000  1.000
HIS02A0202_025  0.000-12.05  0.48  2.67  0.00 -8.90 0.513  00  02E015M000  1.000
HIS02A0202_026  0.000-12.27  0.96  0.07  0.00-11.24 0.516  00  02E01CM000  1.000
HIS02A0202_027  0.000-11.77  3.77  2.67  0.00 -5.33 0.518  00  02E01DM000  1.000
HIS02A0202_028  0.000-11.63  2.54  2.66  0.00 -6.43 0.515  00  02E01FM000  1.000
HIS02A0202_029  0.000-11.65  1.61  2.67  0.00 -7.37 0.514  00  02T002M000  1.000
HIS02A0202_030  0.000-11.57  0.58  0.06  0.00-10.92 0.513  00  02T00AM000  1.000
HIS02A0202_031  0.000-12.58 -0.18  0.08  0.00-12.68 0.514  00  02T00FM000  1.000
HIS02A0202_032  0.000-12.02  0.51  0.07  0.00-11.44 0.515  00  02T011M000  1.000
HIS02A0202_033  0.000-12.16  2.01  2.61  0.00 -7.54 0.515  00  02T013M000  1.000
HIS02A0202_034  0.000-12.04  0.99  2.65  0.00 -8.40 0.517  00  02T014M000  1.000
HIS02A0202_035  0.000-12.09  1.37  2.59  0.00 -8.14 0.515  00  02T016M000  1.000
HIS02A0202_036  0.000-12.02  0.72  2.64  0.00 -8.66 0.517  00  02T017M000  1.000
HIS02A0202_037  0.000-12.09  0.54  0.05  0.00-11.50 0.515  00  02T018M000  1.000
HIS02A0202_038  0.000-11.79  1.35  0.06  0.00-10.38 0.517  00  02T019M000  1.000
HIS02A0202_039  0.000-11.93 -0.52  0.10  0.00-12.35 0.516  00  02T01AM000  1.000
HIS+1A0202_040  1.000-11.93 -0.64  0.11  0.00-12.46 0.514  00  +1O000M000  1.000
HIS+1A0202_041  1.000-11.81  1.27  0.06  0.00-10.49 0.515  00  +1E007M000  1.000
HIS+1A0202_042  1.000-12.29  2.19  0.06  0.00-10.04 0.516  00  +1E008M000  1.000
HIS+1A0202_043  1.000-11.50  1.50  2.67  0.00 -7.33 0.516  00  +1E00CM000  1.000
HIS+1A0202_044  1.000-12.23  2.02  2.61  0.00 -7.60 0.515  00  +1E013M000  1.000
HIS+1A0202_045  1.000-12.08  0.48  2.67  0.00 -8.92 0.513  00  +1E015M000  1.000
HIS+1A0202_046  1.000-12.21  0.53  0.06  0.00-11.63 0.515  00  +1E018M000  1.000
HIS+1A0202_047  1.000-11.89 -0.52  0.10  0.00-12.30 0.516  00  +1E01AM000  1.000
HIS+1A0202_048  1.000-11.65  2.53  2.66  0.00 -6.46 0.515  00  +1E01FM000  1.000
HIS+1A0202_049  1.000-11.59  0.58  0.06  0.00-10.95 0.513  00  +1T00AM000  1.000
HIS+1A0202_050  1.000-11.98  3.58  2.67  0.00 -5.73 0.518  00  +1T00DM000  1.000
HIS+1A0202_051  1.000-12.67 -0.18  0.08  0.00-12.76 0.514  00  +1T00FM000  1.000
HIS+1A0202_052  1.000-12.05  0.50  0.07  0.00-11.47 0.515  00  +1T011M000  1.000
HIS+1A0202_053  1.000-12.01  0.98  2.66  0.00 -8.37 0.517  00  +1T014M000  1.000
HIS+1A0202_054  1.000-12.05  1.37  2.59  0.00 -8.09 0.515  00  +1T016M000  1.000
HIS+1A0202_055  1.000-11.93  0.71  2.65  0.00 -8.56 0.517  00  +1T017M000  1.000
HIS+1A0202_056  1.000-11.82  1.38  0.07  0.00-10.37 0.517  00  +1T019M000  1.000
HIS+1A0202_057  1.000-12.23  1.04  0.08  0.00-11.12 0.516  00  +1T01CM000  1.000
HIS+1A0202_058  1.000-11.65  3.77  2.67  0.00 -5.21 0.518  00  +1T01DM000  1.000
