iConf CONFORMER     FL  occ    crg   Em0  pKa0 ne nH    vdw0    vdw1    tors    epol   dsolv   extra    history
00001 LYS01A0108_001 f 0.00  0.000     0  0.00  0  0 -12.178   0.366   0.807  -0.007  -0.144   0.000 01O000M000t
00002 LYS01A0108_002 f 0.00  0.000     0  0.00  0  0  -8.167   1.169   2.045  -0.007   0.062   0.000 01E03FM000t
00003 LYS01A0108_003 f 0.00  0.000     0  0.00  0  0 -11.945   1.258   3.633  -0.013  -0.165   0.000 01E077M000t
00004 LYS01A0108_004 f 0.00  0.000     0  0.00  0  0 -10.958   0.471   4.208  -0.013   0.030   0.000 01E080M000t
00005 LYS01A0108_005 f 0.00  0.000     0  0.00  0  0  -9.792   1.092   1.411  -0.004   0.113   0.000 01E087M000t
00006 LYS01A0108_006 f 0.00  0.000     0  0.00  0  0 -10.404   0.630   1.449  -0.029   0.080   0.000 01E08EM000t
00007 LYS01A0108_007 f 0.00  0.000     0  0.00  0  0  -9.721   0.810   3.676  -0.017   0.005   0.000 01E0C4M000t
00008 LYS01A0108_008 f 0.00  0.000     0  0.00  0  0  -7.244   0.498   2.047  -0.009   0.078   0.000 01E110M000t
00009 LYS01A0108_009 f 0.00  0.000     0  0.00  0  0  -7.252   1.218   4.883  -0.003  -0.114   0.000 01E115M000t
00010 LYS01A0108_010 f 0.00  0.000     0  0.00  0  0 -10.590   0.751   4.332  -0.183   0.007   0.000 01E137M000t
00011 LYS01A0108_011 f 0.00  0.000     0  0.00  0  0  -9.967   1.619   4.350  -0.025   0.061   0.000 01E169M000t
00012 LYS01A0108_012 f 0.00  0.000     0  0.00  0  0 -10.469   0.918   1.439  -0.004   0.068   0.000 01T01FM000t
00013 LYS01A0108_013 f 0.00  0.000     0  0.00  0  0 -11.060   3.629   6.394  -0.005  -0.053   0.000 01T061M000t
00014 LYS01A0108_014 f 0.00  0.000     0  0.00  0  0  -9.577   3.372   3.657  -0.043  -0.002   0.000 01T0BAM000t
00015 LYS01A0108_015 f 0.00  0.000     0  0.00  0  0  -9.657   1.342   4.222  -0.015  -0.046   0.000 01T0E9M000t
00016 LYS01A0108_016 f 0.00  0.000     0  0.00  0  0  -9.803   0.324   4.281  -0.034   0.054   0.000 01T10BM000t
00017 LYS01A0108_017 f 0.00  0.000     0  0.00  0  0  -9.845   0.419   4.273  -0.009  -0.137   0.000 01T10DM000t
00018 LYS01A0108_018 f 0.00  0.000     0  0.00  0  0  -7.618   0.523   4.842  -0.008   0.045   0.000 01T111M000t
00019 LYS01A0108_019 f 0.00  0.000     0  0.00  0  0  -9.239   1.519   7.116  -0.051   0.107   0.000 01T150M000t
00020 LYS01A0108_020 f 0.00  0.000     0  0.00  0  0  -7.670   1.573   4.878  -0.039  -0.040   0.000 01T155M000t
00021 LYS+1A0108_021 f 0.00  1.000     0 10.40  0  1 -12.223   0.366   0.807   0.043  -0.183   0.000 +1O000M000t
00022 LYS+1A0108_022 f 0.00  1.000     0 10.40  0  1 -11.184   3.626   6.396   0.001  -0.185   0.000 +1E061M000t
00023 LYS+1A0108_023 f 0.00  1.000     0 10.40  0  1 -12.061   1.268   3.633   0.123  -0.116   0.000 +1E077M000t
00024 LYS+1A0108_024 f 0.00  1.000     0 10.40  0  1 -11.008   0.468   4.209   0.063  -0.194   0.000 +1E080M000t
00025 LYS+1A0108_025 f 0.00  1.000     0 10.40  0  1 -10.469   0.625   1.449   0.114  -0.070   0.000 +1E08EM000t
00026 LYS+1A0108_026 f 0.00  1.000     0 10.40  0  1  -9.872   0.319   4.282  -0.001   0.002   0.000 +1E10BM000t
00027 LYS+1A0108_027 f 0.00  1.000     0 10.40  0  1  -9.854   0.423   4.280   0.045  -0.157   0.000 +1E10DM000t
00028 LYS+1A0108_028 f 0.00  1.000     0 10.40  0  1  -7.330   1.227   4.884   0.042  -0.208   0.000 +1E115M000t
00029 LYS+1A0108_029 f 0.00  1.000     0 10.40  0  1 -10.699   0.705   4.333   0.593   0.237   0.000 +1E137M000t
00030 LYS+1A0108_030 f 0.00  1.000     0 10.40  0  1  -9.309   1.511   7.116   0.140   0.069   0.000 +1E150M000t
00031 LYS+1A0108_031 f 0.00  1.000     0 10.40  0  1  -7.758   1.571   4.878   0.171   0.046   0.000 +1E155M000t
00032 LYS+1A0108_032 f 0.00  1.000     0 10.40  0  1 -10.039   1.616   4.351   0.105   0.258   0.000 +1E169M000t
00033 LYS+1A0108_033 f 0.00  1.000     0 10.40  0  1 -10.531   0.918   1.440   0.024  -0.241   0.000 +1T01FM000t
00034 LYS+1A0108_034 f 0.00  1.000     0 10.40  0  1  -8.181   1.165   2.045   0.030  -0.346   0.000 +1T03FM000t
00035 LYS+1A0108_035 f 0.00  1.000     0 10.40  0  1  -9.852   1.090   1.411  -0.006   0.054   0.000 +1T087M000t
00036 LYS+1A0108_036 f 0.00  1.000     0 10.40  0  1  -9.659   3.370   3.658  -0.007   0.224   0.000 +1T0BAM000t
00037 LYS+1A0108_037 f 0.00  1.000     0 10.40  0  1  -9.872   0.809   3.677   0.106  -0.014   0.000 +1T0C4M000t
00038 LYS+1A0108_038 f 0.00  1.000     0 10.40  0  1  -9.782   1.347   4.224   0.108   0.072   0.000 +1T0E9M000t
00039 LYS+1A0108_039 f 0.00  1.000     0 10.40  0  1  -7.324   0.496   2.046   0.067   0.030   0.000 +1T110M000t
00040 LYS+1A0108_040 f 0.00  1.000     0 10.40  0  1  -7.654   0.520   4.843   0.046  -0.189   0.000 +1T111M000t
