iConf CONFORMER     FL  occ    crg   Em0  pKa0 ne nH    vdw0    vdw1    tors    epol   dsolv   extra    history
00001 ARG01A0207_001 f 0.00  0.000     0  0.00  0  0 -13.762   0.262   0.441   0.019  -0.300   0.000 01O000M000t
00002 ARG01A0207_002 f 0.00  0.000     0  0.00  0  0 -13.264   1.132   0.429   0.047  -0.288   0.000 01E002M000t
00003 ARG01A0207_003 f 0.00  0.000     0  0.00  0  0 -10.863   0.144   0.446   0.023  -0.246   0.000 01E058M000t
00004 ARG01A0207_004 f 0.00  0.000     0  0.00  0  0 -12.481   6.043   0.703   0.213  -0.060   0.000 01E074M000t
00005 ARG01A0207_005 f 0.00  0.000     0  0.00  0  0 -11.526   1.668   3.313   0.075   0.078   0.000 01E095M000t
00006 ARG01A0207_006 f 0.00  0.000     0  0.00  0  0 -11.695   1.621   3.280   0.122  -0.226   0.000 01E096M000t
00007 ARG01A0207_007 f 0.00  0.000     0  0.00  0  0 -11.078   3.082   3.146   0.015  -0.149   0.000 01E0ACM000t
00008 ARG01A0207_008 f 0.00  0.000     0  0.00  0  0 -10.981   0.529   3.213   0.041  -0.040   0.000 01E0D0M000t
00009 ARG01A0207_009 f 0.00  0.000     0  0.00  0  0  -9.174   0.493   3.875   0.045   0.081   0.000 01E0DEM000t
00010 ARG01A0207_010 f 0.00  0.000     0  0.00  0  0 -11.835   0.587   3.282   0.019   0.069   0.000 01E0F2M000t
00011 ARG01A0207_011 f 0.00  0.000     0  0.00  0  0  -8.661   1.389   3.880   0.013  -0.064   0.000 01E119M000t
00012 ARG01A0207_012 f 0.00  0.000     0  0.00  0  0 -12.485   0.598   3.218   0.028  -0.040   0.000 01T023M000t
00013 ARG01A0207_013 f 0.00  0.000     0  0.00  0  0 -10.305   0.764   3.841   0.064  -0.123   0.000 01T04BM000t
00014 ARG01A0207_014 f 0.00  0.000     0  0.00  0  0 -10.661   1.132   5.952   0.034  -0.009   0.000 01T0D2M000t
00015 ARG01A0207_015 f 0.00  0.000     0  0.00  0  0  -9.055  -0.210   3.864  -0.056   0.038   0.000 01T0F8M000t
00016 ARG01A0207_016 f 0.00  0.000     0  0.00  0  0  -9.637   0.353   3.849   0.019  -0.232   0.000 01T0FFM000t
00017 ARG01A0207_017 f 0.00  0.000     0  0.00  0  0  -9.236  -0.445   3.897  -0.043   0.144   0.000 01T124M000t
00018 ARG01A0207_018 f 0.00  0.000     0  0.00  0  0 -10.503   0.302   1.049  -0.055   0.087   0.000 01T136M000t
00019 ARG01A0207_019 f 0.00  0.000     0  0.00  0  0 -11.122   1.498   6.069   0.088  -0.080   0.000 01T153M000t
00020 ARG01A0207_020 f 0.00  0.000     0  0.00  0  0 -10.131   1.629   3.772   0.034  -0.056   0.000 01T158M000t
00021 ARG02A0207_021 f 0.00  0.000     0  0.00  0  0 -13.740   0.260   0.441   0.031   0.473   0.000 02O000M000t
00022 ARG02A0207_022 f 0.00  0.000     0  0.00  0  0 -12.400   0.594   3.208   0.050   0.404   0.000 02E023M000t
00023 ARG02A0207_023 f 0.00  0.000     0  0.00  0  0 -11.452   1.635   3.282   0.058   0.755   0.000 02E095M000t
00024 ARG02A0207_024 f 0.00  0.000     0  0.00  0  0 -10.984   0.529   3.215   0.015   0.704   0.000 02E0D0M000t
00025 ARG02A0207_025 f 0.00  0.000     0  0.00  0  0  -8.977  -0.417   3.867  -0.040   0.858   0.000 02E124M000t
00026 ARG02A0207_026 f 0.00  0.000     0  0.00  0  0 -10.116   1.628   3.771  -0.004   0.934   0.000 02E158M000t
00027 ARG02A0207_027 f 0.00  0.000     0  0.00  0  0 -10.398   0.758   3.841   0.063   0.978   0.000 02T04BM000t
00028 ARG02A0207_028 f 0.00  0.000     0  0.00  0  0 -11.117   3.080   3.147  -0.016   1.076   0.000 02T0ACM000t
00029 ARG02A0207_029 f 0.00  0.000     0  0.00  0  0  -9.194   0.493   3.876   0.041   0.627   0.000 02T0DEM000t
00030 ARG02A0207_030 f 0.00  0.000     0  0.00  0  0 -10.533   0.284   1.049  -0.028   1.161   0.000 02T136M000t
00031 ARG02A0207_031 f 0.00  0.000     0  0.00  0  0 -11.897   0.595   3.281   0.016   1.353   0.000 02T0F2M000t
00032 ARG02A0207_032 f 0.00  0.000     0  0.00  0  0 -13.248   1.130   0.429   0.013   0.605   0.000 02T002M000t
00033 ARG02A0207_033 f 0.00  0.000     0  0.00  0  0 -10.450   1.130   5.906  -0.000   0.778   0.000 02T0D2M000t
00034 ARG02A0207_034 f 0.00  0.000     0  0.00  0  0  -9.622   0.356   3.849   0.033   0.560   0.000 02T0FFM000t
00035 ARG02A0207_035 f 0.00  0.000     0  0.00  0  0 -10.992   1.523   6.045   0.053   0.980   0.000 02T153M000t
00036 ARG02A0207_036 f 0.00  0.000     0  0.00  0  0 -11.123   0.161   0.442   0.009   0.468   0.000 02T058M000t
00037 ARG02A0207_037 f 0.00  0.000     0  0.00  0  0 -12.427   6.493   0.599   0.060   0.521   0.000 02T074M000t
00038 ARG02A0207_038 f 0.00  0.000     0  0.00  0  0 -11.695   1.806   3.241   0.024   0.486   0.000 02T096M000t
00039 ARG02A0207_039 f 0.00  0.000     0  0.00  0  0  -9.080  -0.209   3.850  -0.019   0.894   0.000 02T0F8M000t
00040 ARG02A0207_040 f 0.00  0.000     0  0.00  0  0  -8.399   1.385   3.863   0.055   0.732   0.000 02T119M000t
00041 ARG03A0207_041 f 0.00  0.000     0  0.00  0  0 -13.806   0.260   0.441   0.035   0.779   0.000 03O000M000t
00042 ARG03A0207_042 f 0.00  0.000     0  0.00  0  0 -11.911   0.590   3.283  -0.003   0.913   0.000 03E0F2M000t
00043 ARG03A0207_043 f 0.00  0.000     0  0.00  0  0 -10.844   1.535   6.045   0.084   0.985   0.000 03E153M000t
00044 ARG03A0207_044 f 0.00  0.000     0  0.00  0  0 -12.394   6.423   0.596   0.217   0.650   0.000 03E074M000t
00045 ARG03A0207_045 f 0.00  0.000     0  0.00  0  0 -11.367   1.785   3.240   0.112   0.721   0.000 03E096M000t
00046 ARG03A0207_046 f 0.00  0.000     0  0.00  0  0 -10.177   1.626   3.772   0.030   0.721   0.000 03E158M000t
00047 ARG03A0207_047 f 0.00  0.000     0  0.00  0  0  -9.197   0.494   3.877   0.043   0.645   0.000 03T0DEM000t
00048 ARG03A0207_048 f 0.00  0.000     0  0.00  0  0 -11.123   3.080   3.147  -0.017   1.013   0.000 03T0ACM000t
00049 ARG03A0207_049 f 0.00  0.000     0  0.00  0  0 -11.015   0.525   3.213   0.027   0.747   0.000 03T0D0M000t
00050 ARG03A0207_050 f 0.00  0.000     0  0.00  0  0  -9.661   0.353   3.850   0.026   1.001   0.000 03T0FFM000t
00051 ARG03A0207_051 f 0.00  0.000     0  0.00  0  0  -8.366   1.370   3.864   0.021   0.999   0.000 03T119M000t
00052 ARG03A0207_052 f 0.00  0.000     0  0.00  0  0 -13.239   1.128   0.430   0.031   0.624   0.000 03T002M000t
00053 ARG03A0207_053 f 0.00  0.000     0  0.00  0  0 -12.471   0.592   3.213   0.043   0.707   0.000 03T023M000t
00054 ARG03A0207_054 f 0.00  0.000     0  0.00  0  0 -11.046   1.631   3.281   0.069   0.800   0.000 03T095M000t
00055 ARG03A0207_055 f 0.00  0.000     0  0.00  0  0  -9.180  -0.217   3.852  -0.054   0.906   0.000 03T0F8M000t
00056 ARG03A0207_056 f 0.00  0.000     0  0.00  0  0  -9.117  -0.429   3.871  -0.089   0.968   0.000 03T124M000t
00057 ARG03A0207_057 f 0.00  0.000     0  0.00  0  0 -10.484   0.763   3.842   0.064   0.753   0.000 03T04BM000t
00058 ARG03A0207_058 f 0.00  0.000     0  0.00  0  0 -10.908   0.142   0.444   0.020   0.943   0.000 03T058M000t
00059 ARG03A0207_059 f 0.00  0.000     0  0.00  0  0 -10.563   1.123   5.917   0.029   0.827   0.000 03T0D2M000t
00060 ARG03A0207_060 f 0.00  0.000     0  0.00  0  0 -10.462   0.291   1.048  -0.045   1.027   0.000 03T136M000t
00061 ARG+1A0207_061 f 0.00  1.000     0 12.50  0  1 -13.844   0.260   0.441   0.105  -0.213   0.000 +1O000M000t
00062 ARG+1A0207_062 f 0.00  1.000     0 12.50  0  1 -12.565   0.591   3.210   0.164  -0.095   0.000 +1E023M000t
00063 ARG+1A0207_063 f 0.00  1.000     0 12.50  0  1 -10.463   0.762   3.841   0.165  -0.128   0.000 +1E04BM000t
00064 ARG+1A0207_064 f 0.00  1.000     0 12.50  0  1 -10.867   0.144   0.444   0.104  -0.103   0.000 +1E058M000t
00065 ARG+1A0207_065 f 0.00  1.000     0 12.50  0  1 -11.239   1.632   3.280   0.220  -0.024   0.000 +1E095M000t
00066 ARG+1A0207_066 f 0.00  1.000     0 12.50  0  1 -10.542   1.130   5.932   0.125  -0.499   0.000 +1E0D2M000t
00067 ARG+1A0207_067 f 0.00  1.000     0 12.50  0  1  -9.244   0.493   3.877   0.127  -0.266   0.000 +1E0DEM000t
00068 ARG+1A0207_068 f 0.00  1.000     0 12.50  0  1 -11.952   0.585   3.282   0.299  -0.261   0.000 +1E0F2M000t
00069 ARG+1A0207_069 f 0.00  1.000     0 12.50  0  1  -9.186  -0.216   3.850   0.100  -0.059   0.000 +1E0F8M000t
00070 ARG+1A0207_070 f 0.00  1.000     0 12.50  0  1  -9.716   0.350   3.850   0.097  -0.086   0.000 +1E0FFM000t
00071 ARG+1A0207_071 f 0.00  1.000     0 12.50  0  1  -8.313   1.355   3.867   0.046  -0.120   0.000 +1E119M000t
00072 ARG+1A0207_072 f 0.00  1.000     0 12.50  0  1  -9.114  -0.430   3.872   0.239  -0.364   0.000 +1E124M000t
00073 ARG+1A0207_073 f 0.00  1.000     0 12.50  0  1 -10.587   0.283   1.048   0.233  -0.042   0.000 +1E136M000t
00074 ARG+1A0207_074 f 0.00  1.000     0 12.50  0  1 -10.909   1.536   6.047   0.233  -0.180   0.000 +1E153M000t
00075 ARG+1A0207_075 f 0.00  1.000     0 12.50  0  1 -10.210   1.621   3.773   0.139  -0.371   0.000 +1E158M000t
00076 ARG+1A0207_076 f 0.00  1.000     0 12.50  0  1 -13.283   1.123   0.429   0.019  -0.196   0.000 +1T002M000t
00077 ARG+1A0207_077 f 0.00  1.000     0 12.50  0  1 -12.508   6.529   0.596   0.463  -0.138   0.000 +1T074M000t
00078 ARG+1A0207_078 f 0.00  1.000     0 12.50  0  1 -11.452   1.809   3.240   0.273  -0.121   0.000 +1T096M000t
00079 ARG+1A0207_079 f 0.00  1.000     0 12.50  0  1 -11.160   3.083   3.148   0.032  -0.351   0.000 +1T0ACM000t
00080 ARG+1A0207_080 f 0.00  1.000     0 12.50  0  1 -11.061   0.529   3.216   0.125  -0.345   0.000 +1T0D0M000t
