iConf CONFORMER     FL  occ    crg   Em0  pKa0 ne nH    vdw0    vdw1    tors    epol   dsolv   extra    history
00001 LYS01A0077_001 f 0.00  0.000     0  0.00  0  0 -11.836   0.312   1.015  -0.008  -0.103   0.000 01O000M000t
00002 LYS01A0077_002 f 0.00  0.000     0  0.00  0  0 -11.273   0.297   1.530  -0.011  -0.045   0.000 01E013M000t
00003 LYS01A0077_003 f 0.00  0.000     0  0.00  0  0  -8.458   1.633   2.242  -0.016  -0.038   0.000 01E042M000t
00004 LYS01A0077_004 f 0.00  0.000     0  0.00  0  0  -8.465   1.165   4.607  -0.008  -0.049   0.000 01E051M000t
00005 LYS01A0077_005 f 0.00  0.000     0  0.00  0  0 -11.372   2.698   4.129  -0.020  -0.001   0.000 01E054M000t
00006 LYS01A0077_006 f 0.00  0.000     0  0.00  0  0 -10.872   2.497   1.037  -0.039   0.134   0.000 01E097M000t
00007 LYS01A0077_007 f 0.00  0.000     0  0.00  0  0 -11.485   2.334   6.134  -0.008   0.057   0.000 01E0A5M000t
00008 LYS01A0077_008 f 0.00  0.000     0  0.00  0  0 -10.052   1.010   3.776  -0.014  -0.064   0.000 01E0CAM000t
00009 LYS01A0077_009 f 0.00  0.000     0  0.00  0  0  -7.465   1.205   5.018  -0.115   0.047   0.000 01E12AM000t
00010 LYS01A0077_010 f 0.00  0.000     0  0.00  0  0 -10.574   2.279   3.864  -0.032   0.125   0.000 01E13EM000t
00011 LYS01A0077_011 f 0.00  0.000     0  0.00  0  0 -10.082   2.246   1.657  -0.023  -0.060   0.000 01E143M000t
00012 LYS01A0077_012 f 0.00  0.000     0  0.00  0  0 -10.708   0.829   3.921  -0.009   0.005   0.000 01T02AM000t
00013 LYS01A0077_013 f 0.00  0.000     0  0.00  0  0 -10.678   1.679   1.604  -0.017   0.168   0.000 01T088M000t
00014 LYS01A0077_014 f 0.00  0.000     0  0.00  0  0 -10.458   0.195   3.819  -0.014  -0.059   0.000 01T0B1M000t
00015 LYS01A0077_015 f 0.00  0.000     0  0.00  0  0 -10.450   0.715   6.146  -0.017  -0.001   0.000 01T0ECM000t
00016 LYS01A0077_016 f 0.00  0.000     0  0.00  0  0  -9.803   0.125   4.460  -0.020  -0.051   0.000 01T0FAM000t
00017 LYS01A0077_017 f 0.00  0.000     0  0.00  0  0  -9.922   1.486   4.502  -0.062   0.094   0.000 01T110M000t
00018 LYS01A0077_018 f 0.00  0.000     0  0.00  0  0  -7.625   0.399   2.260  -0.014   0.078   0.000 01T116M000t
00019 LYS01A0077_019 f 0.00  0.000     0  0.00  0  0 -10.153   2.119   4.388  -0.010   0.018   0.000 01T141M000t
00020 LYS01A0077_020 f 0.00  0.000     0  0.00  0  0  -7.197   1.121   4.616  -0.021  -0.006   0.000 01T158M000t
00021 LYS+1A0077_021 f 0.00  1.000     0 10.40  0  1 -11.881   0.311   1.015   0.045  -0.212   0.000 +1O000M000t
00022 LYS+1A0077_022 f 0.00  1.000     0 10.40  0  1  -8.599   1.636   2.242   0.062  -0.394   0.000 +1E042M000t
00023 LYS+1A0077_023 f 0.00  1.000     0 10.40  0  1 -10.946   2.510   1.042  -0.112  -0.046   0.000 +1E097M000t
00024 LYS+1A0077_024 f 0.00  1.000     0 10.40  0  1 -11.533   2.348   6.137   0.051  -0.211   0.000 +1E0A5M000t
00025 LYS+1A0077_025 f 0.00  1.000     0 10.40  0  1 -10.507   0.193   3.821   0.086  -0.339   0.000 +1E0B1M000t
00026 LYS+1A0077_026 f 0.00  1.000     0 10.40  0  1 -10.101   1.016   3.780   0.091  -0.369   0.000 +1E0CAM000t
00027 LYS+1A0077_027 f 0.00  1.000     0 10.40  0  1  -9.838   0.121   4.461   0.075  -0.188   0.000 +1E0FAM000t
00028 LYS+1A0077_028 f 0.00  1.000     0 10.40  0  1 -10.096   2.226   1.663   0.038  -0.373   0.000 +1E143M000t
00029 LYS+1A0077_029 f 0.00  1.000     0 10.40  0  1 -11.385   0.298   1.533   0.059  -0.254   0.000 +1T013M000t
00030 LYS+1A0077_030 f 0.00  1.000     0 10.40  0  1 -10.757   0.830   3.924   0.049  -0.199   0.000 +1T02AM000t
00031 LYS+1A0077_031 f 0.00  1.000     0 10.40  0  1  -8.494   1.162   4.611   0.006  -0.253   0.000 +1T051M000t
00032 LYS+1A0077_032 f 0.00  1.000     0 10.40  0  1 -11.366   2.706   4.128  -0.079  -0.496   0.000 +1T054M000t
00033 LYS+1A0077_033 f 0.00  1.000     0 10.40  0  1 -10.689   1.672   1.603   0.073  -0.344   0.000 +1T088M000t
00034 LYS+1A0077_034 f 0.00  1.000     0 10.40  0  1 -10.504   0.714   6.149   0.042  -0.150   0.000 +1T0ECM000t
00035 LYS+1A0077_035 f 0.00  1.000     0 10.40  0  1 -10.033   1.467   4.505   0.251  -0.083   0.000 +1T110M000t
00036 LYS+1A0077_036 f 0.00  1.000     0 10.40  0  1  -7.636   0.397   2.260   0.065  -0.203   0.000 +1T116M000t
00037 LYS+1A0077_037 f 0.00  1.000     0 10.40  0  1  -7.462   1.181   5.016   0.311   0.120   0.000 +1T12AM000t
00038 LYS+1A0077_038 f 0.00  1.000     0 10.40  0  1 -10.594   2.318   3.869   0.153   0.124   0.000 +1T13EM000t
00039 LYS+1A0077_039 f 0.00  1.000     0 10.40  0  1 -10.274   2.155   4.398   0.046  -0.222   0.000 +1T141M000t
00040 LYS+1A0077_040 f 0.00  1.000     0 10.40  0  1  -7.199   1.112   4.621   0.016   0.349   0.000 +1T158M000t
