CONFORMER         crg  vdw0  vdw1  tors  epol  self   occ  Hb     history    ASA
LYS01A0077_001  0.000-11.83  0.21  1.01  0.00-10.61 0.501  00  01O000M000  1.000
LYS01A0077_002  0.000-11.27  0.20  1.53  0.00 -9.55 0.501  00  01E013M000  1.000
LYS01A0077_003  0.000 -8.45  1.63  2.24  0.00 -4.58 0.502  00  01E042M000  1.000
LYS01A0077_004  0.000 -8.46  1.16  4.61  0.00 -2.69 0.502  00  01E051M000  1.000
LYS01A0077_005  0.000-11.37  2.70  4.13  0.00 -4.54 0.501  00  01E054M000  1.000
LYS01A0077_006  0.000-10.87  2.43  1.04  0.00 -7.40 0.501  00  01E097M000  1.000
LYS01A0077_007  0.000-11.48  2.33  6.13  0.00 -3.02 0.501  00  01E0A5M000  1.000
LYS01A0077_008  0.000-10.05  0.96  3.78  0.00 -5.32 0.502  00  01E0CAM000  1.000
LYS01A0077_009  0.000 -7.39  1.21  5.02  0.00 -1.17 0.502  00  01E12AM000  1.000
LYS01A0077_010  0.000-10.57  2.22  3.86  0.00 -4.49 0.502  00  01E13EM000  1.000
LYS01A0077_011  0.000-10.08  2.18  1.66  0.00 -6.25 0.501  00  01E143M000  1.000
LYS01A0077_012  0.000-10.71  0.78  3.92  0.00 -6.01 0.502  00  01T02AM000  1.000
LYS01A0077_013  0.000-10.68  1.68  1.60  0.00 -7.40 0.501  00  01T088M000  1.000
LYS01A0077_014  0.000-10.45  0.09  3.82  0.00 -6.54 0.502  00  01T0B1M000  1.000
LYS01A0077_015  0.000-10.51  0.66  6.15  0.00 -3.71 0.501  00  01T0ECM000  1.000
LYS01A0077_016  0.000 -9.80  0.08  4.46  0.00 -5.27 0.501  00  01T0FAM000  1.000
LYS01A0077_017  0.000 -9.92  1.44  4.50  0.00 -3.99 0.501  00  01T110M000  1.000
LYS01A0077_018  0.000 -7.57  0.35  2.26  0.00 -4.96 0.501  00  01T116M000  1.000
LYS01A0077_019  0.000-10.16  2.05  4.39  0.00 -3.72 0.501  00  01T141M000  1.000
LYS01A0077_020  0.000 -7.19  1.12  4.61  0.00 -1.45 0.501  00  01T158M000  1.000
LYS+1A0077_021  1.000-11.88  0.21  1.01  0.00-10.66 0.501  00  +1O000M000  1.000
LYS+1A0077_022  1.000 -8.60  1.63  2.24  0.00 -4.72 0.502  00  +1E042M000  1.000
LYS+1A0077_023  1.000-10.94  2.44  1.04  0.00 -7.46 0.501  00  +1E097M000  1.000
LYS+1A0077_024  1.000-11.53  2.35  6.14  0.00 -3.04 0.501  00  +1E0A5M000  1.000
LYS+1A0077_025  1.000-10.50  0.09  3.82  0.00 -6.59 0.502  00  +1E0B1M000  1.000
LYS+1A0077_026  1.000-10.09  0.96  3.78  0.00 -5.35 0.502  00  +1E0CAM000  1.000
LYS+1A0077_027  1.000 -9.84  0.07  4.46  0.00 -5.30 0.501  00  +1E0FAM000  1.000
LYS+1A0077_028  1.000-10.10  2.16  1.66  0.00 -6.27 0.501  00  +1E143M000  1.000
LYS+1A0077_029  1.000-11.38  0.20  1.53  0.00 -9.66 0.501  00  +1T013M000  1.000
LYS+1A0077_030  1.000-10.76  0.78  3.92  0.00 -6.06 0.502  00  +1T02AM000  1.000
LYS+1A0077_031  1.000 -8.50  1.16  4.61  0.00 -2.72 0.502  00  +1T051M000  1.000
LYS+1A0077_032  1.000-11.37  2.71  4.13  0.00 -4.53 0.501  00  +1T054M000  1.000
LYS+1A0077_033  1.000-10.76  1.67  1.60  0.00 -7.48 0.501  00  +1T088M000  1.000
LYS+1A0077_034  1.000-10.50  0.66  6.15  0.00 -3.69 0.501  00  +1T0ECM000  1.000
LYS+1A0077_035  1.000-10.03  1.42  4.50  0.00 -4.11 0.501  00  +1T110M000  1.000
LYS+1A0077_036  1.000 -7.63  0.35  2.26  0.00 -5.02 0.501  00  +1T116M000  1.000
LYS+1A0077_037  1.000 -7.47  1.18  5.02  0.00 -1.27 0.502  00  +1T12AM000  1.000
LYS+1A0077_038  1.000-10.56  2.25  3.87  0.00 -4.44 0.502  00  +1T13EM000  1.000
LYS+1A0077_039  1.000-10.21  2.09  4.40  0.00 -3.72 0.501  00  +1T141M000  1.000
LYS+1A0077_040  1.000 -7.19  1.12  4.62  0.00 -1.46 0.501  00  +1T158M000  1.000
