   confID        vdw0    sas     sum
LYS01A0077_001   0.521 -12.357 -11.836
LYS01A0077_002   1.528 -12.801 -11.273
LYS01A0077_003   3.973 -12.431  -8.458
LYS01A0077_004   3.992 -12.456  -8.465
LYS01A0077_005   1.391 -12.763 -11.372
LYS01A0077_006   1.229 -12.101 -10.872
LYS01A0077_007   0.907 -12.392 -11.485
LYS01A0077_008   2.508 -12.560 -10.052
LYS01A0077_009   4.748 -12.213  -7.465
LYS01A0077_010   1.777 -12.351 -10.574
LYS01A0077_011   2.295 -12.377 -10.082
LYS01A0077_012   1.517 -12.225 -10.708
LYS01A0077_013   1.911 -12.589 -10.678
LYS01A0077_014   1.970 -12.428 -10.458
LYS01A0077_015   1.875 -12.325 -10.450
LYS01A0077_016   2.654 -12.457  -9.803
LYS01A0077_017   2.456 -12.377  -9.922
LYS01A0077_018   4.942 -12.567  -7.625
LYS01A0077_019   2.101 -12.254 -10.153
LYS01A0077_020   4.964 -12.161  -7.197
LYS+1A0077_021   0.476 -12.357 -11.881
LYS+1A0077_022   3.947 -12.546  -8.599
LYS+1A0077_023   1.155 -12.101 -10.946
LYS+1A0077_024   0.859 -12.392 -11.533
LYS+1A0077_025   1.921 -12.428 -10.507
LYS+1A0077_026   2.455 -12.556 -10.101
LYS+1A0077_027   2.619 -12.457  -9.838
LYS+1A0077_028   2.229 -12.326 -10.096
LYS+1A0077_029   1.483 -12.869 -11.385
LYS+1A0077_030   1.467 -12.225 -10.757
LYS+1A0077_031   3.963 -12.456  -8.494
LYS+1A0077_032   1.345 -12.711 -11.366
LYS+1A0077_033   1.833 -12.522 -10.689
LYS+1A0077_034   1.820 -12.325 -10.504
LYS+1A0077_035   2.345 -12.377 -10.033
LYS+1A0077_036   4.879 -12.515  -7.636
LYS+1A0077_037   4.712 -12.174  -7.462
LYS+1A0077_038   1.732 -12.326 -10.594
LYS+1A0077_039   2.048 -12.322 -10.274
LYS+1A0077_040   4.911 -12.110  -7.199
