iConf CONFORMER     FL  occ    crg   Em0  pKa0 ne nH    vdw0    vdw1    tors    epol   dsolv   extra    history
00001 ASP01A0219_001 f 0.00  0.000     0  0.00  0  0  -4.565   2.700   2.898   1.210  -0.193   0.000 01O000M000t
00002 ASP01A0219_002 f 0.00  0.000     0  0.00  0  0  -4.336   1.557   3.258   0.102  -0.781   0.000 01E002M000t
00003 ASP01A0219_003 f 0.00  0.000     0  0.00  0  0  -4.566   2.703   0.178   0.145   0.501   0.000 01O000M000t
00004 ASP01A0219_004 f 0.00  0.000     0  0.00  0  0  -4.352   1.435   3.698   0.254  -0.514   0.000 01T004M000t
00005 ASP01A0219_005 f 0.00  0.000     0  0.00  0  0  -4.260   1.133   6.039   0.348  -0.543   0.000 01T003M000t
00006 ASP01A0219_006 f 0.00  0.000     0  0.00  0  0  -4.012   2.859   3.224   0.396  -0.671   0.000 01T006M000t
00007 ASP01A0219_007 f 0.00  0.000     0  0.00  0  0  -4.127   1.085   3.320   0.201   0.488   0.000 01T003M000t
00008 ASP01A0219_008 f 0.00  0.000     0  0.00  0  0  -4.155   2.498   0.537   0.298   0.566   0.000 01T006M000t
00009 ASP01A0219_009 f 0.00  0.000     0  0.00  0  0  -4.419   1.519   0.979   0.101   0.515   0.000 01T004M000t
00010 ASP02A0219_010 f 0.00  0.000     0  0.00  0  0  -4.485   2.006   2.898   0.074  -0.533   0.000 02O000M000t
00011 ASP02A0219_011 f 0.00  0.000     0  0.00  0  0  -4.367   1.978   3.327   1.461   0.247   0.000 02E002M000t
00012 ASP02A0219_012 f 0.00  0.000     0  0.00  0  0  -4.233   1.117   3.693   0.142  -0.556   0.000 02E004M000t
00013 ASP02A0219_013 f 0.00  0.000     0  0.00  0  0  -4.485   2.006   0.178   0.075   0.776   0.000 02O000M000t
00014 ASP02A0219_014 f 0.00  0.000     0  0.00  0  0  -4.121   1.039   6.012   0.248  -0.548   0.000 02T003M000t
00015 ASP02A0219_015 f 0.00  0.000     0  0.00  0  0  -4.168   3.071   3.298  -0.100  -0.068   0.000 02T006M000t
00016 ASP02A0219_016 f 0.00  0.000     0  0.00  0  0  -4.085   1.039   3.292   0.186   0.721   0.000 02T003M000t
00017 ASP02A0219_017 f 0.00  0.000     0  0.00  0  0  -4.249   1.201   0.971   0.092   0.732   0.000 02T004M000t
00018 ASP02A0219_018 f 0.00  0.000     0  0.00  0  0  -4.168   3.071   0.578   0.232   0.705   0.000 02T006M000t
00019 ASP-1A0219_019 f 0.00 -1.000     0  4.75  0 -1  -4.296   2.025   0.178  -0.702  -0.099   0.000 -1O000M000t
00020 ASP-1A0219_020 f 0.00 -1.000     0  4.75  0 -1  -4.085   0.981   3.215  -0.309  -0.243   0.000 -1E003M000t
00021 ASP-1A0219_021 f 0.00 -1.000     0  4.75  0 -1  -4.212   1.108   0.949  -0.342  -0.160   0.000 -1E004M000t
00022 ASP-1A0219_022 f 0.00 -1.000     0  4.75  0 -1  -4.200   2.648   0.511   0.298   0.064   0.000 -1E006M000t
