CONFORMER         crg  vdw0  vdw1  tors  epol  self   occ  Hb     history    ASA
ASP01A0219_001  0.000 -4.57  2.64  2.90  0.00  0.97 0.569  00  01O000M000  1.008
ASP01A0219_002  0.000 -4.34  1.49  3.26  0.00  0.42 0.568  00  01E002M000  1.048
ASP01A0219_003  0.000 -4.57  2.64  0.18  0.00 -1.75 0.569  00  01O000M000  1.008
ASP01A0219_004  0.000 -4.35  1.39  3.70  0.00  0.74 0.575  00  01T004M000  1.053
ASP01A0219_005  0.000 -4.26  1.09  6.04  0.00  2.87 0.572  00  01T003M000  1.041
ASP01A0219_006  0.000 -4.01  2.85  3.22  0.00  2.06 0.574  00  01T006M000  1.020
ASP01A0219_007  0.000 -4.13  1.05  3.32  0.00  0.24 0.572  00  01T003M000  1.008
ASP01A0219_008  0.000 -4.15  2.51  0.54  0.00 -1.11 0.574  00  01T006M000  1.041
ASP01A0219_009  0.000 -4.42  1.47  0.98  0.00 -1.97 0.575  00  01T004M000  1.068
ASP02A0219_010  0.000 -4.48  1.95  2.90  0.00  0.36 0.569  00  02O000M000  1.014
ASP02A0219_011  0.000 -4.37  1.92  3.33  0.00  0.88 0.568  00  02E002M000  1.060
ASP02A0219_012  0.000 -4.23  1.07  3.69  0.00  0.53 0.575  00  02E004M000  1.049
ASP02A0219_013  0.000 -4.48  1.95  0.18  0.00 -2.36 0.569  00  02O000M000  1.014
ASP02A0219_014  0.000 -4.12  1.00  6.01  0.00  2.89 0.572  00  02T003M000  1.008
ASP02A0219_015  0.000 -4.17  3.07  3.30  0.00  2.20 0.574  00  02T006M000  1.024
ASP02A0219_016  0.000 -4.08  1.00  3.29  0.00  0.21 0.572  00  02T003M000  1.000
ASP02A0219_017  0.000 -4.25  1.16  0.97  0.00 -2.12 0.575  00  02T004M000  1.052
ASP02A0219_018  0.000 -4.17  3.07  0.58  0.00 -0.52 0.574  00  02T006M000  1.024
ASP-1A0219_019 -1.000 -4.30  1.97  0.18  0.00 -2.15 0.569  00  -1O000M000  1.009
ASP-1A0219_020 -1.000 -4.08  0.94  3.21  0.00  0.07 0.572  00  -1E003M000  1.016
ASP-1A0219_021 -1.000 -4.21  1.07  0.95  0.00 -2.20 0.575  00  -1E004M000  1.055
ASP-1A0219_022 -1.000 -4.19  2.65  0.51  0.00 -1.03 0.574  00  -1E006M000  1.024
