CONFORMER         crg  vdw0  vdw1  tors  epol  self   occ  Hb     history    ASA
TYR01A0203_001  0.000 -8.80 -0.40  0.07  0.00 -9.13 0.553  00  01O000M000  1.000
TYR01A0203_002  0.000 -9.58 -0.21  0.07  0.00 -9.72 0.553  00  01E002M000  1.000
TYR01A0203_003  0.000 -9.86  2.67  2.72  0.00 -4.46 0.552  00  01E008M000  1.000
TYR01A0203_004  0.000-10.11  2.35  0.07  0.00 -7.70 0.548  00  01E009M000  1.000
TYR01A0203_005  0.000 -8.80 -0.40  0.07  0.00 -9.13 0.553  00  01O000M000  1.000
TYR01A0203_006  0.000 -9.90  0.59  2.72  0.00 -6.59 0.548  00  01E003M000  1.000
TYR01A0203_007  0.000 -9.82 -0.22  0.07  0.00 -9.97 0.550  00  01E004M000  1.000
TYR01A0203_008  0.000 -9.81  1.55  0.05  0.00 -8.21 0.544  00  01T006M000  1.000
TYR01A0203_009  0.000 -9.90  4.41  2.70  0.00 -2.79 0.549  00  01T007M000  1.000
TYR01A0203_010  0.000 -9.45  1.68  2.72  0.00 -5.06 0.553  00  01T001M000  1.000
TYR01A0203_011  0.000 -9.79  1.85  2.72  0.00 -5.22 0.549  00  01T005M000  1.000
TYR-1A0203_012 -1.000 -8.80 -0.40  0.07  0.00 -9.13 0.553  00  -1O000M000  1.000
TYR-1A0203_013 -1.000 -9.58 -0.21  0.07  0.00 -9.72 0.553  00  -1E002M000  1.000
TYR-1A0203_014 -1.000 -9.90  1.49  0.05  0.00 -8.36 0.544  00  -1E006M000  1.000
TYR-1A0203_015 -1.000 -9.75  4.06  2.69  0.00 -2.99 0.549  00  -1E007M000  1.000
TYR-1A0203_016 -1.000 -9.81  2.68  2.72  0.00 -4.41 0.552  00  -1E008M000  1.000
TYR-1A0203_017 -1.000 -9.45  1.67  2.72  0.00 -5.06 0.553  00  -1T001M000  1.000
TYR-1A0203_018 -1.000 -9.91  0.59  2.72  0.00 -6.60 0.548  00  -1T003M000  1.000
TYR-1A0203_019 -1.000 -9.77 -0.22  0.07  0.00 -9.92 0.550  00  -1T004M000  1.000
TYR-1A0203_020 -1.000 -9.79  1.85  2.72  0.00 -5.22 0.549  00  -1T005M000  1.000
TYR-1A0203_021 -1.000-10.17  2.29  0.06  0.00 -7.81 0.548  00  -1T009M000  1.000
