   confID        vdw0    sas     sum
TYR01A0203_001   4.852 -13.654  -8.802
TYR01A0203_002   4.853 -14.438  -9.585
TYR01A0203_003   4.569 -14.425  -9.856
TYR01A0203_004   4.473 -14.596 -10.123
TYR01A0203_005   4.852 -13.654  -8.802
TYR01A0203_006   4.849 -14.748  -9.899
TYR01A0203_007   4.857 -14.675  -9.818
TYR01A0203_008   4.562 -14.381  -9.819
TYR01A0203_009   4.516 -14.417  -9.901
TYR01A0203_010   4.870 -14.326  -9.456
TYR01A0203_011   4.883 -14.665  -9.783
TYR-1A0203_012   4.852 -13.654  -8.802
TYR-1A0203_013   4.866 -14.438  -9.572
TYR-1A0203_014   4.562 -14.466  -9.904
TYR-1A0203_015   4.506 -14.189  -9.683
TYR-1A0203_016   4.562 -14.374  -9.812
TYR-1A0203_017   4.881 -14.326  -9.445
TYR-1A0203_018   4.833 -14.748  -9.915
TYR-1A0203_019   4.854 -14.674  -9.820
TYR-1A0203_020   4.885 -14.665  -9.781
TYR-1A0203_021   4.479 -14.647 -10.168
