CONFORMER         crg  vdw0  vdw1  tors  epol  self   occ  Hb     history    ASA
HIS01A0169_001  0.000-11.77 -0.45  0.02  0.00-12.20 0.518  00  01O000M000  1.000
HIS01A0169_002  0.000-11.65  0.24  0.02  0.00-11.40 0.519  00  01E003M000  1.000
HIS01A0169_003  0.000-11.86  0.22  0.02  0.00-11.61 0.518  00  01E007M000  1.000
HIS01A0169_004  0.000-12.11 -0.03  0.01  0.00-12.14 0.519  00  01E009M000  1.000
HIS01A0169_005  0.000-11.96  1.15  2.78  0.00 -8.03 0.517  00  01E00CM000  1.000
HIS01A0169_006  0.000-11.64 -0.05  0.02  0.00-11.67 0.517  00  01E00EM000  1.000
HIS01A0169_007  0.000-11.94  4.08  2.78  0.00 -5.08 0.517  00  01E00FM000  1.000
HIS01A0169_008  0.000-11.53  3.48  2.77  0.00 -5.27 0.518  00  01E010M000  1.000
HIS01A0169_009  0.000-11.51 -0.25  0.02  0.00-11.75 0.518  00  01E013M000  1.000
HIS01A0169_010  0.000-12.14 -0.57  0.02  0.00-12.69 0.518  00  01E015M000  1.000
HIS01A0169_011  0.000-11.83  0.74  2.77  0.00 -8.32 0.519  00  01E017M000  1.000
HIS01A0169_012  0.000-11.96  0.59  2.77  0.00 -8.60 0.519  00  01T005M000  1.000
HIS01A0169_013  0.000-12.32  0.64  0.01  0.00-11.67 0.521  00  01T006M000  1.000
HIS01A0169_014  0.000-11.72 -0.53  0.02  0.00-12.23 0.521  00  01T008M000  1.000
HIS01A0169_015  0.000-11.94  1.86  2.77  0.00 -7.31 0.519  00  01T00DM000  1.000
HIS01A0169_016  0.000-12.08 -0.40  0.02  0.00-12.45 0.519  00  01T012M000  1.000
HIS01A0169_017  0.000-12.13  0.29  0.00  0.00-11.84 0.517  00  01T014M000  1.000
HIS01A0169_018  0.000-12.06  2.94  2.74  0.00 -6.38 0.518  00  01T016M000  1.000
HIS01A0169_019  0.000-11.57  0.58  2.77  0.00 -8.22 0.518  00  01T01AM000  1.000
HIS02A0169_020  0.000-11.79 -0.48  0.02  0.00-12.25 0.518  00  02O000M000  1.000
HIS02A0169_021  0.000-12.27 -0.47  0.02  0.00-12.72 0.519  00  02R001M000  1.000
HIS02A0169_022  0.000-11.98  0.56  2.77  0.00 -8.65 0.519  00  02E005M000  1.000
HIS02A0169_023  0.000-12.31  0.54  0.01  0.00-11.77 0.521  00  02E006M000  1.000
HIS02A0169_024  0.000-11.98  1.14  2.77  0.00 -8.07 0.517  00  02E00CM000  1.000
HIS02A0169_025  0.000-11.96  1.87  2.77  0.00 -7.33 0.519  00  02E00DM000  1.000
HIS02A0169_026  0.000-11.55  3.43  2.77  0.00 -5.35 0.518  00  02E010M000  1.000
HIS02A0169_027  0.000-11.98 -0.43  0.02  0.00-12.40 0.519  00  02E012M000  1.000
HIS02A0169_028  0.000-12.26  0.31  0.00  0.00-11.95 0.517  00  02E014M000  1.000
HIS02A0169_029  0.000-12.16 -0.58  0.02  0.00-12.73 0.518  00  02E015M000  1.000
HIS02A0169_030  0.000-11.91  0.70  2.77  0.00 -8.44 0.519  00  02E017M000  1.000
HIS02A0169_031  0.000-11.74  0.23  0.02  0.00-11.49 0.519  00  02T003M000  1.000
HIS02A0169_032  0.000-11.92  0.15  0.02  0.00-11.75 0.518  00  02T007M000  1.000
HIS02A0169_033  0.000-12.03 -0.04  0.01  0.00-12.06 0.519  00  02T009M000  1.000
HIS02A0169_034  0.000-11.76 -0.06  0.02  0.00-11.81 0.517  00  02T00EM000  1.000
HIS02A0169_035  0.000-11.74  4.30  2.78  0.00 -4.66 0.517  00  02T00FM000  1.000
HIS02A0169_036  0.000-11.48 -0.28  0.02  0.00-11.75 0.518  00  02T013M000  1.000
HIS02A0169_037  0.000-11.87  2.90  2.75  0.00 -6.22 0.518  00  02T016M000  1.000
HIS02A0169_038  0.000-11.46  0.57  2.77  0.00 -8.12 0.518  00  02T01AM000  1.000
HIS+1A0169_039  1.000-11.82 -0.48  0.02  0.00-12.28 0.518  00  +1O000M000  1.000
HIS+1A0169_040  1.000-11.72  0.23  0.02  0.00-11.47 0.519  00  +1E003M000  1.000
HIS+1A0169_041  1.000-12.07  0.55  2.78  0.00 -8.74 0.519  00  +1E005M000  1.000
HIS+1A0169_042  1.000-11.90  0.14  0.02  0.00-11.74 0.518  00  +1E007M000  1.000
HIS+1A0169_043  1.000-11.78 -0.55  0.02  0.00-12.31 0.521  00  +1E008M000  1.000
HIS+1A0169_044  1.000-12.16 -0.04  0.01  0.00-12.19 0.519  00  +1E009M000  1.000
HIS+1A0169_045  1.000-11.99  1.87  2.77  0.00 -7.35 0.519  00  +1E00DM000  1.000
HIS+1A0169_046  1.000-11.94  4.28  2.78  0.00 -4.88 0.517  00  +1E00FM000  1.000
HIS+1A0169_047  1.000-12.23  0.31  0.00  0.00-11.92 0.517  00  +1E014M000  1.000
HIS+1A0169_048  1.000-12.36  0.54  0.01  0.00-11.81 0.521  00  +1T006M000  1.000
HIS+1A0169_049  1.000-11.96  1.13  2.78  0.00 -8.05 0.517  00  +1T00CM000  1.000
HIS+1A0169_050  1.000-11.79 -0.07  0.02  0.00-11.84 0.517  00  +1T00EM000  1.000
HIS+1A0169_051  1.000-11.51  3.46  2.77  0.00 -5.27 0.518  00  +1T010M000  1.000
HIS+1A0169_052  1.000-12.07 -0.44  0.02  0.00-12.49 0.519  00  +1T012M000  1.000
HIS+1A0169_053  1.000-11.51 -0.28  0.02  0.00-11.77 0.518  00  +1T013M000  1.000
HIS+1A0169_054  1.000-12.19 -0.58  0.02  0.00-12.75 0.518  00  +1T015M000  1.000
HIS+1A0169_055  1.000-11.90  2.90  2.75  0.00 -6.25 0.518  00  +1T016M000  1.000
HIS+1A0169_056  1.000-11.89  0.70  2.77  0.00 -8.42 0.519  00  +1T017M000  1.000
HIS+1A0169_057  1.000-11.44  0.57  2.77  0.00 -8.10 0.518  00  +1T01AM000  1.000
