iConf CONFORMER     FL  occ    crg   Em0  pKa0 ne nH    vdw0    vdw1    tors    epol   dsolv   extra    history
00001 HIS01A0169_001 f 0.00  0.000     0  0.00  0  0 -11.774  -0.408   0.021   0.302   0.339   0.000 01O000M000t
00002 HIS01A0169_002 f 0.00  0.000     0  0.00  0  0 -11.653   0.236   0.018   0.554   0.311   0.000 01E003M000t
00003 HIS01A0169_003 f 0.00  0.000     0  0.00  0  0 -11.858   0.266   0.020   0.215   0.458   0.000 01E007M000t
00004 HIS01A0169_004 f 0.00  0.000     0  0.00  0  0 -12.178   0.074   0.009   0.425   0.254   0.000 01E009M000t
00005 HIS01A0169_005 f 0.00  0.000     0  0.00  0  0 -11.960   1.158   2.775   0.453   0.275   0.000 01E00CM000t
00006 HIS01A0169_006 f 0.00  0.000     0  0.00  0  0 -11.638  -0.046   0.018   0.440   0.444   0.000 01E00EM000t
00007 HIS01A0169_007 f 0.00  0.000     0  0.00  0  0 -11.936   4.080   2.778   0.076   0.649   0.000 01E00FM000t
00008 HIS01A0169_008 f 0.00  0.000     0  0.00  0  0 -11.530   3.478   2.773   0.535   0.507   0.000 01E010M000t
00009 HIS01A0169_009 f 0.00  0.000     0  0.00  0  0 -11.512  -0.197   0.018   0.401   0.376   0.000 01E013M000t
00010 HIS01A0169_010 f 0.00  0.000     0  0.00  0  0 -12.142  -0.508   0.017   0.392   0.336   0.000 01E015M000t
00011 HIS01A0169_011 f 0.00  0.000     0  0.00  0  0 -11.900   0.745   2.774   0.316   0.421   0.000 01E017M000t
00012 HIS01A0169_012 f 0.00  0.000     0  0.00  0  0 -11.965   0.588   2.776   0.276   0.399   0.000 01T005M000t
00013 HIS01A0169_013 f 0.00  0.000     0  0.00  0  0 -12.319   0.731   0.007   0.217   0.406   0.000 01T006M000t
00014 HIS01A0169_014 f 0.00  0.000     0  0.00  0  0 -11.717  -0.490   0.019   0.392   0.445   0.000 01T008M000t
00015 HIS01A0169_015 f 0.00  0.000     0  0.00  0  0 -11.939   1.858   2.772   0.315   0.306   0.000 01T00DM000t
00016 HIS01A0169_016 f 0.00  0.000     0  0.00  0  0 -12.075  -0.338   0.018   0.223   0.367   0.000 01T012M000t
00017 HIS01A0169_017 f 0.00  0.000     0  0.00  0  0 -12.064   0.408   0.004   0.487   0.265   0.000 01T014M000t
00018 HIS01A0169_018 f 0.00  0.000     0  0.00  0  0 -12.057   2.972   2.743   0.220   0.439   0.000 01T016M000t
00019 HIS01A0169_019 f 0.00  0.000     0  0.00  0  0 -11.504   0.580   2.774   0.385   0.418   0.000 01T01AM000t
00020 HIS02A0169_020 f 0.00  0.000     0  0.00  0  0 -11.790  -0.435   0.021   0.269   0.094   0.000 02O000M000t
00021 HIS02A0169_021 f 0.00  0.000     0  0.00  0  0 -12.273  -0.422   0.021   0.264   0.270   0.000 02R001M000t
00022 HIS02A0169_022 f 0.00  0.000     0  0.00  0  0 -11.981   0.556   2.775   0.276   0.286   0.000 02E005M000t
00023 HIS02A0169_023 f 0.00  0.000     0  0.00  0  0 -12.314   0.628   0.007   0.386   0.339   0.000 02E006M000t
00024 HIS02A0169_024 f 0.00  0.000     0  0.00  0  0 -11.982   1.137   2.774   0.366   0.201   0.000 02E00CM000t
00025 HIS02A0169_025 f 0.00  0.000     0  0.00  0  0 -11.966   1.868   2.771   0.245   0.214   0.000 02E00DM000t
00026 HIS02A0169_026 f 0.00  0.000     0  0.00  0  0 -11.618   3.427   2.773   0.346   0.368   0.000 02E010M000t
00027 HIS02A0169_027 f 0.00  0.000     0  0.00  0  0 -12.043  -0.377   0.017   0.164   0.128   0.000 02E012M000t
00028 HIS02A0169_028 f 0.00  0.000     0  0.00  0  0 -12.197   0.432   0.005   0.368   0.217   0.000 02E014M000t
00029 HIS02A0169_029 f 0.00  0.000     0  0.00  0  0 -12.165  -0.521   0.017   0.162   0.238   0.000 02E015M000t
00030 HIS02A0169_030 f 0.00  0.000     0  0.00  0  0 -11.914   0.701   2.773   0.281   0.156   0.000 02E017M000t
00031 HIS02A0169_031 f 0.00  0.000     0  0.00  0  0 -11.741   0.236   0.017   0.425   0.229   0.000 02T003M000t
00032 HIS02A0169_032 f 0.00  0.000     0  0.00  0  0 -11.922   0.195   0.021   0.466   0.438   0.000 02T007M000t
00033 HIS02A0169_033 f 0.00  0.000     0  0.00  0  0 -12.017   0.071   0.009   0.343   0.107   0.000 02T009M000t
00034 HIS02A0169_034 f 0.00  0.000     0  0.00  0  0 -11.761  -0.067   0.018   0.371   0.211   0.000 02T00EM000t
00035 HIS02A0169_035 f 0.00  0.000     0  0.00  0  0 -11.803   4.297   2.775   0.243   0.344   0.000 02T00FM000t
00036 HIS02A0169_036 f 0.00  0.000     0  0.00  0  0 -11.482  -0.224   0.017   0.265   0.270   0.000 02T013M000t
00037 HIS02A0169_037 f 0.00  0.000     0  0.00  0  0 -11.871   2.940   2.748   0.309   0.314   0.000 02T016M000t
00038 HIS02A0169_038 f 0.00  0.000     0  0.00  0  0 -11.459   0.566   2.773   0.260   0.112   0.000 02T01AM000t
00039 HIS+1A0169_039 f 0.00  1.000     0  6.98  0  1 -11.817  -0.437   0.021   0.542  -0.255   0.000 +1O000M000t
00040 HIS+1A0169_040 f 0.00  1.000     0  6.98  0  1 -11.769   0.236   0.018   0.322  -0.297   0.000 +1E003M000t
00041 HIS+1A0169_041 f 0.00  1.000     0  6.98  0  1 -12.072   0.557   2.777   0.644  -0.280   0.000 +1E005M000t
00042 HIS+1A0169_042 f 0.00  1.000     0  6.98  0  1 -11.901   0.184   0.021   0.783  -0.065   0.000 +1E007M000t
00043 HIS+1A0169_043 f 0.00  1.000     0  6.98  0  1 -11.830  -0.504   0.019   0.511  -0.544   0.000 +1E008M000t
00044 HIS+1A0169_044 f 0.00  1.000     0  6.98  0  1 -12.092   0.065   0.009   0.624  -0.224   0.000 +1E009M000t
00045 HIS+1A0169_045 f 0.00  1.000     0  6.98  0  1 -11.992   1.870   2.773   0.337  -0.230   0.000 +1E00DM000t
00046 HIS+1A0169_046 f 0.00  1.000     0  6.98  0  1 -11.936   4.273   2.775   0.766  -0.174   0.000 +1E00FM000t
00047 HIS+1A0169_047 f 0.00  1.000     0  6.98  0  1 -12.291   0.429   0.005   0.936  -0.252   0.000 +1E014M000t
00048 HIS+1A0169_048 f 0.00  1.000     0  6.98  0  1 -12.359   0.628   0.007   0.674  -0.341   0.000 +1T006M000t
00049 HIS+1A0169_049 f 0.00  1.000     0  6.98  0  1 -11.960   1.136   2.776   0.471  -0.275   0.000 +1T00CM000t
00050 HIS+1A0169_050 f 0.00  1.000     0  6.98  0  1 -11.788  -0.063   0.019   0.338  -0.263   0.000 +1T00EM000t
00051 HIS+1A0169_051 f 0.00  1.000     0  6.98  0  1 -11.507   3.465   2.773   0.786  -0.347   0.000 +1T010M000t
00052 HIS+1A0169_052 f 0.00  1.000     0  6.98  0  1 -12.069  -0.381   0.019   0.700  -0.242   0.000 +1T012M000t
00053 HIS+1A0169_053 f 0.00  1.000     0  6.98  0  1 -11.509  -0.224   0.018   0.819  -0.358   0.000 +1T013M000t
00054 HIS+1A0169_054 f 0.00  1.000     0  6.98  0  1 -12.191  -0.522   0.019   0.702  -0.309   0.000 +1T015M000t
00055 HIS+1A0169_055 f 0.00  1.000     0  6.98  0  1 -11.898   2.940   2.749   0.706  -0.166   0.000 +1T016M000t
00056 HIS+1A0169_056 f 0.00  1.000     0  6.98  0  1 -11.893   0.705   2.774   0.591  -0.367   0.000 +1T017M000t
00057 HIS+1A0169_057 f 0.00  1.000     0  6.98  0  1 -11.437   0.569   2.774   0.602  -0.400   0.000 +1T01AM000t
