CONFORMER         crg  vdw0  vdw1  tors  epol  self   occ  Hb     history    ASA
ARG01A0239_001  0.000-13.36  0.49  0.61  0.00-12.26 0.502  00  01O000M000  1.000
ARG01A0239_002  0.000-13.38  1.16  0.73  0.00-11.49 0.502  00  01E007M000  1.000
ARG01A0239_003  0.000-12.52  4.98  2.92  0.00 -4.62 0.502  00  01E022M000  1.000
ARG01A0239_004  0.000-12.21  1.60  0.52  0.00-10.09 0.502  00  01E05FM000  1.000
ARG01A0239_005  0.000-11.65  1.94  1.28  0.00 -8.43 0.502  00  01E072M000  1.000
ARG01A0239_006  0.000-12.26  2.01  3.10  0.00 -7.16 0.502  00  01E083M000  1.000
ARG01A0239_007  0.000-10.59  1.11  3.63  0.00 -5.84 0.501  00  01E119M000  1.000
ARG01A0239_008  0.000-12.61  1.54  3.59  0.00 -7.48 0.502  00  01T011M000  1.000
ARG01A0239_009  0.000-10.45  0.50  3.93  0.00 -6.02 0.502  00  01T02EM000  1.000
ARG01A0239_010  0.000-12.36  0.87  1.23  0.00-10.26 0.502  00  01T033M000  1.000
ARG01A0239_011  0.000-12.76  3.57  3.42  0.00 -5.76 0.502  00  01T042M000  1.000
ARG01A0239_012  0.000-12.00  0.47  0.53  0.00-11.00 0.502  00  01T053M000  1.000
ARG01A0239_013  0.000-11.38  1.93  1.19  0.00 -8.26 0.502  00  01T06EM000  1.000
ARG01A0239_014  0.000-10.55  0.23  3.37  0.00 -6.95 0.502  00  01T096M000  1.000
ARG01A0239_015  0.000-10.84  0.53  1.13  0.00 -9.18 0.502  00  01T0CAM000  1.000
ARG01A0239_016  0.000-11.35  0.69  3.52  0.00 -7.15 0.501  00  01T0DAM000  1.000
ARG01A0239_017  0.000-11.16  6.34  0.66  0.00 -4.15 0.502  00  01T0F0M000  1.000
ARG01A0239_018  0.000 -9.25  5.67  1.13  0.00 -2.45 0.502  00  01T0FDM000  1.000
ARG01A0239_019  0.000 -9.80  5.19  1.14  0.00 -3.48 0.502  00  01T0FFM000  1.000
ARG01A0239_020  0.000-10.66  3.46  3.33  0.00 -3.87 0.502  00  01T103M000  1.000
ARG02A0239_021  0.000-12.50  3.46  3.31  0.00 -5.73 0.502  00  02E042M000  1.000
ARG02A0239_022  0.000-10.53  1.08  3.62  0.00 -5.82 0.501  00  02E119M000  1.000
ARG02A0239_023  0.000-13.33  0.49  0.61  0.00-12.24 0.502  00  02O000M000  1.000
ARG02A0239_024  0.000-11.25  2.06  1.15  0.00 -8.04 0.502  00  02E06EM000  1.000
ARG02A0239_025  0.000-10.56  3.45  3.33  0.00 -3.78 0.502  00  02E103M000  1.000
ARG02A0239_026  0.000-10.49  0.49  3.94  0.00 -6.06 0.502  00  02T02EM000  1.000
ARG02A0239_027  0.000-11.30  6.37  0.65  0.00 -4.29 0.502  00  02T0F0M000  1.000
ARG02A0239_028  0.000-11.95  0.47  0.53  0.00-10.96 0.502  00  02T053M000  1.000
ARG02A0239_029  0.000-11.64  2.07  1.21  0.00 -8.36 0.502  00  02T072M000  1.000
ARG02A0239_030  0.000-10.74  0.53  1.14  0.00 -9.08 0.502  00  02T0CAM000  1.000
ARG02A0239_031  0.000-12.59  1.54  3.58  0.00 -7.48 0.502  00  02T011M000  1.000
ARG02A0239_032  0.000-12.19  1.60  0.52  0.00-10.06 0.502  00  02T05FM000  1.000
ARG02A0239_033  0.000-12.09  1.82  3.09  0.00 -7.18 0.502  00  02T083M000  1.000
ARG02A0239_034  0.000-10.48  0.25  3.33  0.00 -6.90 0.502  00  02T096M000  1.000
ARG02A0239_035  0.000-11.31  0.66  3.51  0.00 -7.13 0.501  00  02T0DAM000  1.000
ARG02A0239_036  0.000 -9.35  5.67  1.12  0.00 -2.55 0.502  00  02T0FDM000  1.000
ARG02A0239_037  0.000-13.35  1.16  0.73  0.00-11.46 0.502  00  02T007M000  1.000
ARG02A0239_038  0.000-12.54  4.97  2.92  0.00 -4.64 0.502  00  02T022M000  1.000
ARG02A0239_039  0.000-12.36  0.86  1.21  0.00-10.30 0.502  00  02T033M000  1.000
ARG02A0239_040  0.000 -9.92  5.27  1.14  0.00 -3.51 0.502  00  02T0FFM000  1.000
ARG03A0239_041  0.000-13.40  0.49  0.61  0.00-12.31 0.502  00  03O000M000  1.000
ARG03A0239_042  0.000-13.47  1.16  0.73  0.00-11.58 0.502  00  03E007M000  1.000
ARG03A0239_043  0.000-10.64  0.49  3.94  0.00 -6.21 0.502  00  03E02EM000  1.000
ARG03A0239_044  0.000-12.37  0.87  1.21  0.00-10.29 0.502  00  03E033M000  1.000
ARG03A0239_045  0.000-10.47  1.08  3.63  0.00 -5.76 0.501  00  03E119M000  1.000
ARG03A0239_046  0.000-12.70  3.49  3.32  0.00 -5.90 0.502  00  03E042M000  1.000
ARG03A0239_047  0.000-10.74  0.53  1.14  0.00 -9.07 0.502  00  03E0CAM000  1.000
ARG03A0239_048  0.000-12.23  1.60  0.52  0.00-10.10 0.502  00  03T05FM000  1.000
ARG03A0239_049  0.000-12.72  1.53  3.58  0.00 -7.61 0.502  00  03T011M000  1.000
ARG03A0239_050  0.000-12.61  4.98  2.92  0.00 -4.71 0.502  00  03T022M000  1.000
ARG03A0239_051  0.000-12.07  1.80  3.10  0.00 -7.16 0.502  00  03T083M000  1.000
ARG03A0239_052  0.000-11.33  6.51  0.64  0.00 -4.18 0.502  00  03T0F0M000  1.000
ARG03A0239_053  0.000-11.96  0.47  0.53  0.00-10.96 0.502  00  03T053M000  1.000
ARG03A0239_054  0.000-11.36  2.07  1.15  0.00 -8.14 0.502  00  03T06EM000  1.000
ARG03A0239_055  0.000-11.71  2.07  1.21  0.00 -8.43 0.502  00  03T072M000  1.000
ARG03A0239_056  0.000-10.24  0.23  3.34  0.00 -6.68 0.502  00  03T096M000  1.000
ARG03A0239_057  0.000 -9.37  5.70  1.13  0.00 -2.54 0.502  00  03T0FDM000  1.000
ARG03A0239_058  0.000-10.73  3.45  3.32  0.00 -3.96 0.502  00  03T103M000  1.000
ARG03A0239_059  0.000-11.34  0.66  3.51  0.00 -7.17 0.501  00  03T0DAM000  1.000
ARG03A0239_060  0.000 -9.90  5.28  1.14  0.00 -3.48 0.502  00  03T0FFM000  1.000
ARG+1A0239_061  1.000-13.44  0.49  0.61  0.00-12.35 0.502  00  +1O000M000  1.000
ARG+1A0239_062  1.000-12.64  4.98  2.92  0.00 -4.74 0.502  00  +1E022M000  1.000
ARG+1A0239_063  1.000-10.54  0.49  3.94  0.00 -6.11 0.502  00  +1E02EM000  1.000
ARG+1A0239_064  1.000-12.28  1.60  0.52  0.00-10.15 0.502  00  +1E05FM000  1.000
ARG+1A0239_065  1.000-11.34  2.06  1.15  0.00 -8.12 0.502  00  +1E06EM000  1.000
ARG+1A0239_066  1.000-11.69  2.07  1.21  0.00 -8.41 0.502  00  +1E072M000  1.000
ARG+1A0239_067  1.000-12.10  1.81  3.10  0.00 -7.20 0.502  00  +1E083M000  1.000
ARG+1A0239_068  1.000-10.29  0.22  3.34  0.00 -6.73 0.502  00  +1E096M000  1.000
ARG+1A0239_069  1.000-10.85  0.52  1.14  0.00 -9.18 0.502  00  +1E0CAM000  1.000
ARG+1A0239_070  1.000 -9.49  5.72  1.13  0.00 -2.64 0.502  00  +1E0FDM000  1.000
ARG+1A0239_071  1.000-10.70  3.47  3.33  0.00 -3.90 0.502  00  +1E103M000  1.000
ARG+1A0239_072  1.000-10.57  1.08  3.63  0.00 -5.86 0.501  00  +1E119M000  1.000
ARG+1A0239_073  1.000-13.46  1.16  0.73  0.00-11.57 0.502  00  +1T007M000  1.000
ARG+1A0239_074  1.000-12.76  1.54  3.58  0.00 -7.64 0.502  00  +1T011M000  1.000
ARG+1A0239_075  1.000-12.48  0.85  1.21  0.00-10.41 0.502  00  +1T033M000  1.000
ARG+1A0239_076  1.000-12.67  3.49  3.32  0.00 -5.87 0.502  00  +1T042M000  1.000
ARG+1A0239_077  1.000-12.00  0.47  0.53  0.00-11.01 0.502  00  +1T053M000  1.000
ARG+1A0239_078  1.000-11.39  0.66  3.51  0.00 -7.21 0.501  00  +1T0DAM000  1.000
ARG+1A0239_079  1.000-11.39  6.59  0.64  0.00 -4.16 0.502  00  +1T0F0M000  1.000
ARG+1A0239_080  1.000-10.01  5.29  1.14  0.00 -3.58 0.502  00  +1T0FFM000  1.000
