   confID        vdw0    sas     sum
ARG01A0239_001   1.332 -14.690 -13.358
ARG01A0239_002   1.226 -14.655 -13.429
ARG01A0239_003   1.923 -14.441 -12.518
ARG01A0239_004   2.272 -14.490 -12.218
ARG01A0239_005   3.031 -14.682 -11.651
ARG01A0239_006   2.077 -14.335 -12.259
ARG01A0239_007   3.815 -14.400 -10.585
ARG01A0239_008   1.924 -14.534 -12.610
ARG01A0239_009   4.295 -14.758 -10.463
ARG01A0239_010   2.540 -14.902 -12.362
ARG01A0239_011   2.089 -14.853 -12.764
ARG01A0239_012   2.280 -14.272 -11.991
ARG01A0239_013   3.023 -14.400 -11.377
ARG01A0239_014   3.243 -13.798 -10.555
ARG01A0239_015   3.748 -14.592 -10.845
ARG01A0239_016   3.385 -14.725 -11.340
ARG01A0239_017   2.980 -14.134 -11.155
ARG01A0239_018   4.237 -13.498  -9.261
ARG01A0239_019   4.376 -14.175  -9.799
ARG01A0239_020   2.964 -13.624 -10.660
ARG02A0239_021   2.087 -14.589 -12.502
ARG02A0239_022   3.775 -14.300 -10.526
ARG02A0239_023   1.355 -14.690 -13.335
ARG02A0239_024   3.022 -14.261 -11.239
ARG02A0239_025   2.998 -13.624 -10.627
ARG02A0239_026   4.265 -14.762 -10.497
ARG02A0239_027   2.910 -14.202 -11.291
ARG02A0239_028   2.254 -14.204 -11.950
ARG02A0239_029   3.017 -14.646 -11.629
ARG02A0239_030   3.716 -14.457 -10.741
ARG02A0239_031   1.940 -14.534 -12.594
ARG02A0239_032   2.312 -14.490 -12.178
ARG02A0239_033   2.177 -14.268 -12.091
ARG02A0239_034   3.371 -13.798 -10.427
ARG02A0239_035   3.347 -14.661 -11.313
ARG02A0239_036   4.266 -13.614  -9.348
ARG02A0239_037   1.253 -14.655 -13.402
ARG02A0239_038   1.912 -14.441 -12.529
ARG02A0239_039   2.519 -14.882 -12.363
ARG02A0239_040   4.304 -14.219  -9.915
ARG03A0239_041   1.288 -14.690 -13.402
ARG03A0239_042   1.186 -14.655 -13.469
ARG03A0239_043   4.250 -14.890 -10.640
ARG03A0239_044   2.463 -14.831 -12.367
ARG03A0239_045   3.772 -14.236 -10.464
ARG03A0239_046   2.093 -14.785 -12.692
ARG03A0239_047   3.720 -14.457 -10.737
ARG03A0239_048   2.263 -14.490 -12.227
ARG03A0239_049   1.879 -14.599 -12.720
ARG03A0239_050   1.837 -14.441 -12.605
ARG03A0239_051   2.137 -14.204 -12.066
ARG03A0239_052   2.868 -14.198 -11.331
ARG03A0239_053   2.241 -14.204 -11.963
ARG03A0239_054   2.976 -14.329 -11.353
ARG03A0239_055   3.006 -14.710 -11.704
ARG03A0239_056   3.484 -13.721 -10.237
ARG03A0239_057   4.200 -13.566  -9.365
ARG03A0239_058   2.962 -13.692 -10.730
ARG03A0239_059   3.331 -14.661 -11.330
ARG03A0239_060   4.267 -14.219  -9.953
ARG+1A0239_061   1.249 -14.690 -13.441
ARG+1A0239_062   1.803 -14.441 -12.638
ARG+1A0239_063   4.239 -14.758 -10.519
ARG+1A0239_064   2.216 -14.490 -12.274
ARG+1A0239_065   2.919 -14.261 -11.343
ARG+1A0239_066   2.965 -14.646 -11.681
ARG+1A0239_067   2.097 -14.204 -12.107
ARG+1A0239_068   3.430 -13.721 -10.291
ARG+1A0239_069   3.675 -14.525 -10.850
ARG+1A0239_070   4.156 -13.633  -9.477
ARG+1A0239_071   2.929 -13.624 -10.695
ARG+1A0239_072   3.727 -14.300 -10.574
ARG+1A0239_073   1.146 -14.604 -13.457
ARG+1A0239_074   1.839 -14.599 -12.760
ARG+1A0239_075   2.426 -14.898 -12.473
ARG+1A0239_076   2.042 -14.721 -12.678
ARG+1A0239_077   2.205 -14.204 -11.999
ARG+1A0239_078   3.277 -14.661 -11.383
ARG+1A0239_079   2.819 -14.202 -11.383
ARG+1A0239_080   4.222 -14.155  -9.934
