   confID        vdw0    sas     sum
ARG01A0207_001   1.144 -14.905 -13.762
ARG01A0207_002   2.077 -14.998 -12.921
ARG01A0207_003   2.213 -14.507 -12.293
ARG01A0207_004   3.678 -13.989 -10.311
ARG01A0207_005   3.486 -13.844 -10.359
ARG01A0207_006   3.912 -13.928 -10.017
ARG01A0207_007   3.004 -14.374 -11.370
ARG01A0207_008   3.725 -14.701 -10.977
ARG01A0207_009   4.474 -14.045  -9.571
ARG01A0207_010   4.829 -14.475  -9.646
ARG01A0207_011   4.867 -14.410  -9.543
ARG01A0207_012   3.319 -14.202 -10.883
ARG01A0207_013   3.895 -14.540 -10.644
ARG01A0207_014   3.919 -14.700 -10.781
ARG01A0207_015   2.210 -14.548 -12.339
ARG01A0207_016   3.323 -13.785 -10.461
ARG01A0207_017   4.884 -14.220  -9.336
ARG01A0207_018   3.554 -14.511 -10.957
ARG01A0207_019   3.562 -14.503 -10.941
ARG01A0207_020   2.930 -14.740 -11.810
ARG02A0207_021   3.853 -14.700 -10.847
ARG02A0207_022   1.165 -14.905 -13.740
ARG02A0207_023   3.691 -14.766 -11.074
ARG02A0207_024   3.557 -14.511 -10.954
ARG02A0207_025   4.411 -14.141  -9.730
ARG02A0207_026   3.827 -14.540 -10.712
ARG02A0207_027   3.308 -13.797 -10.490
ARG02A0207_028   3.900 -13.674  -9.774
ARG02A0207_029   3.498 -13.873 -10.375
ARG02A0207_030   3.398 -13.844 -10.446
ARG02A0207_031   2.901 -14.676 -11.775
ARG02A0207_032   2.221 -14.507 -12.286
ARG02A0207_033   2.217 -14.548 -12.331
ARG02A0207_034   2.959 -14.309 -11.351
ARG02A0207_035   4.851 -14.411  -9.560
ARG02A0207_036   3.476 -14.387 -10.911
ARG02A0207_037   2.111 -14.979 -12.867
ARG02A0207_038   4.904 -14.220  -9.315
ARG02A0207_039   4.910 -14.477  -9.567
ARG02A0207_040   3.405 -14.250 -10.845
ARG03A0207_041   2.172 -14.548 -12.376
ARG03A0207_042   1.104 -14.905 -13.801
ARG03A0207_043   2.048 -14.982 -12.934
ARG03A0207_044   3.510 -14.447 -10.937
ARG03A0207_045   2.188 -14.507 -12.319
ARG03A0207_046   4.862 -14.410  -9.547
ARG03A0207_047   3.857 -14.700 -10.844
ARG03A0207_048   2.935 -14.438 -11.503
ARG03A0207_049   3.539 -13.844 -10.305
ARG03A0207_050   4.864 -14.220  -9.356
ARG03A0207_051   4.864 -14.016  -9.152
ARG03A0207_052   4.823 -14.363  -9.540
ARG03A0207_053   3.644 -14.435 -10.791
ARG03A0207_054   3.841 -14.540 -10.699
ARG03A0207_055   3.690 -13.945 -10.255
ARG03A0207_056   3.826 -13.857 -10.031
ARG03A0207_057   4.150 -13.687  -9.537
ARG03A0207_058   3.661 -14.766 -11.105
ARG03A0207_059   2.903 -14.676 -11.773
ARG03A0207_060   3.498 -14.263 -10.765
ARG+1A0207_061   1.061 -14.905 -13.844
ARG+1A0207_062   2.003 -14.914 -12.912
ARG+1A0207_063   3.829 -14.700 -10.872
ARG+1A0207_064   2.148 -14.507 -12.359
ARG+1A0207_065   2.140 -14.548 -12.409
ARG+1A0207_066   3.845 -13.809  -9.964
ARG+1A0207_067   3.481 -13.844 -10.363
ARG+1A0207_068   2.877 -14.374 -11.496
ARG+1A0207_069   4.802 -14.220  -9.417
ARG+1A0207_070   4.792 -14.012  -9.221
ARG+1A0207_071   3.581 -14.435 -10.854
ARG+1A0207_072   4.835 -14.410  -9.575
ARG+1A0207_073   3.793 -14.540 -10.746
ARG+1A0207_074   3.699 -13.945 -10.247
ARG+1A0207_075   4.187 -13.687  -9.500
ARG+1A0207_076   3.607 -14.766 -11.158
ARG+1A0207_077   3.482 -14.511 -11.029
ARG+1A0207_078   4.769 -14.411  -9.641
ARG+1A0207_079   2.852 -14.676 -11.823
ARG+1A0207_080   3.476 -14.327 -10.851
