iConf CONFORMER     FL  occ    crg   Em0  pKa0 ne nH    vdw0    vdw1    tors    epol   dsolv   extra    history
00001 LYS01A0165_001 f 0.00  0.000     0  0.00  0  0 -11.554   0.786   1.069  -0.021   0.009   0.000 01O000M000t
00002 LYS01A0165_002 f 0.00  0.000     0  0.00  0  0 -10.648   0.813   1.299  -0.007   0.001   0.000 01E008M000t
00003 LYS01A0165_003 f 0.00  0.000     0  0.00  0  0  -9.959   0.258   1.490  -0.025   0.102   0.000 01E01CM000t
00004 LYS01A0165_004 f 0.00  0.000     0  0.00  0  0  -9.398   3.972   4.284  -0.032  -0.040   0.000 01E02DM000t
00005 LYS01A0165_005 f 0.00  0.000     0  0.00  0  0  -7.505   0.328   1.946  -0.053  -0.095   0.000 01E03AM000t
00006 LYS01A0165_006 f 0.00  0.000     0  0.00  0  0  -8.537   0.216   4.132  -0.012   0.050   0.000 01E052M000t
00007 LYS01A0165_007 f 0.00  0.000     0  0.00  0  0 -11.081   0.676   4.186  -0.017  -0.066   0.000 01E07BM000t
00008 LYS01A0165_008 f 0.00  0.000     0  0.00  0  0  -9.848   3.080   4.532  -0.123  -0.142   0.000 01E0A9M000t
00009 LYS01A0165_009 f 0.00  0.000     0  0.00  0  0  -9.458   0.061   1.520  -0.030   0.146   0.000 01E141M000t
00010 LYS01A0165_010 f 0.00  0.000     0  0.00  0  0  -8.611   1.568   4.704  -0.011  -0.057   0.000 01E16FM000t
00011 LYS01A0165_011 f 0.00  0.000     0  0.00  0  0  -9.497   1.159   6.926  -0.074  -0.019   0.000 01E177M000t
00012 LYS01A0165_012 f 0.00  0.000     0  0.00  0  0  -9.632   3.699   1.700  -0.059   0.143   0.000 01T015M000t
00013 LYS01A0165_013 f 0.00  0.000     0  0.00  0  0 -11.898   1.394   6.417  -0.023  -0.070   0.000 01T049M000t
00014 LYS01A0165_014 f 0.00  0.000     0  0.00  0  0 -10.217   0.371   4.205  -0.013  -0.030   0.000 01T0C4M000t
00015 LYS01A0165_015 f 0.00  0.000     0  0.00  0  0  -9.846   0.815   4.263  -0.007  -0.185   0.000 01T0F8M000t
00016 LYS01A0165_016 f 0.00  0.000     0  0.00  0  0 -11.322   4.324   1.471  -0.099  -0.104   0.000 01T11CM000t
00017 LYS01A0165_017 f 0.00  0.000     0  0.00  0  0  -9.049   0.132   4.147  -0.053  -0.012   0.000 01T14CM000t
00018 LYS01A0165_018 f 0.00  0.000     0  0.00  0  0 -11.665   4.342   4.216  -0.036  -0.117   0.000 01T151M000t
00019 LYS01A0165_019 f 0.00  0.000     0  0.00  0  0 -10.995   1.134   4.309  -0.048   0.014   0.000 01T158M000t
00020 LYS01A0165_020 f 0.00  0.000     0  0.00  0  0 -10.232   1.457   4.185  -0.016   0.028   0.000 01T174M000t
00021 LYS+1A0165_021 f 0.00  1.000     0 10.40  0  1 -11.637   0.785   1.069   0.083  -0.397   0.000 +1O000M000t
00022 LYS+1A0165_022 f 0.00  1.000     0 10.40  0  1 -10.680   0.804   1.299  -0.020  -0.069   0.000 +1E008M000t
00023 LYS+1A0165_023 f 0.00  1.000     0 10.40  0  1 -11.976   1.383   6.466   0.109  -0.198   0.000 +1E049M000t
00024 LYS+1A0165_024 f 0.00  1.000     0 10.40  0  1  -8.641   0.214   4.137   0.097  -0.017   0.000 +1E052M000t
00025 LYS+1A0165_025 f 0.00  1.000     0 10.40  0  1 -10.431   0.376   4.217   0.018  -0.360   0.000 +1E0C4M000t
00026 LYS+1A0165_026 f 0.00  1.000     0 10.40  0  1  -9.563   0.057   1.521   0.064   0.153   0.000 +1E141M000t
00027 LYS+1A0165_027 f 0.00  1.000     0 10.40  0  1  -9.208   0.125   4.156   0.133   0.032   0.000 +1E14CM000t
00028 LYS+1A0165_028 f 0.00  1.000     0 10.40  0  1 -11.607   4.419   4.214   0.175  -0.561   0.000 +1E151M000t
00029 LYS+1A0165_029 f 0.00  1.000     0 10.40  0  1  -9.481   1.157   6.933   0.200   0.054   0.000 +1E177M000t
00030 LYS+1A0165_030 f 0.00  1.000     0 10.40  0  1  -9.757   3.724   1.701   0.112  -0.016   0.000 +1T015M000t
00031 LYS+1A0165_031 f 0.00  1.000     0 10.40  0  1  -9.983   0.234   1.495   0.043   0.091   0.000 +1T01CM000t
00032 LYS+1A0165_032 f 0.00  1.000     0 10.40  0  1  -9.533   3.993   4.288   0.198   0.100   0.000 +1T02DM000t
00033 LYS+1A0165_033 f 0.00  1.000     0 10.40  0  1  -7.555   0.314   1.947   0.188   0.080   0.000 +1T03AM000t
00034 LYS+1A0165_034 f 0.00  1.000     0 10.40  0  1 -11.066   0.680   4.190   0.083  -0.395   0.000 +1T07BM000t
00035 LYS+1A0165_035 f 0.00  1.000     0 10.40  0  1  -9.891   3.053   4.533   0.470  -0.319   0.000 +1T0A9M000t
00036 LYS+1A0165_036 f 0.00  1.000     0 10.40  0  1  -9.932   0.814   4.273   0.007  -0.271   0.000 +1T0F8M000t
00037 LYS+1A0165_037 f 0.00  1.000     0 10.40  0  1 -11.368   4.436   1.469   0.404  -0.161   0.000 +1T11CM000t
00038 LYS+1A0165_038 f 0.00  1.000     0 10.40  0  1 -11.081   1.134   4.311   0.215  -0.419   0.000 +1T158M000t
00039 LYS+1A0165_039 f 0.00  1.000     0 10.40  0  1  -8.482   1.561   4.709   0.058  -0.337   0.000 +1T16FM000t
00040 LYS+1A0165_040 f 0.00  1.000     0 10.40  0  1 -10.308   1.459   4.190   0.088   0.114   0.000 +1T174M000t
