iConf CONFORMER     FL  occ    crg   Em0  pKa0 ne nH    vdw0    vdw1    tors    epol   dsolv   extra    history
00001 ARG01A0002_001 f 0.00  0.000     0  0.00  0  0 -13.441   0.334   0.491   0.017  -0.093   0.000 01O000M000t
00002 ARG01A0002_002 f 0.00  0.000     0  0.00  0  0 -12.688   0.759   1.142  -0.047  -0.067   0.000 01E047M000t
00003 ARG01A0002_003 f 0.00  0.000     0  0.00  0  0 -12.788   1.082   0.576   0.089  -0.113   0.000 01E06DM000t
00004 ARG01A0002_004 f 0.00  0.000     0  0.00  0  0 -11.844   0.326   1.125   0.018  -0.267   0.000 01E074M000t
00005 ARG01A0002_005 f 0.00  0.000     0  0.00  0  0 -10.162   0.684   1.119   0.079  -0.155   0.000 01E07FM000t
00006 ARG01A0002_006 f 0.00  0.000     0  0.00  0  0  -6.369   0.049   3.257  -0.020   0.075   0.000 01E09FM000t
00007 ARG01A0002_007 f 0.00  0.000     0  0.00  0  0  -9.686   0.422   3.247   0.075  -0.099   0.000 01E0C1M000t
00008 ARG01A0002_008 f 0.00  0.000     0  0.00  0  0 -10.336   0.455   1.110   0.007   0.023   0.000 01E0E1M000t
00009 ARG01A0002_009 f 0.00  0.000     0  0.00  0  0 -10.099   0.284   1.110   0.017  -0.051   0.000 01E0E3M000t
00010 ARG01A0002_010 f 0.00  0.000     0  0.00  0  0 -11.405   0.957   0.550  -0.060   0.125   0.000 01E0F0M000t
00011 ARG01A0002_011 f 0.00  0.000     0  0.00  0  0  -9.216   0.725   3.893   0.085   0.009   0.000 01E11BM000t
00012 ARG01A0002_012 f 0.00  0.000     0  0.00  0  0 -10.994   1.051   3.361  -0.079   0.143   0.000 01E125M000t
00013 ARG01A0002_013 f 0.00  0.000     0  0.00  0  0 -11.848   2.054   5.956   0.163  -0.119   0.000 01E140M000t
00014 ARG01A0002_014 f 0.00  0.000     0  0.00  0  0 -13.481   5.345   3.121   0.055  -0.369   0.000 01T003M000t
00015 ARG01A0002_015 f 0.00  0.000     0  0.00  0  0 -10.643   0.442   3.959   0.008  -0.324   0.000 01T02EM000t
00016 ARG01A0002_016 f 0.00  0.000     0  0.00  0  0 -11.783   1.789   1.128  -0.032   0.258   0.000 01T03CM000t
00017 ARG01A0002_017 f 0.00  0.000     0  0.00  0  0 -10.487   5.239   3.102  -0.026   0.081   0.000 01T0BCM000t
00018 ARG01A0002_018 f 0.00  0.000     0  0.00  0  0  -9.622   1.742   1.120  -0.026   0.076   0.000 01T113M000t
00019 ARG01A0002_019 f 0.00  0.000     0  0.00  0  0 -10.143   0.291   1.105   0.035  -0.337   0.000 01T11EM000t
00020 ARG01A0002_020 f 0.00  0.000     0  0.00  0  0  -9.097   0.957   3.879   0.075  -0.164   0.000 01T137M000t
00021 ARG02A0002_021 f 0.00  0.000     0  0.00  0  0 -13.480   0.331   0.491   0.031   1.007   0.000 02O000M000t
00022 ARG02A0002_022 f 0.00  0.000     0  0.00  0  0 -13.641   5.311   3.088   0.047   0.631   0.000 02E003M000t
00023 ARG02A0002_023 f 0.00  0.000     0  0.00  0  0  -9.259   0.956   3.876   0.077   1.058   0.000 02E137M000t
00024 ARG02A0002_024 f 0.00  0.000     0  0.00  0  0 -11.888   2.010   5.954   0.172   0.680   0.000 02E140M000t
00025 ARG02A0002_025 f 0.00  0.000     0  0.00  0  0  -6.394   0.042   3.255   0.009   0.707   0.000 02E09FM000t
00026 ARG02A0002_026 f 0.00  0.000     0  0.00  0  0 -11.390   0.930   0.546  -0.149   0.862   0.000 02E0F0M000t
00027 ARG02A0002_027 f 0.00  0.000     0  0.00  0  0 -12.123   1.709   1.093   0.097   1.193   0.000 02T03CM000t
00028 ARG02A0002_028 f 0.00  0.000     0  0.00  0  0 -10.110   0.283   1.110  -0.006   1.171   0.000 02T0E3M000t
00029 ARG02A0002_029 f 0.00  0.000     0  0.00  0  0 -10.458   0.762   1.085   0.076   0.843   0.000 02T07FM000t
00030 ARG02A0002_030 f 0.00  0.000     0  0.00  0  0  -9.774   0.439   3.249   0.061   0.969   0.000 02T0C1M000t
00031 ARG02A0002_031 f 0.00  0.000     0  0.00  0  0 -10.922   0.975   3.331  -0.025   1.264   0.000 02T125M000t
00032 ARG02A0002_032 f 0.00  0.000     0  0.00  0  0 -10.541   0.423   3.889   0.025   0.579   0.000 02T02EM000t
00033 ARG02A0002_033 f 0.00  0.000     0  0.00  0  0  -9.442   0.730   3.879   0.094   0.352   0.000 02T11BM000t
00034 ARG02A0002_034 f 0.00  0.000     0  0.00  0  0 -10.059   0.316   1.105   0.061   0.957   0.000 02T11EM000t
00035 ARG02A0002_035 f 0.00  0.000     0  0.00  0  0 -12.473   0.656   1.088   0.070   0.578   0.000 02T047M000t
00036 ARG02A0002_036 f 0.00  0.000     0  0.00  0  0 -12.650   1.103   0.549   0.043   0.495   0.000 02T06DM000t
00037 ARG02A0002_037 f 0.00  0.000     0  0.00  0  0 -11.718   0.314   1.098   0.009   0.590   0.000 02T074M000t
00038 ARG02A0002_038 f 0.00  0.000     0  0.00  0  0 -10.471   5.237   3.102  -0.008   0.855   0.000 02T0BCM000t
00039 ARG02A0002_039 f 0.00  0.000     0  0.00  0  0 -10.263   0.443   1.111   0.033   0.586   0.000 02T0E1M000t
00040 ARG02A0002_040 f 0.00  0.000     0  0.00  0  0  -9.902   1.743   1.103  -0.004   0.544   0.000 02T113M000t
00041 ARG03A0002_041 f 0.00  0.000     0  0.00  0  0 -13.485   0.331   0.491   0.033   0.955   0.000 03O000M000t
00042 ARG03A0002_042 f 0.00  0.000     0  0.00  0  0 -10.551   0.420   3.894   0.032   0.672   0.000 03E02EM000t
00043 ARG03A0002_043 f 0.00  0.000     0  0.00  0  0 -11.772   1.696   1.092   0.086   1.138   0.000 03E03CM000t
00044 ARG03A0002_044 f 0.00  0.000     0  0.00  0  0  -9.602   0.413   3.236   0.049   1.217   0.000 03E0C1M000t
00045 ARG03A0002_045 f 0.00  0.000     0  0.00  0  0 -10.248   0.768   1.087   0.076   0.676   0.000 03E07FM000t
00046 ARG03A0002_046 f 0.00  0.000     0  0.00  0  0 -11.892   2.009   5.956   0.158   0.997   0.000 03T140M000t
00047 ARG03A0002_047 f 0.00  0.000     0  0.00  0  0 -13.646   5.329   3.092   0.041   0.875   0.000 03T003M000t
00048 ARG03A0002_048 f 0.00  0.000     0  0.00  0  0 -12.740   1.092   0.550   0.086   0.844   0.000 03T06DM000t
00049 ARG03A0002_049 f 0.00  0.000     0  0.00  0  0 -11.782   0.305   1.099   0.014   0.818   0.000 03T074M000t
00050 ARG03A0002_050 f 0.00  0.000     0  0.00  0  0  -6.317   0.038   3.256   0.010   1.032   0.000 03T09FM000t
00051 ARG03A0002_051 f 0.00  0.000     0  0.00  0  0 -10.579   5.241   3.100  -0.024   0.668   0.000 03T0BCM000t
00052 ARG03A0002_052 f 0.00  0.000     0  0.00  0  0  -9.342   0.728   3.882   0.073   0.770   0.000 03T11BM000t
00053 ARG03A0002_053 f 0.00  0.000     0  0.00  0  0 -12.582   0.658   1.087   0.048   0.620   0.000 03T047M000t
00054 ARG03A0002_054 f 0.00  0.000     0  0.00  0  0 -10.409   0.443   1.111   0.039   0.801   0.000 03T0E1M000t
00055 ARG03A0002_055 f 0.00  0.000     0  0.00  0  0 -10.069   0.283   1.110   0.005   0.810   0.000 03T0E3M000t
00056 ARG03A0002_056 f 0.00  0.000     0  0.00  0  0 -11.423   0.890   0.545  -0.072   1.088   0.000 03T0F0M000t
00057 ARG03A0002_057 f 0.00  0.000     0  0.00  0  0  -9.383   1.720   1.105  -0.021   0.890   0.000 03T113M000t
00058 ARG03A0002_058 f 0.00  0.000     0  0.00  0  0 -10.102   0.301   1.105   0.032   0.964   0.000 03T11EM000t
00059 ARG03A0002_059 f 0.00  0.000     0  0.00  0  0 -10.687   0.957   3.336  -0.077   1.036   0.000 03T125M000t
00060 ARG03A0002_060 f 0.00  0.000     0  0.00  0  0  -9.176   0.964   3.877   0.076   0.739   0.000 03T137M000t
00061 ARG+1A0002_061 f 0.00  1.000     0 12.50  0  1 -13.523   0.331   0.491   0.097  -0.271   0.000 +1O000M000t
00062 ARG+1A0002_062 f 0.00  1.000     0 12.50  0  1 -10.656   0.417   3.890   0.163  -0.202   0.000 +1E02EM000t
00063 ARG+1A0002_063 f 0.00  1.000     0 12.50  0  1 -12.577   0.654   1.088   0.327  -0.059   0.000 +1E047M000t
00064 ARG+1A0002_064 f 0.00  1.000     0 12.50  0  1 -12.799   1.092   0.550   0.240  -0.125   0.000 +1E06DM000t
00065 ARG+1A0002_065 f 0.00  1.000     0 12.50  0  1 -11.469   0.892   0.546   0.270  -0.005   0.000 +1E0F0M000t
00066 ARG+1A0002_066 f 0.00  1.000     0 12.50  0  1  -9.357   1.715   1.108   0.083  -0.023   0.000 +1E113M000t
00067 ARG+1A0002_067 f 0.00  1.000     0 12.50  0  1  -9.478   0.730   3.882   0.198  -0.310   0.000 +1E11BM000t
00068 ARG+1A0002_068 f 0.00  1.000     0 12.50  0  1 -10.153   0.301   1.107   0.173  -0.134   0.000 +1E11EM000t
00069 ARG+1A0002_069 f 0.00  1.000     0 12.50  0  1 -10.682   0.943   3.344   0.521   0.096   0.000 +1E125M000t
00070 ARG+1A0002_070 f 0.00  1.000     0 12.50  0  1 -11.924   2.005   5.956   0.398  -0.263   0.000 +1E140M000t
00071 ARG+1A0002_071 f 0.00  1.000     0 12.50  0  1 -13.686   5.327   3.091   0.073  -0.175   0.000 +1T003M000t
00072 ARG+1A0002_072 f 0.00  1.000     0 12.50  0  1 -11.979   1.706   1.096   0.208   0.702   0.000 +1T03CM000t
00073 ARG+1A0002_073 f 0.00  1.000     0 12.50  0  1 -11.744   0.306   1.099   0.103  -0.519   0.000 +1T074M000t
00074 ARG+1A0002_074 f 0.00  1.000     0 12.50  0  1 -10.144   0.781   1.089   0.220  -0.464   0.000 +1T07FM000t
00075 ARG+1A0002_075 f 0.00  1.000     0 12.50  0  1  -6.453   0.035   3.257   0.107  -0.012   0.000 +1T09FM000t
00076 ARG+1A0002_076 f 0.00  1.000     0 12.50  0  1 -10.691   5.233   3.102   0.126  -0.408   0.000 +1T0BCM000t
00077 ARG+1A0002_077 f 0.00  1.000     0 12.50  0  1  -9.492   0.414   3.237   0.205  -0.141   0.000 +1T0C1M000t
00078 ARG+1A0002_078 f 0.00  1.000     0 12.50  0  1 -10.452   0.445   1.111   0.152   0.032   0.000 +1T0E1M000t
00079 ARG+1A0002_079 f 0.00  1.000     0 12.50  0  1 -10.117   0.279   1.110   0.137  -0.130   0.000 +1T0E3M000t
00080 ARG+1A0002_080 f 0.00  1.000     0 12.50  0  1  -9.213   0.959   3.877   0.191  -0.081   0.000 +1T137M000t
