CONFORMER         crg  vdw0  vdw1  tors  epol  self   occ  Hb     history    ASA
ARG01A0002_001  0.000-13.44  0.33  0.49  0.00-12.62 0.502  00  01O000M000  1.000
ARG01A0002_002  0.000-12.69  0.76  1.14  0.00-10.79 0.502  00  01E047M000  1.000
ARG01A0002_003  0.000-12.79  1.08  0.58  0.00-11.13 0.501  00  01E06DM000  1.000
ARG01A0002_004  0.000-11.84  0.33  1.13  0.00-10.39 0.502  00  01E074M000  1.000
ARG01A0002_005  0.000-10.16  0.68  1.12  0.00 -8.36 0.502  00  01E07FM000  1.000
ARG01A0002_006  0.000 -6.36  0.05  3.26  0.00 -3.05 0.501  00  01E09FM000  1.000
ARG01A0002_007  0.000 -9.79  0.42  3.25  0.00 -6.12 0.501  00  01E0C1M000  1.000
ARG01A0002_008  0.000-10.34  0.45  1.11  0.00 -8.78 0.501  00  01E0E1M000  1.000
ARG01A0002_009  0.000-10.10  0.28  1.11  0.00 -8.71 0.502  00  01E0E3M000  1.000
ARG01A0002_010  0.000-11.41  0.96  0.55  0.00 -9.90 0.501  00  01E0F0M000  1.000
ARG01A0002_011  0.000 -9.21  0.73  3.90  0.00 -4.59 0.501  00  01E11BM000  1.000
ARG01A0002_012  0.000-10.99  1.05  3.36  0.00 -6.58 0.501  00  01E125M000  1.000
ARG01A0002_013  0.000-11.78  2.06  5.96  0.00 -3.77 0.501  00  01E140M000  1.000
ARG01A0002_014  0.000-13.48  5.36  3.12  0.00 -5.00 0.501  00  01T003M000  1.000
ARG01A0002_015  0.000-10.64  0.44  3.95  0.00 -6.25 0.501  00  01T02EM000  1.000
ARG01A0002_016  0.000-11.78  1.79  1.13  0.00 -8.87 0.501  00  01T03CM000  1.000
ARG01A0002_017  0.000-10.49  5.24  3.10  0.00 -2.14 0.501  00  01T0BCM000  1.000
ARG01A0002_018  0.000 -9.62  1.75  1.12  0.00 -6.75 0.502  00  01T113M000  1.000
ARG01A0002_019  0.000-10.10  0.29  1.10  0.00 -8.70 0.502  00  01T11EM000  1.000
ARG01A0002_020  0.000 -9.10  0.96  3.88  0.00 -4.27 0.501  00  01T137M000  1.000
ARG02A0002_021  0.000-13.48  0.33  0.49  0.00-12.66 0.502  00  02O000M000  1.000
ARG02A0002_022  0.000-13.64  5.32  3.09  0.00 -5.23 0.501  00  02E003M000  1.000
ARG02A0002_023  0.000 -9.25  0.96  3.88  0.00 -4.42 0.501  00  02E137M000  1.000
ARG02A0002_024  0.000-11.88  2.01  5.95  0.00 -3.92 0.501  00  02E140M000  1.000
ARG02A0002_025  0.000 -6.40  0.04  3.25  0.00 -3.11 0.501  00  02E09FM000  1.000
ARG02A0002_026  0.000-11.39  0.93  0.55  0.00 -9.91 0.501  00  02E0F0M000  1.000
ARG02A0002_027  0.000-12.07  1.70  1.09  0.00 -9.28 0.501  00  02T03CM000  1.000
ARG02A0002_028  0.000-10.12  0.28  1.11  0.00 -8.72 0.502  00  02T0E3M000  1.000
ARG02A0002_029  0.000-10.46  0.76  1.08  0.00 -8.61 0.502  00  02T07FM000  1.000
ARG02A0002_030  0.000 -9.76  0.44  3.25  0.00 -6.07 0.501  00  02T0C1M000  1.000
ARG02A0002_031  0.000-10.92  0.98  3.33  0.00 -6.61 0.501  00  02T125M000  1.000
ARG02A0002_032  0.000-10.53  0.42  3.89  0.00 -6.22 0.501  00  02T02EM000  1.000
ARG02A0002_033  0.000 -9.44  0.73  3.88  0.00 -4.83 0.501  00  02T11BM000  1.000
ARG02A0002_034  0.000-10.06  0.32  1.10  0.00 -8.64 0.502  00  02T11EM000  1.000
ARG02A0002_035  0.000-12.47  0.66  1.09  0.00-10.73 0.502  00  02T047M000  1.000
ARG02A0002_036  0.000-12.64  1.10  0.55  0.00-10.99 0.501  00  02T06DM000  1.000
ARG02A0002_037  0.000-11.72  0.31  1.10  0.00-10.32 0.502  00  02T074M000  1.000
ARG02A0002_038  0.000-10.54  5.24  3.10  0.00 -2.20 0.501  00  02T0BCM000  1.000
ARG02A0002_039  0.000-10.25  0.45  1.11  0.00 -8.70 0.501  00  02T0E1M000  1.000
ARG02A0002_040  0.000 -9.88  1.74  1.10  0.00 -7.05 0.502  00  02T113M000  1.000
ARG03A0002_041  0.000-13.48  0.33  0.49  0.00-12.66 0.502  00  03O000M000  1.000
ARG03A0002_042  0.000-10.55  0.42  3.89  0.00 -6.23 0.501  00  03E02EM000  1.000
ARG03A0002_043  0.000-11.77  1.70  1.09  0.00 -8.98 0.501  00  03E03CM000  1.000
ARG03A0002_044  0.000 -9.61  0.41  3.24  0.00 -5.96 0.501  00  03E0C1M000  1.000
ARG03A0002_045  0.000-10.25  0.77  1.09  0.00 -8.40 0.502  00  03E07FM000  1.000
ARG03A0002_046  0.000-11.89  2.01  5.96  0.00 -3.92 0.501  00  03T140M000  1.000
ARG03A0002_047  0.000-13.65  5.32  3.09  0.00 -5.23 0.501  00  03T003M000  1.000
ARG03A0002_048  0.000-12.74  1.09  0.55  0.00-11.10 0.501  00  03T06DM000  1.000
ARG03A0002_049  0.000-11.78  0.31  1.10  0.00-10.37 0.502  00  03T074M000  1.000
ARG03A0002_050  0.000 -6.31  0.04  3.26  0.00 -3.02 0.501  00  03T09FM000  1.000
ARG03A0002_051  0.000-10.58  5.24  3.10  0.00 -2.25 0.501  00  03T0BCM000  1.000
ARG03A0002_052  0.000 -9.35  0.73  3.88  0.00 -4.74 0.501  00  03T11BM000  1.000
ARG03A0002_053  0.000-12.58  0.66  1.09  0.00-10.83 0.502  00  03T047M000  1.000
ARG03A0002_054  0.000-10.42  0.45  1.11  0.00 -8.87 0.501  00  03T0E1M000  1.000
ARG03A0002_055  0.000-10.07  0.28  1.11  0.00 -8.68 0.502  00  03T0E3M000  1.000
ARG03A0002_056  0.000-11.42  0.89  0.54  0.00 -9.98 0.501  00  03T0F0M000  1.000
ARG03A0002_057  0.000 -9.39  1.72  1.10  0.00 -6.57 0.502  00  03T113M000  1.000
ARG03A0002_058  0.000-10.11  0.30  1.10  0.00 -8.70 0.502  00  03T11EM000  1.000
ARG03A0002_059  0.000-10.69  0.95  3.34  0.00 -6.40 0.501  00  03T125M000  1.000
ARG03A0002_060  0.000 -9.17  0.96  3.88  0.00 -4.33 0.501  00  03T137M000  1.000
ARG+1A0002_061  1.000-13.52  0.33  0.49  0.00-12.70 0.502  00  +1O000M000  1.000
ARG+1A0002_062  1.000-10.65  0.42  3.89  0.00 -6.34 0.501  00  +1E02EM000  1.000
ARG+1A0002_063  1.000-12.57  0.66  1.09  0.00-10.83 0.502  00  +1E047M000  1.000
ARG+1A0002_064  1.000-12.79  1.09  0.55  0.00-11.15 0.501  00  +1E06DM000  1.000
ARG+1A0002_065  1.000-11.47  0.89  0.55  0.00-10.03 0.501  00  +1E0F0M000  1.000
ARG+1A0002_066  1.000 -9.36  1.71  1.11  0.00 -6.54 0.502  00  +1E113M000  1.000
ARG+1A0002_067  1.000 -9.47  0.73  3.88  0.00 -4.86 0.501  00  +1E11BM000  1.000
ARG+1A0002_068  1.000-10.15  0.30  1.11  0.00 -8.75 0.502  00  +1E11EM000  1.000
ARG+1A0002_069  1.000-10.69  0.94  3.34  0.00 -6.40 0.501  00  +1E125M000  1.000
ARG+1A0002_070  1.000-11.93  2.00  5.95  0.00 -3.97 0.501  00  +1E140M000  1.000
ARG+1A0002_071  1.000-13.68  5.32  3.09  0.00 -5.27 0.501  00  +1T003M000  1.000
ARG+1A0002_072  1.000-11.98  1.70  1.09  0.00 -9.18 0.501  00  +1T03CM000  1.000
ARG+1A0002_073  1.000-11.68  0.31  1.10  0.00-10.28 0.502  00  +1T074M000  1.000
ARG+1A0002_074  1.000-10.13  0.78  1.09  0.00 -8.26 0.502  00  +1T07FM000  1.000
ARG+1A0002_075  1.000 -6.47  0.04  3.26  0.00 -3.17 0.501  00  +1T09FM000  1.000
ARG+1A0002_076  1.000-10.69  5.24  3.10  0.00 -2.35 0.501  00  +1T0BCM000  1.000
ARG+1A0002_077  1.000 -9.50  0.42  3.24  0.00 -5.85 0.501  00  +1T0C1M000  1.000
ARG+1A0002_078  1.000-10.39  0.44  1.11  0.00 -8.84 0.501  00  +1T0E1M000  1.000
ARG+1A0002_079  1.000-10.11  0.28  1.11  0.00 -8.72 0.502  00  +1T0E3M000  1.000
ARG+1A0002_080  1.000 -9.22  0.96  3.88  0.00 -4.38 0.501  00  +1T137M000  1.000
