   confID        vdw0    sas     sum
ARG01A0002_001   1.168 -14.609 -13.441
ARG01A0002_002   2.577 -15.264 -12.688
ARG01A0002_003   2.136 -14.924 -12.788
ARG01A0002_004   2.879 -14.723 -11.844
ARG01A0002_005   3.367 -13.529 -10.162
ARG01A0002_006   7.763 -14.132  -6.369
ARG01A0002_007   3.978 -13.664  -9.686
ARG01A0002_008   3.980 -14.316 -10.336
ARG01A0002_009   3.887 -13.987 -10.099
ARG01A0002_010   2.778 -14.182 -11.405
ARG01A0002_011   5.060 -14.277  -9.216
ARG01A0002_012   3.316 -14.310 -10.994
ARG01A0002_013   2.968 -14.816 -11.848
ARG01A0002_014   1.166 -14.647 -13.481
ARG01A0002_015   4.138 -14.781 -10.643
ARG01A0002_016   2.620 -14.404 -11.783
ARG01A0002_017   2.972 -13.459 -10.487
ARG01A0002_018   4.240 -13.862  -9.622
ARG01A0002_019   3.881 -14.024 -10.143
ARG01A0002_020   5.126 -14.223  -9.097
ARG02A0002_021   1.130 -14.609 -13.480
ARG02A0002_022   1.134 -14.776 -13.641
ARG02A0002_023   5.083 -14.342  -9.259
ARG02A0002_024   2.966 -14.854 -11.888
ARG02A0002_025   7.738 -14.132  -6.394
ARG02A0002_026   2.792 -14.182 -11.390
ARG02A0002_027   2.545 -14.668 -12.123
ARG02A0002_028   3.893 -14.003 -10.110
ARG02A0002_029   3.219 -13.677 -10.458
ARG02A0002_030   3.994 -13.767  -9.774
ARG02A0002_031   3.397 -14.320 -10.922
ARG02A0002_032   4.156 -14.697 -10.541
ARG02A0002_033   5.095 -14.537  -9.442
ARG02A0002_034   3.917 -13.976 -10.059
ARG02A0002_035   2.570 -15.043 -12.473
ARG02A0002_036   2.142 -14.792 -12.650
ARG02A0002_037   2.933 -14.652 -11.718
ARG02A0002_038   2.985 -13.455 -10.471
ARG02A0002_039   3.934 -14.197 -10.263
ARG02A0002_040   4.204 -14.106  -9.902
ARG03A0002_041   1.125 -14.609 -13.485
ARG03A0002_042   4.082 -14.633 -10.551
ARG03A0002_043   2.565 -14.336 -11.772
ARG03A0002_044   4.078 -13.680  -9.602
ARG03A0002_045   3.561 -13.809 -10.248
ARG03A0002_046   2.962 -14.854 -11.892
ARG03A0002_047   1.129 -14.776 -13.646
ARG03A0002_048   2.116 -14.856 -12.740
ARG03A0002_049   2.883 -14.665 -11.782
ARG03A0002_050   7.712 -14.029  -6.317
ARG03A0002_051   2.944 -13.523 -10.579
ARG03A0002_052   5.066 -14.409  -9.342
ARG03A0002_053   2.525 -15.107 -12.582
ARG03A0002_054   3.923 -14.332 -10.409
ARG03A0002_055   3.869 -13.939 -10.069
ARG03A0002_056   2.760 -14.182 -11.423
ARG03A0002_057   4.479 -13.862  -9.383
ARG03A0002_058   3.874 -13.976 -10.102
ARG03A0002_059   3.649 -14.336 -10.687
ARG03A0002_060   5.098 -14.274  -9.176
ARG+1A0002_061   1.086 -14.609 -13.523
ARG+1A0002_062   4.040 -14.697 -10.656
ARG+1A0002_063   2.466 -15.043 -12.577
ARG+1A0002_064   2.061 -14.860 -12.799
ARG+1A0002_065   2.713 -14.182 -11.469
ARG+1A0002_066   4.505 -13.862  -9.357
ARG+1A0002_067   4.995 -14.473  -9.478
ARG+1A0002_068   3.823 -13.976 -10.153
ARG+1A0002_069   3.654 -14.336 -10.682
ARG+1A0002_070   2.930 -14.854 -11.924
ARG+1A0002_071   1.090 -14.776 -13.686
ARG+1A0002_072   2.505 -14.484 -11.979
ARG+1A0002_073   2.856 -14.600 -11.744
ARG+1A0002_074   3.533 -13.677 -10.144
ARG+1A0002_075   7.679 -14.132  -6.453
ARG+1A0002_076   2.896 -13.587 -10.691
ARG+1A0002_077   4.069 -13.561  -9.492
ARG+1A0002_078   3.880 -14.332 -10.452
ARG+1A0002_079   3.822 -13.939 -10.117
ARG+1A0002_080   5.061 -14.274  -9.213
