iConf CONFORMER     FL  occ    crg   Em0  pKa0 ne nH    vdw0    vdw1    tors    epol   dsolv   extra    history
00001 LYS01A0027_001 f 0.00  0.000     0  0.00  0  0 -11.849   0.581   0.863  -0.008   0.001   0.000 01O000M000t
00002 LYS01A0027_002 f 0.00  0.000     0  0.00  0  0 -11.953   1.076   0.833  -0.013  -0.052   0.000 01E004M000t
00003 LYS01A0027_003 f 0.00  0.000     0  0.00  0  0  -5.765   1.004   3.610  -0.018   0.083   0.000 01E06AM000t
00004 LYS01A0027_004 f 0.00  0.000     0  0.00  0  0  -5.669   0.706   4.259  -0.011   0.127   0.000 01E07CM000t
00005 LYS01A0027_005 f 0.00  0.000     0  0.00  0  0 -11.252   0.740   4.246  -0.017   0.011   0.000 01E07EM000t
00006 LYS01A0027_006 f 0.00  0.000     0  0.00  0  0 -11.870   2.641   6.402  -0.020  -0.063   0.000 01E09CM000t
00007 LYS01A0027_007 f 0.00  0.000     0  0.00  0  0 -10.267   1.015   4.272  -0.023   0.000   0.000 01E0D2M000t
00008 LYS01A0027_008 f 0.00  0.000     0  0.00  0  0  -7.403   1.927   2.128  -0.008   0.080   0.000 01E10DM000t
00009 LYS01A0027_009 f 0.00  0.000     0  0.00  0  0  -7.916   2.222   4.798  -0.013  -0.108   0.000 01E143M000t
00010 LYS01A0027_010 f 0.00  0.000     0  0.00  0  0 -10.970   1.197   4.147  -0.011  -0.001   0.000 01T029M000t
00011 LYS01A0027_011 f 0.00  0.000     0  0.00  0  0 -11.028   1.844   1.016  -0.045  -0.026   0.000 01T046M000t
00012 LYS01A0027_012 f 0.00  0.000     0  0.00  0  0  -9.111   2.262   4.785  -0.011  -0.096   0.000 01T059M000t
00013 LYS01A0027_013 f 0.00  0.000     0  0.00  0  0 -11.035   1.566   4.210  -0.019  -0.015   0.000 01T093M000t
00014 LYS01A0027_014 f 0.00  0.000     0  0.00  0  0  -9.885   1.526   4.243  -0.006   0.029   0.000 01T0B7M000t
00015 LYS01A0027_015 f 0.00  0.000     0  0.00  0  0 -10.482   1.044   6.397  -0.029  -0.106   0.000 01T0DDM000t
00016 LYS01A0027_016 f 0.00  0.000     0  0.00  0  0  -9.677   1.972   4.362  -0.068   0.150   0.000 01T103M000t
00017 LYS01A0027_017 f 0.00  0.000     0  0.00  0  0  -7.605   1.931   2.132  -0.013   0.068   0.000 01T10CM000t
00018 LYS01A0027_018 f 0.00  0.000     0  0.00  0  0  -9.297   1.823   4.329  -0.015   0.043   0.000 01T111M000t
00019 LYS01A0027_019 f 0.00  0.000     0  0.00  0  0 -10.737   2.404   7.008  -0.030  -0.010   0.000 01T14DM000t
00020 LYS01A0027_020 f 0.00  0.000     0  0.00  0  0 -10.725   2.137   6.461  -0.083  -0.025   0.000 01T151M000t
00021 LYS+1A0027_021 f 0.00  1.000     0 10.40  0  1 -11.894   0.580   0.863   0.048  -0.377   0.000 +1O000M000t
00022 LYS+1A0027_022 f 0.00  1.000     0 10.40  0  1 -11.067   1.199   4.149   0.058  -0.372   0.000 +1E029M000t
00023 LYS+1A0027_023 f 0.00  1.000     0 10.40  0  1 -11.220   1.856   1.020   0.232  -0.278   0.000 +1E046M000t
00024 LYS+1A0027_024 f 0.00  1.000     0 10.40  0  1  -9.110   2.261   4.786   0.062  -0.197   0.000 +1E059M000t
00025 LYS+1A0027_025 f 0.00  1.000     0 10.40  0  1  -5.879   1.002   3.608   0.147   0.137   0.000 +1E06AM000t
00026 LYS+1A0027_026 f 0.00  1.000     0 10.40  0  1  -5.736   0.702   4.261   0.111  -0.001   0.000 +1E07CM000t
00027 LYS+1A0027_027 f 0.00  1.000     0 10.40  0  1 -11.237   0.730   4.257   0.079  -0.257   0.000 +1E07EM000t
00028 LYS+1A0027_028 f 0.00  1.000     0 10.40  0  1 -11.142   1.578   4.228   0.122  -0.453   0.000 +1E093M000t
00029 LYS+1A0027_029 f 0.00  1.000     0 10.40  0  1 -11.923   2.642   6.403   0.099  -0.308   0.000 +1E09CM000t
00030 LYS+1A0027_030 f 0.00  1.000     0 10.40  0  1  -9.949   1.524   4.245   0.039  -0.203   0.000 +1E0B7M000t
00031 LYS+1A0027_031 f 0.00  1.000     0 10.40  0  1 -10.315   1.021   4.272   0.032  -0.219   0.000 +1E0D2M000t
00032 LYS+1A0027_032 f 0.00  1.000     0 10.40  0  1  -9.784   1.972   4.366   0.081   0.062   0.000 +1E103M000t
00033 LYS+1A0027_033 f 0.00  1.000     0 10.40  0  1  -7.666   1.928   2.132  -0.022  -0.273   0.000 +1E10CM000t
00034 LYS+1A0027_034 f 0.00  1.000     0 10.40  0  1  -9.422   1.820   4.342   0.105  -0.192   0.000 +1E111M000t
00035 LYS+1A0027_035 f 0.00  1.000     0 10.40  0  1 -10.744   2.375   7.011   0.139  -0.208   0.000 +1E14DM000t
00036 LYS+1A0027_036 f 0.00  1.000     0 10.40  0  1 -11.997   1.076   0.833   0.059  -0.313   0.000 +1T004M000t
00037 LYS+1A0027_037 f 0.00  1.000     0 10.40  0  1 -10.654   1.040   6.397   0.069  -0.158   0.000 +1T0DDM000t
00038 LYS+1A0027_038 f 0.00  1.000     0 10.40  0  1  -7.465   1.931   2.127   0.051   0.051   0.000 +1T10DM000t
00039 LYS+1A0027_039 f 0.00  1.000     0 10.40  0  1  -7.967   2.218   4.802   0.092   0.022   0.000 +1T143M000t
00040 LYS+1A0027_040 f 0.00  1.000     0 10.40  0  1 -10.787   2.135   6.463   0.350  -0.215   0.000 +1T151M000t
