CONFORMER         crg  vdw0  vdw1  tors  epol  self   occ  Hb     history    ASA
LYS01A0027_001  0.000-11.85  0.48  0.86  0.00-10.51 0.501  00  01O000M000  1.000
LYS01A0027_002  0.000-11.95  0.95  0.83  0.00-10.17 0.502  00  01E004M000  1.000
LYS01A0027_003  0.000 -5.83  0.88  3.61  0.00 -1.33 0.501  00  01E06AM000  1.000
LYS01A0027_004  0.000 -5.64  0.65  4.26  0.00 -0.73 0.501  00  01E07CM000  1.000
LYS01A0027_005  0.000-11.25  0.69  4.25  0.00 -6.31 0.501  00  01E07EM000  1.000
LYS01A0027_006  0.000-11.87  2.64  6.40  0.00 -2.83 0.502  00  01E09CM000  1.000
LYS01A0027_007  0.000-10.27  0.89  4.27  0.00 -5.10 0.501  00  01E0D2M000  1.000
LYS01A0027_008  0.000 -7.40  1.93  2.13  0.00 -3.34 0.502  00  01E10DM000  1.000
LYS01A0027_009  0.000 -7.92  2.22  4.80  0.00 -0.90 0.502  00  01E143M000  1.000
LYS01A0027_010  0.000-10.91  1.15  4.15  0.00 -5.61 0.501  00  01T029M000  1.000
LYS01A0027_011  0.000-11.15  1.78  1.02  0.00 -8.35 0.501  00  01T046M000  1.000
LYS01A0027_012  0.000 -9.06  2.26  4.78  0.00 -2.02 0.501  00  01T059M000  1.000
LYS01A0027_013  0.000-11.03  1.50  4.21  0.00 -5.33 0.502  00  01T093M000  1.000
LYS01A0027_014  0.000 -9.89  1.47  4.24  0.00 -4.17 0.501  00  01T0B7M000  1.000
LYS01A0027_015  0.000-10.53  0.99  6.40  0.00 -3.15 0.501  00  01T0DDM000  1.000
LYS01A0027_016  0.000 -9.67  1.93  4.36  0.00 -3.38 0.501  00  01T103M000  1.000
LYS01A0027_017  0.000 -7.59  1.93  2.13  0.00 -3.53 0.502  00  01T10CM000  1.000
LYS01A0027_018  0.000 -9.29  1.82  4.33  0.00 -3.14 0.501  00  01T111M000  1.000
LYS01A0027_019  0.000-10.73  2.41  7.01  0.00 -1.32 0.501  00  01T14DM000  1.000
LYS01A0027_020  0.000-10.72  2.13  6.46  0.00 -2.13 0.501  00  01T151M000  1.000
LYS+1A0027_021  1.000-11.89  0.48  0.86  0.00-10.55 0.501  00  +1O000M000  1.000
LYS+1A0027_022  1.000-11.07  1.15  4.15  0.00 -5.78 0.501  00  +1E029M000  1.000
LYS+1A0027_023  1.000-11.22  1.79  1.02  0.00 -8.41 0.501  00  +1E046M000  1.000
LYS+1A0027_024  1.000 -9.12  2.26  4.79  0.00 -2.07 0.501  00  +1E059M000  1.000
LYS+1A0027_025  1.000 -5.92  0.88  3.61  0.00 -1.43 0.501  00  +1E06AM000  1.000
LYS+1A0027_026  1.000 -5.72  0.65  4.26  0.00 -0.81 0.501  00  +1E07CM000  1.000
LYS+1A0027_027  1.000-11.28  0.69  4.26  0.00 -6.33 0.501  00  +1E07EM000  1.000
LYS+1A0027_028  1.000-11.14  1.51  4.23  0.00 -5.40 0.502  00  +1E093M000  1.000
LYS+1A0027_029  1.000-11.92  2.64  6.40  0.00 -2.88 0.502  00  +1E09CM000  1.000
LYS+1A0027_030  1.000 -9.95  1.47  4.24  0.00 -4.24 0.501  00  +1E0B7M000  1.000
LYS+1A0027_031  1.000-10.32  0.90  4.27  0.00 -5.15 0.501  00  +1E0D2M000  1.000
LYS+1A0027_032  1.000 -9.78  1.93  4.36  0.00 -3.48 0.501  00  +1E103M000  1.000
LYS+1A0027_033  1.000 -7.59  1.92  2.13  0.00 -3.54 0.502  00  +1E10CM000  1.000
LYS+1A0027_034  1.000 -9.42  1.82  4.34  0.00 -3.27 0.501  00  +1E111M000  1.000
LYS+1A0027_035  1.000-10.75  2.38  7.01  0.00 -1.36 0.501  00  +1E14DM000  1.000
LYS+1A0027_036  1.000-12.00  0.95  0.83  0.00-10.21 0.502  00  +1T004M000  1.000
LYS+1A0027_037  1.000-10.62  0.98  6.40  0.00 -3.24 0.501  00  +1T0DDM000  1.000
LYS+1A0027_038  1.000 -7.47  1.93  2.13  0.00 -3.42 0.502  00  +1T10DM000  1.000
LYS+1A0027_039  1.000 -7.97  2.22  4.80  0.00 -0.94 0.502  00  +1T143M000  1.000
LYS+1A0027_040  1.000-10.78  2.13  6.46  0.00 -2.18 0.501  00  +1T151M000  1.000
