CONFORMER         crg  vdw0  vdw1  tors  epol  self   occ  Hb     history    ASA
LYS01A0012_001  0.000-12.20  0.32  0.88  0.00-11.00 0.502  00  01O000M000  1.000
LYS01A0012_002  0.000-11.58  0.97  1.50  0.00 -9.10 0.501  00  01E00BM000  1.000
LYS01A0012_003  0.000-11.23  2.02  3.64  0.00 -5.58 0.501  00  01E051M000  1.000
LYS01A0012_004  0.000-11.07  0.63  0.85  0.00 -9.59 0.501  00  01E06BM000  1.000
LYS01A0012_005  0.000 -9.77  0.23  1.49  0.00 -8.05 0.502  00  01E0B4M000  1.000
LYS01A0012_006  0.000-10.03  0.28  1.49  0.00 -8.26 0.501  00  01E0B5M000  1.000
LYS01A0012_007  0.000-10.45  0.95  6.38  0.00 -3.12 0.502  00  01E0E3M000  1.000
LYS01A0012_008  0.000-10.75  2.31  1.58  0.00 -6.86 0.501  00  01E0F9M000  1.000
LYS01A0012_009  0.000-10.73  1.57  1.57  0.00 -7.60 0.502  00  01E101M000  1.000
LYS01A0012_010  0.000 -7.68  1.10  2.11  0.00 -4.48 0.501  00  01E105M000  1.000
LYS01A0012_011  0.000 -8.96  1.05  1.55  0.00 -6.36 0.502  00  01E145M000  1.000
LYS01A0012_012  0.000-11.47  1.85  1.49  0.00 -8.12 0.501  00  01T00AM000  1.000
LYS01A0012_013  0.000-10.87  1.59  1.49  0.00 -7.79 0.501  00  01T01FM000  1.000
LYS01A0012_014  0.000-11.85  1.64  1.56  0.00 -8.64 0.502  00  01T034M000  1.000
LYS01A0012_015  0.000-11.32  4.28  6.27  0.00 -0.78 0.501  00  01T062M000  1.000
LYS01A0012_016  0.000-10.10  0.61  1.49  0.00 -8.01 0.502  00  01T0DAM000  1.000
LYS01A0012_017  0.000-10.83  2.72  1.56  0.00 -6.56 0.501  00  01T100M000  1.000
LYS01A0012_018  0.000 -8.21  0.59  4.82  0.00 -2.80 0.502  00  01T110M000  1.000
LYS01A0012_019  0.000-10.50  2.20  4.19  0.00 -4.11 0.501  00  01T154M000  1.000
LYS01A0012_020  0.000 -7.75  2.07  4.79  0.00 -0.88 0.501  00  01T167M000  1.000
LYS+1A0012_021  1.000-12.24  0.32  0.88  0.00-11.05 0.502  00  +1O000M000  1.000
LYS+1A0012_022  1.000-11.79  0.99  1.50  0.00 -9.30 0.501  00  +1E00BM000  1.000
LYS+1A0012_023  1.000-10.91  1.59  1.49  0.00 -7.84 0.501  00  +1E01FM000  1.000
LYS+1A0012_024  1.000-11.89  1.64  1.56  0.00 -8.69 0.502  00  +1E034M000  1.000
LYS+1A0012_025  1.000-11.53  4.29  6.28  0.00 -0.97 0.501  00  +1E062M000  1.000
LYS+1A0012_026  1.000-11.14  0.63  0.85  0.00 -9.66 0.501  00  +1E06BM000  1.000
LYS+1A0012_027  1.000 -9.89  0.22  1.49  0.00 -8.18 0.502  00  +1E0B4M000  1.000
LYS+1A0012_028  1.000-10.91  2.67  1.56  0.00 -6.68 0.501  00  +1E100M000  1.000
LYS+1A0012_029  1.000 -8.21  0.59  4.84  0.00 -2.78 0.502  00  +1E110M000  1.000
LYS+1A0012_030  1.000 -9.11  1.04  1.55  0.00 -6.52 0.502  00  +1E145M000  1.000
LYS+1A0012_031  1.000 -7.82  2.07  4.80  0.00 -0.96 0.501  00  +1E167M000  1.000
LYS+1A0012_032  1.000-11.52  1.85  1.50  0.00 -8.17 0.501  00  +1T00AM000  1.000
LYS+1A0012_033  1.000-11.28  2.02  3.64  0.00 -5.62 0.501  00  +1T051M000  1.000
LYS+1A0012_034  1.000-10.09  0.27  1.49  0.00 -8.33 0.501  00  +1T0B5M000  1.000
LYS+1A0012_035  1.000-10.16  0.61  1.49  0.00 -8.06 0.502  00  +1T0DAM000  1.000
LYS+1A0012_036  1.000-10.50  0.95  6.38  0.00 -3.17 0.502  00  +1T0E3M000  1.000
LYS+1A0012_037  1.000-10.81  2.34  1.58  0.00 -6.89 0.501  00  +1T0F9M000  1.000
LYS+1A0012_038  1.000-10.80  1.59  1.56  0.00 -7.65 0.502  00  +1T101M000  1.000
LYS+1A0012_039  1.000 -7.74  1.06  2.11  0.00 -4.57 0.501  00  +1T105M000  1.000
LYS+1A0012_040  1.000-10.54  2.20  4.20  0.00 -4.15 0.501  00  +1T154M000  1.000
