iConf CONFORMER     FL  occ    crg   Em0  pKa0 ne nH    vdw0    vdw1    tors    epol   dsolv   extra    history
00001 LYS01A0012_001 f 0.00  0.000     0  0.00  0  0 -12.144   0.424   0.875  -0.008  -0.079   0.000 01O000M000t
00002 LYS01A0012_002 f 0.00  0.000     0  0.00  0  0 -11.077   0.749   0.918  -0.017  -0.087   0.000 01E025M000t
00003 LYS01A0012_003 f 0.00  0.000     0  0.00  0  0 -10.678   0.565   1.494  -0.010  -0.043   0.000 01E07EM000t
00004 LYS01A0012_004 f 0.00  0.000     0  0.00  0  0  -6.148   0.912   4.236  -0.037   0.081   0.000 01E08CM000t
00005 LYS01A0012_005 f 0.00  0.000     0  0.00  0  0 -10.108   4.271   4.147  -0.008  -0.041   0.000 01E0B7M000t
00006 LYS01A0012_006 f 0.00  0.000     0  0.00  0  0 -10.596   1.050   6.369  -0.015  -0.139   0.000 01E0E5M000t
00007 LYS01A0012_007 f 0.00  0.000     0  0.00  0  0 -10.066   1.041   4.094  -0.004   0.145   0.000 01E0E7M000t
00008 LYS01A0012_008 f 0.00  0.000     0  0.00  0  0  -8.143   0.569   2.120  -0.007  -0.046   0.000 01E10EM000t
00009 LYS01A0012_009 f 0.00  0.000     0  0.00  0  0 -10.195   1.712   7.021  -0.140   0.025   0.000 01E14EM000t
00010 LYS01A0012_010 f 0.00  0.000     0  0.00  0  0 -10.426   1.979   4.240  -0.021  -0.023   0.000 01E165M000t
00011 LYS01A0012_011 f 0.00  0.000     0  0.00  0  0 -11.587   1.830   1.556  -0.028   0.055   0.000 01T047M000t
00012 LYS01A0012_012 f 0.00  0.000     0  0.00  0  0 -11.134   4.330   3.482   0.003  -0.139   0.000 01T060M000t
00013 LYS01A0012_013 f 0.00  0.000     0  0.00  0  0 -11.448   2.019   4.282   0.003   0.024   0.000 01T085M000t
00014 LYS01A0012_014 f 0.00  0.000     0  0.00  0  0 -10.284   1.223   1.488  -0.024   0.037   0.000 01T095M000t
00015 LYS01A0012_015 f 0.00  0.000     0  0.00  0  0  -9.732   1.348   1.580   0.625   0.230   0.000 01T108M000t
00016 LYS01A0012_016 f 0.00  0.000     0  0.00  0  0 -10.082   0.431   4.336  -0.032  -0.185   0.000 01T10AM000t
00017 LYS01A0012_017 f 0.00  0.000     0  0.00  0  0  -7.999   0.618   4.856  -0.013   0.080   0.000 01T10DM000t
00018 LYS01A0012_018 f 0.00  0.000     0  0.00  0  0  -8.099   2.010   2.147  -0.011  -0.072   0.000 01T112M000t
00019 LYS01A0012_019 f 0.00  0.000     0  0.00  0  0  -7.930   1.600   4.924   0.036  -0.003   0.000 01T11BM000t
00020 LYS01A0012_020 f 0.00  0.000     0  0.00  0  0 -11.196   1.420   3.800  -0.050  -0.089   0.000 01T136M000t
00021 LYS+1A0012_021 f 0.00  1.000     0 10.40  0  1 -12.189   0.423   0.875   0.043  -0.228   0.000 +1O000M000t
00022 LYS+1A0012_022 f 0.00  1.000     0 10.40  0  1 -11.631   1.817   1.561   0.140  -0.220   0.000 +1E047M000t
00023 LYS+1A0012_023 f 0.00  1.000     0 10.40  0  1 -11.147   4.322   3.482   0.058  -0.048   0.000 +1E060M000t
00024 LYS+1A0012_024 f 0.00  1.000     0 10.40  0  1 -11.485   2.015   4.290  -0.016  -0.147   0.000 +1E085M000t
00025 LYS+1A0012_025 f 0.00  1.000     0 10.40  0  1 -10.350   1.223   1.488   0.082   0.003   0.000 +1E095M000t
00026 LYS+1A0012_026 f 0.00  1.000     0 10.40  0  1 -10.636   1.045   6.370   0.084  -0.224   0.000 +1E0E5M000t
00027 LYS+1A0012_027 f 0.00  1.000     0 10.40  0  1  -9.775   1.422   1.575   1.339   0.688   0.000 +1E108M000t
00028 LYS+1A0012_028 f 0.00  1.000     0 10.40  0  1  -8.039   0.617   4.862   0.030  -0.121   0.000 +1E10DM000t
00029 LYS+1A0012_029 f 0.00  1.000     0 10.40  0  1  -8.213   0.566   2.122   0.062   0.244   0.000 +1E10EM000t
00030 LYS+1A0012_030 f 0.00  1.000     0 10.40  0  1  -8.159   1.995   2.146  -0.029   0.023   0.000 +1E112M000t
00031 LYS+1A0012_031 f 0.00  1.000     0 10.40  0  1 -11.284   1.399   3.805   0.318   0.000   0.000 +1E136M000t
00032 LYS+1A0012_032 f 0.00  1.000     0 10.40  0  1 -10.255   1.699   7.022   0.338  -0.011   0.000 +1E14EM000t
00033 LYS+1A0012_033 f 0.00  1.000     0 10.40  0  1 -10.489   1.966   4.240   0.096   0.027   0.000 +1E165M000t
00034 LYS+1A0012_034 f 0.00  1.000     0 10.40  0  1 -11.125   0.749   0.918   0.078  -0.196   0.000 +1T025M000t
00035 LYS+1A0012_035 f 0.00  1.000     0 10.40  0  1 -10.735   0.565   1.494   0.073   0.034   0.000 +1T07EM000t
00036 LYS+1A0012_036 f 0.00  1.000     0 10.40  0  1  -6.099   0.912   4.240   0.156   0.233   0.000 +1T08CM000t
00037 LYS+1A0012_037 f 0.00  1.000     0 10.40  0  1 -10.157   4.285   4.149  -0.014   0.069   0.000 +1T0B7M000t
00038 LYS+1A0012_038 f 0.00  1.000     0 10.40  0  1 -10.250   1.041   4.100   0.128   0.282   0.000 +1T0E7M000t
00039 LYS+1A0012_039 f 0.00  1.000     0 10.40  0  1 -10.088   0.429   4.339   0.004  -0.288   0.000 +1T10AM000t
00040 LYS+1A0012_040 f 0.00  1.000     0 10.40  0  1  -7.975   1.594   4.923   0.042  -0.166   0.000 +1T11BM000t
