iConf CONFORMER     FL  occ    crg   Em0  pKa0 ne nH    vdw0    vdw1    tors    epol   dsolv   extra    history
00001 HIS01A0217_001 f 0.00  0.000     0  0.00  0  0 -11.169   0.071   0.162   0.456   0.289   0.000 01O000M000t
00002 HIS01A0217_002 f 0.00  0.000     0  0.00  0  0 -11.720   4.751   2.604   0.078   0.576   0.000 01E002M000t
00003 HIS01A0217_003 f 0.00  0.000     0  0.00  0  0 -11.938   4.106   0.127   0.108   0.607   0.000 01E008M000t
00004 HIS01A0217_004 f 0.00  0.000     0  0.00  0  0 -11.435  -0.216   0.140   0.295   0.374   0.000 01E009M000t
00005 HIS01A0217_005 f 0.00  0.000     0  0.00  0  0 -11.454   2.854   0.064   0.296   0.286   0.000 01E00AM000t
00006 HIS01A0217_006 f 0.00  0.000     0  0.00  0  0 -11.703   3.869   2.613   0.272   0.405   0.000 01E00CM000t
00007 HIS01A0217_007 f 0.00  0.000     0  0.00  0  0 -11.995   1.980   0.110  -0.167   0.539   0.000 01E00EM000t
00008 HIS01A0217_008 f 0.00  0.000     0  0.00  0  0 -12.115   2.493   2.471   0.216   0.515   0.000 01E013M000t
00009 HIS01A0217_009 f 0.00  0.000     0  0.00  0  0 -11.781   0.924   2.600   0.296   0.369   0.000 01E014M000t
00010 HIS01A0217_010 f 0.00  0.000     0  0.00  0  0 -12.032   1.615   2.545   0.409   0.457   0.000 01E016M000t
00011 HIS01A0217_011 f 0.00  0.000     0  0.00  0  0 -12.114   0.745   2.600   0.376   0.327   0.000 01E017M000t
00012 HIS01A0217_012 f 0.00  0.000     0  0.00  0  0 -11.804   2.684   2.613   0.419   0.335   0.000 01E01EM000t
00013 HIS01A0217_013 f 0.00  0.000     0  0.00  0  0 -11.841   3.289   2.608   0.284   0.575   0.000 01T006M000t
00014 HIS01A0217_014 f 0.00  0.000     0  0.00  0  0 -12.195   0.932   0.077   0.517   0.212   0.000 01T011M000t
00015 HIS01A0217_015 f 0.00  0.000     0  0.00  0  0 -11.930   2.575   0.092   0.091   0.508   0.000 01T018M000t
00016 HIS01A0217_016 f 0.00  0.000     0  0.00  0  0 -11.832   3.028   0.119   0.194   0.480   0.000 01T019M000t
00017 HIS01A0217_017 f 0.00  0.000     0  0.00  0  0 -11.508  -0.219   0.139   0.383   0.356   0.000 01T01AM000t
00018 HIS01A0217_018 f 0.00  0.000     0  0.00  0  0 -11.623   1.086   0.061   0.423   0.215   0.000 01T01BM000t
00019 HIS02A0217_019 f 0.00  0.000     0  0.00  0  0 -11.187   0.011   0.162   0.192   0.364   0.000 02O000M000t
00020 HIS02A0217_020 f 0.00  0.000     0  0.00  0  0 -11.924   4.857   2.599  -0.113   0.443   0.000 02E002M000t
00021 HIS02A0217_021 f 0.00  0.000     0  0.00  0  0 -11.824   3.309   2.602   0.407   0.332   0.000 02E006M000t
00022 HIS02A0217_022 f 0.00  0.000     0  0.00  0  0 -11.408   2.846   0.063   0.168   0.077   0.000 02E00AM000t
00023 HIS02A0217_023 f 0.00  0.000     0  0.00  0  0 -11.420   2.349   0.091   0.376   0.271   0.000 02E00BM000t
00024 HIS02A0217_024 f 0.00  0.000     0  0.00  0  0 -11.560   4.589   2.600   0.245   0.295   0.000 02E01DM000t
00025 HIS02A0217_025 f 0.00  0.000     0  0.00  0  0 -11.474   4.400   0.096   0.406   0.501   0.000 02T008M000t
00026 HIS02A0217_026 f 0.00  0.000     0  0.00  0  0 -11.441  -0.238   0.136   0.208   0.407   0.000 02T009M000t
00027 HIS02A0217_027 f 0.00  0.000     0  0.00  0  0 -11.587   3.888   2.607   0.058   0.304   0.000 02T00CM000t
00028 HIS02A0217_028 f 0.00  0.000     0  0.00  0  0 -12.098   1.879   0.113   0.540   0.449   0.000 02T00EM000t
00029 HIS02A0217_029 f 0.00  0.000     0  0.00  0  0 -11.967   0.935   0.080   0.379   0.167   0.000 02T011M000t
00030 HIS02A0217_030 f 0.00  0.000     0  0.00  0  0 -12.086   2.408   2.484   0.320   0.231   0.000 02T013M000t
00031 HIS02A0217_031 f 0.00  0.000     0  0.00  0  0 -11.731   0.878   2.594   0.288   0.290   0.000 02T014M000t
00032 HIS02A0217_032 f 0.00  0.000     0  0.00  0  0 -11.918   1.624   2.545   0.299   0.247   0.000 02T016M000t
00033 HIS02A0217_033 f 0.00  0.000     0  0.00  0  0 -12.000   0.734   2.594   0.286   0.009   0.000 02T017M000t
00034 HIS02A0217_034 f 0.00  0.000     0  0.00  0  0 -11.945   2.567   0.089   0.424   0.240   0.000 02T018M000t
00035 HIS02A0217_035 f 0.00  0.000     0  0.00  0  0 -11.665   2.891   0.110   0.546   0.220   0.000 02T019M000t
00036 HIS02A0217_036 f 0.00  0.000     0  0.00  0  0 -11.577  -0.237   0.136   0.258   0.243   0.000 02T01AM000t
00037 HIS02A0217_037 f 0.00  0.000     0  0.00  0  0 -11.707   1.068   0.062   0.399   0.296   0.000 02T01BM000t
00038 HIS02A0217_038 f 0.00  0.000     0  0.00  0  0 -11.823   2.652   2.608   0.361   0.173   0.000 02T01EM000t
00039 HIS+1A0217_039 f 0.00  1.000     0  6.98  0  1 -11.213   0.008   0.162   0.578  -0.198   0.000 +1O000M000t
00040 HIS+1A0217_040 f 0.00  1.000     0  6.98  0  1 -11.531  -0.234   0.140   0.587  -0.288   0.000 +1E009M000t
00041 HIS+1A0217_041 f 0.00  1.000     0  6.98  0  1 -11.434   2.849   0.063   0.496  -0.178   0.000 +1E00AM000t
00042 HIS+1A0217_042 f 0.00  1.000     0  6.98  0  1 -11.703   3.914   2.616   0.892  -0.442   0.000 +1E00CM000t
00043 HIS+1A0217_043 f 0.00  1.000     0  6.98  0  1 -12.056   1.867   0.114   1.430  -0.056   0.000 +1E00EM000t
00044 HIS+1A0217_044 f 0.00  1.000     0  6.98  0  1 -12.111   2.412   2.485   0.703  -0.204   0.000 +1E013M000t
00045 HIS+1A0217_045 f 0.00  1.000     0  6.98  0  1 -11.823   0.874   2.605   0.663  -0.253   0.000 +1E014M000t
00046 HIS+1A0217_046 f 0.00  1.000     0  6.98  0  1 -12.080   1.623   2.545   0.654  -0.365   0.000 +1E016M000t
00047 HIS+1A0217_047 f 0.00  1.000     0  6.98  0  1 -11.835   2.564   0.090   0.803  -0.191   0.000 +1E018M000t
00048 HIS+1A0217_048 f 0.00  1.000     0  6.98  0  1 -11.781   1.117   0.063   0.718  -0.331   0.000 +1E01BM000t
00049 HIS+1A0217_049 f 0.00  1.000     0  6.98  0  1 -11.587   4.630   2.605   0.409  -0.138   0.000 +1E01DM000t
00050 HIS+1A0217_050 f 0.00  1.000     0  6.98  0  1 -11.852   2.664   2.613   0.588  -0.646   0.000 +1E01EM000t
00051 HIS+1A0217_051 f 0.00  1.000     0  6.98  0  1 -11.783   4.879   2.609   0.821  -0.106   0.000 +1T002M000t
00052 HIS+1A0217_052 f 0.00  1.000     0  6.98  0  1 -12.021   3.310   2.608   0.602  -0.183   0.000 +1T006M000t
00053 HIS+1A0217_053 f 0.00  1.000     0  6.98  0  1 -11.512   4.599   0.106   0.910   0.185   0.000 +1T008M000t
00054 HIS+1A0217_054 f 0.00  1.000     0  6.98  0  1 -11.580   2.736   0.102   0.735  -0.565   0.000 +1T00BM000t
00055 HIS+1A0217_055 f 0.00  1.000     0  6.98  0  1 -12.060   0.928   0.081   1.080  -0.309   0.000 +1T011M000t
00056 HIS+1A0217_056 f 0.00  1.000     0  6.98  0  1 -11.959   0.729   2.604   0.646  -0.379   0.000 +1T017M000t
00057 HIS+1A0217_057 f 0.00  1.000     0  6.98  0  1 -11.876   2.996   0.119   0.938  -0.175   0.000 +1T019M000t
00058 HIS+1A0217_058 f 0.00  1.000     0  6.98  0  1 -11.604  -0.235   0.141   0.596  -0.463   0.000 +1T01AM000t
