iConf CONFORMER     FL  occ    crg   Em0  pKa0 ne nH    vdw0    vdw1    tors    epol   dsolv   extra    history
00001 HIS01A0142_001 f 0.00  0.000     0  0.00  0  0 -11.344   4.045   0.007   0.432   0.371   0.000 01O000M000t
00002 HIS01A0142_002 f 0.00  0.000     0  0.00  0  0 -11.361   3.976   0.000   0.381   0.379   0.000 01E002M000t
00003 HIS01A0142_003 f 0.00  0.000     0  0.00  0  0 -11.487   6.238   0.054   0.435   0.336   0.000 01E003M000t
00004 HIS01A0142_004 f 0.00  0.000     0  0.00  0  0 -11.811   8.035   2.796   0.346   0.111   0.000 01E004M000t
00005 HIS01A0142_005 f 0.00  0.000     0  0.00  0  0 -11.683   2.145   0.004   0.106   0.542   0.000 01E008M000t
00006 HIS01A0142_006 f 0.00  0.000     0  0.00  0  0 -11.919   3.707   0.012   0.596   0.309   0.000 01E00EM000t
00007 HIS01A0142_007 f 0.00  0.000     0  0.00  0  0 -11.695   3.862   0.012   0.279   0.492   0.000 01E00FM000t
00008 HIS01A0142_008 f 0.00  0.000     0  0.00  0  0 -11.876   5.101   2.792   0.334   0.356   0.000 01E010M000t
00009 HIS01A0142_009 f 0.00  0.000     0  0.00  0  0 -11.512   5.186   2.792   0.294   0.161   0.000 01E014M000t
00010 HIS01A0142_010 f 0.00  0.000     0  0.00  0  0 -11.595   1.254   0.007   0.220   0.496   0.000 01T006M000t
00011 HIS01A0142_011 f 0.00  0.000     0  0.00  0  0 -11.414   3.915   0.000   0.001   0.606   0.000 01T007M000t
00012 HIS01A0142_012 f 0.00  0.000     0  0.00  0  0 -12.027   1.156   0.007   0.303   0.229   0.000 01T009M000t
00013 HIS01A0142_013 f 0.00  0.000     0  0.00  0  0 -11.641   2.572   0.007   0.334   0.507   0.000 01T00AM000t
00014 HIS01A0142_014 f 0.00  0.000     0  0.00  0  0 -11.619   4.661   0.000   0.290   0.480   0.000 01T00BM000t
00015 HIS01A0142_015 f 0.00  0.000     0  0.00  0  0 -11.351   6.255   0.000   0.686   0.503   0.000 01T00CM000t
00016 HIS01A0142_016 f 0.00  0.000     0  0.00  0  0 -11.317   5.292   2.792   0.227   0.384   0.000 01T011M000t
00017 HIS01A0142_017 f 0.00  0.000     0  0.00  0  0 -11.790   8.039   2.799   0.143   0.301   0.000 01T012M000t
00018 HIS01A0142_018 f 0.00  0.000     0  0.00  0  0 -11.691   5.200   2.792   0.221   0.334   0.000 01T013M000t
00019 HIS02A0142_019 f 0.00  0.000     0  0.00  0  0 -11.362   4.042   0.007   0.390   0.273   0.000 02O000M000t
00020 HIS02A0142_020 f 0.00  0.000     0  0.00  0  0 -11.535   6.164   0.049   0.359   0.242   0.000 02E003M000t
00021 HIS02A0142_021 f 0.00  0.000     0  0.00  0  0 -11.277   1.843   0.005   0.282   0.113   0.000 02E005M000t
00022 HIS02A0142_022 f 0.00  0.000     0  0.00  0  0 -11.605   3.873   0.000   0.589   0.428   0.000 02E007M000t
00023 HIS02A0142_023 f 0.00  0.000     0  0.00  0  0 -12.112   1.137   0.007   0.189   0.190   0.000 02E009M000t
00024 HIS02A0142_024 f 0.00  0.000     0  0.00  0  0 -11.742   4.540   0.000   0.367   0.503   0.000 02E00BM000t
00025 HIS02A0142_025 f 0.00  0.000     0  0.00  0  0 -11.358   6.289   0.001  -0.409   0.614   0.000 02E00CM000t
00026 HIS02A0142_026 f 0.00  0.000     0  0.00  0  0 -11.574   3.829   0.012   0.286   0.320   0.000 02E00FM000t
00027 HIS02A0142_027 f 0.00  0.000     0  0.00  0  0 -11.895   5.087   2.792   0.192   0.300   0.000 02E010M000t
00028 HIS02A0142_028 f 0.00  0.000     0  0.00  0  0 -11.312   5.223   2.792   0.195   0.007   0.000 02E011M000t
00029 HIS02A0142_029 f 0.00  0.000     0  0.00  0  0 -11.677   8.087   2.796   0.276   0.288   0.000 02E012M000t
00030 HIS02A0142_030 f 0.00  0.000     0  0.00  0  0 -11.658   5.162   2.792   0.205   0.318   0.000 02E013M000t
00031 HIS02A0142_031 f 0.00  0.000     0  0.00  0  0 -11.312   3.982   0.001   0.313   0.310   0.000 02T002M000t
00032 HIS02A0142_032 f 0.00  0.000     0  0.00  0  0 -11.810   8.021   2.796   0.284   0.312   0.000 02T004M000t
00033 HIS02A0142_033 f 0.00  0.000     0  0.00  0  0 -11.540   1.216   0.007   0.196   0.396   0.000 02T006M000t
00034 HIS02A0142_034 f 0.00  0.000     0  0.00  0  0 -11.630   2.154   0.004   0.323   0.405   0.000 02T008M000t
00035 HIS02A0142_035 f 0.00  0.000     0  0.00  0  0 -11.659   2.577   0.008   0.189   0.516   0.000 02T00AM000t
00036 HIS02A0142_036 f 0.00  0.000     0  0.00  0  0 -11.939   3.777   0.012   0.364   0.389   0.000 02T00EM000t
00037 HIS02A0142_037 f 0.00  0.000     0  0.00  0  0 -11.514   5.201   2.792   0.249   0.168   0.000 02T014M000t
00038 HIS+1A0142_038 f 0.00  1.000     0  6.98  0  1 -11.389   4.038   0.007   0.672  -0.462   0.000 +1O000M000t
00039 HIS+1A0142_039 f 0.00  1.000     0  6.98  0  1 -11.633   3.874   0.000   1.020   0.119   0.000 +1E007M000t
00040 HIS+1A0142_040 f 0.00  1.000     0  6.98  0  1 -11.481   2.147   0.004   0.735  -0.176   0.000 +1E008M000t
00041 HIS+1A0142_041 f 0.00  1.000     0  6.98  0  1 -11.733   2.568   0.008   0.158  -0.052   0.000 +1E00AM000t
00042 HIS+1A0142_042 f 0.00  1.000     0  6.98  0  1 -11.702   4.539   0.000   0.452   0.162   0.000 +1E00BM000t
00043 HIS+1A0142_043 f 0.00  1.000     0  6.98  0  1 -11.386   6.728   0.000  -0.626   0.142   0.000 +1E00CM000t
00044 HIS+1A0142_044 f 0.00  1.000     0  6.98  0  1 -11.898   3.846   0.011   0.343  -0.298   0.000 +1E00EM000t
00045 HIS+1A0142_045 f 0.00  1.000     0  6.98  0  1 -11.669   3.883   0.011   0.226  -0.359   0.000 +1E00FM000t
00046 HIS+1A0142_046 f 0.00  1.000     0  6.98  0  1 -11.854   5.087   2.792   0.434  -0.420   0.000 +1E010M000t
00047 HIS+1A0142_047 f 0.00  1.000     0  6.98  0  1 -11.732   5.168   2.792   0.453  -0.263   0.000 +1E013M000t
00048 HIS+1A0142_048 f 0.00  1.000     0  6.98  0  1 -11.475   3.974   0.001   0.332  -0.264   0.000 +1T002M000t
00049 HIS+1A0142_049 f 0.00  1.000     0  6.98  0  1 -11.427   6.206   0.055   0.354  -0.258   0.000 +1T003M000t
00050 HIS+1A0142_050 f 0.00  1.000     0  6.98  0  1 -11.837   8.026   2.796   0.516  -0.300   0.000 +1T004M000t
00051 HIS+1A0142_051 f 0.00  1.000     0  6.98  0  1 -11.305   1.817   0.005   0.603  -0.296   0.000 +1T005M000t
00052 HIS+1A0142_052 f 0.00  1.000     0  6.98  0  1 -11.567   1.212   0.007   0.481  -0.328   0.000 +1T006M000t
00053 HIS+1A0142_053 f 0.00  1.000     0  6.98  0  1 -12.188   1.134   0.007   0.477  -0.405   0.000 +1T009M000t
00054 HIS+1A0142_054 f 0.00  1.000     0  6.98  0  1 -11.340   5.225   2.792   0.475  -0.259   0.000 +1T011M000t
00055 HIS+1A0142_055 f 0.00  1.000     0  6.98  0  1 -11.704   8.091   2.796   0.518  -0.252   0.000 +1T012M000t
00056 HIS+1A0142_056 f 0.00  1.000     0  6.98  0  1 -11.539   5.173   2.792   0.482  -0.260   0.000 +1T014M000t
