   confID        vdw0    sas     sum
HIS01A0142_001  -0.288 -11.056 -11.344
HIS01A0142_002  -0.288 -11.074 -11.361
HIS01A0142_003  -0.283 -11.204 -11.487
HIS01A0142_004  -0.288 -11.523 -11.811
HIS01A0142_005  -0.185 -11.498 -11.683
HIS01A0142_006  -0.131 -11.787 -11.919
HIS01A0142_007  -0.194 -11.501 -11.695
HIS01A0142_008  -0.131 -11.745 -11.876
HIS01A0142_009  -0.142 -11.370 -11.512
HIS01A0142_010  -0.211 -11.384 -11.595
HIS01A0142_011  -0.331 -11.082 -11.414
HIS01A0142_012  -0.143 -11.884 -12.027
HIS01A0142_013  -0.201 -11.440 -11.641
HIS01A0142_014  -0.330 -11.289 -11.619
HIS01A0142_015  -0.174 -11.177 -11.351
HIS01A0142_016  -0.211 -11.106 -11.317
HIS01A0142_017  -0.330 -11.460 -11.790
HIS01A0142_018  -0.197 -11.494 -11.691
HIS02A0142_019  -0.306 -11.056 -11.362
HIS02A0142_020  -0.302 -11.233 -11.535
HIS02A0142_021  -0.143 -11.134 -11.277
HIS02A0142_022  -0.343 -11.263 -11.605
HIS02A0142_023  -0.160 -11.952 -12.112
HIS02A0142_024  -0.342 -11.400 -11.742
HIS02A0142_025  -0.190 -11.168 -11.358
HIS02A0142_026  -0.209 -11.365 -11.574
HIS02A0142_027  -0.150 -11.745 -11.895
HIS02A0142_028  -0.222 -11.090 -11.312
HIS02A0142_029  -0.342 -11.335 -11.677
HIS02A0142_030  -0.211 -11.447 -11.658
HIS02A0142_031  -0.306 -11.006 -11.312
HIS02A0142_032  -0.306 -11.504 -11.810
HIS02A0142_033  -0.224 -11.316 -11.540
HIS02A0142_034  -0.201 -11.429 -11.630
HIS02A0142_035  -0.219 -11.440 -11.659
HIS02A0142_036  -0.148 -11.791 -11.939
HIS02A0142_037  -0.163 -11.351 -11.514
HIS+1A0142_038  -0.333 -11.056 -11.389
HIS+1A0142_039  -0.371 -11.263 -11.633
HIS+1A0142_040  -0.228 -11.253 -11.481
HIS+1A0142_041  -0.247 -11.487 -11.733
HIS+1A0142_042  -0.369 -11.332 -11.702
HIS+1A0142_043  -0.218 -11.168 -11.386
HIS+1A0142_044  -0.175 -11.723 -11.898
HIS+1A0142_045  -0.236 -11.433 -11.669
HIS+1A0142_046  -0.177 -11.677 -11.854
HIS+1A0142_047  -0.239 -11.494 -11.732
HIS+1A0142_048  -0.333 -11.141 -11.475
HIS+1A0142_049  -0.329 -11.099 -11.427
HIS+1A0142_050  -0.333 -11.504 -11.837
HIS+1A0142_051  -0.171 -11.134 -11.305
HIS+1A0142_052  -0.251 -11.316 -11.567
HIS+1A0142_053  -0.190 -11.999 -12.188
HIS+1A0142_054  -0.250 -11.090 -11.340
HIS+1A0142_055  -0.369 -11.335 -11.704
HIS+1A0142_056  -0.188 -11.351 -11.539
