CONFORMER         crg  vdw0  vdw1  tors  epol  self   occ  Hb     history    ASA
ARG01A0193_001  0.000-13.62  2.51  0.62  0.00-10.49 0.502  00  01O000M000  1.000
ARG01A0193_002  0.000-12.41  2.52  1.07  0.00 -8.82 0.503  00  01E009M000  1.000
ARG01A0193_003  0.000-12.69  5.09  3.25  0.00 -4.35 0.503  00  01E010M000  1.000
ARG01A0193_004  0.000-10.54  2.29  3.83  0.00 -4.41 0.502  00  01E027M000  1.000
ARG01A0193_005  0.000-13.54  3.59  3.29  0.00 -6.66 0.502  00  01E034M000  1.000
ARG01A0193_006  0.000-13.79  2.94  3.14  0.00 -7.70 0.502  00  01E055M000  1.000
ARG01A0193_007  0.000-13.27  3.32  3.78  0.00 -6.18 0.502  00  01E058M000  1.000
ARG01A0193_008  0.000-13.08  3.50  3.66  0.00 -5.92 0.502  00  01E063M000  1.000
ARG01A0193_009  0.000-12.44  2.35  1.12  0.00 -8.97 0.502  00  01E066M000  1.000
ARG01A0193_010  0.000-11.99  2.02  1.11  0.00 -8.86 0.503  00  01E069M000  1.000
ARG01A0193_011  0.000-11.89  2.65  1.05  0.00 -8.20 0.502  00  01E0A7M000  1.000
ARG01A0193_012  0.000-12.89  2.93  3.87  0.00 -6.09 0.502  00  01E0B9M000  1.000
ARG01A0193_013  0.000-12.44  2.84  3.20  0.00 -6.40 0.502  00  01E0C2M000  1.000
ARG01A0193_014  0.000-12.27  3.30  3.76  0.00 -5.21 0.502  00  01E0CDM000  1.000
ARG01A0193_015  0.000-13.00  2.60  3.38  0.00 -7.02 0.502  00  01T00EM000  1.000
ARG01A0193_016  0.000-12.10  2.28  1.09  0.00 -8.73 0.502  00  01T012M000  1.000
ARG01A0193_017  0.000-12.28  1.97  3.25  0.00 -7.06 0.502  00  01T018M000  1.000
ARG01A0193_018  0.000-12.45  2.17  0.63  0.00 -9.65 0.503  00  01T05EM000  1.000
ARG01A0193_019  0.000-12.52  2.73  5.80  0.00 -3.99 0.502  00  01T0C7M000  1.000
ARG01A0193_020  0.000-12.41  3.10  3.72  0.00 -5.59 0.502  00  01T0C9M000  1.000
ARG02A0193_021  0.000-13.82  2.94  3.14  0.00 -7.74 0.502  00  02E055M000  1.000
ARG02A0193_022  0.000-13.28  3.35  3.70  0.00 -6.23 0.502  00  02E058M000  1.000
ARG02A0193_023  0.000-12.80  2.97  3.78  0.00 -6.05 0.502  00  02E0B9M000  1.000
ARG02A0193_024  0.000-12.45  2.82  3.14  0.00 -6.49 0.502  00  02E0C2M000  1.000
ARG02A0193_025  0.000-13.56  2.53  0.62  0.00-10.42 0.502  00  02O000M000  1.000
ARG02A0193_026  0.000-12.08  3.23  3.74  0.00 -5.11 0.502  00  02E0CDM000  1.000
ARG02A0193_027  0.000-12.58  2.27  1.10  0.00 -9.21 0.502  00  02T066M000  1.000
ARG02A0193_028  0.000-12.50  2.63  1.03  0.00 -8.85 0.503  00  02T009M000  1.000
ARG02A0193_029  0.000-12.79  5.13  3.26  0.00 -4.40 0.503  00  02T010M000  1.000
ARG02A0193_030  0.000-10.55  2.31  3.83  0.00 -4.41 0.502  00  02T027M000  1.000
ARG02A0193_031  0.000-13.53  3.50  3.27  0.00 -6.77 0.502  00  02T034M000  1.000
ARG02A0193_032  0.000-12.09  2.22  1.09  0.00 -8.77 0.502  00  02T012M000  1.000
ARG02A0193_033  0.000-12.53  2.20  0.61  0.00 -9.73 0.503  00  02T05EM000  1.000
ARG02A0193_034  0.000-12.02  2.02  1.11  0.00 -8.89 0.503  00  02T069M000  1.000
ARG02A0193_035  0.000-11.88  2.68  1.03  0.00 -8.17 0.502  00  02T0A7M000  1.000
ARG02A0193_036  0.000-12.40  3.09  3.71  0.00 -5.60 0.502  00  02T0C9M000  1.000
ARG02A0193_037  0.000-12.95  2.60  3.38  0.00 -6.97 0.502  00  02T00EM000  1.000
ARG02A0193_038  0.000-12.25  1.97  3.25  0.00 -7.03 0.502  00  02T018M000  1.000
ARG02A0193_039  0.000-12.86  4.44  3.28  0.00 -5.15 0.502  00  02T063M000  1.000
ARG02A0193_040  0.000-12.54  2.73  5.78  0.00 -4.02 0.502  00  02T0C7M000  1.000
ARG03A0193_041  0.000-13.65  2.51  0.62  0.00-10.52 0.502  00  03O000M000  1.000
ARG03A0193_042  0.000-12.97  2.61  3.39  0.00 -6.98 0.502  00  03E00EM000  1.000
ARG03A0193_043  0.000-12.79  5.09  3.26  0.00 -4.45 0.503  00  03E010M000  1.000
ARG03A0193_044  0.000-12.18  2.24  1.09  0.00 -8.85 0.502  00  03E012M000  1.000
ARG03A0193_045  0.000-12.70  2.19  0.61  0.00 -9.90 0.503  00  03E05EM000  1.000
ARG03A0193_046  0.000-12.52  2.73  5.79  0.00 -4.00 0.502  00  03E0C7M000  1.000
ARG03A0193_047  0.000-12.45  3.09  3.71  0.00 -5.65 0.502  00  03E0C9M000  1.000
ARG03A0193_048  0.000-12.51  2.63  1.03  0.00 -8.85 0.503  00  03T009M000  1.000
ARG03A0193_049  0.000-12.93  4.46  3.27  0.00 -5.19 0.502  00  03T063M000  1.000
ARG03A0193_050  0.000-12.64  2.29  1.10  0.00 -9.26 0.502  00  03T066M000  1.000
ARG03A0193_051  0.000-12.30  1.97  3.25  0.00 -7.08 0.502  00  03T018M000  1.000
ARG03A0193_052  0.000-13.54  3.50  3.27  0.00 -6.77 0.502  00  03T034M000  1.000
ARG03A0193_053  0.000-11.95  2.69  1.03  0.00 -8.22 0.502  00  03T0A7M000  1.000
ARG03A0193_054  0.000-13.82  2.94  3.14  0.00 -7.73 0.502  00  03T055M000  1.000
ARG03A0193_055  0.000-13.27  3.36  3.70  0.00 -6.20 0.502  00  03T058M000  1.000
ARG03A0193_056  0.000-12.06  2.02  1.11  0.00 -8.94 0.503  00  03T069M000  1.000
ARG03A0193_057  0.000-12.29  2.83  3.14  0.00 -6.31 0.502  00  03T0C2M000  1.000
ARG03A0193_058  0.000-10.55  2.31  3.83  0.00 -4.41 0.502  00  03T027M000  1.000
ARG03A0193_059  0.000-12.92  2.98  3.78  0.00 -6.16 0.502  00  03T0B9M000  1.000
ARG03A0193_060  0.000-12.12  3.27  3.73  0.00 -5.12 0.502  00  03T0CDM000  1.000
ARG+1A0193_061  1.000-13.68  2.51  0.62  0.00-10.56 0.502  00  +1O000M000  1.000
ARG+1A0193_062  1.000-12.77  5.19  3.25  0.00 -4.33 0.503  00  +1E010M000  1.000
ARG+1A0193_063  1.000-12.21  2.22  1.09  0.00 -8.90 0.502  00  +1E012M000  1.000
ARG+1A0193_064  1.000-12.34  1.96  3.25  0.00 -7.13 0.502  00  +1E018M000  1.000
ARG+1A0193_065  1.000-13.58  3.49  3.27  0.00 -6.82 0.502  00  +1E034M000  1.000
ARG+1A0193_066  1.000-13.86  2.94  3.14  0.00 -7.78 0.502  00  +1E055M000  1.000
ARG+1A0193_067  1.000-13.31  3.35  3.70  0.00 -6.25 0.502  00  +1E058M000  1.000
ARG+1A0193_068  1.000-12.74  2.19  0.61  0.00 -9.94 0.503  00  +1E05EM000  1.000
ARG+1A0193_069  1.000-11.99  2.68  1.03  0.00 -8.27 0.502  00  +1E0A7M000  1.000
ARG+1A0193_070  1.000-12.90  2.97  3.78  0.00 -6.15 0.502  00  +1E0B9M000  1.000
ARG+1A0193_071  1.000-12.45  2.83  3.14  0.00 -6.48 0.502  00  +1E0C2M000  1.000
ARG+1A0193_072  1.000-12.56  3.08  3.71  0.00 -5.76 0.502  00  +1E0C9M000  1.000
ARG+1A0193_073  1.000-12.17  3.26  3.73  0.00 -5.18 0.502  00  +1E0CDM000  1.000
ARG+1A0193_074  1.000-12.55  2.63  1.03  0.00 -8.89 0.503  00  +1T009M000  1.000
ARG+1A0193_075  1.000-13.07  2.60  3.39  0.00 -7.08 0.502  00  +1T00EM000  1.000
ARG+1A0193_076  1.000-10.60  2.31  3.83  0.00 -4.46 0.502  00  +1T027M000  1.000
ARG+1A0193_077  1.000-12.96  4.52  3.27  0.00 -5.16 0.502  00  +1T063M000  1.000
ARG+1A0193_078  1.000-12.62  2.27  1.10  0.00 -9.25 0.502  00  +1T066M000  1.000
ARG+1A0193_079  1.000-12.11  2.01  1.11  0.00 -8.99 0.503  00  +1T069M000  1.000
ARG+1A0193_080  1.000-12.63  2.74  5.79  0.00 -4.10 0.502  00  +1T0C7M000  1.000
