iConf CONFORMER     FL  occ    crg   Em0  pKa0 ne nH    vdw0    vdw1    tors    epol   dsolv   extra    history
00001 ARG01A0193_001 f 0.00  0.000     0  0.00  0  0 -13.622   2.512   0.621   0.095   0.096   0.000 01O000M000t
00002 ARG01A0193_002 f 0.00  0.000     0  0.00  0  0 -12.408   2.525   1.068   0.039   0.064   0.000 01E009M000t
00003 ARG01A0193_003 f 0.00  0.000     0  0.00  0  0 -12.692   5.090   3.254   0.492   0.123   0.000 01E010M000t
00004 ARG01A0193_004 f 0.00  0.000     0  0.00  0  0 -10.594   2.298   3.832   0.025   0.056   0.000 01E027M000t
00005 ARG01A0193_005 f 0.00  0.000     0  0.00  0  0 -13.538   3.592   3.288  -0.029  -0.231   0.000 01E034M000t
00006 ARG01A0193_006 f 0.00  0.000     0  0.00  0  0 -13.784   2.941   3.145   0.027  -0.501   0.000 01E055M000t
00007 ARG01A0193_007 f 0.00  0.000     0  0.00  0  0 -13.273   3.315   3.780   0.010  -0.352   0.000 01E058M000t
00008 ARG01A0193_008 f 0.00  0.000     0  0.00  0  0 -13.074   3.504   3.660   0.388   0.117   0.000 01E063M000t
00009 ARG01A0193_009 f 0.00  0.000     0  0.00  0  0 -12.508   2.354   1.123  -0.186   0.325   0.000 01E066M000t
00010 ARG01A0193_010 f 0.00  0.000     0  0.00  0  0 -11.993   2.030   1.106   0.043  -0.245   0.000 01E069M000t
00011 ARG01A0193_011 f 0.00  0.000     0  0.00  0  0 -11.892   2.646   1.048   0.016   0.084   0.000 01E0A7M000t
00012 ARG01A0193_012 f 0.00  0.000     0  0.00  0  0 -12.888   2.934   3.867  -0.079   0.066   0.000 01E0B9M000t
00013 ARG01A0193_013 f 0.00  0.000     0  0.00  0  0 -12.441   2.846   3.197  -0.014  -0.234   0.000 01E0C2M000t
00014 ARG01A0193_014 f 0.00  0.000     0  0.00  0  0 -12.266   3.305   3.756   0.407   0.379   0.000 01E0CDM000t
00015 ARG01A0193_015 f 0.00  0.000     0  0.00  0  0 -13.005   2.608   3.386   0.082  -0.255   0.000 01T00EM000t
00016 ARG01A0193_016 f 0.00  0.000     0  0.00  0  0 -12.099   2.279   1.090  -0.449   0.430   0.000 01T012M000t
00017 ARG01A0193_017 f 0.00  0.000     0  0.00  0  0 -12.279   1.972   3.250  -0.001  -0.025   0.000 01T018M000t
00018 ARG01A0193_018 f 0.00  0.000     0  0.00  0  0 -12.450   2.175   0.630   0.044   0.030   0.000 01T05EM000t
00019 ARG01A0193_019 f 0.00  0.000     0  0.00  0  0 -12.516   2.731   5.801   0.049  -0.214   0.000 01T0C7M000t
00020 ARG01A0193_020 f 0.00  0.000     0  0.00  0  0 -12.398   3.103   3.717  -0.009  -0.178   0.000 01T0C9M000t
00021 ARG02A0193_021 f 0.00  0.000     0  0.00  0  0 -13.822   2.938   3.145   0.021   0.985   0.000 02E055M000t
00022 ARG02A0193_022 f 0.00  0.000     0  0.00  0  0 -13.333   3.352   3.703   0.013   1.072   0.000 02E058M000t
00023 ARG02A0193_023 f 0.00  0.000     0  0.00  0  0 -12.809   2.975   3.780   0.182   1.119   0.000 02E0B9M000t
00024 ARG02A0193_024 f 0.00  0.000     0  0.00  0  0 -12.407   2.820   3.142   0.019   0.666   0.000 02E0C2M000t
00025 ARG02A0193_025 f 0.00  0.000     0  0.00  0  0 -13.566   2.527   0.621   0.019   0.746   0.000 02O000M000t
00026 ARG02A0193_026 f 0.00  0.000     0  0.00  0  0 -12.074   3.224   3.735  -0.018   0.943   0.000 02E0CDM000t
00027 ARG02A0193_027 f 0.00  0.000     0  0.00  0  0 -12.576   2.274   1.099   0.404   1.097   0.000 02T066M000t
00028 ARG02A0193_028 f 0.00  0.000     0  0.00  0  0 -12.509   2.637   1.026   0.026   1.015   0.000 02T009M000t
00029 ARG02A0193_029 f 0.00  0.000     0  0.00  0  0 -12.783   5.126   3.257  -0.598   1.054   0.000 02T010M000t
00030 ARG02A0193_030 f 0.00  0.000     0  0.00  0  0 -10.557   2.316   3.832  -0.002   1.063   0.000 02T027M000t
00031 ARG02A0193_031 f 0.00  0.000     0  0.00  0  0 -13.529   3.501   3.270  -0.009   1.038   0.000 02T034M000t
00032 ARG02A0193_032 f 0.00  0.000     0  0.00  0  0 -12.088   2.223   1.091  -0.470   1.030   0.000 02T012M000t
00033 ARG02A0193_033 f 0.00  0.000     0  0.00  0  0 -12.523   2.199   0.605  -0.013   0.749   0.000 02T05EM000t
00034 ARG02A0193_034 f 0.00  0.000     0  0.00  0  0 -12.025   2.022   1.107   0.033   0.535   0.000 02T069M000t
00035 ARG02A0193_035 f 0.00  0.000     0  0.00  0  0 -11.884   2.685   1.031  -0.015   0.328   0.000 02T0A7M000t
00036 ARG02A0193_036 f 0.00  0.000     0  0.00  0  0 -12.463   3.092   3.712   0.048   0.610   0.000 02T0C9M000t
00037 ARG02A0193_037 f 0.00  0.000     0  0.00  0  0 -12.954   2.599   3.386   0.044   0.273   0.000 02T00EM000t
00038 ARG02A0193_038 f 0.00  0.000     0  0.00  0  0 -12.255   1.977   3.246   0.023   0.826   0.000 02T018M000t
00039 ARG02A0193_039 f 0.00  0.000     0  0.00  0  0 -12.870   4.443   3.278   0.292   0.680   0.000 02T063M000t
00040 ARG02A0193_040 f 0.00  0.000     0  0.00  0  0 -12.538   2.738   5.778   0.010   0.353   0.000 02T0C7M000t
00041 ARG03A0193_041 f 0.00  0.000     0  0.00  0  0 -13.649   2.512   0.621   0.073   0.896   0.000 03O000M000t
00042 ARG03A0193_042 f 0.00  0.000     0  0.00  0  0 -12.972   2.611   3.386   0.063   0.936   0.000 03E00EM000t
00043 ARG03A0193_043 f 0.00  0.000     0  0.00  0  0 -12.786   5.078   3.258  -0.487   0.911   0.000 03E010M000t
00044 ARG03A0193_044 f 0.00  0.000     0  0.00  0  0 -12.184   2.238   1.091  -0.388   1.177   0.000 03E012M000t
00045 ARG03A0193_045 f 0.00  0.000     0  0.00  0  0 -12.651   2.189   0.607   0.027   0.895   0.000 03E05EM000t
00046 ARG03A0193_046 f 0.00  0.000     0  0.00  0  0 -12.519   2.735   5.788   0.015   0.840   0.000 03E0C7M000t
00047 ARG03A0193_047 f 0.00  0.000     0  0.00  0  0 -12.447   3.086   3.714   0.003   0.753   0.000 03E0C9M000t
00048 ARG03A0193_048 f 0.00  0.000     0  0.00  0  0 -12.464   2.633   1.029   0.029   1.037   0.000 03T009M000t
00049 ARG03A0193_049 f 0.00  0.000     0  0.00  0  0 -12.930   4.460   3.276   0.301   0.952   0.000 03T063M000t
00050 ARG03A0193_050 f 0.00  0.000     0  0.00  0  0 -12.643   2.293   1.097   0.391   1.179   0.000 03T066M000t
00051 ARG03A0193_051 f 0.00  0.000     0  0.00  0  0 -12.295   1.967   3.247   0.012   0.868   0.000 03T018M000t
00052 ARG03A0193_052 f 0.00  0.000     0  0.00  0  0 -13.540   3.497   3.270  -0.033   0.927   0.000 03T034M000t
00053 ARG03A0193_053 f 0.00  0.000     0  0.00  0  0 -11.950   2.693   1.033   0.002   0.852   0.000 03T0A7M000t
00054 ARG03A0193_054 f 0.00  0.000     0  0.00  0  0 -13.821   2.946   3.145   0.022   0.703   0.000 03T055M000t
00055 ARG03A0193_055 f 0.00  0.000     0  0.00  0  0 -13.267   3.364   3.704   0.008   0.539   0.000 03T058M000t
00056 ARG03A0193_056 f 0.00  0.000     0  0.00  0  0 -12.066   2.020   1.106   0.053   0.752   0.000 03T069M000t
00057 ARG03A0193_057 f 0.00  0.000     0  0.00  0  0 -12.295   2.829   3.144   0.008   0.864   0.000 03T0C2M000t
00058 ARG03A0193_058 f 0.00  0.000     0  0.00  0  0 -10.555   2.316   3.832  -0.004   0.905   0.000 03T027M000t
00059 ARG03A0193_059 f 0.00  0.000     0  0.00  0  0 -12.919   2.988   3.781   0.144   0.875   0.000 03T0B9M000t
00060 ARG03A0193_060 f 0.00  0.000     0  0.00  0  0 -12.125   3.269   3.733   0.068   1.112   0.000 03T0CDM000t
00061 ARG+1A0193_061 f 0.00  1.000     0 12.50  0  1 -13.687   2.512   0.621   0.209  -0.142   0.000 +1O000M000t
00062 ARG+1A0193_062 f 0.00  1.000     0 12.50  0  1 -12.766   5.195   3.253  -1.291   0.136   0.000 +1E010M000t
00063 ARG+1A0193_063 f 0.00  1.000     0 12.50  0  1 -12.211   2.214   1.091   0.118  -0.039   0.000 +1E012M000t
00064 ARG+1A0193_064 f 0.00  1.000     0 12.50  0  1 -12.389   1.968   3.247   0.031  -0.070   0.000 +1E018M000t
00065 ARG+1A0193_065 f 0.00  1.000     0 12.50  0  1 -13.576   3.499   3.270  -0.051  -0.138   0.000 +1E034M000t
00066 ARG+1A0193_066 f 0.00  1.000     0 12.50  0  1 -13.863   2.945   3.145   0.043  -0.273   0.000 +1E055M000t
00067 ARG+1A0193_067 f 0.00  1.000     0 12.50  0  1 -13.256   3.355   3.703  -0.005  -0.277   0.000 +1E058M000t
00068 ARG+1A0193_068 f 0.00  1.000     0 12.50  0  1 -12.737   2.192   0.607   0.136  -0.217   0.000 +1E05EM000t
00069 ARG+1A0193_069 f 0.00  1.000     0 12.50  0  1 -11.989   2.680   1.033   0.056  -0.046   0.000 +1E0A7M000t
00070 ARG+1A0193_070 f 0.00  1.000     0 12.50  0  1 -12.896   2.982   3.781   0.389   0.464   0.000 +1E0B9M000t
00071 ARG+1A0193_071 f 0.00  1.000     0 12.50  0  1 -12.444   2.825   3.144   0.089  -0.101   0.000 +1E0C2M000t
00072 ARG+1A0193_072 f 0.00  1.000     0 12.50  0  1 -12.563   3.087   3.714  -0.027  -0.231   0.000 +1E0C9M000t
00073 ARG+1A0193_073 f 0.00  1.000     0 12.50  0  1 -12.168   3.257   3.732  -0.684   0.409   0.000 +1E0CDM000t
00074 ARG+1A0193_074 f 0.00  1.000     0 12.50  0  1 -12.544   2.630   1.027   0.065  -0.019   0.000 +1T009M000t
00075 ARG+1A0193_075 f 0.00  1.000     0 12.50  0  1 -13.071   2.602   3.387   0.129  -0.205   0.000 +1T00EM000t
00076 ARG+1A0193_076 f 0.00  1.000     0 12.50  0  1 -10.551   2.314   3.832   0.168  -0.073   0.000 +1T027M000t
00077 ARG+1A0193_077 f 0.00  1.000     0 12.50  0  1 -12.956   4.520   3.272  -0.422  -0.184   0.000 +1T063M000t
00078 ARG+1A0193_078 f 0.00  1.000     0 12.50  0  1 -12.624   2.271   1.098   0.829   0.507   0.000 +1T066M000t
00079 ARG+1A0193_079 f 0.00  1.000     0 12.50  0  1 -12.120   2.018   1.107   0.106   0.054   0.000 +1T069M000t
00080 ARG+1A0193_080 f 0.00  1.000     0 12.50  0  1 -12.623   2.739   5.789   0.006  -0.120   0.000 +1T0C7M000t
