   confID        vdw0    sas     sum
ARG01A0193_001   0.842 -14.464 -13.622
ARG01A0193_002   1.522 -13.930 -12.408
ARG01A0193_003   1.579 -14.272 -12.692
ARG01A0193_004   3.586 -14.181 -10.594
ARG01A0193_005   0.994 -14.532 -13.538
ARG01A0193_006   1.031 -14.815 -13.784
ARG01A0193_007   1.638 -14.910 -13.273
ARG01A0193_008   1.753 -14.827 -13.074
ARG01A0193_009   2.103 -14.612 -12.508
ARG01A0193_010   2.446 -14.439 -11.993
ARG01A0193_011   2.214 -14.106 -11.892
ARG01A0193_012   2.177 -15.065 -12.888
ARG01A0193_013   2.044 -14.485 -12.441
ARG01A0193_014   2.192 -14.458 -12.266
ARG01A0193_015   1.724 -14.729 -13.005
ARG01A0193_016   2.088 -14.187 -12.099
ARG01A0193_017   1.642 -13.922 -12.279
ARG01A0193_018   1.790 -14.240 -12.450
ARG01A0193_019   1.868 -14.384 -12.516
ARG01A0193_020   2.205 -14.603 -12.398
ARG02A0193_021   0.992 -14.815 -13.822
ARG02A0193_022   1.545 -14.878 -13.333
ARG02A0193_023   2.201 -15.010 -12.809
ARG02A0193_024   2.038 -14.444 -12.407
ARG02A0193_025   0.897 -14.464 -13.566
ARG02A0193_026   2.191 -14.265 -12.074
ARG02A0193_027   2.043 -14.618 -12.576
ARG02A0193_028   1.485 -13.994 -12.509
ARG02A0193_029   1.553 -14.336 -12.783
ARG02A0193_030   3.572 -14.129 -10.557
ARG02A0193_031   0.929 -14.457 -13.529
ARG02A0193_032   2.115 -14.203 -12.088
ARG02A0193_033   1.782 -14.304 -12.523
ARG02A0193_034   2.414 -14.439 -12.025
ARG02A0193_035   2.222 -14.106 -11.884
ARG02A0193_036   2.205 -14.667 -12.463
ARG02A0193_037   1.775 -14.729 -12.954
ARG02A0193_038   1.734 -13.989 -12.255
ARG02A0193_039   1.766 -14.636 -12.870
ARG02A0193_040   1.909 -14.448 -12.538
ARG03A0193_041   0.815 -14.464 -13.649
ARG03A0193_042   1.693 -14.665 -12.972
ARG03A0193_043   1.549 -14.336 -12.786
ARG03A0193_044   2.019 -14.203 -12.184
ARG03A0193_045   1.705 -14.356 -12.651
ARG03A0193_046   1.862 -14.380 -12.519
ARG03A0193_047   2.156 -14.603 -12.447
ARG03A0193_048   1.479 -13.943 -12.464
ARG03A0193_049   1.705 -14.636 -12.930
ARG03A0193_050   2.039 -14.683 -12.643
ARG03A0193_051   1.627 -13.922 -12.295
ARG03A0193_052   0.917 -14.457 -13.540
ARG03A0193_053   2.156 -14.106 -11.950
ARG03A0193_054   0.994 -14.815 -13.821
ARG03A0193_055   1.543 -14.810 -13.267
ARG03A0193_056   2.373 -14.439 -12.066
ARG03A0193_057   2.046 -14.341 -12.295
ARG03A0193_058   3.574 -14.129 -10.555
ARG03A0193_059   2.223 -15.142 -12.919
ARG03A0193_060   2.140 -14.265 -12.125
ARG+1A0193_061   0.776 -14.464 -13.687
ARG+1A0193_062   1.506 -14.272 -12.766
ARG+1A0193_063   1.993 -14.203 -12.211
ARG+1A0193_064   1.584 -13.973 -12.389
ARG+1A0193_065   0.882 -14.457 -13.576
ARG+1A0193_066   0.952 -14.815 -13.863
ARG+1A0193_067   1.506 -14.762 -13.256
ARG+1A0193_068   1.670 -14.408 -12.737
ARG+1A0193_069   2.117 -14.106 -11.989
ARG+1A0193_070   2.182 -15.078 -12.896
ARG+1A0193_071   2.013 -14.457 -12.444
ARG+1A0193_072   2.105 -14.667 -12.563
ARG+1A0193_073   2.097 -14.265 -12.168
ARG+1A0193_074   1.450 -13.994 -12.544
ARG+1A0193_075   1.659 -14.729 -13.071
ARG+1A0193_076   3.526 -14.078 -10.551
ARG+1A0193_077   1.680 -14.636 -12.956
ARG+1A0193_078   1.994 -14.618 -12.624
ARG+1A0193_079   2.318 -14.439 -12.120
ARG+1A0193_080   1.825 -14.448 -12.623
