iConf CONFORMER     FL  occ    crg   Em0  pKa0 ne nH    vdw0    vdw1    tors    epol   dsolv   extra    history
00001 ARG01A0002_001 f 0.00  0.000     0  0.00  0  0 -13.441   0.334   0.491   0.017  -0.093   0.000 01O000M000t
00002 ARG01A0002_002 f 0.00  0.000     0  0.00  0  0 -10.556   1.712   1.154  -0.054  -0.124   0.000 01E076M000t
00003 ARG01A0002_003 f 0.00  0.000     0  0.00  0  0 -10.191   0.913   1.108   0.040  -0.229   0.000 01E086M000t
00004 ARG01A0002_004 f 0.00  0.000     0  0.00  0  0 -10.631   1.927   3.828   0.102  -0.029   0.000 01E08AM000t
00005 ARG01A0002_005 f 0.00  0.000     0  0.00  0  0  -9.277  -0.098   0.490   0.037  -0.046   0.000 01E09DM000t
00006 ARG01A0002_006 f 0.00  0.000     0  0.00  0  0  -8.902   1.119   0.490  -0.078   0.090   0.000 01E0B2M000t
00007 ARG01A0002_007 f 0.00  0.000     0  0.00  0  0 -10.227   0.179   0.474   0.036   0.028   0.000 01E0C9M000t
00008 ARG01A0002_008 f 0.00  0.000     0  0.00  0  0 -11.031   0.575   3.253   0.046   0.043   0.000 01E0CBM000t
00009 ARG01A0002_009 f 0.00  0.000     0  0.00  0  0 -11.807   0.933   0.553   0.129  -0.028   0.000 01E127M000t
00010 ARG01A0002_010 f 0.00  0.000     0  0.00  0  0 -10.579   1.173   3.755  -0.250   0.299   0.000 01E13DM000t
00011 ARG01A0002_011 f 0.00  0.000     0  0.00  0  0 -13.208   0.756   1.144   0.070  -0.278   0.000 01T00BM000t
00012 ARG01A0002_012 f 0.00  0.000     0  0.00  0  0 -12.303   1.557   3.306   0.031  -0.286   0.000 01T01BM000t
00013 ARG01A0002_013 f 0.00  0.000     0  0.00  0  0 -12.526   0.592   0.451   0.009  -0.030   0.000 01T023M000t
00014 ARG01A0002_014 f 0.00  0.000     0  0.00  0  0 -10.500   0.443   3.947   0.010  -0.182   0.000 01T042M000t
00015 ARG01A0002_015 f 0.00  0.000     0  0.00  0  0 -11.048   1.239   3.073   0.039  -0.050   0.000 01T067M000t
00016 ARG01A0002_016 f 0.00  0.000     0  0.00  0  0 -10.675   0.415   1.153   0.064  -0.047   0.000 01T06AM000t
00017 ARG01A0002_017 f 0.00  0.000     0  0.00  0  0 -12.693   2.171   3.176   0.175  -0.205   0.000 01T090M000t
00018 ARG01A0002_018 f 0.00  0.000     0  0.00  0  0 -11.270   0.270   3.260   0.007  -0.262   0.000 01T0A4M000t
00019 ARG01A0002_019 f 0.00  0.000     0  0.00  0  0 -10.102   0.284   1.110   0.018  -0.019   0.000 01T0E3M000t
00020 ARG01A0002_020 f 0.00  0.000     0  0.00  0  0 -11.906   1.394   3.355   0.090  -0.378   0.000 01T0EDM000t
00021 ARG02A0002_021 f 0.00  0.000     0  0.00  0  0 -12.433   1.548   3.252   0.010   0.830   0.000 02E01BM000t
00022 ARG02A0002_022 f 0.00  0.000     0  0.00  0  0 -10.777   0.452   3.888   0.103   0.936   0.000 02E042M000t
00023 ARG02A0002_023 f 0.00  0.000     0  0.00  0  0 -13.419   0.332   0.491   0.029   0.612   0.000 02O000M000t
00024 ARG02A0002_024 f 0.00  0.000     0  0.00  0  0  -9.450  -0.081   0.483  -0.011   0.898   0.000 02E09DM000t
00025 ARG02A0002_025 f 0.00  0.000     0  0.00  0  0 -11.886   1.477   3.305   0.030   0.673   0.000 02E0EDM000t
00026 ARG02A0002_026 f 0.00  0.000     0  0.00  0  0 -10.598   0.917   1.111   0.054   1.107   0.000 02T086M000t
00027 ARG02A0002_027 f 0.00  0.000     0  0.00  0  0 -10.360   0.181   0.451   0.047   0.989   0.000 02T0C9M000t
00028 ARG02A0002_028 f 0.00  0.000     0  0.00  0  0 -12.616   0.785   1.113   0.093   0.713   0.000 02T00BM000t
00029 ARG02A0002_029 f 0.00  0.000     0  0.00  0  0 -10.798   1.930   3.794   0.017   0.693   0.000 02T08AM000t
00030 ARG02A0002_030 f 0.00  0.000     0  0.00  0  0 -12.854   2.008   3.153   0.150   0.322   0.000 02T090M000t
00031 ARG02A0002_031 f 0.00  0.000     0  0.00  0  0 -11.320   0.269   3.260   0.005   0.643   0.000 02T0A4M000t
00032 ARG02A0002_032 f 0.00  0.000     0  0.00  0  0 -11.012   0.576   3.253   0.046   0.304   0.000 02T0CBM000t
00033 ARG02A0002_033 f 0.00  0.000     0  0.00  0  0 -10.073   0.287   1.110  -0.040   0.665   0.000 02T0E3M000t
00034 ARG02A0002_034 f 0.00  0.000     0  0.00  0  0 -11.856   0.973   0.553  -0.038   0.802   0.000 02T127M000t
00035 ARG02A0002_035 f 0.00  0.000     0  0.00  0  0 -10.632   1.162   3.752  -0.258   0.885   0.000 02T13DM000t
00036 ARG02A0002_036 f 0.00  0.000     0  0.00  0  0 -12.279   0.597   0.442   0.049   0.381   0.000 02T023M000t
00037 ARG02A0002_037 f 0.00  0.000     0  0.00  0  0 -11.092   1.254   3.078   0.004   0.698   0.000 02T067M000t
00038 ARG02A0002_038 f 0.00  0.000     0  0.00  0  0 -10.589   0.394   1.108  -0.000   0.777   0.000 02T06AM000t
00039 ARG02A0002_039 f 0.00  0.000     0  0.00  0  0  -9.993   1.650   1.112   0.069   0.586   0.000 02T076M000t
00040 ARG02A0002_040 f 0.00  0.000     0  0.00  0  0  -9.156   1.145   0.475  -0.022   0.995   0.000 02T0B2M000t
00041 ARG03A0002_041 f 0.00  0.000     0  0.00  0  0 -13.485   0.331   0.491   0.033   0.955   0.000 03O000M000t
00042 ARG03A0002_042 f 0.00  0.000     0  0.00  0  0 -10.083   0.368   1.115   0.056   0.991   0.000 03E06AM000t
00043 ARG03A0002_043 f 0.00  0.000     0  0.00  0  0  -8.951  -0.107   0.475   0.031   1.085   0.000 03E09DM000t
00044 ARG03A0002_044 f 0.00  0.000     0  0.00  0  0 -12.870   0.780   1.114   0.079   0.751   0.000 03E00BM000t
00045 ARG03A0002_045 f 0.00  0.000     0  0.00  0  0 -10.867   0.447   3.895   0.099   0.728   0.000 03T042M000t
00046 ARG03A0002_046 f 0.00  0.000     0  0.00  0  0  -8.669   1.104   0.477  -0.065   1.145   0.000 03T0B2M000t
00047 ARG03A0002_047 f 0.00  0.000     0  0.00  0  0 -11.058   0.572   3.254   0.058   0.988   0.000 03T0CBM000t
00048 ARG03A0002_048 f 0.00  0.000     0  0.00  0  0 -10.304   1.908   3.790   0.101   1.004   0.000 03T08AM000t
00049 ARG03A0002_049 f 0.00  0.000     0  0.00  0  0 -11.902   0.926   0.553   0.097   1.181   0.000 03T127M000t
00050 ARG03A0002_050 f 0.00  0.000     0  0.00  0  0 -10.571   1.149   3.752  -0.224   1.225   0.000 03T13DM000t
00051 ARG03A0002_051 f 0.00  0.000     0  0.00  0  0 -12.504   1.549   3.255   0.015   0.748   0.000 03T01BM000t
00052 ARG03A0002_052 f 0.00  0.000     0  0.00  0  0 -11.067   1.246   3.070   0.032   0.645   0.000 03T067M000t
00053 ARG03A0002_053 f 0.00  0.000     0  0.00  0  0  -9.562   1.585   1.116  -0.044   0.947   0.000 03T076M000t
00054 ARG03A0002_054 f 0.00  0.000     0  0.00  0  0 -12.951   1.995   3.157   0.156   0.807   0.000 03T090M000t
00055 ARG03A0002_055 f 0.00  0.000     0  0.00  0  0 -11.989   1.476   3.311   0.091   0.644   0.000 03T0EDM000t
00056 ARG03A0002_056 f 0.00  0.000     0  0.00  0  0 -12.566   0.592   0.439   0.041   0.684   0.000 03T023M000t
00057 ARG03A0002_057 f 0.00  0.000     0  0.00  0  0 -10.197   0.907   1.106   0.042   0.757   0.000 03T086M000t
00058 ARG03A0002_058 f 0.00  0.000     0  0.00  0  0 -11.296   0.268   3.260   0.003   0.651   0.000 03T0A4M000t
00059 ARG03A0002_059 f 0.00  0.000     0  0.00  0  0  -9.911   0.162   0.450   0.036   1.022   0.000 03T0C9M000t
00060 ARG03A0002_060 f 0.00  0.000     0  0.00  0  0 -10.069   0.283   1.110   0.005   0.784   0.000 03T0E3M000t
00061 ARG+1A0002_061 f 0.00  1.000     0 12.50  0  1 -13.523   0.331   0.491   0.097  -0.271   0.000 +1O000M000t
00062 ARG+1A0002_062 f 0.00  1.000     0 12.50  0  1 -12.832   0.787   1.115   0.216  -0.063   0.000 +1E00BM000t
00063 ARG+1A0002_063 f 0.00  1.000     0 12.50  0  1 -12.478   1.550   3.253   0.026  -0.381   0.000 +1E01BM000t
00064 ARG+1A0002_064 f 0.00  1.000     0 12.50  0  1 -12.446   0.592   0.441   0.172   0.075   0.000 +1E023M000t
00065 ARG+1A0002_065 f 0.00  1.000     0 12.50  0  1 -10.236   0.907   1.106   0.176  -0.206   0.000 +1E086M000t
00066 ARG+1A0002_066 f 0.00  1.000     0 12.50  0  1 -10.382   1.900   3.790   0.245  -0.075   0.000 +1E08AM000t
00067 ARG+1A0002_067 f 0.00  1.000     0 12.50  0  1 -10.118   0.279   1.110   0.138  -0.110   0.000 +1E0E3M000t
00068 ARG+1A0002_068 f 0.00  1.000     0 12.50  0  1 -10.874   0.458   3.891   0.300  -0.240   0.000 +1T042M000t
00069 ARG+1A0002_069 f 0.00  1.000     0 12.50  0  1 -10.998   1.248   3.073   0.131  -0.344   0.000 +1T067M000t
00070 ARG+1A0002_070 f 0.00  1.000     0 12.50  0  1 -10.423   0.371   1.111   0.163  -0.158   0.000 +1T06AM000t
00071 ARG+1A0002_071 f 0.00  1.000     0 12.50  0  1  -9.695   1.593   1.113  -0.083  -0.514   0.000 +1T076M000t
00072 ARG+1A0002_072 f 0.00  1.000     0 12.50  0  1 -12.997   1.993   3.157   0.393  -0.437   0.000 +1T090M000t
00073 ARG+1A0002_073 f 0.00  1.000     0 12.50  0  1  -9.130  -0.105   0.474   0.083  -0.157   0.000 +1T09DM000t
00074 ARG+1A0002_074 f 0.00  1.000     0 12.50  0  1 -11.339   0.268   3.260   0.097  -0.462   0.000 +1T0A4M000t
00075 ARG+1A0002_075 f 0.00  1.000     0 12.50  0  1  -8.799   1.115   0.475   0.032  -0.118   0.000 +1T0B2M000t
00076 ARG+1A0002_076 f 0.00  1.000     0 12.50  0  1  -9.953   0.164   0.451   0.132  -0.040   0.000 +1T0C9M000t
00077 ARG+1A0002_077 f 0.00  1.000     0 12.50  0  1 -11.101   0.577   3.254   0.122  -0.197   0.000 +1T0CBM000t
00078 ARG+1A0002_078 f 0.00  1.000     0 12.50  0  1 -11.959   1.468   3.309   0.240   0.011   0.000 +1T0EDM000t
00079 ARG+1A0002_079 f 0.00  1.000     0 12.50  0  1 -11.880   0.935   0.554   0.480   0.027   0.000 +1T127M000t
00080 ARG+1A0002_080 f 0.00  1.000     0 12.50  0  1 -10.725   1.150   3.754   0.280  -0.092   0.000 +1T13DM000t
