CONFORMER         crg  vdw0  vdw1  tors  epol  self   occ  Hb     history    ASA
ARG01A0002_001  0.000-13.44  0.23  0.49  0.00-12.72 0.501  00  01O000M000  1.000
ARG01A0002_002  0.000-12.42  3.49  5.96  0.00 -2.97 0.502  00  01E01AM000  1.000
ARG01A0002_003  0.000-12.88  0.54  3.29  0.00 -9.05 0.502  00  01E026M000  1.000
ARG01A0002_004  0.000-11.72  3.43  3.10  0.00 -5.19 0.502  00  01E05AM000  1.000
ARG01A0002_005  0.000-10.56  1.16  1.15  0.00 -8.25 0.502  00  01E07BM000  1.000
ARG01A0002_006  0.000-11.59  0.45  1.15  0.00 -9.99 0.502  00  01E07DM000  1.000
ARG01A0002_007  0.000 -9.28 -0.20  0.49  0.00 -9.00 0.502  00  01E09DM000  1.000
ARG01A0002_008  0.000 -9.41  1.09  3.25  0.00 -5.06 0.501  00  01E0AFM000  1.000
ARG01A0002_009  0.000 -8.66  1.95  3.91  0.00 -2.81 0.501  00  01E103M000  1.000
ARG01A0002_010  0.000-12.28  1.93  1.14  0.00 -9.22 0.501  00  01T009M000  1.000
ARG01A0002_011  0.000-12.18  5.19  3.10  0.00 -3.89 0.502  00  01T021M000  1.000
ARG01A0002_012  0.000-11.71  1.76  1.11  0.00 -8.83 0.501  00  01T039M000  1.000
ARG01A0002_013  0.000-11.49  0.78  0.59  0.00-10.12 0.502  00  01T06EM000  1.000
ARG01A0002_014  0.000-10.17  0.62  1.12  0.00 -8.44 0.502  00  01T07FM000  1.000
ARG01A0002_015  0.000-11.01  1.25  0.63  0.00 -9.12 0.501  00  01T082M000  1.000
ARG01A0002_016  0.000 -9.80 -0.28  1.11  0.00 -8.97 0.501  00  01T0E5M000  1.000
ARG01A0002_017  0.000-10.87 -0.09  1.08  0.00 -9.88 0.501  00  01T0F7M000  1.000
ARG01A0002_018  0.000 -9.63  0.23  1.12  0.00 -8.28 0.502  00  01T0FBM000  1.000
ARG01A0002_019  0.000 -8.65  1.71  3.90  0.00 -3.03 0.502  00  01T10CM000  1.000
ARG01A0002_020  0.000 -9.10  0.89  3.88  0.00 -4.33 0.501  00  01T137M000  1.000
ARG02A0002_021  0.000-11.76  0.88  0.56  0.00-10.32 0.502  00  02E06EM000  1.000
ARG02A0002_022  0.000-10.04 -0.27  1.10  0.00 -9.21 0.501  00  02E0E5M000  1.000
ARG02A0002_023  0.000-13.42  0.23  0.49  0.00-12.70 0.501  00  02O000M000  1.000
ARG02A0002_024  0.000-11.79  1.69  1.11  0.00 -8.99 0.501  00  02E039M000  1.000
ARG02A0002_025  0.000-11.71  3.43  3.11  0.00 -5.18 0.502  00  02E05AM000  1.000
ARG02A0002_026  0.000-10.42  1.26  1.14  0.00 -8.02 0.502  00  02E07BM000  1.000
ARG02A0002_027  0.000-11.10  1.23  0.61  0.00 -9.26 0.501  00  02E082M000  1.000
ARG02A0002_028  0.000-10.82 -0.14  1.08  0.00 -9.88 0.501  00  02E0F7M000  1.000
ARG02A0002_029  0.000-12.20  5.18  3.09  0.00 -3.93 0.502  00  02T021M000  1.000
ARG02A0002_030  0.000-12.82  0.55  3.25  0.00 -9.02 0.502  00  02T026M000  1.000
ARG02A0002_031  0.000 -9.82  0.23  1.10  0.00 -8.49 0.502  00  02T0FBM000  1.000
ARG02A0002_032  0.000 -8.68  1.69  3.90  0.00 -3.09 0.502  00  02T10CM000  1.000
ARG02A0002_033  0.000-12.53  3.40  5.61  0.00 -3.52 0.502  00  02T01AM000  1.000
ARG02A0002_034  0.000-11.62  0.54  1.10  0.00 -9.98 0.502  00  02T07DM000  1.000
ARG02A0002_035  0.000-10.48  0.68  1.08  0.00 -8.71 0.502  00  02T07FM000  1.000
ARG02A0002_036  0.000 -9.65 -0.18  0.47  0.00 -9.35 0.502  00  02T09DM000  1.000
ARG02A0002_037  0.000 -8.70  1.95  3.89  0.00 -2.86 0.501  00  02T103M000  1.000
ARG02A0002_038  0.000-12.50  1.90  1.11  0.00 -9.49 0.501  00  02T009M000  1.000
ARG02A0002_039  0.000 -9.67  1.10  3.26  0.00 -5.31 0.501  00  02T0AFM000  1.000
ARG02A0002_040  0.000 -9.20  0.89  3.88  0.00 -4.43 0.501  00  02T137M000  1.000
ARG03A0002_041  0.000-11.75  3.43  3.11  0.00 -5.21 0.502  00  03E05AM000  1.000
ARG03A0002_042  0.000-10.87 -0.14  1.08  0.00 -9.93 0.501  00  03E0F7M000  1.000
ARG03A0002_043  0.000-13.48  0.23  0.49  0.00-12.76 0.501  00  03O000M000  1.000
ARG03A0002_044  0.000 -9.09 -0.21  0.48  0.00 -8.82 0.502  00  03E09DM000  1.000
ARG03A0002_045  0.000 -9.60 -0.30  1.09  0.00 -8.80 0.501  00  03E0E5M000  1.000
ARG03A0002_046  0.000 -8.75  1.94  3.89  0.00 -2.92 0.501  00  03E103M000  1.000
ARG03A0002_047  0.000-12.54  3.41  5.62  0.00 -3.51 0.502  00  03T01AM000  1.000
ARG03A0002_048  0.000-12.95  0.55  3.25  0.00 -9.15 0.502  00  03T026M000  1.000
ARG03A0002_049  0.000-11.66  0.54  1.10  0.00-10.03 0.502  00  03T07DM000  1.000
ARG03A0002_050  0.000-10.21  0.72  1.09  0.00 -8.40 0.502  00  03T07FM000  1.000
ARG03A0002_051  0.000 -9.34  0.22  1.10  0.00 -8.02 0.502  00  03T0FBM000  1.000
ARG03A0002_052  0.000-12.49  1.89  1.11  0.00 -9.48 0.501  00  03T009M000  1.000
ARG03A0002_053  0.000-12.28  5.18  3.10  0.00 -4.00 0.502  00  03T021M000  1.000
ARG03A0002_054  0.000-10.45  1.17  1.13  0.00 -8.15 0.502  00  03T07BM000  1.000
ARG03A0002_055  0.000 -9.25  0.89  3.88  0.00 -4.48 0.501  00  03T137M000  1.000
ARG03A0002_056  0.000-11.78  1.70  1.11  0.00 -8.97 0.501  00  03T039M000  1.000
ARG03A0002_057  0.000-11.15  0.93  0.55  0.00 -9.67 0.502  00  03T06EM000  1.000
ARG03A0002_058  0.000-10.81  1.23  0.61  0.00 -8.97 0.501  00  03T082M000  1.000
ARG03A0002_059  0.000 -9.46  1.09  3.24  0.00 -5.13 0.501  00  03T0AFM000  1.000
ARG03A0002_060  0.000 -8.73  1.68  3.90  0.00 -3.15 0.502  00  03T10CM000  1.000
ARG+1A0002_061  1.000-13.52  0.23  0.49  0.00-12.80 0.501  00  +1O000M000  1.000
ARG+1A0002_062  1.000-12.60  1.89  1.11  0.00 -9.59 0.501  00  +1E009M000  1.000
ARG+1A0002_063  1.000-12.51  3.41  5.62  0.00 -3.48 0.502  00  +1E01AM000  1.000
ARG+1A0002_064  1.000-12.87  0.55  3.25  0.00 -9.06 0.502  00  +1E026M000  1.000
ARG+1A0002_065  1.000-11.07  0.94  0.55  0.00 -9.57 0.502  00  +1E06EM000  1.000
ARG+1A0002_066  1.000 -9.10 -0.21  0.48  0.00 -8.83 0.502  00  +1E09DM000  1.000
ARG+1A0002_067  1.000 -9.34  1.08  3.24  0.00 -5.01 0.501  00  +1E0AFM000  1.000
ARG+1A0002_068  1.000 -9.58 -0.30  1.09  0.00 -8.78 0.501  00  +1E0E5M000  1.000
ARG+1A0002_069  1.000-10.90 -0.15  1.08  0.00 -9.97 0.501  00  +1E0F7M000  1.000
ARG+1A0002_070  1.000 -8.78  1.68  3.90  0.00 -3.20 0.502  00  +1E10CM000  1.000
ARG+1A0002_071  1.000 -9.23  0.89  3.88  0.00 -4.46 0.501  00  +1E137M000  1.000
ARG+1A0002_072  1.000-12.30  5.18  3.09  0.00 -4.03 0.502  00  +1T021M000  1.000
ARG+1A0002_073  1.000-11.84  1.69  1.11  0.00 -9.04 0.501  00  +1T039M000  1.000
ARG+1A0002_074  1.000-11.79  3.43  3.11  0.00 -5.25 0.502  00  +1T05AM000  1.000
ARG+1A0002_075  1.000-10.43  1.17  1.13  0.00 -8.12 0.502  00  +1T07BM000  1.000
ARG+1A0002_076  1.000-11.74  0.54  1.10  0.00-10.11 0.502  00  +1T07DM000  1.000
ARG+1A0002_077  1.000-10.13  0.72  1.09  0.00 -8.33 0.502  00  +1T07FM000  1.000
ARG+1A0002_078  1.000-10.74  1.22  0.60  0.00 -8.91 0.501  00  +1T082M000  1.000
ARG+1A0002_079  1.000 -9.37  0.22  1.10  0.00 -8.05 0.502  00  +1T0FBM000  1.000
ARG+1A0002_080  1.000 -8.79  1.95  3.89  0.00 -2.95 0.501  00  +1T103M000  1.000
