iConf CONFORMER     FL  occ    crg   Em0  pKa0 ne nH    vdw0    vdw1    tors    epol   dsolv   extra    history
00001 HIS01A0078_001 f 0.00  0.000     0  0.00  0  0 -11.416  -0.368   0.107   0.328   0.268   0.000 01O000M000t
00002 HIS01A0078_002 f 0.00  0.000     0  0.00  0  0 -11.217   2.355   0.107   0.665   0.546   0.000 01E003M000t
00003 HIS01A0078_003 f 0.00  0.000     0  0.00  0  0 -11.729  -0.217   0.093   0.303   0.428   0.000 01E005M000t
00004 HIS01A0078_004 f 0.00  0.000     0  0.00  0  0 -11.864   1.804   2.678   0.246   0.451   0.000 01E006M000t
00005 HIS01A0078_005 f 0.00  0.000     0  0.00  0  0 -11.905   0.637   0.056   0.395   0.249   0.000 01E00AM000t
00006 HIS01A0078_006 f 0.00  0.000     0  0.00  0  0 -11.703   2.993   2.681   0.544   0.456   0.000 01E00CM000t
00007 HIS01A0078_007 f 0.00  0.000     0  0.00  0  0 -11.763   0.310   0.088   0.432   0.540   0.000 01E00DM000t
00008 HIS01A0078_008 f 0.00  0.000     0  0.00  0  0 -11.257   1.906   0.107   0.373   0.265   0.000 01E00EM000t
00009 HIS01A0078_009 f 0.00  0.000     0  0.00  0  0 -11.998   1.099   2.665   0.300   0.380   0.000 01E011M000t
00010 HIS01A0078_010 f 0.00  0.000     0  0.00  0  0 -11.318   0.617   2.677   0.333   0.374   0.000 01E012M000t
00011 HIS01A0078_011 f 0.00  0.000     0  0.00  0  0 -11.958   0.884   2.663   0.418   0.361   0.000 01E014M000t
00012 HIS01A0078_012 f 0.00  0.000     0  0.00  0  0 -11.592  -0.240   0.092   0.295   0.399   0.000 01E017M000t
00013 HIS01A0078_013 f 0.00  0.000     0  0.00  0  0 -11.620   3.965   2.674   0.321   0.375   0.000 01E01AM000t
00014 HIS01A0078_014 f 0.00  0.000     0  0.00  0  0 -11.527   1.685   2.677   0.338   0.292   0.000 01E01BM000t
00015 HIS01A0078_015 f 0.00  0.000     0  0.00  0  0 -11.427   3.074   2.682   0.256   0.474   0.000 01T002M000t
00016 HIS01A0078_016 f 0.00  0.000     0  0.00  0  0 -11.634   0.647   2.677   0.372   0.343   0.000 01T004M000t
00017 HIS01A0078_017 f 0.00  0.000     0  0.00  0  0 -11.601   1.032   0.071   0.037   0.453   0.000 01T008M000t
00018 HIS01A0078_018 f 0.00  0.000     0  0.00  0  0 -11.539  -0.475   0.092   0.322   0.403   0.000 01T009M000t
00019 HIS01A0078_019 f 0.00  0.000     0  0.00  0  0 -11.546   2.186   2.603   0.283   0.418   0.000 01T010M000t
00020 HIS01A0078_020 f 0.00  0.000     0  0.00  0  0 -11.843   0.487   0.053   0.364   0.404   0.000 01T018M000t
00021 HIS02A0078_021 f 0.00  0.000     0  0.00  0  0 -11.433  -0.410   0.107   0.227   0.301   0.000 02O000M000t
00022 HIS02A0078_022 f 0.00  0.000     0  0.00  0  0 -11.647   2.764   0.112   0.227   0.473   0.000 02E003M000t
00023 HIS02A0078_023 f 0.00  0.000     0  0.00  0  0 -11.651   0.612   2.676   0.184   0.082   0.000 02E004M000t
00024 HIS02A0078_024 f 0.00  0.000     0  0.00  0  0 -11.768  -0.239   0.090   0.228   0.372   0.000 02E005M000t
00025 HIS02A0078_025 f 0.00  0.000     0  0.00  0  0 -11.889   1.783   2.674   0.302   0.344   0.000 02E006M000t
00026 HIS02A0078_026 f 0.00  0.000     0  0.00  0  0 -11.680   0.914   0.066   0.498   0.450   0.000 02E008M000t
00027 HIS02A0078_027 f 0.00  0.000     0  0.00  0  0 -12.122   0.622   0.061   0.274  -0.022   0.000 02E00AM000t
00028 HIS02A0078_028 f 0.00  0.000     0  0.00  0  0 -11.490   2.080   2.618   0.281   0.267   0.000 02E010M000t
00029 HIS02A0078_029 f 0.00  0.000     0  0.00  0  0 -12.196   1.069   2.661   0.295   0.214   0.000 02E011M000t
00030 HIS02A0078_030 f 0.00  0.000     0  0.00  0  0 -11.546  -0.258   0.090   0.241   0.256   0.000 02E017M000t
00031 HIS02A0078_031 f 0.00  0.000     0  0.00  0  0 -11.977   0.491   0.053   0.325   0.284   0.000 02E018M000t
00032 HIS02A0078_032 f 0.00  0.000     0  0.00  0  0 -11.818   4.156   2.678   0.251   0.209   0.000 02E01AM000t
00033 HIS02A0078_033 f 0.00  0.000     0  0.00  0  0 -11.500   1.663   2.674   0.304   0.205   0.000 02E01BM000t
00034 HIS02A0078_034 f 0.00  0.000     0  0.00  0  0 -11.515   3.062   2.680   0.208   0.334   0.000 02T002M000t
00035 HIS02A0078_035 f 0.00  0.000     0  0.00  0  0 -11.623  -0.502   0.092   0.145   0.333   0.000 02T009M000t
00036 HIS02A0078_036 f 0.00  0.000     0  0.00  0  0 -11.808   2.968   2.680   0.323   0.337   0.000 02T00CM000t
00037 HIS02A0078_037 f 0.00  0.000     0  0.00  0  0 -11.832   0.315   0.083   0.355   0.431   0.000 02T00DM000t
00038 HIS02A0078_038 f 0.00  0.000     0  0.00  0  0 -11.337   1.828   0.107   0.224   0.263   0.000 02T00EM000t
00039 HIS02A0078_039 f 0.00  0.000     0  0.00  0  0 -11.265   0.608   2.676   0.254   0.060   0.000 02T012M000t
00040 HIS02A0078_040 f 0.00  0.000     0  0.00  0  0 -11.860   0.882   2.659   0.285   0.279   0.000 02T014M000t
00041 HIS+1A0078_041 f 0.00  1.000     0  6.98  0  1 -11.460  -0.412   0.107   0.572  -0.353   0.000 +1O000M000t
00042 HIS+1A0078_042 f 0.00  1.000     0  6.98  0  1 -11.679   0.606   2.681   0.433  -0.357   0.000 +1E004M000t
00043 HIS+1A0078_043 f 0.00  1.000     0  6.98  0  1 -11.488  -0.504   0.096   0.508  -0.410   0.000 +1E009M000t
00044 HIS+1A0078_044 f 0.00  1.000     0  6.98  0  1 -12.081   0.618   0.063   0.626  -0.315   0.000 +1E00AM000t
00045 HIS+1A0078_045 f 0.00  1.000     0  6.98  0  1 -11.752   2.968   2.682   0.573  -0.535   0.000 +1E00CM000t
00046 HIS+1A0078_046 f 0.00  1.000     0  6.98  0  1 -11.369   2.020   0.106   0.268  -0.334   0.000 +1E00EM000t
00047 HIS+1A0078_047 f 0.00  1.000     0  6.98  0  1 -11.449   2.071   2.624   0.515  -0.189   0.000 +1E010M000t
00048 HIS+1A0078_048 f 0.00  1.000     0  6.98  0  1 -11.409   0.606   2.680   0.495  -0.250   0.000 +1E012M000t
00049 HIS+1A0078_049 f 0.00  1.000     0  6.98  0  1 -11.987   0.873   2.667   0.519  -0.429   0.000 +1E014M000t
00050 HIS+1A0078_050 f 0.00  1.000     0  6.98  0  1 -11.638  -0.258   0.093   0.510  -0.434   0.000 +1E017M000t
00051 HIS+1A0078_051 f 0.00  1.000     0  6.98  0  1 -12.003   0.493   0.056   0.604  -0.312   0.000 +1E018M000t
00052 HIS+1A0078_052 f 0.00  1.000     0  6.98  0  1 -11.845   4.146   2.681   0.455  -0.394   0.000 +1E01AM000t
00053 HIS+1A0078_053 f 0.00  1.000     0  6.98  0  1 -11.473   3.045   2.682   0.513  -0.660   0.000 +1T002M000t
00054 HIS+1A0078_054 f 0.00  1.000     0  6.98  0  1 -11.605   2.805   0.110   0.255  -0.137   0.000 +1T003M000t
00055 HIS+1A0078_055 f 0.00  1.000     0  6.98  0  1 -11.727  -0.239   0.093   0.503  -0.395   0.000 +1T005M000t
00056 HIS+1A0078_056 f 0.00  1.000     0  6.98  0  1 -12.111   1.780   2.678   0.540  -0.274   0.000 +1T006M000t
00057 HIS+1A0078_057 f 0.00  1.000     0  6.98  0  1 -11.643   0.943   0.072   0.922   0.095   0.000 +1T008M000t
00058 HIS+1A0078_058 f 0.00  1.000     0  6.98  0  1 -11.859   0.311   0.088   0.451  -0.489   0.000 +1T00DM000t
00059 HIS+1A0078_059 f 0.00  1.000     0  6.98  0  1 -12.223   1.065   2.669   0.513  -0.209   0.000 +1T011M000t
00060 HIS+1A0078_060 f 0.00  1.000     0  6.98  0  1 -11.458   1.657   2.677   0.559  -0.355   0.000 +1T01BM000t
