CONFORMER         crg  vdw0  vdw1  tors  epol  self   occ  Hb     history    ASA
HIS01A0078_001  0.000-11.42 -0.37  0.11  0.00-11.68 0.517  00  01O000M000  1.000
HIS01A0078_002  0.000-11.22  2.30  0.11  0.00 -8.81 0.516  00  01E003M000  1.000
HIS01A0078_003  0.000-11.68 -0.26  0.09  0.00-11.85 0.516  00  01E005M000  1.000
HIS01A0078_004  0.000-11.86  1.80  2.68  0.00 -7.39 0.520  00  01E006M000  1.000
HIS01A0078_005  0.000-11.90  0.57  0.06  0.00-11.28 0.517  00  01E00AM000  1.000
HIS01A0078_006  0.000-11.70  2.99  2.68  0.00 -6.03 0.516  00  01E00CM000  1.000
HIS01A0078_007  0.000-11.76  0.25  0.09  0.00-11.43 0.516  00  01E00DM000  1.000
HIS01A0078_008  0.000-11.26  1.85  0.11  0.00 -9.30 0.519  00  01E00EM000  1.000
HIS01A0078_009  0.000-12.00  1.10  2.66  0.00 -8.24 0.518  00  01E011M000  1.000
HIS01A0078_010  0.000-11.32  0.62  2.68  0.00 -8.02 0.518  00  01E012M000  1.000
HIS01A0078_011  0.000-11.95  0.89  2.66  0.00 -8.40 0.516  00  01E014M000  1.000
HIS01A0078_012  0.000-11.59 -0.28  0.09  0.00-11.78 0.516  00  01E017M000  1.000
HIS01A0078_013  0.000-11.62  3.97  2.67  0.00 -4.98 0.515  00  01E01AM000  1.000
HIS01A0078_014  0.000-11.53  1.68  2.68  0.00 -7.17 0.517  00  01E01BM000  1.000
HIS01A0078_015  0.000-11.43  3.08  2.68  0.00 -5.67 0.517  00  01T002M000  1.000
HIS01A0078_016  0.000-11.68  0.64  2.68  0.00 -8.36 0.517  00  01T004M000  1.000
HIS01A0078_017  0.000-11.60  1.03  0.07  0.00-10.50 0.518  00  01T008M000  1.000
HIS01A0078_018  0.000-11.54 -0.48  0.09  0.00-11.92 0.516  00  01T009M000  1.000
HIS01A0078_019  0.000-11.55  2.13  2.60  0.00 -6.81 0.517  00  01T010M000  1.000
HIS01A0078_020  0.000-11.84  0.38  0.05  0.00-11.41 0.517  00  01T018M000  1.000
HIS02A0078_021  0.000-11.43 -0.41  0.11  0.00-11.74 0.517  00  02O000M000  1.000
HIS02A0078_022  0.000-11.65  2.71  0.11  0.00 -8.83 0.516  00  02E003M000  1.000
HIS02A0078_023  0.000-11.65  0.61  2.68  0.00 -8.37 0.517  00  02E004M000  1.000
HIS02A0078_024  0.000-11.81 -0.28  0.09  0.00-12.01 0.516  00  02E005M000  1.000
HIS02A0078_025  0.000-11.94  1.78  2.67  0.00 -7.48 0.520  00  02E006M000  1.000
HIS02A0078_026  0.000-11.68  0.91  0.07  0.00-10.70 0.518  00  02E008M000  1.000
HIS02A0078_027  0.000-12.05  0.56  0.06  0.00-11.44 0.517  00  02E00AM000  1.000
HIS02A0078_028  0.000-11.49  2.02  2.62  0.00 -6.85 0.517  00  02E010M000  1.000
HIS02A0078_029  0.000-12.20  1.07  2.66  0.00 -8.46 0.518  00  02E011M000  1.000
HIS02A0078_030  0.000-11.55 -0.30  0.09  0.00-11.76 0.516  00  02E017M000  1.000
HIS02A0078_031  0.000-11.98  0.38  0.05  0.00-11.54 0.517  00  02E018M000  1.000
HIS02A0078_032  0.000-11.82  4.16  2.68  0.00 -4.98 0.515  00  02E01AM000  1.000
HIS02A0078_033  0.000-11.55  1.66  2.67  0.00 -7.21 0.517  00  02E01BM000  1.000
HIS02A0078_034  0.000-11.45  3.06  2.68  0.00 -5.71 0.517  00  02T002M000  1.000
HIS02A0078_035  0.000-11.62 -0.50  0.09  0.00-12.03 0.516  00  02T009M000  1.000
HIS02A0078_036  0.000-11.81  2.98  2.68  0.00 -6.15 0.516  00  02T00CM000  1.000
HIS02A0078_037  0.000-11.83  0.26  0.08  0.00-11.49 0.516  00  02T00DM000  1.000
HIS02A0078_038  0.000-11.34  1.76  0.11  0.00 -9.47 0.519  00  02T00EM000  1.000
HIS02A0078_039  0.000-11.33  0.61  2.68  0.00 -8.05 0.518  00  02T012M000  1.000
HIS02A0078_040  0.000-11.86  0.88  2.66  0.00 -8.32 0.516  00  02T014M000  1.000
HIS+1A0078_041  1.000-11.46 -0.41  0.11  0.00-11.77 0.517  00  +1O000M000  1.000
HIS+1A0078_042  1.000-11.68  0.61  2.68  0.00 -8.39 0.517  00  +1E004M000  1.000
HIS+1A0078_043  1.000-11.60 -0.51  0.10  0.00-12.02 0.516  00  +1E009M000  1.000
HIS+1A0078_044  1.000-12.08  0.55  0.06  0.00-11.47 0.517  00  +1E00AM000  1.000
HIS+1A0078_045  1.000-11.75  2.97  2.68  0.00 -6.10 0.516  00  +1E00CM000  1.000
HIS+1A0078_046  1.000-11.37  1.96  0.11  0.00 -9.30 0.519  00  +1E00EM000  1.000
HIS+1A0078_047  1.000-11.45  2.02  2.62  0.00 -6.80 0.517  00  +1E010M000  1.000
HIS+1A0078_048  1.000-11.36  0.60  2.68  0.00 -8.08 0.518  00  +1E012M000  1.000
HIS+1A0078_049  1.000-11.99  0.88  2.67  0.00 -8.44 0.516  00  +1E014M000  1.000
HIS+1A0078_050  1.000-11.64 -0.30  0.09  0.00-11.85 0.516  00  +1E017M000  1.000
HIS+1A0078_051  1.000-12.05  0.38  0.06  0.00-11.61 0.517  00  +1E018M000  1.000
HIS+1A0078_052  1.000-11.84  4.14  2.68  0.00 -5.02 0.515  00  +1E01AM000  1.000
HIS+1A0078_053  1.000-11.47  3.05  2.68  0.00 -5.74 0.517  00  +1T002M000  1.000
HIS+1A0078_054  1.000-11.61  2.74  0.11  0.00 -8.76 0.516  00  +1T003M000  1.000
HIS+1A0078_055  1.000-11.73 -0.28  0.09  0.00-11.92 0.516  00  +1T005M000  1.000
HIS+1A0078_056  1.000-12.05  1.78  2.68  0.00 -7.59 0.520  00  +1T006M000  1.000
HIS+1A0078_057  1.000-11.64  0.94  0.07  0.00-10.63 0.518  00  +1T008M000  1.000
HIS+1A0078_058  1.000-11.86  0.25  0.09  0.00-11.52 0.516  00  +1T00DM000  1.000
HIS+1A0078_059  1.000-12.22  1.07  2.67  0.00 -8.49 0.518  00  +1T011M000  1.000
HIS+1A0078_060  1.000-11.46  1.66  2.68  0.00 -7.12 0.517  00  +1T01BM000  1.000
