CONFORMER         crg  vdw0  vdw1  tors  epol  self   occ  Hb     history    ASA
ARG01A0145_001  0.000-12.89  0.45  0.49  0.00-11.96 0.502  00  01O000M000  1.000
ARG01A0145_002  0.000-12.07  1.59  1.10  0.00 -9.38 0.502  00  01E009M000  1.000
ARG01A0145_003  0.000-11.06  0.93  1.08  0.00 -9.05 0.501  00  01E038M000  1.000
ARG01A0145_004  0.000-11.63  2.11  3.75  0.00 -5.77 0.502  00  01E06AM000  1.000
ARG01A0145_005  0.000-13.20  2.17  3.20  0.00 -7.83 0.502  00  01E06EM000  1.000
ARG01A0145_006  0.000-11.88  0.35  0.46  0.00-11.07 0.502  00  01E07AM000  1.000
ARG01A0145_007  0.000-11.47  1.28  3.18  0.00 -7.02 0.502  00  01E0B0M000  1.000
ARG01A0145_008  0.000-11.00  0.51  1.11  0.00 -9.38 0.502  00  01E0CFM000  1.000
ARG01A0145_009  0.000-10.99  1.68  1.10  0.00 -8.21 0.502  00  01E0DCM000  1.000
ARG01A0145_010  0.000-12.13  1.93  3.14  0.00 -7.07 0.502  00  01T03CM000  1.000
ARG01A0145_011  0.000-11.96  1.92  5.97  0.00 -4.07 0.501  00  01T03DM000  1.000
ARG01A0145_012  0.000-12.69  0.73  1.14  0.00-10.82 0.502  00  01T054M000  1.000
ARG01A0145_013  0.000-12.09  1.31  5.68  0.00 -5.09 0.502  00  01T0ADM000  1.000
ARG01A0145_014  0.000-10.02  0.59  3.96  0.00 -5.46 0.502  00  01T0D3M000  1.000
ARG01A0145_015  0.000 -8.88  1.60  3.89  0.00 -3.40 0.502  00  01T0DDM000  1.000
ARG01A0145_016  0.000-11.02  1.71  1.08  0.00 -8.22 0.502  00  01T0E3M000  1.000
ARG01A0145_017  0.000 -9.26  1.00  3.91  0.00 -4.35 0.502  00  01T0F4M000  1.000
ARG01A0145_018  0.000-12.08  1.81  0.55  0.00 -9.72 0.501  00  01T0F7M000  1.000
ARG01A0145_019  0.000-12.41  1.90  3.25  0.00 -7.26 0.502  00  01T0FAM000  1.000
ARG01A0145_020  0.000-11.29  2.05  3.73  0.00 -5.52 0.502  00  01T120M000  1.000
ARG02A0145_021  0.000-12.91  0.45  0.49  0.00-11.97 0.502  00  02O000M000  1.000
ARG02A0145_022  0.000-12.03  1.85  3.14  0.00 -7.05 0.502  00  02E03CM000  1.000
ARG02A0145_023  0.000-11.92  0.34  0.44  0.00-11.15 0.502  00  02E07AM000  1.000
ARG02A0145_024  0.000 -9.20  0.97  3.88  0.00 -4.36 0.502  00  02E0F4M000  1.000
ARG02A0145_025  0.000-12.58  1.88  3.24  0.00 -7.46 0.502  00  02E0FAM000  1.000
ARG02A0145_026  0.000-11.82  1.31  5.69  0.00 -4.82 0.502  00  02E0ADM000  1.000
ARG02A0145_027  0.000-13.08  2.03  3.19  0.00 -7.86 0.502  00  02T06EM000  1.000
ARG02A0145_028  0.000-11.64  1.26  3.12  0.00 -7.26 0.502  00  02T0B0M000  1.000
ARG02A0145_029  0.000 -8.91  1.58  3.89  0.00 -3.45 0.502  00  02T0DDM000  1.000
ARG02A0145_030  0.000-10.95  0.95  1.07  0.00 -8.93 0.501  00  02T038M000  1.000
ARG02A0145_031  0.000-11.96  1.89  5.97  0.00 -4.10 0.501  00  02T03DM000  1.000
ARG02A0145_032  0.000-10.89  0.50  1.11  0.00 -9.28 0.502  00  02T0CFM000  1.000
ARG02A0145_033  0.000-11.09  1.68  1.08  0.00 -8.33 0.502  00  02T0E3M000  1.000
ARG02A0145_034  0.000-12.15  1.79  0.54  0.00 -9.82 0.501  00  02T0F7M000  1.000
ARG02A0145_035  0.000-11.36  2.05  3.73  0.00 -5.58 0.502  00  02T120M000  1.000
ARG02A0145_036  0.000-11.88  1.61  1.09  0.00 -9.17 0.502  00  02T009M000  1.000
ARG02A0145_037  0.000-12.30  0.71  1.09  0.00-10.50 0.502  00  02T054M000  1.000
ARG02A0145_038  0.000-11.61  2.11  3.75  0.00 -5.75 0.502  00  02T06AM000  1.000
ARG02A0145_039  0.000 -9.72  0.62  3.86  0.00 -5.24 0.502  00  02T0D3M000  1.000
ARG02A0145_040  0.000-10.91  1.61  1.10  0.00 -8.21 0.502  00  02T0DCM000  1.000
ARG03A0145_041  0.000-10.92  0.96  1.07  0.00 -8.89 0.501  00  03E038M000  1.000
ARG03A0145_042  0.000-11.64  2.11  3.75  0.00 -5.78 0.502  00  03E06AM000  1.000
ARG03A0145_043  0.000-13.09  2.03  3.19  0.00 -7.87 0.502  00  03E06EM000  1.000
ARG03A0145_044  0.000-11.63  1.27  3.12  0.00 -7.25 0.502  00  03E0B0M000  1.000
ARG03A0145_045  0.000-10.98  1.60  1.10  0.00 -8.28 0.502  00  03E0DCM000  1.000
ARG03A0145_046  0.000-12.92  0.45  0.49  0.00-11.98 0.502  00  03O000M000  1.000
ARG03A0145_047  0.000-11.22  1.70  1.08  0.00 -8.44 0.502  00  03E0E3M000  1.000
ARG03A0145_048  0.000-11.27  2.04  3.73  0.00 -5.49 0.502  00  03E120M000  1.000
ARG03A0145_049  0.000-11.98  1.88  5.97  0.00 -4.13 0.501  00  03T03DM000  1.000
ARG03A0145_050  0.000-12.34  0.71  1.09  0.00-10.54 0.502  00  03T054M000  1.000
ARG03A0145_051  0.000-10.99  0.50  1.11  0.00 -9.38 0.502  00  03T0CFM000  1.000
ARG03A0145_052  0.000-12.10  1.83  3.14  0.00 -7.13 0.502  00  03T03CM000  1.000
ARG03A0145_053  0.000 -9.26  0.96  3.88  0.00 -4.42 0.502  00  03T0F4M000  1.000
ARG03A0145_054  0.000-12.24  1.78  0.54  0.00 -9.91 0.501  00  03T0F7M000  1.000
ARG03A0145_055  0.000-12.03  1.59  1.09  0.00 -9.35 0.502  00  03T009M000  1.000
ARG03A0145_056  0.000-11.92  0.34  0.44  0.00-11.15 0.502  00  03T07AM000  1.000
ARG03A0145_057  0.000-12.01  1.31  5.68  0.00 -5.02 0.502  00  03T0ADM000  1.000
ARG03A0145_058  0.000 -9.84  0.62  3.87  0.00 -5.36 0.502  00  03T0D3M000  1.000
ARG03A0145_059  0.000 -8.98  1.58  3.89  0.00 -3.51 0.502  00  03T0DDM000  1.000
ARG03A0145_060  0.000-12.57  1.89  3.25  0.00 -7.44 0.502  00  03T0FAM000  1.000
ARG+1A0145_061  1.000-12.96  0.45  0.49  0.00-12.02 0.502  00  +1O000M000  1.000
ARG+1A0145_062  1.000-12.01  1.59  1.09  0.00 -9.33 0.502  00  +1E009M000  1.000
ARG+1A0145_063  1.000-12.09  1.83  3.14  0.00 -7.12 0.502  00  +1E03CM000  1.000
ARG+1A0145_064  1.000-12.09  1.89  5.97  0.00 -4.23 0.501  00  +1E03DM000  1.000
ARG+1A0145_065  1.000-12.45  0.71  1.09  0.00-10.65 0.502  00  +1E054M000  1.000
ARG+1A0145_066  1.000-11.68  2.11  3.75  0.00 -5.82 0.502  00  +1E06AM000  1.000
ARG+1A0145_067  1.000-11.90  0.34  0.44  0.00-11.13 0.502  00  +1E07AM000  1.000
ARG+1A0145_068  1.000 -9.76  0.62  3.86  0.00 -5.28 0.502  00  +1E0D3M000  1.000
ARG+1A0145_069  1.000-11.21  1.70  1.08  0.00 -8.43 0.502  00  +1E0E3M000  1.000
ARG+1A0145_070  1.000-12.62  1.88  3.25  0.00 -7.49 0.502  00  +1E0FAM000  1.000
ARG+1A0145_071  1.000-11.38  2.04  3.73  0.00 -5.60 0.502  00  +1E120M000  1.000
ARG+1A0145_072  1.000-11.09  0.95  1.07  0.00 -9.06 0.501  00  +1T038M000  1.000
ARG+1A0145_073  1.000-13.13  2.03  3.19  0.00 -7.91 0.502  00  +1T06EM000  1.000
ARG+1A0145_074  1.000-11.92  1.31  5.69  0.00 -4.91 0.502  00  +1T0ADM000  1.000
ARG+1A0145_075  1.000-11.72  1.26  3.12  0.00 -7.33 0.502  00  +1T0B0M000  1.000
ARG+1A0145_076  1.000-10.95  0.50  1.11  0.00 -9.34 0.502  00  +1T0CFM000  1.000
ARG+1A0145_077  1.000-11.02  1.60  1.10  0.00 -8.32 0.502  00  +1T0DCM000  1.000
ARG+1A0145_078  1.000 -9.01  1.58  3.89  0.00 -3.55 0.502  00  +1T0DDM000  1.000
ARG+1A0145_079  1.000 -9.19  0.97  3.88  0.00 -4.34 0.502  00  +1T0F4M000  1.000
ARG+1A0145_080  1.000-12.27  1.78  0.55  0.00 -9.94 0.501  00  +1T0F7M000  1.000
