iConf CONFORMER     FL  occ    crg   Em0  pKa0 ne nH    vdw0    vdw1    tors    epol   dsolv   extra    history
00001 GLU01A0216_001 f 0.00  0.000     0  0.00  0  0  -3.663   0.921   3.699   0.192  -0.402   0.000 01O000M000t
00002 GLU01A0216_002 f 0.00  0.000     0  0.00  0  0  -3.179   0.819   3.282   0.138  -0.442   0.000 01E00AM000t
00003 GLU01A0216_003 f 0.00  0.000     0  0.00  0  0  -3.663   0.921   0.979   0.131   0.684   0.000 01O000M000t
00004 GLU01A0216_004 f 0.00  0.000     0  0.00  0  0  -3.488   2.511   3.521   0.061  -0.342   0.000 01T001M000t
00005 GLU01A0216_005 f 0.00  0.000     0  0.00  0  0  -3.254   2.511   3.483   0.077  -0.379   0.000 01T004M000t
00006 GLU01A0216_006 f 0.00  0.000     0  0.00  0  0  -2.140   1.052   2.942   0.106  -0.601   0.000 01T007M000t
00007 GLU01A0216_007 f 0.00  0.000     0  0.00  0  0  -3.292   0.588   3.223   0.079  -0.564   0.000 01T008M000t
00008 GLU01A0216_008 f 0.00  0.000     0  0.00  0  0  -2.477   1.828   2.967   0.104  -0.546   0.000 01T005M000t
00009 GLU01A0216_009 f 0.00  0.000     0  0.00  0  0  -3.146   2.447   3.221  -0.007  -0.587   0.000 01T00BM000t
00010 GLU01A0216_010 f 0.00  0.000     0  0.00  0  0  -3.254   2.511   0.763   0.036   0.698   0.000 01T004M000t
00011 GLU01A0216_011 f 0.00  0.000     0  0.00  0  0  -3.445   2.458   0.798   0.059   0.737   0.000 01T001M000t
00012 GLU01A0216_012 f 0.00  0.000     0  0.00  0  0  -2.185   1.072   0.231   0.071   0.619   0.000 01T007M000t
00013 GLU01A0216_013 f 0.00  0.000     0  0.00  0  0  -1.991   0.626   0.239   0.036   0.729   0.000 01T009M000t
00014 GLU01A0216_014 f 0.00  0.000     0  0.00  0  0  -3.188   0.953   0.493   0.055   0.795   0.000 01T00AM000t
00015 GLU02A0216_015 f 0.00  0.000     0  0.00  0  0  -3.629   0.932   3.699   0.418  -0.348   0.000 02O000M000t
00016 GLU02A0216_016 f 0.00  0.000     0  0.00  0  0  -1.767   2.278   2.971   0.484   0.102   0.000 02E005M000t
00017 GLU02A0216_017 f 0.00  0.000     0  0.00  0  0  -2.823   0.582   3.296   0.067  -0.228   0.000 02E008M000t
00018 GLU02A0216_018 f 0.00  0.000     0  0.00  0  0  -3.027   0.919   3.303   0.206  -0.164   0.000 02E00AM000t
00019 GLU02A0216_019 f 0.00  0.000     0  0.00  0  0  -3.745   0.932   0.979   0.178   0.704   0.000 02O000M000t
00020 GLU02A0216_020 f 0.00  0.000     0  0.00  0  0  -2.978   0.952   0.531   0.085   0.707   0.000 02E00AM000t
00021 GLU02A0216_021 f 0.00  0.000     0  0.00  0  0  -3.598   2.274   3.585   0.180  -0.448   0.000 02T001M000t
00022 GLU02A0216_022 f 0.00  0.000     0  0.00  0  0  -3.231   0.667   3.406   0.054  -0.532   0.000 02T003M000t
00023 GLU02A0216_023 f 0.00  0.000     0  0.00  0  0  -1.526   1.062   2.949   0.148  -0.107   0.000 02T007M000t
00024 GLU02A0216_024 f 0.00  0.000     0  0.00  0  0  -3.109   2.423   3.199   0.083  -0.352   0.000 02T00BM000t
00025 GLU02A0216_025 f 0.00  0.000     0  0.00  0  0  -3.598   2.274   0.865   0.143   0.752   0.000 02T001M000t
00026 GLU02A0216_026 f 0.00  0.000     0  0.00  0  0  -2.864   1.174   0.560   0.079   0.603   0.000 02T006M000t
00027 GLU02A0216_027 f 0.00  0.000     0  0.00  0  0  -3.231   0.667   0.686   0.035   0.733   0.000 02T003M000t
00028 GLU02A0216_028 f 0.00  0.000     0  0.00  0  0  -1.695   2.234   0.241   0.128   0.770   0.000 02T005M000t
00029 GLU02A0216_029 f 0.00  0.000     0  0.00  0  0  -3.109   2.423   0.479   0.025   0.591   0.000 02T00BM000t
00030 GLU-1A0216_030 f 0.00 -1.000     0  4.75  0 -1  -3.749   0.941   0.979  -0.405  -0.046   0.000 -1O000M000t
00031 GLU-1A0216_031 f 0.00 -1.000     0  4.75  0 -1  -3.613   2.454   0.773  -0.503   0.079   0.000 -1E001M000t
00032 GLU-1A0216_032 f 0.00 -1.000     0  4.75  0 -1  -3.236   2.549   0.741  -0.027  -0.273   0.000 -1E004M000t
00033 GLU-1A0216_033 f 0.00 -1.000     0  4.75  0 -1  -2.154   1.061   0.223  -0.097  -0.198   0.000 -1E007M000t
00034 GLU-1A0216_034 f 0.00 -1.000     0  4.75  0 -1  -1.910   0.636   0.234  -0.081  -0.203   0.000 -1E009M000t
00035 GLU-1A0216_035 f 0.00 -1.000     0  4.75  0 -1  -3.218   0.888   0.520  -0.301  -0.031   0.000 -1E00AM000t
